Note: NumExpr detected 32 cores but "NUMEXPR_MAX_THREADS" not set, so enforcing safe limit of 8.
Using selector: EpollSelector
/n/home02/jhaefner/miniconda/envs/IC-3.7-2020-06-16/lib/python3.7/site-packages/scipy/optimize/minpack.py:808: OptimizeWarning: Covariance of the parameters could not be estimated
  category=OptimizeWarning)
Total rwfs: 346
0 0.0 , Est Remaining: 999999.9
1 1.4 , Est Remaining: 473.1
2 2.7 , Est Remaining: 470.3
3 4.1 , Est Remaining: 469.3
4 5.5 , Est Remaining: 467.1
5 6.8 , Est Remaining: 462.9
6 8.1 , Est Remaining: 460.5
7 9.4 , Est Remaining: 457.4
8 10.8 , Est Remaining: 456.1
9 12.1 , Est Remaining: 454.3
10 13.5 , Est Remaining: 452.6
11 14.8 , Est Remaining: 450.6
12 16.1 , Est Remaining: 449.4
13 17.5 , Est Remaining: 447.7
14 18.8 , Est Remaining: 446.2
15 20.2 , Est Remaining: 445.1
16 21.5 , Est Remaining: 444.1
17 22.9 , Est Remaining: 442.4
18 24.2 , Est Remaining: 440.9
19 25.5 , Est Remaining: 439.4
20 26.9 , Est Remaining: 437.8
21 28.2 , Est Remaining: 436.4
22 29.5 , Est Remaining: 435.0
23 30.9 , Est Remaining: 433.4
24 32.2 , Est Remaining: 431.8
25 33.5 , Est Remaining: 430.3
26 34.9 , Est Remaining: 429.0
27 36.2 , Est Remaining: 427.7
28 37.5 , Est Remaining: 426.4
29 38.9 , Est Remaining: 425.2
30 40.2 , Est Remaining: 423.9
31 41.6 , Est Remaining: 422.7
32 43.0 , Est Remaining: 421.5
33 44.3 , Est Remaining: 420.1
34 45.6 , Est Remaining: 418.8
35 47.0 , Est Remaining: 417.5
36 48.3 , Est Remaining: 416.2
37 49.7 , Est Remaining: 414.9
38 51.0 , Est Remaining: 413.6
39 52.4 , Est Remaining: 412.3
40 53.7 , Est Remaining: 411.1
41 55.1 , Est Remaining: 409.8
42 56.4 , Est Remaining: 408.4
43 57.8 , Est Remaining: 407.0
44 59.1 , Est Remaining: 405.7
45 60.4 , Est Remaining: 404.3
46 61.8 , Est Remaining: 403.0
47 63.1 , Est Remaining: 401.6
48 64.5 , Est Remaining: 400.3
49 65.8 , Est Remaining: 399.0
EVENT FAILED
49 66.1 , Est Remaining: 400.9
50 67.5 , Est Remaining: 399.6
51 68.8 , Est Remaining: 398.2
52 70.2 , Est Remaining: 396.8
53 71.5 , Est Remaining: 395.4
54 72.9 , Est Remaining: 394.1
55 74.2 , Est Remaining: 392.7
56 75.6 , Est Remaining: 391.3
57 76.9 , Est Remaining: 390.0
58 78.3 , Est Remaining: 388.6
59 79.6 , Est Remaining: 387.3
60 81.0 , Est Remaining: 386.0
61 82.3 , Est Remaining: 384.6
62 83.7 , Est Remaining: 383.2
63 85.0 , Est Remaining: 381.8
64 86.3 , Est Remaining: 380.4
65 87.7 , Est Remaining: 379.0
66 88.9 , Est Remaining: 377.0
67 90.2 , Est Remaining: 375.7
68 91.6 , Est Remaining: 374.3
69 92.9 , Est Remaining: 373.0
70 94.3 , Est Remaining: 371.6
71 95.6 , Est Remaining: 370.3
72 97.0 , Est Remaining: 369.0
73 98.3 , Est Remaining: 367.6
74 99.6 , Est Remaining: 366.3
75 101.0 , Est Remaining: 364.9
76 102.3 , Est Remaining: 363.6
77 103.7 , Est Remaining: 362.2
78 105.0 , Est Remaining: 360.9
79 106.4 , Est Remaining: 359.5
80 107.7 , Est Remaining: 358.2
81 109.1 , Est Remaining: 356.8
EVENT FAILED
81 109.4 , Est Remaining: 357.8
82 110.7 , Est Remaining: 356.4
83 112.0 , Est Remaining: 355.0
84 113.4 , Est Remaining: 353.6
85 114.7 , Est Remaining: 352.2
86 116.0 , Est Remaining: 350.8
87 117.4 , Est Remaining: 349.5
88 118.7 , Est Remaining: 348.1
89 120.1 , Est Remaining: 346.7
90 121.4 , Est Remaining: 345.3
91 122.7 , Est Remaining: 344.0
92 124.1 , Est Remaining: 342.7
EVENT FAILED
92 124.4 , Est Remaining: 343.5
93 125.8 , Est Remaining: 342.2
94 127.2 , Est Remaining: 340.9
95 128.5 , Est Remaining: 339.6
96 129.9 , Est Remaining: 338.2
97 131.2 , Est Remaining: 336.9
98 132.6 , Est Remaining: 335.6
99 134.0 , Est Remaining: 334.2
100 135.3 , Est Remaining: 332.9
101 136.7 , Est Remaining: 331.5
102 138.0 , Est Remaining: 330.2
103 139.5 , Est Remaining: 329.0
104 140.8 , Est Remaining: 327.7
105 142.2 , Est Remaining: 326.3
106 143.5 , Est Remaining: 325.0
107 144.9 , Est Remaining: 323.6
108 146.3 , Est Remaining: 322.3
109 147.6 , Est Remaining: 321.0
110 149.0 , Est Remaining: 319.7
111 150.4 , Est Remaining: 318.3
112 151.7 , Est Remaining: 317.0
113 153.1 , Est Remaining: 315.7
114 154.5 , Est Remaining: 314.3
115 155.8 , Est Remaining: 313.0
116 157.2 , Est Remaining: 311.7
117 158.6 , Est Remaining: 310.4
118 159.9 , Est Remaining: 309.0
119 161.3 , Est Remaining: 307.7
120 162.7 , Est Remaining: 306.4
121 164.1 , Est Remaining: 305.1
122 165.5 , Est Remaining: 303.8
123 166.8 , Est Remaining: 302.5
124 168.2 , Est Remaining: 301.2
125 169.6 , Est Remaining: 299.8
126 171.0 , Est Remaining: 298.5
127 172.3 , Est Remaining: 297.2
128 173.7 , Est Remaining: 295.8
129 175.1 , Est Remaining: 294.5
130 176.4 , Est Remaining: 293.2
131 177.8 , Est Remaining: 291.8
132 179.2 , Est Remaining: 290.5
133 180.6 , Est Remaining: 289.2
134 181.9 , Est Remaining: 287.8
135 183.3 , Est Remaining: 286.4
136 184.6 , Est Remaining: 285.1
137 186.0 , Est Remaining: 283.8
138 187.4 , Est Remaining: 282.5
139 188.8 , Est Remaining: 281.1
140 190.1 , Est Remaining: 279.8
141 191.5 , Est Remaining: 278.4
EVENT FAILED
141 191.8 , Est Remaining: 278.9
142 193.2 , Est Remaining: 277.5
143 194.5 , Est Remaining: 276.2
144 195.9 , Est Remaining: 274.8
145 197.2 , Est Remaining: 273.4
146 198.6 , Est Remaining: 272.1
147 200.0 , Est Remaining: 270.7
148 201.3 , Est Remaining: 269.3
149 202.7 , Est Remaining: 268.0
150 204.1 , Est Remaining: 266.6
151 205.4 , Est Remaining: 265.3
152 206.8 , Est Remaining: 264.0
153 208.2 , Est Remaining: 262.6
154 209.6 , Est Remaining: 261.3
155 210.9 , Est Remaining: 259.9
156 212.3 , Est Remaining: 258.6
157 213.7 , Est Remaining: 257.2
158 215.1 , Est Remaining: 255.9
159 216.5 , Est Remaining: 254.6
160 217.8 , Est Remaining: 253.2
161 219.2 , Est Remaining: 251.9
162 220.6 , Est Remaining: 250.5
163 221.9 , Est Remaining: 249.2
164 223.3 , Est Remaining: 247.8
165 224.7 , Est Remaining: 246.5
166 226.1 , Est Remaining: 245.1
167 227.4 , Est Remaining: 243.8
168 228.8 , Est Remaining: 242.4
169 230.3 , Est Remaining: 241.2
170 231.7 , Est Remaining: 239.8
171 233.0 , Est Remaining: 238.5
172 234.4 , Est Remaining: 237.1
173 235.7 , Est Remaining: 235.7
174 237.1 , Est Remaining: 234.4
175 238.4 , Est Remaining: 233.0
176 239.8 , Est Remaining: 231.6
177 241.2 , Est Remaining: 230.3
178 242.5 , Est Remaining: 228.9
179 243.9 , Est Remaining: 227.5
180 245.2 , Est Remaining: 226.2
181 246.6 , Est Remaining: 224.8
182 248.0 , Est Remaining: 223.4
183 249.3 , Est Remaining: 222.1
184 250.7 , Est Remaining: 220.7
185 252.0 , Est Remaining: 219.3
186 253.4 , Est Remaining: 218.0
187 254.7 , Est Remaining: 216.6
188 256.1 , Est Remaining: 215.2
189 257.5 , Est Remaining: 213.9
190 258.8 , Est Remaining: 212.5
191 260.2 , Est Remaining: 211.1
192 261.5 , Est Remaining: 209.8
193 262.9 , Est Remaining: 208.4
194 264.3 , Est Remaining: 207.1
195 265.6 , Est Remaining: 205.7
196 266.9 , Est Remaining: 204.3
197 268.3 , Est Remaining: 202.9
198 269.6 , Est Remaining: 201.5
199 270.9 , Est Remaining: 200.1
200 272.3 , Est Remaining: 198.8
201 273.6 , Est Remaining: 197.4
202 275.1 , Est Remaining: 196.1
203 276.4 , Est Remaining: 194.7
204 277.7 , Est Remaining: 193.3
205 279.1 , Est Remaining: 192.0
206 280.4 , Est Remaining: 190.6
207 281.8 , Est Remaining: 189.2
208 283.1 , Est Remaining: 187.8
209 284.5 , Est Remaining: 186.5
EVENT FAILED
209 284.7 , Est Remaining: 186.7
210 286.1 , Est Remaining: 185.3
211 287.5 , Est Remaining: 183.9
212 288.8 , Est Remaining: 182.5
213 290.1 , Est Remaining: 181.2
214 291.5 , Est Remaining: 179.8
215 292.9 , Est Remaining: 178.4
216 294.2 , Est Remaining: 177.1
217 295.6 , Est Remaining: 175.7
218 296.9 , Est Remaining: 174.3
219 298.2 , Est Remaining: 173.0
220 299.6 , Est Remaining: 171.6
221 300.9 , Est Remaining: 170.2
222 302.3 , Est Remaining: 168.8
223 303.6 , Est Remaining: 167.5
224 305.0 , Est Remaining: 166.1
225 306.3 , Est Remaining: 164.7
226 307.7 , Est Remaining: 163.4
227 309.0 , Est Remaining: 162.0
228 310.4 , Est Remaining: 160.6
229 311.7 , Est Remaining: 159.3
EVENT FAILED
229 312.0 , Est Remaining: 159.4
230 313.4 , Est Remaining: 158.0
231 314.7 , Est Remaining: 156.7
232 316.1 , Est Remaining: 155.3
233 317.4 , Est Remaining: 153.9
234 318.8 , Est Remaining: 152.6
235 320.2 , Est Remaining: 151.2
236 321.5 , Est Remaining: 149.9
237 322.9 , Est Remaining: 148.5
238 324.2 , Est Remaining: 147.1
239 325.6 , Est Remaining: 145.8
240 326.9 , Est Remaining: 144.4
241 328.3 , Est Remaining: 143.0
242 329.7 , Est Remaining: 141.7
243 331.0 , Est Remaining: 140.3
244 332.4 , Est Remaining: 138.9
245 333.7 , Est Remaining: 137.6
246 335.1 , Est Remaining: 136.2
247 336.4 , Est Remaining: 134.8
248 337.8 , Est Remaining: 133.5
EVENT FAILED
248 338.1 , Est Remaining: 133.6
249 339.4 , Est Remaining: 132.2
250 340.8 , Est Remaining: 130.9
251 342.1 , Est Remaining: 129.5
252 343.5 , Est Remaining: 128.1
253 344.8 , Est Remaining: 126.8
254 346.2 , Est Remaining: 125.4
255 347.5 , Est Remaining: 124.0
256 348.9 , Est Remaining: 122.6
257 350.2 , Est Remaining: 121.3
258 351.6 , Est Remaining: 119.9
259 352.9 , Est Remaining: 118.6
260 354.3 , Est Remaining: 117.2
261 355.6 , Est Remaining: 115.8
262 357.0 , Est Remaining: 114.5
263 358.3 , Est Remaining: 113.1
264 359.7 , Est Remaining: 111.7
265 361.0 , Est Remaining: 110.4
266 362.4 , Est Remaining: 109.0
267 363.7 , Est Remaining: 107.6
268 365.1 , Est Remaining: 106.3
269 366.4 , Est Remaining: 104.9
270 367.8 , Est Remaining: 103.5
271 369.1 , Est Remaining: 102.2
272 370.5 , Est Remaining: 100.8
273 371.9 , Est Remaining: 99.4
274 373.2 , Est Remaining: 98.1
275 374.6 , Est Remaining: 96.7
276 375.9 , Est Remaining: 95.3
277 377.2 , Est Remaining: 94.0
278 378.6 , Est Remaining: 92.6
279 379.9 , Est Remaining: 91.2
280 381.3 , Est Remaining: 89.9
281 382.7 , Est Remaining: 88.5
EVENT FAILED
281 382.9 , Est Remaining: 88.6
282 384.3 , Est Remaining: 87.2
283 385.6 , Est Remaining: 85.9
284 387.0 , Est Remaining: 84.5
285 388.3 , Est Remaining: 83.1
286 389.7 , Est Remaining: 81.8
287 391.1 , Est Remaining: 80.4
288 392.4 , Est Remaining: 79.0
289 393.8 , Est Remaining: 77.7
290 395.1 , Est Remaining: 76.3
291 396.5 , Est Remaining: 74.9
292 397.8 , Est Remaining: 73.6
293 399.2 , Est Remaining: 72.2
294 400.5 , Est Remaining: 70.8
295 401.8 , Est Remaining: 69.5
296 403.1 , Est Remaining: 68.1
297 404.5 , Est Remaining: 66.7
298 405.8 , Est Remaining: 65.4
299 407.1 , Est Remaining: 64.0
300 408.4 , Est Remaining: 62.6
301 409.8 , Est Remaining: 61.3
302 411.2 , Est Remaining: 59.9
303 412.5 , Est Remaining: 58.5
EVENT FAILED
303 412.8 , Est Remaining: 58.6
304 414.1 , Est Remaining: 57.2
305 415.4 , Est Remaining: 55.8
306 416.8 , Est Remaining: 54.5
EVENT FAILED
306 417.1 , Est Remaining: 54.5
307 418.4 , Est Remaining: 53.1
308 419.7 , Est Remaining: 51.8
309 421.0 , Est Remaining: 50.4
310 422.3 , Est Remaining: 49.0
311 423.6 , Est Remaining: 47.7
312 424.9 , Est Remaining: 46.3
313 426.2 , Est Remaining: 44.9
314 427.5 , Est Remaining: 43.6
315 428.8 , Est Remaining: 42.2
316 430.1 , Est Remaining: 40.8
317 431.4 , Est Remaining: 39.5
318 432.7 , Est Remaining: 38.1
319 434.0 , Est Remaining: 36.7
320 435.3 , Est Remaining: 35.4
321 436.6 , Est Remaining: 34.0
322 437.9 , Est Remaining: 32.6
323 439.3 , Est Remaining: 31.3
324 440.6 , Est Remaining: 29.9
325 441.9 , Est Remaining: 28.6
326 443.2 , Est Remaining: 27.2
327 444.5 , Est Remaining: 25.8
EVENT FAILED
327 444.8 , Est Remaining: 25.8
328 446.2 , Est Remaining: 24.5
329 447.5 , Est Remaining: 23.1
330 448.8 , Est Remaining: 21.8
331 450.1 , Est Remaining: 20.4
332 451.4 , Est Remaining: 19.0
333 452.7 , Est Remaining: 17.7
334 454.0 , Est Remaining: 16.3
