Note: NumExpr detected 32 cores but "NUMEXPR_MAX_THREADS" not set, so enforcing safe limit of 8.
Using selector: EpollSelector
/n/home02/jhaefner/miniconda/envs/IC-3.7-2020-06-16/lib/python3.7/site-packages/scipy/optimize/minpack.py:808: OptimizeWarning: Covariance of the parameters could not be estimated
  category=OptimizeWarning)
Total rwfs: 346
0 0.0 , Est Remaining: 999999.9
1 1.5 , Est Remaining: 520.1
2 3.0 , Est Remaining: 510.3
3 4.5 , Est Remaining: 510.3
4 5.9 , Est Remaining: 506.8
5 7.4 , Est Remaining: 502.3
EVENT FAILED
5 7.7 , Est Remaining: 524.5
6 9.1 , Est Remaining: 518.5
7 10.6 , Est Remaining: 514.2
8 12.1 , Est Remaining: 510.0
9 13.6 , Est Remaining: 507.9
10 15.0 , Est Remaining: 503.8
11 16.4 , Est Remaining: 500.9
12 17.9 , Est Remaining: 497.8
13 19.3 , Est Remaining: 495.0
14 20.8 , Est Remaining: 492.3
15 22.2 , Est Remaining: 489.5
16 23.6 , Est Remaining: 487.1
17 25.1 , Est Remaining: 484.9
18 26.5 , Est Remaining: 482.6
19 27.9 , Est Remaining: 480.5
20 29.3 , Est Remaining: 478.1
21 30.7 , Est Remaining: 475.7
22 32.1 , Est Remaining: 473.2
EVENT FAILED
22 32.4 , Est Remaining: 477.6
23 33.9 , Est Remaining: 475.7
24 35.3 , Est Remaining: 473.0
25 36.6 , Est Remaining: 470.3
26 38.0 , Est Remaining: 467.6
27 39.3 , Est Remaining: 464.7
28 40.5 , Est Remaining: 460.4
29 41.9 , Est Remaining: 457.7
30 43.2 , Est Remaining: 455.1
31 44.6 , Est Remaining: 452.7
32 45.9 , Est Remaining: 450.4
33 47.2 , Est Remaining: 448.0
34 48.6 , Est Remaining: 445.7
35 49.9 , Est Remaining: 443.5
36 51.2 , Est Remaining: 441.2
37 52.6 , Est Remaining: 439.0
38 53.9 , Est Remaining: 436.9
39 55.2 , Est Remaining: 434.8
40 56.6 , Est Remaining: 432.8
41 57.9 , Est Remaining: 430.7
42 59.2 , Est Remaining: 428.7
43 60.6 , Est Remaining: 426.7
44 61.9 , Est Remaining: 424.8
45 63.2 , Est Remaining: 422.8
46 64.5 , Est Remaining: 420.9
47 65.9 , Est Remaining: 419.1
48 67.2 , Est Remaining: 417.3
49 68.5 , Est Remaining: 415.5
EVENT FAILED
49 69.0 , Est Remaining: 418.5
50 70.4 , Est Remaining: 416.5
51 71.7 , Est Remaining: 414.5
52 73.0 , Est Remaining: 412.6
53 74.3 , Est Remaining: 410.7
54 75.6 , Est Remaining: 408.9
55 76.9 , Est Remaining: 407.1
56 78.3 , Est Remaining: 405.3
57 79.6 , Est Remaining: 403.5
58 80.9 , Est Remaining: 401.7
59 82.3 , Est Remaining: 400.1
60 83.6 , Est Remaining: 398.5
61 84.9 , Est Remaining: 396.7
EVENT FAILED
61 85.2 , Est Remaining: 398.0
62 86.5 , Est Remaining: 396.3
63 87.8 , Est Remaining: 394.6
64 89.2 , Est Remaining: 392.9
65 90.5 , Est Remaining: 391.1
66 91.8 , Est Remaining: 389.4
67 93.1 , Est Remaining: 387.7
68 94.4 , Est Remaining: 386.1
69 95.7 , Est Remaining: 384.4
70 97.1 , Est Remaining: 382.7
71 98.4 , Est Remaining: 381.0
72 99.7 , Est Remaining: 379.4
73 101.0 , Est Remaining: 377.8
74 102.3 , Est Remaining: 376.2
75 103.7 , Est Remaining: 374.6
76 105.0 , Est Remaining: 373.0
77 106.3 , Est Remaining: 371.4
78 107.6 , Est Remaining: 369.8
79 108.9 , Est Remaining: 368.2
80 110.3 , Est Remaining: 366.6
81 111.6 , Est Remaining: 365.0
82 112.9 , Est Remaining: 363.4
83 114.2 , Est Remaining: 361.9
84 115.5 , Est Remaining: 360.4
85 116.7 , Est Remaining: 358.4
86 118.0 , Est Remaining: 356.9
87 119.4 , Est Remaining: 355.4
88 120.7 , Est Remaining: 353.9
89 122.0 , Est Remaining: 352.4
90 123.4 , Est Remaining: 350.9
91 124.7 , Est Remaining: 349.5
92 126.1 , Est Remaining: 348.2
93 127.5 , Est Remaining: 346.8
94 128.8 , Est Remaining: 345.4
95 130.2 , Est Remaining: 344.1
96 131.6 , Est Remaining: 342.7
97 133.0 , Est Remaining: 341.4
98 134.4 , Est Remaining: 340.1
99 135.8 , Est Remaining: 338.8
100 137.2 , Est Remaining: 337.5
101 138.6 , Est Remaining: 336.2
102 140.0 , Est Remaining: 335.0
103 141.5 , Est Remaining: 333.9
104 143.0 , Est Remaining: 332.7
105 144.4 , Est Remaining: 331.4
106 145.8 , Est Remaining: 330.2
107 147.3 , Est Remaining: 329.0
108 148.7 , Est Remaining: 327.7
109 150.2 , Est Remaining: 326.5
110 151.6 , Est Remaining: 325.3
111 153.1 , Est Remaining: 324.0
112 154.5 , Est Remaining: 322.8
113 155.9 , Est Remaining: 321.5
114 157.4 , Est Remaining: 320.2
115 158.8 , Est Remaining: 319.0
116 160.3 , Est Remaining: 317.7
117 161.7 , Est Remaining: 316.4
118 163.1 , Est Remaining: 315.2
119 164.5 , Est Remaining: 313.9
120 166.0 , Est Remaining: 312.6
121 167.4 , Est Remaining: 311.3
122 168.8 , Est Remaining: 310.0
123 170.2 , Est Remaining: 308.6
124 171.6 , Est Remaining: 307.3
125 173.1 , Est Remaining: 306.0
126 174.5 , Est Remaining: 304.8
127 176.0 , Est Remaining: 303.5
128 177.4 , Est Remaining: 302.2
129 178.9 , Est Remaining: 300.9
130 180.3 , Est Remaining: 299.6
131 181.8 , Est Remaining: 298.3
132 183.2 , Est Remaining: 297.0
133 184.7 , Est Remaining: 295.8
134 186.2 , Est Remaining: 294.5
135 187.6 , Est Remaining: 293.2
136 189.0 , Est Remaining: 291.9
137 190.5 , Est Remaining: 290.6
138 192.0 , Est Remaining: 289.3
139 193.4 , Est Remaining: 288.1
140 194.9 , Est Remaining: 286.8
EVENT FAILED
140 195.2 , Est Remaining: 287.2
141 196.7 , Est Remaining: 285.9
142 198.1 , Est Remaining: 284.6
143 199.5 , Est Remaining: 283.3
144 201.0 , Est Remaining: 281.9
145 202.4 , Est Remaining: 280.6
146 203.8 , Est Remaining: 279.2
147 205.3 , Est Remaining: 277.9
148 206.7 , Est Remaining: 276.6
149 208.2 , Est Remaining: 275.2
150 209.6 , Est Remaining: 273.9
151 211.0 , Est Remaining: 272.5
152 212.5 , Est Remaining: 271.2
153 213.9 , Est Remaining: 269.9
154 215.4 , Est Remaining: 268.5
155 216.8 , Est Remaining: 267.2
156 218.3 , Est Remaining: 265.8
157 219.7 , Est Remaining: 264.5
158 221.2 , Est Remaining: 263.2
159 222.6 , Est Remaining: 261.8
160 224.1 , Est Remaining: 260.5
161 225.5 , Est Remaining: 259.2
162 227.0 , Est Remaining: 257.8
163 228.5 , Est Remaining: 256.5
164 229.9 , Est Remaining: 255.1
165 231.4 , Est Remaining: 253.8
166 232.8 , Est Remaining: 252.5
167 234.3 , Est Remaining: 251.1
168 235.8 , Est Remaining: 249.8
EVENT FAILED
168 236.1 , Est Remaining: 250.1
169 237.5 , Est Remaining: 248.8
170 239.0 , Est Remaining: 247.4
171 240.4 , Est Remaining: 246.0
172 241.8 , Est Remaining: 244.6
173 243.3 , Est Remaining: 243.3
174 244.7 , Est Remaining: 241.9
175 246.2 , Est Remaining: 240.5
176 247.6 , Est Remaining: 239.2
177 249.0 , Est Remaining: 237.8
178 250.5 , Est Remaining: 236.4
179 251.9 , Est Remaining: 235.0
EVENT FAILED
179 252.2 , Est Remaining: 235.3
180 253.7 , Est Remaining: 233.9
181 255.1 , Est Remaining: 232.6
182 256.6 , Est Remaining: 231.2
183 258.0 , Est Remaining: 229.8
184 259.5 , Est Remaining: 228.4
185 260.9 , Est Remaining: 227.1
186 262.4 , Est Remaining: 225.7
187 263.8 , Est Remaining: 224.3
188 265.2 , Est Remaining: 222.9
189 266.7 , Est Remaining: 221.5
190 268.1 , Est Remaining: 220.1
191 269.5 , Est Remaining: 218.7
192 271.0 , Est Remaining: 217.3
193 272.4 , Est Remaining: 216.0
194 273.9 , Est Remaining: 214.6
195 275.3 , Est Remaining: 213.2
196 276.8 , Est Remaining: 211.8
197 278.2 , Est Remaining: 210.4
198 279.7 , Est Remaining: 209.0
199 281.1 , Est Remaining: 207.7
200 282.6 , Est Remaining: 206.3
201 284.0 , Est Remaining: 204.9
202 285.5 , Est Remaining: 203.5
203 287.0 , Est Remaining: 202.2
204 288.5 , Est Remaining: 200.8
205 289.9 , Est Remaining: 199.4
206 291.4 , Est Remaining: 198.0
207 292.8 , Est Remaining: 196.6
208 294.3 , Est Remaining: 195.2
209 295.7 , Est Remaining: 193.9
210 297.2 , Est Remaining: 192.5
211 298.6 , Est Remaining: 191.1
212 300.1 , Est Remaining: 189.7
213 301.5 , Est Remaining: 188.3
214 303.0 , Est Remaining: 186.9
215 304.4 , Est Remaining: 185.5
216 305.9 , Est Remaining: 184.1
217 307.3 , Est Remaining: 182.7
218 308.8 , Est Remaining: 181.3
219 310.2 , Est Remaining: 179.9
220 311.7 , Est Remaining: 178.5
221 313.2 , Est Remaining: 177.1
222 314.6 , Est Remaining: 175.7
223 316.1 , Est Remaining: 174.4
224 317.6 , Est Remaining: 173.0
EVENT FAILED
224 317.9 , Est Remaining: 173.1
225 319.3 , Est Remaining: 171.7
226 320.8 , Est Remaining: 170.3
227 322.2 , Est Remaining: 168.9
228 323.7 , Est Remaining: 167.5
229 325.1 , Est Remaining: 166.1
230 326.4 , Est Remaining: 164.6
231 327.8 , Est Remaining: 163.2
232 329.3 , Est Remaining: 161.8
233 330.7 , Est Remaining: 160.4
234 332.2 , Est Remaining: 159.0
235 333.6 , Est Remaining: 157.6
236 335.1 , Est Remaining: 156.2
237 336.5 , Est Remaining: 154.8
238 338.0 , Est Remaining: 153.4
239 339.4 , Est Remaining: 152.0
240 340.9 , Est Remaining: 150.5
241 342.3 , Est Remaining: 149.1
242 343.8 , Est Remaining: 147.7
243 345.2 , Est Remaining: 146.3
244 346.7 , Est Remaining: 144.9
245 348.1 , Est Remaining: 143.5
246 349.6 , Est Remaining: 142.1
247 351.0 , Est Remaining: 140.7
248 352.5 , Est Remaining: 139.3
249 353.9 , Est Remaining: 137.9
250 355.4 , Est Remaining: 136.5
251 356.8 , Est Remaining: 135.1
252 358.3 , Est Remaining: 133.6
253 359.7 , Est Remaining: 132.2
254 361.2 , Est Remaining: 130.8
255 362.6 , Est Remaining: 129.4
256 364.1 , Est Remaining: 128.0
257 365.5 , Est Remaining: 126.6
258 367.0 , Est Remaining: 125.2
259 368.4 , Est Remaining: 123.8
260 369.9 , Est Remaining: 122.3
261 371.3 , Est Remaining: 120.9
262 372.8 , Est Remaining: 119.5
263 374.3 , Est Remaining: 118.1
264 375.7 , Est Remaining: 116.7
265 377.2 , Est Remaining: 115.3
266 378.5 , Est Remaining: 113.8
267 380.0 , Est Remaining: 112.4
268 381.4 , Est Remaining: 111.0
269 382.9 , Est Remaining: 109.6
270 384.4 , Est Remaining: 108.2
271 385.8 , Est Remaining: 106.8
272 387.3 , Est Remaining: 105.4
273 388.8 , Est Remaining: 104.0
274 390.2 , Est Remaining: 102.5
275 391.7 , Est Remaining: 101.1
276 393.2 , Est Remaining: 99.7
277 394.6 , Est Remaining: 98.3
278 396.1 , Est Remaining: 96.9
279 397.6 , Est Remaining: 95.5
280 399.0 , Est Remaining: 94.1
281 400.5 , Est Remaining: 92.6
282 402.0 , Est Remaining: 91.2
283 403.4 , Est Remaining: 89.8
284 404.9 , Est Remaining: 88.4
285 406.4 , Est Remaining: 87.0
286 407.8 , Est Remaining: 85.6
287 409.3 , Est Remaining: 84.1
288 410.8 , Est Remaining: 82.7
289 412.2 , Est Remaining: 81.3
290 413.7 , Est Remaining: 79.9
291 415.2 , Est Remaining: 78.5
292 416.7 , Est Remaining: 77.1
293 418.2 , Est Remaining: 75.6
294 419.7 , Est Remaining: 74.2
295 421.2 , Est Remaining: 72.8
296 422.7 , Est Remaining: 71.4
297 424.2 , Est Remaining: 70.0
298 425.9 , Est Remaining: 68.6
299 427.4 , Est Remaining: 67.2
300 428.9 , Est Remaining: 65.8
301 430.5 , Est Remaining: 64.4
302 432.0 , Est Remaining: 62.9
303 433.4 , Est Remaining: 61.5
304 434.9 , Est Remaining: 60.1
EVENT FAILED
304 435.2 , Est Remaining: 60.1
305 436.7 , Est Remaining: 58.7
306 438.0 , Est Remaining: 57.3
307 439.5 , Est Remaining: 55.8
308 440.9 , Est Remaining: 54.4
309 442.4 , Est Remaining: 53.0
310 443.8 , Est Remaining: 51.5
311 445.3 , Est Remaining: 50.1
312 446.7 , Est Remaining: 48.7
313 448.1 , Est Remaining: 47.2
314 449.6 , Est Remaining: 45.8
315 451.0 , Est Remaining: 44.4
316 452.5 , Est Remaining: 43.0
317 453.9 , Est Remaining: 41.5
318 455.4 , Est Remaining: 40.1
319 456.8 , Est Remaining: 38.7
320 458.3 , Est Remaining: 37.2
321 459.7 , Est Remaining: 35.8
322 461.1 , Est Remaining: 34.4
323 462.6 , Est Remaining: 32.9
324 464.0 , Est Remaining: 31.5
325 465.4 , Est Remaining: 30.1
326 466.9 , Est Remaining: 28.6
327 468.3 , Est Remaining: 27.2
328 469.8 , Est Remaining: 25.8
329 471.2 , Est Remaining: 24.4
330 472.7 , Est Remaining: 22.9
331 474.1 , Est Remaining: 21.5
EVENT FAILED
331 474.4 , Est Remaining: 21.5
332 475.9 , Est Remaining: 20.1
333 477.2 , Est Remaining: 18.6
334 478.7 , Est Remaining: 17.2
335 480.1 , Est Remaining: 15.8
