Note: NumExpr detected 32 cores but "NUMEXPR_MAX_THREADS" not set, so enforcing safe limit of 8.
Using selector: EpollSelector
/n/home02/jhaefner/miniconda/envs/IC-3.7-2020-06-16/lib/python3.7/site-packages/scipy/optimize/minpack.py:808: OptimizeWarning: Covariance of the parameters could not be estimated
  category=OptimizeWarning)
Total rwfs: 346
0 0.0 , Est Remaining: 999999.9
1 1.4 , Est Remaining: 472.0
2 2.7 , Est Remaining: 467.6
3 4.1 , Est Remaining: 463.6
4 5.4 , Est Remaining: 461.4
5 6.7 , Est Remaining: 458.2
6 8.0 , Est Remaining: 455.1
7 9.3 , Est Remaining: 452.7
8 10.7 , Est Remaining: 452.0
9 12.0 , Est Remaining: 449.9
10 13.3 , Est Remaining: 448.0
11 14.6 , Est Remaining: 446.0
12 16.0 , Est Remaining: 444.9
13 17.3 , Est Remaining: 443.2
14 18.6 , Est Remaining: 441.6
15 19.9 , Est Remaining: 439.8
16 21.3 , Est Remaining: 438.9
EVENT FAILED
16 21.6 , Est Remaining: 445.8
17 22.9 , Est Remaining: 444.1
18 24.3 , Est Remaining: 442.3
19 25.6 , Est Remaining: 440.5
20 26.9 , Est Remaining: 439.0
21 28.3 , Est Remaining: 437.4
22 29.6 , Est Remaining: 436.0
23 30.9 , Est Remaining: 434.4
24 32.3 , Est Remaining: 432.7
EVENT FAILED
24 32.6 , Est Remaining: 436.8
25 33.9 , Est Remaining: 435.2
26 35.2 , Est Remaining: 433.5
27 36.6 , Est Remaining: 431.9
28 37.9 , Est Remaining: 430.4
29 39.2 , Est Remaining: 428.8
30 40.6 , Est Remaining: 427.2
31 41.9 , Est Remaining: 425.7
32 43.2 , Est Remaining: 424.0
33 44.5 , Est Remaining: 422.4
34 45.9 , Est Remaining: 420.9
35 47.2 , Est Remaining: 419.3
36 48.5 , Est Remaining: 417.8
37 49.8 , Est Remaining: 416.3
38 51.2 , Est Remaining: 414.8
39 52.5 , Est Remaining: 413.4
40 53.8 , Est Remaining: 411.9
41 55.2 , Est Remaining: 410.5
42 56.5 , Est Remaining: 409.1
43 57.8 , Est Remaining: 407.6
44 59.2 , Est Remaining: 406.2
45 60.5 , Est Remaining: 404.8
46 61.8 , Est Remaining: 403.3
EVENT FAILED
46 62.1 , Est Remaining: 405.2
47 63.5 , Est Remaining: 403.7
48 64.8 , Est Remaining: 402.3
49 66.1 , Est Remaining: 400.9
50 67.5 , Est Remaining: 399.6
51 68.8 , Est Remaining: 398.2
EVENT FAILED
51 69.1 , Est Remaining: 399.9
EVENT FAILED
51 69.4 , Est Remaining: 401.7
52 70.8 , Est Remaining: 400.1
53 72.1 , Est Remaining: 398.5
54 73.4 , Est Remaining: 397.0
55 74.7 , Est Remaining: 395.5
56 76.0 , Est Remaining: 393.8
57 77.4 , Est Remaining: 392.3
58 78.7 , Est Remaining: 390.8
59 80.1 , Est Remaining: 389.4
60 81.4 , Est Remaining: 388.0
61 82.7 , Est Remaining: 386.5
62 84.1 , Est Remaining: 385.0
63 85.4 , Est Remaining: 383.5
EVENT FAILED
63 86.1 , Est Remaining: 386.8
64 87.4 , Est Remaining: 385.3
65 88.7 , Est Remaining: 383.7
EVENT FAILED
65 89.0 , Est Remaining: 384.9
66 90.4 , Est Remaining: 383.5
67 91.7 , Est Remaining: 381.9
68 93.0 , Est Remaining: 380.4
69 94.4 , Est Remaining: 378.8
70 95.7 , Est Remaining: 377.3
71 97.0 , Est Remaining: 375.7
72 98.3 , Est Remaining: 374.1
73 99.6 , Est Remaining: 372.5
74 100.9 , Est Remaining: 371.0
75 102.2 , Est Remaining: 369.4
76 103.6 , Est Remaining: 367.9
77 104.9 , Est Remaining: 366.4
78 106.2 , Est Remaining: 364.9
79 107.5 , Est Remaining: 363.5
80 108.9 , Est Remaining: 361.9
81 110.2 , Est Remaining: 360.5
82 111.5 , Est Remaining: 359.1
83 112.9 , Est Remaining: 357.6
84 114.2 , Est Remaining: 356.1
85 115.5 , Est Remaining: 354.6
86 116.8 , Est Remaining: 353.1
87 118.1 , Est Remaining: 351.7
88 119.4 , Est Remaining: 350.2
89 120.8 , Est Remaining: 348.7
90 122.1 , Est Remaining: 347.3
91 123.4 , Est Remaining: 345.9
92 124.8 , Est Remaining: 344.5
93 126.1 , Est Remaining: 343.1
94 127.4 , Est Remaining: 341.6
95 128.8 , Est Remaining: 340.2
96 130.1 , Est Remaining: 338.8
97 131.4 , Est Remaining: 337.2
98 132.7 , Est Remaining: 335.8
EVENT FAILED
98 133.0 , Est Remaining: 336.6
99 134.3 , Est Remaining: 335.1
100 135.7 , Est Remaining: 333.7
101 137.0 , Est Remaining: 332.4
102 138.3 , Est Remaining: 330.9
103 139.7 , Est Remaining: 329.7
104 141.1 , Est Remaining: 328.3
105 142.4 , Est Remaining: 326.8
106 143.7 , Est Remaining: 325.5
107 145.1 , Est Remaining: 324.1
108 146.4 , Est Remaining: 322.6
109 147.7 , Est Remaining: 321.2
110 149.1 , Est Remaining: 319.8
111 150.4 , Est Remaining: 318.4
112 151.7 , Est Remaining: 317.0
113 153.1 , Est Remaining: 315.6
114 154.4 , Est Remaining: 314.3
115 155.8 , Est Remaining: 312.9
116 157.1 , Est Remaining: 311.5
117 158.5 , Est Remaining: 310.2
118 159.8 , Est Remaining: 308.8
119 161.2 , Est Remaining: 307.4
120 162.5 , Est Remaining: 306.1
121 163.9 , Est Remaining: 304.7
EVENT FAILED
121 164.4 , Est Remaining: 305.7
122 165.7 , Est Remaining: 304.2
123 167.0 , Est Remaining: 302.8
124 168.3 , Est Remaining: 301.3
125 169.6 , Est Remaining: 299.9
126 170.9 , Est Remaining: 298.5
127 172.3 , Est Remaining: 297.1
128 173.6 , Est Remaining: 295.7
129 174.9 , Est Remaining: 294.2
130 176.2 , Est Remaining: 292.8
131 177.6 , Est Remaining: 291.4
132 178.9 , Est Remaining: 290.0
133 180.2 , Est Remaining: 288.6
134 181.5 , Est Remaining: 287.2
135 182.8 , Est Remaining: 285.7
136 184.1 , Est Remaining: 284.3
137 185.5 , Est Remaining: 282.9
138 186.8 , Est Remaining: 281.5
139 188.1 , Est Remaining: 280.2
140 189.5 , Est Remaining: 278.8
141 190.8 , Est Remaining: 277.4
142 192.1 , Est Remaining: 276.0
143 193.5 , Est Remaining: 274.7
144 194.8 , Est Remaining: 273.3
145 196.2 , Est Remaining: 271.9
146 197.5 , Est Remaining: 270.5
147 198.7 , Est Remaining: 269.0
148 200.0 , Est Remaining: 267.6
149 201.4 , Est Remaining: 266.2
150 202.7 , Est Remaining: 264.8
151 204.0 , Est Remaining: 263.5
152 205.3 , Est Remaining: 262.1
153 206.7 , Est Remaining: 260.7
154 208.0 , Est Remaining: 259.3
155 209.3 , Est Remaining: 257.9
156 210.6 , Est Remaining: 256.5
157 212.0 , Est Remaining: 255.2
EVENT FAILED
157 212.3 , Est Remaining: 255.5
158 213.6 , Est Remaining: 254.1
159 214.9 , Est Remaining: 252.8
160 216.3 , Est Remaining: 251.4
161 217.6 , Est Remaining: 250.1
EVENT FAILED
161 217.9 , Est Remaining: 250.4
162 219.3 , Est Remaining: 249.0
163 220.6 , Est Remaining: 247.6
164 221.9 , Est Remaining: 246.3
EVENT FAILED
164 222.2 , Est Remaining: 246.6
165 223.6 , Est Remaining: 245.2
166 224.9 , Est Remaining: 243.8
167 226.2 , Est Remaining: 242.5
168 227.5 , Est Remaining: 241.1
169 228.9 , Est Remaining: 239.7
170 230.2 , Est Remaining: 238.3
171 231.5 , Est Remaining: 236.9
172 232.8 , Est Remaining: 235.6
173 234.2 , Est Remaining: 234.2
174 235.5 , Est Remaining: 232.8
175 236.9 , Est Remaining: 231.5
176 238.2 , Est Remaining: 230.1
177 239.5 , Est Remaining: 228.7
178 240.9 , Est Remaining: 227.3
179 242.2 , Est Remaining: 226.0
180 243.5 , Est Remaining: 224.6
181 244.9 , Est Remaining: 223.2
182 246.2 , Est Remaining: 221.8
183 247.5 , Est Remaining: 220.5
184 248.8 , Est Remaining: 219.1
185 250.2 , Est Remaining: 217.7
186 251.5 , Est Remaining: 216.4
187 252.9 , Est Remaining: 215.0
188 254.2 , Est Remaining: 213.6
189 255.5 , Est Remaining: 212.2
190 256.8 , Est Remaining: 210.9
191 258.1 , Est Remaining: 209.5
192 259.5 , Est Remaining: 208.1
193 260.8 , Est Remaining: 206.7
194 262.1 , Est Remaining: 205.4
195 263.4 , Est Remaining: 204.0
EVENT FAILED
195 263.7 , Est Remaining: 204.2
196 265.1 , Est Remaining: 202.9
197 266.4 , Est Remaining: 201.5
198 267.7 , Est Remaining: 200.1
199 269.1 , Est Remaining: 198.8
200 270.4 , Est Remaining: 197.4
201 271.7 , Est Remaining: 196.0
202 273.1 , Est Remaining: 194.7
203 274.5 , Est Remaining: 193.4
204 275.9 , Est Remaining: 192.0
205 277.2 , Est Remaining: 190.7
206 278.5 , Est Remaining: 189.3
207 279.9 , Est Remaining: 187.9
208 281.2 , Est Remaining: 186.6
209 282.5 , Est Remaining: 185.2
210 283.9 , Est Remaining: 183.8
211 285.2 , Est Remaining: 182.5
212 286.5 , Est Remaining: 181.1
213 287.9 , Est Remaining: 179.8
214 289.2 , Est Remaining: 178.4
215 290.5 , Est Remaining: 177.0
216 291.9 , Est Remaining: 175.7
217 293.2 , Est Remaining: 174.3
218 294.5 , Est Remaining: 172.9
219 295.9 , Est Remaining: 171.6
EVENT FAILED
219 296.2 , Est Remaining: 171.7
220 297.5 , Est Remaining: 170.4
221 298.7 , Est Remaining: 168.9
222 299.9 , Est Remaining: 167.5
223 301.2 , Est Remaining: 166.2
224 302.6 , Est Remaining: 164.8
225 303.9 , Est Remaining: 163.4
226 305.2 , Est Remaining: 162.1
227 306.5 , Est Remaining: 160.7
228 307.9 , Est Remaining: 159.3
229 309.2 , Est Remaining: 158.0
230 310.5 , Est Remaining: 156.6
231 311.9 , Est Remaining: 155.3
232 313.2 , Est Remaining: 153.9
233 314.5 , Est Remaining: 152.5
234 315.8 , Est Remaining: 151.2
235 317.1 , Est Remaining: 149.8
236 318.4 , Est Remaining: 148.4
237 319.7 , Est Remaining: 147.1
238 321.0 , Est Remaining: 145.7
EVENT FAILED
238 321.3 , Est Remaining: 145.8
239 322.7 , Est Remaining: 144.5
240 324.0 , Est Remaining: 143.1
241 325.3 , Est Remaining: 141.7
242 326.6 , Est Remaining: 140.4
243 327.9 , Est Remaining: 139.0
244 329.3 , Est Remaining: 137.6
245 330.6 , Est Remaining: 136.3
246 331.9 , Est Remaining: 134.9
247 333.2 , Est Remaining: 133.6
248 334.6 , Est Remaining: 132.2
249 335.9 , Est Remaining: 130.9
250 337.2 , Est Remaining: 129.5
EVENT FAILED
250 337.5 , Est Remaining: 129.6
251 338.9 , Est Remaining: 128.3
252 340.2 , Est Remaining: 126.9
253 341.5 , Est Remaining: 125.5
254 342.9 , Est Remaining: 124.2
255 344.2 , Est Remaining: 122.8
256 345.5 , Est Remaining: 121.5
257 346.8 , Est Remaining: 120.1
258 348.2 , Est Remaining: 118.8
259 349.5 , Est Remaining: 117.4
260 350.8 , Est Remaining: 116.0
261 352.2 , Est Remaining: 114.7
262 353.5 , Est Remaining: 113.3
263 354.8 , Est Remaining: 112.0
264 356.2 , Est Remaining: 110.6
265 357.5 , Est Remaining: 109.3
266 358.8 , Est Remaining: 107.9
267 360.2 , Est Remaining: 106.6
268 361.5 , Est Remaining: 105.2
269 362.8 , Est Remaining: 103.9
270 364.2 , Est Remaining: 102.5
271 365.6 , Est Remaining: 101.2
272 366.9 , Est Remaining: 99.8
273 368.2 , Est Remaining: 98.5
274 369.6 , Est Remaining: 97.1
275 370.9 , Est Remaining: 95.8
276 372.3 , Est Remaining: 94.4
277 373.6 , Est Remaining: 93.1
278 374.9 , Est Remaining: 91.7
EVENT FAILED
278 375.2 , Est Remaining: 91.8
279 376.6 , Est Remaining: 90.4
280 377.9 , Est Remaining: 89.1
281 379.2 , Est Remaining: 87.7
282 380.6 , Est Remaining: 86.4
283 381.9 , Est Remaining: 85.0
284 383.3 , Est Remaining: 83.7
285 384.6 , Est Remaining: 82.3
286 385.9 , Est Remaining: 81.0
287 387.3 , Est Remaining: 79.6
288 388.6 , Est Remaining: 78.3
289 389.9 , Est Remaining: 76.9
290 391.3 , Est Remaining: 75.6
291 392.6 , Est Remaining: 74.2
292 393.9 , Est Remaining: 72.9
293 395.3 , Est Remaining: 71.5
294 396.6 , Est Remaining: 70.2
295 398.0 , Est Remaining: 68.8
296 399.3 , Est Remaining: 67.5
297 400.7 , Est Remaining: 66.1
298 402.0 , Est Remaining: 64.8
299 403.3 , Est Remaining: 63.4
300 404.7 , Est Remaining: 62.1
301 406.0 , Est Remaining: 60.7
302 407.5 , Est Remaining: 59.4
EVENT FAILED
302 407.8 , Est Remaining: 59.4
303 409.1 , Est Remaining: 58.1
304 410.4 , Est Remaining: 56.7
305 411.8 , Est Remaining: 55.4
306 413.1 , Est Remaining: 54.0
307 414.5 , Est Remaining: 52.7
308 415.7 , Est Remaining: 51.3
309 417.0 , Est Remaining: 49.9
310 418.4 , Est Remaining: 48.6
311 419.7 , Est Remaining: 47.2
312 421.1 , Est Remaining: 45.9
313 422.4 , Est Remaining: 44.5
314 423.7 , Est Remaining: 43.2
315 425.0 , Est Remaining: 41.8
316 426.4 , Est Remaining: 40.5
EVENT FAILED
316 426.7 , Est Remaining: 40.5
317 428.0 , Est Remaining: 39.2
318 429.3 , Est Remaining: 37.8
319 430.7 , Est Remaining: 36.5
320 432.0 , Est Remaining: 35.1
321 433.3 , Est Remaining: 33.7
322 434.7 , Est Remaining: 32.4
323 436.0 , Est Remaining: 31.0
324 437.3 , Est Remaining: 29.7
325 438.5 , Est Remaining: 28.3
326 439.8 , Est Remaining: 27.0
