Note: NumExpr detected 32 cores but "NUMEXPR_MAX_THREADS" not set, so enforcing safe limit of 8.
Using selector: EpollSelector
/n/home02/jhaefner/miniconda/envs/IC-3.7-2020-06-16/lib/python3.7/site-packages/scipy/optimize/minpack.py:808: OptimizeWarning: Covariance of the parameters could not be estimated
  category=OptimizeWarning)
Total rwfs: 346
0 0.0 , Est Remaining: 999999.9
1 1.4 , Est Remaining: 489.2
2 2.8 , Est Remaining: 484.5
3 4.2 , Est Remaining: 485.7
4 5.6 , Est Remaining: 481.8
5 7.0 , Est Remaining: 478.7
6 8.4 , Est Remaining: 475.0
7 9.7 , Est Remaining: 472.1
8 11.1 , Est Remaining: 469.3
9 12.5 , Est Remaining: 466.5
10 13.8 , Est Remaining: 464.6
EVENT FAILED
10 14.1 , Est Remaining: 475.3
11 15.5 , Est Remaining: 472.3
12 16.9 , Est Remaining: 469.4
13 18.2 , Est Remaining: 466.6
14 19.6 , Est Remaining: 464.1
15 20.9 , Est Remaining: 461.8
EVENT FAILED
15 21.2 , Est Remaining: 468.4
16 22.6 , Est Remaining: 465.7
17 23.9 , Est Remaining: 463.1
18 25.3 , Est Remaining: 460.8
19 26.6 , Est Remaining: 458.4
20 28.0 , Est Remaining: 456.3
21 29.4 , Est Remaining: 454.3
22 30.7 , Est Remaining: 452.3
23 32.1 , Est Remaining: 450.3
24 33.4 , Est Remaining: 448.4
25 34.8 , Est Remaining: 446.5
26 36.1 , Est Remaining: 444.5
27 37.5 , Est Remaining: 442.7
28 38.8 , Est Remaining: 440.9
29 40.2 , Est Remaining: 439.1
30 41.5 , Est Remaining: 437.1
31 42.8 , Est Remaining: 435.1
32 44.1 , Est Remaining: 433.2
33 45.5 , Est Remaining: 431.4
34 46.8 , Est Remaining: 429.7
35 48.2 , Est Remaining: 428.0
36 49.5 , Est Remaining: 426.2
37 50.8 , Est Remaining: 424.5
38 52.2 , Est Remaining: 422.8
39 53.5 , Est Remaining: 421.3
40 54.9 , Est Remaining: 419.7
41 56.2 , Est Remaining: 418.4
42 57.6 , Est Remaining: 417.1
43 59.0 , Est Remaining: 415.7
44 60.4 , Est Remaining: 414.4
45 61.7 , Est Remaining: 413.0
46 63.1 , Est Remaining: 411.5
47 64.5 , Est Remaining: 410.2
48 65.9 , Est Remaining: 408.9
EVENT FAILED
48 66.2 , Est Remaining: 410.8
49 67.6 , Est Remaining: 409.5
50 68.9 , Est Remaining: 408.2
51 70.3 , Est Remaining: 406.8
52 71.7 , Est Remaining: 405.4
53 73.0 , Est Remaining: 403.7
54 74.4 , Est Remaining: 402.4
55 75.8 , Est Remaining: 401.1
56 77.2 , Est Remaining: 399.9
57 78.6 , Est Remaining: 398.6
58 80.0 , Est Remaining: 397.4
59 81.4 , Est Remaining: 396.1
60 82.8 , Est Remaining: 394.8
61 84.2 , Est Remaining: 393.6
62 85.7 , Est Remaining: 392.4
63 87.1 , Est Remaining: 391.1
64 88.5 , Est Remaining: 389.9
65 89.9 , Est Remaining: 388.6
66 91.3 , Est Remaining: 387.3
67 92.7 , Est Remaining: 386.1
68 94.1 , Est Remaining: 384.8
69 95.5 , Est Remaining: 383.6
70 97.0 , Est Remaining: 382.3
71 98.4 , Est Remaining: 381.0
72 99.8 , Est Remaining: 379.8
73 101.2 , Est Remaining: 378.6
74 102.7 , Est Remaining: 377.3
75 104.1 , Est Remaining: 376.1
76 105.5 , Est Remaining: 374.9
77 107.0 , Est Remaining: 373.7
78 108.4 , Est Remaining: 372.4
79 109.8 , Est Remaining: 371.2
80 111.3 , Est Remaining: 369.9
81 112.7 , Est Remaining: 368.7
82 114.1 , Est Remaining: 367.4
83 115.6 , Est Remaining: 366.2
84 117.0 , Est Remaining: 364.9
85 118.4 , Est Remaining: 363.6
86 119.8 , Est Remaining: 362.3
87 121.3 , Est Remaining: 361.1
88 122.7 , Est Remaining: 359.9
89 124.2 , Est Remaining: 358.6
90 125.6 , Est Remaining: 357.3
91 127.0 , Est Remaining: 356.0
92 128.5 , Est Remaining: 354.7
93 129.9 , Est Remaining: 353.4
94 131.4 , Est Remaining: 352.1
95 132.8 , Est Remaining: 350.9
96 134.2 , Est Remaining: 349.5
97 135.6 , Est Remaining: 348.2
98 137.1 , Est Remaining: 346.9
99 138.5 , Est Remaining: 345.6
100 139.9 , Est Remaining: 344.2
101 141.4 , Est Remaining: 342.9
102 142.8 , Est Remaining: 341.7
103 144.4 , Est Remaining: 340.6
104 145.8 , Est Remaining: 339.3
105 147.2 , Est Remaining: 337.9
106 148.7 , Est Remaining: 336.6
107 150.1 , Est Remaining: 335.2
108 151.5 , Est Remaining: 333.9
109 152.9 , Est Remaining: 332.5
110 154.4 , Est Remaining: 331.2
111 155.8 , Est Remaining: 329.8
112 157.2 , Est Remaining: 328.5
113 158.7 , Est Remaining: 327.2
EVENT FAILED
113 159.0 , Est Remaining: 327.8
114 160.4 , Est Remaining: 326.5
115 161.9 , Est Remaining: 325.2
116 163.4 , Est Remaining: 323.9
117 164.8 , Est Remaining: 322.6
118 166.3 , Est Remaining: 321.3
119 167.7 , Est Remaining: 320.0
EVENT FAILED
119 168.0 , Est Remaining: 320.5
120 169.5 , Est Remaining: 319.2
121 171.0 , Est Remaining: 317.9
122 172.5 , Est Remaining: 316.6
123 173.9 , Est Remaining: 315.3
124 175.4 , Est Remaining: 314.0
125 176.8 , Est Remaining: 312.7
126 178.3 , Est Remaining: 311.3
127 179.7 , Est Remaining: 310.0
128 181.2 , Est Remaining: 308.6
129 182.7 , Est Remaining: 307.3
130 184.1 , Est Remaining: 305.9
131 185.6 , Est Remaining: 304.6
132 187.1 , Est Remaining: 303.3
133 188.5 , Est Remaining: 302.0
134 190.0 , Est Remaining: 300.6
135 191.5 , Est Remaining: 299.3
136 192.9 , Est Remaining: 297.9
137 194.4 , Est Remaining: 296.6
138 195.9 , Est Remaining: 295.2
139 197.3 , Est Remaining: 293.9
140 198.8 , Est Remaining: 292.5
141 200.2 , Est Remaining: 291.1
142 201.7 , Est Remaining: 289.8
143 203.2 , Est Remaining: 288.4
144 204.7 , Est Remaining: 287.1
EVENT FAILED
144 205.0 , Est Remaining: 287.5
145 206.5 , Est Remaining: 286.2
146 207.9 , Est Remaining: 284.8
147 209.4 , Est Remaining: 283.5
148 210.9 , Est Remaining: 282.1
149 212.3 , Est Remaining: 280.7
150 213.8 , Est Remaining: 279.4
151 215.3 , Est Remaining: 278.0
152 216.7 , Est Remaining: 276.6
153 218.1 , Est Remaining: 275.1
154 219.5 , Est Remaining: 273.7
155 221.0 , Est Remaining: 272.3
156 222.5 , Est Remaining: 270.9
157 223.9 , Est Remaining: 269.5
158 225.3 , Est Remaining: 268.1
159 226.8 , Est Remaining: 266.7
160 228.2 , Est Remaining: 265.3
161 229.6 , Est Remaining: 263.9
162 231.1 , Est Remaining: 262.4
163 232.5 , Est Remaining: 261.0
164 233.9 , Est Remaining: 259.6
165 235.4 , Est Remaining: 258.2
166 236.8 , Est Remaining: 256.8
167 238.3 , Est Remaining: 255.4
168 239.7 , Est Remaining: 254.0
169 241.1 , Est Remaining: 252.6
170 242.6 , Est Remaining: 251.1
171 244.0 , Est Remaining: 249.7
172 245.5 , Est Remaining: 248.3
173 246.9 , Est Remaining: 246.9
174 248.4 , Est Remaining: 245.5
175 249.8 , Est Remaining: 244.1
176 251.3 , Est Remaining: 242.7
177 252.8 , Est Remaining: 241.3
178 254.2 , Est Remaining: 239.9
179 255.7 , Est Remaining: 238.5
180 257.1 , Est Remaining: 237.1
181 258.6 , Est Remaining: 235.7
182 260.0 , Est Remaining: 234.3
183 261.5 , Est Remaining: 232.9
184 262.9 , Est Remaining: 231.5
185 264.4 , Est Remaining: 230.1
186 265.8 , Est Remaining: 228.7
187 267.3 , Est Remaining: 227.3
188 268.7 , Est Remaining: 225.9
189 270.2 , Est Remaining: 224.5
190 271.7 , Est Remaining: 223.1
191 273.1 , Est Remaining: 221.7
192 274.6 , Est Remaining: 220.3
193 276.1 , Est Remaining: 218.9
194 277.6 , Est Remaining: 217.5
195 279.1 , Est Remaining: 216.1
196 280.5 , Est Remaining: 214.7
197 282.0 , Est Remaining: 213.3
198 283.5 , Est Remaining: 211.9
EVENT FAILED
198 283.9 , Est Remaining: 212.2
199 285.3 , Est Remaining: 210.8
200 286.8 , Est Remaining: 209.3
201 288.2 , Est Remaining: 207.9
202 289.7 , Est Remaining: 206.5
203 291.3 , Est Remaining: 205.2
204 292.7 , Est Remaining: 203.8
EVENT FAILED
204 293.1 , Est Remaining: 204.0
205 294.5 , Est Remaining: 202.6
206 296.0 , Est Remaining: 201.1
207 297.4 , Est Remaining: 199.7
208 298.8 , Est Remaining: 198.3
209 300.3 , Est Remaining: 196.8
210 301.7 , Est Remaining: 195.4
211 303.2 , Est Remaining: 194.0
212 304.6 , Est Remaining: 192.6
213 306.1 , Est Remaining: 191.1
214 307.6 , Est Remaining: 189.7
215 309.0 , Est Remaining: 188.3
216 310.5 , Est Remaining: 186.9
217 312.0 , Est Remaining: 185.5
218 313.4 , Est Remaining: 184.0
219 314.9 , Est Remaining: 182.6
220 316.3 , Est Remaining: 181.2
221 317.8 , Est Remaining: 179.7
222 319.3 , Est Remaining: 178.3
223 320.7 , Est Remaining: 176.9
224 322.2 , Est Remaining: 175.5
225 323.6 , Est Remaining: 174.0
226 325.1 , Est Remaining: 172.6
227 326.5 , Est Remaining: 171.2
EVENT FAILED
227 326.8 , Est Remaining: 171.3
228 328.3 , Est Remaining: 169.9
229 329.8 , Est Remaining: 168.5
230 331.3 , Est Remaining: 167.1
231 332.7 , Est Remaining: 165.6
232 334.2 , Est Remaining: 164.2
233 335.6 , Est Remaining: 162.8
234 337.1 , Est Remaining: 161.3
235 338.5 , Est Remaining: 159.9
236 340.0 , Est Remaining: 158.5
237 341.5 , Est Remaining: 157.1
238 343.0 , Est Remaining: 155.6
239 344.5 , Est Remaining: 154.2
240 345.9 , Est Remaining: 152.8
241 347.4 , Est Remaining: 151.4
242 348.9 , Est Remaining: 149.9
243 350.3 , Est Remaining: 148.5
244 351.8 , Est Remaining: 147.1
245 353.2 , Est Remaining: 145.6
246 354.7 , Est Remaining: 144.2
247 356.2 , Est Remaining: 142.8
248 357.7 , Est Remaining: 141.4
249 359.2 , Est Remaining: 139.9
250 360.7 , Est Remaining: 138.5
251 362.2 , Est Remaining: 137.1
252 363.6 , Est Remaining: 135.6
253 365.1 , Est Remaining: 134.2
254 366.6 , Est Remaining: 132.8
255 368.1 , Est Remaining: 131.4
256 369.6 , Est Remaining: 129.9
257 371.1 , Est Remaining: 128.5
258 372.6 , Est Remaining: 127.1
259 374.1 , Est Remaining: 125.7
260 375.6 , Est Remaining: 124.2
261 377.0 , Est Remaining: 122.8
262 378.5 , Est Remaining: 121.4
263 380.0 , Est Remaining: 119.9
264 381.5 , Est Remaining: 118.5
265 382.9 , Est Remaining: 117.1
266 384.4 , Est Remaining: 115.6
267 385.9 , Est Remaining: 114.2
268 387.4 , Est Remaining: 112.7
269 388.9 , Est Remaining: 111.3
270 390.3 , Est Remaining: 109.9
271 391.8 , Est Remaining: 108.4
272 393.1 , Est Remaining: 107.0
273 394.6 , Est Remaining: 105.5
274 396.1 , Est Remaining: 104.1
275 397.6 , Est Remaining: 102.6
276 399.0 , Est Remaining: 101.2
277 400.5 , Est Remaining: 99.8
278 402.0 , Est Remaining: 98.3
279 403.5 , Est Remaining: 96.9
280 404.9 , Est Remaining: 95.4
281 406.4 , Est Remaining: 94.0
282 407.8 , Est Remaining: 92.6
283 409.3 , Est Remaining: 91.1
284 410.7 , Est Remaining: 89.7
285 412.0 , Est Remaining: 88.2
286 413.4 , Est Remaining: 86.7
287 414.8 , Est Remaining: 85.3
288 416.3 , Est Remaining: 83.8
289 417.7 , Est Remaining: 82.4
290 419.2 , Est Remaining: 80.9
291 420.6 , Est Remaining: 79.5
292 422.1 , Est Remaining: 78.1
293 423.5 , Est Remaining: 76.6
294 425.0 , Est Remaining: 75.2
295 426.4 , Est Remaining: 73.7
296 427.9 , Est Remaining: 72.3
297 429.4 , Est Remaining: 70.8
298 430.9 , Est Remaining: 69.4
299 432.4 , Est Remaining: 68.0
300 433.8 , Est Remaining: 66.5
301 435.3 , Est Remaining: 65.1
302 437.0 , Est Remaining: 63.7
303 438.4 , Est Remaining: 62.2
304 439.9 , Est Remaining: 60.8
305 441.4 , Est Remaining: 59.3
306 442.9 , Est Remaining: 57.9
307 444.4 , Est Remaining: 56.5
308 445.8 , Est Remaining: 55.0
309 447.3 , Est Remaining: 53.6
310 448.8 , Est Remaining: 52.1
311 450.3 , Est Remaining: 50.7
312 451.8 , Est Remaining: 49.2
313 453.3 , Est Remaining: 47.8
314 454.7 , Est Remaining: 46.3
315 456.2 , Est Remaining: 44.9
316 457.7 , Est Remaining: 43.4
317 459.1 , Est Remaining: 42.0
318 460.4 , Est Remaining: 40.5
319 461.9 , Est Remaining: 39.1
320 463.3 , Est Remaining: 37.6
321 464.8 , Est Remaining: 36.2
322 466.2 , Est Remaining: 34.8
323 467.7 , Est Remaining: 33.3
324 469.1 , Est Remaining: 31.9
325 470.6 , Est Remaining: 30.4
326 472.0 , Est Remaining: 29.0
327 473.4 , Est Remaining: 27.5
328 474.8 , Est Remaining: 26.1
329 476.2 , Est Remaining: 24.6
330 477.7 , Est Remaining: 23.2
331 479.1 , Est Remaining: 21.7
332 480.5 , Est Remaining: 20.3
333 481.9 , Est Remaining: 18.8
334 483.3 , Est Remaining: 17.4
335 484.7 , Est Remaining: 15.9
336 486.1 , Est Remaining: 14.5
