Note: NumExpr detected 32 cores but "NUMEXPR_MAX_THREADS" not set, so enforcing safe limit of 8.
Using selector: EpollSelector
/n/home02/jhaefner/miniconda/envs/IC-3.7-2020-06-16/lib/python3.7/site-packages/scipy/optimize/minpack.py:808: OptimizeWarning: Covariance of the parameters could not be estimated
  category=OptimizeWarning)
Total rwfs: 346
0 0.0 , Est Remaining: 999999.9
1 1.5 , Est Remaining: 521.1
2 3.0 , Est Remaining: 511.6
3 4.5 , Est Remaining: 515.3
4 6.0 , Est Remaining: 511.8
5 7.5 , Est Remaining: 508.9
6 8.9 , Est Remaining: 506.1
7 10.4 , Est Remaining: 503.7
8 11.9 , Est Remaining: 501.3
9 13.3 , Est Remaining: 499.0
10 14.8 , Est Remaining: 496.9
11 16.2 , Est Remaining: 494.3
12 17.7 , Est Remaining: 492.3
13 19.1 , Est Remaining: 490.2
14 20.6 , Est Remaining: 488.4
15 22.0 , Est Remaining: 486.5
16 23.5 , Est Remaining: 484.6
17 24.9 , Est Remaining: 482.8
EVENT FAILED
17 25.3 , Est Remaining: 488.7
18 26.7 , Est Remaining: 486.7
19 28.2 , Est Remaining: 484.8
20 29.6 , Est Remaining: 482.9
21 31.1 , Est Remaining: 481.0
22 32.5 , Est Remaining: 479.3
23 34.0 , Est Remaining: 477.5
24 35.4 , Est Remaining: 475.5
25 36.9 , Est Remaining: 473.5
26 38.3 , Est Remaining: 471.6
EVENT FAILED
26 38.6 , Est Remaining: 475.4
27 40.1 , Est Remaining: 473.5
28 41.5 , Est Remaining: 471.8
29 43.0 , Est Remaining: 469.9
30 44.5 , Est Remaining: 468.4
31 46.0 , Est Remaining: 467.0
32 47.4 , Est Remaining: 465.1
33 48.8 , Est Remaining: 463.3
34 50.3 , Est Remaining: 461.6
35 51.7 , Est Remaining: 459.7
36 53.2 , Est Remaining: 458.1
37 54.6 , Est Remaining: 456.4
38 56.1 , Est Remaining: 454.7
39 57.5 , Est Remaining: 452.8
40 59.0 , Est Remaining: 451.1
41 60.4 , Est Remaining: 449.3
42 61.9 , Est Remaining: 447.7
43 63.3 , Est Remaining: 446.0
EVENT FAILED
43 63.6 , Est Remaining: 448.2
44 65.1 , Est Remaining: 446.5
45 66.5 , Est Remaining: 444.9
46 68.0 , Est Remaining: 443.4
47 69.5 , Est Remaining: 442.0
48 70.9 , Est Remaining: 440.4
49 72.4 , Est Remaining: 438.8
50 73.9 , Est Remaining: 437.2
51 75.3 , Est Remaining: 435.7
52 76.8 , Est Remaining: 434.0
53 78.2 , Est Remaining: 432.4
54 79.7 , Est Remaining: 430.9
55 81.1 , Est Remaining: 429.3
EVENT FAILED
55 81.4 , Est Remaining: 430.9
56 82.9 , Est Remaining: 429.3
57 84.4 , Est Remaining: 427.7
58 85.8 , Est Remaining: 426.1
59 87.3 , Est Remaining: 424.4
60 88.7 , Est Remaining: 422.8
61 90.1 , Est Remaining: 421.1
62 91.6 , Est Remaining: 419.5
63 93.1 , Est Remaining: 418.0
64 94.5 , Est Remaining: 416.4
65 96.0 , Est Remaining: 414.8
EVENT FAILED
65 96.3 , Est Remaining: 416.1
66 97.7 , Est Remaining: 414.5
67 99.1 , Est Remaining: 412.9
68 100.6 , Est Remaining: 411.3
69 102.0 , Est Remaining: 409.6
70 103.5 , Est Remaining: 408.0
71 104.9 , Est Remaining: 406.4
EVENT FAILED
71 105.2 , Est Remaining: 407.6
72 106.7 , Est Remaining: 406.0
73 108.1 , Est Remaining: 404.4
74 109.6 , Est Remaining: 402.8
75 111.0 , Est Remaining: 401.2
76 112.5 , Est Remaining: 399.5
77 113.9 , Est Remaining: 398.0
EVENT FAILED
77 114.2 , Est Remaining: 399.0
78 115.7 , Est Remaining: 397.5
79 117.2 , Est Remaining: 396.0
80 118.6 , Est Remaining: 394.5
81 120.1 , Est Remaining: 392.9
82 121.5 , Est Remaining: 391.3
83 123.0 , Est Remaining: 389.8
84 124.5 , Est Remaining: 388.3
85 126.0 , Est Remaining: 386.8
EVENT FAILED
85 126.3 , Est Remaining: 387.7
86 127.7 , Est Remaining: 386.1
87 129.2 , Est Remaining: 384.6
88 130.7 , Est Remaining: 383.1
89 132.1 , Est Remaining: 381.5
90 133.6 , Est Remaining: 380.0
91 135.1 , Est Remaining: 378.4
92 136.5 , Est Remaining: 377.0
93 138.0 , Est Remaining: 375.5
94 139.5 , Est Remaining: 374.0
95 140.9 , Est Remaining: 372.4
96 142.4 , Est Remaining: 370.8
97 143.9 , Est Remaining: 369.3
98 145.3 , Est Remaining: 367.7
99 146.8 , Est Remaining: 366.2
100 148.3 , Est Remaining: 364.8
101 149.7 , Est Remaining: 363.2
102 151.2 , Est Remaining: 361.7
103 152.8 , Est Remaining: 360.4
104 154.2 , Est Remaining: 358.9
105 155.7 , Est Remaining: 357.3
106 157.1 , Est Remaining: 355.8
107 158.6 , Est Remaining: 354.2
108 160.1 , Est Remaining: 352.7
109 161.5 , Est Remaining: 351.2
EVENT FAILED
109 161.8 , Est Remaining: 351.9
110 163.3 , Est Remaining: 350.3
111 164.7 , Est Remaining: 348.7
112 166.2 , Est Remaining: 347.2
113 167.6 , Est Remaining: 345.6
114 169.1 , Est Remaining: 344.0
115 170.5 , Est Remaining: 342.5
116 172.0 , Est Remaining: 340.9
117 173.4 , Est Remaining: 339.4
118 174.8 , Est Remaining: 337.8
EVENT FAILED
118 175.2 , Est Remaining: 338.4
119 176.6 , Est Remaining: 336.9
120 178.0 , Est Remaining: 335.3
121 179.5 , Est Remaining: 333.7
122 180.9 , Est Remaining: 332.2
123 182.4 , Est Remaining: 330.7
124 183.9 , Est Remaining: 329.2
125 185.3 , Est Remaining: 327.6
126 186.8 , Est Remaining: 326.1
127 188.2 , Est Remaining: 324.5
128 189.6 , Est Remaining: 323.0
EVENT FAILED
128 189.9 , Est Remaining: 323.5
129 191.4 , Est Remaining: 321.9
130 192.8 , Est Remaining: 320.3
EVENT FAILED
130 193.1 , Est Remaining: 320.8
131 194.5 , Est Remaining: 319.3
132 196.0 , Est Remaining: 317.8
133 197.5 , Est Remaining: 316.2
134 198.9 , Est Remaining: 314.6
135 200.3 , Est Remaining: 313.1
136 201.8 , Est Remaining: 311.6
137 203.2 , Est Remaining: 310.0
138 204.7 , Est Remaining: 308.5
139 206.1 , Est Remaining: 306.9
140 207.6 , Est Remaining: 305.4
141 209.0 , Est Remaining: 303.9
142 210.4 , Est Remaining: 302.3
143 211.9 , Est Remaining: 300.8
144 213.3 , Est Remaining: 299.3
145 214.8 , Est Remaining: 297.7
146 216.2 , Est Remaining: 296.2
147 217.7 , Est Remaining: 294.7
148 219.1 , Est Remaining: 293.1
149 220.6 , Est Remaining: 291.6
150 222.0 , Est Remaining: 290.1
151 223.5 , Est Remaining: 288.6
152 224.9 , Est Remaining: 287.1
153 226.4 , Est Remaining: 285.6
154 227.8 , Est Remaining: 284.0
155 229.3 , Est Remaining: 282.5
156 230.7 , Est Remaining: 281.0
157 232.2 , Est Remaining: 279.5
158 233.6 , Est Remaining: 278.0
159 235.0 , Est Remaining: 276.4
160 236.5 , Est Remaining: 274.9
161 237.9 , Est Remaining: 273.4
162 239.4 , Est Remaining: 271.9
163 240.8 , Est Remaining: 270.4
164 242.3 , Est Remaining: 268.9
165 243.7 , Est Remaining: 267.4
166 245.2 , Est Remaining: 265.8
167 246.6 , Est Remaining: 264.3
EVENT FAILED
167 246.9 , Est Remaining: 264.6
168 248.4 , Est Remaining: 263.1
169 249.8 , Est Remaining: 261.7
170 251.3 , Est Remaining: 260.2
171 252.7 , Est Remaining: 258.6
172 254.2 , Est Remaining: 257.2
173 255.7 , Est Remaining: 255.7
174 257.2 , Est Remaining: 254.2
175 258.6 , Est Remaining: 252.7
176 260.1 , Est Remaining: 251.2
177 261.6 , Est Remaining: 249.7
178 263.0 , Est Remaining: 248.3
179 264.5 , Est Remaining: 246.8
180 266.0 , Est Remaining: 245.3
181 267.5 , Est Remaining: 243.8
182 268.9 , Est Remaining: 242.3
183 270.4 , Est Remaining: 240.8
184 271.8 , Est Remaining: 239.3
185 273.3 , Est Remaining: 237.9
186 274.8 , Est Remaining: 236.4
187 276.2 , Est Remaining: 234.9
188 277.7 , Est Remaining: 233.4
189 279.1 , Est Remaining: 231.8
190 280.5 , Est Remaining: 230.3
191 282.0 , Est Remaining: 228.8
192 283.4 , Est Remaining: 227.3
193 284.9 , Est Remaining: 225.8
194 286.3 , Est Remaining: 224.3
195 287.7 , Est Remaining: 222.8
196 289.2 , Est Remaining: 221.3
197 290.6 , Est Remaining: 219.8
EVENT FAILED
197 290.9 , Est Remaining: 220.1
198 292.4 , Est Remaining: 218.6
199 293.8 , Est Remaining: 217.1
200 295.3 , Est Remaining: 215.6
201 296.7 , Est Remaining: 214.1
202 298.2 , Est Remaining: 212.6
203 299.8 , Est Remaining: 211.2
204 301.2 , Est Remaining: 209.7
205 302.7 , Est Remaining: 208.2
206 304.1 , Est Remaining: 206.7
207 305.5 , Est Remaining: 205.2
208 307.0 , Est Remaining: 203.7
209 308.4 , Est Remaining: 202.2
210 309.8 , Est Remaining: 200.6
211 311.2 , Est Remaining: 199.1
212 312.7 , Est Remaining: 197.6
213 314.1 , Est Remaining: 196.2
214 315.6 , Est Remaining: 194.7
215 317.0 , Est Remaining: 193.2
216 318.5 , Est Remaining: 191.7
217 319.9 , Est Remaining: 190.2
218 321.4 , Est Remaining: 188.7
219 322.8 , Est Remaining: 187.2
220 324.2 , Est Remaining: 185.7
221 325.7 , Est Remaining: 184.2
222 327.1 , Est Remaining: 182.7
223 328.6 , Est Remaining: 181.2
224 330.0 , Est Remaining: 179.7
225 331.4 , Est Remaining: 178.2
EVENT FAILED
225 331.7 , Est Remaining: 178.4
226 333.2 , Est Remaining: 176.9
227 334.6 , Est Remaining: 175.4
228 336.0 , Est Remaining: 173.9
229 337.5 , Est Remaining: 172.4
230 338.9 , Est Remaining: 170.9
231 340.3 , Est Remaining: 169.4
232 341.7 , Est Remaining: 167.9
233 343.1 , Est Remaining: 166.4
234 344.5 , Est Remaining: 164.9
235 346.0 , Est Remaining: 163.4
236 347.4 , Est Remaining: 161.9
237 348.7 , Est Remaining: 160.4
238 350.1 , Est Remaining: 158.9
239 351.5 , Est Remaining: 157.4
240 352.9 , Est Remaining: 155.9
EVENT FAILED
240 353.2 , Est Remaining: 156.0
241 354.6 , Est Remaining: 154.5
242 355.9 , Est Remaining: 153.0
243 357.3 , Est Remaining: 151.5
244 358.7 , Est Remaining: 149.9
245 360.1 , Est Remaining: 148.4
246 361.4 , Est Remaining: 146.9
247 362.8 , Est Remaining: 145.4
248 364.2 , Est Remaining: 143.9
249 365.6 , Est Remaining: 142.4
250 366.9 , Est Remaining: 140.9
251 368.3 , Est Remaining: 139.4
252 369.7 , Est Remaining: 137.9
253 371.1 , Est Remaining: 136.4
254 372.5 , Est Remaining: 134.9
255 373.9 , Est Remaining: 133.4
256 375.2 , Est Remaining: 131.9
257 376.6 , Est Remaining: 130.4
258 378.0 , Est Remaining: 128.9
259 379.4 , Est Remaining: 127.5
260 380.8 , Est Remaining: 126.0
261 382.2 , Est Remaining: 124.5
262 383.6 , Est Remaining: 123.0
263 385.0 , Est Remaining: 121.5
264 386.3 , Est Remaining: 120.0
265 387.7 , Est Remaining: 118.5
266 389.1 , Est Remaining: 117.0
267 390.5 , Est Remaining: 115.5
268 391.9 , Est Remaining: 114.1
269 393.3 , Est Remaining: 112.6
270 394.7 , Est Remaining: 111.1
271 396.1 , Est Remaining: 109.6
272 397.4 , Est Remaining: 108.1
273 398.8 , Est Remaining: 106.6
274 400.2 , Est Remaining: 105.2
275 401.6 , Est Remaining: 103.7
276 403.0 , Est Remaining: 102.2
277 404.3 , Est Remaining: 100.7
278 405.7 , Est Remaining: 99.2
279 407.1 , Est Remaining: 97.8
280 408.5 , Est Remaining: 96.3
281 409.9 , Est Remaining: 94.8
282 411.3 , Est Remaining: 93.3
283 412.7 , Est Remaining: 91.9
284 414.1 , Est Remaining: 90.4
285 415.5 , Est Remaining: 88.9
286 416.9 , Est Remaining: 87.5
287 418.2 , Est Remaining: 86.0
288 419.6 , Est Remaining: 84.5
289 421.0 , Est Remaining: 83.0
290 422.4 , Est Remaining: 81.6
291 423.8 , Est Remaining: 80.1
292 425.2 , Est Remaining: 78.6
293 426.6 , Est Remaining: 77.2
294 428.0 , Est Remaining: 75.7
295 429.4 , Est Remaining: 74.2
296 430.8 , Est Remaining: 72.8
297 432.2 , Est Remaining: 71.3
298 433.7 , Est Remaining: 69.9
299 435.1 , Est Remaining: 68.4
300 436.5 , Est Remaining: 66.9
301 438.0 , Est Remaining: 65.5
302 439.5 , Est Remaining: 64.0
303 441.0 , Est Remaining: 62.6
304 442.4 , Est Remaining: 61.1
305 443.8 , Est Remaining: 59.7
EVENT FAILED
305 444.1 , Est Remaining: 59.7
306 445.5 , Est Remaining: 58.2
307 447.0 , Est Remaining: 56.8
308 448.5 , Est Remaining: 55.3
309 449.9 , Est Remaining: 53.9
310 451.3 , Est Remaining: 52.4
311 452.8 , Est Remaining: 51.0
312 454.2 , Est Remaining: 49.5
313 455.7 , Est Remaining: 48.0
314 457.1 , Est Remaining: 46.6
315 458.6 , Est Remaining: 45.1
316 460.0 , Est Remaining: 43.7
317 461.4 , Est Remaining: 42.2
318 462.9 , Est Remaining: 40.8
319 464.3 , Est Remaining: 39.3
320 465.8 , Est Remaining: 37.8
321 467.2 , Est Remaining: 36.4
322 468.7 , Est Remaining: 34.9
323 470.1 , Est Remaining: 33.5
324 471.5 , Est Remaining: 32.0
325 472.9 , Est Remaining: 30.6
326 474.4 , Est Remaining: 29.1
327 475.8 , Est Remaining: 27.6
328 477.2 , Est Remaining: 26.2
