Note: NumExpr detected 32 cores but "NUMEXPR_MAX_THREADS" not set, so enforcing safe limit of 8.
Using selector: EpollSelector
/n/home02/jhaefner/miniconda/envs/IC-3.7-2020-06-16/lib/python3.7/site-packages/scipy/optimize/minpack.py:808: OptimizeWarning: Covariance of the parameters could not be estimated
  category=OptimizeWarning)
Total rwfs: 346
0 0.0 , Est Remaining: 999999.9
1 1.4 , Est Remaining: 472.6
2 2.7 , Est Remaining: 470.3
3 4.1 , Est Remaining: 467.6
4 5.4 , Est Remaining: 465.6
5 6.8 , Est Remaining: 461.3
6 8.1 , Est Remaining: 457.8
7 9.4 , Est Remaining: 455.2
8 10.7 , Est Remaining: 452.8
9 12.0 , Est Remaining: 450.4
10 13.4 , Est Remaining: 448.8
11 14.7 , Est Remaining: 447.7
12 16.0 , Est Remaining: 445.5
13 17.3 , Est Remaining: 443.7
EVENT FAILED
13 17.6 , Est Remaining: 451.4
14 18.9 , Est Remaining: 449.0
15 20.2 , Est Remaining: 446.7
16 21.6 , Est Remaining: 444.5
17 22.8 , Est Remaining: 442.2
18 24.2 , Est Remaining: 440.5
19 25.5 , Est Remaining: 438.4
20 26.8 , Est Remaining: 436.6
21 28.1 , Est Remaining: 434.8
22 29.4 , Est Remaining: 433.2
23 30.7 , Est Remaining: 431.8
24 32.1 , Est Remaining: 430.7
25 33.4 , Est Remaining: 429.0
26 34.7 , Est Remaining: 427.5
27 36.1 , Est Remaining: 426.0
28 37.4 , Est Remaining: 424.4
29 38.7 , Est Remaining: 422.9
30 40.0 , Est Remaining: 421.6
31 41.3 , Est Remaining: 420.1
32 42.7 , Est Remaining: 418.7
33 44.0 , Est Remaining: 417.3
34 45.3 , Est Remaining: 415.9
35 46.6 , Est Remaining: 414.5
36 48.0 , Est Remaining: 413.1
37 49.3 , Est Remaining: 411.7
38 50.6 , Est Remaining: 410.4
39 52.0 , Est Remaining: 409.0
40 53.3 , Est Remaining: 407.6
41 54.6 , Est Remaining: 406.2
42 55.9 , Est Remaining: 404.9
43 57.3 , Est Remaining: 403.8
44 58.7 , Est Remaining: 402.6
45 60.0 , Est Remaining: 401.3
46 61.3 , Est Remaining: 399.9
47 62.7 , Est Remaining: 398.6
48 64.0 , Est Remaining: 397.4
49 65.4 , Est Remaining: 396.1
50 66.7 , Est Remaining: 394.8
51 68.0 , Est Remaining: 393.5
52 69.4 , Est Remaining: 392.2
53 70.7 , Est Remaining: 390.8
54 72.0 , Est Remaining: 389.4
55 73.3 , Est Remaining: 388.0
56 74.6 , Est Remaining: 386.6
57 75.9 , Est Remaining: 385.1
58 77.4 , Est Remaining: 384.2
EVENT FAILED
58 77.7 , Est Remaining: 385.7
59 79.0 , Est Remaining: 384.4
60 80.4 , Est Remaining: 383.1
61 81.7 , Est Remaining: 381.8
62 83.0 , Est Remaining: 380.4
63 84.4 , Est Remaining: 379.0
64 85.7 , Est Remaining: 377.7
65 87.1 , Est Remaining: 376.4
66 88.4 , Est Remaining: 375.0
67 89.7 , Est Remaining: 373.6
68 91.1 , Est Remaining: 372.3
69 92.4 , Est Remaining: 370.9
70 93.8 , Est Remaining: 369.6
71 95.1 , Est Remaining: 368.3
72 96.4 , Est Remaining: 366.9
EVENT FAILED
72 96.7 , Est Remaining: 368.0
73 98.0 , Est Remaining: 366.7
74 99.4 , Est Remaining: 365.3
75 100.7 , Est Remaining: 364.0
76 102.1 , Est Remaining: 362.7
77 103.4 , Est Remaining: 361.3
78 104.8 , Est Remaining: 360.0
79 106.1 , Est Remaining: 358.6
80 107.4 , Est Remaining: 357.3
81 108.8 , Est Remaining: 355.9
82 110.1 , Est Remaining: 354.5
83 111.5 , Est Remaining: 353.2
84 112.8 , Est Remaining: 351.8
85 114.1 , Est Remaining: 350.4
86 115.4 , Est Remaining: 349.0
87 116.8 , Est Remaining: 347.6
88 118.1 , Est Remaining: 346.3
89 119.4 , Est Remaining: 344.9
90 120.8 , Est Remaining: 343.5
91 122.1 , Est Remaining: 342.2
92 123.5 , Est Remaining: 340.8
93 124.8 , Est Remaining: 339.5
94 126.1 , Est Remaining: 338.1
95 127.5 , Est Remaining: 336.8
96 128.8 , Est Remaining: 335.4
97 130.1 , Est Remaining: 334.1
98 131.5 , Est Remaining: 332.7
99 132.8 , Est Remaining: 331.3
100 134.1 , Est Remaining: 330.0
101 135.5 , Est Remaining: 328.6
102 136.9 , Est Remaining: 327.4
103 138.2 , Est Remaining: 326.0
104 139.5 , Est Remaining: 324.7
105 140.8 , Est Remaining: 323.3
106 142.2 , Est Remaining: 321.9
107 143.5 , Est Remaining: 320.5
108 144.8 , Est Remaining: 319.2
109 146.2 , Est Remaining: 317.8
110 147.5 , Est Remaining: 316.5
111 148.8 , Est Remaining: 315.1
112 150.2 , Est Remaining: 313.7
113 151.5 , Est Remaining: 312.4
114 152.8 , Est Remaining: 311.1
115 154.2 , Est Remaining: 309.7
116 155.5 , Est Remaining: 308.4
EVENT FAILED
116 155.8 , Est Remaining: 309.0
117 157.2 , Est Remaining: 307.6
118 158.5 , Est Remaining: 306.3
119 159.8 , Est Remaining: 304.9
120 161.2 , Est Remaining: 303.5
121 162.5 , Est Remaining: 302.2
122 163.8 , Est Remaining: 300.8
123 165.2 , Est Remaining: 299.4
124 166.5 , Est Remaining: 298.1
125 167.9 , Est Remaining: 296.8
126 169.2 , Est Remaining: 295.4
127 170.5 , Est Remaining: 294.1
128 171.9 , Est Remaining: 292.7
129 173.2 , Est Remaining: 291.4
130 174.6 , Est Remaining: 290.1
131 175.9 , Est Remaining: 288.7
132 177.3 , Est Remaining: 287.4
133 178.6 , Est Remaining: 286.0
134 179.9 , Est Remaining: 284.7
135 181.3 , Est Remaining: 283.3
136 182.6 , Est Remaining: 282.0
137 183.9 , Est Remaining: 280.6
EVENT FAILED
137 184.2 , Est Remaining: 281.1
138 185.6 , Est Remaining: 279.7
139 186.9 , Est Remaining: 278.4
140 188.3 , Est Remaining: 277.0
141 189.6 , Est Remaining: 275.7
142 191.0 , Est Remaining: 274.3
143 192.3 , Est Remaining: 273.0
144 193.6 , Est Remaining: 271.6
145 195.0 , Est Remaining: 270.3
146 196.3 , Est Remaining: 268.9
147 197.7 , Est Remaining: 267.6
148 199.0 , Est Remaining: 266.2
149 200.3 , Est Remaining: 264.9
150 201.7 , Est Remaining: 263.5
151 203.0 , Est Remaining: 262.2
152 204.2 , Est Remaining: 260.7
153 205.6 , Est Remaining: 259.3
154 206.9 , Est Remaining: 258.0
155 208.3 , Est Remaining: 256.6
156 209.6 , Est Remaining: 255.3
157 210.9 , Est Remaining: 253.9
158 212.3 , Est Remaining: 252.6
159 213.6 , Est Remaining: 251.2
160 214.9 , Est Remaining: 249.9
EVENT FAILED
160 215.2 , Est Remaining: 250.2
161 216.6 , Est Remaining: 248.9
162 217.9 , Est Remaining: 247.5
163 219.3 , Est Remaining: 246.2
164 220.6 , Est Remaining: 244.8
165 222.0 , Est Remaining: 243.5
166 223.3 , Est Remaining: 242.1
167 224.7 , Est Remaining: 240.8
EVENT FAILED
167 225.0 , Est Remaining: 241.1
168 226.3 , Est Remaining: 239.8
169 227.6 , Est Remaining: 238.4
170 229.0 , Est Remaining: 237.1
171 230.3 , Est Remaining: 235.7
172 231.7 , Est Remaining: 234.4
173 233.0 , Est Remaining: 233.0
174 234.4 , Est Remaining: 231.7
175 235.7 , Est Remaining: 230.3
176 237.1 , Est Remaining: 229.0
EVENT FAILED
176 237.4 , Est Remaining: 229.3
177 238.7 , Est Remaining: 227.9
178 240.0 , Est Remaining: 226.5
179 241.3 , Est Remaining: 225.2
180 242.7 , Est Remaining: 223.8
181 244.0 , Est Remaining: 222.4
182 245.3 , Est Remaining: 221.1
183 246.7 , Est Remaining: 219.7
184 248.0 , Est Remaining: 218.4
EVENT FAILED
184 248.3 , Est Remaining: 218.6
185 249.7 , Est Remaining: 217.3
186 251.0 , Est Remaining: 215.9
187 252.3 , Est Remaining: 214.5
188 253.7 , Est Remaining: 213.2
189 255.0 , Est Remaining: 211.8
190 256.3 , Est Remaining: 210.5
191 257.7 , Est Remaining: 209.1
192 259.0 , Est Remaining: 207.8
193 260.4 , Est Remaining: 206.4
194 261.7 , Est Remaining: 205.0
195 263.0 , Est Remaining: 203.7
196 264.4 , Est Remaining: 202.3
197 265.7 , Est Remaining: 201.0
198 267.0 , Est Remaining: 199.6
199 268.4 , Est Remaining: 198.2
200 269.7 , Est Remaining: 196.9
201 271.0 , Est Remaining: 195.5
202 272.5 , Est Remaining: 194.2
203 273.8 , Est Remaining: 192.9
204 275.1 , Est Remaining: 191.5
205 276.5 , Est Remaining: 190.1
206 277.8 , Est Remaining: 188.8
207 279.1 , Est Remaining: 187.4
EVENT FAILED
207 279.4 , Est Remaining: 187.6
208 280.7 , Est Remaining: 186.3
209 282.1 , Est Remaining: 184.9
210 283.4 , Est Remaining: 183.5
211 284.7 , Est Remaining: 182.2
212 286.0 , Est Remaining: 180.8
213 287.3 , Est Remaining: 179.4
214 288.7 , Est Remaining: 178.1
215 290.0 , Est Remaining: 176.7
216 291.3 , Est Remaining: 175.3
217 292.6 , Est Remaining: 174.0
218 293.9 , Est Remaining: 172.6
219 295.3 , Est Remaining: 171.2
220 296.6 , Est Remaining: 169.9
221 297.9 , Est Remaining: 168.5
222 299.2 , Est Remaining: 167.1
223 300.6 , Est Remaining: 165.8
224 301.9 , Est Remaining: 164.4
225 303.2 , Est Remaining: 163.1
226 304.6 , Est Remaining: 161.7
227 305.9 , Est Remaining: 160.4
228 307.2 , Est Remaining: 159.0
229 308.6 , Est Remaining: 157.7
230 309.9 , Est Remaining: 156.3
EVENT FAILED
230 310.2 , Est Remaining: 156.5
231 311.5 , Est Remaining: 155.1
232 312.9 , Est Remaining: 153.7
233 314.2 , Est Remaining: 152.4
234 315.6 , Est Remaining: 151.0
235 316.9 , Est Remaining: 149.7
236 318.2 , Est Remaining: 148.3
237 319.6 , Est Remaining: 147.0
238 320.9 , Est Remaining: 145.6
239 322.3 , Est Remaining: 144.3
240 323.6 , Est Remaining: 142.9
241 325.0 , Est Remaining: 141.6
242 326.3 , Est Remaining: 140.2
243 327.6 , Est Remaining: 138.9
244 329.0 , Est Remaining: 137.5
245 330.3 , Est Remaining: 136.1
246 331.6 , Est Remaining: 134.8
247 332.9 , Est Remaining: 133.4
248 334.2 , Est Remaining: 132.1
249 335.6 , Est Remaining: 130.7
250 336.9 , Est Remaining: 129.4
251 338.2 , Est Remaining: 128.0
252 339.6 , Est Remaining: 126.7
253 340.9 , Est Remaining: 125.3
254 342.2 , Est Remaining: 123.9
255 343.5 , Est Remaining: 122.6
256 344.9 , Est Remaining: 121.2
257 346.2 , Est Remaining: 119.9
258 347.5 , Est Remaining: 118.5
259 348.8 , Est Remaining: 117.2
260 350.2 , Est Remaining: 115.8
261 351.5 , Est Remaining: 114.5
262 352.9 , Est Remaining: 113.1
263 354.2 , Est Remaining: 111.8
264 355.6 , Est Remaining: 110.4
265 356.9 , Est Remaining: 109.1
266 358.2 , Est Remaining: 107.7
267 359.5 , Est Remaining: 106.4
268 360.9 , Est Remaining: 105.0
269 362.2 , Est Remaining: 103.7
270 363.5 , Est Remaining: 102.3
271 364.9 , Est Remaining: 101.0
272 366.2 , Est Remaining: 99.6
273 367.6 , Est Remaining: 98.3
274 369.0 , Est Remaining: 97.0
275 370.3 , Est Remaining: 95.6
276 371.6 , Est Remaining: 94.3
277 373.0 , Est Remaining: 92.9
278 374.4 , Est Remaining: 91.6
279 375.7 , Est Remaining: 90.2
280 377.0 , Est Remaining: 88.9
281 378.4 , Est Remaining: 87.5
282 379.7 , Est Remaining: 86.2
283 381.1 , Est Remaining: 84.8
284 382.4 , Est Remaining: 83.5
285 383.8 , Est Remaining: 82.1
286 385.1 , Est Remaining: 80.8
287 386.4 , Est Remaining: 79.4
288 387.8 , Est Remaining: 78.1
289 389.1 , Est Remaining: 76.8
290 390.5 , Est Remaining: 75.4
291 391.8 , Est Remaining: 74.1
292 393.2 , Est Remaining: 72.7
293 394.6 , Est Remaining: 71.4
294 395.9 , Est Remaining: 70.0
295 397.3 , Est Remaining: 68.7
296 398.6 , Est Remaining: 67.3
297 400.0 , Est Remaining: 66.0
298 401.3 , Est Remaining: 64.6
299 402.7 , Est Remaining: 63.3
300 404.0 , Est Remaining: 61.9
301 405.4 , Est Remaining: 60.6
302 406.8 , Est Remaining: 59.3
EVENT FAILED
302 407.1 , Est Remaining: 59.3
303 408.5 , Est Remaining: 58.0
304 409.8 , Est Remaining: 56.6
305 411.2 , Est Remaining: 55.3
306 412.5 , Est Remaining: 53.9
307 413.8 , Est Remaining: 52.6
308 415.2 , Est Remaining: 51.2
309 416.5 , Est Remaining: 49.9
310 417.8 , Est Remaining: 48.5
311 419.1 , Est Remaining: 47.2
312 420.4 , Est Remaining: 45.8
313 421.7 , Est Remaining: 44.5
314 423.1 , Est Remaining: 43.1
315 424.4 , Est Remaining: 41.8
316 425.7 , Est Remaining: 40.4
317 427.0 , Est Remaining: 39.1
318 428.3 , Est Remaining: 37.7
319 429.6 , Est Remaining: 36.4
320 430.9 , Est Remaining: 35.0
321 432.2 , Est Remaining: 33.7
322 433.5 , Est Remaining: 32.3
EVENT FAILED
322 433.8 , Est Remaining: 32.3
323 435.1 , Est Remaining: 31.0
324 436.3 , Est Remaining: 29.6
325 437.6 , Est Remaining: 28.3
326 438.9 , Est Remaining: 26.9
327 440.2 , Est Remaining: 25.6
328 441.5 , Est Remaining: 24.2
329 442.8 , Est Remaining: 22.9
330 444.0 , Est Remaining: 21.5
331 445.3 , Est Remaining: 20.2
332 446.6 , Est Remaining: 18.8
