Note: NumExpr detected 32 cores but "NUMEXPR_MAX_THREADS" not set, so enforcing safe limit of 8.
Using selector: EpollSelector
/n/home02/jhaefner/miniconda/envs/IC-3.7-2020-06-16/lib/python3.7/site-packages/scipy/optimize/minpack.py:808: OptimizeWarning: Covariance of the parameters could not be estimated
  category=OptimizeWarning)
Total rwfs: 346
0 0.0 , Est Remaining: 999999.9
1 1.3 , Est Remaining: 457.8
2 2.6 , Est Remaining: 452.9
EVENT FAILED
2 2.9 , Est Remaining: 505.3
3 4.3 , Est Remaining: 488.6
4 5.6 , Est Remaining: 476.9
5 6.9 , Est Remaining: 469.2
6 8.2 , Est Remaining: 465.2
7 9.5 , Est Remaining: 459.9
8 10.8 , Est Remaining: 456.4
9 12.1 , Est Remaining: 453.6
10 13.4 , Est Remaining: 451.1
11 14.7 , Est Remaining: 448.4
EVENT FAILED
11 15.3 , Est Remaining: 466.8
12 16.7 , Est Remaining: 463.6
13 18.0 , Est Remaining: 460.6
14 19.3 , Est Remaining: 457.8
15 20.6 , Est Remaining: 455.2
16 22.0 , Est Remaining: 452.9
17 23.3 , Est Remaining: 450.6
18 24.6 , Est Remaining: 448.5
19 25.9 , Est Remaining: 446.3
20 27.3 , Est Remaining: 444.5
21 28.6 , Est Remaining: 442.9
22 30.0 , Est Remaining: 441.1
23 31.3 , Est Remaining: 439.4
24 32.6 , Est Remaining: 437.8
25 34.0 , Est Remaining: 436.2
26 35.3 , Est Remaining: 434.7
27 36.7 , Est Remaining: 433.1
28 38.0 , Est Remaining: 431.6
29 39.4 , Est Remaining: 430.2
30 40.7 , Est Remaining: 428.7
31 42.1 , Est Remaining: 427.3
32 43.4 , Est Remaining: 425.7
33 44.7 , Est Remaining: 424.1
34 46.1 , Est Remaining: 422.6
35 47.4 , Est Remaining: 421.0
36 48.7 , Est Remaining: 419.5
37 50.0 , Est Remaining: 418.0
38 51.4 , Est Remaining: 416.5
39 52.7 , Est Remaining: 414.9
40 54.0 , Est Remaining: 413.5
41 55.4 , Est Remaining: 411.9
42 56.7 , Est Remaining: 410.5
43 58.0 , Est Remaining: 409.0
44 59.4 , Est Remaining: 407.5
45 60.7 , Est Remaining: 406.1
46 62.0 , Est Remaining: 404.7
47 63.4 , Est Remaining: 403.2
48 64.7 , Est Remaining: 401.7
49 66.0 , Est Remaining: 400.2
EVENT FAILED
49 66.4 , Est Remaining: 402.2
50 67.7 , Est Remaining: 400.8
51 69.0 , Est Remaining: 399.3
52 70.4 , Est Remaining: 397.9
53 71.7 , Est Remaining: 396.4
54 73.1 , Est Remaining: 395.1
55 74.4 , Est Remaining: 393.7
56 75.7 , Est Remaining: 392.3
57 77.1 , Est Remaining: 390.9
58 78.4 , Est Remaining: 389.5
59 79.8 , Est Remaining: 388.0
60 81.1 , Est Remaining: 386.6
61 82.4 , Est Remaining: 385.2
62 83.8 , Est Remaining: 383.7
63 85.1 , Est Remaining: 382.3
64 86.4 , Est Remaining: 380.9
65 87.8 , Est Remaining: 379.5
66 89.1 , Est Remaining: 378.1
67 90.5 , Est Remaining: 376.7
68 91.8 , Est Remaining: 375.3
69 93.1 , Est Remaining: 373.8
70 94.4 , Est Remaining: 372.4
71 95.8 , Est Remaining: 371.0
72 97.1 , Est Remaining: 369.6
73 98.5 , Est Remaining: 368.2
74 99.8 , Est Remaining: 366.8
75 101.1 , Est Remaining: 365.4
76 102.5 , Est Remaining: 364.1
77 103.8 , Est Remaining: 362.7
78 105.1 , Est Remaining: 361.2
79 106.5 , Est Remaining: 359.8
80 107.8 , Est Remaining: 358.5
81 109.1 , Est Remaining: 357.0
82 110.4 , Est Remaining: 355.6
83 111.8 , Est Remaining: 354.2
84 113.1 , Est Remaining: 352.8
85 114.5 , Est Remaining: 351.4
86 115.8 , Est Remaining: 350.0
87 117.1 , Est Remaining: 348.6
88 118.4 , Est Remaining: 347.2
89 119.8 , Est Remaining: 345.8
90 121.1 , Est Remaining: 344.4
91 122.4 , Est Remaining: 343.0
92 123.8 , Est Remaining: 341.7
93 125.1 , Est Remaining: 340.3
94 126.4 , Est Remaining: 338.9
95 127.8 , Est Remaining: 337.6
96 129.1 , Est Remaining: 336.2
97 130.4 , Est Remaining: 334.9
98 131.8 , Est Remaining: 333.5
99 133.1 , Est Remaining: 332.1
100 134.5 , Est Remaining: 330.8
101 135.8 , Est Remaining: 329.4
102 137.1 , Est Remaining: 328.1
103 138.5 , Est Remaining: 326.9
104 139.9 , Est Remaining: 325.4
105 141.2 , Est Remaining: 324.1
106 142.5 , Est Remaining: 322.7
107 143.9 , Est Remaining: 321.4
108 145.2 , Est Remaining: 320.0
109 146.6 , Est Remaining: 318.6
110 147.9 , Est Remaining: 317.3
111 149.2 , Est Remaining: 315.9
112 150.6 , Est Remaining: 314.6
113 151.9 , Est Remaining: 313.2
114 153.2 , Est Remaining: 311.8
115 154.6 , Est Remaining: 310.5
116 155.9 , Est Remaining: 309.1
117 157.2 , Est Remaining: 307.7
EVENT FAILED
117 157.5 , Est Remaining: 308.3
118 158.8 , Est Remaining: 306.9
119 160.2 , Est Remaining: 305.5
120 161.5 , Est Remaining: 304.2
121 162.9 , Est Remaining: 302.8
122 164.2 , Est Remaining: 301.5
123 165.6 , Est Remaining: 300.1
124 166.9 , Est Remaining: 298.8
125 168.2 , Est Remaining: 297.4
126 169.6 , Est Remaining: 296.1
127 170.9 , Est Remaining: 294.7
128 172.2 , Est Remaining: 293.4
129 173.6 , Est Remaining: 292.0
130 174.8 , Est Remaining: 290.5
131 176.1 , Est Remaining: 289.1
132 177.5 , Est Remaining: 287.8
133 178.8 , Est Remaining: 286.4
134 180.1 , Est Remaining: 285.0
135 181.4 , Est Remaining: 283.6
136 182.8 , Est Remaining: 282.2
137 184.1 , Est Remaining: 280.8
138 185.4 , Est Remaining: 279.4
139 186.7 , Est Remaining: 278.1
140 188.1 , Est Remaining: 276.7
141 189.4 , Est Remaining: 275.3
142 190.7 , Est Remaining: 274.0
143 192.0 , Est Remaining: 272.6
144 193.4 , Est Remaining: 271.3
145 194.7 , Est Remaining: 269.9
146 196.0 , Est Remaining: 268.5
147 197.4 , Est Remaining: 267.2
148 198.7 , Est Remaining: 265.8
149 200.0 , Est Remaining: 264.5
150 201.4 , Est Remaining: 263.1
151 202.7 , Est Remaining: 261.7
152 204.0 , Est Remaining: 260.4
153 205.3 , Est Remaining: 259.0
154 206.7 , Est Remaining: 257.7
155 208.0 , Est Remaining: 256.3
156 209.3 , Est Remaining: 254.9
157 210.7 , Est Remaining: 253.6
158 212.0 , Est Remaining: 252.3
159 213.3 , Est Remaining: 250.9
160 214.7 , Est Remaining: 249.6
161 216.0 , Est Remaining: 248.2
162 217.4 , Est Remaining: 246.9
163 218.7 , Est Remaining: 245.5
164 220.0 , Est Remaining: 244.2
165 221.4 , Est Remaining: 242.8
166 222.7 , Est Remaining: 241.5
167 224.0 , Est Remaining: 240.1
168 225.4 , Est Remaining: 238.8
169 226.7 , Est Remaining: 237.4
170 228.0 , Est Remaining: 236.1
171 229.4 , Est Remaining: 234.8
172 230.7 , Est Remaining: 233.4
173 232.0 , Est Remaining: 232.0
174 233.4 , Est Remaining: 230.7
175 234.7 , Est Remaining: 229.4
176 236.1 , Est Remaining: 228.0
177 237.4 , Est Remaining: 226.7
178 238.7 , Est Remaining: 225.3
179 240.1 , Est Remaining: 224.0
180 241.4 , Est Remaining: 222.6
181 242.7 , Est Remaining: 221.3
182 244.0 , Est Remaining: 219.9
183 245.4 , Est Remaining: 218.6
184 246.7 , Est Remaining: 217.2
185 248.0 , Est Remaining: 215.8
186 249.4 , Est Remaining: 214.5
187 250.7 , Est Remaining: 213.1
188 252.0 , Est Remaining: 211.8
189 253.4 , Est Remaining: 210.5
190 254.7 , Est Remaining: 209.1
191 256.1 , Est Remaining: 207.8
192 257.4 , Est Remaining: 206.4
193 258.7 , Est Remaining: 205.1
194 260.1 , Est Remaining: 203.8
195 261.4 , Est Remaining: 202.4
196 262.8 , Est Remaining: 201.1
197 264.1 , Est Remaining: 199.7
198 265.4 , Est Remaining: 198.4
199 266.8 , Est Remaining: 197.1
200 268.1 , Est Remaining: 195.7
201 269.5 , Est Remaining: 194.4
202 270.8 , Est Remaining: 193.1
EVENT FAILED
202 271.2 , Est Remaining: 193.3
203 272.5 , Est Remaining: 192.0
EVENT FAILED
203 272.8 , Est Remaining: 192.2
204 274.1 , Est Remaining: 190.8
EVENT FAILED
204 274.4 , Est Remaining: 191.0
205 275.8 , Est Remaining: 189.7
206 277.1 , Est Remaining: 188.3
207 278.4 , Est Remaining: 186.9
208 279.7 , Est Remaining: 185.6
209 281.0 , Est Remaining: 184.2
210 282.4 , Est Remaining: 182.9
211 283.7 , Est Remaining: 181.5
212 285.0 , Est Remaining: 180.1
213 286.3 , Est Remaining: 178.8
214 287.6 , Est Remaining: 177.4
215 289.0 , Est Remaining: 176.1
216 290.3 , Est Remaining: 174.7
217 291.6 , Est Remaining: 173.4
218 293.0 , Est Remaining: 172.0
219 294.3 , Est Remaining: 170.7
220 295.6 , Est Remaining: 169.3
221 297.0 , Est Remaining: 168.0
222 298.3 , Est Remaining: 166.6
223 299.6 , Est Remaining: 165.3
224 301.0 , Est Remaining: 163.9
225 302.3 , Est Remaining: 162.6
226 303.6 , Est Remaining: 161.2
227 305.0 , Est Remaining: 159.9
228 306.3 , Est Remaining: 158.5
229 307.6 , Est Remaining: 157.2
230 309.0 , Est Remaining: 155.8
231 310.3 , Est Remaining: 154.5
232 311.7 , Est Remaining: 153.1
233 313.0 , Est Remaining: 151.8
234 314.3 , Est Remaining: 150.4
235 315.6 , Est Remaining: 149.1
236 317.0 , Est Remaining: 147.7
237 318.3 , Est Remaining: 146.4
238 319.6 , Est Remaining: 145.0
239 320.9 , Est Remaining: 143.7
240 322.3 , Est Remaining: 142.3
EVENT FAILED
240 322.6 , Est Remaining: 142.5
241 323.9 , Est Remaining: 141.1
242 325.2 , Est Remaining: 139.8
243 326.6 , Est Remaining: 138.4
EVENT FAILED
243 326.9 , Est Remaining: 138.6
EVENT FAILED
243 327.2 , Est Remaining: 138.7
244 328.5 , Est Remaining: 137.3
245 329.8 , Est Remaining: 136.0
246 331.2 , Est Remaining: 134.6
247 332.5 , Est Remaining: 133.3
248 333.8 , Est Remaining: 131.9
249 335.2 , Est Remaining: 130.6
250 336.5 , Est Remaining: 129.2
251 337.8 , Est Remaining: 127.9
252 339.2 , Est Remaining: 126.5
253 340.5 , Est Remaining: 125.2
254 341.8 , Est Remaining: 123.8
255 343.2 , Est Remaining: 122.5
256 344.5 , Est Remaining: 121.1
257 345.9 , Est Remaining: 119.8
258 347.2 , Est Remaining: 118.4
259 348.6 , Est Remaining: 117.1
260 349.9 , Est Remaining: 115.7
261 351.2 , Est Remaining: 114.4
262 352.6 , Est Remaining: 113.0
EVENT FAILED
262 353.2 , Est Remaining: 113.2
263 354.5 , Est Remaining: 111.9
264 355.9 , Est Remaining: 110.5
265 357.1 , Est Remaining: 109.2
266 358.5 , Est Remaining: 107.8
267 359.8 , Est Remaining: 106.5
268 361.1 , Est Remaining: 105.1
269 362.5 , Est Remaining: 103.8
270 363.8 , Est Remaining: 102.4
271 365.1 , Est Remaining: 101.1
272 366.5 , Est Remaining: 99.7
273 367.8 , Est Remaining: 98.4
274 369.2 , Est Remaining: 97.0
275 370.5 , Est Remaining: 95.7
276 371.8 , Est Remaining: 94.3
277 373.2 , Est Remaining: 93.0
278 374.5 , Est Remaining: 91.6
279 375.9 , Est Remaining: 90.3
280 377.2 , Est Remaining: 88.9
281 378.6 , Est Remaining: 87.6
282 379.9 , Est Remaining: 86.2
283 381.3 , Est Remaining: 84.9
284 382.6 , Est Remaining: 83.5
285 383.9 , Est Remaining: 82.2
286 385.2 , Est Remaining: 80.8
287 386.6 , Est Remaining: 79.5
288 387.9 , Est Remaining: 78.1
289 389.2 , Est Remaining: 76.8
290 390.6 , Est Remaining: 75.4
291 391.9 , Est Remaining: 74.1
292 393.2 , Est Remaining: 72.7
293 394.6 , Est Remaining: 71.4
294 395.9 , Est Remaining: 70.0
295 397.2 , Est Remaining: 68.7
EVENT FAILED
295 397.5 , Est Remaining: 68.7
296 398.9 , Est Remaining: 67.4
297 400.2 , Est Remaining: 66.0
298 401.5 , Est Remaining: 64.7
299 402.9 , Est Remaining: 63.3
300 404.2 , Est Remaining: 62.0
301 405.5 , Est Remaining: 60.6
302 407.0 , Est Remaining: 59.3
303 408.3 , Est Remaining: 57.9
304 409.7 , Est Remaining: 56.6
305 411.0 , Est Remaining: 55.2
306 412.3 , Est Remaining: 53.9
307 413.6 , Est Remaining: 52.5
308 415.0 , Est Remaining: 51.2
309 416.3 , Est Remaining: 49.8
310 417.6 , Est Remaining: 48.5
EVENT FAILED
310 417.9 , Est Remaining: 48.5
311 419.3 , Est Remaining: 47.2
312 420.6 , Est Remaining: 45.8
313 422.0 , Est Remaining: 44.5
314 423.3 , Est Remaining: 43.1
315 424.6 , Est Remaining: 41.8
EVENT FAILED
315 424.9 , Est Remaining: 41.8
316 426.2 , Est Remaining: 40.5
317 427.6 , Est Remaining: 39.1
318 428.9 , Est Remaining: 37.8
319 430.2 , Est Remaining: 36.4
320 431.5 , Est Remaining: 35.1
321 432.9 , Est Remaining: 33.7
322 434.2 , Est Remaining: 32.4
323 435.5 , Est Remaining: 31.0
324 436.9 , Est Remaining: 29.7
325 438.2 , Est Remaining: 28.3
326 439.5 , Est Remaining: 27.0
EVENT FAILED
326 439.8 , Est Remaining: 27.0
327 441.2 , Est Remaining: 25.6
328 442.5 , Est Remaining: 24.3
329 443.8 , Est Remaining: 22.9
330 445.2 , Est Remaining: 21.6
