Note: NumExpr detected 32 cores but "NUMEXPR_MAX_THREADS" not set, so enforcing safe limit of 8.
Using selector: EpollSelector
/n/home02/jhaefner/miniconda/envs/IC-3.7-2020-06-16/lib/python3.7/site-packages/scipy/optimize/minpack.py:808: OptimizeWarning: Covariance of the parameters could not be estimated
  category=OptimizeWarning)
Total rwfs: 346
0 0.0 , Est Remaining: 999999.9
1 1.4 , Est Remaining: 480.6
2 2.8 , Est Remaining: 479.8
3 4.2 , Est Remaining: 480.3
4 5.6 , Est Remaining: 477.1
EVENT FAILED
4 5.9 , Est Remaining: 503.5
5 7.2 , Est Remaining: 492.9
6 8.6 , Est Remaining: 486.3
7 9.9 , Est Remaining: 480.8
8 11.3 , Est Remaining: 477.8
9 12.7 , Est Remaining: 474.7
10 14.0 , Est Remaining: 471.2
11 15.4 , Est Remaining: 468.0
12 16.7 , Est Remaining: 465.0
13 18.1 , Est Remaining: 462.8
14 19.4 , Est Remaining: 460.5
EVENT FAILED
14 19.7 , Est Remaining: 467.6
15 21.1 , Est Remaining: 464.6
16 22.4 , Est Remaining: 462.2
17 23.7 , Est Remaining: 459.6
18 25.1 , Est Remaining: 457.2
19 26.4 , Est Remaining: 455.1
20 27.8 , Est Remaining: 453.5
21 29.2 , Est Remaining: 451.4
22 30.5 , Est Remaining: 449.5
23 31.9 , Est Remaining: 447.4
24 33.2 , Est Remaining: 445.5
25 34.5 , Est Remaining: 443.5
26 35.9 , Est Remaining: 441.6
27 37.2 , Est Remaining: 439.7
28 38.6 , Est Remaining: 437.9
29 39.9 , Est Remaining: 436.0
30 41.2 , Est Remaining: 434.0
31 42.5 , Est Remaining: 432.2
32 43.9 , Est Remaining: 430.3
33 45.2 , Est Remaining: 428.5
34 46.5 , Est Remaining: 426.8
35 47.8 , Est Remaining: 425.1
36 49.2 , Est Remaining: 423.4
37 50.5 , Est Remaining: 421.8
38 51.8 , Est Remaining: 420.2
39 53.2 , Est Remaining: 418.7
40 54.5 , Est Remaining: 417.2
41 55.9 , Est Remaining: 415.8
42 57.2 , Est Remaining: 414.2
43 58.6 , Est Remaining: 412.7
44 59.9 , Est Remaining: 411.3
45 61.3 , Est Remaining: 409.8
46 62.6 , Est Remaining: 408.3
47 64.0 , Est Remaining: 406.9
48 65.3 , Est Remaining: 405.5
49 66.7 , Est Remaining: 404.1
50 68.0 , Est Remaining: 402.7
51 69.4 , Est Remaining: 401.3
52 70.7 , Est Remaining: 399.9
53 72.1 , Est Remaining: 398.6
54 73.5 , Est Remaining: 397.2
55 74.8 , Est Remaining: 396.0
56 76.2 , Est Remaining: 394.8
57 77.6 , Est Remaining: 393.5
58 79.0 , Est Remaining: 392.3
59 80.4 , Est Remaining: 391.0
60 81.7 , Est Remaining: 389.7
61 83.1 , Est Remaining: 388.4
62 84.5 , Est Remaining: 387.2
63 85.9 , Est Remaining: 385.9
64 87.3 , Est Remaining: 384.6
65 88.7 , Est Remaining: 383.4
EVENT FAILED
65 89.0 , Est Remaining: 384.7
66 90.4 , Est Remaining: 383.3
67 91.8 , Est Remaining: 382.2
EVENT FAILED
67 92.1 , Est Remaining: 383.4
68 93.5 , Est Remaining: 382.1
69 94.9 , Est Remaining: 380.8
70 96.3 , Est Remaining: 379.6
71 97.7 , Est Remaining: 378.3
72 99.1 , Est Remaining: 377.1
73 100.5 , Est Remaining: 375.9
74 101.9 , Est Remaining: 374.6
75 103.3 , Est Remaining: 373.3
76 104.7 , Est Remaining: 372.0
77 106.1 , Est Remaining: 370.7
78 107.5 , Est Remaining: 369.4
79 108.9 , Est Remaining: 368.0
80 110.3 , Est Remaining: 366.7
81 111.6 , Est Remaining: 365.1
82 113.0 , Est Remaining: 363.7
83 114.4 , Est Remaining: 362.4
84 115.8 , Est Remaining: 361.2
85 117.2 , Est Remaining: 359.8
86 118.6 , Est Remaining: 358.6
EVENT FAILED
86 118.9 , Est Remaining: 359.5
87 120.3 , Est Remaining: 358.2
88 121.7 , Est Remaining: 356.9
89 123.1 , Est Remaining: 355.5
90 124.4 , Est Remaining: 353.9
91 125.8 , Est Remaining: 352.6
92 127.2 , Est Remaining: 351.3
93 128.7 , Est Remaining: 350.0
94 130.1 , Est Remaining: 348.7
95 131.5 , Est Remaining: 347.4
96 132.9 , Est Remaining: 346.0
97 134.3 , Est Remaining: 344.7
98 135.7 , Est Remaining: 343.3
99 137.1 , Est Remaining: 342.0
100 138.4 , Est Remaining: 340.6
101 139.9 , Est Remaining: 339.3
102 141.3 , Est Remaining: 337.9
103 142.7 , Est Remaining: 336.8
104 144.1 , Est Remaining: 335.4
105 145.5 , Est Remaining: 334.0
106 146.9 , Est Remaining: 332.7
107 148.3 , Est Remaining: 331.3
108 149.7 , Est Remaining: 330.0
109 151.1 , Est Remaining: 328.6
110 152.6 , Est Remaining: 327.3
111 154.0 , Est Remaining: 326.0
EVENT FAILED
111 154.6 , Est Remaining: 327.2
112 156.0 , Est Remaining: 325.9
113 157.4 , Est Remaining: 324.6
114 158.8 , Est Remaining: 323.2
115 160.2 , Est Remaining: 321.9
EVENT FAILED
115 160.5 , Est Remaining: 322.5
116 162.0 , Est Remaining: 321.1
117 163.4 , Est Remaining: 319.8
118 164.8 , Est Remaining: 318.4
119 166.2 , Est Remaining: 317.1
120 167.7 , Est Remaining: 315.8
121 169.1 , Est Remaining: 314.4
122 170.5 , Est Remaining: 313.1
123 172.0 , Est Remaining: 311.8
124 173.4 , Est Remaining: 310.5
125 174.9 , Est Remaining: 309.1
126 176.3 , Est Remaining: 307.8
127 177.7 , Est Remaining: 306.5
128 179.2 , Est Remaining: 305.2
129 180.6 , Est Remaining: 303.8
130 182.0 , Est Remaining: 302.5
131 183.5 , Est Remaining: 301.1
132 184.9 , Est Remaining: 299.8
133 186.3 , Est Remaining: 298.4
134 187.8 , Est Remaining: 297.1
135 189.2 , Est Remaining: 295.7
136 190.6 , Est Remaining: 294.3
137 192.0 , Est Remaining: 292.9
138 193.4 , Est Remaining: 291.6
139 194.8 , Est Remaining: 290.2
140 196.3 , Est Remaining: 288.8
141 197.7 , Est Remaining: 287.4
142 199.1 , Est Remaining: 286.0
143 200.5 , Est Remaining: 284.6
144 201.9 , Est Remaining: 283.3
145 203.4 , Est Remaining: 281.9
146 204.8 , Est Remaining: 280.5
147 206.2 , Est Remaining: 279.2
148 207.6 , Est Remaining: 277.8
149 209.1 , Est Remaining: 276.4
150 210.5 , Est Remaining: 275.1
151 211.9 , Est Remaining: 273.7
152 213.4 , Est Remaining: 272.3
153 214.8 , Est Remaining: 271.0
154 216.3 , Est Remaining: 269.6
155 217.7 , Est Remaining: 268.3
156 219.2 , Est Remaining: 266.9
157 220.6 , Est Remaining: 265.6
158 222.0 , Est Remaining: 264.2
159 223.5 , Est Remaining: 262.8
160 224.9 , Est Remaining: 261.4
161 226.3 , Est Remaining: 260.1
162 227.8 , Est Remaining: 258.7
163 229.2 , Est Remaining: 257.3
164 230.6 , Est Remaining: 255.9
165 232.0 , Est Remaining: 254.5
166 233.4 , Est Remaining: 253.1
167 234.9 , Est Remaining: 251.7
168 236.3 , Est Remaining: 250.3
169 237.7 , Est Remaining: 248.9
170 239.1 , Est Remaining: 247.5
171 240.5 , Est Remaining: 246.1
172 241.9 , Est Remaining: 244.8
173 243.4 , Est Remaining: 243.4
174 244.8 , Est Remaining: 242.0
175 246.2 , Est Remaining: 240.6
176 247.6 , Est Remaining: 239.2
177 249.1 , Est Remaining: 237.8
178 250.5 , Est Remaining: 236.4
179 251.9 , Est Remaining: 235.0
180 253.3 , Est Remaining: 233.6
181 254.7 , Est Remaining: 232.2
182 256.2 , Est Remaining: 230.8
183 257.6 , Est Remaining: 229.4
184 258.9 , Est Remaining: 227.9
185 260.3 , Est Remaining: 226.5
186 261.7 , Est Remaining: 225.1
187 263.1 , Est Remaining: 223.7
188 264.5 , Est Remaining: 222.3
189 266.0 , Est Remaining: 220.9
190 267.4 , Est Remaining: 219.5
191 268.8 , Est Remaining: 218.1
192 270.2 , Est Remaining: 216.7
193 271.6 , Est Remaining: 215.3
194 273.0 , Est Remaining: 213.9
195 274.4 , Est Remaining: 212.5
196 275.8 , Est Remaining: 211.1
197 277.3 , Est Remaining: 209.7
198 278.7 , Est Remaining: 208.3
199 280.1 , Est Remaining: 206.9
200 281.6 , Est Remaining: 205.5
201 283.0 , Est Remaining: 204.2
EVENT FAILED
201 283.3 , Est Remaining: 204.4
202 284.8 , Est Remaining: 203.0
203 286.3 , Est Remaining: 201.7
204 287.7 , Est Remaining: 200.3
205 289.1 , Est Remaining: 198.9
206 290.5 , Est Remaining: 197.4
207 291.9 , Est Remaining: 196.0
208 293.4 , Est Remaining: 194.6
209 294.8 , Est Remaining: 193.2
210 296.2 , Est Remaining: 191.9
211 297.7 , Est Remaining: 190.5
212 299.2 , Est Remaining: 189.1
213 300.7 , Est Remaining: 187.7
214 302.1 , Est Remaining: 186.3
215 303.5 , Est Remaining: 184.9
216 304.9 , Est Remaining: 183.5
217 306.3 , Est Remaining: 182.1
218 307.8 , Est Remaining: 180.7
219 309.2 , Est Remaining: 179.3
EVENT FAILED
219 309.5 , Est Remaining: 179.5
220 310.9 , Est Remaining: 178.1
221 312.3 , Est Remaining: 176.7
222 313.8 , Est Remaining: 175.3
EVENT FAILED
222 314.1 , Est Remaining: 175.4
223 315.5 , Est Remaining: 174.0
224 316.9 , Est Remaining: 172.6
225 318.4 , Est Remaining: 171.2
226 319.8 , Est Remaining: 169.8
227 321.2 , Est Remaining: 168.4
228 322.6 , Est Remaining: 167.0
229 324.1 , Est Remaining: 165.6
230 325.5 , Est Remaining: 164.2
231 326.9 , Est Remaining: 162.8
232 328.4 , Est Remaining: 161.3
233 329.8 , Est Remaining: 159.9
EVENT FAILED
233 330.1 , Est Remaining: 160.1
234 331.5 , Est Remaining: 158.7
EVENT FAILED
234 331.8 , Est Remaining: 158.8
235 333.2 , Est Remaining: 157.4
236 334.7 , Est Remaining: 156.0
237 336.1 , Est Remaining: 154.6
238 337.5 , Est Remaining: 153.2
239 339.0 , Est Remaining: 151.7
240 340.4 , Est Remaining: 150.3
241 341.8 , Est Remaining: 148.9
242 343.2 , Est Remaining: 147.5
243 344.7 , Est Remaining: 146.1
244 346.1 , Est Remaining: 144.7
245 347.5 , Est Remaining: 143.3
246 348.9 , Est Remaining: 141.8
247 350.3 , Est Remaining: 140.4
248 351.7 , Est Remaining: 139.0
249 353.1 , Est Remaining: 137.6
250 354.5 , Est Remaining: 136.1
251 355.9 , Est Remaining: 134.7
252 357.3 , Est Remaining: 133.3
253 358.7 , Est Remaining: 131.9
254 360.2 , Est Remaining: 130.5
255 361.6 , Est Remaining: 129.0
256 363.0 , Est Remaining: 127.6
257 364.5 , Est Remaining: 126.2
258 365.9 , Est Remaining: 124.8
259 367.3 , Est Remaining: 123.4
260 368.8 , Est Remaining: 122.0
261 370.2 , Est Remaining: 120.6
262 371.6 , Est Remaining: 119.1
263 373.1 , Est Remaining: 117.7
264 374.5 , Est Remaining: 116.3
265 375.9 , Est Remaining: 114.9
266 377.3 , Est Remaining: 113.5
267 378.8 , Est Remaining: 112.1
268 380.2 , Est Remaining: 110.6
269 381.6 , Est Remaining: 109.2
270 383.0 , Est Remaining: 107.8
271 384.5 , Est Remaining: 106.4
272 385.9 , Est Remaining: 105.0
273 387.3 , Est Remaining: 103.6
EVENT FAILED
273 387.6 , Est Remaining: 103.6
274 389.0 , Est Remaining: 102.2
275 390.4 , Est Remaining: 100.8
276 391.8 , Est Remaining: 99.4
EVENT FAILED
276 392.1 , Est Remaining: 99.5
277 393.6 , Est Remaining: 98.0
278 395.0 , Est Remaining: 96.6
279 396.4 , Est Remaining: 95.2
280 397.8 , Est Remaining: 93.8
281 399.2 , Est Remaining: 92.3
282 400.6 , Est Remaining: 90.9
283 402.0 , Est Remaining: 89.5
284 403.4 , Est Remaining: 88.1
285 404.8 , Est Remaining: 86.6
286 406.2 , Est Remaining: 85.2
287 407.6 , Est Remaining: 83.8
288 409.1 , Est Remaining: 82.4
289 410.5 , Est Remaining: 81.0
290 411.9 , Est Remaining: 79.5
291 413.3 , Est Remaining: 78.1
292 414.8 , Est Remaining: 76.7
293 416.2 , Est Remaining: 75.3
294 417.6 , Est Remaining: 73.9
295 419.0 , Est Remaining: 72.4
296 420.5 , Est Remaining: 71.0
297 421.9 , Est Remaining: 69.6
298 423.3 , Est Remaining: 68.2
299 424.7 , Est Remaining: 66.8
300 426.2 , Est Remaining: 65.3
301 427.6 , Est Remaining: 63.9
302 429.2 , Est Remaining: 62.5
303 430.6 , Est Remaining: 61.1
304 432.0 , Est Remaining: 59.7
305 433.5 , Est Remaining: 58.3
306 434.9 , Est Remaining: 56.8
307 436.3 , Est Remaining: 55.4
308 437.7 , Est Remaining: 54.0
309 439.2 , Est Remaining: 52.6
310 440.6 , Est Remaining: 51.2
311 442.0 , Est Remaining: 49.7
312 443.4 , Est Remaining: 48.3
313 444.8 , Est Remaining: 46.9
314 446.2 , Est Remaining: 45.5
315 447.6 , Est Remaining: 44.0
316 449.0 , Est Remaining: 42.6
317 450.4 , Est Remaining: 41.2
318 451.8 , Est Remaining: 39.8
319 453.2 , Est Remaining: 38.4
320 454.6 , Est Remaining: 36.9
EVENT FAILED
320 454.9 , Est Remaining: 37.0
321 456.3 , Est Remaining: 35.5
322 457.8 , Est Remaining: 34.1
323 459.1 , Est Remaining: 32.7
324 460.5 , Est Remaining: 31.3
325 461.9 , Est Remaining: 29.8
326 463.4 , Est Remaining: 28.4
327 464.8 , Est Remaining: 27.0
328 466.2 , Est Remaining: 25.6
329 467.7 , Est Remaining: 24.2
330 469.1 , Est Remaining: 22.7
