Note: NumExpr detected 32 cores but "NUMEXPR_MAX_THREADS" not set, so enforcing safe limit of 8.
Using selector: EpollSelector
/n/home02/jhaefner/miniconda/envs/IC-3.7-2020-06-16/lib/python3.7/site-packages/scipy/optimize/minpack.py:808: OptimizeWarning: Covariance of the parameters could not be estimated
  category=OptimizeWarning)
Total rwfs: 346
0 0.0 , Est Remaining: 999999.9
1 1.4 , Est Remaining: 481.3
2 2.8 , Est Remaining: 478.7
3 4.2 , Est Remaining: 477.7
4 5.5 , Est Remaining: 472.8
5 6.9 , Est Remaining: 468.9
6 8.2 , Est Remaining: 466.6
EVENT FAILED
6 8.6 , Est Remaining: 486.0
7 9.9 , Est Remaining: 480.5
8 11.3 , Est Remaining: 475.9
9 12.6 , Est Remaining: 471.1
10 13.9 , Est Remaining: 467.4
11 15.3 , Est Remaining: 464.7
12 16.6 , Est Remaining: 462.7
13 18.0 , Est Remaining: 460.1
14 19.3 , Est Remaining: 457.8
15 20.6 , Est Remaining: 455.5
16 22.0 , Est Remaining: 453.2
17 23.3 , Est Remaining: 450.9
18 24.6 , Est Remaining: 448.7
19 26.0 , Est Remaining: 446.9
20 27.3 , Est Remaining: 444.8
21 28.6 , Est Remaining: 442.6
22 30.0 , Est Remaining: 441.1
EVENT FAILED
22 30.3 , Est Remaining: 445.6
23 31.6 , Est Remaining: 443.5
24 32.9 , Est Remaining: 441.3
25 34.2 , Est Remaining: 439.3
26 35.6 , Est Remaining: 437.8
27 36.9 , Est Remaining: 436.0
28 38.2 , Est Remaining: 434.2
29 39.6 , Est Remaining: 432.9
30 41.0 , Est Remaining: 431.4
31 42.3 , Est Remaining: 430.0
EVENT FAILED
31 42.9 , Est Remaining: 436.0
32 44.3 , Est Remaining: 434.6
33 45.7 , Est Remaining: 433.1
EVENT FAILED
33 46.0 , Est Remaining: 435.9
34 47.4 , Est Remaining: 434.5
35 48.7 , Est Remaining: 433.1
36 50.2 , Est Remaining: 431.9
37 51.6 , Est Remaining: 430.7
38 53.0 , Est Remaining: 429.4
39 54.4 , Est Remaining: 428.2
40 55.8 , Est Remaining: 426.8
41 57.2 , Est Remaining: 425.5
42 58.6 , Est Remaining: 424.2
43 60.0 , Est Remaining: 423.0
44 61.4 , Est Remaining: 421.7
45 62.9 , Est Remaining: 420.6
EVENT FAILED
45 63.2 , Est Remaining: 422.6
46 64.6 , Est Remaining: 421.4
47 66.0 , Est Remaining: 420.2
48 67.5 , Est Remaining: 418.9
49 68.9 , Est Remaining: 417.6
50 70.3 , Est Remaining: 416.5
51 71.8 , Est Remaining: 415.3
52 73.3 , Est Remaining: 414.3
53 74.7 , Est Remaining: 413.1
54 76.2 , Est Remaining: 411.9
55 77.6 , Est Remaining: 410.7
56 79.1 , Est Remaining: 409.7
57 80.6 , Est Remaining: 408.5
58 82.0 , Est Remaining: 407.3
59 83.5 , Est Remaining: 406.1
60 85.0 , Est Remaining: 405.0
61 86.4 , Est Remaining: 403.8
62 87.9 , Est Remaining: 402.6
63 89.3 , Est Remaining: 401.3
64 90.8 , Est Remaining: 400.1
65 92.2 , Est Remaining: 398.8
66 93.7 , Est Remaining: 397.5
67 95.1 , Est Remaining: 396.2
68 96.6 , Est Remaining: 394.8
69 98.0 , Est Remaining: 393.5
70 99.4 , Est Remaining: 392.0
71 100.9 , Est Remaining: 390.6
72 102.3 , Est Remaining: 389.3
73 103.7 , Est Remaining: 387.9
74 105.2 , Est Remaining: 386.5
75 106.6 , Est Remaining: 385.1
76 108.0 , Est Remaining: 383.8
77 109.5 , Est Remaining: 382.4
78 110.9 , Est Remaining: 381.1
79 112.4 , Est Remaining: 379.8
80 113.8 , Est Remaining: 378.4
81 115.3 , Est Remaining: 377.1
82 116.7 , Est Remaining: 375.8
83 118.2 , Est Remaining: 374.5
84 119.6 , Est Remaining: 373.1
85 121.1 , Est Remaining: 371.9
EVENT FAILED
85 121.4 , Est Remaining: 372.8
86 122.9 , Est Remaining: 371.4
87 124.3 , Est Remaining: 370.1
88 125.8 , Est Remaining: 368.8
89 127.2 , Est Remaining: 367.4
90 128.7 , Est Remaining: 366.0
91 130.1 , Est Remaining: 364.7
92 131.6 , Est Remaining: 363.3
93 133.0 , Est Remaining: 361.9
94 134.5 , Est Remaining: 360.6
95 136.0 , Est Remaining: 359.3
96 137.4 , Est Remaining: 357.9
97 138.9 , Est Remaining: 356.6
98 140.3 , Est Remaining: 355.2
99 141.8 , Est Remaining: 353.8
100 143.3 , Est Remaining: 352.4
101 144.7 , Est Remaining: 351.0
102 146.1 , Est Remaining: 349.5
103 147.6 , Est Remaining: 348.3
104 149.1 , Est Remaining: 346.8
105 150.5 , Est Remaining: 345.4
106 152.0 , Est Remaining: 344.0
107 153.4 , Est Remaining: 342.6
108 154.8 , Est Remaining: 341.2
109 156.2 , Est Remaining: 339.7
110 157.7 , Est Remaining: 338.2
111 159.1 , Est Remaining: 336.8
112 160.5 , Est Remaining: 335.4
113 161.9 , Est Remaining: 333.9
114 163.4 , Est Remaining: 332.5
115 164.8 , Est Remaining: 331.0
116 166.2 , Est Remaining: 329.6
117 167.7 , Est Remaining: 328.2
118 169.1 , Est Remaining: 326.7
119 170.5 , Est Remaining: 325.3
120 172.0 , Est Remaining: 323.9
121 173.4 , Est Remaining: 322.4
EVENT FAILED
121 173.7 , Est Remaining: 323.0
122 175.1 , Est Remaining: 321.5
123 176.6 , Est Remaining: 320.1
124 178.0 , Est Remaining: 318.8
125 179.5 , Est Remaining: 317.3
126 180.9 , Est Remaining: 315.9
127 182.4 , Est Remaining: 314.5
128 183.8 , Est Remaining: 313.0
129 185.2 , Est Remaining: 311.6
130 186.7 , Est Remaining: 310.1
131 188.1 , Est Remaining: 308.7
132 189.5 , Est Remaining: 307.3
133 190.9 , Est Remaining: 305.8
EVENT FAILED
133 191.2 , Est Remaining: 306.3
134 192.7 , Est Remaining: 304.8
135 194.1 , Est Remaining: 303.4
136 195.6 , Est Remaining: 302.0
137 197.0 , Est Remaining: 300.6
138 198.5 , Est Remaining: 299.1
139 199.9 , Est Remaining: 297.7
140 201.3 , Est Remaining: 296.2
141 202.7 , Est Remaining: 294.8
142 204.2 , Est Remaining: 293.3
143 205.6 , Est Remaining: 291.8
144 207.0 , Est Remaining: 290.4
145 208.4 , Est Remaining: 289.0
146 209.9 , Est Remaining: 287.5
147 211.3 , Est Remaining: 286.1
148 212.7 , Est Remaining: 284.6
149 214.2 , Est Remaining: 283.2
150 215.6 , Est Remaining: 281.7
151 217.0 , Est Remaining: 280.3
152 218.5 , Est Remaining: 278.9
153 219.9 , Est Remaining: 277.4
154 221.4 , Est Remaining: 276.0
155 222.8 , Est Remaining: 274.6
156 224.3 , Est Remaining: 273.2
157 225.7 , Est Remaining: 271.7
158 227.2 , Est Remaining: 270.3
159 228.6 , Est Remaining: 268.9
160 230.0 , Est Remaining: 267.4
161 231.5 , Est Remaining: 266.0
162 232.9 , Est Remaining: 264.6
163 234.4 , Est Remaining: 263.2
164 235.8 , Est Remaining: 261.7
165 237.3 , Est Remaining: 260.3
166 238.8 , Est Remaining: 258.9
167 240.2 , Est Remaining: 257.5
168 241.7 , Est Remaining: 256.1
169 243.1 , Est Remaining: 254.7
170 244.6 , Est Remaining: 253.2
171 246.0 , Est Remaining: 251.8
172 247.5 , Est Remaining: 250.4
173 248.9 , Est Remaining: 248.9
174 250.4 , Est Remaining: 247.5
175 251.8 , Est Remaining: 246.1
176 253.3 , Est Remaining: 244.6
177 254.7 , Est Remaining: 243.2
178 256.2 , Est Remaining: 241.8
179 257.6 , Est Remaining: 240.4
180 259.1 , Est Remaining: 238.9
EVENT FAILED
180 259.4 , Est Remaining: 239.2
181 260.8 , Est Remaining: 237.8
182 262.3 , Est Remaining: 236.3
183 263.7 , Est Remaining: 234.9
184 265.2 , Est Remaining: 233.5
185 266.6 , Est Remaining: 232.1
186 268.1 , Est Remaining: 230.6
187 269.5 , Est Remaining: 229.2
188 271.0 , Est Remaining: 227.7
189 272.4 , Est Remaining: 226.3
190 273.9 , Est Remaining: 224.9
191 275.4 , Est Remaining: 223.5
192 276.8 , Est Remaining: 222.0
EVENT FAILED
192 277.1 , Est Remaining: 222.3
193 278.5 , Est Remaining: 220.8
194 280.0 , Est Remaining: 219.4
195 281.4 , Est Remaining: 217.9
196 282.9 , Est Remaining: 216.5
197 284.3 , Est Remaining: 215.1
198 285.8 , Est Remaining: 213.6
199 287.3 , Est Remaining: 212.2
200 288.7 , Est Remaining: 210.8
201 290.2 , Est Remaining: 209.3
202 291.7 , Est Remaining: 207.9
203 293.2 , Est Remaining: 206.6
204 294.7 , Est Remaining: 205.1
205 296.1 , Est Remaining: 203.7
206 297.6 , Est Remaining: 202.3
207 299.1 , Est Remaining: 200.8
208 300.5 , Est Remaining: 199.4
209 302.0 , Est Remaining: 197.9
210 303.4 , Est Remaining: 196.5
211 304.9 , Est Remaining: 195.1
212 306.3 , Est Remaining: 193.6
213 307.8 , Est Remaining: 192.2
214 309.3 , Est Remaining: 190.8
215 310.7 , Est Remaining: 189.3
216 312.2 , Est Remaining: 187.9
217 313.6 , Est Remaining: 186.5
218 315.1 , Est Remaining: 185.0
219 316.6 , Est Remaining: 183.6
220 318.1 , Est Remaining: 182.2
221 319.5 , Est Remaining: 180.7
222 321.0 , Est Remaining: 179.3
223 322.4 , Est Remaining: 177.8
224 323.9 , Est Remaining: 176.4
225 325.3 , Est Remaining: 174.9
226 326.7 , Est Remaining: 173.5
227 328.2 , Est Remaining: 172.0
228 329.6 , Est Remaining: 170.6
229 331.0 , Est Remaining: 169.1
230 332.4 , Est Remaining: 167.7
231 333.8 , Est Remaining: 166.2
232 335.3 , Est Remaining: 164.7
233 336.7 , Est Remaining: 163.3
EVENT FAILED
233 337.0 , Est Remaining: 163.4
234 338.4 , Est Remaining: 162.0
235 339.9 , Est Remaining: 160.5
236 341.3 , Est Remaining: 159.1
EVENT FAILED
236 341.6 , Est Remaining: 159.2
237 343.1 , Est Remaining: 157.8
238 344.5 , Est Remaining: 156.3
239 346.0 , Est Remaining: 154.9
240 347.4 , Est Remaining: 153.4
241 348.8 , Est Remaining: 152.0
242 350.3 , Est Remaining: 150.5
243 351.7 , Est Remaining: 149.1
244 353.2 , Est Remaining: 147.6
245 354.6 , Est Remaining: 146.2
246 356.0 , Est Remaining: 144.7
247 357.5 , Est Remaining: 143.3
248 358.9 , Est Remaining: 141.8
249 360.4 , Est Remaining: 140.4
250 361.8 , Est Remaining: 138.9
251 363.2 , Est Remaining: 137.5
252 364.7 , Est Remaining: 136.0
253 366.1 , Est Remaining: 134.6
254 367.5 , Est Remaining: 133.1
255 368.9 , Est Remaining: 131.7
256 370.3 , Est Remaining: 130.2
257 371.8 , Est Remaining: 128.7
258 373.2 , Est Remaining: 127.3
259 374.6 , Est Remaining: 125.8
260 376.0 , Est Remaining: 124.4
261 377.4 , Est Remaining: 122.9
262 378.9 , Est Remaining: 121.5
263 380.3 , Est Remaining: 120.0
264 381.7 , Est Remaining: 118.5
EVENT FAILED
264 382.0 , Est Remaining: 118.6
265 383.3 , Est Remaining: 117.2
266 384.7 , Est Remaining: 115.7
EVENT FAILED
266 385.0 , Est Remaining: 115.8
267 386.5 , Est Remaining: 114.3
268 387.9 , Est Remaining: 112.9
269 389.3 , Est Remaining: 111.4
270 390.7 , Est Remaining: 110.0
271 392.1 , Est Remaining: 108.5
272 393.5 , Est Remaining: 107.1
273 394.9 , Est Remaining: 105.6
274 396.3 , Est Remaining: 104.1
275 397.7 , Est Remaining: 102.7
276 399.1 , Est Remaining: 101.2
277 400.5 , Est Remaining: 99.8
278 401.9 , Est Remaining: 98.3
279 403.3 , Est Remaining: 96.8
280 404.7 , Est Remaining: 95.4
281 406.1 , Est Remaining: 93.9
282 407.5 , Est Remaining: 92.5
283 408.9 , Est Remaining: 91.0
284 410.3 , Est Remaining: 89.6
285 411.7 , Est Remaining: 88.1
286 413.1 , Est Remaining: 86.7
287 414.5 , Est Remaining: 85.2
288 415.9 , Est Remaining: 83.8
289 417.3 , Est Remaining: 82.3
290 418.7 , Est Remaining: 80.8
291 420.1 , Est Remaining: 79.4
292 421.5 , Est Remaining: 77.9
293 422.9 , Est Remaining: 76.5
294 424.3 , Est Remaining: 75.0
295 425.7 , Est Remaining: 73.6
296 427.1 , Est Remaining: 72.1
297 428.5 , Est Remaining: 70.7
298 429.9 , Est Remaining: 69.2
299 431.3 , Est Remaining: 67.8
300 432.7 , Est Remaining: 66.3
301 434.1 , Est Remaining: 64.9
302 435.7 , Est Remaining: 63.5
303 437.1 , Est Remaining: 62.0
304 438.5 , Est Remaining: 60.6
305 439.9 , Est Remaining: 59.1
306 441.3 , Est Remaining: 57.7
EVENT FAILED
306 441.6 , Est Remaining: 57.7
307 443.0 , Est Remaining: 56.3
308 444.4 , Est Remaining: 54.8
309 445.8 , Est Remaining: 53.4
310 447.3 , Est Remaining: 51.9
311 448.7 , Est Remaining: 50.5
312 450.1 , Est Remaining: 49.0
313 451.5 , Est Remaining: 47.6
314 452.9 , Est Remaining: 46.2
315 454.3 , Est Remaining: 44.7
EVENT FAILED
315 454.6 , Est Remaining: 44.7
316 456.0 , Est Remaining: 43.3
317 457.4 , Est Remaining: 41.8
318 458.8 , Est Remaining: 40.4
319 460.2 , Est Remaining: 38.9
320 461.6 , Est Remaining: 37.5
321 463.0 , Est Remaining: 36.1
322 464.4 , Est Remaining: 34.6
323 465.8 , Est Remaining: 33.2
324 467.2 , Est Remaining: 31.7
325 468.6 , Est Remaining: 30.3
326 470.0 , Est Remaining: 28.8
327 471.4 , Est Remaining: 27.4
328 472.8 , Est Remaining: 25.9
329 474.2 , Est Remaining: 24.5
