Note: NumExpr detected 32 cores but "NUMEXPR_MAX_THREADS" not set, so enforcing safe limit of 8.
Using selector: EpollSelector
/n/home02/jhaefner/miniconda/envs/IC-3.7-2020-06-16/lib/python3.7/site-packages/scipy/optimize/minpack.py:808: OptimizeWarning: Covariance of the parameters could not be estimated
  category=OptimizeWarning)
Total rwfs: 346
0 0.0 , Est Remaining: 999999.9
1 1.5 , Est Remaining: 502.0
2 2.9 , Est Remaining: 501.6
EVENT FAILED
2 3.2 , Est Remaining: 558.1
3 4.7 , Est Remaining: 538.2
4 6.1 , Est Remaining: 524.4
5 7.6 , Est Remaining: 516.5
6 9.0 , Est Remaining: 510.4
7 10.5 , Est Remaining: 506.2
8 11.9 , Est Remaining: 504.1
9 13.4 , Est Remaining: 501.5
10 14.8 , Est Remaining: 498.7
11 16.3 , Est Remaining: 496.2
12 17.8 , Est Remaining: 494.2
13 19.2 , Est Remaining: 491.6
14 20.6 , Est Remaining: 489.4
15 22.1 , Est Remaining: 487.7
16 23.6 , Est Remaining: 486.0
17 25.0 , Est Remaining: 484.0
18 26.5 , Est Remaining: 482.2
19 27.9 , Est Remaining: 480.2
20 29.4 , Est Remaining: 478.5
21 30.8 , Est Remaining: 476.7
22 32.3 , Est Remaining: 475.7
23 33.7 , Est Remaining: 473.9
24 35.2 , Est Remaining: 472.4
25 36.7 , Est Remaining: 470.7
26 38.1 , Est Remaining: 469.2
27 39.6 , Est Remaining: 467.4
28 41.0 , Est Remaining: 465.8
29 42.5 , Est Remaining: 464.1
30 43.9 , Est Remaining: 462.5
31 45.3 , Est Remaining: 460.7
32 46.8 , Est Remaining: 458.9
33 48.2 , Est Remaining: 457.2
34 49.6 , Est Remaining: 455.3
35 51.1 , Est Remaining: 453.6
36 52.5 , Est Remaining: 451.8
37 53.9 , Est Remaining: 450.1
38 55.3 , Est Remaining: 448.3
39 56.7 , Est Remaining: 446.5
40 58.1 , Est Remaining: 444.8
41 59.6 , Est Remaining: 443.2
42 61.0 , Est Remaining: 441.6
43 62.4 , Est Remaining: 440.0
44 63.9 , Est Remaining: 438.4
45 65.3 , Est Remaining: 436.8
46 66.7 , Est Remaining: 435.3
47 68.2 , Est Remaining: 433.9
48 69.7 , Est Remaining: 432.4
49 71.1 , Est Remaining: 431.1
50 72.6 , Est Remaining: 429.6
51 74.0 , Est Remaining: 428.2
52 75.5 , Est Remaining: 426.7
53 76.9 , Est Remaining: 425.3
54 78.4 , Est Remaining: 423.9
55 79.8 , Est Remaining: 422.4
56 81.3 , Est Remaining: 421.0
57 82.7 , Est Remaining: 419.5
58 84.2 , Est Remaining: 418.2
59 85.7 , Est Remaining: 416.7
60 87.1 , Est Remaining: 415.3
61 88.6 , Est Remaining: 413.8
EVENT FAILED
61 88.9 , Est Remaining: 415.2
62 90.3 , Est Remaining: 413.7
63 91.8 , Est Remaining: 412.3
EVENT FAILED
63 92.1 , Est Remaining: 413.6
64 93.5 , Est Remaining: 412.1
65 95.0 , Est Remaining: 410.5
66 96.4 , Est Remaining: 409.0
67 97.9 , Est Remaining: 407.5
68 99.3 , Est Remaining: 406.0
69 100.8 , Est Remaining: 404.5
70 102.2 , Est Remaining: 403.0
71 103.7 , Est Remaining: 401.6
EVENT FAILED
71 104.0 , Est Remaining: 402.9
72 105.5 , Est Remaining: 401.3
73 106.9 , Est Remaining: 399.8
74 108.4 , Est Remaining: 398.3
75 109.8 , Est Remaining: 396.7
76 111.2 , Est Remaining: 395.1
77 112.7 , Est Remaining: 393.6
78 114.1 , Est Remaining: 392.1
79 115.6 , Est Remaining: 390.6
80 117.0 , Est Remaining: 389.1
81 118.5 , Est Remaining: 387.7
82 120.0 , Est Remaining: 386.2
83 121.4 , Est Remaining: 384.8
84 122.9 , Est Remaining: 383.3
85 124.4 , Est Remaining: 381.8
86 125.8 , Est Remaining: 380.4
87 127.3 , Est Remaining: 378.9
88 128.7 , Est Remaining: 377.4
89 130.2 , Est Remaining: 375.9
90 131.6 , Est Remaining: 374.4
91 133.1 , Est Remaining: 373.0
92 134.6 , Est Remaining: 371.5
93 136.0 , Est Remaining: 370.0
94 137.5 , Est Remaining: 368.5
95 138.9 , Est Remaining: 367.0
96 140.4 , Est Remaining: 365.5
97 141.8 , Est Remaining: 364.0
98 143.3 , Est Remaining: 362.5
99 144.7 , Est Remaining: 361.0
EVENT FAILED
99 145.0 , Est Remaining: 361.8
100 146.4 , Est Remaining: 360.3
101 147.9 , Est Remaining: 358.8
102 149.4 , Est Remaining: 357.3
103 150.9 , Est Remaining: 356.0
104 152.4 , Est Remaining: 354.5
105 153.8 , Est Remaining: 353.1
106 155.3 , Est Remaining: 351.6
107 156.7 , Est Remaining: 350.1
108 158.2 , Est Remaining: 348.6
109 159.6 , Est Remaining: 347.1
110 161.1 , Est Remaining: 345.5
111 162.5 , Est Remaining: 344.0
112 164.0 , Est Remaining: 342.6
113 165.4 , Est Remaining: 341.1
114 166.9 , Est Remaining: 339.6
115 168.3 , Est Remaining: 338.0
116 169.7 , Est Remaining: 336.5
117 171.1 , Est Remaining: 335.0
118 172.6 , Est Remaining: 333.5
119 174.0 , Est Remaining: 332.0
120 175.5 , Est Remaining: 330.5
121 176.9 , Est Remaining: 328.9
122 178.3 , Est Remaining: 327.4
123 179.7 , Est Remaining: 325.9
124 181.1 , Est Remaining: 324.3
125 182.6 , Est Remaining: 322.8
126 184.0 , Est Remaining: 321.3
127 185.4 , Est Remaining: 319.7
EVENT FAILED
127 185.7 , Est Remaining: 320.2
128 187.1 , Est Remaining: 318.7
129 188.5 , Est Remaining: 317.1
130 189.9 , Est Remaining: 315.5
131 191.3 , Est Remaining: 314.0
132 192.7 , Est Remaining: 312.4
133 194.1 , Est Remaining: 310.8
134 195.5 , Est Remaining: 309.3
135 196.9 , Est Remaining: 307.7
136 198.3 , Est Remaining: 306.2
137 199.7 , Est Remaining: 304.6
138 201.0 , Est Remaining: 303.0
139 202.4 , Est Remaining: 301.4
140 203.8 , Est Remaining: 299.9
141 205.2 , Est Remaining: 298.3
142 206.6 , Est Remaining: 296.7
143 207.9 , Est Remaining: 295.2
144 209.3 , Est Remaining: 293.6
145 210.7 , Est Remaining: 292.1
146 212.1 , Est Remaining: 290.5
147 213.4 , Est Remaining: 288.9
148 214.8 , Est Remaining: 287.4
149 216.2 , Est Remaining: 285.8
150 217.5 , Est Remaining: 284.3
EVENT FAILED
150 217.8 , Est Remaining: 284.7
151 219.2 , Est Remaining: 283.1
152 220.6 , Est Remaining: 281.5
153 221.9 , Est Remaining: 280.0
154 223.3 , Est Remaining: 278.4
EVENT FAILED
154 223.6 , Est Remaining: 278.8
155 225.0 , Est Remaining: 277.2
156 226.4 , Est Remaining: 275.7
157 227.7 , Est Remaining: 274.1
158 229.1 , Est Remaining: 272.6
159 230.5 , Est Remaining: 271.0
160 231.8 , Est Remaining: 269.5
EVENT FAILED
160 232.1 , Est Remaining: 269.8
161 233.5 , Est Remaining: 268.3
162 234.9 , Est Remaining: 266.8
163 236.3 , Est Remaining: 265.2
164 237.6 , Est Remaining: 263.7
165 239.0 , Est Remaining: 262.2
166 240.4 , Est Remaining: 260.6
167 241.7 , Est Remaining: 259.1
168 243.1 , Est Remaining: 257.6
169 244.5 , Est Remaining: 256.1
170 245.9 , Est Remaining: 254.6
171 247.3 , Est Remaining: 253.0
172 248.6 , Est Remaining: 251.5
173 250.0 , Est Remaining: 250.0
174 251.4 , Est Remaining: 248.5
175 252.8 , Est Remaining: 247.0
176 254.2 , Est Remaining: 245.5
177 255.5 , Est Remaining: 244.0
178 256.9 , Est Remaining: 242.5
179 258.3 , Est Remaining: 241.0
180 259.7 , Est Remaining: 239.5
181 261.0 , Est Remaining: 238.0
182 262.4 , Est Remaining: 236.5
183 263.8 , Est Remaining: 235.0
184 265.2 , Est Remaining: 233.5
185 266.5 , Est Remaining: 232.0
186 267.9 , Est Remaining: 230.5
187 269.3 , Est Remaining: 229.0
188 270.7 , Est Remaining: 227.5
189 272.1 , Est Remaining: 226.0
190 273.5 , Est Remaining: 224.5
191 274.9 , Est Remaining: 223.1
192 276.3 , Est Remaining: 221.6
193 277.7 , Est Remaining: 220.1
194 279.1 , Est Remaining: 218.7
195 280.5 , Est Remaining: 217.2
196 281.9 , Est Remaining: 215.7
197 283.3 , Est Remaining: 214.2
198 284.7 , Est Remaining: 212.8
199 286.1 , Est Remaining: 211.3
200 287.5 , Est Remaining: 209.9
201 288.9 , Est Remaining: 208.4
202 290.3 , Est Remaining: 207.0
203 291.9 , Est Remaining: 205.6
204 293.3 , Est Remaining: 204.2
205 294.7 , Est Remaining: 202.7
206 296.1 , Est Remaining: 201.2
207 297.5 , Est Remaining: 199.8
208 298.9 , Est Remaining: 198.3
209 300.3 , Est Remaining: 196.9
210 301.8 , Est Remaining: 195.4
211 303.2 , Est Remaining: 194.0
212 304.7 , Est Remaining: 192.6
213 306.1 , Est Remaining: 191.1
214 307.5 , Est Remaining: 189.7
215 309.0 , Est Remaining: 188.3
216 310.4 , Est Remaining: 186.8
217 311.9 , Est Remaining: 185.4
218 313.3 , Est Remaining: 184.0
EVENT FAILED
218 313.6 , Est Remaining: 184.2
219 315.1 , Est Remaining: 182.7
220 316.5 , Est Remaining: 181.3
221 318.0 , Est Remaining: 179.8
222 319.4 , Est Remaining: 178.4
223 320.9 , Est Remaining: 177.0
224 322.3 , Est Remaining: 175.5
225 323.7 , Est Remaining: 174.1
226 325.2 , Est Remaining: 172.7
227 326.6 , Est Remaining: 171.2
228 328.1 , Est Remaining: 169.8
229 329.5 , Est Remaining: 168.4
230 331.0 , Est Remaining: 166.9
231 332.5 , Est Remaining: 165.5
232 333.9 , Est Remaining: 164.1
233 335.4 , Est Remaining: 162.6
234 336.8 , Est Remaining: 161.2
235 338.3 , Est Remaining: 159.8
236 339.7 , Est Remaining: 158.4
237 341.2 , Est Remaining: 156.9
238 342.6 , Est Remaining: 155.5
239 344.1 , Est Remaining: 154.0
240 345.5 , Est Remaining: 152.6
241 347.0 , Est Remaining: 151.2
242 348.4 , Est Remaining: 149.7
243 349.9 , Est Remaining: 148.3
244 351.3 , Est Remaining: 146.9
245 352.8 , Est Remaining: 145.4
246 354.2 , Est Remaining: 144.0
247 355.7 , Est Remaining: 142.6
248 357.1 , Est Remaining: 141.1
249 358.6 , Est Remaining: 139.7
250 360.0 , Est Remaining: 138.3
251 361.5 , Est Remaining: 136.8
252 362.9 , Est Remaining: 135.4
253 364.4 , Est Remaining: 133.9
254 365.8 , Est Remaining: 132.5
255 367.2 , Est Remaining: 131.1
256 368.7 , Est Remaining: 129.6
257 370.1 , Est Remaining: 128.2
258 371.6 , Est Remaining: 126.7
259 373.1 , Est Remaining: 125.3
EVENT FAILED
259 373.4 , Est Remaining: 125.4
260 374.8 , Est Remaining: 124.0
261 376.3 , Est Remaining: 122.6
262 377.8 , Est Remaining: 121.1
263 379.2 , Est Remaining: 119.7
264 380.7 , Est Remaining: 118.2
265 382.1 , Est Remaining: 116.8
266 383.6 , Est Remaining: 115.4
267 385.1 , Est Remaining: 113.9
268 386.5 , Est Remaining: 112.5
269 388.0 , Est Remaining: 111.1
270 389.4 , Est Remaining: 109.6
271 390.9 , Est Remaining: 108.2
272 392.4 , Est Remaining: 106.7
273 393.8 , Est Remaining: 105.3
274 395.3 , Est Remaining: 103.9
275 396.8 , Est Remaining: 102.4
276 398.2 , Est Remaining: 101.0
277 399.7 , Est Remaining: 99.6
278 401.1 , Est Remaining: 98.1
279 402.6 , Est Remaining: 96.7
280 404.0 , Est Remaining: 95.2
281 405.5 , Est Remaining: 93.8
282 406.8 , Est Remaining: 92.3
283 408.2 , Est Remaining: 90.9
284 409.6 , Est Remaining: 89.4
285 411.0 , Est Remaining: 88.0
286 412.5 , Est Remaining: 86.5
287 413.9 , Est Remaining: 85.1
288 415.3 , Est Remaining: 83.6
289 416.7 , Est Remaining: 82.2
290 418.1 , Est Remaining: 80.7
291 419.6 , Est Remaining: 79.3
292 421.0 , Est Remaining: 77.9
293 422.4 , Est Remaining: 76.4
294 423.9 , Est Remaining: 75.0
295 425.3 , Est Remaining: 73.5
296 426.8 , Est Remaining: 72.1
297 428.2 , Est Remaining: 70.6
298 429.7 , Est Remaining: 69.2
299 431.1 , Est Remaining: 67.8
300 432.5 , Est Remaining: 66.3
301 434.0 , Est Remaining: 64.9
302 435.6 , Est Remaining: 63.5
303 437.0 , Est Remaining: 62.0
304 438.4 , Est Remaining: 60.6
305 439.8 , Est Remaining: 59.1
306 441.3 , Est Remaining: 57.7
307 442.7 , Est Remaining: 56.2
308 444.1 , Est Remaining: 54.8
309 445.5 , Est Remaining: 53.3
310 446.9 , Est Remaining: 51.9
311 448.4 , Est Remaining: 50.5
312 449.8 , Est Remaining: 49.0
313 451.2 , Est Remaining: 47.6
314 452.6 , Est Remaining: 46.1
315 454.0 , Est Remaining: 44.7
316 455.5 , Est Remaining: 43.2
317 456.9 , Est Remaining: 41.8
318 458.3 , Est Remaining: 40.4
319 459.7 , Est Remaining: 38.9
320 461.2 , Est Remaining: 37.5
321 462.6 , Est Remaining: 36.0
322 464.0 , Est Remaining: 34.6
323 465.5 , Est Remaining: 33.1
324 466.9 , Est Remaining: 31.7
325 468.3 , Est Remaining: 30.3
326 469.7 , Est Remaining: 28.8
327 471.2 , Est Remaining: 27.4
328 472.6 , Est Remaining: 25.9
329 474.0 , Est Remaining: 24.5
330 475.5 , Est Remaining: 23.1
331 476.9 , Est Remaining: 21.6
332 478.3 , Est Remaining: 20.2
333 479.7 , Est Remaining: 18.7
334 481.1 , Est Remaining: 17.3
