Note: NumExpr detected 32 cores but "NUMEXPR_MAX_THREADS" not set, so enforcing safe limit of 8.
Using selector: EpollSelector
/n/home02/jhaefner/miniconda/envs/IC-3.7-2020-06-16/lib/python3.7/site-packages/scipy/optimize/minpack.py:808: OptimizeWarning: Covariance of the parameters could not be estimated
  category=OptimizeWarning)
Total rwfs: 346
0 0.0 , Est Remaining: 999999.9
1 1.4 , Est Remaining: 485.6
2 2.8 , Est Remaining: 479.4
3 4.2 , Est Remaining: 480.1
4 5.6 , Est Remaining: 476.2
5 6.9 , Est Remaining: 472.6
6 8.3 , Est Remaining: 470.6
7 9.7 , Est Remaining: 467.8
8 11.0 , Est Remaining: 465.5
9 12.4 , Est Remaining: 463.1
10 13.7 , Est Remaining: 460.9
11 15.1 , Est Remaining: 458.8
12 16.4 , Est Remaining: 457.5
13 17.8 , Est Remaining: 455.5
14 19.1 , Est Remaining: 453.6
15 20.5 , Est Remaining: 451.8
16 21.8 , Est Remaining: 450.2
17 23.2 , Est Remaining: 448.8
18 24.5 , Est Remaining: 447.3
19 25.9 , Est Remaining: 445.8
20 27.3 , Est Remaining: 444.5
21 28.6 , Est Remaining: 443.4
22 30.0 , Est Remaining: 441.8
23 31.4 , Est Remaining: 440.6
24 32.8 , Est Remaining: 439.5
25 34.1 , Est Remaining: 438.1
26 35.5 , Est Remaining: 436.7
27 36.8 , Est Remaining: 435.0
28 38.2 , Est Remaining: 433.5
29 39.5 , Est Remaining: 432.1
30 40.9 , Est Remaining: 430.7
31 42.2 , Est Remaining: 429.3
32 43.6 , Est Remaining: 427.8
33 44.9 , Est Remaining: 426.3
34 46.3 , Est Remaining: 424.7
35 47.6 , Est Remaining: 423.1
36 49.0 , Est Remaining: 421.6
37 50.3 , Est Remaining: 420.1
38 51.6 , Est Remaining: 418.6
39 53.0 , Est Remaining: 417.1
40 54.4 , Est Remaining: 415.8
41 55.7 , Est Remaining: 414.4
42 57.0 , Est Remaining: 412.9
43 58.4 , Est Remaining: 411.5
44 59.8 , Est Remaining: 410.1
45 61.1 , Est Remaining: 408.7
46 62.4 , Est Remaining: 407.3
47 63.8 , Est Remaining: 405.9
48 65.2 , Est Remaining: 404.6
49 66.5 , Est Remaining: 403.2
50 67.9 , Est Remaining: 401.8
51 69.2 , Est Remaining: 400.4
52 70.6 , Est Remaining: 398.9
53 71.9 , Est Remaining: 397.5
54 73.2 , Est Remaining: 396.1
55 74.6 , Est Remaining: 394.7
56 76.0 , Est Remaining: 393.4
57 77.3 , Est Remaining: 392.0
58 78.6 , Est Remaining: 390.5
59 80.0 , Est Remaining: 389.1
60 81.3 , Est Remaining: 387.7
61 82.7 , Est Remaining: 386.4
62 84.1 , Est Remaining: 385.0
63 85.4 , Est Remaining: 383.7
64 86.8 , Est Remaining: 382.3
65 88.1 , Est Remaining: 380.8
66 89.4 , Est Remaining: 379.4
67 90.8 , Est Remaining: 378.0
68 92.1 , Est Remaining: 376.7
69 93.5 , Est Remaining: 375.3
70 94.8 , Est Remaining: 373.9
71 96.2 , Est Remaining: 372.5
72 97.5 , Est Remaining: 371.1
73 98.9 , Est Remaining: 369.7
74 100.2 , Est Remaining: 368.3
75 101.6 , Est Remaining: 367.0
76 102.9 , Est Remaining: 365.6
77 104.2 , Est Remaining: 364.1
78 105.6 , Est Remaining: 362.7
79 106.9 , Est Remaining: 361.3
80 108.2 , Est Remaining: 359.9
81 109.6 , Est Remaining: 358.5
82 110.9 , Est Remaining: 357.1
83 112.3 , Est Remaining: 355.7
84 113.6 , Est Remaining: 354.4
85 114.9 , Est Remaining: 353.0
86 116.3 , Est Remaining: 351.6
87 117.6 , Est Remaining: 350.2
88 119.0 , Est Remaining: 348.8
89 120.3 , Est Remaining: 347.4
90 121.7 , Est Remaining: 346.0
91 123.0 , Est Remaining: 344.7
92 124.3 , Est Remaining: 343.3
93 125.7 , Est Remaining: 341.9
94 127.0 , Est Remaining: 340.5
95 128.4 , Est Remaining: 339.2
96 129.7 , Est Remaining: 337.8
97 131.0 , Est Remaining: 336.4
98 132.4 , Est Remaining: 335.0
99 133.7 , Est Remaining: 333.7
100 135.1 , Est Remaining: 332.3
101 136.4 , Est Remaining: 330.9
102 137.8 , Est Remaining: 329.5
103 139.2 , Est Remaining: 328.4
104 140.5 , Est Remaining: 327.0
105 141.9 , Est Remaining: 325.7
106 143.3 , Est Remaining: 324.4
107 144.6 , Est Remaining: 323.0
108 146.0 , Est Remaining: 321.7
109 147.4 , Est Remaining: 320.4
110 148.7 , Est Remaining: 319.1
111 150.1 , Est Remaining: 317.7
112 151.4 , Est Remaining: 316.4
113 152.8 , Est Remaining: 315.0
114 154.1 , Est Remaining: 313.7
115 155.5 , Est Remaining: 312.3
116 156.8 , Est Remaining: 311.0
117 158.2 , Est Remaining: 309.7
118 159.6 , Est Remaining: 308.3
119 160.9 , Est Remaining: 307.0
120 162.3 , Est Remaining: 305.6
121 163.7 , Est Remaining: 304.3
122 165.0 , Est Remaining: 303.0
123 166.4 , Est Remaining: 301.6
124 167.7 , Est Remaining: 300.3
125 169.1 , Est Remaining: 299.0
126 170.5 , Est Remaining: 297.6
127 171.8 , Est Remaining: 296.3
128 173.2 , Est Remaining: 294.9
129 174.5 , Est Remaining: 293.6
130 175.9 , Est Remaining: 292.2
131 177.2 , Est Remaining: 290.8
132 178.5 , Est Remaining: 289.5
133 179.9 , Est Remaining: 288.1
134 181.2 , Est Remaining: 286.8
135 182.6 , Est Remaining: 285.4
136 184.0 , Est Remaining: 284.1
137 185.3 , Est Remaining: 282.7
138 186.7 , Est Remaining: 281.4
139 188.1 , Est Remaining: 280.1
140 189.4 , Est Remaining: 278.7
141 190.8 , Est Remaining: 277.3
142 192.1 , Est Remaining: 276.0
143 193.5 , Est Remaining: 274.7
144 194.9 , Est Remaining: 273.4
145 196.2 , Est Remaining: 272.0
146 197.6 , Est Remaining: 270.7
147 198.9 , Est Remaining: 269.3
148 200.3 , Est Remaining: 268.0
149 201.7 , Est Remaining: 266.6
150 203.0 , Est Remaining: 265.3
151 204.4 , Est Remaining: 263.9
152 205.7 , Est Remaining: 262.5
153 207.0 , Est Remaining: 261.2
154 208.4 , Est Remaining: 259.8
155 209.7 , Est Remaining: 258.4
156 211.0 , Est Remaining: 257.0
157 212.4 , Est Remaining: 255.7
158 213.7 , Est Remaining: 254.3
159 215.1 , Est Remaining: 253.0
160 216.4 , Est Remaining: 251.6
161 217.8 , Est Remaining: 250.2
162 219.1 , Est Remaining: 248.9
163 220.5 , Est Remaining: 247.5
164 221.8 , Est Remaining: 246.2
165 223.2 , Est Remaining: 244.8
166 224.5 , Est Remaining: 243.5
167 225.9 , Est Remaining: 242.1
168 227.1 , Est Remaining: 240.6
169 228.5 , Est Remaining: 239.3
170 229.8 , Est Remaining: 237.9
171 231.2 , Est Remaining: 236.6
EVENT FAILED
171 231.5 , Est Remaining: 236.9
172 232.8 , Est Remaining: 235.5
173 234.2 , Est Remaining: 234.2
174 235.5 , Est Remaining: 232.8
175 236.9 , Est Remaining: 231.5
176 238.3 , Est Remaining: 230.1
177 239.6 , Est Remaining: 228.8
178 240.9 , Est Remaining: 227.4
179 242.3 , Est Remaining: 226.1
180 243.7 , Est Remaining: 224.7
181 245.0 , Est Remaining: 223.4
182 246.4 , Est Remaining: 222.0
183 247.7 , Est Remaining: 220.7
184 249.1 , Est Remaining: 219.3
185 250.5 , Est Remaining: 218.0
186 251.8 , Est Remaining: 216.6
187 253.2 , Est Remaining: 215.3
188 254.5 , Est Remaining: 213.9
189 255.9 , Est Remaining: 212.6
190 257.3 , Est Remaining: 211.2
191 258.6 , Est Remaining: 209.9
192 260.0 , Est Remaining: 208.5
193 261.3 , Est Remaining: 207.2
194 262.7 , Est Remaining: 205.8
EVENT FAILED
194 263.6 , Est Remaining: 206.6
195 265.0 , Est Remaining: 205.2
196 266.3 , Est Remaining: 203.8
197 267.7 , Est Remaining: 202.4
198 269.0 , Est Remaining: 201.1
199 270.3 , Est Remaining: 199.7
200 271.7 , Est Remaining: 198.3
201 273.0 , Est Remaining: 197.0
202 274.5 , Est Remaining: 195.7
203 275.8 , Est Remaining: 194.3
204 277.2 , Est Remaining: 192.9
205 278.5 , Est Remaining: 191.6
206 279.9 , Est Remaining: 190.2
207 281.3 , Est Remaining: 188.9
208 282.6 , Est Remaining: 187.5
209 284.0 , Est Remaining: 186.1
210 285.3 , Est Remaining: 184.8
211 286.7 , Est Remaining: 183.4
212 288.0 , Est Remaining: 182.1
213 289.4 , Est Remaining: 180.7
214 290.7 , Est Remaining: 179.3
215 292.1 , Est Remaining: 178.0
216 293.4 , Est Remaining: 176.6
EVENT FAILED
216 293.7 , Est Remaining: 176.8
217 295.1 , Est Remaining: 175.4
218 296.4 , Est Remaining: 174.1
219 297.8 , Est Remaining: 172.7
220 299.2 , Est Remaining: 171.3
221 300.5 , Est Remaining: 170.0
222 301.9 , Est Remaining: 168.6
223 303.2 , Est Remaining: 167.2
224 304.6 , Est Remaining: 165.9
225 305.9 , Est Remaining: 164.5
226 307.3 , Est Remaining: 163.1
227 308.6 , Est Remaining: 161.8
228 310.0 , Est Remaining: 160.4
229 311.3 , Est Remaining: 159.1
230 312.7 , Est Remaining: 157.7
231 314.1 , Est Remaining: 156.3
232 315.4 , Est Remaining: 155.0
233 316.8 , Est Remaining: 153.6
234 318.1 , Est Remaining: 152.3
235 319.5 , Est Remaining: 150.9
236 320.8 , Est Remaining: 149.5
237 322.2 , Est Remaining: 148.2
238 323.5 , Est Remaining: 146.8
239 324.9 , Est Remaining: 145.4
240 326.2 , Est Remaining: 144.1
241 327.6 , Est Remaining: 142.7
242 328.9 , Est Remaining: 141.3
243 330.2 , Est Remaining: 140.0
244 331.6 , Est Remaining: 138.6
245 332.9 , Est Remaining: 137.2
246 334.2 , Est Remaining: 135.9
247 335.6 , Est Remaining: 134.5
248 337.0 , Est Remaining: 133.2
249 338.3 , Est Remaining: 131.8
250 339.7 , Est Remaining: 130.4
251 341.0 , Est Remaining: 129.1
252 342.3 , Est Remaining: 127.7
253 343.7 , Est Remaining: 126.3
254 345.1 , Est Remaining: 125.0
255 346.4 , Est Remaining: 123.6
256 347.8 , Est Remaining: 122.3
257 349.1 , Est Remaining: 120.9
258 350.5 , Est Remaining: 119.5
259 351.8 , Est Remaining: 118.2
260 353.2 , Est Remaining: 116.8
EVENT FAILED
260 353.5 , Est Remaining: 116.9
261 354.9 , Est Remaining: 115.6
262 356.2 , Est Remaining: 114.2
263 357.6 , Est Remaining: 112.8
264 358.9 , Est Remaining: 111.5
265 360.3 , Est Remaining: 110.1
266 361.6 , Est Remaining: 108.8
267 363.0 , Est Remaining: 107.4
268 364.3 , Est Remaining: 106.0
269 365.6 , Est Remaining: 104.7
270 366.9 , Est Remaining: 103.3
271 368.3 , Est Remaining: 101.9
272 369.6 , Est Remaining: 100.6
273 370.9 , Est Remaining: 99.2
274 372.3 , Est Remaining: 97.8
275 373.6 , Est Remaining: 96.5
276 374.9 , Est Remaining: 95.1
277 376.2 , Est Remaining: 93.7
EVENT FAILED
277 376.5 , Est Remaining: 93.8
278 377.9 , Est Remaining: 92.4
279 379.2 , Est Remaining: 91.1
280 380.5 , Est Remaining: 89.7
281 381.8 , Est Remaining: 88.3
282 383.1 , Est Remaining: 87.0
283 384.5 , Est Remaining: 85.6
284 385.8 , Est Remaining: 84.2
285 387.2 , Est Remaining: 82.9
286 388.5 , Est Remaining: 81.5
287 389.8 , Est Remaining: 80.1
288 391.2 , Est Remaining: 78.8
289 392.5 , Est Remaining: 77.4
290 393.8 , Est Remaining: 76.0
291 395.2 , Est Remaining: 74.7
292 396.5 , Est Remaining: 73.3
293 397.8 , Est Remaining: 72.0
294 399.1 , Est Remaining: 70.6
295 400.4 , Est Remaining: 69.2
296 401.7 , Est Remaining: 67.9
297 403.0 , Est Remaining: 66.5
298 404.4 , Est Remaining: 65.1
299 405.7 , Est Remaining: 63.8
300 407.0 , Est Remaining: 62.4
301 408.3 , Est Remaining: 61.0
302 409.8 , Est Remaining: 59.7
303 411.1 , Est Remaining: 58.3
304 412.4 , Est Remaining: 57.0
305 413.7 , Est Remaining: 55.6
306 415.0 , Est Remaining: 54.3
307 416.4 , Est Remaining: 52.9
308 417.7 , Est Remaining: 51.5
309 419.0 , Est Remaining: 50.2
310 420.3 , Est Remaining: 48.8
311 421.7 , Est Remaining: 47.5
312 423.0 , Est Remaining: 46.1
313 424.3 , Est Remaining: 44.7
314 425.6 , Est Remaining: 43.4
315 426.9 , Est Remaining: 42.0
316 428.2 , Est Remaining: 40.7
317 429.6 , Est Remaining: 39.3
318 430.9 , Est Remaining: 37.9
319 432.2 , Est Remaining: 36.6
EVENT FAILED
319 432.5 , Est Remaining: 36.6
EVENT FAILED
319 432.8 , Est Remaining: 36.6
320 434.1 , Est Remaining: 35.3
321 435.4 , Est Remaining: 33.9
322 436.7 , Est Remaining: 32.6
323 438.0 , Est Remaining: 31.2
324 439.4 , Est Remaining: 29.8
325 440.7 , Est Remaining: 28.5
326 442.0 , Est Remaining: 27.1
327 443.3 , Est Remaining: 25.8
328 444.6 , Est Remaining: 24.4
329 445.9 , Est Remaining: 23.0
330 447.2 , Est Remaining: 21.7
331 448.5 , Est Remaining: 20.3
332 449.8 , Est Remaining: 19.0
333 451.1 , Est Remaining: 17.6
334 452.4 , Est Remaining: 16.3
335 453.6 , Est Remaining: 14.9
336 454.8 , Est Remaining: 13.5
337 456.1 , Est Remaining: 12.2
338 457.4 , Est Remaining: 10.8
