Note: NumExpr detected 32 cores but "NUMEXPR_MAX_THREADS" not set, so enforcing safe limit of 8.
Using selector: EpollSelector
/n/home02/jhaefner/miniconda/envs/IC-3.7-2020-06-16/lib/python3.7/site-packages/scipy/optimize/minpack.py:808: OptimizeWarning: Covariance of the parameters could not be estimated
  category=OptimizeWarning)
Total rwfs: 346
0 0.0 , Est Remaining: 999999.9
1 1.5 , Est Remaining: 509.2
2 2.9 , Est Remaining: 503.4
3 4.4 , Est Remaining: 502.6
4 5.8 , Est Remaining: 497.9
EVENT FAILED
4 6.2 , Est Remaining: 527.2
5 7.6 , Est Remaining: 519.9
6 9.1 , Est Remaining: 512.9
7 10.5 , Est Remaining: 507.4
8 11.9 , Est Remaining: 503.8
9 13.4 , Est Remaining: 500.2
10 14.8 , Est Remaining: 497.3
11 16.2 , Est Remaining: 494.1
EVENT FAILED
11 16.5 , Est Remaining: 503.6
12 17.9 , Est Remaining: 499.5
13 19.4 , Est Remaining: 495.9
14 20.8 , Est Remaining: 492.7
15 22.2 , Est Remaining: 490.0
16 23.6 , Est Remaining: 487.5
17 25.1 , Est Remaining: 485.1
18 26.5 , Est Remaining: 482.5
19 27.9 , Est Remaining: 480.3
20 29.3 , Est Remaining: 478.1
21 30.8 , Est Remaining: 476.1
22 32.2 , Est Remaining: 474.1
23 33.6 , Est Remaining: 472.1
EVENT FAILED
23 33.9 , Est Remaining: 476.4
EVENT FAILED
23 34.2 , Est Remaining: 480.7
24 35.7 , Est Remaining: 478.5
25 37.1 , Est Remaining: 476.2
26 38.5 , Est Remaining: 473.9
27 40.0 , Est Remaining: 472.2
28 41.4 , Est Remaining: 470.1
29 42.8 , Est Remaining: 467.9
30 44.2 , Est Remaining: 465.8
31 45.6 , Est Remaining: 463.6
EVENT FAILED
31 45.9 , Est Remaining: 466.8
32 47.4 , Est Remaining: 464.6
33 48.8 , Est Remaining: 462.6
34 50.2 , Est Remaining: 460.6
35 51.6 , Est Remaining: 458.8
36 53.0 , Est Remaining: 456.7
37 54.5 , Est Remaining: 454.9
38 55.9 , Est Remaining: 452.9
39 57.3 , Est Remaining: 451.0
40 58.7 , Est Remaining: 449.1
41 60.1 , Est Remaining: 447.4
42 61.6 , Est Remaining: 445.6
43 63.0 , Est Remaining: 443.9
44 64.4 , Est Remaining: 442.2
45 65.9 , Est Remaining: 440.6
46 67.2 , Est Remaining: 438.1
47 68.6 , Est Remaining: 436.4
48 70.1 , Est Remaining: 434.9
49 71.5 , Est Remaining: 433.4
50 72.9 , Est Remaining: 431.7
51 74.4 , Est Remaining: 430.1
52 75.8 , Est Remaining: 428.6
53 77.3 , Est Remaining: 427.2
54 78.7 , Est Remaining: 425.7
55 80.2 , Est Remaining: 424.3
56 81.6 , Est Remaining: 422.7
57 83.1 , Est Remaining: 421.1
58 84.5 , Est Remaining: 419.7
59 86.0 , Est Remaining: 418.2
60 87.4 , Est Remaining: 416.7
61 88.9 , Est Remaining: 415.2
62 90.3 , Est Remaining: 413.5
63 91.7 , Est Remaining: 412.0
64 93.2 , Est Remaining: 410.4
65 94.6 , Est Remaining: 408.9
66 96.0 , Est Remaining: 407.3
67 97.4 , Est Remaining: 405.8
68 98.9 , Est Remaining: 404.2
69 100.3 , Est Remaining: 402.8
70 101.8 , Est Remaining: 401.2
71 103.2 , Est Remaining: 399.7
72 104.7 , Est Remaining: 398.3
73 106.1 , Est Remaining: 396.8
74 107.5 , Est Remaining: 395.3
75 109.0 , Est Remaining: 393.8
76 110.5 , Est Remaining: 392.4
77 111.9 , Est Remaining: 390.9
78 113.4 , Est Remaining: 389.5
79 114.8 , Est Remaining: 388.1
80 116.3 , Est Remaining: 386.7
81 117.7 , Est Remaining: 385.2
82 119.2 , Est Remaining: 383.7
83 120.6 , Est Remaining: 382.2
84 122.1 , Est Remaining: 380.7
85 123.5 , Est Remaining: 379.3
86 125.0 , Est Remaining: 377.8
87 126.4 , Est Remaining: 376.3
88 127.9 , Est Remaining: 374.9
89 129.3 , Est Remaining: 373.4
90 130.8 , Est Remaining: 371.9
EVENT FAILED
90 131.1 , Est Remaining: 372.8
EVENT FAILED
90 131.4 , Est Remaining: 373.7
91 132.8 , Est Remaining: 372.3
92 134.3 , Est Remaining: 370.8
93 135.8 , Est Remaining: 369.4
94 137.2 , Est Remaining: 367.9
95 138.7 , Est Remaining: 366.5
96 140.2 , Est Remaining: 365.0
97 141.6 , Est Remaining: 363.5
98 143.1 , Est Remaining: 362.1
99 144.6 , Est Remaining: 360.7
100 146.0 , Est Remaining: 359.3
101 147.5 , Est Remaining: 357.8
102 149.0 , Est Remaining: 356.3
103 150.5 , Est Remaining: 355.0
104 152.0 , Est Remaining: 353.6
105 153.4 , Est Remaining: 352.1
106 154.9 , Est Remaining: 350.6
107 156.3 , Est Remaining: 349.1
108 157.7 , Est Remaining: 347.6
109 159.1 , Est Remaining: 346.0
110 160.6 , Est Remaining: 344.5
EVENT FAILED
110 160.9 , Est Remaining: 345.2
111 162.3 , Est Remaining: 343.7
112 163.8 , Est Remaining: 342.2
113 165.2 , Est Remaining: 340.7
114 166.7 , Est Remaining: 339.2
115 168.1 , Est Remaining: 337.7
116 169.6 , Est Remaining: 336.2
117 171.0 , Est Remaining: 334.7
118 172.4 , Est Remaining: 333.2
119 173.9 , Est Remaining: 331.6
120 175.3 , Est Remaining: 330.1
121 176.7 , Est Remaining: 328.6
122 178.1 , Est Remaining: 327.1
123 179.6 , Est Remaining: 325.6
124 181.0 , Est Remaining: 324.1
125 182.4 , Est Remaining: 322.5
126 183.8 , Est Remaining: 321.0
127 185.2 , Est Remaining: 319.4
128 186.7 , Est Remaining: 317.9
129 188.1 , Est Remaining: 316.4
130 189.5 , Est Remaining: 314.8
131 190.9 , Est Remaining: 313.3
132 192.3 , Est Remaining: 311.8
133 193.7 , Est Remaining: 310.3
134 195.2 , Est Remaining: 308.8
135 196.6 , Est Remaining: 307.3
136 198.1 , Est Remaining: 305.8
137 199.5 , Est Remaining: 304.4
138 201.0 , Est Remaining: 302.9
139 202.4 , Est Remaining: 301.4
140 203.9 , Est Remaining: 300.0
141 205.3 , Est Remaining: 298.5
142 206.7 , Est Remaining: 297.0
143 208.2 , Est Remaining: 295.5
144 209.6 , Est Remaining: 294.1
145 211.0 , Est Remaining: 292.6
146 212.5 , Est Remaining: 291.0
147 213.9 , Est Remaining: 289.5
148 215.3 , Est Remaining: 288.0
EVENT FAILED
148 215.6 , Est Remaining: 288.4
149 217.0 , Est Remaining: 286.9
150 218.4 , Est Remaining: 285.4
151 219.8 , Est Remaining: 283.9
152 221.2 , Est Remaining: 282.3
153 222.6 , Est Remaining: 280.7
154 223.9 , Est Remaining: 279.2
155 225.3 , Est Remaining: 277.6
156 226.7 , Est Remaining: 276.1
157 228.0 , Est Remaining: 274.5
EVENT FAILED
157 228.3 , Est Remaining: 274.9
158 229.7 , Est Remaining: 273.3
159 231.0 , Est Remaining: 271.7
160 232.4 , Est Remaining: 270.2
161 233.7 , Est Remaining: 268.6
162 235.1 , Est Remaining: 267.0
163 236.4 , Est Remaining: 265.4
164 237.8 , Est Remaining: 263.9
165 239.1 , Est Remaining: 262.3
166 240.5 , Est Remaining: 260.7
167 241.8 , Est Remaining: 259.1
168 243.1 , Est Remaining: 257.6
169 244.5 , Est Remaining: 256.0
170 245.8 , Est Remaining: 254.5
171 247.1 , Est Remaining: 252.9
172 248.5 , Est Remaining: 251.4
173 249.8 , Est Remaining: 249.8
174 251.3 , Est Remaining: 248.4
175 252.7 , Est Remaining: 246.9
176 254.0 , Est Remaining: 245.3
177 255.3 , Est Remaining: 243.8
178 256.6 , Est Remaining: 242.2
179 257.9 , Est Remaining: 240.6
180 259.2 , Est Remaining: 239.0
181 260.5 , Est Remaining: 237.5
182 261.8 , Est Remaining: 235.9
183 263.1 , Est Remaining: 234.4
184 264.5 , Est Remaining: 232.9
185 265.8 , Est Remaining: 231.3
186 267.1 , Est Remaining: 229.8
187 268.4 , Est Remaining: 228.2
188 269.7 , Est Remaining: 226.7
189 271.1 , Est Remaining: 225.2
190 272.4 , Est Remaining: 223.6
191 273.7 , Est Remaining: 222.1
192 275.0 , Est Remaining: 220.6
193 276.3 , Est Remaining: 219.0
194 277.6 , Est Remaining: 217.5
195 278.9 , Est Remaining: 216.0
196 280.3 , Est Remaining: 214.5
197 281.6 , Est Remaining: 213.0
198 282.9 , Est Remaining: 211.5
199 284.2 , Est Remaining: 210.0
200 285.6 , Est Remaining: 208.5
201 286.9 , Est Remaining: 207.0
202 288.3 , Est Remaining: 205.5
203 289.6 , Est Remaining: 204.0
204 291.0 , Est Remaining: 202.5
205 292.3 , Est Remaining: 201.0
206 293.6 , Est Remaining: 199.6
207 295.0 , Est Remaining: 198.1
208 296.3 , Est Remaining: 196.6
209 297.6 , Est Remaining: 195.1
210 299.0 , Est Remaining: 193.6
211 300.3 , Est Remaining: 192.1
212 301.7 , Est Remaining: 190.7
213 303.0 , Est Remaining: 189.2
214 304.3 , Est Remaining: 187.7
215 305.6 , Est Remaining: 186.2
216 307.0 , Est Remaining: 184.8
217 308.4 , Est Remaining: 183.3
218 309.7 , Est Remaining: 181.8
219 311.1 , Est Remaining: 180.4
220 312.4 , Est Remaining: 178.9
221 313.8 , Est Remaining: 177.5
222 315.1 , Est Remaining: 176.0
223 316.5 , Est Remaining: 174.6
224 317.9 , Est Remaining: 173.1
225 319.3 , Est Remaining: 171.7
226 320.6 , Est Remaining: 170.3
227 322.0 , Est Remaining: 168.8
228 323.4 , Est Remaining: 167.4
229 324.8 , Est Remaining: 165.9
230 326.2 , Est Remaining: 164.5
231 327.6 , Est Remaining: 163.1
232 329.0 , Est Remaining: 161.7
233 330.4 , Est Remaining: 160.2
234 331.8 , Est Remaining: 158.8
235 333.2 , Est Remaining: 157.4
236 334.6 , Est Remaining: 156.0
237 336.1 , Est Remaining: 154.6
238 337.5 , Est Remaining: 153.1
239 338.9 , Est Remaining: 151.7
240 340.3 , Est Remaining: 150.3
241 341.7 , Est Remaining: 148.9
242 343.2 , Est Remaining: 147.5
243 344.6 , Est Remaining: 146.1
244 346.0 , Est Remaining: 144.6
245 347.4 , Est Remaining: 143.2
246 348.8 , Est Remaining: 141.8
EVENT FAILED
246 349.1 , Est Remaining: 141.9
247 350.6 , Est Remaining: 140.5
248 352.0 , Est Remaining: 139.1
249 353.4 , Est Remaining: 137.7
250 354.9 , Est Remaining: 136.3
251 356.3 , Est Remaining: 134.9
252 357.7 , Est Remaining: 133.4
253 359.2 , Est Remaining: 132.0
254 360.6 , Est Remaining: 130.6
255 362.0 , Est Remaining: 129.2
256 363.5 , Est Remaining: 127.8
257 364.9 , Est Remaining: 126.4
258 366.3 , Est Remaining: 124.9
259 367.7 , Est Remaining: 123.5
260 369.2 , Est Remaining: 122.1
261 370.6 , Est Remaining: 120.7
262 372.0 , Est Remaining: 119.3
263 373.4 , Est Remaining: 117.9
264 374.9 , Est Remaining: 116.4
265 376.3 , Est Remaining: 115.0
266 377.7 , Est Remaining: 113.6
EVENT FAILED
266 378.0 , Est Remaining: 113.7
267 379.5 , Est Remaining: 112.3
268 380.9 , Est Remaining: 110.9
269 382.3 , Est Remaining: 109.4
270 383.8 , Est Remaining: 108.0
271 385.2 , Est Remaining: 106.6
272 386.6 , Est Remaining: 105.2
273 388.0 , Est Remaining: 103.8
274 389.5 , Est Remaining: 102.3
275 390.9 , Est Remaining: 100.9
276 392.3 , Est Remaining: 99.5
277 393.8 , Est Remaining: 98.1
278 395.2 , Est Remaining: 96.7
279 396.7 , Est Remaining: 95.3
280 398.1 , Est Remaining: 93.8
281 399.6 , Est Remaining: 92.4
282 401.0 , Est Remaining: 91.0
EVENT FAILED
282 401.5 , Est Remaining: 91.1
283 403.0 , Est Remaining: 89.7
284 404.4 , Est Remaining: 88.3
EVENT FAILED
284 404.7 , Est Remaining: 88.4
285 406.2 , Est Remaining: 86.9
286 407.6 , Est Remaining: 85.5
287 409.0 , Est Remaining: 84.1
288 410.4 , Est Remaining: 82.7
289 411.8 , Est Remaining: 81.2
290 413.3 , Est Remaining: 79.8
291 414.7 , Est Remaining: 78.4
292 416.1 , Est Remaining: 77.0
293 417.5 , Est Remaining: 75.5
294 418.9 , Est Remaining: 74.1
EVENT FAILED
294 419.2 , Est Remaining: 74.2
295 420.7 , Est Remaining: 72.7
296 422.1 , Est Remaining: 71.3
297 423.5 , Est Remaining: 69.9
298 425.0 , Est Remaining: 68.4
299 426.4 , Est Remaining: 67.0
300 427.8 , Est Remaining: 65.6
301 429.2 , Est Remaining: 64.2
302 430.8 , Est Remaining: 62.8
303 432.2 , Est Remaining: 61.3
304 433.7 , Est Remaining: 59.9
305 435.1 , Est Remaining: 58.5
306 436.5 , Est Remaining: 57.1
307 438.0 , Est Remaining: 55.6
308 439.4 , Est Remaining: 54.2
309 440.9 , Est Remaining: 52.8
310 442.3 , Est Remaining: 51.4
311 443.8 , Est Remaining: 49.9
312 445.2 , Est Remaining: 48.5
313 446.6 , Est Remaining: 47.1
314 448.1 , Est Remaining: 45.7
315 449.5 , Est Remaining: 44.2
316 451.0 , Est Remaining: 42.8
317 452.4 , Est Remaining: 41.4
318 453.8 , Est Remaining: 40.0
319 455.2 , Est Remaining: 38.5
320 456.7 , Est Remaining: 37.1
321 458.1 , Est Remaining: 35.7
322 459.5 , Est Remaining: 34.3
323 461.0 , Est Remaining: 32.8
324 462.4 , Est Remaining: 31.4
325 463.7 , Est Remaining: 30.0
326 465.1 , Est Remaining: 28.5
327 466.5 , Est Remaining: 27.1
EVENT FAILED
327 467.2 , Est Remaining: 27.1
328 468.6 , Est Remaining: 25.7
329 470.0 , Est Remaining: 24.3
