Note: NumExpr detected 32 cores but "NUMEXPR_MAX_THREADS" not set, so enforcing safe limit of 8.
Using selector: EpollSelector
/n/home02/jhaefner/miniconda/envs/IC-3.7-2020-06-16/lib/python3.7/site-packages/scipy/optimize/minpack.py:808: OptimizeWarning: Covariance of the parameters could not be estimated
  category=OptimizeWarning)
Total rwfs: 346
0 0.0 , Est Remaining: 999999.9
EVENT FAILED
0 0.3 , Est Remaining: 999999.9
1 1.7 , Est Remaining: 574.1
2 3.0 , Est Remaining: 521.4
3 4.4 , Est Remaining: 505.4
4 5.7 , Est Remaining: 491.4
5 7.1 , Est Remaining: 483.2
6 8.4 , Est Remaining: 477.6
7 9.8 , Est Remaining: 473.2
8 11.1 , Est Remaining: 469.0
9 12.4 , Est Remaining: 465.5
10 13.8 , Est Remaining: 462.6
11 15.1 , Est Remaining: 459.6
12 16.4 , Est Remaining: 457.5
13 17.8 , Est Remaining: 455.9
14 19.1 , Est Remaining: 453.7
15 20.5 , Est Remaining: 451.5
EVENT FAILED
15 21.4 , Est Remaining: 471.1
16 22.7 , Est Remaining: 468.0
17 24.0 , Est Remaining: 465.0
18 25.4 , Est Remaining: 462.2
19 26.7 , Est Remaining: 459.5
20 28.0 , Est Remaining: 456.9
EVENT FAILED
20 28.3 , Est Remaining: 461.7
21 29.7 , Est Remaining: 459.2
22 31.0 , Est Remaining: 456.6
23 32.4 , Est Remaining: 454.6
EVENT FAILED
23 32.7 , Est Remaining: 459.0
24 34.0 , Est Remaining: 456.6
25 35.4 , Est Remaining: 454.2
26 36.7 , Est Remaining: 451.8
27 38.0 , Est Remaining: 449.5
28 39.4 , Est Remaining: 447.2
29 40.7 , Est Remaining: 445.0
30 41.9 , Est Remaining: 441.5
31 43.3 , Est Remaining: 439.5
32 44.6 , Est Remaining: 437.6
33 45.9 , Est Remaining: 435.8
34 47.3 , Est Remaining: 433.7
35 48.6 , Est Remaining: 431.7
36 49.9 , Est Remaining: 429.9
37 51.3 , Est Remaining: 428.0
38 52.6 , Est Remaining: 426.2
39 53.9 , Est Remaining: 424.6
40 55.3 , Est Remaining: 422.9
41 56.6 , Est Remaining: 420.9
42 57.9 , Est Remaining: 419.3
43 59.3 , Est Remaining: 417.8
44 60.6 , Est Remaining: 416.2
45 62.0 , Est Remaining: 414.6
46 63.3 , Est Remaining: 413.0
47 64.7 , Est Remaining: 411.4
48 66.0 , Est Remaining: 409.9
49 67.3 , Est Remaining: 408.2
50 68.7 , Est Remaining: 406.5
51 70.0 , Est Remaining: 405.0
52 71.3 , Est Remaining: 403.4
53 72.7 , Est Remaining: 401.8
54 74.0 , Est Remaining: 400.2
55 75.3 , Est Remaining: 398.6
EVENT FAILED
55 75.6 , Est Remaining: 400.1
56 77.0 , Est Remaining: 398.5
57 78.3 , Est Remaining: 397.0
58 79.6 , Est Remaining: 395.5
59 81.0 , Est Remaining: 393.9
60 82.3 , Est Remaining: 392.4
61 83.7 , Est Remaining: 390.9
62 85.0 , Est Remaining: 389.4
63 86.3 , Est Remaining: 387.9
64 87.7 , Est Remaining: 386.3
65 89.0 , Est Remaining: 384.9
66 90.4 , Est Remaining: 383.5
67 91.7 , Est Remaining: 382.0
68 93.1 , Est Remaining: 380.5
69 94.4 , Est Remaining: 378.9
70 95.7 , Est Remaining: 377.4
71 97.1 , Est Remaining: 375.9
72 98.4 , Est Remaining: 374.4
73 99.7 , Est Remaining: 372.9
74 101.1 , Est Remaining: 371.5
75 102.4 , Est Remaining: 370.0
EVENT FAILED
75 102.9 , Est Remaining: 371.9
76 104.3 , Est Remaining: 370.6
77 105.7 , Est Remaining: 369.1
78 107.0 , Est Remaining: 367.6
79 108.3 , Est Remaining: 366.1
80 109.7 , Est Remaining: 364.6
81 111.0 , Est Remaining: 363.1
82 112.3 , Est Remaining: 361.7
83 113.7 , Est Remaining: 360.2
84 115.0 , Est Remaining: 358.7
85 116.4 , Est Remaining: 357.3
86 117.7 , Est Remaining: 355.8
87 119.0 , Est Remaining: 354.3
88 120.4 , Est Remaining: 352.8
89 121.7 , Est Remaining: 351.4
90 123.0 , Est Remaining: 350.0
91 124.4 , Est Remaining: 348.6
92 125.7 , Est Remaining: 347.1
93 127.1 , Est Remaining: 345.7
94 128.4 , Est Remaining: 344.2
95 129.6 , Est Remaining: 342.4
96 130.9 , Est Remaining: 341.0
97 132.3 , Est Remaining: 339.6
98 133.6 , Est Remaining: 338.2
99 135.0 , Est Remaining: 336.7
100 136.3 , Est Remaining: 335.3
101 137.6 , Est Remaining: 333.8
102 139.0 , Est Remaining: 332.4
103 140.4 , Est Remaining: 331.2
EVENT FAILED
103 140.7 , Est Remaining: 331.9
104 142.0 , Est Remaining: 330.4
105 143.3 , Est Remaining: 328.9
106 144.7 , Est Remaining: 327.5
107 146.0 , Est Remaining: 326.1
108 147.3 , Est Remaining: 324.6
109 148.7 , Est Remaining: 323.2
110 150.0 , Est Remaining: 321.8
111 151.3 , Est Remaining: 320.4
112 152.7 , Est Remaining: 318.9
113 154.0 , Est Remaining: 317.5
114 155.3 , Est Remaining: 316.1
115 156.7 , Est Remaining: 314.7
116 158.0 , Est Remaining: 313.3
117 159.3 , Est Remaining: 311.8
118 160.7 , Est Remaining: 310.4
119 162.0 , Est Remaining: 309.0
120 163.3 , Est Remaining: 307.6
121 164.7 , Est Remaining: 306.2
122 166.0 , Est Remaining: 304.8
123 167.3 , Est Remaining: 303.4
124 168.7 , Est Remaining: 302.0
125 170.0 , Est Remaining: 300.6
126 171.3 , Est Remaining: 299.2
127 172.7 , Est Remaining: 297.8
128 174.0 , Est Remaining: 296.4
129 175.4 , Est Remaining: 295.0
130 176.7 , Est Remaining: 293.6
131 178.1 , Est Remaining: 292.2
EVENT FAILED
131 178.3 , Est Remaining: 292.7
132 179.7 , Est Remaining: 291.3
133 181.1 , Est Remaining: 290.0
134 182.4 , Est Remaining: 288.6
135 183.8 , Est Remaining: 287.2
136 185.1 , Est Remaining: 285.8
137 186.5 , Est Remaining: 284.4
138 187.8 , Est Remaining: 283.1
139 189.1 , Est Remaining: 281.7
140 190.5 , Est Remaining: 280.3
141 191.8 , Est Remaining: 278.9
142 193.2 , Est Remaining: 277.5
143 194.5 , Est Remaining: 276.2
144 195.9 , Est Remaining: 274.8
145 197.2 , Est Remaining: 273.4
146 198.5 , Est Remaining: 272.0
147 199.9 , Est Remaining: 270.6
148 201.2 , Est Remaining: 269.2
149 202.6 , Est Remaining: 267.8
150 203.9 , Est Remaining: 266.5
151 205.3 , Est Remaining: 265.1
152 206.6 , Est Remaining: 263.7
153 207.9 , Est Remaining: 262.3
154 209.3 , Est Remaining: 260.9
155 210.6 , Est Remaining: 259.5
156 211.9 , Est Remaining: 258.1
157 213.3 , Est Remaining: 256.8
158 214.6 , Est Remaining: 255.4
159 215.9 , Est Remaining: 254.0
160 217.3 , Est Remaining: 252.6
161 218.6 , Est Remaining: 251.2
162 219.9 , Est Remaining: 249.8
163 221.3 , Est Remaining: 248.4
164 222.6 , Est Remaining: 247.1
165 224.0 , Est Remaining: 245.7
166 225.3 , Est Remaining: 244.3
167 226.7 , Est Remaining: 242.9
168 228.0 , Est Remaining: 241.6
169 229.3 , Est Remaining: 240.2
170 230.7 , Est Remaining: 238.8
171 232.0 , Est Remaining: 237.5
172 233.4 , Est Remaining: 236.1
173 234.7 , Est Remaining: 234.7
174 236.1 , Est Remaining: 233.4
175 237.4 , Est Remaining: 232.0
176 238.8 , Est Remaining: 230.6
177 240.1 , Est Remaining: 229.3
178 241.4 , Est Remaining: 227.9
179 242.8 , Est Remaining: 226.5
180 244.1 , Est Remaining: 225.1
181 245.4 , Est Remaining: 223.7
182 246.8 , Est Remaining: 222.4
183 248.2 , Est Remaining: 221.0
184 249.5 , Est Remaining: 219.7
185 250.9 , Est Remaining: 218.3
186 252.2 , Est Remaining: 216.9
187 253.5 , Est Remaining: 215.6
188 254.9 , Est Remaining: 214.2
189 256.2 , Est Remaining: 212.8
190 257.5 , Est Remaining: 211.4
191 258.8 , Est Remaining: 210.0
192 260.2 , Est Remaining: 208.7
193 261.5 , Est Remaining: 207.3
194 262.8 , Est Remaining: 205.9
195 264.1 , Est Remaining: 204.5
196 265.4 , Est Remaining: 203.1
197 266.8 , Est Remaining: 201.8
198 268.1 , Est Remaining: 200.4
199 269.4 , Est Remaining: 199.0
200 270.7 , Est Remaining: 197.6
201 272.0 , Est Remaining: 196.2
202 273.3 , Est Remaining: 194.9
203 274.8 , Est Remaining: 193.6
204 276.1 , Est Remaining: 192.2
205 277.4 , Est Remaining: 190.8
206 278.7 , Est Remaining: 189.4
EVENT FAILED
206 279.0 , Est Remaining: 189.6
207 280.4 , Est Remaining: 188.3
208 281.7 , Est Remaining: 186.9
209 283.0 , Est Remaining: 185.5
210 284.4 , Est Remaining: 184.2
211 285.7 , Est Remaining: 182.8
212 287.0 , Est Remaining: 181.4
213 288.3 , Est Remaining: 180.0
214 289.6 , Est Remaining: 178.7
215 291.0 , Est Remaining: 177.3
216 292.3 , Est Remaining: 175.9
217 293.6 , Est Remaining: 174.5
218 294.9 , Est Remaining: 173.2
219 296.2 , Est Remaining: 171.8
220 297.6 , Est Remaining: 170.4
221 298.9 , Est Remaining: 169.1
222 300.2 , Est Remaining: 167.7
223 301.5 , Est Remaining: 166.3
224 302.8 , Est Remaining: 164.9
225 304.2 , Est Remaining: 163.6
226 305.5 , Est Remaining: 162.2
227 306.8 , Est Remaining: 160.8
228 308.1 , Est Remaining: 159.5
229 309.4 , Est Remaining: 158.1
230 310.7 , Est Remaining: 156.7
231 312.1 , Est Remaining: 155.4
232 313.4 , Est Remaining: 154.0
EVENT FAILED
232 313.7 , Est Remaining: 154.1
233 315.0 , Est Remaining: 152.8
234 316.3 , Est Remaining: 151.4
235 317.6 , Est Remaining: 150.0
236 318.9 , Est Remaining: 148.6
237 320.2 , Est Remaining: 147.3
238 321.5 , Est Remaining: 145.9
239 322.9 , Est Remaining: 144.5
240 324.2 , Est Remaining: 143.2
241 325.5 , Est Remaining: 141.8
242 326.8 , Est Remaining: 140.4
243 328.1 , Est Remaining: 139.1
244 329.4 , Est Remaining: 137.7
245 330.7 , Est Remaining: 136.3
246 332.1 , Est Remaining: 135.0
247 333.4 , Est Remaining: 133.6
248 334.7 , Est Remaining: 132.3
249 336.0 , Est Remaining: 130.9
EVENT FAILED
249 336.3 , Est Remaining: 131.0
250 337.6 , Est Remaining: 129.6
251 338.9 , Est Remaining: 128.3
252 340.2 , Est Remaining: 126.9
253 341.6 , Est Remaining: 125.6
254 342.9 , Est Remaining: 124.2
255 344.2 , Est Remaining: 122.8
256 345.5 , Est Remaining: 121.5
257 346.9 , Est Remaining: 120.1
258 348.2 , Est Remaining: 118.8
259 349.5 , Est Remaining: 117.4
260 350.9 , Est Remaining: 116.1
261 352.2 , Est Remaining: 114.7
262 353.5 , Est Remaining: 113.3
263 354.8 , Est Remaining: 112.0
264 356.1 , Est Remaining: 110.6
265 357.5 , Est Remaining: 109.3
EVENT FAILED
265 357.8 , Est Remaining: 109.4
266 359.1 , Est Remaining: 108.0
267 360.4 , Est Remaining: 106.6
268 361.7 , Est Remaining: 105.3
269 363.0 , Est Remaining: 103.9
EVENT FAILED
269 363.3 , Est Remaining: 104.0
270 364.7 , Est Remaining: 102.6
271 366.0 , Est Remaining: 101.3
272 367.3 , Est Remaining: 99.9
273 368.6 , Est Remaining: 98.6
274 369.9 , Est Remaining: 97.2
275 371.3 , Est Remaining: 95.9
276 372.6 , Est Remaining: 94.5
277 373.9 , Est Remaining: 93.1
278 375.2 , Est Remaining: 91.8
279 376.5 , Est Remaining: 90.4
280 377.8 , Est Remaining: 89.1
281 379.1 , Est Remaining: 87.7
282 380.5 , Est Remaining: 86.3
283 381.8 , Est Remaining: 85.0
284 383.1 , Est Remaining: 83.6
285 384.4 , Est Remaining: 82.3
286 385.7 , Est Remaining: 80.9
287 387.0 , Est Remaining: 79.6
288 388.3 , Est Remaining: 78.2
289 389.6 , Est Remaining: 76.8
EVENT FAILED
289 389.9 , Est Remaining: 76.9
290 391.2 , Est Remaining: 75.5
291 392.5 , Est Remaining: 74.2
292 393.9 , Est Remaining: 72.8
EVENT FAILED
292 394.1 , Est Remaining: 72.9
293 395.5 , Est Remaining: 71.5
294 396.8 , Est Remaining: 70.2
295 398.1 , Est Remaining: 68.8
296 399.4 , Est Remaining: 67.5
297 400.7 , Est Remaining: 66.1
298 402.0 , Est Remaining: 64.8
299 403.4 , Est Remaining: 63.4
EVENT FAILED
299 403.7 , Est Remaining: 63.5
300 405.0 , Est Remaining: 62.1
301 406.3 , Est Remaining: 60.7
302 407.8 , Est Remaining: 59.4
303 409.1 , Est Remaining: 58.1
304 410.4 , Est Remaining: 56.7
305 411.7 , Est Remaining: 55.3
306 413.1 , Est Remaining: 54.0
307 414.4 , Est Remaining: 52.6
308 415.7 , Est Remaining: 51.3
309 417.0 , Est Remaining: 49.9
310 418.3 , Est Remaining: 48.6
311 419.7 , Est Remaining: 47.2
312 421.0 , Est Remaining: 45.9
313 422.3 , Est Remaining: 44.5
314 423.6 , Est Remaining: 43.2
315 424.9 , Est Remaining: 41.8
316 426.2 , Est Remaining: 40.5
317 427.6 , Est Remaining: 39.1
318 428.9 , Est Remaining: 37.8
319 430.2 , Est Remaining: 36.4
320 431.6 , Est Remaining: 35.1
321 432.9 , Est Remaining: 33.7
322 434.2 , Est Remaining: 32.4
EVENT FAILED
322 434.5 , Est Remaining: 32.4
323 435.8 , Est Remaining: 31.0
324 437.2 , Est Remaining: 29.7
325 438.5 , Est Remaining: 28.3
326 439.8 , Est Remaining: 27.0
327 441.1 , Est Remaining: 25.6
328 442.5 , Est Remaining: 24.3
