Note: NumExpr detected 32 cores but "NUMEXPR_MAX_THREADS" not set, so enforcing safe limit of 8.
Using selector: EpollSelector
/n/home02/jhaefner/miniconda/envs/IC-3.7-2020-06-16/lib/python3.7/site-packages/scipy/optimize/minpack.py:808: OptimizeWarning: Covariance of the parameters could not be estimated
  category=OptimizeWarning)
Total rwfs: 346
0 0.0 , Est Remaining: 999999.9
EVENT FAILED
0 0.4 , Est Remaining: 999999.9
1 1.8 , Est Remaining: 619.3
2 3.2 , Est Remaining: 556.4
3 4.7 , Est Remaining: 542.7
4 6.2 , Est Remaining: 530.9
EVENT FAILED
4 6.5 , Est Remaining: 557.9
5 8.0 , Est Remaining: 542.3
6 9.4 , Est Remaining: 532.2
7 10.8 , Est Remaining: 524.2
8 12.3 , Est Remaining: 518.5
EVENT FAILED
8 12.6 , Est Remaining: 532.3
9 14.0 , Est Remaining: 525.2
10 15.4 , Est Remaining: 518.6
11 16.8 , Est Remaining: 512.9
12 18.2 , Est Remaining: 507.5
13 19.6 , Est Remaining: 502.5
14 21.0 , Est Remaining: 498.2
15 22.4 , Est Remaining: 494.1
16 23.8 , Est Remaining: 490.3
17 25.2 , Est Remaining: 486.8
18 26.6 , Est Remaining: 484.1
19 27.9 , Est Remaining: 480.9
20 29.3 , Est Remaining: 477.7
21 30.7 , Est Remaining: 474.7
22 32.0 , Est Remaining: 471.9
23 33.4 , Est Remaining: 469.0
24 34.8 , Est Remaining: 466.5
25 36.1 , Est Remaining: 464.1
26 37.5 , Est Remaining: 461.7
27 38.9 , Est Remaining: 459.4
28 40.2 , Est Remaining: 456.9
29 41.6 , Est Remaining: 454.5
30 42.9 , Est Remaining: 452.4
31 44.3 , Est Remaining: 450.2
32 45.7 , Est Remaining: 448.0
33 47.0 , Est Remaining: 446.0
34 48.4 , Est Remaining: 444.0
35 49.7 , Est Remaining: 441.9
36 51.1 , Est Remaining: 439.8
37 52.4 , Est Remaining: 437.9
38 53.8 , Est Remaining: 435.9
39 55.1 , Est Remaining: 433.9
40 56.5 , Est Remaining: 431.9
41 57.8 , Est Remaining: 429.9
42 59.1 , Est Remaining: 428.1
EVENT FAILED
42 59.4 , Est Remaining: 430.3
43 60.8 , Est Remaining: 428.4
44 62.1 , Est Remaining: 426.5
45 63.5 , Est Remaining: 424.6
46 64.8 , Est Remaining: 422.8
47 66.2 , Est Remaining: 421.1
48 67.5 , Est Remaining: 419.3
49 68.9 , Est Remaining: 417.6
50 70.2 , Est Remaining: 415.9
51 71.6 , Est Remaining: 414.2
52 73.0 , Est Remaining: 412.5
53 74.3 , Est Remaining: 410.9
54 75.7 , Est Remaining: 409.1
55 77.0 , Est Remaining: 407.5
56 78.4 , Est Remaining: 406.0
57 79.7 , Est Remaining: 404.3
EVENT FAILED
57 80.0 , Est Remaining: 405.7
58 81.4 , Est Remaining: 404.2
59 82.8 , Est Remaining: 402.6
60 84.1 , Est Remaining: 401.0
61 85.5 , Est Remaining: 399.5
62 86.9 , Est Remaining: 397.9
63 88.2 , Est Remaining: 396.3
64 89.6 , Est Remaining: 394.8
65 90.9 , Est Remaining: 393.1
66 92.3 , Est Remaining: 391.5
67 93.6 , Est Remaining: 389.8
68 95.0 , Est Remaining: 388.2
69 96.3 , Est Remaining: 386.5
70 97.6 , Est Remaining: 384.8
71 99.0 , Est Remaining: 383.3
72 100.3 , Est Remaining: 381.6
73 101.6 , Est Remaining: 380.1
74 103.0 , Est Remaining: 378.5
75 104.3 , Est Remaining: 377.0
76 105.7 , Est Remaining: 375.5
77 107.1 , Est Remaining: 374.0
78 108.4 , Est Remaining: 372.6
79 109.8 , Est Remaining: 371.1
80 111.2 , Est Remaining: 369.6
81 112.6 , Est Remaining: 368.3
82 113.9 , Est Remaining: 366.8
83 115.3 , Est Remaining: 365.4
84 116.7 , Est Remaining: 364.0
85 118.1 , Est Remaining: 362.6
EVENT FAILED
85 118.4 , Est Remaining: 363.5
86 119.8 , Est Remaining: 362.0
87 121.1 , Est Remaining: 360.6
88 122.5 , Est Remaining: 359.2
89 123.9 , Est Remaining: 357.8
90 125.3 , Est Remaining: 356.4
91 126.7 , Est Remaining: 355.1
92 128.1 , Est Remaining: 353.7
93 129.5 , Est Remaining: 352.4
94 130.9 , Est Remaining: 351.0
95 132.3 , Est Remaining: 349.6
96 133.8 , Est Remaining: 348.3
97 135.2 , Est Remaining: 347.0
98 136.6 , Est Remaining: 345.7
99 138.0 , Est Remaining: 344.3
100 139.4 , Est Remaining: 343.0
101 140.9 , Est Remaining: 341.7
102 142.3 , Est Remaining: 340.3
103 143.8 , Est Remaining: 339.2
104 145.2 , Est Remaining: 337.8
105 146.6 , Est Remaining: 336.4
106 148.0 , Est Remaining: 335.1
107 149.4 , Est Remaining: 333.7
108 150.8 , Est Remaining: 332.3
109 152.2 , Est Remaining: 330.9
110 153.6 , Est Remaining: 329.5
111 155.0 , Est Remaining: 328.2
112 156.4 , Est Remaining: 326.8
113 157.8 , Est Remaining: 325.4
114 159.2 , Est Remaining: 324.0
115 160.6 , Est Remaining: 322.6
116 162.0 , Est Remaining: 321.2
117 163.4 , Est Remaining: 319.9
118 164.8 , Est Remaining: 318.5
119 166.2 , Est Remaining: 317.1
120 167.6 , Est Remaining: 315.7
121 169.0 , Est Remaining: 314.3
122 170.5 , Est Remaining: 313.0
123 171.9 , Est Remaining: 311.6
EVENT FAILED
123 172.2 , Est Remaining: 312.2
124 173.6 , Est Remaining: 310.8
125 175.0 , Est Remaining: 309.4
126 176.4 , Est Remaining: 308.0
127 177.8 , Est Remaining: 306.5
128 179.2 , Est Remaining: 305.2
129 180.6 , Est Remaining: 303.8
130 182.0 , Est Remaining: 302.5
131 183.4 , Est Remaining: 301.1
132 184.9 , Est Remaining: 299.7
133 186.3 , Est Remaining: 298.3
134 187.7 , Est Remaining: 296.9
135 189.1 , Est Remaining: 295.5
136 190.5 , Est Remaining: 294.2
137 191.9 , Est Remaining: 292.8
138 193.4 , Est Remaining: 291.5
139 194.9 , Est Remaining: 290.2
140 196.3 , Est Remaining: 288.8
141 197.7 , Est Remaining: 287.5
142 199.2 , Est Remaining: 286.1
143 200.6 , Est Remaining: 284.7
144 202.0 , Est Remaining: 283.4
145 203.5 , Est Remaining: 282.0
146 204.9 , Est Remaining: 280.7
147 206.4 , Est Remaining: 279.4
148 207.8 , Est Remaining: 278.0
149 209.2 , Est Remaining: 276.6
150 210.7 , Est Remaining: 275.3
151 212.1 , Est Remaining: 273.9
152 213.6 , Est Remaining: 272.6
153 215.0 , Est Remaining: 271.2
154 216.4 , Est Remaining: 269.8
155 217.8 , Est Remaining: 268.4
156 219.3 , Est Remaining: 267.0
157 220.7 , Est Remaining: 265.7
158 222.1 , Est Remaining: 264.3
159 223.5 , Est Remaining: 262.9
160 225.0 , Est Remaining: 261.5
161 226.4 , Est Remaining: 260.2
EVENT FAILED
161 226.7 , Est Remaining: 260.6
162 228.2 , Est Remaining: 259.2
163 229.6 , Est Remaining: 257.8
164 231.0 , Est Remaining: 256.4
165 232.5 , Est Remaining: 255.0
166 233.9 , Est Remaining: 253.7
167 235.4 , Est Remaining: 252.3
168 236.8 , Est Remaining: 250.9
169 238.2 , Est Remaining: 249.5
170 239.7 , Est Remaining: 248.1
171 241.1 , Est Remaining: 246.8
172 242.6 , Est Remaining: 245.4
173 244.0 , Est Remaining: 244.0
174 245.5 , Est Remaining: 242.7
175 246.9 , Est Remaining: 241.3
176 248.3 , Est Remaining: 239.9
177 249.8 , Est Remaining: 238.5
178 251.2 , Est Remaining: 237.1
179 252.7 , Est Remaining: 235.7
180 254.1 , Est Remaining: 234.3
181 255.5 , Est Remaining: 232.9
EVENT FAILED
181 255.8 , Est Remaining: 233.2
182 257.3 , Est Remaining: 231.9
183 258.7 , Est Remaining: 230.5
184 260.2 , Est Remaining: 229.1
185 261.6 , Est Remaining: 227.7
186 263.1 , Est Remaining: 226.3
187 264.6 , Est Remaining: 224.9
188 266.0 , Est Remaining: 223.5
189 267.4 , Est Remaining: 222.1
190 268.8 , Est Remaining: 220.7
191 270.2 , Est Remaining: 219.3
192 271.7 , Est Remaining: 217.9
193 273.1 , Est Remaining: 216.5
EVENT FAILED
193 273.4 , Est Remaining: 216.7
194 274.8 , Est Remaining: 215.3
195 276.3 , Est Remaining: 214.0
196 277.7 , Est Remaining: 212.6
197 279.2 , Est Remaining: 211.2
198 280.6 , Est Remaining: 209.7
199 282.1 , Est Remaining: 208.3
200 283.5 , Est Remaining: 206.9
201 284.9 , Est Remaining: 205.6
202 286.4 , Est Remaining: 204.2
203 288.0 , Est Remaining: 202.8
204 289.4 , Est Remaining: 201.4
EVENT FAILED
204 289.7 , Est Remaining: 201.7
205 291.2 , Est Remaining: 200.3
206 292.6 , Est Remaining: 198.9
EVENT FAILED
206 292.9 , Est Remaining: 199.1
207 294.3 , Est Remaining: 197.7
208 295.8 , Est Remaining: 196.2
209 297.2 , Est Remaining: 194.8
210 298.7 , Est Remaining: 193.4
211 300.1 , Est Remaining: 192.0
212 301.5 , Est Remaining: 190.6
213 303.0 , Est Remaining: 189.2
214 304.4 , Est Remaining: 187.7
215 305.8 , Est Remaining: 186.3
216 307.2 , Est Remaining: 184.9
217 308.6 , Est Remaining: 183.5
218 310.0 , Est Remaining: 182.0
219 311.5 , Est Remaining: 180.6
220 312.9 , Est Remaining: 179.2
221 314.4 , Est Remaining: 177.8
222 315.8 , Est Remaining: 176.4
223 317.2 , Est Remaining: 175.0
224 318.7 , Est Remaining: 173.6
225 320.2 , Est Remaining: 172.2
226 321.6 , Est Remaining: 170.8
227 323.1 , Est Remaining: 169.4
228 324.6 , Est Remaining: 168.0
229 326.0 , Est Remaining: 166.6
230 327.5 , Est Remaining: 165.2
231 329.0 , Est Remaining: 163.8
232 330.4 , Est Remaining: 162.4
233 331.9 , Est Remaining: 161.0
234 333.4 , Est Remaining: 159.6
235 334.8 , Est Remaining: 158.1
236 336.2 , Est Remaining: 156.7
237 337.7 , Est Remaining: 155.3
238 339.1 , Est Remaining: 153.9
239 340.6 , Est Remaining: 152.5
240 342.0 , Est Remaining: 151.0
241 343.4 , Est Remaining: 149.6
242 344.8 , Est Remaining: 148.2
243 346.3 , Est Remaining: 146.8
244 347.7 , Est Remaining: 145.3
245 349.1 , Est Remaining: 143.9
246 350.6 , Est Remaining: 142.5
EVENT FAILED
246 350.9 , Est Remaining: 142.6
247 352.3 , Est Remaining: 141.2
248 353.7 , Est Remaining: 139.8
249 355.1 , Est Remaining: 138.4
250 356.6 , Est Remaining: 136.9
251 358.0 , Est Remaining: 135.5
252 359.5 , Est Remaining: 134.1
253 360.9 , Est Remaining: 132.7
254 362.3 , Est Remaining: 131.2
EVENT FAILED
254 362.7 , Est Remaining: 131.4
255 364.1 , Est Remaining: 129.9
256 365.5 , Est Remaining: 128.5
257 367.0 , Est Remaining: 127.1
EVENT FAILED
257 367.3 , Est Remaining: 127.2
258 368.7 , Est Remaining: 125.8
259 370.2 , Est Remaining: 124.3
260 371.6 , Est Remaining: 122.9
261 373.1 , Est Remaining: 121.5
262 374.5 , Est Remaining: 120.1
263 376.0 , Est Remaining: 118.6
264 377.4 , Est Remaining: 117.2
265 378.8 , Est Remaining: 115.8
266 380.3 , Est Remaining: 114.4
267 381.7 , Est Remaining: 112.9
268 383.1 , Est Remaining: 111.5
269 384.6 , Est Remaining: 110.1
270 386.0 , Est Remaining: 108.6
271 387.4 , Est Remaining: 107.2
272 388.8 , Est Remaining: 105.8
273 390.3 , Est Remaining: 104.4
274 391.7 , Est Remaining: 102.9
275 393.1 , Est Remaining: 101.5
276 394.5 , Est Remaining: 100.1
277 395.9 , Est Remaining: 98.6
278 397.3 , Est Remaining: 97.2
279 398.7 , Est Remaining: 95.8
280 400.2 , Est Remaining: 94.3
281 401.7 , Est Remaining: 92.9
282 403.1 , Est Remaining: 91.5
283 404.6 , Est Remaining: 90.1
284 406.1 , Est Remaining: 88.6
285 407.5 , Est Remaining: 87.2
286 409.0 , Est Remaining: 85.8
287 410.5 , Est Remaining: 84.4
288 411.9 , Est Remaining: 83.0
289 413.4 , Est Remaining: 81.5
290 414.9 , Est Remaining: 80.1
291 416.4 , Est Remaining: 78.7
292 417.8 , Est Remaining: 77.3
293 419.3 , Est Remaining: 75.8
294 420.7 , Est Remaining: 74.4
295 422.2 , Est Remaining: 73.0
296 423.7 , Est Remaining: 71.6
297 425.1 , Est Remaining: 70.1
298 426.6 , Est Remaining: 68.7
EVENT FAILED
298 426.9 , Est Remaining: 68.8
299 428.4 , Est Remaining: 67.3
300 429.8 , Est Remaining: 65.9
301 431.3 , Est Remaining: 64.5
302 433.0 , Est Remaining: 63.1
303 434.4 , Est Remaining: 61.6
304 435.9 , Est Remaining: 60.2
305 437.3 , Est Remaining: 58.8
306 438.8 , Est Remaining: 57.4
307 440.3 , Est Remaining: 55.9
308 441.7 , Est Remaining: 54.5
309 443.2 , Est Remaining: 53.1
310 444.7 , Est Remaining: 51.6
311 446.2 , Est Remaining: 50.2
312 447.7 , Est Remaining: 48.8
313 449.1 , Est Remaining: 47.4
314 450.6 , Est Remaining: 45.9
315 452.1 , Est Remaining: 44.5
316 453.5 , Est Remaining: 43.1
317 455.0 , Est Remaining: 41.6
318 456.5 , Est Remaining: 40.2
319 457.9 , Est Remaining: 38.8
320 459.4 , Est Remaining: 37.3
321 460.9 , Est Remaining: 35.9
322 462.3 , Est Remaining: 34.5
323 463.8 , Est Remaining: 33.0
324 465.3 , Est Remaining: 31.6
325 466.7 , Est Remaining: 30.2
326 468.2 , Est Remaining: 28.7
327 469.6 , Est Remaining: 27.3
328 471.1 , Est Remaining: 25.9
329 472.5 , Est Remaining: 24.4
