Note: NumExpr detected 32 cores but "NUMEXPR_MAX_THREADS" not set, so enforcing safe limit of 8.
Using selector: EpollSelector
/n/home02/jhaefner/miniconda/envs/IC-3.7-2020-06-16/lib/python3.7/site-packages/scipy/optimize/minpack.py:808: OptimizeWarning: Covariance of the parameters could not be estimated
  category=OptimizeWarning)
Total rwfs: 346
0 0.0 , Est Remaining: 999999.9
1 1.5 , Est Remaining: 506.7
2 2.9 , Est Remaining: 501.7
3 4.4 , Est Remaining: 502.0
4 5.8 , Est Remaining: 497.3
5 7.2 , Est Remaining: 492.8
6 8.7 , Est Remaining: 490.4
7 10.1 , Est Remaining: 488.2
EVENT FAILED
7 10.4 , Est Remaining: 504.3
8 11.8 , Est Remaining: 499.0
9 13.2 , Est Remaining: 495.0
10 14.6 , Est Remaining: 491.4
11 16.0 , Est Remaining: 487.8
12 17.4 , Est Remaining: 485.3
13 18.9 , Est Remaining: 483.0
14 20.3 , Est Remaining: 480.5
15 21.7 , Est Remaining: 478.3
16 23.1 , Est Remaining: 476.3
17 24.5 , Est Remaining: 474.3
18 25.9 , Est Remaining: 472.1
19 27.3 , Est Remaining: 470.2
20 28.7 , Est Remaining: 468.2
21 30.1 , Est Remaining: 466.5
22 31.6 , Est Remaining: 464.9
EVENT FAILED
22 31.9 , Est Remaining: 469.5
23 33.3 , Est Remaining: 467.2
24 34.7 , Est Remaining: 465.1
25 36.1 , Est Remaining: 463.2
26 37.5 , Est Remaining: 461.2
27 38.9 , Est Remaining: 459.3
28 40.3 , Est Remaining: 457.3
29 41.7 , Est Remaining: 455.5
EVENT FAILED
29 42.0 , Est Remaining: 458.9
30 43.4 , Est Remaining: 457.1
31 44.8 , Est Remaining: 455.3
32 46.2 , Est Remaining: 453.5
33 47.6 , Est Remaining: 451.7
34 49.0 , Est Remaining: 450.0
35 50.5 , Est Remaining: 448.3
36 51.9 , Est Remaining: 446.7
37 53.2 , Est Remaining: 443.9
38 54.6 , Est Remaining: 442.2
39 56.0 , Est Remaining: 440.5
40 57.4 , Est Remaining: 439.0
41 58.8 , Est Remaining: 437.3
42 60.2 , Est Remaining: 435.7
43 61.6 , Est Remaining: 434.3
44 63.0 , Est Remaining: 432.7
45 64.5 , Est Remaining: 431.1
46 65.9 , Est Remaining: 429.6
47 67.3 , Est Remaining: 428.0
48 68.7 , Est Remaining: 426.6
49 70.1 , Est Remaining: 425.1
50 71.6 , Est Remaining: 423.8
51 73.0 , Est Remaining: 422.4
52 74.5 , Est Remaining: 421.0
53 75.9 , Est Remaining: 419.5
54 77.3 , Est Remaining: 418.2
55 78.8 , Est Remaining: 416.8
56 80.2 , Est Remaining: 415.4
57 81.7 , Est Remaining: 414.1
58 83.1 , Est Remaining: 412.7
59 84.6 , Est Remaining: 411.4
60 86.0 , Est Remaining: 410.1
61 87.5 , Est Remaining: 408.8
62 89.0 , Est Remaining: 407.5
63 90.4 , Est Remaining: 406.1
64 91.8 , Est Remaining: 404.7
65 93.3 , Est Remaining: 403.3
66 94.8 , Est Remaining: 402.0
67 96.2 , Est Remaining: 400.6
68 97.7 , Est Remaining: 399.3
69 99.1 , Est Remaining: 397.9
70 100.6 , Est Remaining: 396.5
71 102.0 , Est Remaining: 395.2
72 103.5 , Est Remaining: 393.8
73 105.0 , Est Remaining: 392.6
74 106.4 , Est Remaining: 391.2
75 107.9 , Est Remaining: 389.9
76 109.4 , Est Remaining: 388.5
77 110.8 , Est Remaining: 387.1
78 112.3 , Est Remaining: 385.7
79 113.7 , Est Remaining: 384.3
80 115.1 , Est Remaining: 382.9
81 116.6 , Est Remaining: 381.5
82 118.0 , Est Remaining: 380.0
83 119.5 , Est Remaining: 378.5
84 120.9 , Est Remaining: 377.1
85 122.3 , Est Remaining: 375.6
86 123.8 , Est Remaining: 374.3
87 125.2 , Est Remaining: 372.9
88 126.7 , Est Remaining: 371.5
89 128.2 , Est Remaining: 370.1
90 129.6 , Est Remaining: 368.7
91 131.0 , Est Remaining: 367.2
92 132.5 , Est Remaining: 365.8
93 133.9 , Est Remaining: 364.3
94 135.3 , Est Remaining: 362.9
95 136.8 , Est Remaining: 361.4
96 138.2 , Est Remaining: 360.0
97 139.7 , Est Remaining: 358.6
98 141.1 , Est Remaining: 357.1
99 142.5 , Est Remaining: 355.7
100 144.0 , Est Remaining: 354.2
101 145.4 , Est Remaining: 352.7
102 146.8 , Est Remaining: 351.3
103 148.4 , Est Remaining: 350.0
104 149.8 , Est Remaining: 348.5
105 151.2 , Est Remaining: 347.1
106 152.6 , Est Remaining: 345.6
107 154.0 , Est Remaining: 344.0
108 155.4 , Est Remaining: 342.6
109 156.9 , Est Remaining: 341.1
110 158.3 , Est Remaining: 339.6
111 159.7 , Est Remaining: 338.2
112 161.2 , Est Remaining: 336.7
113 162.6 , Est Remaining: 335.3
114 164.1 , Est Remaining: 333.9
EVENT FAILED
114 164.4 , Est Remaining: 334.5
115 165.8 , Est Remaining: 333.1
116 167.2 , Est Remaining: 331.6
117 168.7 , Est Remaining: 330.2
118 170.1 , Est Remaining: 328.7
119 171.6 , Est Remaining: 327.3
120 173.1 , Est Remaining: 325.9
121 174.5 , Est Remaining: 324.5
122 176.0 , Est Remaining: 323.1
123 177.4 , Est Remaining: 321.7
124 178.9 , Est Remaining: 320.3
125 180.4 , Est Remaining: 318.9
126 181.9 , Est Remaining: 317.5
127 183.3 , Est Remaining: 316.1
128 184.8 , Est Remaining: 314.7
129 186.2 , Est Remaining: 313.2
130 187.6 , Est Remaining: 311.8
131 189.1 , Est Remaining: 310.3
132 190.5 , Est Remaining: 308.8
133 191.9 , Est Remaining: 307.4
EVENT FAILED
133 192.2 , Est Remaining: 307.9
134 193.7 , Est Remaining: 306.4
135 195.1 , Est Remaining: 305.0
136 196.6 , Est Remaining: 303.5
137 198.0 , Est Remaining: 302.1
EVENT FAILED
137 198.3 , Est Remaining: 302.6
138 199.8 , Est Remaining: 301.1
139 201.2 , Est Remaining: 299.7
140 202.7 , Est Remaining: 298.3
141 204.1 , Est Remaining: 296.8
142 205.6 , Est Remaining: 295.3
143 207.0 , Est Remaining: 293.9
144 208.5 , Est Remaining: 292.5
145 210.0 , Est Remaining: 291.1
146 211.5 , Est Remaining: 289.7
EVENT FAILED
146 211.8 , Est Remaining: 290.1
147 213.2 , Est Remaining: 288.6
148 214.7 , Est Remaining: 287.2
149 216.1 , Est Remaining: 285.8
150 217.6 , Est Remaining: 284.3
151 219.0 , Est Remaining: 282.8
152 220.5 , Est Remaining: 281.4
153 221.9 , Est Remaining: 280.0
154 223.4 , Est Remaining: 278.5
155 224.8 , Est Remaining: 277.1
156 226.3 , Est Remaining: 275.6
157 227.8 , Est Remaining: 274.2
158 229.2 , Est Remaining: 272.8
159 230.7 , Est Remaining: 271.3
160 232.1 , Est Remaining: 269.8
161 233.6 , Est Remaining: 268.4
162 235.0 , Est Remaining: 266.9
163 236.4 , Est Remaining: 265.4
164 237.8 , Est Remaining: 263.9
165 239.2 , Est Remaining: 262.4
166 240.7 , Est Remaining: 260.9
167 242.1 , Est Remaining: 259.5
168 243.5 , Est Remaining: 258.0
169 244.9 , Est Remaining: 256.5
170 246.3 , Est Remaining: 255.0
171 247.6 , Est Remaining: 253.4
172 249.1 , Est Remaining: 252.0
173 250.5 , Est Remaining: 250.5
174 251.9 , Est Remaining: 249.0
175 253.4 , Est Remaining: 247.6
176 254.8 , Est Remaining: 246.1
EVENT FAILED
176 255.1 , Est Remaining: 246.4
177 256.6 , Est Remaining: 245.0
178 258.0 , Est Remaining: 243.5
179 259.5 , Est Remaining: 242.1
180 260.9 , Est Remaining: 240.6
181 262.3 , Est Remaining: 239.1
182 263.8 , Est Remaining: 237.7
183 265.2 , Est Remaining: 236.2
184 266.7 , Est Remaining: 234.8
185 268.1 , Est Remaining: 233.3
186 269.6 , Est Remaining: 231.9
187 271.0 , Est Remaining: 230.4
188 272.4 , Est Remaining: 229.0
189 273.8 , Est Remaining: 227.5
190 275.4 , Est Remaining: 226.1
191 276.8 , Est Remaining: 224.6
192 278.2 , Est Remaining: 223.2
193 279.6 , Est Remaining: 221.7
194 281.0 , Est Remaining: 220.2
195 282.4 , Est Remaining: 218.7
196 283.8 , Est Remaining: 217.2
197 285.2 , Est Remaining: 215.7
198 286.6 , Est Remaining: 214.2
199 287.9 , Est Remaining: 212.7
200 289.3 , Est Remaining: 211.2
201 290.8 , Est Remaining: 209.8
202 292.2 , Est Remaining: 208.3
203 293.6 , Est Remaining: 206.8
204 295.0 , Est Remaining: 205.3
205 296.4 , Est Remaining: 203.8
EVENT FAILED
205 296.7 , Est Remaining: 204.0
206 298.0 , Est Remaining: 202.6
207 299.4 , Est Remaining: 201.1
208 300.8 , Est Remaining: 199.6
209 302.2 , Est Remaining: 198.1
210 303.6 , Est Remaining: 196.6
211 304.9 , Est Remaining: 195.1
212 306.3 , Est Remaining: 193.6
213 307.7 , Est Remaining: 192.1
214 309.1 , Est Remaining: 190.6
215 310.4 , Est Remaining: 189.2
216 311.8 , Est Remaining: 187.7
217 313.2 , Est Remaining: 186.2
218 314.6 , Est Remaining: 184.7
219 315.9 , Est Remaining: 183.2
220 317.3 , Est Remaining: 181.7
221 318.7 , Est Remaining: 180.2
222 320.0 , Est Remaining: 178.8
223 321.4 , Est Remaining: 177.3
224 322.8 , Est Remaining: 175.8
225 324.2 , Est Remaining: 174.3
226 325.5 , Est Remaining: 172.8
227 326.9 , Est Remaining: 171.4
228 328.3 , Est Remaining: 169.9
229 329.7 , Est Remaining: 168.4
230 331.1 , Est Remaining: 167.0
231 332.4 , Est Remaining: 165.5
232 333.8 , Est Remaining: 164.0
233 335.2 , Est Remaining: 162.6
234 336.5 , Est Remaining: 161.1
235 337.9 , Est Remaining: 159.6
236 339.3 , Est Remaining: 158.1
237 340.6 , Est Remaining: 156.7
238 342.0 , Est Remaining: 155.2
239 343.4 , Est Remaining: 153.7
240 344.8 , Est Remaining: 152.3
241 346.1 , Est Remaining: 150.8
242 347.5 , Est Remaining: 149.3
243 348.9 , Est Remaining: 147.9
244 350.2 , Est Remaining: 146.4
245 351.6 , Est Remaining: 144.9
246 353.0 , Est Remaining: 143.5
247 354.4 , Est Remaining: 142.0
248 355.8 , Est Remaining: 140.6
249 357.1 , Est Remaining: 139.1
250 358.5 , Est Remaining: 137.7
251 359.9 , Est Remaining: 136.2
252 361.3 , Est Remaining: 134.8
253 362.7 , Est Remaining: 133.3
254 364.1 , Est Remaining: 131.9
255 365.5 , Est Remaining: 130.4
256 366.9 , Est Remaining: 129.0
257 368.3 , Est Remaining: 127.5
258 369.7 , Est Remaining: 126.1
259 371.1 , Est Remaining: 124.7
260 372.5 , Est Remaining: 123.2
261 373.9 , Est Remaining: 121.8
262 375.4 , Est Remaining: 120.3
263 376.8 , Est Remaining: 118.9
264 378.2 , Est Remaining: 117.5
265 379.6 , Est Remaining: 116.0
266 381.0 , Est Remaining: 114.6
267 382.5 , Est Remaining: 113.2
268 383.9 , Est Remaining: 111.7
269 385.3 , Est Remaining: 110.3
270 386.8 , Est Remaining: 108.9
271 388.2 , Est Remaining: 107.4
272 389.7 , Est Remaining: 106.0
273 391.1 , Est Remaining: 104.6
274 392.6 , Est Remaining: 103.2
275 394.0 , Est Remaining: 101.7
276 395.4 , Est Remaining: 100.3
277 396.9 , Est Remaining: 98.9
278 398.4 , Est Remaining: 97.4
279 399.8 , Est Remaining: 96.0
280 401.3 , Est Remaining: 94.6
281 402.7 , Est Remaining: 93.2
282 404.2 , Est Remaining: 91.7
283 405.6 , Est Remaining: 90.3
284 407.1 , Est Remaining: 88.9
285 408.5 , Est Remaining: 87.4
286 410.0 , Est Remaining: 86.0
287 411.4 , Est Remaining: 84.6
288 412.8 , Est Remaining: 83.1
EVENT FAILED
288 413.2 , Est Remaining: 83.2
289 414.6 , Est Remaining: 81.8
290 416.0 , Est Remaining: 80.3
291 417.5 , Est Remaining: 78.9
292 418.8 , Est Remaining: 77.5
293 420.3 , Est Remaining: 76.0
294 421.7 , Est Remaining: 74.6
295 423.2 , Est Remaining: 73.2
296 424.7 , Est Remaining: 71.7
297 426.1 , Est Remaining: 70.3
298 427.6 , Est Remaining: 68.9
299 429.0 , Est Remaining: 67.4
300 430.5 , Est Remaining: 66.0
301 432.1 , Est Remaining: 64.6
302 433.6 , Est Remaining: 63.2
303 435.0 , Est Remaining: 61.7
304 436.3 , Est Remaining: 60.3
305 437.8 , Est Remaining: 58.9
306 439.2 , Est Remaining: 57.4
307 440.7 , Est Remaining: 56.0
308 442.1 , Est Remaining: 54.5
309 443.5 , Est Remaining: 53.1
EVENT FAILED
309 444.5 , Est Remaining: 53.2
310 445.9 , Est Remaining: 51.8
311 447.4 , Est Remaining: 50.3
312 448.8 , Est Remaining: 48.9
313 450.4 , Est Remaining: 47.5
314 451.8 , Est Remaining: 46.0
315 453.3 , Est Remaining: 44.6
316 454.7 , Est Remaining: 43.2
317 456.2 , Est Remaining: 41.7
318 457.6 , Est Remaining: 40.3
319 459.1 , Est Remaining: 38.9
320 460.5 , Est Remaining: 37.4
321 462.0 , Est Remaining: 36.0
322 463.4 , Est Remaining: 34.5
323 464.9 , Est Remaining: 33.1
324 466.3 , Est Remaining: 31.7
325 467.7 , Est Remaining: 30.2
326 469.1 , Est Remaining: 28.8
327 470.6 , Est Remaining: 27.3
328 472.0 , Est Remaining: 25.9
329 473.4 , Est Remaining: 24.5
330 474.8 , Est Remaining: 23.0
331 476.2 , Est Remaining: 21.6
332 477.6 , Est Remaining: 20.1
333 478.9 , Est Remaining: 18.7
334 480.3 , Est Remaining: 17.3
