Note: NumExpr detected 32 cores but "NUMEXPR_MAX_THREADS" not set, so enforcing safe limit of 8.
Using selector: EpollSelector
/n/home02/jhaefner/miniconda/envs/IC-3.7-2020-06-16/lib/python3.7/site-packages/scipy/optimize/minpack.py:808: OptimizeWarning: Covariance of the parameters could not be estimated
  category=OptimizeWarning)
Total rwfs: 346
0 0.0 , Est Remaining: 999999.9
1 1.4 , Est Remaining: 490.1
2 2.8 , Est Remaining: 481.4
3 4.2 , Est Remaining: 479.6
4 5.6 , Est Remaining: 474.9
5 6.9 , Est Remaining: 470.3
6 8.3 , Est Remaining: 468.1
7 9.6 , Est Remaining: 466.6
8 11.0 , Est Remaining: 465.0
9 12.4 , Est Remaining: 463.6
10 13.8 , Est Remaining: 462.1
11 15.1 , Est Remaining: 460.3
12 16.5 , Est Remaining: 458.7
13 17.8 , Est Remaining: 457.0
EVENT FAILED
13 18.1 , Est Remaining: 464.5
14 19.5 , Est Remaining: 462.5
15 20.9 , Est Remaining: 461.3
16 22.3 , Est Remaining: 459.7
17 23.7 , Est Remaining: 457.8
18 25.0 , Est Remaining: 456.2
19 26.4 , Est Remaining: 454.3
20 27.8 , Est Remaining: 452.5
21 29.1 , Est Remaining: 451.0
22 30.5 , Est Remaining: 449.4
23 31.9 , Est Remaining: 447.7
EVENT FAILED
23 32.2 , Est Remaining: 451.9
24 33.5 , Est Remaining: 450.0
25 34.9 , Est Remaining: 448.1
26 36.3 , Est Remaining: 446.2
27 37.6 , Est Remaining: 444.7
28 39.0 , Est Remaining: 442.9
29 40.4 , Est Remaining: 441.1
30 41.7 , Est Remaining: 439.5
31 43.1 , Est Remaining: 437.8
32 44.4 , Est Remaining: 436.1
33 45.8 , Est Remaining: 434.5
34 47.2 , Est Remaining: 432.9
35 48.5 , Est Remaining: 431.3
36 49.9 , Est Remaining: 429.7
37 51.3 , Est Remaining: 428.1
38 52.6 , Est Remaining: 426.5
39 54.0 , Est Remaining: 425.0
40 55.4 , Est Remaining: 423.5
41 56.7 , Est Remaining: 421.8
42 58.1 , Est Remaining: 420.3
43 59.5 , Est Remaining: 418.9
44 60.8 , Est Remaining: 417.5
45 62.2 , Est Remaining: 416.0
46 63.6 , Est Remaining: 414.5
47 64.9 , Est Remaining: 413.1
48 66.3 , Est Remaining: 411.8
49 67.7 , Est Remaining: 410.3
50 69.1 , Est Remaining: 408.8
51 70.4 , Est Remaining: 407.3
52 71.8 , Est Remaining: 405.8
53 73.1 , Est Remaining: 404.3
54 74.5 , Est Remaining: 402.9
55 75.9 , Est Remaining: 401.4
56 77.2 , Est Remaining: 400.0
57 78.6 , Est Remaining: 398.6
58 80.0 , Est Remaining: 397.1
59 81.3 , Est Remaining: 395.6
60 82.7 , Est Remaining: 394.2
61 84.1 , Est Remaining: 392.7
62 85.4 , Est Remaining: 391.3
63 86.8 , Est Remaining: 389.8
64 88.1 , Est Remaining: 388.3
65 89.5 , Est Remaining: 386.8
EVENT FAILED
65 89.8 , Est Remaining: 388.1
66 91.1 , Est Remaining: 386.6
67 92.5 , Est Remaining: 385.2
68 93.9 , Est Remaining: 383.7
69 95.2 , Est Remaining: 382.3
70 96.6 , Est Remaining: 380.8
71 97.9 , Est Remaining: 379.3
72 99.3 , Est Remaining: 377.8
73 100.6 , Est Remaining: 376.3
74 102.0 , Est Remaining: 374.9
75 103.3 , Est Remaining: 373.4
76 104.7 , Est Remaining: 372.0
77 106.1 , Est Remaining: 370.6
78 107.4 , Est Remaining: 369.1
79 108.8 , Est Remaining: 367.6
80 110.1 , Est Remaining: 366.2
81 111.5 , Est Remaining: 364.7
82 112.8 , Est Remaining: 363.2
83 114.2 , Est Remaining: 361.8
84 115.5 , Est Remaining: 360.4
85 116.9 , Est Remaining: 358.9
86 118.3 , Est Remaining: 357.6
87 119.6 , Est Remaining: 356.2
88 121.0 , Est Remaining: 354.7
EVENT FAILED
88 121.3 , Est Remaining: 355.6
89 122.6 , Est Remaining: 354.1
90 124.0 , Est Remaining: 352.6
91 125.4 , Est Remaining: 351.3
92 126.7 , Est Remaining: 349.8
93 128.1 , Est Remaining: 348.4
94 129.4 , Est Remaining: 346.9
95 130.8 , Est Remaining: 345.5
96 132.1 , Est Remaining: 344.1
97 133.5 , Est Remaining: 342.7
EVENT FAILED
97 133.8 , Est Remaining: 343.5
98 135.2 , Est Remaining: 342.0
99 136.5 , Est Remaining: 340.6
EVENT FAILED
99 136.8 , Est Remaining: 341.3
100 138.1 , Est Remaining: 339.8
101 139.5 , Est Remaining: 338.4
102 140.9 , Est Remaining: 336.9
EVENT FAILED
102 141.1 , Est Remaining: 337.7
103 142.6 , Est Remaining: 336.3
104 143.9 , Est Remaining: 334.9
105 145.3 , Est Remaining: 333.5
106 146.6 , Est Remaining: 332.0
107 148.0 , Est Remaining: 330.6
108 149.3 , Est Remaining: 329.1
109 150.7 , Est Remaining: 327.7
110 152.1 , Est Remaining: 326.2
111 153.4 , Est Remaining: 324.8
112 154.8 , Est Remaining: 323.3
EVENT FAILED
112 155.1 , Est Remaining: 323.9
113 156.4 , Est Remaining: 322.5
114 157.8 , Est Remaining: 321.1
115 159.1 , Est Remaining: 319.6
116 160.5 , Est Remaining: 318.2
117 161.8 , Est Remaining: 316.8
118 163.2 , Est Remaining: 315.3
119 164.5 , Est Remaining: 313.9
120 165.9 , Est Remaining: 312.5
121 167.3 , Est Remaining: 311.1
122 168.6 , Est Remaining: 309.6
123 170.0 , Est Remaining: 308.2
124 171.4 , Est Remaining: 306.8
EVENT FAILED
124 171.7 , Est Remaining: 307.3
125 173.0 , Est Remaining: 305.9
126 174.4 , Est Remaining: 304.5
127 175.7 , Est Remaining: 303.1
EVENT FAILED
127 176.0 , Est Remaining: 303.6
128 177.4 , Est Remaining: 302.1
129 178.7 , Est Remaining: 300.7
130 180.1 , Est Remaining: 299.3
131 181.5 , Est Remaining: 297.8
132 182.8 , Est Remaining: 296.4
133 184.2 , Est Remaining: 294.9
134 185.5 , Est Remaining: 293.5
135 186.9 , Est Remaining: 292.1
136 188.2 , Est Remaining: 290.6
137 189.6 , Est Remaining: 289.2
138 190.9 , Est Remaining: 287.8
139 192.3 , Est Remaining: 286.3
EVENT FAILED
139 192.6 , Est Remaining: 286.8
140 193.9 , Est Remaining: 285.3
141 195.3 , Est Remaining: 283.9
142 196.7 , Est Remaining: 282.5
143 198.0 , Est Remaining: 281.1
144 199.4 , Est Remaining: 279.7
145 200.7 , Est Remaining: 278.3
146 202.1 , Est Remaining: 276.9
EVENT FAILED
146 202.4 , Est Remaining: 277.3
147 203.8 , Est Remaining: 275.8
148 205.1 , Est Remaining: 274.4
149 206.5 , Est Remaining: 273.0
150 207.9 , Est Remaining: 271.6
151 209.2 , Est Remaining: 270.2
152 210.6 , Est Remaining: 268.8
153 211.9 , Est Remaining: 267.3
154 213.3 , Est Remaining: 265.9
155 214.6 , Est Remaining: 264.5
156 216.0 , Est Remaining: 263.1
157 217.4 , Est Remaining: 261.7
158 218.7 , Est Remaining: 260.3
159 220.1 , Est Remaining: 258.9
160 221.5 , Est Remaining: 257.4
161 222.8 , Est Remaining: 256.0
162 224.2 , Est Remaining: 254.6
163 225.5 , Est Remaining: 253.2
164 226.9 , Est Remaining: 251.8
165 228.3 , Est Remaining: 250.4
166 229.6 , Est Remaining: 249.0
167 231.0 , Est Remaining: 247.6
168 232.3 , Est Remaining: 246.2
169 233.7 , Est Remaining: 244.8
170 235.1 , Est Remaining: 243.4
171 236.4 , Est Remaining: 242.0
172 237.8 , Est Remaining: 240.5
173 239.1 , Est Remaining: 239.1
174 240.5 , Est Remaining: 237.7
175 241.7 , Est Remaining: 236.2
176 243.1 , Est Remaining: 234.8
177 244.5 , Est Remaining: 233.4
178 245.8 , Est Remaining: 232.0
179 247.2 , Est Remaining: 230.6
180 248.6 , Est Remaining: 229.3
181 249.9 , Est Remaining: 227.8
182 251.3 , Est Remaining: 226.4
183 252.7 , Est Remaining: 225.0
184 254.0 , Est Remaining: 223.7
185 255.4 , Est Remaining: 222.3
186 256.8 , Est Remaining: 220.9
187 258.1 , Est Remaining: 219.5
188 259.5 , Est Remaining: 218.1
189 260.8 , Est Remaining: 216.7
190 262.2 , Est Remaining: 215.3
191 263.6 , Est Remaining: 213.9
192 264.8 , Est Remaining: 212.4
193 266.2 , Est Remaining: 211.0
194 267.6 , Est Remaining: 209.6
195 268.9 , Est Remaining: 208.2
196 270.3 , Est Remaining: 206.8
197 271.6 , Est Remaining: 205.4
198 273.0 , Est Remaining: 204.0
EVENT FAILED
198 273.3 , Est Remaining: 204.3
199 274.6 , Est Remaining: 202.9
200 276.0 , Est Remaining: 201.5
201 277.4 , Est Remaining: 200.1
202 278.7 , Est Remaining: 198.7
203 280.2 , Est Remaining: 197.4
204 281.6 , Est Remaining: 196.0
205 282.9 , Est Remaining: 194.6
206 284.3 , Est Remaining: 193.2
207 285.6 , Est Remaining: 191.8
208 287.0 , Est Remaining: 190.4
209 288.4 , Est Remaining: 189.0
210 289.7 , Est Remaining: 187.6
211 291.1 , Est Remaining: 186.2
212 292.4 , Est Remaining: 184.8
213 293.8 , Est Remaining: 183.4
214 295.1 , Est Remaining: 182.0
215 296.5 , Est Remaining: 180.6
216 297.8 , Est Remaining: 179.2
217 299.2 , Est Remaining: 177.9
218 300.5 , Est Remaining: 176.5
219 301.9 , Est Remaining: 175.1
220 303.2 , Est Remaining: 173.7
221 304.6 , Est Remaining: 172.3
222 306.0 , Est Remaining: 170.9
223 307.3 , Est Remaining: 169.5
224 308.7 , Est Remaining: 168.1
225 310.0 , Est Remaining: 166.7
226 311.4 , Est Remaining: 165.3
227 312.7 , Est Remaining: 163.9
228 314.1 , Est Remaining: 162.5
229 315.4 , Est Remaining: 161.2
230 316.8 , Est Remaining: 159.8
231 318.1 , Est Remaining: 158.4
EVENT FAILED
231 318.4 , Est Remaining: 158.5
232 319.8 , Est Remaining: 157.1
233 321.1 , Est Remaining: 155.7
234 322.5 , Est Remaining: 154.4
235 323.8 , Est Remaining: 153.0
236 325.2 , Est Remaining: 151.6
237 326.6 , Est Remaining: 150.2
238 327.9 , Est Remaining: 148.8
239 329.3 , Est Remaining: 147.4
240 330.6 , Est Remaining: 146.0
241 332.0 , Est Remaining: 144.6
242 333.4 , Est Remaining: 143.3
243 334.7 , Est Remaining: 141.9
244 336.1 , Est Remaining: 140.5
245 337.4 , Est Remaining: 139.1
246 338.8 , Est Remaining: 137.7
247 340.1 , Est Remaining: 136.3
248 341.5 , Est Remaining: 134.9
249 342.8 , Est Remaining: 133.5
EVENT FAILED
249 343.1 , Est Remaining: 133.7
250 344.5 , Est Remaining: 132.3
251 345.8 , Est Remaining: 130.9
252 347.2 , Est Remaining: 129.5
253 348.6 , Est Remaining: 128.1
254 349.9 , Est Remaining: 126.7
255 351.2 , Est Remaining: 125.3
256 352.6 , Est Remaining: 123.9
257 353.9 , Est Remaining: 122.6
258 355.3 , Est Remaining: 121.2
259 356.7 , Est Remaining: 119.8
260 358.0 , Est Remaining: 118.4
261 359.4 , Est Remaining: 117.0
262 360.8 , Est Remaining: 115.7
263 362.1 , Est Remaining: 114.3
264 363.5 , Est Remaining: 112.9
265 364.9 , Est Remaining: 111.5
266 366.2 , Est Remaining: 110.1
267 367.6 , Est Remaining: 108.8
268 369.0 , Est Remaining: 107.4
269 370.3 , Est Remaining: 106.0
270 371.7 , Est Remaining: 104.6
271 373.1 , Est Remaining: 103.2
272 374.4 , Est Remaining: 101.9
273 375.8 , Est Remaining: 100.5
274 377.2 , Est Remaining: 99.1
275 378.5 , Est Remaining: 97.7
276 379.8 , Est Remaining: 96.3
277 381.1 , Est Remaining: 94.9
278 382.5 , Est Remaining: 93.6
279 383.8 , Est Remaining: 92.2
280 385.2 , Est Remaining: 90.8
281 386.5 , Est Remaining: 89.4
282 387.9 , Est Remaining: 88.0
283 389.3 , Est Remaining: 86.7
EVENT FAILED
283 389.6 , Est Remaining: 86.7
284 390.9 , Est Remaining: 85.3
285 392.3 , Est Remaining: 84.0
286 393.6 , Est Remaining: 82.6
287 395.0 , Est Remaining: 81.2
288 396.4 , Est Remaining: 79.8
289 397.8 , Est Remaining: 78.5
290 399.1 , Est Remaining: 77.1
291 400.5 , Est Remaining: 75.7
292 401.9 , Est Remaining: 74.3
293 403.2 , Est Remaining: 72.9
294 404.6 , Est Remaining: 71.6
295 405.9 , Est Remaining: 70.2
296 407.3 , Est Remaining: 68.8
297 408.6 , Est Remaining: 67.4
298 410.0 , Est Remaining: 66.0
299 411.3 , Est Remaining: 64.7
300 412.7 , Est Remaining: 63.3
301 414.0 , Est Remaining: 61.9
302 415.5 , Est Remaining: 60.5
303 416.9 , Est Remaining: 59.2
304 418.2 , Est Remaining: 57.8
305 419.6 , Est Remaining: 56.4
306 420.9 , Est Remaining: 55.0
307 422.3 , Est Remaining: 53.6
308 423.7 , Est Remaining: 52.3
309 425.0 , Est Remaining: 50.9
310 426.4 , Est Remaining: 49.5
311 427.7 , Est Remaining: 48.1
312 429.1 , Est Remaining: 46.8
313 430.4 , Est Remaining: 45.4
314 431.8 , Est Remaining: 44.0
315 433.1 , Est Remaining: 42.6
316 434.4 , Est Remaining: 41.2
317 435.8 , Est Remaining: 39.9
318 437.1 , Est Remaining: 38.5
319 438.5 , Est Remaining: 37.1
320 439.8 , Est Remaining: 35.7
321 441.1 , Est Remaining: 34.4
322 442.4 , Est Remaining: 33.0
323 443.7 , Est Remaining: 31.6
324 445.0 , Est Remaining: 30.2
325 446.4 , Est Remaining: 28.8
326 447.7 , Est Remaining: 27.5
327 449.0 , Est Remaining: 26.1
328 450.3 , Est Remaining: 24.7
329 451.6 , Est Remaining: 23.3
