Note: NumExpr detected 32 cores but "NUMEXPR_MAX_THREADS" not set, so enforcing safe limit of 8.
Using selector: EpollSelector
/n/home02/jhaefner/miniconda/envs/IC-3.7-2020-06-16/lib/python3.7/site-packages/scipy/optimize/minpack.py:808: OptimizeWarning: Covariance of the parameters could not be estimated
  category=OptimizeWarning)
Total rwfs: 346
0 0.0 , Est Remaining: 999999.9
1 1.4 , Est Remaining: 481.4
2 2.8 , Est Remaining: 480.0
3 4.2 , Est Remaining: 479.7
4 5.6 , Est Remaining: 476.1
5 6.9 , Est Remaining: 470.4
6 8.2 , Est Remaining: 467.1
7 9.6 , Est Remaining: 464.2
8 10.9 , Est Remaining: 462.5
9 12.3 , Est Remaining: 459.9
10 13.6 , Est Remaining: 457.6
EVENT FAILED
10 13.9 , Est Remaining: 467.7
11 15.3 , Est Remaining: 464.5
12 16.6 , Est Remaining: 462.2
13 17.9 , Est Remaining: 459.8
14 19.3 , Est Remaining: 457.9
15 20.7 , Est Remaining: 455.8
16 22.0 , Est Remaining: 453.5
17 23.3 , Est Remaining: 451.3
18 24.7 , Est Remaining: 449.3
19 26.0 , Est Remaining: 447.4
20 27.3 , Est Remaining: 445.5
21 28.7 , Est Remaining: 443.6
22 30.0 , Est Remaining: 441.8
23 31.3 , Est Remaining: 440.2
24 32.7 , Est Remaining: 438.7
25 34.0 , Est Remaining: 436.9
26 35.4 , Est Remaining: 435.3
27 36.7 , Est Remaining: 433.6
28 38.0 , Est Remaining: 431.8
29 39.3 , Est Remaining: 430.1
30 40.7 , Est Remaining: 428.7
31 42.0 , Est Remaining: 427.1
32 43.5 , Est Remaining: 426.5
33 44.8 , Est Remaining: 424.8
34 46.1 , Est Remaining: 423.3
35 47.4 , Est Remaining: 421.6
36 48.8 , Est Remaining: 420.0
37 50.1 , Est Remaining: 418.4
38 51.4 , Est Remaining: 416.9
39 52.8 , Est Remaining: 415.4
40 54.1 , Est Remaining: 413.9
41 55.4 , Est Remaining: 412.4
42 56.7 , Est Remaining: 410.7
43 58.1 , Est Remaining: 409.1
44 59.4 , Est Remaining: 407.4
EVENT FAILED
44 59.7 , Est Remaining: 409.5
45 61.0 , Est Remaining: 407.8
46 62.3 , Est Remaining: 406.2
47 63.6 , Est Remaining: 404.7
48 64.9 , Est Remaining: 403.1
49 66.2 , Est Remaining: 401.5
50 67.6 , Est Remaining: 400.0
51 68.9 , Est Remaining: 398.5
52 70.2 , Est Remaining: 397.1
53 71.6 , Est Remaining: 395.6
54 72.9 , Est Remaining: 394.1
55 74.3 , Est Remaining: 392.9
56 75.6 , Est Remaining: 391.6
57 77.0 , Est Remaining: 390.4
58 78.3 , Est Remaining: 389.0
59 79.7 , Est Remaining: 387.7
60 81.1 , Est Remaining: 386.4
61 82.4 , Est Remaining: 385.1
62 83.8 , Est Remaining: 383.9
63 85.2 , Est Remaining: 382.6
64 86.5 , Est Remaining: 381.3
65 87.9 , Est Remaining: 380.1
66 89.3 , Est Remaining: 378.8
67 90.7 , Est Remaining: 377.6
68 92.0 , Est Remaining: 376.3
69 93.4 , Est Remaining: 375.1
70 94.8 , Est Remaining: 373.9
71 96.2 , Est Remaining: 372.8
72 97.6 , Est Remaining: 371.5
73 99.0 , Est Remaining: 370.3
EVENT FAILED
73 99.3 , Est Remaining: 371.4
74 100.7 , Est Remaining: 370.1
75 102.1 , Est Remaining: 368.9
76 103.5 , Est Remaining: 367.6
77 104.9 , Est Remaining: 366.4
78 106.3 , Est Remaining: 365.1
79 107.7 , Est Remaining: 363.9
80 109.1 , Est Remaining: 362.6
81 110.4 , Est Remaining: 361.3
82 111.8 , Est Remaining: 360.0
83 113.2 , Est Remaining: 358.8
84 114.6 , Est Remaining: 357.6
85 116.1 , Est Remaining: 356.4
86 117.5 , Est Remaining: 355.1
87 118.9 , Est Remaining: 353.9
88 120.3 , Est Remaining: 352.7
89 121.7 , Est Remaining: 351.5
90 123.1 , Est Remaining: 350.3
91 124.5 , Est Remaining: 349.0
92 126.0 , Est Remaining: 347.7
93 127.4 , Est Remaining: 346.5
94 128.8 , Est Remaining: 345.2
95 130.2 , Est Remaining: 343.9
96 131.6 , Est Remaining: 342.6
97 133.0 , Est Remaining: 341.4
98 134.4 , Est Remaining: 340.2
99 135.8 , Est Remaining: 338.9
100 137.3 , Est Remaining: 337.6
101 138.7 , Est Remaining: 336.4
102 140.2 , Est Remaining: 335.3
103 141.6 , Est Remaining: 334.0
104 143.0 , Est Remaining: 332.7
105 144.4 , Est Remaining: 331.5
106 145.8 , Est Remaining: 330.2
107 147.3 , Est Remaining: 329.0
108 148.7 , Est Remaining: 327.7
109 150.1 , Est Remaining: 326.4
110 151.5 , Est Remaining: 325.0
111 152.9 , Est Remaining: 323.7
112 154.3 , Est Remaining: 322.4
113 155.7 , Est Remaining: 321.1
EVENT FAILED
113 156.0 , Est Remaining: 321.7
114 157.4 , Est Remaining: 320.4
115 158.8 , Est Remaining: 319.0
116 160.2 , Est Remaining: 317.7
117 161.6 , Est Remaining: 316.4
118 163.1 , Est Remaining: 315.1
119 164.5 , Est Remaining: 313.8
EVENT FAILED
119 164.8 , Est Remaining: 314.4
120 166.2 , Est Remaining: 313.0
121 167.6 , Est Remaining: 311.6
122 169.0 , Est Remaining: 310.3
123 170.4 , Est Remaining: 308.9
124 171.8 , Est Remaining: 307.6
125 173.2 , Est Remaining: 306.3
126 174.7 , Est Remaining: 304.9
127 176.1 , Est Remaining: 303.6
128 177.5 , Est Remaining: 302.3
129 178.9 , Est Remaining: 301.0
130 180.3 , Est Remaining: 299.6
131 181.8 , Est Remaining: 298.3
132 183.2 , Est Remaining: 297.0
133 184.7 , Est Remaining: 295.7
134 186.1 , Est Remaining: 294.4
135 187.5 , Est Remaining: 293.0
136 188.9 , Est Remaining: 291.7
137 190.3 , Est Remaining: 290.3
138 191.7 , Est Remaining: 289.0
139 193.2 , Est Remaining: 287.7
140 194.6 , Est Remaining: 286.3
141 196.0 , Est Remaining: 285.0
142 197.4 , Est Remaining: 283.6
143 198.9 , Est Remaining: 282.3
144 200.3 , Est Remaining: 281.0
145 201.7 , Est Remaining: 279.6
146 203.2 , Est Remaining: 278.3
147 204.6 , Est Remaining: 277.0
148 206.1 , Est Remaining: 275.7
149 207.5 , Est Remaining: 274.3
EVENT FAILED
149 207.8 , Est Remaining: 274.7
150 209.2 , Est Remaining: 273.4
151 210.7 , Est Remaining: 272.0
152 212.1 , Est Remaining: 270.7
153 213.5 , Est Remaining: 269.3
154 215.0 , Est Remaining: 268.0
155 216.4 , Est Remaining: 266.7
156 217.9 , Est Remaining: 265.3
157 219.3 , Est Remaining: 264.0
158 220.8 , Est Remaining: 262.7
159 222.2 , Est Remaining: 261.4
160 223.7 , Est Remaining: 260.0
161 225.1 , Est Remaining: 258.7
162 226.6 , Est Remaining: 257.3
163 228.0 , Est Remaining: 256.0
164 229.4 , Est Remaining: 254.6
165 230.8 , Est Remaining: 253.2
166 232.3 , Est Remaining: 251.9
167 233.7 , Est Remaining: 250.5
168 235.1 , Est Remaining: 249.1
169 236.5 , Est Remaining: 247.7
170 238.0 , Est Remaining: 246.4
171 239.4 , Est Remaining: 245.0
172 240.8 , Est Remaining: 243.6
173 242.3 , Est Remaining: 242.3
174 243.7 , Est Remaining: 240.9
175 245.1 , Est Remaining: 239.5
176 246.5 , Est Remaining: 238.1
177 248.0 , Est Remaining: 236.8
178 249.4 , Est Remaining: 235.4
179 250.8 , Est Remaining: 234.0
180 252.1 , Est Remaining: 232.5
181 253.5 , Est Remaining: 231.1
182 254.9 , Est Remaining: 229.7
183 256.3 , Est Remaining: 228.3
184 257.8 , Est Remaining: 226.9
185 259.2 , Est Remaining: 225.5
186 260.6 , Est Remaining: 224.2
187 262.0 , Est Remaining: 222.8
188 263.4 , Est Remaining: 221.4
189 264.9 , Est Remaining: 220.0
190 266.3 , Est Remaining: 218.7
191 267.7 , Est Remaining: 217.3
192 269.2 , Est Remaining: 215.9
193 270.6 , Est Remaining: 214.5
194 272.1 , Est Remaining: 213.2
195 273.5 , Est Remaining: 211.8
196 274.9 , Est Remaining: 210.4
197 276.3 , Est Remaining: 209.0
198 277.7 , Est Remaining: 207.6
199 279.1 , Est Remaining: 206.2
200 280.6 , Est Remaining: 204.8
201 282.2 , Est Remaining: 203.6
202 283.6 , Est Remaining: 202.2
203 285.1 , Est Remaining: 200.8
204 286.5 , Est Remaining: 199.4
EVENT FAILED
204 286.8 , Est Remaining: 199.6
205 288.2 , Est Remaining: 198.2
206 289.6 , Est Remaining: 196.8
207 291.0 , Est Remaining: 195.4
208 292.4 , Est Remaining: 194.0
209 293.8 , Est Remaining: 192.6
210 295.2 , Est Remaining: 191.2
211 296.6 , Est Remaining: 189.8
212 298.0 , Est Remaining: 188.4
213 299.5 , Est Remaining: 187.0
214 300.9 , Est Remaining: 185.6
215 302.3 , Est Remaining: 184.2
216 303.7 , Est Remaining: 182.8
217 305.1 , Est Remaining: 181.4
218 306.5 , Est Remaining: 180.0
219 307.9 , Est Remaining: 178.6
220 309.3 , Est Remaining: 177.2
221 310.8 , Est Remaining: 175.8
222 312.2 , Est Remaining: 174.4
223 313.6 , Est Remaining: 173.0
224 315.0 , Est Remaining: 171.6
225 316.4 , Est Remaining: 170.2
EVENT FAILED
225 316.7 , Est Remaining: 170.3
226 318.1 , Est Remaining: 168.9
227 319.6 , Est Remaining: 167.5
228 321.0 , Est Remaining: 166.1
229 322.4 , Est Remaining: 164.7
230 323.8 , Est Remaining: 163.3
231 325.2 , Est Remaining: 161.9
232 326.6 , Est Remaining: 160.5
233 328.0 , Est Remaining: 159.1
234 329.4 , Est Remaining: 157.7
235 330.9 , Est Remaining: 156.3
236 332.3 , Est Remaining: 154.9
237 333.7 , Est Remaining: 153.5
238 335.1 , Est Remaining: 152.1
239 336.5 , Est Remaining: 150.7
240 337.9 , Est Remaining: 149.2
241 339.3 , Est Remaining: 147.8
242 340.7 , Est Remaining: 146.4
243 342.1 , Est Remaining: 145.0
244 343.5 , Est Remaining: 143.6
245 344.9 , Est Remaining: 142.2
246 346.3 , Est Remaining: 140.8
247 347.7 , Est Remaining: 139.4
248 349.2 , Est Remaining: 138.0
249 350.6 , Est Remaining: 136.6
250 352.0 , Est Remaining: 135.2
251 353.4 , Est Remaining: 133.8
252 354.8 , Est Remaining: 132.4
EVENT FAILED
252 355.1 , Est Remaining: 132.5
253 356.6 , Est Remaining: 131.1
254 358.0 , Est Remaining: 129.7
EVENT FAILED
254 358.3 , Est Remaining: 129.8
255 359.7 , Est Remaining: 128.4
256 361.1 , Est Remaining: 127.0
257 362.5 , Est Remaining: 125.5
258 363.9 , Est Remaining: 124.1
259 365.4 , Est Remaining: 122.7
260 366.8 , Est Remaining: 121.3
261 368.2 , Est Remaining: 119.9
262 369.6 , Est Remaining: 118.5
263 371.1 , Est Remaining: 117.1
264 372.5 , Est Remaining: 115.7
265 373.9 , Est Remaining: 114.3
266 375.3 , Est Remaining: 112.9
267 376.7 , Est Remaining: 111.5
268 378.1 , Est Remaining: 110.1
269 379.5 , Est Remaining: 108.6
270 380.9 , Est Remaining: 107.2
271 382.3 , Est Remaining: 105.8
272 383.7 , Est Remaining: 104.4
273 385.2 , Est Remaining: 103.0
274 386.6 , Est Remaining: 101.6
275 388.0 , Est Remaining: 100.2
276 389.4 , Est Remaining: 98.8
277 390.9 , Est Remaining: 97.4
278 392.3 , Est Remaining: 96.0
279 393.7 , Est Remaining: 94.6
280 395.2 , Est Remaining: 93.1
281 396.6 , Est Remaining: 91.7
282 398.0 , Est Remaining: 90.3
283 399.4 , Est Remaining: 88.9
284 400.9 , Est Remaining: 87.5
285 402.3 , Est Remaining: 86.1
286 403.7 , Est Remaining: 84.7
287 405.1 , Est Remaining: 83.3
288 406.6 , Est Remaining: 81.9
289 408.0 , Est Remaining: 80.5
290 409.4 , Est Remaining: 79.1
291 410.9 , Est Remaining: 77.7
292 412.3 , Est Remaining: 76.2
293 413.7 , Est Remaining: 74.8
294 415.1 , Est Remaining: 73.4
295 416.5 , Est Remaining: 72.0
296 417.9 , Est Remaining: 70.6
297 419.3 , Est Remaining: 69.2
298 420.7 , Est Remaining: 67.8
299 422.1 , Est Remaining: 66.4
300 423.5 , Est Remaining: 64.9
301 425.1 , Est Remaining: 63.6
302 426.5 , Est Remaining: 62.1
303 427.9 , Est Remaining: 60.7
304 429.4 , Est Remaining: 59.3
305 430.8 , Est Remaining: 57.9
306 432.2 , Est Remaining: 56.5
307 433.7 , Est Remaining: 55.1
308 435.1 , Est Remaining: 53.7
309 436.5 , Est Remaining: 52.3
310 438.0 , Est Remaining: 50.9
311 439.4 , Est Remaining: 49.4
312 440.8 , Est Remaining: 48.0
313 442.2 , Est Remaining: 46.6
314 443.7 , Est Remaining: 45.2
315 445.1 , Est Remaining: 43.8
316 446.5 , Est Remaining: 42.4
317 447.9 , Est Remaining: 41.0
318 449.3 , Est Remaining: 39.6
319 450.7 , Est Remaining: 38.1
320 452.1 , Est Remaining: 36.7
321 453.5 , Est Remaining: 35.3
322 454.9 , Est Remaining: 33.9
323 456.4 , Est Remaining: 32.5
324 457.8 , Est Remaining: 31.1
325 459.2 , Est Remaining: 29.7
326 460.6 , Est Remaining: 28.3
327 462.0 , Est Remaining: 26.8
328 463.4 , Est Remaining: 25.4
329 464.7 , Est Remaining: 24.0
330 466.1 , Est Remaining: 22.6
331 467.5 , Est Remaining: 21.2
332 468.9 , Est Remaining: 19.8
333 470.3 , Est Remaining: 18.4
334 471.7 , Est Remaining: 16.9
335 473.1 , Est Remaining: 15.5
