Note: NumExpr detected 32 cores but "NUMEXPR_MAX_THREADS" not set, so enforcing safe limit of 8.
Using selector: EpollSelector
/n/home02/jhaefner/miniconda/envs/IC-3.7-2020-06-16/lib/python3.7/site-packages/scipy/optimize/minpack.py:808: OptimizeWarning: Covariance of the parameters could not be estimated
  category=OptimizeWarning)
Total rwfs: 346
0 0.0 , Est Remaining: 999999.9
1 1.4 , Est Remaining: 483.1
2 2.8 , Est Remaining: 481.3
3 4.2 , Est Remaining: 479.0
4 5.6 , Est Remaining: 474.8
5 6.9 , Est Remaining: 471.6
6 8.3 , Est Remaining: 469.8
7 9.7 , Est Remaining: 467.5
8 11.0 , Est Remaining: 465.5
9 12.4 , Est Remaining: 463.2
10 13.7 , Est Remaining: 460.8
11 15.1 , Est Remaining: 458.7
12 16.4 , Est Remaining: 457.3
13 17.8 , Est Remaining: 455.1
14 19.1 , Est Remaining: 453.3
15 20.5 , Est Remaining: 451.4
16 21.7 , Est Remaining: 448.4
17 23.1 , Est Remaining: 446.7
18 24.4 , Est Remaining: 445.3
19 25.8 , Est Remaining: 443.8
20 27.1 , Est Remaining: 442.2
21 28.5 , Est Remaining: 440.8
22 29.8 , Est Remaining: 439.6
23 31.2 , Est Remaining: 438.1
24 32.5 , Est Remaining: 436.5
25 33.9 , Est Remaining: 435.0
26 35.2 , Est Remaining: 433.5
27 36.6 , Est Remaining: 432.1
28 37.9 , Est Remaining: 430.6
29 39.3 , Est Remaining: 429.1
30 40.6 , Est Remaining: 427.7
31 42.0 , Est Remaining: 426.3
32 43.3 , Est Remaining: 425.0
33 44.7 , Est Remaining: 423.6
34 46.0 , Est Remaining: 422.2
35 47.4 , Est Remaining: 420.9
36 48.7 , Est Remaining: 419.5
37 50.1 , Est Remaining: 418.3
38 51.5 , Est Remaining: 417.3
39 52.8 , Est Remaining: 416.0
40 54.2 , Est Remaining: 414.7
41 55.6 , Est Remaining: 413.3
42 56.9 , Est Remaining: 412.0
43 58.3 , Est Remaining: 410.7
44 59.6 , Est Remaining: 409.3
45 61.0 , Est Remaining: 408.0
46 62.4 , Est Remaining: 406.6
47 63.7 , Est Remaining: 405.3
48 65.1 , Est Remaining: 404.0
49 66.4 , Est Remaining: 402.6
50 67.8 , Est Remaining: 401.2
51 69.1 , Est Remaining: 399.8
52 70.5 , Est Remaining: 398.4
53 71.8 , Est Remaining: 397.1
54 73.2 , Est Remaining: 395.8
55 74.5 , Est Remaining: 394.3
56 75.9 , Est Remaining: 392.9
57 77.2 , Est Remaining: 391.6
58 78.6 , Est Remaining: 390.3
59 79.9 , Est Remaining: 388.8
60 81.3 , Est Remaining: 387.4
61 82.6 , Est Remaining: 386.0
62 84.0 , Est Remaining: 384.8
63 85.4 , Est Remaining: 383.5
64 86.7 , Est Remaining: 382.2
65 88.1 , Est Remaining: 380.8
66 89.5 , Est Remaining: 379.5
67 90.8 , Est Remaining: 378.1
68 92.1 , Est Remaining: 376.7
69 93.5 , Est Remaining: 375.3
70 94.8 , Est Remaining: 373.9
71 96.2 , Est Remaining: 372.5
72 97.5 , Est Remaining: 371.2
73 98.9 , Est Remaining: 369.7
74 100.2 , Est Remaining: 368.3
75 101.5 , Est Remaining: 366.9
76 102.9 , Est Remaining: 365.5
77 104.2 , Est Remaining: 364.1
78 105.6 , Est Remaining: 362.8
79 106.9 , Est Remaining: 361.4
80 108.3 , Est Remaining: 360.0
81 109.6 , Est Remaining: 358.6
82 110.9 , Est Remaining: 357.2
83 112.3 , Est Remaining: 355.8
84 113.6 , Est Remaining: 354.4
85 115.0 , Est Remaining: 353.0
86 116.3 , Est Remaining: 351.7
87 117.7 , Est Remaining: 350.3
88 119.0 , Est Remaining: 349.0
89 120.4 , Est Remaining: 347.7
90 121.8 , Est Remaining: 346.3
91 123.1 , Est Remaining: 345.0
92 124.5 , Est Remaining: 343.7
93 125.8 , Est Remaining: 342.4
94 127.2 , Est Remaining: 341.1
95 128.6 , Est Remaining: 339.7
96 129.9 , Est Remaining: 338.4
97 131.3 , Est Remaining: 337.0
98 132.6 , Est Remaining: 335.6
99 134.0 , Est Remaining: 334.3
100 135.4 , Est Remaining: 333.0
101 136.7 , Est Remaining: 331.7
102 138.1 , Est Remaining: 330.4
103 139.5 , Est Remaining: 329.2
104 140.9 , Est Remaining: 327.8
105 142.2 , Est Remaining: 326.5
106 143.5 , Est Remaining: 324.8
107 144.8 , Est Remaining: 323.4
108 146.2 , Est Remaining: 322.1
109 147.5 , Est Remaining: 320.8
110 148.9 , Est Remaining: 319.4
111 150.2 , Est Remaining: 318.1
EVENT FAILED
111 150.5 , Est Remaining: 318.7
112 151.9 , Est Remaining: 317.3
113 153.3 , Est Remaining: 316.0
114 154.6 , Est Remaining: 314.6
115 156.0 , Est Remaining: 313.3
116 157.3 , Est Remaining: 311.9
117 158.7 , Est Remaining: 310.6
118 160.0 , Est Remaining: 309.2
119 161.4 , Est Remaining: 307.8
120 162.7 , Est Remaining: 306.5
121 164.1 , Est Remaining: 305.1
122 165.4 , Est Remaining: 303.7
123 166.8 , Est Remaining: 302.4
124 168.1 , Est Remaining: 301.0
125 169.5 , Est Remaining: 299.7
126 170.9 , Est Remaining: 298.3
127 172.2 , Est Remaining: 296.9
128 173.5 , Est Remaining: 295.6
129 174.9 , Est Remaining: 294.2
130 176.2 , Est Remaining: 292.8
131 177.6 , Est Remaining: 291.5
132 179.0 , Est Remaining: 290.1
133 180.3 , Est Remaining: 288.7
134 181.6 , Est Remaining: 287.4
135 183.0 , Est Remaining: 286.0
136 184.4 , Est Remaining: 284.7
137 185.7 , Est Remaining: 283.3
138 187.1 , Est Remaining: 282.0
139 188.4 , Est Remaining: 280.6
140 189.8 , Est Remaining: 279.3
141 191.1 , Est Remaining: 277.9
142 192.5 , Est Remaining: 276.5
EVENT FAILED
142 192.8 , Est Remaining: 277.0
143 194.1 , Est Remaining: 275.6
144 195.5 , Est Remaining: 274.2
145 196.9 , Est Remaining: 272.9
146 198.2 , Est Remaining: 271.6
147 199.6 , Est Remaining: 270.2
148 201.0 , Est Remaining: 268.9
149 202.3 , Est Remaining: 267.5
150 203.7 , Est Remaining: 266.1
151 205.0 , Est Remaining: 264.8
152 206.4 , Est Remaining: 263.4
153 207.7 , Est Remaining: 262.0
154 209.1 , Est Remaining: 260.7
155 210.4 , Est Remaining: 259.3
156 211.8 , Est Remaining: 257.9
157 213.1 , Est Remaining: 256.6
158 214.5 , Est Remaining: 255.2
159 215.8 , Est Remaining: 253.8
160 217.2 , Est Remaining: 252.5
161 218.5 , Est Remaining: 251.1
162 219.9 , Est Remaining: 249.8
163 221.2 , Est Remaining: 248.4
164 222.6 , Est Remaining: 247.0
165 223.9 , Est Remaining: 245.7
166 225.3 , Est Remaining: 244.3
167 226.7 , Est Remaining: 242.9
168 228.0 , Est Remaining: 241.6
169 229.4 , Est Remaining: 240.2
170 230.7 , Est Remaining: 238.9
171 232.1 , Est Remaining: 237.5
172 233.4 , Est Remaining: 236.1
173 234.8 , Est Remaining: 234.8
174 236.1 , Est Remaining: 233.4
175 237.5 , Est Remaining: 232.1
176 238.9 , Est Remaining: 230.7
177 240.2 , Est Remaining: 229.4
178 241.6 , Est Remaining: 228.0
179 242.9 , Est Remaining: 226.6
EVENT FAILED
179 243.2 , Est Remaining: 226.9
180 244.6 , Est Remaining: 225.6
181 245.9 , Est Remaining: 224.2
182 247.3 , Est Remaining: 222.8
183 248.6 , Est Remaining: 221.4
184 249.9 , Est Remaining: 220.1
185 251.3 , Est Remaining: 218.7
186 252.6 , Est Remaining: 217.3
EVENT FAILED
186 252.9 , Est Remaining: 217.6
187 254.3 , Est Remaining: 216.2
188 255.7 , Est Remaining: 214.9
189 257.0 , Est Remaining: 213.5
EVENT FAILED
189 257.3 , Est Remaining: 213.8
190 258.7 , Est Remaining: 212.4
191 260.0 , Est Remaining: 211.0
192 261.4 , Est Remaining: 209.7
193 262.7 , Est Remaining: 208.3
194 264.1 , Est Remaining: 206.9
195 265.5 , Est Remaining: 205.6
196 266.8 , Est Remaining: 204.2
197 268.2 , Est Remaining: 202.8
198 269.5 , Est Remaining: 201.5
199 270.9 , Est Remaining: 200.1
200 272.2 , Est Remaining: 198.7
201 273.6 , Est Remaining: 197.4
202 274.9 , Est Remaining: 196.0
203 276.4 , Est Remaining: 194.7
204 277.7 , Est Remaining: 193.3
205 279.1 , Est Remaining: 192.0
206 280.4 , Est Remaining: 190.6
207 281.8 , Est Remaining: 189.2
208 283.2 , Est Remaining: 187.9
209 284.5 , Est Remaining: 186.5
210 285.9 , Est Remaining: 185.1
211 287.3 , Est Remaining: 183.8
212 288.6 , Est Remaining: 182.4
213 290.0 , Est Remaining: 181.1
214 291.3 , Est Remaining: 179.7
215 292.7 , Est Remaining: 178.3
216 294.1 , Est Remaining: 177.0
217 295.4 , Est Remaining: 175.6
218 296.8 , Est Remaining: 174.2
219 298.1 , Est Remaining: 172.9
220 299.5 , Est Remaining: 171.5
221 300.9 , Est Remaining: 170.2
222 302.2 , Est Remaining: 168.8
223 303.6 , Est Remaining: 167.4
224 304.9 , Est Remaining: 166.1
225 306.3 , Est Remaining: 164.7
226 307.7 , Est Remaining: 163.4
227 309.0 , Est Remaining: 162.0
228 310.4 , Est Remaining: 160.6
229 311.7 , Est Remaining: 159.3
230 313.1 , Est Remaining: 157.9
231 314.5 , Est Remaining: 156.5
232 315.8 , Est Remaining: 155.2
233 317.2 , Est Remaining: 153.8
234 318.5 , Est Remaining: 152.5
235 319.9 , Est Remaining: 151.1
236 321.2 , Est Remaining: 149.7
237 322.6 , Est Remaining: 148.4
238 324.0 , Est Remaining: 147.0
239 325.3 , Est Remaining: 145.6
240 326.7 , Est Remaining: 144.3
241 328.0 , Est Remaining: 142.9
242 329.4 , Est Remaining: 141.6
243 330.7 , Est Remaining: 140.2
244 332.1 , Est Remaining: 138.8
245 333.4 , Est Remaining: 137.5
246 334.8 , Est Remaining: 136.1
247 336.2 , Est Remaining: 134.7
248 337.5 , Est Remaining: 133.4
249 338.9 , Est Remaining: 132.0
250 340.3 , Est Remaining: 130.7
251 341.6 , Est Remaining: 129.3
252 343.0 , Est Remaining: 127.9
253 344.3 , Est Remaining: 126.6
254 345.7 , Est Remaining: 125.2
255 347.1 , Est Remaining: 123.9
256 348.4 , Est Remaining: 122.5
257 349.8 , Est Remaining: 121.1
258 351.2 , Est Remaining: 119.8
259 352.5 , Est Remaining: 118.4
260 353.9 , Est Remaining: 117.0
EVENT FAILED
260 354.2 , Est Remaining: 117.1
261 355.5 , Est Remaining: 115.8
262 356.9 , Est Remaining: 114.4
263 358.3 , Est Remaining: 113.1
EVENT FAILED
263 358.5 , Est Remaining: 113.2
EVENT FAILED
263 358.8 , Est Remaining: 113.2
264 360.2 , Est Remaining: 111.9
265 361.5 , Est Remaining: 110.5
266 362.9 , Est Remaining: 109.1
267 364.2 , Est Remaining: 107.8
268 365.6 , Est Remaining: 106.4
269 366.9 , Est Remaining: 105.0
270 368.3 , Est Remaining: 103.7
271 369.7 , Est Remaining: 102.3
272 371.0 , Est Remaining: 100.9
273 372.4 , Est Remaining: 99.6
274 373.7 , Est Remaining: 98.2
275 375.0 , Est Remaining: 96.8
276 376.4 , Est Remaining: 95.5
277 377.7 , Est Remaining: 94.1
278 379.1 , Est Remaining: 92.7
279 380.4 , Est Remaining: 91.4
280 381.8 , Est Remaining: 90.0
281 383.1 , Est Remaining: 88.6
282 384.4 , Est Remaining: 87.3
EVENT FAILED
282 384.7 , Est Remaining: 87.3
EVENT FAILED
282 385.0 , Est Remaining: 87.4
283 386.4 , Est Remaining: 86.0
284 387.8 , Est Remaining: 84.7
285 389.1 , Est Remaining: 83.3
286 390.5 , Est Remaining: 81.9
287 391.9 , Est Remaining: 80.6
288 393.2 , Est Remaining: 79.2
289 394.6 , Est Remaining: 77.8
290 395.9 , Est Remaining: 76.5
291 397.3 , Est Remaining: 75.1
292 398.6 , Est Remaining: 73.7
293 400.0 , Est Remaining: 72.4
294 401.4 , Est Remaining: 71.0
295 402.7 , Est Remaining: 69.6
296 404.1 , Est Remaining: 68.3
297 405.5 , Est Remaining: 66.9
298 406.9 , Est Remaining: 65.5
299 408.2 , Est Remaining: 64.2
300 409.6 , Est Remaining: 62.8
301 411.0 , Est Remaining: 61.4
302 412.5 , Est Remaining: 60.1
303 413.8 , Est Remaining: 58.7
304 415.2 , Est Remaining: 57.4
305 416.6 , Est Remaining: 56.0
306 417.9 , Est Remaining: 54.6
307 419.3 , Est Remaining: 53.3
308 420.7 , Est Remaining: 51.9
309 422.0 , Est Remaining: 50.5
310 423.4 , Est Remaining: 49.2
311 424.7 , Est Remaining: 47.8
312 426.1 , Est Remaining: 46.4
313 427.4 , Est Remaining: 45.1
314 428.8 , Est Remaining: 43.7
315 430.1 , Est Remaining: 42.3
316 431.5 , Est Remaining: 41.0
317 432.8 , Est Remaining: 39.6
318 434.2 , Est Remaining: 38.2
319 435.5 , Est Remaining: 36.9
320 436.9 , Est Remaining: 35.5
321 438.2 , Est Remaining: 34.1
322 439.6 , Est Remaining: 32.8
323 440.9 , Est Remaining: 31.4
324 442.2 , Est Remaining: 30.0
325 443.6 , Est Remaining: 28.7
326 444.9 , Est Remaining: 27.3
327 446.3 , Est Remaining: 25.9
328 447.6 , Est Remaining: 24.6
329 448.9 , Est Remaining: 23.2
330 450.2 , Est Remaining: 21.8
EVENT FAILED
330 450.5 , Est Remaining: 21.8
EVENT FAILED
330 450.8 , Est Remaining: 21.9
331 452.1 , Est Remaining: 20.5
332 453.4 , Est Remaining: 19.1
333 454.7 , Est Remaining: 17.8
