Note: NumExpr detected 32 cores but "NUMEXPR_MAX_THREADS" not set, so enforcing safe limit of 8.
Using selector: EpollSelector
/n/home02/jhaefner/miniconda/envs/IC-3.7-2020-06-16/lib/python3.7/site-packages/scipy/optimize/minpack.py:808: OptimizeWarning: Covariance of the parameters could not be estimated
  category=OptimizeWarning)
Total rwfs: 346
0 0.0 , Est Remaining: 999999.9
1 1.5 , Est Remaining: 511.4
2 2.9 , Est Remaining: 503.8
3 4.4 , Est Remaining: 505.7
4 5.9 , Est Remaining: 501.9
5 7.3 , Est Remaining: 497.7
6 8.7 , Est Remaining: 494.8
7 10.1 , Est Remaining: 491.4
8 11.6 , Est Remaining: 488.9
9 13.0 , Est Remaining: 486.5
10 14.4 , Est Remaining: 484.8
11 15.8 , Est Remaining: 482.0
12 17.2 , Est Remaining: 479.9
13 18.7 , Est Remaining: 477.8
14 20.1 , Est Remaining: 476.0
15 21.5 , Est Remaining: 475.1
16 23.0 , Est Remaining: 473.6
17 24.4 , Est Remaining: 472.2
18 25.8 , Est Remaining: 471.0
19 27.3 , Est Remaining: 470.0
20 28.7 , Est Remaining: 468.6
21 30.2 , Est Remaining: 466.9
22 31.6 , Est Remaining: 465.5
23 33.0 , Est Remaining: 463.9
24 34.5 , Est Remaining: 462.4
25 35.9 , Est Remaining: 460.7
26 37.3 , Est Remaining: 459.2
EVENT FAILED
26 37.6 , Est Remaining: 462.9
27 39.0 , Est Remaining: 461.2
28 40.5 , Est Remaining: 459.5
29 41.9 , Est Remaining: 458.0
30 43.3 , Est Remaining: 456.4
31 44.8 , Est Remaining: 454.8
32 46.2 , Est Remaining: 453.3
33 47.6 , Est Remaining: 451.8
34 49.1 , Est Remaining: 450.4
35 50.5 , Est Remaining: 448.9
36 52.0 , Est Remaining: 447.4
37 53.4 , Est Remaining: 445.9
EVENT FAILED
37 53.7 , Est Remaining: 448.4
38 55.1 , Est Remaining: 446.9
39 56.6 , Est Remaining: 445.3
40 58.0 , Est Remaining: 443.8
41 59.5 , Est Remaining: 442.3
42 60.9 , Est Remaining: 440.7
43 62.3 , Est Remaining: 439.3
44 63.8 , Est Remaining: 437.8
45 65.2 , Est Remaining: 436.2
46 66.6 , Est Remaining: 434.6
47 68.1 , Est Remaining: 433.0
48 69.5 , Est Remaining: 431.5
49 70.9 , Est Remaining: 429.9
50 72.4 , Est Remaining: 428.4
51 73.8 , Est Remaining: 426.7
52 75.2 , Est Remaining: 425.3
53 76.6 , Est Remaining: 423.6
54 78.1 , Est Remaining: 422.1
55 79.5 , Est Remaining: 420.5
56 80.9 , Est Remaining: 418.9
57 82.3 , Est Remaining: 417.4
EVENT FAILED
57 82.7 , Est Remaining: 419.1
58 84.1 , Est Remaining: 417.5
59 85.5 , Est Remaining: 415.9
60 86.9 , Est Remaining: 414.3
61 88.3 , Est Remaining: 412.7
62 89.7 , Est Remaining: 411.0
63 91.1 , Est Remaining: 409.4
64 92.5 , Est Remaining: 407.7
65 93.9 , Est Remaining: 406.0
EVENT FAILED
65 94.2 , Est Remaining: 407.3
66 95.6 , Est Remaining: 405.5
67 97.0 , Est Remaining: 403.8
68 98.4 , Est Remaining: 402.1
EVENT FAILED
68 98.7 , Est Remaining: 403.4
69 100.0 , Est Remaining: 401.6
70 101.4 , Est Remaining: 399.9
71 102.8 , Est Remaining: 398.2
72 104.2 , Est Remaining: 396.4
73 105.5 , Est Remaining: 394.7
74 106.9 , Est Remaining: 392.9
75 108.2 , Est Remaining: 391.1
76 109.6 , Est Remaining: 389.4
77 111.0 , Est Remaining: 387.6
78 112.3 , Est Remaining: 385.8
79 113.6 , Est Remaining: 384.1
80 115.0 , Est Remaining: 382.3
81 116.3 , Est Remaining: 380.5
82 117.6 , Est Remaining: 378.8
83 119.0 , Est Remaining: 377.0
84 120.3 , Est Remaining: 375.3
85 121.6 , Est Remaining: 373.5
EVENT FAILED
85 121.9 , Est Remaining: 374.4
86 123.3 , Est Remaining: 372.7
87 124.6 , Est Remaining: 371.0
88 125.9 , Est Remaining: 369.2
89 127.3 , Est Remaining: 367.5
90 128.6 , Est Remaining: 365.7
91 129.9 , Est Remaining: 364.0
92 131.2 , Est Remaining: 362.3
93 132.6 , Est Remaining: 360.7
94 133.9 , Est Remaining: 359.0
95 135.2 , Est Remaining: 357.3
96 136.6 , Est Remaining: 355.6
97 137.9 , Est Remaining: 354.0
98 139.2 , Est Remaining: 352.3
99 140.6 , Est Remaining: 350.7
100 141.9 , Est Remaining: 349.0
101 143.2 , Est Remaining: 347.4
102 144.6 , Est Remaining: 345.8
103 146.0 , Est Remaining: 344.4
104 147.3 , Est Remaining: 342.7
105 148.6 , Est Remaining: 341.1
EVENT FAILED
105 148.9 , Est Remaining: 341.8
106 150.3 , Est Remaining: 340.2
107 151.6 , Est Remaining: 338.6
108 152.9 , Est Remaining: 337.0
109 154.2 , Est Remaining: 335.4
110 155.6 , Est Remaining: 333.8
EVENT FAILED
110 155.9 , Est Remaining: 334.4
111 157.2 , Est Remaining: 332.8
112 158.5 , Est Remaining: 331.2
113 159.8 , Est Remaining: 329.6
114 161.2 , Est Remaining: 328.0
115 162.5 , Est Remaining: 326.5
116 163.9 , Est Remaining: 324.9
117 165.2 , Est Remaining: 323.3
118 166.8 , Est Remaining: 322.3
119 168.1 , Est Remaining: 320.7
120 169.5 , Est Remaining: 319.1
121 170.8 , Est Remaining: 317.5
122 172.1 , Est Remaining: 315.9
123 173.4 , Est Remaining: 314.4
124 174.7 , Est Remaining: 312.8
125 176.0 , Est Remaining: 311.2
126 177.3 , Est Remaining: 309.6
127 178.6 , Est Remaining: 308.0
128 179.9 , Est Remaining: 306.5
129 181.3 , Est Remaining: 304.9
130 182.6 , Est Remaining: 303.4
131 183.9 , Est Remaining: 301.9
132 185.3 , Est Remaining: 300.4
133 186.6 , Est Remaining: 298.9
134 188.0 , Est Remaining: 297.4
135 189.3 , Est Remaining: 295.9
136 190.7 , Est Remaining: 294.4
137 192.0 , Est Remaining: 292.9
138 193.4 , Est Remaining: 291.5
139 194.7 , Est Remaining: 290.0
140 196.1 , Est Remaining: 288.5
141 197.5 , Est Remaining: 287.1
EVENT FAILED
141 197.8 , Est Remaining: 287.5
142 199.1 , Est Remaining: 286.1
143 200.5 , Est Remaining: 284.6
144 201.9 , Est Remaining: 283.2
145 203.3 , Est Remaining: 281.8
146 204.7 , Est Remaining: 280.4
147 206.1 , Est Remaining: 279.0
148 207.5 , Est Remaining: 277.6
149 208.9 , Est Remaining: 276.2
150 210.3 , Est Remaining: 274.8
151 211.7 , Est Remaining: 273.4
152 213.1 , Est Remaining: 272.0
153 214.6 , Est Remaining: 270.7
154 216.0 , Est Remaining: 269.3
155 217.4 , Est Remaining: 267.9
156 218.8 , Est Remaining: 266.5
157 220.3 , Est Remaining: 265.2
158 221.7 , Est Remaining: 263.8
EVENT FAILED
158 222.0 , Est Remaining: 264.2
159 223.4 , Est Remaining: 262.8
160 224.9 , Est Remaining: 261.4
161 226.3 , Est Remaining: 260.0
162 227.7 , Est Remaining: 258.6
163 229.1 , Est Remaining: 257.3
164 230.6 , Est Remaining: 255.9
EVENT FAILED
164 230.9 , Est Remaining: 256.2
165 232.3 , Est Remaining: 254.8
166 233.7 , Est Remaining: 253.5
167 235.2 , Est Remaining: 252.1
168 236.6 , Est Remaining: 250.7
EVENT FAILED
168 236.9 , Est Remaining: 251.0
169 238.3 , Est Remaining: 249.6
170 239.8 , Est Remaining: 248.2
171 241.2 , Est Remaining: 246.8
172 242.6 , Est Remaining: 245.4
173 244.0 , Est Remaining: 244.0
174 245.4 , Est Remaining: 242.6
175 246.8 , Est Remaining: 241.2
176 248.2 , Est Remaining: 239.7
177 249.6 , Est Remaining: 238.3
178 251.1 , Est Remaining: 237.0
179 252.5 , Est Remaining: 235.6
180 253.9 , Est Remaining: 234.2
181 255.3 , Est Remaining: 232.8
182 256.8 , Est Remaining: 231.4
183 258.2 , Est Remaining: 230.0
184 259.7 , Est Remaining: 228.6
185 261.1 , Est Remaining: 227.2
186 262.5 , Est Remaining: 225.8
187 263.9 , Est Remaining: 224.4
188 265.3 , Est Remaining: 223.0
189 266.8 , Est Remaining: 221.6
190 268.2 , Est Remaining: 220.2
191 269.6 , Est Remaining: 218.8
192 271.0 , Est Remaining: 217.3
193 272.4 , Est Remaining: 215.9
194 273.8 , Est Remaining: 214.5
195 275.2 , Est Remaining: 213.1
196 276.6 , Est Remaining: 211.7
197 278.0 , Est Remaining: 210.3
198 279.4 , Est Remaining: 208.9
199 280.8 , Est Remaining: 207.5
200 282.3 , Est Remaining: 206.0
201 283.7 , Est Remaining: 204.6
202 285.2 , Est Remaining: 203.3
203 286.6 , Est Remaining: 201.9
204 288.0 , Est Remaining: 200.5
205 289.5 , Est Remaining: 199.1
206 290.9 , Est Remaining: 197.7
207 292.3 , Est Remaining: 196.3
208 293.8 , Est Remaining: 194.9
209 295.2 , Est Remaining: 193.5
210 296.6 , Est Remaining: 192.1
211 298.1 , Est Remaining: 190.7
212 299.5 , Est Remaining: 189.3
213 300.9 , Est Remaining: 187.9
214 302.4 , Est Remaining: 186.5
215 303.8 , Est Remaining: 185.1
216 305.2 , Est Remaining: 183.7
217 306.6 , Est Remaining: 182.3
218 308.0 , Est Remaining: 180.9
219 309.4 , Est Remaining: 179.4
220 310.8 , Est Remaining: 178.0
221 312.2 , Est Remaining: 176.6
222 313.7 , Est Remaining: 175.2
223 315.1 , Est Remaining: 173.8
224 316.5 , Est Remaining: 172.4
225 317.9 , Est Remaining: 170.9
226 319.3 , Est Remaining: 169.5
227 320.7 , Est Remaining: 168.1
228 322.1 , Est Remaining: 166.7
229 323.5 , Est Remaining: 165.3
230 324.9 , Est Remaining: 163.9
231 326.4 , Est Remaining: 162.5
232 327.8 , Est Remaining: 161.1
233 329.2 , Est Remaining: 159.7
234 330.7 , Est Remaining: 158.3
235 332.1 , Est Remaining: 156.9
236 333.5 , Est Remaining: 155.5
237 334.9 , Est Remaining: 154.0
238 336.3 , Est Remaining: 152.6
239 337.8 , Est Remaining: 151.2
EVENT FAILED
239 338.1 , Est Remaining: 151.3
240 339.5 , Est Remaining: 149.9
241 340.9 , Est Remaining: 148.5
242 342.3 , Est Remaining: 147.1
243 343.7 , Est Remaining: 145.7
244 345.1 , Est Remaining: 144.3
245 346.5 , Est Remaining: 142.9
EVENT FAILED
245 346.8 , Est Remaining: 143.0
246 348.2 , Est Remaining: 141.6
247 349.7 , Est Remaining: 140.2
248 351.1 , Est Remaining: 138.8
EVENT FAILED
248 351.4 , Est Remaining: 138.9
249 352.8 , Est Remaining: 137.5
250 354.3 , Est Remaining: 136.0
EVENT FAILED
250 354.6 , Est Remaining: 136.1
251 356.0 , Est Remaining: 134.7
252 357.4 , Est Remaining: 133.3
253 358.9 , Est Remaining: 131.9
254 360.3 , Est Remaining: 130.5
255 361.7 , Est Remaining: 129.1
256 363.1 , Est Remaining: 127.7
257 364.5 , Est Remaining: 126.2
258 365.9 , Est Remaining: 124.8
259 367.3 , Est Remaining: 123.4
260 368.7 , Est Remaining: 122.0
261 370.2 , Est Remaining: 120.6
262 371.6 , Est Remaining: 119.1
263 373.0 , Est Remaining: 117.7
264 374.4 , Est Remaining: 116.3
265 375.9 , Est Remaining: 114.9
266 377.3 , Est Remaining: 113.5
267 378.7 , Est Remaining: 112.1
268 380.1 , Est Remaining: 110.6
269 381.5 , Est Remaining: 109.2
270 383.0 , Est Remaining: 107.8
271 384.4 , Est Remaining: 106.4
272 385.8 , Est Remaining: 105.0
273 387.3 , Est Remaining: 103.6
274 388.7 , Est Remaining: 102.1
EVENT FAILED
274 389.0 , Est Remaining: 102.2
275 390.5 , Est Remaining: 100.8
276 391.9 , Est Remaining: 99.4
277 393.3 , Est Remaining: 98.0
278 394.8 , Est Remaining: 96.6
279 396.2 , Est Remaining: 95.1
280 397.6 , Est Remaining: 93.7
281 399.0 , Est Remaining: 92.3
282 400.4 , Est Remaining: 90.9
EVENT FAILED
282 400.7 , Est Remaining: 90.9
283 402.1 , Est Remaining: 89.5
284 403.5 , Est Remaining: 88.1
285 405.0 , Est Remaining: 86.7
286 406.4 , Est Remaining: 85.3
287 407.8 , Est Remaining: 83.8
288 409.2 , Est Remaining: 82.4
289 410.6 , Est Remaining: 81.0
290 412.0 , Est Remaining: 79.6
291 413.5 , Est Remaining: 78.1
292 414.9 , Est Remaining: 76.7
293 416.3 , Est Remaining: 75.3
294 417.7 , Est Remaining: 73.9
295 419.2 , Est Remaining: 72.5
EVENT FAILED
295 419.5 , Est Remaining: 72.5
296 420.9 , Est Remaining: 71.1
297 422.3 , Est Remaining: 69.7
298 423.7 , Est Remaining: 68.2
299 425.1 , Est Remaining: 66.8
300 426.5 , Est Remaining: 65.4
301 427.9 , Est Remaining: 64.0
302 429.5 , Est Remaining: 62.6
303 430.9 , Est Remaining: 61.2
304 432.4 , Est Remaining: 59.7
305 433.8 , Est Remaining: 58.3
306 435.3 , Est Remaining: 56.9
307 436.7 , Est Remaining: 55.5
308 438.2 , Est Remaining: 54.1
309 439.6 , Est Remaining: 52.6
310 441.0 , Est Remaining: 51.2
311 442.5 , Est Remaining: 49.8
312 443.9 , Est Remaining: 48.4
313 445.4 , Est Remaining: 47.0
EVENT FAILED
313 445.7 , Est Remaining: 47.0
314 447.1 , Est Remaining: 45.6
315 448.5 , Est Remaining: 44.1
316 450.0 , Est Remaining: 42.7
317 451.4 , Est Remaining: 41.3
318 452.8 , Est Remaining: 39.9
319 454.2 , Est Remaining: 38.4
320 455.6 , Est Remaining: 37.0
321 457.0 , Est Remaining: 35.6
322 458.4 , Est Remaining: 34.2
323 459.8 , Est Remaining: 32.7
324 461.2 , Est Remaining: 31.3
325 462.6 , Est Remaining: 29.9
