Note: NumExpr detected 32 cores but "NUMEXPR_MAX_THREADS" not set, so enforcing safe limit of 8.
Using selector: EpollSelector
/n/home02/jhaefner/miniconda/envs/IC-3.7-2020-06-16/lib/python3.7/site-packages/scipy/optimize/minpack.py:808: OptimizeWarning: Covariance of the parameters could not be estimated
  category=OptimizeWarning)
Total rwfs: 346
0 0.0 , Est Remaining: 999999.9
1 1.5 , Est Remaining: 514.5
2 3.0 , Est Remaining: 510.5
3 4.5 , Est Remaining: 511.3
4 5.9 , Est Remaining: 506.1
5 7.4 , Est Remaining: 502.6
6 8.8 , Est Remaining: 500.5
7 10.3 , Est Remaining: 496.9
8 11.7 , Est Remaining: 494.5
9 13.1 , Est Remaining: 491.9
10 14.6 , Est Remaining: 490.0
11 16.0 , Est Remaining: 488.1
12 17.5 , Est Remaining: 486.2
13 18.9 , Est Remaining: 483.4
14 20.3 , Est Remaining: 481.2
15 21.7 , Est Remaining: 478.8
16 23.1 , Est Remaining: 477.0
17 24.5 , Est Remaining: 474.9
18 26.0 , Est Remaining: 472.9
19 27.4 , Est Remaining: 470.9
20 28.8 , Est Remaining: 469.3
21 30.2 , Est Remaining: 467.6
22 31.6 , Est Remaining: 465.9
23 33.1 , Est Remaining: 464.3
24 34.5 , Est Remaining: 462.7
25 35.9 , Est Remaining: 461.0
26 37.3 , Est Remaining: 459.3
27 38.7 , Est Remaining: 457.6
28 40.2 , Est Remaining: 456.2
29 41.6 , Est Remaining: 454.4
30 43.0 , Est Remaining: 452.9
31 44.4 , Est Remaining: 451.5
32 45.9 , Est Remaining: 450.0
33 47.3 , Est Remaining: 448.5
34 48.7 , Est Remaining: 447.0
35 50.1 , Est Remaining: 445.5
36 51.6 , Est Remaining: 444.0
37 53.0 , Est Remaining: 442.4
38 54.4 , Est Remaining: 440.9
39 55.8 , Est Remaining: 439.4
40 57.2 , Est Remaining: 437.9
EVENT FAILED
40 57.5 , Est Remaining: 440.2
EVENT FAILED
40 57.9 , Est Remaining: 442.6
41 59.3 , Est Remaining: 441.0
42 60.7 , Est Remaining: 439.3
43 62.1 , Est Remaining: 437.8
44 63.4 , Est Remaining: 435.5
45 64.9 , Est Remaining: 433.9
46 66.3 , Est Remaining: 432.4
47 67.7 , Est Remaining: 430.7
48 69.1 , Est Remaining: 429.1
49 70.5 , Est Remaining: 427.5
50 71.9 , Est Remaining: 425.9
51 73.4 , Est Remaining: 424.4
52 74.8 , Est Remaining: 422.8
53 76.2 , Est Remaining: 421.3
54 77.6 , Est Remaining: 419.9
55 79.1 , Est Remaining: 418.4
56 80.6 , Est Remaining: 417.1
57 82.0 , Est Remaining: 415.7
58 83.4 , Est Remaining: 414.3
59 84.9 , Est Remaining: 413.0
EVENT FAILED
59 85.2 , Est Remaining: 414.5
60 86.6 , Est Remaining: 413.0
61 88.1 , Est Remaining: 411.6
62 89.6 , Est Remaining: 410.3
63 91.0 , Est Remaining: 408.9
64 92.4 , Est Remaining: 407.3
65 93.9 , Est Remaining: 405.9
66 95.3 , Est Remaining: 404.4
67 96.8 , Est Remaining: 402.9
68 98.2 , Est Remaining: 401.5
69 99.7 , Est Remaining: 400.1
70 101.1 , Est Remaining: 398.6
71 102.6 , Est Remaining: 397.2
72 104.0 , Est Remaining: 395.7
73 105.4 , Est Remaining: 394.2
74 106.9 , Est Remaining: 392.8
75 108.3 , Est Remaining: 391.4
76 109.8 , Est Remaining: 390.0
77 111.2 , Est Remaining: 388.5
78 112.6 , Est Remaining: 387.0
79 114.1 , Est Remaining: 385.5
80 115.5 , Est Remaining: 384.1
81 116.9 , Est Remaining: 382.6
82 118.3 , Est Remaining: 381.0
83 119.8 , Est Remaining: 379.5
84 121.2 , Est Remaining: 378.0
85 122.6 , Est Remaining: 376.4
86 124.0 , Est Remaining: 374.8
87 125.4 , Est Remaining: 373.3
88 126.8 , Est Remaining: 371.8
89 128.2 , Est Remaining: 370.2
90 129.6 , Est Remaining: 368.7
91 131.0 , Est Remaining: 367.2
92 132.5 , Est Remaining: 365.7
93 133.9 , Est Remaining: 364.2
94 135.3 , Est Remaining: 362.7
95 136.7 , Est Remaining: 361.3
96 138.2 , Est Remaining: 359.8
97 139.6 , Est Remaining: 358.4
98 141.0 , Est Remaining: 356.9
99 142.5 , Est Remaining: 355.4
100 143.9 , Est Remaining: 354.0
101 145.3 , Est Remaining: 352.6
102 146.8 , Est Remaining: 351.1
103 148.3 , Est Remaining: 349.8
104 149.7 , Est Remaining: 348.3
105 151.1 , Est Remaining: 346.8
106 152.5 , Est Remaining: 345.3
107 153.9 , Est Remaining: 343.8
108 155.3 , Est Remaining: 342.3
109 156.8 , Est Remaining: 340.9
110 158.2 , Est Remaining: 339.4
111 159.6 , Est Remaining: 338.0
112 161.0 , Est Remaining: 336.5
113 162.4 , Est Remaining: 334.9
114 163.9 , Est Remaining: 333.5
115 165.3 , Est Remaining: 332.1
116 166.8 , Est Remaining: 330.7
117 168.2 , Est Remaining: 329.2
118 169.7 , Est Remaining: 327.8
119 171.1 , Est Remaining: 326.4
120 172.5 , Est Remaining: 325.0
121 174.0 , Est Remaining: 323.5
122 175.4 , Est Remaining: 322.1
123 176.8 , Est Remaining: 320.6
124 178.3 , Est Remaining: 319.1
125 179.7 , Est Remaining: 317.7
126 181.1 , Est Remaining: 316.2
127 182.5 , Est Remaining: 314.7
128 183.9 , Est Remaining: 313.2
129 185.3 , Est Remaining: 311.8
130 186.7 , Est Remaining: 310.3
131 188.2 , Est Remaining: 308.8
132 189.6 , Est Remaining: 307.4
133 191.0 , Est Remaining: 305.9
134 192.4 , Est Remaining: 304.4
135 193.9 , Est Remaining: 303.0
136 195.3 , Est Remaining: 301.6
137 196.7 , Est Remaining: 300.1
138 198.2 , Est Remaining: 298.7
139 199.6 , Est Remaining: 297.3
140 201.0 , Est Remaining: 295.8
141 202.5 , Est Remaining: 294.4
142 203.9 , Est Remaining: 292.9
143 205.3 , Est Remaining: 291.5
144 206.8 , Est Remaining: 290.0
145 208.2 , Est Remaining: 288.6
146 209.6 , Est Remaining: 287.2
147 211.0 , Est Remaining: 285.7
148 212.5 , Est Remaining: 284.3
149 213.9 , Est Remaining: 282.8
150 215.3 , Est Remaining: 281.3
151 216.7 , Est Remaining: 279.8
152 218.1 , Est Remaining: 278.4
153 219.5 , Est Remaining: 276.9
154 220.9 , Est Remaining: 275.5
155 222.4 , Est Remaining: 274.0
156 223.8 , Est Remaining: 272.5
157 225.2 , Est Remaining: 271.1
158 226.6 , Est Remaining: 269.7
159 228.1 , Est Remaining: 268.2
160 229.5 , Est Remaining: 266.8
161 230.9 , Est Remaining: 265.3
162 232.4 , Est Remaining: 263.9
EVENT FAILED
162 232.7 , Est Remaining: 264.3
163 234.1 , Est Remaining: 262.8
164 235.5 , Est Remaining: 261.4
EVENT FAILED
164 235.8 , Est Remaining: 261.7
165 237.2 , Est Remaining: 260.2
166 238.7 , Est Remaining: 258.8
167 240.1 , Est Remaining: 257.3
168 241.5 , Est Remaining: 255.9
169 242.9 , Est Remaining: 254.4
170 244.4 , Est Remaining: 253.0
171 245.8 , Est Remaining: 251.5
172 247.2 , Est Remaining: 250.1
173 248.6 , Est Remaining: 248.6
174 250.1 , Est Remaining: 247.2
175 251.5 , Est Remaining: 245.7
176 252.9 , Est Remaining: 244.3
177 254.3 , Est Remaining: 242.8
178 255.8 , Est Remaining: 241.4
179 257.2 , Est Remaining: 239.9
180 258.6 , Est Remaining: 238.5
181 260.1 , Est Remaining: 237.1
182 261.5 , Est Remaining: 235.6
183 262.9 , Est Remaining: 234.2
184 264.4 , Est Remaining: 232.7
185 265.8 , Est Remaining: 231.3
186 267.2 , Est Remaining: 229.9
187 268.6 , Est Remaining: 228.4
188 270.1 , Est Remaining: 227.0
189 271.5 , Est Remaining: 225.5
190 273.0 , Est Remaining: 224.1
191 274.4 , Est Remaining: 222.7
192 275.8 , Est Remaining: 221.2
193 277.3 , Est Remaining: 219.8
194 278.7 , Est Remaining: 218.4
195 280.1 , Est Remaining: 216.9
196 281.6 , Est Remaining: 215.5
197 283.0 , Est Remaining: 214.0
198 284.4 , Est Remaining: 212.6
199 285.8 , Est Remaining: 211.1
200 287.3 , Est Remaining: 209.7
201 288.7 , Est Remaining: 208.3
EVENT FAILED
201 289.0 , Est Remaining: 208.5
202 290.4 , Est Remaining: 207.0
203 291.9 , Est Remaining: 205.7
204 293.3 , Est Remaining: 204.2
205 294.8 , Est Remaining: 202.7
206 296.2 , Est Remaining: 201.3
207 297.6 , Est Remaining: 199.8
208 299.0 , Est Remaining: 198.4
209 300.5 , Est Remaining: 197.0
210 301.9 , Est Remaining: 195.5
211 303.4 , Est Remaining: 194.1
212 304.8 , Est Remaining: 192.7
213 306.3 , Est Remaining: 191.3
214 307.7 , Est Remaining: 189.8
215 309.2 , Est Remaining: 188.4
216 310.6 , Est Remaining: 186.9
217 312.1 , Est Remaining: 185.5
EVENT FAILED
217 312.4 , Est Remaining: 185.7
218 313.8 , Est Remaining: 184.3
219 315.2 , Est Remaining: 182.8
220 316.7 , Est Remaining: 181.4
221 318.1 , Est Remaining: 179.9
222 319.6 , Est Remaining: 178.5
223 321.0 , Est Remaining: 177.1
224 322.5 , Est Remaining: 175.6
225 323.9 , Est Remaining: 174.2
226 325.3 , Est Remaining: 172.7
227 326.8 , Est Remaining: 171.3
228 328.2 , Est Remaining: 169.9
229 329.7 , Est Remaining: 168.4
EVENT FAILED
229 330.0 , Est Remaining: 168.6
230 331.5 , Est Remaining: 167.2
231 332.9 , Est Remaining: 165.7
232 334.4 , Est Remaining: 164.3
EVENT FAILED
232 334.7 , Est Remaining: 164.5
233 336.1 , Est Remaining: 163.0
234 337.6 , Est Remaining: 161.6
235 339.0 , Est Remaining: 160.1
236 340.5 , Est Remaining: 158.7
237 341.9 , Est Remaining: 157.3
238 343.4 , Est Remaining: 155.8
239 344.8 , Est Remaining: 154.4
240 346.3 , Est Remaining: 153.0
241 347.8 , Est Remaining: 151.5
242 349.2 , Est Remaining: 150.1
243 350.7 , Est Remaining: 148.6
244 352.1 , Est Remaining: 147.2
245 353.6 , Est Remaining: 145.8
246 355.0 , Est Remaining: 144.3
247 356.4 , Est Remaining: 142.9
248 357.9 , Est Remaining: 141.4
249 359.3 , Est Remaining: 140.0
250 360.7 , Est Remaining: 138.5
251 362.1 , Est Remaining: 137.1
252 363.5 , Est Remaining: 135.6
253 364.9 , Est Remaining: 134.1
254 366.3 , Est Remaining: 132.7
255 367.7 , Est Remaining: 131.2
256 369.1 , Est Remaining: 129.8
257 370.5 , Est Remaining: 128.3
258 371.9 , Est Remaining: 126.8
259 373.3 , Est Remaining: 125.4
260 374.7 , Est Remaining: 123.9
261 376.1 , Est Remaining: 122.5
262 377.5 , Est Remaining: 121.0
263 378.9 , Est Remaining: 119.6
264 380.3 , Est Remaining: 118.1
265 381.8 , Est Remaining: 116.7
266 383.2 , Est Remaining: 115.2
267 384.6 , Est Remaining: 113.8
268 386.0 , Est Remaining: 112.3
269 387.3 , Est Remaining: 110.9
270 388.7 , Est Remaining: 109.4
271 390.1 , Est Remaining: 108.0
272 391.5 , Est Remaining: 106.5
273 392.8 , Est Remaining: 105.0
274 394.2 , Est Remaining: 103.6
275 395.6 , Est Remaining: 102.1
276 397.0 , Est Remaining: 100.7
277 398.3 , Est Remaining: 99.2
278 399.7 , Est Remaining: 97.8
279 401.1 , Est Remaining: 96.3
280 402.4 , Est Remaining: 94.9
281 403.8 , Est Remaining: 93.4
282 405.1 , Est Remaining: 91.9
283 406.5 , Est Remaining: 90.5
284 407.9 , Est Remaining: 89.0
285 409.2 , Est Remaining: 87.6
286 410.6 , Est Remaining: 86.1
287 412.0 , Est Remaining: 84.7
288 413.3 , Est Remaining: 83.2
EVENT FAILED
288 413.6 , Est Remaining: 83.3
289 415.0 , Est Remaining: 81.8
290 416.4 , Est Remaining: 80.4
291 417.7 , Est Remaining: 78.9
292 419.1 , Est Remaining: 77.5
293 420.4 , Est Remaining: 76.1
294 421.8 , Est Remaining: 74.6
295 423.2 , Est Remaining: 73.2
296 424.6 , Est Remaining: 71.7
297 425.9 , Est Remaining: 70.3
298 427.3 , Est Remaining: 68.8
299 428.7 , Est Remaining: 67.4
300 430.0 , Est Remaining: 65.9
301 431.4 , Est Remaining: 64.5
302 432.9 , Est Remaining: 63.1
303 434.3 , Est Remaining: 61.6
304 435.7 , Est Remaining: 60.2
305 437.0 , Est Remaining: 58.7
306 438.4 , Est Remaining: 57.3
307 439.8 , Est Remaining: 55.9
308 441.1 , Est Remaining: 54.4
309 442.5 , Est Remaining: 53.0
310 443.9 , Est Remaining: 51.5
311 445.2 , Est Remaining: 50.1
312 446.6 , Est Remaining: 48.7
313 448.0 , Est Remaining: 47.2
314 449.4 , Est Remaining: 45.8
315 450.7 , Est Remaining: 44.4
316 452.1 , Est Remaining: 42.9
317 453.5 , Est Remaining: 41.5
318 454.9 , Est Remaining: 40.1
319 456.3 , Est Remaining: 38.6
320 457.6 , Est Remaining: 37.2
321 459.0 , Est Remaining: 35.8
322 460.4 , Est Remaining: 34.3
323 461.8 , Est Remaining: 32.9
324 463.2 , Est Remaining: 31.5
325 464.6 , Est Remaining: 30.0
326 466.0 , Est Remaining: 28.6
327 467.4 , Est Remaining: 27.2
328 468.8 , Est Remaining: 25.7
329 470.2 , Est Remaining: 24.3
330 471.6 , Est Remaining: 22.9
331 473.0 , Est Remaining: 21.4
332 474.4 , Est Remaining: 20.0
EVENT FAILED
332 474.7 , Est Remaining: 20.0
333 476.0 , Est Remaining: 18.6
334 477.4 , Est Remaining: 17.2
