Note: NumExpr detected 32 cores but "NUMEXPR_MAX_THREADS" not set, so enforcing safe limit of 8.
Using selector: EpollSelector
/n/home02/jhaefner/miniconda/envs/IC-3.7-2020-06-16/lib/python3.7/site-packages/scipy/optimize/minpack.py:808: OptimizeWarning: Covariance of the parameters could not be estimated
  category=OptimizeWarning)
Total rwfs: 346
0 0.0 , Est Remaining: 999999.9
1 1.3 , Est Remaining: 453.0
2 2.6 , Est Remaining: 450.3
3 3.9 , Est Remaining: 448.3
4 5.2 , Est Remaining: 444.4
5 6.5 , Est Remaining: 441.2
6 7.8 , Est Remaining: 439.5
7 9.0 , Est Remaining: 436.9
8 10.3 , Est Remaining: 434.8
9 11.6 , Est Remaining: 432.5
10 12.8 , Est Remaining: 430.3
11 14.1 , Est Remaining: 428.0
12 15.3 , Est Remaining: 426.3
13 16.6 , Est Remaining: 425.3
14 17.9 , Est Remaining: 423.8
15 19.1 , Est Remaining: 422.2
16 20.4 , Est Remaining: 420.5
17 21.6 , Est Remaining: 418.9
18 22.9 , Est Remaining: 417.6
19 24.2 , Est Remaining: 416.3
20 25.4 , Est Remaining: 414.7
21 26.7 , Est Remaining: 413.3
22 28.0 , Est Remaining: 412.0
23 29.2 , Est Remaining: 410.7
24 30.5 , Est Remaining: 409.3
25 31.8 , Est Remaining: 408.2
26 33.1 , Est Remaining: 407.4
27 34.4 , Est Remaining: 406.4
28 35.7 , Est Remaining: 405.2
29 37.0 , Est Remaining: 404.1
30 38.3 , Est Remaining: 403.1
31 39.6 , Est Remaining: 402.0
32 40.9 , Est Remaining: 401.0
33 42.2 , Est Remaining: 400.0
34 43.5 , Est Remaining: 399.0
35 44.8 , Est Remaining: 397.9
36 46.1 , Est Remaining: 396.8
37 47.4 , Est Remaining: 395.7
38 48.7 , Est Remaining: 394.5
39 50.0 , Est Remaining: 393.4
40 51.3 , Est Remaining: 392.3
EVENT FAILED
40 51.6 , Est Remaining: 394.5
41 52.9 , Est Remaining: 393.3
42 54.2 , Est Remaining: 392.1
43 55.5 , Est Remaining: 390.8
44 56.8 , Est Remaining: 389.6
45 58.1 , Est Remaining: 388.4
46 59.4 , Est Remaining: 387.3
47 60.7 , Est Remaining: 386.3
48 62.0 , Est Remaining: 385.1
49 63.3 , Est Remaining: 383.9
50 64.6 , Est Remaining: 382.6
51 65.9 , Est Remaining: 381.3
52 67.2 , Est Remaining: 380.0
53 68.5 , Est Remaining: 378.8
54 69.8 , Est Remaining: 377.5
55 71.1 , Est Remaining: 376.2
56 72.4 , Est Remaining: 374.9
EVENT FAILED
56 72.7 , Est Remaining: 376.4
57 74.0 , Est Remaining: 375.1
58 75.3 , Est Remaining: 373.9
59 76.6 , Est Remaining: 372.7
60 77.9 , Est Remaining: 371.4
61 79.2 , Est Remaining: 370.1
62 80.5 , Est Remaining: 368.9
63 81.8 , Est Remaining: 367.6
64 83.1 , Est Remaining: 366.3
65 84.4 , Est Remaining: 365.0
66 85.8 , Est Remaining: 363.8
67 87.1 , Est Remaining: 362.5
68 88.4 , Est Remaining: 361.3
69 89.7 , Est Remaining: 360.0
70 91.0 , Est Remaining: 358.7
71 92.3 , Est Remaining: 357.5
72 93.6 , Est Remaining: 356.3
73 94.9 , Est Remaining: 355.0
74 96.3 , Est Remaining: 353.8
75 97.6 , Est Remaining: 352.6
76 98.9 , Est Remaining: 351.3
77 100.2 , Est Remaining: 350.0
78 101.5 , Est Remaining: 348.8
79 102.8 , Est Remaining: 347.6
80 104.2 , Est Remaining: 346.4
81 105.5 , Est Remaining: 345.2
82 106.8 , Est Remaining: 343.8
83 108.1 , Est Remaining: 342.6
84 109.4 , Est Remaining: 341.4
85 110.8 , Est Remaining: 340.1
86 112.1 , Est Remaining: 338.9
87 113.4 , Est Remaining: 337.7
88 114.8 , Est Remaining: 336.5
89 116.1 , Est Remaining: 335.3
90 117.4 , Est Remaining: 334.1
91 118.8 , Est Remaining: 332.8
92 120.1 , Est Remaining: 331.6
93 121.4 , Est Remaining: 330.4
94 122.8 , Est Remaining: 329.1
95 124.1 , Est Remaining: 327.9
96 125.4 , Est Remaining: 326.6
97 126.7 , Est Remaining: 325.4
98 128.1 , Est Remaining: 324.1
99 129.4 , Est Remaining: 322.9
100 130.8 , Est Remaining: 321.7
101 132.1 , Est Remaining: 320.4
102 133.4 , Est Remaining: 319.2
103 134.8 , Est Remaining: 318.1
104 136.2 , Est Remaining: 316.9
105 137.5 , Est Remaining: 315.6
106 138.8 , Est Remaining: 314.3
107 140.2 , Est Remaining: 313.1
108 141.5 , Est Remaining: 311.8
109 142.8 , Est Remaining: 310.5
110 144.1 , Est Remaining: 309.2
111 145.5 , Est Remaining: 308.0
112 146.8 , Est Remaining: 306.7
113 148.1 , Est Remaining: 305.4
114 149.5 , Est Remaining: 304.2
115 150.8 , Est Remaining: 302.9
116 152.1 , Est Remaining: 301.5
117 153.4 , Est Remaining: 300.2
118 154.7 , Est Remaining: 298.9
119 156.0 , Est Remaining: 297.6
120 157.3 , Est Remaining: 296.3
121 158.6 , Est Remaining: 295.0
EVENT FAILED
121 158.9 , Est Remaining: 295.5
122 160.2 , Est Remaining: 294.2
123 161.6 , Est Remaining: 292.9
124 162.9 , Est Remaining: 291.7
125 164.2 , Est Remaining: 290.3
126 165.5 , Est Remaining: 289.0
127 166.9 , Est Remaining: 287.7
128 168.2 , Est Remaining: 286.5
129 169.6 , Est Remaining: 285.2
130 170.9 , Est Remaining: 283.9
131 172.2 , Est Remaining: 282.7
132 173.6 , Est Remaining: 281.4
133 174.9 , Est Remaining: 280.1
134 176.3 , Est Remaining: 278.8
135 177.6 , Est Remaining: 277.6
136 178.9 , Est Remaining: 276.3
137 180.3 , Est Remaining: 275.0
138 181.6 , Est Remaining: 273.7
139 182.9 , Est Remaining: 272.4
140 184.3 , Est Remaining: 271.1
141 185.6 , Est Remaining: 269.9
142 186.9 , Est Remaining: 268.5
143 188.3 , Est Remaining: 267.3
144 189.6 , Est Remaining: 266.0
145 190.9 , Est Remaining: 264.7
146 192.3 , Est Remaining: 263.4
147 193.6 , Est Remaining: 262.1
148 194.9 , Est Remaining: 260.8
EVENT FAILED
148 195.2 , Est Remaining: 261.2
149 196.5 , Est Remaining: 259.8
150 197.9 , Est Remaining: 258.5
151 199.2 , Est Remaining: 257.3
152 200.5 , Est Remaining: 256.0
153 201.9 , Est Remaining: 254.7
154 203.2 , Est Remaining: 253.4
155 204.5 , Est Remaining: 252.1
156 205.9 , Est Remaining: 250.8
157 207.2 , Est Remaining: 249.5
158 208.5 , Est Remaining: 248.1
159 209.9 , Est Remaining: 246.8
EVENT FAILED
159 210.2 , Est Remaining: 247.2
EVENT FAILED
159 210.6 , Est Remaining: 247.7
160 211.9 , Est Remaining: 246.4
161 213.2 , Est Remaining: 245.0
162 214.6 , Est Remaining: 243.7
EVENT FAILED
162 214.9 , Est Remaining: 244.0
163 216.2 , Est Remaining: 242.7
164 217.5 , Est Remaining: 241.3
165 218.8 , Est Remaining: 240.0
166 220.1 , Est Remaining: 238.7
167 221.4 , Est Remaining: 237.3
168 222.8 , Est Remaining: 236.0
169 224.1 , Est Remaining: 234.7
170 225.4 , Est Remaining: 233.4
EVENT FAILED
170 225.7 , Est Remaining: 233.7
171 227.0 , Est Remaining: 232.3
172 228.3 , Est Remaining: 231.0
173 229.6 , Est Remaining: 229.6
174 231.0 , Est Remaining: 228.3
175 232.3 , Est Remaining: 227.0
176 233.6 , Est Remaining: 225.6
177 234.9 , Est Remaining: 224.3
178 236.2 , Est Remaining: 222.9
179 237.5 , Est Remaining: 221.6
180 238.8 , Est Remaining: 220.3
181 240.1 , Est Remaining: 218.9
182 241.5 , Est Remaining: 217.6
183 242.8 , Est Remaining: 216.3
184 244.1 , Est Remaining: 214.9
185 245.4 , Est Remaining: 213.6
186 246.8 , Est Remaining: 212.3
187 248.1 , Est Remaining: 210.9
188 249.4 , Est Remaining: 209.6
189 250.8 , Est Remaining: 208.3
190 252.1 , Est Remaining: 207.0
191 253.4 , Est Remaining: 205.7
192 254.8 , Est Remaining: 204.4
193 256.1 , Est Remaining: 203.0
194 257.5 , Est Remaining: 201.7
195 258.8 , Est Remaining: 200.4
196 260.1 , Est Remaining: 199.1
197 261.5 , Est Remaining: 197.8
198 262.8 , Est Remaining: 196.4
199 264.1 , Est Remaining: 195.1
200 265.5 , Est Remaining: 193.8
201 266.8 , Est Remaining: 192.5
202 268.1 , Est Remaining: 191.1
203 269.6 , Est Remaining: 189.9
204 270.9 , Est Remaining: 188.6
205 272.2 , Est Remaining: 187.2
206 273.6 , Est Remaining: 185.9
207 274.9 , Est Remaining: 184.6
208 276.2 , Est Remaining: 183.3
209 277.6 , Est Remaining: 181.9
210 278.9 , Est Remaining: 180.6
211 280.2 , Est Remaining: 179.3
212 281.6 , Est Remaining: 178.0
213 282.9 , Est Remaining: 176.7
214 284.3 , Est Remaining: 175.4
215 285.6 , Est Remaining: 174.0
216 286.9 , Est Remaining: 172.7
217 288.3 , Est Remaining: 171.4
218 289.6 , Est Remaining: 170.0
219 290.9 , Est Remaining: 168.7
220 292.2 , Est Remaining: 167.4
221 293.6 , Est Remaining: 166.0
222 294.9 , Est Remaining: 164.7
223 296.2 , Est Remaining: 163.4
224 297.5 , Est Remaining: 162.0
225 298.8 , Est Remaining: 160.7
226 300.1 , Est Remaining: 159.4
227 301.4 , Est Remaining: 158.0
228 302.7 , Est Remaining: 156.7
229 304.0 , Est Remaining: 155.3
230 305.4 , Est Remaining: 154.0
231 306.7 , Est Remaining: 152.7
232 308.0 , Est Remaining: 151.3
233 309.3 , Est Remaining: 150.0
234 310.6 , Est Remaining: 148.7
235 311.9 , Est Remaining: 147.3
236 313.3 , Est Remaining: 146.0
237 314.6 , Est Remaining: 144.7
238 315.9 , Est Remaining: 143.4
239 317.2 , Est Remaining: 142.0
240 318.6 , Est Remaining: 140.7
241 319.9 , Est Remaining: 139.4
242 321.2 , Est Remaining: 138.0
243 322.5 , Est Remaining: 136.7
244 323.9 , Est Remaining: 135.4
245 325.2 , Est Remaining: 134.1
246 326.5 , Est Remaining: 132.7
247 327.8 , Est Remaining: 131.4
248 329.1 , Est Remaining: 130.1
249 330.4 , Est Remaining: 128.7
250 331.7 , Est Remaining: 127.4
251 333.1 , Est Remaining: 126.1
252 334.4 , Est Remaining: 124.7
253 335.7 , Est Remaining: 123.4
254 337.0 , Est Remaining: 122.1
255 338.3 , Est Remaining: 120.7
256 339.7 , Est Remaining: 119.4
257 341.0 , Est Remaining: 118.1
258 342.3 , Est Remaining: 116.8
259 343.6 , Est Remaining: 115.4
260 345.0 , Est Remaining: 114.1
261 346.3 , Est Remaining: 112.8
262 347.6 , Est Remaining: 111.4
263 348.9 , Est Remaining: 110.1
264 350.2 , Est Remaining: 108.8
265 351.6 , Est Remaining: 107.5
266 352.9 , Est Remaining: 106.1
267 354.2 , Est Remaining: 104.8
268 355.5 , Est Remaining: 103.5
269 356.9 , Est Remaining: 102.2
270 358.2 , Est Remaining: 100.8
271 359.5 , Est Remaining: 99.5
272 360.8 , Est Remaining: 98.2
273 362.2 , Est Remaining: 96.8
274 363.5 , Est Remaining: 95.5
275 364.8 , Est Remaining: 94.2
276 366.1 , Est Remaining: 92.9
EVENT FAILED
276 366.4 , Est Remaining: 92.9
277 367.7 , Est Remaining: 91.6
278 369.0 , Est Remaining: 90.3
279 370.4 , Est Remaining: 88.9
280 371.7 , Est Remaining: 87.6
281 373.0 , Est Remaining: 86.3
282 374.4 , Est Remaining: 85.0
283 375.7 , Est Remaining: 83.6
284 377.0 , Est Remaining: 82.3
285 378.3 , Est Remaining: 81.0
286 379.6 , Est Remaining: 79.6
287 381.0 , Est Remaining: 78.3
288 382.3 , Est Remaining: 77.0
289 383.6 , Est Remaining: 75.7
290 384.9 , Est Remaining: 74.3
291 386.2 , Est Remaining: 73.0
292 387.5 , Est Remaining: 71.7
293 388.9 , Est Remaining: 70.3
294 390.2 , Est Remaining: 69.0
295 391.5 , Est Remaining: 67.7
296 392.8 , Est Remaining: 66.4
297 394.1 , Est Remaining: 65.0
298 395.4 , Est Remaining: 63.7
299 396.8 , Est Remaining: 62.4
300 398.1 , Est Remaining: 61.0
301 399.4 , Est Remaining: 59.7
302 400.8 , Est Remaining: 58.4
EVENT FAILED
302 401.1 , Est Remaining: 58.4
303 402.4 , Est Remaining: 57.1
304 403.7 , Est Remaining: 55.8
305 405.0 , Est Remaining: 54.4
306 406.4 , Est Remaining: 53.1
307 407.7 , Est Remaining: 51.8
308 409.0 , Est Remaining: 50.5
309 410.3 , Est Remaining: 49.1
310 411.6 , Est Remaining: 47.8
311 412.9 , Est Remaining: 46.5
312 414.2 , Est Remaining: 45.1
313 415.6 , Est Remaining: 43.8
314 416.9 , Est Remaining: 42.5
315 418.2 , Est Remaining: 41.2
316 419.5 , Est Remaining: 39.8
317 420.8 , Est Remaining: 38.5
318 422.2 , Est Remaining: 37.2
319 423.5 , Est Remaining: 35.8
320 424.8 , Est Remaining: 34.5
321 426.1 , Est Remaining: 33.2
322 427.4 , Est Remaining: 31.9
323 428.8 , Est Remaining: 30.5
324 430.1 , Est Remaining: 29.2
325 431.4 , Est Remaining: 27.9
326 432.7 , Est Remaining: 26.5
327 434.0 , Est Remaining: 25.2
328 435.4 , Est Remaining: 23.9
329 436.7 , Est Remaining: 22.6
330 438.0 , Est Remaining: 21.2
331 439.3 , Est Remaining: 19.9
332 440.6 , Est Remaining: 18.6
333 441.9 , Est Remaining: 17.3
334 443.2 , Est Remaining: 15.9
335 444.5 , Est Remaining: 14.6
