Note: NumExpr detected 32 cores but "NUMEXPR_MAX_THREADS" not set, so enforcing safe limit of 8.
Using selector: EpollSelector
/n/home02/jhaefner/miniconda/envs/IC-3.7-2020-06-16/lib/python3.7/site-packages/scipy/optimize/minpack.py:808: OptimizeWarning: Covariance of the parameters could not be estimated
  category=OptimizeWarning)
Total rwfs: 346
0 0.0 , Est Remaining: 999999.9
1 1.5 , Est Remaining: 520.8
2 3.0 , Est Remaining: 512.2
3 4.5 , Est Remaining: 511.8
4 5.9 , Est Remaining: 507.9
5 7.4 , Est Remaining: 504.9
6 8.9 , Est Remaining: 502.8
7 10.3 , Est Remaining: 499.0
8 11.8 , Est Remaining: 496.7
9 13.2 , Est Remaining: 493.4
10 14.6 , Est Remaining: 491.2
11 16.0 , Est Remaining: 488.1
12 17.5 , Est Remaining: 486.1
13 18.9 , Est Remaining: 484.3
14 20.3 , Est Remaining: 482.4
15 21.8 , Est Remaining: 480.2
16 23.2 , Est Remaining: 478.3
17 24.6 , Est Remaining: 476.4
18 26.0 , Est Remaining: 474.5
19 27.4 , Est Remaining: 472.3
20 28.9 , Est Remaining: 470.3
EVENT FAILED
20 29.2 , Est Remaining: 475.4
21 30.6 , Est Remaining: 473.2
22 32.0 , Est Remaining: 471.3
23 33.4 , Est Remaining: 469.4
24 34.8 , Est Remaining: 467.4
25 36.3 , Est Remaining: 465.8
26 37.7 , Est Remaining: 464.2
27 39.1 , Est Remaining: 462.1
28 40.5 , Est Remaining: 460.2
29 42.0 , Est Remaining: 458.7
30 43.4 , Est Remaining: 456.9
31 44.8 , Est Remaining: 455.3
32 46.2 , Est Remaining: 453.8
33 47.7 , Est Remaining: 452.2
34 49.1 , Est Remaining: 450.8
35 50.6 , Est Remaining: 449.4
36 52.0 , Est Remaining: 448.0
37 53.5 , Est Remaining: 446.5
38 54.9 , Est Remaining: 445.1
39 56.4 , Est Remaining: 443.8
40 57.9 , Est Remaining: 442.6
41 59.3 , Est Remaining: 441.4
42 60.8 , Est Remaining: 440.0
43 62.2 , Est Remaining: 438.6
44 63.7 , Est Remaining: 437.1
45 65.1 , Est Remaining: 435.7
46 66.6 , Est Remaining: 434.4
47 68.1 , Est Remaining: 432.9
48 69.5 , Est Remaining: 431.6
49 71.0 , Est Remaining: 430.1
50 72.4 , Est Remaining: 428.5
51 73.8 , Est Remaining: 427.0
52 75.2 , Est Remaining: 425.4
53 76.7 , Est Remaining: 423.8
54 78.1 , Est Remaining: 422.3
55 79.5 , Est Remaining: 420.7
56 80.9 , Est Remaining: 419.1
57 82.4 , Est Remaining: 417.6
58 83.8 , Est Remaining: 416.0
EVENT FAILED
58 84.1 , Est Remaining: 417.5
59 85.5 , Est Remaining: 416.0
60 86.9 , Est Remaining: 414.4
61 88.3 , Est Remaining: 412.7
62 89.8 , Est Remaining: 411.2
63 91.2 , Est Remaining: 409.6
64 92.6 , Est Remaining: 408.0
65 94.0 , Est Remaining: 406.5
66 95.4 , Est Remaining: 404.8
67 96.8 , Est Remaining: 403.3
68 98.3 , Est Remaining: 401.9
69 99.7 , Est Remaining: 400.4
70 101.2 , Est Remaining: 399.0
71 102.6 , Est Remaining: 397.5
72 104.1 , Est Remaining: 396.0
73 105.5 , Est Remaining: 394.6
74 106.9 , Est Remaining: 393.1
75 108.3 , Est Remaining: 391.5
76 109.7 , Est Remaining: 389.9
77 111.1 , Est Remaining: 388.3
78 112.5 , Est Remaining: 386.7
79 114.0 , Est Remaining: 385.2
80 115.3 , Est Remaining: 383.5
81 116.7 , Est Remaining: 381.8
82 118.1 , Est Remaining: 380.2
83 119.5 , Est Remaining: 378.5
84 120.8 , Est Remaining: 376.9
85 122.2 , Est Remaining: 375.3
86 123.6 , Est Remaining: 373.6
87 124.9 , Est Remaining: 372.0
88 126.3 , Est Remaining: 370.3
89 127.7 , Est Remaining: 368.7
EVENT FAILED
89 128.0 , Est Remaining: 369.5
90 129.3 , Est Remaining: 367.9
91 130.7 , Est Remaining: 366.2
92 132.1 , Est Remaining: 364.6
93 133.4 , Est Remaining: 363.0
94 134.7 , Est Remaining: 361.1
95 136.0 , Est Remaining: 359.4
96 137.4 , Est Remaining: 357.8
97 138.8 , Est Remaining: 356.2
EVENT FAILED
97 139.1 , Est Remaining: 357.0
98 140.4 , Est Remaining: 355.4
99 141.8 , Est Remaining: 353.8
100 143.2 , Est Remaining: 352.2
101 144.5 , Est Remaining: 350.6
102 145.9 , Est Remaining: 349.0
103 147.4 , Est Remaining: 347.6
104 148.7 , Est Remaining: 346.0
105 150.1 , Est Remaining: 344.5
106 151.4 , Est Remaining: 342.9
107 152.8 , Est Remaining: 341.3
108 154.1 , Est Remaining: 339.7
109 155.5 , Est Remaining: 338.1
110 156.8 , Est Remaining: 336.5
111 158.2 , Est Remaining: 334.9
112 159.5 , Est Remaining: 333.3
113 160.9 , Est Remaining: 331.7
114 162.2 , Est Remaining: 330.1
115 163.6 , Est Remaining: 328.6
116 164.9 , Est Remaining: 327.0
117 166.2 , Est Remaining: 325.4
118 167.6 , Est Remaining: 323.8
119 168.9 , Est Remaining: 322.2
120 170.2 , Est Remaining: 320.6
121 171.5 , Est Remaining: 319.0
122 172.9 , Est Remaining: 317.4
123 174.2 , Est Remaining: 315.8
124 175.5 , Est Remaining: 314.2
EVENT FAILED
124 175.8 , Est Remaining: 314.7
125 177.1 , Est Remaining: 313.1
126 178.4 , Est Remaining: 311.6
127 179.7 , Est Remaining: 309.9
128 181.0 , Est Remaining: 308.3
129 182.4 , Est Remaining: 306.8
130 183.7 , Est Remaining: 305.2
131 185.0 , Est Remaining: 303.6
132 186.3 , Est Remaining: 302.0
133 187.6 , Est Remaining: 300.4
134 188.9 , Est Remaining: 298.9
135 190.2 , Est Remaining: 297.3
136 191.5 , Est Remaining: 295.7
137 192.8 , Est Remaining: 294.2
138 194.2 , Est Remaining: 292.7
139 195.5 , Est Remaining: 291.1
140 196.8 , Est Remaining: 289.6
141 198.1 , Est Remaining: 288.0
142 199.4 , Est Remaining: 286.5
143 200.7 , Est Remaining: 284.9
144 202.0 , Est Remaining: 283.4
EVENT FAILED
144 202.3 , Est Remaining: 283.8
145 203.6 , Est Remaining: 282.3
146 205.0 , Est Remaining: 280.8
147 206.3 , Est Remaining: 279.3
148 207.6 , Est Remaining: 277.8
149 209.0 , Est Remaining: 276.3
150 210.3 , Est Remaining: 274.8
151 211.6 , Est Remaining: 273.3
152 213.0 , Est Remaining: 271.9
153 214.4 , Est Remaining: 270.4
154 215.7 , Est Remaining: 269.0
EVENT FAILED
154 216.0 , Est Remaining: 269.3
155 217.4 , Est Remaining: 267.9
156 218.7 , Est Remaining: 266.4
157 220.1 , Est Remaining: 264.9
158 221.5 , Est Remaining: 263.5
159 222.8 , Est Remaining: 262.1
160 224.2 , Est Remaining: 260.6
161 225.6 , Est Remaining: 259.2
162 226.9 , Est Remaining: 257.8
163 228.3 , Est Remaining: 256.3
164 229.7 , Est Remaining: 254.9
165 231.1 , Est Remaining: 253.5
166 232.5 , Est Remaining: 252.1
167 233.9 , Est Remaining: 250.7
168 235.3 , Est Remaining: 249.3
169 236.7 , Est Remaining: 247.9
170 238.1 , Est Remaining: 246.5
171 239.5 , Est Remaining: 245.1
172 240.9 , Est Remaining: 243.7
173 242.3 , Est Remaining: 242.3
174 243.7 , Est Remaining: 240.9
175 245.1 , Est Remaining: 239.5
176 246.5 , Est Remaining: 238.1
177 247.9 , Est Remaining: 236.7
178 249.3 , Est Remaining: 235.3
179 250.7 , Est Remaining: 233.9
180 252.2 , Est Remaining: 232.5
181 253.6 , Est Remaining: 231.2
182 255.0 , Est Remaining: 229.8
183 256.4 , Est Remaining: 228.4
184 257.8 , Est Remaining: 227.0
185 259.2 , Est Remaining: 225.6
186 260.7 , Est Remaining: 224.2
187 262.1 , Est Remaining: 222.8
188 263.5 , Est Remaining: 221.4
189 264.9 , Est Remaining: 220.1
190 266.3 , Est Remaining: 218.7
191 267.7 , Est Remaining: 217.3
192 269.2 , Est Remaining: 215.9
193 270.6 , Est Remaining: 214.5
194 272.1 , Est Remaining: 213.2
195 273.5 , Est Remaining: 211.8
196 275.0 , Est Remaining: 210.4
197 276.4 , Est Remaining: 209.0
198 277.8 , Est Remaining: 207.7
199 279.3 , Est Remaining: 206.3
200 280.8 , Est Remaining: 205.0
201 282.2 , Est Remaining: 203.6
202 283.7 , Est Remaining: 202.2
203 285.2 , Est Remaining: 200.9
204 286.7 , Est Remaining: 199.5
205 288.1 , Est Remaining: 198.2
206 289.6 , Est Remaining: 196.8
207 291.0 , Est Remaining: 195.4
208 292.5 , Est Remaining: 194.1
209 294.0 , Est Remaining: 192.7
210 295.4 , Est Remaining: 191.3
211 296.9 , Est Remaining: 189.9
212 298.3 , Est Remaining: 188.6
213 299.8 , Est Remaining: 187.2
214 301.2 , Est Remaining: 185.8
215 302.6 , Est Remaining: 184.4
216 304.1 , Est Remaining: 183.0
217 305.5 , Est Remaining: 181.6
218 307.0 , Est Remaining: 180.2
219 308.4 , Est Remaining: 178.8
220 309.8 , Est Remaining: 177.4
221 311.2 , Est Remaining: 176.0
222 312.6 , Est Remaining: 174.6
223 314.1 , Est Remaining: 173.2
224 315.5 , Est Remaining: 171.8
225 316.9 , Est Remaining: 170.4
226 318.3 , Est Remaining: 169.0
227 319.7 , Est Remaining: 167.6
228 321.1 , Est Remaining: 166.2
229 322.6 , Est Remaining: 164.8
230 324.0 , Est Remaining: 163.4
231 325.4 , Est Remaining: 162.0
232 326.9 , Est Remaining: 160.6
233 328.3 , Est Remaining: 159.2
234 329.7 , Est Remaining: 157.8
235 331.2 , Est Remaining: 156.4
236 332.6 , Est Remaining: 155.0
237 334.0 , Est Remaining: 153.6
238 335.5 , Est Remaining: 152.2
239 336.9 , Est Remaining: 150.8
240 338.3 , Est Remaining: 149.4
241 339.7 , Est Remaining: 148.0
242 341.1 , Est Remaining: 146.6
243 342.6 , Est Remaining: 145.2
244 344.0 , Est Remaining: 143.8
245 345.4 , Est Remaining: 142.4
246 346.8 , Est Remaining: 141.0
247 348.3 , Est Remaining: 139.6
EVENT FAILED
247 348.6 , Est Remaining: 139.7
248 350.0 , Est Remaining: 138.3
249 351.4 , Est Remaining: 136.9
250 352.8 , Est Remaining: 135.5
251 354.3 , Est Remaining: 134.1
252 355.7 , Est Remaining: 132.7
253 357.1 , Est Remaining: 131.3
254 358.6 , Est Remaining: 129.9
255 360.0 , Est Remaining: 128.5
256 361.4 , Est Remaining: 127.1
257 362.9 , Est Remaining: 125.7
258 364.3 , Est Remaining: 124.3
259 365.8 , Est Remaining: 122.9
260 367.2 , Est Remaining: 121.5
261 368.7 , Est Remaining: 120.1
262 370.1 , Est Remaining: 118.7
263 371.5 , Est Remaining: 117.2
264 373.0 , Est Remaining: 115.8
265 374.4 , Est Remaining: 114.4
266 375.9 , Est Remaining: 113.0
267 377.3 , Est Remaining: 111.6
268 378.8 , Est Remaining: 110.2
269 380.2 , Est Remaining: 108.8
270 381.7 , Est Remaining: 107.4
271 383.1 , Est Remaining: 106.0
272 384.5 , Est Remaining: 104.6
273 386.0 , Est Remaining: 103.2
EVENT FAILED
273 386.3 , Est Remaining: 103.3
274 387.7 , Est Remaining: 101.9
275 389.2 , Est Remaining: 100.5
276 390.6 , Est Remaining: 99.1
277 392.0 , Est Remaining: 97.7
278 393.5 , Est Remaining: 96.2
279 394.9 , Est Remaining: 94.8
280 396.3 , Est Remaining: 93.4
281 397.8 , Est Remaining: 92.0
282 399.2 , Est Remaining: 90.6
283 400.6 , Est Remaining: 89.2
284 402.0 , Est Remaining: 87.8
285 403.4 , Est Remaining: 86.3
EVENT FAILED
285 403.7 , Est Remaining: 86.4
286 405.1 , Est Remaining: 85.0
287 406.5 , Est Remaining: 83.6
288 408.0 , Est Remaining: 82.2
289 409.4 , Est Remaining: 80.8
290 410.8 , Est Remaining: 79.3
291 412.3 , Est Remaining: 77.9
292 413.7 , Est Remaining: 76.5
293 415.1 , Est Remaining: 75.1
294 416.6 , Est Remaining: 73.7
EVENT FAILED
294 416.9 , Est Remaining: 73.7
295 418.3 , Est Remaining: 72.3
296 419.8 , Est Remaining: 70.9
297 421.2 , Est Remaining: 69.5
298 422.6 , Est Remaining: 68.1
299 424.1 , Est Remaining: 66.7
EVENT FAILED
299 424.4 , Est Remaining: 66.7
300 425.8 , Est Remaining: 65.3
301 427.2 , Est Remaining: 63.9
302 428.8 , Est Remaining: 62.5
303 430.2 , Est Remaining: 61.1
304 431.7 , Est Remaining: 59.6
305 433.1 , Est Remaining: 58.2
306 434.6 , Est Remaining: 56.8
307 436.0 , Est Remaining: 55.4
308 437.4 , Est Remaining: 54.0
309 438.8 , Est Remaining: 52.5
310 440.3 , Est Remaining: 51.1
311 441.7 , Est Remaining: 49.7
312 443.1 , Est Remaining: 48.3
313 444.5 , Est Remaining: 46.9
314 446.0 , Est Remaining: 45.4
315 447.4 , Est Remaining: 44.0
316 448.8 , Est Remaining: 42.6
EVENT FAILED
316 449.1 , Est Remaining: 42.6
317 450.6 , Est Remaining: 41.2
318 452.0 , Est Remaining: 39.8
319 453.5 , Est Remaining: 38.4
320 454.9 , Est Remaining: 37.0
321 456.3 , Est Remaining: 35.5
322 457.7 , Est Remaining: 34.1
323 459.1 , Est Remaining: 32.7
324 460.6 , Est Remaining: 31.3
325 462.0 , Est Remaining: 29.8
326 463.4 , Est Remaining: 28.4
327 464.8 , Est Remaining: 27.0
328 466.2 , Est Remaining: 25.6
329 467.6 , Est Remaining: 24.2
330 469.0 , Est Remaining: 22.7
EVENT FAILED
330 469.3 , Est Remaining: 22.8
331 470.7 , Est Remaining: 21.3
