Note: NumExpr detected 32 cores but "NUMEXPR_MAX_THREADS" not set, so enforcing safe limit of 8.
Using selector: EpollSelector
/n/home02/jhaefner/miniconda/envs/IC-3.7-2020-06-16/lib/python3.7/site-packages/scipy/optimize/minpack.py:808: OptimizeWarning: Covariance of the parameters could not be estimated
  category=OptimizeWarning)
Total rwfs: 346
0 0.0 , Est Remaining: 999999.9
1 1.5 , Est Remaining: 515.8
2 3.0 , Est Remaining: 517.2
3 4.5 , Est Remaining: 516.1
4 6.0 , Est Remaining: 511.6
5 7.7 , Est Remaining: 527.5
6 9.2 , Est Remaining: 522.4
7 10.7 , Est Remaining: 517.8
8 12.2 , Est Remaining: 514.5
9 13.6 , Est Remaining: 510.7
10 15.1 , Est Remaining: 507.6
11 16.6 , Est Remaining: 504.2
12 18.0 , Est Remaining: 501.9
13 19.5 , Est Remaining: 499.6
14 20.9 , Est Remaining: 495.2
15 22.3 , Est Remaining: 493.1
16 23.8 , Est Remaining: 491.6
17 25.3 , Est Remaining: 489.7
18 26.8 , Est Remaining: 487.8
19 28.2 , Est Remaining: 485.8
20 29.7 , Est Remaining: 484.1
21 31.2 , Est Remaining: 482.3
22 32.6 , Est Remaining: 480.6
23 34.1 , Est Remaining: 478.9
24 35.6 , Est Remaining: 477.0
25 37.0 , Est Remaining: 475.4
26 38.5 , Est Remaining: 473.8
27 40.0 , Est Remaining: 472.2
28 41.4 , Est Remaining: 470.6
29 42.9 , Est Remaining: 469.1
30 44.4 , Est Remaining: 467.7
31 45.9 , Est Remaining: 465.9
32 47.3 , Est Remaining: 464.3
33 48.8 , Est Remaining: 462.9
34 50.3 , Est Remaining: 461.5
35 51.8 , Est Remaining: 460.1
36 53.3 , Est Remaining: 458.6
37 54.8 , Est Remaining: 457.3
38 56.2 , Est Remaining: 455.9
39 57.7 , Est Remaining: 454.4
40 59.2 , Est Remaining: 452.8
41 60.6 , Est Remaining: 451.1
42 62.1 , Est Remaining: 449.6
43 63.6 , Est Remaining: 448.0
44 65.1 , Est Remaining: 446.6
45 66.5 , Est Remaining: 445.0
46 68.0 , Est Remaining: 443.6
47 69.5 , Est Remaining: 442.0
48 71.0 , Est Remaining: 440.5
49 72.4 , Est Remaining: 438.9
50 73.9 , Est Remaining: 437.4
51 75.4 , Est Remaining: 436.0
52 76.8 , Est Remaining: 434.4
53 78.3 , Est Remaining: 433.0
54 79.8 , Est Remaining: 431.6
55 81.3 , Est Remaining: 430.3
56 82.8 , Est Remaining: 428.8
57 84.3 , Est Remaining: 427.4
58 85.8 , Est Remaining: 425.9
59 87.3 , Est Remaining: 424.5
60 88.8 , Est Remaining: 423.1
61 90.3 , Est Remaining: 421.8
62 91.8 , Est Remaining: 420.3
63 93.2 , Est Remaining: 418.8
64 94.7 , Est Remaining: 417.3
65 96.2 , Est Remaining: 415.8
66 97.7 , Est Remaining: 414.3
67 99.1 , Est Remaining: 412.8
68 100.6 , Est Remaining: 411.4
69 102.1 , Est Remaining: 409.8
70 103.6 , Est Remaining: 408.3
71 105.0 , Est Remaining: 406.8
72 106.5 , Est Remaining: 405.3
73 108.0 , Est Remaining: 403.9
74 109.5 , Est Remaining: 402.4
75 111.0 , Est Remaining: 401.0
76 112.4 , Est Remaining: 399.5
77 113.9 , Est Remaining: 398.0
78 115.4 , Est Remaining: 396.5
79 116.9 , Est Remaining: 395.0
80 118.3 , Est Remaining: 393.4
81 119.8 , Est Remaining: 391.9
82 121.3 , Est Remaining: 390.4
83 122.8 , Est Remaining: 389.0
84 124.2 , Est Remaining: 387.5
85 125.7 , Est Remaining: 386.0
86 127.2 , Est Remaining: 384.4
87 128.6 , Est Remaining: 383.0
88 130.1 , Est Remaining: 381.5
89 131.6 , Est Remaining: 380.0
90 133.1 , Est Remaining: 378.5
91 134.6 , Est Remaining: 377.1
92 136.0 , Est Remaining: 375.5
93 137.5 , Est Remaining: 374.0
94 139.0 , Est Remaining: 372.6
95 140.5 , Est Remaining: 371.1
96 141.9 , Est Remaining: 369.6
97 143.4 , Est Remaining: 368.1
98 144.9 , Est Remaining: 366.6
99 146.3 , Est Remaining: 365.1
100 147.8 , Est Remaining: 363.6
101 149.3 , Est Remaining: 362.1
102 150.8 , Est Remaining: 360.8
103 152.3 , Est Remaining: 359.3
104 153.7 , Est Remaining: 357.7
105 155.2 , Est Remaining: 356.2
EVENT FAILED
105 155.5 , Est Remaining: 357.0
106 157.0 , Est Remaining: 355.5
107 158.5 , Est Remaining: 353.9
108 159.9 , Est Remaining: 352.4
109 161.4 , Est Remaining: 350.9
110 162.9 , Est Remaining: 349.4
111 164.3 , Est Remaining: 347.9
112 165.8 , Est Remaining: 346.4
113 167.3 , Est Remaining: 345.0
114 168.8 , Est Remaining: 343.5
115 170.3 , Est Remaining: 342.1
116 171.8 , Est Remaining: 340.6
117 173.3 , Est Remaining: 339.2
118 174.8 , Est Remaining: 337.7
119 176.2 , Est Remaining: 336.2
120 177.7 , Est Remaining: 334.7
121 179.2 , Est Remaining: 333.2
122 180.7 , Est Remaining: 331.8
123 182.0 , Est Remaining: 330.1
124 183.5 , Est Remaining: 328.6
125 185.0 , Est Remaining: 327.1
126 186.5 , Est Remaining: 325.6
127 187.9 , Est Remaining: 324.1
128 189.4 , Est Remaining: 322.6
129 190.9 , Est Remaining: 321.1
130 192.3 , Est Remaining: 319.6
131 193.8 , Est Remaining: 318.0
132 195.2 , Est Remaining: 316.5
133 196.7 , Est Remaining: 315.0
134 198.2 , Est Remaining: 313.5
135 199.6 , Est Remaining: 312.0
136 201.1 , Est Remaining: 310.5
137 202.6 , Est Remaining: 309.0
138 204.0 , Est Remaining: 307.5
139 205.5 , Est Remaining: 306.0
140 206.9 , Est Remaining: 304.5
141 208.4 , Est Remaining: 303.0
142 209.9 , Est Remaining: 301.5
143 211.3 , Est Remaining: 300.0
EVENT FAILED
143 211.6 , Est Remaining: 300.4
144 213.1 , Est Remaining: 298.9
145 214.5 , Est Remaining: 297.4
146 216.0 , Est Remaining: 295.9
147 217.4 , Est Remaining: 294.3
148 218.9 , Est Remaining: 292.8
149 220.3 , Est Remaining: 291.3
150 221.8 , Est Remaining: 289.8
151 223.2 , Est Remaining: 288.3
152 224.7 , Est Remaining: 286.7
153 226.1 , Est Remaining: 285.2
154 227.6 , Est Remaining: 283.7
155 229.0 , Est Remaining: 282.2
156 230.5 , Est Remaining: 280.7
157 232.0 , Est Remaining: 279.2
158 233.4 , Est Remaining: 277.7
159 234.9 , Est Remaining: 276.2
160 236.3 , Est Remaining: 274.7
161 237.8 , Est Remaining: 273.3
162 239.3 , Est Remaining: 271.8
163 240.7 , Est Remaining: 270.3
164 242.2 , Est Remaining: 268.8
165 243.6 , Est Remaining: 267.3
166 245.1 , Est Remaining: 265.8
167 246.6 , Est Remaining: 264.3
168 248.0 , Est Remaining: 262.8
169 249.5 , Est Remaining: 261.3
170 251.0 , Est Remaining: 259.8
171 252.4 , Est Remaining: 258.3
172 253.9 , Est Remaining: 256.8
173 255.4 , Est Remaining: 255.4
174 256.8 , Est Remaining: 253.9
175 258.3 , Est Remaining: 252.4
176 259.7 , Est Remaining: 250.9
177 261.2 , Est Remaining: 249.4
178 262.7 , Est Remaining: 247.9
179 264.1 , Est Remaining: 246.4
180 265.6 , Est Remaining: 244.9
181 267.1 , Est Remaining: 243.4
182 268.5 , Est Remaining: 242.0
183 270.0 , Est Remaining: 240.4
184 271.4 , Est Remaining: 238.9
185 272.8 , Est Remaining: 237.4
186 274.3 , Est Remaining: 235.9
187 275.7 , Est Remaining: 234.4
188 277.2 , Est Remaining: 232.9
189 278.6 , Est Remaining: 231.5
190 280.1 , Est Remaining: 230.0
191 281.6 , Est Remaining: 228.5
192 283.0 , Est Remaining: 227.0
193 284.5 , Est Remaining: 225.5
194 285.9 , Est Remaining: 224.0
195 287.4 , Est Remaining: 222.5
196 288.8 , Est Remaining: 221.0
197 290.3 , Est Remaining: 219.5
198 291.7 , Est Remaining: 218.1
199 293.2 , Est Remaining: 216.6
200 294.7 , Est Remaining: 215.1
201 296.1 , Est Remaining: 213.6
202 297.7 , Est Remaining: 212.2
203 299.2 , Est Remaining: 210.8
204 300.7 , Est Remaining: 209.3
205 302.1 , Est Remaining: 207.8
206 303.5 , Est Remaining: 206.3
207 305.0 , Est Remaining: 204.8
208 306.4 , Est Remaining: 203.3
209 307.9 , Est Remaining: 201.8
210 309.3 , Est Remaining: 200.3
211 310.8 , Est Remaining: 198.8
212 312.2 , Est Remaining: 197.3
213 313.6 , Est Remaining: 195.8
214 315.1 , Est Remaining: 194.3
215 316.5 , Est Remaining: 192.8
216 317.9 , Est Remaining: 191.3
217 319.4 , Est Remaining: 189.9
218 320.8 , Est Remaining: 188.4
219 322.3 , Est Remaining: 186.9
220 323.8 , Est Remaining: 185.4
221 325.2 , Est Remaining: 183.9
222 326.6 , Est Remaining: 182.5
223 328.1 , Est Remaining: 181.0
224 329.6 , Est Remaining: 179.5
225 331.0 , Est Remaining: 178.0
226 332.4 , Est Remaining: 176.5
227 333.9 , Est Remaining: 175.0
228 335.4 , Est Remaining: 173.6
229 336.8 , Est Remaining: 172.1
230 338.3 , Est Remaining: 170.6
231 339.8 , Est Remaining: 169.1
232 341.2 , Est Remaining: 167.7
233 342.7 , Est Remaining: 166.2
234 344.2 , Est Remaining: 164.7
235 345.6 , Est Remaining: 163.3
236 347.1 , Est Remaining: 161.8
237 348.6 , Est Remaining: 160.3
238 350.1 , Est Remaining: 158.9
239 351.6 , Est Remaining: 157.4
240 353.0 , Est Remaining: 155.9
241 354.5 , Est Remaining: 154.4
242 355.9 , Est Remaining: 153.0
243 357.4 , Est Remaining: 151.5
244 358.8 , Est Remaining: 150.0
245 360.3 , Est Remaining: 148.5
246 361.7 , Est Remaining: 147.0
247 363.2 , Est Remaining: 145.6
248 364.6 , Est Remaining: 144.1
249 366.0 , Est Remaining: 142.6
250 367.5 , Est Remaining: 141.1
251 368.9 , Est Remaining: 139.6
EVENT FAILED
251 369.2 , Est Remaining: 139.7
252 370.6 , Est Remaining: 138.2
253 372.0 , Est Remaining: 136.7
254 373.4 , Est Remaining: 135.2
255 374.8 , Est Remaining: 133.8
256 376.2 , Est Remaining: 132.3
257 377.6 , Est Remaining: 130.8
258 379.0 , Est Remaining: 129.3
259 380.4 , Est Remaining: 127.8
260 381.8 , Est Remaining: 126.3
261 383.2 , Est Remaining: 124.8
262 384.6 , Est Remaining: 123.3
263 386.0 , Est Remaining: 121.8
264 387.4 , Est Remaining: 120.3
265 388.8 , Est Remaining: 118.8
266 390.1 , Est Remaining: 117.3
267 391.5 , Est Remaining: 115.8
268 392.9 , Est Remaining: 114.4
269 394.3 , Est Remaining: 112.9
270 395.7 , Est Remaining: 111.4
271 397.1 , Est Remaining: 109.9
272 398.5 , Est Remaining: 108.4
273 399.9 , Est Remaining: 106.9
274 401.2 , Est Remaining: 105.4
275 402.6 , Est Remaining: 103.9
276 404.0 , Est Remaining: 102.5
277 405.4 , Est Remaining: 101.0
278 406.8 , Est Remaining: 99.5
279 408.1 , Est Remaining: 98.0
280 409.5 , Est Remaining: 96.5
281 410.9 , Est Remaining: 95.0
282 412.3 , Est Remaining: 93.6
283 413.7 , Est Remaining: 92.1
EVENT FAILED
283 414.0 , Est Remaining: 92.2
284 415.4 , Est Remaining: 90.7
EVENT FAILED
284 415.7 , Est Remaining: 90.7
285 417.0 , Est Remaining: 89.3
286 418.4 , Est Remaining: 87.8
287 419.8 , Est Remaining: 86.3
288 421.2 , Est Remaining: 84.8
289 422.6 , Est Remaining: 83.3
290 424.0 , Est Remaining: 81.9
291 425.3 , Est Remaining: 80.4
292 426.7 , Est Remaining: 78.9
293 428.1 , Est Remaining: 77.4
294 429.5 , Est Remaining: 76.0
295 430.9 , Est Remaining: 74.5
296 432.3 , Est Remaining: 73.0
297 433.7 , Est Remaining: 71.6
EVENT FAILED
297 434.0 , Est Remaining: 71.6
298 435.4 , Est Remaining: 70.1
299 436.8 , Est Remaining: 68.7
300 438.2 , Est Remaining: 67.2
301 439.6 , Est Remaining: 65.7
302 441.1 , Est Remaining: 64.3
303 442.5 , Est Remaining: 62.8
304 443.9 , Est Remaining: 61.3
305 445.3 , Est Remaining: 59.9
306 446.7 , Est Remaining: 58.4
307 448.1 , Est Remaining: 56.9
308 449.5 , Est Remaining: 55.5
309 451.0 , Est Remaining: 54.0
310 452.4 , Est Remaining: 52.5
311 453.8 , Est Remaining: 51.1
312 455.2 , Est Remaining: 49.6
313 456.6 , Est Remaining: 48.1
314 458.1 , Est Remaining: 46.7
315 459.5 , Est Remaining: 45.2
316 460.9 , Est Remaining: 43.8
317 462.3 , Est Remaining: 42.3
318 463.7 , Est Remaining: 40.8
319 465.1 , Est Remaining: 39.4
320 466.6 , Est Remaining: 37.9
321 468.0 , Est Remaining: 36.4
322 469.4 , Est Remaining: 35.0
323 470.8 , Est Remaining: 33.5
324 472.2 , Est Remaining: 32.1
325 473.6 , Est Remaining: 30.6
326 475.0 , Est Remaining: 29.1
327 476.4 , Est Remaining: 27.7
328 477.8 , Est Remaining: 26.2
329 479.2 , Est Remaining: 24.8
EVENT FAILED
329 479.5 , Est Remaining: 24.8
EVENT FAILED
329 479.8 , Est Remaining: 24.8
330 481.2 , Est Remaining: 23.3
331 482.6 , Est Remaining: 21.9
332 484.0 , Est Remaining: 20.4
333 485.3 , Est Remaining: 18.9
334 486.7 , Est Remaining: 17.5
335 488.1 , Est Remaining: 16.0
336 489.5 , Est Remaining: 14.6
337 490.8 , Est Remaining: 13.1
