Note: NumExpr detected 32 cores but "NUMEXPR_MAX_THREADS" not set, so enforcing safe limit of 8.
Using selector: EpollSelector
/n/home02/jhaefner/miniconda/envs/IC-3.7-2020-06-16/lib/python3.7/site-packages/scipy/optimize/minpack.py:808: OptimizeWarning: Covariance of the parameters could not be estimated
  category=OptimizeWarning)
Total rwfs: 346
0 0.0 , Est Remaining: 999999.9
1 1.5 , Est Remaining: 506.9
2 2.9 , Est Remaining: 503.0
3 4.4 , Est Remaining: 502.2
4 5.8 , Est Remaining: 497.0
5 7.3 , Est Remaining: 496.6
6 8.7 , Est Remaining: 493.4
7 10.1 , Est Remaining: 491.3
8 11.7 , Est Remaining: 493.5
9 13.1 , Est Remaining: 491.0
10 14.6 , Est Remaining: 489.2
11 16.0 , Est Remaining: 487.5
EVENT FAILED
11 16.3 , Est Remaining: 497.0
12 17.8 , Est Remaining: 494.5
13 19.2 , Est Remaining: 491.7
14 20.6 , Est Remaining: 489.0
15 22.0 , Est Remaining: 486.4
16 23.5 , Est Remaining: 483.9
17 24.9 , Est Remaining: 481.4
18 26.3 , Est Remaining: 479.0
19 27.7 , Est Remaining: 476.8
20 29.2 , Est Remaining: 475.2
21 30.6 , Est Remaining: 473.4
22 32.0 , Est Remaining: 471.7
23 33.4 , Est Remaining: 469.7
24 34.9 , Est Remaining: 467.7
25 36.3 , Est Remaining: 465.7
26 37.7 , Est Remaining: 463.8
27 39.1 , Est Remaining: 462.3
28 40.5 , Est Remaining: 460.5
29 42.0 , Est Remaining: 459.1
30 43.4 , Est Remaining: 457.4
31 44.9 , Est Remaining: 455.9
32 46.3 , Est Remaining: 454.2
33 47.7 , Est Remaining: 452.5
34 49.1 , Est Remaining: 450.8
35 50.6 , Est Remaining: 449.2
36 52.0 , Est Remaining: 447.5
37 53.4 , Est Remaining: 445.8
38 54.8 , Est Remaining: 444.3
39 56.2 , Est Remaining: 442.8
40 57.7 , Est Remaining: 441.1
41 59.1 , Est Remaining: 439.4
42 60.5 , Est Remaining: 437.8
EVENT FAILED
42 60.8 , Est Remaining: 440.1
43 62.2 , Est Remaining: 438.6
44 63.7 , Est Remaining: 436.9
45 65.1 , Est Remaining: 435.4
46 66.5 , Est Remaining: 433.9
47 68.0 , Est Remaining: 432.3
48 69.4 , Est Remaining: 430.7
49 70.8 , Est Remaining: 429.3
50 72.3 , Est Remaining: 427.9
51 73.7 , Est Remaining: 426.3
52 75.1 , Est Remaining: 424.8
53 76.6 , Est Remaining: 423.4
54 78.0 , Est Remaining: 422.0
55 79.5 , Est Remaining: 420.5
56 80.9 , Est Remaining: 419.1
57 82.4 , Est Remaining: 417.6
58 83.8 , Est Remaining: 416.1
59 85.2 , Est Remaining: 414.6
60 86.7 , Est Remaining: 413.1
61 88.1 , Est Remaining: 411.6
62 89.5 , Est Remaining: 410.1
EVENT FAILED
62 89.8 , Est Remaining: 411.5
63 91.3 , Est Remaining: 410.1
64 92.7 , Est Remaining: 408.6
65 94.2 , Est Remaining: 407.2
66 95.6 , Est Remaining: 405.7
67 97.1 , Est Remaining: 404.2
68 98.5 , Est Remaining: 402.9
69 100.0 , Est Remaining: 401.4
70 101.4 , Est Remaining: 399.9
71 102.9 , Est Remaining: 398.4
72 104.3 , Est Remaining: 396.9
73 105.7 , Est Remaining: 395.4
74 107.2 , Est Remaining: 393.9
75 108.6 , Est Remaining: 392.3
76 110.0 , Est Remaining: 390.8
77 111.5 , Est Remaining: 389.4
78 112.9 , Est Remaining: 387.8
EVENT FAILED
78 113.2 , Est Remaining: 388.9
79 114.6 , Est Remaining: 387.4
80 116.0 , Est Remaining: 385.9
81 117.5 , Est Remaining: 384.4
82 118.9 , Est Remaining: 382.9
83 120.4 , Est Remaining: 381.4
84 121.8 , Est Remaining: 379.9
85 123.2 , Est Remaining: 378.4
86 124.7 , Est Remaining: 376.9
87 126.1 , Est Remaining: 375.4
88 127.6 , Est Remaining: 374.0
89 129.0 , Est Remaining: 372.6
90 130.5 , Est Remaining: 371.1
91 131.9 , Est Remaining: 369.6
92 133.4 , Est Remaining: 368.2
93 134.8 , Est Remaining: 366.8
94 136.3 , Est Remaining: 365.3
95 137.7 , Est Remaining: 363.9
96 139.2 , Est Remaining: 362.5
97 140.6 , Est Remaining: 361.0
98 142.1 , Est Remaining: 359.5
99 143.5 , Est Remaining: 358.1
100 144.9 , Est Remaining: 356.6
101 146.4 , Est Remaining: 355.1
102 147.8 , Est Remaining: 353.7
103 149.4 , Est Remaining: 352.4
104 150.8 , Est Remaining: 350.9
105 152.2 , Est Remaining: 349.4
106 153.7 , Est Remaining: 348.0
107 155.1 , Est Remaining: 346.5
108 156.6 , Est Remaining: 345.0
109 158.0 , Est Remaining: 343.6
110 159.4 , Est Remaining: 342.1
111 160.9 , Est Remaining: 340.6
112 162.3 , Est Remaining: 339.1
113 163.7 , Est Remaining: 337.6
114 165.2 , Est Remaining: 336.1
115 166.6 , Est Remaining: 334.6
116 168.0 , Est Remaining: 333.1
117 169.4 , Est Remaining: 331.6
118 170.9 , Est Remaining: 330.2
119 172.3 , Est Remaining: 328.7
120 173.8 , Est Remaining: 327.2
121 175.2 , Est Remaining: 325.8
122 176.6 , Est Remaining: 324.3
123 178.1 , Est Remaining: 322.9
124 179.5 , Est Remaining: 321.4
125 181.0 , Est Remaining: 320.0
126 182.5 , Est Remaining: 318.6
127 183.9 , Est Remaining: 317.2
128 185.4 , Est Remaining: 315.7
129 186.8 , Est Remaining: 314.3
130 188.3 , Est Remaining: 312.9
131 189.8 , Est Remaining: 311.5
132 191.2 , Est Remaining: 310.0
133 192.7 , Est Remaining: 308.6
134 194.1 , Est Remaining: 307.1
135 195.6 , Est Remaining: 305.7
136 197.0 , Est Remaining: 304.3
137 198.5 , Est Remaining: 302.8
138 200.0 , Est Remaining: 301.4
139 201.4 , Est Remaining: 300.0
140 202.9 , Est Remaining: 298.5
141 204.3 , Est Remaining: 297.1
142 205.8 , Est Remaining: 295.6
143 207.2 , Est Remaining: 294.2
144 208.7 , Est Remaining: 292.8
145 210.1 , Est Remaining: 291.3
146 211.6 , Est Remaining: 289.8
147 213.0 , Est Remaining: 288.3
148 214.4 , Est Remaining: 286.9
149 215.9 , Est Remaining: 285.4
150 217.3 , Est Remaining: 284.0
151 218.8 , Est Remaining: 282.5
152 220.2 , Est Remaining: 281.1
153 221.7 , Est Remaining: 279.6
154 223.1 , Est Remaining: 278.2
155 224.6 , Est Remaining: 276.7
156 226.0 , Est Remaining: 275.3
157 227.5 , Est Remaining: 273.8
158 228.9 , Est Remaining: 272.4
159 230.3 , Est Remaining: 270.9
160 231.8 , Est Remaining: 269.5
161 233.3 , Est Remaining: 268.0
162 234.7 , Est Remaining: 266.6
163 236.1 , Est Remaining: 265.1
164 237.6 , Est Remaining: 263.6
165 239.0 , Est Remaining: 262.2
166 240.4 , Est Remaining: 260.7
167 241.9 , Est Remaining: 259.3
168 243.3 , Est Remaining: 257.8
169 244.8 , Est Remaining: 256.3
170 246.2 , Est Remaining: 254.9
171 247.6 , Est Remaining: 253.4
EVENT FAILED
171 247.9 , Est Remaining: 253.7
172 249.4 , Est Remaining: 252.3
173 250.8 , Est Remaining: 250.8
174 252.3 , Est Remaining: 249.4
175 253.7 , Est Remaining: 247.9
176 255.2 , Est Remaining: 246.5
177 256.6 , Est Remaining: 245.0
178 258.0 , Est Remaining: 243.5
179 259.4 , Est Remaining: 242.1
180 260.9 , Est Remaining: 240.6
EVENT FAILED
180 261.2 , Est Remaining: 240.9
181 262.6 , Est Remaining: 239.4
182 264.1 , Est Remaining: 238.0
183 265.5 , Est Remaining: 236.5
184 267.0 , Est Remaining: 235.0
185 268.4 , Est Remaining: 233.6
186 269.8 , Est Remaining: 232.1
187 271.2 , Est Remaining: 230.6
188 272.7 , Est Remaining: 229.2
189 274.1 , Est Remaining: 227.7
190 275.5 , Est Remaining: 226.2
191 277.0 , Est Remaining: 224.8
192 278.4 , Est Remaining: 223.3
193 279.9 , Est Remaining: 221.9
194 281.3 , Est Remaining: 220.4
195 282.7 , Est Remaining: 218.9
196 284.2 , Est Remaining: 217.5
197 285.6 , Est Remaining: 216.0
198 287.0 , Est Remaining: 214.6
199 288.5 , Est Remaining: 213.1
EVENT FAILED
199 288.8 , Est Remaining: 213.3
200 290.2 , Est Remaining: 211.9
201 291.7 , Est Remaining: 210.4
202 293.1 , Est Remaining: 208.9
203 294.7 , Est Remaining: 207.6
204 296.1 , Est Remaining: 206.1
205 297.5 , Est Remaining: 204.6
206 299.0 , Est Remaining: 203.2
207 300.4 , Est Remaining: 201.7
208 301.9 , Est Remaining: 200.3
209 303.3 , Est Remaining: 198.8
210 304.8 , Est Remaining: 197.4
211 306.2 , Est Remaining: 195.9
212 307.7 , Est Remaining: 194.5
213 309.1 , Est Remaining: 193.0
214 310.6 , Est Remaining: 191.6
215 312.0 , Est Remaining: 190.1
216 313.5 , Est Remaining: 188.7
217 314.9 , Est Remaining: 187.2
218 316.4 , Est Remaining: 185.8
219 317.8 , Est Remaining: 184.3
220 319.2 , Est Remaining: 182.8
221 320.7 , Est Remaining: 181.4
222 322.1 , Est Remaining: 179.9
223 323.5 , Est Remaining: 178.4
224 324.9 , Est Remaining: 177.0
225 326.4 , Est Remaining: 175.5
226 327.8 , Est Remaining: 174.0
227 329.2 , Est Remaining: 172.6
228 330.7 , Est Remaining: 171.1
229 332.1 , Est Remaining: 169.7
230 333.6 , Est Remaining: 168.2
231 335.0 , Est Remaining: 166.8
232 336.4 , Est Remaining: 165.3
233 337.9 , Est Remaining: 163.9
234 339.3 , Est Remaining: 162.4
235 340.8 , Est Remaining: 161.0
EVENT FAILED
235 341.1 , Est Remaining: 161.1
236 342.5 , Est Remaining: 159.6
237 343.9 , Est Remaining: 158.2
238 345.4 , Est Remaining: 156.7
239 346.8 , Est Remaining: 155.3
240 348.2 , Est Remaining: 153.8
241 349.7 , Est Remaining: 152.4
242 351.1 , Est Remaining: 150.9
243 352.5 , Est Remaining: 149.4
244 354.0 , Est Remaining: 148.0
245 355.4 , Est Remaining: 146.5
246 356.8 , Est Remaining: 145.1
247 358.2 , Est Remaining: 143.6
248 359.7 , Est Remaining: 142.1
249 361.1 , Est Remaining: 140.7
250 362.5 , Est Remaining: 139.2
251 363.9 , Est Remaining: 137.7
252 365.4 , Est Remaining: 136.3
253 366.8 , Est Remaining: 134.8
254 368.3 , Est Remaining: 133.4
255 369.7 , Est Remaining: 131.9
256 371.1 , Est Remaining: 130.5
257 372.5 , Est Remaining: 129.0
258 373.9 , Est Remaining: 127.5
259 375.3 , Est Remaining: 126.1
260 376.7 , Est Remaining: 124.6
261 378.1 , Est Remaining: 123.1
262 379.6 , Est Remaining: 121.7
263 380.9 , Est Remaining: 120.2
264 382.3 , Est Remaining: 118.8
265 383.7 , Est Remaining: 117.3
266 385.1 , Est Remaining: 115.8
267 386.5 , Est Remaining: 114.4
268 387.9 , Est Remaining: 112.9
269 389.3 , Est Remaining: 111.4
270 390.7 , Est Remaining: 110.0
271 392.1 , Est Remaining: 108.5
272 393.5 , Est Remaining: 107.1
273 395.0 , Est Remaining: 105.6
274 396.4 , Est Remaining: 104.2
275 397.8 , Est Remaining: 102.7
276 399.2 , Est Remaining: 101.2
277 400.6 , Est Remaining: 99.8
278 402.0 , Est Remaining: 98.3
279 403.4 , Est Remaining: 96.9
280 404.8 , Est Remaining: 95.4
281 406.2 , Est Remaining: 94.0
282 407.6 , Est Remaining: 92.5
283 409.0 , Est Remaining: 91.0
284 410.4 , Est Remaining: 89.6
285 411.8 , Est Remaining: 88.1
286 413.2 , Est Remaining: 86.7
287 414.6 , Est Remaining: 85.2
288 416.0 , Est Remaining: 83.8
289 417.3 , Est Remaining: 82.3
290 418.7 , Est Remaining: 80.9
291 420.1 , Est Remaining: 79.4
292 421.5 , Est Remaining: 77.9
293 422.9 , Est Remaining: 76.5
294 424.3 , Est Remaining: 75.0
295 425.7 , Est Remaining: 73.6
EVENT FAILED
295 426.0 , Est Remaining: 73.6
296 427.4 , Est Remaining: 72.2
297 428.8 , Est Remaining: 70.7
298 430.2 , Est Remaining: 69.3
299 431.6 , Est Remaining: 67.8
300 433.0 , Est Remaining: 66.4
301 434.4 , Est Remaining: 64.9
302 435.9 , Est Remaining: 63.5
303 437.3 , Est Remaining: 62.1
304 438.7 , Est Remaining: 60.6
305 440.1 , Est Remaining: 59.2
306 441.4 , Est Remaining: 57.7
307 442.8 , Est Remaining: 56.3
308 444.2 , Est Remaining: 54.8
309 445.6 , Est Remaining: 53.4
310 447.0 , Est Remaining: 51.9
311 448.4 , Est Remaining: 50.5
312 449.8 , Est Remaining: 49.0
313 451.2 , Est Remaining: 47.6
314 452.6 , Est Remaining: 46.1
315 454.0 , Est Remaining: 44.7
316 455.4 , Est Remaining: 43.2
EVENT FAILED
316 455.7 , Est Remaining: 43.3
317 457.0 , Est Remaining: 41.8
318 458.4 , Est Remaining: 40.4
319 459.7 , Est Remaining: 38.9
320 461.1 , Est Remaining: 37.5
321 462.5 , Est Remaining: 36.0
322 463.8 , Est Remaining: 34.6
323 465.2 , Est Remaining: 33.1
324 466.6 , Est Remaining: 31.7
325 468.0 , Est Remaining: 30.2
326 469.3 , Est Remaining: 28.8
327 470.7 , Est Remaining: 27.3
328 472.0 , Est Remaining: 25.9
329 473.4 , Est Remaining: 24.5
330 474.8 , Est Remaining: 23.0
331 476.1 , Est Remaining: 21.6
332 477.5 , Est Remaining: 20.1
333 478.8 , Est Remaining: 18.7
334 480.2 , Est Remaining: 17.3
335 481.6 , Est Remaining: 15.8
