Note: NumExpr detected 32 cores but "NUMEXPR_MAX_THREADS" not set, so enforcing safe limit of 8.
Using selector: EpollSelector
/n/home02/jhaefner/miniconda/envs/IC-3.7-2020-06-16/lib/python3.7/site-packages/scipy/optimize/minpack.py:808: OptimizeWarning: Covariance of the parameters could not be estimated
  category=OptimizeWarning)
Total rwfs: 346
0 0.0 , Est Remaining: 999999.9
1 1.5 , Est Remaining: 518.3
2 3.0 , Est Remaining: 511.6
3 4.5 , Est Remaining: 514.1
4 6.0 , Est Remaining: 511.4
5 7.5 , Est Remaining: 508.5
6 8.9 , Est Remaining: 506.5
7 10.4 , Est Remaining: 504.0
8 11.9 , Est Remaining: 501.5
9 13.3 , Est Remaining: 498.9
10 14.8 , Est Remaining: 497.2
11 16.3 , Est Remaining: 495.4
12 17.7 , Est Remaining: 493.7
13 19.2 , Est Remaining: 492.0
14 20.7 , Est Remaining: 489.9
15 22.1 , Est Remaining: 487.8
16 23.6 , Est Remaining: 486.2
17 25.1 , Est Remaining: 485.1
18 26.5 , Est Remaining: 483.4
EVENT FAILED
18 26.8 , Est Remaining: 489.0
19 28.3 , Est Remaining: 487.0
20 29.7 , Est Remaining: 484.9
EVENT FAILED
20 30.1 , Est Remaining: 490.1
21 31.5 , Est Remaining: 487.5
22 33.0 , Est Remaining: 485.3
23 34.4 , Est Remaining: 482.9
24 35.8 , Est Remaining: 480.5
25 37.3 , Est Remaining: 478.6
26 38.7 , Est Remaining: 476.5
27 40.2 , Est Remaining: 474.6
28 41.6 , Est Remaining: 472.5
29 43.0 , Est Remaining: 470.4
30 44.5 , Est Remaining: 468.5
31 45.9 , Est Remaining: 466.8
32 47.4 , Est Remaining: 464.8
33 48.8 , Est Remaining: 462.8
34 50.2 , Est Remaining: 461.0
35 51.7 , Est Remaining: 459.1
36 53.1 , Est Remaining: 457.2
37 54.5 , Est Remaining: 455.5
38 56.0 , Est Remaining: 453.6
39 57.4 , Est Remaining: 451.8
40 58.8 , Est Remaining: 450.2
41 60.3 , Est Remaining: 448.4
42 61.6 , Est Remaining: 445.9
43 63.0 , Est Remaining: 444.1
44 64.5 , Est Remaining: 442.4
45 65.9 , Est Remaining: 440.7
46 67.3 , Est Remaining: 439.1
47 68.8 , Est Remaining: 437.5
48 70.2 , Est Remaining: 436.0
49 71.7 , Est Remaining: 434.6
50 73.1 , Est Remaining: 433.0
51 74.6 , Est Remaining: 431.5
52 76.0 , Est Remaining: 429.8
53 77.5 , Est Remaining: 428.3
54 78.9 , Est Remaining: 426.6
55 80.3 , Est Remaining: 424.9
56 81.7 , Est Remaining: 423.3
57 83.2 , Est Remaining: 421.7
58 84.6 , Est Remaining: 420.0
59 86.0 , Est Remaining: 418.4
60 87.4 , Est Remaining: 416.8
61 88.8 , Est Remaining: 415.1
62 90.3 , Est Remaining: 413.4
63 91.7 , Est Remaining: 411.8
64 93.1 , Est Remaining: 410.2
65 94.5 , Est Remaining: 408.6
66 95.9 , Est Remaining: 407.0
67 97.4 , Est Remaining: 405.5
68 98.8 , Est Remaining: 403.9
69 100.2 , Est Remaining: 402.3
70 101.7 , Est Remaining: 400.9
71 103.1 , Est Remaining: 399.5
72 104.7 , Est Remaining: 398.3
73 106.1 , Est Remaining: 396.9
74 107.6 , Est Remaining: 395.4
75 109.0 , Est Remaining: 393.9
76 110.4 , Est Remaining: 392.3
77 111.9 , Est Remaining: 390.8
78 113.3 , Est Remaining: 389.4
79 114.8 , Est Remaining: 387.8
80 116.2 , Est Remaining: 386.3
81 117.6 , Est Remaining: 384.8
82 119.0 , Est Remaining: 383.3
83 120.5 , Est Remaining: 381.8
84 121.9 , Est Remaining: 380.3
85 123.4 , Est Remaining: 378.8
86 124.8 , Est Remaining: 377.3
87 126.3 , Est Remaining: 375.9
88 127.7 , Est Remaining: 374.4
89 129.1 , Est Remaining: 372.9
90 130.5 , Est Remaining: 371.3
91 132.0 , Est Remaining: 369.8
EVENT FAILED
91 132.9 , Est Remaining: 372.3
92 134.3 , Est Remaining: 370.9
93 135.8 , Est Remaining: 369.3
94 137.2 , Est Remaining: 367.9
95 138.7 , Est Remaining: 366.5
96 140.2 , Est Remaining: 365.0
97 141.6 , Est Remaining: 363.5
98 143.1 , Est Remaining: 362.1
99 144.5 , Est Remaining: 360.6
100 146.0 , Est Remaining: 359.1
101 147.4 , Est Remaining: 357.6
102 149.0 , Est Remaining: 356.4
103 150.4 , Est Remaining: 354.9
104 151.9 , Est Remaining: 353.4
105 153.3 , Est Remaining: 351.9
106 154.8 , Est Remaining: 350.4
107 156.3 , Est Remaining: 349.0
108 157.7 , Est Remaining: 347.5
109 159.2 , Est Remaining: 346.1
110 160.6 , Est Remaining: 344.6
111 162.1 , Est Remaining: 343.1
112 163.5 , Est Remaining: 341.6
113 165.0 , Est Remaining: 340.1
114 166.4 , Est Remaining: 338.7
115 167.9 , Est Remaining: 337.2
EVENT FAILED
115 168.2 , Est Remaining: 337.8
116 169.6 , Est Remaining: 336.3
117 171.1 , Est Remaining: 334.8
118 172.5 , Est Remaining: 333.3
119 173.9 , Est Remaining: 331.7
120 175.4 , Est Remaining: 330.2
121 176.8 , Est Remaining: 328.7
122 178.2 , Est Remaining: 327.2
123 179.6 , Est Remaining: 325.7
EVENT FAILED
123 180.0 , Est Remaining: 326.3
124 181.4 , Est Remaining: 324.7
125 182.9 , Est Remaining: 323.3
126 184.3 , Est Remaining: 321.8
127 185.7 , Est Remaining: 320.3
128 187.2 , Est Remaining: 318.8
129 188.6 , Est Remaining: 317.3
130 190.1 , Est Remaining: 315.9
131 191.5 , Est Remaining: 314.4
132 193.0 , Est Remaining: 312.9
133 194.4 , Est Remaining: 311.3
134 195.8 , Est Remaining: 309.8
135 197.3 , Est Remaining: 308.4
136 198.7 , Est Remaining: 306.9
137 200.1 , Est Remaining: 305.3
138 201.6 , Est Remaining: 303.8
139 203.0 , Est Remaining: 302.3
140 204.4 , Est Remaining: 300.8
141 205.8 , Est Remaining: 299.3
142 207.3 , Est Remaining: 297.7
143 208.7 , Est Remaining: 296.2
EVENT FAILED
143 209.0 , Est Remaining: 296.6
144 210.4 , Est Remaining: 295.1
145 211.8 , Est Remaining: 293.6
146 213.3 , Est Remaining: 292.2
147 214.7 , Est Remaining: 290.7
148 216.1 , Est Remaining: 289.2
149 217.6 , Est Remaining: 287.7
150 219.1 , Est Remaining: 286.2
151 220.5 , Est Remaining: 284.7
152 221.9 , Est Remaining: 283.2
153 223.3 , Est Remaining: 281.7
154 224.8 , Est Remaining: 280.2
155 226.2 , Est Remaining: 278.7
156 227.6 , Est Remaining: 277.2
157 229.0 , Est Remaining: 275.7
158 230.4 , Est Remaining: 274.2
159 231.8 , Est Remaining: 272.7
160 233.3 , Est Remaining: 271.2
161 234.7 , Est Remaining: 269.7
162 236.1 , Est Remaining: 268.2
163 237.6 , Est Remaining: 266.7
164 239.0 , Est Remaining: 265.2
165 240.4 , Est Remaining: 263.7
166 241.8 , Est Remaining: 262.2
167 243.3 , Est Remaining: 260.8
168 244.7 , Est Remaining: 259.3
169 246.2 , Est Remaining: 257.8
170 247.6 , Est Remaining: 256.3
171 249.0 , Est Remaining: 254.9
172 250.5 , Est Remaining: 253.4
173 251.9 , Est Remaining: 251.9
174 253.3 , Est Remaining: 250.4
175 254.8 , Est Remaining: 249.0
176 256.2 , Est Remaining: 247.5
177 257.6 , Est Remaining: 246.0
178 259.1 , Est Remaining: 244.5
179 260.5 , Est Remaining: 243.0
180 261.9 , Est Remaining: 241.5
181 263.3 , Est Remaining: 240.1
182 264.8 , Est Remaining: 238.6
EVENT FAILED
182 265.1 , Est Remaining: 238.9
183 266.5 , Est Remaining: 237.4
184 267.9 , Est Remaining: 235.9
185 269.4 , Est Remaining: 234.4
186 270.8 , Est Remaining: 232.9
187 272.2 , Est Remaining: 231.4
188 273.6 , Est Remaining: 230.0
189 275.0 , Est Remaining: 228.5
190 276.5 , Est Remaining: 227.0
191 277.9 , Est Remaining: 225.5
192 279.3 , Est Remaining: 224.0
193 280.8 , Est Remaining: 222.6
194 282.2 , Est Remaining: 221.1
195 283.6 , Est Remaining: 219.6
196 285.1 , Est Remaining: 218.2
197 286.5 , Est Remaining: 216.7
198 287.9 , Est Remaining: 215.2
199 289.4 , Est Remaining: 213.7
200 290.8 , Est Remaining: 212.3
201 292.2 , Est Remaining: 210.8
202 293.7 , Est Remaining: 209.4
203 295.2 , Est Remaining: 207.9
204 296.6 , Est Remaining: 206.5
205 298.0 , Est Remaining: 205.0
206 299.4 , Est Remaining: 203.5
207 300.8 , Est Remaining: 202.0
208 302.2 , Est Remaining: 200.5
209 303.7 , Est Remaining: 199.1
210 305.1 , Est Remaining: 197.6
211 306.5 , Est Remaining: 196.1
212 308.0 , Est Remaining: 194.7
213 309.4 , Est Remaining: 193.2
214 310.8 , Est Remaining: 191.7
215 312.3 , Est Remaining: 190.3
216 313.7 , Est Remaining: 188.8
217 315.2 , Est Remaining: 187.3
218 316.6 , Est Remaining: 185.9
219 318.1 , Est Remaining: 184.4
220 319.5 , Est Remaining: 183.0
221 321.0 , Est Remaining: 181.5
222 322.4 , Est Remaining: 180.1
223 323.9 , Est Remaining: 178.6
224 325.3 , Est Remaining: 177.2
225 326.8 , Est Remaining: 175.7
226 328.2 , Est Remaining: 174.3
227 329.7 , Est Remaining: 172.8
228 331.2 , Est Remaining: 171.4
229 332.6 , Est Remaining: 169.9
230 334.1 , Est Remaining: 168.5
231 335.5 , Est Remaining: 167.0
232 337.0 , Est Remaining: 165.6
233 338.4 , Est Remaining: 164.1
234 339.8 , Est Remaining: 162.6
235 341.3 , Est Remaining: 161.2
236 342.7 , Est Remaining: 159.7
237 344.1 , Est Remaining: 158.3
238 345.6 , Est Remaining: 156.8
239 346.9 , Est Remaining: 155.3
240 348.4 , Est Remaining: 153.9
241 349.8 , Est Remaining: 152.4
242 351.2 , Est Remaining: 150.9
243 352.7 , Est Remaining: 149.5
244 354.1 , Est Remaining: 148.0
245 355.6 , Est Remaining: 146.6
246 357.0 , Est Remaining: 145.1
247 358.5 , Est Remaining: 143.7
248 359.9 , Est Remaining: 142.2
249 361.3 , Est Remaining: 140.8
250 362.8 , Est Remaining: 139.3
251 364.2 , Est Remaining: 137.8
252 365.6 , Est Remaining: 136.4
253 366.9 , Est Remaining: 134.9
254 368.3 , Est Remaining: 133.4
255 369.8 , Est Remaining: 132.0
EVENT FAILED
255 370.1 , Est Remaining: 132.1
256 371.5 , Est Remaining: 130.6
257 373.0 , Est Remaining: 129.2
258 374.4 , Est Remaining: 127.7
259 375.8 , Est Remaining: 126.2
260 377.2 , Est Remaining: 124.8
261 378.7 , Est Remaining: 123.3
262 380.1 , Est Remaining: 121.9
263 381.5 , Est Remaining: 120.4
264 383.0 , Est Remaining: 118.9
265 384.4 , Est Remaining: 117.5
266 385.8 , Est Remaining: 116.0
267 387.2 , Est Remaining: 114.6
268 388.6 , Est Remaining: 113.1
269 390.0 , Est Remaining: 111.6
270 391.4 , Est Remaining: 110.2
271 392.8 , Est Remaining: 108.7
272 394.3 , Est Remaining: 107.3
273 395.7 , Est Remaining: 105.8
274 397.1 , Est Remaining: 104.3
275 398.5 , Est Remaining: 102.9
276 399.9 , Est Remaining: 101.4
277 401.2 , Est Remaining: 99.9
278 402.6 , Est Remaining: 98.5
279 404.0 , Est Remaining: 97.0
280 405.4 , Est Remaining: 95.6
281 406.8 , Est Remaining: 94.1
282 408.2 , Est Remaining: 92.6
283 409.5 , Est Remaining: 91.2
284 410.9 , Est Remaining: 89.7
285 412.3 , Est Remaining: 88.2
286 413.7 , Est Remaining: 86.8
287 415.1 , Est Remaining: 85.3
288 416.5 , Est Remaining: 83.9
289 417.8 , Est Remaining: 82.4
290 419.2 , Est Remaining: 81.0
291 420.6 , Est Remaining: 79.5
292 422.0 , Est Remaining: 78.0
293 423.4 , Est Remaining: 76.6
294 424.8 , Est Remaining: 75.1
295 426.1 , Est Remaining: 73.7
296 427.5 , Est Remaining: 72.2
297 428.9 , Est Remaining: 70.8
298 430.3 , Est Remaining: 69.3
299 431.7 , Est Remaining: 67.9
300 433.1 , Est Remaining: 66.4
301 434.4 , Est Remaining: 64.9
302 436.0 , Est Remaining: 63.5
303 437.4 , Est Remaining: 62.1
304 438.8 , Est Remaining: 60.6
305 440.1 , Est Remaining: 59.2
306 441.5 , Est Remaining: 57.7
307 442.9 , Est Remaining: 56.3
308 444.3 , Est Remaining: 54.8
309 445.6 , Est Remaining: 53.4
310 447.0 , Est Remaining: 51.9
311 448.4 , Est Remaining: 50.5
312 449.7 , Est Remaining: 49.0
313 451.1 , Est Remaining: 47.6
314 452.5 , Est Remaining: 46.1
315 453.9 , Est Remaining: 44.7
316 455.3 , Est Remaining: 43.2
317 456.6 , Est Remaining: 41.8
318 458.0 , Est Remaining: 40.3
319 459.4 , Est Remaining: 38.9
320 460.7 , Est Remaining: 37.4
321 462.1 , Est Remaining: 36.0
322 463.5 , Est Remaining: 34.5
323 464.8 , Est Remaining: 33.1
324 466.2 , Est Remaining: 31.7
325 467.6 , Est Remaining: 30.2
326 468.9 , Est Remaining: 28.8
327 470.3 , Est Remaining: 27.3
328 471.7 , Est Remaining: 25.9
329 473.1 , Est Remaining: 24.4
330 474.4 , Est Remaining: 23.0
331 475.8 , Est Remaining: 21.6
332 477.2 , Est Remaining: 20.1
333 478.6 , Est Remaining: 18.7
334 480.0 , Est Remaining: 17.2
335 481.3 , Est Remaining: 15.8
336 482.7 , Est Remaining: 14.4
337 484.0 , Est Remaining: 12.9
