Note: NumExpr detected 32 cores but "NUMEXPR_MAX_THREADS" not set, so enforcing safe limit of 8.
Using selector: EpollSelector
/n/home02/jhaefner/miniconda/envs/IC-3.7-2020-06-16/lib/python3.7/site-packages/scipy/optimize/minpack.py:808: OptimizeWarning: Covariance of the parameters could not be estimated
  category=OptimizeWarning)
Total rwfs: 346
0 0.0 , Est Remaining: 999999.9
1 1.4 , Est Remaining: 494.0
2 2.9 , Est Remaining: 495.0
3 4.4 , Est Remaining: 498.0
4 5.8 , Est Remaining: 495.1
5 7.3 , Est Remaining: 494.9
6 8.7 , Est Remaining: 493.3
7 10.2 , Est Remaining: 492.2
8 11.6 , Est Remaining: 490.8
9 13.0 , Est Remaining: 485.8
10 14.4 , Est Remaining: 483.9
11 15.8 , Est Remaining: 482.3
12 17.3 , Est Remaining: 481.6
13 18.7 , Est Remaining: 480.0
14 20.2 , Est Remaining: 478.3
15 21.6 , Est Remaining: 476.6
16 23.0 , Est Remaining: 474.9
17 24.4 , Est Remaining: 472.7
18 25.8 , Est Remaining: 471.0
19 27.3 , Est Remaining: 469.2
20 28.7 , Est Remaining: 467.7
21 30.1 , Est Remaining: 466.3
22 31.6 , Est Remaining: 465.3
23 33.1 , Est Remaining: 464.1
24 34.5 , Est Remaining: 462.8
25 35.9 , Est Remaining: 461.3
26 37.4 , Est Remaining: 459.9
27 38.8 , Est Remaining: 458.4
28 40.2 , Est Remaining: 456.8
29 41.7 , Est Remaining: 455.5
30 43.1 , Est Remaining: 454.2
31 44.6 , Est Remaining: 452.8
32 46.0 , Est Remaining: 451.5
33 47.5 , Est Remaining: 450.3
EVENT FAILED
33 47.8 , Est Remaining: 453.3
34 49.2 , Est Remaining: 451.9
35 50.7 , Est Remaining: 450.4
36 52.1 , Est Remaining: 449.0
37 53.6 , Est Remaining: 447.9
38 55.1 , Est Remaining: 446.3
39 56.5 , Est Remaining: 444.8
40 58.0 , Est Remaining: 443.5
41 59.4 , Est Remaining: 442.2
42 60.9 , Est Remaining: 440.8
43 62.3 , Est Remaining: 439.3
44 63.8 , Est Remaining: 437.8
EVENT FAILED
44 64.1 , Est Remaining: 440.0
45 65.5 , Est Remaining: 438.2
46 66.9 , Est Remaining: 436.6
47 68.4 , Est Remaining: 435.0
48 69.8 , Est Remaining: 433.3
49 71.2 , Est Remaining: 431.8
50 72.7 , Est Remaining: 430.2
51 74.1 , Est Remaining: 428.7
52 75.6 , Est Remaining: 427.2
53 77.0 , Est Remaining: 425.8
54 78.5 , Est Remaining: 424.3
55 79.9 , Est Remaining: 422.9
56 81.4 , Est Remaining: 421.3
57 82.8 , Est Remaining: 419.9
58 84.3 , Est Remaining: 418.4
59 85.7 , Est Remaining: 416.9
60 87.2 , Est Remaining: 415.5
61 88.6 , Est Remaining: 414.1
62 90.1 , Est Remaining: 412.7
63 91.5 , Est Remaining: 411.2
64 93.0 , Est Remaining: 409.7
65 94.4 , Est Remaining: 408.2
66 95.9 , Est Remaining: 406.8
67 97.3 , Est Remaining: 405.3
68 98.8 , Est Remaining: 403.9
69 100.2 , Est Remaining: 402.4
70 101.7 , Est Remaining: 400.9
71 103.1 , Est Remaining: 399.5
72 104.6 , Est Remaining: 398.1
73 106.0 , Est Remaining: 396.6
74 107.5 , Est Remaining: 395.0
75 108.9 , Est Remaining: 393.6
76 110.4 , Est Remaining: 392.1
77 111.8 , Est Remaining: 390.6
78 113.2 , Est Remaining: 389.1
79 114.7 , Est Remaining: 387.6
80 116.1 , Est Remaining: 386.1
EVENT FAILED
80 116.4 , Est Remaining: 387.1
81 117.9 , Est Remaining: 385.7
82 119.3 , Est Remaining: 384.1
83 120.7 , Est Remaining: 382.6
84 122.2 , Est Remaining: 381.1
85 123.6 , Est Remaining: 379.6
86 125.0 , Est Remaining: 378.0
87 126.5 , Est Remaining: 376.5
88 127.9 , Est Remaining: 374.9
89 129.3 , Est Remaining: 373.4
90 130.7 , Est Remaining: 371.8
91 132.1 , Est Remaining: 370.3
92 133.6 , Est Remaining: 368.8
93 135.0 , Est Remaining: 367.2
94 136.4 , Est Remaining: 365.7
95 137.8 , Est Remaining: 364.2
96 139.3 , Est Remaining: 362.6
97 140.7 , Est Remaining: 361.1
98 142.1 , Est Remaining: 359.6
99 143.5 , Est Remaining: 358.1
100 144.9 , Est Remaining: 356.5
101 146.4 , Est Remaining: 355.1
102 147.8 , Est Remaining: 353.6
103 149.3 , Est Remaining: 352.3
104 150.8 , Est Remaining: 350.8
105 152.2 , Est Remaining: 349.3
106 153.6 , Est Remaining: 347.8
107 155.1 , Est Remaining: 346.4
108 156.5 , Est Remaining: 344.9
109 157.9 , Est Remaining: 343.4
110 159.4 , Est Remaining: 341.9
111 160.8 , Est Remaining: 340.5
112 162.3 , Est Remaining: 339.1
113 163.8 , Est Remaining: 337.7
EVENT FAILED
113 164.1 , Est Remaining: 338.3
114 165.5 , Est Remaining: 336.8
115 167.0 , Est Remaining: 335.4
116 168.4 , Est Remaining: 333.9
117 169.9 , Est Remaining: 332.5
118 171.3 , Est Remaining: 331.0
119 172.8 , Est Remaining: 329.6
120 174.2 , Est Remaining: 328.1
121 175.7 , Est Remaining: 326.7
122 177.1 , Est Remaining: 325.2
123 178.6 , Est Remaining: 323.8
124 180.0 , Est Remaining: 322.3
125 181.5 , Est Remaining: 320.9
126 182.9 , Est Remaining: 319.4
127 184.3 , Est Remaining: 317.9
128 185.8 , Est Remaining: 316.4
129 187.2 , Est Remaining: 314.9
130 188.7 , Est Remaining: 313.5
131 190.1 , Est Remaining: 312.0
132 191.5 , Est Remaining: 310.5
133 192.9 , Est Remaining: 309.0
134 194.4 , Est Remaining: 307.5
135 195.8 , Est Remaining: 306.0
136 197.2 , Est Remaining: 304.6
137 198.7 , Est Remaining: 303.1
138 200.1 , Est Remaining: 301.6
139 201.6 , Est Remaining: 300.2
140 203.0 , Est Remaining: 298.7
141 204.4 , Est Remaining: 297.2
142 205.9 , Est Remaining: 295.8
143 207.3 , Est Remaining: 294.3
144 208.8 , Est Remaining: 292.8
145 210.2 , Est Remaining: 291.4
146 211.6 , Est Remaining: 289.9
147 212.9 , Est Remaining: 288.2
148 214.3 , Est Remaining: 286.7
149 215.7 , Est Remaining: 285.2
150 217.2 , Est Remaining: 283.8
151 218.6 , Est Remaining: 282.3
152 220.1 , Est Remaining: 280.9
153 221.5 , Est Remaining: 279.4
154 223.0 , Est Remaining: 278.0
155 224.4 , Est Remaining: 276.5
156 225.9 , Est Remaining: 275.1
157 227.3 , Est Remaining: 273.6
158 228.7 , Est Remaining: 272.2
159 230.2 , Est Remaining: 270.7
160 231.6 , Est Remaining: 269.3
161 233.1 , Est Remaining: 267.8
162 234.5 , Est Remaining: 266.4
163 236.0 , Est Remaining: 264.9
164 237.4 , Est Remaining: 263.4
165 238.8 , Est Remaining: 262.0
166 240.3 , Est Remaining: 260.5
167 241.7 , Est Remaining: 259.1
168 243.1 , Est Remaining: 257.6
169 244.6 , Est Remaining: 256.2
170 246.0 , Est Remaining: 254.7
171 247.5 , Est Remaining: 253.3
172 248.9 , Est Remaining: 251.8
173 250.4 , Est Remaining: 250.4
174 251.8 , Est Remaining: 248.9
175 253.2 , Est Remaining: 247.5
176 254.7 , Est Remaining: 246.0
177 256.2 , Est Remaining: 244.6
178 257.6 , Est Remaining: 243.1
179 259.1 , Est Remaining: 241.7
180 260.5 , Est Remaining: 240.2
181 261.9 , Est Remaining: 238.8
182 263.4 , Est Remaining: 237.3
183 264.8 , Est Remaining: 235.9
184 266.2 , Est Remaining: 234.4
185 267.7 , Est Remaining: 232.9
186 269.1 , Est Remaining: 231.5
EVENT FAILED
186 269.4 , Est Remaining: 231.8
187 270.8 , Est Remaining: 230.3
188 272.3 , Est Remaining: 228.8
189 273.7 , Est Remaining: 227.3
190 275.1 , Est Remaining: 225.9
191 276.6 , Est Remaining: 224.4
192 278.0 , Est Remaining: 223.0
193 279.4 , Est Remaining: 221.5
194 280.9 , Est Remaining: 220.1
195 282.3 , Est Remaining: 218.6
EVENT FAILED
195 282.6 , Est Remaining: 218.9
196 284.1 , Est Remaining: 217.4
197 285.5 , Est Remaining: 215.9
198 286.9 , Est Remaining: 214.5
199 288.3 , Est Remaining: 213.0
200 289.8 , Est Remaining: 211.5
201 291.2 , Est Remaining: 210.1
202 292.6 , Est Remaining: 208.6
203 294.2 , Est Remaining: 207.2
204 295.6 , Est Remaining: 205.8
205 297.1 , Est Remaining: 204.3
206 298.5 , Est Remaining: 202.9
207 300.0 , Est Remaining: 201.4
208 301.4 , Est Remaining: 199.9
209 302.8 , Est Remaining: 198.5
210 304.3 , Est Remaining: 197.0
211 305.7 , Est Remaining: 195.6
212 307.2 , Est Remaining: 194.2
EVENT FAILED
212 307.5 , Est Remaining: 194.3
213 308.9 , Est Remaining: 192.9
214 310.3 , Est Remaining: 191.4
215 311.8 , Est Remaining: 190.0
216 313.3 , Est Remaining: 188.5
EVENT FAILED
216 313.6 , Est Remaining: 188.7
217 315.0 , Est Remaining: 187.3
218 316.5 , Est Remaining: 185.8
219 317.9 , Est Remaining: 184.4
220 319.4 , Est Remaining: 182.9
221 320.8 , Est Remaining: 181.5
222 322.2 , Est Remaining: 180.0
223 323.7 , Est Remaining: 178.5
224 325.1 , Est Remaining: 177.1
225 326.6 , Est Remaining: 175.6
226 328.0 , Est Remaining: 174.2
227 329.5 , Est Remaining: 172.7
228 330.9 , Est Remaining: 171.3
229 332.4 , Est Remaining: 169.8
230 333.8 , Est Remaining: 168.3
231 335.2 , Est Remaining: 166.9
232 336.7 , Est Remaining: 165.4
233 338.1 , Est Remaining: 164.0
234 339.5 , Est Remaining: 162.5
235 341.0 , Est Remaining: 161.1
236 342.5 , Est Remaining: 159.6
237 343.9 , Est Remaining: 158.2
238 345.4 , Est Remaining: 156.7
239 346.9 , Est Remaining: 155.3
240 348.3 , Est Remaining: 153.8
241 349.8 , Est Remaining: 152.4
242 351.2 , Est Remaining: 150.9
243 352.7 , Est Remaining: 149.5
244 354.2 , Est Remaining: 148.1
245 355.6 , Est Remaining: 146.6
246 357.1 , Est Remaining: 145.2
247 358.5 , Est Remaining: 143.7
248 360.0 , Est Remaining: 142.3
249 361.4 , Est Remaining: 140.8
250 362.9 , Est Remaining: 139.3
251 364.3 , Est Remaining: 137.9
252 365.8 , Est Remaining: 136.4
253 367.2 , Est Remaining: 135.0
254 368.7 , Est Remaining: 133.5
255 370.1 , Est Remaining: 132.1
256 371.6 , Est Remaining: 130.6
257 373.0 , Est Remaining: 129.2
258 374.5 , Est Remaining: 127.7
259 375.9 , Est Remaining: 126.3
260 377.4 , Est Remaining: 124.8
261 378.8 , Est Remaining: 123.4
262 380.3 , Est Remaining: 121.9
EVENT FAILED
262 380.6 , Est Remaining: 122.0
263 382.0 , Est Remaining: 120.6
264 383.5 , Est Remaining: 119.1
265 384.9 , Est Remaining: 117.7
266 386.4 , Est Remaining: 116.2
267 387.8 , Est Remaining: 114.7
268 389.2 , Est Remaining: 113.3
269 390.7 , Est Remaining: 111.8
270 392.1 , Est Remaining: 110.4
271 393.6 , Est Remaining: 108.9
272 395.0 , Est Remaining: 107.5
273 396.5 , Est Remaining: 106.0
274 397.9 , Est Remaining: 104.6
275 399.4 , Est Remaining: 103.1
276 400.8 , Est Remaining: 101.7
277 402.3 , Est Remaining: 100.2
278 403.7 , Est Remaining: 98.7
279 405.2 , Est Remaining: 97.3
280 406.6 , Est Remaining: 95.8
281 408.0 , Est Remaining: 94.4
282 409.5 , Est Remaining: 92.9
283 410.9 , Est Remaining: 91.5
284 412.3 , Est Remaining: 90.0
285 413.7 , Est Remaining: 88.5
286 415.1 , Est Remaining: 87.1
287 416.5 , Est Remaining: 85.6
288 417.9 , Est Remaining: 84.2
289 419.3 , Est Remaining: 82.7
290 420.7 , Est Remaining: 81.2
291 422.0 , Est Remaining: 79.8
292 423.4 , Est Remaining: 78.3
293 424.8 , Est Remaining: 76.8
294 426.1 , Est Remaining: 75.4
295 427.5 , Est Remaining: 73.9
296 428.9 , Est Remaining: 72.5
297 430.3 , Est Remaining: 71.0
298 431.7 , Est Remaining: 69.5
299 433.1 , Est Remaining: 68.1
300 434.5 , Est Remaining: 66.6
301 435.9 , Est Remaining: 65.2
302 437.4 , Est Remaining: 63.7
303 438.8 , Est Remaining: 62.3
304 440.1 , Est Remaining: 60.8
305 441.5 , Est Remaining: 59.4
306 442.9 , Est Remaining: 57.9
307 444.3 , Est Remaining: 56.4
308 445.6 , Est Remaining: 55.0
309 447.0 , Est Remaining: 53.5
EVENT FAILED
309 447.3 , Est Remaining: 53.6
310 448.7 , Est Remaining: 52.1
311 450.1 , Est Remaining: 50.7
312 451.6 , Est Remaining: 49.2
313 452.9 , Est Remaining: 47.8
314 454.3 , Est Remaining: 46.3
315 455.7 , Est Remaining: 44.8
316 457.1 , Est Remaining: 43.4
317 458.5 , Est Remaining: 41.9
318 459.9 , Est Remaining: 40.5
319 461.2 , Est Remaining: 39.0
320 462.7 , Est Remaining: 37.6
321 464.1 , Est Remaining: 36.1
322 465.5 , Est Remaining: 34.7
323 466.9 , Est Remaining: 33.2
324 468.3 , Est Remaining: 31.8
325 469.7 , Est Remaining: 30.3
326 471.1 , Est Remaining: 28.9
327 472.4 , Est Remaining: 27.5
328 473.8 , Est Remaining: 26.0
329 475.2 , Est Remaining: 24.6
330 476.6 , Est Remaining: 23.1
331 478.0 , Est Remaining: 21.7
332 479.4 , Est Remaining: 20.2
333 480.7 , Est Remaining: 18.8
334 482.1 , Est Remaining: 17.3
335 483.5 , Est Remaining: 15.9
