Note: NumExpr detected 32 cores but "NUMEXPR_MAX_THREADS" not set, so enforcing safe limit of 8.
Using selector: EpollSelector
/n/home02/jhaefner/miniconda/envs/IC-3.7-2020-06-16/lib/python3.7/site-packages/scipy/optimize/minpack.py:808: OptimizeWarning: Covariance of the parameters could not be estimated
  category=OptimizeWarning)
Total rwfs: 346
0 0.0 , Est Remaining: 999999.9
1 1.5 , Est Remaining: 511.2
2 3.0 , Est Remaining: 508.1
3 4.4 , Est Remaining: 505.9
4 5.9 , Est Remaining: 501.3
5 7.3 , Est Remaining: 499.4
6 8.8 , Est Remaining: 496.8
EVENT FAILED
6 9.1 , Est Remaining: 515.1
7 10.5 , Est Remaining: 509.4
8 11.9 , Est Remaining: 504.5
9 13.4 , Est Remaining: 500.6
10 14.8 , Est Remaining: 497.8
11 16.3 , Est Remaining: 495.5
12 17.8 , Est Remaining: 494.2
13 19.2 , Est Remaining: 491.9
14 20.7 , Est Remaining: 490.0
15 22.1 , Est Remaining: 487.8
16 23.6 , Est Remaining: 485.9
17 25.0 , Est Remaining: 483.7
18 26.4 , Est Remaining: 481.5
19 27.8 , Est Remaining: 479.2
20 29.3 , Est Remaining: 477.2
21 30.7 , Est Remaining: 475.2
22 32.1 , Est Remaining: 473.3
23 33.6 , Est Remaining: 471.7
24 35.0 , Est Remaining: 470.0
25 36.5 , Est Remaining: 468.3
EVENT FAILED
25 36.8 , Est Remaining: 472.3
EVENT FAILED
25 37.1 , Est Remaining: 476.2
26 38.5 , Est Remaining: 474.0
27 40.0 , Est Remaining: 472.2
28 41.4 , Est Remaining: 470.3
29 42.8 , Est Remaining: 468.3
30 44.3 , Est Remaining: 466.3
31 45.7 , Est Remaining: 464.3
32 47.1 , Est Remaining: 462.6
33 48.6 , Est Remaining: 460.7
34 50.0 , Est Remaining: 458.9
35 51.5 , Est Remaining: 457.2
36 52.9 , Est Remaining: 455.5
37 54.3 , Est Remaining: 453.7
38 55.8 , Est Remaining: 452.1
39 57.2 , Est Remaining: 450.5
40 58.7 , Est Remaining: 448.9
41 60.2 , Est Remaining: 447.5
42 61.6 , Est Remaining: 446.2
43 63.1 , Est Remaining: 444.6
44 64.6 , Est Remaining: 443.1
45 66.0 , Est Remaining: 441.6
46 67.5 , Est Remaining: 439.9
47 68.9 , Est Remaining: 438.2
48 70.3 , Est Remaining: 436.6
49 71.8 , Est Remaining: 435.0
50 73.2 , Est Remaining: 433.4
51 74.7 , Est Remaining: 431.8
52 76.1 , Est Remaining: 430.3
53 77.6 , Est Remaining: 428.9
54 79.0 , Est Remaining: 427.4
55 80.5 , Est Remaining: 425.9
56 81.9 , Est Remaining: 424.4
57 83.4 , Est Remaining: 422.8
58 84.8 , Est Remaining: 421.2
59 86.3 , Est Remaining: 419.7
60 87.7 , Est Remaining: 418.1
61 89.2 , Est Remaining: 416.6
62 90.6 , Est Remaining: 415.1
63 92.0 , Est Remaining: 413.5
64 93.5 , Est Remaining: 412.0
65 95.0 , Est Remaining: 410.5
66 96.4 , Est Remaining: 409.0
67 97.9 , Est Remaining: 407.5
68 99.3 , Est Remaining: 406.1
69 100.8 , Est Remaining: 404.5
70 102.2 , Est Remaining: 403.0
71 103.7 , Est Remaining: 401.6
72 105.2 , Est Remaining: 400.5
73 106.7 , Est Remaining: 399.0
74 108.2 , Est Remaining: 397.5
75 109.6 , Est Remaining: 396.1
76 111.0 , Est Remaining: 394.5
77 112.5 , Est Remaining: 393.0
78 113.9 , Est Remaining: 391.5
79 115.4 , Est Remaining: 389.9
80 116.8 , Est Remaining: 388.3
81 118.2 , Est Remaining: 386.7
82 119.7 , Est Remaining: 385.2
83 121.1 , Est Remaining: 383.7
84 122.5 , Est Remaining: 382.1
85 123.9 , Est Remaining: 380.5
86 125.4 , Est Remaining: 379.0
87 126.8 , Est Remaining: 377.4
88 128.2 , Est Remaining: 375.9
EVENT FAILED
88 128.5 , Est Remaining: 376.8
89 130.0 , Est Remaining: 375.3
90 131.4 , Est Remaining: 373.8
91 132.8 , Est Remaining: 372.3
92 134.3 , Est Remaining: 370.7
93 135.7 , Est Remaining: 369.1
94 137.1 , Est Remaining: 367.6
95 138.5 , Est Remaining: 366.0
96 139.9 , Est Remaining: 364.4
97 141.4 , Est Remaining: 362.9
98 142.8 , Est Remaining: 361.4
99 144.3 , Est Remaining: 360.0
EVENT FAILED
99 144.6 , Est Remaining: 360.7
100 146.0 , Est Remaining: 359.2
101 147.5 , Est Remaining: 357.7
102 149.0 , Est Remaining: 356.3
103 150.4 , Est Remaining: 354.8
104 151.8 , Est Remaining: 353.2
EVENT FAILED
104 152.1 , Est Remaining: 353.9
105 153.5 , Est Remaining: 352.2
106 154.8 , Est Remaining: 350.5
107 156.2 , Est Remaining: 348.9
108 157.6 , Est Remaining: 347.2
109 158.9 , Est Remaining: 345.6
110 160.3 , Est Remaining: 343.9
111 161.7 , Est Remaining: 342.3
112 163.1 , Est Remaining: 340.7
113 164.5 , Est Remaining: 339.1
114 165.9 , Est Remaining: 337.6
115 167.2 , Est Remaining: 335.9
116 168.6 , Est Remaining: 334.3
EVENT FAILED
116 168.9 , Est Remaining: 334.9
117 170.3 , Est Remaining: 333.3
118 171.7 , Est Remaining: 331.7
119 173.1 , Est Remaining: 330.1
120 174.4 , Est Remaining: 328.5
121 175.8 , Est Remaining: 327.0
122 177.2 , Est Remaining: 325.4
123 178.6 , Est Remaining: 323.8
124 180.0 , Est Remaining: 322.2
125 181.3 , Est Remaining: 320.6
126 182.7 , Est Remaining: 319.0
127 184.1 , Est Remaining: 317.4
128 185.5 , Est Remaining: 315.9
129 186.8 , Est Remaining: 314.3
130 188.2 , Est Remaining: 312.7
131 189.6 , Est Remaining: 311.1
EVENT FAILED
131 189.9 , Est Remaining: 311.6
132 191.2 , Est Remaining: 310.0
133 192.6 , Est Remaining: 308.5
134 194.0 , Est Remaining: 306.9
135 195.4 , Est Remaining: 305.3
136 196.7 , Est Remaining: 303.8
137 198.1 , Est Remaining: 302.2
138 199.5 , Est Remaining: 300.7
139 200.9 , Est Remaining: 299.1
140 202.2 , Est Remaining: 297.6
141 203.6 , Est Remaining: 296.0
142 205.0 , Est Remaining: 294.5
143 206.3 , Est Remaining: 292.9
EVENT FAILED
143 206.6 , Est Remaining: 293.3
144 208.0 , Est Remaining: 291.8
145 209.4 , Est Remaining: 290.3
146 210.8 , Est Remaining: 288.7
147 212.1 , Est Remaining: 287.2
148 213.5 , Est Remaining: 285.7
149 214.9 , Est Remaining: 284.2
150 216.3 , Est Remaining: 282.7
151 217.7 , Est Remaining: 281.2
152 219.1 , Est Remaining: 279.7
153 220.5 , Est Remaining: 278.2
154 221.9 , Est Remaining: 276.7
155 223.3 , Est Remaining: 275.1
156 224.7 , Est Remaining: 273.6
157 226.1 , Est Remaining: 272.1
158 227.5 , Est Remaining: 270.6
159 228.8 , Est Remaining: 269.1
160 230.2 , Est Remaining: 267.6
161 231.5 , Est Remaining: 266.0
162 232.9 , Est Remaining: 264.5
163 234.3 , Est Remaining: 263.0
164 235.6 , Est Remaining: 261.5
165 237.0 , Est Remaining: 260.0
166 238.4 , Est Remaining: 258.5
167 239.8 , Est Remaining: 257.0
168 241.2 , Est Remaining: 255.5
169 242.6 , Est Remaining: 254.0
170 244.0 , Est Remaining: 252.6
171 245.4 , Est Remaining: 251.1
172 246.8 , Est Remaining: 249.6
173 248.2 , Est Remaining: 248.2
174 249.6 , Est Remaining: 246.8
175 251.1 , Est Remaining: 245.3
EVENT FAILED
175 251.4 , Est Remaining: 245.6
176 252.8 , Est Remaining: 244.2
177 254.2 , Est Remaining: 242.7
178 255.6 , Est Remaining: 241.2
179 257.0 , Est Remaining: 239.8
180 258.5 , Est Remaining: 238.4
181 259.9 , Est Remaining: 236.9
182 261.3 , Est Remaining: 235.5
183 262.7 , Est Remaining: 234.0
184 264.2 , Est Remaining: 232.6
185 265.6 , Est Remaining: 231.1
186 267.0 , Est Remaining: 229.7
187 268.5 , Est Remaining: 228.3
188 269.9 , Est Remaining: 226.8
189 271.3 , Est Remaining: 225.4
190 272.7 , Est Remaining: 223.9
191 274.1 , Est Remaining: 222.5
192 275.5 , Est Remaining: 221.0
193 276.9 , Est Remaining: 219.5
194 278.3 , Est Remaining: 218.1
195 279.8 , Est Remaining: 216.7
196 281.2 , Est Remaining: 215.2
197 282.6 , Est Remaining: 213.8
198 284.1 , Est Remaining: 212.3
199 285.5 , Est Remaining: 210.9
200 286.9 , Est Remaining: 209.4
201 288.3 , Est Remaining: 208.0
202 289.9 , Est Remaining: 206.6
203 291.3 , Est Remaining: 205.2
204 292.7 , Est Remaining: 203.8
205 294.1 , Est Remaining: 202.3
206 295.6 , Est Remaining: 200.9
207 297.0 , Est Remaining: 199.4
208 298.4 , Est Remaining: 198.0
209 299.9 , Est Remaining: 196.6
210 301.3 , Est Remaining: 195.1
211 302.8 , Est Remaining: 193.7
212 304.2 , Est Remaining: 192.3
213 305.6 , Est Remaining: 190.8
214 307.1 , Est Remaining: 189.4
215 308.5 , Est Remaining: 188.0
216 309.9 , Est Remaining: 186.5
217 311.4 , Est Remaining: 185.1
218 312.8 , Est Remaining: 183.7
219 314.2 , Est Remaining: 182.2
220 315.6 , Est Remaining: 180.8
221 317.0 , Est Remaining: 179.3
222 318.4 , Est Remaining: 177.9
223 319.8 , Est Remaining: 176.4
224 321.3 , Est Remaining: 175.0
225 322.7 , Est Remaining: 173.5
226 324.1 , Est Remaining: 172.1
227 325.6 , Est Remaining: 170.7
228 327.0 , Est Remaining: 169.2
229 328.4 , Est Remaining: 167.8
230 329.9 , Est Remaining: 166.4
231 331.3 , Est Remaining: 164.9
232 332.7 , Est Remaining: 163.5
EVENT FAILED
232 333.0 , Est Remaining: 163.7
233 334.4 , Est Remaining: 162.2
234 335.9 , Est Remaining: 160.8
235 337.3 , Est Remaining: 159.3
236 338.7 , Est Remaining: 157.9
237 340.2 , Est Remaining: 156.5
238 341.6 , Est Remaining: 155.0
239 343.0 , Est Remaining: 153.6
240 344.5 , Est Remaining: 152.1
241 345.9 , Est Remaining: 150.7
242 347.3 , Est Remaining: 149.3
243 348.8 , Est Remaining: 147.8
244 350.2 , Est Remaining: 146.4
245 351.7 , Est Remaining: 145.0
246 353.1 , Est Remaining: 143.5
247 354.5 , Est Remaining: 142.1
248 356.0 , Est Remaining: 140.7
249 357.4 , Est Remaining: 139.2
250 358.8 , Est Remaining: 137.8
251 360.3 , Est Remaining: 136.4
252 361.7 , Est Remaining: 134.9
253 363.1 , Est Remaining: 133.5
254 364.5 , Est Remaining: 132.0
255 365.9 , Est Remaining: 130.6
256 367.3 , Est Remaining: 129.1
257 368.8 , Est Remaining: 127.7
258 370.2 , Est Remaining: 126.3
259 371.6 , Est Remaining: 124.8
260 373.1 , Est Remaining: 123.4
261 374.5 , Est Remaining: 122.0
262 376.0 , Est Remaining: 120.5
263 377.4 , Est Remaining: 119.1
264 378.8 , Est Remaining: 117.7
265 380.3 , Est Remaining: 116.2
266 381.7 , Est Remaining: 114.8
267 383.2 , Est Remaining: 113.4
268 384.6 , Est Remaining: 111.9
269 386.1 , Est Remaining: 110.5
270 387.5 , Est Remaining: 109.1
271 388.9 , Est Remaining: 107.6
272 390.4 , Est Remaining: 106.2
EVENT FAILED
272 390.7 , Est Remaining: 106.3
EVENT FAILED
272 391.0 , Est Remaining: 106.4
273 392.4 , Est Remaining: 104.9
274 393.9 , Est Remaining: 103.5
275 395.4 , Est Remaining: 102.1
276 396.8 , Est Remaining: 100.6
277 398.3 , Est Remaining: 99.2
278 399.7 , Est Remaining: 97.8
279 401.2 , Est Remaining: 96.3
280 402.6 , Est Remaining: 94.9
281 404.0 , Est Remaining: 93.5
282 405.5 , Est Remaining: 92.0
283 406.9 , Est Remaining: 90.6
284 408.3 , Est Remaining: 89.1
285 409.8 , Est Remaining: 87.7
286 411.2 , Est Remaining: 86.3
287 412.6 , Est Remaining: 84.8
288 414.0 , Est Remaining: 83.4
289 415.4 , Est Remaining: 81.9
290 416.8 , Est Remaining: 80.5
291 418.2 , Est Remaining: 79.1
EVENT FAILED
291 418.6 , Est Remaining: 79.1
292 420.0 , Est Remaining: 77.7
293 421.4 , Est Remaining: 76.2
294 422.8 , Est Remaining: 74.8
295 424.3 , Est Remaining: 73.4
296 425.7 , Est Remaining: 71.9
297 427.1 , Est Remaining: 70.5
298 428.6 , Est Remaining: 69.0
299 430.0 , Est Remaining: 67.6
300 431.4 , Est Remaining: 66.1
301 432.8 , Est Remaining: 64.7
302 434.4 , Est Remaining: 63.3
303 435.8 , Est Remaining: 61.9
304 437.3 , Est Remaining: 60.4
305 438.7 , Est Remaining: 59.0
306 440.1 , Est Remaining: 57.5
307 441.5 , Est Remaining: 56.1
308 443.0 , Est Remaining: 54.7
EVENT FAILED
308 443.3 , Est Remaining: 54.7
309 444.7 , Est Remaining: 53.2
310 446.1 , Est Remaining: 51.8
311 447.6 , Est Remaining: 50.4
312 449.0 , Est Remaining: 48.9
313 450.4 , Est Remaining: 47.5
314 451.8 , Est Remaining: 46.0
315 453.2 , Est Remaining: 44.6
316 454.7 , Est Remaining: 43.2
317 456.1 , Est Remaining: 41.7
318 457.6 , Est Remaining: 40.3
319 459.0 , Est Remaining: 38.9
320 460.5 , Est Remaining: 37.4
321 461.9 , Est Remaining: 36.0
322 463.3 , Est Remaining: 34.5
323 464.7 , Est Remaining: 33.1
324 466.1 , Est Remaining: 31.7
325 467.5 , Est Remaining: 30.2
326 468.9 , Est Remaining: 28.8
327 470.3 , Est Remaining: 27.3
328 471.7 , Est Remaining: 25.9
329 473.2 , Est Remaining: 24.4
330 474.5 , Est Remaining: 23.0
