Note: NumExpr detected 32 cores but "NUMEXPR_MAX_THREADS" not set, so enforcing safe limit of 8.
Using selector: EpollSelector
/n/home02/jhaefner/miniconda/envs/IC-3.7-2020-06-16/lib/python3.7/site-packages/scipy/optimize/minpack.py:808: OptimizeWarning: Covariance of the parameters could not be estimated
  category=OptimizeWarning)
Total rwfs: 346
0 0.0 , Est Remaining: 999999.9
1 1.5 , Est Remaining: 524.1
2 3.0 , Est Remaining: 519.3
3 4.6 , Est Remaining: 523.5
4 6.1 , Est Remaining: 519.7
5 7.6 , Est Remaining: 515.4
6 9.0 , Est Remaining: 511.7
7 10.5 , Est Remaining: 508.7
8 12.0 , Est Remaining: 505.5
9 13.4 , Est Remaining: 502.3
10 14.9 , Est Remaining: 500.5
11 16.4 , Est Remaining: 498.6
12 17.9 , Est Remaining: 497.1
13 19.3 , Est Remaining: 494.7
14 20.8 , Est Remaining: 492.8
15 22.2 , Est Remaining: 490.6
16 23.7 , Est Remaining: 488.3
17 25.1 , Est Remaining: 486.0
18 26.6 , Est Remaining: 483.9
19 28.0 , Est Remaining: 482.5
20 29.5 , Est Remaining: 480.9
21 31.0 , Est Remaining: 479.3
22 32.4 , Est Remaining: 477.5
23 33.9 , Est Remaining: 475.8
24 35.3 , Est Remaining: 474.1
25 36.8 , Est Remaining: 472.5
26 38.2 , Est Remaining: 470.6
27 39.7 , Est Remaining: 468.9
28 41.1 , Est Remaining: 467.2
EVENT FAILED
28 41.5 , Est Remaining: 470.9
29 42.9 , Est Remaining: 469.2
30 44.4 , Est Remaining: 467.6
31 45.9 , Est Remaining: 466.0
32 47.3 , Est Remaining: 464.4
33 48.8 , Est Remaining: 462.7
34 50.3 , Est Remaining: 461.5
35 51.7 , Est Remaining: 459.8
36 53.2 , Est Remaining: 458.2
37 54.7 , Est Remaining: 456.5
38 56.1 , Est Remaining: 454.8
39 57.6 , Est Remaining: 453.1
40 59.0 , Est Remaining: 451.5
41 60.5 , Est Remaining: 450.0
42 62.0 , Est Remaining: 448.5
43 63.4 , Est Remaining: 446.9
44 64.9 , Est Remaining: 445.4
45 66.3 , Est Remaining: 443.7
46 67.8 , Est Remaining: 442.2
47 69.3 , Est Remaining: 440.6
48 70.7 , Est Remaining: 439.2
49 72.2 , Est Remaining: 437.6
50 73.6 , Est Remaining: 436.0
51 75.1 , Est Remaining: 434.5
EVENT FAILED
51 75.5 , Est Remaining: 436.4
52 76.9 , Est Remaining: 434.8
53 78.4 , Est Remaining: 433.3
54 79.9 , Est Remaining: 431.9
55 81.3 , Est Remaining: 430.4
56 82.8 , Est Remaining: 428.8
57 84.3 , Est Remaining: 427.5
58 85.8 , Est Remaining: 426.1
59 87.3 , Est Remaining: 424.6
60 88.7 , Est Remaining: 423.0
61 90.2 , Est Remaining: 421.5
62 91.7 , Est Remaining: 419.9
63 93.2 , Est Remaining: 418.5
64 94.6 , Est Remaining: 417.0
65 96.1 , Est Remaining: 415.6
66 97.6 , Est Remaining: 414.1
67 99.1 , Est Remaining: 412.6
68 100.5 , Est Remaining: 411.1
69 102.0 , Est Remaining: 409.6
70 103.5 , Est Remaining: 408.2
71 105.0 , Est Remaining: 406.7
72 106.5 , Est Remaining: 405.3
73 108.0 , Est Remaining: 403.9
74 109.5 , Est Remaining: 402.4
75 111.0 , Est Remaining: 401.1
76 112.5 , Est Remaining: 399.6
77 113.9 , Est Remaining: 398.1
78 115.5 , Est Remaining: 396.7
79 116.9 , Est Remaining: 395.2
80 118.4 , Est Remaining: 393.8
81 119.9 , Est Remaining: 392.4
82 121.4 , Est Remaining: 391.0
83 122.9 , Est Remaining: 389.5
84 124.4 , Est Remaining: 388.1
85 125.9 , Est Remaining: 386.6
86 127.4 , Est Remaining: 385.2
87 128.9 , Est Remaining: 383.7
88 130.4 , Est Remaining: 382.2
89 131.8 , Est Remaining: 380.6
EVENT FAILED
89 132.1 , Est Remaining: 381.6
90 133.6 , Est Remaining: 380.1
EVENT FAILED
90 134.0 , Est Remaining: 381.1
91 135.4 , Est Remaining: 379.5
92 136.9 , Est Remaining: 378.0
93 138.4 , Est Remaining: 376.5
94 139.8 , Est Remaining: 374.9
95 141.3 , Est Remaining: 373.3
96 142.8 , Est Remaining: 371.8
97 144.2 , Est Remaining: 370.1
98 145.6 , Est Remaining: 368.6
99 147.1 , Est Remaining: 367.0
100 148.6 , Est Remaining: 365.5
101 150.0 , Est Remaining: 364.0
102 151.5 , Est Remaining: 362.4
103 153.1 , Est Remaining: 361.1
104 154.5 , Est Remaining: 359.6
105 156.0 , Est Remaining: 358.1
106 157.5 , Est Remaining: 356.5
107 158.9 , Est Remaining: 355.0
108 160.4 , Est Remaining: 353.4
109 161.9 , Est Remaining: 351.9
110 163.3 , Est Remaining: 350.4
111 164.8 , Est Remaining: 348.9
112 166.3 , Est Remaining: 347.4
113 167.8 , Est Remaining: 346.0
114 169.3 , Est Remaining: 344.5
115 170.8 , Est Remaining: 343.0
116 172.3 , Est Remaining: 341.5
117 173.7 , Est Remaining: 340.1
118 175.2 , Est Remaining: 338.6
119 176.7 , Est Remaining: 337.1
120 178.2 , Est Remaining: 335.6
121 179.7 , Est Remaining: 334.1
122 181.1 , Est Remaining: 332.6
123 182.6 , Est Remaining: 331.1
124 184.1 , Est Remaining: 329.5
125 185.5 , Est Remaining: 328.0
126 187.0 , Est Remaining: 326.5
127 188.4 , Est Remaining: 325.0
128 189.9 , Est Remaining: 323.4
129 191.4 , Est Remaining: 321.9
130 192.8 , Est Remaining: 320.4
131 194.3 , Est Remaining: 318.9
132 195.8 , Est Remaining: 317.4
133 197.3 , Est Remaining: 316.0
134 198.8 , Est Remaining: 314.5
135 200.2 , Est Remaining: 313.0
136 201.7 , Est Remaining: 311.5
137 203.2 , Est Remaining: 310.0
138 204.7 , Est Remaining: 308.5
139 206.1 , Est Remaining: 306.9
140 207.6 , Est Remaining: 305.5
141 209.1 , Est Remaining: 303.9
142 210.5 , Est Remaining: 302.4
143 212.0 , Est Remaining: 301.0
144 213.5 , Est Remaining: 299.5
145 215.0 , Est Remaining: 298.0
146 216.5 , Est Remaining: 296.6
147 218.0 , Est Remaining: 295.1
148 219.4 , Est Remaining: 293.6
149 220.9 , Est Remaining: 292.0
150 222.3 , Est Remaining: 290.5
151 223.8 , Est Remaining: 289.0
152 225.2 , Est Remaining: 287.5
153 226.7 , Est Remaining: 285.9
154 228.1 , Est Remaining: 284.4
155 229.6 , Est Remaining: 282.9
156 231.0 , Est Remaining: 281.4
157 232.5 , Est Remaining: 279.8
158 233.9 , Est Remaining: 278.3
159 235.3 , Est Remaining: 276.8
160 236.8 , Est Remaining: 275.2
161 238.2 , Est Remaining: 273.7
162 239.6 , Est Remaining: 272.2
163 241.1 , Est Remaining: 270.6
164 242.5 , Est Remaining: 269.1
EVENT FAILED
164 242.8 , Est Remaining: 269.5
165 244.3 , Est Remaining: 268.0
166 245.7 , Est Remaining: 266.5
167 247.2 , Est Remaining: 265.0
168 248.7 , Est Remaining: 263.5
169 250.1 , Est Remaining: 261.9
170 251.5 , Est Remaining: 260.4
171 252.9 , Est Remaining: 258.8
172 254.4 , Est Remaining: 257.3
173 255.8 , Est Remaining: 255.8
174 257.3 , Est Remaining: 254.3
175 258.7 , Est Remaining: 252.8
176 260.1 , Est Remaining: 251.3
177 261.6 , Est Remaining: 249.8
178 263.0 , Est Remaining: 248.2
179 264.5 , Est Remaining: 246.7
180 265.9 , Est Remaining: 245.2
181 267.3 , Est Remaining: 243.7
182 268.7 , Est Remaining: 242.2
183 270.2 , Est Remaining: 240.6
184 271.6 , Est Remaining: 239.1
185 273.0 , Est Remaining: 237.6
186 274.4 , Est Remaining: 236.1
187 275.8 , Est Remaining: 234.5
188 277.2 , Est Remaining: 233.0
189 278.6 , Est Remaining: 231.5
190 280.1 , Est Remaining: 229.9
191 281.5 , Est Remaining: 228.4
192 282.9 , Est Remaining: 226.9
193 284.3 , Est Remaining: 225.4
194 285.7 , Est Remaining: 223.9
195 287.1 , Est Remaining: 222.3
196 288.5 , Est Remaining: 220.8
197 289.9 , Est Remaining: 219.3
198 291.3 , Est Remaining: 217.8
199 292.7 , Est Remaining: 216.2
200 294.1 , Est Remaining: 214.7
201 295.5 , Est Remaining: 213.2
202 296.9 , Est Remaining: 211.6
203 298.4 , Est Remaining: 210.2
204 299.8 , Est Remaining: 208.7
205 301.2 , Est Remaining: 207.2
206 302.6 , Est Remaining: 205.6
207 304.0 , Est Remaining: 204.1
208 305.4 , Est Remaining: 202.6
209 306.8 , Est Remaining: 201.1
210 308.2 , Est Remaining: 199.6
211 309.6 , Est Remaining: 198.1
212 311.0 , Est Remaining: 196.5
213 312.4 , Est Remaining: 195.0
214 313.8 , Est Remaining: 193.5
215 315.2 , Est Remaining: 192.0
216 316.6 , Est Remaining: 190.5
217 318.0 , Est Remaining: 189.0
218 319.4 , Est Remaining: 187.5
219 320.8 , Est Remaining: 186.1
220 322.3 , Est Remaining: 184.6
221 323.7 , Est Remaining: 183.1
222 325.1 , Est Remaining: 181.6
223 326.5 , Est Remaining: 180.1
224 327.9 , Est Remaining: 178.6
225 329.4 , Est Remaining: 177.1
226 330.8 , Est Remaining: 175.6
227 332.2 , Est Remaining: 174.2
228 333.7 , Est Remaining: 172.7
229 335.1 , Est Remaining: 171.2
230 336.6 , Est Remaining: 169.7
231 338.0 , Est Remaining: 168.3
232 339.4 , Est Remaining: 166.8
233 340.8 , Est Remaining: 165.3
234 342.3 , Est Remaining: 163.8
235 343.7 , Est Remaining: 162.3
236 345.1 , Est Remaining: 160.9
237 346.6 , Est Remaining: 159.4
238 348.0 , Est Remaining: 157.9
239 349.4 , Est Remaining: 156.4
240 350.9 , Est Remaining: 155.0
241 352.3 , Est Remaining: 153.5
242 353.7 , Est Remaining: 152.0
EVENT FAILED
242 354.1 , Est Remaining: 152.2
243 355.5 , Est Remaining: 150.7
244 356.9 , Est Remaining: 149.2
EVENT FAILED
244 357.2 , Est Remaining: 149.3
245 358.7 , Est Remaining: 147.9
246 360.1 , Est Remaining: 146.4
247 361.6 , Est Remaining: 144.9
248 363.0 , Est Remaining: 143.4
249 364.4 , Est Remaining: 142.0
250 365.9 , Est Remaining: 140.5
251 367.3 , Est Remaining: 139.0
252 368.8 , Est Remaining: 137.6
253 370.2 , Est Remaining: 136.1
254 371.7 , Est Remaining: 134.6
255 373.1 , Est Remaining: 133.2
256 374.6 , Est Remaining: 131.7
257 376.0 , Est Remaining: 130.2
258 377.5 , Est Remaining: 128.8
259 379.0 , Est Remaining: 127.3
260 380.4 , Est Remaining: 125.8
261 381.9 , Est Remaining: 124.4
262 383.4 , Est Remaining: 122.9
263 384.8 , Est Remaining: 121.4
264 386.3 , Est Remaining: 120.0
265 387.8 , Est Remaining: 118.5
266 389.3 , Est Remaining: 117.1
267 390.7 , Est Remaining: 115.6
268 392.2 , Est Remaining: 114.2
EVENT FAILED
268 392.5 , Est Remaining: 114.2
269 394.0 , Est Remaining: 112.8
270 395.5 , Est Remaining: 111.3
271 397.0 , Est Remaining: 109.9
EVENT FAILED
271 397.3 , Est Remaining: 110.0
272 398.8 , Est Remaining: 108.5
273 400.3 , Est Remaining: 107.0
274 401.8 , Est Remaining: 105.6
275 403.2 , Est Remaining: 104.1
276 404.7 , Est Remaining: 102.6
277 406.2 , Est Remaining: 101.2
278 407.7 , Est Remaining: 99.7
279 409.2 , Est Remaining: 98.3
280 410.7 , Est Remaining: 96.8
281 412.1 , Est Remaining: 95.3
282 413.6 , Est Remaining: 93.9
283 415.1 , Est Remaining: 92.4
284 416.6 , Est Remaining: 90.9
285 418.1 , Est Remaining: 89.5
286 419.5 , Est Remaining: 88.0
287 421.0 , Est Remaining: 86.5
288 422.5 , Est Remaining: 85.1
289 423.9 , Est Remaining: 83.6
290 425.4 , Est Remaining: 82.1
291 426.8 , Est Remaining: 80.7
292 428.3 , Est Remaining: 79.2
293 429.7 , Est Remaining: 77.7
294 431.2 , Est Remaining: 76.3
295 432.7 , Est Remaining: 74.8
296 434.1 , Est Remaining: 73.3
297 435.6 , Est Remaining: 71.9
298 437.0 , Est Remaining: 70.4
299 438.5 , Est Remaining: 68.9
300 439.9 , Est Remaining: 67.5
301 441.4 , Est Remaining: 66.0
302 443.0 , Est Remaining: 64.5
303 444.4 , Est Remaining: 63.1
304 445.9 , Est Remaining: 61.6
305 447.3 , Est Remaining: 60.1
306 448.8 , Est Remaining: 58.7
307 450.2 , Est Remaining: 57.2
308 451.7 , Est Remaining: 55.7
309 453.1 , Est Remaining: 54.3
310 454.6 , Est Remaining: 52.8
311 456.0 , Est Remaining: 51.3
312 457.5 , Est Remaining: 49.9
313 458.9 , Est Remaining: 48.4
314 460.4 , Est Remaining: 46.9
315 461.8 , Est Remaining: 45.4
316 463.3 , Est Remaining: 44.0
317 464.7 , Est Remaining: 42.5
318 466.2 , Est Remaining: 41.0
319 467.6 , Est Remaining: 39.6
320 469.0 , Est Remaining: 38.1
321 470.4 , Est Remaining: 36.6
322 471.8 , Est Remaining: 35.2
323 473.2 , Est Remaining: 33.7
324 474.6 , Est Remaining: 32.2
325 476.0 , Est Remaining: 30.8
326 477.4 , Est Remaining: 29.3
327 478.8 , Est Remaining: 27.8
328 480.2 , Est Remaining: 26.4
329 481.6 , Est Remaining: 24.9
330 482.9 , Est Remaining: 23.4
331 484.3 , Est Remaining: 21.9
332 485.7 , Est Remaining: 20.5
333 487.1 , Est Remaining: 19.0
334 488.4 , Est Remaining: 17.5
335 489.8 , Est Remaining: 16.1
336 491.2 , Est Remaining: 14.6
