Note: NumExpr detected 32 cores but "NUMEXPR_MAX_THREADS" not set, so enforcing safe limit of 8.
Using selector: EpollSelector
/n/home02/jhaefner/miniconda/envs/IC-3.7-2020-06-16/lib/python3.7/site-packages/scipy/optimize/minpack.py:808: OptimizeWarning: Covariance of the parameters could not be estimated
  category=OptimizeWarning)
Total rwfs: 346
0 0.0 , Est Remaining: 999999.9
1 1.5 , Est Remaining: 508.7
2 2.9 , Est Remaining: 506.7
3 4.5 , Est Remaining: 509.7
4 5.9 , Est Remaining: 507.6
5 7.4 , Est Remaining: 504.3
6 8.9 , Est Remaining: 502.3
7 10.3 , Est Remaining: 499.6
8 11.8 , Est Remaining: 499.9
9 13.3 , Est Remaining: 497.8
10 14.8 , Est Remaining: 495.7
11 16.2 , Est Remaining: 494.2
12 17.7 , Est Remaining: 493.1
13 19.2 , Est Remaining: 491.1
14 20.6 , Est Remaining: 489.0
15 22.1 , Est Remaining: 487.6
EVENT FAILED
15 22.4 , Est Remaining: 494.5
16 23.9 , Est Remaining: 492.0
17 25.3 , Est Remaining: 489.4
18 26.7 , Est Remaining: 487.1
19 28.2 , Est Remaining: 484.8
20 29.6 , Est Remaining: 482.8
21 31.1 , Est Remaining: 480.6
22 32.6 , Est Remaining: 480.5
23 34.1 , Est Remaining: 478.3
24 35.5 , Est Remaining: 475.9
25 36.9 , Est Remaining: 473.9
26 38.4 , Est Remaining: 472.1
27 39.8 , Est Remaining: 470.4
28 41.3 , Est Remaining: 468.9
29 42.7 , Est Remaining: 466.9
30 44.1 , Est Remaining: 465.0
31 45.6 , Est Remaining: 463.3
32 47.0 , Est Remaining: 461.5
33 48.5 , Est Remaining: 459.6
34 49.9 , Est Remaining: 457.9
35 51.4 , Est Remaining: 456.4
EVENT FAILED
35 51.7 , Est Remaining: 459.2
36 53.1 , Est Remaining: 457.6
EVENT FAILED
36 53.4 , Est Remaining: 460.2
37 54.9 , Est Remaining: 458.4
38 56.3 , Est Remaining: 456.6
39 57.8 , Est Remaining: 454.9
40 59.2 , Est Remaining: 453.1
41 60.7 , Est Remaining: 451.4
42 62.1 , Est Remaining: 449.7
43 63.6 , Est Remaining: 448.0
44 65.0 , Est Remaining: 446.3
45 66.5 , Est Remaining: 444.6
46 67.9 , Est Remaining: 442.7
47 69.3 , Est Remaining: 441.0
48 70.7 , Est Remaining: 439.1
49 72.2 , Est Remaining: 437.4
50 73.6 , Est Remaining: 435.5
51 75.0 , Est Remaining: 433.7
52 76.4 , Est Remaining: 431.9
53 77.8 , Est Remaining: 430.0
54 79.2 , Est Remaining: 428.1
55 80.6 , Est Remaining: 426.3
56 82.0 , Est Remaining: 424.6
57 83.4 , Est Remaining: 422.9
58 84.8 , Est Remaining: 421.3
59 86.3 , Est Remaining: 419.6
60 87.7 , Est Remaining: 417.8
61 89.0 , Est Remaining: 416.0
62 90.4 , Est Remaining: 414.2
63 91.8 , Est Remaining: 412.4
64 93.2 , Est Remaining: 410.6
65 94.6 , Est Remaining: 408.8
66 95.9 , Est Remaining: 406.9
67 97.3 , Est Remaining: 405.1
68 98.6 , Est Remaining: 403.2
69 100.0 , Est Remaining: 401.4
70 101.3 , Est Remaining: 399.5
71 102.7 , Est Remaining: 397.6
72 104.0 , Est Remaining: 395.8
73 105.3 , Est Remaining: 393.9
74 106.7 , Est Remaining: 392.1
75 108.1 , Est Remaining: 390.4
76 109.4 , Est Remaining: 388.7
77 110.7 , Est Remaining: 386.9
78 112.1 , Est Remaining: 385.1
79 113.4 , Est Remaining: 383.3
80 114.8 , Est Remaining: 381.6
81 116.1 , Est Remaining: 379.8
82 117.4 , Est Remaining: 378.1
83 118.8 , Est Remaining: 376.3
84 120.1 , Est Remaining: 374.5
85 121.4 , Est Remaining: 372.7
86 122.7 , Est Remaining: 371.0
87 124.1 , Est Remaining: 369.3
EVENT FAILED
87 124.4 , Est Remaining: 370.2
88 125.7 , Est Remaining: 368.4
89 127.0 , Est Remaining: 366.7
90 128.3 , Est Remaining: 364.9
91 129.6 , Est Remaining: 363.2
92 130.9 , Est Remaining: 361.5
93 132.3 , Est Remaining: 359.8
94 133.6 , Est Remaining: 358.1
95 134.9 , Est Remaining: 356.5
EVENT FAILED
95 135.2 , Est Remaining: 357.3
96 136.5 , Est Remaining: 355.4
97 137.8 , Est Remaining: 353.8
98 139.1 , Est Remaining: 352.1
99 140.5 , Est Remaining: 350.5
100 141.8 , Est Remaining: 348.8
101 143.1 , Est Remaining: 347.2
102 144.5 , Est Remaining: 345.6
103 145.8 , Est Remaining: 344.1
104 147.2 , Est Remaining: 342.4
105 148.5 , Est Remaining: 340.8
106 149.8 , Est Remaining: 339.2
107 151.1 , Est Remaining: 337.6
108 152.5 , Est Remaining: 336.0
109 153.8 , Est Remaining: 334.4
EVENT FAILED
109 154.1 , Est Remaining: 335.0
110 155.4 , Est Remaining: 333.5
111 156.8 , Est Remaining: 332.0
112 158.2 , Est Remaining: 330.4
113 159.5 , Est Remaining: 328.9
114 160.9 , Est Remaining: 327.4
115 162.2 , Est Remaining: 325.8
116 163.6 , Est Remaining: 324.3
117 164.9 , Est Remaining: 322.8
118 166.3 , Est Remaining: 321.4
119 167.7 , Est Remaining: 320.0
120 169.1 , Est Remaining: 318.5
121 170.5 , Est Remaining: 317.0
122 171.8 , Est Remaining: 315.5
123 173.2 , Est Remaining: 314.0
124 174.5 , Est Remaining: 312.5
125 175.9 , Est Remaining: 311.0
EVENT FAILED
125 176.2 , Est Remaining: 311.5
126 177.6 , Est Remaining: 310.1
127 179.0 , Est Remaining: 308.6
128 180.4 , Est Remaining: 307.2
129 181.7 , Est Remaining: 305.7
130 183.1 , Est Remaining: 304.3
131 184.5 , Est Remaining: 302.9
132 185.9 , Est Remaining: 301.4
133 187.3 , Est Remaining: 300.0
134 188.7 , Est Remaining: 298.6
135 190.1 , Est Remaining: 297.2
136 191.5 , Est Remaining: 295.8
137 193.0 , Est Remaining: 294.4
138 194.4 , Est Remaining: 292.9
139 195.8 , Est Remaining: 291.5
140 197.2 , Est Remaining: 290.2
141 198.6 , Est Remaining: 288.7
142 200.0 , Est Remaining: 287.3
143 201.4 , Est Remaining: 285.9
144 202.8 , Est Remaining: 284.5
145 204.2 , Est Remaining: 283.1
146 205.6 , Est Remaining: 281.7
147 207.1 , Est Remaining: 280.3
148 208.5 , Est Remaining: 278.9
149 209.9 , Est Remaining: 277.5
150 211.3 , Est Remaining: 276.2
151 212.8 , Est Remaining: 274.8
152 214.2 , Est Remaining: 273.4
153 215.6 , Est Remaining: 272.0
154 217.1 , Est Remaining: 270.6
155 218.5 , Est Remaining: 269.2
156 219.9 , Est Remaining: 267.9
157 221.4 , Est Remaining: 266.5
158 222.8 , Est Remaining: 265.1
159 224.3 , Est Remaining: 263.7
160 225.7 , Est Remaining: 262.4
161 227.2 , Est Remaining: 261.0
162 228.6 , Est Remaining: 259.7
163 230.1 , Est Remaining: 258.3
164 231.5 , Est Remaining: 256.9
165 232.9 , Est Remaining: 255.5
166 234.4 , Est Remaining: 254.1
167 235.8 , Est Remaining: 252.8
168 237.2 , Est Remaining: 251.4
169 238.7 , Est Remaining: 250.0
170 240.1 , Est Remaining: 248.6
171 241.5 , Est Remaining: 247.2
172 243.0 , Est Remaining: 245.8
173 244.4 , Est Remaining: 244.4
174 245.9 , Est Remaining: 243.0
175 247.3 , Est Remaining: 241.7
EVENT FAILED
175 247.6 , Est Remaining: 242.0
176 249.0 , Est Remaining: 240.6
177 250.5 , Est Remaining: 239.2
178 251.9 , Est Remaining: 237.8
179 253.3 , Est Remaining: 236.4
180 254.8 , Est Remaining: 235.0
181 256.2 , Est Remaining: 233.6
182 257.7 , Est Remaining: 232.2
183 259.1 , Est Remaining: 230.8
EVENT FAILED
183 259.4 , Est Remaining: 231.1
184 260.9 , Est Remaining: 229.7
185 262.3 , Est Remaining: 228.3
186 263.7 , Est Remaining: 226.9
187 265.2 , Est Remaining: 225.5
188 266.6 , Est Remaining: 224.1
189 268.1 , Est Remaining: 222.7
190 269.5 , Est Remaining: 221.3
191 271.0 , Est Remaining: 219.9
192 272.4 , Est Remaining: 218.5
193 273.9 , Est Remaining: 217.1
194 275.4 , Est Remaining: 215.7
195 276.8 , Est Remaining: 214.3
196 278.2 , Est Remaining: 212.9
197 279.7 , Est Remaining: 211.5
198 281.1 , Est Remaining: 210.1
199 282.5 , Est Remaining: 208.7
200 284.0 , Est Remaining: 207.3
201 285.4 , Est Remaining: 205.9
202 286.8 , Est Remaining: 204.4
203 288.4 , Est Remaining: 203.1
204 289.8 , Est Remaining: 201.7
205 291.3 , Est Remaining: 200.3
206 292.7 , Est Remaining: 198.9
207 294.1 , Est Remaining: 197.5
208 295.5 , Est Remaining: 196.1
209 297.0 , Est Remaining: 194.7
210 298.4 , Est Remaining: 193.2
211 299.8 , Est Remaining: 191.8
212 301.2 , Est Remaining: 190.4
213 302.7 , Est Remaining: 189.0
214 304.1 , Est Remaining: 187.6
215 305.5 , Est Remaining: 186.2
216 307.0 , Est Remaining: 184.7
217 308.4 , Est Remaining: 183.3
218 309.8 , Est Remaining: 181.9
219 311.2 , Est Remaining: 180.5
220 312.7 , Est Remaining: 179.1
221 314.1 , Est Remaining: 177.7
222 315.6 , Est Remaining: 176.3
223 317.0 , Est Remaining: 174.9
224 318.5 , Est Remaining: 173.5
225 320.0 , Est Remaining: 172.1
226 321.4 , Est Remaining: 170.7
227 322.9 , Est Remaining: 169.2
228 324.3 , Est Remaining: 167.8
229 325.8 , Est Remaining: 166.4
230 327.2 , Est Remaining: 165.0
EVENT FAILED
230 327.6 , Est Remaining: 165.2
231 329.0 , Est Remaining: 163.8
232 330.5 , Est Remaining: 162.4
233 331.9 , Est Remaining: 161.0
234 333.3 , Est Remaining: 159.5
235 334.8 , Est Remaining: 158.1
236 336.2 , Est Remaining: 156.7
237 337.7 , Est Remaining: 155.3
238 339.1 , Est Remaining: 153.9
239 340.6 , Est Remaining: 152.5
240 342.1 , Est Remaining: 151.1
241 343.5 , Est Remaining: 149.7
242 345.0 , Est Remaining: 148.2
243 346.4 , Est Remaining: 146.8
244 347.8 , Est Remaining: 145.4
245 349.3 , Est Remaining: 144.0
246 350.7 , Est Remaining: 142.6
247 352.1 , Est Remaining: 141.1
248 353.5 , Est Remaining: 139.7
249 354.9 , Est Remaining: 138.3
250 356.3 , Est Remaining: 136.8
251 357.7 , Est Remaining: 135.4
252 359.1 , Est Remaining: 134.0
253 360.5 , Est Remaining: 132.5
EVENT FAILED
253 360.8 , Est Remaining: 132.6
254 362.2 , Est Remaining: 131.2
255 363.6 , Est Remaining: 129.8
256 365.0 , Est Remaining: 128.3
257 366.4 , Est Remaining: 126.9
258 367.8 , Est Remaining: 125.5
259 369.2 , Est Remaining: 124.0
260 370.6 , Est Remaining: 122.6
261 372.0 , Est Remaining: 121.2
262 373.4 , Est Remaining: 119.7
263 374.8 , Est Remaining: 118.3
264 376.2 , Est Remaining: 116.8
265 377.6 , Est Remaining: 115.4
266 378.9 , Est Remaining: 114.0
267 380.3 , Est Remaining: 112.5
268 381.7 , Est Remaining: 111.1
269 383.1 , Est Remaining: 109.7
270 384.5 , Est Remaining: 108.2
271 385.9 , Est Remaining: 106.8
272 387.3 , Est Remaining: 105.4
273 388.6 , Est Remaining: 103.9
274 390.0 , Est Remaining: 102.5
EVENT FAILED
274 390.8 , Est Remaining: 102.7
275 392.2 , Est Remaining: 101.3
276 393.6 , Est Remaining: 99.8
277 395.0 , Est Remaining: 98.4
278 396.4 , Est Remaining: 97.0
279 397.8 , Est Remaining: 95.5
280 399.2 , Est Remaining: 94.1
281 400.6 , Est Remaining: 92.7
282 402.0 , Est Remaining: 91.2
283 403.4 , Est Remaining: 89.8
284 404.8 , Est Remaining: 88.4
285 406.2 , Est Remaining: 86.9
286 407.7 , Est Remaining: 85.5
287 409.0 , Est Remaining: 84.1
288 410.4 , Est Remaining: 82.7
289 411.8 , Est Remaining: 81.2
290 413.2 , Est Remaining: 79.8
291 414.6 , Est Remaining: 78.4
292 416.0 , Est Remaining: 76.9
293 417.4 , Est Remaining: 75.5
294 418.8 , Est Remaining: 74.1
295 420.2 , Est Remaining: 72.6
296 421.6 , Est Remaining: 71.2
297 423.0 , Est Remaining: 69.8
298 424.4 , Est Remaining: 68.4
299 425.8 , Est Remaining: 66.9
300 427.2 , Est Remaining: 65.5
301 428.6 , Est Remaining: 64.1
302 430.1 , Est Remaining: 62.7
303 431.5 , Est Remaining: 61.2
304 432.9 , Est Remaining: 59.8
305 434.3 , Est Remaining: 58.4
306 435.7 , Est Remaining: 57.0
307 437.1 , Est Remaining: 55.5
308 438.5 , Est Remaining: 54.1
309 439.9 , Est Remaining: 52.7
310 441.3 , Est Remaining: 51.3
EVENT FAILED
310 441.6 , Est Remaining: 51.3
311 443.0 , Est Remaining: 49.9
312 444.4 , Est Remaining: 48.4
313 445.9 , Est Remaining: 47.0
314 447.3 , Est Remaining: 45.6
315 448.7 , Est Remaining: 44.2
316 450.2 , Est Remaining: 42.7
317 451.6 , Est Remaining: 41.3
318 453.0 , Est Remaining: 39.9
319 454.5 , Est Remaining: 38.5
320 455.9 , Est Remaining: 37.0
321 457.3 , Est Remaining: 35.6
322 458.7 , Est Remaining: 34.2
323 460.2 , Est Remaining: 32.8
324 461.6 , Est Remaining: 31.3
325 463.1 , Est Remaining: 29.9
326 464.5 , Est Remaining: 28.5
327 465.9 , Est Remaining: 27.1
328 467.4 , Est Remaining: 25.6
329 468.8 , Est Remaining: 24.2
330 470.3 , Est Remaining: 22.8
331 471.7 , Est Remaining: 21.4
332 473.2 , Est Remaining: 20.0
