Note: NumExpr detected 32 cores but "NUMEXPR_MAX_THREADS" not set, so enforcing safe limit of 8.
Using selector: EpollSelector
/n/home02/jhaefner/miniconda/envs/IC-3.7-2020-06-16/lib/python3.7/site-packages/scipy/optimize/minpack.py:808: OptimizeWarning: Covariance of the parameters could not be estimated
  category=OptimizeWarning)
Total rwfs: 346
0 0.0 , Est Remaining: 999999.9
1 1.4 , Est Remaining: 470.6
2 2.7 , Est Remaining: 466.3
3 4.1 , Est Remaining: 465.1
4 5.4 , Est Remaining: 462.7
5 6.7 , Est Remaining: 458.9
6 8.1 , Est Remaining: 456.4
7 9.4 , Est Remaining: 453.7
8 10.7 , Est Remaining: 452.2
9 12.0 , Est Remaining: 450.7
10 13.4 , Est Remaining: 449.0
11 14.7 , Est Remaining: 447.2
12 16.0 , Est Remaining: 445.2
13 17.3 , Est Remaining: 443.6
14 18.6 , Est Remaining: 442.2
15 20.0 , Est Remaining: 440.7
16 21.3 , Est Remaining: 439.3
17 22.6 , Est Remaining: 438.0
EVENT FAILED
17 22.9 , Est Remaining: 443.8
18 24.3 , Est Remaining: 442.0
19 25.6 , Est Remaining: 440.3
20 26.9 , Est Remaining: 438.7
21 28.2 , Est Remaining: 437.0
22 29.6 , Est Remaining: 435.5
EVENT FAILED
22 29.9 , Est Remaining: 439.8
23 31.2 , Est Remaining: 438.1
EVENT FAILED
23 31.5 , Est Remaining: 442.2
EVENT FAILED
23 31.8 , Est Remaining: 446.5
24 33.1 , Est Remaining: 444.0
25 34.4 , Est Remaining: 441.7
26 35.7 , Est Remaining: 439.8
EVENT FAILED
26 36.0 , Est Remaining: 443.4
27 37.4 , Est Remaining: 441.3
28 38.7 , Est Remaining: 439.3
29 40.0 , Est Remaining: 437.2
30 41.3 , Est Remaining: 435.1
31 42.6 , Est Remaining: 433.1
32 44.0 , Est Remaining: 431.3
33 45.3 , Est Remaining: 429.5
34 46.6 , Est Remaining: 427.7
35 47.9 , Est Remaining: 425.9
36 49.3 , Est Remaining: 424.2
37 50.6 , Est Remaining: 422.7
38 51.9 , Est Remaining: 421.0
39 53.3 , Est Remaining: 419.4
40 54.6 , Est Remaining: 417.9
41 55.9 , Est Remaining: 416.2
42 57.3 , Est Remaining: 414.6
43 58.6 , Est Remaining: 413.0
44 60.0 , Est Remaining: 411.5
45 61.3 , Est Remaining: 410.0
EVENT FAILED
45 61.6 , Est Remaining: 412.0
46 62.9 , Est Remaining: 410.4
47 64.3 , Est Remaining: 408.8
48 65.6 , Est Remaining: 407.3
49 66.9 , Est Remaining: 405.8
50 68.3 , Est Remaining: 404.2
51 69.6 , Est Remaining: 402.6
52 70.9 , Est Remaining: 401.0
53 72.3 , Est Remaining: 399.5
54 73.6 , Est Remaining: 398.1
55 75.0 , Est Remaining: 396.6
56 76.3 , Est Remaining: 395.1
57 77.6 , Est Remaining: 393.6
58 79.0 , Est Remaining: 392.1
59 80.3 , Est Remaining: 390.6
60 81.6 , Est Remaining: 389.2
61 83.0 , Est Remaining: 387.7
EVENT FAILED
61 83.3 , Est Remaining: 389.1
EVENT FAILED
61 83.6 , Est Remaining: 390.5
62 84.9 , Est Remaining: 388.9
63 86.2 , Est Remaining: 387.3
64 87.6 , Est Remaining: 385.8
65 88.9 , Est Remaining: 384.2
66 90.2 , Est Remaining: 382.7
67 91.5 , Est Remaining: 381.2
68 92.9 , Est Remaining: 379.7
69 94.2 , Est Remaining: 378.2
70 95.5 , Est Remaining: 376.7
71 96.7 , Est Remaining: 374.7
72 98.1 , Est Remaining: 373.2
73 99.4 , Est Remaining: 371.7
74 100.7 , Est Remaining: 370.2
75 102.1 , Est Remaining: 368.8
76 103.4 , Est Remaining: 367.3
77 104.7 , Est Remaining: 365.9
78 106.1 , Est Remaining: 364.4
79 107.4 , Est Remaining: 363.0
80 108.7 , Est Remaining: 361.6
81 110.1 , Est Remaining: 360.1
82 111.4 , Est Remaining: 358.7
83 112.7 , Est Remaining: 357.2
84 114.1 , Est Remaining: 355.8
85 115.4 , Est Remaining: 354.3
86 116.7 , Est Remaining: 352.9
87 118.1 , Est Remaining: 351.5
88 119.4 , Est Remaining: 350.0
89 120.7 , Est Remaining: 348.5
90 122.0 , Est Remaining: 347.1
91 123.3 , Est Remaining: 345.6
92 124.7 , Est Remaining: 344.2
93 126.0 , Est Remaining: 342.8
94 127.3 , Est Remaining: 341.3
95 128.6 , Est Remaining: 339.9
EVENT FAILED
95 128.9 , Est Remaining: 340.7
96 130.3 , Est Remaining: 339.2
97 131.6 , Est Remaining: 337.8
EVENT FAILED
97 131.9 , Est Remaining: 338.6
98 133.2 , Est Remaining: 337.1
EVENT FAILED
98 133.5 , Est Remaining: 337.9
99 134.9 , Est Remaining: 336.5
100 136.2 , Est Remaining: 335.0
101 137.5 , Est Remaining: 333.6
EVENT FAILED
101 137.8 , Est Remaining: 334.3
102 139.2 , Est Remaining: 332.9
EVENT FAILED
102 139.5 , Est Remaining: 333.6
103 140.8 , Est Remaining: 332.3
104 142.2 , Est Remaining: 330.8
105 143.5 , Est Remaining: 329.4
106 144.8 , Est Remaining: 327.9
107 146.1 , Est Remaining: 326.4
108 147.5 , Est Remaining: 324.9
109 148.8 , Est Remaining: 323.5
110 150.1 , Est Remaining: 322.0
111 151.4 , Est Remaining: 320.6
112 152.8 , Est Remaining: 319.2
113 154.1 , Est Remaining: 317.7
114 155.4 , Est Remaining: 316.3
115 156.8 , Est Remaining: 314.9
116 158.1 , Est Remaining: 313.5
117 159.4 , Est Remaining: 312.1
118 160.8 , Est Remaining: 310.7
EVENT FAILED
118 161.1 , Est Remaining: 311.2
119 162.4 , Est Remaining: 309.8
120 163.7 , Est Remaining: 308.3
121 165.0 , Est Remaining: 306.9
122 166.4 , Est Remaining: 305.5
123 167.7 , Est Remaining: 304.1
124 169.0 , Est Remaining: 302.6
125 170.3 , Est Remaining: 301.2
126 171.7 , Est Remaining: 299.8
127 173.0 , Est Remaining: 298.4
128 174.3 , Est Remaining: 296.9
129 175.7 , Est Remaining: 295.5
130 177.0 , Est Remaining: 294.1
131 178.3 , Est Remaining: 292.7
132 179.7 , Est Remaining: 291.3
133 181.0 , Est Remaining: 289.8
134 182.3 , Est Remaining: 288.4
135 183.6 , Est Remaining: 287.0
EVENT FAILED
135 183.9 , Est Remaining: 287.5
136 185.2 , Est Remaining: 286.0
137 186.6 , Est Remaining: 284.6
138 187.9 , Est Remaining: 283.2
139 189.2 , Est Remaining: 281.7
EVENT FAILED
139 189.5 , Est Remaining: 282.2
140 190.8 , Est Remaining: 280.7
141 192.1 , Est Remaining: 279.3
142 193.4 , Est Remaining: 277.9
143 194.7 , Est Remaining: 276.4
144 196.0 , Est Remaining: 275.0
145 197.3 , Est Remaining: 273.6
146 198.7 , Est Remaining: 272.2
147 200.0 , Est Remaining: 270.8
148 201.3 , Est Remaining: 269.3
149 202.7 , Est Remaining: 268.0
150 204.0 , Est Remaining: 266.5
151 205.3 , Est Remaining: 265.2
EVENT FAILED
151 205.6 , Est Remaining: 265.5
152 206.9 , Est Remaining: 264.1
153 208.3 , Est Remaining: 262.7
154 209.6 , Est Remaining: 261.3
EVENT FAILED
154 209.9 , Est Remaining: 261.7
155 211.2 , Est Remaining: 260.3
156 212.6 , Est Remaining: 258.9
157 213.9 , Est Remaining: 257.5
158 215.2 , Est Remaining: 256.1
159 216.5 , Est Remaining: 254.7
160 217.9 , Est Remaining: 253.3
161 219.2 , Est Remaining: 251.9
162 220.5 , Est Remaining: 250.5
163 221.8 , Est Remaining: 249.1
164 223.2 , Est Remaining: 247.7
165 224.5 , Est Remaining: 246.3
166 225.8 , Est Remaining: 244.9
167 227.1 , Est Remaining: 243.5
168 228.5 , Est Remaining: 242.1
EVENT FAILED
168 228.8 , Est Remaining: 242.4
169 230.1 , Est Remaining: 241.0
170 231.4 , Est Remaining: 239.5
171 232.7 , Est Remaining: 238.1
EVENT FAILED
171 233.0 , Est Remaining: 238.4
172 234.3 , Est Remaining: 237.0
173 235.6 , Est Remaining: 235.6
174 237.0 , Est Remaining: 234.2
175 238.3 , Est Remaining: 232.8
176 239.6 , Est Remaining: 231.5
177 241.0 , Est Remaining: 230.1
178 242.3 , Est Remaining: 228.7
179 243.6 , Est Remaining: 227.3
EVENT FAILED
179 243.9 , Est Remaining: 227.5
180 245.2 , Est Remaining: 226.2
181 246.6 , Est Remaining: 224.8
182 247.9 , Est Remaining: 223.4
183 249.2 , Est Remaining: 222.0
184 250.6 , Est Remaining: 220.6
185 251.9 , Est Remaining: 219.2
186 253.2 , Est Remaining: 217.8
187 254.6 , Est Remaining: 216.4
188 255.9 , Est Remaining: 215.1
189 257.2 , Est Remaining: 213.7
190 258.5 , Est Remaining: 212.3
191 259.9 , Est Remaining: 210.9
192 261.2 , Est Remaining: 209.5
193 262.5 , Est Remaining: 208.1
194 263.8 , Est Remaining: 206.7
195 265.2 , Est Remaining: 205.3
196 266.5 , Est Remaining: 203.9
197 267.8 , Est Remaining: 202.6
198 269.1 , Est Remaining: 201.2
199 270.4 , Est Remaining: 199.8
200 271.8 , Est Remaining: 198.4
201 273.1 , Est Remaining: 197.0
202 274.4 , Est Remaining: 195.6
203 275.8 , Est Remaining: 194.3
204 277.2 , Est Remaining: 192.9
EVENT FAILED
204 277.4 , Est Remaining: 193.1
205 278.8 , Est Remaining: 191.7
206 280.1 , Est Remaining: 190.4
207 281.4 , Est Remaining: 189.0
208 282.8 , Est Remaining: 187.6
209 284.1 , Est Remaining: 186.2
210 285.4 , Est Remaining: 184.9
211 286.8 , Est Remaining: 183.5
212 288.1 , Est Remaining: 182.1
213 289.4 , Est Remaining: 180.7
214 290.7 , Est Remaining: 179.3
EVENT FAILED
214 291.0 , Est Remaining: 179.5
215 292.4 , Est Remaining: 178.1
216 293.7 , Est Remaining: 176.8
217 295.0 , Est Remaining: 175.4
218 296.4 , Est Remaining: 174.0
219 297.7 , Est Remaining: 172.6
220 299.0 , Est Remaining: 171.3
221 300.4 , Est Remaining: 169.9
222 301.7 , Est Remaining: 168.5
223 303.0 , Est Remaining: 167.1
224 304.3 , Est Remaining: 165.8
225 305.7 , Est Remaining: 164.4
226 307.0 , Est Remaining: 163.0
227 308.3 , Est Remaining: 161.6
228 309.7 , Est Remaining: 160.3
229 311.0 , Est Remaining: 158.9
230 312.3 , Est Remaining: 157.5
231 313.6 , Est Remaining: 156.1
232 315.0 , Est Remaining: 154.8
233 316.3 , Est Remaining: 153.4
EVENT FAILED
233 316.6 , Est Remaining: 153.5
234 317.9 , Est Remaining: 152.2
235 319.3 , Est Remaining: 150.8
236 320.6 , Est Remaining: 149.4
237 321.9 , Est Remaining: 148.1
EVENT FAILED
237 322.2 , Est Remaining: 148.2
238 323.5 , Est Remaining: 146.8
EVENT FAILED
238 323.8 , Est Remaining: 147.0
239 325.2 , Est Remaining: 145.6
240 326.5 , Est Remaining: 144.2
241 327.8 , Est Remaining: 142.8
242 329.1 , Est Remaining: 141.4
243 330.4 , Est Remaining: 140.0
244 331.7 , Est Remaining: 138.7
245 333.0 , Est Remaining: 137.3
246 334.4 , Est Remaining: 135.9
247 335.7 , Est Remaining: 134.6
248 337.0 , Est Remaining: 133.2
249 338.4 , Est Remaining: 131.8
250 339.7 , Est Remaining: 130.4
251 341.0 , Est Remaining: 129.1
252 342.3 , Est Remaining: 127.7
253 343.7 , Est Remaining: 126.3
254 345.0 , Est Remaining: 125.0
255 346.3 , Est Remaining: 123.6
256 347.6 , Est Remaining: 122.2
257 348.9 , Est Remaining: 120.8
258 350.3 , Est Remaining: 119.5
259 351.6 , Est Remaining: 118.1
260 352.9 , Est Remaining: 116.7
261 354.3 , Est Remaining: 115.4
262 355.6 , Est Remaining: 114.0
263 356.9 , Est Remaining: 112.6
264 358.2 , Est Remaining: 111.3
265 359.5 , Est Remaining: 109.9
266 360.9 , Est Remaining: 108.5
267 362.2 , Est Remaining: 107.2
268 363.5 , Est Remaining: 105.8
269 364.8 , Est Remaining: 104.4
270 366.2 , Est Remaining: 103.1
271 367.5 , Est Remaining: 101.7
272 368.8 , Est Remaining: 100.3
273 370.2 , Est Remaining: 99.0
274 371.5 , Est Remaining: 97.6
275 372.8 , Est Remaining: 96.3
276 374.2 , Est Remaining: 94.9
277 375.5 , Est Remaining: 93.5
278 376.8 , Est Remaining: 92.2
EVENT FAILED
278 377.1 , Est Remaining: 92.2
279 378.4 , Est Remaining: 90.9
280 379.8 , Est Remaining: 89.5
281 381.1 , Est Remaining: 88.1
282 382.4 , Est Remaining: 86.8
283 383.7 , Est Remaining: 85.4
284 385.0 , Est Remaining: 84.1
285 386.3 , Est Remaining: 82.7
286 387.6 , Est Remaining: 81.3
287 388.9 , Est Remaining: 80.0
288 390.3 , Est Remaining: 78.6
289 391.6 , Est Remaining: 77.2
290 392.9 , Est Remaining: 75.9
291 394.2 , Est Remaining: 74.5
292 395.6 , Est Remaining: 73.2
293 396.9 , Est Remaining: 71.8
294 398.2 , Est Remaining: 70.4
295 399.5 , Est Remaining: 69.1
296 400.9 , Est Remaining: 67.7
297 402.2 , Est Remaining: 66.4
298 403.5 , Est Remaining: 65.0
299 404.9 , Est Remaining: 63.6
EVENT FAILED
299 405.1 , Est Remaining: 63.7
300 406.5 , Est Remaining: 62.3
301 407.8 , Est Remaining: 61.0
302 409.2 , Est Remaining: 59.6
303 410.6 , Est Remaining: 58.3
304 411.9 , Est Remaining: 56.9
305 413.2 , Est Remaining: 55.5
306 414.5 , Est Remaining: 54.2
307 415.8 , Est Remaining: 52.8
308 417.2 , Est Remaining: 51.5
309 418.5 , Est Remaining: 50.1
310 419.8 , Est Remaining: 48.8
311 421.1 , Est Remaining: 47.4
312 422.5 , Est Remaining: 46.0
313 423.8 , Est Remaining: 44.7
314 425.1 , Est Remaining: 43.3
315 426.4 , Est Remaining: 42.0
316 427.8 , Est Remaining: 40.6
317 429.1 , Est Remaining: 39.3
