Note: NumExpr detected 32 cores but "NUMEXPR_MAX_THREADS" not set, so enforcing safe limit of 8.
Using selector: EpollSelector
/n/home02/jhaefner/miniconda/envs/IC-3.7-2020-06-16/lib/python3.7/site-packages/scipy/optimize/minpack.py:808: OptimizeWarning: Covariance of the parameters could not be estimated
  category=OptimizeWarning)
Total rwfs: 346
0 0.0 , Est Remaining: 999999.9
1 1.4 , Est Remaining: 483.8
2 2.8 , Est Remaining: 478.1
3 4.2 , Est Remaining: 477.1
4 5.5 , Est Remaining: 473.5
5 6.9 , Est Remaining: 471.0
6 8.3 , Est Remaining: 470.3
7 9.7 , Est Remaining: 467.6
8 11.0 , Est Remaining: 466.1
9 12.4 , Est Remaining: 464.2
10 13.8 , Est Remaining: 462.9
EVENT FAILED
10 14.1 , Est Remaining: 472.9
11 15.4 , Est Remaining: 469.3
12 16.8 , Est Remaining: 466.7
13 18.1 , Est Remaining: 464.1
14 19.5 , Est Remaining: 462.0
15 20.9 , Est Remaining: 460.3
16 22.2 , Est Remaining: 457.9
17 23.5 , Est Remaining: 455.8
18 24.9 , Est Remaining: 453.6
EVENT FAILED
18 25.2 , Est Remaining: 459.0
19 26.5 , Est Remaining: 456.8
20 27.9 , Est Remaining: 454.8
21 29.3 , Est Remaining: 452.8
22 30.6 , Est Remaining: 450.4
23 31.9 , Est Remaining: 448.6
24 33.3 , Est Remaining: 446.8
25 34.7 , Est Remaining: 445.2
26 36.0 , Est Remaining: 443.3
27 37.4 , Est Remaining: 441.6
28 38.7 , Est Remaining: 439.8
29 40.1 , Est Remaining: 437.9
30 41.4 , Est Remaining: 436.2
31 42.8 , Est Remaining: 434.6
32 44.1 , Est Remaining: 432.9
33 45.5 , Est Remaining: 431.3
34 46.8 , Est Remaining: 429.6
35 48.2 , Est Remaining: 427.9
36 49.5 , Est Remaining: 426.2
37 50.8 , Est Remaining: 424.6
38 52.2 , Est Remaining: 423.1
39 53.6 , Est Remaining: 421.6
40 54.9 , Est Remaining: 420.2
41 56.3 , Est Remaining: 418.7
42 57.6 , Est Remaining: 417.1
43 59.0 , Est Remaining: 415.5
EVENT FAILED
43 59.3 , Est Remaining: 417.6
44 60.6 , Est Remaining: 416.1
45 62.0 , Est Remaining: 414.7
46 63.3 , Est Remaining: 413.1
EVENT FAILED
46 63.6 , Est Remaining: 415.0
47 65.0 , Est Remaining: 413.4
EVENT FAILED
47 65.3 , Est Remaining: 415.3
48 66.6 , Est Remaining: 413.6
49 68.0 , Est Remaining: 412.0
50 69.3 , Est Remaining: 410.4
51 70.7 , Est Remaining: 408.9
52 72.0 , Est Remaining: 407.3
53 73.4 , Est Remaining: 405.8
54 74.8 , Est Remaining: 404.2
55 76.1 , Est Remaining: 402.6
56 77.4 , Est Remaining: 401.0
57 78.8 , Est Remaining: 399.4
58 80.1 , Est Remaining: 397.8
59 81.5 , Est Remaining: 396.3
EVENT FAILED
59 81.8 , Est Remaining: 397.7
60 83.1 , Est Remaining: 396.2
61 84.5 , Est Remaining: 394.6
62 85.8 , Est Remaining: 393.0
63 87.1 , Est Remaining: 391.4
64 88.5 , Est Remaining: 389.8
65 89.8 , Est Remaining: 388.4
66 91.2 , Est Remaining: 386.9
67 92.5 , Est Remaining: 385.4
68 93.9 , Est Remaining: 383.8
69 95.2 , Est Remaining: 382.3
70 96.6 , Est Remaining: 380.8
71 97.9 , Est Remaining: 379.3
72 99.3 , Est Remaining: 377.8
73 100.6 , Est Remaining: 376.3
74 102.0 , Est Remaining: 374.9
EVENT FAILED
74 102.3 , Est Remaining: 375.9
75 103.6 , Est Remaining: 374.4
76 105.0 , Est Remaining: 372.9
77 106.3 , Est Remaining: 371.5
78 107.7 , Est Remaining: 370.0
79 109.0 , Est Remaining: 368.5
80 110.4 , Est Remaining: 367.0
81 111.7 , Est Remaining: 365.5
82 113.1 , Est Remaining: 364.1
EVENT FAILED
82 113.4 , Est Remaining: 365.0
83 114.7 , Est Remaining: 363.5
84 116.1 , Est Remaining: 362.0
85 117.4 , Est Remaining: 360.5
86 118.8 , Est Remaining: 359.1
87 120.1 , Est Remaining: 357.7
88 121.5 , Est Remaining: 356.2
89 122.9 , Est Remaining: 354.8
90 124.1 , Est Remaining: 353.1
91 125.5 , Est Remaining: 351.6
92 126.8 , Est Remaining: 350.2
93 128.2 , Est Remaining: 348.7
94 129.5 , Est Remaining: 347.3
95 130.9 , Est Remaining: 345.8
96 132.2 , Est Remaining: 344.3
97 133.6 , Est Remaining: 342.8
98 134.9 , Est Remaining: 341.4
99 136.2 , Est Remaining: 339.9
100 137.6 , Est Remaining: 338.5
101 138.9 , Est Remaining: 337.0
102 140.3 , Est Remaining: 335.6
EVENT FAILED
102 140.6 , Est Remaining: 336.3
103 142.0 , Est Remaining: 335.0
104 143.3 , Est Remaining: 333.5
EVENT FAILED
104 143.6 , Est Remaining: 334.2
105 145.0 , Est Remaining: 332.8
106 146.3 , Est Remaining: 331.3
107 147.7 , Est Remaining: 329.9
108 149.0 , Est Remaining: 328.4
109 150.4 , Est Remaining: 326.9
110 151.7 , Est Remaining: 325.5
111 153.1 , Est Remaining: 324.0
112 154.4 , Est Remaining: 322.6
113 155.7 , Est Remaining: 321.1
EVENT FAILED
113 156.0 , Est Remaining: 321.7
114 157.4 , Est Remaining: 320.3
115 158.7 , Est Remaining: 318.8
116 160.1 , Est Remaining: 317.4
117 161.4 , Est Remaining: 315.9
118 162.8 , Est Remaining: 314.5
119 164.1 , Est Remaining: 313.1
120 165.5 , Est Remaining: 311.7
121 166.9 , Est Remaining: 310.3
122 168.2 , Est Remaining: 308.8
123 169.5 , Est Remaining: 307.4
124 170.9 , Est Remaining: 306.0
125 172.3 , Est Remaining: 304.5
126 173.6 , Est Remaining: 303.1
127 174.9 , Est Remaining: 301.7
128 176.3 , Est Remaining: 300.2
129 177.6 , Est Remaining: 298.8
130 179.0 , Est Remaining: 297.4
131 180.4 , Est Remaining: 296.0
132 181.7 , Est Remaining: 294.6
133 183.0 , Est Remaining: 293.1
134 184.4 , Est Remaining: 291.7
135 185.8 , Est Remaining: 290.3
136 187.1 , Est Remaining: 288.9
137 188.5 , Est Remaining: 287.5
138 189.8 , Est Remaining: 286.1
139 191.1 , Est Remaining: 284.6
140 192.5 , Est Remaining: 283.2
141 193.8 , Est Remaining: 281.8
EVENT FAILED
141 194.1 , Est Remaining: 282.2
142 195.5 , Est Remaining: 280.8
EVENT FAILED
142 195.8 , Est Remaining: 281.3
143 197.1 , Est Remaining: 279.8
144 198.5 , Est Remaining: 278.4
145 199.8 , Est Remaining: 277.0
146 201.2 , Est Remaining: 275.6
147 202.6 , Est Remaining: 274.2
148 203.9 , Est Remaining: 272.8
149 205.3 , Est Remaining: 271.4
150 206.6 , Est Remaining: 270.0
151 208.0 , Est Remaining: 268.6
152 209.3 , Est Remaining: 267.2
153 210.7 , Est Remaining: 265.8
154 212.0 , Est Remaining: 264.4
155 213.4 , Est Remaining: 263.0
156 214.8 , Est Remaining: 261.6
157 216.1 , Est Remaining: 260.2
158 217.5 , Est Remaining: 258.7
159 218.8 , Est Remaining: 257.3
160 220.2 , Est Remaining: 255.9
161 221.5 , Est Remaining: 254.5
EVENT FAILED
161 221.8 , Est Remaining: 254.8
162 223.1 , Est Remaining: 253.4
163 224.5 , Est Remaining: 252.0
164 225.9 , Est Remaining: 250.7
165 227.3 , Est Remaining: 249.3
166 228.6 , Est Remaining: 247.9
167 230.0 , Est Remaining: 246.5
168 231.3 , Est Remaining: 245.1
169 232.7 , Est Remaining: 243.7
170 234.0 , Est Remaining: 242.3
171 235.4 , Est Remaining: 240.9
172 236.7 , Est Remaining: 239.5
173 238.1 , Est Remaining: 238.1
174 239.4 , Est Remaining: 236.7
175 240.8 , Est Remaining: 235.3
176 242.1 , Est Remaining: 233.9
177 243.5 , Est Remaining: 232.5
178 244.8 , Est Remaining: 231.1
179 246.2 , Est Remaining: 229.7
180 247.5 , Est Remaining: 228.3
181 248.9 , Est Remaining: 226.9
182 250.2 , Est Remaining: 225.5
183 251.6 , Est Remaining: 224.1
184 252.9 , Est Remaining: 222.7
185 254.2 , Est Remaining: 221.3
186 255.6 , Est Remaining: 219.9
187 256.9 , Est Remaining: 218.5
188 258.3 , Est Remaining: 217.1
189 259.6 , Est Remaining: 215.7
190 261.0 , Est Remaining: 214.3
191 262.3 , Est Remaining: 212.9
192 263.6 , Est Remaining: 211.5
193 265.0 , Est Remaining: 210.1
194 266.3 , Est Remaining: 208.7
195 267.6 , Est Remaining: 207.3
196 269.0 , Est Remaining: 205.9
197 270.3 , Est Remaining: 204.5
198 271.7 , Est Remaining: 203.1
EVENT FAILED
198 272.0 , Est Remaining: 203.3
199 273.3 , Est Remaining: 201.9
200 274.6 , Est Remaining: 200.5
201 276.0 , Est Remaining: 199.1
202 277.3 , Est Remaining: 197.7
203 278.8 , Est Remaining: 196.4
204 280.1 , Est Remaining: 195.0
EVENT FAILED
204 280.4 , Est Remaining: 195.2
205 281.7 , Est Remaining: 193.8
206 283.1 , Est Remaining: 192.4
207 284.4 , Est Remaining: 191.0
208 285.8 , Est Remaining: 189.6
EVENT FAILED
208 286.1 , Est Remaining: 189.8
209 287.4 , Est Remaining: 188.4
210 288.8 , Est Remaining: 187.0
211 290.1 , Est Remaining: 185.6
212 291.4 , Est Remaining: 184.2
213 292.8 , Est Remaining: 182.8
214 294.1 , Est Remaining: 181.4
215 295.5 , Est Remaining: 180.0
216 296.8 , Est Remaining: 178.6
217 298.2 , Est Remaining: 177.2
218 299.5 , Est Remaining: 175.8
219 300.8 , Est Remaining: 174.5
220 302.2 , Est Remaining: 173.1
221 303.5 , Est Remaining: 171.7
222 304.9 , Est Remaining: 170.3
EVENT FAILED
222 305.2 , Est Remaining: 170.4
223 306.5 , Est Remaining: 169.1
224 307.9 , Est Remaining: 167.7
225 309.2 , Est Remaining: 166.3
226 310.6 , Est Remaining: 164.9
227 311.9 , Est Remaining: 163.5
EVENT FAILED
227 312.2 , Est Remaining: 163.7
228 313.6 , Est Remaining: 162.3
229 314.9 , Est Remaining: 160.9
230 316.3 , Est Remaining: 159.5
231 317.6 , Est Remaining: 158.1
232 319.0 , Est Remaining: 156.7
233 320.3 , Est Remaining: 155.3
234 321.6 , Est Remaining: 153.9
235 323.0 , Est Remaining: 152.5
236 324.3 , Est Remaining: 151.2
237 325.7 , Est Remaining: 149.8
238 327.0 , Est Remaining: 148.4
239 328.4 , Est Remaining: 147.0
240 329.7 , Est Remaining: 145.6
241 331.1 , Est Remaining: 144.2
242 332.4 , Est Remaining: 142.9
243 333.8 , Est Remaining: 141.5
244 335.1 , Est Remaining: 140.1
245 336.5 , Est Remaining: 138.7
246 337.8 , Est Remaining: 137.3
247 339.2 , Est Remaining: 135.9
248 340.5 , Est Remaining: 134.5
249 341.8 , Est Remaining: 133.2
EVENT FAILED
249 342.1 , Est Remaining: 133.3
250 343.5 , Est Remaining: 131.9
251 344.8 , Est Remaining: 130.5
252 346.2 , Est Remaining: 129.1
253 347.5 , Est Remaining: 127.7
254 348.9 , Est Remaining: 126.4
255 350.2 , Est Remaining: 125.0
256 351.6 , Est Remaining: 123.6
257 352.9 , Est Remaining: 122.2
258 354.2 , Est Remaining: 120.8
EVENT FAILED
258 354.5 , Est Remaining: 120.9
259 355.9 , Est Remaining: 119.5
260 357.2 , Est Remaining: 118.2
261 358.6 , Est Remaining: 116.8
EVENT FAILED
261 358.9 , Est Remaining: 116.9
262 360.2 , Est Remaining: 115.5
263 361.6 , Est Remaining: 114.1
264 363.0 , Est Remaining: 112.7
265 364.3 , Est Remaining: 111.4
266 365.7 , Est Remaining: 110.0
267 367.0 , Est Remaining: 108.6
268 368.4 , Est Remaining: 107.2
269 369.7 , Est Remaining: 105.8
270 371.1 , Est Remaining: 104.5
271 372.4 , Est Remaining: 103.1
272 373.8 , Est Remaining: 101.7
273 375.1 , Est Remaining: 100.3
274 376.5 , Est Remaining: 98.9
275 377.9 , Est Remaining: 97.6
276 379.2 , Est Remaining: 96.2
277 380.6 , Est Remaining: 94.8
278 381.9 , Est Remaining: 93.4
279 383.3 , Est Remaining: 92.0
280 384.6 , Est Remaining: 90.7
281 385.9 , Est Remaining: 89.3
282 387.3 , Est Remaining: 87.9
283 388.7 , Est Remaining: 86.5
284 390.0 , Est Remaining: 85.1
285 391.4 , Est Remaining: 83.8
286 392.7 , Est Remaining: 82.4
287 394.1 , Est Remaining: 81.0
288 395.4 , Est Remaining: 79.6
289 396.8 , Est Remaining: 78.3
290 398.1 , Est Remaining: 76.9
291 399.5 , Est Remaining: 75.5
292 400.8 , Est Remaining: 74.1
293 402.2 , Est Remaining: 72.8
294 403.6 , Est Remaining: 71.4
295 405.0 , Est Remaining: 70.0
EVENT FAILED
295 405.2 , Est Remaining: 70.1
296 406.6 , Est Remaining: 68.7
297 408.0 , Est Remaining: 67.3
298 409.3 , Est Remaining: 65.9
299 410.7 , Est Remaining: 64.6
300 412.0 , Est Remaining: 63.2
301 413.3 , Est Remaining: 61.8
302 414.8 , Est Remaining: 60.4
303 416.2 , Est Remaining: 59.1
304 417.5 , Est Remaining: 57.7
305 418.9 , Est Remaining: 56.3
306 420.2 , Est Remaining: 54.9
307 421.6 , Est Remaining: 53.6
308 422.9 , Est Remaining: 52.2
309 424.3 , Est Remaining: 50.8
310 425.6 , Est Remaining: 49.4
311 427.0 , Est Remaining: 48.1
312 428.4 , Est Remaining: 46.7
313 429.7 , Est Remaining: 45.3
314 431.0 , Est Remaining: 43.9
EVENT FAILED
314 431.3 , Est Remaining: 44.0
315 432.6 , Est Remaining: 42.6
316 434.0 , Est Remaining: 41.2
317 435.3 , Est Remaining: 39.8
318 436.7 , Est Remaining: 38.5
319 438.1 , Est Remaining: 37.1
320 439.4 , Est Remaining: 35.7
321 440.8 , Est Remaining: 34.3
