Note: NumExpr detected 32 cores but "NUMEXPR_MAX_THREADS" not set, so enforcing safe limit of 8.
Using selector: EpollSelector
/n/home02/jhaefner/miniconda/envs/IC-3.7-2020-06-16/lib/python3.7/site-packages/scipy/optimize/minpack.py:808: OptimizeWarning: Covariance of the parameters could not be estimated
  category=OptimizeWarning)
Total rwfs: 346
0 0.0 , Est Remaining: 999999.9
1 1.4 , Est Remaining: 480.1
2 2.8 , Est Remaining: 473.1
3 4.1 , Est Remaining: 471.8
EVENT FAILED
3 4.4 , Est Remaining: 508.2
4 5.8 , Est Remaining: 494.6
5 7.1 , Est Remaining: 485.0
6 8.4 , Est Remaining: 478.6
7 9.8 , Est Remaining: 474.9
8 11.1 , Est Remaining: 471.0
9 12.5 , Est Remaining: 468.1
10 13.8 , Est Remaining: 465.0
11 15.2 , Est Remaining: 462.3
12 16.5 , Est Remaining: 459.5
13 17.9 , Est Remaining: 457.4
14 19.2 , Est Remaining: 455.1
15 20.5 , Est Remaining: 453.1
16 21.9 , Est Remaining: 451.3
17 23.2 , Est Remaining: 449.2
18 24.5 , Est Remaining: 447.2
19 25.9 , Est Remaining: 445.4
EVENT FAILED
19 26.2 , Est Remaining: 450.5
20 27.5 , Est Remaining: 448.5
21 28.9 , Est Remaining: 446.5
22 30.2 , Est Remaining: 444.5
23 31.5 , Est Remaining: 442.7
24 32.9 , Est Remaining: 440.8
25 34.2 , Est Remaining: 439.0
26 35.5 , Est Remaining: 437.2
27 36.9 , Est Remaining: 435.4
28 38.2 , Est Remaining: 433.8
29 39.5 , Est Remaining: 432.1
30 40.9 , Est Remaining: 430.4
EVENT FAILED
30 41.2 , Est Remaining: 433.6
31 42.5 , Est Remaining: 431.8
32 43.8 , Est Remaining: 430.2
33 45.2 , Est Remaining: 428.5
34 46.5 , Est Remaining: 426.9
35 47.9 , Est Remaining: 425.2
36 49.2 , Est Remaining: 423.5
37 50.5 , Est Remaining: 421.9
38 51.8 , Est Remaining: 420.2
EVENT FAILED
38 52.1 , Est Remaining: 422.6
39 53.5 , Est Remaining: 420.9
40 54.8 , Est Remaining: 419.3
41 56.1 , Est Remaining: 417.7
42 57.5 , Est Remaining: 416.1
43 58.8 , Est Remaining: 414.5
44 60.2 , Est Remaining: 412.9
45 61.5 , Est Remaining: 411.4
46 62.9 , Est Remaining: 409.9
47 64.2 , Est Remaining: 408.6
48 65.6 , Est Remaining: 407.3
49 67.0 , Est Remaining: 405.9
50 68.3 , Est Remaining: 404.4
51 69.7 , Est Remaining: 403.0
52 71.0 , Est Remaining: 401.6
53 72.4 , Est Remaining: 400.1
54 73.7 , Est Remaining: 398.6
55 75.1 , Est Remaining: 397.1
56 76.4 , Est Remaining: 395.7
57 77.8 , Est Remaining: 394.4
58 79.1 , Est Remaining: 392.9
59 80.5 , Est Remaining: 391.5
60 81.8 , Est Remaining: 390.1
61 83.2 , Est Remaining: 388.7
62 84.5 , Est Remaining: 387.2
63 85.9 , Est Remaining: 385.8
64 87.2 , Est Remaining: 384.4
65 88.6 , Est Remaining: 383.0
66 89.9 , Est Remaining: 381.6
67 91.3 , Est Remaining: 380.2
68 92.6 , Est Remaining: 378.7
69 94.0 , Est Remaining: 377.3
70 95.3 , Est Remaining: 375.9
71 96.7 , Est Remaining: 374.6
72 98.0 , Est Remaining: 373.1
73 99.4 , Est Remaining: 371.7
74 100.8 , Est Remaining: 370.4
75 102.1 , Est Remaining: 369.0
76 103.5 , Est Remaining: 367.6
77 104.8 , Est Remaining: 366.3
78 106.2 , Est Remaining: 364.9
79 107.5 , Est Remaining: 363.5
80 108.9 , Est Remaining: 362.1
81 110.3 , Est Remaining: 360.8
82 111.6 , Est Remaining: 359.4
83 113.0 , Est Remaining: 358.0
84 114.3 , Est Remaining: 356.6
85 115.7 , Est Remaining: 355.2
86 117.0 , Est Remaining: 353.9
87 118.4 , Est Remaining: 352.5
88 119.8 , Est Remaining: 351.1
89 121.1 , Est Remaining: 349.7
90 122.5 , Est Remaining: 348.3
EVENT FAILED
90 122.8 , Est Remaining: 349.2
91 124.1 , Est Remaining: 347.8
92 125.5 , Est Remaining: 346.5
93 126.8 , Est Remaining: 345.1
94 128.2 , Est Remaining: 343.6
95 129.5 , Est Remaining: 342.3
96 130.9 , Est Remaining: 340.9
97 132.2 , Est Remaining: 339.5
98 133.6 , Est Remaining: 338.1
99 135.0 , Est Remaining: 336.8
100 136.3 , Est Remaining: 335.4
101 137.7 , Est Remaining: 334.0
102 139.0 , Est Remaining: 332.6
103 140.4 , Est Remaining: 331.3
104 141.8 , Est Remaining: 330.0
105 143.2 , Est Remaining: 328.6
106 144.5 , Est Remaining: 327.2
107 145.9 , Est Remaining: 325.8
108 147.2 , Est Remaining: 324.4
109 148.6 , Est Remaining: 323.1
110 149.9 , Est Remaining: 321.7
111 151.3 , Est Remaining: 320.3
112 152.6 , Est Remaining: 318.9
113 154.0 , Est Remaining: 317.5
114 155.4 , Est Remaining: 316.2
115 156.7 , Est Remaining: 314.8
116 158.1 , Est Remaining: 313.4
EVENT FAILED
116 158.4 , Est Remaining: 314.0
117 159.8 , Est Remaining: 312.7
118 161.1 , Est Remaining: 311.3
119 162.5 , Est Remaining: 309.9
120 163.8 , Est Remaining: 308.5
121 165.2 , Est Remaining: 307.1
122 166.6 , Est Remaining: 305.8
123 167.9 , Est Remaining: 304.4
124 169.3 , Est Remaining: 303.0
125 170.6 , Est Remaining: 301.7
126 172.0 , Est Remaining: 300.3
127 173.3 , Est Remaining: 298.9
128 174.7 , Est Remaining: 297.6
129 176.1 , Est Remaining: 296.2
130 177.4 , Est Remaining: 294.8
131 178.7 , Est Remaining: 293.4
132 180.1 , Est Remaining: 292.0
133 181.5 , Est Remaining: 290.6
134 182.8 , Est Remaining: 289.3
135 184.2 , Est Remaining: 287.9
136 185.6 , Est Remaining: 286.6
137 187.0 , Est Remaining: 285.2
138 188.3 , Est Remaining: 283.8
139 189.7 , Est Remaining: 282.5
140 191.0 , Est Remaining: 281.1
141 192.4 , Est Remaining: 279.7
142 193.8 , Est Remaining: 278.4
143 195.1 , Est Remaining: 277.0
144 196.5 , Est Remaining: 275.6
145 197.8 , Est Remaining: 274.2
146 199.2 , Est Remaining: 272.8
147 200.5 , Est Remaining: 271.5
148 201.9 , Est Remaining: 270.1
149 203.2 , Est Remaining: 268.7
150 204.6 , Est Remaining: 267.3
151 205.9 , Est Remaining: 265.9
152 207.2 , Est Remaining: 264.5
153 208.6 , Est Remaining: 263.1
154 209.9 , Est Remaining: 261.7
155 211.3 , Est Remaining: 260.3
156 212.6 , Est Remaining: 259.0
157 213.9 , Est Remaining: 257.6
158 215.3 , Est Remaining: 256.2
159 216.6 , Est Remaining: 254.8
160 218.0 , Est Remaining: 253.4
161 219.3 , Est Remaining: 252.0
162 220.7 , Est Remaining: 250.7
163 222.0 , Est Remaining: 249.3
164 223.4 , Est Remaining: 247.9
165 224.7 , Est Remaining: 246.5
166 226.0 , Est Remaining: 245.1
167 227.4 , Est Remaining: 243.7
168 228.7 , Est Remaining: 242.3
169 230.1 , Est Remaining: 240.9
170 231.4 , Est Remaining: 239.6
171 232.7 , Est Remaining: 238.2
172 234.1 , Est Remaining: 236.8
173 235.4 , Est Remaining: 235.4
174 236.7 , Est Remaining: 234.0
175 238.1 , Est Remaining: 232.6
176 239.4 , Est Remaining: 231.3
EVENT FAILED
176 239.7 , Est Remaining: 231.5
177 241.1 , Est Remaining: 230.2
178 242.4 , Est Remaining: 228.8
179 243.7 , Est Remaining: 227.4
180 245.1 , Est Remaining: 226.0
181 246.4 , Est Remaining: 224.6
182 247.7 , Est Remaining: 223.2
183 249.1 , Est Remaining: 221.9
184 250.4 , Est Remaining: 220.5
185 251.8 , Est Remaining: 219.1
186 253.1 , Est Remaining: 217.7
187 254.5 , Est Remaining: 216.4
188 255.8 , Est Remaining: 215.0
189 257.2 , Est Remaining: 213.6
190 258.5 , Est Remaining: 212.2
191 259.8 , Est Remaining: 210.9
192 261.2 , Est Remaining: 209.5
193 262.5 , Est Remaining: 208.1
194 263.9 , Est Remaining: 206.8
195 265.2 , Est Remaining: 205.4
196 266.6 , Est Remaining: 204.0
197 267.9 , Est Remaining: 202.6
198 269.2 , Est Remaining: 201.3
199 270.6 , Est Remaining: 199.9
200 271.9 , Est Remaining: 198.5
201 273.3 , Est Remaining: 197.1
EVENT FAILED
201 273.6 , Est Remaining: 197.4
202 274.9 , Est Remaining: 196.0
203 276.7 , Est Remaining: 194.9
204 278.0 , Est Remaining: 193.5
205 279.4 , Est Remaining: 192.2
206 280.7 , Est Remaining: 190.8
207 282.1 , Est Remaining: 189.4
208 283.4 , Est Remaining: 188.0
209 284.8 , Est Remaining: 186.7
210 286.1 , Est Remaining: 185.3
211 287.4 , Est Remaining: 183.9
212 288.8 , Est Remaining: 182.5
213 290.1 , Est Remaining: 181.2
214 291.4 , Est Remaining: 179.8
215 292.8 , Est Remaining: 178.4
216 294.1 , Est Remaining: 177.0
217 295.5 , Est Remaining: 175.6
218 296.8 , Est Remaining: 174.3
219 298.1 , Est Remaining: 172.9
220 299.5 , Est Remaining: 171.5
EVENT FAILED
220 299.8 , Est Remaining: 171.7
221 301.1 , Est Remaining: 170.3
222 302.4 , Est Remaining: 168.9
223 303.8 , Est Remaining: 167.6
224 305.1 , Est Remaining: 166.2
225 306.4 , Est Remaining: 164.8
226 307.8 , Est Remaining: 163.4
227 309.1 , Est Remaining: 162.0
228 310.5 , Est Remaining: 160.7
229 311.8 , Est Remaining: 159.3
230 313.1 , Est Remaining: 157.9
231 314.5 , Est Remaining: 156.6
232 315.8 , Est Remaining: 155.2
233 317.2 , Est Remaining: 153.8
234 318.5 , Est Remaining: 152.4
235 319.8 , Est Remaining: 151.1
236 321.2 , Est Remaining: 149.7
237 322.5 , Est Remaining: 148.3
238 323.8 , Est Remaining: 146.9
239 325.2 , Est Remaining: 145.6
240 326.5 , Est Remaining: 144.2
241 327.8 , Est Remaining: 142.8
242 329.1 , Est Remaining: 141.4
243 330.5 , Est Remaining: 140.1
244 331.8 , Est Remaining: 138.7
245 333.2 , Est Remaining: 137.3
246 334.5 , Est Remaining: 136.0
247 335.8 , Est Remaining: 134.6
248 337.2 , Est Remaining: 133.2
249 338.5 , Est Remaining: 131.9
250 339.8 , Est Remaining: 130.5
251 341.1 , Est Remaining: 129.1
252 342.4 , Est Remaining: 127.7
253 343.8 , Est Remaining: 126.4
254 345.1 , Est Remaining: 125.0
255 346.4 , Est Remaining: 123.6
256 347.8 , Est Remaining: 122.3
257 349.1 , Est Remaining: 120.9
EVENT FAILED
257 349.4 , Est Remaining: 121.0
258 350.8 , Est Remaining: 119.6
259 352.1 , Est Remaining: 118.3
260 353.4 , Est Remaining: 116.9
261 354.7 , Est Remaining: 115.5
262 356.1 , Est Remaining: 114.2
263 357.5 , Est Remaining: 112.8
264 358.8 , Est Remaining: 111.4
265 360.1 , Est Remaining: 110.1
266 361.5 , Est Remaining: 108.7
267 362.8 , Est Remaining: 107.3
268 364.1 , Est Remaining: 106.0
269 365.5 , Est Remaining: 104.6
270 366.8 , Est Remaining: 103.2
271 368.1 , Est Remaining: 101.9
272 369.4 , Est Remaining: 100.5
273 370.7 , Est Remaining: 99.1
274 372.0 , Est Remaining: 97.8
275 373.4 , Est Remaining: 96.4
276 374.7 , Est Remaining: 95.0
277 376.0 , Est Remaining: 93.7
278 377.3 , Est Remaining: 92.3
279 378.6 , Est Remaining: 90.9
280 379.9 , Est Remaining: 89.5
281 381.2 , Est Remaining: 88.2
282 382.5 , Est Remaining: 86.8
283 383.8 , Est Remaining: 85.4
284 385.1 , Est Remaining: 84.1
285 386.4 , Est Remaining: 82.7
286 387.7 , Est Remaining: 81.3
287 389.0 , Est Remaining: 80.0
288 390.3 , Est Remaining: 78.6
289 391.6 , Est Remaining: 77.2
290 392.9 , Est Remaining: 75.9
291 394.2 , Est Remaining: 74.5
292 395.5 , Est Remaining: 73.1
293 396.8 , Est Remaining: 71.8
294 398.1 , Est Remaining: 70.4
295 399.4 , Est Remaining: 69.0
296 400.7 , Est Remaining: 67.7
297 401.9 , Est Remaining: 66.3
298 403.2 , Est Remaining: 64.9
299 404.5 , Est Remaining: 63.6
300 405.8 , Est Remaining: 62.2
301 407.1 , Est Remaining: 60.9
302 408.5 , Est Remaining: 59.5
303 409.8 , Est Remaining: 58.2
304 411.1 , Est Remaining: 56.8
305 412.3 , Est Remaining: 55.4
306 413.6 , Est Remaining: 54.1
307 414.9 , Est Remaining: 52.7
308 416.2 , Est Remaining: 51.3
309 417.5 , Est Remaining: 50.0
310 418.8 , Est Remaining: 48.6
311 420.0 , Est Remaining: 47.3
312 421.3 , Est Remaining: 45.9
313 422.6 , Est Remaining: 44.6
314 423.9 , Est Remaining: 43.2
315 425.1 , Est Remaining: 41.8
316 426.4 , Est Remaining: 40.5
317 427.7 , Est Remaining: 39.1
318 429.0 , Est Remaining: 37.8
319 430.3 , Est Remaining: 36.4
320 431.5 , Est Remaining: 35.1
321 432.8 , Est Remaining: 33.7
322 434.1 , Est Remaining: 32.4
323 435.4 , Est Remaining: 31.0
324 436.7 , Est Remaining: 29.7
325 438.0 , Est Remaining: 28.3
326 439.2 , Est Remaining: 26.9
327 440.5 , Est Remaining: 25.6
328 441.8 , Est Remaining: 24.2
329 443.1 , Est Remaining: 22.9
330 444.4 , Est Remaining: 21.5
331 445.6 , Est Remaining: 20.2
332 446.9 , Est Remaining: 18.8
333 448.2 , Est Remaining: 17.5
334 449.4 , Est Remaining: 16.1
335 450.7 , Est Remaining: 14.8
