Note: NumExpr detected 32 cores but "NUMEXPR_MAX_THREADS" not set, so enforcing safe limit of 8.
Using selector: EpollSelector
/n/home02/jhaefner/miniconda/envs/IC-3.7-2020-06-16/lib/python3.7/site-packages/scipy/optimize/minpack.py:808: OptimizeWarning: Covariance of the parameters could not be estimated
  category=OptimizeWarning)
Total rwfs: 346
0 0.0 , Est Remaining: 999999.9
1 1.3 , Est Remaining: 460.2
EVENT FAILED
1 1.7 , Est Remaining: 570.0
2 3.0 , Est Remaining: 510.2
3 4.2 , Est Remaining: 477.2
4 5.5 , Est Remaining: 469.4
5 6.8 , Est Remaining: 462.5
6 8.1 , Est Remaining: 457.1
7 9.3 , Est Remaining: 452.3
8 10.6 , Est Remaining: 449.2
9 11.9 , Est Remaining: 447.1
10 13.2 , Est Remaining: 444.7
EVENT FAILED
10 13.5 , Est Remaining: 454.4
11 14.8 , Est Remaining: 450.7
EVENT FAILED
11 15.1 , Est Remaining: 459.5
12 16.4 , Est Remaining: 455.2
13 17.6 , Est Remaining: 451.4
14 18.9 , Est Remaining: 448.0
15 20.2 , Est Remaining: 444.9
16 21.5 , Est Remaining: 442.6
17 22.7 , Est Remaining: 440.1
18 24.0 , Est Remaining: 437.8
19 25.3 , Est Remaining: 435.2
20 26.6 , Est Remaining: 432.9
21 27.8 , Est Remaining: 430.7
22 29.1 , Est Remaining: 428.5
23 30.4 , Est Remaining: 426.4
24 31.6 , Est Remaining: 424.4
25 32.9 , Est Remaining: 422.4
26 34.2 , Est Remaining: 420.5
27 35.4 , Est Remaining: 418.8
28 36.7 , Est Remaining: 417.1
29 38.0 , Est Remaining: 415.8
30 39.3 , Est Remaining: 414.2
31 40.6 , Est Remaining: 412.4
32 41.9 , Est Remaining: 410.9
33 43.2 , Est Remaining: 409.3
34 44.4 , Est Remaining: 407.8
35 45.7 , Est Remaining: 406.5
36 47.0 , Est Remaining: 405.0
37 48.3 , Est Remaining: 403.6
38 49.6 , Est Remaining: 402.3
39 50.9 , Est Remaining: 400.9
40 52.2 , Est Remaining: 399.3
41 53.5 , Est Remaining: 398.0
42 54.8 , Est Remaining: 396.5
43 56.1 , Est Remaining: 395.2
44 57.4 , Est Remaining: 393.8
45 58.7 , Est Remaining: 392.4
46 60.0 , Est Remaining: 391.1
47 61.3 , Est Remaining: 389.7
48 62.6 , Est Remaining: 388.5
49 63.9 , Est Remaining: 387.3
50 65.2 , Est Remaining: 386.0
51 66.6 , Est Remaining: 385.2
52 67.9 , Est Remaining: 384.1
53 69.3 , Est Remaining: 382.9
54 70.6 , Est Remaining: 381.7
55 71.9 , Est Remaining: 380.4
56 73.2 , Est Remaining: 379.2
57 74.5 , Est Remaining: 378.0
58 75.9 , Est Remaining: 376.7
59 77.2 , Est Remaining: 375.5
EVENT FAILED
59 77.5 , Est Remaining: 376.9
60 78.8 , Est Remaining: 375.6
61 80.1 , Est Remaining: 374.4
62 81.5 , Est Remaining: 373.2
63 82.8 , Est Remaining: 371.9
64 84.1 , Est Remaining: 370.6
65 85.4 , Est Remaining: 369.4
EVENT FAILED
65 85.7 , Est Remaining: 370.6
66 87.1 , Est Remaining: 369.3
67 88.4 , Est Remaining: 368.0
EVENT FAILED
67 88.7 , Est Remaining: 369.2
68 90.0 , Est Remaining: 368.0
69 91.3 , Est Remaining: 366.6
EVENT FAILED
69 91.6 , Est Remaining: 367.8
70 92.9 , Est Remaining: 366.4
71 94.3 , Est Remaining: 365.1
72 95.6 , Est Remaining: 363.7
73 96.9 , Est Remaining: 362.4
74 98.2 , Est Remaining: 361.0
75 99.6 , Est Remaining: 359.7
76 100.9 , Est Remaining: 358.5
77 102.2 , Est Remaining: 357.2
78 103.6 , Est Remaining: 355.9
79 104.9 , Est Remaining: 354.6
80 106.2 , Est Remaining: 353.3
81 107.6 , Est Remaining: 352.0
82 108.9 , Est Remaining: 350.6
83 110.2 , Est Remaining: 349.3
84 111.6 , Est Remaining: 348.0
85 112.9 , Est Remaining: 346.6
86 114.2 , Est Remaining: 345.2
87 115.5 , Est Remaining: 343.9
88 116.8 , Est Remaining: 342.5
89 118.1 , Est Remaining: 341.1
90 119.4 , Est Remaining: 339.7
91 120.8 , Est Remaining: 338.5
92 122.1 , Est Remaining: 337.1
93 123.4 , Est Remaining: 335.7
94 124.8 , Est Remaining: 334.5
EVENT FAILED
94 125.1 , Est Remaining: 335.3
95 126.4 , Est Remaining: 334.0
96 127.7 , Est Remaining: 332.6
97 129.1 , Est Remaining: 331.3
98 130.4 , Est Remaining: 329.9
99 131.7 , Est Remaining: 328.6
100 133.0 , Est Remaining: 327.2
101 134.4 , Est Remaining: 325.9
102 135.7 , Est Remaining: 324.6
103 137.1 , Est Remaining: 323.4
104 138.4 , Est Remaining: 322.1
105 139.8 , Est Remaining: 320.8
106 141.1 , Est Remaining: 319.4
107 142.4 , Est Remaining: 318.1
108 143.8 , Est Remaining: 316.8
109 145.1 , Est Remaining: 315.4
110 146.4 , Est Remaining: 314.1
111 147.7 , Est Remaining: 312.7
112 149.0 , Est Remaining: 311.4
113 150.4 , Est Remaining: 310.1
114 151.7 , Est Remaining: 308.7
115 153.0 , Est Remaining: 307.4
116 154.3 , Est Remaining: 306.0
117 155.7 , Est Remaining: 304.7
118 157.0 , Est Remaining: 303.3
119 158.3 , Est Remaining: 302.0
120 159.7 , Est Remaining: 300.7
121 161.0 , Est Remaining: 299.4
122 162.3 , Est Remaining: 298.0
123 163.6 , Est Remaining: 296.7
124 165.0 , Est Remaining: 295.3
EVENT FAILED
124 165.3 , Est Remaining: 295.9
125 166.6 , Est Remaining: 294.5
126 167.9 , Est Remaining: 293.2
127 169.2 , Est Remaining: 291.9
128 170.6 , Est Remaining: 290.5
129 171.9 , Est Remaining: 289.2
130 173.2 , Est Remaining: 287.8
131 174.6 , Est Remaining: 286.5
132 175.8 , Est Remaining: 285.1
133 177.2 , Est Remaining: 283.7
134 178.5 , Est Remaining: 282.4
135 179.8 , Est Remaining: 281.1
136 181.2 , Est Remaining: 279.7
137 182.5 , Est Remaining: 278.4
138 183.8 , Est Remaining: 277.1
139 185.2 , Est Remaining: 275.8
140 186.5 , Est Remaining: 274.5
141 187.9 , Est Remaining: 273.2
142 189.2 , Est Remaining: 271.8
143 190.6 , Est Remaining: 270.5
144 191.9 , Est Remaining: 269.2
145 193.2 , Est Remaining: 267.8
146 194.5 , Est Remaining: 266.5
147 195.9 , Est Remaining: 265.2
148 197.2 , Est Remaining: 263.8
149 198.5 , Est Remaining: 262.5
150 199.9 , Est Remaining: 261.2
151 201.2 , Est Remaining: 259.8
152 202.5 , Est Remaining: 258.5
153 203.9 , Est Remaining: 257.2
154 205.2 , Est Remaining: 255.8
155 206.5 , Est Remaining: 254.5
156 207.8 , Est Remaining: 253.1
157 209.1 , Est Remaining: 251.7
158 210.4 , Est Remaining: 250.4
159 211.8 , Est Remaining: 249.1
160 213.1 , Est Remaining: 247.7
161 214.4 , Est Remaining: 246.4
162 215.7 , Est Remaining: 245.0
163 217.1 , Est Remaining: 243.7
164 218.4 , Est Remaining: 242.4
165 219.7 , Est Remaining: 241.0
166 221.1 , Est Remaining: 239.7
167 222.4 , Est Remaining: 238.4
168 223.7 , Est Remaining: 237.0
169 225.0 , Est Remaining: 235.7
170 226.4 , Est Remaining: 234.4
171 227.7 , Est Remaining: 233.0
172 229.0 , Est Remaining: 231.7
173 230.2 , Est Remaining: 230.2
174 231.6 , Est Remaining: 228.9
175 232.9 , Est Remaining: 227.6
176 234.2 , Est Remaining: 226.3
177 235.6 , Est Remaining: 224.9
178 236.9 , Est Remaining: 223.6
179 238.2 , Est Remaining: 222.3
180 239.6 , Est Remaining: 220.9
181 240.9 , Est Remaining: 219.6
182 242.2 , Est Remaining: 218.3
183 243.6 , Est Remaining: 216.9
184 244.9 , Est Remaining: 215.6
185 246.2 , Est Remaining: 214.3
186 247.6 , Est Remaining: 212.9
187 248.9 , Est Remaining: 211.6
188 250.2 , Est Remaining: 210.3
189 251.5 , Est Remaining: 208.9
190 252.9 , Est Remaining: 207.6
EVENT FAILED
190 253.2 , Est Remaining: 207.9
191 254.5 , Est Remaining: 206.5
192 255.8 , Est Remaining: 205.2
193 257.1 , Est Remaining: 203.8
194 258.4 , Est Remaining: 202.5
195 259.8 , Est Remaining: 201.1
196 261.1 , Est Remaining: 199.8
197 262.4 , Est Remaining: 198.5
198 263.7 , Est Remaining: 197.1
199 265.0 , Est Remaining: 195.8
200 266.4 , Est Remaining: 194.4
201 267.7 , Est Remaining: 193.1
202 269.0 , Est Remaining: 191.8
203 270.4 , Est Remaining: 190.5
204 271.8 , Est Remaining: 189.2
205 273.1 , Est Remaining: 187.8
206 274.4 , Est Remaining: 186.5
207 275.7 , Est Remaining: 185.2
208 277.1 , Est Remaining: 183.8
209 278.4 , Est Remaining: 182.5
210 279.8 , Est Remaining: 181.2
211 281.1 , Est Remaining: 179.8
212 282.4 , Est Remaining: 178.5
213 283.7 , Est Remaining: 177.2
214 285.0 , Est Remaining: 175.8
215 286.3 , Est Remaining: 174.5
216 287.7 , Est Remaining: 173.1
217 289.0 , Est Remaining: 171.8
218 290.3 , Est Remaining: 170.5
219 291.6 , Est Remaining: 169.1
220 293.0 , Est Remaining: 167.8
221 294.3 , Est Remaining: 166.4
222 295.6 , Est Remaining: 165.1
223 296.9 , Est Remaining: 163.8
224 298.2 , Est Remaining: 162.4
225 299.6 , Est Remaining: 161.1
226 300.9 , Est Remaining: 159.8
227 302.2 , Est Remaining: 158.4
228 303.5 , Est Remaining: 157.1
229 304.9 , Est Remaining: 155.8
230 306.2 , Est Remaining: 154.4
231 307.6 , Est Remaining: 153.1
232 308.9 , Est Remaining: 151.8
233 310.2 , Est Remaining: 150.5
234 311.5 , Est Remaining: 149.1
235 312.9 , Est Remaining: 147.8
236 314.2 , Est Remaining: 146.5
237 315.5 , Est Remaining: 145.1
238 316.9 , Est Remaining: 143.8
239 318.2 , Est Remaining: 142.5
240 319.5 , Est Remaining: 141.1
241 320.8 , Est Remaining: 139.8
242 322.1 , Est Remaining: 138.4
EVENT FAILED
242 322.4 , Est Remaining: 138.6
243 323.7 , Est Remaining: 137.2
244 325.1 , Est Remaining: 135.9
245 326.4 , Est Remaining: 134.6
246 327.7 , Est Remaining: 133.2
247 329.0 , Est Remaining: 131.9
248 330.3 , Est Remaining: 130.5
249 331.6 , Est Remaining: 129.2
250 333.0 , Est Remaining: 127.9
251 334.3 , Est Remaining: 126.5
EVENT FAILED
251 334.6 , Est Remaining: 126.6
252 335.9 , Est Remaining: 125.3
253 337.2 , Est Remaining: 124.0
254 338.5 , Est Remaining: 122.6
255 339.8 , Est Remaining: 121.3
256 341.2 , Est Remaining: 119.9
257 342.5 , Est Remaining: 118.6
258 343.8 , Est Remaining: 117.3
259 345.1 , Est Remaining: 115.9
260 346.5 , Est Remaining: 114.6
261 347.8 , Est Remaining: 113.3
262 349.1 , Est Remaining: 111.9
263 350.4 , Est Remaining: 110.6
264 351.7 , Est Remaining: 109.2
265 353.1 , Est Remaining: 107.9
266 354.4 , Est Remaining: 106.6
267 355.7 , Est Remaining: 105.2
268 357.0 , Est Remaining: 103.9
269 358.3 , Est Remaining: 102.6
270 359.7 , Est Remaining: 101.2
271 361.0 , Est Remaining: 99.9
272 362.3 , Est Remaining: 98.6
273 363.6 , Est Remaining: 97.2
274 365.0 , Est Remaining: 95.9
275 366.3 , Est Remaining: 94.6
EVENT FAILED
275 366.6 , Est Remaining: 94.6
276 367.9 , Est Remaining: 93.3
277 369.2 , Est Remaining: 92.0
278 370.4 , Est Remaining: 90.6
279 371.7 , Est Remaining: 89.3
280 373.0 , Est Remaining: 87.9
281 374.4 , Est Remaining: 86.6
282 375.7 , Est Remaining: 85.3
283 377.0 , Est Remaining: 83.9
284 378.4 , Est Remaining: 82.6
285 379.7 , Est Remaining: 81.3
286 381.0 , Est Remaining: 79.9
287 382.3 , Est Remaining: 78.6
EVENT FAILED
287 382.6 , Est Remaining: 78.7
288 384.0 , Est Remaining: 77.3
289 385.3 , Est Remaining: 76.0
290 386.6 , Est Remaining: 74.7
EVENT FAILED
290 386.9 , Est Remaining: 74.7
291 388.2 , Est Remaining: 73.4
292 389.6 , Est Remaining: 72.0
293 390.9 , Est Remaining: 70.7
294 392.2 , Est Remaining: 69.4
295 393.6 , Est Remaining: 68.0
296 394.9 , Est Remaining: 66.7
297 396.2 , Est Remaining: 65.4
298 397.5 , Est Remaining: 64.0
299 398.9 , Est Remaining: 62.7
300 400.2 , Est Remaining: 61.4
301 401.5 , Est Remaining: 60.0
302 402.9 , Est Remaining: 58.7
303 404.3 , Est Remaining: 57.4
304 405.6 , Est Remaining: 56.0
305 406.9 , Est Remaining: 54.7
306 408.2 , Est Remaining: 53.4
307 409.5 , Est Remaining: 52.0
308 410.9 , Est Remaining: 50.7
309 412.2 , Est Remaining: 49.4
310 413.5 , Est Remaining: 48.0
311 414.8 , Est Remaining: 46.7
312 416.1 , Est Remaining: 45.3
313 417.4 , Est Remaining: 44.0
314 418.8 , Est Remaining: 42.7
315 420.1 , Est Remaining: 41.3
316 421.4 , Est Remaining: 40.0
317 422.7 , Est Remaining: 38.7
318 424.1 , Est Remaining: 37.3
319 425.4 , Est Remaining: 36.0
320 426.7 , Est Remaining: 34.7
321 428.0 , Est Remaining: 33.3
322 429.3 , Est Remaining: 32.0
323 430.6 , Est Remaining: 30.7
324 431.9 , Est Remaining: 29.3
325 433.1 , Est Remaining: 28.0
326 434.4 , Est Remaining: 26.7
327 435.7 , Est Remaining: 25.3
328 437.0 , Est Remaining: 24.0
329 438.3 , Est Remaining: 22.6
330 439.6 , Est Remaining: 21.3
