Note: NumExpr detected 32 cores but "NUMEXPR_MAX_THREADS" not set, so enforcing safe limit of 8.
Using selector: EpollSelector
/n/home02/jhaefner/miniconda/envs/IC-3.7-2020-06-16/lib/python3.7/site-packages/scipy/optimize/minpack.py:808: OptimizeWarning: Covariance of the parameters could not be estimated
  category=OptimizeWarning)
Total rwfs: 346
0 0.0 , Est Remaining: 999999.9
1 1.3 , Est Remaining: 465.5
2 2.7 , Est Remaining: 464.7
3 4.1 , Est Remaining: 465.7
4 5.4 , Est Remaining: 463.7
5 6.7 , Est Remaining: 459.9
6 8.1 , Est Remaining: 458.6
7 9.4 , Est Remaining: 456.5
8 10.8 , Est Remaining: 454.8
EVENT FAILED
8 11.1 , Est Remaining: 467.4
9 12.4 , Est Remaining: 464.0
10 13.8 , Est Remaining: 462.0
11 15.1 , Est Remaining: 459.3
12 16.4 , Est Remaining: 457.0
13 17.7 , Est Remaining: 454.7
14 19.1 , Est Remaining: 452.6
15 20.4 , Est Remaining: 450.6
16 21.8 , Est Remaining: 448.6
17 23.1 , Est Remaining: 446.8
18 24.4 , Est Remaining: 444.8
19 25.7 , Est Remaining: 443.0
20 27.1 , Est Remaining: 442.0
21 28.5 , Est Remaining: 440.4
EVENT FAILED
21 28.8 , Est Remaining: 445.1
22 30.1 , Est Remaining: 443.4
23 31.5 , Est Remaining: 441.9
24 32.8 , Est Remaining: 440.1
25 34.2 , Est Remaining: 438.5
26 35.5 , Est Remaining: 436.9
27 36.8 , Est Remaining: 435.2
28 38.2 , Est Remaining: 433.6
29 39.5 , Est Remaining: 432.1
30 40.9 , Est Remaining: 430.5
31 42.2 , Est Remaining: 429.0
32 43.6 , Est Remaining: 427.6
33 44.9 , Est Remaining: 426.0
34 46.2 , Est Remaining: 424.4
35 47.6 , Est Remaining: 423.1
36 49.0 , Est Remaining: 421.7
EVENT FAILED
36 49.3 , Est Remaining: 424.3
37 50.6 , Est Remaining: 422.8
38 52.0 , Est Remaining: 421.2
39 53.3 , Est Remaining: 419.6
40 54.7 , Est Remaining: 418.1
EVENT FAILED
40 55.0 , Est Remaining: 420.4
41 56.3 , Est Remaining: 418.8
42 57.6 , Est Remaining: 417.2
43 59.0 , Est Remaining: 415.6
44 60.3 , Est Remaining: 414.1
45 61.7 , Est Remaining: 412.5
46 63.0 , Est Remaining: 411.0
47 64.3 , Est Remaining: 409.4
48 65.7 , Est Remaining: 407.7
49 67.0 , Est Remaining: 406.2
50 68.4 , Est Remaining: 404.7
51 69.7 , Est Remaining: 403.0
52 71.0 , Est Remaining: 401.5
53 72.4 , Est Remaining: 400.1
54 73.7 , Est Remaining: 398.6
55 75.1 , Est Remaining: 397.1
56 76.4 , Est Remaining: 395.7
57 77.8 , Est Remaining: 394.2
58 79.1 , Est Remaining: 392.7
59 80.4 , Est Remaining: 391.2
60 81.8 , Est Remaining: 389.8
61 83.1 , Est Remaining: 388.4
62 84.5 , Est Remaining: 386.9
63 85.8 , Est Remaining: 385.4
64 87.1 , Est Remaining: 383.9
65 88.5 , Est Remaining: 382.5
66 89.8 , Est Remaining: 381.0
67 91.2 , Est Remaining: 379.6
68 92.5 , Est Remaining: 378.2
69 93.9 , Est Remaining: 376.8
70 95.2 , Est Remaining: 375.4
71 96.6 , Est Remaining: 374.0
EVENT FAILED
71 96.9 , Est Remaining: 375.1
72 98.2 , Est Remaining: 373.6
73 99.5 , Est Remaining: 372.2
74 100.9 , Est Remaining: 370.7
75 102.2 , Est Remaining: 369.3
76 103.5 , Est Remaining: 367.9
77 104.9 , Est Remaining: 366.4
78 106.2 , Est Remaining: 365.0
EVENT FAILED
78 106.5 , Est Remaining: 366.1
79 107.9 , Est Remaining: 364.6
80 109.2 , Est Remaining: 363.2
81 110.6 , Est Remaining: 361.8
82 111.9 , Est Remaining: 360.4
83 113.3 , Est Remaining: 358.9
84 114.6 , Est Remaining: 357.5
85 116.0 , Est Remaining: 356.1
86 117.3 , Est Remaining: 354.7
87 118.7 , Est Remaining: 353.3
88 120.0 , Est Remaining: 351.9
89 121.4 , Est Remaining: 350.5
90 122.8 , Est Remaining: 349.2
91 124.1 , Est Remaining: 347.7
92 125.4 , Est Remaining: 346.3
93 126.8 , Est Remaining: 344.9
94 128.1 , Est Remaining: 343.5
95 129.5 , Est Remaining: 342.1
96 130.8 , Est Remaining: 340.7
97 132.2 , Est Remaining: 339.3
98 133.5 , Est Remaining: 337.9
99 134.9 , Est Remaining: 336.6
100 136.3 , Est Remaining: 335.2
101 137.6 , Est Remaining: 333.8
102 139.0 , Est Remaining: 332.4
103 140.4 , Est Remaining: 331.2
104 141.7 , Est Remaining: 329.8
105 143.1 , Est Remaining: 328.4
106 144.4 , Est Remaining: 327.1
107 145.8 , Est Remaining: 325.7
108 147.1 , Est Remaining: 324.3
109 148.5 , Est Remaining: 322.9
110 149.8 , Est Remaining: 321.5
111 151.2 , Est Remaining: 320.1
112 152.6 , Est Remaining: 318.7
113 153.9 , Est Remaining: 317.3
114 155.2 , Est Remaining: 315.9
115 156.6 , Est Remaining: 314.5
116 157.9 , Est Remaining: 313.1
117 159.3 , Est Remaining: 311.7
118 160.6 , Est Remaining: 310.4
119 162.0 , Est Remaining: 308.9
120 163.3 , Est Remaining: 307.6
121 164.7 , Est Remaining: 306.2
122 166.0 , Est Remaining: 304.8
123 167.4 , Est Remaining: 303.4
124 168.7 , Est Remaining: 302.0
125 170.0 , Est Remaining: 300.6
126 171.4 , Est Remaining: 299.3
127 172.8 , Est Remaining: 297.9
128 174.1 , Est Remaining: 296.5
129 175.5 , Est Remaining: 295.2
130 176.8 , Est Remaining: 293.8
131 178.2 , Est Remaining: 292.4
132 179.5 , Est Remaining: 291.0
133 180.9 , Est Remaining: 289.7
134 182.2 , Est Remaining: 288.3
135 183.6 , Est Remaining: 286.9
136 184.9 , Est Remaining: 285.5
137 186.2 , Est Remaining: 284.1
138 187.6 , Est Remaining: 282.7
EVENT FAILED
138 187.8 , Est Remaining: 283.1
139 189.2 , Est Remaining: 281.7
140 190.5 , Est Remaining: 280.3
141 191.8 , Est Remaining: 278.9
142 193.2 , Est Remaining: 277.6
143 194.6 , Est Remaining: 276.2
144 195.9 , Est Remaining: 274.8
145 197.2 , Est Remaining: 273.4
146 198.6 , Est Remaining: 272.0
147 199.9 , Est Remaining: 270.7
148 201.3 , Est Remaining: 269.3
149 202.6 , Est Remaining: 267.9
150 204.0 , Est Remaining: 266.5
151 205.3 , Est Remaining: 265.1
152 206.7 , Est Remaining: 263.8
153 208.0 , Est Remaining: 262.4
154 209.3 , Est Remaining: 261.0
155 210.7 , Est Remaining: 259.6
156 212.1 , Est Remaining: 258.3
157 213.4 , Est Remaining: 256.9
158 214.8 , Est Remaining: 255.5
159 216.1 , Est Remaining: 254.2
160 217.5 , Est Remaining: 252.8
161 218.8 , Est Remaining: 251.5
162 220.2 , Est Remaining: 250.1
163 221.5 , Est Remaining: 248.7
164 222.9 , Est Remaining: 247.4
165 224.2 , Est Remaining: 246.0
166 225.6 , Est Remaining: 244.6
167 227.0 , Est Remaining: 243.3
168 228.3 , Est Remaining: 241.9
169 229.7 , Est Remaining: 240.5
170 231.0 , Est Remaining: 239.1
171 232.3 , Est Remaining: 237.8
172 233.7 , Est Remaining: 236.4
173 235.0 , Est Remaining: 235.0
174 236.4 , Est Remaining: 233.7
175 237.7 , Est Remaining: 232.3
176 239.1 , Est Remaining: 230.9
177 240.4 , Est Remaining: 229.5
178 241.7 , Est Remaining: 228.1
179 243.1 , Est Remaining: 226.8
180 244.4 , Est Remaining: 225.4
181 245.7 , Est Remaining: 224.0
182 247.1 , Est Remaining: 222.6
183 248.4 , Est Remaining: 221.2
184 249.7 , Est Remaining: 219.9
185 251.0 , Est Remaining: 218.5
186 252.4 , Est Remaining: 217.1
187 253.7 , Est Remaining: 215.7
188 255.1 , Est Remaining: 214.4
189 256.4 , Est Remaining: 213.0
190 257.7 , Est Remaining: 211.6
191 259.1 , Est Remaining: 210.2
192 260.4 , Est Remaining: 208.8
193 261.7 , Est Remaining: 207.5
194 263.0 , Est Remaining: 206.1
195 264.4 , Est Remaining: 204.7
196 265.7 , Est Remaining: 203.3
197 267.0 , Est Remaining: 202.0
198 268.4 , Est Remaining: 200.6
199 269.7 , Est Remaining: 199.2
200 271.0 , Est Remaining: 197.8
201 272.4 , Est Remaining: 196.5
202 273.7 , Est Remaining: 195.1
203 275.1 , Est Remaining: 193.8
204 276.5 , Est Remaining: 192.5
EVENT FAILED
204 276.8 , Est Remaining: 192.7
205 278.1 , Est Remaining: 191.3
206 279.5 , Est Remaining: 189.9
207 280.8 , Est Remaining: 188.6
208 282.1 , Est Remaining: 187.2
209 283.5 , Est Remaining: 185.8
210 284.8 , Est Remaining: 184.5
211 286.2 , Est Remaining: 183.1
212 287.5 , Est Remaining: 181.7
213 288.9 , Est Remaining: 180.4
214 290.2 , Est Remaining: 179.0
215 291.6 , Est Remaining: 177.7
216 292.9 , Est Remaining: 176.3
217 294.3 , Est Remaining: 174.9
218 295.6 , Est Remaining: 173.6
219 297.0 , Est Remaining: 172.2
220 298.3 , Est Remaining: 170.9
221 299.7 , Est Remaining: 169.5
222 300.9 , Est Remaining: 168.1
223 302.3 , Est Remaining: 166.7
224 303.6 , Est Remaining: 165.4
225 305.0 , Est Remaining: 164.0
226 306.3 , Est Remaining: 162.6
227 307.6 , Est Remaining: 161.3
228 309.0 , Est Remaining: 159.9
EVENT FAILED
228 309.3 , Est Remaining: 160.1
EVENT FAILED
228 309.6 , Est Remaining: 160.2
229 310.9 , Est Remaining: 158.8
230 312.3 , Est Remaining: 157.5
231 313.6 , Est Remaining: 156.1
232 315.0 , Est Remaining: 154.8
233 316.3 , Est Remaining: 153.4
234 317.7 , Est Remaining: 152.1
235 319.0 , Est Remaining: 150.7
236 320.4 , Est Remaining: 149.3
237 321.7 , Est Remaining: 148.0
238 323.1 , Est Remaining: 146.6
239 324.5 , Est Remaining: 145.3
EVENT FAILED
239 325.1 , Est Remaining: 145.6
EVENT FAILED
239 325.6 , Est Remaining: 145.8
240 327.0 , Est Remaining: 144.4
241 328.4 , Est Remaining: 143.1
242 329.7 , Est Remaining: 141.7
243 331.1 , Est Remaining: 140.3
244 332.4 , Est Remaining: 138.9
245 333.7 , Est Remaining: 137.6
246 335.1 , Est Remaining: 136.2
247 336.4 , Est Remaining: 134.8
248 337.8 , Est Remaining: 133.5
249 339.1 , Est Remaining: 132.1
250 340.5 , Est Remaining: 130.7
251 341.8 , Est Remaining: 129.4
252 343.2 , Est Remaining: 128.0
253 344.5 , Est Remaining: 126.6
254 345.9 , Est Remaining: 125.3
255 347.2 , Est Remaining: 123.9
256 348.6 , Est Remaining: 122.5
257 349.9 , Est Remaining: 121.2
258 351.3 , Est Remaining: 119.8
259 352.6 , Est Remaining: 118.4
260 354.0 , Est Remaining: 117.1
261 355.3 , Est Remaining: 115.7
262 356.7 , Est Remaining: 114.3
263 358.0 , Est Remaining: 113.0
264 359.4 , Est Remaining: 111.6
265 360.7 , Est Remaining: 110.3
266 362.1 , Est Remaining: 108.9
267 363.4 , Est Remaining: 107.5
268 364.8 , Est Remaining: 106.2
269 366.1 , Est Remaining: 104.8
270 367.5 , Est Remaining: 103.4
271 368.8 , Est Remaining: 102.1
272 370.2 , Est Remaining: 100.7
273 371.6 , Est Remaining: 99.4
274 372.9 , Est Remaining: 98.0
275 374.3 , Est Remaining: 96.6
276 375.7 , Est Remaining: 95.3
277 377.0 , Est Remaining: 93.9
278 378.4 , Est Remaining: 92.6
279 379.7 , Est Remaining: 91.2
280 381.1 , Est Remaining: 89.8
281 382.4 , Est Remaining: 88.5
282 383.8 , Est Remaining: 87.1
283 385.2 , Est Remaining: 85.7
284 386.5 , Est Remaining: 84.4
285 387.9 , Est Remaining: 83.0
286 389.2 , Est Remaining: 81.7
287 390.6 , Est Remaining: 80.3
EVENT FAILED
287 390.9 , Est Remaining: 80.4
288 392.2 , Est Remaining: 79.0
289 393.6 , Est Remaining: 77.6
290 394.9 , Est Remaining: 76.3
291 396.3 , Est Remaining: 74.9
292 397.6 , Est Remaining: 73.5
293 399.0 , Est Remaining: 72.2
294 400.3 , Est Remaining: 70.8
295 401.7 , Est Remaining: 69.4
296 403.1 , Est Remaining: 68.1
297 404.4 , Est Remaining: 66.7
298 405.8 , Est Remaining: 65.4
299 407.1 , Est Remaining: 64.0
300 408.5 , Est Remaining: 62.6
301 409.8 , Est Remaining: 61.3
302 411.3 , Est Remaining: 59.9
303 412.7 , Est Remaining: 58.6
304 414.0 , Est Remaining: 57.2
305 415.4 , Est Remaining: 55.8
306 416.7 , Est Remaining: 54.5
307 418.1 , Est Remaining: 53.1
308 419.4 , Est Remaining: 51.7
309 420.8 , Est Remaining: 50.4
310 422.1 , Est Remaining: 49.0
EVENT FAILED
310 422.4 , Est Remaining: 49.1
311 423.7 , Est Remaining: 47.7
312 425.1 , Est Remaining: 46.3
313 426.4 , Est Remaining: 45.0
314 427.7 , Est Remaining: 43.6
315 429.1 , Est Remaining: 42.2
316 430.4 , Est Remaining: 40.9
317 431.8 , Est Remaining: 39.5
318 433.1 , Est Remaining: 38.1
319 434.4 , Est Remaining: 36.8
320 435.8 , Est Remaining: 35.4
321 437.1 , Est Remaining: 34.0
322 438.5 , Est Remaining: 32.7
323 439.8 , Est Remaining: 31.3
324 441.1 , Est Remaining: 30.0
325 442.5 , Est Remaining: 28.6
326 443.8 , Est Remaining: 27.2
327 445.2 , Est Remaining: 25.9
328 446.5 , Est Remaining: 24.5
329 447.8 , Est Remaining: 23.1
330 449.1 , Est Remaining: 21.8
331 450.4 , Est Remaining: 20.4
