Note: NumExpr detected 32 cores but "NUMEXPR_MAX_THREADS" not set, so enforcing safe limit of 8.
Using selector: EpollSelector
/n/home02/jhaefner/miniconda/envs/IC-3.7-2020-06-16/lib/python3.7/site-packages/scipy/optimize/minpack.py:808: OptimizeWarning: Covariance of the parameters could not be estimated
  category=OptimizeWarning)
Total rwfs: 346
0 0.0 , Est Remaining: 999999.9
1 1.4 , Est Remaining: 491.2
2 2.8 , Est Remaining: 486.8
3 4.3 , Est Remaining: 487.3
4 5.7 , Est Remaining: 483.3
5 7.0 , Est Remaining: 478.9
EVENT FAILED
5 7.3 , Est Remaining: 500.2
6 8.7 , Est Remaining: 492.6
7 10.1 , Est Remaining: 487.2
8 11.4 , Est Remaining: 482.5
9 12.8 , Est Remaining: 477.9
10 14.1 , Est Remaining: 474.8
11 15.5 , Est Remaining: 471.4
12 16.8 , Est Remaining: 468.7
13 18.2 , Est Remaining: 466.4
14 19.6 , Est Remaining: 463.9
15 20.9 , Est Remaining: 461.0
16 22.2 , Est Remaining: 458.5
17 23.6 , Est Remaining: 456.2
18 24.9 , Est Remaining: 453.8
19 26.2 , Est Remaining: 451.7
20 27.6 , Est Remaining: 449.6
21 28.9 , Est Remaining: 447.5
22 30.3 , Est Remaining: 446.0
23 31.7 , Est Remaining: 444.8
24 33.0 , Est Remaining: 443.3
25 34.4 , Est Remaining: 441.8
26 35.8 , Est Remaining: 440.3
27 37.1 , Est Remaining: 438.9
28 38.5 , Est Remaining: 437.6
29 39.9 , Est Remaining: 436.2
30 41.3 , Est Remaining: 435.0
31 42.7 , Est Remaining: 433.7
32 44.1 , Est Remaining: 432.4
33 45.4 , Est Remaining: 431.1
34 46.8 , Est Remaining: 429.9
35 48.2 , Est Remaining: 428.6
36 49.6 , Est Remaining: 427.4
37 51.0 , Est Remaining: 426.1
38 52.4 , Est Remaining: 424.7
39 53.8 , Est Remaining: 423.5
40 55.2 , Est Remaining: 422.2
41 56.6 , Est Remaining: 421.1
42 58.0 , Est Remaining: 419.9
43 59.4 , Est Remaining: 418.7
44 60.8 , Est Remaining: 417.5
45 62.2 , Est Remaining: 416.3
46 63.7 , Est Remaining: 415.1
47 65.1 , Est Remaining: 414.0
48 66.5 , Est Remaining: 413.0
49 67.9 , Est Remaining: 411.8
50 69.4 , Est Remaining: 410.7
51 70.8 , Est Remaining: 409.6
52 72.2 , Est Remaining: 408.4
53 73.7 , Est Remaining: 407.2
54 75.1 , Est Remaining: 406.0
55 76.5 , Est Remaining: 404.8
56 77.9 , Est Remaining: 403.6
57 79.4 , Est Remaining: 402.3
58 80.8 , Est Remaining: 401.1
59 82.2 , Est Remaining: 399.9
60 83.6 , Est Remaining: 398.7
61 85.1 , Est Remaining: 397.4
62 86.5 , Est Remaining: 396.2
63 87.9 , Est Remaining: 395.0
64 89.3 , Est Remaining: 393.7
65 90.8 , Est Remaining: 392.5
66 92.2 , Est Remaining: 391.2
67 93.6 , Est Remaining: 390.0
68 95.1 , Est Remaining: 388.8
69 96.6 , Est Remaining: 387.7
70 98.0 , Est Remaining: 386.4
71 99.4 , Est Remaining: 385.2
72 100.9 , Est Remaining: 383.9
73 102.3 , Est Remaining: 382.6
74 103.7 , Est Remaining: 381.3
75 105.2 , Est Remaining: 380.1
76 106.6 , Est Remaining: 378.8
77 108.1 , Est Remaining: 377.5
78 109.5 , Est Remaining: 376.3
EVENT FAILED
78 109.8 , Est Remaining: 377.3
79 111.3 , Est Remaining: 376.0
80 112.7 , Est Remaining: 374.7
81 114.2 , Est Remaining: 373.5
82 115.6 , Est Remaining: 372.2
83 117.1 , Est Remaining: 370.9
84 118.5 , Est Remaining: 369.8
EVENT FAILED
84 118.9 , Est Remaining: 370.7
85 120.3 , Est Remaining: 369.4
86 121.8 , Est Remaining: 368.2
87 123.3 , Est Remaining: 367.0
88 124.8 , Est Remaining: 365.7
89 126.2 , Est Remaining: 364.5
90 127.7 , Est Remaining: 363.2
91 129.1 , Est Remaining: 361.9
92 130.6 , Est Remaining: 360.5
93 132.1 , Est Remaining: 359.3
94 133.5 , Est Remaining: 357.9
95 135.0 , Est Remaining: 356.6
96 136.4 , Est Remaining: 355.3
97 137.9 , Est Remaining: 353.9
98 139.4 , Est Remaining: 352.7
99 140.8 , Est Remaining: 351.3
100 142.3 , Est Remaining: 350.0
101 143.8 , Est Remaining: 348.7
102 145.2 , Est Remaining: 347.4
103 146.8 , Est Remaining: 346.3
104 148.2 , Est Remaining: 344.9
105 149.7 , Est Remaining: 343.6
106 151.2 , Est Remaining: 342.3
107 152.6 , Est Remaining: 341.0
108 154.1 , Est Remaining: 339.6
109 155.6 , Est Remaining: 338.3
110 157.0 , Est Remaining: 336.9
111 158.5 , Est Remaining: 335.6
112 160.0 , Est Remaining: 334.3
113 161.5 , Est Remaining: 332.9
114 162.9 , Est Remaining: 331.6
115 164.4 , Est Remaining: 330.3
116 165.9 , Est Remaining: 329.0
EVENT FAILED
116 166.2 , Est Remaining: 329.5
117 167.7 , Est Remaining: 328.2
118 169.2 , Est Remaining: 326.9
119 170.7 , Est Remaining: 325.6
120 172.2 , Est Remaining: 324.3
121 173.7 , Est Remaining: 323.0
122 175.2 , Est Remaining: 321.7
123 176.7 , Est Remaining: 320.3
124 178.2 , Est Remaining: 319.0
125 179.7 , Est Remaining: 317.6
126 181.2 , Est Remaining: 316.3
127 182.6 , Est Remaining: 314.9
128 184.1 , Est Remaining: 313.6
129 185.6 , Est Remaining: 312.2
130 187.1 , Est Remaining: 310.9
131 188.4 , Est Remaining: 309.3
132 189.9 , Est Remaining: 307.9
133 191.5 , Est Remaining: 306.6
134 192.9 , Est Remaining: 305.3
135 194.4 , Est Remaining: 303.9
136 195.9 , Est Remaining: 302.5
137 197.4 , Est Remaining: 301.1
138 198.9 , Est Remaining: 299.7
139 200.3 , Est Remaining: 298.3
EVENT FAILED
139 201.2 , Est Remaining: 299.6
140 202.6 , Est Remaining: 298.2
141 204.1 , Est Remaining: 296.7
142 205.5 , Est Remaining: 295.3
143 207.0 , Est Remaining: 293.8
144 208.4 , Est Remaining: 292.4
145 209.9 , Est Remaining: 290.9
146 211.3 , Est Remaining: 289.5
147 212.7 , Est Remaining: 288.0
148 214.2 , Est Remaining: 286.5
149 215.6 , Est Remaining: 285.1
150 217.1 , Est Remaining: 283.7
151 218.5 , Est Remaining: 282.2
152 220.0 , Est Remaining: 280.8
153 221.4 , Est Remaining: 279.3
154 222.9 , Est Remaining: 277.9
155 224.3 , Est Remaining: 276.4
156 225.8 , Est Remaining: 275.0
157 227.3 , Est Remaining: 273.6
158 228.7 , Est Remaining: 272.2
159 230.2 , Est Remaining: 270.7
160 231.6 , Est Remaining: 269.3
161 233.1 , Est Remaining: 267.9
162 234.6 , Est Remaining: 266.4
163 236.0 , Est Remaining: 265.0
164 237.5 , Est Remaining: 263.5
165 238.9 , Est Remaining: 262.1
166 240.4 , Est Remaining: 260.7
167 241.9 , Est Remaining: 259.3
EVENT FAILED
167 242.2 , Est Remaining: 259.6
168 243.6 , Est Remaining: 258.2
169 245.1 , Est Remaining: 256.7
170 246.5 , Est Remaining: 255.2
171 248.0 , Est Remaining: 253.8
172 249.4 , Est Remaining: 252.3
173 250.9 , Est Remaining: 250.9
174 252.3 , Est Remaining: 249.4
175 253.7 , Est Remaining: 247.9
176 255.2 , Est Remaining: 246.5
177 256.6 , Est Remaining: 245.0
178 258.1 , Est Remaining: 243.6
179 259.5 , Est Remaining: 242.1
EVENT FAILED
179 259.9 , Est Remaining: 242.4
180 261.3 , Est Remaining: 241.0
181 262.7 , Est Remaining: 239.5
182 264.2 , Est Remaining: 238.1
183 265.6 , Est Remaining: 236.6
184 267.1 , Est Remaining: 235.2
185 268.6 , Est Remaining: 233.7
186 270.0 , Est Remaining: 232.3
187 271.5 , Est Remaining: 230.8
188 272.9 , Est Remaining: 229.4
189 274.4 , Est Remaining: 227.9
190 275.8 , Est Remaining: 226.5
191 277.3 , Est Remaining: 225.1
192 278.8 , Est Remaining: 223.6
193 280.2 , Est Remaining: 222.2
194 281.7 , Est Remaining: 220.7
195 283.1 , Est Remaining: 219.3
196 284.6 , Est Remaining: 217.8
197 286.0 , Est Remaining: 216.3
198 287.5 , Est Remaining: 214.9
199 288.9 , Est Remaining: 213.4
200 290.4 , Est Remaining: 212.0
201 291.8 , Est Remaining: 210.5
202 293.3 , Est Remaining: 209.1
203 294.9 , Est Remaining: 207.7
204 296.3 , Est Remaining: 206.2
205 297.7 , Est Remaining: 204.8
206 299.2 , Est Remaining: 203.4
EVENT FAILED
206 299.5 , Est Remaining: 203.6
207 301.0 , Est Remaining: 202.1
208 302.4 , Est Remaining: 200.6
209 303.9 , Est Remaining: 199.2
210 305.3 , Est Remaining: 197.7
211 306.8 , Est Remaining: 196.3
212 308.3 , Est Remaining: 194.8
213 309.7 , Est Remaining: 193.4
214 311.2 , Est Remaining: 191.9
215 312.6 , Est Remaining: 190.5
216 314.1 , Est Remaining: 189.0
217 315.5 , Est Remaining: 187.6
218 317.0 , Est Remaining: 186.1
219 318.4 , Est Remaining: 184.7
220 319.9 , Est Remaining: 183.2
221 321.3 , Est Remaining: 181.8
222 322.8 , Est Remaining: 180.3
223 324.2 , Est Remaining: 178.8
224 325.6 , Est Remaining: 177.4
225 327.1 , Est Remaining: 175.9
226 328.6 , Est Remaining: 174.5
227 330.0 , Est Remaining: 173.0
228 331.5 , Est Remaining: 171.6
229 332.9 , Est Remaining: 170.1
230 334.4 , Est Remaining: 168.7
231 335.9 , Est Remaining: 167.2
232 337.3 , Est Remaining: 165.7
233 338.8 , Est Remaining: 164.3
234 340.2 , Est Remaining: 162.8
235 341.6 , Est Remaining: 161.4
236 343.1 , Est Remaining: 159.9
237 344.5 , Est Remaining: 158.5
238 346.0 , Est Remaining: 157.0
239 347.4 , Est Remaining: 155.5
240 348.9 , Est Remaining: 154.1
241 350.3 , Est Remaining: 152.6
242 351.8 , Est Remaining: 151.2
243 353.2 , Est Remaining: 149.7
244 354.6 , Est Remaining: 148.3
245 356.1 , Est Remaining: 146.8
246 357.6 , Est Remaining: 145.3
247 359.0 , Est Remaining: 143.9
248 360.4 , Est Remaining: 142.4
249 361.9 , Est Remaining: 141.0
250 363.4 , Est Remaining: 139.5
251 364.8 , Est Remaining: 138.1
252 366.3 , Est Remaining: 136.6
253 367.7 , Est Remaining: 135.2
254 369.2 , Est Remaining: 133.7
255 370.6 , Est Remaining: 132.3
256 372.1 , Est Remaining: 130.8
EVENT FAILED
256 372.4 , Est Remaining: 130.9
257 373.9 , Est Remaining: 129.5
258 375.3 , Est Remaining: 128.0
259 376.7 , Est Remaining: 126.5
260 378.2 , Est Remaining: 125.1
261 379.6 , Est Remaining: 123.6
262 381.1 , Est Remaining: 122.2
263 382.5 , Est Remaining: 120.7
264 383.9 , Est Remaining: 119.2
265 385.4 , Est Remaining: 117.8
266 386.8 , Est Remaining: 116.3
267 388.2 , Est Remaining: 114.9
268 389.7 , Est Remaining: 113.4
269 391.1 , Est Remaining: 112.0
270 392.6 , Est Remaining: 110.5
271 394.0 , Est Remaining: 109.0
272 395.5 , Est Remaining: 107.6
273 396.9 , Est Remaining: 106.1
274 398.4 , Est Remaining: 104.7
275 399.9 , Est Remaining: 103.2
276 401.3 , Est Remaining: 101.8
277 402.8 , Est Remaining: 100.3
278 404.2 , Est Remaining: 98.9
279 405.7 , Est Remaining: 97.4
280 407.1 , Est Remaining: 96.0
281 408.6 , Est Remaining: 94.5
282 410.0 , Est Remaining: 93.1
283 411.5 , Est Remaining: 91.6
284 412.9 , Est Remaining: 90.2
285 414.4 , Est Remaining: 88.7
286 415.8 , Est Remaining: 87.2
287 417.3 , Est Remaining: 85.8
288 418.8 , Est Remaining: 84.3
289 420.2 , Est Remaining: 82.9
290 421.7 , Est Remaining: 81.4
291 423.1 , Est Remaining: 80.0
292 424.5 , Est Remaining: 78.5
293 425.9 , Est Remaining: 77.0
EVENT FAILED
293 426.2 , Est Remaining: 77.1
294 427.7 , Est Remaining: 75.6
295 429.1 , Est Remaining: 74.2
296 430.5 , Est Remaining: 72.7
297 432.0 , Est Remaining: 71.3
298 433.4 , Est Remaining: 69.8
299 434.8 , Est Remaining: 68.4
300 436.3 , Est Remaining: 66.9
301 437.7 , Est Remaining: 65.4
302 439.2 , Est Remaining: 64.0
303 440.6 , Est Remaining: 62.5
304 442.1 , Est Remaining: 61.1
305 443.5 , Est Remaining: 59.6
306 444.9 , Est Remaining: 58.2
307 446.4 , Est Remaining: 56.7
308 447.7 , Est Remaining: 55.2
309 449.1 , Est Remaining: 53.8
310 450.5 , Est Remaining: 52.3
311 451.9 , Est Remaining: 50.9
312 453.4 , Est Remaining: 49.4
313 454.8 , Est Remaining: 48.0
314 456.1 , Est Remaining: 46.5
315 457.6 , Est Remaining: 45.0
316 459.0 , Est Remaining: 43.6
317 460.4 , Est Remaining: 42.1
318 461.8 , Est Remaining: 40.7
319 463.2 , Est Remaining: 39.2
320 464.6 , Est Remaining: 37.8
321 466.1 , Est Remaining: 36.3
322 467.5 , Est Remaining: 34.8
323 468.9 , Est Remaining: 33.4
324 470.3 , Est Remaining: 31.9
325 471.7 , Est Remaining: 30.5
326 473.1 , Est Remaining: 29.0
327 474.5 , Est Remaining: 27.6
328 476.0 , Est Remaining: 26.1
EVENT FAILED
328 476.3 , Est Remaining: 26.1
329 477.7 , Est Remaining: 24.7
330 479.1 , Est Remaining: 23.2
331 480.5 , Est Remaining: 21.8
332 481.9 , Est Remaining: 20.3
333 483.3 , Est Remaining: 18.9
334 484.7 , Est Remaining: 17.4
