Note: NumExpr detected 32 cores but "NUMEXPR_MAX_THREADS" not set, so enforcing safe limit of 8.
Using selector: EpollSelector
/n/home02/jhaefner/miniconda/envs/IC-3.7-2020-06-16/lib/python3.7/site-packages/scipy/optimize/minpack.py:808: OptimizeWarning: Covariance of the parameters could not be estimated
  category=OptimizeWarning)
Total rwfs: 346
0 0.0 , Est Remaining: 999999.9
EVENT FAILED
0 0.3 , Est Remaining: 999999.9
1 1.7 , Est Remaining: 593.0
2 3.1 , Est Remaining: 531.1
3 4.5 , Est Remaining: 513.6
4 5.8 , Est Remaining: 499.6
5 7.2 , Est Remaining: 492.4
6 8.6 , Est Remaining: 487.2
7 9.9 , Est Remaining: 481.7
EVENT FAILED
7 10.3 , Est Remaining: 496.6
8 11.6 , Est Remaining: 489.9
9 12.9 , Est Remaining: 484.3
10 14.3 , Est Remaining: 480.0
11 15.6 , Est Remaining: 476.3
12 17.0 , Est Remaining: 473.5
13 18.4 , Est Remaining: 470.6
14 19.7 , Est Remaining: 467.7
15 21.1 , Est Remaining: 464.6
EVENT FAILED
15 21.3 , Est Remaining: 471.1
16 22.7 , Est Remaining: 468.1
17 24.1 , Est Remaining: 465.5
18 25.4 , Est Remaining: 462.8
EVENT FAILED
18 25.7 , Est Remaining: 468.2
19 27.0 , Est Remaining: 465.5
20 28.4 , Est Remaining: 462.8
21 29.7 , Est Remaining: 460.4
22 31.1 , Est Remaining: 458.4
EVENT FAILED
22 31.5 , Est Remaining: 463.2
23 32.8 , Est Remaining: 460.8
24 34.2 , Est Remaining: 458.2
25 35.5 , Est Remaining: 455.9
26 36.9 , Est Remaining: 453.6
27 38.2 , Est Remaining: 451.3
28 39.5 , Est Remaining: 448.9
29 40.9 , Est Remaining: 447.0
30 42.2 , Est Remaining: 445.0
31 43.6 , Est Remaining: 443.0
32 44.9 , Est Remaining: 441.0
33 46.3 , Est Remaining: 439.0
34 47.6 , Est Remaining: 437.1
35 49.0 , Est Remaining: 435.1
36 50.3 , Est Remaining: 433.4
37 51.7 , Est Remaining: 431.5
38 53.0 , Est Remaining: 429.7
EVENT FAILED
38 53.3 , Est Remaining: 432.1
39 54.7 , Est Remaining: 430.2
40 56.0 , Est Remaining: 428.5
41 57.4 , Est Remaining: 426.7
42 58.7 , Est Remaining: 425.0
43 60.1 , Est Remaining: 423.4
44 61.5 , Est Remaining: 421.8
45 62.8 , Est Remaining: 420.1
46 64.2 , Est Remaining: 418.5
47 65.5 , Est Remaining: 416.8
48 66.9 , Est Remaining: 415.3
49 68.2 , Est Remaining: 413.6
50 69.6 , Est Remaining: 412.0
51 70.9 , Est Remaining: 410.3
52 72.3 , Est Remaining: 408.7
53 73.6 , Est Remaining: 407.1
54 75.0 , Est Remaining: 405.4
55 76.3 , Est Remaining: 403.8
56 77.7 , Est Remaining: 402.2
57 79.0 , Est Remaining: 400.6
58 80.3 , Est Remaining: 398.9
59 81.7 , Est Remaining: 397.3
60 83.0 , Est Remaining: 395.8
EVENT FAILED
60 83.3 , Est Remaining: 397.3
61 84.7 , Est Remaining: 395.7
EVENT FAILED
61 85.0 , Est Remaining: 397.0
62 86.3 , Est Remaining: 395.4
63 87.7 , Est Remaining: 393.9
64 89.0 , Est Remaining: 392.3
65 90.4 , Est Remaining: 390.7
66 91.8 , Est Remaining: 389.2
67 93.1 , Est Remaining: 387.7
68 94.5 , Est Remaining: 386.2
69 95.8 , Est Remaining: 384.6
70 97.1 , Est Remaining: 383.0
71 98.5 , Est Remaining: 381.5
72 99.8 , Est Remaining: 379.9
73 101.2 , Est Remaining: 378.4
74 102.5 , Est Remaining: 376.9
75 103.9 , Est Remaining: 375.4
76 105.3 , Est Remaining: 374.0
77 106.6 , Est Remaining: 372.4
78 108.0 , Est Remaining: 370.9
79 109.3 , Est Remaining: 369.4
80 110.7 , Est Remaining: 368.0
81 112.0 , Est Remaining: 366.5
82 113.4 , Est Remaining: 365.0
83 114.7 , Est Remaining: 363.5
84 116.1 , Est Remaining: 362.0
85 117.4 , Est Remaining: 360.5
86 118.7 , Est Remaining: 359.0
87 120.1 , Est Remaining: 357.5
88 121.4 , Est Remaining: 356.0
89 122.8 , Est Remaining: 354.5
90 124.1 , Est Remaining: 353.0
91 125.4 , Est Remaining: 351.5
92 126.8 , Est Remaining: 350.1
93 128.1 , Est Remaining: 348.6
94 129.5 , Est Remaining: 347.1
95 130.8 , Est Remaining: 345.7
96 132.2 , Est Remaining: 344.2
97 133.5 , Est Remaining: 342.7
98 134.8 , Est Remaining: 341.2
99 136.2 , Est Remaining: 339.8
100 137.5 , Est Remaining: 338.3
EVENT FAILED
100 137.8 , Est Remaining: 339.0
101 139.2 , Est Remaining: 337.6
102 140.5 , Est Remaining: 336.1
103 141.9 , Est Remaining: 334.9
104 143.3 , Est Remaining: 333.4
105 144.6 , Est Remaining: 332.0
106 146.0 , Est Remaining: 330.5
107 147.3 , Est Remaining: 329.1
108 148.7 , Est Remaining: 327.6
109 150.0 , Est Remaining: 326.2
110 151.4 , Est Remaining: 324.8
111 152.7 , Est Remaining: 323.3
112 154.1 , Est Remaining: 321.9
113 155.4 , Est Remaining: 320.5
114 156.8 , Est Remaining: 319.0
115 158.1 , Est Remaining: 317.6
116 159.5 , Est Remaining: 316.2
117 160.8 , Est Remaining: 314.7
118 162.2 , Est Remaining: 313.3
119 163.5 , Est Remaining: 311.9
120 164.9 , Est Remaining: 310.5
121 166.2 , Est Remaining: 309.1
122 167.6 , Est Remaining: 307.7
123 169.0 , Est Remaining: 306.3
124 170.3 , Est Remaining: 304.9
125 171.7 , Est Remaining: 303.5
126 173.0 , Est Remaining: 302.1
127 174.4 , Est Remaining: 300.7
128 175.7 , Est Remaining: 299.3
129 177.1 , Est Remaining: 297.9
130 178.4 , Est Remaining: 296.4
131 179.8 , Est Remaining: 295.0
132 181.1 , Est Remaining: 293.6
133 182.4 , Est Remaining: 292.2
134 183.8 , Est Remaining: 290.8
135 185.2 , Est Remaining: 289.4
136 186.5 , Est Remaining: 288.0
137 187.8 , Est Remaining: 286.6
138 189.2 , Est Remaining: 285.1
139 190.5 , Est Remaining: 283.7
140 191.9 , Est Remaining: 282.3
141 193.2 , Est Remaining: 281.0
EVENT FAILED
141 193.5 , Est Remaining: 281.4
142 194.9 , Est Remaining: 280.0
143 196.2 , Est Remaining: 278.6
144 197.6 , Est Remaining: 277.2
145 198.9 , Est Remaining: 275.8
146 200.3 , Est Remaining: 274.4
147 201.6 , Est Remaining: 273.0
148 203.0 , Est Remaining: 271.5
149 204.3 , Est Remaining: 270.1
150 205.7 , Est Remaining: 268.7
151 207.0 , Est Remaining: 267.3
152 208.2 , Est Remaining: 265.8
153 209.6 , Est Remaining: 264.4
154 210.9 , Est Remaining: 263.0
155 212.3 , Est Remaining: 261.6
156 213.6 , Est Remaining: 260.2
157 215.0 , Est Remaining: 258.8
158 216.3 , Est Remaining: 257.4
159 217.7 , Est Remaining: 256.0
160 219.1 , Est Remaining: 254.6
161 220.4 , Est Remaining: 253.2
162 221.7 , Est Remaining: 251.9
163 223.1 , Est Remaining: 250.5
164 224.5 , Est Remaining: 249.1
165 225.8 , Est Remaining: 247.7
166 227.2 , Est Remaining: 246.3
167 228.5 , Est Remaining: 244.9
168 229.9 , Est Remaining: 243.6
169 231.2 , Est Remaining: 242.2
170 232.6 , Est Remaining: 240.8
171 233.9 , Est Remaining: 239.4
172 235.3 , Est Remaining: 238.0
173 236.6 , Est Remaining: 236.6
174 238.0 , Est Remaining: 235.2
175 239.3 , Est Remaining: 233.9
176 240.7 , Est Remaining: 232.5
177 242.0 , Est Remaining: 231.1
178 243.3 , Est Remaining: 229.7
179 244.7 , Est Remaining: 228.3
180 246.0 , Est Remaining: 226.9
181 247.4 , Est Remaining: 225.5
182 248.7 , Est Remaining: 224.1
183 250.1 , Est Remaining: 222.7
184 251.4 , Est Remaining: 221.3
185 252.8 , Est Remaining: 220.0
186 254.1 , Est Remaining: 218.6
187 255.5 , Est Remaining: 217.2
188 256.8 , Est Remaining: 215.8
189 258.1 , Est Remaining: 214.4
190 259.5 , Est Remaining: 213.0
191 260.8 , Est Remaining: 211.7
192 262.2 , Est Remaining: 210.3
193 263.5 , Est Remaining: 208.9
194 264.8 , Est Remaining: 207.5
195 266.1 , Est Remaining: 206.1
196 267.5 , Est Remaining: 204.7
197 268.8 , Est Remaining: 203.3
198 270.1 , Est Remaining: 201.9
199 271.5 , Est Remaining: 200.5
200 272.8 , Est Remaining: 199.1
201 274.1 , Est Remaining: 197.8
202 275.5 , Est Remaining: 196.4
203 277.0 , Est Remaining: 195.1
204 278.3 , Est Remaining: 193.7
205 279.6 , Est Remaining: 192.3
206 281.0 , Est Remaining: 191.0
EVENT FAILED
206 281.3 , Est Remaining: 191.2
207 282.6 , Est Remaining: 189.8
208 284.0 , Est Remaining: 188.4
209 285.4 , Est Remaining: 187.1
210 286.7 , Est Remaining: 185.7
211 288.0 , Est Remaining: 184.3
212 289.4 , Est Remaining: 182.9
213 290.7 , Est Remaining: 181.5
214 292.1 , Est Remaining: 180.2
215 293.4 , Est Remaining: 178.8
216 294.8 , Est Remaining: 177.4
217 296.1 , Est Remaining: 176.0
218 297.5 , Est Remaining: 174.7
219 298.8 , Est Remaining: 173.3
220 300.2 , Est Remaining: 171.9
221 301.5 , Est Remaining: 170.5
222 302.9 , Est Remaining: 169.2
223 304.2 , Est Remaining: 167.8
EVENT FAILED
223 304.5 , Est Remaining: 168.0
224 305.8 , Est Remaining: 166.6
225 307.2 , Est Remaining: 165.2
226 308.5 , Est Remaining: 163.8
227 309.9 , Est Remaining: 162.4
228 311.2 , Est Remaining: 161.1
229 312.6 , Est Remaining: 159.7
EVENT FAILED
229 312.9 , Est Remaining: 159.9
230 314.2 , Est Remaining: 158.5
231 315.6 , Est Remaining: 157.1
232 316.9 , Est Remaining: 155.7
233 318.2 , Est Remaining: 154.3
234 319.6 , Est Remaining: 153.0
235 320.9 , Est Remaining: 151.6
236 322.3 , Est Remaining: 150.2
237 323.6 , Est Remaining: 148.8
238 325.0 , Est Remaining: 147.5
239 326.3 , Est Remaining: 146.1
240 327.7 , Est Remaining: 144.7
241 329.0 , Est Remaining: 143.3
242 330.4 , Est Remaining: 142.0
243 331.7 , Est Remaining: 140.6
244 333.0 , Est Remaining: 139.2
245 334.4 , Est Remaining: 137.8
246 335.7 , Est Remaining: 136.5
247 337.1 , Est Remaining: 135.1
248 338.4 , Est Remaining: 133.7
249 339.7 , Est Remaining: 132.3
250 341.1 , Est Remaining: 131.0
251 342.4 , Est Remaining: 129.6
252 343.8 , Est Remaining: 128.2
253 345.1 , Est Remaining: 126.8
254 346.4 , Est Remaining: 125.5
255 347.8 , Est Remaining: 124.1
EVENT FAILED
255 348.0 , Est Remaining: 124.2
256 349.4 , Est Remaining: 122.8
257 350.7 , Est Remaining: 121.4
258 352.0 , Est Remaining: 120.1
259 353.4 , Est Remaining: 118.7
260 354.7 , Est Remaining: 117.3
261 356.0 , Est Remaining: 115.9
262 357.3 , Est Remaining: 114.6
263 358.7 , Est Remaining: 113.2
264 360.0 , Est Remaining: 111.8
265 361.3 , Est Remaining: 110.4
266 362.6 , Est Remaining: 109.1
267 364.0 , Est Remaining: 107.7
268 365.3 , Est Remaining: 106.3
269 366.6 , Est Remaining: 104.9
270 367.9 , Est Remaining: 103.6
271 369.3 , Est Remaining: 102.2
272 370.6 , Est Remaining: 100.8
273 371.9 , Est Remaining: 99.4
274 373.2 , Est Remaining: 98.1
275 374.5 , Est Remaining: 96.7
276 375.9 , Est Remaining: 95.3
277 377.2 , Est Remaining: 94.0
278 378.5 , Est Remaining: 92.6
279 379.8 , Est Remaining: 91.2
280 381.2 , Est Remaining: 89.8
281 382.5 , Est Remaining: 88.5
282 383.8 , Est Remaining: 87.1
283 385.1 , Est Remaining: 85.7
284 386.5 , Est Remaining: 84.4
285 387.8 , Est Remaining: 83.0
286 389.1 , Est Remaining: 81.6
287 390.5 , Est Remaining: 80.3
288 391.8 , Est Remaining: 78.9
289 393.1 , Est Remaining: 77.5
290 394.4 , Est Remaining: 76.2
291 395.7 , Est Remaining: 74.8
292 397.0 , Est Remaining: 73.4
293 398.3 , Est Remaining: 72.1
294 399.7 , Est Remaining: 70.7
295 401.0 , Est Remaining: 69.3
296 402.3 , Est Remaining: 68.0
297 403.6 , Est Remaining: 66.6
298 404.9 , Est Remaining: 65.2
299 406.2 , Est Remaining: 63.8
300 407.5 , Est Remaining: 62.5
301 408.8 , Est Remaining: 61.1
302 410.2 , Est Remaining: 59.8
303 411.5 , Est Remaining: 58.4
304 412.8 , Est Remaining: 57.0
305 414.1 , Est Remaining: 55.7
306 415.4 , Est Remaining: 54.3
307 416.8 , Est Remaining: 52.9
308 418.1 , Est Remaining: 51.6
309 419.4 , Est Remaining: 50.2
310 420.7 , Est Remaining: 48.9
311 422.0 , Est Remaining: 47.5
312 423.3 , Est Remaining: 46.1
313 424.5 , Est Remaining: 44.8
314 425.8 , Est Remaining: 43.4
315 427.1 , Est Remaining: 42.0
316 428.4 , Est Remaining: 40.7
317 429.7 , Est Remaining: 39.3
318 430.9 , Est Remaining: 37.9
319 432.2 , Est Remaining: 36.6
320 433.5 , Est Remaining: 35.2
321 434.8 , Est Remaining: 33.9
322 436.0 , Est Remaining: 32.5
323 437.2 , Est Remaining: 31.1
324 438.4 , Est Remaining: 29.8
325 439.7 , Est Remaining: 28.4
326 441.0 , Est Remaining: 27.1
327 442.2 , Est Remaining: 25.7
328 443.5 , Est Remaining: 24.3
329 444.8 , Est Remaining: 23.0
330 446.1 , Est Remaining: 21.6
331 447.3 , Est Remaining: 20.3
