Note: NumExpr detected 32 cores but "NUMEXPR_MAX_THREADS" not set, so enforcing safe limit of 8.
Using selector: EpollSelector
/n/home02/jhaefner/miniconda/envs/IC-3.7-2020-06-16/lib/python3.7/site-packages/scipy/optimize/minpack.py:808: OptimizeWarning: Covariance of the parameters could not be estimated
  category=OptimizeWarning)
Total rwfs: 346
0 0.0 , Est Remaining: 999999.9
1 1.4 , Est Remaining: 475.2
2 2.7 , Est Remaining: 471.3
3 4.1 , Est Remaining: 467.5
4 5.4 , Est Remaining: 463.0
5 6.7 , Est Remaining: 459.0
6 8.1 , Est Remaining: 457.9
7 9.6 , Est Remaining: 465.2
8 10.9 , Est Remaining: 462.2
9 12.3 , Est Remaining: 459.8
10 13.6 , Est Remaining: 456.6
11 14.9 , Est Remaining: 454.0
12 16.2 , Est Remaining: 451.5
13 17.5 , Est Remaining: 449.1
14 18.8 , Est Remaining: 446.6
15 20.1 , Est Remaining: 444.6
16 21.5 , Est Remaining: 442.8
17 22.8 , Est Remaining: 441.4
18 24.1 , Est Remaining: 439.8
19 25.5 , Est Remaining: 438.5
20 26.8 , Est Remaining: 436.9
21 28.1 , Est Remaining: 435.2
22 29.4 , Est Remaining: 433.6
23 30.8 , Est Remaining: 431.9
24 32.1 , Est Remaining: 430.6
25 33.4 , Est Remaining: 429.2
26 34.7 , Est Remaining: 427.7
27 36.1 , Est Remaining: 426.3
28 37.4 , Est Remaining: 424.9
29 38.8 , Est Remaining: 423.7
30 40.1 , Est Remaining: 422.4
31 41.4 , Est Remaining: 421.0
32 42.8 , Est Remaining: 419.5
33 44.1 , Est Remaining: 418.2
34 45.4 , Est Remaining: 416.6
35 46.7 , Est Remaining: 415.1
36 48.0 , Est Remaining: 413.6
37 49.4 , Est Remaining: 412.2
38 50.7 , Est Remaining: 410.8
39 52.0 , Est Remaining: 409.3
40 53.3 , Est Remaining: 407.8
41 54.6 , Est Remaining: 406.4
42 55.9 , Est Remaining: 404.8
43 57.2 , Est Remaining: 403.4
44 58.6 , Est Remaining: 401.9
45 59.9 , Est Remaining: 400.5
46 61.2 , Est Remaining: 399.1
47 62.5 , Est Remaining: 397.8
48 63.9 , Est Remaining: 396.5
49 65.2 , Est Remaining: 395.2
50 66.5 , Est Remaining: 393.9
51 67.9 , Est Remaining: 392.6
52 69.2 , Est Remaining: 391.3
53 70.5 , Est Remaining: 390.0
54 71.9 , Est Remaining: 388.6
55 73.1 , Est Remaining: 386.7
56 74.4 , Est Remaining: 385.3
57 75.7 , Est Remaining: 383.9
58 77.0 , Est Remaining: 382.5
59 78.4 , Est Remaining: 381.2
60 79.7 , Est Remaining: 379.9
61 81.0 , Est Remaining: 378.6
62 82.4 , Est Remaining: 377.3
63 83.7 , Est Remaining: 375.9
64 85.0 , Est Remaining: 374.6
65 86.4 , Est Remaining: 373.3
66 87.7 , Est Remaining: 372.0
67 89.0 , Est Remaining: 370.7
68 90.3 , Est Remaining: 369.4
69 91.7 , Est Remaining: 368.1
70 93.0 , Est Remaining: 366.7
71 94.3 , Est Remaining: 365.4
72 95.7 , Est Remaining: 364.1
73 97.0 , Est Remaining: 362.8
74 98.4 , Est Remaining: 361.6
75 99.7 , Est Remaining: 360.2
76 101.0 , Est Remaining: 359.0
77 102.4 , Est Remaining: 357.6
78 103.7 , Est Remaining: 356.3
79 105.0 , Est Remaining: 355.0
80 106.4 , Est Remaining: 353.7
81 107.7 , Est Remaining: 352.3
82 109.0 , Est Remaining: 351.0
83 110.3 , Est Remaining: 349.7
84 111.7 , Est Remaining: 348.3
85 113.0 , Est Remaining: 346.9
86 114.3 , Est Remaining: 345.7
87 115.6 , Est Remaining: 344.3
88 117.0 , Est Remaining: 343.0
89 118.3 , Est Remaining: 341.6
90 119.6 , Est Remaining: 340.3
91 120.9 , Est Remaining: 338.9
92 122.3 , Est Remaining: 337.5
93 123.6 , Est Remaining: 336.2
94 124.9 , Est Remaining: 334.9
95 126.3 , Est Remaining: 333.6
96 127.6 , Est Remaining: 332.2
97 128.9 , Est Remaining: 330.9
98 130.2 , Est Remaining: 329.6
EVENT FAILED
98 130.5 , Est Remaining: 330.3
99 131.9 , Est Remaining: 329.0
100 133.2 , Est Remaining: 327.6
101 134.5 , Est Remaining: 326.3
102 135.9 , Est Remaining: 325.2
103 137.2 , Est Remaining: 323.8
104 138.6 , Est Remaining: 322.5
105 139.9 , Est Remaining: 321.1
106 141.2 , Est Remaining: 319.8
107 142.6 , Est Remaining: 318.4
108 144.0 , Est Remaining: 317.4
109 145.4 , Est Remaining: 316.0
110 146.7 , Est Remaining: 314.7
111 148.0 , Est Remaining: 313.3
112 149.3 , Est Remaining: 312.0
113 150.6 , Est Remaining: 310.6
114 151.9 , Est Remaining: 309.2
115 153.3 , Est Remaining: 307.9
116 154.6 , Est Remaining: 306.5
117 155.9 , Est Remaining: 305.2
118 157.2 , Est Remaining: 303.8
EVENT FAILED
118 157.6 , Est Remaining: 304.4
119 158.9 , Est Remaining: 303.0
120 160.2 , Est Remaining: 301.7
121 161.5 , Est Remaining: 300.3
122 162.8 , Est Remaining: 299.0
123 164.2 , Est Remaining: 297.6
124 165.5 , Est Remaining: 296.3
125 166.8 , Est Remaining: 294.9
126 168.1 , Est Remaining: 293.6
127 169.5 , Est Remaining: 292.2
128 170.8 , Est Remaining: 290.9
129 172.1 , Est Remaining: 289.5
130 173.4 , Est Remaining: 288.2
131 174.8 , Est Remaining: 286.8
132 176.1 , Est Remaining: 285.5
133 177.4 , Est Remaining: 284.1
134 178.7 , Est Remaining: 282.7
135 180.0 , Est Remaining: 281.4
136 181.3 , Est Remaining: 280.0
137 182.7 , Est Remaining: 278.7
138 184.0 , Est Remaining: 277.3
139 185.3 , Est Remaining: 276.0
140 186.6 , Est Remaining: 274.6
141 188.0 , Est Remaining: 273.3
142 189.3 , Est Remaining: 271.9
143 190.6 , Est Remaining: 270.6
144 191.9 , Est Remaining: 269.3
145 193.3 , Est Remaining: 267.9
146 194.6 , Est Remaining: 266.6
147 195.9 , Est Remaining: 265.2
148 197.2 , Est Remaining: 263.9
149 198.6 , Est Remaining: 262.5
150 199.9 , Est Remaining: 261.2
151 201.2 , Est Remaining: 259.9
152 202.5 , Est Remaining: 258.5
153 203.9 , Est Remaining: 257.2
154 205.2 , Est Remaining: 255.8
155 206.5 , Est Remaining: 254.5
156 207.9 , Est Remaining: 253.2
157 209.2 , Est Remaining: 251.8
158 210.5 , Est Remaining: 250.5
159 211.9 , Est Remaining: 249.2
160 213.2 , Est Remaining: 247.8
161 214.5 , Est Remaining: 246.5
162 215.9 , Est Remaining: 245.2
163 217.2 , Est Remaining: 243.8
164 218.5 , Est Remaining: 242.5
165 219.8 , Est Remaining: 241.2
166 221.2 , Est Remaining: 239.8
167 222.4 , Est Remaining: 238.4
168 223.7 , Est Remaining: 237.1
169 225.1 , Est Remaining: 235.7
EVENT FAILED
169 225.4 , Est Remaining: 236.0
170 226.7 , Est Remaining: 234.7
171 228.0 , Est Remaining: 233.4
172 229.3 , Est Remaining: 232.0
173 230.7 , Est Remaining: 230.7
174 232.0 , Est Remaining: 229.3
175 233.3 , Est Remaining: 228.0
176 234.7 , Est Remaining: 226.7
177 236.0 , Est Remaining: 225.3
178 237.3 , Est Remaining: 224.0
179 238.6 , Est Remaining: 222.6
180 240.0 , Est Remaining: 221.3
181 241.3 , Est Remaining: 220.0
EVENT FAILED
181 241.6 , Est Remaining: 220.3
182 242.9 , Est Remaining: 218.9
183 244.3 , Est Remaining: 217.6
184 245.6 , Est Remaining: 216.2
185 246.9 , Est Remaining: 214.9
186 248.3 , Est Remaining: 213.6
187 249.6 , Est Remaining: 212.2
EVENT FAILED
187 249.9 , Est Remaining: 212.5
188 251.2 , Est Remaining: 211.1
189 252.5 , Est Remaining: 209.8
EVENT FAILED
189 252.8 , Est Remaining: 210.0
190 254.2 , Est Remaining: 208.7
191 255.5 , Est Remaining: 207.4
192 256.8 , Est Remaining: 206.0
193 258.2 , Est Remaining: 204.7
194 259.5 , Est Remaining: 203.3
195 260.8 , Est Remaining: 202.0
196 262.2 , Est Remaining: 200.6
197 263.5 , Est Remaining: 199.3
198 264.8 , Est Remaining: 197.9
199 266.1 , Est Remaining: 196.6
200 267.5 , Est Remaining: 195.3
201 268.9 , Est Remaining: 194.0
202 270.3 , Est Remaining: 192.7
203 271.6 , Est Remaining: 191.3
204 272.9 , Est Remaining: 190.0
205 274.2 , Est Remaining: 188.6
206 275.6 , Est Remaining: 187.3
207 276.9 , Est Remaining: 185.9
208 278.2 , Est Remaining: 184.6
209 279.5 , Est Remaining: 183.2
210 280.9 , Est Remaining: 181.9
211 282.2 , Est Remaining: 180.6
212 283.5 , Est Remaining: 179.2
213 284.9 , Est Remaining: 177.9
214 286.2 , Est Remaining: 176.5
215 287.5 , Est Remaining: 175.2
216 288.8 , Est Remaining: 173.8
217 290.1 , Est Remaining: 172.5
218 291.4 , Est Remaining: 171.1
219 292.8 , Est Remaining: 169.8
220 294.1 , Est Remaining: 168.4
221 295.4 , Est Remaining: 167.1
222 296.7 , Est Remaining: 165.7
223 298.1 , Est Remaining: 164.4
224 299.4 , Est Remaining: 163.1
225 300.7 , Est Remaining: 161.7
EVENT FAILED
225 301.0 , Est Remaining: 161.9
226 302.4 , Est Remaining: 160.5
227 303.7 , Est Remaining: 159.2
228 305.0 , Est Remaining: 157.9
229 306.3 , Est Remaining: 156.5
230 307.7 , Est Remaining: 155.2
231 309.0 , Est Remaining: 153.8
232 310.3 , Est Remaining: 152.5
233 311.6 , Est Remaining: 151.1
234 312.9 , Est Remaining: 149.8
235 314.2 , Est Remaining: 148.4
236 315.6 , Est Remaining: 147.1
237 316.9 , Est Remaining: 145.7
238 318.2 , Est Remaining: 144.4
EVENT FAILED
238 318.5 , Est Remaining: 144.5
239 319.9 , Est Remaining: 143.2
240 321.2 , Est Remaining: 141.9
241 322.5 , Est Remaining: 140.5
242 323.8 , Est Remaining: 139.2
243 325.2 , Est Remaining: 137.8
244 326.5 , Est Remaining: 136.5
245 327.8 , Est Remaining: 135.1
246 329.1 , Est Remaining: 133.8
247 330.5 , Est Remaining: 132.5
248 331.8 , Est Remaining: 131.1
249 333.1 , Est Remaining: 129.8
250 334.4 , Est Remaining: 128.4
251 335.8 , Est Remaining: 127.1
252 337.1 , Est Remaining: 125.7
253 338.4 , Est Remaining: 124.4
254 339.7 , Est Remaining: 123.1
255 341.1 , Est Remaining: 121.7
256 342.4 , Est Remaining: 120.4
257 343.7 , Est Remaining: 119.0
258 345.0 , Est Remaining: 117.7
259 346.4 , Est Remaining: 116.3
260 347.7 , Est Remaining: 115.0
261 349.0 , Est Remaining: 113.7
262 350.3 , Est Remaining: 112.3
EVENT FAILED
262 350.6 , Est Remaining: 112.4
263 352.0 , Est Remaining: 111.1
264 353.3 , Est Remaining: 109.7
265 354.6 , Est Remaining: 108.4
266 355.9 , Est Remaining: 107.0
267 357.2 , Est Remaining: 105.7
268 358.5 , Est Remaining: 104.3
269 359.8 , Est Remaining: 103.0
270 361.1 , Est Remaining: 101.6
271 362.4 , Est Remaining: 100.3
272 363.6 , Est Remaining: 98.9
273 364.9 , Est Remaining: 97.6
274 366.2 , Est Remaining: 96.2
275 367.5 , Est Remaining: 94.9
276 368.8 , Est Remaining: 93.5
277 370.1 , Est Remaining: 92.2
EVENT FAILED
277 370.4 , Est Remaining: 92.3
278 371.7 , Est Remaining: 90.9
279 373.0 , Est Remaining: 89.6
280 374.4 , Est Remaining: 88.2
281 375.7 , Est Remaining: 86.9
282 377.0 , Est Remaining: 85.6
283 378.3 , Est Remaining: 84.2
284 379.6 , Est Remaining: 82.9
285 380.9 , Est Remaining: 81.5
286 382.1 , Est Remaining: 80.2
287 383.4 , Est Remaining: 78.8
288 384.7 , Est Remaining: 77.5
289 386.0 , Est Remaining: 76.1
290 387.3 , Est Remaining: 74.8
291 388.5 , Est Remaining: 73.4
292 389.8 , Est Remaining: 72.1
293 391.1 , Est Remaining: 70.7
294 392.4 , Est Remaining: 69.4
295 393.6 , Est Remaining: 68.1
EVENT FAILED
295 393.9 , Est Remaining: 68.1
296 395.2 , Est Remaining: 66.8
297 396.5 , Est Remaining: 65.4
298 397.8 , Est Remaining: 64.1
299 399.1 , Est Remaining: 62.7
300 400.3 , Est Remaining: 61.4
301 401.8 , Est Remaining: 60.1
302 403.0 , Est Remaining: 58.7
303 404.3 , Est Remaining: 57.4
304 405.6 , Est Remaining: 56.0
305 406.9 , Est Remaining: 54.7
306 408.2 , Est Remaining: 53.4
307 409.5 , Est Remaining: 52.0
308 410.8 , Est Remaining: 50.7
309 412.1 , Est Remaining: 49.3
310 413.4 , Est Remaining: 48.0
311 414.6 , Est Remaining: 46.7
312 415.9 , Est Remaining: 45.3
313 417.2 , Est Remaining: 44.0
314 418.5 , Est Remaining: 42.7
315 419.8 , Est Remaining: 41.3
316 421.1 , Est Remaining: 40.0
317 422.4 , Est Remaining: 38.6
318 423.7 , Est Remaining: 37.3
319 425.0 , Est Remaining: 36.0
320 426.3 , Est Remaining: 34.6
321 427.6 , Est Remaining: 33.3
322 428.9 , Est Remaining: 32.0
323 430.2 , Est Remaining: 30.6
324 431.5 , Est Remaining: 29.3
325 432.8 , Est Remaining: 28.0
326 434.1 , Est Remaining: 26.6
327 435.4 , Est Remaining: 25.3
328 436.7 , Est Remaining: 24.0
329 438.0 , Est Remaining: 22.6
330 439.3 , Est Remaining: 21.3
331 440.6 , Est Remaining: 20.0
332 441.9 , Est Remaining: 18.6
333 443.2 , Est Remaining: 17.3
334 444.5 , Est Remaining: 16.0
