Note: NumExpr detected 32 cores but "NUMEXPR_MAX_THREADS" not set, so enforcing safe limit of 8.
Using selector: EpollSelector
/n/home02/jhaefner/miniconda/envs/IC-3.7-2020-06-16/lib/python3.7/site-packages/scipy/optimize/minpack.py:808: OptimizeWarning: Covariance of the parameters could not be estimated
  category=OptimizeWarning)
Total rwfs: 346
0 0.0 , Est Remaining: 999999.9
1 1.4 , Est Remaining: 480.8
2 2.8 , Est Remaining: 483.4
3 4.2 , Est Remaining: 482.4
4 5.6 , Est Remaining: 478.3
5 7.0 , Est Remaining: 474.6
6 8.3 , Est Remaining: 472.3
7 9.7 , Est Remaining: 469.5
8 11.1 , Est Remaining: 467.3
9 12.4 , Est Remaining: 465.0
10 13.8 , Est Remaining: 462.8
11 15.1 , Est Remaining: 460.7
12 16.5 , Est Remaining: 459.9
13 17.9 , Est Remaining: 458.2
14 19.2 , Est Remaining: 456.1
15 20.6 , Est Remaining: 454.5
16 21.9 , Est Remaining: 452.6
17 23.3 , Est Remaining: 450.9
18 24.7 , Est Remaining: 449.2
19 26.0 , Est Remaining: 447.5
20 27.4 , Est Remaining: 445.9
21 28.7 , Est Remaining: 444.4
22 30.1 , Est Remaining: 442.8
23 31.4 , Est Remaining: 441.7
24 32.8 , Est Remaining: 440.7
25 34.2 , Est Remaining: 439.4
26 35.6 , Est Remaining: 437.7
27 36.9 , Est Remaining: 436.1
28 38.3 , Est Remaining: 434.5
29 39.6 , Est Remaining: 433.0
30 41.0 , Est Remaining: 431.5
31 42.3 , Est Remaining: 429.9
32 43.7 , Est Remaining: 428.5
33 45.0 , Est Remaining: 426.9
34 46.3 , Est Remaining: 425.3
35 47.7 , Est Remaining: 423.8
36 49.0 , Est Remaining: 422.2
37 50.4 , Est Remaining: 420.7
38 51.7 , Est Remaining: 419.1
39 53.0 , Est Remaining: 417.6
40 54.4 , Est Remaining: 416.1
41 55.7 , Est Remaining: 414.6
42 57.1 , Est Remaining: 413.1
43 58.4 , Est Remaining: 411.7
EVENT FAILED
43 58.7 , Est Remaining: 413.9
44 60.1 , Est Remaining: 412.7
45 61.5 , Est Remaining: 411.2
46 62.8 , Est Remaining: 409.6
47 64.2 , Est Remaining: 408.2
48 65.5 , Est Remaining: 406.7
49 66.9 , Est Remaining: 405.2
50 68.2 , Est Remaining: 403.8
51 69.6 , Est Remaining: 402.3
52 70.9 , Est Remaining: 400.8
53 72.2 , Est Remaining: 399.4
54 73.6 , Est Remaining: 397.9
55 74.9 , Est Remaining: 396.4
56 76.3 , Est Remaining: 394.9
57 77.6 , Est Remaining: 393.5
58 78.9 , Est Remaining: 392.0
59 80.3 , Est Remaining: 390.5
60 81.6 , Est Remaining: 389.1
61 83.0 , Est Remaining: 387.6
EVENT FAILED
61 83.3 , Est Remaining: 389.0
EVENT FAILED
61 83.6 , Est Remaining: 390.4
62 84.9 , Est Remaining: 388.9
63 86.3 , Est Remaining: 387.5
64 87.6 , Est Remaining: 386.1
65 89.0 , Est Remaining: 384.5
66 90.3 , Est Remaining: 383.1
67 91.7 , Est Remaining: 381.7
68 93.0 , Est Remaining: 380.3
69 94.4 , Est Remaining: 378.9
70 95.7 , Est Remaining: 377.4
71 97.1 , Est Remaining: 376.0
72 98.4 , Est Remaining: 374.5
73 99.8 , Est Remaining: 373.1
74 101.1 , Est Remaining: 371.7
75 102.5 , Est Remaining: 370.3
76 103.9 , Est Remaining: 369.0
77 105.2 , Est Remaining: 367.7
78 106.6 , Est Remaining: 366.3
79 108.0 , Est Remaining: 364.9
80 109.3 , Est Remaining: 363.5
81 110.5 , Est Remaining: 361.6
82 111.9 , Est Remaining: 360.2
83 113.2 , Est Remaining: 358.8
84 114.6 , Est Remaining: 357.4
85 115.9 , Est Remaining: 356.0
86 117.3 , Est Remaining: 354.6
87 118.6 , Est Remaining: 353.2
88 120.0 , Est Remaining: 351.8
89 121.3 , Est Remaining: 350.4
90 122.7 , Est Remaining: 349.0
91 124.1 , Est Remaining: 347.6
92 125.4 , Est Remaining: 346.2
93 126.8 , Est Remaining: 344.9
94 128.1 , Est Remaining: 343.5
95 129.5 , Est Remaining: 342.1
96 130.8 , Est Remaining: 340.7
97 132.2 , Est Remaining: 339.4
98 133.4 , Est Remaining: 337.7
99 134.8 , Est Remaining: 336.3
100 136.2 , Est Remaining: 334.9
101 137.5 , Est Remaining: 333.6
102 138.9 , Est Remaining: 332.2
103 140.3 , Est Remaining: 331.0
104 141.7 , Est Remaining: 329.6
105 143.0 , Est Remaining: 328.2
106 144.4 , Est Remaining: 326.9
107 145.7 , Est Remaining: 325.5
108 147.1 , Est Remaining: 324.1
109 148.4 , Est Remaining: 322.7
110 149.8 , Est Remaining: 321.3
111 151.1 , Est Remaining: 319.9
112 152.4 , Est Remaining: 318.5
113 153.8 , Est Remaining: 317.1
114 155.1 , Est Remaining: 315.6
115 156.4 , Est Remaining: 314.2
116 157.8 , Est Remaining: 312.8
117 159.1 , Est Remaining: 311.4
118 160.5 , Est Remaining: 310.0
119 161.8 , Est Remaining: 308.7
120 163.1 , Est Remaining: 307.3
121 164.3 , Est Remaining: 305.6
122 165.7 , Est Remaining: 304.2
123 167.0 , Est Remaining: 302.8
124 168.4 , Est Remaining: 301.5
125 169.7 , Est Remaining: 300.1
126 171.1 , Est Remaining: 298.7
127 172.4 , Est Remaining: 297.3
128 173.7 , Est Remaining: 295.9
129 175.1 , Est Remaining: 294.5
130 176.4 , Est Remaining: 293.1
131 177.8 , Est Remaining: 291.7
132 179.1 , Est Remaining: 290.4
133 180.4 , Est Remaining: 289.0
EVENT FAILED
133 180.7 , Est Remaining: 289.5
134 182.1 , Est Remaining: 288.1
135 183.4 , Est Remaining: 286.7
136 184.8 , Est Remaining: 285.3
137 186.1 , Est Remaining: 283.9
138 187.5 , Est Remaining: 282.6
139 188.8 , Est Remaining: 281.2
140 190.2 , Est Remaining: 279.8
141 191.5 , Est Remaining: 278.5
142 192.9 , Est Remaining: 277.1
143 194.2 , Est Remaining: 275.7
144 195.6 , Est Remaining: 274.4
145 196.9 , Est Remaining: 273.0
146 198.3 , Est Remaining: 271.6
147 199.6 , Est Remaining: 270.2
148 201.0 , Est Remaining: 268.9
149 202.3 , Est Remaining: 267.5
150 203.7 , Est Remaining: 266.1
151 205.0 , Est Remaining: 264.7
152 206.3 , Est Remaining: 263.4
153 207.7 , Est Remaining: 262.0
154 209.0 , Est Remaining: 260.6
155 210.4 , Est Remaining: 259.2
156 211.7 , Est Remaining: 257.9
157 213.1 , Est Remaining: 256.5
158 214.4 , Est Remaining: 255.1
159 215.8 , Est Remaining: 253.8
160 217.1 , Est Remaining: 252.4
161 218.4 , Est Remaining: 251.0
162 219.8 , Est Remaining: 249.6
163 221.1 , Est Remaining: 248.3
164 222.5 , Est Remaining: 246.9
165 223.9 , Est Remaining: 245.6
EVENT FAILED
165 224.1 , Est Remaining: 245.9
166 225.5 , Est Remaining: 244.5
167 226.8 , Est Remaining: 243.1
168 228.2 , Est Remaining: 241.8
169 229.5 , Est Remaining: 240.4
EVENT FAILED
169 229.8 , Est Remaining: 240.7
170 231.2 , Est Remaining: 239.3
171 232.5 , Est Remaining: 238.0
172 233.9 , Est Remaining: 236.6
173 235.2 , Est Remaining: 235.2
174 236.6 , Est Remaining: 233.9
175 237.9 , Est Remaining: 232.5
176 239.3 , Est Remaining: 231.1
177 240.6 , Est Remaining: 229.7
178 242.0 , Est Remaining: 228.4
179 243.3 , Est Remaining: 227.0
180 244.6 , Est Remaining: 225.6
181 246.0 , Est Remaining: 224.2
182 247.3 , Est Remaining: 222.9
183 248.7 , Est Remaining: 221.5
184 250.0 , Est Remaining: 220.1
185 251.4 , Est Remaining: 218.8
186 252.7 , Est Remaining: 217.4
187 254.1 , Est Remaining: 216.0
188 255.4 , Est Remaining: 214.7
189 256.8 , Est Remaining: 213.3
190 258.2 , Est Remaining: 212.0
191 259.5 , Est Remaining: 210.6
192 260.9 , Est Remaining: 209.2
193 262.2 , Est Remaining: 207.9
194 263.6 , Est Remaining: 206.5
195 264.9 , Est Remaining: 205.1
196 266.2 , Est Remaining: 203.7
197 267.5 , Est Remaining: 202.3
198 268.9 , Est Remaining: 201.0
199 270.2 , Est Remaining: 199.6
200 271.6 , Est Remaining: 198.2
201 272.9 , Est Remaining: 196.9
202 274.3 , Est Remaining: 195.5
203 275.7 , Est Remaining: 194.2
204 277.0 , Est Remaining: 192.8
205 278.4 , Est Remaining: 191.5
206 279.7 , Est Remaining: 190.1
207 281.1 , Est Remaining: 188.7
208 282.4 , Est Remaining: 187.4
209 283.8 , Est Remaining: 186.0
210 285.1 , Est Remaining: 184.7
211 286.5 , Est Remaining: 183.3
212 287.9 , Est Remaining: 181.9
213 289.2 , Est Remaining: 180.6
214 290.6 , Est Remaining: 179.2
215 291.9 , Est Remaining: 177.9
216 293.2 , Est Remaining: 176.5
217 294.6 , Est Remaining: 175.1
218 296.0 , Est Remaining: 173.8
219 297.3 , Est Remaining: 172.4
220 298.7 , Est Remaining: 171.0
221 300.0 , Est Remaining: 169.7
222 301.3 , Est Remaining: 168.3
223 302.7 , Est Remaining: 167.0
224 304.0 , Est Remaining: 165.6
225 305.4 , Est Remaining: 164.2
226 306.7 , Est Remaining: 162.9
227 308.1 , Est Remaining: 161.5
228 309.4 , Est Remaining: 160.1
229 310.8 , Est Remaining: 158.8
230 312.1 , Est Remaining: 157.4
231 313.5 , Est Remaining: 156.1
232 314.8 , Est Remaining: 154.7
233 316.2 , Est Remaining: 153.3
234 317.5 , Est Remaining: 152.0
235 318.9 , Est Remaining: 150.6
236 320.2 , Est Remaining: 149.3
237 321.6 , Est Remaining: 147.9
238 322.9 , Est Remaining: 146.5
239 324.3 , Est Remaining: 145.2
240 325.6 , Est Remaining: 143.8
241 327.0 , Est Remaining: 142.5
EVENT FAILED
241 327.3 , Est Remaining: 142.6
242 328.6 , Est Remaining: 141.2
243 329.9 , Est Remaining: 139.9
244 331.3 , Est Remaining: 138.5
245 332.6 , Est Remaining: 137.1
246 334.0 , Est Remaining: 135.8
247 335.3 , Est Remaining: 134.4
248 336.7 , Est Remaining: 133.0
249 338.0 , Est Remaining: 131.7
250 339.2 , Est Remaining: 130.3
251 340.5 , Est Remaining: 128.9
252 341.9 , Est Remaining: 127.5
253 343.2 , Est Remaining: 126.2
254 344.6 , Est Remaining: 124.8
255 345.9 , Est Remaining: 123.4
256 347.2 , Est Remaining: 122.1
257 348.6 , Est Remaining: 120.7
258 349.9 , Est Remaining: 119.3
259 351.2 , Est Remaining: 118.0
260 352.5 , Est Remaining: 116.6
261 353.9 , Est Remaining: 115.2
262 355.2 , Est Remaining: 113.9
263 356.5 , Est Remaining: 112.5
264 357.8 , Est Remaining: 111.1
265 359.2 , Est Remaining: 109.8
266 360.5 , Est Remaining: 108.4
267 361.8 , Est Remaining: 107.0
268 363.1 , Est Remaining: 105.7
269 364.4 , Est Remaining: 104.3
270 365.7 , Est Remaining: 102.9
271 367.0 , Est Remaining: 101.6
272 368.3 , Est Remaining: 100.2
273 369.7 , Est Remaining: 98.8
274 371.0 , Est Remaining: 97.5
275 372.3 , Est Remaining: 96.1
276 373.6 , Est Remaining: 94.8
277 374.9 , Est Remaining: 93.4
278 376.2 , Est Remaining: 92.0
279 377.5 , Est Remaining: 90.7
280 378.8 , Est Remaining: 89.3
281 380.1 , Est Remaining: 87.9
282 381.4 , Est Remaining: 86.5
283 382.6 , Est Remaining: 85.2
284 383.9 , Est Remaining: 83.8
285 385.2 , Est Remaining: 82.5
286 386.5 , Est Remaining: 81.1
287 387.7 , Est Remaining: 79.7
288 389.0 , Est Remaining: 78.3
289 390.2 , Est Remaining: 77.0
290 391.5 , Est Remaining: 75.6
291 392.8 , Est Remaining: 74.2
292 394.1 , Est Remaining: 72.9
293 395.4 , Est Remaining: 71.5
294 396.7 , Est Remaining: 70.2
295 398.0 , Est Remaining: 68.8
296 399.3 , Est Remaining: 67.5
297 400.6 , Est Remaining: 66.1
298 401.9 , Est Remaining: 64.7
299 403.2 , Est Remaining: 63.4
300 404.5 , Est Remaining: 62.0
301 405.8 , Est Remaining: 60.7
302 407.2 , Est Remaining: 59.3
303 408.5 , Est Remaining: 58.0
304 409.8 , Est Remaining: 56.6
305 411.1 , Est Remaining: 55.3
EVENT FAILED
305 411.4 , Est Remaining: 55.3
306 412.6 , Est Remaining: 53.9
307 413.9 , Est Remaining: 52.6
308 415.2 , Est Remaining: 51.2
309 416.5 , Est Remaining: 49.9
310 417.8 , Est Remaining: 48.5
311 419.1 , Est Remaining: 47.2
312 420.4 , Est Remaining: 45.8
313 421.6 , Est Remaining: 44.5
EVENT FAILED
313 421.9 , Est Remaining: 44.5
314 423.2 , Est Remaining: 43.1
315 424.5 , Est Remaining: 41.8
316 425.8 , Est Remaining: 40.4
317 427.1 , Est Remaining: 39.1
318 428.4 , Est Remaining: 37.7
319 429.7 , Est Remaining: 36.4
320 431.0 , Est Remaining: 35.0
321 432.3 , Est Remaining: 33.7
322 433.6 , Est Remaining: 32.3
323 434.8 , Est Remaining: 31.0
324 436.1 , Est Remaining: 29.6
325 437.4 , Est Remaining: 28.3
326 438.7 , Est Remaining: 26.9
327 440.0 , Est Remaining: 25.6
328 441.3 , Est Remaining: 24.2
329 442.6 , Est Remaining: 22.9
330 443.8 , Est Remaining: 21.5
331 445.1 , Est Remaining: 20.2
332 446.4 , Est Remaining: 18.8
333 447.7 , Est Remaining: 17.5
334 449.0 , Est Remaining: 16.1
335 450.3 , Est Remaining: 14.8
336 451.6 , Est Remaining: 13.4
