Note: NumExpr detected 32 cores but "NUMEXPR_MAX_THREADS" not set, so enforcing safe limit of 8.
Using selector: EpollSelector
/n/home02/jhaefner/miniconda/envs/IC-3.7-2020-06-16/lib/python3.7/site-packages/scipy/optimize/minpack.py:808: OptimizeWarning: Covariance of the parameters could not be estimated
  category=OptimizeWarning)
Total rwfs: 346
0 0.0 , Est Remaining: 999999.9
1 1.4 , Est Remaining: 479.5
2 2.8 , Est Remaining: 474.7
3 4.2 , Est Remaining: 477.4
4 5.5 , Est Remaining: 471.7
5 6.9 , Est Remaining: 469.3
6 8.2 , Est Remaining: 465.9
7 9.6 , Est Remaining: 464.4
8 10.9 , Est Remaining: 462.6
9 12.3 , Est Remaining: 461.5
10 13.7 , Est Remaining: 460.7
11 15.0 , Est Remaining: 458.1
12 16.4 , Est Remaining: 455.7
13 17.7 , Est Remaining: 453.4
14 19.0 , Est Remaining: 451.2
15 20.4 , Est Remaining: 449.3
16 21.7 , Est Remaining: 447.1
17 23.0 , Est Remaining: 445.0
18 24.3 , Est Remaining: 443.2
19 25.6 , Est Remaining: 441.2
20 26.9 , Est Remaining: 439.2
21 28.3 , Est Remaining: 437.7
22 29.6 , Est Remaining: 436.0
23 30.9 , Est Remaining: 434.0
24 32.2 , Est Remaining: 432.1
25 33.5 , Est Remaining: 430.4
26 34.8 , Est Remaining: 428.4
27 36.1 , Est Remaining: 426.7
28 37.4 , Est Remaining: 425.2
29 38.7 , Est Remaining: 423.5
EVENT FAILED
29 39.0 , Est Remaining: 426.8
30 40.4 , Est Remaining: 425.3
31 41.7 , Est Remaining: 423.7
32 43.0 , Est Remaining: 422.3
33 44.4 , Est Remaining: 420.7
34 45.7 , Est Remaining: 419.2
35 47.0 , Est Remaining: 417.5
36 48.3 , Est Remaining: 415.9
37 49.6 , Est Remaining: 414.2
38 50.9 , Est Remaining: 412.7
39 52.2 , Est Remaining: 411.1
40 53.5 , Est Remaining: 409.4
41 54.8 , Est Remaining: 408.0
42 56.2 , Est Remaining: 406.6
43 57.5 , Est Remaining: 405.0
44 58.8 , Est Remaining: 403.4
45 60.1 , Est Remaining: 402.0
46 61.4 , Est Remaining: 400.5
47 62.7 , Est Remaining: 399.1
48 64.1 , Est Remaining: 397.8
49 65.4 , Est Remaining: 396.4
50 66.7 , Est Remaining: 394.9
51 68.0 , Est Remaining: 393.3
52 69.3 , Est Remaining: 391.9
53 70.7 , Est Remaining: 390.6
54 72.0 , Est Remaining: 389.3
55 73.3 , Est Remaining: 388.0
56 74.7 , Est Remaining: 386.6
57 76.0 , Est Remaining: 385.3
58 77.3 , Est Remaining: 383.9
59 78.6 , Est Remaining: 382.5
60 80.0 , Est Remaining: 381.2
61 81.3 , Est Remaining: 379.9
62 82.6 , Est Remaining: 378.5
63 84.0 , Est Remaining: 377.2
64 85.3 , Est Remaining: 375.9
65 86.6 , Est Remaining: 374.5
EVENT FAILED
65 86.9 , Est Remaining: 375.8
66 88.3 , Est Remaining: 374.4
67 89.6 , Est Remaining: 373.0
68 90.9 , Est Remaining: 371.5
69 92.2 , Est Remaining: 370.1
70 93.5 , Est Remaining: 368.7
71 94.8 , Est Remaining: 367.4
72 96.2 , Est Remaining: 366.0
73 97.5 , Est Remaining: 364.6
74 98.8 , Est Remaining: 363.2
75 100.1 , Est Remaining: 361.8
76 101.5 , Est Remaining: 360.5
77 102.8 , Est Remaining: 359.1
78 104.1 , Est Remaining: 357.8
79 105.5 , Est Remaining: 356.5
80 106.8 , Est Remaining: 355.3
81 108.2 , Est Remaining: 354.0
82 109.6 , Est Remaining: 352.7
83 110.9 , Est Remaining: 351.5
84 112.3 , Est Remaining: 350.2
85 113.7 , Est Remaining: 349.0
86 115.0 , Est Remaining: 347.8
87 116.4 , Est Remaining: 346.5
88 117.8 , Est Remaining: 345.3
89 119.2 , Est Remaining: 344.1
90 120.6 , Est Remaining: 342.9
91 122.0 , Est Remaining: 341.8
92 123.4 , Est Remaining: 340.7
93 124.8 , Est Remaining: 339.6
94 126.2 , Est Remaining: 338.4
95 127.7 , Est Remaining: 337.4
96 129.1 , Est Remaining: 336.3
EVENT FAILED
96 129.5 , Est Remaining: 337.2
EVENT FAILED
96 129.8 , Est Remaining: 338.0
97 131.2 , Est Remaining: 336.9
98 132.7 , Est Remaining: 335.8
99 134.1 , Est Remaining: 334.7
100 135.6 , Est Remaining: 333.6
101 137.0 , Est Remaining: 332.4
102 138.5 , Est Remaining: 331.3
103 140.0 , Est Remaining: 330.3
104 141.5 , Est Remaining: 329.2
105 142.9 , Est Remaining: 328.0
EVENT FAILED
105 144.0 , Est Remaining: 330.5
106 145.5 , Est Remaining: 329.4
107 146.9 , Est Remaining: 328.2
108 148.4 , Est Remaining: 327.0
109 149.9 , Est Remaining: 325.9
110 151.3 , Est Remaining: 324.7
111 152.8 , Est Remaining: 323.5
112 154.3 , Est Remaining: 322.3
113 155.7 , Est Remaining: 321.1
114 157.2 , Est Remaining: 319.9
115 158.7 , Est Remaining: 318.7
116 160.1 , Est Remaining: 317.5
117 161.6 , Est Remaining: 316.3
118 163.1 , Est Remaining: 315.1
119 164.6 , Est Remaining: 313.9
120 166.0 , Est Remaining: 312.7
121 167.5 , Est Remaining: 311.4
122 168.9 , Est Remaining: 310.2
123 170.4 , Est Remaining: 308.9
124 171.8 , Est Remaining: 307.7
125 173.3 , Est Remaining: 306.4
126 174.7 , Est Remaining: 305.1
127 176.1 , Est Remaining: 303.7
128 177.6 , Est Remaining: 302.4
129 179.0 , Est Remaining: 301.1
130 180.5 , Est Remaining: 299.9
131 181.9 , Est Remaining: 298.6
132 183.4 , Est Remaining: 297.3
133 184.8 , Est Remaining: 296.0
134 186.3 , Est Remaining: 294.7
135 187.7 , Est Remaining: 293.3
136 189.1 , Est Remaining: 292.0
137 190.5 , Est Remaining: 290.7
138 191.9 , Est Remaining: 289.3
139 193.4 , Est Remaining: 288.0
140 194.8 , Est Remaining: 286.6
141 196.3 , Est Remaining: 285.3
142 197.7 , Est Remaining: 284.0
143 199.1 , Est Remaining: 282.7
144 200.6 , Est Remaining: 281.4
145 202.0 , Est Remaining: 280.0
146 203.5 , Est Remaining: 278.7
147 204.9 , Est Remaining: 277.4
148 206.4 , Est Remaining: 276.1
149 207.8 , Est Remaining: 274.8
150 209.3 , Est Remaining: 273.5
151 210.8 , Est Remaining: 272.2
152 212.2 , Est Remaining: 270.8
153 213.7 , Est Remaining: 269.5
EVENT FAILED
153 214.0 , Est Remaining: 269.9
154 215.4 , Est Remaining: 268.6
155 216.9 , Est Remaining: 267.2
156 218.3 , Est Remaining: 265.9
157 219.7 , Est Remaining: 264.5
158 221.2 , Est Remaining: 263.2
159 222.7 , Est Remaining: 261.9
160 224.1 , Est Remaining: 260.5
161 225.5 , Est Remaining: 259.2
162 227.0 , Est Remaining: 257.8
163 228.3 , Est Remaining: 256.4
164 229.8 , Est Remaining: 255.0
165 231.2 , Est Remaining: 253.6
166 232.7 , Est Remaining: 252.3
167 234.1 , Est Remaining: 250.9
168 235.5 , Est Remaining: 249.5
169 236.9 , Est Remaining: 248.1
170 238.3 , Est Remaining: 246.8
171 239.8 , Est Remaining: 245.4
172 241.2 , Est Remaining: 244.0
173 242.6 , Est Remaining: 242.6
174 244.0 , Est Remaining: 241.2
175 245.5 , Est Remaining: 239.9
176 246.9 , Est Remaining: 238.5
EVENT FAILED
176 247.2 , Est Remaining: 238.8
177 248.6 , Est Remaining: 237.4
178 250.0 , Est Remaining: 236.0
179 251.5 , Est Remaining: 234.6
180 252.9 , Est Remaining: 233.3
181 254.4 , Est Remaining: 231.9
182 255.8 , Est Remaining: 230.5
183 257.3 , Est Remaining: 229.2
184 258.7 , Est Remaining: 227.8
185 260.2 , Est Remaining: 226.4
186 261.6 , Est Remaining: 225.0
187 263.0 , Est Remaining: 223.7
188 264.5 , Est Remaining: 222.3
189 265.9 , Est Remaining: 220.9
190 267.3 , Est Remaining: 219.5
EVENT FAILED
190 267.6 , Est Remaining: 219.7
191 269.1 , Est Remaining: 218.4
192 270.5 , Est Remaining: 217.0
193 272.0 , Est Remaining: 215.6
194 273.4 , Est Remaining: 214.2
195 274.8 , Est Remaining: 212.8
196 276.2 , Est Remaining: 211.4
197 277.6 , Est Remaining: 210.0
198 279.0 , Est Remaining: 208.6
199 280.4 , Est Remaining: 207.2
200 281.9 , Est Remaining: 205.8
201 283.3 , Est Remaining: 204.4
202 284.9 , Est Remaining: 203.1
203 286.3 , Est Remaining: 201.7
204 287.7 , Est Remaining: 200.3
205 289.2 , Est Remaining: 198.9
206 290.6 , Est Remaining: 197.5
207 292.1 , Est Remaining: 196.1
208 293.5 , Est Remaining: 194.7
209 295.0 , Est Remaining: 193.4
210 296.4 , Est Remaining: 192.0
211 297.9 , Est Remaining: 190.6
212 299.3 , Est Remaining: 189.2
213 300.8 , Est Remaining: 187.8
214 302.2 , Est Remaining: 186.4
215 303.6 , Est Remaining: 185.0
EVENT FAILED
215 303.9 , Est Remaining: 185.2
216 305.4 , Est Remaining: 183.8
217 306.8 , Est Remaining: 182.4
218 308.3 , Est Remaining: 181.0
219 309.7 , Est Remaining: 179.6
220 311.2 , Est Remaining: 178.2
221 312.6 , Est Remaining: 176.8
222 314.1 , Est Remaining: 175.4
223 315.5 , Est Remaining: 174.0
224 317.0 , Est Remaining: 172.6
225 318.4 , Est Remaining: 171.2
226 319.9 , Est Remaining: 169.8
227 321.3 , Est Remaining: 168.4
228 322.7 , Est Remaining: 167.0
229 324.2 , Est Remaining: 165.6
230 325.6 , Est Remaining: 164.2
231 327.0 , Est Remaining: 162.8
232 328.5 , Est Remaining: 161.4
233 329.9 , Est Remaining: 160.0
234 331.3 , Est Remaining: 158.6
EVENT FAILED
234 331.7 , Est Remaining: 158.7
235 333.1 , Est Remaining: 157.3
236 334.6 , Est Remaining: 155.9
237 336.0 , Est Remaining: 154.5
238 337.5 , Est Remaining: 153.1
239 338.9 , Est Remaining: 151.7
240 340.4 , Est Remaining: 150.3
241 341.8 , Est Remaining: 148.9
242 343.3 , Est Remaining: 147.5
EVENT FAILED
242 343.6 , Est Remaining: 147.6
243 345.0 , Est Remaining: 146.2
244 346.5 , Est Remaining: 144.9
245 348.0 , Est Remaining: 143.5
246 349.5 , Est Remaining: 142.1
247 350.9 , Est Remaining: 140.6
248 352.4 , Est Remaining: 139.2
249 353.8 , Est Remaining: 137.8
250 355.3 , Est Remaining: 136.4
251 356.7 , Est Remaining: 135.0
252 358.2 , Est Remaining: 133.6
253 359.6 , Est Remaining: 132.2
EVENT FAILED
253 359.9 , Est Remaining: 132.3
254 361.4 , Est Remaining: 130.9
255 362.9 , Est Remaining: 129.5
EVENT FAILED
255 363.2 , Est Remaining: 129.6
EVENT FAILED
255 363.5 , Est Remaining: 129.7
256 364.9 , Est Remaining: 128.3
257 366.3 , Est Remaining: 126.9
258 367.8 , Est Remaining: 125.4
259 369.2 , Est Remaining: 124.0
260 370.6 , Est Remaining: 122.6
261 372.0 , Est Remaining: 121.2
262 373.5 , Est Remaining: 119.7
263 374.9 , Est Remaining: 118.3
264 376.4 , Est Remaining: 116.9
265 377.8 , Est Remaining: 115.5
266 379.3 , Est Remaining: 114.1
267 380.7 , Est Remaining: 112.6
268 382.2 , Est Remaining: 111.2
EVENT FAILED
268 382.5 , Est Remaining: 111.3
269 383.9 , Est Remaining: 109.9
270 385.4 , Est Remaining: 108.5
271 386.8 , Est Remaining: 107.1
272 388.3 , Est Remaining: 105.6
273 389.7 , Est Remaining: 104.2
274 391.2 , Est Remaining: 102.8
275 392.6 , Est Remaining: 101.4
276 394.1 , Est Remaining: 99.9
EVENT FAILED
276 394.4 , Est Remaining: 100.0
277 395.8 , Est Remaining: 98.6
278 397.3 , Est Remaining: 97.2
279 398.7 , Est Remaining: 95.7
280 400.1 , Est Remaining: 94.3
281 401.6 , Est Remaining: 92.9
282 403.0 , Est Remaining: 91.5
283 404.5 , Est Remaining: 90.0
284 406.0 , Est Remaining: 88.6
285 407.4 , Est Remaining: 87.2
286 408.8 , Est Remaining: 85.8
287 410.2 , Est Remaining: 84.3
288 411.6 , Est Remaining: 82.9
289 413.0 , Est Remaining: 81.5
290 414.4 , Est Remaining: 80.0
291 415.8 , Est Remaining: 78.6
292 417.2 , Est Remaining: 77.2
293 418.6 , Est Remaining: 75.7
294 420.1 , Est Remaining: 74.3
295 421.5 , Est Remaining: 72.9
296 422.9 , Est Remaining: 71.4
297 424.3 , Est Remaining: 70.0
298 425.8 , Est Remaining: 68.6
299 427.2 , Est Remaining: 67.2
EVENT FAILED
299 427.5 , Est Remaining: 67.2
300 428.9 , Est Remaining: 65.8
301 430.4 , Est Remaining: 64.3
302 432.0 , Est Remaining: 62.9
303 433.4 , Est Remaining: 61.5
304 434.8 , Est Remaining: 60.1
305 436.3 , Est Remaining: 58.6
306 437.7 , Est Remaining: 57.2
307 439.1 , Est Remaining: 55.8
308 440.5 , Est Remaining: 54.4
309 442.0 , Est Remaining: 52.9
310 443.4 , Est Remaining: 51.5
311 444.8 , Est Remaining: 50.1
312 446.3 , Est Remaining: 48.6
313 447.7 , Est Remaining: 47.2
314 449.2 , Est Remaining: 45.8
315 450.6 , Est Remaining: 44.3
316 452.1 , Est Remaining: 42.9
317 453.5 , Est Remaining: 41.5
318 455.0 , Est Remaining: 40.1
319 456.5 , Est Remaining: 38.6
320 457.9 , Est Remaining: 37.2
321 459.3 , Est Remaining: 35.8
322 460.8 , Est Remaining: 34.3
323 462.2 , Est Remaining: 32.9
324 463.6 , Est Remaining: 31.5
325 465.0 , Est Remaining: 30.0
326 466.5 , Est Remaining: 28.6
327 467.9 , Est Remaining: 27.2
328 469.3 , Est Remaining: 25.8
