Note: NumExpr detected 32 cores but "NUMEXPR_MAX_THREADS" not set, so enforcing safe limit of 8.
Using selector: EpollSelector
/n/home02/jhaefner/miniconda/envs/IC-3.7-2020-06-16/lib/python3.7/site-packages/scipy/optimize/minpack.py:808: OptimizeWarning: Covariance of the parameters could not be estimated
  category=OptimizeWarning)
Total rwfs: 346
0 0.0 , Est Remaining: 999999.9
1 1.4 , Est Remaining: 475.1
2 2.7 , Est Remaining: 472.7
3 4.2 , Est Remaining: 474.6
4 5.5 , Est Remaining: 473.1
5 6.9 , Est Remaining: 469.1
6 8.2 , Est Remaining: 466.4
7 9.6 , Est Remaining: 463.7
8 10.9 , Est Remaining: 461.6
9 12.3 , Est Remaining: 459.3
10 13.6 , Est Remaining: 457.6
11 15.0 , Est Remaining: 456.1
12 16.3 , Est Remaining: 454.3
13 17.7 , Est Remaining: 452.6
14 19.0 , Est Remaining: 451.2
15 20.4 , Est Remaining: 449.4
16 21.7 , Est Remaining: 447.8
17 23.1 , Est Remaining: 446.1
18 24.4 , Est Remaining: 444.5
19 25.7 , Est Remaining: 443.0
20 27.1 , Est Remaining: 441.7
21 28.5 , Est Remaining: 440.4
22 29.8 , Est Remaining: 439.1
23 31.2 , Est Remaining: 438.0
24 32.5 , Est Remaining: 436.5
25 33.9 , Est Remaining: 435.0
26 35.2 , Est Remaining: 433.4
27 36.6 , Est Remaining: 432.1
28 37.9 , Est Remaining: 430.5
29 39.2 , Est Remaining: 428.9
30 40.6 , Est Remaining: 427.5
31 41.9 , Est Remaining: 425.8
32 43.2 , Est Remaining: 424.1
33 44.5 , Est Remaining: 422.4
34 45.9 , Est Remaining: 420.9
35 47.2 , Est Remaining: 419.3
36 48.5 , Est Remaining: 417.8
37 49.9 , Est Remaining: 416.4
EVENT FAILED
37 50.2 , Est Remaining: 418.9
38 51.5 , Est Remaining: 417.3
39 52.8 , Est Remaining: 415.7
40 54.1 , Est Remaining: 414.0
41 55.5 , Est Remaining: 412.5
42 56.8 , Est Remaining: 411.2
43 58.1 , Est Remaining: 409.7
44 59.5 , Est Remaining: 408.3
45 60.8 , Est Remaining: 406.8
46 62.2 , Est Remaining: 405.4
47 63.5 , Est Remaining: 404.1
48 64.9 , Est Remaining: 402.7
49 66.2 , Est Remaining: 401.4
50 67.6 , Est Remaining: 400.1
51 69.0 , Est Remaining: 398.8
52 70.3 , Est Remaining: 397.6
53 71.7 , Est Remaining: 396.2
54 73.0 , Est Remaining: 394.9
55 74.4 , Est Remaining: 393.5
56 75.7 , Est Remaining: 392.2
57 77.1 , Est Remaining: 390.9
58 78.5 , Est Remaining: 389.6
59 79.8 , Est Remaining: 388.3
60 81.1 , Est Remaining: 386.4
61 82.4 , Est Remaining: 385.0
62 83.8 , Est Remaining: 383.7
63 85.1 , Est Remaining: 382.5
64 86.5 , Est Remaining: 381.2
65 87.9 , Est Remaining: 380.0
66 89.3 , Est Remaining: 378.7
67 90.6 , Est Remaining: 377.4
68 92.0 , Est Remaining: 376.1
69 93.4 , Est Remaining: 374.8
70 94.8 , Est Remaining: 373.7
71 96.2 , Est Remaining: 372.4
72 97.5 , Est Remaining: 371.1
73 98.9 , Est Remaining: 369.8
74 100.3 , Est Remaining: 368.6
75 101.7 , Est Remaining: 367.4
76 103.1 , Est Remaining: 366.2
77 104.5 , Est Remaining: 364.9
78 105.9 , Est Remaining: 363.7
79 107.3 , Est Remaining: 362.5
80 108.6 , Est Remaining: 361.2
81 110.0 , Est Remaining: 360.0
82 111.4 , Est Remaining: 358.7
83 112.8 , Est Remaining: 357.4
84 114.2 , Est Remaining: 356.2
85 115.6 , Est Remaining: 354.9
86 117.0 , Est Remaining: 353.6
87 118.4 , Est Remaining: 352.4
88 119.8 , Est Remaining: 351.2
89 121.2 , Est Remaining: 349.9
90 122.6 , Est Remaining: 348.7
91 124.0 , Est Remaining: 347.5
92 125.4 , Est Remaining: 346.2
93 126.8 , Est Remaining: 345.0
94 128.2 , Est Remaining: 343.7
95 129.6 , Est Remaining: 342.4
96 131.0 , Est Remaining: 341.1
97 132.4 , Est Remaining: 340.0
98 133.8 , Est Remaining: 338.7
99 135.2 , Est Remaining: 337.4
100 136.6 , Est Remaining: 336.1
101 138.0 , Est Remaining: 334.8
102 139.4 , Est Remaining: 333.6
103 140.9 , Est Remaining: 332.5
104 142.4 , Est Remaining: 331.3
105 143.8 , Est Remaining: 330.0
106 145.2 , Est Remaining: 328.7
107 146.6 , Est Remaining: 327.4
108 148.0 , Est Remaining: 326.1
109 149.4 , Est Remaining: 324.8
110 150.8 , Est Remaining: 323.5
111 152.2 , Est Remaining: 322.2
112 153.6 , Est Remaining: 320.9
113 155.0 , Est Remaining: 319.7
114 156.4 , Est Remaining: 318.4
115 157.9 , Est Remaining: 317.1
116 159.3 , Est Remaining: 315.8
117 160.7 , Est Remaining: 314.5
118 162.1 , Est Remaining: 313.3
119 163.6 , Est Remaining: 312.0
120 165.0 , Est Remaining: 310.8
121 166.4 , Est Remaining: 309.5
122 167.9 , Est Remaining: 308.2
123 169.3 , Est Remaining: 306.9
124 170.7 , Est Remaining: 305.7
125 172.2 , Est Remaining: 304.4
126 173.6 , Est Remaining: 303.1
127 175.0 , Est Remaining: 301.8
128 176.5 , Est Remaining: 300.5
129 177.9 , Est Remaining: 299.3
130 179.3 , Est Remaining: 298.0
131 180.8 , Est Remaining: 296.7
132 182.2 , Est Remaining: 295.4
133 183.7 , Est Remaining: 294.1
134 185.1 , Est Remaining: 292.8
135 186.5 , Est Remaining: 291.5
136 187.9 , Est Remaining: 290.2
137 189.4 , Est Remaining: 288.9
138 190.8 , Est Remaining: 287.6
139 192.2 , Est Remaining: 286.3
140 193.6 , Est Remaining: 284.9
141 195.1 , Est Remaining: 283.6
142 196.5 , Est Remaining: 282.3
143 197.9 , Est Remaining: 280.9
144 199.3 , Est Remaining: 279.6
145 200.7 , Est Remaining: 278.3
146 202.1 , Est Remaining: 276.9
147 203.5 , Est Remaining: 275.5
148 204.9 , Est Remaining: 274.2
149 206.4 , Est Remaining: 272.8
150 207.8 , Est Remaining: 271.5
151 209.2 , Est Remaining: 270.2
152 210.6 , Est Remaining: 268.8
153 212.0 , Est Remaining: 267.4
154 213.4 , Est Remaining: 266.1
155 214.9 , Est Remaining: 264.8
156 216.3 , Est Remaining: 263.4
157 217.7 , Est Remaining: 262.1
158 219.1 , Est Remaining: 260.7
159 220.5 , Est Remaining: 259.4
160 222.0 , Est Remaining: 258.0
161 223.4 , Est Remaining: 256.7
162 224.8 , Est Remaining: 255.3
163 226.2 , Est Remaining: 254.0
164 227.6 , Est Remaining: 252.6
165 229.1 , Est Remaining: 251.3
166 230.5 , Est Remaining: 249.9
167 231.9 , Est Remaining: 248.6
168 233.3 , Est Remaining: 247.2
169 234.8 , Est Remaining: 245.9
170 236.2 , Est Remaining: 244.5
171 237.6 , Est Remaining: 243.1
172 239.0 , Est Remaining: 241.8
173 240.4 , Est Remaining: 240.4
174 241.8 , Est Remaining: 239.0
175 243.2 , Est Remaining: 237.7
176 244.6 , Est Remaining: 236.3
177 246.0 , Est Remaining: 234.9
178 247.5 , Est Remaining: 233.6
179 248.9 , Est Remaining: 232.2
180 250.3 , Est Remaining: 230.8
181 251.8 , Est Remaining: 229.5
182 253.2 , Est Remaining: 228.1
183 254.6 , Est Remaining: 226.8
184 256.1 , Est Remaining: 225.4
EVENT FAILED
184 256.4 , Est Remaining: 225.7
EVENT FAILED
184 256.9 , Est Remaining: 226.2
185 258.3 , Est Remaining: 224.8
186 259.7 , Est Remaining: 223.4
187 261.1 , Est Remaining: 222.0
188 262.5 , Est Remaining: 220.6
189 263.8 , Est Remaining: 219.2
190 265.3 , Est Remaining: 217.8
191 266.6 , Est Remaining: 216.4
192 268.0 , Est Remaining: 215.0
193 269.5 , Est Remaining: 213.6
194 270.9 , Est Remaining: 212.2
195 272.3 , Est Remaining: 210.9
196 273.7 , Est Remaining: 209.5
197 275.2 , Est Remaining: 208.1
198 276.6 , Est Remaining: 206.8
199 278.0 , Est Remaining: 205.4
200 279.5 , Est Remaining: 204.0
201 280.9 , Est Remaining: 202.6
202 282.4 , Est Remaining: 201.3
203 283.9 , Est Remaining: 200.0
204 285.3 , Est Remaining: 198.6
205 286.8 , Est Remaining: 197.2
206 288.2 , Est Remaining: 195.9
207 289.6 , Est Remaining: 194.5
208 291.1 , Est Remaining: 193.1
209 292.5 , Est Remaining: 191.7
210 293.9 , Est Remaining: 190.4
211 295.3 , Est Remaining: 189.0
212 296.7 , Est Remaining: 187.6
213 298.1 , Est Remaining: 186.1
214 299.5 , Est Remaining: 184.8
215 300.9 , Est Remaining: 183.3
216 302.3 , Est Remaining: 181.9
217 303.7 , Est Remaining: 180.5
218 305.1 , Est Remaining: 179.1
219 306.5 , Est Remaining: 177.7
220 307.9 , Est Remaining: 176.4
221 309.3 , Est Remaining: 175.0
222 310.7 , Est Remaining: 173.6
223 312.2 , Est Remaining: 172.2
224 313.6 , Est Remaining: 170.8
225 315.0 , Est Remaining: 169.4
226 316.4 , Est Remaining: 168.0
227 317.8 , Est Remaining: 166.6
228 319.2 , Est Remaining: 165.2
229 320.6 , Est Remaining: 163.8
230 322.0 , Est Remaining: 162.4
231 323.4 , Est Remaining: 161.0
232 324.8 , Est Remaining: 159.6
233 326.2 , Est Remaining: 158.2
234 327.6 , Est Remaining: 156.8
235 329.0 , Est Remaining: 155.4
236 330.4 , Est Remaining: 154.0
237 331.9 , Est Remaining: 152.6
238 333.3 , Est Remaining: 151.2
239 334.7 , Est Remaining: 149.8
240 336.1 , Est Remaining: 148.5
241 337.5 , Est Remaining: 147.1
242 339.0 , Est Remaining: 145.7
243 340.4 , Est Remaining: 144.3
244 341.8 , Est Remaining: 142.9
245 343.2 , Est Remaining: 141.5
246 344.6 , Est Remaining: 140.1
247 346.1 , Est Remaining: 138.7
248 347.5 , Est Remaining: 137.3
249 348.9 , Est Remaining: 135.9
250 350.4 , Est Remaining: 134.5
251 351.8 , Est Remaining: 133.1
252 353.2 , Est Remaining: 131.8
253 354.7 , Est Remaining: 130.4
254 356.1 , Est Remaining: 129.0
255 357.5 , Est Remaining: 127.6
256 358.9 , Est Remaining: 126.2
257 360.3 , Est Remaining: 124.8
258 361.7 , Est Remaining: 123.4
259 363.1 , Est Remaining: 122.0
260 364.5 , Est Remaining: 120.6
261 365.9 , Est Remaining: 119.2
262 367.3 , Est Remaining: 117.7
263 368.7 , Est Remaining: 116.3
264 370.0 , Est Remaining: 114.9
265 371.5 , Est Remaining: 113.5
266 372.9 , Est Remaining: 112.1
267 374.3 , Est Remaining: 110.7
268 375.7 , Est Remaining: 109.3
269 377.1 , Est Remaining: 107.9
270 378.5 , Est Remaining: 106.5
271 380.0 , Est Remaining: 105.2
272 381.4 , Est Remaining: 103.8
273 382.8 , Est Remaining: 102.4
274 384.2 , Est Remaining: 101.0
275 385.7 , Est Remaining: 99.6
276 387.1 , Est Remaining: 98.2
277 388.5 , Est Remaining: 96.8
278 389.9 , Est Remaining: 95.4
279 391.4 , Est Remaining: 94.0
280 392.8 , Est Remaining: 92.6
281 394.2 , Est Remaining: 91.2
282 395.6 , Est Remaining: 89.8
283 397.0 , Est Remaining: 88.4
284 398.4 , Est Remaining: 87.0
285 399.8 , Est Remaining: 85.6
286 401.2 , Est Remaining: 84.2
287 402.6 , Est Remaining: 82.8
288 404.0 , Est Remaining: 81.4
289 405.4 , Est Remaining: 80.0
290 406.8 , Est Remaining: 78.6
291 408.3 , Est Remaining: 77.2
292 409.7 , Est Remaining: 75.8
293 411.1 , Est Remaining: 74.4
294 412.6 , Est Remaining: 73.0
295 414.0 , Est Remaining: 71.6
296 415.4 , Est Remaining: 70.2
297 416.9 , Est Remaining: 68.8
298 418.3 , Est Remaining: 67.4
299 419.8 , Est Remaining: 66.0
300 421.2 , Est Remaining: 64.6
301 422.6 , Est Remaining: 63.2
302 424.2 , Est Remaining: 61.8
303 425.6 , Est Remaining: 60.4
304 427.1 , Est Remaining: 59.0
305 428.5 , Est Remaining: 57.6
306 429.9 , Est Remaining: 56.2
307 431.4 , Est Remaining: 54.8
308 432.8 , Est Remaining: 53.4
309 434.2 , Est Remaining: 52.0
310 435.7 , Est Remaining: 50.6
311 437.1 , Est Remaining: 49.2
312 438.5 , Est Remaining: 47.8
313 439.9 , Est Remaining: 46.4
314 441.4 , Est Remaining: 45.0
315 442.8 , Est Remaining: 43.6
316 444.2 , Est Remaining: 42.2
317 445.6 , Est Remaining: 40.8
318 447.0 , Est Remaining: 39.4
319 448.4 , Est Remaining: 38.0
320 449.8 , Est Remaining: 36.5
321 451.3 , Est Remaining: 35.1
322 452.7 , Est Remaining: 33.7
323 454.1 , Est Remaining: 32.3
324 455.5 , Est Remaining: 30.9
325 457.0 , Est Remaining: 29.5
326 458.4 , Est Remaining: 28.1
327 459.8 , Est Remaining: 26.7
328 461.3 , Est Remaining: 25.3
329 462.6 , Est Remaining: 23.9
330 464.0 , Est Remaining: 22.5
331 465.4 , Est Remaining: 21.1
332 466.8 , Est Remaining: 19.7
333 468.3 , Est Remaining: 18.3
334 469.7 , Est Remaining: 16.9
335 471.1 , Est Remaining: 15.5
336 472.6 , Est Remaining: 14.1
337 474.0 , Est Remaining: 12.7
338 475.4 , Est Remaining: 11.3
339 476.8 , Est Remaining: 9.8
340 478.1 , Est Remaining: 8.4
341 479.5 , Est Remaining: 7.0
342 480.9 , Est Remaining: 5.6
