Note: NumExpr detected 32 cores but "NUMEXPR_MAX_THREADS" not set, so enforcing safe limit of 8.
Using selector: EpollSelector
/n/home02/jhaefner/miniconda/envs/IC-3.7-2020-06-16/lib/python3.7/site-packages/scipy/optimize/minpack.py:808: OptimizeWarning: Covariance of the parameters could not be estimated
  category=OptimizeWarning)
Total rwfs: 346
0 0.0 , Est Remaining: 999999.9
1 1.5 , Est Remaining: 502.9
2 2.9 , Est Remaining: 500.3
3 4.4 , Est Remaining: 501.4
4 5.8 , Est Remaining: 499.1
5 7.3 , Est Remaining: 498.8
6 8.8 , Est Remaining: 496.1
7 10.2 , Est Remaining: 495.0
8 11.7 , Est Remaining: 493.2
9 13.1 , Est Remaining: 491.9
10 14.6 , Est Remaining: 489.6
11 16.0 , Est Remaining: 488.3
12 17.5 , Est Remaining: 486.9
13 18.9 , Est Remaining: 485.0
14 20.4 , Est Remaining: 483.6
15 21.8 , Est Remaining: 482.1
16 23.3 , Est Remaining: 480.7
17 24.8 , Est Remaining: 479.2
18 26.2 , Est Remaining: 478.0
19 27.7 , Est Remaining: 476.6
20 29.1 , Est Remaining: 474.9
21 30.6 , Est Remaining: 473.3
22 32.1 , Est Remaining: 472.1
23 33.5 , Est Remaining: 470.9
24 35.0 , Est Remaining: 469.4
25 36.4 , Est Remaining: 468.0
26 37.9 , Est Remaining: 466.5
27 39.4 , Est Remaining: 465.2
28 40.8 , Est Remaining: 463.7
29 42.3 , Est Remaining: 462.4
30 43.8 , Est Remaining: 460.9
31 45.2 , Est Remaining: 459.4
32 46.7 , Est Remaining: 458.0
33 48.1 , Est Remaining: 456.6
34 49.6 , Est Remaining: 455.0
35 51.0 , Est Remaining: 453.3
36 52.5 , Est Remaining: 451.7
37 53.9 , Est Remaining: 450.2
38 55.3 , Est Remaining: 448.5
39 56.8 , Est Remaining: 446.9
40 58.2 , Est Remaining: 445.5
41 59.7 , Est Remaining: 444.1
42 61.1 , Est Remaining: 442.5
43 62.6 , Est Remaining: 441.0
44 64.0 , Est Remaining: 439.5
45 65.5 , Est Remaining: 438.0
46 66.9 , Est Remaining: 436.6
47 68.4 , Est Remaining: 435.0
48 69.8 , Est Remaining: 433.4
49 71.3 , Est Remaining: 431.9
50 72.7 , Est Remaining: 430.3
51 74.1 , Est Remaining: 428.8
52 75.6 , Est Remaining: 427.2
53 77.0 , Est Remaining: 425.6
54 78.4 , Est Remaining: 424.0
55 79.8 , Est Remaining: 422.5
56 81.3 , Est Remaining: 420.9
57 82.7 , Est Remaining: 419.4
58 84.2 , Est Remaining: 417.9
EVENT FAILED
58 84.5 , Est Remaining: 419.5
59 85.9 , Est Remaining: 417.9
60 87.3 , Est Remaining: 416.3
61 88.8 , Est Remaining: 414.8
62 90.2 , Est Remaining: 413.3
63 91.7 , Est Remaining: 411.8
64 93.1 , Est Remaining: 410.1
65 94.5 , Est Remaining: 408.6
66 96.0 , Est Remaining: 407.1
67 97.4 , Est Remaining: 405.6
68 98.9 , Est Remaining: 404.1
69 100.3 , Est Remaining: 402.7
70 101.8 , Est Remaining: 401.2
71 103.2 , Est Remaining: 399.9
72 104.7 , Est Remaining: 398.5
73 106.2 , Est Remaining: 397.1
74 107.6 , Est Remaining: 395.7
EVENT FAILED
74 107.9 , Est Remaining: 396.8
75 109.4 , Est Remaining: 395.3
76 110.8 , Est Remaining: 393.8
77 112.3 , Est Remaining: 392.2
78 113.7 , Est Remaining: 390.7
79 115.2 , Est Remaining: 389.2
80 116.6 , Est Remaining: 387.7
81 118.1 , Est Remaining: 386.2
82 119.5 , Est Remaining: 384.7
83 120.9 , Est Remaining: 383.3
84 122.4 , Est Remaining: 381.7
85 123.8 , Est Remaining: 380.3
86 125.3 , Est Remaining: 378.8
87 126.7 , Est Remaining: 377.3
88 128.2 , Est Remaining: 375.8
89 129.6 , Est Remaining: 374.3
90 131.1 , Est Remaining: 372.8
91 132.5 , Est Remaining: 371.3
92 134.0 , Est Remaining: 369.9
93 135.4 , Est Remaining: 368.4
94 136.8 , Est Remaining: 366.9
95 138.3 , Est Remaining: 365.4
96 139.8 , Est Remaining: 363.9
97 141.2 , Est Remaining: 362.5
98 142.6 , Est Remaining: 361.0
99 144.1 , Est Remaining: 359.5
100 145.5 , Est Remaining: 358.0
101 147.0 , Est Remaining: 356.5
102 148.4 , Est Remaining: 355.0
103 149.9 , Est Remaining: 353.7
104 151.4 , Est Remaining: 352.3
105 152.8 , Est Remaining: 350.8
106 154.3 , Est Remaining: 349.4
107 155.8 , Est Remaining: 347.9
108 157.2 , Est Remaining: 346.4
109 158.7 , Est Remaining: 345.0
110 160.1 , Est Remaining: 343.5
111 161.6 , Est Remaining: 342.1
112 163.0 , Est Remaining: 340.6
113 164.5 , Est Remaining: 339.2
114 165.9 , Est Remaining: 337.7
115 167.4 , Est Remaining: 336.2
116 168.8 , Est Remaining: 334.7
117 170.2 , Est Remaining: 333.2
118 171.7 , Est Remaining: 331.7
119 173.1 , Est Remaining: 330.2
120 174.6 , Est Remaining: 328.8
121 176.0 , Est Remaining: 327.3
122 177.5 , Est Remaining: 325.8
123 178.9 , Est Remaining: 324.4
124 180.4 , Est Remaining: 322.9
125 181.8 , Est Remaining: 321.4
126 183.3 , Est Remaining: 320.0
127 184.7 , Est Remaining: 318.5
128 186.2 , Est Remaining: 317.0
129 187.6 , Est Remaining: 315.6
130 189.1 , Est Remaining: 314.1
131 190.5 , Est Remaining: 312.7
132 192.0 , Est Remaining: 311.2
133 193.4 , Est Remaining: 309.8
134 194.9 , Est Remaining: 308.3
135 196.3 , Est Remaining: 306.9
136 197.8 , Est Remaining: 305.4
137 199.2 , Est Remaining: 304.0
138 200.7 , Est Remaining: 302.5
139 202.2 , Est Remaining: 301.1
140 203.6 , Est Remaining: 299.6
141 205.1 , Est Remaining: 298.2
142 206.5 , Est Remaining: 296.7
143 208.0 , Est Remaining: 295.2
144 209.4 , Est Remaining: 293.7
145 210.8 , Est Remaining: 292.3
146 212.3 , Est Remaining: 290.8
147 213.7 , Est Remaining: 289.3
148 215.2 , Est Remaining: 287.8
149 216.6 , Est Remaining: 286.3
150 218.0 , Est Remaining: 284.8
151 219.4 , Est Remaining: 283.4
152 220.9 , Est Remaining: 281.9
153 222.3 , Est Remaining: 280.5
154 223.8 , Est Remaining: 279.0
155 225.2 , Est Remaining: 277.5
156 226.6 , Est Remaining: 276.0
157 228.1 , Est Remaining: 274.6
158 229.5 , Est Remaining: 273.1
EVENT FAILED
158 230.8 , Est Remaining: 274.7
159 232.3 , Est Remaining: 273.2
160 233.8 , Est Remaining: 271.7
161 235.2 , Est Remaining: 270.2
162 236.6 , Est Remaining: 268.8
163 238.1 , Est Remaining: 267.3
164 239.5 , Est Remaining: 265.8
165 241.0 , Est Remaining: 264.3
166 242.4 , Est Remaining: 262.8
167 243.8 , Est Remaining: 261.4
168 245.3 , Est Remaining: 259.9
169 246.7 , Est Remaining: 258.4
170 248.2 , Est Remaining: 256.9
171 249.6 , Est Remaining: 255.4
172 251.1 , Est Remaining: 254.0
173 252.5 , Est Remaining: 252.5
174 254.0 , Est Remaining: 251.1
175 255.4 , Est Remaining: 249.6
176 256.9 , Est Remaining: 248.1
177 258.3 , Est Remaining: 246.6
178 259.8 , Est Remaining: 245.2
179 261.2 , Est Remaining: 243.7
180 262.7 , Est Remaining: 242.2
181 264.1 , Est Remaining: 240.8
182 265.6 , Est Remaining: 239.3
183 267.0 , Est Remaining: 237.8
184 268.5 , Est Remaining: 236.4
185 269.9 , Est Remaining: 234.9
186 271.3 , Est Remaining: 233.4
187 272.8 , Est Remaining: 232.0
188 274.3 , Est Remaining: 230.5
189 275.7 , Est Remaining: 229.0
190 277.2 , Est Remaining: 227.6
191 278.6 , Est Remaining: 226.1
192 280.1 , Est Remaining: 224.6
193 281.5 , Est Remaining: 223.2
194 282.9 , Est Remaining: 221.7
195 284.4 , Est Remaining: 220.2
196 285.8 , Est Remaining: 218.7
197 287.3 , Est Remaining: 217.3
198 288.7 , Est Remaining: 215.8
199 290.1 , Est Remaining: 214.3
200 291.6 , Est Remaining: 212.9
201 293.1 , Est Remaining: 211.4
202 294.7 , Est Remaining: 210.1
203 296.1 , Est Remaining: 208.6
204 297.6 , Est Remaining: 207.1
205 299.0 , Est Remaining: 205.7
206 300.5 , Est Remaining: 204.2
207 301.9 , Est Remaining: 202.7
208 303.4 , Est Remaining: 201.3
209 304.8 , Est Remaining: 199.8
210 306.3 , Est Remaining: 198.4
211 307.7 , Est Remaining: 196.9
212 309.2 , Est Remaining: 195.4
213 310.6 , Est Remaining: 193.9
214 312.1 , Est Remaining: 192.5
215 313.5 , Est Remaining: 191.0
216 314.9 , Est Remaining: 189.6
217 316.4 , Est Remaining: 188.1
218 317.9 , Est Remaining: 186.6
219 319.3 , Est Remaining: 185.2
220 320.7 , Est Remaining: 183.7
221 322.2 , Est Remaining: 182.2
222 323.6 , Est Remaining: 180.7
223 325.0 , Est Remaining: 179.3
224 326.5 , Est Remaining: 177.8
225 327.9 , Est Remaining: 176.3
226 329.3 , Est Remaining: 174.9
227 330.8 , Est Remaining: 173.4
228 332.2 , Est Remaining: 171.9
229 333.7 , Est Remaining: 170.5
230 335.1 , Est Remaining: 169.0
231 336.6 , Est Remaining: 167.5
232 338.0 , Est Remaining: 166.1
233 339.5 , Est Remaining: 164.6
234 340.9 , Est Remaining: 163.2
235 342.4 , Est Remaining: 161.7
236 343.8 , Est Remaining: 160.2
237 345.3 , Est Remaining: 158.8
238 346.7 , Est Remaining: 157.3
239 348.2 , Est Remaining: 155.9
240 349.6 , Est Remaining: 154.4
241 351.1 , Est Remaining: 153.0
242 352.5 , Est Remaining: 151.5
243 354.0 , Est Remaining: 150.0
244 355.4 , Est Remaining: 148.6
EVENT FAILED
244 355.7 , Est Remaining: 148.7
245 357.2 , Est Remaining: 147.2
246 358.6 , Est Remaining: 145.8
247 360.1 , Est Remaining: 144.3
248 361.6 , Est Remaining: 142.9
249 363.0 , Est Remaining: 141.4
250 364.5 , Est Remaining: 140.0
251 365.9 , Est Remaining: 138.5
252 367.4 , Est Remaining: 137.0
253 368.8 , Est Remaining: 135.6
254 370.3 , Est Remaining: 134.1
255 371.7 , Est Remaining: 132.7
256 373.2 , Est Remaining: 131.2
257 374.7 , Est Remaining: 129.8
258 376.2 , Est Remaining: 128.3
259 377.7 , Est Remaining: 126.9
260 379.0 , Est Remaining: 125.4
261 380.5 , Est Remaining: 123.9
262 382.0 , Est Remaining: 122.5
263 383.4 , Est Remaining: 121.0
264 384.9 , Est Remaining: 119.5
265 386.3 , Est Remaining: 118.1
266 387.8 , Est Remaining: 116.6
267 389.3 , Est Remaining: 115.2
268 390.7 , Est Remaining: 113.7
269 392.2 , Est Remaining: 112.3
270 393.6 , Est Remaining: 110.8
271 395.1 , Est Remaining: 109.3
272 396.5 , Est Remaining: 107.9
273 398.0 , Est Remaining: 106.4
274 399.5 , Est Remaining: 105.0
275 401.0 , Est Remaining: 103.5
276 402.4 , Est Remaining: 102.1
277 403.9 , Est Remaining: 100.6
278 405.4 , Est Remaining: 99.2
279 406.8 , Est Remaining: 97.7
280 408.2 , Est Remaining: 96.2
281 409.6 , Est Remaining: 94.8
282 411.0 , Est Remaining: 93.3
283 412.4 , Est Remaining: 91.8
284 413.9 , Est Remaining: 90.3
285 415.3 , Est Remaining: 88.9
286 416.6 , Est Remaining: 87.4
287 418.0 , Est Remaining: 85.9
288 419.4 , Est Remaining: 84.5
289 420.8 , Est Remaining: 83.0
290 422.2 , Est Remaining: 81.5
291 423.6 , Est Remaining: 80.1
292 425.0 , Est Remaining: 78.6
293 426.4 , Est Remaining: 77.1
294 427.8 , Est Remaining: 75.7
295 429.2 , Est Remaining: 74.2
296 430.6 , Est Remaining: 72.7
297 432.0 , Est Remaining: 71.3
298 433.4 , Est Remaining: 69.8
299 434.7 , Est Remaining: 68.3
300 436.1 , Est Remaining: 66.9
EVENT FAILED
300 436.4 , Est Remaining: 66.9
301 438.0 , Est Remaining: 65.5
302 439.3 , Est Remaining: 64.0
303 440.7 , Est Remaining: 62.5
304 442.1 , Est Remaining: 61.1
305 443.5 , Est Remaining: 59.6
306 444.9 , Est Remaining: 58.2
307 446.3 , Est Remaining: 56.7
308 447.7 , Est Remaining: 55.2
309 449.1 , Est Remaining: 53.8
310 450.4 , Est Remaining: 52.3
311 451.8 , Est Remaining: 50.8
312 453.2 , Est Remaining: 49.4
313 454.6 , Est Remaining: 47.9
314 456.0 , Est Remaining: 46.5
315 457.3 , Est Remaining: 45.0
316 458.7 , Est Remaining: 43.6
317 460.1 , Est Remaining: 42.1
318 461.5 , Est Remaining: 40.6
319 462.9 , Est Remaining: 39.2
320 464.2 , Est Remaining: 37.7
321 465.6 , Est Remaining: 36.3
322 467.0 , Est Remaining: 34.8
323 468.4 , Est Remaining: 33.4
324 469.7 , Est Remaining: 31.9
325 471.1 , Est Remaining: 30.4
326 472.5 , Est Remaining: 29.0
327 473.9 , Est Remaining: 27.5
328 475.2 , Est Remaining: 26.1
329 476.6 , Est Remaining: 24.6
330 478.0 , Est Remaining: 23.2
331 479.4 , Est Remaining: 21.7
332 480.7 , Est Remaining: 20.3
333 482.1 , Est Remaining: 18.8
334 483.4 , Est Remaining: 17.4
335 484.8 , Est Remaining: 15.9
336 486.1 , Est Remaining: 14.5
337 487.4 , Est Remaining: 13.0
338 488.8 , Est Remaining: 11.6
339 490.1 , Est Remaining: 10.1
340 491.4 , Est Remaining: 8.7
