Note: NumExpr detected 32 cores but "NUMEXPR_MAX_THREADS" not set, so enforcing safe limit of 8.
Using selector: EpollSelector
/n/home02/jhaefner/miniconda/envs/IC-3.7-2020-06-16/lib/python3.7/site-packages/scipy/optimize/minpack.py:808: OptimizeWarning: Covariance of the parameters could not be estimated
  category=OptimizeWarning)
Total rwfs: 346
0 0.0 , Est Remaining: 999999.9
1 1.4 , Est Remaining: 488.7
2 2.8 , Est Remaining: 482.0
3 4.2 , Est Remaining: 480.7
4 5.6 , Est Remaining: 476.6
5 6.9 , Est Remaining: 473.7
6 8.3 , Est Remaining: 471.6
7 9.7 , Est Remaining: 468.8
8 11.0 , Est Remaining: 466.6
9 12.4 , Est Remaining: 463.8
10 13.7 , Est Remaining: 462.0
11 15.1 , Est Remaining: 459.5
12 16.5 , Est Remaining: 458.2
13 17.8 , Est Remaining: 456.7
14 19.2 , Est Remaining: 455.0
15 20.5 , Est Remaining: 453.4
16 21.9 , Est Remaining: 451.9
17 23.3 , Est Remaining: 450.3
18 24.6 , Est Remaining: 448.8
19 26.0 , Est Remaining: 447.1
20 27.3 , Est Remaining: 445.5
21 28.7 , Est Remaining: 444.1
22 30.0 , Est Remaining: 442.5
23 31.4 , Est Remaining: 441.3
24 32.8 , Est Remaining: 439.9
25 34.2 , Est Remaining: 438.7
26 35.5 , Est Remaining: 437.3
27 36.9 , Est Remaining: 435.8
28 38.2 , Est Remaining: 434.1
29 39.6 , Est Remaining: 432.6
30 40.9 , Est Remaining: 431.0
31 42.3 , Est Remaining: 429.5
32 43.6 , Est Remaining: 427.9
33 44.9 , Est Remaining: 426.2
34 46.3 , Est Remaining: 424.8
35 47.6 , Est Remaining: 423.3
36 49.0 , Est Remaining: 421.8
37 50.3 , Est Remaining: 420.3
38 51.7 , Est Remaining: 418.8
39 53.0 , Est Remaining: 417.2
40 54.4 , Est Remaining: 415.9
41 55.7 , Est Remaining: 414.4
42 57.1 , Est Remaining: 413.0
43 58.4 , Est Remaining: 411.7
44 59.8 , Est Remaining: 410.3
EVENT FAILED
44 60.1 , Est Remaining: 412.4
45 61.5 , Est Remaining: 411.0
46 62.8 , Est Remaining: 409.7
47 64.2 , Est Remaining: 408.2
48 65.5 , Est Remaining: 406.8
49 66.9 , Est Remaining: 405.3
50 68.2 , Est Remaining: 403.9
51 69.6 , Est Remaining: 402.5
EVENT FAILED
51 69.9 , Est Remaining: 404.2
52 71.2 , Est Remaining: 402.7
53 72.6 , Est Remaining: 401.2
54 73.9 , Est Remaining: 399.7
55 75.3 , Est Remaining: 398.4
56 76.7 , Est Remaining: 396.9
57 78.0 , Est Remaining: 395.5
58 79.4 , Est Remaining: 394.1
59 80.7 , Est Remaining: 392.6
60 82.0 , Est Remaining: 391.0
61 83.4 , Est Remaining: 389.6
62 84.7 , Est Remaining: 388.2
63 86.1 , Est Remaining: 386.7
64 87.4 , Est Remaining: 385.2
65 88.8 , Est Remaining: 383.8
66 90.1 , Est Remaining: 382.3
67 91.5 , Est Remaining: 380.9
68 92.8 , Est Remaining: 379.5
69 94.2 , Est Remaining: 378.1
70 95.5 , Est Remaining: 376.6
71 96.9 , Est Remaining: 375.2
72 98.2 , Est Remaining: 373.8
73 99.6 , Est Remaining: 372.4
74 100.9 , Est Remaining: 371.0
75 102.3 , Est Remaining: 369.6
76 103.6 , Est Remaining: 368.2
77 105.0 , Est Remaining: 366.9
78 106.4 , Est Remaining: 365.5
79 107.7 , Est Remaining: 364.1
80 109.1 , Est Remaining: 362.6
81 110.4 , Est Remaining: 361.2
82 111.8 , Est Remaining: 359.9
83 113.1 , Est Remaining: 358.4
84 114.5 , Est Remaining: 357.0
85 115.8 , Est Remaining: 355.6
86 117.2 , Est Remaining: 354.3
87 118.6 , Est Remaining: 352.9
88 119.9 , Est Remaining: 351.6
89 121.3 , Est Remaining: 350.2
90 122.6 , Est Remaining: 348.8
91 124.0 , Est Remaining: 347.4
92 125.3 , Est Remaining: 346.0
93 126.7 , Est Remaining: 344.7
94 128.1 , Est Remaining: 343.3
95 129.4 , Est Remaining: 341.9
96 130.8 , Est Remaining: 340.5
97 132.1 , Est Remaining: 339.2
98 133.5 , Est Remaining: 337.8
99 134.9 , Est Remaining: 336.5
100 136.2 , Est Remaining: 335.1
101 137.6 , Est Remaining: 333.7
102 138.9 , Est Remaining: 332.3
103 140.3 , Est Remaining: 331.1
104 141.7 , Est Remaining: 329.7
105 143.0 , Est Remaining: 328.3
106 144.4 , Est Remaining: 326.9
107 145.8 , Est Remaining: 325.6
108 147.1 , Est Remaining: 324.2
109 148.5 , Est Remaining: 322.8
110 149.8 , Est Remaining: 321.4
111 151.1 , Est Remaining: 319.8
112 152.4 , Est Remaining: 318.5
113 153.8 , Est Remaining: 317.1
114 155.1 , Est Remaining: 315.7
115 156.5 , Est Remaining: 314.3
116 157.9 , Est Remaining: 313.0
117 159.2 , Est Remaining: 311.6
118 160.6 , Est Remaining: 310.3
119 161.9 , Est Remaining: 308.9
120 163.3 , Est Remaining: 307.6
121 164.7 , Est Remaining: 306.2
122 166.0 , Est Remaining: 304.9
123 167.4 , Est Remaining: 303.5
124 168.8 , Est Remaining: 302.1
125 170.1 , Est Remaining: 300.7
126 171.4 , Est Remaining: 299.3
127 172.8 , Est Remaining: 298.0
128 174.1 , Est Remaining: 296.5
129 175.4 , Est Remaining: 295.1
130 176.8 , Est Remaining: 293.7
131 178.1 , Est Remaining: 292.4
132 179.5 , Est Remaining: 291.0
133 180.9 , Est Remaining: 289.6
134 182.2 , Est Remaining: 288.3
135 183.6 , Est Remaining: 286.9
136 184.9 , Est Remaining: 285.5
137 186.3 , Est Remaining: 284.1
138 187.6 , Est Remaining: 282.8
139 189.0 , Est Remaining: 281.4
140 190.3 , Est Remaining: 280.1
141 191.7 , Est Remaining: 278.7
142 193.1 , Est Remaining: 277.3
143 194.4 , Est Remaining: 276.0
144 195.8 , Est Remaining: 274.6
145 197.1 , Est Remaining: 273.3
146 198.5 , Est Remaining: 271.9
147 199.8 , Est Remaining: 270.5
148 201.2 , Est Remaining: 269.2
149 202.5 , Est Remaining: 267.8
150 203.9 , Est Remaining: 266.4
151 205.3 , Est Remaining: 265.1
152 206.6 , Est Remaining: 263.7
153 207.9 , Est Remaining: 262.3
154 209.3 , Est Remaining: 260.9
155 210.6 , Est Remaining: 259.6
156 212.0 , Est Remaining: 258.2
157 213.3 , Est Remaining: 256.8
158 214.7 , Est Remaining: 255.4
159 216.0 , Est Remaining: 254.0
160 217.3 , Est Remaining: 252.7
161 218.7 , Est Remaining: 251.3
162 220.0 , Est Remaining: 249.9
163 221.4 , Est Remaining: 248.5
164 222.7 , Est Remaining: 247.2
165 224.1 , Est Remaining: 245.8
166 225.4 , Est Remaining: 244.4
167 226.8 , Est Remaining: 243.1
168 228.1 , Est Remaining: 241.7
169 229.4 , Est Remaining: 240.3
170 230.8 , Est Remaining: 238.9
171 232.1 , Est Remaining: 237.6
172 233.5 , Est Remaining: 236.2
173 234.8 , Est Remaining: 234.8
174 236.1 , Est Remaining: 233.4
175 237.5 , Est Remaining: 232.1
176 238.8 , Est Remaining: 230.7
177 240.2 , Est Remaining: 229.3
178 241.5 , Est Remaining: 228.0
179 242.9 , Est Remaining: 226.6
180 244.2 , Est Remaining: 225.2
181 245.6 , Est Remaining: 223.9
182 246.9 , Est Remaining: 222.5
183 248.2 , Est Remaining: 221.1
184 249.6 , Est Remaining: 219.7
185 250.9 , Est Remaining: 218.4
186 252.3 , Est Remaining: 217.0
187 253.6 , Est Remaining: 215.7
188 255.0 , Est Remaining: 214.3
189 256.3 , Est Remaining: 212.9
190 257.7 , Est Remaining: 211.6
191 259.0 , Est Remaining: 210.2
192 260.4 , Est Remaining: 208.8
193 261.7 , Est Remaining: 207.5
194 263.1 , Est Remaining: 206.1
195 264.4 , Est Remaining: 204.7
EVENT FAILED
195 264.7 , Est Remaining: 205.0
196 266.0 , Est Remaining: 203.6
197 267.4 , Est Remaining: 202.2
198 268.7 , Est Remaining: 200.9
199 270.1 , Est Remaining: 199.5
200 271.4 , Est Remaining: 198.1
201 272.8 , Est Remaining: 196.8
202 274.1 , Est Remaining: 195.4
203 275.6 , Est Remaining: 194.1
204 277.0 , Est Remaining: 192.8
205 278.3 , Est Remaining: 191.4
206 279.7 , Est Remaining: 190.1
207 281.0 , Est Remaining: 188.7
208 282.4 , Est Remaining: 187.3
209 283.7 , Est Remaining: 186.0
210 285.1 , Est Remaining: 184.6
211 286.5 , Est Remaining: 183.3
212 287.9 , Est Remaining: 181.9
213 289.2 , Est Remaining: 180.6
214 290.6 , Est Remaining: 179.2
215 291.9 , Est Remaining: 177.9
216 293.3 , Est Remaining: 176.5
217 294.7 , Est Remaining: 175.2
218 296.0 , Est Remaining: 173.8
219 297.4 , Est Remaining: 172.5
220 298.8 , Est Remaining: 171.1
221 300.1 , Est Remaining: 169.8
222 301.5 , Est Remaining: 168.4
223 302.9 , Est Remaining: 167.0
224 304.2 , Est Remaining: 165.7
225 305.6 , Est Remaining: 164.3
226 307.0 , Est Remaining: 163.0
227 308.3 , Est Remaining: 161.6
228 309.7 , Est Remaining: 160.3
229 311.0 , Est Remaining: 158.9
230 312.4 , Est Remaining: 157.6
231 313.8 , Est Remaining: 156.2
232 315.1 , Est Remaining: 154.9
233 316.5 , Est Remaining: 153.5
234 317.9 , Est Remaining: 152.1
235 319.2 , Est Remaining: 150.8
236 320.6 , Est Remaining: 149.4
237 321.9 , Est Remaining: 148.1
238 323.3 , Est Remaining: 146.7
239 324.6 , Est Remaining: 145.3
240 326.0 , Est Remaining: 144.0
241 327.3 , Est Remaining: 142.6
242 328.7 , Est Remaining: 141.3
243 330.0 , Est Remaining: 139.9
244 331.4 , Est Remaining: 138.5
245 332.7 , Est Remaining: 137.2
246 334.1 , Est Remaining: 135.8
247 335.5 , Est Remaining: 134.5
248 336.8 , Est Remaining: 133.1
249 338.2 , Est Remaining: 131.7
250 339.5 , Est Remaining: 130.4
251 340.9 , Est Remaining: 129.0
252 342.3 , Est Remaining: 127.7
253 343.6 , Est Remaining: 126.3
254 345.0 , Est Remaining: 125.0
255 346.4 , Est Remaining: 123.6
256 347.7 , Est Remaining: 122.2
257 349.1 , Est Remaining: 120.9
258 350.4 , Est Remaining: 119.5
259 351.8 , Est Remaining: 118.2
260 353.1 , Est Remaining: 116.8
261 354.5 , Est Remaining: 115.4
262 355.8 , Est Remaining: 114.1
263 357.2 , Est Remaining: 112.7
264 358.5 , Est Remaining: 111.4
265 359.8 , Est Remaining: 110.0
266 361.2 , Est Remaining: 108.6
267 362.5 , Est Remaining: 107.3
268 363.9 , Est Remaining: 105.9
269 365.2 , Est Remaining: 104.5
270 366.6 , Est Remaining: 103.2
271 367.9 , Est Remaining: 101.8
272 369.2 , Est Remaining: 100.5
273 370.6 , Est Remaining: 99.1
274 371.9 , Est Remaining: 97.7
275 373.3 , Est Remaining: 96.4
276 374.6 , Est Remaining: 95.0
277 375.9 , Est Remaining: 93.6
278 377.3 , Est Remaining: 92.3
279 378.6 , Est Remaining: 90.9
280 380.0 , Est Remaining: 89.6
281 381.3 , Est Remaining: 88.2
282 382.6 , Est Remaining: 86.8
283 384.0 , Est Remaining: 85.5
284 385.3 , Est Remaining: 84.1
285 386.7 , Est Remaining: 82.8
286 388.0 , Est Remaining: 81.4
287 389.4 , Est Remaining: 80.0
288 390.7 , Est Remaining: 78.7
289 392.0 , Est Remaining: 77.3
290 393.4 , Est Remaining: 76.0
291 394.7 , Est Remaining: 74.6
292 396.1 , Est Remaining: 73.2
293 397.4 , Est Remaining: 71.9
294 398.8 , Est Remaining: 70.5
295 400.1 , Est Remaining: 69.2
296 401.5 , Est Remaining: 67.8
297 402.8 , Est Remaining: 66.5
298 404.2 , Est Remaining: 65.1
299 405.5 , Est Remaining: 63.7
300 406.8 , Est Remaining: 62.4
301 408.1 , Est Remaining: 61.0
302 409.6 , Est Remaining: 59.7
303 410.9 , Est Remaining: 58.3
304 412.1 , Est Remaining: 56.9
305 413.4 , Est Remaining: 55.6
306 414.7 , Est Remaining: 54.2
307 416.0 , Est Remaining: 52.8
308 417.2 , Est Remaining: 51.5
309 418.5 , Est Remaining: 50.1
310 419.8 , Est Remaining: 48.7
311 421.1 , Est Remaining: 47.4
312 422.3 , Est Remaining: 46.0
313 423.6 , Est Remaining: 44.7
314 424.9 , Est Remaining: 43.3
315 426.2 , Est Remaining: 41.9
316 427.4 , Est Remaining: 40.6
317 428.7 , Est Remaining: 39.2
318 430.0 , Est Remaining: 37.9
319 431.2 , Est Remaining: 36.5
320 432.5 , Est Remaining: 35.1
321 433.8 , Est Remaining: 33.8
322 435.1 , Est Remaining: 32.4
323 436.3 , Est Remaining: 31.1
324 437.6 , Est Remaining: 29.7
325 438.9 , Est Remaining: 28.4
326 440.2 , Est Remaining: 27.0
327 441.4 , Est Remaining: 25.6
EVENT FAILED
327 441.7 , Est Remaining: 25.7
328 443.0 , Est Remaining: 24.3
329 444.3 , Est Remaining: 23.0
330 445.5 , Est Remaining: 21.6
331 446.8 , Est Remaining: 20.2
332 448.1 , Est Remaining: 18.9
333 449.3 , Est Remaining: 17.5
334 450.6 , Est Remaining: 16.2
335 451.9 , Est Remaining: 14.8
336 453.1 , Est Remaining: 13.5
337 454.4 , Est Remaining: 12.1
338 455.7 , Est Remaining: 10.8
339 456.9 , Est Remaining: 9.4
340 458.2 , Est Remaining: 8.1
341 459.5 , Est Remaining: 6.7
