Note: NumExpr detected 32 cores but "NUMEXPR_MAX_THREADS" not set, so enforcing safe limit of 8.
Using selector: EpollSelector
/n/home02/jhaefner/miniconda/envs/IC-3.7-2020-06-16/lib/python3.7/site-packages/scipy/optimize/minpack.py:808: OptimizeWarning: Covariance of the parameters could not be estimated
  category=OptimizeWarning)
Total rwfs: 346
0 0.0 , Est Remaining: 999999.9
1 1.5 , Est Remaining: 522.7
2 3.0 , Est Remaining: 515.6
3 4.5 , Est Remaining: 514.0
4 6.0 , Est Remaining: 508.8
5 7.4 , Est Remaining: 507.0
EVENT FAILED
5 7.8 , Est Remaining: 529.1
6 9.2 , Est Remaining: 522.0
7 10.7 , Est Remaining: 517.8
8 12.2 , Est Remaining: 513.4
9 13.6 , Est Remaining: 509.2
10 15.1 , Est Remaining: 506.8
11 16.6 , Est Remaining: 504.4
12 18.0 , Est Remaining: 502.1
13 19.5 , Est Remaining: 499.7
14 21.0 , Est Remaining: 497.5
15 22.4 , Est Remaining: 495.4
16 23.9 , Est Remaining: 493.0
17 25.4 , Est Remaining: 490.8
18 26.8 , Est Remaining: 488.6
19 28.2 , Est Remaining: 486.1
20 29.7 , Est Remaining: 484.1
21 31.1 , Est Remaining: 481.9
22 32.6 , Est Remaining: 480.2
23 34.1 , Est Remaining: 478.3
24 35.5 , Est Remaining: 476.3
25 37.0 , Est Remaining: 474.5
26 38.4 , Est Remaining: 472.6
27 39.8 , Est Remaining: 470.8
28 41.3 , Est Remaining: 469.0
29 42.8 , Est Remaining: 467.5
30 44.2 , Est Remaining: 465.8
EVENT FAILED
30 44.5 , Est Remaining: 469.0
31 46.0 , Est Remaining: 467.1
32 47.5 , Est Remaining: 465.6
33 48.9 , Est Remaining: 463.8
34 50.3 , Est Remaining: 461.9
35 51.8 , Est Remaining: 460.1
36 53.2 , Est Remaining: 458.3
37 54.7 , Est Remaining: 456.5
38 56.1 , Est Remaining: 454.8
39 57.6 , Est Remaining: 453.3
40 59.0 , Est Remaining: 451.6
41 60.5 , Est Remaining: 450.0
42 61.9 , Est Remaining: 448.3
43 63.4 , Est Remaining: 446.7
44 64.8 , Est Remaining: 445.0
45 66.3 , Est Remaining: 443.4
46 67.7 , Est Remaining: 441.8
47 69.2 , Est Remaining: 440.2
48 70.6 , Est Remaining: 438.5
EVENT FAILED
48 70.9 , Est Remaining: 440.4
49 72.4 , Est Remaining: 438.9
50 73.9 , Est Remaining: 437.4
51 75.3 , Est Remaining: 435.7
52 76.8 , Est Remaining: 434.1
53 78.2 , Est Remaining: 432.5
EVENT FAILED
53 78.5 , Est Remaining: 434.2
54 80.0 , Est Remaining: 432.6
55 81.5 , Est Remaining: 431.0
EVENT FAILED
55 81.8 , Est Remaining: 432.6
56 83.2 , Est Remaining: 431.0
57 84.7 , Est Remaining: 429.4
58 86.1 , Est Remaining: 427.8
59 87.6 , Est Remaining: 426.1
60 89.1 , Est Remaining: 424.5
61 90.5 , Est Remaining: 423.0
62 92.0 , Est Remaining: 421.5
63 93.5 , Est Remaining: 419.9
64 94.9 , Est Remaining: 418.4
65 96.4 , Est Remaining: 416.8
66 97.9 , Est Remaining: 415.2
EVENT FAILED
66 98.2 , Est Remaining: 416.5
67 99.6 , Est Remaining: 415.0
68 101.1 , Est Remaining: 413.3
69 102.6 , Est Remaining: 411.7
70 104.1 , Est Remaining: 410.3
71 105.5 , Est Remaining: 408.8
72 107.0 , Est Remaining: 407.2
73 108.5 , Est Remaining: 405.6
EVENT FAILED
73 108.8 , Est Remaining: 406.7
74 110.2 , Est Remaining: 405.1
75 111.7 , Est Remaining: 403.5
76 113.1 , Est Remaining: 401.9
77 114.6 , Est Remaining: 400.3
78 116.0 , Est Remaining: 398.7
79 117.5 , Est Remaining: 397.1
80 119.0 , Est Remaining: 395.5
81 120.4 , Est Remaining: 393.9
82 121.9 , Est Remaining: 392.4
83 123.3 , Est Remaining: 390.8
84 124.8 , Est Remaining: 389.2
85 126.2 , Est Remaining: 387.6
86 127.7 , Est Remaining: 386.1
87 129.2 , Est Remaining: 384.5
88 130.6 , Est Remaining: 382.9
89 132.1 , Est Remaining: 381.4
90 133.5 , Est Remaining: 379.8
91 135.0 , Est Remaining: 378.3
92 136.4 , Est Remaining: 376.6
93 137.9 , Est Remaining: 375.1
94 139.3 , Est Remaining: 373.5
95 140.8 , Est Remaining: 371.9
96 142.2 , Est Remaining: 370.3
97 143.6 , Est Remaining: 368.7
98 145.1 , Est Remaining: 367.2
99 146.5 , Est Remaining: 365.6
100 148.0 , Est Remaining: 364.0
101 149.4 , Est Remaining: 362.4
102 150.8 , Est Remaining: 360.8
103 152.3 , Est Remaining: 359.4
104 153.7 , Est Remaining: 357.7
105 155.2 , Est Remaining: 356.1
EVENT FAILED
105 155.5 , Est Remaining: 356.8
106 156.9 , Est Remaining: 355.2
107 158.3 , Est Remaining: 353.5
108 159.7 , Est Remaining: 351.9
109 161.1 , Est Remaining: 350.2
110 162.5 , Est Remaining: 348.7
111 163.9 , Est Remaining: 347.0
112 165.3 , Est Remaining: 345.4
113 166.7 , Est Remaining: 343.8
114 168.1 , Est Remaining: 342.2
115 169.5 , Est Remaining: 340.6
116 170.9 , Est Remaining: 338.9
117 172.3 , Est Remaining: 337.3
118 173.7 , Est Remaining: 335.7
119 175.1 , Est Remaining: 334.1
EVENT FAILED
119 175.4 , Est Remaining: 334.6
120 176.8 , Est Remaining: 333.0
121 178.2 , Est Remaining: 331.4
122 179.6 , Est Remaining: 329.8
123 181.0 , Est Remaining: 328.2
124 182.4 , Est Remaining: 326.6
125 183.8 , Est Remaining: 325.0
126 185.2 , Est Remaining: 323.3
127 186.6 , Est Remaining: 321.7
128 188.0 , Est Remaining: 320.1
129 189.4 , Est Remaining: 318.5
130 190.7 , Est Remaining: 316.9
131 192.1 , Est Remaining: 315.3
132 193.5 , Est Remaining: 313.8
133 194.9 , Est Remaining: 312.2
134 196.3 , Est Remaining: 310.6
135 197.7 , Est Remaining: 309.1
136 199.1 , Est Remaining: 307.5
137 200.5 , Est Remaining: 305.9
138 201.9 , Est Remaining: 304.3
139 203.3 , Est Remaining: 302.7
140 204.7 , Est Remaining: 301.1
141 206.0 , Est Remaining: 299.6
142 207.4 , Est Remaining: 298.0
143 208.8 , Est Remaining: 296.4
144 210.2 , Est Remaining: 294.8
145 211.6 , Est Remaining: 293.3
146 213.0 , Est Remaining: 291.7
147 214.4 , Est Remaining: 290.2
148 215.8 , Est Remaining: 288.6
149 217.1 , Est Remaining: 287.1
150 218.5 , Est Remaining: 285.6
151 219.9 , Est Remaining: 284.0
152 221.3 , Est Remaining: 282.5
153 222.7 , Est Remaining: 280.9
154 224.1 , Est Remaining: 279.4
155 225.5 , Est Remaining: 277.9
156 226.9 , Est Remaining: 276.3
157 228.3 , Est Remaining: 274.8
158 229.6 , Est Remaining: 273.2
EVENT FAILED
158 229.9 , Est Remaining: 273.6
159 231.3 , Est Remaining: 272.1
160 232.7 , Est Remaining: 270.6
161 234.1 , Est Remaining: 269.0
162 235.4 , Est Remaining: 267.4
163 236.8 , Est Remaining: 265.8
164 238.2 , Est Remaining: 264.3
165 239.6 , Est Remaining: 262.8
166 241.0 , Est Remaining: 261.3
167 242.4 , Est Remaining: 259.8
168 243.8 , Est Remaining: 258.3
169 245.1 , Est Remaining: 256.7
170 246.5 , Est Remaining: 255.2
171 248.0 , Est Remaining: 253.8
172 249.4 , Est Remaining: 252.3
173 250.8 , Est Remaining: 250.8
174 252.2 , Est Remaining: 249.3
175 253.6 , Est Remaining: 247.8
176 255.1 , Est Remaining: 246.4
177 256.5 , Est Remaining: 244.9
178 257.9 , Est Remaining: 243.4
179 259.3 , Est Remaining: 242.0
180 260.8 , Est Remaining: 240.5
181 262.2 , Est Remaining: 239.0
182 263.7 , Est Remaining: 237.6
183 265.1 , Est Remaining: 236.1
184 266.5 , Est Remaining: 234.7
185 268.0 , Est Remaining: 233.2
186 269.4 , Est Remaining: 231.7
187 270.8 , Est Remaining: 230.3
188 272.3 , Est Remaining: 228.8
189 273.7 , Est Remaining: 227.4
190 275.2 , Est Remaining: 225.9
191 276.6 , Est Remaining: 224.5
192 278.0 , Est Remaining: 223.0
193 279.5 , Est Remaining: 221.5
194 280.9 , Est Remaining: 220.1
195 282.3 , Est Remaining: 218.6
196 283.8 , Est Remaining: 217.2
197 285.2 , Est Remaining: 215.7
198 286.7 , Est Remaining: 214.3
199 288.1 , Est Remaining: 212.8
200 289.5 , Est Remaining: 211.4
201 291.0 , Est Remaining: 209.9
202 292.4 , Est Remaining: 208.5
203 294.0 , Est Remaining: 207.1
EVENT FAILED
203 294.3 , Est Remaining: 207.3
204 295.8 , Est Remaining: 205.9
205 297.2 , Est Remaining: 204.4
206 298.6 , Est Remaining: 203.0
207 300.1 , Est Remaining: 201.5
208 301.5 , Est Remaining: 200.1
209 303.0 , Est Remaining: 198.6
210 304.4 , Est Remaining: 197.1
211 305.9 , Est Remaining: 195.7
212 307.3 , Est Remaining: 194.2
213 308.7 , Est Remaining: 192.8
214 310.2 , Est Remaining: 191.3
215 311.6 , Est Remaining: 189.9
216 313.1 , Est Remaining: 188.4
217 314.6 , Est Remaining: 187.0
218 316.0 , Est Remaining: 185.5
219 317.4 , Est Remaining: 184.1
220 318.9 , Est Remaining: 182.7
221 320.4 , Est Remaining: 181.2
222 321.8 , Est Remaining: 179.8
EVENT FAILED
222 322.1 , Est Remaining: 179.9
223 323.6 , Est Remaining: 178.5
224 325.1 , Est Remaining: 177.0
225 326.5 , Est Remaining: 175.6
226 327.9 , Est Remaining: 174.1
227 329.4 , Est Remaining: 172.7
228 330.8 , Est Remaining: 171.2
229 332.3 , Est Remaining: 169.8
230 333.7 , Est Remaining: 168.3
231 335.2 , Est Remaining: 166.9
232 336.6 , Est Remaining: 165.4
233 338.0 , Est Remaining: 163.9
234 339.5 , Est Remaining: 162.5
235 340.9 , Est Remaining: 161.0
236 342.4 , Est Remaining: 159.6
237 343.9 , Est Remaining: 158.1
238 345.3 , Est Remaining: 156.7
239 346.8 , Est Remaining: 155.2
240 348.2 , Est Remaining: 153.8
241 349.6 , Est Remaining: 152.3
242 351.1 , Est Remaining: 150.9
243 352.5 , Est Remaining: 149.4
244 354.0 , Est Remaining: 148.0
245 355.4 , Est Remaining: 146.5
246 356.8 , Est Remaining: 145.1
247 358.3 , Est Remaining: 143.6
248 359.7 , Est Remaining: 142.2
249 361.2 , Est Remaining: 140.7
250 362.6 , Est Remaining: 139.3
251 364.1 , Est Remaining: 137.8
EVENT FAILED
251 364.4 , Est Remaining: 137.9
252 365.9 , Est Remaining: 136.5
253 367.3 , Est Remaining: 135.0
254 368.7 , Est Remaining: 133.6
EVENT FAILED
254 369.1 , Est Remaining: 133.7
255 370.5 , Est Remaining: 132.2
256 371.9 , Est Remaining: 130.8
257 373.4 , Est Remaining: 129.3
EVENT FAILED
257 373.7 , Est Remaining: 129.4
258 375.2 , Est Remaining: 128.0
259 376.6 , Est Remaining: 126.5
260 378.1 , Est Remaining: 125.0
261 379.5 , Est Remaining: 123.6
262 381.0 , Est Remaining: 122.1
263 382.4 , Est Remaining: 120.7
264 383.9 , Est Remaining: 119.2
265 385.3 , Est Remaining: 117.8
266 386.8 , Est Remaining: 116.3
267 388.2 , Est Remaining: 114.9
268 389.7 , Est Remaining: 113.4
269 391.1 , Est Remaining: 112.0
270 392.6 , Est Remaining: 110.5
271 394.0 , Est Remaining: 109.1
272 395.5 , Est Remaining: 107.6
273 396.9 , Est Remaining: 106.1
274 398.4 , Est Remaining: 104.7
275 399.8 , Est Remaining: 103.2
276 401.3 , Est Remaining: 101.8
277 402.8 , Est Remaining: 100.3
278 404.1 , Est Remaining: 98.8
279 405.6 , Est Remaining: 97.4
280 407.1 , Est Remaining: 96.0
281 408.5 , Est Remaining: 94.5
282 410.0 , Est Remaining: 93.1
283 411.5 , Est Remaining: 91.6
284 413.0 , Est Remaining: 90.2
285 414.4 , Est Remaining: 88.7
286 415.9 , Est Remaining: 87.2
287 417.4 , Est Remaining: 85.8
288 418.9 , Est Remaining: 84.4
289 420.3 , Est Remaining: 82.9
EVENT FAILED
289 420.6 , Est Remaining: 83.0
290 422.1 , Est Remaining: 81.5
291 423.6 , Est Remaining: 80.1
292 425.0 , Est Remaining: 78.6
293 426.5 , Est Remaining: 77.1
294 427.9 , Est Remaining: 75.7
295 429.4 , Est Remaining: 74.2
296 430.8 , Est Remaining: 72.8
297 432.3 , Est Remaining: 71.3
298 433.8 , Est Remaining: 69.9
299 435.3 , Est Remaining: 68.4
300 436.7 , Est Remaining: 67.0
301 438.2 , Est Remaining: 65.5
302 439.8 , Est Remaining: 64.1
303 441.3 , Est Remaining: 62.6
304 442.8 , Est Remaining: 61.2
305 444.3 , Est Remaining: 59.7
306 445.8 , Est Remaining: 58.3
307 447.2 , Est Remaining: 56.8
308 448.7 , Est Remaining: 55.4
309 450.2 , Est Remaining: 53.9
310 451.7 , Est Remaining: 52.5
311 453.1 , Est Remaining: 51.0
312 454.6 , Est Remaining: 49.5
313 456.1 , Est Remaining: 48.1
314 457.6 , Est Remaining: 46.6
315 459.0 , Est Remaining: 45.2
316 460.5 , Est Remaining: 43.7
317 461.9 , Est Remaining: 42.3
318 463.4 , Est Remaining: 40.8
319 464.8 , Est Remaining: 39.3
320 466.2 , Est Remaining: 37.9
321 467.6 , Est Remaining: 36.4
322 469.0 , Est Remaining: 35.0
323 470.4 , Est Remaining: 33.5
324 471.8 , Est Remaining: 32.0
325 473.2 , Est Remaining: 30.6
EVENT FAILED
325 473.5 , Est Remaining: 30.6
326 474.9 , Est Remaining: 29.1
327 476.3 , Est Remaining: 27.7
328 477.6 , Est Remaining: 26.2
EVENT FAILED
