Note: NumExpr detected 32 cores but "NUMEXPR_MAX_THREADS" not set, so enforcing safe limit of 8.
Using selector: EpollSelector
/n/home02/jhaefner/miniconda/envs/IC-3.7-2020-06-16/lib/python3.7/site-packages/scipy/optimize/minpack.py:808: OptimizeWarning: Covariance of the parameters could not be estimated
  category=OptimizeWarning)
Total rwfs: 346
0 0.0 , Est Remaining: 999999.9
1 1.5 , Est Remaining: 505.9
2 2.9 , Est Remaining: 497.6
3 4.4 , Est Remaining: 499.4
4 5.8 , Est Remaining: 495.4
5 7.2 , Est Remaining: 493.5
6 8.7 , Est Remaining: 491.3
7 10.1 , Est Remaining: 488.4
8 11.5 , Est Remaining: 485.8
9 12.9 , Est Remaining: 484.1
10 14.4 , Est Remaining: 482.4
11 15.8 , Est Remaining: 480.5
12 17.2 , Est Remaining: 478.9
13 18.6 , Est Remaining: 476.9
14 20.0 , Est Remaining: 475.0
15 21.4 , Est Remaining: 472.9
16 22.9 , Est Remaining: 471.3
17 24.3 , Est Remaining: 469.7
18 25.7 , Est Remaining: 467.8
19 27.1 , Est Remaining: 465.8
20 28.5 , Est Remaining: 464.2
21 29.9 , Est Remaining: 462.5
22 31.3 , Est Remaining: 460.8
23 32.7 , Est Remaining: 459.0
24 34.1 , Est Remaining: 457.4
25 35.5 , Est Remaining: 455.8
26 36.9 , Est Remaining: 454.3
27 38.3 , Est Remaining: 452.8
28 39.7 , Est Remaining: 451.3
29 41.2 , Est Remaining: 449.8
30 42.6 , Est Remaining: 448.2
31 44.0 , Est Remaining: 446.8
32 45.4 , Est Remaining: 445.5
33 46.8 , Est Remaining: 444.0
34 48.2 , Est Remaining: 442.3
35 49.6 , Est Remaining: 441.0
36 51.1 , Est Remaining: 439.9
37 52.5 , Est Remaining: 438.5
38 53.9 , Est Remaining: 437.2
39 55.3 , Est Remaining: 435.7
40 56.8 , Est Remaining: 434.3
41 58.2 , Est Remaining: 432.8
42 59.6 , Est Remaining: 431.4
43 61.0 , Est Remaining: 430.0
44 62.4 , Est Remaining: 428.4
45 63.8 , Est Remaining: 427.1
46 65.3 , Est Remaining: 425.6
47 66.7 , Est Remaining: 424.2
48 68.1 , Est Remaining: 422.7
49 69.5 , Est Remaining: 421.4
50 70.9 , Est Remaining: 420.0
51 72.4 , Est Remaining: 418.6
52 73.8 , Est Remaining: 417.2
53 75.2 , Est Remaining: 415.8
54 76.6 , Est Remaining: 414.3
55 78.0 , Est Remaining: 412.8
56 79.4 , Est Remaining: 411.4
57 80.8 , Est Remaining: 409.9
58 82.3 , Est Remaining: 408.5
EVENT FAILED
58 82.6 , Est Remaining: 410.1
59 84.0 , Est Remaining: 408.5
60 85.4 , Est Remaining: 407.0
61 86.8 , Est Remaining: 405.5
62 88.2 , Est Remaining: 404.0
63 89.6 , Est Remaining: 402.5
64 91.0 , Est Remaining: 401.1
65 92.4 , Est Remaining: 399.6
66 93.9 , Est Remaining: 398.2
67 95.3 , Est Remaining: 396.8
68 96.7 , Est Remaining: 395.4
EVENT FAILED
68 97.0 , Est Remaining: 396.7
EVENT FAILED
68 97.3 , Est Remaining: 397.9
69 98.7 , Est Remaining: 396.4
70 100.1 , Est Remaining: 394.8
71 101.6 , Est Remaining: 393.4
72 103.0 , Est Remaining: 391.8
73 104.4 , Est Remaining: 390.3
74 105.8 , Est Remaining: 388.9
75 107.2 , Est Remaining: 387.4
76 108.6 , Est Remaining: 386.0
77 110.1 , Est Remaining: 384.5
78 111.5 , Est Remaining: 383.2
79 113.0 , Est Remaining: 381.8
80 114.4 , Est Remaining: 380.4
81 115.9 , Est Remaining: 379.0
82 117.3 , Est Remaining: 377.6
83 118.7 , Est Remaining: 376.2
84 120.2 , Est Remaining: 374.8
85 121.6 , Est Remaining: 373.4
86 123.1 , Est Remaining: 372.1
87 124.5 , Est Remaining: 370.6
88 125.9 , Est Remaining: 369.2
89 127.4 , Est Remaining: 367.8
90 128.8 , Est Remaining: 366.4
91 130.3 , Est Remaining: 365.0
92 131.7 , Est Remaining: 363.5
EVENT FAILED
92 132.0 , Est Remaining: 364.4
93 133.4 , Est Remaining: 362.9
94 134.9 , Est Remaining: 361.5
95 136.3 , Est Remaining: 360.1
96 137.7 , Est Remaining: 358.6
97 139.2 , Est Remaining: 357.2
98 140.6 , Est Remaining: 355.8
99 142.0 , Est Remaining: 354.3
100 143.4 , Est Remaining: 352.8
101 144.8 , Est Remaining: 351.3
102 146.3 , Est Remaining: 349.9
103 147.8 , Est Remaining: 348.6
104 149.2 , Est Remaining: 347.2
105 150.6 , Est Remaining: 345.7
106 152.0 , Est Remaining: 344.2
107 153.4 , Est Remaining: 342.7
108 154.8 , Est Remaining: 341.2
109 156.2 , Est Remaining: 339.7
110 157.7 , Est Remaining: 338.3
111 159.1 , Est Remaining: 336.8
112 160.5 , Est Remaining: 335.3
113 161.9 , Est Remaining: 333.9
114 163.4 , Est Remaining: 332.5
115 164.8 , Est Remaining: 331.0
116 166.3 , Est Remaining: 329.6
117 167.7 , Est Remaining: 328.2
118 169.1 , Est Remaining: 326.8
119 170.6 , Est Remaining: 325.4
120 172.1 , Est Remaining: 324.1
121 173.5 , Est Remaining: 322.7
122 175.0 , Est Remaining: 321.2
123 176.4 , Est Remaining: 319.8
124 177.9 , Est Remaining: 318.4
125 179.3 , Est Remaining: 317.0
126 180.8 , Est Remaining: 315.6
127 182.2 , Est Remaining: 314.2
128 183.7 , Est Remaining: 312.8
129 185.1 , Est Remaining: 311.4
130 186.5 , Est Remaining: 309.9
131 188.0 , Est Remaining: 308.5
132 189.4 , Est Remaining: 307.1
133 190.8 , Est Remaining: 305.6
134 192.2 , Est Remaining: 304.1
135 193.6 , Est Remaining: 302.7
136 195.1 , Est Remaining: 301.2
137 196.5 , Est Remaining: 299.7
138 197.9 , Est Remaining: 298.2
139 199.2 , Est Remaining: 296.7
140 200.7 , Est Remaining: 295.2
141 202.1 , Est Remaining: 293.8
142 203.5 , Est Remaining: 292.3
EVENT FAILED
142 203.8 , Est Remaining: 292.8
EVENT FAILED
142 204.1 , Est Remaining: 293.2
143 205.5 , Est Remaining: 291.7
144 206.9 , Est Remaining: 290.2
145 208.3 , Est Remaining: 288.8
146 209.7 , Est Remaining: 287.3
147 211.1 , Est Remaining: 285.8
148 212.5 , Est Remaining: 284.3
149 214.0 , Est Remaining: 282.9
150 215.4 , Est Remaining: 281.4
151 216.8 , Est Remaining: 280.0
152 218.2 , Est Remaining: 278.5
153 219.6 , Est Remaining: 277.1
154 221.1 , Est Remaining: 275.6
155 222.5 , Est Remaining: 274.2
156 223.9 , Est Remaining: 272.7
157 225.3 , Est Remaining: 271.3
158 226.8 , Est Remaining: 269.8
159 228.2 , Est Remaining: 268.4
160 229.6 , Est Remaining: 266.9
161 231.1 , Est Remaining: 265.5
162 232.5 , Est Remaining: 264.0
EVENT FAILED
162 232.8 , Est Remaining: 264.4
163 234.2 , Est Remaining: 262.9
164 235.6 , Est Remaining: 261.5
165 237.1 , Est Remaining: 260.0
166 238.5 , Est Remaining: 258.6
167 239.9 , Est Remaining: 257.1
168 241.3 , Est Remaining: 255.7
169 242.7 , Est Remaining: 254.2
170 244.2 , Est Remaining: 252.8
171 245.6 , Est Remaining: 251.3
172 247.0 , Est Remaining: 249.8
173 248.4 , Est Remaining: 248.4
174 249.8 , Est Remaining: 246.9
175 251.2 , Est Remaining: 245.4
176 252.6 , Est Remaining: 244.0
177 254.0 , Est Remaining: 242.5
178 255.4 , Est Remaining: 241.1
179 256.9 , Est Remaining: 239.6
180 258.3 , Est Remaining: 238.2
181 259.7 , Est Remaining: 236.8
182 261.2 , Est Remaining: 235.3
183 262.6 , Est Remaining: 233.9
184 264.0 , Est Remaining: 232.4
185 265.5 , Est Remaining: 231.0
EVENT FAILED
185 265.8 , Est Remaining: 231.3
186 267.2 , Est Remaining: 229.8
187 268.6 , Est Remaining: 228.4
188 270.0 , Est Remaining: 226.9
189 271.5 , Est Remaining: 225.5
190 272.9 , Est Remaining: 224.1
191 274.3 , Est Remaining: 222.6
192 275.8 , Est Remaining: 221.2
193 277.2 , Est Remaining: 219.7
194 278.6 , Est Remaining: 218.3
195 280.1 , Est Remaining: 216.9
196 281.5 , Est Remaining: 215.4
197 282.9 , Est Remaining: 214.0
198 284.4 , Est Remaining: 212.6
199 285.8 , Est Remaining: 211.1
200 287.2 , Est Remaining: 209.6
201 288.6 , Est Remaining: 208.2
202 290.0 , Est Remaining: 206.7
203 291.5 , Est Remaining: 205.4
204 293.0 , Est Remaining: 203.9
205 294.4 , Est Remaining: 202.5
206 295.8 , Est Remaining: 201.0
207 297.2 , Est Remaining: 199.6
208 298.6 , Est Remaining: 198.1
209 300.0 , Est Remaining: 196.7
210 301.4 , Est Remaining: 195.2
211 302.9 , Est Remaining: 193.8
212 304.3 , Est Remaining: 192.4
213 305.8 , Est Remaining: 190.9
214 307.2 , Est Remaining: 189.5
215 308.7 , Est Remaining: 188.1
216 310.2 , Est Remaining: 186.7
217 311.6 , Est Remaining: 185.2
218 313.0 , Est Remaining: 183.8
219 314.5 , Est Remaining: 182.4
220 315.9 , Est Remaining: 180.9
221 317.4 , Est Remaining: 179.5
222 318.8 , Est Remaining: 178.1
223 320.3 , Est Remaining: 176.7
224 321.7 , Est Remaining: 175.2
225 323.2 , Est Remaining: 173.8
226 324.6 , Est Remaining: 172.4
227 326.1 , Est Remaining: 171.0
228 327.6 , Est Remaining: 169.5
229 329.0 , Est Remaining: 168.1
230 330.5 , Est Remaining: 166.7
231 331.9 , Est Remaining: 165.3
232 333.4 , Est Remaining: 163.8
233 334.8 , Est Remaining: 162.4
EVENT FAILED
233 335.1 , Est Remaining: 162.5
234 336.6 , Est Remaining: 161.1
235 338.1 , Est Remaining: 159.7
236 339.6 , Est Remaining: 158.3
237 341.0 , Est Remaining: 156.8
238 342.5 , Est Remaining: 155.4
239 344.0 , Est Remaining: 154.0
240 345.4 , Est Remaining: 152.6
EVENT FAILED
240 345.7 , Est Remaining: 152.7
241 347.2 , Est Remaining: 151.3
242 348.6 , Est Remaining: 149.8
243 350.1 , Est Remaining: 148.4
244 351.5 , Est Remaining: 146.9
245 352.9 , Est Remaining: 145.5
246 354.4 , Est Remaining: 144.1
247 355.8 , Est Remaining: 142.6
248 357.3 , Est Remaining: 141.2
249 358.7 , Est Remaining: 139.7
250 360.2 , Est Remaining: 138.3
251 361.6 , Est Remaining: 136.9
252 363.1 , Est Remaining: 135.4
253 364.5 , Est Remaining: 134.0
254 365.9 , Est Remaining: 132.5
255 367.4 , Est Remaining: 131.1
256 368.8 , Est Remaining: 129.7
257 370.2 , Est Remaining: 128.2
258 371.6 , Est Remaining: 126.7
259 373.0 , Est Remaining: 125.3
260 374.4 , Est Remaining: 123.8
261 375.8 , Est Remaining: 122.4
262 377.2 , Est Remaining: 120.9
263 378.6 , Est Remaining: 119.5
264 380.0 , Est Remaining: 118.0
265 381.3 , Est Remaining: 116.6
266 382.7 , Est Remaining: 115.1
267 384.1 , Est Remaining: 113.7
268 385.5 , Est Remaining: 112.2
269 386.9 , Est Remaining: 110.7
270 388.3 , Est Remaining: 109.3
271 389.6 , Est Remaining: 107.8
272 391.0 , Est Remaining: 106.4
273 392.4 , Est Remaining: 104.9
274 393.8 , Est Remaining: 103.5
275 395.2 , Est Remaining: 102.0
276 396.6 , Est Remaining: 100.6
277 397.9 , Est Remaining: 99.1
278 399.3 , Est Remaining: 97.7
279 400.7 , Est Remaining: 96.2
280 402.1 , Est Remaining: 94.8
281 403.5 , Est Remaining: 93.3
282 404.9 , Est Remaining: 91.9
283 406.3 , Est Remaining: 90.4
284 407.6 , Est Remaining: 89.0
285 409.0 , Est Remaining: 87.5
286 410.4 , Est Remaining: 86.1
287 411.7 , Est Remaining: 84.6
288 413.1 , Est Remaining: 83.2
289 414.5 , Est Remaining: 81.7
290 415.8 , Est Remaining: 80.3
291 417.2 , Est Remaining: 78.9
292 418.6 , Est Remaining: 77.4
293 419.9 , Est Remaining: 76.0
294 421.3 , Est Remaining: 74.5
295 422.7 , Est Remaining: 73.1
296 424.1 , Est Remaining: 71.6
297 425.4 , Est Remaining: 70.2
298 426.8 , Est Remaining: 68.7
299 428.2 , Est Remaining: 67.3
300 429.5 , Est Remaining: 65.9
301 430.9 , Est Remaining: 64.4
302 432.4 , Est Remaining: 63.0
303 433.8 , Est Remaining: 61.6
304 435.2 , Est Remaining: 60.1
305 436.6 , Est Remaining: 58.7
306 438.0 , Est Remaining: 57.2
307 439.3 , Est Remaining: 55.8
308 440.7 , Est Remaining: 54.4
309 442.0 , Est Remaining: 52.9
310 443.4 , Est Remaining: 51.5
311 444.7 , Est Remaining: 50.1
312 446.1 , Est Remaining: 48.6
313 447.4 , Est Remaining: 47.2
314 448.8 , Est Remaining: 45.7
315 450.2 , Est Remaining: 44.3
316 451.5 , Est Remaining: 42.9
317 452.9 , Est Remaining: 41.4
318 454.2 , Est Remaining: 40.0
319 455.6 , Est Remaining: 38.6
320 457.0 , Est Remaining: 37.1
321 458.3 , Est Remaining: 35.7
322 459.7 , Est Remaining: 34.3
323 461.0 , Est Remaining: 32.8
324 462.4 , Est Remaining: 31.4
325 463.7 , Est Remaining: 30.0
326 465.1 , Est Remaining: 28.5
327 466.4 , Est Remaining: 27.1
328 467.8 , Est Remaining: 25.7
329 469.2 , Est Remaining: 24.2
330 470.5 , Est Remaining: 22.8
331 471.9 , Est Remaining: 21.4
332 473.2 , Est Remaining: 20.0
333 474.5 , Est Remaining: 18.5
334 475.9 , Est Remaining: 17.1
335 477.2 , Est Remaining: 15.7
