Note: NumExpr detected 32 cores but "NUMEXPR_MAX_THREADS" not set, so enforcing safe limit of 8.
Using selector: EpollSelector
/n/home02/jhaefner/miniconda/envs/IC-3.7-2020-06-16/lib/python3.7/site-packages/scipy/optimize/minpack.py:808: OptimizeWarning: Covariance of the parameters could not be estimated
  category=OptimizeWarning)
Total rwfs: 346
0 0.0 , Est Remaining: 999999.9
1 1.5 , Est Remaining: 511.7
2 2.9 , Est Remaining: 506.4
3 4.4 , Est Remaining: 506.1
4 5.9 , Est Remaining: 503.2
5 7.3 , Est Remaining: 498.9
6 8.8 , Est Remaining: 497.9
7 10.3 , Est Remaining: 496.6
8 11.7 , Est Remaining: 494.4
9 13.1 , Est Remaining: 491.8
10 14.6 , Est Remaining: 489.5
EVENT FAILED
10 14.9 , Est Remaining: 499.7
11 16.3 , Est Remaining: 497.0
12 17.8 , Est Remaining: 495.2
13 19.2 , Est Remaining: 492.8
14 20.7 , Est Remaining: 490.2
15 22.1 , Est Remaining: 487.8
16 23.5 , Est Remaining: 485.6
17 25.0 , Est Remaining: 482.9
18 26.4 , Est Remaining: 480.5
19 27.8 , Est Remaining: 478.6
20 29.2 , Est Remaining: 476.6
21 30.7 , Est Remaining: 474.8
EVENT FAILED
21 31.0 , Est Remaining: 479.8
22 32.4 , Est Remaining: 477.7
23 33.9 , Est Remaining: 475.7
24 35.3 , Est Remaining: 473.5
25 36.7 , Est Remaining: 471.6
26 38.2 , Est Remaining: 469.9
27 39.6 , Est Remaining: 468.1
28 41.0 , Est Remaining: 466.1
29 42.5 , Est Remaining: 464.4
30 43.9 , Est Remaining: 462.6
31 45.4 , Est Remaining: 460.8
32 46.8 , Est Remaining: 459.2
33 48.2 , Est Remaining: 457.5
34 49.7 , Est Remaining: 456.0
35 51.1 , Est Remaining: 454.3
36 52.6 , Est Remaining: 453.1
37 54.1 , Est Remaining: 451.5
38 55.5 , Est Remaining: 450.0
39 57.0 , Est Remaining: 448.5
40 58.4 , Est Remaining: 447.0
41 59.9 , Est Remaining: 445.3
42 61.3 , Est Remaining: 443.7
43 62.7 , Est Remaining: 442.2
44 64.2 , Est Remaining: 440.5
45 65.6 , Est Remaining: 438.8
46 67.0 , Est Remaining: 437.1
47 68.4 , Est Remaining: 435.3
48 69.9 , Est Remaining: 433.7
49 71.3 , Est Remaining: 432.1
50 72.7 , Est Remaining: 430.5
EVENT FAILED
50 73.0 , Est Remaining: 432.3
51 74.4 , Est Remaining: 430.5
52 75.9 , Est Remaining: 428.9
53 77.3 , Est Remaining: 427.2
54 78.7 , Est Remaining: 425.6
55 80.1 , Est Remaining: 424.0
56 81.6 , Est Remaining: 422.4
57 83.0 , Est Remaining: 420.8
58 84.4 , Est Remaining: 419.3
59 85.9 , Est Remaining: 417.7
60 87.3 , Est Remaining: 416.3
EVENT FAILED
60 87.6 , Est Remaining: 417.7
61 89.1 , Est Remaining: 416.1
62 90.5 , Est Remaining: 414.5
63 91.9 , Est Remaining: 412.9
64 93.4 , Est Remaining: 411.3
65 94.8 , Est Remaining: 409.7
66 96.2 , Est Remaining: 408.1
67 97.6 , Est Remaining: 406.5
68 99.1 , Est Remaining: 405.0
69 100.5 , Est Remaining: 403.6
70 102.0 , Est Remaining: 402.0
71 103.4 , Est Remaining: 400.4
EVENT FAILED
71 103.7 , Est Remaining: 401.6
72 105.1 , Est Remaining: 400.0
73 106.5 , Est Remaining: 398.4
74 108.0 , Est Remaining: 396.9
75 109.4 , Est Remaining: 395.3
76 110.8 , Est Remaining: 393.6
77 112.2 , Est Remaining: 392.0
78 113.6 , Est Remaining: 390.4
79 115.1 , Est Remaining: 388.9
80 116.5 , Est Remaining: 387.3
81 117.9 , Est Remaining: 385.8
82 119.3 , Est Remaining: 384.2
83 120.8 , Est Remaining: 382.7
84 122.2 , Est Remaining: 381.2
85 123.7 , Est Remaining: 379.7
86 125.1 , Est Remaining: 378.2
87 126.5 , Est Remaining: 376.7
88 128.0 , Est Remaining: 375.2
89 129.4 , Est Remaining: 373.7
90 130.9 , Est Remaining: 372.2
91 132.3 , Est Remaining: 370.8
92 133.8 , Est Remaining: 369.3
93 135.2 , Est Remaining: 367.9
94 136.7 , Est Remaining: 366.4
95 138.1 , Est Remaining: 364.9
96 139.6 , Est Remaining: 363.4
97 141.0 , Est Remaining: 362.0
98 142.4 , Est Remaining: 360.5
99 143.9 , Est Remaining: 359.0
100 145.3 , Est Remaining: 357.5
101 146.8 , Est Remaining: 356.0
102 148.2 , Est Remaining: 354.5
103 149.7 , Est Remaining: 353.1
EVENT FAILED
103 150.0 , Est Remaining: 353.9
104 151.4 , Est Remaining: 352.4
105 152.9 , Est Remaining: 350.9
106 154.3 , Est Remaining: 349.5
107 155.8 , Est Remaining: 348.0
108 157.3 , Est Remaining: 346.6
109 158.7 , Est Remaining: 345.1
110 160.2 , Est Remaining: 343.6
111 161.6 , Est Remaining: 342.1
112 163.0 , Est Remaining: 340.6
113 164.5 , Est Remaining: 339.1
114 165.9 , Est Remaining: 337.6
115 167.3 , Est Remaining: 336.1
116 168.8 , Est Remaining: 334.6
117 170.2 , Est Remaining: 333.1
118 171.6 , Est Remaining: 331.6
119 173.1 , Est Remaining: 330.1
120 174.5 , Est Remaining: 328.6
121 175.9 , Est Remaining: 327.1
122 177.3 , Est Remaining: 325.6
123 178.7 , Est Remaining: 324.0
124 180.2 , Est Remaining: 322.5
125 181.6 , Est Remaining: 321.0
126 183.0 , Est Remaining: 319.5
127 184.4 , Est Remaining: 318.0
128 185.8 , Est Remaining: 316.5
129 187.2 , Est Remaining: 315.0
130 188.7 , Est Remaining: 313.5
131 190.1 , Est Remaining: 312.0
132 191.5 , Est Remaining: 310.5
133 192.9 , Est Remaining: 309.0
134 194.4 , Est Remaining: 307.5
135 195.8 , Est Remaining: 306.1
136 197.3 , Est Remaining: 304.6
137 198.7 , Est Remaining: 303.2
138 200.2 , Est Remaining: 301.7
139 201.6 , Est Remaining: 300.2
EVENT FAILED
139 201.9 , Est Remaining: 300.7
140 203.3 , Est Remaining: 299.2
141 204.8 , Est Remaining: 297.7
142 206.2 , Est Remaining: 296.2
143 207.6 , Est Remaining: 294.8
144 209.1 , Est Remaining: 293.3
145 210.5 , Est Remaining: 291.8
EVENT FAILED
145 210.8 , Est Remaining: 292.2
146 212.3 , Est Remaining: 290.8
147 213.7 , Est Remaining: 289.3
148 215.1 , Est Remaining: 287.8
149 216.5 , Est Remaining: 286.3
150 218.0 , Est Remaining: 284.8
151 219.4 , Est Remaining: 283.3
152 220.8 , Est Remaining: 281.9
153 222.3 , Est Remaining: 280.4
154 223.7 , Est Remaining: 278.9
155 225.1 , Est Remaining: 277.4
156 226.5 , Est Remaining: 275.8
157 227.9 , Est Remaining: 274.3
158 229.3 , Est Remaining: 272.8
159 230.7 , Est Remaining: 271.3
160 232.1 , Est Remaining: 269.9
161 233.6 , Est Remaining: 268.4
162 235.0 , Est Remaining: 266.9
163 236.4 , Est Remaining: 265.4
164 237.9 , Est Remaining: 264.0
165 239.3 , Est Remaining: 262.5
166 240.7 , Est Remaining: 261.0
167 242.2 , Est Remaining: 259.6
168 243.6 , Est Remaining: 258.1
169 245.0 , Est Remaining: 256.6
170 246.5 , Est Remaining: 255.1
171 247.9 , Est Remaining: 253.7
172 249.3 , Est Remaining: 252.2
173 250.8 , Est Remaining: 250.8
174 252.2 , Est Remaining: 249.3
175 253.7 , Est Remaining: 247.9
176 255.1 , Est Remaining: 246.4
177 256.5 , Est Remaining: 244.9
178 258.0 , Est Remaining: 243.5
179 259.4 , Est Remaining: 242.0
180 260.8 , Est Remaining: 240.6
181 262.3 , Est Remaining: 239.1
182 263.7 , Est Remaining: 237.6
183 265.1 , Est Remaining: 236.2
184 266.6 , Est Remaining: 234.7
185 268.0 , Est Remaining: 233.2
186 269.4 , Est Remaining: 231.8
187 270.9 , Est Remaining: 230.3
188 272.3 , Est Remaining: 228.8
189 273.7 , Est Remaining: 227.4
190 275.2 , Est Remaining: 225.9
191 276.6 , Est Remaining: 224.4
192 278.0 , Est Remaining: 223.0
193 279.4 , Est Remaining: 221.5
194 280.8 , Est Remaining: 220.0
195 282.3 , Est Remaining: 218.6
196 283.7 , Est Remaining: 217.1
197 285.2 , Est Remaining: 215.7
198 286.6 , Est Remaining: 214.2
199 288.0 , Est Remaining: 212.8
200 289.5 , Est Remaining: 211.3
EVENT FAILED
200 289.8 , Est Remaining: 211.5
201 291.2 , Est Remaining: 210.1
202 292.7 , Est Remaining: 208.6
203 294.2 , Est Remaining: 207.2
204 295.6 , Est Remaining: 205.8
205 297.1 , Est Remaining: 204.3
206 298.5 , Est Remaining: 202.9
207 300.0 , Est Remaining: 201.4
208 301.4 , Est Remaining: 199.9
209 302.8 , Est Remaining: 198.5
210 304.2 , Est Remaining: 197.0
211 305.6 , Est Remaining: 195.6
EVENT FAILED
211 306.0 , Est Remaining: 195.8
212 307.4 , Est Remaining: 194.3
213 308.8 , Est Remaining: 192.8
214 310.2 , Est Remaining: 191.4
215 311.7 , Est Remaining: 189.9
216 313.1 , Est Remaining: 188.4
EVENT FAILED
216 313.4 , Est Remaining: 188.6
217 314.9 , Est Remaining: 187.2
218 316.3 , Est Remaining: 185.7
219 317.8 , Est Remaining: 184.3
220 319.2 , Est Remaining: 182.8
221 320.6 , Est Remaining: 181.3
222 322.0 , Est Remaining: 179.9
223 323.4 , Est Remaining: 178.4
224 324.8 , Est Remaining: 176.9
225 326.2 , Est Remaining: 175.4
226 327.6 , Est Remaining: 174.0
227 329.0 , Est Remaining: 172.5
228 330.4 , Est Remaining: 171.0
229 331.8 , Est Remaining: 169.5
230 333.2 , Est Remaining: 168.0
231 334.6 , Est Remaining: 166.6
232 336.0 , Est Remaining: 165.1
233 337.3 , Est Remaining: 163.6
234 338.7 , Est Remaining: 162.1
235 340.1 , Est Remaining: 160.7
236 341.5 , Est Remaining: 159.2
237 342.9 , Est Remaining: 157.7
238 344.3 , Est Remaining: 156.2
239 345.6 , Est Remaining: 154.7
240 347.0 , Est Remaining: 153.3
241 348.4 , Est Remaining: 151.8
242 349.8 , Est Remaining: 150.3
243 351.1 , Est Remaining: 148.8
244 352.5 , Est Remaining: 147.4
245 353.9 , Est Remaining: 145.9
246 355.2 , Est Remaining: 144.4
247 356.6 , Est Remaining: 142.9
248 357.9 , Est Remaining: 141.4
249 359.3 , Est Remaining: 140.0
250 360.6 , Est Remaining: 138.5
251 362.0 , Est Remaining: 137.0
252 363.4 , Est Remaining: 135.5
253 364.7 , Est Remaining: 134.1
254 366.1 , Est Remaining: 132.6
255 367.4 , Est Remaining: 131.1
256 368.8 , Est Remaining: 129.7
257 370.2 , Est Remaining: 128.2
258 371.5 , Est Remaining: 126.7
259 372.9 , Est Remaining: 125.3
260 374.3 , Est Remaining: 123.8
261 375.6 , Est Remaining: 122.3
262 377.0 , Est Remaining: 120.9
263 378.3 , Est Remaining: 119.4
264 379.7 , Est Remaining: 117.9
265 381.1 , Est Remaining: 116.5
266 382.4 , Est Remaining: 115.0
267 383.8 , Est Remaining: 113.6
EVENT FAILED
267 384.1 , Est Remaining: 113.6
268 385.4 , Est Remaining: 112.2
269 386.8 , Est Remaining: 110.7
270 388.2 , Est Remaining: 109.3
271 389.5 , Est Remaining: 107.8
272 390.9 , Est Remaining: 106.3
273 392.2 , Est Remaining: 104.9
274 393.6 , Est Remaining: 103.4
275 394.9 , Est Remaining: 102.0
276 396.3 , Est Remaining: 100.5
277 397.6 , Est Remaining: 99.1
278 399.0 , Est Remaining: 97.6
279 400.3 , Est Remaining: 96.1
280 401.7 , Est Remaining: 94.7
281 403.0 , Est Remaining: 93.2
282 404.4 , Est Remaining: 91.8
283 405.8 , Est Remaining: 90.3
284 407.1 , Est Remaining: 88.9
285 408.5 , Est Remaining: 87.4
286 409.9 , Est Remaining: 86.0
EVENT FAILED
286 410.2 , Est Remaining: 86.0
287 411.5 , Est Remaining: 84.6
288 412.9 , Est Remaining: 83.2
289 414.3 , Est Remaining: 81.7
290 415.6 , Est Remaining: 80.3
291 417.0 , Est Remaining: 78.8
292 418.4 , Est Remaining: 77.4
293 419.8 , Est Remaining: 75.9
294 421.2 , Est Remaining: 74.5
295 422.6 , Est Remaining: 73.1
296 424.0 , Est Remaining: 71.6
297 425.4 , Est Remaining: 70.2
298 426.7 , Est Remaining: 68.7
299 428.1 , Est Remaining: 67.3
300 429.5 , Est Remaining: 65.9
301 430.9 , Est Remaining: 64.4
302 432.4 , Est Remaining: 63.0
303 433.8 , Est Remaining: 61.6
304 435.2 , Est Remaining: 60.1
305 436.6 , Est Remaining: 58.7
306 438.0 , Est Remaining: 57.3
307 439.4 , Est Remaining: 55.8
308 440.8 , Est Remaining: 54.4
309 442.2 , Est Remaining: 52.9
310 443.6 , Est Remaining: 51.5
311 445.0 , Est Remaining: 50.1
312 446.4 , Est Remaining: 48.6
313 447.8 , Est Remaining: 47.2
314 449.3 , Est Remaining: 45.8
315 450.7 , Est Remaining: 44.4
316 452.2 , Est Remaining: 42.9
317 453.6 , Est Remaining: 41.5
318 455.1 , Est Remaining: 40.1
319 456.5 , Est Remaining: 38.6
320 457.9 , Est Remaining: 37.2
321 459.3 , Est Remaining: 35.8
322 460.7 , Est Remaining: 34.3
323 462.1 , Est Remaining: 32.9
324 463.5 , Est Remaining: 31.5
325 464.8 , Est Remaining: 30.0
326 466.2 , Est Remaining: 28.6
327 467.6 , Est Remaining: 27.2
328 469.0 , Est Remaining: 25.7
329 470.3 , Est Remaining: 24.3
EVENT FAILED
329 470.6 , Est Remaining: 24.3
330 472.0 , Est Remaining: 22.9
331 473.4 , Est Remaining: 21.5
