Note: NumExpr detected 32 cores but "NUMEXPR_MAX_THREADS" not set, so enforcing safe limit of 8.
Using selector: EpollSelector
/n/home02/jhaefner/miniconda/envs/IC-3.7-2020-06-16/lib/python3.7/site-packages/scipy/optimize/minpack.py:808: OptimizeWarning: Covariance of the parameters could not be estimated
  category=OptimizeWarning)
Total rwfs: 346
0 0.0 , Est Remaining: 999999.9
1 1.4 , Est Remaining: 484.9
2 2.8 , Est Remaining: 481.1
3 4.2 , Est Remaining: 478.4
4 5.5 , Est Remaining: 474.1
5 6.9 , Est Remaining: 473.0
6 8.3 , Est Remaining: 470.5
7 9.7 , Est Remaining: 467.8
8 11.0 , Est Remaining: 465.6
9 12.4 , Est Remaining: 463.4
10 13.7 , Est Remaining: 461.3
11 15.1 , Est Remaining: 459.7
EVENT FAILED
11 15.4 , Est Remaining: 469.4
12 16.8 , Est Remaining: 466.7
13 18.1 , Est Remaining: 464.1
14 19.5 , Est Remaining: 461.8
15 20.8 , Est Remaining: 459.8
16 22.2 , Est Remaining: 457.8
17 23.6 , Est Remaining: 456.3
18 24.9 , Est Remaining: 454.6
19 26.3 , Est Remaining: 453.1
20 27.7 , Est Remaining: 451.4
21 29.1 , Est Remaining: 450.2
22 30.5 , Est Remaining: 448.6
23 31.8 , Est Remaining: 447.0
24 33.2 , Est Remaining: 445.7
25 34.5 , Est Remaining: 442.8
26 35.9 , Est Remaining: 441.6
27 37.3 , Est Remaining: 440.3
28 38.7 , Est Remaining: 439.0
29 40.0 , Est Remaining: 437.7
30 41.5 , Est Remaining: 436.6
31 42.8 , Est Remaining: 435.4
32 44.2 , Est Remaining: 434.2
33 45.7 , Est Remaining: 433.1
34 47.1 , Est Remaining: 431.9
35 48.5 , Est Remaining: 430.8
36 49.9 , Est Remaining: 429.6
37 51.3 , Est Remaining: 428.7
38 52.8 , Est Remaining: 427.8
39 54.2 , Est Remaining: 426.6
EVENT FAILED
39 54.5 , Est Remaining: 429.0
40 55.9 , Est Remaining: 427.6
41 57.3 , Est Remaining: 426.2
42 58.7 , Est Remaining: 424.9
43 60.1 , Est Remaining: 423.6
EVENT FAILED
43 60.4 , Est Remaining: 425.7
44 61.8 , Est Remaining: 424.5
45 63.3 , Est Remaining: 423.4
46 64.7 , Est Remaining: 422.2
47 66.2 , Est Remaining: 421.0
48 67.6 , Est Remaining: 419.9
49 69.1 , Est Remaining: 418.6
50 70.5 , Est Remaining: 417.4
51 71.9 , Est Remaining: 416.1
52 73.4 , Est Remaining: 414.8
53 74.8 , Est Remaining: 413.6
54 76.2 , Est Remaining: 412.2
55 77.6 , Est Remaining: 410.8
56 79.1 , Est Remaining: 409.4
57 80.5 , Est Remaining: 407.9
58 82.0 , Est Remaining: 407.1
59 83.4 , Est Remaining: 405.8
60 84.9 , Est Remaining: 404.5
61 86.3 , Est Remaining: 403.1
62 87.7 , Est Remaining: 401.6
63 89.1 , Est Remaining: 400.1
64 90.5 , Est Remaining: 398.6
65 91.9 , Est Remaining: 397.3
66 93.3 , Est Remaining: 395.9
67 94.7 , Est Remaining: 394.4
68 96.1 , Est Remaining: 393.0
69 97.6 , Est Remaining: 391.7
EVENT FAILED
69 97.9 , Est Remaining: 393.0
70 99.3 , Est Remaining: 391.6
71 100.7 , Est Remaining: 390.2
72 102.2 , Est Remaining: 388.8
73 103.6 , Est Remaining: 387.4
74 105.0 , Est Remaining: 386.0
75 106.4 , Est Remaining: 384.6
76 107.9 , Est Remaining: 383.2
77 109.3 , Est Remaining: 381.8
78 110.7 , Est Remaining: 380.5
79 112.2 , Est Remaining: 379.2
80 113.6 , Est Remaining: 377.9
81 115.1 , Est Remaining: 376.6
82 116.5 , Est Remaining: 375.2
83 118.0 , Est Remaining: 373.9
84 119.5 , Est Remaining: 372.6
85 120.9 , Est Remaining: 371.2
86 122.3 , Est Remaining: 369.9
87 123.8 , Est Remaining: 368.5
88 125.2 , Est Remaining: 367.1
89 126.7 , Est Remaining: 365.8
90 128.1 , Est Remaining: 364.4
91 129.6 , Est Remaining: 363.0
92 131.0 , Est Remaining: 361.7
93 132.5 , Est Remaining: 360.3
94 133.9 , Est Remaining: 358.9
95 135.3 , Est Remaining: 357.5
96 136.7 , Est Remaining: 356.0
97 138.1 , Est Remaining: 354.6
98 139.5 , Est Remaining: 353.1
99 141.0 , Est Remaining: 351.7
100 142.4 , Est Remaining: 350.3
101 143.9 , Est Remaining: 349.0
102 145.3 , Est Remaining: 347.6
103 146.7 , Est Remaining: 346.2
104 148.2 , Est Remaining: 344.8
105 149.6 , Est Remaining: 343.4
106 151.1 , Est Remaining: 342.0
107 152.5 , Est Remaining: 340.6
108 153.9 , Est Remaining: 339.2
109 155.4 , Est Remaining: 337.8
110 156.8 , Est Remaining: 336.4
111 158.3 , Est Remaining: 335.0
112 159.7 , Est Remaining: 333.7
113 161.1 , Est Remaining: 332.3
114 162.6 , Est Remaining: 330.9
115 164.0 , Est Remaining: 329.5
116 165.5 , Est Remaining: 328.1
117 166.9 , Est Remaining: 326.7
118 168.4 , Est Remaining: 325.4
119 169.9 , Est Remaining: 324.0
120 171.3 , Est Remaining: 322.6
121 172.7 , Est Remaining: 321.2
122 174.2 , Est Remaining: 319.8
EVENT FAILED
122 174.5 , Est Remaining: 320.4
123 175.9 , Est Remaining: 318.9
124 177.3 , Est Remaining: 317.4
125 178.7 , Est Remaining: 316.0
126 180.2 , Est Remaining: 314.6
127 181.6 , Est Remaining: 313.1
128 183.0 , Est Remaining: 311.7
129 184.5 , Est Remaining: 310.3
130 185.9 , Est Remaining: 308.8
131 187.3 , Est Remaining: 307.4
132 188.7 , Est Remaining: 306.0
133 190.2 , Est Remaining: 304.5
134 191.6 , Est Remaining: 303.1
135 193.0 , Est Remaining: 301.7
136 194.4 , Est Remaining: 300.2
137 195.8 , Est Remaining: 298.8
138 197.3 , Est Remaining: 297.3
EVENT FAILED
138 197.6 , Est Remaining: 297.8
139 199.0 , Est Remaining: 296.3
140 200.4 , Est Remaining: 294.8
141 201.8 , Est Remaining: 293.4
142 203.2 , Est Remaining: 291.9
143 204.6 , Est Remaining: 290.5
EVENT FAILED
143 204.9 , Est Remaining: 290.9
144 206.3 , Est Remaining: 289.5
145 207.8 , Est Remaining: 288.0
146 209.2 , Est Remaining: 286.6
147 210.6 , Est Remaining: 285.1
148 212.0 , Est Remaining: 283.6
149 213.4 , Est Remaining: 282.2
EVENT FAILED
149 213.7 , Est Remaining: 282.6
150 215.2 , Est Remaining: 281.1
151 216.6 , Est Remaining: 279.7
152 218.0 , Est Remaining: 278.3
153 219.4 , Est Remaining: 276.8
154 220.9 , Est Remaining: 275.4
155 222.3 , Est Remaining: 273.9
156 223.7 , Est Remaining: 272.5
157 225.1 , Est Remaining: 271.0
158 226.6 , Est Remaining: 269.6
159 228.0 , Est Remaining: 268.1
160 229.4 , Est Remaining: 266.7
161 230.8 , Est Remaining: 265.2
162 232.2 , Est Remaining: 263.8
163 233.7 , Est Remaining: 262.4
164 235.1 , Est Remaining: 260.9
165 236.6 , Est Remaining: 259.5
166 238.0 , Est Remaining: 258.1
167 239.4 , Est Remaining: 256.6
168 240.9 , Est Remaining: 255.2
169 242.3 , Est Remaining: 253.8
170 243.7 , Est Remaining: 252.3
171 245.2 , Est Remaining: 250.9
172 246.6 , Est Remaining: 249.5
173 248.1 , Est Remaining: 248.1
174 249.5 , Est Remaining: 246.7
175 250.9 , Est Remaining: 245.2
176 252.4 , Est Remaining: 243.8
177 253.8 , Est Remaining: 242.3
178 255.2 , Est Remaining: 240.9
179 256.7 , Est Remaining: 239.5
180 258.1 , Est Remaining: 238.0
181 259.5 , Est Remaining: 236.6
182 260.9 , Est Remaining: 235.1
183 262.3 , Est Remaining: 233.7
184 263.7 , Est Remaining: 232.2
185 265.1 , Est Remaining: 230.7
186 266.5 , Est Remaining: 229.3
187 267.9 , Est Remaining: 227.8
188 269.3 , Est Remaining: 226.3
189 270.7 , Est Remaining: 224.9
190 272.1 , Est Remaining: 223.4
191 273.5 , Est Remaining: 221.9
192 274.8 , Est Remaining: 220.4
193 276.2 , Est Remaining: 219.0
194 277.6 , Est Remaining: 217.5
195 279.0 , Est Remaining: 216.0
196 280.3 , Est Remaining: 214.6
197 281.7 , Est Remaining: 213.1
198 283.1 , Est Remaining: 211.6
199 284.5 , Est Remaining: 210.2
200 285.9 , Est Remaining: 208.7
201 287.4 , Est Remaining: 207.3
EVENT FAILED
201 287.7 , Est Remaining: 207.5
202 289.1 , Est Remaining: 206.1
203 290.4 , Est Remaining: 204.6
204 291.8 , Est Remaining: 203.1
205 293.2 , Est Remaining: 201.7
206 294.6 , Est Remaining: 200.2
207 296.0 , Est Remaining: 198.7
208 297.4 , Est Remaining: 197.3
209 298.8 , Est Remaining: 195.8
210 300.2 , Est Remaining: 194.4
211 301.6 , Est Remaining: 192.9
212 302.9 , Est Remaining: 191.5
213 304.3 , Est Remaining: 190.0
214 305.8 , Est Remaining: 188.6
215 307.1 , Est Remaining: 187.1
216 308.5 , Est Remaining: 185.7
217 309.9 , Est Remaining: 184.2
218 311.3 , Est Remaining: 182.8
219 312.7 , Est Remaining: 181.3
220 314.1 , Est Remaining: 179.9
221 315.4 , Est Remaining: 178.4
222 316.7 , Est Remaining: 176.9
223 318.1 , Est Remaining: 175.5
224 319.5 , Est Remaining: 174.0
225 320.8 , Est Remaining: 172.5
226 322.2 , Est Remaining: 171.1
227 323.5 , Est Remaining: 169.6
228 324.9 , Est Remaining: 168.1
229 326.2 , Est Remaining: 166.7
230 327.6 , Est Remaining: 165.2
231 328.9 , Est Remaining: 163.8
232 330.3 , Est Remaining: 162.3
233 331.6 , Est Remaining: 160.8
234 333.0 , Est Remaining: 159.4
235 334.3 , Est Remaining: 157.9
236 335.6 , Est Remaining: 156.4
237 337.0 , Est Remaining: 155.0
238 338.3 , Est Remaining: 153.5
239 339.7 , Est Remaining: 152.1
240 341.0 , Est Remaining: 150.6
EVENT FAILED
240 341.3 , Est Remaining: 150.8
241 342.7 , Est Remaining: 149.3
242 344.0 , Est Remaining: 147.9
243 345.4 , Est Remaining: 146.4
244 346.8 , Est Remaining: 145.0
245 348.1 , Est Remaining: 143.5
246 349.5 , Est Remaining: 142.1
247 350.8 , Est Remaining: 140.6
248 352.2 , Est Remaining: 139.2
249 353.5 , Est Remaining: 137.7
250 354.9 , Est Remaining: 136.3
251 356.3 , Est Remaining: 134.8
252 357.7 , Est Remaining: 133.4
253 359.0 , Est Remaining: 132.0
254 360.4 , Est Remaining: 130.5
255 361.8 , Est Remaining: 129.1
256 363.1 , Est Remaining: 127.7
257 364.5 , Est Remaining: 126.2
258 365.8 , Est Remaining: 124.8
259 367.2 , Est Remaining: 123.3
260 368.6 , Est Remaining: 121.9
261 369.9 , Est Remaining: 120.5
262 371.3 , Est Remaining: 119.0
263 372.6 , Est Remaining: 117.6
264 374.0 , Est Remaining: 116.2
265 375.4 , Est Remaining: 114.7
266 376.7 , Est Remaining: 113.3
EVENT FAILED
266 377.0 , Est Remaining: 113.4
267 378.4 , Est Remaining: 112.0
268 379.8 , Est Remaining: 110.5
269 381.1 , Est Remaining: 109.1
270 382.5 , Est Remaining: 107.7
271 383.8 , Est Remaining: 106.2
272 385.2 , Est Remaining: 104.8
273 386.6 , Est Remaining: 103.4
274 388.0 , Est Remaining: 102.0
275 389.4 , Est Remaining: 100.5
276 390.8 , Est Remaining: 99.1
277 392.1 , Est Remaining: 97.7
278 393.5 , Est Remaining: 96.3
279 394.9 , Est Remaining: 94.8
280 396.3 , Est Remaining: 93.4
281 397.7 , Est Remaining: 92.0
EVENT FAILED
281 398.0 , Est Remaining: 92.1
282 399.4 , Est Remaining: 90.7
283 400.8 , Est Remaining: 89.2
284 402.2 , Est Remaining: 87.8
285 403.7 , Est Remaining: 86.4
286 405.1 , Est Remaining: 85.0
287 406.5 , Est Remaining: 83.6
288 407.9 , Est Remaining: 82.1
289 409.3 , Est Remaining: 80.7
290 410.7 , Est Remaining: 79.3
291 412.1 , Est Remaining: 77.9
292 413.6 , Est Remaining: 76.5
293 415.0 , Est Remaining: 75.1
294 416.4 , Est Remaining: 73.6
295 417.8 , Est Remaining: 72.2
296 419.2 , Est Remaining: 70.8
297 420.7 , Est Remaining: 69.4
298 422.1 , Est Remaining: 68.0
299 423.5 , Est Remaining: 66.6
300 425.0 , Est Remaining: 65.2
301 426.5 , Est Remaining: 63.8
302 427.9 , Est Remaining: 62.3
303 429.4 , Est Remaining: 60.9
304 430.8 , Est Remaining: 59.5
305 432.2 , Est Remaining: 58.1
306 433.6 , Est Remaining: 56.7
307 435.0 , Est Remaining: 55.3
308 436.5 , Est Remaining: 53.9
309 437.9 , Est Remaining: 52.4
310 439.3 , Est Remaining: 51.0
311 440.7 , Est Remaining: 49.6
312 442.2 , Est Remaining: 48.2
313 443.6 , Est Remaining: 46.8
314 445.0 , Est Remaining: 45.4
315 446.4 , Est Remaining: 43.9
316 447.8 , Est Remaining: 42.5
317 449.2 , Est Remaining: 41.1
318 450.7 , Est Remaining: 39.7
319 452.1 , Est Remaining: 38.3
EVENT FAILED
319 452.4 , Est Remaining: 38.3
320 453.8 , Est Remaining: 36.9
321 455.2 , Est Remaining: 35.5
322 456.7 , Est Remaining: 34.0
323 458.1 , Est Remaining: 32.6
324 459.5 , Est Remaining: 31.2
325 460.9 , Est Remaining: 29.8
326 462.4 , Est Remaining: 28.4
327 463.8 , Est Remaining: 27.0
328 465.3 , Est Remaining: 25.5
329 466.7 , Est Remaining: 24.1
330 468.2 , Est Remaining: 22.7
331 469.6 , Est Remaining: 21.3
332 471.1 , Est Remaining: 19.9
