Note: NumExpr detected 32 cores but "NUMEXPR_MAX_THREADS" not set, so enforcing safe limit of 8.
Using selector: EpollSelector
/n/home02/jhaefner/miniconda/envs/IC-3.7-2020-06-16/lib/python3.7/site-packages/scipy/optimize/minpack.py:808: OptimizeWarning: Covariance of the parameters could not be estimated
  category=OptimizeWarning)
Total rwfs: 346
0 0.0 , Est Remaining: 999999.9
1 1.4 , Est Remaining: 494.5
2 2.8 , Est Remaining: 487.6
3 4.3 , Est Remaining: 489.8
4 5.7 , Est Remaining: 484.2
5 7.1 , Est Remaining: 482.1
6 8.5 , Est Remaining: 480.2
7 9.9 , Est Remaining: 478.1
8 11.3 , Est Remaining: 476.0
EVENT FAILED
8 11.6 , Est Remaining: 488.8
9 13.0 , Est Remaining: 485.1
10 14.4 , Est Remaining: 482.2
11 15.8 , Est Remaining: 479.9
12 17.0 , Est Remaining: 474.3
13 18.4 , Est Remaining: 472.2
14 19.8 , Est Remaining: 470.6
15 21.2 , Est Remaining: 468.8
16 22.6 , Est Remaining: 467.1
17 24.0 , Est Remaining: 465.2
18 25.4 , Est Remaining: 463.5
19 26.8 , Est Remaining: 461.7
20 28.2 , Est Remaining: 460.0
21 29.6 , Est Remaining: 458.5
22 31.0 , Est Remaining: 457.0
23 32.5 , Est Remaining: 456.0
24 33.9 , Est Remaining: 454.5
25 35.3 , Est Remaining: 452.8
26 36.7 , Est Remaining: 451.3
27 38.0 , Est Remaining: 449.5
EVENT FAILED
27 38.4 , Est Remaining: 453.2
28 39.7 , Est Remaining: 451.4
29 41.1 , Est Remaining: 449.7
30 42.5 , Est Remaining: 447.9
31 43.9 , Est Remaining: 446.3
32 45.3 , Est Remaining: 444.8
33 46.7 , Est Remaining: 443.1
34 48.1 , Est Remaining: 441.5
35 49.5 , Est Remaining: 440.0
36 50.9 , Est Remaining: 438.4
37 52.3 , Est Remaining: 437.0
38 53.8 , Est Remaining: 435.7
EVENT FAILED
38 54.1 , Est Remaining: 438.2
39 55.5 , Est Remaining: 436.6
40 56.9 , Est Remaining: 434.9
41 58.3 , Est Remaining: 433.7
42 59.7 , Est Remaining: 432.2
43 61.1 , Est Remaining: 430.8
44 62.5 , Est Remaining: 429.1
45 63.9 , Est Remaining: 427.7
46 65.3 , Est Remaining: 426.2
47 66.8 , Est Remaining: 424.7
48 68.2 , Est Remaining: 423.1
49 69.6 , Est Remaining: 421.7
50 71.0 , Est Remaining: 420.2
51 72.4 , Est Remaining: 418.7
52 73.8 , Est Remaining: 417.2
53 75.2 , Est Remaining: 415.7
54 76.6 , Est Remaining: 414.3
55 78.0 , Est Remaining: 412.9
56 79.4 , Est Remaining: 411.4
57 80.8 , Est Remaining: 409.9
58 82.3 , Est Remaining: 408.5
59 83.7 , Est Remaining: 407.1
60 85.1 , Est Remaining: 405.6
61 86.5 , Est Remaining: 404.1
62 87.9 , Est Remaining: 402.7
63 89.3 , Est Remaining: 401.4
64 90.8 , Est Remaining: 400.0
65 92.2 , Est Remaining: 398.6
66 93.6 , Est Remaining: 397.3
67 95.1 , Est Remaining: 395.9
68 96.5 , Est Remaining: 394.6
69 98.0 , Est Remaining: 393.4
70 99.4 , Est Remaining: 392.1
71 100.9 , Est Remaining: 390.7
72 102.3 , Est Remaining: 389.3
73 103.8 , Est Remaining: 388.1
74 105.2 , Est Remaining: 386.8
75 106.7 , Est Remaining: 385.6
76 108.1 , Est Remaining: 384.2
77 109.6 , Est Remaining: 382.8
78 111.1 , Est Remaining: 381.6
79 112.5 , Est Remaining: 380.2
80 113.9 , Est Remaining: 378.8
81 115.4 , Est Remaining: 377.4
82 116.8 , Est Remaining: 376.1
83 118.2 , Est Remaining: 374.7
84 119.7 , Est Remaining: 373.2
85 121.1 , Est Remaining: 371.8
86 122.5 , Est Remaining: 370.4
87 124.0 , Est Remaining: 369.0
88 125.3 , Est Remaining: 367.5
89 126.8 , Est Remaining: 366.1
90 128.2 , Est Remaining: 364.7
91 129.6 , Est Remaining: 363.2
92 131.0 , Est Remaining: 361.8
93 132.5 , Est Remaining: 360.4
94 133.9 , Est Remaining: 358.9
95 135.3 , Est Remaining: 357.5
96 136.7 , Est Remaining: 356.0
97 138.1 , Est Remaining: 354.6
98 139.6 , Est Remaining: 353.2
99 141.0 , Est Remaining: 351.7
100 142.4 , Est Remaining: 350.3
101 143.8 , Est Remaining: 348.9
102 145.2 , Est Remaining: 347.4
103 146.7 , Est Remaining: 346.2
104 148.1 , Est Remaining: 344.7
105 149.6 , Est Remaining: 343.3
106 151.0 , Est Remaining: 341.8
107 152.4 , Est Remaining: 340.4
108 153.8 , Est Remaining: 338.9
109 155.2 , Est Remaining: 337.5
110 156.7 , Est Remaining: 336.1
111 158.1 , Est Remaining: 334.7
112 159.5 , Est Remaining: 333.3
113 161.0 , Est Remaining: 331.9
114 162.4 , Est Remaining: 330.6
115 163.9 , Est Remaining: 329.2
116 165.3 , Est Remaining: 327.8
117 166.8 , Est Remaining: 326.4
118 168.2 , Est Remaining: 325.0
119 169.7 , Est Remaining: 323.7
120 171.1 , Est Remaining: 322.3
121 172.6 , Est Remaining: 320.9
122 174.0 , Est Remaining: 319.5
123 175.5 , Est Remaining: 318.1
124 177.1 , Est Remaining: 317.1
125 178.6 , Est Remaining: 315.7
126 180.0 , Est Remaining: 314.3
127 181.5 , Est Remaining: 312.9
128 182.9 , Est Remaining: 311.5
129 184.4 , Est Remaining: 310.1
130 185.8 , Est Remaining: 308.7
131 187.2 , Est Remaining: 307.3
132 188.7 , Est Remaining: 305.9
133 190.1 , Est Remaining: 304.5
134 191.6 , Est Remaining: 303.1
135 192.9 , Est Remaining: 301.5
136 194.3 , Est Remaining: 300.0
137 195.7 , Est Remaining: 298.6
138 197.1 , Est Remaining: 297.1
139 198.5 , Est Remaining: 295.7
140 199.9 , Est Remaining: 294.2
141 201.3 , Est Remaining: 292.7
EVENT FAILED
141 201.6 , Est Remaining: 293.1
142 203.0 , Est Remaining: 291.7
143 204.5 , Est Remaining: 290.2
144 205.8 , Est Remaining: 288.8
145 207.2 , Est Remaining: 287.3
146 208.6 , Est Remaining: 285.8
147 210.0 , Est Remaining: 284.3
148 211.4 , Est Remaining: 282.8
149 212.8 , Est Remaining: 281.4
150 214.2 , Est Remaining: 279.9
151 215.6 , Est Remaining: 278.5
152 217.1 , Est Remaining: 277.0
153 218.5 , Est Remaining: 275.6
154 219.9 , Est Remaining: 274.2
155 221.3 , Est Remaining: 272.7
156 222.8 , Est Remaining: 271.3
157 224.2 , Est Remaining: 269.9
158 225.6 , Est Remaining: 268.4
159 227.0 , Est Remaining: 267.0
160 228.4 , Est Remaining: 265.6
161 229.9 , Est Remaining: 264.1
162 231.3 , Est Remaining: 262.7
163 232.7 , Est Remaining: 261.3
164 234.1 , Est Remaining: 259.8
165 235.5 , Est Remaining: 258.4
166 237.0 , Est Remaining: 256.9
167 238.4 , Est Remaining: 255.5
168 239.8 , Est Remaining: 254.0
169 241.2 , Est Remaining: 252.6
170 242.6 , Est Remaining: 251.2
171 244.0 , Est Remaining: 249.7
172 245.4 , Est Remaining: 248.3
173 246.9 , Est Remaining: 246.9
174 248.3 , Est Remaining: 245.5
175 249.8 , Est Remaining: 244.1
176 251.2 , Est Remaining: 242.6
177 252.6 , Est Remaining: 241.2
178 254.1 , Est Remaining: 239.8
179 255.5 , Est Remaining: 238.4
180 256.9 , Est Remaining: 236.9
181 258.4 , Est Remaining: 235.5
182 259.8 , Est Remaining: 234.1
183 261.2 , Est Remaining: 232.7
184 262.7 , Est Remaining: 231.3
185 264.1 , Est Remaining: 229.8
186 265.5 , Est Remaining: 228.4
187 267.0 , Est Remaining: 227.0
188 268.4 , Est Remaining: 225.6
189 269.9 , Est Remaining: 224.2
190 271.3 , Est Remaining: 222.8
191 272.8 , Est Remaining: 221.4
192 274.2 , Est Remaining: 219.9
193 275.6 , Est Remaining: 218.5
EVENT FAILED
193 275.9 , Est Remaining: 218.7
194 277.3 , Est Remaining: 217.3
195 278.7 , Est Remaining: 215.9
196 280.2 , Est Remaining: 214.4
197 281.6 , Est Remaining: 213.0
198 283.0 , Est Remaining: 211.5
199 284.4 , Est Remaining: 210.1
200 285.8 , Est Remaining: 208.6
201 287.2 , Est Remaining: 207.2
202 288.7 , Est Remaining: 205.8
203 290.1 , Est Remaining: 204.4
204 291.6 , Est Remaining: 203.0
205 293.0 , Est Remaining: 201.5
206 294.4 , Est Remaining: 200.1
207 295.8 , Est Remaining: 198.6
208 297.2 , Est Remaining: 197.2
209 298.6 , Est Remaining: 195.7
210 300.0 , Est Remaining: 194.3
211 301.4 , Est Remaining: 192.8
212 302.8 , Est Remaining: 191.4
213 304.2 , Est Remaining: 190.0
214 305.6 , Est Remaining: 188.5
215 307.1 , Est Remaining: 187.1
216 308.5 , Est Remaining: 185.7
217 309.9 , Est Remaining: 184.2
218 311.4 , Est Remaining: 182.8
219 312.8 , Est Remaining: 181.4
220 314.3 , Est Remaining: 180.0
221 315.7 , Est Remaining: 178.6
222 317.1 , Est Remaining: 177.1
EVENT FAILED
222 317.4 , Est Remaining: 177.3
223 318.9 , Est Remaining: 175.9
224 320.3 , Est Remaining: 174.4
225 321.7 , Est Remaining: 173.0
226 323.1 , Est Remaining: 171.6
227 324.6 , Est Remaining: 170.1
228 326.0 , Est Remaining: 168.7
229 327.4 , Est Remaining: 167.3
230 328.9 , Est Remaining: 165.9
231 330.3 , Est Remaining: 164.4
232 331.8 , Est Remaining: 163.0
233 333.2 , Est Remaining: 161.6
234 334.6 , Est Remaining: 160.1
EVENT FAILED
234 334.9 , Est Remaining: 160.3
235 336.3 , Est Remaining: 158.9
236 337.8 , Est Remaining: 157.4
237 339.2 , Est Remaining: 156.0
238 340.6 , Est Remaining: 154.6
239 342.0 , Est Remaining: 153.1
240 343.4 , Est Remaining: 151.7
241 344.9 , Est Remaining: 150.3
242 346.3 , Est Remaining: 148.8
243 347.7 , Est Remaining: 147.4
244 349.1 , Est Remaining: 145.9
245 350.5 , Est Remaining: 144.5
246 351.9 , Est Remaining: 143.1
247 353.3 , Est Remaining: 141.6
248 354.7 , Est Remaining: 140.2
249 356.1 , Est Remaining: 138.7
250 357.5 , Est Remaining: 137.3
251 358.9 , Est Remaining: 135.9
252 360.3 , Est Remaining: 134.4
253 361.8 , Est Remaining: 133.0
254 363.2 , Est Remaining: 131.5
255 364.6 , Est Remaining: 130.1
EVENT FAILED
255 364.9 , Est Remaining: 130.2
256 366.3 , Est Remaining: 128.8
257 367.7 , Est Remaining: 127.3
258 369.2 , Est Remaining: 125.9
259 370.6 , Est Remaining: 124.5
260 372.0 , Est Remaining: 123.0
261 373.4 , Est Remaining: 121.6
262 374.8 , Est Remaining: 120.2
263 376.3 , Est Remaining: 118.7
264 377.7 , Est Remaining: 117.3
265 379.1 , Est Remaining: 115.9
266 380.5 , Est Remaining: 114.4
267 382.0 , Est Remaining: 113.0
268 383.4 , Est Remaining: 111.6
269 384.8 , Est Remaining: 110.1
270 386.2 , Est Remaining: 108.7
271 387.6 , Est Remaining: 107.3
272 389.0 , Est Remaining: 105.8
273 390.4 , Est Remaining: 104.4
274 391.8 , Est Remaining: 102.9
275 393.2 , Est Remaining: 101.5
276 394.5 , Est Remaining: 100.1
277 395.9 , Est Remaining: 98.6
278 397.3 , Est Remaining: 97.2
279 398.6 , Est Remaining: 95.7
280 400.0 , Est Remaining: 94.3
281 401.3 , Est Remaining: 92.8
282 402.7 , Est Remaining: 91.4
283 404.1 , Est Remaining: 89.9
284 405.4 , Est Remaining: 88.5
285 406.8 , Est Remaining: 87.1
286 408.2 , Est Remaining: 85.6
287 409.6 , Est Remaining: 84.2
288 411.0 , Est Remaining: 82.8
289 412.4 , Est Remaining: 81.3
EVENT FAILED
289 412.7 , Est Remaining: 81.4
290 414.0 , Est Remaining: 80.0
291 415.4 , Est Remaining: 78.5
292 416.8 , Est Remaining: 77.1
293 418.2 , Est Remaining: 75.6
294 419.6 , Est Remaining: 74.2
295 420.9 , Est Remaining: 72.8
296 422.3 , Est Remaining: 71.3
297 423.7 , Est Remaining: 69.9
298 425.0 , Est Remaining: 68.5
299 426.4 , Est Remaining: 67.0
300 427.7 , Est Remaining: 65.6
301 429.1 , Est Remaining: 64.2
302 430.6 , Est Remaining: 62.7
303 432.0 , Est Remaining: 61.3
304 433.3 , Est Remaining: 59.9
305 434.7 , Est Remaining: 58.4
306 436.1 , Est Remaining: 57.0
307 437.4 , Est Remaining: 55.6
308 438.7 , Est Remaining: 54.1
309 440.1 , Est Remaining: 52.7
310 441.5 , Est Remaining: 51.3
311 442.8 , Est Remaining: 49.8
312 444.2 , Est Remaining: 48.4
313 445.5 , Est Remaining: 47.0
314 446.9 , Est Remaining: 45.5
315 448.2 , Est Remaining: 44.1
316 449.6 , Est Remaining: 42.7
317 450.9 , Est Remaining: 41.2
318 452.2 , Est Remaining: 39.8
319 453.5 , Est Remaining: 38.4
320 454.9 , Est Remaining: 37.0
321 456.2 , Est Remaining: 35.5
322 457.5 , Est Remaining: 34.1
323 458.9 , Est Remaining: 32.7
324 460.2 , Est Remaining: 31.2
325 461.5 , Est Remaining: 29.8
326 462.9 , Est Remaining: 28.4
327 464.2 , Est Remaining: 27.0
328 465.5 , Est Remaining: 25.5
329 466.9 , Est Remaining: 24.1
330 468.2 , Est Remaining: 22.7
331 469.5 , Est Remaining: 21.3
332 470.9 , Est Remaining: 19.9
333 472.2 , Est Remaining: 18.4
334 473.6 , Est Remaining: 17.0
335 474.9 , Est Remaining: 15.6
336 476.2 , Est Remaining: 14.2
