Note: NumExpr detected 32 cores but "NUMEXPR_MAX_THREADS" not set, so enforcing safe limit of 8.
Using selector: EpollSelector
/n/home02/jhaefner/miniconda/envs/IC-3.7-2020-06-16/lib/python3.7/site-packages/scipy/optimize/minpack.py:808: OptimizeWarning: Covariance of the parameters could not be estimated
  category=OptimizeWarning)
Total rwfs: 346
0 0.0 , Est Remaining: 999999.9
1 1.4 , Est Remaining: 470.8
2 2.7 , Est Remaining: 465.9
3 4.1 , Est Remaining: 463.2
4 5.4 , Est Remaining: 461.5
5 6.7 , Est Remaining: 458.4
6 8.0 , Est Remaining: 455.0
7 9.3 , Est Remaining: 452.3
8 10.7 , Est Remaining: 450.1
9 12.0 , Est Remaining: 448.0
10 13.3 , Est Remaining: 446.6
11 14.6 , Est Remaining: 446.0
12 16.0 , Est Remaining: 445.2
13 17.3 , Est Remaining: 443.7
14 18.7 , Est Remaining: 442.5
15 20.0 , Est Remaining: 441.0
16 21.3 , Est Remaining: 439.5
17 22.6 , Est Remaining: 437.9
18 23.9 , Est Remaining: 436.4
19 25.3 , Est Remaining: 435.1
20 26.6 , Est Remaining: 433.5
21 27.9 , Est Remaining: 432.0
22 29.2 , Est Remaining: 430.6
23 30.6 , Est Remaining: 429.3
24 31.9 , Est Remaining: 427.9
25 33.2 , Est Remaining: 426.7
26 34.6 , Est Remaining: 425.3
27 35.9 , Est Remaining: 424.0
28 37.2 , Est Remaining: 422.6
29 38.5 , Est Remaining: 421.3
30 39.9 , Est Remaining: 419.9
31 41.2 , Est Remaining: 418.4
32 42.5 , Est Remaining: 417.0
33 43.8 , Est Remaining: 415.6
34 45.1 , Est Remaining: 414.2
35 46.5 , Est Remaining: 412.8
36 47.8 , Est Remaining: 411.4
37 49.1 , Est Remaining: 409.9
38 50.4 , Est Remaining: 408.3
39 51.7 , Est Remaining: 406.9
40 53.0 , Est Remaining: 405.5
41 54.3 , Est Remaining: 404.0
42 55.6 , Est Remaining: 402.7
43 57.0 , Est Remaining: 401.6
44 58.3 , Est Remaining: 400.3
45 59.7 , Est Remaining: 399.0
46 61.0 , Est Remaining: 397.7
47 62.3 , Est Remaining: 396.3
48 63.6 , Est Remaining: 395.0
49 64.9 , Est Remaining: 393.6
50 66.2 , Est Remaining: 392.1
51 67.6 , Est Remaining: 390.8
52 68.9 , Est Remaining: 389.5
53 70.2 , Est Remaining: 388.1
54 71.5 , Est Remaining: 386.7
55 72.8 , Est Remaining: 385.3
56 74.2 , Est Remaining: 384.0
57 75.5 , Est Remaining: 382.7
58 76.8 , Est Remaining: 381.4
59 78.1 , Est Remaining: 380.0
60 79.4 , Est Remaining: 378.6
61 80.7 , Est Remaining: 377.2
62 82.1 , Est Remaining: 375.9
63 83.4 , Est Remaining: 374.5
64 84.7 , Est Remaining: 373.1
65 86.0 , Est Remaining: 371.7
66 87.3 , Est Remaining: 370.4
67 88.6 , Est Remaining: 369.0
68 89.9 , Est Remaining: 367.6
69 91.2 , Est Remaining: 366.3
70 92.6 , Est Remaining: 364.9
71 93.9 , Est Remaining: 363.6
72 95.2 , Est Remaining: 362.2
73 96.5 , Est Remaining: 360.8
74 97.8 , Est Remaining: 359.4
75 99.1 , Est Remaining: 358.1
76 100.4 , Est Remaining: 356.7
EVENT FAILED
76 100.7 , Est Remaining: 357.8
77 102.0 , Est Remaining: 356.4
78 103.3 , Est Remaining: 355.0
79 104.6 , Est Remaining: 353.6
80 106.0 , Est Remaining: 352.3
81 107.3 , Est Remaining: 351.0
82 108.6 , Est Remaining: 349.6
83 109.9 , Est Remaining: 348.3
84 111.2 , Est Remaining: 347.0
85 112.5 , Est Remaining: 345.5
86 113.8 , Est Remaining: 344.1
87 115.1 , Est Remaining: 342.8
88 116.4 , Est Remaining: 341.4
89 117.7 , Est Remaining: 340.0
90 119.0 , Est Remaining: 338.6
91 120.3 , Est Remaining: 337.2
92 121.7 , Est Remaining: 335.9
93 123.0 , Est Remaining: 334.5
94 124.3 , Est Remaining: 333.1
95 125.6 , Est Remaining: 331.8
96 126.9 , Est Remaining: 330.4
97 128.2 , Est Remaining: 329.0
98 129.5 , Est Remaining: 327.6
99 130.8 , Est Remaining: 326.2
100 132.1 , Est Remaining: 324.9
101 133.4 , Est Remaining: 323.5
102 134.6 , Est Remaining: 322.1
103 136.0 , Est Remaining: 320.9
104 137.3 , Est Remaining: 319.5
105 138.6 , Est Remaining: 318.1
106 139.9 , Est Remaining: 316.8
107 141.2 , Est Remaining: 315.5
108 142.6 , Est Remaining: 314.2
EVENT FAILED
108 142.9 , Est Remaining: 314.8
109 144.1 , Est Remaining: 313.4
110 145.4 , Est Remaining: 312.0
111 146.7 , Est Remaining: 310.7
112 148.0 , Est Remaining: 309.3
113 149.3 , Est Remaining: 307.9
114 150.7 , Est Remaining: 306.6
115 152.0 , Est Remaining: 305.3
116 153.3 , Est Remaining: 304.0
117 154.6 , Est Remaining: 302.7
118 155.9 , Est Remaining: 301.3
119 157.3 , Est Remaining: 300.0
120 158.6 , Est Remaining: 298.7
121 159.9 , Est Remaining: 297.3
122 161.2 , Est Remaining: 296.0
123 162.5 , Est Remaining: 294.6
124 163.8 , Est Remaining: 293.3
125 165.1 , Est Remaining: 292.0
126 166.4 , Est Remaining: 290.6
127 167.8 , Est Remaining: 289.3
128 169.1 , Est Remaining: 287.9
129 170.4 , Est Remaining: 286.6
130 171.7 , Est Remaining: 285.3
131 173.0 , Est Remaining: 283.9
132 174.3 , Est Remaining: 282.6
133 175.6 , Est Remaining: 281.2
134 176.9 , Est Remaining: 279.9
135 178.2 , Est Remaining: 278.5
136 179.5 , Est Remaining: 277.2
137 180.8 , Est Remaining: 275.8
138 182.1 , Est Remaining: 274.5
EVENT FAILED
138 182.4 , Est Remaining: 274.9
139 183.7 , Est Remaining: 273.6
140 185.0 , Est Remaining: 272.2
141 186.3 , Est Remaining: 270.9
142 187.6 , Est Remaining: 269.5
143 188.9 , Est Remaining: 268.2
144 190.2 , Est Remaining: 266.9
145 191.6 , Est Remaining: 265.5
146 192.9 , Est Remaining: 264.2
147 194.2 , Est Remaining: 262.9
148 195.5 , Est Remaining: 261.5
149 196.8 , Est Remaining: 260.2
150 198.1 , Est Remaining: 258.9
151 199.4 , Est Remaining: 257.5
152 200.7 , Est Remaining: 256.2
153 202.0 , Est Remaining: 254.9
154 203.4 , Est Remaining: 253.5
155 204.7 , Est Remaining: 252.2
156 206.0 , Est Remaining: 250.9
EVENT FAILED
156 206.3 , Est Remaining: 251.2
157 207.6 , Est Remaining: 249.9
158 208.9 , Est Remaining: 248.5
159 210.2 , Est Remaining: 247.2
160 211.5 , Est Remaining: 245.9
161 212.8 , Est Remaining: 244.6
162 214.1 , Est Remaining: 243.2
163 215.5 , Est Remaining: 241.9
164 216.8 , Est Remaining: 240.5
EVENT FAILED
164 217.1 , Est Remaining: 240.9
165 218.3 , Est Remaining: 239.5
166 219.7 , Est Remaining: 238.2
167 221.0 , Est Remaining: 236.8
168 222.3 , Est Remaining: 235.5
169 223.6 , Est Remaining: 234.2
170 224.9 , Est Remaining: 232.8
171 226.2 , Est Remaining: 231.5
172 227.5 , Est Remaining: 230.1
173 228.8 , Est Remaining: 228.8
174 230.1 , Est Remaining: 227.4
175 231.4 , Est Remaining: 226.1
176 232.7 , Est Remaining: 224.8
177 234.0 , Est Remaining: 223.4
178 235.3 , Est Remaining: 222.1
179 236.6 , Est Remaining: 220.8
180 237.9 , Est Remaining: 219.4
181 239.3 , Est Remaining: 218.1
182 240.6 , Est Remaining: 216.8
183 241.9 , Est Remaining: 215.5
EVENT FAILED
183 242.2 , Est Remaining: 215.7
184 243.5 , Est Remaining: 214.4
185 244.8 , Est Remaining: 213.1
186 246.2 , Est Remaining: 211.8
187 247.5 , Est Remaining: 210.4
188 248.8 , Est Remaining: 209.1
189 250.1 , Est Remaining: 207.8
190 251.4 , Est Remaining: 206.4
EVENT FAILED
190 251.7 , Est Remaining: 206.7
191 253.0 , Est Remaining: 205.3
192 254.4 , Est Remaining: 204.0
193 255.7 , Est Remaining: 202.7
194 257.0 , Est Remaining: 201.4
195 258.4 , Est Remaining: 200.1
196 259.7 , Est Remaining: 198.7
197 261.0 , Est Remaining: 197.4
198 262.3 , Est Remaining: 196.1
199 263.7 , Est Remaining: 194.8
200 265.0 , Est Remaining: 193.4
201 266.3 , Est Remaining: 192.1
202 267.7 , Est Remaining: 190.8
203 269.1 , Est Remaining: 189.6
204 270.4 , Est Remaining: 188.2
205 271.8 , Est Remaining: 186.9
206 273.1 , Est Remaining: 185.6
207 274.4 , Est Remaining: 184.3
EVENT FAILED
207 274.7 , Est Remaining: 184.5
208 276.0 , Est Remaining: 183.1
209 277.4 , Est Remaining: 181.8
210 278.7 , Est Remaining: 180.5
211 280.0 , Est Remaining: 179.2
212 281.4 , Est Remaining: 177.8
213 282.7 , Est Remaining: 176.5
214 284.0 , Est Remaining: 175.2
215 285.3 , Est Remaining: 173.8
216 286.6 , Est Remaining: 172.5
217 287.9 , Est Remaining: 171.2
218 289.2 , Est Remaining: 169.8
219 290.5 , Est Remaining: 168.5
220 291.8 , Est Remaining: 167.1
221 293.2 , Est Remaining: 165.8
222 294.5 , Est Remaining: 164.5
223 295.8 , Est Remaining: 163.1
224 297.1 , Est Remaining: 161.8
225 298.4 , Est Remaining: 160.5
226 299.7 , Est Remaining: 159.1
227 301.0 , Est Remaining: 157.8
228 302.3 , Est Remaining: 156.4
229 303.6 , Est Remaining: 155.1
EVENT FAILED
229 303.9 , Est Remaining: 155.3
230 305.2 , Est Remaining: 153.9
231 306.5 , Est Remaining: 152.6
232 307.8 , Est Remaining: 151.3
233 309.1 , Est Remaining: 149.9
EVENT FAILED
233 309.4 , Est Remaining: 150.1
234 310.7 , Est Remaining: 148.7
235 312.0 , Est Remaining: 147.4
236 313.3 , Est Remaining: 146.0
237 314.6 , Est Remaining: 144.7
238 316.0 , Est Remaining: 143.4
239 317.3 , Est Remaining: 142.0
240 318.6 , Est Remaining: 140.7
241 319.9 , Est Remaining: 139.4
242 321.2 , Est Remaining: 138.0
243 322.5 , Est Remaining: 136.7
244 323.8 , Est Remaining: 135.4
245 325.2 , Est Remaining: 134.0
246 326.5 , Est Remaining: 132.7
247 327.8 , Est Remaining: 131.4
248 329.1 , Est Remaining: 130.0
249 330.4 , Est Remaining: 128.7
250 331.7 , Est Remaining: 127.4
251 333.0 , Est Remaining: 126.0
252 334.3 , Est Remaining: 124.7
253 335.6 , Est Remaining: 123.4
254 336.9 , Est Remaining: 122.0
255 338.2 , Est Remaining: 120.7
256 339.5 , Est Remaining: 119.3
257 340.8 , Est Remaining: 118.0
258 342.1 , Est Remaining: 116.7
259 343.4 , Est Remaining: 115.3
260 344.7 , Est Remaining: 114.0
261 346.0 , Est Remaining: 112.7
262 347.3 , Est Remaining: 111.4
EVENT FAILED
262 347.6 , Est Remaining: 111.5
263 348.9 , Est Remaining: 110.1
264 350.2 , Est Remaining: 108.8
265 351.5 , Est Remaining: 107.4
266 352.8 , Est Remaining: 106.1
267 354.1 , Est Remaining: 104.8
268 355.4 , Est Remaining: 103.5
269 356.8 , Est Remaining: 102.1
270 358.1 , Est Remaining: 100.8
271 359.4 , Est Remaining: 99.5
272 360.7 , Est Remaining: 98.1
273 362.1 , Est Remaining: 96.8
274 363.4 , Est Remaining: 95.5
275 364.7 , Est Remaining: 94.2
276 366.0 , Est Remaining: 92.8
277 367.3 , Est Remaining: 91.5
278 368.6 , Est Remaining: 90.2
279 369.9 , Est Remaining: 88.8
280 371.2 , Est Remaining: 87.5
281 372.5 , Est Remaining: 86.2
282 373.8 , Est Remaining: 84.8
283 375.1 , Est Remaining: 83.5
284 376.4 , Est Remaining: 82.2
285 377.7 , Est Remaining: 80.8
286 379.0 , Est Remaining: 79.5
287 380.3 , Est Remaining: 78.2
288 381.6 , Est Remaining: 76.9
289 382.9 , Est Remaining: 75.5
290 384.2 , Est Remaining: 74.2
291 385.5 , Est Remaining: 72.9
292 386.9 , Est Remaining: 71.5
293 388.2 , Est Remaining: 70.2
294 389.5 , Est Remaining: 68.9
295 390.8 , Est Remaining: 67.6
296 392.1 , Est Remaining: 66.2
297 393.4 , Est Remaining: 64.9
298 394.8 , Est Remaining: 63.6
299 396.1 , Est Remaining: 62.3
300 397.4 , Est Remaining: 60.9
301 398.7 , Est Remaining: 59.6
302 400.1 , Est Remaining: 58.3
303 401.4 , Est Remaining: 57.0
304 402.7 , Est Remaining: 55.6
305 404.0 , Est Remaining: 54.3
306 405.3 , Est Remaining: 53.0
307 406.6 , Est Remaining: 51.7
308 407.9 , Est Remaining: 50.3
309 409.2 , Est Remaining: 49.0
310 410.6 , Est Remaining: 47.7
311 411.9 , Est Remaining: 46.4
312 413.2 , Est Remaining: 45.0
313 414.5 , Est Remaining: 43.7
314 415.8 , Est Remaining: 42.4
315 417.1 , Est Remaining: 41.0
316 418.4 , Est Remaining: 39.7
317 419.8 , Est Remaining: 38.4
318 421.0 , Est Remaining: 37.1
319 422.3 , Est Remaining: 35.7
320 423.6 , Est Remaining: 34.4
321 424.9 , Est Remaining: 33.1
322 426.3 , Est Remaining: 31.8
323 427.6 , Est Remaining: 30.4
324 428.9 , Est Remaining: 29.1
325 430.2 , Est Remaining: 27.8
326 431.5 , Est Remaining: 26.5
327 432.8 , Est Remaining: 25.1
328 434.2 , Est Remaining: 23.8
329 435.5 , Est Remaining: 22.5
330 436.8 , Est Remaining: 21.2
331 438.1 , Est Remaining: 19.9
332 439.4 , Est Remaining: 18.5
333 440.7 , Est Remaining: 17.2
334 442.0 , Est Remaining: 15.9
