Note: NumExpr detected 32 cores but "NUMEXPR_MAX_THREADS" not set, so enforcing safe limit of 8.
Using selector: EpollSelector
/n/home02/jhaefner/miniconda/envs/IC-3.7-2020-06-16/lib/python3.7/site-packages/scipy/optimize/minpack.py:808: OptimizeWarning: Covariance of the parameters could not be estimated
  category=OptimizeWarning)
Total rwfs: 346
0 0.0 , Est Remaining: 999999.9
1 1.5 , Est Remaining: 521.6
2 3.0 , Est Remaining: 517.6
3 4.5 , Est Remaining: 518.8
4 6.0 , Est Remaining: 515.0
5 7.5 , Est Remaining: 510.9
6 9.0 , Est Remaining: 509.0
7 10.5 , Est Remaining: 507.2
8 11.9 , Est Remaining: 504.8
9 13.4 , Est Remaining: 503.3
10 14.9 , Est Remaining: 501.1
11 16.4 , Est Remaining: 499.4
EVENT FAILED
11 16.7 , Est Remaining: 509.1
12 18.2 , Est Remaining: 506.0
13 19.6 , Est Remaining: 503.0
14 21.1 , Est Remaining: 500.3
15 22.6 , Est Remaining: 498.1
16 24.0 , Est Remaining: 495.9
17 25.5 , Est Remaining: 493.4
18 26.9 , Est Remaining: 490.8
19 28.4 , Est Remaining: 488.5
20 29.9 , Est Remaining: 486.6
21 31.3 , Est Remaining: 484.8
22 32.8 , Est Remaining: 483.0
23 34.3 , Est Remaining: 481.1
24 35.7 , Est Remaining: 479.2
25 37.2 , Est Remaining: 477.8
26 38.7 , Est Remaining: 476.3
27 40.2 , Est Remaining: 474.7
28 41.6 , Est Remaining: 472.9
29 43.1 , Est Remaining: 471.3
30 44.6 , Est Remaining: 469.3
31 46.0 , Est Remaining: 467.7
32 47.5 , Est Remaining: 465.9
33 48.9 , Est Remaining: 463.9
34 50.4 , Est Remaining: 462.5
35 51.8 , Est Remaining: 460.7
36 53.3 , Est Remaining: 459.2
37 54.8 , Est Remaining: 457.6
38 56.3 , Est Remaining: 456.0
39 57.7 , Est Remaining: 454.5
40 59.2 , Est Remaining: 452.7
41 60.6 , Est Remaining: 451.1
42 62.1 , Est Remaining: 449.6
43 63.6 , Est Remaining: 448.0
44 65.0 , Est Remaining: 446.5
45 66.5 , Est Remaining: 444.9
46 68.0 , Est Remaining: 443.3
EVENT FAILED
46 68.3 , Est Remaining: 445.3
47 69.8 , Est Remaining: 443.8
48 71.2 , Est Remaining: 442.3
49 72.7 , Est Remaining: 440.6
50 74.2 , Est Remaining: 439.0
51 75.6 , Est Remaining: 437.4
EVENT FAILED
51 75.9 , Est Remaining: 439.1
52 77.4 , Est Remaining: 437.6
53 78.9 , Est Remaining: 436.0
54 80.3 , Est Remaining: 434.4
55 81.8 , Est Remaining: 432.8
56 83.3 , Est Remaining: 431.3
57 84.8 , Est Remaining: 429.9
58 86.3 , Est Remaining: 428.4
59 87.7 , Est Remaining: 426.8
60 89.2 , Est Remaining: 425.2
61 90.7 , Est Remaining: 423.7
62 92.2 , Est Remaining: 422.2
63 93.7 , Est Remaining: 420.7
EVENT FAILED
63 94.0 , Est Remaining: 422.1
64 95.4 , Est Remaining: 420.5
65 96.9 , Est Remaining: 418.9
66 98.4 , Est Remaining: 417.4
67 99.9 , Est Remaining: 415.8
68 101.3 , Est Remaining: 414.3
69 102.8 , Est Remaining: 412.7
70 104.3 , Est Remaining: 411.1
71 105.7 , Est Remaining: 409.6
72 107.2 , Est Remaining: 408.1
73 108.7 , Est Remaining: 406.6
74 110.2 , Est Remaining: 405.0
75 111.7 , Est Remaining: 403.5
76 113.1 , Est Remaining: 402.0
77 114.6 , Est Remaining: 400.4
78 116.1 , Est Remaining: 398.8
EVENT FAILED
78 116.4 , Est Remaining: 399.9
79 117.9 , Est Remaining: 398.3
80 119.3 , Est Remaining: 396.8
81 120.8 , Est Remaining: 395.2
82 122.3 , Est Remaining: 393.7
83 123.8 , Est Remaining: 392.1
84 125.2 , Est Remaining: 390.6
85 126.7 , Est Remaining: 388.9
86 128.1 , Est Remaining: 387.3
87 129.6 , Est Remaining: 385.8
EVENT FAILED
87 129.9 , Est Remaining: 386.7
88 131.4 , Est Remaining: 385.2
89 132.9 , Est Remaining: 383.6
90 134.3 , Est Remaining: 382.1
91 135.9 , Est Remaining: 380.7
92 137.4 , Est Remaining: 379.3
93 138.9 , Est Remaining: 377.7
94 140.3 , Est Remaining: 376.2
95 141.8 , Est Remaining: 374.6
96 143.3 , Est Remaining: 373.1
97 144.7 , Est Remaining: 371.5
98 146.2 , Est Remaining: 370.0
99 147.7 , Est Remaining: 368.4
100 149.1 , Est Remaining: 366.8
101 150.6 , Est Remaining: 365.3
102 152.0 , Est Remaining: 363.7
103 153.6 , Est Remaining: 362.4
104 155.1 , Est Remaining: 360.8
105 156.5 , Est Remaining: 359.3
106 158.0 , Est Remaining: 357.8
107 159.5 , Est Remaining: 356.2
108 161.0 , Est Remaining: 354.7
109 162.4 , Est Remaining: 353.1
110 163.7 , Est Remaining: 351.2
111 165.2 , Est Remaining: 349.7
112 166.7 , Est Remaining: 348.2
113 168.2 , Est Remaining: 346.7
114 169.6 , Est Remaining: 345.2
115 171.1 , Est Remaining: 343.7
116 172.6 , Est Remaining: 342.1
117 174.0 , Est Remaining: 340.6
118 175.5 , Est Remaining: 339.0
119 176.9 , Est Remaining: 337.5
120 178.4 , Est Remaining: 336.0
121 179.8 , Est Remaining: 334.4
122 181.3 , Est Remaining: 332.9
EVENT FAILED
122 181.6 , Est Remaining: 333.4
123 183.1 , Est Remaining: 331.9
124 184.6 , Est Remaining: 330.4
125 186.1 , Est Remaining: 329.0
126 187.5 , Est Remaining: 327.4
127 189.0 , Est Remaining: 325.9
128 190.5 , Est Remaining: 324.4
129 191.9 , Est Remaining: 322.8
130 193.4 , Est Remaining: 321.3
EVENT FAILED
130 193.7 , Est Remaining: 321.8
131 195.2 , Est Remaining: 320.4
132 196.7 , Est Remaining: 318.9
EVENT FAILED
132 197.2 , Est Remaining: 319.7
133 198.7 , Est Remaining: 318.2
134 200.1 , Est Remaining: 316.6
135 201.6 , Est Remaining: 315.1
136 203.1 , Est Remaining: 313.5
137 204.5 , Est Remaining: 312.0
138 206.0 , Est Remaining: 310.5
139 207.5 , Est Remaining: 309.0
140 208.9 , Est Remaining: 307.4
141 210.4 , Est Remaining: 305.9
142 211.9 , Est Remaining: 304.4
143 213.4 , Est Remaining: 302.9
144 214.9 , Est Remaining: 301.4
145 216.3 , Est Remaining: 299.9
146 217.8 , Est Remaining: 298.3
147 219.3 , Est Remaining: 296.8
148 220.7 , Est Remaining: 295.3
149 222.2 , Est Remaining: 293.8
150 223.7 , Est Remaining: 292.3
151 225.2 , Est Remaining: 290.8
152 226.6 , Est Remaining: 289.3
153 228.1 , Est Remaining: 287.7
154 229.6 , Est Remaining: 286.2
155 231.1 , Est Remaining: 284.7
156 232.5 , Est Remaining: 283.2
157 234.0 , Est Remaining: 281.7
158 235.5 , Est Remaining: 280.2
159 237.0 , Est Remaining: 278.7
160 238.4 , Est Remaining: 277.2
161 239.9 , Est Remaining: 275.7
162 241.4 , Est Remaining: 274.2
163 242.9 , Est Remaining: 272.7
164 244.4 , Est Remaining: 271.2
165 245.9 , Est Remaining: 269.7
166 247.4 , Est Remaining: 268.3
167 248.9 , Est Remaining: 266.8
168 250.4 , Est Remaining: 265.3
169 251.9 , Est Remaining: 263.8
EVENT FAILED
169 252.2 , Est Remaining: 264.1
170 253.6 , Est Remaining: 262.6
171 255.1 , Est Remaining: 261.1
172 256.6 , Est Remaining: 259.6
173 258.1 , Est Remaining: 258.1
174 259.5 , Est Remaining: 256.5
175 261.0 , Est Remaining: 255.0
176 262.4 , Est Remaining: 253.5
177 263.9 , Est Remaining: 251.9
EVENT FAILED
177 264.2 , Est Remaining: 252.2
178 265.6 , Est Remaining: 250.7
179 267.1 , Est Remaining: 249.2
180 268.6 , Est Remaining: 247.7
181 270.1 , Est Remaining: 246.2
182 271.5 , Est Remaining: 244.7
183 273.0 , Est Remaining: 243.2
184 274.5 , Est Remaining: 241.7
185 276.0 , Est Remaining: 240.2
186 277.5 , Est Remaining: 238.7
187 278.9 , Est Remaining: 237.2
188 280.4 , Est Remaining: 235.7
189 281.9 , Est Remaining: 234.1
190 283.3 , Est Remaining: 232.6
191 284.8 , Est Remaining: 231.1
192 286.3 , Est Remaining: 229.6
193 287.7 , Est Remaining: 228.1
194 289.2 , Est Remaining: 226.6
195 290.7 , Est Remaining: 225.1
196 292.1 , Est Remaining: 223.6
197 293.6 , Est Remaining: 222.0
198 295.0 , Est Remaining: 220.5
199 296.5 , Est Remaining: 219.0
200 297.9 , Est Remaining: 217.5
201 299.4 , Est Remaining: 216.0
202 300.9 , Est Remaining: 214.5
203 302.5 , Est Remaining: 213.1
EVENT FAILED
203 302.8 , Est Remaining: 213.3
204 304.2 , Est Remaining: 211.8
205 305.7 , Est Remaining: 210.3
206 307.2 , Est Remaining: 208.8
207 308.6 , Est Remaining: 207.2
208 310.1 , Est Remaining: 205.7
209 311.5 , Est Remaining: 204.2
210 313.0 , Est Remaining: 202.7
211 314.5 , Est Remaining: 201.2
EVENT FAILED
211 314.8 , Est Remaining: 201.4
212 316.3 , Est Remaining: 199.9
213 317.8 , Est Remaining: 198.4
214 319.2 , Est Remaining: 196.9
215 320.7 , Est Remaining: 195.4
216 322.2 , Est Remaining: 193.9
217 323.6 , Est Remaining: 192.4
218 325.1 , Est Remaining: 190.9
219 326.5 , Est Remaining: 189.4
220 328.0 , Est Remaining: 187.8
221 329.4 , Est Remaining: 186.3
222 330.9 , Est Remaining: 184.8
223 332.3 , Est Remaining: 183.3
224 333.8 , Est Remaining: 181.8
225 335.2 , Est Remaining: 180.3
226 336.6 , Est Remaining: 178.7
227 338.1 , Est Remaining: 177.2
228 339.5 , Est Remaining: 175.7
229 341.0 , Est Remaining: 174.2
230 342.4 , Est Remaining: 172.7
231 343.8 , Est Remaining: 171.2
232 345.3 , Est Remaining: 169.7
233 346.7 , Est Remaining: 168.2
234 348.2 , Est Remaining: 166.7
235 349.6 , Est Remaining: 165.1
236 351.1 , Est Remaining: 163.6
237 352.5 , Est Remaining: 162.1
238 354.0 , Est Remaining: 160.6
239 355.4 , Est Remaining: 159.1
240 356.8 , Est Remaining: 157.6
241 358.2 , Est Remaining: 156.1
242 359.6 , Est Remaining: 154.6
243 361.1 , Est Remaining: 153.0
244 362.5 , Est Remaining: 151.5
245 363.9 , Est Remaining: 150.0
246 365.3 , Est Remaining: 148.5
247 366.7 , Est Remaining: 147.0
248 368.2 , Est Remaining: 145.5
249 369.6 , Est Remaining: 144.0
250 371.0 , Est Remaining: 142.5
251 372.5 , Est Remaining: 141.0
252 373.9 , Est Remaining: 139.5
253 375.3 , Est Remaining: 137.9
254 376.7 , Est Remaining: 136.4
255 378.1 , Est Remaining: 134.9
256 379.5 , Est Remaining: 133.4
EVENT FAILED
256 379.8 , Est Remaining: 133.5
257 381.2 , Est Remaining: 132.0
258 382.6 , Est Remaining: 130.5
259 384.0 , Est Remaining: 129.0
260 385.4 , Est Remaining: 127.5
261 386.8 , Est Remaining: 126.0
262 388.2 , Est Remaining: 124.5
263 389.6 , Est Remaining: 122.9
264 391.0 , Est Remaining: 121.4
265 392.4 , Est Remaining: 119.9
266 393.8 , Est Remaining: 118.4
267 395.2 , Est Remaining: 116.9
268 396.6 , Est Remaining: 115.4
269 398.0 , Est Remaining: 113.9
270 399.4 , Est Remaining: 112.4
271 400.8 , Est Remaining: 110.9
272 402.3 , Est Remaining: 109.4
273 403.7 , Est Remaining: 107.9
274 405.1 , Est Remaining: 106.4
275 406.5 , Est Remaining: 104.9
276 407.9 , Est Remaining: 103.5
EVENT FAILED
276 408.2 , Est Remaining: 103.5
277 409.6 , Est Remaining: 102.0
278 411.0 , Est Remaining: 100.5
279 412.5 , Est Remaining: 99.0
280 413.9 , Est Remaining: 97.6
281 415.3 , Est Remaining: 96.1
282 416.7 , Est Remaining: 94.6
EVENT FAILED
282 417.0 , Est Remaining: 94.6
283 418.4 , Est Remaining: 93.2
284 419.9 , Est Remaining: 91.7
285 421.3 , Est Remaining: 90.2
EVENT FAILED
285 421.6 , Est Remaining: 90.2
286 423.0 , Est Remaining: 88.7
287 424.5 , Est Remaining: 87.3
288 425.9 , Est Remaining: 85.8
289 427.3 , Est Remaining: 84.3
290 428.8 , Est Remaining: 82.8
291 430.2 , Est Remaining: 81.3
292 431.6 , Est Remaining: 79.8
293 433.1 , Est Remaining: 78.3
294 434.5 , Est Remaining: 76.9
295 436.0 , Est Remaining: 75.4
296 437.4 , Est Remaining: 73.9
297 438.8 , Est Remaining: 72.4
EVENT FAILED
297 439.1 , Est Remaining: 72.5
298 440.6 , Est Remaining: 71.0
299 442.1 , Est Remaining: 69.5
300 443.5 , Est Remaining: 68.0
301 445.0 , Est Remaining: 66.5
302 446.6 , Est Remaining: 65.1
303 448.0 , Est Remaining: 63.6
304 449.5 , Est Remaining: 62.1
305 450.9 , Est Remaining: 60.6
306 452.4 , Est Remaining: 59.1
307 453.9 , Est Remaining: 57.7
308 455.3 , Est Remaining: 56.2
309 456.8 , Est Remaining: 54.7
310 458.3 , Est Remaining: 53.2
311 459.7 , Est Remaining: 51.7
312 461.2 , Est Remaining: 50.3
313 462.6 , Est Remaining: 48.8
314 464.1 , Est Remaining: 47.3
315 465.5 , Est Remaining: 45.8
316 466.9 , Est Remaining: 44.3
317 468.3 , Est Remaining: 42.8
318 469.7 , Est Remaining: 41.4
319 471.1 , Est Remaining: 39.9
320 472.6 , Est Remaining: 38.4
321 474.0 , Est Remaining: 36.9
322 475.4 , Est Remaining: 35.4
323 476.8 , Est Remaining: 34.0
324 478.2 , Est Remaining: 32.5
325 479.6 , Est Remaining: 31.0
326 481.0 , Est Remaining: 29.5
327 482.4 , Est Remaining: 28.0
