Note: NumExpr detected 32 cores but "NUMEXPR_MAX_THREADS" not set, so enforcing safe limit of 8.
Using selector: EpollSelector
/n/home02/jhaefner/miniconda/envs/IC-3.7-2020-06-16/lib/python3.7/site-packages/scipy/optimize/minpack.py:808: OptimizeWarning: Covariance of the parameters could not be estimated
  category=OptimizeWarning)
Total rwfs: 346
0 0.0 , Est Remaining: 999999.9
EVENT FAILED
0 0.4 , Est Remaining: 999999.9
1 1.6 , Est Remaining: 564.6
2 2.9 , Est Remaining: 504.9
3 4.3 , Est Remaining: 486.5
4 5.5 , Est Remaining: 474.1
5 6.8 , Est Remaining: 465.4
6 8.1 , Est Remaining: 460.4
7 9.4 , Est Remaining: 456.0
8 10.7 , Est Remaining: 453.6
9 12.0 , Est Remaining: 450.3
10 13.3 , Est Remaining: 447.2
11 14.6 , Est Remaining: 444.7
12 15.9 , Est Remaining: 442.3
13 17.2 , Est Remaining: 440.7
14 18.5 , Est Remaining: 438.5
15 19.8 , Est Remaining: 437.4
16 21.2 , Est Remaining: 436.4
17 22.4 , Est Remaining: 434.3
18 23.8 , Est Remaining: 432.9
19 25.0 , Est Remaining: 430.9
20 26.3 , Est Remaining: 429.3
21 27.6 , Est Remaining: 427.4
22 28.9 , Est Remaining: 426.0
23 30.2 , Est Remaining: 424.5
24 31.5 , Est Remaining: 423.2
25 32.8 , Est Remaining: 421.6
26 34.1 , Est Remaining: 420.2
27 35.4 , Est Remaining: 418.6
28 36.7 , Est Remaining: 417.1
29 38.0 , Est Remaining: 415.9
30 39.3 , Est Remaining: 414.4
31 40.6 , Est Remaining: 412.7
32 41.9 , Est Remaining: 411.2
33 43.2 , Est Remaining: 409.8
EVENT FAILED
33 43.5 , Est Remaining: 412.6
34 44.8 , Est Remaining: 411.0
35 46.1 , Est Remaining: 409.3
36 47.4 , Est Remaining: 407.7
37 48.6 , Est Remaining: 406.2
38 49.9 , Est Remaining: 404.9
39 51.3 , Est Remaining: 403.6
40 52.6 , Est Remaining: 402.1
41 53.9 , Est Remaining: 400.6
42 55.2 , Est Remaining: 399.2
43 56.4 , Est Remaining: 397.8
44 57.7 , Est Remaining: 396.3
45 59.0 , Est Remaining: 394.9
46 60.3 , Est Remaining: 393.4
47 61.6 , Est Remaining: 391.9
48 62.9 , Est Remaining: 390.4
49 64.2 , Est Remaining: 389.0
50 65.5 , Est Remaining: 387.6
51 66.8 , Est Remaining: 386.1
52 68.1 , Est Remaining: 384.8
53 69.4 , Est Remaining: 383.4
54 70.6 , Est Remaining: 382.0
55 72.0 , Est Remaining: 380.7
56 73.2 , Est Remaining: 379.3
57 74.5 , Est Remaining: 378.0
58 75.8 , Est Remaining: 376.6
59 77.2 , Est Remaining: 375.4
60 78.5 , Est Remaining: 374.2
61 79.8 , Est Remaining: 372.9
62 81.1 , Est Remaining: 371.6
63 82.4 , Est Remaining: 370.3
64 83.8 , Est Remaining: 369.2
65 85.1 , Est Remaining: 367.9
66 86.4 , Est Remaining: 366.7
67 87.8 , Est Remaining: 365.6
68 89.1 , Est Remaining: 364.4
69 90.5 , Est Remaining: 363.2
70 91.8 , Est Remaining: 361.9
71 93.1 , Est Remaining: 360.8
72 94.5 , Est Remaining: 359.6
73 95.8 , Est Remaining: 358.4
74 97.2 , Est Remaining: 357.2
75 98.5 , Est Remaining: 355.9
76 99.8 , Est Remaining: 354.7
77 101.2 , Est Remaining: 353.6
78 102.5 , Est Remaining: 352.3
79 103.9 , Est Remaining: 351.1
80 105.2 , Est Remaining: 349.9
81 106.6 , Est Remaining: 348.6
82 107.9 , Est Remaining: 347.4
83 109.2 , Est Remaining: 346.2
84 110.6 , Est Remaining: 344.9
85 111.9 , Est Remaining: 343.7
86 113.3 , Est Remaining: 342.4
87 114.6 , Est Remaining: 341.2
88 115.9 , Est Remaining: 339.9
89 117.3 , Est Remaining: 338.6
90 118.6 , Est Remaining: 337.3
91 119.9 , Est Remaining: 336.0
92 121.2 , Est Remaining: 334.7
93 122.6 , Est Remaining: 333.4
94 123.9 , Est Remaining: 332.2
95 125.2 , Est Remaining: 330.9
96 126.6 , Est Remaining: 329.6
97 127.9 , Est Remaining: 328.3
98 129.2 , Est Remaining: 327.0
99 130.6 , Est Remaining: 325.7
100 131.9 , Est Remaining: 324.4
101 133.2 , Est Remaining: 323.1
102 134.5 , Est Remaining: 321.8
103 135.9 , Est Remaining: 320.7
104 137.2 , Est Remaining: 319.3
105 138.6 , Est Remaining: 318.1
106 139.9 , Est Remaining: 316.8
107 141.2 , Est Remaining: 315.5
108 142.6 , Est Remaining: 314.1
109 143.9 , Est Remaining: 312.9
110 145.2 , Est Remaining: 311.6
111 146.6 , Est Remaining: 310.3
112 147.9 , Est Remaining: 309.0
113 149.2 , Est Remaining: 307.7
114 150.6 , Est Remaining: 306.4
115 151.9 , Est Remaining: 305.1
116 153.2 , Est Remaining: 303.8
117 154.6 , Est Remaining: 302.5
118 155.9 , Est Remaining: 301.2
119 157.2 , Est Remaining: 299.9
120 158.5 , Est Remaining: 298.6
121 159.9 , Est Remaining: 297.3
122 161.2 , Est Remaining: 296.0
123 162.5 , Est Remaining: 294.7
124 163.9 , Est Remaining: 293.4
125 165.2 , Est Remaining: 292.1
126 166.5 , Est Remaining: 290.8
127 167.9 , Est Remaining: 289.4
128 169.0 , Est Remaining: 287.9
129 170.4 , Est Remaining: 286.6
130 171.7 , Est Remaining: 285.3
131 173.0 , Est Remaining: 283.9
132 174.3 , Est Remaining: 282.6
133 175.6 , Est Remaining: 281.3
134 177.0 , Est Remaining: 280.0
135 178.3 , Est Remaining: 278.6
136 179.6 , Est Remaining: 277.3
137 180.9 , Est Remaining: 276.0
138 182.2 , Est Remaining: 274.7
139 183.6 , Est Remaining: 273.4
140 184.9 , Est Remaining: 272.1
141 186.2 , Est Remaining: 270.8
142 187.6 , Est Remaining: 269.5
143 188.9 , Est Remaining: 268.2
144 190.2 , Est Remaining: 266.9
145 191.6 , Est Remaining: 265.5
146 192.9 , Est Remaining: 264.2
147 194.2 , Est Remaining: 262.9
148 195.5 , Est Remaining: 261.6
149 196.9 , Est Remaining: 260.3
150 198.2 , Est Remaining: 259.0
151 199.5 , Est Remaining: 257.7
EVENT FAILED
151 199.8 , Est Remaining: 258.1
152 201.1 , Est Remaining: 256.7
153 202.5 , Est Remaining: 255.4
154 203.8 , Est Remaining: 254.1
155 205.1 , Est Remaining: 252.8
156 206.4 , Est Remaining: 251.4
157 207.8 , Est Remaining: 250.1
158 209.1 , Est Remaining: 248.8
159 210.4 , Est Remaining: 247.5
160 211.7 , Est Remaining: 246.1
161 213.1 , Est Remaining: 244.8
162 214.4 , Est Remaining: 243.5
163 215.6 , Est Remaining: 242.1
164 216.9 , Est Remaining: 240.7
165 218.3 , Est Remaining: 239.4
166 219.6 , Est Remaining: 238.1
167 220.9 , Est Remaining: 236.8
EVENT FAILED
167 221.2 , Est Remaining: 237.1
168 222.5 , Est Remaining: 235.8
169 223.9 , Est Remaining: 234.5
170 225.2 , Est Remaining: 233.1
171 226.5 , Est Remaining: 231.8
172 227.8 , Est Remaining: 230.5
173 229.2 , Est Remaining: 229.2
174 230.5 , Est Remaining: 227.9
175 231.8 , Est Remaining: 226.5
176 233.2 , Est Remaining: 225.2
177 234.5 , Est Remaining: 223.9
178 235.8 , Est Remaining: 222.6
179 237.2 , Est Remaining: 221.3
180 238.5 , Est Remaining: 220.0
EVENT FAILED
180 238.8 , Est Remaining: 220.2
181 240.1 , Est Remaining: 218.9
182 241.5 , Est Remaining: 217.6
183 242.8 , Est Remaining: 216.2
EVENT FAILED
183 243.1 , Est Remaining: 216.5
184 244.4 , Est Remaining: 215.2
185 245.7 , Est Remaining: 213.8
EVENT FAILED
185 246.0 , Est Remaining: 214.1
186 247.3 , Est Remaining: 212.8
187 248.7 , Est Remaining: 211.4
188 250.0 , Est Remaining: 210.1
189 251.3 , Est Remaining: 208.8
190 252.7 , Est Remaining: 207.4
191 254.0 , Est Remaining: 206.1
192 255.3 , Est Remaining: 204.8
193 256.7 , Est Remaining: 203.5
194 257.9 , Est Remaining: 202.1
195 259.3 , Est Remaining: 200.8
196 260.6 , Est Remaining: 199.5
197 261.9 , Est Remaining: 198.1
198 263.3 , Est Remaining: 196.8
199 264.6 , Est Remaining: 195.5
200 266.0 , Est Remaining: 194.1
201 267.3 , Est Remaining: 192.8
202 268.6 , Est Remaining: 191.5
203 270.0 , Est Remaining: 190.2
204 271.4 , Est Remaining: 188.9
205 272.7 , Est Remaining: 187.6
206 274.0 , Est Remaining: 186.2
207 275.4 , Est Remaining: 184.9
208 276.7 , Est Remaining: 183.6
209 278.1 , Est Remaining: 182.3
210 279.4 , Est Remaining: 180.9
211 280.7 , Est Remaining: 179.6
212 282.0 , Est Remaining: 178.3
213 283.4 , Est Remaining: 176.9
214 284.7 , Est Remaining: 175.6
215 286.0 , Est Remaining: 174.3
216 287.3 , Est Remaining: 172.9
217 288.7 , Est Remaining: 171.6
218 290.0 , Est Remaining: 170.3
219 291.3 , Est Remaining: 168.9
220 292.7 , Est Remaining: 167.6
221 294.0 , Est Remaining: 166.3
222 295.3 , Est Remaining: 165.0
223 296.7 , Est Remaining: 163.6
224 298.0 , Est Remaining: 162.3
225 299.3 , Est Remaining: 161.0
226 300.7 , Est Remaining: 159.6
227 302.0 , Est Remaining: 158.3
228 303.3 , Est Remaining: 157.0
EVENT FAILED
228 303.6 , Est Remaining: 157.1
229 305.0 , Est Remaining: 155.8
230 306.3 , Est Remaining: 154.5
231 307.6 , Est Remaining: 153.1
232 308.9 , Est Remaining: 151.8
233 310.3 , Est Remaining: 150.5
234 311.6 , Est Remaining: 149.1
235 312.9 , Est Remaining: 147.8
236 314.2 , Est Remaining: 146.5
237 315.6 , Est Remaining: 145.1
238 316.9 , Est Remaining: 143.8
239 318.2 , Est Remaining: 142.5
240 319.5 , Est Remaining: 141.1
241 320.9 , Est Remaining: 139.8
242 322.2 , Est Remaining: 138.5
243 323.5 , Est Remaining: 137.1
244 324.9 , Est Remaining: 135.8
245 326.2 , Est Remaining: 134.5
246 327.5 , Est Remaining: 133.1
247 328.8 , Est Remaining: 131.8
248 330.2 , Est Remaining: 130.5
249 331.5 , Est Remaining: 129.1
250 332.8 , Est Remaining: 127.8
251 334.1 , Est Remaining: 126.5
252 335.5 , Est Remaining: 125.1
253 336.8 , Est Remaining: 123.8
254 338.1 , Est Remaining: 122.5
255 339.4 , Est Remaining: 121.1
256 340.8 , Est Remaining: 119.8
257 342.1 , Est Remaining: 118.5
258 343.4 , Est Remaining: 117.1
259 344.7 , Est Remaining: 115.8
260 346.0 , Est Remaining: 114.5
261 347.4 , Est Remaining: 113.1
262 348.7 , Est Remaining: 111.8
263 350.0 , Est Remaining: 110.5
264 351.4 , Est Remaining: 109.1
265 352.7 , Est Remaining: 107.8
266 354.0 , Est Remaining: 106.5
267 355.3 , Est Remaining: 105.1
268 356.7 , Est Remaining: 103.8
269 358.0 , Est Remaining: 102.5
270 359.3 , Est Remaining: 101.1
271 360.6 , Est Remaining: 99.8
272 362.0 , Est Remaining: 98.5
273 363.3 , Est Remaining: 97.2
274 364.7 , Est Remaining: 95.8
275 366.0 , Est Remaining: 94.5
276 367.3 , Est Remaining: 93.2
277 368.6 , Est Remaining: 91.8
EVENT FAILED
277 368.9 , Est Remaining: 91.9
278 370.3 , Est Remaining: 90.6
279 371.6 , Est Remaining: 89.2
280 372.9 , Est Remaining: 87.9
281 374.3 , Est Remaining: 86.6
282 375.6 , Est Remaining: 85.2
283 376.9 , Est Remaining: 83.9
284 378.2 , Est Remaining: 82.6
EVENT FAILED
284 378.5 , Est Remaining: 82.6
285 379.9 , Est Remaining: 81.3
286 381.2 , Est Remaining: 80.0
287 382.5 , Est Remaining: 78.6
288 383.9 , Est Remaining: 77.3
289 385.2 , Est Remaining: 76.0
290 386.5 , Est Remaining: 74.6
291 387.8 , Est Remaining: 73.3
292 389.1 , Est Remaining: 72.0
293 390.5 , Est Remaining: 70.6
294 391.8 , Est Remaining: 69.3
295 393.1 , Est Remaining: 68.0
296 394.4 , Est Remaining: 66.6
297 395.7 , Est Remaining: 65.3
298 397.1 , Est Remaining: 64.0
299 398.4 , Est Remaining: 62.6
300 399.7 , Est Remaining: 61.3
301 401.0 , Est Remaining: 60.0
302 402.5 , Est Remaining: 58.6
303 403.8 , Est Remaining: 57.3
304 405.1 , Est Remaining: 56.0
305 406.5 , Est Remaining: 54.6
306 407.8 , Est Remaining: 53.3
307 409.1 , Est Remaining: 52.0
308 410.4 , Est Remaining: 50.6
309 411.8 , Est Remaining: 49.3
310 413.1 , Est Remaining: 48.0
311 414.4 , Est Remaining: 46.6
312 415.8 , Est Remaining: 45.3
313 417.1 , Est Remaining: 44.0
314 418.4 , Est Remaining: 42.6
EVENT FAILED
314 418.7 , Est Remaining: 42.7
315 420.1 , Est Remaining: 41.3
316 421.4 , Est Remaining: 40.0
317 422.7 , Est Remaining: 38.7
318 424.0 , Est Remaining: 37.3
319 425.3 , Est Remaining: 36.0
320 426.7 , Est Remaining: 34.7
321 428.0 , Est Remaining: 33.3
322 429.3 , Est Remaining: 32.0
323 430.6 , Est Remaining: 30.7
324 432.0 , Est Remaining: 29.3
325 433.3 , Est Remaining: 28.0
326 434.6 , Est Remaining: 26.7
327 435.9 , Est Remaining: 25.3
328 437.3 , Est Remaining: 24.0
329 438.6 , Est Remaining: 22.7
330 439.9 , Est Remaining: 21.3
331 441.3 , Est Remaining: 20.0
332 442.6 , Est Remaining: 18.7
333 443.9 , Est Remaining: 17.3
334 445.2 , Est Remaining: 16.0
