Note: NumExpr detected 32 cores but "NUMEXPR_MAX_THREADS" not set, so enforcing safe limit of 8.
Using selector: EpollSelector
/n/home02/jhaefner/miniconda/envs/IC-3.7-2020-06-16/lib/python3.7/site-packages/scipy/optimize/minpack.py:808: OptimizeWarning: Covariance of the parameters could not be estimated
  category=OptimizeWarning)
Total rwfs: 346
0 0.0 , Est Remaining: 999999.9
1 1.4 , Est Remaining: 498.4
2 2.9 , Est Remaining: 497.4
3 4.4 , Est Remaining: 498.3
4 5.8 , Est Remaining: 494.6
5 7.2 , Est Remaining: 493.1
6 8.7 , Est Remaining: 490.7
7 10.1 , Est Remaining: 488.6
8 11.5 , Est Remaining: 486.8
9 12.9 , Est Remaining: 484.6
10 14.4 , Est Remaining: 483.9
11 15.9 , Est Remaining: 482.9
12 17.3 , Est Remaining: 482.0
13 18.8 , Est Remaining: 480.7
14 20.2 , Est Remaining: 479.7
15 21.7 , Est Remaining: 478.0
16 23.1 , Est Remaining: 476.7
17 24.5 , Est Remaining: 475.1
18 26.0 , Est Remaining: 473.8
19 27.5 , Est Remaining: 472.4
20 28.9 , Est Remaining: 471.0
21 30.3 , Est Remaining: 469.5
22 31.8 , Est Remaining: 467.8
23 33.2 , Est Remaining: 466.4
24 34.6 , Est Remaining: 464.6
25 36.0 , Est Remaining: 462.4
26 37.4 , Est Remaining: 460.9
27 38.9 , Est Remaining: 459.3
28 40.3 , Est Remaining: 457.7
29 41.7 , Est Remaining: 456.1
30 43.2 , Est Remaining: 454.9
31 44.6 , Est Remaining: 453.4
32 46.0 , Est Remaining: 451.8
33 47.5 , Est Remaining: 450.3
34 48.9 , Est Remaining: 448.6
35 50.3 , Est Remaining: 447.1
36 51.7 , Est Remaining: 445.5
37 53.2 , Est Remaining: 443.9
38 54.6 , Est Remaining: 442.4
39 56.0 , Est Remaining: 441.1
40 57.5 , Est Remaining: 439.8
EVENT FAILED
40 57.8 , Est Remaining: 442.1
41 59.2 , Est Remaining: 440.7
42 60.7 , Est Remaining: 439.2
43 62.1 , Est Remaining: 437.7
44 63.6 , Est Remaining: 436.3
45 65.0 , Est Remaining: 434.9
46 66.5 , Est Remaining: 433.5
47 67.9 , Est Remaining: 432.1
48 69.4 , Est Remaining: 430.7
49 70.8 , Est Remaining: 429.3
50 72.3 , Est Remaining: 427.9
51 73.7 , Est Remaining: 426.4
52 75.2 , Est Remaining: 425.0
53 76.6 , Est Remaining: 423.6
54 78.1 , Est Remaining: 422.2
55 79.5 , Est Remaining: 420.8
56 81.0 , Est Remaining: 419.4
57 82.4 , Est Remaining: 417.9
58 83.9 , Est Remaining: 416.5
59 85.3 , Est Remaining: 415.0
60 86.7 , Est Remaining: 413.3
61 88.1 , Est Remaining: 411.8
62 89.6 , Est Remaining: 410.2
63 91.0 , Est Remaining: 408.7
64 92.4 , Est Remaining: 407.0
65 93.8 , Est Remaining: 405.5
66 95.2 , Est Remaining: 403.8
67 96.6 , Est Remaining: 402.1
68 98.0 , Est Remaining: 400.6
EVENT FAILED
68 98.3 , Est Remaining: 401.8
69 99.7 , Est Remaining: 400.2
70 101.1 , Est Remaining: 398.5
71 102.5 , Est Remaining: 397.0
72 103.9 , Est Remaining: 395.4
73 105.3 , Est Remaining: 393.9
74 106.7 , Est Remaining: 392.3
75 108.1 , Est Remaining: 390.8
76 109.6 , Est Remaining: 389.3
77 111.0 , Est Remaining: 387.8
78 112.4 , Est Remaining: 386.3
EVENT FAILED
78 112.7 , Est Remaining: 387.3
79 114.1 , Est Remaining: 385.7
80 115.6 , Est Remaining: 384.2
81 117.0 , Est Remaining: 382.7
82 118.4 , Est Remaining: 381.2
83 119.8 , Est Remaining: 379.7
84 121.3 , Est Remaining: 378.2
85 122.7 , Est Remaining: 376.7
86 124.1 , Est Remaining: 375.2
87 125.5 , Est Remaining: 373.7
88 127.0 , Est Remaining: 372.3
89 128.4 , Est Remaining: 370.8
90 129.8 , Est Remaining: 369.3
91 131.3 , Est Remaining: 367.8
92 132.7 , Est Remaining: 366.4
93 134.2 , Est Remaining: 365.0
94 135.6 , Est Remaining: 363.5
95 137.0 , Est Remaining: 362.1
96 138.5 , Est Remaining: 360.6
97 139.9 , Est Remaining: 359.2
98 141.4 , Est Remaining: 357.8
99 142.8 , Est Remaining: 356.3
100 144.3 , Est Remaining: 354.9
101 145.8 , Est Remaining: 353.6
102 147.3 , Est Remaining: 352.3
103 148.8 , Est Remaining: 351.0
104 150.2 , Est Remaining: 349.6
105 151.7 , Est Remaining: 348.2
106 153.2 , Est Remaining: 346.8
107 154.6 , Est Remaining: 345.3
108 156.0 , Est Remaining: 343.8
109 157.4 , Est Remaining: 342.3
110 158.9 , Est Remaining: 340.9
111 160.3 , Est Remaining: 339.4
112 161.7 , Est Remaining: 337.9
EVENT FAILED
112 162.0 , Est Remaining: 338.5
113 163.5 , Est Remaining: 337.0
114 164.9 , Est Remaining: 335.5
115 166.3 , Est Remaining: 334.1
116 167.7 , Est Remaining: 332.6
117 169.2 , Est Remaining: 331.1
118 170.6 , Est Remaining: 329.6
119 172.0 , Est Remaining: 328.2
120 173.5 , Est Remaining: 326.7
121 174.9 , Est Remaining: 325.2
122 176.3 , Est Remaining: 323.8
123 177.8 , Est Remaining: 322.3
124 179.2 , Est Remaining: 320.8
125 180.6 , Est Remaining: 319.3
126 182.0 , Est Remaining: 317.9
127 183.5 , Est Remaining: 316.4
128 184.9 , Est Remaining: 314.9
129 186.3 , Est Remaining: 313.4
130 187.7 , Est Remaining: 311.9
131 189.2 , Est Remaining: 310.5
132 190.6 , Est Remaining: 309.0
133 192.1 , Est Remaining: 307.6
134 193.5 , Est Remaining: 306.1
135 194.9 , Est Remaining: 304.6
136 196.3 , Est Remaining: 303.2
137 197.7 , Est Remaining: 301.7
138 199.2 , Est Remaining: 300.2
139 200.6 , Est Remaining: 298.7
140 202.0 , Est Remaining: 297.3
141 203.4 , Est Remaining: 295.8
142 204.9 , Est Remaining: 294.3
143 206.3 , Est Remaining: 292.8
144 207.7 , Est Remaining: 291.4
145 209.1 , Est Remaining: 289.9
146 210.5 , Est Remaining: 288.4
147 212.0 , Est Remaining: 286.9
148 213.4 , Est Remaining: 285.5
EVENT FAILED
148 213.7 , Est Remaining: 285.9
149 215.1 , Est Remaining: 284.4
150 216.5 , Est Remaining: 282.9
151 217.9 , Est Remaining: 281.5
152 219.4 , Est Remaining: 280.0
153 220.8 , Est Remaining: 278.5
154 222.2 , Est Remaining: 277.0
155 223.6 , Est Remaining: 275.6
156 225.0 , Est Remaining: 274.1
157 226.4 , Est Remaining: 272.6
158 227.8 , Est Remaining: 271.1
EVENT FAILED
158 228.2 , Est Remaining: 271.5
159 229.6 , Est Remaining: 270.0
160 231.0 , Est Remaining: 268.5
161 232.4 , Est Remaining: 267.0
EVENT FAILED
161 232.7 , Est Remaining: 267.4
162 234.1 , Est Remaining: 265.9
163 235.5 , Est Remaining: 264.4
164 236.9 , Est Remaining: 262.9
165 238.3 , Est Remaining: 261.4
EVENT FAILED
165 238.6 , Est Remaining: 261.8
166 240.1 , Est Remaining: 260.3
167 241.5 , Est Remaining: 258.9
168 243.0 , Est Remaining: 257.4
169 244.4 , Est Remaining: 256.0
170 245.9 , Est Remaining: 254.6
171 247.2 , Est Remaining: 253.0
172 248.6 , Est Remaining: 251.5
173 250.1 , Est Remaining: 250.1
174 251.5 , Est Remaining: 248.6
175 252.9 , Est Remaining: 247.1
176 254.3 , Est Remaining: 245.7
177 255.8 , Est Remaining: 244.2
178 257.2 , Est Remaining: 242.7
179 258.6 , Est Remaining: 241.3
180 260.0 , Est Remaining: 239.8
181 261.4 , Est Remaining: 238.3
182 262.8 , Est Remaining: 236.8
183 264.3 , Est Remaining: 235.4
184 265.7 , Est Remaining: 233.9
185 267.2 , Est Remaining: 232.5
EVENT FAILED
185 267.5 , Est Remaining: 232.8
186 268.9 , Est Remaining: 231.3
187 270.4 , Est Remaining: 229.9
188 271.8 , Est Remaining: 228.4
189 273.2 , Est Remaining: 226.9
190 274.6 , Est Remaining: 225.5
191 276.1 , Est Remaining: 224.0
192 277.5 , Est Remaining: 222.6
193 278.9 , Est Remaining: 221.1
194 280.4 , Est Remaining: 219.7
195 281.8 , Est Remaining: 218.2
196 283.3 , Est Remaining: 216.8
197 284.7 , Est Remaining: 215.3
198 286.1 , Est Remaining: 213.9
199 287.5 , Est Remaining: 212.4
200 289.0 , Est Remaining: 211.0
201 290.4 , Est Remaining: 209.5
202 291.9 , Est Remaining: 208.1
203 293.4 , Est Remaining: 206.7
204 294.9 , Est Remaining: 205.3
205 296.3 , Est Remaining: 203.8
206 297.8 , Est Remaining: 202.4
207 299.2 , Est Remaining: 200.9
208 300.7 , Est Remaining: 199.5
209 302.1 , Est Remaining: 198.0
210 303.5 , Est Remaining: 196.6
211 305.0 , Est Remaining: 195.1
212 306.4 , Est Remaining: 193.7
213 307.8 , Est Remaining: 192.2
EVENT FAILED
213 308.1 , Est Remaining: 192.4
214 309.6 , Est Remaining: 191.0
215 311.1 , Est Remaining: 189.5
216 312.5 , Est Remaining: 188.1
217 314.0 , Est Remaining: 186.6
218 315.4 , Est Remaining: 185.2
219 316.9 , Est Remaining: 183.8
220 318.3 , Est Remaining: 182.3
221 319.8 , Est Remaining: 180.9
222 321.2 , Est Remaining: 179.4
223 322.7 , Est Remaining: 178.0
224 324.1 , Est Remaining: 176.5
225 325.5 , Est Remaining: 175.1
226 327.0 , Est Remaining: 173.6
227 328.4 , Est Remaining: 172.2
228 329.9 , Est Remaining: 170.7
229 331.3 , Est Remaining: 169.3
230 332.7 , Est Remaining: 167.8
231 334.2 , Est Remaining: 166.4
232 335.6 , Est Remaining: 164.9
233 337.0 , Est Remaining: 163.4
234 338.4 , Est Remaining: 162.0
235 339.8 , Est Remaining: 160.5
236 341.2 , Est Remaining: 159.1
237 342.7 , Est Remaining: 157.6
238 344.1 , Est Remaining: 156.2
239 345.5 , Est Remaining: 154.7
240 347.0 , Est Remaining: 153.2
241 348.4 , Est Remaining: 151.8
242 349.8 , Est Remaining: 150.3
243 351.3 , Est Remaining: 148.9
244 352.7 , Est Remaining: 147.4
245 354.1 , Est Remaining: 146.0
246 355.5 , Est Remaining: 144.5
247 357.0 , Est Remaining: 143.1
248 358.4 , Est Remaining: 141.6
249 359.8 , Est Remaining: 140.2
250 361.3 , Est Remaining: 138.7
251 362.7 , Est Remaining: 137.3
252 364.1 , Est Remaining: 135.8
253 365.6 , Est Remaining: 134.4
254 367.0 , Est Remaining: 132.9
255 368.4 , Est Remaining: 131.5
256 369.9 , Est Remaining: 130.0
257 371.3 , Est Remaining: 128.6
258 372.7 , Est Remaining: 127.1
259 374.2 , Est Remaining: 125.7
EVENT FAILED
259 374.5 , Est Remaining: 125.8
260 375.9 , Est Remaining: 124.3
261 377.3 , Est Remaining: 122.9
262 378.8 , Est Remaining: 121.4
EVENT FAILED
262 379.1 , Est Remaining: 121.5
263 380.5 , Est Remaining: 120.1
264 381.9 , Est Remaining: 118.6
265 383.4 , Est Remaining: 117.2
EVENT FAILED
265 383.7 , Est Remaining: 117.3
266 385.1 , Est Remaining: 115.8
267 386.6 , Est Remaining: 114.4
268 388.0 , Est Remaining: 112.9
269 389.5 , Est Remaining: 111.5
270 390.9 , Est Remaining: 110.0
271 392.3 , Est Remaining: 108.6
272 393.7 , Est Remaining: 107.1
273 395.1 , Est Remaining: 105.7
274 396.5 , Est Remaining: 104.2
275 397.9 , Est Remaining: 102.7
276 399.3 , Est Remaining: 101.3
277 400.7 , Est Remaining: 99.8
278 402.1 , Est Remaining: 98.3
279 403.5 , Est Remaining: 96.9
280 404.8 , Est Remaining: 95.4
281 406.2 , Est Remaining: 94.0
282 407.6 , Est Remaining: 92.5
283 409.0 , Est Remaining: 91.0
284 410.3 , Est Remaining: 89.6
285 411.7 , Est Remaining: 88.1
286 413.0 , Est Remaining: 86.6
287 414.4 , Est Remaining: 85.2
288 415.7 , Est Remaining: 83.7
289 417.1 , Est Remaining: 82.3
290 418.4 , Est Remaining: 80.8
291 419.8 , Est Remaining: 79.3
292 421.2 , Est Remaining: 77.9
293 422.6 , Est Remaining: 76.4
294 423.9 , Est Remaining: 75.0
295 425.3 , Est Remaining: 73.5
296 426.7 , Est Remaining: 72.1
297 428.1 , Est Remaining: 70.6
298 429.4 , Est Remaining: 69.2
299 430.8 , Est Remaining: 67.7
300 432.2 , Est Remaining: 66.3
301 433.5 , Est Remaining: 64.8
302 435.0 , Est Remaining: 63.4
303 436.4 , Est Remaining: 61.9
304 437.7 , Est Remaining: 60.5
305 439.1 , Est Remaining: 59.0
306 440.5 , Est Remaining: 57.6
307 441.8 , Est Remaining: 56.1
308 443.2 , Est Remaining: 54.7
309 444.5 , Est Remaining: 53.2
310 445.9 , Est Remaining: 51.8
311 447.2 , Est Remaining: 50.3
312 448.6 , Est Remaining: 48.9
313 449.9 , Est Remaining: 47.4
314 451.3 , Est Remaining: 46.0
315 452.6 , Est Remaining: 44.5
316 454.0 , Est Remaining: 43.1
317 455.3 , Est Remaining: 41.7
318 456.7 , Est Remaining: 40.2
319 458.0 , Est Remaining: 38.8
320 459.4 , Est Remaining: 37.3
321 460.7 , Est Remaining: 35.9
322 462.1 , Est Remaining: 34.4
323 463.4 , Est Remaining: 33.0
324 464.7 , Est Remaining: 31.6
325 466.1 , Est Remaining: 30.1
326 467.4 , Est Remaining: 28.7
327 468.7 , Est Remaining: 27.2
328 470.0 , Est Remaining: 25.8
329 471.3 , Est Remaining: 24.4
330 472.6 , Est Remaining: 22.9
331 474.0 , Est Remaining: 21.5
332 475.3 , Est Remaining: 20.0
