Note: NumExpr detected 32 cores but "NUMEXPR_MAX_THREADS" not set, so enforcing safe limit of 8.
Using selector: EpollSelector
/n/home02/jhaefner/miniconda/envs/IC-3.7-2020-06-16/lib/python3.7/site-packages/scipy/optimize/minpack.py:808: OptimizeWarning: Covariance of the parameters could not be estimated
  category=OptimizeWarning)
Total rwfs: 346
0 0.0 , Est Remaining: 999999.9
1 1.4 , Est Remaining: 478.8
2 2.8 , Est Remaining: 474.8
3 4.1 , Est Remaining: 474.2
4 5.5 , Est Remaining: 470.2
5 6.9 , Est Remaining: 468.0
EVENT FAILED
5 7.2 , Est Remaining: 490.1
6 8.5 , Est Remaining: 483.9
7 9.9 , Est Remaining: 478.3
8 11.2 , Est Remaining: 473.7
9 12.6 , Est Remaining: 470.0
10 13.9 , Est Remaining: 466.9
11 15.2 , Est Remaining: 464.4
12 16.6 , Est Remaining: 461.6
13 17.9 , Est Remaining: 459.1
14 19.3 , Est Remaining: 456.7
15 20.6 , Est Remaining: 454.6
16 21.9 , Est Remaining: 452.6
17 23.3 , Est Remaining: 450.6
18 24.6 , Est Remaining: 448.7
19 26.0 , Est Remaining: 446.6
20 27.3 , Est Remaining: 445.0
21 28.7 , Est Remaining: 443.5
22 30.0 , Est Remaining: 442.0
23 31.4 , Est Remaining: 440.3
24 32.7 , Est Remaining: 438.6
25 34.0 , Est Remaining: 436.9
26 35.4 , Est Remaining: 435.3
27 36.7 , Est Remaining: 433.8
28 38.1 , Est Remaining: 432.2
29 39.4 , Est Remaining: 430.7
30 40.7 , Est Remaining: 429.1
31 42.1 , Est Remaining: 427.5
32 43.4 , Est Remaining: 425.9
33 44.8 , Est Remaining: 424.5
34 46.1 , Est Remaining: 422.8
35 47.4 , Est Remaining: 421.2
36 48.7 , Est Remaining: 419.7
37 50.1 , Est Remaining: 418.3
38 51.4 , Est Remaining: 417.0
39 52.8 , Est Remaining: 415.4
40 54.1 , Est Remaining: 413.8
41 55.4 , Est Remaining: 412.4
42 56.8 , Est Remaining: 411.2
43 58.1 , Est Remaining: 409.7
44 59.5 , Est Remaining: 408.3
45 60.8 , Est Remaining: 406.8
46 62.1 , Est Remaining: 405.3
47 63.5 , Est Remaining: 403.8
48 64.8 , Est Remaining: 402.3
49 66.1 , Est Remaining: 400.9
50 67.5 , Est Remaining: 399.5
51 68.8 , Est Remaining: 398.0
52 70.2 , Est Remaining: 396.6
53 71.5 , Est Remaining: 395.3
54 72.8 , Est Remaining: 393.8
55 74.2 , Est Remaining: 392.4
56 75.5 , Est Remaining: 391.0
57 76.8 , Est Remaining: 389.5
58 78.2 , Est Remaining: 388.1
59 79.5 , Est Remaining: 386.6
60 80.8 , Est Remaining: 385.2
61 82.2 , Est Remaining: 383.8
62 83.5 , Est Remaining: 382.5
63 84.9 , Est Remaining: 381.3
64 86.2 , Est Remaining: 379.9
65 87.5 , Est Remaining: 378.5
66 88.9 , Est Remaining: 377.1
67 90.2 , Est Remaining: 375.7
68 91.6 , Est Remaining: 374.3
69 92.9 , Est Remaining: 372.9
70 94.2 , Est Remaining: 371.6
71 95.6 , Est Remaining: 370.2
72 96.9 , Est Remaining: 368.7
73 98.2 , Est Remaining: 367.3
74 99.6 , Est Remaining: 365.9
75 100.9 , Est Remaining: 364.6
76 102.2 , Est Remaining: 363.2
77 103.6 , Est Remaining: 361.8
78 104.9 , Est Remaining: 360.4
79 106.2 , Est Remaining: 359.1
80 107.6 , Est Remaining: 357.7
81 108.9 , Est Remaining: 356.3
82 110.3 , Est Remaining: 355.0
83 111.6 , Est Remaining: 353.6
84 112.9 , Est Remaining: 352.2
85 114.2 , Est Remaining: 350.8
86 115.6 , Est Remaining: 349.4
87 116.9 , Est Remaining: 348.1
88 118.3 , Est Remaining: 346.7
89 119.6 , Est Remaining: 345.4
90 121.0 , Est Remaining: 344.1
91 122.3 , Est Remaining: 342.7
92 123.6 , Est Remaining: 341.3
93 125.0 , Est Remaining: 340.0
94 126.3 , Est Remaining: 338.6
95 127.6 , Est Remaining: 337.3
96 129.0 , Est Remaining: 335.9
97 130.3 , Est Remaining: 334.5
98 131.6 , Est Remaining: 333.1
99 133.0 , Est Remaining: 331.8
100 134.3 , Est Remaining: 330.4
101 135.7 , Est Remaining: 329.1
102 137.0 , Est Remaining: 327.8
103 138.4 , Est Remaining: 326.6
104 139.8 , Est Remaining: 325.2
105 141.1 , Est Remaining: 323.9
106 142.4 , Est Remaining: 322.5
107 143.8 , Est Remaining: 321.1
108 145.1 , Est Remaining: 319.7
109 146.4 , Est Remaining: 318.4
110 147.7 , Est Remaining: 317.0
111 149.1 , Est Remaining: 315.6
112 150.4 , Est Remaining: 314.3
113 151.8 , Est Remaining: 312.9
114 153.1 , Est Remaining: 311.5
115 154.4 , Est Remaining: 310.1
116 155.7 , Est Remaining: 308.8
117 157.1 , Est Remaining: 307.4
118 158.4 , Est Remaining: 306.1
119 159.7 , Est Remaining: 304.7
120 161.1 , Est Remaining: 303.4
121 162.3 , Est Remaining: 301.8
122 163.6 , Est Remaining: 300.4
123 165.0 , Est Remaining: 299.1
124 166.3 , Est Remaining: 297.7
125 167.6 , Est Remaining: 296.4
126 169.0 , Est Remaining: 295.0
127 170.3 , Est Remaining: 293.7
128 171.6 , Est Remaining: 292.3
129 173.0 , Est Remaining: 291.0
130 174.3 , Est Remaining: 289.6
131 175.6 , Est Remaining: 288.3
132 177.0 , Est Remaining: 286.9
133 178.3 , Est Remaining: 285.6
134 179.7 , Est Remaining: 284.2
135 181.0 , Est Remaining: 282.9
136 182.3 , Est Remaining: 281.5
137 183.6 , Est Remaining: 280.2
138 185.0 , Est Remaining: 278.8
139 186.3 , Est Remaining: 277.4
140 187.6 , Est Remaining: 276.1
141 189.0 , Est Remaining: 274.8
142 190.3 , Est Remaining: 273.4
143 191.7 , Est Remaining: 272.1
144 193.0 , Est Remaining: 270.7
145 194.3 , Est Remaining: 269.4
146 195.6 , Est Remaining: 268.0
147 197.0 , Est Remaining: 266.7
148 198.3 , Est Remaining: 265.3
149 199.6 , Est Remaining: 264.0
150 201.0 , Est Remaining: 262.6
151 202.3 , Est Remaining: 261.3
152 203.7 , Est Remaining: 259.9
153 205.0 , Est Remaining: 258.6
154 206.3 , Est Remaining: 257.3
155 207.7 , Est Remaining: 255.9
156 209.0 , Est Remaining: 254.6
157 210.4 , Est Remaining: 253.2
158 211.7 , Est Remaining: 251.9
159 213.0 , Est Remaining: 250.5
160 214.4 , Est Remaining: 249.2
161 215.7 , Est Remaining: 247.8
162 217.0 , Est Remaining: 246.5
163 218.4 , Est Remaining: 245.2
164 219.7 , Est Remaining: 243.8
165 221.0 , Est Remaining: 242.5
166 222.4 , Est Remaining: 241.1
167 223.7 , Est Remaining: 239.8
168 225.1 , Est Remaining: 238.5
169 226.4 , Est Remaining: 237.1
170 227.8 , Est Remaining: 235.8
171 229.1 , Est Remaining: 234.5
172 230.5 , Est Remaining: 233.2
173 231.8 , Est Remaining: 231.8
174 233.2 , Est Remaining: 230.5
175 234.5 , Est Remaining: 229.1
176 235.8 , Est Remaining: 227.7
177 237.1 , Est Remaining: 226.4
178 238.4 , Est Remaining: 225.0
179 239.8 , Est Remaining: 223.7
180 241.1 , Est Remaining: 222.3
181 242.4 , Est Remaining: 221.0
182 243.7 , Est Remaining: 219.6
183 245.0 , Est Remaining: 218.3
184 246.4 , Est Remaining: 216.9
185 247.7 , Est Remaining: 215.6
186 249.0 , Est Remaining: 214.2
187 250.4 , Est Remaining: 212.9
188 251.7 , Est Remaining: 211.6
189 253.1 , Est Remaining: 210.2
190 254.4 , Est Remaining: 208.9
191 255.7 , Est Remaining: 207.5
192 257.1 , Est Remaining: 206.2
193 258.4 , Est Remaining: 204.8
194 259.7 , Est Remaining: 203.5
195 261.1 , Est Remaining: 202.2
196 262.4 , Est Remaining: 200.8
197 263.8 , Est Remaining: 199.5
198 265.1 , Est Remaining: 198.2
199 266.5 , Est Remaining: 196.8
200 267.8 , Est Remaining: 195.5
201 269.1 , Est Remaining: 194.1
202 270.5 , Est Remaining: 192.8
203 271.9 , Est Remaining: 191.5
204 273.2 , Est Remaining: 190.2
205 274.6 , Est Remaining: 188.9
206 275.9 , Est Remaining: 187.5
207 277.2 , Est Remaining: 186.2
208 278.6 , Est Remaining: 184.8
209 279.9 , Est Remaining: 183.5
210 281.3 , Est Remaining: 182.2
211 282.6 , Est Remaining: 180.8
212 283.9 , Est Remaining: 179.5
213 285.3 , Est Remaining: 178.2
214 286.7 , Est Remaining: 176.8
215 288.0 , Est Remaining: 175.5
216 289.3 , Est Remaining: 174.1
217 290.7 , Est Remaining: 172.8
218 292.0 , Est Remaining: 171.5
219 293.4 , Est Remaining: 170.1
220 294.7 , Est Remaining: 168.8
221 296.0 , Est Remaining: 167.4
222 297.4 , Est Remaining: 166.1
223 298.7 , Est Remaining: 164.7
224 300.0 , Est Remaining: 163.4
225 301.3 , Est Remaining: 162.0
226 302.6 , Est Remaining: 160.7
227 304.0 , Est Remaining: 159.3
EVENT FAILED
227 304.2 , Est Remaining: 159.5
228 305.6 , Est Remaining: 158.2
229 306.9 , Est Remaining: 156.8
230 308.3 , Est Remaining: 155.5
231 309.6 , Est Remaining: 154.1
232 310.9 , Est Remaining: 152.8
233 312.2 , Est Remaining: 151.4
234 313.5 , Est Remaining: 150.1
235 314.9 , Est Remaining: 148.7
236 316.2 , Est Remaining: 147.4
237 317.5 , Est Remaining: 146.0
238 318.8 , Est Remaining: 144.7
239 320.2 , Est Remaining: 143.3
240 321.5 , Est Remaining: 142.0
241 322.9 , Est Remaining: 140.7
242 324.2 , Est Remaining: 139.3
243 325.6 , Est Remaining: 138.0
244 326.9 , Est Remaining: 136.7
245 328.2 , Est Remaining: 135.3
246 329.6 , Est Remaining: 134.0
247 330.9 , Est Remaining: 132.6
248 332.3 , Est Remaining: 131.3
249 333.6 , Est Remaining: 130.0
250 334.9 , Est Remaining: 128.6
251 336.2 , Est Remaining: 127.3
252 337.6 , Est Remaining: 125.9
253 338.9 , Est Remaining: 124.6
254 340.2 , Est Remaining: 123.2
255 341.5 , Est Remaining: 121.9
256 342.9 , Est Remaining: 120.5
257 344.2 , Est Remaining: 119.2
258 345.5 , Est Remaining: 117.9
259 346.8 , Est Remaining: 116.5
260 348.2 , Est Remaining: 115.2
261 349.5 , Est Remaining: 113.8
262 350.8 , Est Remaining: 112.5
263 352.2 , Est Remaining: 111.1
264 353.5 , Est Remaining: 109.8
265 354.8 , Est Remaining: 108.5
266 356.2 , Est Remaining: 107.1
267 357.5 , Est Remaining: 105.8
268 358.8 , Est Remaining: 104.4
269 360.2 , Est Remaining: 103.1
270 361.5 , Est Remaining: 101.8
271 363.0 , Est Remaining: 100.4
272 364.3 , Est Remaining: 99.1
273 365.6 , Est Remaining: 97.8
274 367.0 , Est Remaining: 96.4
275 368.3 , Est Remaining: 95.1
276 369.6 , Est Remaining: 93.7
277 371.0 , Est Remaining: 92.4
278 372.3 , Est Remaining: 91.1
279 373.6 , Est Remaining: 89.7
280 375.0 , Est Remaining: 88.4
EVENT FAILED
280 375.3 , Est Remaining: 88.5
281 376.6 , Est Remaining: 87.1
282 378.0 , Est Remaining: 85.8
283 379.3 , Est Remaining: 84.4
284 380.6 , Est Remaining: 83.1
285 381.9 , Est Remaining: 81.7
286 383.3 , Est Remaining: 80.4
287 384.6 , Est Remaining: 79.1
288 385.9 , Est Remaining: 77.7
289 387.2 , Est Remaining: 76.4
290 388.5 , Est Remaining: 75.0
291 389.8 , Est Remaining: 73.7
292 391.2 , Est Remaining: 72.3
293 392.5 , Est Remaining: 71.0
294 393.8 , Est Remaining: 69.6
295 395.1 , Est Remaining: 68.3
296 396.4 , Est Remaining: 67.0
297 397.7 , Est Remaining: 65.6
298 399.1 , Est Remaining: 64.3
299 400.4 , Est Remaining: 62.9
300 401.7 , Est Remaining: 61.6
301 403.1 , Est Remaining: 60.3
302 404.5 , Est Remaining: 58.9
303 405.9 , Est Remaining: 57.6
EVENT FAILED
303 406.2 , Est Remaining: 57.6
304 407.5 , Est Remaining: 56.3
305 408.8 , Est Remaining: 55.0
306 410.2 , Est Remaining: 53.6
307 411.5 , Est Remaining: 52.3
308 412.8 , Est Remaining: 50.9
309 414.2 , Est Remaining: 49.6
310 415.5 , Est Remaining: 48.3
311 416.9 , Est Remaining: 46.9
312 418.2 , Est Remaining: 45.6
313 419.5 , Est Remaining: 44.2
314 420.9 , Est Remaining: 42.9
315 422.2 , Est Remaining: 41.5
EVENT FAILED
315 422.5 , Est Remaining: 41.6
316 423.8 , Est Remaining: 40.2
317 425.1 , Est Remaining: 38.9
318 426.4 , Est Remaining: 37.5
319 427.8 , Est Remaining: 36.2
320 429.1 , Est Remaining: 34.9
321 430.4 , Est Remaining: 33.5
322 431.6 , Est Remaining: 32.2
323 432.9 , Est Remaining: 30.8
324 434.2 , Est Remaining: 29.5
325 435.5 , Est Remaining: 28.1
326 436.8 , Est Remaining: 26.8
327 438.1 , Est Remaining: 25.5
328 439.3 , Est Remaining: 24.1
329 440.6 , Est Remaining: 22.8
330 441.9 , Est Remaining: 21.4
331 443.2 , Est Remaining: 20.1
332 444.5 , Est Remaining: 18.7
333 445.7 , Est Remaining: 17.4
334 447.0 , Est Remaining: 16.1
335 448.3 , Est Remaining: 14.7
336 449.6 , Est Remaining: 13.4
337 450.8 , Est Remaining: 12.0
338 452.1 , Est Remaining: 10.7
339 453.3 , Est Remaining: 9.4
340 454.6 , Est Remaining: 8.0
