Note: NumExpr detected 32 cores but "NUMEXPR_MAX_THREADS" not set, so enforcing safe limit of 8.
Using selector: EpollSelector
/n/home02/jhaefner/miniconda/envs/IC-3.7-2020-06-16/lib/python3.7/site-packages/scipy/optimize/minpack.py:808: OptimizeWarning: Covariance of the parameters could not be estimated
  category=OptimizeWarning)
Total rwfs: 346
0 0.0 , Est Remaining: 999999.9
1 1.5 , Est Remaining: 522.9
2 3.0 , Est Remaining: 519.0
3 4.5 , Est Remaining: 519.2
4 6.0 , Est Remaining: 514.5
5 7.5 , Est Remaining: 510.4
6 8.9 , Est Remaining: 506.8
7 10.3 , Est Remaining: 498.3
8 11.7 , Est Remaining: 495.8
9 13.2 , Est Remaining: 493.9
10 14.7 , Est Remaining: 492.8
11 16.1 , Est Remaining: 490.9
12 17.6 , Est Remaining: 489.1
13 19.0 , Est Remaining: 487.0
14 20.5 , Est Remaining: 485.1
15 21.9 , Est Remaining: 483.5
16 23.4 , Est Remaining: 482.0
17 24.8 , Est Remaining: 480.4
18 26.3 , Est Remaining: 478.8
19 27.7 , Est Remaining: 477.0
20 29.2 , Est Remaining: 475.6
21 30.7 , Est Remaining: 474.5
22 32.1 , Est Remaining: 473.0
23 33.6 , Est Remaining: 471.2
24 35.0 , Est Remaining: 469.7
25 36.5 , Est Remaining: 468.2
26 37.9 , Est Remaining: 466.6
27 39.2 , Est Remaining: 463.7
28 40.7 , Est Remaining: 462.3
29 42.1 , Est Remaining: 460.7
30 43.6 , Est Remaining: 459.1
31 45.0 , Est Remaining: 457.6
32 46.5 , Est Remaining: 456.1
33 47.9 , Est Remaining: 454.7
34 49.3 , Est Remaining: 452.8
35 50.8 , Est Remaining: 451.2
36 52.2 , Est Remaining: 449.8
37 53.7 , Est Remaining: 448.2
EVENT FAILED
37 54.1 , Est Remaining: 452.1
38 55.6 , Est Remaining: 451.0
39 57.1 , Est Remaining: 449.7
40 58.6 , Est Remaining: 448.2
41 60.1 , Est Remaining: 446.8
EVENT FAILED
41 60.4 , Est Remaining: 449.1
42 61.8 , Est Remaining: 447.6
43 63.3 , Est Remaining: 446.1
44 64.8 , Est Remaining: 444.6
45 66.3 , Est Remaining: 443.2
46 67.7 , Est Remaining: 441.8
47 69.2 , Est Remaining: 440.4
48 70.7 , Est Remaining: 439.0
49 72.2 , Est Remaining: 437.5
50 73.7 , Est Remaining: 436.1
51 75.1 , Est Remaining: 434.6
52 76.6 , Est Remaining: 433.2
53 78.1 , Est Remaining: 431.8
54 79.6 , Est Remaining: 430.4
55 81.1 , Est Remaining: 428.9
56 82.5 , Est Remaining: 427.5
EVENT FAILED
56 82.9 , Est Remaining: 429.1
57 84.3 , Est Remaining: 427.5
58 85.8 , Est Remaining: 425.9
59 87.3 , Est Remaining: 424.4
60 88.6 , Est Remaining: 422.4
61 90.1 , Est Remaining: 420.8
62 91.5 , Est Remaining: 419.2
63 93.0 , Est Remaining: 417.7
64 94.4 , Est Remaining: 416.1
65 95.9 , Est Remaining: 414.6
66 97.4 , Est Remaining: 413.0
67 98.8 , Est Remaining: 411.4
68 100.2 , Est Remaining: 409.8
69 101.7 , Est Remaining: 408.4
70 103.2 , Est Remaining: 407.0
71 104.7 , Est Remaining: 405.4
72 106.1 , Est Remaining: 403.9
73 107.6 , Est Remaining: 402.4
74 109.0 , Est Remaining: 400.8
75 110.5 , Est Remaining: 399.4
76 112.0 , Est Remaining: 397.9
77 113.5 , Est Remaining: 396.5
78 115.0 , Est Remaining: 395.0
79 116.4 , Est Remaining: 393.5
80 117.9 , Est Remaining: 392.0
81 119.4 , Est Remaining: 390.6
EVENT FAILED
81 119.7 , Est Remaining: 391.6
82 121.2 , Est Remaining: 390.1
83 122.6 , Est Remaining: 388.4
84 124.1 , Est Remaining: 387.0
85 125.5 , Est Remaining: 385.4
86 127.0 , Est Remaining: 383.9
87 128.4 , Est Remaining: 382.3
88 129.9 , Est Remaining: 380.8
89 131.3 , Est Remaining: 379.3
90 132.8 , Est Remaining: 377.7
91 134.3 , Est Remaining: 376.3
92 135.7 , Est Remaining: 374.8
93 137.2 , Est Remaining: 373.3
94 138.7 , Est Remaining: 371.8
95 140.1 , Est Remaining: 370.2
96 141.6 , Est Remaining: 368.7
97 143.1 , Est Remaining: 367.2
98 144.5 , Est Remaining: 365.7
99 146.0 , Est Remaining: 364.3
100 147.5 , Est Remaining: 362.8
101 149.0 , Est Remaining: 361.4
102 150.4 , Est Remaining: 359.9
103 152.0 , Est Remaining: 358.6
104 153.5 , Est Remaining: 357.2
105 155.0 , Est Remaining: 355.8
106 156.5 , Est Remaining: 354.3
107 158.0 , Est Remaining: 352.9
108 159.5 , Est Remaining: 351.5
109 161.0 , Est Remaining: 350.1
110 162.5 , Est Remaining: 348.7
111 164.0 , Est Remaining: 347.2
112 165.5 , Est Remaining: 345.8
113 167.0 , Est Remaining: 344.3
114 168.5 , Est Remaining: 342.8
115 170.0 , Est Remaining: 341.4
116 171.5 , Est Remaining: 340.0
117 173.0 , Est Remaining: 338.5
118 174.4 , Est Remaining: 337.1
119 175.9 , Est Remaining: 335.6
120 177.4 , Est Remaining: 334.1
121 178.9 , Est Remaining: 332.6
122 180.4 , Est Remaining: 331.1
123 181.8 , Est Remaining: 329.6
124 183.3 , Est Remaining: 328.1
125 184.7 , Est Remaining: 326.6
126 186.2 , Est Remaining: 325.1
127 187.7 , Est Remaining: 323.6
128 189.1 , Est Remaining: 322.1
129 190.6 , Est Remaining: 320.6
130 192.0 , Est Remaining: 319.1
131 193.5 , Est Remaining: 317.6
132 194.9 , Est Remaining: 316.0
133 196.4 , Est Remaining: 314.5
EVENT FAILED
133 196.7 , Est Remaining: 315.0
134 198.1 , Est Remaining: 313.4
135 199.5 , Est Remaining: 311.8
136 200.9 , Est Remaining: 310.2
137 202.3 , Est Remaining: 308.6
138 203.7 , Est Remaining: 307.0
139 205.1 , Est Remaining: 305.4
140 206.5 , Est Remaining: 303.9
141 207.9 , Est Remaining: 302.3
142 209.3 , Est Remaining: 300.7
143 210.7 , Est Remaining: 299.1
144 212.1 , Est Remaining: 297.6
145 213.5 , Est Remaining: 296.0
146 214.9 , Est Remaining: 294.4
147 216.4 , Est Remaining: 292.9
148 217.8 , Est Remaining: 291.3
149 219.2 , Est Remaining: 289.8
150 220.6 , Est Remaining: 288.3
151 222.0 , Est Remaining: 286.7
152 223.4 , Est Remaining: 285.1
153 224.8 , Est Remaining: 283.5
154 226.1 , Est Remaining: 281.9
155 227.5 , Est Remaining: 280.4
156 228.9 , Est Remaining: 278.8
157 230.3 , Est Remaining: 277.2
158 231.7 , Est Remaining: 275.6
159 233.1 , Est Remaining: 274.1
160 234.4 , Est Remaining: 272.5
161 235.8 , Est Remaining: 270.9
162 237.2 , Est Remaining: 269.4
163 238.5 , Est Remaining: 267.8
164 239.9 , Est Remaining: 266.2
165 241.2 , Est Remaining: 264.6
166 242.6 , Est Remaining: 263.1
167 244.0 , Est Remaining: 261.5
168 245.3 , Est Remaining: 260.0
169 246.7 , Est Remaining: 258.4
170 248.0 , Est Remaining: 256.8
171 249.4 , Est Remaining: 255.2
172 250.8 , Est Remaining: 253.7
173 252.1 , Est Remaining: 252.1
174 253.5 , Est Remaining: 250.6
175 254.9 , Est Remaining: 249.1
176 256.2 , Est Remaining: 247.5
177 257.6 , Est Remaining: 246.0
178 259.0 , Est Remaining: 244.4
179 260.3 , Est Remaining: 242.9
180 261.7 , Est Remaining: 241.3
181 263.1 , Est Remaining: 239.8
182 264.4 , Est Remaining: 238.3
183 265.8 , Est Remaining: 236.8
184 267.2 , Est Remaining: 235.2
185 268.5 , Est Remaining: 233.7
186 269.9 , Est Remaining: 232.2
187 271.3 , Est Remaining: 230.6
188 272.6 , Est Remaining: 229.1
189 274.0 , Est Remaining: 227.6
190 275.3 , Est Remaining: 226.0
191 276.7 , Est Remaining: 224.5
192 278.0 , Est Remaining: 223.0
193 279.4 , Est Remaining: 221.5
194 280.7 , Est Remaining: 219.9
195 282.0 , Est Remaining: 218.4
196 283.3 , Est Remaining: 216.8
197 284.7 , Est Remaining: 215.3
198 286.0 , Est Remaining: 213.8
199 287.3 , Est Remaining: 212.2
200 288.7 , Est Remaining: 210.7
201 290.0 , Est Remaining: 209.2
202 291.3 , Est Remaining: 207.7
203 292.7 , Est Remaining: 206.2
204 294.1 , Est Remaining: 204.7
205 295.4 , Est Remaining: 203.2
206 296.7 , Est Remaining: 201.7
207 298.1 , Est Remaining: 200.1
208 299.4 , Est Remaining: 198.6
209 300.7 , Est Remaining: 197.1
210 302.0 , Est Remaining: 195.6
211 303.4 , Est Remaining: 194.1
212 304.7 , Est Remaining: 192.6
EVENT FAILED
212 305.0 , Est Remaining: 192.8
213 306.4 , Est Remaining: 191.3
214 307.7 , Est Remaining: 189.8
215 309.1 , Est Remaining: 188.3
216 310.4 , Est Remaining: 186.8
217 311.7 , Est Remaining: 185.3
218 313.1 , Est Remaining: 183.8
219 314.4 , Est Remaining: 182.3
220 315.8 , Est Remaining: 180.9
221 317.1 , Est Remaining: 179.4
222 318.5 , Est Remaining: 177.9
223 319.9 , Est Remaining: 176.4
224 321.2 , Est Remaining: 174.9
225 322.6 , Est Remaining: 173.5
226 323.9 , Est Remaining: 172.0
227 325.3 , Est Remaining: 170.5
228 326.6 , Est Remaining: 169.1
229 328.0 , Est Remaining: 167.6
230 329.4 , Est Remaining: 166.1
231 330.7 , Est Remaining: 164.6
232 332.0 , Est Remaining: 163.2
233 333.4 , Est Remaining: 161.7
234 334.7 , Est Remaining: 160.2
235 336.1 , Est Remaining: 158.7
236 337.4 , Est Remaining: 157.3
237 338.8 , Est Remaining: 155.8
238 340.1 , Est Remaining: 154.4
239 341.5 , Est Remaining: 152.9
240 342.9 , Est Remaining: 151.4
241 344.2 , Est Remaining: 150.0
242 345.5 , Est Remaining: 148.5
243 346.9 , Est Remaining: 147.0
244 348.2 , Est Remaining: 145.6
245 349.5 , Est Remaining: 144.1
246 350.8 , Est Remaining: 142.6
247 352.1 , Est Remaining: 141.1
248 353.5 , Est Remaining: 139.7
249 354.8 , Est Remaining: 138.2
250 356.1 , Est Remaining: 136.8
251 357.5 , Est Remaining: 135.3
252 358.8 , Est Remaining: 133.8
253 360.1 , Est Remaining: 132.4
254 361.5 , Est Remaining: 130.9
255 362.8 , Est Remaining: 129.5
256 364.1 , Est Remaining: 128.0
257 365.4 , Est Remaining: 126.5
258 366.7 , Est Remaining: 125.1
259 368.0 , Est Remaining: 123.6
260 369.3 , Est Remaining: 122.2
261 370.6 , Est Remaining: 120.7
262 371.9 , Est Remaining: 119.2
263 373.2 , Est Remaining: 117.8
264 374.5 , Est Remaining: 116.3
265 375.8 , Est Remaining: 114.9
266 377.1 , Est Remaining: 113.4
267 378.4 , Est Remaining: 112.0
268 379.8 , Est Remaining: 110.5
269 381.1 , Est Remaining: 109.1
270 382.4 , Est Remaining: 107.6
271 383.8 , Est Remaining: 106.2
272 385.1 , Est Remaining: 104.8
273 386.4 , Est Remaining: 103.3
274 387.7 , Est Remaining: 101.9
275 389.1 , Est Remaining: 100.5
276 390.4 , Est Remaining: 99.0
277 391.7 , Est Remaining: 97.6
278 393.0 , Est Remaining: 96.1
279 394.4 , Est Remaining: 94.7
280 395.7 , Est Remaining: 93.3
281 397.0 , Est Remaining: 91.8
282 398.3 , Est Remaining: 90.4
283 399.7 , Est Remaining: 89.0
284 401.0 , Est Remaining: 87.5
285 402.3 , Est Remaining: 86.1
286 403.7 , Est Remaining: 84.7
287 405.0 , Est Remaining: 83.3
288 406.4 , Est Remaining: 81.8
289 407.7 , Est Remaining: 80.4
290 409.1 , Est Remaining: 79.0
291 410.4 , Est Remaining: 77.6
292 411.8 , Est Remaining: 76.2
293 413.2 , Est Remaining: 74.7
294 414.5 , Est Remaining: 73.3
295 415.9 , Est Remaining: 71.9
296 417.3 , Est Remaining: 70.5
297 418.6 , Est Remaining: 69.1
298 420.0 , Est Remaining: 67.6
299 421.4 , Est Remaining: 66.2
300 422.7 , Est Remaining: 64.8
EVENT FAILED
300 423.1 , Est Remaining: 64.9
301 424.4 , Est Remaining: 63.4
302 425.9 , Est Remaining: 62.1
303 427.2 , Est Remaining: 60.6
304 428.6 , Est Remaining: 59.2
305 429.9 , Est Remaining: 57.8
306 431.2 , Est Remaining: 56.4
307 432.6 , Est Remaining: 55.0
308 433.9 , Est Remaining: 53.5
309 435.2 , Est Remaining: 52.1
310 436.5 , Est Remaining: 50.7
311 437.8 , Est Remaining: 49.3
312 439.1 , Est Remaining: 47.9
313 440.4 , Est Remaining: 46.4
314 441.7 , Est Remaining: 45.0
315 443.0 , Est Remaining: 43.6
316 444.3 , Est Remaining: 42.2
317 445.5 , Est Remaining: 40.8
318 446.8 , Est Remaining: 39.3
319 448.2 , Est Remaining: 37.9
320 449.5 , Est Remaining: 36.5
321 450.7 , Est Remaining: 35.1
322 452.0 , Est Remaining: 33.7
323 453.3 , Est Remaining: 32.3
EVENT FAILED
323 453.6 , Est Remaining: 32.3
324 454.8 , Est Remaining: 30.9
325 456.1 , Est Remaining: 29.5
326 457.4 , Est Remaining: 28.1
EVENT FAILED
326 457.7 , Est Remaining: 28.1
327 459.0 , Est Remaining: 26.7
328 460.2 , Est Remaining: 25.3
329 461.5 , Est Remaining: 23.8
330 462.8 , Est Remaining: 22.4
331 464.1 , Est Remaining: 21.0
332 465.3 , Est Remaining: 19.6
333 466.7 , Est Remaining: 18.2
334 467.9 , Est Remaining: 16.8
335 469.2 , Est Remaining: 15.4
336 470.5 , Est Remaining: 14.0
