Note: NumExpr detected 32 cores but "NUMEXPR_MAX_THREADS" not set, so enforcing safe limit of 8.
Using selector: EpollSelector
/n/home02/jhaefner/miniconda/envs/IC-3.7-2020-06-16/lib/python3.7/site-packages/scipy/optimize/minpack.py:808: OptimizeWarning: Covariance of the parameters could not be estimated
  category=OptimizeWarning)
Total rwfs: 346
0 0.0 , Est Remaining: 999999.9
1 1.4 , Est Remaining: 476.9
2 2.8 , Est Remaining: 476.1
3 4.2 , Est Remaining: 477.0
4 5.5 , Est Remaining: 470.0
5 6.9 , Est Remaining: 468.1
6 8.2 , Est Remaining: 465.4
7 9.6 , Est Remaining: 462.8
8 10.9 , Est Remaining: 461.7
9 12.3 , Est Remaining: 460.3
10 13.7 , Est Remaining: 458.9
11 15.0 , Est Remaining: 457.4
12 16.4 , Est Remaining: 456.5
13 17.8 , Est Remaining: 455.6
14 19.2 , Est Remaining: 454.7
15 20.6 , Est Remaining: 454.0
16 22.0 , Est Remaining: 453.4
17 23.4 , Est Remaining: 452.6
18 24.8 , Est Remaining: 451.5
19 26.2 , Est Remaining: 450.3
20 27.6 , Est Remaining: 449.5
21 29.0 , Est Remaining: 448.4
22 30.4 , Est Remaining: 447.3
23 31.8 , Est Remaining: 446.0
24 33.2 , Est Remaining: 444.8
25 34.5 , Est Remaining: 443.5
26 35.9 , Est Remaining: 442.3
27 37.3 , Est Remaining: 441.1
28 38.7 , Est Remaining: 439.9
29 40.1 , Est Remaining: 438.5
30 41.5 , Est Remaining: 437.4
31 42.9 , Est Remaining: 436.1
32 44.3 , Est Remaining: 435.1
33 45.8 , Est Remaining: 434.1
34 47.2 , Est Remaining: 433.1
35 48.6 , Est Remaining: 432.1
36 50.1 , Est Remaining: 431.2
37 51.5 , Est Remaining: 430.2
38 52.9 , Est Remaining: 429.1
39 54.4 , Est Remaining: 428.0
40 55.8 , Est Remaining: 427.0
41 57.3 , Est Remaining: 425.9
42 58.7 , Est Remaining: 424.8
43 60.1 , Est Remaining: 423.7
44 61.5 , Est Remaining: 422.4
45 63.0 , Est Remaining: 421.4
46 64.5 , Est Remaining: 420.5
47 65.9 , Est Remaining: 419.5
48 67.4 , Est Remaining: 418.5
49 68.9 , Est Remaining: 417.4
50 70.3 , Est Remaining: 416.2
51 71.8 , Est Remaining: 415.0
52 73.2 , Est Remaining: 413.8
53 74.6 , Est Remaining: 412.6
54 76.0 , Est Remaining: 411.2
55 77.5 , Est Remaining: 410.0
56 78.9 , Est Remaining: 408.7
57 80.4 , Est Remaining: 407.5
58 81.8 , Est Remaining: 406.1
59 83.2 , Est Remaining: 404.8
60 84.6 , Est Remaining: 403.5
61 86.1 , Est Remaining: 402.2
62 87.5 , Est Remaining: 400.9
63 88.9 , Est Remaining: 399.5
64 90.4 , Est Remaining: 398.2
65 91.8 , Est Remaining: 396.8
66 93.2 , Est Remaining: 395.5
67 94.7 , Est Remaining: 394.2
68 96.1 , Est Remaining: 392.8
69 97.5 , Est Remaining: 391.5
70 99.0 , Est Remaining: 390.2
71 100.4 , Est Remaining: 388.8
72 101.8 , Est Remaining: 387.6
73 103.3 , Est Remaining: 386.2
EVENT FAILED
73 103.6 , Est Remaining: 387.4
74 105.0 , Est Remaining: 386.0
75 106.5 , Est Remaining: 384.7
76 107.9 , Est Remaining: 383.3
77 109.3 , Est Remaining: 381.9
78 110.8 , Est Remaining: 380.5
79 112.2 , Est Remaining: 379.2
80 113.6 , Est Remaining: 377.8
81 115.0 , Est Remaining: 376.3
82 116.5 , Est Remaining: 375.0
83 117.9 , Est Remaining: 373.7
84 119.4 , Est Remaining: 372.3
85 120.8 , Est Remaining: 371.0
86 122.3 , Est Remaining: 369.6
87 123.7 , Est Remaining: 368.2
88 125.1 , Est Remaining: 366.8
89 126.6 , Est Remaining: 365.5
90 128.0 , Est Remaining: 364.1
91 129.5 , Est Remaining: 362.8
92 130.9 , Est Remaining: 361.5
93 132.4 , Est Remaining: 360.1
94 133.8 , Est Remaining: 358.7
95 135.3 , Est Remaining: 357.3
96 136.7 , Est Remaining: 356.0
97 138.1 , Est Remaining: 354.6
98 139.6 , Est Remaining: 353.2
99 141.0 , Est Remaining: 351.9
100 142.5 , Est Remaining: 350.5
101 143.9 , Est Remaining: 349.1
102 145.4 , Est Remaining: 347.7
103 146.9 , Est Remaining: 346.5
104 148.3 , Est Remaining: 345.1
105 149.8 , Est Remaining: 343.7
106 151.2 , Est Remaining: 342.3
107 152.6 , Est Remaining: 340.9
108 154.0 , Est Remaining: 339.5
109 155.5 , Est Remaining: 338.0
110 156.9 , Est Remaining: 336.6
111 158.3 , Est Remaining: 335.1
112 159.7 , Est Remaining: 333.7
113 161.1 , Est Remaining: 332.2
114 162.5 , Est Remaining: 330.7
115 163.9 , Est Remaining: 329.3
116 165.4 , Est Remaining: 327.9
117 166.8 , Est Remaining: 326.5
118 168.2 , Est Remaining: 325.0
119 169.6 , Est Remaining: 323.6
120 171.1 , Est Remaining: 322.2
121 172.5 , Est Remaining: 320.8
122 173.9 , Est Remaining: 319.3
123 175.4 , Est Remaining: 317.9
124 176.8 , Est Remaining: 316.5
125 178.2 , Est Remaining: 315.1
126 179.7 , Est Remaining: 313.7
127 181.1 , Est Remaining: 312.3
128 182.6 , Est Remaining: 310.9
129 184.0 , Est Remaining: 309.5
130 185.4 , Est Remaining: 308.1
131 186.8 , Est Remaining: 306.6
132 188.2 , Est Remaining: 305.2
133 189.6 , Est Remaining: 303.7
134 191.1 , Est Remaining: 302.3
135 192.5 , Est Remaining: 300.8
136 193.9 , Est Remaining: 299.4
137 195.3 , Est Remaining: 297.9
138 196.6 , Est Remaining: 296.4
139 198.0 , Est Remaining: 294.9
140 199.4 , Est Remaining: 293.4
141 200.8 , Est Remaining: 291.9
142 202.2 , Est Remaining: 290.4
143 203.5 , Est Remaining: 288.9
144 204.9 , Est Remaining: 287.5
145 206.3 , Est Remaining: 286.0
146 207.7 , Est Remaining: 284.6
147 209.1 , Est Remaining: 283.1
148 210.5 , Est Remaining: 281.6
149 211.9 , Est Remaining: 280.1
150 213.3 , Est Remaining: 278.7
151 214.7 , Est Remaining: 277.2
152 216.1 , Est Remaining: 275.8
153 217.5 , Est Remaining: 274.3
154 218.9 , Est Remaining: 272.9
155 220.2 , Est Remaining: 271.4
156 221.7 , Est Remaining: 270.0
157 223.0 , Est Remaining: 268.5
158 224.4 , Est Remaining: 267.0
159 225.8 , Est Remaining: 265.6
160 227.2 , Est Remaining: 264.1
161 228.6 , Est Remaining: 262.7
162 230.0 , Est Remaining: 261.3
163 231.4 , Est Remaining: 259.8
164 232.8 , Est Remaining: 258.4
165 234.2 , Est Remaining: 256.9
166 235.6 , Est Remaining: 255.5
167 237.0 , Est Remaining: 254.0
168 238.4 , Est Remaining: 252.5
169 239.7 , Est Remaining: 251.1
170 241.1 , Est Remaining: 249.6
171 242.5 , Est Remaining: 248.2
172 243.9 , Est Remaining: 246.7
173 245.3 , Est Remaining: 245.3
174 246.7 , Est Remaining: 243.8
175 248.1 , Est Remaining: 242.4
176 249.4 , Est Remaining: 240.9
177 250.8 , Est Remaining: 239.5
178 252.2 , Est Remaining: 238.0
179 253.6 , Est Remaining: 236.6
180 255.0 , Est Remaining: 235.1
EVENT FAILED
180 255.3 , Est Remaining: 235.4
181 256.6 , Est Remaining: 233.9
182 258.0 , Est Remaining: 232.5
183 259.4 , Est Remaining: 231.0
184 260.8 , Est Remaining: 229.6
185 262.1 , Est Remaining: 228.1
186 263.5 , Est Remaining: 226.7
187 264.9 , Est Remaining: 225.3
188 266.3 , Est Remaining: 223.8
189 267.7 , Est Remaining: 222.4
190 269.1 , Est Remaining: 220.9
191 270.5 , Est Remaining: 219.5
192 271.9 , Est Remaining: 218.1
193 273.2 , Est Remaining: 216.6
194 274.5 , Est Remaining: 215.1
195 275.9 , Est Remaining: 213.6
196 277.3 , Est Remaining: 212.2
197 278.7 , Est Remaining: 210.8
198 280.1 , Est Remaining: 209.4
199 281.5 , Est Remaining: 207.9
EVENT FAILED
199 281.8 , Est Remaining: 208.2
200 283.2 , Est Remaining: 206.7
201 284.6 , Est Remaining: 205.3
202 286.0 , Est Remaining: 203.9
203 287.6 , Est Remaining: 202.6
204 289.0 , Est Remaining: 201.2
205 290.4 , Est Remaining: 199.7
206 291.8 , Est Remaining: 198.3
207 293.3 , Est Remaining: 196.9
208 294.7 , Est Remaining: 195.5
209 296.1 , Est Remaining: 194.1
210 297.5 , Est Remaining: 192.7
211 298.9 , Est Remaining: 191.2
212 300.3 , Est Remaining: 189.8
213 301.8 , Est Remaining: 188.4
214 303.2 , Est Remaining: 187.0
215 304.6 , Est Remaining: 185.6
216 306.1 , Est Remaining: 184.2
217 307.5 , Est Remaining: 182.8
218 308.9 , Est Remaining: 181.4
219 310.4 , Est Remaining: 180.0
220 311.8 , Est Remaining: 178.6
221 313.3 , Est Remaining: 177.2
222 314.7 , Est Remaining: 175.8
223 316.1 , Est Remaining: 174.4
224 317.5 , Est Remaining: 172.9
225 319.0 , Est Remaining: 171.5
226 320.4 , Est Remaining: 170.1
227 321.8 , Est Remaining: 168.7
228 323.2 , Est Remaining: 167.3
229 324.7 , Est Remaining: 165.9
230 326.1 , Est Remaining: 164.5
231 327.5 , Est Remaining: 163.0
232 328.9 , Est Remaining: 161.6
233 330.3 , Est Remaining: 160.2
234 331.7 , Est Remaining: 158.8
235 333.2 , Est Remaining: 157.4
236 334.6 , Est Remaining: 155.9
237 336.0 , Est Remaining: 154.5
238 337.4 , Est Remaining: 153.1
239 338.8 , Est Remaining: 151.7
240 340.2 , Est Remaining: 150.3
241 341.6 , Est Remaining: 148.8
242 343.0 , Est Remaining: 147.4
243 344.5 , Est Remaining: 146.0
244 345.9 , Est Remaining: 144.6
245 347.3 , Est Remaining: 143.2
246 348.8 , Est Remaining: 141.8
247 350.2 , Est Remaining: 140.4
248 351.6 , Est Remaining: 139.0
249 353.1 , Est Remaining: 137.5
250 354.5 , Est Remaining: 136.1
251 356.0 , Est Remaining: 134.7
252 357.4 , Est Remaining: 133.3
253 358.8 , Est Remaining: 131.9
254 360.3 , Est Remaining: 130.5
255 361.7 , Est Remaining: 129.1
256 363.2 , Est Remaining: 127.7
257 364.6 , Est Remaining: 126.3
258 366.0 , Est Remaining: 124.8
EVENT FAILED
258 366.4 , Est Remaining: 125.0
EVENT FAILED
258 366.7 , Est Remaining: 125.1
259 368.1 , Est Remaining: 123.7
260 369.6 , Est Remaining: 122.2
261 371.0 , Est Remaining: 120.8
EVENT FAILED
261 371.3 , Est Remaining: 120.9
262 372.7 , Est Remaining: 119.5
263 374.2 , Est Remaining: 118.1
264 375.6 , Est Remaining: 116.7
265 377.0 , Est Remaining: 115.2
266 378.4 , Est Remaining: 113.8
267 379.9 , Est Remaining: 112.4
268 381.3 , Est Remaining: 111.0
269 382.7 , Est Remaining: 109.5
270 384.1 , Est Remaining: 108.1
271 385.5 , Est Remaining: 106.7
272 387.0 , Est Remaining: 105.3
273 388.4 , Est Remaining: 103.9
274 389.8 , Est Remaining: 102.4
275 391.3 , Est Remaining: 101.0
276 392.8 , Est Remaining: 99.6
277 394.2 , Est Remaining: 98.2
278 395.6 , Est Remaining: 96.8
279 397.1 , Est Remaining: 95.4
280 398.5 , Est Remaining: 93.9
281 400.0 , Est Remaining: 92.5
282 401.4 , Est Remaining: 91.1
283 402.9 , Est Remaining: 89.7
284 404.3 , Est Remaining: 88.3
285 405.8 , Est Remaining: 86.9
286 407.2 , Est Remaining: 85.4
287 408.7 , Est Remaining: 84.0
288 410.2 , Est Remaining: 82.6
289 411.6 , Est Remaining: 81.2
290 413.1 , Est Remaining: 79.8
291 414.5 , Est Remaining: 78.3
292 416.0 , Est Remaining: 76.9
293 417.4 , Est Remaining: 75.5
294 418.9 , Est Remaining: 74.1
295 420.3 , Est Remaining: 72.7
296 421.8 , Est Remaining: 71.2
297 423.2 , Est Remaining: 69.8
EVENT FAILED
297 423.6 , Est Remaining: 69.9
298 425.0 , Est Remaining: 68.5
299 426.5 , Est Remaining: 67.0
300 427.9 , Est Remaining: 65.6
301 429.4 , Est Remaining: 64.2
302 431.0 , Est Remaining: 62.8
303 432.4 , Est Remaining: 61.4
304 433.9 , Est Remaining: 59.9
EVENT FAILED
304 434.2 , Est Remaining: 60.0
305 435.6 , Est Remaining: 58.6
306 437.1 , Est Remaining: 57.1
307 438.5 , Est Remaining: 55.7
308 439.9 , Est Remaining: 54.3
309 441.4 , Est Remaining: 52.9
310 442.8 , Est Remaining: 51.4
311 444.3 , Est Remaining: 50.0
312 445.8 , Est Remaining: 48.6
313 447.2 , Est Remaining: 47.2
314 448.7 , Est Remaining: 45.7
315 450.2 , Est Remaining: 44.3
316 451.6 , Est Remaining: 42.9
317 453.1 , Est Remaining: 41.5
318 454.6 , Est Remaining: 40.0
319 456.0 , Est Remaining: 38.6
320 457.5 , Est Remaining: 37.2
321 459.0 , Est Remaining: 35.7
322 460.4 , Est Remaining: 34.3
323 461.9 , Est Remaining: 32.9
324 463.3 , Est Remaining: 31.5
325 464.8 , Est Remaining: 30.0
326 466.2 , Est Remaining: 28.6
327 467.7 , Est Remaining: 27.2
328 469.1 , Est Remaining: 25.7
329 470.5 , Est Remaining: 24.3
330 472.0 , Est Remaining: 22.9
331 473.4 , Est Remaining: 21.5
332 474.8 , Est Remaining: 20.0
333 476.3 , Est Remaining: 18.6
334 477.7 , Est Remaining: 17.2
335 479.1 , Est Remaining: 15.7
336 480.5 , Est Remaining: 14.3
337 482.0 , Est Remaining: 12.9
