Note: NumExpr detected 32 cores but "NUMEXPR_MAX_THREADS" not set, so enforcing safe limit of 8.
Using selector: EpollSelector
/n/home02/jhaefner/miniconda/envs/IC-3.7-2020-06-16/lib/python3.7/site-packages/scipy/optimize/minpack.py:808: OptimizeWarning: Covariance of the parameters could not be estimated
  category=OptimizeWarning)
Total rwfs: 346
0 0.0 , Est Remaining: 999999.9
1 1.5 , Est Remaining: 531.9
2 3.0 , Est Remaining: 523.7
3 4.6 , Est Remaining: 525.3
4 6.1 , Est Remaining: 523.0
5 7.6 , Est Remaining: 517.3
6 9.1 , Est Remaining: 513.6
7 10.5 , Est Remaining: 509.4
8 12.0 , Est Remaining: 506.7
9 13.5 , Est Remaining: 505.1
10 15.0 , Est Remaining: 502.8
11 16.4 , Est Remaining: 499.9
12 17.9 , Est Remaining: 497.8
13 19.3 , Est Remaining: 495.4
14 20.8 , Est Remaining: 493.3
15 22.3 , Est Remaining: 491.1
16 23.7 , Est Remaining: 488.9
17 25.2 , Est Remaining: 486.8
18 26.6 , Est Remaining: 485.5
19 28.1 , Est Remaining: 483.9
20 29.6 , Est Remaining: 482.5
21 31.1 , Est Remaining: 480.7
22 32.5 , Est Remaining: 478.9
23 34.0 , Est Remaining: 477.5
24 35.5 , Est Remaining: 475.7
25 36.9 , Est Remaining: 474.1
26 38.4 , Est Remaining: 472.6
27 39.9 , Est Remaining: 471.1
28 41.3 , Est Remaining: 469.5
29 42.8 , Est Remaining: 467.9
30 44.3 , Est Remaining: 466.4
31 45.8 , Est Remaining: 464.9
32 47.2 , Est Remaining: 463.4
33 48.7 , Est Remaining: 461.9
34 50.2 , Est Remaining: 460.5
35 51.6 , Est Remaining: 458.9
36 53.1 , Est Remaining: 457.1
37 54.5 , Est Remaining: 455.5
38 56.0 , Est Remaining: 454.0
39 57.5 , Est Remaining: 452.4
40 58.9 , Est Remaining: 450.7
41 60.4 , Est Remaining: 449.1
42 61.8 , Est Remaining: 447.6
43 63.3 , Est Remaining: 446.0
44 64.8 , Est Remaining: 444.4
45 66.2 , Est Remaining: 442.8
46 67.7 , Est Remaining: 441.4
47 69.1 , Est Remaining: 439.8
48 70.6 , Est Remaining: 438.3
49 72.1 , Est Remaining: 436.8
50 73.5 , Est Remaining: 435.3
51 75.0 , Est Remaining: 433.8
52 76.5 , Est Remaining: 432.3
53 77.9 , Est Remaining: 430.8
54 79.4 , Est Remaining: 429.3
55 80.9 , Est Remaining: 427.8
56 82.3 , Est Remaining: 426.4
57 83.8 , Est Remaining: 424.9
58 85.3 , Est Remaining: 423.5
59 86.7 , Est Remaining: 422.0
60 88.2 , Est Remaining: 420.5
61 89.7 , Est Remaining: 418.9
62 91.1 , Est Remaining: 417.4
63 92.6 , Est Remaining: 416.0
64 94.1 , Est Remaining: 414.5
65 95.5 , Est Remaining: 413.0
66 97.0 , Est Remaining: 411.6
67 98.5 , Est Remaining: 410.1
68 99.9 , Est Remaining: 408.5
69 101.4 , Est Remaining: 407.0
70 102.9 , Est Remaining: 405.5
71 104.3 , Est Remaining: 404.0
72 105.8 , Est Remaining: 402.5
73 107.3 , Est Remaining: 401.1
74 108.7 , Est Remaining: 399.7
75 110.2 , Est Remaining: 398.2
76 111.7 , Est Remaining: 396.8
77 113.2 , Est Remaining: 395.3
78 114.6 , Est Remaining: 393.8
79 116.1 , Est Remaining: 392.4
80 117.6 , Est Remaining: 390.9
81 119.0 , Est Remaining: 389.5
82 120.5 , Est Remaining: 388.0
83 122.0 , Est Remaining: 386.6
84 123.5 , Est Remaining: 385.1
85 124.9 , Est Remaining: 383.6
86 126.4 , Est Remaining: 382.1
87 127.9 , Est Remaining: 380.6
88 129.3 , Est Remaining: 379.2
89 130.8 , Est Remaining: 377.7
90 132.3 , Est Remaining: 376.2
91 133.8 , Est Remaining: 374.9
92 135.2 , Est Remaining: 373.4
93 136.7 , Est Remaining: 371.8
94 138.1 , Est Remaining: 370.3
95 139.6 , Est Remaining: 368.8
96 141.1 , Est Remaining: 367.3
97 142.5 , Est Remaining: 365.8
EVENT FAILED
97 142.8 , Est Remaining: 366.6
98 144.2 , Est Remaining: 365.0
99 145.7 , Est Remaining: 363.4
100 147.1 , Est Remaining: 361.9
101 148.5 , Est Remaining: 360.3
102 150.0 , Est Remaining: 358.8
103 151.5 , Est Remaining: 357.4
104 152.9 , Est Remaining: 355.8
105 154.3 , Est Remaining: 354.3
106 155.8 , Est Remaining: 352.7
107 157.2 , Est Remaining: 351.2
108 158.6 , Est Remaining: 349.6
109 160.1 , Est Remaining: 348.1
110 161.5 , Est Remaining: 346.6
111 163.0 , Est Remaining: 345.0
112 164.4 , Est Remaining: 343.4
113 165.8 , Est Remaining: 341.9
114 167.2 , Est Remaining: 340.4
115 168.7 , Est Remaining: 338.8
116 170.1 , Est Remaining: 337.2
117 171.5 , Est Remaining: 335.7
118 172.9 , Est Remaining: 334.2
119 174.4 , Est Remaining: 332.6
120 175.8 , Est Remaining: 331.1
121 177.2 , Est Remaining: 329.5
122 178.6 , Est Remaining: 327.9
123 180.0 , Est Remaining: 326.4
124 181.4 , Est Remaining: 324.8
125 182.9 , Est Remaining: 323.3
126 184.3 , Est Remaining: 321.8
127 185.7 , Est Remaining: 320.2
128 187.1 , Est Remaining: 318.7
129 188.5 , Est Remaining: 317.1
130 189.9 , Est Remaining: 315.6
131 191.6 , Est Remaining: 314.5
132 193.0 , Est Remaining: 313.0
133 194.5 , Est Remaining: 311.4
134 195.9 , Est Remaining: 309.9
135 197.3 , Est Remaining: 308.3
136 198.7 , Est Remaining: 306.8
137 200.1 , Est Remaining: 305.2
138 201.5 , Est Remaining: 303.7
139 202.9 , Est Remaining: 302.1
140 204.3 , Est Remaining: 300.6
141 205.7 , Est Remaining: 299.1
142 207.1 , Est Remaining: 297.6
143 208.5 , Est Remaining: 296.0
144 210.0 , Est Remaining: 294.5
145 211.4 , Est Remaining: 293.0
146 212.8 , Est Remaining: 291.5
147 214.3 , Est Remaining: 290.1
148 215.7 , Est Remaining: 288.6
149 217.2 , Est Remaining: 287.1
150 218.6 , Est Remaining: 285.7
151 220.1 , Est Remaining: 284.2
152 221.5 , Est Remaining: 282.7
153 223.0 , Est Remaining: 281.3
154 224.4 , Est Remaining: 279.8
155 225.9 , Est Remaining: 278.3
156 227.3 , Est Remaining: 276.8
157 228.7 , Est Remaining: 275.3
158 230.2 , Est Remaining: 273.9
159 231.6 , Est Remaining: 272.4
160 233.0 , Est Remaining: 270.9
161 234.5 , Est Remaining: 269.4
162 235.9 , Est Remaining: 267.9
163 237.4 , Est Remaining: 266.5
164 238.8 , Est Remaining: 265.0
165 240.3 , Est Remaining: 263.6
166 241.7 , Est Remaining: 262.1
167 243.2 , Est Remaining: 260.6
168 244.6 , Est Remaining: 259.2
169 246.1 , Est Remaining: 257.7
170 247.5 , Est Remaining: 256.3
171 249.0 , Est Remaining: 254.8
EVENT FAILED
171 249.3 , Est Remaining: 255.1
172 250.7 , Est Remaining: 253.7
173 252.2 , Est Remaining: 252.2
174 253.7 , Est Remaining: 250.8
175 255.1 , Est Remaining: 249.3
176 256.6 , Est Remaining: 247.8
177 258.0 , Est Remaining: 246.3
178 259.5 , Est Remaining: 244.9
179 260.9 , Est Remaining: 243.4
180 262.3 , Est Remaining: 241.9
181 263.8 , Est Remaining: 240.5
182 265.2 , Est Remaining: 239.0
183 266.7 , Est Remaining: 237.5
184 268.1 , Est Remaining: 236.1
185 269.6 , Est Remaining: 234.6
EVENT FAILED
185 269.9 , Est Remaining: 234.9
186 271.3 , Est Remaining: 233.4
187 272.8 , Est Remaining: 231.9
EVENT FAILED
187 273.1 , Est Remaining: 232.2
188 274.5 , Est Remaining: 230.7
189 276.0 , Est Remaining: 229.3
190 277.5 , Est Remaining: 227.8
191 278.9 , Est Remaining: 226.4
192 280.4 , Est Remaining: 224.9
193 281.8 , Est Remaining: 223.4
194 283.3 , Est Remaining: 222.0
195 284.8 , Est Remaining: 220.5
196 286.2 , Est Remaining: 219.0
197 287.7 , Est Remaining: 217.6
198 289.1 , Est Remaining: 216.1
199 290.5 , Est Remaining: 214.6
200 292.0 , Est Remaining: 213.2
EVENT FAILED
200 292.3 , Est Remaining: 213.4
201 293.9 , Est Remaining: 212.0
202 295.3 , Est Remaining: 210.5
203 296.8 , Est Remaining: 209.1
204 298.2 , Est Remaining: 207.6
205 299.7 , Est Remaining: 206.1
206 301.1 , Est Remaining: 204.7
207 302.6 , Est Remaining: 203.2
208 304.0 , Est Remaining: 201.7
209 305.5 , Est Remaining: 200.3
210 307.0 , Est Remaining: 198.8
211 308.5 , Est Remaining: 197.4
212 309.9 , Est Remaining: 195.9
213 311.4 , Est Remaining: 194.4
214 312.8 , Est Remaining: 193.0
215 314.3 , Est Remaining: 191.5
216 315.8 , Est Remaining: 190.0
217 317.2 , Est Remaining: 188.6
218 318.7 , Est Remaining: 187.1
219 320.1 , Est Remaining: 185.6
220 321.5 , Est Remaining: 184.2
221 323.0 , Est Remaining: 182.7
222 324.4 , Est Remaining: 181.2
223 325.8 , Est Remaining: 179.7
224 327.3 , Est Remaining: 178.3
225 328.8 , Est Remaining: 176.8
226 330.2 , Est Remaining: 175.3
227 331.7 , Est Remaining: 173.9
228 333.1 , Est Remaining: 172.4
229 334.6 , Est Remaining: 170.9
230 336.0 , Est Remaining: 169.5
231 337.5 , Est Remaining: 168.0
232 338.9 , Est Remaining: 166.5
233 340.4 , Est Remaining: 165.1
234 341.8 , Est Remaining: 163.6
235 343.3 , Est Remaining: 162.2
236 344.8 , Est Remaining: 160.7
237 346.3 , Est Remaining: 159.3
238 347.7 , Est Remaining: 157.8
239 349.2 , Est Remaining: 156.3
240 350.7 , Est Remaining: 154.9
241 352.2 , Est Remaining: 153.4
242 353.6 , Est Remaining: 152.0
243 355.1 , Est Remaining: 150.5
244 356.6 , Est Remaining: 149.1
245 358.1 , Est Remaining: 147.6
246 359.6 , Est Remaining: 146.2
247 361.0 , Est Remaining: 144.7
248 362.5 , Est Remaining: 143.2
249 364.0 , Est Remaining: 141.8
250 365.4 , Est Remaining: 140.3
251 366.9 , Est Remaining: 138.9
EVENT FAILED
251 367.2 , Est Remaining: 139.0
252 368.7 , Est Remaining: 137.5
253 370.1 , Est Remaining: 136.1
254 371.6 , Est Remaining: 134.6
255 373.1 , Est Remaining: 133.1
256 374.5 , Est Remaining: 131.7
257 376.0 , Est Remaining: 130.2
258 377.4 , Est Remaining: 128.7
259 378.9 , Est Remaining: 127.3
260 380.3 , Est Remaining: 125.8
261 381.8 , Est Remaining: 124.3
262 383.3 , Est Remaining: 122.9
263 384.7 , Est Remaining: 121.4
264 386.2 , Est Remaining: 119.9
EVENT FAILED
264 386.5 , Est Remaining: 120.0
265 387.9 , Est Remaining: 118.6
266 389.4 , Est Remaining: 117.1
267 390.9 , Est Remaining: 115.7
268 392.3 , Est Remaining: 114.2
269 393.8 , Est Remaining: 112.7
270 395.3 , Est Remaining: 111.3
271 396.8 , Est Remaining: 109.8
272 398.2 , Est Remaining: 108.3
273 399.7 , Est Remaining: 106.9
274 401.2 , Est Remaining: 105.4
275 402.7 , Est Remaining: 104.0
276 404.1 , Est Remaining: 102.5
277 405.6 , Est Remaining: 101.0
278 407.1 , Est Remaining: 99.6
279 408.5 , Est Remaining: 98.1
280 410.0 , Est Remaining: 96.6
281 411.5 , Est Remaining: 95.2
282 413.0 , Est Remaining: 93.7
283 414.4 , Est Remaining: 92.3
284 415.9 , Est Remaining: 90.8
285 417.4 , Est Remaining: 89.3
286 418.8 , Est Remaining: 87.9
287 420.3 , Est Remaining: 86.4
288 421.7 , Est Remaining: 84.9
289 423.2 , Est Remaining: 83.5
290 424.6 , Est Remaining: 82.0
291 426.0 , Est Remaining: 80.5
292 427.5 , Est Remaining: 79.1
293 429.0 , Est Remaining: 77.6
294 430.4 , Est Remaining: 76.1
295 431.8 , Est Remaining: 74.7
296 433.3 , Est Remaining: 73.2
297 434.7 , Est Remaining: 71.7
298 436.2 , Est Remaining: 70.3
299 437.6 , Est Remaining: 68.8
300 439.0 , Est Remaining: 67.3
301 440.6 , Est Remaining: 65.9
302 442.0 , Est Remaining: 64.4
303 443.5 , Est Remaining: 62.9
304 444.9 , Est Remaining: 61.5
305 446.3 , Est Remaining: 60.0
306 447.7 , Est Remaining: 58.5
307 449.1 , Est Remaining: 57.1
308 450.6 , Est Remaining: 55.6
309 452.0 , Est Remaining: 54.1
310 453.4 , Est Remaining: 52.6
311 454.8 , Est Remaining: 51.2
EVENT FAILED
311 455.1 , Est Remaining: 51.2
312 456.5 , Est Remaining: 49.7
313 457.9 , Est Remaining: 48.3
314 459.3 , Est Remaining: 46.8
315 460.6 , Est Remaining: 45.3
316 462.0 , Est Remaining: 43.9
317 463.4 , Est Remaining: 42.4
318 464.8 , Est Remaining: 40.9
319 466.2 , Est Remaining: 39.5
320 467.6 , Est Remaining: 38.0
321 468.9 , Est Remaining: 36.5
322 470.3 , Est Remaining: 35.1
323 471.7 , Est Remaining: 33.6
324 473.1 , Est Remaining: 32.1
325 474.4 , Est Remaining: 30.7
326 475.8 , Est Remaining: 29.2
327 477.2 , Est Remaining: 27.7
328 478.5 , Est Remaining: 26.3
329 479.9 , Est Remaining: 24.8
330 481.3 , Est Remaining: 23.3
331 482.7 , Est Remaining: 21.9
332 484.0 , Est Remaining: 20.4
333 485.4 , Est Remaining: 18.9
334 486.7 , Est Remaining: 17.5
335 488.1 , Est Remaining: 16.0
336 489.5 , Est Remaining: 14.6
EVENT FAILED
336 489.8 , Est Remaining: 14.6
