Note: NumExpr detected 32 cores but "NUMEXPR_MAX_THREADS" not set, so enforcing safe limit of 8.
Using selector: EpollSelector
/n/home02/jhaefner/miniconda/envs/IC-3.7-2020-06-16/lib/python3.7/site-packages/scipy/optimize/minpack.py:808: OptimizeWarning: Covariance of the parameters could not be estimated
  category=OptimizeWarning)
Total rwfs: 346
0 0.0 , Est Remaining: 999999.9
1 1.4 , Est Remaining: 475.3
EVENT FAILED
1 1.7 , Est Remaining: 589.0
2 3.1 , Est Remaining: 525.4
3 4.4 , Est Remaining: 504.7
4 5.7 , Est Remaining: 490.8
5 7.1 , Est Remaining: 482.7
6 8.4 , Est Remaining: 478.1
7 9.8 , Est Remaining: 473.2
8 11.1 , Est Remaining: 469.2
9 12.4 , Est Remaining: 465.6
10 13.8 , Est Remaining: 462.4
11 15.1 , Est Remaining: 459.7
12 16.4 , Est Remaining: 457.6
13 17.8 , Est Remaining: 455.6
14 19.1 , Est Remaining: 453.5
15 20.5 , Est Remaining: 451.5
16 21.8 , Est Remaining: 449.4
17 23.1 , Est Remaining: 447.5
18 24.5 , Est Remaining: 445.7
19 25.8 , Est Remaining: 443.9
20 27.1 , Est Remaining: 442.4
21 28.5 , Est Remaining: 440.7
22 29.8 , Est Remaining: 438.8
23 31.1 , Est Remaining: 437.1
24 32.5 , Est Remaining: 436.0
25 33.8 , Est Remaining: 434.4
26 35.2 , Est Remaining: 432.9
27 36.5 , Est Remaining: 431.6
28 37.9 , Est Remaining: 430.1
29 39.2 , Est Remaining: 428.6
30 40.6 , Est Remaining: 427.2
31 41.9 , Est Remaining: 425.8
32 43.2 , Est Remaining: 424.3
33 44.6 , Est Remaining: 423.0
34 45.9 , Est Remaining: 421.5
35 47.3 , Est Remaining: 420.0
36 48.6 , Est Remaining: 418.6
37 50.0 , Est Remaining: 417.2
38 51.3 , Est Remaining: 415.8
39 52.6 , Est Remaining: 414.4
40 54.0 , Est Remaining: 413.0
41 55.3 , Est Remaining: 411.5
42 56.6 , Est Remaining: 410.0
43 58.0 , Est Remaining: 408.6
44 59.3 , Est Remaining: 407.3
45 60.7 , Est Remaining: 405.9
46 62.0 , Est Remaining: 404.4
47 63.3 , Est Remaining: 403.0
48 64.7 , Est Remaining: 401.5
49 66.0 , Est Remaining: 400.1
50 67.3 , Est Remaining: 398.6
51 68.7 , Est Remaining: 397.2
52 70.0 , Est Remaining: 395.7
53 71.3 , Est Remaining: 394.3
54 72.7 , Est Remaining: 392.9
55 74.0 , Est Remaining: 391.5
56 75.3 , Est Remaining: 390.1
57 76.7 , Est Remaining: 388.7
58 78.0 , Est Remaining: 387.3
59 79.3 , Est Remaining: 385.9
60 80.7 , Est Remaining: 384.5
61 82.0 , Est Remaining: 383.3
62 83.4 , Est Remaining: 382.0
63 84.7 , Est Remaining: 380.7
64 86.1 , Est Remaining: 379.3
65 87.4 , Est Remaining: 377.9
66 88.7 , Est Remaining: 376.5
67 90.1 , Est Remaining: 375.1
68 91.4 , Est Remaining: 373.8
69 92.8 , Est Remaining: 372.5
70 94.1 , Est Remaining: 371.1
71 95.5 , Est Remaining: 369.7
72 96.8 , Est Remaining: 368.4
73 98.1 , Est Remaining: 367.0
74 99.5 , Est Remaining: 365.6
75 100.8 , Est Remaining: 364.3
76 102.1 , Est Remaining: 362.9
77 103.5 , Est Remaining: 361.5
EVENT FAILED
77 103.8 , Est Remaining: 362.6
78 105.1 , Est Remaining: 361.2
79 106.5 , Est Remaining: 359.9
80 107.8 , Est Remaining: 358.5
81 109.2 , Est Remaining: 357.2
82 110.5 , Est Remaining: 355.7
83 111.8 , Est Remaining: 354.3
84 113.2 , Est Remaining: 353.0
85 114.5 , Est Remaining: 351.6
86 115.9 , Est Remaining: 350.3
87 117.2 , Est Remaining: 348.9
88 118.5 , Est Remaining: 347.5
89 119.9 , Est Remaining: 346.1
90 121.2 , Est Remaining: 344.8
91 122.5 , Est Remaining: 343.4
92 123.9 , Est Remaining: 342.0
EVENT FAILED
92 124.2 , Est Remaining: 342.8
93 125.5 , Est Remaining: 341.4
94 126.8 , Est Remaining: 340.0
95 128.2 , Est Remaining: 338.7
96 129.5 , Est Remaining: 337.3
97 130.8 , Est Remaining: 335.9
98 132.2 , Est Remaining: 334.5
99 133.5 , Est Remaining: 333.2
EVENT FAILED
99 133.8 , Est Remaining: 333.9
100 135.2 , Est Remaining: 332.5
101 136.5 , Est Remaining: 331.2
102 137.9 , Est Remaining: 329.8
103 139.3 , Est Remaining: 328.6
104 140.6 , Est Remaining: 327.3
105 142.0 , Est Remaining: 325.9
106 143.3 , Est Remaining: 324.5
107 144.7 , Est Remaining: 323.1
108 146.0 , Est Remaining: 321.8
109 147.3 , Est Remaining: 320.4
110 148.7 , Est Remaining: 319.0
111 150.0 , Est Remaining: 317.6
EVENT FAILED
111 150.3 , Est Remaining: 318.2
112 151.6 , Est Remaining: 316.8
113 153.0 , Est Remaining: 315.4
114 154.3 , Est Remaining: 314.0
115 155.6 , Est Remaining: 312.6
116 157.0 , Est Remaining: 311.3
117 158.3 , Est Remaining: 309.9
118 159.7 , Est Remaining: 308.5
119 161.0 , Est Remaining: 307.1
120 162.3 , Est Remaining: 305.7
121 163.7 , Est Remaining: 304.3
122 165.0 , Est Remaining: 303.0
123 166.3 , Est Remaining: 301.6
124 167.7 , Est Remaining: 300.2
125 169.0 , Est Remaining: 298.8
126 170.4 , Est Remaining: 297.5
EVENT FAILED
126 170.7 , Est Remaining: 298.0
127 172.0 , Est Remaining: 296.6
128 173.3 , Est Remaining: 295.2
129 174.7 , Est Remaining: 293.8
130 176.0 , Est Remaining: 292.4
131 177.3 , Est Remaining: 291.0
132 178.6 , Est Remaining: 289.6
133 180.0 , Est Remaining: 288.2
134 181.3 , Est Remaining: 286.8
135 182.6 , Est Remaining: 285.5
136 184.0 , Est Remaining: 284.1
137 185.3 , Est Remaining: 282.7
138 186.7 , Est Remaining: 281.3
139 188.0 , Est Remaining: 280.0
140 189.4 , Est Remaining: 278.6
141 190.7 , Est Remaining: 277.2
142 192.1 , Est Remaining: 275.9
143 193.4 , Est Remaining: 274.6
144 194.7 , Est Remaining: 273.2
145 196.1 , Est Remaining: 271.8
146 197.4 , Est Remaining: 270.4
147 198.8 , Est Remaining: 269.1
148 200.1 , Est Remaining: 267.7
149 201.4 , Est Remaining: 266.3
150 202.8 , Est Remaining: 265.0
EVENT FAILED
150 203.1 , Est Remaining: 265.3
151 204.4 , Est Remaining: 264.0
152 205.7 , Est Remaining: 262.6
153 207.1 , Est Remaining: 261.2
154 208.4 , Est Remaining: 259.8
155 209.8 , Est Remaining: 258.5
156 211.1 , Est Remaining: 257.1
157 212.5 , Est Remaining: 255.8
158 213.9 , Est Remaining: 254.5
159 215.2 , Est Remaining: 253.1
160 216.6 , Est Remaining: 251.8
161 217.9 , Est Remaining: 250.4
162 219.3 , Est Remaining: 249.0
163 220.6 , Est Remaining: 247.7
164 221.9 , Est Remaining: 246.3
165 223.3 , Est Remaining: 244.9
166 224.6 , Est Remaining: 243.6
167 226.0 , Est Remaining: 242.2
168 227.3 , Est Remaining: 240.8
169 228.6 , Est Remaining: 239.4
170 230.0 , Est Remaining: 238.1
171 231.3 , Est Remaining: 236.7
172 232.7 , Est Remaining: 235.4
173 234.0 , Est Remaining: 234.0
174 235.3 , Est Remaining: 232.6
175 236.7 , Est Remaining: 231.3
176 238.0 , Est Remaining: 229.9
177 239.4 , Est Remaining: 228.6
178 240.7 , Est Remaining: 227.2
179 242.1 , Est Remaining: 225.8
180 243.4 , Est Remaining: 224.5
181 244.8 , Est Remaining: 223.1
182 246.1 , Est Remaining: 221.8
EVENT FAILED
182 246.4 , Est Remaining: 222.0
183 247.8 , Est Remaining: 220.7
184 249.1 , Est Remaining: 219.3
185 250.5 , Est Remaining: 218.0
186 251.8 , Est Remaining: 216.6
187 253.2 , Est Remaining: 215.2
188 254.5 , Est Remaining: 213.9
189 255.8 , Est Remaining: 212.5
190 257.2 , Est Remaining: 211.2
191 258.5 , Est Remaining: 209.8
192 259.9 , Est Remaining: 208.4
193 261.2 , Est Remaining: 207.1
194 262.5 , Est Remaining: 205.7
195 263.9 , Est Remaining: 204.3
196 265.2 , Est Remaining: 203.0
197 266.5 , Est Remaining: 201.6
198 267.9 , Est Remaining: 200.2
199 269.2 , Est Remaining: 198.9
200 270.5 , Est Remaining: 197.5
201 271.9 , Est Remaining: 196.1
202 273.2 , Est Remaining: 194.8
203 274.7 , Est Remaining: 193.5
204 276.0 , Est Remaining: 192.1
205 277.4 , Est Remaining: 190.8
206 278.7 , Est Remaining: 189.4
EVENT FAILED
206 279.0 , Est Remaining: 189.6
207 280.3 , Est Remaining: 188.3
208 281.7 , Est Remaining: 186.9
209 283.0 , Est Remaining: 185.5
210 284.4 , Est Remaining: 184.2
211 285.7 , Est Remaining: 182.8
212 287.0 , Est Remaining: 181.4
213 288.4 , Est Remaining: 180.1
214 289.7 , Est Remaining: 178.7
215 291.1 , Est Remaining: 177.3
216 292.4 , Est Remaining: 176.0
217 293.8 , Est Remaining: 174.6
218 295.1 , Est Remaining: 173.3
219 296.4 , Est Remaining: 171.9
220 297.8 , Est Remaining: 170.6
221 299.1 , Est Remaining: 169.2
222 300.5 , Est Remaining: 167.8
223 301.8 , Est Remaining: 166.5
224 303.1 , Est Remaining: 165.1
225 304.5 , Est Remaining: 163.7
226 305.8 , Est Remaining: 162.4
EVENT FAILED
226 306.5 , Est Remaining: 162.8
227 307.9 , Est Remaining: 161.4
228 309.2 , Est Remaining: 160.0
229 310.5 , Est Remaining: 158.7
230 311.9 , Est Remaining: 157.3
231 313.2 , Est Remaining: 155.9
232 314.6 , Est Remaining: 154.6
233 315.9 , Est Remaining: 153.2
234 317.2 , Est Remaining: 151.8
235 318.6 , Est Remaining: 150.5
236 319.9 , Est Remaining: 149.1
237 321.2 , Est Remaining: 147.7
238 322.5 , Est Remaining: 146.3
239 323.8 , Est Remaining: 145.0
240 325.2 , Est Remaining: 143.6
241 326.5 , Est Remaining: 142.3
242 327.8 , Est Remaining: 140.9
243 329.2 , Est Remaining: 139.5
244 330.5 , Est Remaining: 138.2
EVENT FAILED
244 330.8 , Est Remaining: 138.3
245 332.1 , Est Remaining: 136.9
246 333.5 , Est Remaining: 135.6
247 334.8 , Est Remaining: 134.2
248 336.1 , Est Remaining: 132.8
249 337.5 , Est Remaining: 131.5
250 338.8 , Est Remaining: 130.1
251 340.2 , Est Remaining: 128.7
252 341.5 , Est Remaining: 127.4
253 342.8 , Est Remaining: 126.0
254 344.2 , Est Remaining: 124.7
255 345.5 , Est Remaining: 123.3
256 346.8 , Est Remaining: 121.9
257 348.2 , Est Remaining: 120.6
258 349.5 , Est Remaining: 119.2
259 350.8 , Est Remaining: 117.9
260 352.2 , Est Remaining: 116.5
261 353.5 , Est Remaining: 115.1
262 354.9 , Est Remaining: 113.8
263 356.2 , Est Remaining: 112.4
264 357.5 , Est Remaining: 111.1
265 358.9 , Est Remaining: 109.7
266 360.2 , Est Remaining: 108.3
267 361.5 , Est Remaining: 107.0
268 362.8 , Est Remaining: 105.6
269 364.2 , Est Remaining: 104.2
270 365.5 , Est Remaining: 102.9
271 366.8 , Est Remaining: 101.5
272 368.2 , Est Remaining: 100.2
273 369.5 , Est Remaining: 98.8
274 370.8 , Est Remaining: 97.4
275 372.1 , Est Remaining: 96.1
276 373.5 , Est Remaining: 94.7
277 374.8 , Est Remaining: 93.4
278 376.1 , Est Remaining: 92.0
279 377.4 , Est Remaining: 90.6
280 378.8 , Est Remaining: 89.3
281 380.0 , Est Remaining: 87.9
282 381.3 , Est Remaining: 86.5
283 382.6 , Est Remaining: 85.2
284 383.9 , Est Remaining: 83.8
EVENT FAILED
284 384.2 , Est Remaining: 83.9
285 385.5 , Est Remaining: 82.5
286 386.9 , Est Remaining: 81.2
287 388.2 , Est Remaining: 79.8
288 389.5 , Est Remaining: 78.4
289 390.8 , Est Remaining: 77.1
290 392.1 , Est Remaining: 75.7
291 393.4 , Est Remaining: 74.4
292 394.8 , Est Remaining: 73.0
293 396.1 , Est Remaining: 71.7
294 397.4 , Est Remaining: 70.3
295 399.0 , Est Remaining: 69.0
296 400.3 , Est Remaining: 67.6
297 401.6 , Est Remaining: 66.3
298 403.0 , Est Remaining: 64.9
299 404.3 , Est Remaining: 63.5
300 405.6 , Est Remaining: 62.2
301 406.9 , Est Remaining: 60.8
EVENT FAILED
301 408.1 , Est Remaining: 61.0
302 409.4 , Est Remaining: 59.6
303 410.7 , Est Remaining: 58.3
304 412.0 , Est Remaining: 56.9
305 413.3 , Est Remaining: 55.6
306 414.6 , Est Remaining: 54.2
307 415.9 , Est Remaining: 52.8
308 417.2 , Est Remaining: 51.5
309 418.5 , Est Remaining: 50.1
310 419.8 , Est Remaining: 48.8
311 421.1 , Est Remaining: 47.4
312 422.4 , Est Remaining: 46.0
313 423.7 , Est Remaining: 44.7
314 425.0 , Est Remaining: 43.3
315 426.3 , Est Remaining: 41.9
316 427.5 , Est Remaining: 40.6
317 428.8 , Est Remaining: 39.2
318 430.1 , Est Remaining: 37.9
319 431.4 , Est Remaining: 36.5
320 432.7 , Est Remaining: 35.2
321 433.9 , Est Remaining: 33.8
322 435.2 , Est Remaining: 32.4
323 436.5 , Est Remaining: 31.1
324 437.8 , Est Remaining: 29.7
325 439.1 , Est Remaining: 28.4
EVENT FAILED
325 439.4 , Est Remaining: 28.4
326 440.6 , Est Remaining: 27.0
327 441.9 , Est Remaining: 25.7
EVENT FAILED
327 442.2 , Est Remaining: 25.7
328 443.5 , Est Remaining: 24.3
329 444.8 , Est Remaining: 23.0
330 446.0 , Est Remaining: 21.6
