Note: NumExpr detected 32 cores but "NUMEXPR_MAX_THREADS" not set, so enforcing safe limit of 8.
Using selector: EpollSelector
/n/home02/jhaefner/miniconda/envs/IC-3.7-2020-06-16/lib/python3.7/site-packages/scipy/optimize/minpack.py:808: OptimizeWarning: Covariance of the parameters could not be estimated
  category=OptimizeWarning)
Total rwfs: 346
0 0.0 , Est Remaining: 999999.9
1 1.5 , Est Remaining: 526.8
2 3.0 , Est Remaining: 520.4
3 4.5 , Est Remaining: 518.9
4 6.0 , Est Remaining: 514.4
5 7.5 , Est Remaining: 511.2
6 9.0 , Est Remaining: 507.4
7 10.4 , Est Remaining: 504.4
8 11.9 , Est Remaining: 502.0
9 13.3 , Est Remaining: 499.7
10 14.8 , Est Remaining: 497.6
EVENT FAILED
10 15.1 , Est Remaining: 508.1
11 16.6 , Est Remaining: 505.7
12 18.1 , Est Remaining: 503.1
13 19.5 , Est Remaining: 500.1
14 21.0 , Est Remaining: 497.5
15 22.4 , Est Remaining: 494.7
16 23.9 , Est Remaining: 492.4
17 25.3 , Est Remaining: 490.4
18 26.8 , Est Remaining: 488.2
19 28.2 , Est Remaining: 486.1
20 29.7 , Est Remaining: 484.1
EVENT FAILED
20 30.0 , Est Remaining: 489.0
21 31.5 , Est Remaining: 487.1
22 33.0 , Est Remaining: 485.4
23 34.4 , Est Remaining: 483.5
24 35.9 , Est Remaining: 481.4
25 37.3 , Est Remaining: 479.5
26 38.8 , Est Remaining: 477.4
27 40.3 , Est Remaining: 475.5
28 41.7 , Est Remaining: 473.9
29 43.2 , Est Remaining: 472.1
30 44.6 , Est Remaining: 470.2
31 46.1 , Est Remaining: 468.3
32 47.5 , Est Remaining: 466.5
33 49.0 , Est Remaining: 464.7
34 50.5 , Est Remaining: 463.0
35 51.9 , Est Remaining: 461.3
36 53.4 , Est Remaining: 459.8
37 54.8 , Est Remaining: 458.0
38 56.3 , Est Remaining: 456.2
39 57.8 , Est Remaining: 454.7
40 59.2 , Est Remaining: 453.2
41 60.7 , Est Remaining: 451.9
42 62.2 , Est Remaining: 450.3
43 63.7 , Est Remaining: 448.9
44 65.2 , Est Remaining: 447.3
45 66.6 , Est Remaining: 445.8
46 68.1 , Est Remaining: 444.2
47 69.6 , Est Remaining: 442.7
48 71.0 , Est Remaining: 441.1
49 72.5 , Est Remaining: 439.4
50 74.0 , Est Remaining: 437.9
51 75.4 , Est Remaining: 436.3
52 76.9 , Est Remaining: 434.7
53 78.3 , Est Remaining: 433.1
54 79.8 , Est Remaining: 431.5
55 81.2 , Est Remaining: 429.9
56 82.7 , Est Remaining: 428.3
57 84.2 , Est Remaining: 426.8
58 85.6 , Est Remaining: 425.2
59 87.1 , Est Remaining: 423.7
EVENT FAILED
59 87.4 , Est Remaining: 425.2
60 88.9 , Est Remaining: 423.5
61 90.3 , Est Remaining: 421.9
62 91.8 , Est Remaining: 420.3
EVENT FAILED
62 92.1 , Est Remaining: 421.8
63 93.5 , Est Remaining: 420.0
64 95.0 , Est Remaining: 418.4
65 96.4 , Est Remaining: 416.7
66 97.8 , Est Remaining: 415.1
67 99.3 , Est Remaining: 413.4
68 100.7 , Est Remaining: 411.6
69 102.1 , Est Remaining: 410.0
70 103.6 , Est Remaining: 408.3
71 105.0 , Est Remaining: 406.7
EVENT FAILED
71 105.3 , Est Remaining: 407.9
72 106.7 , Est Remaining: 406.2
73 108.2 , Est Remaining: 404.6
74 109.6 , Est Remaining: 403.0
EVENT FAILED
74 109.9 , Est Remaining: 404.1
75 111.4 , Est Remaining: 402.4
76 112.8 , Est Remaining: 400.8
77 114.2 , Est Remaining: 399.1
78 115.7 , Est Remaining: 397.5
79 117.1 , Est Remaining: 395.8
80 118.6 , Est Remaining: 394.2
81 120.0 , Est Remaining: 392.5
82 121.4 , Est Remaining: 390.9
83 122.8 , Est Remaining: 389.3
84 124.3 , Est Remaining: 387.6
85 125.7 , Est Remaining: 386.0
86 127.2 , Est Remaining: 384.4
87 128.6 , Est Remaining: 382.8
88 130.0 , Est Remaining: 381.1
89 131.5 , Est Remaining: 379.6
90 132.9 , Est Remaining: 378.1
91 134.4 , Est Remaining: 376.5
92 135.8 , Est Remaining: 375.0
EVENT FAILED
92 136.2 , Est Remaining: 375.9
93 137.6 , Est Remaining: 374.3
94 139.0 , Est Remaining: 372.7
95 140.5 , Est Remaining: 371.2
96 141.9 , Est Remaining: 369.6
97 143.4 , Est Remaining: 368.0
EVENT FAILED
97 143.7 , Est Remaining: 368.8
98 145.1 , Est Remaining: 367.2
99 146.6 , Est Remaining: 365.7
100 148.0 , Est Remaining: 364.1
101 149.4 , Est Remaining: 362.5
102 150.9 , Est Remaining: 360.9
103 152.4 , Est Remaining: 359.5
104 153.8 , Est Remaining: 357.9
105 155.3 , Est Remaining: 356.4
106 156.7 , Est Remaining: 354.9
107 158.2 , Est Remaining: 353.3
108 159.6 , Est Remaining: 351.8
109 161.1 , Est Remaining: 350.2
110 162.5 , Est Remaining: 348.6
111 164.0 , Est Remaining: 347.1
112 165.4 , Est Remaining: 345.6
113 166.9 , Est Remaining: 344.1
EVENT FAILED
113 167.2 , Est Remaining: 344.7
EVENT FAILED
113 167.5 , Est Remaining: 345.3
114 168.9 , Est Remaining: 343.8
115 170.4 , Est Remaining: 342.3
116 171.9 , Est Remaining: 340.8
117 173.3 , Est Remaining: 339.2
118 174.8 , Est Remaining: 337.7
119 176.2 , Est Remaining: 336.1
120 177.6 , Est Remaining: 334.6
121 179.1 , Est Remaining: 333.0
122 180.5 , Est Remaining: 331.5
123 182.0 , Est Remaining: 329.9
124 183.4 , Est Remaining: 328.4
125 184.9 , Est Remaining: 326.8
126 186.3 , Est Remaining: 325.3
127 187.8 , Est Remaining: 323.8
128 189.2 , Est Remaining: 322.2
129 190.6 , Est Remaining: 320.7
130 192.1 , Est Remaining: 319.2
131 193.5 , Est Remaining: 317.6
132 195.0 , Est Remaining: 316.1
133 196.4 , Est Remaining: 314.6
134 197.9 , Est Remaining: 313.1
135 199.3 , Est Remaining: 311.5
136 200.8 , Est Remaining: 310.0
137 202.2 , Est Remaining: 308.5
138 203.7 , Est Remaining: 307.0
139 205.1 , Est Remaining: 305.4
140 206.5 , Est Remaining: 303.9
141 208.0 , Est Remaining: 302.4
142 209.4 , Est Remaining: 300.9
143 210.9 , Est Remaining: 299.4
144 212.4 , Est Remaining: 297.9
145 213.8 , Est Remaining: 296.4
146 215.2 , Est Remaining: 294.9
147 216.7 , Est Remaining: 293.3
148 218.1 , Est Remaining: 291.8
149 219.6 , Est Remaining: 290.3
150 221.0 , Est Remaining: 288.8
151 222.4 , Est Remaining: 287.3
152 223.9 , Est Remaining: 285.7
153 225.3 , Est Remaining: 284.2
154 226.7 , Est Remaining: 282.7
155 228.2 , Est Remaining: 281.2
EVENT FAILED
155 228.5 , Est Remaining: 281.6
EVENT FAILED
155 228.8 , Est Remaining: 281.9
156 230.3 , Est Remaining: 280.4
157 231.7 , Est Remaining: 279.0
158 233.2 , Est Remaining: 277.5
159 234.6 , Est Remaining: 276.0
EVENT FAILED
159 234.9 , Est Remaining: 276.3
160 236.4 , Est Remaining: 274.9
161 237.9 , Est Remaining: 273.4
162 239.4 , Est Remaining: 271.9
163 240.8 , Est Remaining: 270.4
164 242.3 , Est Remaining: 268.9
165 243.8 , Est Remaining: 267.4
166 245.3 , Est Remaining: 265.9
167 246.7 , Est Remaining: 264.5
168 248.2 , Est Remaining: 263.0
169 249.7 , Est Remaining: 261.5
170 251.1 , Est Remaining: 260.0
171 252.6 , Est Remaining: 258.5
172 254.1 , Est Remaining: 257.0
173 255.6 , Est Remaining: 255.6
174 257.1 , Est Remaining: 254.1
EVENT FAILED
174 257.4 , Est Remaining: 254.4
175 258.8 , Est Remaining: 252.9
176 260.3 , Est Remaining: 251.4
177 261.7 , Est Remaining: 249.9
178 263.2 , Est Remaining: 248.4
179 264.7 , Est Remaining: 246.9
180 266.1 , Est Remaining: 245.4
181 267.6 , Est Remaining: 243.9
182 269.1 , Est Remaining: 242.4
183 270.5 , Est Remaining: 240.9
184 272.0 , Est Remaining: 239.5
185 273.5 , Est Remaining: 238.0
186 274.9 , Est Remaining: 236.5
187 276.4 , Est Remaining: 235.0
188 277.9 , Est Remaining: 233.6
189 279.4 , Est Remaining: 232.1
190 280.8 , Est Remaining: 230.6
191 282.3 , Est Remaining: 229.1
192 283.8 , Est Remaining: 227.6
193 285.2 , Est Remaining: 226.1
194 286.7 , Est Remaining: 224.6
195 288.1 , Est Remaining: 223.1
196 289.6 , Est Remaining: 221.6
197 291.0 , Est Remaining: 220.1
198 292.5 , Est Remaining: 218.6
199 294.0 , Est Remaining: 217.2
200 295.4 , Est Remaining: 215.7
201 296.9 , Est Remaining: 214.2
202 298.4 , Est Remaining: 212.7
203 299.9 , Est Remaining: 211.3
204 301.4 , Est Remaining: 209.8
205 302.9 , Est Remaining: 208.3
206 304.3 , Est Remaining: 206.8
207 305.8 , Est Remaining: 205.3
208 307.3 , Est Remaining: 203.9
209 308.7 , Est Remaining: 202.4
210 310.1 , Est Remaining: 200.8
211 311.6 , Est Remaining: 199.3
EVENT FAILED
211 311.9 , Est Remaining: 199.5
212 313.3 , Est Remaining: 198.0
213 314.7 , Est Remaining: 196.5
214 316.2 , Est Remaining: 195.0
215 317.6 , Est Remaining: 193.5
216 319.1 , Est Remaining: 192.0
217 320.5 , Est Remaining: 190.5
218 321.9 , Est Remaining: 189.0
219 323.3 , Est Remaining: 187.5
220 324.7 , Est Remaining: 186.0
221 326.1 , Est Remaining: 184.4
222 327.5 , Est Remaining: 182.9
223 328.9 , Est Remaining: 181.4
224 330.3 , Est Remaining: 179.9
225 331.7 , Est Remaining: 178.4
226 333.1 , Est Remaining: 176.8
227 334.4 , Est Remaining: 175.3
228 335.8 , Est Remaining: 173.8
229 337.3 , Est Remaining: 172.3
230 338.7 , Est Remaining: 170.8
231 340.0 , Est Remaining: 169.3
232 341.4 , Est Remaining: 167.8
233 342.8 , Est Remaining: 166.2
234 344.1 , Est Remaining: 164.7
235 345.4 , Est Remaining: 163.1
236 346.8 , Est Remaining: 161.6
237 348.1 , Est Remaining: 160.1
238 349.5 , Est Remaining: 158.6
239 350.9 , Est Remaining: 157.1
240 352.3 , Est Remaining: 155.6
241 353.7 , Est Remaining: 154.1
242 355.0 , Est Remaining: 152.6
243 356.4 , Est Remaining: 151.1
EVENT FAILED
243 356.7 , Est Remaining: 151.2
244 358.1 , Est Remaining: 149.7
245 359.5 , Est Remaining: 148.2
246 360.9 , Est Remaining: 146.7
247 362.2 , Est Remaining: 145.2
248 363.6 , Est Remaining: 143.7
249 365.0 , Est Remaining: 142.2
250 366.4 , Est Remaining: 140.7
251 367.7 , Est Remaining: 139.2
252 369.1 , Est Remaining: 137.7
253 370.5 , Est Remaining: 136.2
254 371.8 , Est Remaining: 134.7
255 373.2 , Est Remaining: 133.2
256 374.6 , Est Remaining: 131.7
257 375.9 , Est Remaining: 130.2
258 377.3 , Est Remaining: 128.7
259 378.7 , Est Remaining: 127.2
260 380.0 , Est Remaining: 125.7
261 381.3 , Est Remaining: 124.2
262 382.7 , Est Remaining: 122.7
263 384.0 , Est Remaining: 121.2
264 385.4 , Est Remaining: 119.7
265 386.7 , Est Remaining: 118.2
266 388.0 , Est Remaining: 116.7
267 389.4 , Est Remaining: 115.2
268 390.7 , Est Remaining: 113.7
269 392.0 , Est Remaining: 112.2
270 393.4 , Est Remaining: 110.7
271 394.7 , Est Remaining: 109.2
272 396.1 , Est Remaining: 107.8
273 397.4 , Est Remaining: 106.3
274 398.7 , Est Remaining: 104.8
275 400.1 , Est Remaining: 103.3
276 401.4 , Est Remaining: 101.8
277 402.8 , Est Remaining: 100.3
278 404.1 , Est Remaining: 98.8
279 405.5 , Est Remaining: 97.4
280 406.8 , Est Remaining: 95.9
281 408.1 , Est Remaining: 94.4
282 409.4 , Est Remaining: 92.9
283 410.8 , Est Remaining: 91.4
284 412.1 , Est Remaining: 90.0
285 413.5 , Est Remaining: 88.5
286 414.8 , Est Remaining: 87.0
287 416.2 , Est Remaining: 85.6
288 417.6 , Est Remaining: 84.1
289 418.9 , Est Remaining: 82.6
290 420.3 , Est Remaining: 81.2
291 421.6 , Est Remaining: 79.7
292 423.0 , Est Remaining: 78.2
293 424.3 , Est Remaining: 76.8
294 425.7 , Est Remaining: 75.3
295 427.1 , Est Remaining: 73.8
296 428.4 , Est Remaining: 72.4
297 429.8 , Est Remaining: 70.9
298 431.2 , Est Remaining: 69.5
299 432.6 , Est Remaining: 68.0
300 434.0 , Est Remaining: 66.5
301 435.3 , Est Remaining: 65.1
302 436.9 , Est Remaining: 63.6
303 438.2 , Est Remaining: 62.2
304 439.6 , Est Remaining: 60.7
305 441.0 , Est Remaining: 59.3
306 442.3 , Est Remaining: 57.8
307 443.7 , Est Remaining: 56.4
308 445.1 , Est Remaining: 54.9
309 446.4 , Est Remaining: 53.5
310 447.8 , Est Remaining: 52.0
311 449.2 , Est Remaining: 50.6
312 450.5 , Est Remaining: 49.1
313 451.9 , Est Remaining: 47.6
314 453.2 , Est Remaining: 46.2
315 454.6 , Est Remaining: 44.7
316 456.0 , Est Remaining: 43.3
317 457.4 , Est Remaining: 41.8
318 458.8 , Est Remaining: 40.4
319 460.2 , Est Remaining: 38.9
320 461.6 , Est Remaining: 37.5
321 463.0 , Est Remaining: 36.1
322 464.4 , Est Remaining: 34.6
323 465.8 , Est Remaining: 33.2
324 467.2 , Est Remaining: 31.7
325 468.5 , Est Remaining: 30.3
326 470.0 , Est Remaining: 28.8
327 471.4 , Est Remaining: 27.4
328 472.8 , Est Remaining: 25.9
329 474.2 , Est Remaining: 24.5
