Note: NumExpr detected 32 cores but "NUMEXPR_MAX_THREADS" not set, so enforcing safe limit of 8.
Using selector: EpollSelector
/n/home02/jhaefner/miniconda/envs/IC-3.7-2020-06-16/lib/python3.7/site-packages/scipy/optimize/minpack.py:808: OptimizeWarning: Covariance of the parameters could not be estimated
  category=OptimizeWarning)
Total rwfs: 346
0 0.0 , Est Remaining: 999999.9
1 1.5 , Est Remaining: 523.8
2 3.0 , Est Remaining: 513.2
3 4.5 , Est Remaining: 513.9
4 6.0 , Est Remaining: 510.8
5 7.4 , Est Remaining: 507.6
6 8.9 , Est Remaining: 505.8
7 10.4 , Est Remaining: 502.4
8 11.8 , Est Remaining: 500.4
EVENT FAILED
8 12.2 , Est Remaining: 514.8
EVENT FAILED
8 12.5 , Est Remaining: 528.3
9 13.8 , Est Remaining: 517.8
10 15.2 , Est Remaining: 510.9
11 16.7 , Est Remaining: 507.2
12 18.1 , Est Remaining: 504.2
13 19.6 , Est Remaining: 501.3
14 21.0 , Est Remaining: 498.3
15 22.4 , Est Remaining: 495.3
16 23.9 , Est Remaining: 493.2
17 25.4 , Est Remaining: 490.9
18 26.8 , Est Remaining: 489.3
19 28.3 , Est Remaining: 486.9
20 29.7 , Est Remaining: 484.6
21 31.2 , Est Remaining: 482.5
22 32.6 , Est Remaining: 480.8
23 34.1 , Est Remaining: 479.2
24 35.6 , Est Remaining: 477.2
25 37.0 , Est Remaining: 475.1
26 38.5 , Est Remaining: 473.2
27 39.9 , Est Remaining: 471.4
EVENT FAILED
27 40.2 , Est Remaining: 475.1
28 41.7 , Est Remaining: 473.0
29 43.1 , Est Remaining: 470.9
30 44.5 , Est Remaining: 469.0
31 46.0 , Est Remaining: 467.1
32 47.4 , Est Remaining: 465.4
33 48.9 , Est Remaining: 463.9
34 50.4 , Est Remaining: 462.3
35 51.8 , Est Remaining: 460.5
36 53.3 , Est Remaining: 458.7
37 54.7 , Est Remaining: 457.0
38 56.1 , Est Remaining: 455.1
39 57.6 , Est Remaining: 453.2
40 59.0 , Est Remaining: 451.6
41 60.5 , Est Remaining: 449.9
42 61.9 , Est Remaining: 448.2
43 63.4 , Est Remaining: 446.6
44 64.8 , Est Remaining: 445.0
45 66.3 , Est Remaining: 443.5
46 67.8 , Est Remaining: 442.1
47 69.2 , Est Remaining: 440.5
48 70.7 , Est Remaining: 439.0
49 72.2 , Est Remaining: 437.5
50 73.6 , Est Remaining: 436.0
51 75.1 , Est Remaining: 434.6
52 76.6 , Est Remaining: 433.1
53 78.1 , Est Remaining: 431.5
54 79.5 , Est Remaining: 430.1
55 81.0 , Est Remaining: 428.7
56 82.5 , Est Remaining: 427.4
57 84.0 , Est Remaining: 426.0
58 85.5 , Est Remaining: 424.5
59 87.0 , Est Remaining: 423.0
EVENT FAILED
59 87.3 , Est Remaining: 424.5
60 88.7 , Est Remaining: 422.9
61 90.2 , Est Remaining: 421.3
62 91.6 , Est Remaining: 419.8
63 93.1 , Est Remaining: 418.3
64 94.6 , Est Remaining: 416.8
65 96.0 , Est Remaining: 415.1
66 97.5 , Est Remaining: 413.6
67 99.0 , Est Remaining: 412.1
68 100.4 , Est Remaining: 410.6
69 101.9 , Est Remaining: 409.1
70 103.4 , Est Remaining: 407.6
71 104.8 , Est Remaining: 406.1
72 106.3 , Est Remaining: 404.5
73 107.8 , Est Remaining: 403.0
74 109.2 , Est Remaining: 401.4
75 110.7 , Est Remaining: 399.9
76 112.1 , Est Remaining: 398.4
77 113.6 , Est Remaining: 396.8
78 115.0 , Est Remaining: 395.2
79 116.5 , Est Remaining: 393.7
80 117.9 , Est Remaining: 392.1
81 119.4 , Est Remaining: 390.5
82 120.8 , Est Remaining: 389.0
83 122.3 , Est Remaining: 387.5
84 123.8 , Est Remaining: 386.1
85 125.3 , Est Remaining: 384.6
86 126.7 , Est Remaining: 383.1
87 128.2 , Est Remaining: 381.6
88 129.7 , Est Remaining: 380.1
89 131.1 , Est Remaining: 378.6
90 132.6 , Est Remaining: 377.1
91 134.1 , Est Remaining: 375.7
92 135.6 , Est Remaining: 374.2
93 137.0 , Est Remaining: 372.7
94 138.5 , Est Remaining: 371.3
95 139.9 , Est Remaining: 369.7
96 141.4 , Est Remaining: 368.3
97 142.9 , Est Remaining: 366.7
98 144.3 , Est Remaining: 365.2
99 145.8 , Est Remaining: 363.7
100 147.3 , Est Remaining: 362.3
101 148.7 , Est Remaining: 360.8
102 150.2 , Est Remaining: 359.3
103 151.7 , Est Remaining: 358.0
104 153.2 , Est Remaining: 356.5
105 154.7 , Est Remaining: 355.0
106 156.2 , Est Remaining: 353.6
107 157.6 , Est Remaining: 352.1
108 159.1 , Est Remaining: 350.6
EVENT FAILED
108 159.4 , Est Remaining: 351.3
109 160.9 , Est Remaining: 349.8
110 162.3 , Est Remaining: 348.2
EVENT FAILED
110 162.6 , Est Remaining: 348.9
111 164.1 , Est Remaining: 347.4
112 165.6 , Est Remaining: 345.9
113 167.0 , Est Remaining: 344.3
114 168.4 , Est Remaining: 342.8
115 169.9 , Est Remaining: 341.3
116 171.4 , Est Remaining: 339.8
117 172.8 , Est Remaining: 338.2
118 174.3 , Est Remaining: 336.7
119 175.7 , Est Remaining: 335.2
120 177.2 , Est Remaining: 333.7
121 178.7 , Est Remaining: 332.2
122 180.1 , Est Remaining: 330.7
123 181.6 , Est Remaining: 329.2
124 183.0 , Est Remaining: 327.7
125 184.5 , Est Remaining: 326.2
126 185.9 , Est Remaining: 324.7
127 187.4 , Est Remaining: 323.2
128 188.9 , Est Remaining: 321.7
129 190.3 , Est Remaining: 320.1
130 191.8 , Est Remaining: 318.6
131 193.2 , Est Remaining: 317.2
132 194.7 , Est Remaining: 315.7
133 196.1 , Est Remaining: 314.1
134 197.6 , Est Remaining: 312.6
135 199.1 , Est Remaining: 311.1
136 200.5 , Est Remaining: 309.6
EVENT FAILED
136 200.8 , Est Remaining: 310.1
137 202.3 , Est Remaining: 308.6
138 203.7 , Est Remaining: 307.1
139 205.2 , Est Remaining: 305.6
140 206.7 , Est Remaining: 304.1
141 208.1 , Est Remaining: 302.6
142 209.6 , Est Remaining: 301.1
143 211.0 , Est Remaining: 299.6
144 212.5 , Est Remaining: 298.1
145 214.0 , Est Remaining: 296.6
146 215.4 , Est Remaining: 295.1
147 216.9 , Est Remaining: 293.6
148 218.4 , Est Remaining: 292.1
149 219.8 , Est Remaining: 290.6
150 221.3 , Est Remaining: 289.1
151 222.8 , Est Remaining: 287.7
152 224.2 , Est Remaining: 286.2
153 225.7 , Est Remaining: 284.7
154 227.2 , Est Remaining: 283.2
155 228.6 , Est Remaining: 281.7
156 230.1 , Est Remaining: 280.3
157 231.6 , Est Remaining: 278.8
158 233.1 , Est Remaining: 277.3
159 234.4 , Est Remaining: 275.7
160 235.9 , Est Remaining: 274.2
161 237.3 , Est Remaining: 272.7
162 238.8 , Est Remaining: 271.2
163 240.3 , Est Remaining: 269.7
164 241.7 , Est Remaining: 268.3
165 243.2 , Est Remaining: 266.8
166 244.6 , Est Remaining: 265.3
167 246.1 , Est Remaining: 263.7
168 247.5 , Est Remaining: 262.2
169 248.9 , Est Remaining: 260.7
170 250.3 , Est Remaining: 259.2
171 251.8 , Est Remaining: 257.7
172 253.2 , Est Remaining: 256.2
173 254.7 , Est Remaining: 254.7
174 256.1 , Est Remaining: 253.2
175 257.6 , Est Remaining: 251.7
176 259.0 , Est Remaining: 250.2
177 260.4 , Est Remaining: 248.6
178 261.9 , Est Remaining: 247.1
179 263.3 , Est Remaining: 245.7
180 264.7 , Est Remaining: 244.1
181 266.2 , Est Remaining: 242.7
182 267.6 , Est Remaining: 241.1
183 269.1 , Est Remaining: 239.7
184 270.5 , Est Remaining: 238.2
185 272.0 , Est Remaining: 236.7
186 273.4 , Est Remaining: 235.2
187 274.9 , Est Remaining: 233.7
188 276.3 , Est Remaining: 232.2
189 277.8 , Est Remaining: 230.8
190 279.3 , Est Remaining: 229.3
191 280.7 , Est Remaining: 227.8
192 282.2 , Est Remaining: 226.4
EVENT FAILED
192 282.5 , Est Remaining: 226.6
193 284.0 , Est Remaining: 225.2
194 285.5 , Est Remaining: 223.7
195 287.0 , Est Remaining: 222.2
196 288.5 , Est Remaining: 220.8
197 289.9 , Est Remaining: 219.3
EVENT FAILED
197 290.2 , Est Remaining: 219.5
198 291.7 , Est Remaining: 218.0
199 293.2 , Est Remaining: 216.6
200 294.6 , Est Remaining: 215.1
201 296.1 , Est Remaining: 213.6
202 297.5 , Est Remaining: 212.1
203 299.1 , Est Remaining: 210.7
204 300.6 , Est Remaining: 209.2
205 302.0 , Est Remaining: 207.7
206 303.5 , Est Remaining: 206.2
207 304.9 , Est Remaining: 204.7
208 306.4 , Est Remaining: 203.3
209 307.8 , Est Remaining: 201.8
210 309.3 , Est Remaining: 200.3
211 310.7 , Est Remaining: 198.8
212 312.2 , Est Remaining: 197.3
213 313.6 , Est Remaining: 195.8
214 315.1 , Est Remaining: 194.3
215 316.5 , Est Remaining: 192.9
216 318.0 , Est Remaining: 191.4
217 319.4 , Est Remaining: 189.9
218 320.9 , Est Remaining: 188.4
219 322.4 , Est Remaining: 187.0
220 323.9 , Est Remaining: 185.5
221 325.4 , Est Remaining: 184.0
222 326.8 , Est Remaining: 182.6
223 328.3 , Est Remaining: 181.1
EVENT FAILED
223 328.6 , Est Remaining: 181.3
224 330.1 , Est Remaining: 179.8
225 331.6 , Est Remaining: 178.3
226 333.0 , Est Remaining: 176.8
227 334.5 , Est Remaining: 175.3
228 335.9 , Est Remaining: 173.9
229 337.4 , Est Remaining: 172.4
230 338.9 , Est Remaining: 170.9
231 340.4 , Est Remaining: 169.4
232 341.8 , Est Remaining: 168.0
233 343.2 , Est Remaining: 166.5
234 344.7 , Est Remaining: 165.0
235 346.0 , Est Remaining: 163.5
236 347.4 , Est Remaining: 161.9
237 348.8 , Est Remaining: 160.4
238 350.3 , Est Remaining: 158.9
EVENT FAILED
238 351.4 , Est Remaining: 159.4
239 352.7 , Est Remaining: 157.9
240 354.1 , Est Remaining: 156.4
241 355.5 , Est Remaining: 154.9
242 356.9 , Est Remaining: 153.4
243 358.3 , Est Remaining: 151.9
244 359.7 , Est Remaining: 150.3
245 361.0 , Est Remaining: 148.8
246 362.4 , Est Remaining: 147.3
247 363.8 , Est Remaining: 145.8
248 365.2 , Est Remaining: 144.3
249 366.6 , Est Remaining: 142.8
250 368.0 , Est Remaining: 141.3
251 369.4 , Est Remaining: 139.8
252 370.8 , Est Remaining: 138.3
253 372.1 , Est Remaining: 136.8
EVENT FAILED
253 372.5 , Est Remaining: 136.9
254 373.8 , Est Remaining: 135.4
255 375.2 , Est Remaining: 133.9
256 376.6 , Est Remaining: 132.4
257 378.0 , Est Remaining: 130.9
258 379.4 , Est Remaining: 129.4
259 380.8 , Est Remaining: 127.9
260 382.2 , Est Remaining: 126.4
261 383.5 , Est Remaining: 124.9
262 384.9 , Est Remaining: 123.4
263 386.3 , Est Remaining: 121.9
264 387.7 , Est Remaining: 120.4
265 389.0 , Est Remaining: 118.9
266 390.4 , Est Remaining: 117.4
267 391.8 , Est Remaining: 115.9
268 393.2 , Est Remaining: 114.4
269 394.6 , Est Remaining: 112.9
270 395.9 , Est Remaining: 111.4
271 397.3 , Est Remaining: 110.0
272 398.7 , Est Remaining: 108.5
273 400.1 , Est Remaining: 107.0
274 401.5 , Est Remaining: 105.5
275 402.9 , Est Remaining: 104.0
276 404.3 , Est Remaining: 102.5
277 405.7 , Est Remaining: 101.1
278 407.1 , Est Remaining: 99.6
279 408.4 , Est Remaining: 98.1
280 409.8 , Est Remaining: 96.6
281 411.2 , Est Remaining: 95.1
282 412.6 , Est Remaining: 93.6
283 414.0 , Est Remaining: 92.2
284 415.4 , Est Remaining: 90.7
285 416.8 , Est Remaining: 89.2
286 418.2 , Est Remaining: 87.7
287 419.6 , Est Remaining: 86.3
288 420.9 , Est Remaining: 84.8
EVENT FAILED
288 421.2 , Est Remaining: 84.8
EVENT FAILED
288 421.6 , Est Remaining: 84.9
289 423.0 , Est Remaining: 83.4
290 424.3 , Est Remaining: 81.9
291 425.7 , Est Remaining: 80.5
292 427.1 , Est Remaining: 79.0
293 428.5 , Est Remaining: 77.5
294 429.9 , Est Remaining: 76.0
295 431.3 , Est Remaining: 74.6
296 432.8 , Est Remaining: 73.1
297 434.2 , Est Remaining: 71.6
298 435.6 , Est Remaining: 70.2
299 437.1 , Est Remaining: 68.7
300 438.5 , Est Remaining: 67.2
301 439.9 , Est Remaining: 65.8
302 441.5 , Est Remaining: 64.3
303 443.0 , Est Remaining: 62.9
304 444.4 , Est Remaining: 61.4
305 445.8 , Est Remaining: 59.9
EVENT FAILED
305 446.2 , Est Remaining: 60.0
306 447.6 , Est Remaining: 58.5
307 449.1 , Est Remaining: 57.0
308 450.5 , Est Remaining: 55.6
309 452.0 , Est Remaining: 54.1
310 453.4 , Est Remaining: 52.7
311 454.8 , Est Remaining: 51.2
312 456.3 , Est Remaining: 49.7
313 457.7 , Est Remaining: 48.3
314 459.1 , Est Remaining: 46.8
315 460.6 , Est Remaining: 45.3
316 462.0 , Est Remaining: 43.9
317 463.5 , Est Remaining: 42.4
318 464.9 , Est Remaining: 40.9
319 466.3 , Est Remaining: 39.5
320 467.8 , Est Remaining: 38.0
321 469.2 , Est Remaining: 36.5
322 470.6 , Est Remaining: 35.1
323 472.0 , Est Remaining: 33.6
324 473.4 , Est Remaining: 32.1
325 474.8 , Est Remaining: 30.7
326 476.2 , Est Remaining: 29.2
327 477.5 , Est Remaining: 27.7
328 478.9 , Est Remaining: 26.3
329 480.2 , Est Remaining: 24.8
330 481.6 , Est Remaining: 23.3
