Note: NumExpr detected 32 cores but "NUMEXPR_MAX_THREADS" not set, so enforcing safe limit of 8.
Using selector: EpollSelector
/n/home02/jhaefner/miniconda/envs/IC-3.7-2020-06-16/lib/python3.7/site-packages/scipy/optimize/minpack.py:808: OptimizeWarning: Covariance of the parameters could not be estimated
  category=OptimizeWarning)
Total rwfs: 346
0 0.0 , Est Remaining: 999999.9
1 1.6 , Est Remaining: 539.1
2 3.1 , Est Remaining: 529.0
3 4.7 , Est Remaining: 532.0
4 6.2 , Est Remaining: 525.9
5 7.7 , Est Remaining: 523.0
6 9.2 , Est Remaining: 519.7
7 10.7 , Est Remaining: 516.5
8 12.2 , Est Remaining: 514.6
9 13.7 , Est Remaining: 513.2
10 15.2 , Est Remaining: 510.8
11 16.7 , Est Remaining: 508.6
12 18.2 , Est Remaining: 506.5
13 19.7 , Est Remaining: 504.5
14 21.2 , Est Remaining: 502.4
15 22.7 , Est Remaining: 500.4
16 24.2 , Est Remaining: 498.7
17 25.7 , Est Remaining: 497.0
18 27.2 , Est Remaining: 495.5
19 28.7 , Est Remaining: 493.9
20 30.2 , Est Remaining: 492.1
21 31.7 , Est Remaining: 490.5
22 33.2 , Est Remaining: 488.9
23 34.7 , Est Remaining: 487.3
24 36.2 , Est Remaining: 485.5
25 37.7 , Est Remaining: 483.7
26 39.2 , Est Remaining: 481.9
27 40.7 , Est Remaining: 480.4
28 42.2 , Est Remaining: 478.8
29 43.6 , Est Remaining: 477.0
30 45.1 , Est Remaining: 475.3
31 46.6 , Est Remaining: 473.6
32 48.1 , Est Remaining: 472.2
33 49.6 , Est Remaining: 470.6
34 51.1 , Est Remaining: 468.9
35 52.6 , Est Remaining: 467.2
36 54.1 , Est Remaining: 465.6
37 55.6 , Est Remaining: 464.0
38 57.0 , Est Remaining: 462.4
39 58.5 , Est Remaining: 460.9
40 60.1 , Est Remaining: 459.5
41 61.6 , Est Remaining: 458.0
42 63.1 , Est Remaining: 456.4
43 64.5 , Est Remaining: 454.8
44 66.0 , Est Remaining: 453.1
EVENT FAILED
44 66.3 , Est Remaining: 455.3
45 67.8 , Est Remaining: 453.5
46 69.3 , Est Remaining: 451.9
47 70.8 , Est Remaining: 450.2
48 72.2 , Est Remaining: 448.5
49 73.7 , Est Remaining: 446.8
50 75.2 , Est Remaining: 445.1
51 76.7 , Est Remaining: 443.4
52 78.1 , Est Remaining: 441.7
EVENT FAILED
52 78.4 , Est Remaining: 443.5
53 79.9 , Est Remaining: 441.7
54 81.4 , Est Remaining: 440.2
55 82.9 , Est Remaining: 438.5
56 84.3 , Est Remaining: 436.8
57 85.8 , Est Remaining: 435.0
58 87.3 , Est Remaining: 433.4
59 88.7 , Est Remaining: 431.7
60 90.2 , Est Remaining: 430.0
61 91.7 , Est Remaining: 428.4
62 93.2 , Est Remaining: 426.8
63 94.7 , Est Remaining: 425.2
64 96.1 , Est Remaining: 423.6
65 97.6 , Est Remaining: 422.1
66 99.1 , Est Remaining: 420.5
67 100.6 , Est Remaining: 418.8
68 102.0 , Est Remaining: 417.2
69 103.5 , Est Remaining: 415.6
70 105.0 , Est Remaining: 414.0
71 106.5 , Est Remaining: 412.5
72 108.0 , Est Remaining: 410.9
73 109.5 , Est Remaining: 409.4
74 110.9 , Est Remaining: 407.8
75 112.4 , Est Remaining: 406.2
76 113.9 , Est Remaining: 404.5
77 115.3 , Est Remaining: 403.0
78 116.8 , Est Remaining: 401.4
79 118.3 , Est Remaining: 399.8
80 119.8 , Est Remaining: 398.3
81 121.3 , Est Remaining: 396.8
82 122.8 , Est Remaining: 395.2
83 124.2 , Est Remaining: 393.7
84 125.7 , Est Remaining: 392.2
85 127.2 , Est Remaining: 390.6
86 128.7 , Est Remaining: 389.0
87 130.1 , Est Remaining: 387.4
88 131.6 , Est Remaining: 385.9
89 133.1 , Est Remaining: 384.4
90 134.6 , Est Remaining: 382.9
91 136.1 , Est Remaining: 381.4
92 137.6 , Est Remaining: 379.9
93 139.1 , Est Remaining: 378.3
94 140.5 , Est Remaining: 376.7
95 142.0 , Est Remaining: 375.2
96 143.5 , Est Remaining: 373.6
97 145.0 , Est Remaining: 372.1
EVENT FAILED
97 145.3 , Est Remaining: 372.9
98 146.8 , Est Remaining: 371.4
99 148.3 , Est Remaining: 369.9
100 149.7 , Est Remaining: 368.4
EVENT FAILED
100 150.1 , Est Remaining: 369.1
101 151.5 , Est Remaining: 367.6
102 153.0 , Est Remaining: 366.0
103 154.6 , Est Remaining: 364.6
104 156.0 , Est Remaining: 363.1
105 157.5 , Est Remaining: 361.5
106 159.0 , Est Remaining: 360.0
107 160.5 , Est Remaining: 358.4
108 161.9 , Est Remaining: 356.8
109 163.4 , Est Remaining: 355.3
110 164.9 , Est Remaining: 353.7
111 166.4 , Est Remaining: 352.2
112 167.8 , Est Remaining: 350.6
113 169.3 , Est Remaining: 349.1
114 170.8 , Est Remaining: 347.5
115 172.2 , Est Remaining: 346.0
116 173.7 , Est Remaining: 344.4
117 175.2 , Est Remaining: 342.9
118 176.7 , Est Remaining: 341.4
119 178.1 , Est Remaining: 339.8
EVENT FAILED
119 178.5 , Est Remaining: 340.5
120 180.0 , Est Remaining: 339.0
121 181.5 , Est Remaining: 337.5
122 183.0 , Est Remaining: 335.9
123 184.4 , Est Remaining: 334.4
124 185.9 , Est Remaining: 332.8
125 187.4 , Est Remaining: 331.3
126 188.8 , Est Remaining: 329.7
127 190.3 , Est Remaining: 328.2
128 191.8 , Est Remaining: 326.7
129 193.3 , Est Remaining: 325.1
130 194.8 , Est Remaining: 323.7
131 196.3 , Est Remaining: 322.1
132 197.7 , Est Remaining: 320.5
133 199.2 , Est Remaining: 319.0
134 200.7 , Est Remaining: 317.5
135 202.1 , Est Remaining: 315.9
136 203.6 , Est Remaining: 314.4
137 205.0 , Est Remaining: 312.7
138 206.5 , Est Remaining: 311.2
139 208.0 , Est Remaining: 309.7
140 209.3 , Est Remaining: 308.0
141 210.8 , Est Remaining: 306.4
142 212.2 , Est Remaining: 304.9
143 213.7 , Est Remaining: 303.4
144 215.2 , Est Remaining: 301.9
145 216.7 , Est Remaining: 300.4
146 218.2 , Est Remaining: 298.8
147 219.6 , Est Remaining: 297.3
148 221.1 , Est Remaining: 295.8
149 222.6 , Est Remaining: 294.3
150 224.1 , Est Remaining: 292.8
151 225.6 , Est Remaining: 291.3
152 227.1 , Est Remaining: 289.8
153 228.5 , Est Remaining: 288.3
154 230.0 , Est Remaining: 286.8
155 231.5 , Est Remaining: 285.3
156 233.0 , Est Remaining: 283.8
157 234.5 , Est Remaining: 282.2
158 235.9 , Est Remaining: 280.7
159 237.4 , Est Remaining: 279.2
160 238.9 , Est Remaining: 277.7
161 240.3 , Est Remaining: 276.2
162 241.8 , Est Remaining: 274.7
163 243.3 , Est Remaining: 273.2
164 244.8 , Est Remaining: 271.6
165 246.3 , Est Remaining: 270.1
166 247.7 , Est Remaining: 268.6
167 249.2 , Est Remaining: 267.1
168 250.6 , Est Remaining: 265.6
169 252.1 , Est Remaining: 264.0
170 253.6 , Est Remaining: 262.6
171 255.1 , Est Remaining: 261.1
172 256.6 , Est Remaining: 259.6
173 258.0 , Est Remaining: 258.0
174 259.5 , Est Remaining: 256.5
175 261.0 , Est Remaining: 255.1
176 262.5 , Est Remaining: 253.6
177 264.0 , Est Remaining: 252.0
178 265.4 , Est Remaining: 250.5
179 266.8 , Est Remaining: 249.0
180 268.3 , Est Remaining: 247.4
181 269.8 , Est Remaining: 245.9
182 271.2 , Est Remaining: 244.4
183 272.6 , Est Remaining: 242.8
184 274.1 , Est Remaining: 241.3
185 275.5 , Est Remaining: 239.8
EVENT FAILED
185 275.8 , Est Remaining: 240.0
186 277.3 , Est Remaining: 238.5
187 278.7 , Est Remaining: 237.0
188 280.2 , Est Remaining: 235.5
189 281.6 , Est Remaining: 234.0
190 283.1 , Est Remaining: 232.4
191 284.6 , Est Remaining: 230.9
192 286.0 , Est Remaining: 229.4
193 287.4 , Est Remaining: 227.9
194 288.9 , Est Remaining: 226.3
195 290.3 , Est Remaining: 224.8
196 291.8 , Est Remaining: 223.3
197 293.2 , Est Remaining: 221.8
198 294.7 , Est Remaining: 220.2
199 296.1 , Est Remaining: 218.7
200 297.6 , Est Remaining: 217.2
201 299.0 , Est Remaining: 215.7
202 300.4 , Est Remaining: 214.2
203 302.0 , Est Remaining: 212.7
204 303.4 , Est Remaining: 211.2
205 304.8 , Est Remaining: 209.7
206 306.2 , Est Remaining: 208.1
207 307.7 , Est Remaining: 206.6
208 309.1 , Est Remaining: 205.1
209 310.5 , Est Remaining: 203.5
210 311.9 , Est Remaining: 202.0
211 313.4 , Est Remaining: 200.5
212 314.8 , Est Remaining: 199.0
213 316.2 , Est Remaining: 197.5
214 317.7 , Est Remaining: 195.9
215 319.1 , Est Remaining: 194.4
216 320.5 , Est Remaining: 192.9
217 322.0 , Est Remaining: 191.4
218 323.4 , Est Remaining: 189.9
219 324.8 , Est Remaining: 188.4
220 326.3 , Est Remaining: 186.9
221 327.7 , Est Remaining: 185.4
222 329.1 , Est Remaining: 183.8
223 330.6 , Est Remaining: 182.3
224 332.0 , Est Remaining: 180.8
225 333.4 , Est Remaining: 179.3
226 334.9 , Est Remaining: 177.8
227 336.3 , Est Remaining: 176.3
228 337.7 , Est Remaining: 174.8
229 339.1 , Est Remaining: 173.3
230 340.6 , Est Remaining: 171.8
231 342.0 , Est Remaining: 170.3
232 343.4 , Est Remaining: 168.7
233 344.8 , Est Remaining: 167.2
234 346.3 , Est Remaining: 165.7
235 347.7 , Est Remaining: 164.2
236 349.1 , Est Remaining: 162.7
237 350.5 , Est Remaining: 161.2
238 351.9 , Est Remaining: 159.7
239 353.4 , Est Remaining: 158.2
240 354.8 , Est Remaining: 156.7
241 356.2 , Est Remaining: 155.2
242 357.5 , Est Remaining: 153.7
243 359.0 , Est Remaining: 152.2
244 360.4 , Est Remaining: 150.7
245 361.8 , Est Remaining: 149.2
246 363.3 , Est Remaining: 147.7
247 364.7 , Est Remaining: 146.2
248 366.2 , Est Remaining: 144.7
249 367.7 , Est Remaining: 143.2
250 369.1 , Est Remaining: 141.7
251 370.5 , Est Remaining: 140.2
252 372.0 , Est Remaining: 138.7
253 373.4 , Est Remaining: 137.3
254 374.8 , Est Remaining: 135.8
255 376.2 , Est Remaining: 134.3
256 377.6 , Est Remaining: 132.8
257 379.1 , Est Remaining: 131.3
258 380.5 , Est Remaining: 129.8
259 381.9 , Est Remaining: 128.3
260 383.3 , Est Remaining: 126.8
261 384.8 , Est Remaining: 125.3
262 386.2 , Est Remaining: 123.8
263 387.6 , Est Remaining: 122.3
264 389.0 , Est Remaining: 120.8
265 390.4 , Est Remaining: 119.3
266 391.8 , Est Remaining: 117.8
267 393.2 , Est Remaining: 116.3
268 394.6 , Est Remaining: 114.8
269 396.0 , Est Remaining: 113.4
270 397.4 , Est Remaining: 111.9
EVENT FAILED
270 397.7 , Est Remaining: 111.9
271 399.1 , Est Remaining: 110.5
EVENT FAILED
271 399.4 , Est Remaining: 110.5
272 400.8 , Est Remaining: 109.0
273 402.2 , Est Remaining: 107.6
274 403.7 , Est Remaining: 106.1
EVENT FAILED
274 404.0 , Est Remaining: 106.2
275 405.4 , Est Remaining: 104.7
276 406.8 , Est Remaining: 103.2
277 408.2 , Est Remaining: 101.7
EVENT FAILED
277 408.5 , Est Remaining: 101.8
278 409.9 , Est Remaining: 100.3
279 411.3 , Est Remaining: 98.8
280 412.6 , Est Remaining: 97.3
281 414.0 , Est Remaining: 95.8
282 415.4 , Est Remaining: 94.3
283 416.8 , Est Remaining: 92.8
284 418.2 , Est Remaining: 91.3
285 419.6 , Est Remaining: 89.8
286 421.0 , Est Remaining: 88.3
287 422.4 , Est Remaining: 86.8
288 423.8 , Est Remaining: 85.3
EVENT FAILED
288 424.1 , Est Remaining: 85.4
289 425.5 , Est Remaining: 83.9
290 426.9 , Est Remaining: 82.4
291 428.3 , Est Remaining: 80.9
292 429.7 , Est Remaining: 79.5
293 431.1 , Est Remaining: 78.0
294 432.4 , Est Remaining: 76.5
295 433.8 , Est Remaining: 75.0
296 435.2 , Est Remaining: 73.5
297 436.6 , Est Remaining: 72.0
298 438.0 , Est Remaining: 70.6
299 439.4 , Est Remaining: 69.1
300 440.8 , Est Remaining: 67.6
301 442.2 , Est Remaining: 66.1
302 443.7 , Est Remaining: 64.6
303 445.1 , Est Remaining: 63.2
304 446.5 , Est Remaining: 61.7
305 447.9 , Est Remaining: 60.2
306 449.3 , Est Remaining: 58.7
307 450.7 , Est Remaining: 57.3
308 452.1 , Est Remaining: 55.8
309 453.5 , Est Remaining: 54.3
310 454.8 , Est Remaining: 52.8
311 456.2 , Est Remaining: 51.3
312 457.6 , Est Remaining: 49.9
313 459.0 , Est Remaining: 48.4
314 460.4 , Est Remaining: 46.9
315 461.9 , Est Remaining: 45.5
316 463.3 , Est Remaining: 44.0
317 464.7 , Est Remaining: 42.5
318 466.1 , Est Remaining: 41.0
319 467.5 , Est Remaining: 39.6
320 469.0 , Est Remaining: 38.1
321 470.4 , Est Remaining: 36.6
322 471.8 , Est Remaining: 35.2
323 473.2 , Est Remaining: 33.7
324 474.6 , Est Remaining: 32.2
325 476.1 , Est Remaining: 30.8
326 477.5 , Est Remaining: 29.3
327 478.9 , Est Remaining: 27.8
328 480.3 , Est Remaining: 26.4
EVENT FAILED
328 480.6 , Est Remaining: 26.4
329 482.1 , Est Remaining: 24.9
330 483.5 , Est Remaining: 23.4
331 484.9 , Est Remaining: 22.0
332 486.3 , Est Remaining: 20.5
333 487.7 , Est Remaining: 19.0
