Note: NumExpr detected 32 cores but "NUMEXPR_MAX_THREADS" not set, so enforcing safe limit of 8.
Using selector: EpollSelector
/n/home02/jhaefner/miniconda/envs/IC-3.7-2020-06-16/lib/python3.7/site-packages/scipy/optimize/minpack.py:808: OptimizeWarning: Covariance of the parameters could not be estimated
  category=OptimizeWarning)
Total rwfs: 346
0 0.0 , Est Remaining: 999999.9
1 1.4 , Est Remaining: 482.8
2 2.8 , Est Remaining: 478.3
3 4.1 , Est Remaining: 473.7
4 5.5 , Est Remaining: 470.3
5 6.9 , Est Remaining: 467.7
6 8.2 , Est Remaining: 466.7
7 9.6 , Est Remaining: 464.1
8 10.9 , Est Remaining: 461.9
9 12.3 , Est Remaining: 459.8
10 13.6 , Est Remaining: 458.3
11 15.0 , Est Remaining: 457.3
12 16.4 , Est Remaining: 456.3
13 17.8 , Est Remaining: 454.7
14 19.1 , Est Remaining: 453.3
15 20.5 , Est Remaining: 451.8
16 21.8 , Est Remaining: 450.3
17 23.2 , Est Remaining: 448.8
18 24.6 , Est Remaining: 447.7
19 25.9 , Est Remaining: 446.2
EVENT FAILED
19 26.2 , Est Remaining: 451.4
20 27.6 , Est Remaining: 449.7
21 29.0 , Est Remaining: 448.0
22 30.3 , Est Remaining: 446.2
23 31.6 , Est Remaining: 444.4
24 33.0 , Est Remaining: 442.8
25 34.4 , Est Remaining: 441.1
26 35.7 , Est Remaining: 439.4
27 37.1 , Est Remaining: 437.8
28 38.4 , Est Remaining: 436.2
29 39.8 , Est Remaining: 434.6
30 41.1 , Est Remaining: 433.1
31 42.5 , Est Remaining: 431.4
32 43.8 , Est Remaining: 429.9
33 45.2 , Est Remaining: 428.4
34 46.5 , Est Remaining: 427.0
35 47.9 , Est Remaining: 425.5
36 49.2 , Est Remaining: 424.0
37 50.6 , Est Remaining: 422.5
38 51.9 , Est Remaining: 421.0
39 53.3 , Est Remaining: 419.4
40 54.6 , Est Remaining: 417.9
41 56.0 , Est Remaining: 416.4
42 57.4 , Est Remaining: 415.2
43 58.7 , Est Remaining: 413.8
44 60.1 , Est Remaining: 412.3
45 61.4 , Est Remaining: 410.8
46 62.8 , Est Remaining: 409.3
47 64.1 , Est Remaining: 407.8
48 65.4 , Est Remaining: 406.3
49 66.8 , Est Remaining: 404.9
50 68.2 , Est Remaining: 403.6
51 69.5 , Est Remaining: 402.1
52 70.9 , Est Remaining: 400.7
53 72.2 , Est Remaining: 399.2
54 73.6 , Est Remaining: 397.9
55 74.9 , Est Remaining: 396.5
56 76.3 , Est Remaining: 395.0
57 77.6 , Est Remaining: 393.6
58 79.0 , Est Remaining: 392.3
59 80.4 , Est Remaining: 391.0
60 81.7 , Est Remaining: 389.6
EVENT FAILED
60 82.0 , Est Remaining: 391.0
61 83.4 , Est Remaining: 389.5
62 84.7 , Est Remaining: 388.1
63 86.1 , Est Remaining: 386.7
64 87.4 , Est Remaining: 385.3
65 88.8 , Est Remaining: 383.9
66 90.1 , Est Remaining: 382.4
67 91.4 , Est Remaining: 380.8
68 92.8 , Est Remaining: 379.3
69 94.1 , Est Remaining: 377.9
70 95.5 , Est Remaining: 376.5
71 96.8 , Est Remaining: 375.0
72 98.1 , Est Remaining: 373.5
73 99.5 , Est Remaining: 372.0
74 100.8 , Est Remaining: 370.6
75 102.2 , Est Remaining: 369.2
76 103.5 , Est Remaining: 367.8
77 104.9 , Est Remaining: 366.4
78 106.2 , Est Remaining: 365.0
79 107.6 , Est Remaining: 363.7
80 109.0 , Est Remaining: 362.3
81 110.3 , Est Remaining: 360.9
82 111.7 , Est Remaining: 359.6
83 113.0 , Est Remaining: 358.2
84 114.4 , Est Remaining: 356.8
85 115.8 , Est Remaining: 355.5
86 117.1 , Est Remaining: 354.1
87 118.5 , Est Remaining: 352.7
88 119.8 , Est Remaining: 351.4
89 121.2 , Est Remaining: 350.1
90 122.6 , Est Remaining: 348.7
91 124.0 , Est Remaining: 347.4
92 125.3 , Est Remaining: 346.0
93 126.7 , Est Remaining: 344.7
94 128.1 , Est Remaining: 343.3
95 129.4 , Est Remaining: 342.0
96 130.8 , Est Remaining: 340.7
97 132.2 , Est Remaining: 339.4
98 133.6 , Est Remaining: 338.0
99 134.9 , Est Remaining: 336.7
100 136.3 , Est Remaining: 335.3
101 137.7 , Est Remaining: 334.0
102 139.0 , Est Remaining: 332.6
103 140.5 , Est Remaining: 331.4
104 141.8 , Est Remaining: 330.1
105 143.2 , Est Remaining: 328.7
106 144.6 , Est Remaining: 327.3
107 145.9 , Est Remaining: 326.0
108 147.3 , Est Remaining: 324.6
109 148.7 , Est Remaining: 323.3
110 150.0 , Est Remaining: 321.9
111 151.4 , Est Remaining: 320.5
112 152.8 , Est Remaining: 319.1
113 154.1 , Est Remaining: 317.8
114 155.5 , Est Remaining: 316.4
115 156.8 , Est Remaining: 315.0
116 158.2 , Est Remaining: 313.7
117 159.6 , Est Remaining: 312.3
118 160.9 , Est Remaining: 310.9
119 162.3 , Est Remaining: 309.5
120 163.6 , Est Remaining: 308.2
121 165.0 , Est Remaining: 306.8
122 166.3 , Est Remaining: 305.4
123 167.7 , Est Remaining: 304.0
124 169.0 , Est Remaining: 302.6
125 170.4 , Est Remaining: 301.2
126 171.7 , Est Remaining: 299.8
127 173.1 , Est Remaining: 298.4
128 174.4 , Est Remaining: 297.1
129 175.8 , Est Remaining: 295.7
130 177.1 , Est Remaining: 294.3
131 178.3 , Est Remaining: 292.7
132 179.7 , Est Remaining: 291.3
133 181.1 , Est Remaining: 290.0
134 182.4 , Est Remaining: 288.6
135 183.8 , Est Remaining: 287.3
136 185.1 , Est Remaining: 285.9
137 186.5 , Est Remaining: 284.5
138 187.9 , Est Remaining: 283.2
139 189.2 , Est Remaining: 281.8
140 190.6 , Est Remaining: 280.5
141 192.0 , Est Remaining: 279.1
142 193.4 , Est Remaining: 277.8
143 194.8 , Est Remaining: 276.5
144 196.1 , Est Remaining: 275.1
145 197.5 , Est Remaining: 273.7
146 198.8 , Est Remaining: 272.4
147 200.2 , Est Remaining: 271.0
148 201.6 , Est Remaining: 269.7
149 202.9 , Est Remaining: 268.3
150 204.3 , Est Remaining: 266.9
EVENT FAILED
150 204.6 , Est Remaining: 267.3
151 206.0 , Est Remaining: 266.0
152 207.3 , Est Remaining: 264.6
153 208.7 , Est Remaining: 263.3
154 210.1 , Est Remaining: 261.9
155 211.4 , Est Remaining: 260.5
156 212.8 , Est Remaining: 259.2
EVENT FAILED
156 213.1 , Est Remaining: 259.5
157 214.4 , Est Remaining: 258.1
158 215.8 , Est Remaining: 256.8
159 217.2 , Est Remaining: 255.4
160 218.5 , Est Remaining: 254.0
161 219.9 , Est Remaining: 252.7
162 221.3 , Est Remaining: 251.3
163 222.6 , Est Remaining: 250.0
164 224.0 , Est Remaining: 248.6
165 225.4 , Est Remaining: 247.2
166 226.7 , Est Remaining: 245.8
167 228.1 , Est Remaining: 244.5
168 229.5 , Est Remaining: 243.1
169 230.8 , Est Remaining: 241.8
EVENT FAILED
169 231.1 , Est Remaining: 242.1
170 232.5 , Est Remaining: 240.7
171 233.9 , Est Remaining: 239.3
172 235.2 , Est Remaining: 237.9
173 236.6 , Est Remaining: 236.6
174 237.9 , Est Remaining: 235.2
175 239.3 , Est Remaining: 233.8
176 240.7 , Est Remaining: 232.5
177 242.0 , Est Remaining: 231.1
178 243.4 , Est Remaining: 229.7
EVENT FAILED
178 243.7 , Est Remaining: 230.0
EVENT FAILED
178 243.9 , Est Remaining: 230.2
179 245.3 , Est Remaining: 228.8
180 246.7 , Est Remaining: 227.5
181 248.0 , Est Remaining: 226.1
182 249.4 , Est Remaining: 224.7
183 250.7 , Est Remaining: 223.3
184 252.1 , Est Remaining: 222.0
185 253.4 , Est Remaining: 220.5
186 254.8 , Est Remaining: 219.1
187 256.1 , Est Remaining: 217.8
188 257.5 , Est Remaining: 216.4
189 258.8 , Est Remaining: 215.0
190 260.2 , Est Remaining: 213.6
191 261.5 , Est Remaining: 212.2
192 262.9 , Est Remaining: 210.8
193 264.2 , Est Remaining: 209.5
194 265.6 , Est Remaining: 208.1
195 266.9 , Est Remaining: 206.7
196 268.3 , Est Remaining: 205.3
197 269.7 , Est Remaining: 204.0
198 271.0 , Est Remaining: 202.6
199 272.4 , Est Remaining: 201.2
200 273.7 , Est Remaining: 199.8
201 275.1 , Est Remaining: 198.4
202 276.4 , Est Remaining: 197.1
203 277.9 , Est Remaining: 195.7
204 279.2 , Est Remaining: 194.4
205 280.6 , Est Remaining: 193.0
206 281.9 , Est Remaining: 191.6
207 283.3 , Est Remaining: 190.2
208 284.6 , Est Remaining: 188.8
209 286.0 , Est Remaining: 187.5
210 287.3 , Est Remaining: 186.1
211 288.8 , Est Remaining: 184.8
212 290.1 , Est Remaining: 183.4
213 291.5 , Est Remaining: 182.0
214 292.8 , Est Remaining: 180.6
215 294.2 , Est Remaining: 179.2
216 295.5 , Est Remaining: 177.8
EVENT FAILED
216 296.1 , Est Remaining: 178.2
217 297.5 , Est Remaining: 176.8
EVENT FAILED
217 297.8 , Est Remaining: 177.0
218 299.1 , Est Remaining: 175.6
219 300.5 , Est Remaining: 174.2
220 301.9 , Est Remaining: 172.9
221 303.2 , Est Remaining: 171.5
222 304.6 , Est Remaining: 170.1
223 305.8 , Est Remaining: 168.7
EVENT FAILED
223 306.1 , Est Remaining: 168.8
224 307.5 , Est Remaining: 167.5
225 308.8 , Est Remaining: 166.1
226 310.2 , Est Remaining: 164.7
227 311.6 , Est Remaining: 163.3
228 312.9 , Est Remaining: 161.9
229 314.3 , Est Remaining: 160.6
230 315.6 , Est Remaining: 159.2
231 317.0 , Est Remaining: 157.8
232 318.3 , Est Remaining: 156.4
233 319.7 , Est Remaining: 155.0
234 321.0 , Est Remaining: 153.7
235 322.4 , Est Remaining: 152.3
236 323.7 , Est Remaining: 150.9
237 325.1 , Est Remaining: 149.5
238 326.5 , Est Remaining: 148.1
239 327.8 , Est Remaining: 146.8
240 329.2 , Est Remaining: 145.4
241 330.5 , Est Remaining: 144.0
242 331.9 , Est Remaining: 142.6
243 333.2 , Est Remaining: 141.2
244 334.5 , Est Remaining: 139.9
245 335.9 , Est Remaining: 138.5
246 337.2 , Est Remaining: 137.1
247 338.6 , Est Remaining: 135.7
248 339.9 , Est Remaining: 134.3
249 341.3 , Est Remaining: 133.0
250 342.6 , Est Remaining: 131.6
251 344.0 , Est Remaining: 130.2
252 345.4 , Est Remaining: 128.8
253 346.7 , Est Remaining: 127.4
254 348.1 , Est Remaining: 126.1
255 349.4 , Est Remaining: 124.7
256 350.8 , Est Remaining: 123.3
257 352.1 , Est Remaining: 121.9
258 353.5 , Est Remaining: 120.6
259 354.8 , Est Remaining: 119.2
260 356.2 , Est Remaining: 117.8
261 357.6 , Est Remaining: 116.4
262 358.9 , Est Remaining: 115.1
263 360.3 , Est Remaining: 113.7
264 361.7 , Est Remaining: 112.3
265 363.0 , Est Remaining: 111.0
266 364.4 , Est Remaining: 109.6
267 365.7 , Est Remaining: 108.2
268 367.1 , Est Remaining: 106.8
269 368.4 , Est Remaining: 105.5
270 369.7 , Est Remaining: 104.1
271 371.1 , Est Remaining: 102.7
272 372.4 , Est Remaining: 101.3
273 373.8 , Est Remaining: 99.9
274 375.1 , Est Remaining: 98.6
275 376.5 , Est Remaining: 97.2
276 377.8 , Est Remaining: 95.8
277 379.2 , Est Remaining: 94.5
278 380.5 , Est Remaining: 93.1
279 381.9 , Est Remaining: 91.7
280 383.2 , Est Remaining: 90.3
281 384.6 , Est Remaining: 89.0
EVENT FAILED
281 384.9 , Est Remaining: 89.0
282 386.3 , Est Remaining: 87.7
283 387.6 , Est Remaining: 86.3
284 389.0 , Est Remaining: 84.9
285 390.3 , Est Remaining: 83.5
286 391.7 , Est Remaining: 82.2
287 393.0 , Est Remaining: 80.8
288 394.4 , Est Remaining: 79.4
289 395.7 , Est Remaining: 78.1
290 397.1 , Est Remaining: 76.7
291 398.4 , Est Remaining: 75.3
292 399.8 , Est Remaining: 73.9
293 401.2 , Est Remaining: 72.6
294 402.5 , Est Remaining: 71.2
295 403.9 , Est Remaining: 69.8
296 405.3 , Est Remaining: 68.5
297 406.6 , Est Remaining: 67.1
298 408.0 , Est Remaining: 65.7
299 409.3 , Est Remaining: 64.3
300 410.7 , Est Remaining: 63.0
301 412.1 , Est Remaining: 61.6
302 413.6 , Est Remaining: 60.3
303 415.0 , Est Remaining: 58.9
304 416.3 , Est Remaining: 57.5
305 417.7 , Est Remaining: 56.2
306 419.1 , Est Remaining: 54.8
307 420.4 , Est Remaining: 53.4
308 421.8 , Est Remaining: 52.0
309 423.2 , Est Remaining: 50.7
310 424.5 , Est Remaining: 49.3
311 425.9 , Est Remaining: 47.9
312 427.3 , Est Remaining: 46.6
313 428.6 , Est Remaining: 45.2
314 430.0 , Est Remaining: 43.8
315 431.4 , Est Remaining: 42.5
316 432.7 , Est Remaining: 41.1
317 434.1 , Est Remaining: 39.7
318 435.5 , Est Remaining: 38.3
319 436.8 , Est Remaining: 37.0
320 438.2 , Est Remaining: 35.6
321 439.5 , Est Remaining: 34.2
322 440.9 , Est Remaining: 32.9
323 442.2 , Est Remaining: 31.5
324 443.6 , Est Remaining: 30.1
325 444.9 , Est Remaining: 28.7
326 446.2 , Est Remaining: 27.4
327 447.6 , Est Remaining: 26.0
328 448.9 , Est Remaining: 24.6
329 450.3 , Est Remaining: 23.3
330 451.6 , Est Remaining: 21.9
331 452.9 , Est Remaining: 20.5
332 454.3 , Est Remaining: 19.2
333 455.7 , Est Remaining: 17.8
334 457.0 , Est Remaining: 16.4
