Note: NumExpr detected 32 cores but "NUMEXPR_MAX_THREADS" not set, so enforcing safe limit of 8.
Using selector: EpollSelector
/n/home02/jhaefner/miniconda/envs/IC-3.7-2020-06-16/lib/python3.7/site-packages/scipy/optimize/minpack.py:808: OptimizeWarning: Covariance of the parameters could not be estimated
  category=OptimizeWarning)
Total rwfs: 346
0 0.0 , Est Remaining: 999999.9
1 1.5 , Est Remaining: 518.4
2 3.0 , Est Remaining: 512.4
3 4.5 , Est Remaining: 513.0
4 5.9 , Est Remaining: 508.1
5 7.4 , Est Remaining: 502.8
6 8.8 , Est Remaining: 500.5
7 10.3 , Est Remaining: 498.3
8 11.7 , Est Remaining: 495.9
9 13.2 , Est Remaining: 494.6
10 14.7 , Est Remaining: 492.9
11 16.1 , Est Remaining: 490.5
12 17.6 , Est Remaining: 489.1
13 19.0 , Est Remaining: 487.1
14 20.5 , Est Remaining: 485.1
15 21.9 , Est Remaining: 482.9
16 23.3 , Est Remaining: 480.9
17 24.7 , Est Remaining: 478.7
18 26.2 , Est Remaining: 476.5
19 27.6 , Est Remaining: 474.7
20 29.0 , Est Remaining: 472.9
21 30.4 , Est Remaining: 470.7
22 31.9 , Est Remaining: 469.2
23 33.3 , Est Remaining: 467.5
24 34.7 , Est Remaining: 465.5
25 36.0 , Est Remaining: 461.9
26 37.4 , Est Remaining: 460.4
27 38.8 , Est Remaining: 458.7
28 40.3 , Est Remaining: 457.3
29 41.7 , Est Remaining: 455.6
30 43.1 , Est Remaining: 454.1
31 44.5 , Est Remaining: 452.6
32 46.0 , Est Remaining: 451.0
EVENT FAILED
32 46.3 , Est Remaining: 454.0
33 47.7 , Est Remaining: 452.3
34 49.1 , Est Remaining: 450.5
35 50.5 , Est Remaining: 448.7
36 51.9 , Est Remaining: 447.3
37 53.4 , Est Remaining: 445.8
38 54.8 , Est Remaining: 444.2
39 56.2 , Est Remaining: 442.7
40 57.7 , Est Remaining: 441.1
41 59.1 , Est Remaining: 439.5
42 60.5 , Est Remaining: 437.9
43 61.9 , Est Remaining: 436.5
44 63.4 , Est Remaining: 434.9
45 64.8 , Est Remaining: 433.3
EVENT FAILED
45 65.1 , Est Remaining: 435.4
46 66.5 , Est Remaining: 433.8
EVENT FAILED
46 66.8 , Est Remaining: 435.8
47 68.2 , Est Remaining: 434.2
48 69.7 , Est Remaining: 432.5
49 71.1 , Est Remaining: 430.7
50 72.5 , Est Remaining: 429.0
51 73.9 , Est Remaining: 427.2
52 75.3 , Est Remaining: 425.6
53 76.7 , Est Remaining: 423.9
54 78.1 , Est Remaining: 422.3
55 79.5 , Est Remaining: 420.8
56 81.0 , Est Remaining: 419.3
57 82.4 , Est Remaining: 417.7
58 83.8 , Est Remaining: 416.2
59 85.2 , Est Remaining: 414.7
60 86.7 , Est Remaining: 413.2
61 88.1 , Est Remaining: 411.7
EVENT FAILED
61 88.4 , Est Remaining: 413.2
62 89.9 , Est Remaining: 411.6
63 91.3 , Est Remaining: 410.1
64 92.7 , Est Remaining: 408.5
EVENT FAILED
64 93.0 , Est Remaining: 409.9
65 94.5 , Est Remaining: 408.3
66 95.9 , Est Remaining: 406.7
67 97.3 , Est Remaining: 405.2
68 98.7 , Est Remaining: 403.6
69 100.1 , Est Remaining: 402.0
70 101.6 , Est Remaining: 400.5
71 103.0 , Est Remaining: 399.0
72 104.5 , Est Remaining: 397.7
73 106.0 , Est Remaining: 396.3
74 107.4 , Est Remaining: 394.8
75 108.8 , Est Remaining: 393.2
76 110.3 , Est Remaining: 391.7
77 111.7 , Est Remaining: 390.2
78 113.1 , Est Remaining: 388.7
79 114.6 , Est Remaining: 387.2
80 116.0 , Est Remaining: 385.7
81 117.4 , Est Remaining: 384.2
82 118.8 , Est Remaining: 382.6
83 120.3 , Est Remaining: 381.1
84 121.7 , Est Remaining: 379.6
85 123.1 , Est Remaining: 378.1
86 124.6 , Est Remaining: 376.6
87 126.0 , Est Remaining: 375.1
88 127.5 , Est Remaining: 373.7
89 128.9 , Est Remaining: 372.2
90 130.3 , Est Remaining: 370.7
91 131.7 , Est Remaining: 369.1
92 133.1 , Est Remaining: 367.6
93 134.6 , Est Remaining: 366.1
94 136.0 , Est Remaining: 364.5
95 137.4 , Est Remaining: 363.0
96 138.8 , Est Remaining: 361.6
97 140.3 , Est Remaining: 360.1
98 141.7 , Est Remaining: 358.6
99 143.1 , Est Remaining: 357.0
100 144.5 , Est Remaining: 355.6
101 146.0 , Est Remaining: 354.1
102 147.4 , Est Remaining: 352.7
103 149.0 , Est Remaining: 351.4
104 150.4 , Est Remaining: 349.9
105 151.8 , Est Remaining: 348.5
106 153.3 , Est Remaining: 347.0
107 154.7 , Est Remaining: 345.5
108 156.1 , Est Remaining: 344.1
109 157.6 , Est Remaining: 342.6
110 159.0 , Est Remaining: 341.1
111 160.5 , Est Remaining: 339.7
112 161.9 , Est Remaining: 338.3
113 163.4 , Est Remaining: 336.8
114 164.8 , Est Remaining: 335.4
115 166.3 , Est Remaining: 334.0
116 167.7 , Est Remaining: 332.5
117 169.1 , Est Remaining: 331.0
118 170.5 , Est Remaining: 329.5
119 172.0 , Est Remaining: 328.0
120 173.4 , Est Remaining: 326.5
121 174.8 , Est Remaining: 325.0
122 176.2 , Est Remaining: 323.5
123 177.6 , Est Remaining: 322.0
124 179.0 , Est Remaining: 320.5
125 180.5 , Est Remaining: 319.0
126 181.9 , Est Remaining: 317.5
127 183.2 , Est Remaining: 316.0
128 184.6 , Est Remaining: 314.5
129 186.1 , Est Remaining: 313.0
130 187.5 , Est Remaining: 311.5
131 188.9 , Est Remaining: 310.0
132 190.3 , Est Remaining: 308.6
133 191.7 , Est Remaining: 307.1
134 193.2 , Est Remaining: 305.6
135 194.6 , Est Remaining: 304.1
136 196.0 , Est Remaining: 302.7
137 197.5 , Est Remaining: 301.2
138 198.9 , Est Remaining: 299.8
139 200.3 , Est Remaining: 298.3
140 201.7 , Est Remaining: 296.8
141 203.2 , Est Remaining: 295.4
142 204.6 , Est Remaining: 293.9
143 206.0 , Est Remaining: 292.5
144 207.4 , Est Remaining: 291.0
145 208.8 , Est Remaining: 289.5
146 210.3 , Est Remaining: 288.0
147 211.7 , Est Remaining: 286.6
148 213.1 , Est Remaining: 285.1
149 214.5 , Est Remaining: 283.7
150 216.0 , Est Remaining: 282.2
151 217.4 , Est Remaining: 280.7
152 218.8 , Est Remaining: 279.3
153 220.2 , Est Remaining: 277.8
154 221.7 , Est Remaining: 276.4
155 223.1 , Est Remaining: 274.9
156 224.5 , Est Remaining: 273.4
157 225.9 , Est Remaining: 271.9
158 227.3 , Est Remaining: 270.5
159 228.7 , Est Remaining: 269.0
160 230.1 , Est Remaining: 267.5
161 231.5 , Est Remaining: 266.1
162 233.0 , Est Remaining: 264.6
163 234.4 , Est Remaining: 263.2
164 235.8 , Est Remaining: 261.7
165 237.2 , Est Remaining: 260.2
166 238.7 , Est Remaining: 258.8
167 240.1 , Est Remaining: 257.3
168 241.5 , Est Remaining: 255.9
169 242.9 , Est Remaining: 254.4
170 244.4 , Est Remaining: 253.0
171 245.8 , Est Remaining: 251.5
172 247.2 , Est Remaining: 250.1
173 248.6 , Est Remaining: 248.6
174 250.0 , Est Remaining: 247.1
175 251.4 , Est Remaining: 245.7
176 252.8 , Est Remaining: 244.2
177 254.2 , Est Remaining: 242.7
178 255.6 , Est Remaining: 241.3
179 257.0 , Est Remaining: 239.8
180 258.5 , Est Remaining: 238.4
181 259.9 , Est Remaining: 236.9
182 261.3 , Est Remaining: 235.5
183 262.8 , Est Remaining: 234.0
184 264.2 , Est Remaining: 232.6
185 265.6 , Est Remaining: 231.2
186 267.0 , Est Remaining: 229.7
187 268.5 , Est Remaining: 228.3
188 269.9 , Est Remaining: 226.8
189 271.3 , Est Remaining: 225.4
190 272.8 , Est Remaining: 224.0
191 274.2 , Est Remaining: 222.5
192 275.6 , Est Remaining: 221.1
193 277.0 , Est Remaining: 219.6
194 278.5 , Est Remaining: 218.2
195 279.9 , Est Remaining: 216.7
196 281.3 , Est Remaining: 215.3
197 282.7 , Est Remaining: 213.8
198 284.1 , Est Remaining: 212.4
199 285.6 , Est Remaining: 210.9
200 287.0 , Est Remaining: 209.5
201 288.4 , Est Remaining: 208.0
202 289.8 , Est Remaining: 206.6
203 291.3 , Est Remaining: 205.2
204 292.8 , Est Remaining: 203.8
205 294.2 , Est Remaining: 202.3
206 295.6 , Est Remaining: 200.9
207 297.0 , Est Remaining: 199.5
208 298.5 , Est Remaining: 198.0
209 299.8 , Est Remaining: 196.5
210 301.3 , Est Remaining: 195.1
211 302.7 , Est Remaining: 193.7
212 304.1 , Est Remaining: 192.2
213 305.5 , Est Remaining: 190.8
214 306.9 , Est Remaining: 189.3
215 308.3 , Est Remaining: 187.9
216 309.7 , Est Remaining: 186.4
217 311.1 , Est Remaining: 184.9
218 312.5 , Est Remaining: 183.5
219 313.9 , Est Remaining: 182.0
220 315.3 , Est Remaining: 180.6
221 316.7 , Est Remaining: 179.1
222 318.1 , Est Remaining: 177.7
223 319.6 , Est Remaining: 176.3
224 321.0 , Est Remaining: 174.8
EVENT FAILED
224 321.3 , Est Remaining: 175.0
225 322.7 , Est Remaining: 173.5
226 324.1 , Est Remaining: 172.1
227 325.5 , Est Remaining: 170.7
228 326.9 , Est Remaining: 169.2
229 328.4 , Est Remaining: 167.8
230 329.8 , Est Remaining: 166.3
231 331.2 , Est Remaining: 164.9
EVENT FAILED
231 331.5 , Est Remaining: 165.0
232 332.9 , Est Remaining: 163.6
233 334.4 , Est Remaining: 162.2
234 335.8 , Est Remaining: 160.7
EVENT FAILED
234 336.1 , Est Remaining: 160.9
235 337.5 , Est Remaining: 159.4
236 338.9 , Est Remaining: 158.0
237 340.5 , Est Remaining: 156.6
238 341.9 , Est Remaining: 155.2
239 343.4 , Est Remaining: 153.7
240 344.8 , Est Remaining: 152.3
241 346.2 , Est Remaining: 150.8
242 347.6 , Est Remaining: 149.4
243 349.0 , Est Remaining: 147.9
244 350.5 , Est Remaining: 146.5
245 351.9 , Est Remaining: 145.1
246 353.3 , Est Remaining: 143.6
247 354.7 , Est Remaining: 142.2
248 356.1 , Est Remaining: 140.7
EVENT FAILED
248 356.4 , Est Remaining: 140.9
249 357.9 , Est Remaining: 139.4
250 359.2 , Est Remaining: 138.0
251 360.7 , Est Remaining: 136.5
252 362.0 , Est Remaining: 135.0
253 363.5 , Est Remaining: 133.6
254 364.9 , Est Remaining: 132.2
255 366.3 , Est Remaining: 130.7
256 367.8 , Est Remaining: 129.3
257 369.2 , Est Remaining: 127.9
258 370.6 , Est Remaining: 126.4
259 372.0 , Est Remaining: 125.0
260 373.5 , Est Remaining: 123.5
EVENT FAILED
260 373.8 , Est Remaining: 123.6
261 375.2 , Est Remaining: 122.2
262 376.6 , Est Remaining: 120.7
263 378.0 , Est Remaining: 119.3
264 379.3 , Est Remaining: 117.8
265 380.7 , Est Remaining: 116.4
266 382.1 , Est Remaining: 114.9
267 383.5 , Est Remaining: 113.5
268 384.9 , Est Remaining: 112.0
269 386.3 , Est Remaining: 110.6
270 387.7 , Est Remaining: 109.1
271 389.0 , Est Remaining: 107.7
272 390.4 , Est Remaining: 106.2
273 391.8 , Est Remaining: 104.8
274 393.1 , Est Remaining: 103.3
275 394.5 , Est Remaining: 101.8
276 395.9 , Est Remaining: 100.4
277 397.2 , Est Remaining: 99.0
278 398.6 , Est Remaining: 97.5
279 400.0 , Est Remaining: 96.1
280 401.4 , Est Remaining: 94.6
281 402.7 , Est Remaining: 93.2
282 404.1 , Est Remaining: 91.7
283 405.5 , Est Remaining: 90.3
284 406.8 , Est Remaining: 88.8
285 408.2 , Est Remaining: 87.4
286 409.6 , Est Remaining: 85.9
287 410.9 , Est Remaining: 84.5
288 412.3 , Est Remaining: 83.0
289 413.7 , Est Remaining: 81.6
290 415.0 , Est Remaining: 80.1
291 416.4 , Est Remaining: 78.7
292 417.9 , Est Remaining: 77.3
293 419.3 , Est Remaining: 75.8
294 420.7 , Est Remaining: 74.4
295 422.0 , Est Remaining: 73.0
296 423.4 , Est Remaining: 71.5
297 424.8 , Est Remaining: 70.1
298 426.1 , Est Remaining: 68.6
299 427.5 , Est Remaining: 67.2
300 428.9 , Est Remaining: 65.8
301 430.4 , Est Remaining: 64.3
302 431.7 , Est Remaining: 62.9
303 433.1 , Est Remaining: 61.5
304 434.5 , Est Remaining: 60.0
305 435.8 , Est Remaining: 58.6
306 437.2 , Est Remaining: 57.2
307 438.6 , Est Remaining: 55.7
308 440.0 , Est Remaining: 54.3
309 441.4 , Est Remaining: 52.8
310 442.7 , Est Remaining: 51.4
311 444.1 , Est Remaining: 50.0
312 445.5 , Est Remaining: 48.5
313 446.8 , Est Remaining: 47.1
314 448.2 , Est Remaining: 45.7
315 449.5 , Est Remaining: 44.2
316 450.9 , Est Remaining: 42.8
317 452.3 , Est Remaining: 41.4
318 453.6 , Est Remaining: 39.9
319 455.0 , Est Remaining: 38.5
320 456.3 , Est Remaining: 37.1
321 457.7 , Est Remaining: 35.6
322 459.1 , Est Remaining: 34.2
323 460.4 , Est Remaining: 32.8
324 461.8 , Est Remaining: 31.4
325 463.1 , Est Remaining: 29.9
326 464.5 , Est Remaining: 28.5
327 465.9 , Est Remaining: 27.1
328 467.2 , Est Remaining: 25.6
329 468.6 , Est Remaining: 24.2
330 469.9 , Est Remaining: 22.8
331 471.3 , Est Remaining: 21.4
332 472.7 , Est Remaining: 19.9
333 474.1 , Est Remaining: 18.5
334 475.5 , Est Remaining: 17.1
335 476.8 , Est Remaining: 15.7
