Note: NumExpr detected 32 cores but "NUMEXPR_MAX_THREADS" not set, so enforcing safe limit of 8.
Using selector: EpollSelector
/n/home02/jhaefner/miniconda/envs/IC-3.7-2020-06-16/lib/python3.7/site-packages/scipy/optimize/minpack.py:808: OptimizeWarning: Covariance of the parameters could not be estimated
  category=OptimizeWarning)
Total rwfs: 346
0 0.0 , Est Remaining: 999999.9
1 1.4 , Est Remaining: 482.0
2 2.8 , Est Remaining: 481.7
3 4.2 , Est Remaining: 481.9
4 5.6 , Est Remaining: 476.6
5 7.0 , Est Remaining: 474.4
6 8.3 , Est Remaining: 471.6
7 9.7 , Est Remaining: 468.6
8 11.0 , Est Remaining: 465.9
9 12.4 , Est Remaining: 464.3
10 13.8 , Est Remaining: 462.2
11 15.1 , Est Remaining: 460.8
12 16.5 , Est Remaining: 459.2
13 17.9 , Est Remaining: 457.6
14 19.2 , Est Remaining: 455.8
15 20.6 , Est Remaining: 454.3
16 22.0 , Est Remaining: 452.8
17 23.3 , Est Remaining: 451.7
18 24.7 , Est Remaining: 450.5
19 26.1 , Est Remaining: 449.3
20 27.5 , Est Remaining: 448.0
21 28.9 , Est Remaining: 447.2
22 30.3 , Est Remaining: 445.7
23 31.7 , Est Remaining: 444.5
24 33.0 , Est Remaining: 443.0
25 34.4 , Est Remaining: 441.6
26 35.8 , Est Remaining: 440.3
27 37.2 , Est Remaining: 439.0
28 38.5 , Est Remaining: 437.8
29 39.9 , Est Remaining: 436.5
30 41.3 , Est Remaining: 435.4
31 42.7 , Est Remaining: 434.0
32 44.1 , Est Remaining: 432.7
EVENT FAILED
32 44.4 , Est Remaining: 435.7
33 45.8 , Est Remaining: 434.2
34 47.2 , Est Remaining: 432.8
35 48.5 , Est Remaining: 431.3
36 49.9 , Est Remaining: 430.1
37 51.3 , Est Remaining: 428.7
38 52.7 , Est Remaining: 427.0
39 54.1 , Est Remaining: 425.6
40 55.5 , Est Remaining: 424.3
41 56.9 , Est Remaining: 422.9
42 58.2 , Est Remaining: 421.6
43 59.6 , Est Remaining: 420.2
44 61.0 , Est Remaining: 418.9
45 62.4 , Est Remaining: 417.6
46 63.8 , Est Remaining: 416.3
47 65.2 , Est Remaining: 415.0
48 66.6 , Est Remaining: 413.7
49 68.0 , Est Remaining: 412.5
50 69.5 , Est Remaining: 411.2
51 70.9 , Est Remaining: 409.9
EVENT FAILED
51 71.2 , Est Remaining: 411.6
52 72.6 , Est Remaining: 410.3
53 74.0 , Est Remaining: 408.9
54 75.4 , Est Remaining: 407.5
55 76.8 , Est Remaining: 406.2
56 78.2 , Est Remaining: 404.9
57 79.6 , Est Remaining: 403.6
58 81.0 , Est Remaining: 402.3
59 82.5 , Est Remaining: 401.2
60 83.9 , Est Remaining: 400.0
61 85.4 , Est Remaining: 398.9
62 86.8 , Est Remaining: 397.7
63 88.3 , Est Remaining: 396.4
64 89.7 , Est Remaining: 395.2
65 91.1 , Est Remaining: 394.0
66 92.6 , Est Remaining: 392.7
67 94.0 , Est Remaining: 391.4
68 95.4 , Est Remaining: 390.1
69 96.8 , Est Remaining: 388.8
70 98.3 , Est Remaining: 387.5
71 99.7 , Est Remaining: 386.1
72 101.1 , Est Remaining: 384.8
73 102.5 , Est Remaining: 383.5
74 103.9 , Est Remaining: 382.0
75 105.4 , Est Remaining: 380.8
76 106.8 , Est Remaining: 379.4
77 108.2 , Est Remaining: 378.0
78 109.6 , Est Remaining: 376.5
79 111.0 , Est Remaining: 375.2
80 112.4 , Est Remaining: 373.8
81 113.8 , Est Remaining: 372.4
82 115.3 , Est Remaining: 371.1
83 116.7 , Est Remaining: 369.8
84 118.1 , Est Remaining: 368.4
85 119.6 , Est Remaining: 367.1
86 121.0 , Est Remaining: 365.8
87 122.4 , Est Remaining: 364.5
88 123.9 , Est Remaining: 363.2
89 125.3 , Est Remaining: 361.9
90 126.8 , Est Remaining: 360.6
91 128.2 , Est Remaining: 359.3
92 129.6 , Est Remaining: 357.9
93 131.1 , Est Remaining: 356.6
94 132.5 , Est Remaining: 355.2
95 134.0 , Est Remaining: 353.9
96 135.4 , Est Remaining: 352.7
97 136.9 , Est Remaining: 351.4
98 138.3 , Est Remaining: 350.0
99 139.8 , Est Remaining: 348.7
100 141.2 , Est Remaining: 347.3
101 142.6 , Est Remaining: 345.9
EVENT FAILED
101 143.4 , Est Remaining: 347.8
102 144.9 , Est Remaining: 346.6
103 146.3 , Est Remaining: 345.2
104 147.8 , Est Remaining: 343.8
105 149.2 , Est Remaining: 342.5
106 150.6 , Est Remaining: 341.0
107 152.1 , Est Remaining: 339.6
108 153.5 , Est Remaining: 338.3
109 155.0 , Est Remaining: 336.9
110 156.4 , Est Remaining: 335.5
111 157.8 , Est Remaining: 334.2
112 159.3 , Est Remaining: 332.8
113 160.8 , Est Remaining: 331.6
114 162.3 , Est Remaining: 330.2
115 163.7 , Est Remaining: 328.8
116 165.2 , Est Remaining: 327.5
117 166.6 , Est Remaining: 326.1
118 168.0 , Est Remaining: 324.7
119 169.5 , Est Remaining: 323.2
120 170.9 , Est Remaining: 321.8
121 172.3 , Est Remaining: 320.4
122 173.7 , Est Remaining: 318.9
123 175.1 , Est Remaining: 317.5
124 176.5 , Est Remaining: 316.1
125 178.0 , Est Remaining: 314.6
126 179.4 , Est Remaining: 313.2
127 180.8 , Est Remaining: 311.8
128 182.2 , Est Remaining: 310.4
129 183.7 , Est Remaining: 308.9
130 185.1 , Est Remaining: 307.5
131 186.5 , Est Remaining: 306.2
132 188.0 , Est Remaining: 304.7
133 189.4 , Est Remaining: 303.3
134 190.8 , Est Remaining: 301.9
135 192.3 , Est Remaining: 300.5
136 193.7 , Est Remaining: 299.1
137 195.2 , Est Remaining: 297.7
138 196.6 , Est Remaining: 296.3
139 198.0 , Est Remaining: 294.9
140 199.5 , Est Remaining: 293.5
141 200.9 , Est Remaining: 292.1
142 202.3 , Est Remaining: 290.7
143 203.8 , Est Remaining: 289.3
144 205.2 , Est Remaining: 287.9
145 206.6 , Est Remaining: 286.4
146 208.0 , Est Remaining: 285.0
147 209.5 , Est Remaining: 283.6
148 210.9 , Est Remaining: 282.2
149 212.3 , Est Remaining: 280.7
150 213.7 , Est Remaining: 279.3
151 215.2 , Est Remaining: 277.9
152 216.6 , Est Remaining: 276.5
153 218.0 , Est Remaining: 275.1
154 219.5 , Est Remaining: 273.7
155 220.9 , Est Remaining: 272.2
156 222.3 , Est Remaining: 270.8
157 223.8 , Est Remaining: 269.4
158 225.2 , Est Remaining: 268.0
159 226.7 , Est Remaining: 266.6
160 228.1 , Est Remaining: 265.2
EVENT FAILED
160 228.4 , Est Remaining: 265.5
161 229.9 , Est Remaining: 264.1
162 231.3 , Est Remaining: 262.7
163 232.7 , Est Remaining: 261.3
164 234.1 , Est Remaining: 259.8
165 235.6 , Est Remaining: 258.4
166 237.0 , Est Remaining: 256.9
167 238.4 , Est Remaining: 255.5
168 239.8 , Est Remaining: 254.1
169 241.3 , Est Remaining: 252.7
170 242.7 , Est Remaining: 251.3
171 244.2 , Est Remaining: 249.9
172 245.6 , Est Remaining: 248.5
173 247.0 , Est Remaining: 247.0
174 248.5 , Est Remaining: 245.6
175 249.9 , Est Remaining: 244.2
176 251.3 , Est Remaining: 242.8
177 252.8 , Est Remaining: 241.4
178 254.2 , Est Remaining: 239.9
179 255.7 , Est Remaining: 238.5
180 257.1 , Est Remaining: 237.1
181 258.5 , Est Remaining: 235.7
182 260.0 , Est Remaining: 234.3
183 261.4 , Est Remaining: 232.8
184 262.8 , Est Remaining: 231.4
185 264.3 , Est Remaining: 230.0
186 265.7 , Est Remaining: 228.5
187 267.1 , Est Remaining: 227.1
188 268.5 , Est Remaining: 225.7
189 269.9 , Est Remaining: 224.2
190 271.4 , Est Remaining: 222.8
191 272.8 , Est Remaining: 221.4
192 274.2 , Est Remaining: 219.9
193 275.6 , Est Remaining: 218.5
194 277.0 , Est Remaining: 217.1
195 278.5 , Est Remaining: 215.6
196 279.9 , Est Remaining: 214.2
197 281.3 , Est Remaining: 212.8
198 282.7 , Est Remaining: 211.3
199 284.2 , Est Remaining: 209.9
200 285.6 , Est Remaining: 208.5
201 287.0 , Est Remaining: 207.1
202 288.6 , Est Remaining: 205.7
203 290.0 , Est Remaining: 204.3
204 291.4 , Est Remaining: 202.8
205 292.8 , Est Remaining: 201.4
206 294.1 , Est Remaining: 199.9
207 295.5 , Est Remaining: 198.5
208 296.9 , Est Remaining: 197.0
209 298.3 , Est Remaining: 195.6
210 299.7 , Est Remaining: 194.1
211 301.1 , Est Remaining: 192.7
212 302.5 , Est Remaining: 191.2
213 303.9 , Est Remaining: 189.8
214 305.3 , Est Remaining: 188.3
215 306.7 , Est Remaining: 186.9
216 308.1 , Est Remaining: 185.5
217 309.5 , Est Remaining: 184.0
218 310.9 , Est Remaining: 182.6
219 312.3 , Est Remaining: 181.1
220 313.7 , Est Remaining: 179.7
221 315.1 , Est Remaining: 178.2
222 316.5 , Est Remaining: 176.8
223 317.9 , Est Remaining: 175.3
224 319.2 , Est Remaining: 173.9
225 320.6 , Est Remaining: 172.4
226 322.0 , Est Remaining: 171.0
227 323.3 , Est Remaining: 169.5
228 324.7 , Est Remaining: 168.0
229 326.0 , Est Remaining: 166.6
230 327.4 , Est Remaining: 165.1
231 328.8 , Est Remaining: 163.7
232 330.1 , Est Remaining: 162.2
233 331.5 , Est Remaining: 160.8
234 332.9 , Est Remaining: 159.3
235 334.2 , Est Remaining: 157.9
236 335.6 , Est Remaining: 156.4
237 337.0 , Est Remaining: 155.0
238 338.3 , Est Remaining: 153.5
239 339.7 , Est Remaining: 152.1
240 341.1 , Est Remaining: 150.6
241 342.4 , Est Remaining: 149.2
242 343.8 , Est Remaining: 147.7
243 345.1 , Est Remaining: 146.3
EVENT FAILED
243 345.4 , Est Remaining: 146.4
244 346.8 , Est Remaining: 145.0
245 348.2 , Est Remaining: 143.5
246 349.5 , Est Remaining: 142.1
247 350.9 , Est Remaining: 140.7
248 352.3 , Est Remaining: 139.2
249 353.7 , Est Remaining: 137.8
250 355.0 , Est Remaining: 136.3
251 356.4 , Est Remaining: 134.9
252 357.8 , Est Remaining: 133.5
253 359.1 , Est Remaining: 132.0
254 360.5 , Est Remaining: 130.6
255 361.9 , Est Remaining: 129.1
256 363.2 , Est Remaining: 127.7
257 364.6 , Est Remaining: 126.3
258 365.9 , Est Remaining: 124.8
259 367.3 , Est Remaining: 123.4
260 368.7 , Est Remaining: 121.9
261 370.0 , Est Remaining: 120.5
262 371.4 , Est Remaining: 119.1
263 372.7 , Est Remaining: 117.6
264 374.1 , Est Remaining: 116.2
265 375.5 , Est Remaining: 114.8
266 376.8 , Est Remaining: 113.3
267 378.2 , Est Remaining: 111.9
268 379.6 , Est Remaining: 110.5
269 380.9 , Est Remaining: 109.0
270 382.3 , Est Remaining: 107.6
271 383.7 , Est Remaining: 106.2
272 385.1 , Est Remaining: 104.8
273 386.5 , Est Remaining: 103.4
274 387.9 , Est Remaining: 101.9
275 389.3 , Est Remaining: 100.5
276 390.7 , Est Remaining: 99.1
277 392.1 , Est Remaining: 97.7
278 393.5 , Est Remaining: 96.3
279 394.9 , Est Remaining: 94.8
280 396.2 , Est Remaining: 93.4
281 397.6 , Est Remaining: 92.0
282 399.0 , Est Remaining: 90.6
283 400.4 , Est Remaining: 89.1
284 401.8 , Est Remaining: 87.7
285 403.2 , Est Remaining: 86.3
286 404.7 , Est Remaining: 84.9
287 406.1 , Est Remaining: 83.5
288 407.5 , Est Remaining: 82.1
289 408.9 , Est Remaining: 80.6
290 410.3 , Est Remaining: 79.2
291 411.7 , Est Remaining: 77.8
292 413.1 , Est Remaining: 76.4
293 414.5 , Est Remaining: 75.0
294 415.9 , Est Remaining: 73.6
295 417.3 , Est Remaining: 72.1
296 418.7 , Est Remaining: 70.7
297 420.1 , Est Remaining: 69.3
298 421.5 , Est Remaining: 67.9
299 422.9 , Est Remaining: 66.5
300 424.3 , Est Remaining: 65.1
301 425.7 , Est Remaining: 63.6
302 427.3 , Est Remaining: 62.3
303 428.7 , Est Remaining: 60.8
304 430.1 , Est Remaining: 59.4
305 431.5 , Est Remaining: 58.0
306 433.0 , Est Remaining: 56.6
307 434.4 , Est Remaining: 55.2
308 435.9 , Est Remaining: 53.8
309 437.4 , Est Remaining: 52.4
310 438.8 , Est Remaining: 51.0
311 440.2 , Est Remaining: 49.5
312 441.7 , Est Remaining: 48.1
313 443.1 , Est Remaining: 46.7
314 444.6 , Est Remaining: 45.3
315 446.0 , Est Remaining: 43.9
316 447.4 , Est Remaining: 42.5
317 448.9 , Est Remaining: 41.1
318 450.3 , Est Remaining: 39.6
319 451.6 , Est Remaining: 38.2
320 453.1 , Est Remaining: 36.8
321 454.5 , Est Remaining: 35.4
322 455.9 , Est Remaining: 34.0
323 457.3 , Est Remaining: 32.6
324 458.7 , Est Remaining: 31.1
325 460.2 , Est Remaining: 29.7
326 461.6 , Est Remaining: 28.3
327 463.0 , Est Remaining: 26.9
EVENT FAILED
327 463.3 , Est Remaining: 26.9
328 464.8 , Est Remaining: 25.5
329 466.2 , Est Remaining: 24.1
330 467.7 , Est Remaining: 22.7
331 469.2 , Est Remaining: 21.3
332 470.6 , Est Remaining: 19.8
333 472.1 , Est Remaining: 18.4
334 473.5 , Est Remaining: 17.0
335 475.0 , Est Remaining: 15.6
336 476.4 , Est Remaining: 14.2
337 477.8 , Est Remaining: 12.8
338 479.3 , Est Remaining: 11.3
339 480.8 , Est Remaining: 9.9
EVENT FAILED
