Note: NumExpr detected 32 cores but "NUMEXPR_MAX_THREADS" not set, so enforcing safe limit of 8.
Using selector: EpollSelector
/n/home02/jhaefner/miniconda/envs/IC-3.7-2020-06-16/lib/python3.7/site-packages/scipy/optimize/minpack.py:808: OptimizeWarning: Covariance of the parameters could not be estimated
  category=OptimizeWarning)
Total rwfs: 346
0 0.0 , Est Remaining: 999999.9
1 1.4 , Est Remaining: 476.8
2 2.7 , Est Remaining: 470.2
3 4.1 , Est Remaining: 467.2
4 5.4 , Est Remaining: 464.2
5 6.8 , Est Remaining: 461.9
6 8.1 , Est Remaining: 459.8
7 9.4 , Est Remaining: 457.2
8 10.8 , Est Remaining: 454.9
9 12.1 , Est Remaining: 452.5
10 13.4 , Est Remaining: 451.6
11 14.8 , Est Remaining: 449.9
12 16.1 , Est Remaining: 448.0
13 17.4 , Est Remaining: 446.0
14 18.7 , Est Remaining: 443.9
15 20.0 , Est Remaining: 442.4
16 21.4 , Est Remaining: 440.9
17 22.7 , Est Remaining: 439.9
18 24.1 , Est Remaining: 438.9
19 25.5 , Est Remaining: 438.2
20 26.8 , Est Remaining: 436.8
21 28.1 , Est Remaining: 435.6
EVENT FAILED
21 28.4 , Est Remaining: 440.2
22 29.8 , Est Remaining: 438.6
23 31.1 , Est Remaining: 437.0
24 32.5 , Est Remaining: 435.6
25 33.8 , Est Remaining: 434.3
26 35.2 , Est Remaining: 432.8
27 36.5 , Est Remaining: 431.2
28 37.8 , Est Remaining: 429.7
29 39.2 , Est Remaining: 428.4
30 40.6 , Est Remaining: 427.3
31 41.9 , Est Remaining: 425.8
32 43.3 , Est Remaining: 424.4
33 44.6 , Est Remaining: 423.2
34 46.0 , Est Remaining: 421.8
35 47.4 , Est Remaining: 420.8
36 48.7 , Est Remaining: 419.5
37 50.1 , Est Remaining: 418.3
38 51.5 , Est Remaining: 417.1
39 52.8 , Est Remaining: 415.8
40 54.1 , Est Remaining: 414.0
41 55.5 , Est Remaining: 412.7
42 56.9 , Est Remaining: 411.8
43 58.3 , Est Remaining: 410.9
44 59.7 , Est Remaining: 410.0
45 61.2 , Est Remaining: 409.1
46 62.6 , Est Remaining: 408.2
47 64.0 , Est Remaining: 407.0
48 65.4 , Est Remaining: 405.9
49 66.8 , Est Remaining: 404.9
50 68.2 , Est Remaining: 403.7
51 69.6 , Est Remaining: 402.4
52 71.0 , Est Remaining: 401.2
53 72.4 , Est Remaining: 400.0
54 73.8 , Est Remaining: 398.9
55 75.2 , Est Remaining: 397.7
56 76.6 , Est Remaining: 396.7
57 78.0 , Est Remaining: 395.5
58 79.4 , Est Remaining: 394.4
59 80.9 , Est Remaining: 393.5
60 82.4 , Est Remaining: 392.5
61 83.8 , Est Remaining: 391.5
62 85.2 , Est Remaining: 390.5
63 86.7 , Est Remaining: 389.6
64 88.2 , Est Remaining: 388.4
65 89.6 , Est Remaining: 387.3
66 91.0 , Est Remaining: 386.2
67 92.5 , Est Remaining: 385.1
68 93.9 , Est Remaining: 383.9
69 95.3 , Est Remaining: 382.8
70 96.8 , Est Remaining: 381.6
71 98.2 , Est Remaining: 380.4
72 99.7 , Est Remaining: 379.2
73 101.1 , Est Remaining: 378.1
74 102.5 , Est Remaining: 376.9
75 104.0 , Est Remaining: 375.7
76 105.4 , Est Remaining: 374.6
77 106.9 , Est Remaining: 373.5
78 108.2 , Est Remaining: 371.8
79 109.7 , Est Remaining: 370.7
80 111.1 , Est Remaining: 369.5
81 112.6 , Est Remaining: 368.3
82 114.0 , Est Remaining: 367.1
83 115.4 , Est Remaining: 365.8
84 116.9 , Est Remaining: 364.5
85 118.3 , Est Remaining: 363.3
86 119.7 , Est Remaining: 362.0
87 121.1 , Est Remaining: 360.6
88 122.6 , Est Remaining: 359.3
89 124.0 , Est Remaining: 358.1
EVENT FAILED
89 124.3 , Est Remaining: 358.9
90 125.7 , Est Remaining: 357.7
EVENT FAILED
90 126.0 , Est Remaining: 358.5
91 127.5 , Est Remaining: 357.3
92 129.0 , Est Remaining: 356.0
93 130.4 , Est Remaining: 354.8
94 131.8 , Est Remaining: 353.3
95 133.3 , Est Remaining: 352.1
96 134.7 , Est Remaining: 350.9
97 136.2 , Est Remaining: 349.6
98 137.6 , Est Remaining: 348.3
99 139.1 , Est Remaining: 347.0
100 140.5 , Est Remaining: 345.7
101 142.0 , Est Remaining: 344.4
102 143.4 , Est Remaining: 343.1
103 145.0 , Est Remaining: 342.0
EVENT FAILED
103 145.3 , Est Remaining: 342.7
104 146.7 , Est Remaining: 341.4
105 148.2 , Est Remaining: 340.1
106 149.6 , Est Remaining: 338.8
107 151.1 , Est Remaining: 337.5
108 152.5 , Est Remaining: 336.1
109 154.0 , Est Remaining: 334.8
110 155.4 , Est Remaining: 333.4
111 156.8 , Est Remaining: 332.0
EVENT FAILED
111 157.1 , Est Remaining: 332.7
112 158.6 , Est Remaining: 331.3
113 160.0 , Est Remaining: 329.9
114 161.5 , Est Remaining: 328.6
115 162.9 , Est Remaining: 327.2
116 164.3 , Est Remaining: 325.8
117 165.8 , Est Remaining: 324.5
118 167.2 , Est Remaining: 323.1
119 168.6 , Est Remaining: 321.7
120 170.1 , Est Remaining: 320.3
121 171.5 , Est Remaining: 318.9
122 172.9 , Est Remaining: 317.5
123 174.4 , Est Remaining: 316.1
124 175.8 , Est Remaining: 314.7
125 177.2 , Est Remaining: 313.3
126 178.7 , Est Remaining: 312.0
127 180.1 , Est Remaining: 310.5
128 181.5 , Est Remaining: 309.1
129 183.0 , Est Remaining: 307.8
130 184.4 , Est Remaining: 306.4
131 185.8 , Est Remaining: 304.9
132 187.2 , Est Remaining: 303.5
133 188.6 , Est Remaining: 302.1
134 190.0 , Est Remaining: 300.7
135 191.5 , Est Remaining: 299.2
136 192.9 , Est Remaining: 297.8
137 194.3 , Est Remaining: 296.4
138 195.7 , Est Remaining: 295.0
139 197.1 , Est Remaining: 293.6
140 198.5 , Est Remaining: 292.1
141 199.9 , Est Remaining: 290.7
142 201.4 , Est Remaining: 289.3
143 202.8 , Est Remaining: 287.9
144 204.2 , Est Remaining: 286.4
145 205.6 , Est Remaining: 285.0
146 207.0 , Est Remaining: 283.6
147 208.4 , Est Remaining: 282.2
148 209.9 , Est Remaining: 280.8
149 211.3 , Est Remaining: 279.4
150 212.7 , Est Remaining: 277.9
151 214.1 , Est Remaining: 276.5
152 215.6 , Est Remaining: 275.1
153 217.0 , Est Remaining: 273.7
EVENT FAILED
153 217.3 , Est Remaining: 274.1
154 218.7 , Est Remaining: 272.7
155 220.1 , Est Remaining: 271.3
156 221.6 , Est Remaining: 269.9
157 223.0 , Est Remaining: 268.4
158 224.4 , Est Remaining: 267.0
159 225.8 , Est Remaining: 265.6
160 227.3 , Est Remaining: 264.2
161 228.7 , Est Remaining: 262.8
162 230.1 , Est Remaining: 261.4
163 231.6 , Est Remaining: 260.0
164 233.0 , Est Remaining: 258.6
165 234.4 , Est Remaining: 257.2
166 235.9 , Est Remaining: 255.7
167 237.3 , Est Remaining: 254.3
168 238.7 , Est Remaining: 252.9
169 240.1 , Est Remaining: 251.5
170 241.5 , Est Remaining: 250.0
171 242.9 , Est Remaining: 248.6
172 244.3 , Est Remaining: 247.2
173 245.7 , Est Remaining: 245.7
174 247.1 , Est Remaining: 244.3
175 248.6 , Est Remaining: 242.9
EVENT FAILED
175 248.9 , Est Remaining: 243.2
176 250.3 , Est Remaining: 241.8
177 251.7 , Est Remaining: 240.3
178 253.1 , Est Remaining: 238.9
179 254.5 , Est Remaining: 237.5
EVENT FAILED
179 254.8 , Est Remaining: 237.7
180 256.3 , Est Remaining: 236.3
181 257.7 , Est Remaining: 234.9
182 259.1 , Est Remaining: 233.5
183 260.5 , Est Remaining: 232.1
184 262.0 , Est Remaining: 230.6
185 263.4 , Est Remaining: 229.2
186 264.8 , Est Remaining: 227.8
187 266.2 , Est Remaining: 226.3
188 267.6 , Est Remaining: 224.9
189 269.0 , Est Remaining: 223.5
190 270.4 , Est Remaining: 222.0
191 271.8 , Est Remaining: 220.6
192 273.3 , Est Remaining: 219.2
193 274.7 , Est Remaining: 217.8
194 276.1 , Est Remaining: 216.3
195 277.5 , Est Remaining: 214.9
196 278.9 , Est Remaining: 213.5
197 280.4 , Est Remaining: 212.1
198 281.8 , Est Remaining: 210.6
199 283.2 , Est Remaining: 209.2
EVENT FAILED
199 283.5 , Est Remaining: 209.4
200 284.9 , Est Remaining: 208.0
201 286.3 , Est Remaining: 206.6
202 287.8 , Est Remaining: 205.2
203 289.3 , Est Remaining: 203.8
204 290.7 , Est Remaining: 202.4
205 292.2 , Est Remaining: 201.0
206 293.6 , Est Remaining: 199.5
207 295.0 , Est Remaining: 198.1
208 296.5 , Est Remaining: 196.7
209 297.9 , Est Remaining: 195.3
210 299.3 , Est Remaining: 193.8
211 300.7 , Est Remaining: 192.4
212 302.2 , Est Remaining: 191.0
213 303.6 , Est Remaining: 189.6
214 305.0 , Est Remaining: 188.2
215 306.5 , Est Remaining: 186.7
216 307.9 , Est Remaining: 185.3
217 309.3 , Est Remaining: 183.9
218 310.7 , Est Remaining: 182.5
219 312.2 , Est Remaining: 181.0
220 313.6 , Est Remaining: 179.6
221 315.0 , Est Remaining: 178.2
222 316.5 , Est Remaining: 176.8
223 317.9 , Est Remaining: 175.3
224 319.3 , Est Remaining: 173.9
225 320.8 , Est Remaining: 172.5
226 322.2 , Est Remaining: 171.1
227 323.6 , Est Remaining: 169.7
228 325.0 , Est Remaining: 168.2
229 326.5 , Est Remaining: 166.8
230 327.9 , Est Remaining: 165.4
231 329.3 , Est Remaining: 163.9
232 330.7 , Est Remaining: 162.5
233 332.1 , Est Remaining: 161.0
234 333.5 , Est Remaining: 159.6
235 334.9 , Est Remaining: 158.2
EVENT FAILED
235 335.2 , Est Remaining: 158.3
236 336.6 , Est Remaining: 156.9
237 338.0 , Est Remaining: 155.5
238 339.4 , Est Remaining: 154.0
239 340.9 , Est Remaining: 152.6
240 342.3 , Est Remaining: 151.2
241 343.7 , Est Remaining: 149.8
242 345.1 , Est Remaining: 148.3
243 346.6 , Est Remaining: 146.9
244 348.0 , Est Remaining: 145.5
245 349.4 , Est Remaining: 144.0
246 350.8 , Est Remaining: 142.6
247 352.2 , Est Remaining: 141.2
248 353.7 , Est Remaining: 139.8
249 355.1 , Est Remaining: 138.3
250 356.5 , Est Remaining: 136.9
251 357.9 , Est Remaining: 135.5
252 359.3 , Est Remaining: 134.0
253 360.8 , Est Remaining: 132.6
254 362.2 , Est Remaining: 131.2
255 363.6 , Est Remaining: 129.8
256 365.0 , Est Remaining: 128.3
257 366.4 , Est Remaining: 126.9
258 367.8 , Est Remaining: 125.5
259 369.3 , Est Remaining: 124.0
260 370.7 , Est Remaining: 122.6
261 372.1 , Est Remaining: 121.2
262 373.5 , Est Remaining: 119.8
263 374.9 , Est Remaining: 118.3
264 376.4 , Est Remaining: 116.9
265 377.8 , Est Remaining: 115.5
266 379.2 , Est Remaining: 114.0
267 380.6 , Est Remaining: 112.6
268 382.0 , Est Remaining: 111.2
269 383.5 , Est Remaining: 109.8
270 384.9 , Est Remaining: 108.3
271 386.3 , Est Remaining: 106.9
272 387.7 , Est Remaining: 105.5
273 389.2 , Est Remaining: 104.1
274 390.6 , Est Remaining: 102.6
275 392.0 , Est Remaining: 101.2
276 393.4 , Est Remaining: 99.8
277 394.9 , Est Remaining: 98.4
278 396.3 , Est Remaining: 96.9
279 397.7 , Est Remaining: 95.5
280 399.1 , Est Remaining: 94.1
281 400.5 , Est Remaining: 92.6
282 401.9 , Est Remaining: 91.2
283 403.3 , Est Remaining: 89.8
284 404.7 , Est Remaining: 88.4
285 406.1 , Est Remaining: 86.9
286 407.5 , Est Remaining: 85.5
287 409.0 , Est Remaining: 84.1
288 410.4 , Est Remaining: 82.6
289 411.8 , Est Remaining: 81.2
290 413.2 , Est Remaining: 79.8
291 414.6 , Est Remaining: 78.4
292 416.1 , Est Remaining: 76.9
293 417.5 , Est Remaining: 75.5
294 418.9 , Est Remaining: 74.1
295 420.3 , Est Remaining: 72.7
296 421.8 , Est Remaining: 71.2
297 423.2 , Est Remaining: 69.8
298 424.6 , Est Remaining: 68.4
299 426.0 , Est Remaining: 67.0
300 427.5 , Est Remaining: 65.5
301 428.9 , Est Remaining: 64.1
302 430.5 , Est Remaining: 62.7
303 431.9 , Est Remaining: 61.3
304 433.3 , Est Remaining: 59.9
305 434.8 , Est Remaining: 58.4
306 436.2 , Est Remaining: 57.0
307 437.6 , Est Remaining: 55.6
308 439.0 , Est Remaining: 54.2
309 440.5 , Est Remaining: 52.7
310 441.9 , Est Remaining: 51.3
311 443.3 , Est Remaining: 49.9
312 444.8 , Est Remaining: 48.5
313 446.2 , Est Remaining: 47.0
314 447.6 , Est Remaining: 45.6
315 449.0 , Est Remaining: 44.2
316 450.4 , Est Remaining: 42.8
317 451.8 , Est Remaining: 41.3
318 453.2 , Est Remaining: 39.9
319 454.6 , Est Remaining: 38.5
320 456.0 , Est Remaining: 37.1
321 457.4 , Est Remaining: 35.6
322 458.8 , Est Remaining: 34.2
323 460.3 , Est Remaining: 32.8
324 461.7 , Est Remaining: 31.3
325 463.1 , Est Remaining: 29.9
326 464.5 , Est Remaining: 28.5
327 465.9 , Est Remaining: 27.1
328 467.3 , Est Remaining: 25.6
329 468.7 , Est Remaining: 24.2
330 470.1 , Est Remaining: 22.8
331 471.6 , Est Remaining: 21.4
332 473.0 , Est Remaining: 19.9
333 474.4 , Est Remaining: 18.5
334 475.8 , Est Remaining: 17.1
335 477.2 , Est Remaining: 15.7
