Note: NumExpr detected 32 cores but "NUMEXPR_MAX_THREADS" not set, so enforcing safe limit of 8.
Using selector: EpollSelector
/n/home02/jhaefner/miniconda/envs/IC-3.7-2020-06-16/lib/python3.7/site-packages/scipy/optimize/minpack.py:808: OptimizeWarning: Covariance of the parameters could not be estimated
  category=OptimizeWarning)
Total rwfs: 346
0 0.0 , Est Remaining: 999999.9
1 1.5 , Est Remaining: 506.3
2 2.9 , Est Remaining: 506.1
3 4.4 , Est Remaining: 506.2
4 5.9 , Est Remaining: 503.0
5 7.3 , Est Remaining: 498.5
6 8.8 , Est Remaining: 496.7
7 10.2 , Est Remaining: 495.3
8 11.7 , Est Remaining: 493.2
9 13.1 , Est Remaining: 491.2
10 14.6 , Est Remaining: 490.6
11 16.0 , Est Remaining: 488.7
12 17.5 , Est Remaining: 486.5
13 18.9 , Est Remaining: 484.5
14 20.3 , Est Remaining: 482.5
15 21.8 , Est Remaining: 480.7
EVENT FAILED
15 22.1 , Est Remaining: 487.6
16 23.5 , Est Remaining: 485.6
17 25.0 , Est Remaining: 483.5
18 26.4 , Est Remaining: 481.2
19 27.8 , Est Remaining: 479.2
20 29.3 , Est Remaining: 477.5
21 30.7 , Est Remaining: 475.8
22 32.2 , Est Remaining: 473.8
EVENT FAILED
22 32.5 , Est Remaining: 478.3
23 33.9 , Est Remaining: 476.4
24 35.4 , Est Remaining: 474.8
25 36.8 , Est Remaining: 473.0
EVENT FAILED
25 37.1 , Est Remaining: 476.9
26 38.6 , Est Remaining: 474.9
27 40.0 , Est Remaining: 473.1
28 41.5 , Est Remaining: 471.2
29 42.9 , Est Remaining: 469.1
30 44.4 , Est Remaining: 467.3
31 45.8 , Est Remaining: 465.2
32 47.2 , Est Remaining: 463.2
EVENT FAILED
32 47.5 , Est Remaining: 466.1
33 48.9 , Est Remaining: 464.3
34 50.4 , Est Remaining: 462.4
35 51.8 , Est Remaining: 460.6
36 53.3 , Est Remaining: 459.0
37 54.8 , Est Remaining: 457.4
38 56.2 , Est Remaining: 455.9
39 57.7 , Est Remaining: 454.2
40 59.2 , Est Remaining: 452.5
41 60.6 , Est Remaining: 450.9
42 62.1 , Est Remaining: 449.1
43 63.5 , Est Remaining: 447.4
44 64.9 , Est Remaining: 445.7
45 66.4 , Est Remaining: 443.8
46 67.8 , Est Remaining: 442.0
47 69.2 , Est Remaining: 440.2
48 70.6 , Est Remaining: 438.3
49 72.0 , Est Remaining: 436.6
50 73.4 , Est Remaining: 434.8
51 74.9 , Est Remaining: 433.0
52 76.3 , Est Remaining: 431.4
EVENT FAILED
52 76.6 , Est Remaining: 433.1
53 78.0 , Est Remaining: 431.3
54 79.4 , Est Remaining: 429.5
55 80.9 , Est Remaining: 427.8
56 82.3 , Est Remaining: 426.1
57 83.7 , Est Remaining: 424.4
58 85.1 , Est Remaining: 422.8
59 86.6 , Est Remaining: 421.1
60 88.0 , Est Remaining: 419.5
61 89.4 , Est Remaining: 417.9
EVENT FAILED
61 89.7 , Est Remaining: 419.3
62 91.2 , Est Remaining: 417.6
63 92.6 , Est Remaining: 416.0
64 94.1 , Est Remaining: 414.4
65 95.5 , Est Remaining: 412.8
66 96.9 , Est Remaining: 411.2
67 98.4 , Est Remaining: 409.6
68 99.8 , Est Remaining: 408.0
69 101.3 , Est Remaining: 406.5
70 102.7 , Est Remaining: 405.0
71 104.2 , Est Remaining: 403.5
72 105.7 , Est Remaining: 402.1
73 107.1 , Est Remaining: 400.6
74 108.6 , Est Remaining: 399.1
75 110.0 , Est Remaining: 397.5
76 111.5 , Est Remaining: 396.0
77 113.0 , Est Remaining: 394.6
78 114.4 , Est Remaining: 393.1
79 115.9 , Est Remaining: 391.6
80 117.3 , Est Remaining: 390.2
81 118.8 , Est Remaining: 388.7
82 120.3 , Est Remaining: 387.2
83 121.7 , Est Remaining: 385.7
EVENT FAILED
83 122.0 , Est Remaining: 386.7
84 123.5 , Est Remaining: 385.1
85 124.9 , Est Remaining: 383.6
86 126.4 , Est Remaining: 382.1
87 127.8 , Est Remaining: 380.5
88 129.3 , Est Remaining: 379.0
89 130.7 , Est Remaining: 377.5
90 132.2 , Est Remaining: 375.9
91 133.6 , Est Remaining: 374.4
92 135.1 , Est Remaining: 372.9
93 136.5 , Est Remaining: 371.4
94 138.0 , Est Remaining: 369.9
95 139.4 , Est Remaining: 368.4
96 140.9 , Est Remaining: 366.8
97 142.3 , Est Remaining: 365.3
98 143.8 , Est Remaining: 363.8
99 145.2 , Est Remaining: 362.3
100 146.7 , Est Remaining: 360.8
101 148.1 , Est Remaining: 359.3
102 149.6 , Est Remaining: 357.8
103 151.1 , Est Remaining: 356.5
104 152.6 , Est Remaining: 355.0
105 154.0 , Est Remaining: 353.5
106 155.5 , Est Remaining: 352.0
107 156.9 , Est Remaining: 350.5
108 158.4 , Est Remaining: 349.0
109 159.8 , Est Remaining: 347.5
110 161.3 , Est Remaining: 346.0
111 162.7 , Est Remaining: 344.5
EVENT FAILED
111 163.0 , Est Remaining: 345.1
112 164.5 , Est Remaining: 343.6
113 165.9 , Est Remaining: 342.1
114 167.3 , Est Remaining: 340.6
115 168.8 , Est Remaining: 339.0
116 170.2 , Est Remaining: 337.5
117 171.7 , Est Remaining: 336.0
118 173.1 , Est Remaining: 334.5
119 174.6 , Est Remaining: 333.0
120 176.0 , Est Remaining: 331.5
121 177.5 , Est Remaining: 330.0
122 178.9 , Est Remaining: 328.5
123 180.3 , Est Remaining: 327.0
124 181.8 , Est Remaining: 325.4
125 183.2 , Est Remaining: 323.8
126 184.6 , Est Remaining: 322.3
127 186.0 , Est Remaining: 320.7
128 187.4 , Est Remaining: 319.2
129 188.8 , Est Remaining: 317.6
130 190.2 , Est Remaining: 316.0
131 191.6 , Est Remaining: 314.5
132 193.0 , Est Remaining: 313.0
133 194.4 , Est Remaining: 311.4
134 195.8 , Est Remaining: 309.8
135 197.2 , Est Remaining: 308.2
136 198.6 , Est Remaining: 306.6
137 199.9 , Est Remaining: 305.0
EVENT FAILED
137 200.2 , Est Remaining: 305.5
138 201.6 , Est Remaining: 303.9
139 203.0 , Est Remaining: 302.3
140 204.6 , Est Remaining: 301.1
141 206.0 , Est Remaining: 299.6
142 207.4 , Est Remaining: 298.0
143 208.8 , Est Remaining: 296.5
144 210.2 , Est Remaining: 294.9
145 211.6 , Est Remaining: 293.4
146 213.0 , Est Remaining: 291.8
147 214.4 , Est Remaining: 290.2
148 215.8 , Est Remaining: 288.7
149 217.2 , Est Remaining: 287.1
150 218.5 , Est Remaining: 285.6
151 219.9 , Est Remaining: 284.0
152 221.3 , Est Remaining: 282.5
153 222.7 , Est Remaining: 280.9
154 224.0 , Est Remaining: 279.3
155 225.4 , Est Remaining: 277.8
156 226.8 , Est Remaining: 276.3
157 228.2 , Est Remaining: 274.7
EVENT FAILED
157 228.5 , Est Remaining: 275.0
158 229.9 , Est Remaining: 273.5
159 231.2 , Est Remaining: 272.0
160 232.6 , Est Remaining: 270.4
161 234.0 , Est Remaining: 268.9
162 235.4 , Est Remaining: 267.3
163 236.7 , Est Remaining: 265.8
164 238.1 , Est Remaining: 264.2
165 239.5 , Est Remaining: 262.7
166 240.8 , Est Remaining: 261.1
167 242.2 , Est Remaining: 259.6
168 243.6 , Est Remaining: 258.1
169 244.9 , Est Remaining: 256.5
170 246.3 , Est Remaining: 255.0
171 247.7 , Est Remaining: 253.5
172 249.1 , Est Remaining: 252.0
173 250.5 , Est Remaining: 250.5
174 251.8 , Est Remaining: 248.9
175 253.2 , Est Remaining: 247.4
176 254.6 , Est Remaining: 245.9
177 256.0 , Est Remaining: 244.4
178 257.3 , Est Remaining: 242.9
179 258.7 , Est Remaining: 241.4
180 260.1 , Est Remaining: 239.9
181 261.5 , Est Remaining: 238.3
182 262.8 , Est Remaining: 236.8
183 264.2 , Est Remaining: 235.3
184 265.5 , Est Remaining: 233.8
185 266.9 , Est Remaining: 232.3
186 268.2 , Est Remaining: 230.8
187 269.6 , Est Remaining: 229.2
188 271.0 , Est Remaining: 227.7
189 272.3 , Est Remaining: 226.2
190 273.7 , Est Remaining: 224.8
191 275.1 , Est Remaining: 223.3
192 276.5 , Est Remaining: 221.8
193 277.9 , Est Remaining: 220.3
194 279.3 , Est Remaining: 218.8
195 280.7 , Est Remaining: 217.4
196 282.1 , Est Remaining: 215.9
197 283.5 , Est Remaining: 214.4
198 284.9 , Est Remaining: 212.9
199 286.3 , Est Remaining: 211.5
200 287.7 , Est Remaining: 210.0
201 289.2 , Est Remaining: 208.7
202 290.6 , Est Remaining: 207.2
203 292.0 , Est Remaining: 205.7
204 293.5 , Est Remaining: 204.3
205 294.9 , Est Remaining: 202.8
206 296.3 , Est Remaining: 201.3
207 297.7 , Est Remaining: 199.9
208 299.1 , Est Remaining: 198.4
209 300.5 , Est Remaining: 197.0
210 301.9 , Est Remaining: 195.5
211 303.4 , Est Remaining: 194.1
212 304.8 , Est Remaining: 192.7
213 306.2 , Est Remaining: 191.2
214 307.7 , Est Remaining: 189.8
215 309.1 , Est Remaining: 188.4
216 310.6 , Est Remaining: 186.9
217 312.0 , Est Remaining: 185.5
218 313.4 , Est Remaining: 184.0
219 314.9 , Est Remaining: 182.6
220 316.3 , Est Remaining: 181.2
221 317.7 , Est Remaining: 179.7
222 319.2 , Est Remaining: 178.3
223 320.6 , Est Remaining: 176.8
224 322.0 , Est Remaining: 175.4
225 323.5 , Est Remaining: 173.9
226 324.9 , Est Remaining: 172.5
227 326.3 , Est Remaining: 171.1
228 327.7 , Est Remaining: 169.6
229 329.2 , Est Remaining: 168.2
230 330.6 , Est Remaining: 166.7
231 332.0 , Est Remaining: 165.3
232 333.4 , Est Remaining: 163.8
233 334.8 , Est Remaining: 162.4
234 336.2 , Est Remaining: 160.9
235 337.7 , Est Remaining: 159.5
236 339.1 , Est Remaining: 158.1
237 340.6 , Est Remaining: 156.6
238 342.0 , Est Remaining: 155.2
239 343.4 , Est Remaining: 153.8
240 344.9 , Est Remaining: 152.3
241 346.3 , Est Remaining: 150.9
242 347.7 , Est Remaining: 149.4
243 349.2 , Est Remaining: 148.0
244 350.6 , Est Remaining: 146.6
245 352.0 , Est Remaining: 145.1
246 353.4 , Est Remaining: 143.7
247 354.9 , Est Remaining: 142.2
248 356.3 , Est Remaining: 140.8
249 357.7 , Est Remaining: 139.4
250 359.2 , Est Remaining: 137.9
251 360.6 , Est Remaining: 136.5
252 362.1 , Est Remaining: 135.1
253 363.5 , Est Remaining: 133.6
254 364.9 , Est Remaining: 132.2
255 366.4 , Est Remaining: 130.8
256 367.8 , Est Remaining: 129.3
257 369.3 , Est Remaining: 127.9
258 370.7 , Est Remaining: 126.4
259 372.1 , Est Remaining: 125.0
260 373.6 , Est Remaining: 123.6
261 375.0 , Est Remaining: 122.1
262 376.5 , Est Remaining: 120.7
263 377.9 , Est Remaining: 119.3
264 379.3 , Est Remaining: 117.8
265 380.8 , Est Remaining: 116.4
266 382.2 , Est Remaining: 115.0
267 383.7 , Est Remaining: 113.5
268 385.1 , Est Remaining: 112.1
EVENT FAILED
268 385.4 , Est Remaining: 112.2
269 386.9 , Est Remaining: 110.7
270 388.3 , Est Remaining: 109.3
271 389.7 , Est Remaining: 107.9
272 391.2 , Est Remaining: 106.4
273 392.7 , Est Remaining: 105.0
274 394.1 , Est Remaining: 103.6
275 395.6 , Est Remaining: 102.1
276 397.0 , Est Remaining: 100.7
277 398.4 , Est Remaining: 99.2
278 399.8 , Est Remaining: 97.8
279 401.3 , Est Remaining: 96.4
280 402.7 , Est Remaining: 94.9
281 404.1 , Est Remaining: 93.5
282 405.5 , Est Remaining: 92.0
283 406.9 , Est Remaining: 90.6
284 408.4 , Est Remaining: 89.1
EVENT FAILED
284 408.7 , Est Remaining: 89.2
285 410.1 , Est Remaining: 87.8
286 411.5 , Est Remaining: 86.3
287 413.0 , Est Remaining: 84.9
288 414.4 , Est Remaining: 83.4
289 415.8 , Est Remaining: 82.0
290 417.2 , Est Remaining: 80.6
291 418.6 , Est Remaining: 79.1
292 420.1 , Est Remaining: 77.7
293 421.5 , Est Remaining: 76.2
294 422.9 , Est Remaining: 74.8
295 424.3 , Est Remaining: 73.4
296 425.8 , Est Remaining: 71.9
297 427.2 , Est Remaining: 70.5
298 428.6 , Est Remaining: 69.0
299 430.0 , Est Remaining: 67.6
300 431.5 , Est Remaining: 66.2
301 433.1 , Est Remaining: 64.7
302 434.5 , Est Remaining: 63.3
303 436.0 , Est Remaining: 61.9
304 437.4 , Est Remaining: 60.4
305 438.8 , Est Remaining: 59.0
306 440.2 , Est Remaining: 57.5
307 441.7 , Est Remaining: 56.1
308 443.1 , Est Remaining: 54.7
309 444.5 , Est Remaining: 53.2
310 446.0 , Est Remaining: 51.8
311 447.4 , Est Remaining: 50.4
312 448.8 , Est Remaining: 48.9
313 450.2 , Est Remaining: 47.5
314 451.7 , Est Remaining: 46.0
315 453.1 , Est Remaining: 44.6
316 454.5 , Est Remaining: 43.1
317 455.9 , Est Remaining: 41.7
318 457.3 , Est Remaining: 40.3
319 458.7 , Est Remaining: 38.8
320 460.2 , Est Remaining: 37.4
321 461.6 , Est Remaining: 36.0
EVENT FAILED
321 461.9 , Est Remaining: 36.0
322 463.3 , Est Remaining: 34.5
323 464.8 , Est Remaining: 33.1
324 466.2 , Est Remaining: 31.7
325 467.6 , Est Remaining: 30.2
326 469.0 , Est Remaining: 28.8
327 470.4 , Est Remaining: 27.3
328 471.9 , Est Remaining: 25.9
329 473.3 , Est Remaining: 24.5
330 474.8 , Est Remaining: 23.0
331 476.2 , Est Remaining: 21.6
332 477.6 , Est Remaining: 20.1
