Note: NumExpr detected 32 cores but "NUMEXPR_MAX_THREADS" not set, so enforcing safe limit of 8.
Using selector: EpollSelector
/n/home02/jhaefner/miniconda/envs/IC-3.7-2020-06-16/lib/python3.7/site-packages/scipy/optimize/minpack.py:808: OptimizeWarning: Covariance of the parameters could not be estimated
  category=OptimizeWarning)
Total rwfs: 346
0 0.0 , Est Remaining: 999999.9
1 1.3 , Est Remaining: 441.8
2 2.5 , Est Remaining: 435.6
3 3.8 , Est Remaining: 434.1
4 5.1 , Est Remaining: 436.1
5 6.4 , Est Remaining: 436.5
6 7.7 , Est Remaining: 437.3
7 9.0 , Est Remaining: 436.3
8 10.3 , Est Remaining: 435.6
9 11.6 , Est Remaining: 434.7
10 12.9 , Est Remaining: 434.0
11 14.2 , Est Remaining: 432.6
12 15.5 , Est Remaining: 431.8
13 16.8 , Est Remaining: 431.1
14 18.1 , Est Remaining: 429.9
15 19.4 , Est Remaining: 428.8
16 20.8 , Est Remaining: 428.0
17 22.1 , Est Remaining: 428.2
18 23.5 , Est Remaining: 427.5
19 24.8 , Est Remaining: 426.7
20 26.2 , Est Remaining: 426.3
21 27.5 , Est Remaining: 425.4
22 28.8 , Est Remaining: 424.8
23 30.2 , Est Remaining: 424.1
24 31.5 , Est Remaining: 423.1
25 32.9 , Est Remaining: 421.9
26 34.2 , Est Remaining: 421.0
27 35.5 , Est Remaining: 419.7
28 36.9 , Est Remaining: 418.5
29 38.2 , Est Remaining: 417.3
30 39.5 , Est Remaining: 416.1
31 40.8 , Est Remaining: 414.9
EVENT FAILED
31 41.1 , Est Remaining: 417.9
32 42.4 , Est Remaining: 416.5
33 43.8 , Est Remaining: 415.1
34 45.1 , Est Remaining: 413.8
35 46.4 , Est Remaining: 412.4
36 47.7 , Est Remaining: 411.1
37 49.1 , Est Remaining: 409.7
38 50.4 , Est Remaining: 408.6
39 51.8 , Est Remaining: 407.5
40 53.1 , Est Remaining: 406.2
41 54.4 , Est Remaining: 405.0
42 55.8 , Est Remaining: 403.7
43 57.1 , Est Remaining: 402.5
EVENT FAILED
43 57.4 , Est Remaining: 404.6
44 58.8 , Est Remaining: 403.3
45 60.1 , Est Remaining: 402.0
46 61.4 , Est Remaining: 400.6
47 62.8 , Est Remaining: 399.3
48 64.1 , Est Remaining: 397.9
49 65.4 , Est Remaining: 396.6
50 66.8 , Est Remaining: 395.2
51 68.1 , Est Remaining: 393.9
52 69.4 , Est Remaining: 392.6
53 70.8 , Est Remaining: 391.3
54 72.1 , Est Remaining: 390.0
55 73.4 , Est Remaining: 388.6
56 74.8 , Est Remaining: 387.2
57 76.1 , Est Remaining: 385.9
58 77.4 , Est Remaining: 384.5
59 78.8 , Est Remaining: 383.2
60 80.1 , Est Remaining: 381.9
61 81.5 , Est Remaining: 380.5
62 82.8 , Est Remaining: 379.3
63 84.2 , Est Remaining: 378.0
64 85.5 , Est Remaining: 376.7
65 86.8 , Est Remaining: 375.4
66 88.2 , Est Remaining: 374.0
67 89.5 , Est Remaining: 372.6
68 90.8 , Est Remaining: 371.3
69 92.1 , Est Remaining: 369.9
70 93.4 , Est Remaining: 368.4
71 94.8 , Est Remaining: 367.0
EVENT FAILED
71 95.1 , Est Remaining: 368.2
72 96.4 , Est Remaining: 366.9
73 97.7 , Est Remaining: 365.5
74 99.1 , Est Remaining: 364.1
75 100.4 , Est Remaining: 362.7
76 101.7 , Est Remaining: 361.4
77 103.0 , Est Remaining: 359.9
78 104.3 , Est Remaining: 358.5
79 105.7 , Est Remaining: 357.1
80 107.0 , Est Remaining: 355.8
81 108.3 , Est Remaining: 354.4
82 109.7 , Est Remaining: 353.1
83 111.0 , Est Remaining: 351.7
84 112.3 , Est Remaining: 350.3
85 113.7 , Est Remaining: 349.0
86 115.0 , Est Remaining: 347.6
87 116.3 , Est Remaining: 346.3
88 117.6 , Est Remaining: 344.9
89 119.0 , Est Remaining: 343.6
90 120.3 , Est Remaining: 342.2
91 121.7 , Est Remaining: 340.9
92 123.0 , Est Remaining: 339.6
93 124.3 , Est Remaining: 338.2
94 125.7 , Est Remaining: 336.9
95 127.0 , Est Remaining: 335.6
96 128.3 , Est Remaining: 334.2
97 129.7 , Est Remaining: 332.9
98 131.0 , Est Remaining: 331.5
EVENT FAILED
98 131.3 , Est Remaining: 332.3
99 132.6 , Est Remaining: 330.9
100 134.0 , Est Remaining: 329.6
101 135.3 , Est Remaining: 328.2
102 136.7 , Est Remaining: 326.9
103 138.1 , Est Remaining: 325.7
104 139.4 , Est Remaining: 324.4
105 140.7 , Est Remaining: 323.0
106 142.1 , Est Remaining: 321.6
107 143.4 , Est Remaining: 320.3
108 144.7 , Est Remaining: 318.9
109 146.1 , Est Remaining: 317.6
110 147.4 , Est Remaining: 316.3
111 148.7 , Est Remaining: 314.9
EVENT FAILED
111 149.0 , Est Remaining: 315.5
112 150.4 , Est Remaining: 314.2
113 151.7 , Est Remaining: 312.8
114 153.0 , Est Remaining: 311.5
115 154.4 , Est Remaining: 310.1
116 155.7 , Est Remaining: 308.8
117 157.1 , Est Remaining: 307.4
118 158.4 , Est Remaining: 306.1
119 159.7 , Est Remaining: 304.7
120 161.1 , Est Remaining: 303.3
121 162.4 , Est Remaining: 302.0
122 163.7 , Est Remaining: 300.6
123 165.1 , Est Remaining: 299.3
124 166.4 , Est Remaining: 297.9
125 167.8 , Est Remaining: 296.6
126 169.1 , Est Remaining: 295.3
127 170.4 , Est Remaining: 293.9
128 171.8 , Est Remaining: 292.6
129 173.1 , Est Remaining: 291.2
130 174.4 , Est Remaining: 289.8
131 175.8 , Est Remaining: 288.5
132 177.1 , Est Remaining: 287.1
133 178.4 , Est Remaining: 285.8
134 179.7 , Est Remaining: 284.4
135 181.1 , Est Remaining: 283.0
136 182.4 , Est Remaining: 281.6
137 183.7 , Est Remaining: 280.2
EVENT FAILED
137 184.0 , Est Remaining: 280.7
138 185.3 , Est Remaining: 279.3
139 186.6 , Est Remaining: 277.9
140 188.0 , Est Remaining: 276.6
141 189.3 , Est Remaining: 275.2
142 190.6 , Est Remaining: 273.8
143 191.9 , Est Remaining: 272.4
144 193.2 , Est Remaining: 271.0
145 194.4 , Est Remaining: 269.5
146 195.7 , Est Remaining: 268.1
EVENT FAILED
146 196.4 , Est Remaining: 269.1
147 197.8 , Est Remaining: 267.7
148 199.1 , Est Remaining: 266.4
149 200.5 , Est Remaining: 265.0
150 201.8 , Est Remaining: 263.7
151 203.1 , Est Remaining: 262.3
152 204.5 , Est Remaining: 261.0
153 205.8 , Est Remaining: 259.6
154 207.1 , Est Remaining: 258.2
155 208.5 , Est Remaining: 256.9
156 209.8 , Est Remaining: 255.5
157 211.1 , Est Remaining: 254.1
158 212.4 , Est Remaining: 252.8
159 213.7 , Est Remaining: 251.4
160 215.1 , Est Remaining: 250.0
161 216.4 , Est Remaining: 248.6
162 217.7 , Est Remaining: 247.2
163 219.0 , Est Remaining: 245.8
164 220.3 , Est Remaining: 244.5
165 221.6 , Est Remaining: 243.1
EVENT FAILED
165 221.9 , Est Remaining: 243.4
166 223.2 , Est Remaining: 242.0
167 224.5 , Est Remaining: 240.6
168 225.8 , Est Remaining: 239.3
169 227.1 , Est Remaining: 237.9
170 228.4 , Est Remaining: 236.5
171 229.7 , Est Remaining: 235.1
172 231.0 , Est Remaining: 233.7
173 232.4 , Est Remaining: 232.4
174 233.7 , Est Remaining: 231.0
EVENT FAILED
174 234.0 , Est Remaining: 231.3
175 235.3 , Est Remaining: 229.9
176 236.6 , Est Remaining: 228.5
177 237.9 , Est Remaining: 227.2
178 239.2 , Est Remaining: 225.8
179 240.5 , Est Remaining: 224.4
180 241.9 , Est Remaining: 223.0
181 243.2 , Est Remaining: 221.7
182 244.5 , Est Remaining: 220.3
183 246.1 , Est Remaining: 219.2
184 247.4 , Est Remaining: 217.8
185 248.6 , Est Remaining: 216.3
186 249.9 , Est Remaining: 215.0
187 251.2 , Est Remaining: 213.6
188 252.5 , Est Remaining: 212.2
189 253.8 , Est Remaining: 210.9
190 255.1 , Est Remaining: 209.5
191 256.5 , Est Remaining: 208.1
192 257.8 , Est Remaining: 206.8
193 259.1 , Est Remaining: 205.4
194 260.4 , Est Remaining: 204.0
195 261.7 , Est Remaining: 202.7
196 263.0 , Est Remaining: 201.3
197 264.4 , Est Remaining: 199.9
198 265.7 , Est Remaining: 198.6
199 267.0 , Est Remaining: 197.3
200 268.4 , Est Remaining: 195.9
201 269.7 , Est Remaining: 194.6
202 271.1 , Est Remaining: 193.3
203 272.4 , Est Remaining: 191.9
204 273.8 , Est Remaining: 190.6
205 275.1 , Est Remaining: 189.2
206 276.4 , Est Remaining: 187.9
207 277.6 , Est Remaining: 186.4
208 279.0 , Est Remaining: 185.1
209 280.3 , Est Remaining: 183.7
210 281.6 , Est Remaining: 182.4
211 283.0 , Est Remaining: 181.0
212 284.3 , Est Remaining: 179.7
213 285.6 , Est Remaining: 178.3
214 286.9 , Est Remaining: 177.0
215 288.2 , Est Remaining: 175.6
216 289.5 , Est Remaining: 174.3
217 290.8 , Est Remaining: 172.9
218 292.2 , Est Remaining: 171.5
219 293.5 , Est Remaining: 170.2
220 294.8 , Est Remaining: 168.8
221 296.1 , Est Remaining: 167.5
222 297.5 , Est Remaining: 166.1
223 298.8 , Est Remaining: 164.8
224 300.1 , Est Remaining: 163.4
225 301.4 , Est Remaining: 162.1
226 302.8 , Est Remaining: 160.8
227 304.1 , Est Remaining: 159.4
EVENT FAILED
227 304.4 , Est Remaining: 159.6
228 305.7 , Est Remaining: 158.2
229 307.0 , Est Remaining: 156.9
230 308.4 , Est Remaining: 155.5
231 309.7 , Est Remaining: 154.2
232 311.0 , Est Remaining: 152.8
233 312.3 , Est Remaining: 151.5
234 313.7 , Est Remaining: 150.1
235 315.0 , Est Remaining: 148.8
236 316.3 , Est Remaining: 147.4
237 317.7 , Est Remaining: 146.1
EVENT FAILED
237 318.0 , Est Remaining: 146.2
238 319.3 , Est Remaining: 144.9
239 320.6 , Est Remaining: 143.5
240 321.9 , Est Remaining: 142.2
241 323.3 , Est Remaining: 140.8
242 324.6 , Est Remaining: 139.5
243 325.9 , Est Remaining: 138.2
244 327.3 , Est Remaining: 136.8
245 328.6 , Est Remaining: 135.5
246 329.9 , Est Remaining: 134.1
247 331.3 , Est Remaining: 132.8
248 332.6 , Est Remaining: 131.4
EVENT FAILED
248 332.9 , Est Remaining: 131.6
249 334.2 , Est Remaining: 130.2
EVENT FAILED
249 334.5 , Est Remaining: 130.3
250 335.9 , Est Remaining: 129.0
251 337.2 , Est Remaining: 127.6
252 338.5 , Est Remaining: 126.3
253 339.9 , Est Remaining: 124.9
254 341.2 , Est Remaining: 123.6
255 342.5 , Est Remaining: 122.2
256 343.9 , Est Remaining: 120.9
257 345.2 , Est Remaining: 119.5
258 346.5 , Est Remaining: 118.2
259 347.8 , Est Remaining: 116.8
260 349.2 , Est Remaining: 115.5
261 350.5 , Est Remaining: 114.2
262 351.8 , Est Remaining: 112.8
263 353.2 , Est Remaining: 111.5
264 354.5 , Est Remaining: 110.1
265 355.8 , Est Remaining: 108.8
266 357.1 , Est Remaining: 107.4
267 358.4 , Est Remaining: 106.1
268 359.7 , Est Remaining: 104.7
269 361.1 , Est Remaining: 103.4
270 362.4 , Est Remaining: 102.0
271 363.7 , Est Remaining: 100.6
272 365.0 , Est Remaining: 99.3
273 366.3 , Est Remaining: 98.0
274 367.6 , Est Remaining: 96.6
275 368.9 , Est Remaining: 95.3
276 370.3 , Est Remaining: 93.9
277 371.6 , Est Remaining: 92.6
278 372.9 , Est Remaining: 91.2
EVENT FAILED
278 373.2 , Est Remaining: 91.3
279 374.5 , Est Remaining: 89.9
280 375.8 , Est Remaining: 88.6
281 377.1 , Est Remaining: 87.2
282 378.5 , Est Remaining: 85.9
283 379.8 , Est Remaining: 84.5
284 381.1 , Est Remaining: 83.2
285 382.5 , Est Remaining: 81.9
286 383.8 , Est Remaining: 80.5
287 385.1 , Est Remaining: 79.2
288 386.5 , Est Remaining: 77.8
289 387.8 , Est Remaining: 76.5
290 389.0 , Est Remaining: 75.1
291 390.3 , Est Remaining: 73.8
292 391.7 , Est Remaining: 72.4
293 393.0 , Est Remaining: 71.1
294 394.3 , Est Remaining: 69.7
295 395.6 , Est Remaining: 68.4
296 396.9 , Est Remaining: 67.0
EVENT FAILED
296 397.2 , Est Remaining: 67.1
297 398.5 , Est Remaining: 65.8
298 399.8 , Est Remaining: 64.4
299 401.2 , Est Remaining: 63.1
300 402.5 , Est Remaining: 61.7
301 403.8 , Est Remaining: 60.4
302 405.3 , Est Remaining: 59.0
303 406.6 , Est Remaining: 57.7
304 408.0 , Est Remaining: 56.4
EVENT FAILED
304 408.3 , Est Remaining: 56.4
305 409.6 , Est Remaining: 55.1
306 410.9 , Est Remaining: 53.7
307 412.2 , Est Remaining: 52.4
308 413.6 , Est Remaining: 51.0
309 414.9 , Est Remaining: 49.7
310 416.2 , Est Remaining: 48.3
311 417.6 , Est Remaining: 47.0
312 418.9 , Est Remaining: 45.6
313 420.2 , Est Remaining: 44.3
314 421.5 , Est Remaining: 43.0
315 422.9 , Est Remaining: 41.6
316 424.2 , Est Remaining: 40.3
317 425.5 , Est Remaining: 38.9
318 426.8 , Est Remaining: 37.6
319 428.2 , Est Remaining: 36.2
320 429.5 , Est Remaining: 34.9
321 430.8 , Est Remaining: 33.6
322 432.1 , Est Remaining: 32.2
323 433.5 , Est Remaining: 30.9
324 434.8 , Est Remaining: 29.5
325 436.1 , Est Remaining: 28.2
326 437.5 , Est Remaining: 26.8
327 438.8 , Est Remaining: 25.5
EVENT FAILED
327 439.1 , Est Remaining: 25.5
328 440.4 , Est Remaining: 24.2
