Note: NumExpr detected 32 cores but "NUMEXPR_MAX_THREADS" not set, so enforcing safe limit of 8.
Using selector: EpollSelector
/n/home02/jhaefner/miniconda/envs/IC-3.7-2020-06-16/lib/python3.7/site-packages/scipy/optimize/minpack.py:808: OptimizeWarning: Covariance of the parameters could not be estimated
  category=OptimizeWarning)
Total rwfs: 346
0 0.0 , Est Remaining: 999999.9
1 1.4 , Est Remaining: 474.9
2 2.7 , Est Remaining: 471.5
3 4.1 , Est Remaining: 473.3
4 5.5 , Est Remaining: 471.6
5 6.9 , Est Remaining: 468.9
6 8.2 , Est Remaining: 466.7
7 9.6 , Est Remaining: 465.0
8 11.0 , Est Remaining: 463.2
9 12.3 , Est Remaining: 461.3
10 13.7 , Est Remaining: 459.7
11 15.2 , Est Remaining: 464.0
EVENT FAILED
11 15.5 , Est Remaining: 473.3
12 16.9 , Est Remaining: 470.2
13 18.2 , Est Remaining: 467.2
14 19.6 , Est Remaining: 465.0
15 21.0 , Est Remaining: 462.5
16 22.3 , Est Remaining: 460.5
17 23.7 , Est Remaining: 458.6
18 25.1 , Est Remaining: 456.7
19 26.4 , Est Remaining: 454.5
20 27.7 , Est Remaining: 452.2
21 29.1 , Est Remaining: 450.4
22 30.4 , Est Remaining: 448.4
23 31.8 , Est Remaining: 446.4
24 33.1 , Est Remaining: 444.6
25 34.5 , Est Remaining: 442.8
26 35.8 , Est Remaining: 440.8
EVENT FAILED
26 36.1 , Est Remaining: 444.4
27 37.5 , Est Remaining: 442.8
28 38.8 , Est Remaining: 441.1
29 40.2 , Est Remaining: 439.4
30 41.6 , Est Remaining: 437.7
31 42.9 , Est Remaining: 436.0
32 44.3 , Est Remaining: 434.6
33 45.7 , Est Remaining: 433.1
34 47.0 , Est Remaining: 431.6
35 48.4 , Est Remaining: 430.0
36 49.7 , Est Remaining: 428.4
37 51.1 , Est Remaining: 426.7
38 52.5 , Est Remaining: 425.2
39 53.8 , Est Remaining: 423.6
40 55.2 , Est Remaining: 422.0
41 56.5 , Est Remaining: 420.5
42 57.9 , Est Remaining: 418.9
43 59.2 , Est Remaining: 417.2
EVENT FAILED
43 59.5 , Est Remaining: 419.4
44 60.9 , Est Remaining: 417.8
45 62.2 , Est Remaining: 416.2
46 63.6 , Est Remaining: 414.5
47 64.9 , Est Remaining: 413.0
48 66.3 , Est Remaining: 411.5
49 67.6 , Est Remaining: 410.0
50 69.0 , Est Remaining: 408.5
51 70.3 , Est Remaining: 406.9
52 71.7 , Est Remaining: 405.4
53 73.1 , Est Remaining: 403.9
EVENT FAILED
53 73.4 , Est Remaining: 405.5
54 74.7 , Est Remaining: 404.0
55 76.0 , Est Remaining: 402.4
56 77.4 , Est Remaining: 400.9
57 78.8 , Est Remaining: 399.3
58 80.1 , Est Remaining: 397.8
59 81.5 , Est Remaining: 396.2
EVENT FAILED
59 81.7 , Est Remaining: 397.7
60 83.1 , Est Remaining: 396.1
61 84.4 , Est Remaining: 394.4
62 85.8 , Est Remaining: 392.8
63 87.1 , Est Remaining: 391.2
64 88.4 , Est Remaining: 389.6
65 89.8 , Est Remaining: 388.0
EVENT FAILED
65 90.1 , Est Remaining: 389.3
66 91.4 , Est Remaining: 387.8
67 92.8 , Est Remaining: 386.3
68 94.1 , Est Remaining: 384.7
69 95.4 , Est Remaining: 383.2
70 96.8 , Est Remaining: 381.6
71 98.1 , Est Remaining: 380.1
72 99.5 , Est Remaining: 378.6
73 100.8 , Est Remaining: 377.1
74 102.2 , Est Remaining: 375.6
75 103.5 , Est Remaining: 374.1
76 104.9 , Est Remaining: 372.6
77 106.2 , Est Remaining: 371.1
78 107.6 , Est Remaining: 369.6
EVENT FAILED
78 107.9 , Est Remaining: 370.6
EVENT FAILED
78 108.2 , Est Remaining: 371.7
79 109.5 , Est Remaining: 370.1
80 110.8 , Est Remaining: 368.5
81 112.2 , Est Remaining: 366.9
82 113.5 , Est Remaining: 365.4
83 114.8 , Est Remaining: 363.9
84 116.2 , Est Remaining: 362.4
85 117.5 , Est Remaining: 360.9
86 118.9 , Est Remaining: 359.4
87 120.2 , Est Remaining: 357.9
88 121.5 , Est Remaining: 356.4
89 122.9 , Est Remaining: 354.9
90 124.2 , Est Remaining: 353.4
91 125.6 , Est Remaining: 351.9
92 126.9 , Est Remaining: 350.4
93 128.3 , Est Remaining: 349.0
94 129.6 , Est Remaining: 347.5
95 131.0 , Est Remaining: 346.0
96 132.3 , Est Remaining: 344.6
97 133.7 , Est Remaining: 343.2
98 135.0 , Est Remaining: 341.7
99 136.4 , Est Remaining: 340.3
100 137.7 , Est Remaining: 338.8
101 139.1 , Est Remaining: 337.4
102 140.4 , Est Remaining: 335.9
103 141.9 , Est Remaining: 334.7
EVENT FAILED
103 142.2 , Est Remaining: 335.4
104 143.5 , Est Remaining: 333.9
105 144.9 , Est Remaining: 332.5
106 146.2 , Est Remaining: 331.0
EVENT FAILED
106 146.5 , Est Remaining: 331.7
107 147.8 , Est Remaining: 330.2
108 149.2 , Est Remaining: 328.8
109 150.5 , Est Remaining: 327.3
110 151.9 , Est Remaining: 325.8
111 153.2 , Est Remaining: 324.4
112 154.5 , Est Remaining: 322.9
113 155.9 , Est Remaining: 321.4
114 157.2 , Est Remaining: 319.9
115 158.5 , Est Remaining: 318.4
116 159.9 , Est Remaining: 317.0
117 161.2 , Est Remaining: 315.6
118 162.5 , Est Remaining: 314.1
119 163.9 , Est Remaining: 312.6
120 165.2 , Est Remaining: 311.1
121 166.6 , Est Remaining: 309.7
122 167.9 , Est Remaining: 308.3
123 169.2 , Est Remaining: 306.8
124 170.6 , Est Remaining: 305.4
125 171.9 , Est Remaining: 304.0
126 173.3 , Est Remaining: 302.5
127 174.6 , Est Remaining: 301.1
128 176.0 , Est Remaining: 299.7
129 177.3 , Est Remaining: 298.3
130 178.6 , Est Remaining: 296.8
131 180.0 , Est Remaining: 295.4
132 181.3 , Est Remaining: 294.0
133 182.7 , Est Remaining: 292.6
134 184.0 , Est Remaining: 291.1
135 185.3 , Est Remaining: 289.7
136 186.7 , Est Remaining: 288.2
137 188.0 , Est Remaining: 286.8
138 189.3 , Est Remaining: 285.4
139 190.7 , Est Remaining: 284.0
140 192.0 , Est Remaining: 282.6
141 193.4 , Est Remaining: 281.2
142 194.7 , Est Remaining: 279.7
143 196.1 , Est Remaining: 278.3
144 197.4 , Est Remaining: 276.9
145 198.8 , Est Remaining: 275.5
146 200.1 , Est Remaining: 274.1
147 201.4 , Est Remaining: 272.7
148 202.8 , Est Remaining: 271.3
149 204.1 , Est Remaining: 269.9
150 205.5 , Est Remaining: 268.5
151 206.8 , Est Remaining: 267.1
152 208.1 , Est Remaining: 265.7
153 209.5 , Est Remaining: 264.3
154 210.8 , Est Remaining: 262.9
155 212.2 , Est Remaining: 261.5
156 213.5 , Est Remaining: 260.0
157 214.9 , Est Remaining: 258.7
158 216.2 , Est Remaining: 257.3
159 217.5 , Est Remaining: 255.9
160 218.9 , Est Remaining: 254.5
161 220.2 , Est Remaining: 253.1
EVENT FAILED
161 220.5 , Est Remaining: 253.4
162 221.9 , Est Remaining: 252.0
163 223.2 , Est Remaining: 250.6
164 224.6 , Est Remaining: 249.2
165 225.9 , Est Remaining: 247.8
166 227.2 , Est Remaining: 246.4
167 228.6 , Est Remaining: 245.0
168 229.9 , Est Remaining: 243.6
169 231.3 , Est Remaining: 242.2
170 232.5 , Est Remaining: 240.7
171 233.8 , Est Remaining: 239.3
172 235.2 , Est Remaining: 237.9
173 236.5 , Est Remaining: 236.5
174 237.9 , Est Remaining: 235.1
175 239.2 , Est Remaining: 233.7
176 240.6 , Est Remaining: 232.4
177 241.9 , Est Remaining: 231.0
178 243.2 , Est Remaining: 229.6
179 244.6 , Est Remaining: 228.2
180 245.9 , Est Remaining: 226.8
181 247.2 , Est Remaining: 225.4
182 248.6 , Est Remaining: 224.0
183 249.9 , Est Remaining: 222.6
184 251.2 , Est Remaining: 221.2
185 252.6 , Est Remaining: 219.8
186 253.9 , Est Remaining: 218.4
187 255.2 , Est Remaining: 217.0
188 256.6 , Est Remaining: 215.6
189 257.9 , Est Remaining: 214.2
190 259.3 , Est Remaining: 212.9
191 260.6 , Est Remaining: 211.5
192 261.9 , Est Remaining: 210.1
193 263.3 , Est Remaining: 208.7
194 264.6 , Est Remaining: 207.3
195 265.9 , Est Remaining: 205.9
196 267.2 , Est Remaining: 204.5
197 268.6 , Est Remaining: 203.1
198 269.9 , Est Remaining: 201.7
199 271.2 , Est Remaining: 200.3
200 272.5 , Est Remaining: 199.0
201 273.9 , Est Remaining: 197.6
202 275.2 , Est Remaining: 196.2
203 276.6 , Est Remaining: 194.8
204 277.9 , Est Remaining: 193.4
205 279.2 , Est Remaining: 192.1
206 280.6 , Est Remaining: 190.7
207 281.9 , Est Remaining: 189.3
208 283.2 , Est Remaining: 187.9
209 284.6 , Est Remaining: 186.5
210 285.9 , Est Remaining: 185.1
211 287.2 , Est Remaining: 183.8
212 288.5 , Est Remaining: 182.4
213 289.9 , Est Remaining: 181.0
214 291.2 , Est Remaining: 179.6
215 292.6 , Est Remaining: 178.3
216 293.9 , Est Remaining: 176.9
217 295.2 , Est Remaining: 175.5
218 296.5 , Est Remaining: 174.1
219 297.9 , Est Remaining: 172.7
220 299.2 , Est Remaining: 171.3
221 300.5 , Est Remaining: 170.0
222 301.8 , Est Remaining: 168.6
223 303.1 , Est Remaining: 167.2
224 304.5 , Est Remaining: 165.8
225 305.8 , Est Remaining: 164.4
226 307.1 , Est Remaining: 163.1
227 308.4 , Est Remaining: 161.7
228 309.8 , Est Remaining: 160.3
229 311.1 , Est Remaining: 158.9
230 312.4 , Est Remaining: 157.6
231 313.7 , Est Remaining: 156.2
232 315.1 , Est Remaining: 154.8
233 316.4 , Est Remaining: 153.5
EVENT FAILED
233 316.7 , Est Remaining: 153.6
234 318.0 , Est Remaining: 152.2
235 319.4 , Est Remaining: 150.9
236 320.7 , Est Remaining: 149.5
237 322.0 , Est Remaining: 148.1
238 323.4 , Est Remaining: 146.7
EVENT FAILED
238 323.7 , Est Remaining: 146.9
239 325.0 , Est Remaining: 145.5
240 326.4 , Est Remaining: 144.1
241 327.7 , Est Remaining: 142.8
242 329.0 , Est Remaining: 141.4
243 330.3 , Est Remaining: 140.0
244 331.7 , Est Remaining: 138.7
245 333.0 , Est Remaining: 137.3
246 334.3 , Est Remaining: 135.9
247 335.7 , Est Remaining: 134.5
248 337.0 , Est Remaining: 133.2
249 338.3 , Est Remaining: 131.8
250 339.6 , Est Remaining: 130.4
251 341.0 , Est Remaining: 129.1
252 342.3 , Est Remaining: 127.7
253 343.6 , Est Remaining: 126.3
254 345.0 , Est Remaining: 124.9
255 346.3 , Est Remaining: 123.6
256 347.6 , Est Remaining: 122.2
257 348.9 , Est Remaining: 120.8
258 350.3 , Est Remaining: 119.5
EVENT FAILED
258 350.6 , Est Remaining: 119.6
259 351.9 , Est Remaining: 118.2
260 353.2 , Est Remaining: 116.8
261 354.5 , Est Remaining: 115.5
262 355.9 , Est Remaining: 114.1
263 357.2 , Est Remaining: 112.7
264 358.6 , Est Remaining: 111.4
265 359.9 , Est Remaining: 110.0
266 361.2 , Est Remaining: 108.6
267 362.5 , Est Remaining: 107.3
268 363.9 , Est Remaining: 105.9
269 365.2 , Est Remaining: 104.5
270 366.5 , Est Remaining: 103.2
271 367.9 , Est Remaining: 101.8
272 369.2 , Est Remaining: 100.4
273 370.5 , Est Remaining: 99.1
274 371.8 , Est Remaining: 97.7
275 373.2 , Est Remaining: 96.3
276 374.5 , Est Remaining: 95.0
277 375.9 , Est Remaining: 93.6
278 377.2 , Est Remaining: 92.3
279 378.5 , Est Remaining: 90.9
280 379.8 , Est Remaining: 89.5
281 381.2 , Est Remaining: 88.2
282 382.5 , Est Remaining: 86.8
283 383.8 , Est Remaining: 85.4
284 385.2 , Est Remaining: 84.1
EVENT FAILED
284 385.5 , Est Remaining: 84.2
285 386.8 , Est Remaining: 82.8
286 388.1 , Est Remaining: 81.4
287 389.5 , Est Remaining: 80.1
288 390.8 , Est Remaining: 78.7
289 392.1 , Est Remaining: 77.3
290 393.4 , Est Remaining: 76.0
291 394.7 , Est Remaining: 74.6
292 396.1 , Est Remaining: 73.2
293 397.4 , Est Remaining: 71.9
294 398.7 , Est Remaining: 70.5
295 400.1 , Est Remaining: 69.2
296 401.4 , Est Remaining: 67.8
297 402.8 , Est Remaining: 66.5
298 404.1 , Est Remaining: 65.1
299 405.4 , Est Remaining: 63.7
300 406.7 , Est Remaining: 62.4
301 408.1 , Est Remaining: 61.0
302 409.5 , Est Remaining: 59.7
303 410.9 , Est Remaining: 58.3
304 412.2 , Est Remaining: 56.9
305 413.5 , Est Remaining: 55.6
306 414.8 , Est Remaining: 54.2
307 416.2 , Est Remaining: 52.9
308 417.5 , Est Remaining: 51.5
309 418.8 , Est Remaining: 50.1
310 420.1 , Est Remaining: 48.8
311 421.4 , Est Remaining: 47.4
312 422.7 , Est Remaining: 46.1
313 424.0 , Est Remaining: 44.7
314 425.4 , Est Remaining: 43.3
315 426.7 , Est Remaining: 42.0
316 428.0 , Est Remaining: 40.6
317 429.3 , Est Remaining: 39.3
318 430.6 , Est Remaining: 37.9
319 431.9 , Est Remaining: 36.6
320 433.3 , Est Remaining: 35.2
321 434.6 , Est Remaining: 33.8
EVENT FAILED
321 434.9 , Est Remaining: 33.9
322 436.2 , Est Remaining: 32.5
323 437.6 , Est Remaining: 31.2
324 438.9 , Est Remaining: 29.8
325 440.2 , Est Remaining: 28.4
326 441.5 , Est Remaining: 27.1
327 442.9 , Est Remaining: 25.7
328 444.2 , Est Remaining: 24.4
329 445.6 , Est Remaining: 23.0
