Note: NumExpr detected 32 cores but "NUMEXPR_MAX_THREADS" not set, so enforcing safe limit of 8.
Using selector: EpollSelector
/n/home02/jhaefner/miniconda/envs/IC-3.7-2020-06-16/lib/python3.7/site-packages/scipy/optimize/minpack.py:808: OptimizeWarning: Covariance of the parameters could not be estimated
  category=OptimizeWarning)
Total rwfs: 178
0 0.0 , Est Remaining: 999999.9
1 1.4 , Est Remaining: 251.8
2 2.8 , Est Remaining: 248.6
3 4.2 , Est Remaining: 247.3
4 5.6 , Est Remaining: 245.1
5 7.0 , Est Remaining: 242.1
6 8.4 , Est Remaining: 240.4
7 9.7 , Est Remaining: 238.1
8 11.1 , Est Remaining: 236.3
9 12.5 , Est Remaining: 234.4
10 13.8 , Est Remaining: 232.5
11 15.2 , Est Remaining: 230.8
12 16.6 , Est Remaining: 229.1
13 17.9 , Est Remaining: 227.3
14 19.3 , Est Remaining: 225.9
15 20.6 , Est Remaining: 224.2
16 22.0 , Est Remaining: 222.6
17 23.3 , Est Remaining: 221.0
18 24.7 , Est Remaining: 219.4
19 26.0 , Est Remaining: 217.8
20 27.4 , Est Remaining: 216.2
21 28.7 , Est Remaining: 214.7
22 30.1 , Est Remaining: 213.2
23 31.4 , Est Remaining: 211.9
24 32.8 , Est Remaining: 210.6
25 34.2 , Est Remaining: 209.1
26 35.5 , Est Remaining: 207.7
27 36.9 , Est Remaining: 206.2
28 38.2 , Est Remaining: 204.7
29 39.6 , Est Remaining: 203.2
30 40.9 , Est Remaining: 201.8
31 42.3 , Est Remaining: 200.4
32 43.6 , Est Remaining: 199.0
33 45.0 , Est Remaining: 197.5
34 46.3 , Est Remaining: 196.1
35 47.6 , Est Remaining: 194.6
EVENT FAILED
35 47.9 , Est Remaining: 195.9
36 49.3 , Est Remaining: 194.4
37 50.6 , Est Remaining: 193.0
38 52.0 , Est Remaining: 191.6
39 53.4 , Est Remaining: 190.3
40 54.7 , Est Remaining: 188.8
41 56.1 , Est Remaining: 187.4
42 57.4 , Est Remaining: 185.9
43 58.8 , Est Remaining: 184.5
44 60.1 , Est Remaining: 183.1
45 61.5 , Est Remaining: 181.6
46 62.8 , Est Remaining: 180.2
47 64.2 , Est Remaining: 178.9
48 65.5 , Est Remaining: 177.5
49 66.9 , Est Remaining: 176.1
50 68.2 , Est Remaining: 174.7
51 69.6 , Est Remaining: 173.3
52 71.0 , Est Remaining: 171.9
53 72.3 , Est Remaining: 170.6
54 73.7 , Est Remaining: 169.2
55 75.0 , Est Remaining: 167.8
56 76.4 , Est Remaining: 166.5
57 77.8 , Est Remaining: 165.1
58 79.1 , Est Remaining: 163.7
59 80.5 , Est Remaining: 162.3
60 81.8 , Est Remaining: 160.9
61 83.2 , Est Remaining: 159.5
62 84.5 , Est Remaining: 158.1
63 85.9 , Est Remaining: 156.8
64 87.3 , Est Remaining: 155.4
65 88.6 , Est Remaining: 154.1
66 90.0 , Est Remaining: 152.7
67 91.3 , Est Remaining: 151.3
68 92.6 , Est Remaining: 149.9
69 94.0 , Est Remaining: 148.5
70 95.3 , Est Remaining: 147.1
71 96.6 , Est Remaining: 145.7
72 98.0 , Est Remaining: 144.3
73 99.3 , Est Remaining: 142.9
74 100.6 , Est Remaining: 141.4
75 102.0 , Est Remaining: 140.1
76 103.3 , Est Remaining: 138.7
77 104.7 , Est Remaining: 137.3
78 106.0 , Est Remaining: 135.9
79 107.3 , Est Remaining: 134.5
80 108.7 , Est Remaining: 133.1
81 110.0 , Est Remaining: 131.8
82 111.4 , Est Remaining: 130.4
83 112.7 , Est Remaining: 129.0
84 114.1 , Est Remaining: 127.6
85 115.4 , Est Remaining: 126.3
86 116.8 , Est Remaining: 124.9
EVENT FAILED
86 117.1 , Est Remaining: 125.2
87 118.4 , Est Remaining: 123.8
88 119.8 , Est Remaining: 122.5
89 121.1 , Est Remaining: 121.1
90 122.4 , Est Remaining: 119.7
91 123.8 , Est Remaining: 118.3
92 125.1 , Est Remaining: 117.0
93 126.5 , Est Remaining: 115.6
94 127.8 , Est Remaining: 114.2
EVENT FAILED
94 128.1 , Est Remaining: 114.5
95 129.5 , Est Remaining: 113.1
96 130.8 , Est Remaining: 111.7
97 132.1 , Est Remaining: 110.4
98 133.5 , Est Remaining: 109.0
99 134.8 , Est Remaining: 107.6
100 136.2 , Est Remaining: 106.2
101 137.6 , Est Remaining: 104.9
102 138.9 , Est Remaining: 103.5
103 140.3 , Est Remaining: 102.2
104 141.7 , Est Remaining: 100.8
105 143.0 , Est Remaining: 99.4
106 144.4 , Est Remaining: 98.1
107 145.7 , Est Remaining: 96.7
108 147.1 , Est Remaining: 95.3
109 148.5 , Est Remaining: 94.0
110 149.8 , Est Remaining: 92.6
111 151.2 , Est Remaining: 91.3
112 152.5 , Est Remaining: 89.9
113 153.9 , Est Remaining: 88.5
114 155.2 , Est Remaining: 87.1
115 156.5 , Est Remaining: 85.8
116 157.9 , Est Remaining: 84.4
117 159.2 , Est Remaining: 83.0
118 160.6 , Est Remaining: 81.6
119 161.9 , Est Remaining: 80.3
120 163.2 , Est Remaining: 78.9
121 164.6 , Est Remaining: 77.5
122 165.9 , Est Remaining: 76.1
123 167.2 , Est Remaining: 74.8
124 168.6 , Est Remaining: 73.4
125 169.9 , Est Remaining: 72.0
126 171.2 , Est Remaining: 70.7
127 172.6 , Est Remaining: 69.3
128 173.9 , Est Remaining: 67.9
129 175.2 , Est Remaining: 66.6
EVENT FAILED
129 175.5 , Est Remaining: 66.7
130 176.8 , Est Remaining: 65.3
131 178.2 , Est Remaining: 63.9
132 179.5 , Est Remaining: 62.5
133 180.8 , Est Remaining: 61.2
134 182.1 , Est Remaining: 59.8
135 183.4 , Est Remaining: 58.4
136 184.7 , Est Remaining: 57.1
137 186.1 , Est Remaining: 55.7
138 187.4 , Est Remaining: 54.3
139 188.7 , Est Remaining: 52.9
140 190.0 , Est Remaining: 51.6
141 191.3 , Est Remaining: 50.2
EVENT FAILED
141 191.6 , Est Remaining: 50.3
142 192.9 , Est Remaining: 48.9
143 194.2 , Est Remaining: 47.5
144 195.5 , Est Remaining: 46.2
145 196.8 , Est Remaining: 44.8
146 198.0 , Est Remaining: 43.4
147 199.3 , Est Remaining: 42.0
148 200.6 , Est Remaining: 40.7
149 201.9 , Est Remaining: 39.3
150 203.2 , Est Remaining: 37.9
151 204.5 , Est Remaining: 36.6
152 205.8 , Est Remaining: 35.2
153 207.1 , Est Remaining: 33.8
154 208.4 , Est Remaining: 32.5
155 209.7 , Est Remaining: 31.1
156 211.0 , Est Remaining: 29.8
157 212.3 , Est Remaining: 28.4
158 213.6 , Est Remaining: 27.0
159 214.9 , Est Remaining: 25.7
160 216.2 , Est Remaining: 24.3
161 217.5 , Est Remaining: 23.0
162 218.8 , Est Remaining: 21.6
163 220.1 , Est Remaining: 20.3
164 221.4 , Est Remaining: 18.9
EVENT FAILED
164 221.7 , Est Remaining: 18.9
165 223.0 , Est Remaining: 17.6
166 224.3 , Est Remaining: 16.2
EVENT FAILED
166 224.6 , Est Remaining: 16.2
167 225.9 , Est Remaining: 14.9
168 227.2 , Est Remaining: 13.5
169 228.5 , Est Remaining: 12.2
170 229.8 , Est Remaining: 10.8
