Note: NumExpr detected 32 cores but "NUMEXPR_MAX_THREADS" not set, so enforcing safe limit of 8.
Using selector: EpollSelector
/n/home02/jhaefner/miniconda/envs/IC-3.7-2020-06-16/lib/python3.7/site-packages/scipy/optimize/minpack.py:808: OptimizeWarning: Covariance of the parameters could not be estimated
  category=OptimizeWarning)
Total rwfs: 346
0 0.0 , Est Remaining: 999999.9
1 1.4 , Est Remaining: 469.9
2 2.7 , Est Remaining: 464.6
3 4.1 , Est Remaining: 464.6
4 5.4 , Est Remaining: 461.4
5 6.7 , Est Remaining: 458.5
6 8.1 , Est Remaining: 457.4
7 9.4 , Est Remaining: 454.8
8 10.7 , Est Remaining: 453.4
9 12.1 , Est Remaining: 452.4
10 13.4 , Est Remaining: 450.7
11 14.7 , Est Remaining: 448.8
12 16.1 , Est Remaining: 447.5
13 17.4 , Est Remaining: 446.2
14 18.8 , Est Remaining: 445.3
15 20.1 , Est Remaining: 443.6
16 21.4 , Est Remaining: 441.7
17 22.7 , Est Remaining: 440.0
18 24.1 , Est Remaining: 438.7
19 25.4 , Est Remaining: 437.3
20 26.7 , Est Remaining: 435.8
21 28.1 , Est Remaining: 434.3
22 29.4 , Est Remaining: 432.9
EVENT FAILED
22 29.7 , Est Remaining: 437.2
23 31.0 , Est Remaining: 435.4
24 32.3 , Est Remaining: 434.0
25 33.7 , Est Remaining: 432.6
26 35.0 , Est Remaining: 431.3
27 36.4 , Est Remaining: 429.7
EVENT FAILED
27 36.7 , Est Remaining: 433.2
28 38.0 , Est Remaining: 431.5
29 39.3 , Est Remaining: 429.8
30 40.7 , Est Remaining: 428.2
31 42.0 , Est Remaining: 426.7
32 43.3 , Est Remaining: 425.1
33 44.7 , Est Remaining: 423.7
34 46.0 , Est Remaining: 422.3
35 47.4 , Est Remaining: 420.8
36 48.7 , Est Remaining: 419.3
37 50.0 , Est Remaining: 417.8
38 51.4 , Est Remaining: 416.4
39 52.7 , Est Remaining: 414.9
40 54.1 , Est Remaining: 413.5
41 55.4 , Est Remaining: 412.2
42 56.8 , Est Remaining: 410.8
43 58.1 , Est Remaining: 409.4
44 59.5 , Est Remaining: 408.1
45 60.8 , Est Remaining: 406.7
46 62.1 , Est Remaining: 405.2
47 63.5 , Est Remaining: 403.7
48 64.8 , Est Remaining: 402.2
49 66.1 , Est Remaining: 400.7
50 67.4 , Est Remaining: 399.2
51 68.7 , Est Remaining: 397.6
52 70.1 , Est Remaining: 396.3
53 71.4 , Est Remaining: 394.9
54 72.7 , Est Remaining: 393.4
EVENT FAILED
54 73.0 , Est Remaining: 394.9
55 74.4 , Est Remaining: 393.5
56 75.7 , Est Remaining: 392.0
57 77.0 , Est Remaining: 390.5
58 78.4 , Est Remaining: 389.2
59 79.7 , Est Remaining: 387.7
60 81.0 , Est Remaining: 386.3
61 82.4 , Est Remaining: 384.9
62 83.7 , Est Remaining: 383.4
63 85.0 , Est Remaining: 382.0
64 86.4 , Est Remaining: 380.6
65 87.7 , Est Remaining: 379.1
66 89.0 , Est Remaining: 377.7
67 90.3 , Est Remaining: 376.2
68 91.7 , Est Remaining: 374.7
69 93.0 , Est Remaining: 373.2
70 94.3 , Est Remaining: 371.8
EVENT FAILED
70 94.6 , Est Remaining: 373.0
71 95.9 , Est Remaining: 371.5
72 97.2 , Est Remaining: 370.0
73 98.6 , Est Remaining: 368.6
74 99.9 , Est Remaining: 367.1
75 101.2 , Est Remaining: 365.7
76 102.6 , Est Remaining: 364.3
77 103.9 , Est Remaining: 363.1
78 105.3 , Est Remaining: 361.8
79 106.7 , Est Remaining: 360.5
80 108.0 , Est Remaining: 359.1
81 109.3 , Est Remaining: 357.7
82 110.7 , Est Remaining: 356.4
83 112.0 , Est Remaining: 355.0
84 113.4 , Est Remaining: 353.6
85 114.7 , Est Remaining: 352.3
86 116.1 , Est Remaining: 350.9
87 117.4 , Est Remaining: 349.5
88 118.7 , Est Remaining: 348.1
89 120.1 , Est Remaining: 346.7
90 121.4 , Est Remaining: 345.3
91 122.8 , Est Remaining: 344.0
92 124.1 , Est Remaining: 342.6
93 125.4 , Est Remaining: 341.2
94 126.8 , Est Remaining: 339.8
95 128.1 , Est Remaining: 338.4
96 129.4 , Est Remaining: 337.1
97 130.8 , Est Remaining: 335.7
98 132.1 , Est Remaining: 334.3
99 133.4 , Est Remaining: 332.9
100 134.8 , Est Remaining: 331.5
101 136.1 , Est Remaining: 330.1
102 137.4 , Est Remaining: 328.7
103 138.8 , Est Remaining: 327.5
104 140.2 , Est Remaining: 326.2
105 141.5 , Est Remaining: 324.7
106 142.8 , Est Remaining: 323.3
107 144.1 , Est Remaining: 321.9
108 145.4 , Est Remaining: 320.5
EVENT FAILED
108 145.8 , Est Remaining: 321.3
109 147.1 , Est Remaining: 319.9
110 148.5 , Est Remaining: 318.6
111 149.8 , Est Remaining: 317.1
112 151.1 , Est Remaining: 315.8
113 152.5 , Est Remaining: 314.4
114 153.8 , Est Remaining: 312.9
115 155.1 , Est Remaining: 311.5
116 156.4 , Est Remaining: 310.1
117 157.7 , Est Remaining: 308.7
118 159.1 , Est Remaining: 307.3
119 160.4 , Est Remaining: 306.0
120 161.7 , Est Remaining: 304.6
121 163.1 , Est Remaining: 303.3
122 164.4 , Est Remaining: 301.9
123 165.7 , Est Remaining: 300.5
124 167.1 , Est Remaining: 299.1
125 168.4 , Est Remaining: 297.7
126 169.7 , Est Remaining: 296.3
EVENT FAILED
126 170.0 , Est Remaining: 296.8
127 171.3 , Est Remaining: 295.4
128 172.7 , Est Remaining: 294.1
129 174.0 , Est Remaining: 292.7
130 175.3 , Est Remaining: 291.3
131 176.6 , Est Remaining: 289.9
132 178.0 , Est Remaining: 288.5
133 179.3 , Est Remaining: 287.1
134 180.6 , Est Remaining: 285.7
135 181.9 , Est Remaining: 284.4
136 183.3 , Est Remaining: 283.0
137 184.6 , Est Remaining: 281.6
EVENT FAILED
137 184.9 , Est Remaining: 282.1
138 186.2 , Est Remaining: 280.7
139 187.6 , Est Remaining: 279.3
140 188.9 , Est Remaining: 278.0
141 190.2 , Est Remaining: 276.6
142 191.6 , Est Remaining: 275.2
143 192.9 , Est Remaining: 273.9
144 194.3 , Est Remaining: 272.5
145 195.6 , Est Remaining: 271.1
146 196.9 , Est Remaining: 269.8
147 198.3 , Est Remaining: 268.4
148 199.6 , Est Remaining: 267.1
149 201.0 , Est Remaining: 265.7
150 202.3 , Est Remaining: 264.3
151 203.6 , Est Remaining: 262.9
152 204.9 , Est Remaining: 261.5
153 206.2 , Est Remaining: 260.1
154 207.6 , Est Remaining: 258.8
155 208.9 , Est Remaining: 257.4
156 210.2 , Est Remaining: 256.0
157 211.5 , Est Remaining: 254.6
158 212.8 , Est Remaining: 253.2
159 214.1 , Est Remaining: 251.9
160 215.4 , Est Remaining: 250.5
161 216.7 , Est Remaining: 249.1
162 218.1 , Est Remaining: 247.7
163 219.4 , Est Remaining: 246.3
EVENT FAILED
163 219.7 , Est Remaining: 246.6
164 221.0 , Est Remaining: 245.2
165 222.3 , Est Remaining: 243.8
166 223.6 , Est Remaining: 242.5
167 224.9 , Est Remaining: 241.1
168 226.2 , Est Remaining: 239.7
169 227.5 , Est Remaining: 238.3
170 228.9 , Est Remaining: 236.9
171 230.2 , Est Remaining: 235.6
172 231.5 , Est Remaining: 234.2
173 232.8 , Est Remaining: 232.8
174 234.1 , Est Remaining: 231.5
175 235.5 , Est Remaining: 230.1
176 236.8 , Est Remaining: 228.7
177 238.1 , Est Remaining: 227.4
178 239.4 , Est Remaining: 226.0
179 240.8 , Est Remaining: 224.6
180 242.1 , Est Remaining: 223.3
181 243.4 , Est Remaining: 221.9
182 244.7 , Est Remaining: 220.5
183 246.1 , Est Remaining: 219.2
184 247.4 , Est Remaining: 217.8
185 248.7 , Est Remaining: 216.4
186 250.0 , Est Remaining: 215.1
187 251.3 , Est Remaining: 213.7
188 252.7 , Est Remaining: 212.3
189 254.0 , Est Remaining: 211.0
190 255.3 , Est Remaining: 209.6
191 256.6 , Est Remaining: 208.2
192 257.9 , Est Remaining: 206.9
193 259.2 , Est Remaining: 205.5
194 260.6 , Est Remaining: 204.2
195 261.9 , Est Remaining: 202.8
196 263.2 , Est Remaining: 201.5
197 264.6 , Est Remaining: 200.1
198 265.9 , Est Remaining: 198.7
199 267.2 , Est Remaining: 197.4
200 268.5 , Est Remaining: 196.0
201 269.9 , Est Remaining: 194.7
202 271.2 , Est Remaining: 193.3
203 272.6 , Est Remaining: 192.0
204 273.9 , Est Remaining: 190.7
205 275.2 , Est Remaining: 189.3
206 276.5 , Est Remaining: 187.9
207 277.8 , Est Remaining: 186.6
208 279.1 , Est Remaining: 185.2
209 280.5 , Est Remaining: 183.8
210 281.8 , Est Remaining: 182.5
211 283.1 , Est Remaining: 181.1
212 284.4 , Est Remaining: 179.8
213 285.8 , Est Remaining: 178.4
214 287.1 , Est Remaining: 177.1
215 288.4 , Est Remaining: 175.7
EVENT FAILED
215 288.7 , Est Remaining: 175.9
216 290.0 , Est Remaining: 174.5
217 291.3 , Est Remaining: 173.2
218 292.7 , Est Remaining: 171.8
219 294.0 , Est Remaining: 170.5
220 295.3 , Est Remaining: 169.1
221 296.6 , Est Remaining: 167.8
222 297.9 , Est Remaining: 166.4
223 299.3 , Est Remaining: 165.1
224 300.6 , Est Remaining: 163.7
225 301.9 , Est Remaining: 162.3
226 303.2 , Est Remaining: 161.0
227 304.5 , Est Remaining: 159.6
228 305.8 , Est Remaining: 158.3
229 307.1 , Est Remaining: 156.9
230 308.4 , Est Remaining: 155.6
231 309.8 , Est Remaining: 154.2
232 311.1 , Est Remaining: 152.9
233 312.4 , Est Remaining: 151.5
234 313.7 , Est Remaining: 150.1
235 315.0 , Est Remaining: 148.8
236 316.3 , Est Remaining: 147.4
237 317.6 , Est Remaining: 146.1
238 318.9 , Est Remaining: 144.7
239 320.3 , Est Remaining: 143.4
240 321.6 , Est Remaining: 142.0
241 322.9 , Est Remaining: 140.7
242 324.2 , Est Remaining: 139.3
243 325.6 , Est Remaining: 138.0
EVENT FAILED
243 325.9 , Est Remaining: 138.1
244 327.2 , Est Remaining: 136.8
245 328.5 , Est Remaining: 135.4
246 329.8 , Est Remaining: 134.1
247 331.1 , Est Remaining: 132.7
248 332.4 , Est Remaining: 131.4
249 333.8 , Est Remaining: 130.0
250 335.1 , Est Remaining: 128.7
251 336.4 , Est Remaining: 127.3
252 337.7 , Est Remaining: 126.0
253 339.0 , Est Remaining: 124.6
254 340.3 , Est Remaining: 123.3
255 341.6 , Est Remaining: 121.9
256 342.9 , Est Remaining: 120.6
257 344.2 , Est Remaining: 119.2
258 345.5 , Est Remaining: 117.9
259 346.9 , Est Remaining: 116.5
260 348.2 , Est Remaining: 115.2
261 349.5 , Est Remaining: 113.8
262 350.8 , Est Remaining: 112.5
263 352.1 , Est Remaining: 111.1
264 353.5 , Est Remaining: 109.8
265 354.8 , Est Remaining: 108.4
266 356.1 , Est Remaining: 107.1
267 357.4 , Est Remaining: 105.8
268 358.7 , Est Remaining: 104.4
269 360.1 , Est Remaining: 103.1
270 361.4 , Est Remaining: 101.7
271 362.7 , Est Remaining: 100.4
272 364.0 , Est Remaining: 99.0
273 365.4 , Est Remaining: 97.7
274 366.7 , Est Remaining: 96.4
275 368.0 , Est Remaining: 95.0
276 369.3 , Est Remaining: 93.7
277 370.6 , Est Remaining: 92.3
278 371.9 , Est Remaining: 91.0
279 373.2 , Est Remaining: 89.6
280 374.5 , Est Remaining: 88.3
281 375.8 , Est Remaining: 86.9
282 377.2 , Est Remaining: 85.6
283 378.5 , Est Remaining: 84.3
284 379.8 , Est Remaining: 82.9
285 381.1 , Est Remaining: 81.6
286 382.4 , Est Remaining: 80.2
287 383.7 , Est Remaining: 78.9
288 385.0 , Est Remaining: 77.5
289 386.3 , Est Remaining: 76.2
290 387.7 , Est Remaining: 74.9
291 389.0 , Est Remaining: 73.5
292 390.3 , Est Remaining: 72.2
293 391.6 , Est Remaining: 70.8
294 392.9 , Est Remaining: 69.5
295 394.3 , Est Remaining: 68.2
296 395.6 , Est Remaining: 66.8
297 396.9 , Est Remaining: 65.5
298 398.2 , Est Remaining: 64.1
299 399.5 , Est Remaining: 62.8
300 400.8 , Est Remaining: 61.4
301 402.1 , Est Remaining: 60.1
302 403.5 , Est Remaining: 58.8
303 404.8 , Est Remaining: 57.5
304 406.1 , Est Remaining: 56.1
305 407.4 , Est Remaining: 54.8
306 408.8 , Est Remaining: 53.4
307 410.1 , Est Remaining: 52.1
308 411.4 , Est Remaining: 50.8
309 412.7 , Est Remaining: 49.4
310 414.0 , Est Remaining: 48.1
311 415.3 , Est Remaining: 46.7
312 416.6 , Est Remaining: 45.4
313 417.9 , Est Remaining: 44.1
314 419.2 , Est Remaining: 42.7
315 420.5 , Est Remaining: 41.4
316 421.9 , Est Remaining: 40.1
317 423.2 , Est Remaining: 38.7
318 424.5 , Est Remaining: 37.4
319 425.8 , Est Remaining: 36.0
320 427.1 , Est Remaining: 34.7
321 428.5 , Est Remaining: 33.4
322 429.8 , Est Remaining: 32.0
323 431.1 , Est Remaining: 30.7
324 432.4 , Est Remaining: 29.4
325 433.7 , Est Remaining: 28.0
326 435.0 , Est Remaining: 26.7
327 436.3 , Est Remaining: 25.4
328 437.7 , Est Remaining: 24.0
329 439.0 , Est Remaining: 22.7
EVENT FAILED
329 439.3 , Est Remaining: 22.7
330 440.6 , Est Remaining: 21.4
331 441.9 , Est Remaining: 20.0
332 443.2 , Est Remaining: 18.7
333 444.5 , Est Remaining: 17.4
334 445.8 , Est Remaining: 16.0
