Note: NumExpr detected 32 cores but "NUMEXPR_MAX_THREADS" not set, so enforcing safe limit of 8.
Using selector: EpollSelector
/n/home02/jhaefner/miniconda/envs/IC-3.7-2020-06-16/lib/python3.7/site-packages/scipy/optimize/minpack.py:808: OptimizeWarning: Covariance of the parameters could not be estimated
  category=OptimizeWarning)
Total rwfs: 346
0 0.0 , Est Remaining: 999999.9
EVENT FAILED
0 0.3 , Est Remaining: 999999.9
1 1.7 , Est Remaining: 579.8
2 3.1 , Est Remaining: 524.8
3 4.4 , Est Remaining: 505.4
4 5.8 , Est Remaining: 491.9
5 7.1 , Est Remaining: 484.3
6 8.5 , Est Remaining: 478.9
7 9.8 , Est Remaining: 473.6
8 11.1 , Est Remaining: 469.1
9 12.4 , Est Remaining: 465.0
10 13.8 , Est Remaining: 462.1
11 15.1 , Est Remaining: 459.6
12 16.4 , Est Remaining: 457.8
13 17.8 , Est Remaining: 455.9
14 19.1 , Est Remaining: 453.8
15 20.5 , Est Remaining: 451.8
16 21.8 , Est Remaining: 450.0
17 23.2 , Est Remaining: 448.1
18 24.5 , Est Remaining: 446.3
19 25.8 , Est Remaining: 444.3
20 27.1 , Est Remaining: 442.3
21 28.5 , Est Remaining: 440.4
22 29.8 , Est Remaining: 438.4
23 31.1 , Est Remaining: 436.7
24 32.5 , Est Remaining: 435.8
25 33.8 , Est Remaining: 434.4
26 35.2 , Est Remaining: 433.0
27 36.5 , Est Remaining: 431.3
28 37.8 , Est Remaining: 429.6
29 39.2 , Est Remaining: 428.2
30 40.5 , Est Remaining: 426.7
31 41.8 , Est Remaining: 425.2
32 43.2 , Est Remaining: 423.7
33 44.5 , Est Remaining: 422.3
34 45.9 , Est Remaining: 420.8
35 47.2 , Est Remaining: 419.3
36 48.5 , Est Remaining: 417.8
37 49.8 , Est Remaining: 416.3
38 51.2 , Est Remaining: 414.7
39 52.5 , Est Remaining: 413.3
40 53.8 , Est Remaining: 411.8
41 55.1 , Est Remaining: 410.2
42 56.5 , Est Remaining: 408.7
43 57.8 , Est Remaining: 407.2
44 59.1 , Est Remaining: 405.7
45 60.4 , Est Remaining: 404.1
46 61.7 , Est Remaining: 402.6
47 63.1 , Est Remaining: 401.1
48 64.4 , Est Remaining: 399.6
49 65.7 , Est Remaining: 398.2
50 67.0 , Est Remaining: 396.8
51 68.3 , Est Remaining: 395.3
52 69.7 , Est Remaining: 393.9
53 71.0 , Est Remaining: 392.4
54 72.3 , Est Remaining: 391.0
55 73.7 , Est Remaining: 389.7
56 75.0 , Est Remaining: 388.3
57 76.3 , Est Remaining: 387.0
58 77.7 , Est Remaining: 385.7
59 79.0 , Est Remaining: 384.3
60 80.3 , Est Remaining: 383.0
61 81.7 , Est Remaining: 381.6
62 83.0 , Est Remaining: 380.2
63 84.3 , Est Remaining: 378.8
64 85.7 , Est Remaining: 377.5
65 87.0 , Est Remaining: 376.1
EVENT FAILED
65 87.3 , Est Remaining: 377.4
66 88.6 , Est Remaining: 376.0
67 89.9 , Est Remaining: 374.6
68 91.3 , Est Remaining: 373.2
69 92.6 , Est Remaining: 371.8
70 93.9 , Est Remaining: 370.4
71 95.3 , Est Remaining: 369.0
72 96.6 , Est Remaining: 367.5
73 97.9 , Est Remaining: 366.1
74 99.3 , Est Remaining: 364.8
75 100.6 , Est Remaining: 363.4
76 101.9 , Est Remaining: 362.1
77 103.3 , Est Remaining: 360.7
78 104.6 , Est Remaining: 359.5
79 106.0 , Est Remaining: 358.1
80 107.3 , Est Remaining: 356.7
81 108.6 , Est Remaining: 355.3
82 109.9 , Est Remaining: 353.9
83 111.3 , Est Remaining: 352.6
84 112.6 , Est Remaining: 351.2
85 113.9 , Est Remaining: 349.9
86 115.3 , Est Remaining: 348.5
87 116.6 , Est Remaining: 347.1
88 117.9 , Est Remaining: 345.7
89 119.3 , Est Remaining: 344.4
90 120.6 , Est Remaining: 343.0
91 121.9 , Est Remaining: 341.6
92 123.3 , Est Remaining: 340.3
93 124.6 , Est Remaining: 338.9
94 125.9 , Est Remaining: 337.6
EVENT FAILED
94 126.2 , Est Remaining: 338.4
95 127.5 , Est Remaining: 337.0
96 128.9 , Est Remaining: 335.6
97 130.2 , Est Remaining: 334.3
98 131.6 , Est Remaining: 332.9
99 132.9 , Est Remaining: 331.5
100 134.2 , Est Remaining: 330.2
101 135.5 , Est Remaining: 328.8
102 136.9 , Est Remaining: 327.5
103 138.3 , Est Remaining: 326.3
104 139.6 , Est Remaining: 324.9
105 141.0 , Est Remaining: 323.5
106 142.3 , Est Remaining: 322.1
107 143.6 , Est Remaining: 320.8
108 144.9 , Est Remaining: 319.4
109 146.3 , Est Remaining: 318.1
110 147.6 , Est Remaining: 316.7
111 148.9 , Est Remaining: 315.3
112 150.2 , Est Remaining: 313.9
113 151.6 , Est Remaining: 312.6
114 152.9 , Est Remaining: 311.2
115 154.2 , Est Remaining: 309.8
116 155.6 , Est Remaining: 308.4
117 156.9 , Est Remaining: 307.1
118 158.2 , Est Remaining: 305.7
119 159.6 , Est Remaining: 304.4
120 160.9 , Est Remaining: 303.0
121 162.2 , Est Remaining: 301.7
122 163.6 , Est Remaining: 300.4
123 164.9 , Est Remaining: 299.0
124 166.2 , Est Remaining: 297.6
125 167.6 , Est Remaining: 296.3
126 168.9 , Est Remaining: 294.9
127 170.2 , Est Remaining: 293.6
128 171.6 , Est Remaining: 292.2
129 172.9 , Est Remaining: 290.9
130 174.3 , Est Remaining: 289.5
EVENT FAILED
130 174.5 , Est Remaining: 290.0
131 175.9 , Est Remaining: 288.7
132 177.2 , Est Remaining: 287.3
133 178.6 , Est Remaining: 286.0
134 179.9 , Est Remaining: 284.6
135 181.2 , Est Remaining: 283.3
136 182.6 , Est Remaining: 281.9
137 183.9 , Est Remaining: 280.5
138 185.2 , Est Remaining: 279.2
139 186.6 , Est Remaining: 277.8
EVENT FAILED
139 186.8 , Est Remaining: 278.3
140 188.2 , Est Remaining: 276.9
141 189.5 , Est Remaining: 275.5
142 190.9 , Est Remaining: 274.2
143 192.2 , Est Remaining: 272.8
144 193.5 , Est Remaining: 271.5
145 194.9 , Est Remaining: 270.1
146 196.2 , Est Remaining: 268.8
147 197.5 , Est Remaining: 267.4
148 198.8 , Est Remaining: 266.0
149 200.2 , Est Remaining: 264.7
150 201.5 , Est Remaining: 263.3
151 202.8 , Est Remaining: 261.9
152 204.2 , Est Remaining: 260.6
153 205.5 , Est Remaining: 259.2
154 206.8 , Est Remaining: 257.8
155 208.1 , Est Remaining: 256.5
156 209.4 , Est Remaining: 255.1
EVENT FAILED
156 209.7 , Est Remaining: 255.4
157 211.0 , Est Remaining: 254.0
158 212.3 , Est Remaining: 252.7
EVENT FAILED
158 212.6 , Est Remaining: 253.0
159 214.0 , Est Remaining: 251.6
160 215.3 , Est Remaining: 250.3
161 216.6 , Est Remaining: 248.9
162 217.9 , Est Remaining: 247.5
163 219.3 , Est Remaining: 246.2
164 220.6 , Est Remaining: 244.8
165 221.9 , Est Remaining: 243.4
166 223.3 , Est Remaining: 242.1
167 224.6 , Est Remaining: 240.7
168 225.9 , Est Remaining: 239.4
169 227.3 , Est Remaining: 238.0
170 228.6 , Est Remaining: 236.6
171 229.9 , Est Remaining: 235.3
172 231.2 , Est Remaining: 233.9
173 232.6 , Est Remaining: 232.6
174 233.9 , Est Remaining: 231.2
175 235.2 , Est Remaining: 229.9
176 236.6 , Est Remaining: 228.5
177 237.9 , Est Remaining: 227.1
178 239.2 , Est Remaining: 225.8
EVENT FAILED
178 240.2 , Est Remaining: 226.7
179 241.5 , Est Remaining: 225.3
180 242.8 , Est Remaining: 223.9
181 244.2 , Est Remaining: 222.6
182 245.5 , Est Remaining: 221.2
183 246.8 , Est Remaining: 219.8
184 248.1 , Est Remaining: 218.4
185 249.4 , Est Remaining: 217.1
186 250.8 , Est Remaining: 215.7
187 252.1 , Est Remaining: 214.3
EVENT FAILED
187 252.4 , Est Remaining: 214.6
188 253.7 , Est Remaining: 213.2
189 255.1 , Est Remaining: 211.9
190 256.4 , Est Remaining: 210.5
191 257.7 , Est Remaining: 209.2
192 259.1 , Est Remaining: 207.8
193 260.4 , Est Remaining: 206.4
194 261.7 , Est Remaining: 205.1
195 263.1 , Est Remaining: 203.7
196 264.4 , Est Remaining: 202.4
197 265.7 , Est Remaining: 201.0
198 267.1 , Est Remaining: 199.6
199 268.4 , Est Remaining: 198.3
200 269.7 , Est Remaining: 196.9
201 271.1 , Est Remaining: 195.5
202 272.5 , Est Remaining: 194.3
203 273.8 , Est Remaining: 192.9
204 275.1 , Est Remaining: 191.5
205 276.5 , Est Remaining: 190.2
206 277.8 , Est Remaining: 188.8
207 279.1 , Est Remaining: 187.4
208 280.4 , Est Remaining: 186.1
209 281.8 , Est Remaining: 184.7
210 283.1 , Est Remaining: 183.3
211 284.4 , Est Remaining: 182.0
212 285.8 , Est Remaining: 180.6
213 287.1 , Est Remaining: 179.3
214 288.4 , Est Remaining: 177.9
215 289.8 , Est Remaining: 176.6
216 291.1 , Est Remaining: 175.2
217 292.4 , Est Remaining: 173.8
218 293.7 , Est Remaining: 172.5
219 295.1 , Est Remaining: 171.1
220 296.4 , Est Remaining: 169.7
221 297.7 , Est Remaining: 168.4
222 299.0 , Est Remaining: 167.0
223 300.3 , Est Remaining: 165.7
224 301.7 , Est Remaining: 164.3
225 303.0 , Est Remaining: 162.9
226 304.3 , Est Remaining: 161.6
227 305.6 , Est Remaining: 160.2
228 306.9 , Est Remaining: 158.9
229 308.3 , Est Remaining: 157.5
230 309.6 , Est Remaining: 156.1
231 310.9 , Est Remaining: 154.8
EVENT FAILED
231 311.2 , Est Remaining: 154.9
232 312.5 , Est Remaining: 153.6
233 313.9 , Est Remaining: 152.2
234 315.2 , Est Remaining: 150.9
235 316.5 , Est Remaining: 149.5
236 317.9 , Est Remaining: 148.2
237 319.2 , Est Remaining: 146.8
238 320.6 , Est Remaining: 145.5
239 321.9 , Est Remaining: 144.1
240 323.2 , Est Remaining: 142.8
241 324.6 , Est Remaining: 141.4
242 325.9 , Est Remaining: 140.1
243 327.2 , Est Remaining: 138.7
244 328.6 , Est Remaining: 137.3
245 329.9 , Est Remaining: 136.0
246 331.2 , Est Remaining: 134.6
247 332.5 , Est Remaining: 133.3
248 333.9 , Est Remaining: 131.9
249 335.2 , Est Remaining: 130.6
250 336.5 , Est Remaining: 129.2
251 337.8 , Est Remaining: 127.9
252 339.2 , Est Remaining: 126.5
253 340.5 , Est Remaining: 125.2
254 341.8 , Est Remaining: 123.8
255 343.2 , Est Remaining: 122.5
256 344.5 , Est Remaining: 121.1
257 345.9 , Est Remaining: 119.8
258 347.2 , Est Remaining: 118.4
259 348.5 , Est Remaining: 117.1
260 349.9 , Est Remaining: 115.7
261 351.2 , Est Remaining: 114.4
262 352.6 , Est Remaining: 113.0
263 353.9 , Est Remaining: 111.7
264 355.3 , Est Remaining: 110.3
265 356.6 , Est Remaining: 109.0
266 358.0 , Est Remaining: 107.7
267 359.3 , Est Remaining: 106.3
268 360.6 , Est Remaining: 105.0
269 361.9 , Est Remaining: 103.6
270 363.3 , Est Remaining: 102.3
271 364.6 , Est Remaining: 100.9
272 365.9 , Est Remaining: 99.5
273 367.2 , Est Remaining: 98.2
274 368.4 , Est Remaining: 96.8
275 369.7 , Est Remaining: 95.5
276 371.0 , Est Remaining: 94.1
277 372.3 , Est Remaining: 92.7
278 373.6 , Est Remaining: 91.4
279 374.9 , Est Remaining: 90.0
280 376.2 , Est Remaining: 88.7
EVENT FAILED
280 376.5 , Est Remaining: 88.8
281 377.8 , Est Remaining: 87.4
282 379.1 , Est Remaining: 86.0
283 380.5 , Est Remaining: 84.7
284 381.8 , Est Remaining: 83.3
285 383.1 , Est Remaining: 82.0
286 384.4 , Est Remaining: 80.6
287 385.7 , Est Remaining: 79.3
288 387.0 , Est Remaining: 77.9
289 388.3 , Est Remaining: 76.6
EVENT FAILED
289 388.6 , Est Remaining: 76.6
290 389.9 , Est Remaining: 75.3
291 391.2 , Est Remaining: 73.9
EVENT FAILED
291 391.5 , Est Remaining: 74.0
292 392.9 , Est Remaining: 72.7
293 394.3 , Est Remaining: 71.3
EVENT FAILED
293 394.6 , Est Remaining: 71.4
294 395.9 , Est Remaining: 70.0
295 397.2 , Est Remaining: 68.7
296 398.5 , Est Remaining: 67.3
297 399.8 , Est Remaining: 66.0
298 401.2 , Est Remaining: 64.6
299 402.5 , Est Remaining: 63.3
EVENT FAILED
299 402.8 , Est Remaining: 63.3
300 404.1 , Est Remaining: 62.0
301 405.6 , Est Remaining: 60.6
302 406.9 , Est Remaining: 59.3
303 408.2 , Est Remaining: 57.9
304 409.5 , Est Remaining: 56.6
305 410.8 , Est Remaining: 55.2
306 412.1 , Est Remaining: 53.9
307 413.4 , Est Remaining: 52.5
308 414.7 , Est Remaining: 51.2
309 416.1 , Est Remaining: 49.8
310 417.4 , Est Remaining: 48.5
311 418.7 , Est Remaining: 47.1
EVENT FAILED
311 419.0 , Est Remaining: 47.2
312 420.3 , Est Remaining: 45.8
313 421.6 , Est Remaining: 44.4
314 422.9 , Est Remaining: 43.1
315 424.2 , Est Remaining: 41.7
316 425.5 , Est Remaining: 40.4
317 426.7 , Est Remaining: 39.0
318 428.0 , Est Remaining: 37.7
319 429.3 , Est Remaining: 36.3
320 430.6 , Est Remaining: 35.0
321 431.9 , Est Remaining: 33.6
322 433.2 , Est Remaining: 32.3
323 434.5 , Est Remaining: 30.9
324 435.8 , Est Remaining: 29.6
325 437.1 , Est Remaining: 28.2
326 438.4 , Est Remaining: 26.9
327 439.6 , Est Remaining: 25.5
328 440.9 , Est Remaining: 24.2
329 442.2 , Est Remaining: 22.9
