Note: NumExpr detected 32 cores but "NUMEXPR_MAX_THREADS" not set, so enforcing safe limit of 8.
Using selector: EpollSelector
/n/home02/jhaefner/miniconda/envs/IC-3.7-2020-06-16/lib/python3.7/site-packages/scipy/optimize/minpack.py:808: OptimizeWarning: Covariance of the parameters could not be estimated
  category=OptimizeWarning)
Total rwfs: 346
0 0.0 , Est Remaining: 999999.9
1 1.4 , Est Remaining: 475.4
2 2.8 , Est Remaining: 473.8
3 4.1 , Est Remaining: 472.1
4 5.5 , Est Remaining: 468.0
5 6.8 , Est Remaining: 464.0
6 8.2 , Est Remaining: 462.5
7 9.5 , Est Remaining: 460.1
8 10.8 , Est Remaining: 457.9
9 12.2 , Est Remaining: 456.1
10 13.5 , Est Remaining: 454.3
11 14.9 , Est Remaining: 452.8
12 16.2 , Est Remaining: 451.8
13 17.6 , Est Remaining: 450.7
14 18.9 , Est Remaining: 449.4
15 20.3 , Est Remaining: 447.8
16 21.6 , Est Remaining: 446.1
17 23.0 , Est Remaining: 444.6
18 24.3 , Est Remaining: 443.2
19 25.7 , Est Remaining: 442.1
20 27.1 , Est Remaining: 441.1
21 28.4 , Est Remaining: 439.4
22 29.7 , Est Remaining: 437.8
23 31.1 , Est Remaining: 436.3
24 32.4 , Est Remaining: 434.8
25 33.8 , Est Remaining: 433.4
26 35.1 , Est Remaining: 432.0
27 36.4 , Est Remaining: 430.6
EVENT FAILED
27 36.7 , Est Remaining: 434.0
28 38.1 , Est Remaining: 432.4
29 39.4 , Est Remaining: 430.5
30 40.7 , Est Remaining: 428.9
31 42.0 , Est Remaining: 427.3
32 43.4 , Est Remaining: 425.7
33 44.7 , Est Remaining: 424.2
34 46.1 , Est Remaining: 422.6
35 47.4 , Est Remaining: 421.0
36 48.7 , Est Remaining: 419.4
37 50.0 , Est Remaining: 417.8
38 51.3 , Est Remaining: 416.2
39 52.7 , Est Remaining: 414.8
40 54.0 , Est Remaining: 413.4
41 55.4 , Est Remaining: 411.8
42 56.7 , Est Remaining: 410.2
43 58.0 , Est Remaining: 408.7
44 59.3 , Est Remaining: 407.1
45 60.6 , Est Remaining: 405.6
46 62.0 , Est Remaining: 404.1
47 63.3 , Est Remaining: 402.6
48 64.6 , Est Remaining: 401.0
49 65.9 , Est Remaining: 399.6
50 67.2 , Est Remaining: 398.1
51 68.6 , Est Remaining: 396.6
52 69.9 , Est Remaining: 395.2
53 71.2 , Est Remaining: 393.8
54 72.6 , Est Remaining: 392.4
55 73.9 , Est Remaining: 391.1
56 75.2 , Est Remaining: 389.7
57 76.6 , Est Remaining: 388.3
58 77.9 , Est Remaining: 386.9
59 79.3 , Est Remaining: 385.5
60 80.6 , Est Remaining: 384.1
61 81.9 , Est Remaining: 382.7
62 83.3 , Est Remaining: 381.3
63 84.6 , Est Remaining: 380.0
64 85.9 , Est Remaining: 378.6
65 87.3 , Est Remaining: 377.2
66 88.6 , Est Remaining: 375.8
67 90.0 , Est Remaining: 374.6
68 91.3 , Est Remaining: 373.3
69 92.7 , Est Remaining: 372.0
70 94.0 , Est Remaining: 370.6
71 95.3 , Est Remaining: 369.2
72 96.7 , Est Remaining: 367.8
73 98.0 , Est Remaining: 366.5
74 99.3 , Est Remaining: 365.2
75 100.7 , Est Remaining: 363.8
76 102.0 , Est Remaining: 362.4
77 103.3 , Est Remaining: 361.0
78 104.7 , Est Remaining: 359.6
79 106.0 , Est Remaining: 358.2
80 107.3 , Est Remaining: 356.7
81 108.6 , Est Remaining: 355.3
82 109.9 , Est Remaining: 353.9
83 111.2 , Est Remaining: 352.5
84 112.6 , Est Remaining: 351.1
85 113.9 , Est Remaining: 349.7
86 115.2 , Est Remaining: 348.4
87 116.5 , Est Remaining: 346.9
88 117.9 , Est Remaining: 345.5
89 119.1 , Est Remaining: 344.0
90 120.5 , Est Remaining: 342.7
91 121.8 , Est Remaining: 341.3
92 123.1 , Est Remaining: 340.0
93 124.5 , Est Remaining: 338.6
94 125.8 , Est Remaining: 337.2
95 127.1 , Est Remaining: 335.8
96 128.5 , Est Remaining: 334.5
97 129.8 , Est Remaining: 333.2
EVENT FAILED
97 130.1 , Est Remaining: 334.0
98 131.5 , Est Remaining: 332.7
99 132.8 , Est Remaining: 331.3
100 134.1 , Est Remaining: 329.9
101 135.4 , Est Remaining: 328.5
102 136.8 , Est Remaining: 327.2
103 138.2 , Est Remaining: 326.0
104 139.5 , Est Remaining: 324.6
105 140.8 , Est Remaining: 323.2
106 142.1 , Est Remaining: 321.8
107 143.5 , Est Remaining: 320.5
108 144.8 , Est Remaining: 319.1
109 146.2 , Est Remaining: 317.8
110 147.5 , Est Remaining: 316.4
111 148.8 , Est Remaining: 315.1
112 150.2 , Est Remaining: 313.7
113 151.5 , Est Remaining: 312.4
114 152.8 , Est Remaining: 311.0
115 154.2 , Est Remaining: 309.7
116 155.5 , Est Remaining: 308.3
117 156.8 , Est Remaining: 306.9
118 158.2 , Est Remaining: 305.6
119 159.5 , Est Remaining: 304.2
EVENT FAILED
119 160.2 , Est Remaining: 305.6
120 161.6 , Est Remaining: 304.3
121 162.9 , Est Remaining: 302.9
122 164.2 , Est Remaining: 301.5
123 165.5 , Est Remaining: 300.1
124 166.9 , Est Remaining: 298.8
125 168.2 , Est Remaining: 297.4
126 169.6 , Est Remaining: 296.1
127 170.9 , Est Remaining: 294.7
128 172.2 , Est Remaining: 293.3
129 173.6 , Est Remaining: 292.0
130 174.9 , Est Remaining: 290.6
131 176.2 , Est Remaining: 289.3
132 177.6 , Est Remaining: 287.9
133 178.9 , Est Remaining: 286.5
134 180.2 , Est Remaining: 285.1
135 181.5 , Est Remaining: 283.7
136 182.9 , Est Remaining: 282.4
137 184.2 , Est Remaining: 281.0
138 185.5 , Est Remaining: 279.6
139 186.8 , Est Remaining: 278.3
140 188.2 , Est Remaining: 276.9
141 189.5 , Est Remaining: 275.5
142 190.8 , Est Remaining: 274.1
143 192.1 , Est Remaining: 272.8
144 193.5 , Est Remaining: 271.4
145 194.8 , Est Remaining: 270.0
146 196.1 , Est Remaining: 268.7
147 197.5 , Est Remaining: 267.3
148 198.8 , Est Remaining: 266.0
149 200.1 , Est Remaining: 264.6
150 201.5 , Est Remaining: 263.2
151 202.8 , Est Remaining: 261.9
152 204.1 , Est Remaining: 260.5
153 205.4 , Est Remaining: 259.2
154 206.8 , Est Remaining: 257.8
155 208.1 , Est Remaining: 256.5
156 209.5 , Est Remaining: 255.1
157 210.8 , Est Remaining: 253.8
158 212.2 , Est Remaining: 252.4
159 213.5 , Est Remaining: 251.1
160 214.8 , Est Remaining: 249.7
161 216.2 , Est Remaining: 248.4
162 217.5 , Est Remaining: 247.1
163 218.8 , Est Remaining: 245.7
164 220.2 , Est Remaining: 244.3
165 221.5 , Est Remaining: 243.0
166 222.8 , Est Remaining: 241.6
EVENT FAILED
166 223.1 , Est Remaining: 241.9
167 224.4 , Est Remaining: 240.6
168 225.8 , Est Remaining: 239.2
EVENT FAILED
168 226.1 , Est Remaining: 239.5
169 227.4 , Est Remaining: 238.2
170 228.8 , Est Remaining: 236.8
171 230.1 , Est Remaining: 235.5
172 231.5 , Est Remaining: 234.2
173 232.8 , Est Remaining: 232.8
EVENT FAILED
173 233.1 , Est Remaining: 233.1
174 234.5 , Est Remaining: 231.8
175 235.8 , Est Remaining: 230.4
176 237.2 , Est Remaining: 229.1
177 238.5 , Est Remaining: 227.7
178 239.9 , Est Remaining: 226.4
179 241.2 , Est Remaining: 225.1
180 242.6 , Est Remaining: 223.7
181 243.9 , Est Remaining: 222.3
182 245.2 , Est Remaining: 221.0
183 246.6 , Est Remaining: 219.6
184 247.9 , Est Remaining: 218.3
185 249.3 , Est Remaining: 216.9
186 250.6 , Est Remaining: 215.6
187 251.9 , Est Remaining: 214.2
188 253.3 , Est Remaining: 212.9
EVENT FAILED
188 253.6 , Est Remaining: 213.1
189 254.9 , Est Remaining: 211.8
190 256.2 , Est Remaining: 210.4
191 257.6 , Est Remaining: 209.0
192 258.9 , Est Remaining: 207.7
193 260.2 , Est Remaining: 206.3
194 261.5 , Est Remaining: 204.9
195 262.9 , Est Remaining: 203.6
196 264.2 , Est Remaining: 202.2
197 265.5 , Est Remaining: 200.8
198 266.9 , Est Remaining: 199.5
199 268.2 , Est Remaining: 198.1
200 269.5 , Est Remaining: 196.8
201 270.9 , Est Remaining: 195.4
202 272.3 , Est Remaining: 194.1
203 273.6 , Est Remaining: 192.8
204 275.0 , Est Remaining: 191.4
205 276.3 , Est Remaining: 190.0
206 277.6 , Est Remaining: 188.7
207 278.9 , Est Remaining: 187.3
208 280.3 , Est Remaining: 185.9
EVENT FAILED
208 280.6 , Est Remaining: 186.1
209 281.9 , Est Remaining: 184.8
210 283.2 , Est Remaining: 183.4
211 284.5 , Est Remaining: 182.0
212 285.8 , Est Remaining: 180.7
213 287.2 , Est Remaining: 179.3
214 288.5 , Est Remaining: 178.0
215 289.8 , Est Remaining: 176.6
216 291.1 , Est Remaining: 175.2
217 292.5 , Est Remaining: 173.9
218 293.8 , Est Remaining: 172.5
219 295.1 , Est Remaining: 171.1
220 296.5 , Est Remaining: 169.8
221 297.8 , Est Remaining: 168.4
222 299.1 , Est Remaining: 167.1
223 300.5 , Est Remaining: 165.7
224 301.8 , Est Remaining: 164.4
225 303.1 , Est Remaining: 163.0
226 304.5 , Est Remaining: 161.7
227 305.8 , Est Remaining: 160.3
EVENT FAILED
227 306.1 , Est Remaining: 160.5
228 307.4 , Est Remaining: 159.1
229 308.7 , Est Remaining: 157.7
230 310.1 , Est Remaining: 156.4
231 311.4 , Est Remaining: 155.0
232 312.7 , Est Remaining: 153.7
233 314.1 , Est Remaining: 152.3
234 315.4 , Est Remaining: 151.0
235 316.7 , Est Remaining: 149.6
236 318.1 , Est Remaining: 148.3
237 319.4 , Est Remaining: 146.9
238 320.8 , Est Remaining: 145.6
239 322.1 , Est Remaining: 144.2
240 323.4 , Est Remaining: 142.8
241 324.8 , Est Remaining: 141.5
242 326.1 , Est Remaining: 140.1
EVENT FAILED
242 326.4 , Est Remaining: 140.3
243 327.7 , Est Remaining: 138.9
244 329.1 , Est Remaining: 137.6
245 330.4 , Est Remaining: 136.2
246 331.8 , Est Remaining: 134.9
EVENT FAILED
246 332.2 , Est Remaining: 135.0
247 333.5 , Est Remaining: 133.7
248 334.8 , Est Remaining: 132.3
249 336.1 , Est Remaining: 130.9
250 337.5 , Est Remaining: 129.6
251 338.8 , Est Remaining: 128.2
252 340.1 , Est Remaining: 126.9
253 341.5 , Est Remaining: 125.5
254 342.8 , Est Remaining: 124.2
255 344.2 , Est Remaining: 122.8
256 345.5 , Est Remaining: 121.5
257 346.9 , Est Remaining: 120.1
258 348.2 , Est Remaining: 118.8
259 349.5 , Est Remaining: 117.4
260 350.9 , Est Remaining: 116.1
261 352.3 , Est Remaining: 114.7
262 353.6 , Est Remaining: 113.4
263 354.9 , Est Remaining: 112.0
264 356.3 , Est Remaining: 110.7
265 357.6 , Est Remaining: 109.3
266 359.0 , Est Remaining: 108.0
267 360.3 , Est Remaining: 106.6
268 361.7 , Est Remaining: 105.3
269 363.0 , Est Remaining: 103.9
270 364.3 , Est Remaining: 102.6
271 365.7 , Est Remaining: 101.2
272 367.0 , Est Remaining: 99.8
273 368.3 , Est Remaining: 98.5
274 369.7 , Est Remaining: 97.1
275 371.0 , Est Remaining: 95.8
276 372.4 , Est Remaining: 94.4
277 373.7 , Est Remaining: 93.1
278 375.0 , Est Remaining: 91.7
279 376.3 , Est Remaining: 90.4
280 377.7 , Est Remaining: 89.0
281 379.0 , Est Remaining: 87.7
282 380.3 , Est Remaining: 86.3
283 381.7 , Est Remaining: 85.0
284 383.0 , Est Remaining: 83.6
285 384.3 , Est Remaining: 82.3
286 385.7 , Est Remaining: 80.9
287 387.0 , Est Remaining: 79.6
EVENT FAILED
287 387.3 , Est Remaining: 79.6
288 388.6 , Est Remaining: 78.3
289 390.0 , Est Remaining: 76.9
290 391.3 , Est Remaining: 75.6
EVENT FAILED
290 391.6 , Est Remaining: 75.6
291 392.9 , Est Remaining: 74.3
292 394.3 , Est Remaining: 72.9
293 395.6 , Est Remaining: 71.6
294 396.9 , Est Remaining: 70.2
295 398.3 , Est Remaining: 68.9
296 399.6 , Est Remaining: 67.5
297 400.9 , Est Remaining: 66.1
298 402.3 , Est Remaining: 64.8
299 403.6 , Est Remaining: 63.4
300 404.9 , Est Remaining: 62.1
301 406.3 , Est Remaining: 60.7
302 407.7 , Est Remaining: 59.4
303 409.1 , Est Remaining: 58.1
304 410.4 , Est Remaining: 56.7
305 411.7 , Est Remaining: 55.3
306 413.1 , Est Remaining: 54.0
307 414.4 , Est Remaining: 52.6
308 415.7 , Est Remaining: 51.3
309 417.1 , Est Remaining: 49.9
310 418.4 , Est Remaining: 48.6
311 419.7 , Est Remaining: 47.2
312 421.1 , Est Remaining: 45.9
313 422.4 , Est Remaining: 44.5
314 423.7 , Est Remaining: 43.2
315 425.0 , Est Remaining: 41.8
316 426.3 , Est Remaining: 40.5
317 427.7 , Est Remaining: 39.1
318 429.0 , Est Remaining: 37.8
319 430.3 , Est Remaining: 36.4
320 431.7 , Est Remaining: 35.1
321 433.0 , Est Remaining: 33.7
322 434.3 , Est Remaining: 32.4
323 435.6 , Est Remaining: 31.0
324 437.0 , Est Remaining: 29.7
325 438.3 , Est Remaining: 28.3
326 439.6 , Est Remaining: 27.0
327 441.0 , Est Remaining: 25.6
328 442.3 , Est Remaining: 24.3
329 443.6 , Est Remaining: 22.9
330 445.0 , Est Remaining: 21.6
EVENT FAILED
330 445.3 , Est Remaining: 21.6
EVENT FAILED
330 445.6 , Est Remaining: 21.6
