Note: NumExpr detected 32 cores but "NUMEXPR_MAX_THREADS" not set, so enforcing safe limit of 8.
Using selector: EpollSelector
/n/home02/jhaefner/miniconda/envs/IC-3.7-2020-06-16/lib/python3.7/site-packages/scipy/optimize/minpack.py:808: OptimizeWarning: Covariance of the parameters could not be estimated
  category=OptimizeWarning)
Total rwfs: 346
0 0.0 , Est Remaining: 999999.9
1 1.3 , Est Remaining: 451.7
2 2.6 , Est Remaining: 448.9
3 3.9 , Est Remaining: 447.2
4 5.2 , Est Remaining: 445.6
5 6.5 , Est Remaining: 443.4
6 7.8 , Est Remaining: 440.9
7 9.0 , Est Remaining: 437.2
8 10.3 , Est Remaining: 434.3
9 11.5 , Est Remaining: 432.3
10 12.8 , Est Remaining: 430.2
11 14.0 , Est Remaining: 426.6
12 15.2 , Est Remaining: 423.7
13 16.4 , Est Remaining: 420.7
14 17.6 , Est Remaining: 417.7
15 18.9 , Est Remaining: 416.5
16 20.2 , Est Remaining: 415.6
17 21.4 , Est Remaining: 414.8
18 22.7 , Est Remaining: 413.4
19 24.0 , Est Remaining: 412.3
20 25.2 , Est Remaining: 411.2
21 26.5 , Est Remaining: 410.2
22 27.8 , Est Remaining: 409.2
23 29.1 , Est Remaining: 408.1
24 30.3 , Est Remaining: 407.1
25 31.6 , Est Remaining: 405.8
26 32.9 , Est Remaining: 404.8
EVENT FAILED
26 33.2 , Est Remaining: 408.5
27 34.5 , Est Remaining: 407.3
28 35.7 , Est Remaining: 405.8
29 37.0 , Est Remaining: 404.8
30 38.3 , Est Remaining: 403.9
31 39.6 , Est Remaining: 402.8
32 40.9 , Est Remaining: 401.8
33 42.2 , Est Remaining: 400.7
34 43.6 , Est Remaining: 399.6
35 44.9 , Est Remaining: 398.6
36 46.2 , Est Remaining: 397.6
37 47.5 , Est Remaining: 396.8
38 48.8 , Est Remaining: 395.8
39 50.2 , Est Remaining: 394.9
40 51.5 , Est Remaining: 393.9
EVENT FAILED
40 51.8 , Est Remaining: 396.1
41 53.1 , Est Remaining: 395.0
42 54.4 , Est Remaining: 394.0
43 55.7 , Est Remaining: 392.8
44 57.1 , Est Remaining: 391.6
45 58.4 , Est Remaining: 390.4
46 59.7 , Est Remaining: 389.2
47 61.0 , Est Remaining: 388.0
48 62.3 , Est Remaining: 386.7
49 63.6 , Est Remaining: 385.5
50 64.9 , Est Remaining: 384.2
51 66.2 , Est Remaining: 382.9
52 67.5 , Est Remaining: 381.7
53 68.8 , Est Remaining: 380.4
54 70.1 , Est Remaining: 379.1
55 71.4 , Est Remaining: 377.8
EVENT FAILED
55 71.7 , Est Remaining: 379.4
56 73.0 , Est Remaining: 378.0
57 74.3 , Est Remaining: 376.7
58 75.6 , Est Remaining: 375.4
59 76.9 , Est Remaining: 374.1
60 78.2 , Est Remaining: 372.7
61 79.5 , Est Remaining: 371.4
62 80.8 , Est Remaining: 370.1
63 82.1 , Est Remaining: 368.7
64 83.4 , Est Remaining: 367.4
65 84.7 , Est Remaining: 366.1
66 86.0 , Est Remaining: 364.8
67 87.3 , Est Remaining: 363.5
68 88.6 , Est Remaining: 362.3
69 89.9 , Est Remaining: 361.0
70 91.2 , Est Remaining: 359.8
71 92.6 , Est Remaining: 358.6
72 93.9 , Est Remaining: 357.2
73 95.2 , Est Remaining: 356.0
74 96.5 , Est Remaining: 354.7
75 97.8 , Est Remaining: 353.5
EVENT FAILED
75 98.1 , Est Remaining: 354.6
76 99.5 , Est Remaining: 353.3
77 100.8 , Est Remaining: 352.1
78 102.1 , Est Remaining: 350.7
79 103.4 , Est Remaining: 349.4
80 104.7 , Est Remaining: 348.2
81 106.0 , Est Remaining: 346.9
EVENT FAILED
81 106.3 , Est Remaining: 347.9
82 107.5 , Est Remaining: 346.1
83 108.8 , Est Remaining: 344.9
84 110.2 , Est Remaining: 343.6
85 111.5 , Est Remaining: 342.4
86 112.8 , Est Remaining: 341.1
87 114.1 , Est Remaining: 339.8
88 115.5 , Est Remaining: 338.5
89 116.8 , Est Remaining: 337.3
90 118.1 , Est Remaining: 336.0
91 119.5 , Est Remaining: 334.7
92 120.8 , Est Remaining: 333.4
93 122.1 , Est Remaining: 332.2
94 123.4 , Est Remaining: 330.9
95 124.7 , Est Remaining: 329.6
96 126.0 , Est Remaining: 328.2
97 127.4 , Est Remaining: 327.0
98 128.7 , Est Remaining: 325.6
99 130.0 , Est Remaining: 324.3
100 131.3 , Est Remaining: 323.1
101 132.6 , Est Remaining: 321.8
102 134.0 , Est Remaining: 320.5
103 135.4 , Est Remaining: 319.4
104 136.7 , Est Remaining: 318.1
105 138.0 , Est Remaining: 316.8
106 139.4 , Est Remaining: 315.5
107 140.7 , Est Remaining: 314.2
108 142.0 , Est Remaining: 312.9
109 143.3 , Est Remaining: 311.6
110 144.6 , Est Remaining: 310.3
111 145.9 , Est Remaining: 308.9
112 147.2 , Est Remaining: 307.6
113 148.5 , Est Remaining: 306.3
114 149.8 , Est Remaining: 304.9
115 151.1 , Est Remaining: 303.6
116 152.5 , Est Remaining: 302.3
117 153.8 , Est Remaining: 301.0
118 155.1 , Est Remaining: 299.6
119 156.4 , Est Remaining: 298.3
120 157.7 , Est Remaining: 297.0
121 159.0 , Est Remaining: 295.7
122 160.3 , Est Remaining: 294.4
123 161.7 , Est Remaining: 293.1
124 163.0 , Est Remaining: 291.8
125 164.3 , Est Remaining: 290.5
126 165.6 , Est Remaining: 289.1
127 166.9 , Est Remaining: 287.8
128 168.2 , Est Remaining: 286.5
129 169.5 , Est Remaining: 285.2
130 170.8 , Est Remaining: 283.8
131 172.1 , Est Remaining: 282.5
132 173.4 , Est Remaining: 281.1
133 174.7 , Est Remaining: 279.8
134 176.0 , Est Remaining: 278.5
135 177.3 , Est Remaining: 277.2
136 178.7 , Est Remaining: 275.9
137 180.0 , Est Remaining: 274.6
138 181.3 , Est Remaining: 273.2
139 182.6 , Est Remaining: 271.9
140 183.9 , Est Remaining: 270.6
141 185.2 , Est Remaining: 269.3
142 186.5 , Est Remaining: 268.0
143 187.9 , Est Remaining: 266.7
144 189.2 , Est Remaining: 265.4
145 190.5 , Est Remaining: 264.1
146 191.8 , Est Remaining: 262.8
147 193.1 , Est Remaining: 261.4
148 194.4 , Est Remaining: 260.1
149 195.7 , Est Remaining: 258.8
150 197.1 , Est Remaining: 257.5
151 198.4 , Est Remaining: 256.2
152 199.7 , Est Remaining: 254.9
153 201.0 , Est Remaining: 253.6
154 202.3 , Est Remaining: 252.3
155 203.7 , Est Remaining: 251.0
156 205.0 , Est Remaining: 249.6
157 206.3 , Est Remaining: 248.3
158 207.6 , Est Remaining: 247.0
159 208.9 , Est Remaining: 245.7
160 210.2 , Est Remaining: 244.3
161 211.5 , Est Remaining: 243.0
162 212.6 , Est Remaining: 241.5
163 213.9 , Est Remaining: 240.2
164 215.2 , Est Remaining: 238.9
165 216.6 , Est Remaining: 237.6
166 217.9 , Est Remaining: 236.3
167 219.2 , Est Remaining: 235.0
168 220.5 , Est Remaining: 233.6
169 221.8 , Est Remaining: 232.3
170 223.1 , Est Remaining: 231.0
171 224.5 , Est Remaining: 229.7
EVENT FAILED
171 224.8 , Est Remaining: 230.0
EVENT FAILED
171 225.1 , Est Remaining: 230.3
172 226.3 , Est Remaining: 229.0
173 227.6 , Est Remaining: 227.6
174 228.9 , Est Remaining: 226.3
175 230.2 , Est Remaining: 225.0
176 231.5 , Est Remaining: 223.7
177 232.9 , Est Remaining: 222.3
178 234.2 , Est Remaining: 221.0
179 235.5 , Est Remaining: 219.7
180 236.8 , Est Remaining: 218.4
181 238.1 , Est Remaining: 217.1
182 239.4 , Est Remaining: 215.7
183 240.7 , Est Remaining: 214.4
184 242.0 , Est Remaining: 213.1
185 243.3 , Est Remaining: 211.8
186 244.7 , Est Remaining: 210.5
187 246.0 , Est Remaining: 209.1
188 247.3 , Est Remaining: 207.8
189 248.6 , Est Remaining: 206.5
190 249.9 , Est Remaining: 205.2
191 251.2 , Est Remaining: 203.8
192 252.5 , Est Remaining: 202.5
193 253.8 , Est Remaining: 201.2
194 255.1 , Est Remaining: 199.9
195 256.4 , Est Remaining: 198.6
196 257.7 , Est Remaining: 197.3
197 259.1 , Est Remaining: 195.9
198 260.4 , Est Remaining: 194.6
199 261.7 , Est Remaining: 193.3
200 263.0 , Est Remaining: 192.0
201 264.3 , Est Remaining: 190.7
202 265.6 , Est Remaining: 189.3
203 267.0 , Est Remaining: 188.1
EVENT FAILED
203 267.3 , Est Remaining: 188.3
204 268.6 , Est Remaining: 187.0
205 269.9 , Est Remaining: 185.6
206 271.2 , Est Remaining: 184.3
EVENT FAILED
206 271.5 , Est Remaining: 184.5
207 272.8 , Est Remaining: 183.2
208 274.1 , Est Remaining: 181.9
209 275.4 , Est Remaining: 180.5
210 276.7 , Est Remaining: 179.2
211 278.0 , Est Remaining: 177.9
212 279.3 , Est Remaining: 176.6
213 280.6 , Est Remaining: 175.2
214 281.9 , Est Remaining: 173.9
215 283.2 , Est Remaining: 172.6
216 284.5 , Est Remaining: 171.2
217 285.9 , Est Remaining: 169.9
218 287.2 , Est Remaining: 168.6
219 288.5 , Est Remaining: 167.3
220 289.8 , Est Remaining: 166.0
221 291.1 , Est Remaining: 164.7
222 292.4 , Est Remaining: 163.3
223 293.7 , Est Remaining: 162.0
224 295.1 , Est Remaining: 160.7
225 296.4 , Est Remaining: 159.4
226 297.7 , Est Remaining: 158.1
227 299.0 , Est Remaining: 156.7
228 300.3 , Est Remaining: 155.4
229 301.6 , Est Remaining: 154.1
230 302.9 , Est Remaining: 152.8
231 304.2 , Est Remaining: 151.5
232 305.5 , Est Remaining: 150.1
233 306.8 , Est Remaining: 148.8
EVENT FAILED
233 307.1 , Est Remaining: 149.0
234 308.5 , Est Remaining: 147.6
235 309.8 , Est Remaining: 146.3
236 311.1 , Est Remaining: 145.0
237 312.4 , Est Remaining: 143.7
238 313.7 , Est Remaining: 142.4
239 315.0 , Est Remaining: 141.0
240 316.3 , Est Remaining: 139.7
241 317.6 , Est Remaining: 138.4
242 318.9 , Est Remaining: 137.1
243 320.3 , Est Remaining: 135.7
244 321.6 , Est Remaining: 134.4
245 322.9 , Est Remaining: 133.1
246 324.2 , Est Remaining: 131.8
247 325.5 , Est Remaining: 130.5
248 326.8 , Est Remaining: 129.1
249 328.1 , Est Remaining: 127.8
250 329.4 , Est Remaining: 126.5
251 330.7 , Est Remaining: 125.2
252 332.0 , Est Remaining: 123.9
253 333.4 , Est Remaining: 122.5
254 334.7 , Est Remaining: 121.2
255 336.0 , Est Remaining: 119.9
256 337.3 , Est Remaining: 118.6
257 338.6 , Est Remaining: 117.3
258 339.9 , Est Remaining: 115.9
259 341.2 , Est Remaining: 114.6
260 342.5 , Est Remaining: 113.3
261 343.8 , Est Remaining: 112.0
262 345.1 , Est Remaining: 110.6
263 346.4 , Est Remaining: 109.3
264 347.7 , Est Remaining: 108.0
265 349.0 , Est Remaining: 106.7
266 350.3 , Est Remaining: 105.4
267 351.6 , Est Remaining: 104.0
268 352.9 , Est Remaining: 102.7
269 354.2 , Est Remaining: 101.4
270 355.6 , Est Remaining: 100.1
271 356.9 , Est Remaining: 98.8
272 358.2 , Est Remaining: 97.4
273 359.5 , Est Remaining: 96.1
274 360.8 , Est Remaining: 94.8
275 362.1 , Est Remaining: 93.5
276 363.5 , Est Remaining: 92.2
277 364.8 , Est Remaining: 90.9
278 366.1 , Est Remaining: 89.5
279 367.4 , Est Remaining: 88.2
280 368.7 , Est Remaining: 86.9
281 370.0 , Est Remaining: 85.6
282 371.3 , Est Remaining: 84.3
283 372.6 , Est Remaining: 83.0
284 373.9 , Est Remaining: 81.6
285 375.2 , Est Remaining: 80.3
286 376.6 , Est Remaining: 79.0
287 377.9 , Est Remaining: 77.7
288 379.2 , Est Remaining: 76.4
289 380.5 , Est Remaining: 75.0
290 381.8 , Est Remaining: 73.7
291 383.1 , Est Remaining: 72.4
292 384.4 , Est Remaining: 71.1
293 385.7 , Est Remaining: 69.8
294 387.1 , Est Remaining: 68.5
295 388.4 , Est Remaining: 67.1
296 389.7 , Est Remaining: 65.8
297 391.0 , Est Remaining: 64.5
298 392.3 , Est Remaining: 63.2
299 393.6 , Est Remaining: 61.9
EVENT FAILED
299 393.9 , Est Remaining: 61.9
300 395.2 , Est Remaining: 60.6
301 396.5 , Est Remaining: 59.3
302 397.9 , Est Remaining: 58.0
303 399.2 , Est Remaining: 56.7
304 400.5 , Est Remaining: 55.3
305 401.8 , Est Remaining: 54.0
306 403.1 , Est Remaining: 52.7
307 404.4 , Est Remaining: 51.4
308 405.7 , Est Remaining: 50.1
309 407.1 , Est Remaining: 48.7
310 408.4 , Est Remaining: 47.4
311 409.7 , Est Remaining: 46.1
312 411.0 , Est Remaining: 44.8
313 412.3 , Est Remaining: 43.5
314 413.6 , Est Remaining: 42.2
315 415.0 , Est Remaining: 40.8
316 416.3 , Est Remaining: 39.5
317 417.6 , Est Remaining: 38.2
318 418.9 , Est Remaining: 36.9
319 420.2 , Est Remaining: 35.6
320 421.5 , Est Remaining: 34.3
321 422.8 , Est Remaining: 32.9
322 424.1 , Est Remaining: 31.6
323 425.5 , Est Remaining: 30.3
324 426.8 , Est Remaining: 29.0
325 428.1 , Est Remaining: 27.7
326 429.4 , Est Remaining: 26.3
327 430.7 , Est Remaining: 25.0
328 432.0 , Est Remaining: 23.7
329 433.3 , Est Remaining: 22.4
330 434.6 , Est Remaining: 21.1
331 435.9 , Est Remaining: 19.8
332 437.3 , Est Remaining: 18.4
333 438.6 , Est Remaining: 17.1
334 439.9 , Est Remaining: 15.8
