Note: NumExpr detected 32 cores but "NUMEXPR_MAX_THREADS" not set, so enforcing safe limit of 8.
Using selector: EpollSelector
/n/home02/jhaefner/miniconda/envs/IC-3.7-2020-06-16/lib/python3.7/site-packages/scipy/optimize/minpack.py:808: OptimizeWarning: Covariance of the parameters could not be estimated
  category=OptimizeWarning)
Total rwfs: 346
0 0.0 , Est Remaining: 999999.9
1 1.4 , Est Remaining: 466.4
2 2.7 , Est Remaining: 464.0
3 4.0 , Est Remaining: 461.8
4 5.3 , Est Remaining: 450.7
5 6.6 , Est Remaining: 448.8
6 7.9 , Est Remaining: 448.2
7 9.2 , Est Remaining: 446.7
8 10.6 , Est Remaining: 446.5
9 11.9 , Est Remaining: 445.5
10 13.2 , Est Remaining: 444.6
EVENT FAILED
10 13.5 , Est Remaining: 454.5
11 14.9 , Est Remaining: 452.3
12 16.2 , Est Remaining: 450.6
13 17.5 , Est Remaining: 449.0
14 18.9 , Est Remaining: 447.3
15 20.2 , Est Remaining: 446.2
16 21.6 , Est Remaining: 444.9
EVENT FAILED
16 21.9 , Est Remaining: 451.2
17 23.2 , Est Remaining: 448.9
18 24.5 , Est Remaining: 447.0
19 25.9 , Est Remaining: 445.2
20 27.2 , Est Remaining: 443.5
21 28.5 , Est Remaining: 441.7
22 29.9 , Est Remaining: 440.4
23 31.2 , Est Remaining: 438.7
24 32.6 , Est Remaining: 437.1
25 33.9 , Est Remaining: 435.3
26 35.2 , Est Remaining: 433.6
27 36.6 , Est Remaining: 431.8
28 37.9 , Est Remaining: 430.5
29 39.3 , Est Remaining: 429.2
30 40.6 , Est Remaining: 427.7
31 41.9 , Est Remaining: 426.2
EVENT FAILED
31 42.2 , Est Remaining: 429.2
32 43.6 , Est Remaining: 427.7
33 44.9 , Est Remaining: 426.2
34 46.3 , Est Remaining: 424.7
35 47.6 , Est Remaining: 423.1
36 49.0 , Est Remaining: 421.6
37 50.3 , Est Remaining: 420.0
38 51.6 , Est Remaining: 418.4
39 53.0 , Est Remaining: 417.0
EVENT FAILED
39 53.3 , Est Remaining: 419.9
40 54.7 , Est Remaining: 418.4
41 56.0 , Est Remaining: 416.9
42 57.4 , Est Remaining: 415.4
43 58.7 , Est Remaining: 414.0
44 60.1 , Est Remaining: 412.4
45 61.4 , Est Remaining: 411.0
46 62.8 , Est Remaining: 409.5
47 64.1 , Est Remaining: 408.0
48 65.5 , Est Remaining: 406.5
49 66.9 , Est Remaining: 405.2
50 68.2 , Est Remaining: 403.8
51 69.6 , Est Remaining: 402.5
52 70.9 , Est Remaining: 401.0
53 72.3 , Est Remaining: 399.6
54 73.6 , Est Remaining: 398.1
55 75.0 , Est Remaining: 396.6
56 76.3 , Est Remaining: 395.2
57 77.6 , Est Remaining: 393.6
58 79.0 , Est Remaining: 392.2
59 80.3 , Est Remaining: 390.7
60 81.6 , Est Remaining: 389.2
61 83.0 , Est Remaining: 387.7
62 84.3 , Est Remaining: 386.3
EVENT FAILED
62 84.6 , Est Remaining: 387.7
63 86.0 , Est Remaining: 386.3
64 87.4 , Est Remaining: 384.9
65 88.7 , Est Remaining: 383.4
66 90.0 , Est Remaining: 382.0
67 91.4 , Est Remaining: 380.5
68 92.7 , Est Remaining: 379.1
69 94.1 , Est Remaining: 377.6
70 95.4 , Est Remaining: 376.2
71 96.8 , Est Remaining: 374.8
72 98.1 , Est Remaining: 373.4
73 99.5 , Est Remaining: 372.0
74 100.8 , Est Remaining: 370.6
75 102.2 , Est Remaining: 369.2
EVENT FAILED
75 102.5 , Est Remaining: 370.2
76 103.8 , Est Remaining: 368.6
77 105.1 , Est Remaining: 367.2
78 106.5 , Est Remaining: 365.8
79 107.8 , Est Remaining: 364.4
80 109.2 , Est Remaining: 363.0
81 110.5 , Est Remaining: 361.5
82 111.9 , Est Remaining: 360.1
83 113.2 , Est Remaining: 358.7
84 114.6 , Est Remaining: 357.3
85 115.9 , Est Remaining: 355.9
86 117.3 , Est Remaining: 354.5
87 118.6 , Est Remaining: 353.1
88 120.0 , Est Remaining: 351.7
89 121.3 , Est Remaining: 350.3
90 122.7 , Est Remaining: 348.9
91 124.0 , Est Remaining: 347.5
92 125.3 , Est Remaining: 346.0
93 126.7 , Est Remaining: 344.6
94 128.0 , Est Remaining: 343.2
95 129.4 , Est Remaining: 341.8
96 130.7 , Est Remaining: 340.4
97 132.1 , Est Remaining: 339.0
98 133.4 , Est Remaining: 337.6
99 134.8 , Est Remaining: 336.2
100 136.1 , Est Remaining: 334.8
101 137.5 , Est Remaining: 333.4
102 138.8 , Est Remaining: 332.0
EVENT FAILED
102 139.1 , Est Remaining: 332.7
103 140.5 , Est Remaining: 331.5
104 141.9 , Est Remaining: 330.1
105 143.2 , Est Remaining: 328.7
106 144.5 , Est Remaining: 327.3
107 145.9 , Est Remaining: 325.8
108 147.2 , Est Remaining: 324.4
109 148.6 , Est Remaining: 323.0
110 149.9 , Est Remaining: 321.6
111 151.2 , Est Remaining: 320.2
112 152.6 , Est Remaining: 318.8
113 153.9 , Est Remaining: 317.4
114 155.3 , Est Remaining: 316.0
115 156.6 , Est Remaining: 314.5
116 157.9 , Est Remaining: 313.1
117 159.3 , Est Remaining: 311.7
118 160.6 , Est Remaining: 310.3
119 162.0 , Est Remaining: 308.9
120 163.3 , Est Remaining: 307.6
121 164.6 , Est Remaining: 306.2
EVENT FAILED
121 164.9 , Est Remaining: 306.7
122 166.6 , Est Remaining: 305.8
123 167.9 , Est Remaining: 304.4
124 169.3 , Est Remaining: 303.0
EVENT FAILED
124 169.9 , Est Remaining: 304.2
125 171.3 , Est Remaining: 302.8
126 172.6 , Est Remaining: 301.3
127 173.9 , Est Remaining: 299.9
128 175.3 , Est Remaining: 298.5
129 176.6 , Est Remaining: 297.1
130 177.9 , Est Remaining: 295.6
EVENT FAILED
130 178.2 , Est Remaining: 296.1
131 179.5 , Est Remaining: 294.7
132 180.9 , Est Remaining: 293.2
133 182.2 , Est Remaining: 291.8
134 183.5 , Est Remaining: 290.4
135 184.9 , Est Remaining: 289.0
136 186.2 , Est Remaining: 287.6
137 187.6 , Est Remaining: 286.2
138 188.9 , Est Remaining: 284.8
139 190.3 , Est Remaining: 283.4
140 191.6 , Est Remaining: 282.0
141 193.0 , Est Remaining: 280.6
142 194.3 , Est Remaining: 279.1
143 195.6 , Est Remaining: 277.7
144 197.0 , Est Remaining: 276.3
145 198.3 , Est Remaining: 274.9
146 199.6 , Est Remaining: 273.5
147 201.0 , Est Remaining: 272.1
148 202.3 , Est Remaining: 270.7
149 203.7 , Est Remaining: 269.3
150 205.0 , Est Remaining: 267.9
151 206.4 , Est Remaining: 266.5
152 207.7 , Est Remaining: 265.1
153 209.1 , Est Remaining: 263.7
154 210.4 , Est Remaining: 262.3
EVENT FAILED
154 210.7 , Est Remaining: 262.7
155 212.1 , Est Remaining: 261.3
156 213.4 , Est Remaining: 259.9
157 214.8 , Est Remaining: 258.5
158 216.1 , Est Remaining: 257.2
159 217.5 , Est Remaining: 255.7
160 218.8 , Est Remaining: 254.3
161 220.1 , Est Remaining: 252.9
162 221.5 , Est Remaining: 251.6
163 222.8 , Est Remaining: 250.2
164 224.2 , Est Remaining: 248.8
165 225.5 , Est Remaining: 247.4
166 226.9 , Est Remaining: 246.0
167 228.2 , Est Remaining: 244.6
168 229.6 , Est Remaining: 243.2
169 230.9 , Est Remaining: 241.8
170 232.3 , Est Remaining: 240.5
171 233.6 , Est Remaining: 239.1
172 234.9 , Est Remaining: 237.7
173 236.3 , Est Remaining: 236.3
174 237.6 , Est Remaining: 234.9
175 239.0 , Est Remaining: 233.5
176 240.3 , Est Remaining: 232.1
177 241.6 , Est Remaining: 230.7
178 243.0 , Est Remaining: 229.3
179 244.3 , Est Remaining: 227.9
180 245.7 , Est Remaining: 226.6
181 247.0 , Est Remaining: 225.2
182 248.4 , Est Remaining: 223.8
183 249.7 , Est Remaining: 222.4
184 251.0 , Est Remaining: 221.0
185 252.4 , Est Remaining: 219.6
186 253.7 , Est Remaining: 218.3
187 255.1 , Est Remaining: 216.9
188 256.4 , Est Remaining: 215.5
189 257.7 , Est Remaining: 214.1
190 259.1 , Est Remaining: 212.7
191 260.4 , Est Remaining: 211.3
192 261.7 , Est Remaining: 209.9
193 263.1 , Est Remaining: 208.6
194 264.4 , Est Remaining: 207.2
195 265.8 , Est Remaining: 205.8
EVENT FAILED
195 266.1 , Est Remaining: 206.0
196 267.4 , Est Remaining: 204.6
197 268.7 , Est Remaining: 203.3
198 270.1 , Est Remaining: 201.9
EVENT FAILED
198 270.4 , Est Remaining: 202.1
199 271.7 , Est Remaining: 200.7
200 273.1 , Est Remaining: 199.3
201 274.4 , Est Remaining: 198.0
202 275.9 , Est Remaining: 196.6
203 277.2 , Est Remaining: 195.3
204 278.6 , Est Remaining: 193.9
205 279.9 , Est Remaining: 192.5
206 281.2 , Est Remaining: 191.1
207 282.5 , Est Remaining: 189.7
208 283.9 , Est Remaining: 188.4
209 285.2 , Est Remaining: 187.0
210 286.6 , Est Remaining: 185.6
211 287.9 , Est Remaining: 184.2
212 289.3 , Est Remaining: 182.8
213 290.6 , Est Remaining: 181.5
214 291.9 , Est Remaining: 180.1
215 293.3 , Est Remaining: 178.7
216 294.6 , Est Remaining: 177.3
217 295.9 , Est Remaining: 175.9
218 297.3 , Est Remaining: 174.5
219 298.6 , Est Remaining: 173.2
220 299.9 , Est Remaining: 171.8
221 301.3 , Est Remaining: 170.4
222 302.6 , Est Remaining: 169.0
223 303.9 , Est Remaining: 167.6
224 305.2 , Est Remaining: 166.2
225 306.6 , Est Remaining: 164.9
226 307.9 , Est Remaining: 163.5
227 309.2 , Est Remaining: 162.1
228 310.5 , Est Remaining: 160.7
229 311.9 , Est Remaining: 159.3
230 313.2 , Est Remaining: 158.0
231 314.5 , Est Remaining: 156.6
232 315.9 , Est Remaining: 155.2
233 317.2 , Est Remaining: 153.8
234 318.5 , Est Remaining: 152.5
235 319.9 , Est Remaining: 151.1
236 321.2 , Est Remaining: 149.7
237 322.6 , Est Remaining: 148.4
238 323.9 , Est Remaining: 147.0
239 325.2 , Est Remaining: 145.6
240 326.6 , Est Remaining: 144.2
241 327.9 , Est Remaining: 142.9
242 329.2 , Est Remaining: 141.5
243 330.6 , Est Remaining: 140.1
244 331.9 , Est Remaining: 138.8
245 333.3 , Est Remaining: 137.4
246 334.6 , Est Remaining: 136.0
247 335.9 , Est Remaining: 134.6
248 337.3 , Est Remaining: 133.3
249 338.6 , Est Remaining: 131.9
250 339.9 , Est Remaining: 130.5
251 341.3 , Est Remaining: 129.2
252 342.6 , Est Remaining: 127.8
253 343.9 , Est Remaining: 126.4
254 345.3 , Est Remaining: 125.1
255 346.6 , Est Remaining: 123.7
256 348.0 , Est Remaining: 122.3
257 349.3 , Est Remaining: 121.0
258 350.7 , Est Remaining: 119.6
259 352.0 , Est Remaining: 118.2
260 353.3 , Est Remaining: 116.9
261 354.7 , Est Remaining: 115.5
262 356.0 , Est Remaining: 114.1
EVENT FAILED
262 356.3 , Est Remaining: 114.2
263 357.7 , Est Remaining: 112.9
264 359.0 , Est Remaining: 111.5
265 360.2 , Est Remaining: 110.1
266 361.6 , Est Remaining: 108.7
267 362.9 , Est Remaining: 107.4
268 364.2 , Est Remaining: 106.0
269 365.6 , Est Remaining: 104.6
270 366.9 , Est Remaining: 103.3
271 368.2 , Est Remaining: 101.9
272 369.5 , Est Remaining: 100.5
273 370.9 , Est Remaining: 99.2
EVENT FAILED
273 371.2 , Est Remaining: 99.3
274 372.5 , Est Remaining: 97.9
275 373.7 , Est Remaining: 96.5
276 375.1 , Est Remaining: 95.1
277 376.4 , Est Remaining: 93.8
278 377.8 , Est Remaining: 92.4
EVENT FAILED
278 378.1 , Est Remaining: 92.5
279 379.4 , Est Remaining: 91.1
280 380.8 , Est Remaining: 89.8
281 382.1 , Est Remaining: 88.4
282 383.4 , Est Remaining: 87.0
283 384.8 , Est Remaining: 85.7
284 386.1 , Est Remaining: 84.3
285 387.5 , Est Remaining: 82.9
286 388.8 , Est Remaining: 81.6
287 390.1 , Est Remaining: 80.2
288 391.5 , Est Remaining: 78.8
289 392.8 , Est Remaining: 77.5
290 394.2 , Est Remaining: 76.1
291 395.5 , Est Remaining: 74.8
292 396.9 , Est Remaining: 73.4
293 398.2 , Est Remaining: 72.0
294 399.6 , Est Remaining: 70.7
295 400.9 , Est Remaining: 69.3
EVENT FAILED
295 401.2 , Est Remaining: 69.4
296 402.5 , Est Remaining: 68.0
297 403.8 , Est Remaining: 66.6
298 405.2 , Est Remaining: 65.3
299 406.5 , Est Remaining: 63.9
300 407.9 , Est Remaining: 62.5
301 409.2 , Est Remaining: 61.2
302 410.7 , Est Remaining: 59.8
303 412.0 , Est Remaining: 58.5
304 413.4 , Est Remaining: 57.1
305 414.7 , Est Remaining: 55.7
306 416.1 , Est Remaining: 54.4
307 417.4 , Est Remaining: 53.0
308 418.7 , Est Remaining: 51.7
309 420.1 , Est Remaining: 50.3
310 421.4 , Est Remaining: 48.9
311 422.8 , Est Remaining: 47.6
312 424.2 , Est Remaining: 46.2
313 425.5 , Est Remaining: 44.9
EVENT FAILED
313 425.8 , Est Remaining: 44.9
314 427.1 , Est Remaining: 43.5
315 428.5 , Est Remaining: 42.2
316 429.8 , Est Remaining: 40.8
317 431.2 , Est Remaining: 39.4
318 432.5 , Est Remaining: 38.1
319 433.9 , Est Remaining: 36.7
320 435.2 , Est Remaining: 35.4
321 436.6 , Est Remaining: 34.0
322 437.9 , Est Remaining: 32.6
323 439.3 , Est Remaining: 31.3
324 440.6 , Est Remaining: 29.9
325 442.0 , Est Remaining: 28.6
326 443.3 , Est Remaining: 27.2
327 444.6 , Est Remaining: 25.8
