Note: NumExpr detected 32 cores but "NUMEXPR_MAX_THREADS" not set, so enforcing safe limit of 8.
Using selector: EpollSelector
/n/home02/jhaefner/miniconda/envs/IC-3.7-2020-06-16/lib/python3.7/site-packages/scipy/optimize/minpack.py:808: OptimizeWarning: Covariance of the parameters could not be estimated
  category=OptimizeWarning)
Total rwfs: 346
0 0.0 , Est Remaining: 999999.9
1 1.4 , Est Remaining: 490.3
2 2.8 , Est Remaining: 486.9
3 4.3 , Est Remaining: 486.1
4 5.6 , Est Remaining: 480.1
5 7.0 , Est Remaining: 475.1
6 8.3 , Est Remaining: 471.5
7 9.7 , Est Remaining: 468.0
8 11.0 , Est Remaining: 464.6
9 12.4 , Est Remaining: 463.0
10 13.7 , Est Remaining: 461.9
11 15.1 , Est Remaining: 459.8
12 16.4 , Est Remaining: 457.5
13 17.8 , Est Remaining: 455.2
14 19.1 , Est Remaining: 453.0
15 20.4 , Est Remaining: 450.8
16 21.8 , Est Remaining: 448.9
17 23.1 , Est Remaining: 447.1
18 24.4 , Est Remaining: 445.4
19 25.8 , Est Remaining: 443.8
20 27.1 , Est Remaining: 442.3
21 28.5 , Est Remaining: 440.8
22 29.8 , Est Remaining: 439.0
23 31.2 , Est Remaining: 437.5
24 32.5 , Est Remaining: 435.9
25 33.8 , Est Remaining: 434.3
26 35.2 , Est Remaining: 432.8
27 36.5 , Est Remaining: 431.3
28 37.8 , Est Remaining: 429.8
29 39.2 , Est Remaining: 428.4
30 40.6 , Est Remaining: 427.2
31 41.9 , Est Remaining: 425.8
32 43.3 , Est Remaining: 424.4
33 44.6 , Est Remaining: 422.9
34 45.9 , Est Remaining: 421.4
35 47.3 , Est Remaining: 419.9
36 48.6 , Est Remaining: 418.4
37 49.9 , Est Remaining: 416.9
38 51.3 , Est Remaining: 415.4
39 52.6 , Est Remaining: 413.9
40 53.9 , Est Remaining: 412.5
41 55.3 , Est Remaining: 411.1
42 56.6 , Est Remaining: 409.6
43 57.9 , Est Remaining: 408.2
44 59.3 , Est Remaining: 406.7
45 60.6 , Est Remaining: 405.2
46 61.9 , Est Remaining: 403.8
47 63.3 , Est Remaining: 402.4
48 64.6 , Est Remaining: 401.0
49 65.9 , Est Remaining: 399.6
50 67.3 , Est Remaining: 398.2
51 68.6 , Est Remaining: 396.8
52 69.9 , Est Remaining: 395.4
53 71.3 , Est Remaining: 394.0
54 72.6 , Est Remaining: 392.7
55 74.0 , Est Remaining: 391.6
56 75.4 , Est Remaining: 390.4
57 76.8 , Est Remaining: 389.2
58 78.1 , Est Remaining: 388.0
59 79.5 , Est Remaining: 386.6
60 80.9 , Est Remaining: 385.5
61 82.3 , Est Remaining: 384.3
62 83.7 , Est Remaining: 383.2
63 85.1 , Est Remaining: 382.2
64 86.5 , Est Remaining: 381.1
EVENT FAILED
64 86.8 , Est Remaining: 382.4
65 88.2 , Est Remaining: 381.2
66 89.6 , Est Remaining: 380.1
67 91.0 , Est Remaining: 379.1
68 92.5 , Est Remaining: 378.0
69 93.9 , Est Remaining: 376.9
70 95.4 , Est Remaining: 376.0
71 96.8 , Est Remaining: 374.9
72 98.2 , Est Remaining: 373.8
73 99.7 , Est Remaining: 372.7
74 101.1 , Est Remaining: 371.5
75 102.5 , Est Remaining: 370.4
76 104.0 , Est Remaining: 369.3
77 105.4 , Est Remaining: 368.2
78 106.8 , Est Remaining: 367.0
79 108.3 , Est Remaining: 365.9
80 109.7 , Est Remaining: 364.7
81 111.1 , Est Remaining: 363.6
EVENT FAILED
81 111.4 , Est Remaining: 364.6
82 112.9 , Est Remaining: 363.4
83 114.3 , Est Remaining: 362.2
84 115.7 , Est Remaining: 361.0
EVENT FAILED
84 116.1 , Est Remaining: 362.0
85 117.5 , Est Remaining: 360.7
86 118.9 , Est Remaining: 359.5
87 120.4 , Est Remaining: 358.3
88 121.8 , Est Remaining: 357.1
89 123.3 , Est Remaining: 355.9
90 124.7 , Est Remaining: 354.7
91 126.1 , Est Remaining: 353.5
92 127.6 , Est Remaining: 352.3
93 129.0 , Est Remaining: 351.0
94 130.4 , Est Remaining: 349.7
95 131.9 , Est Remaining: 348.4
96 133.3 , Est Remaining: 347.1
97 134.7 , Est Remaining: 345.8
98 136.2 , Est Remaining: 344.6
99 137.6 , Est Remaining: 343.3
EVENT FAILED
99 137.9 , Est Remaining: 344.1
100 139.3 , Est Remaining: 342.8
101 140.8 , Est Remaining: 341.5
102 142.2 , Est Remaining: 340.2
103 143.7 , Est Remaining: 339.1
104 145.2 , Est Remaining: 337.8
105 146.6 , Est Remaining: 336.4
106 148.0 , Est Remaining: 335.1
107 149.4 , Est Remaining: 333.8
108 150.9 , Est Remaining: 332.5
109 152.3 , Est Remaining: 331.2
110 153.8 , Est Remaining: 329.9
111 155.2 , Est Remaining: 328.6
112 156.6 , Est Remaining: 327.3
113 158.1 , Est Remaining: 326.0
114 159.5 , Est Remaining: 324.7
115 161.0 , Est Remaining: 323.4
116 162.3 , Est Remaining: 321.8
117 163.8 , Est Remaining: 320.6
118 165.2 , Est Remaining: 319.3
119 166.7 , Est Remaining: 318.0
EVENT FAILED
119 167.0 , Est Remaining: 318.5
120 168.4 , Est Remaining: 317.2
121 169.9 , Est Remaining: 315.9
122 171.3 , Est Remaining: 314.6
123 172.8 , Est Remaining: 313.3
124 174.3 , Est Remaining: 312.0
125 175.7 , Est Remaining: 310.7
126 177.2 , Est Remaining: 309.4
127 178.6 , Est Remaining: 308.0
128 180.1 , Est Remaining: 306.7
129 181.6 , Est Remaining: 305.4
130 183.0 , Est Remaining: 304.1
131 184.5 , Est Remaining: 302.8
132 186.0 , Est Remaining: 301.5
133 187.4 , Est Remaining: 300.1
134 188.8 , Est Remaining: 298.8
135 190.3 , Est Remaining: 297.4
136 191.7 , Est Remaining: 296.0
137 193.2 , Est Remaining: 294.7
138 194.6 , Est Remaining: 293.3
139 196.0 , Est Remaining: 291.9
140 197.5 , Est Remaining: 290.6
141 198.9 , Est Remaining: 289.2
142 200.4 , Est Remaining: 287.9
143 201.8 , Est Remaining: 286.5
144 203.3 , Est Remaining: 285.1
145 204.7 , Est Remaining: 283.7
146 206.1 , Est Remaining: 282.3
147 207.5 , Est Remaining: 280.9
148 209.0 , Est Remaining: 279.6
149 210.4 , Est Remaining: 278.2
150 211.8 , Est Remaining: 276.8
151 213.3 , Est Remaining: 275.4
152 214.7 , Est Remaining: 274.0
153 216.1 , Est Remaining: 272.6
154 217.5 , Est Remaining: 271.2
155 219.0 , Est Remaining: 269.8
156 220.4 , Est Remaining: 268.4
157 221.8 , Est Remaining: 267.0
158 223.3 , Est Remaining: 265.7
159 224.7 , Est Remaining: 264.3
EVENT FAILED
159 225.0 , Est Remaining: 264.6
160 226.4 , Est Remaining: 263.2
161 227.9 , Est Remaining: 261.8
162 229.3 , Est Remaining: 260.5
163 230.8 , Est Remaining: 259.1
164 232.2 , Est Remaining: 257.7
165 233.7 , Est Remaining: 256.3
166 235.1 , Est Remaining: 254.9
167 236.5 , Est Remaining: 253.5
168 238.0 , Est Remaining: 252.2
169 239.4 , Est Remaining: 250.8
170 240.8 , Est Remaining: 249.3
171 242.2 , Est Remaining: 247.9
172 243.6 , Est Remaining: 246.5
173 245.1 , Est Remaining: 245.1
174 246.5 , Est Remaining: 243.7
175 247.9 , Est Remaining: 242.3
176 249.3 , Est Remaining: 240.8
177 250.8 , Est Remaining: 239.4
178 252.1 , Est Remaining: 238.0
179 253.5 , Est Remaining: 236.5
180 255.0 , Est Remaining: 235.2
181 256.4 , Est Remaining: 233.8
182 257.8 , Est Remaining: 232.3
183 259.2 , Est Remaining: 230.9
184 260.7 , Est Remaining: 229.5
185 262.1 , Est Remaining: 228.1
186 263.5 , Est Remaining: 226.7
187 264.9 , Est Remaining: 225.3
188 266.4 , Est Remaining: 223.8
189 267.8 , Est Remaining: 222.4
190 269.2 , Est Remaining: 221.0
191 270.6 , Est Remaining: 219.6
192 272.0 , Est Remaining: 218.2
193 273.4 , Est Remaining: 216.8
194 274.9 , Est Remaining: 215.4
195 276.3 , Est Remaining: 214.0
196 277.8 , Est Remaining: 212.6
197 279.2 , Est Remaining: 211.2
198 280.6 , Est Remaining: 209.8
199 282.1 , Est Remaining: 208.4
200 283.6 , Est Remaining: 207.0
EVENT FAILED
200 283.9 , Est Remaining: 207.2
201 285.3 , Est Remaining: 205.8
202 286.7 , Est Remaining: 204.4
203 288.3 , Est Remaining: 203.1
204 289.7 , Est Remaining: 201.7
205 291.2 , Est Remaining: 200.3
206 292.6 , Est Remaining: 198.9
207 294.0 , Est Remaining: 197.4
208 295.5 , Est Remaining: 196.0
209 296.9 , Est Remaining: 194.6
210 298.3 , Est Remaining: 193.2
211 299.8 , Est Remaining: 191.8
212 301.2 , Est Remaining: 190.4
213 302.7 , Est Remaining: 189.0
214 304.1 , Est Remaining: 187.6
215 305.6 , Est Remaining: 186.2
216 307.0 , Est Remaining: 184.8
217 308.4 , Est Remaining: 183.4
218 309.9 , Est Remaining: 181.9
219 311.3 , Est Remaining: 180.5
220 312.7 , Est Remaining: 179.1
221 314.2 , Est Remaining: 177.7
222 315.6 , Est Remaining: 176.3
223 317.1 , Est Remaining: 174.9
224 318.5 , Est Remaining: 173.5
225 320.0 , Est Remaining: 172.1
226 321.4 , Est Remaining: 170.7
227 322.8 , Est Remaining: 169.2
228 324.3 , Est Remaining: 167.8
229 325.7 , Est Remaining: 166.4
230 327.1 , Est Remaining: 165.0
231 328.5 , Est Remaining: 163.6
232 329.9 , Est Remaining: 162.1
233 331.3 , Est Remaining: 160.7
234 332.8 , Est Remaining: 159.3
235 334.2 , Est Remaining: 157.9
EVENT FAILED
235 334.9 , Est Remaining: 158.2
236 336.3 , Est Remaining: 156.8
237 337.8 , Est Remaining: 155.3
238 339.2 , Est Remaining: 153.9
239 340.6 , Est Remaining: 152.5
240 342.1 , Est Remaining: 151.1
241 343.4 , Est Remaining: 149.6
242 344.8 , Est Remaining: 148.2
243 346.2 , Est Remaining: 146.8
244 347.6 , Est Remaining: 145.3
245 349.1 , Est Remaining: 143.9
246 350.5 , Est Remaining: 142.5
247 352.0 , Est Remaining: 141.1
248 353.4 , Est Remaining: 139.6
249 354.8 , Est Remaining: 138.2
250 356.2 , Est Remaining: 136.8
EVENT FAILED
250 356.6 , Est Remaining: 136.9
251 358.0 , Est Remaining: 135.5
252 359.4 , Est Remaining: 134.1
253 360.8 , Est Remaining: 132.6
254 362.2 , Est Remaining: 131.2
255 363.7 , Est Remaining: 129.8
256 365.1 , Est Remaining: 128.4
257 366.5 , Est Remaining: 126.9
258 368.0 , Est Remaining: 125.5
259 369.4 , Est Remaining: 124.1
260 370.8 , Est Remaining: 122.7
261 372.3 , Est Remaining: 121.2
EVENT FAILED
261 372.6 , Est Remaining: 121.3
262 374.0 , Est Remaining: 119.9
263 375.4 , Est Remaining: 118.5
264 376.9 , Est Remaining: 117.1
265 378.3 , Est Remaining: 115.6
266 379.7 , Est Remaining: 114.2
267 381.1 , Est Remaining: 112.8
268 382.6 , Est Remaining: 111.4
269 384.1 , Est Remaining: 109.9
270 385.5 , Est Remaining: 108.5
271 386.9 , Est Remaining: 107.1
272 388.3 , Est Remaining: 105.6
273 389.8 , Est Remaining: 104.2
274 391.2 , Est Remaining: 102.8
275 392.6 , Est Remaining: 101.4
EVENT FAILED
275 392.9 , Est Remaining: 101.4
276 394.4 , Est Remaining: 100.0
277 395.8 , Est Remaining: 98.6
278 397.2 , Est Remaining: 97.2
279 398.7 , Est Remaining: 95.7
280 400.1 , Est Remaining: 94.3
281 401.5 , Est Remaining: 92.9
EVENT FAILED
281 401.8 , Est Remaining: 93.0
282 403.3 , Est Remaining: 91.5
283 404.7 , Est Remaining: 90.1
284 406.1 , Est Remaining: 88.7
285 407.6 , Est Remaining: 87.2
286 409.0 , Est Remaining: 85.8
287 410.4 , Est Remaining: 84.4
288 411.9 , Est Remaining: 82.9
289 413.3 , Est Remaining: 81.5
290 414.7 , Est Remaining: 80.1
291 416.1 , Est Remaining: 78.6
292 417.5 , Est Remaining: 77.2
293 419.0 , Est Remaining: 75.8
294 420.4 , Est Remaining: 74.4
295 421.8 , Est Remaining: 72.9
296 423.3 , Est Remaining: 71.5
297 424.7 , Est Remaining: 70.1
298 426.1 , Est Remaining: 68.6
299 427.6 , Est Remaining: 67.2
300 429.0 , Est Remaining: 65.8
301 430.5 , Est Remaining: 64.4
302 432.1 , Est Remaining: 63.0
303 433.5 , Est Remaining: 61.5
304 435.0 , Est Remaining: 60.1
305 436.4 , Est Remaining: 58.7
EVENT FAILED
305 436.7 , Est Remaining: 58.7
306 438.1 , Est Remaining: 57.3
307 439.6 , Est Remaining: 55.8
308 441.0 , Est Remaining: 54.4
309 442.4 , Est Remaining: 53.0
310 443.8 , Est Remaining: 51.5
311 445.3 , Est Remaining: 50.1
312 446.7 , Est Remaining: 48.7
313 448.2 , Est Remaining: 47.3
314 449.6 , Est Remaining: 45.8
315 451.1 , Est Remaining: 44.4
316 452.5 , Est Remaining: 43.0
317 454.0 , Est Remaining: 41.5
318 455.4 , Est Remaining: 40.1
319 456.9 , Est Remaining: 38.7
320 458.3 , Est Remaining: 37.2
321 459.8 , Est Remaining: 35.8
322 461.2 , Est Remaining: 34.4
323 462.7 , Est Remaining: 32.9
324 464.2 , Est Remaining: 31.5
325 465.6 , Est Remaining: 30.1
326 467.1 , Est Remaining: 28.7
327 468.5 , Est Remaining: 27.2
328 470.0 , Est Remaining: 25.8
329 471.4 , Est Remaining: 24.4
330 472.9 , Est Remaining: 22.9
331 474.3 , Est Remaining: 21.5
332 475.7 , Est Remaining: 20.1
