Note: NumExpr detected 32 cores but "NUMEXPR_MAX_THREADS" not set, so enforcing safe limit of 8.
Using selector: EpollSelector
/n/home02/jhaefner/miniconda/envs/IC-3.7-2020-06-16/lib/python3.7/site-packages/scipy/optimize/minpack.py:808: OptimizeWarning: Covariance of the parameters could not be estimated
  category=OptimizeWarning)
Total rwfs: 346
0 0.0 , Est Remaining: 999999.9
1 1.4 , Est Remaining: 478.6
2 2.7 , Est Remaining: 472.1
3 4.1 , Est Remaining: 470.8
4 5.5 , Est Remaining: 468.6
5 6.8 , Est Remaining: 464.6
6 8.2 , Est Remaining: 461.9
7 9.5 , Est Remaining: 459.6
8 10.8 , Est Remaining: 458.2
9 12.2 , Est Remaining: 456.4
10 13.5 , Est Remaining: 454.2
11 14.9 , Est Remaining: 452.3
12 16.2 , Est Remaining: 450.4
13 17.5 , Est Remaining: 448.8
14 18.9 , Est Remaining: 447.8
15 20.2 , Est Remaining: 446.1
16 21.5 , Est Remaining: 444.3
17 22.9 , Est Remaining: 442.4
18 24.2 , Est Remaining: 440.6
19 25.5 , Est Remaining: 439.1
20 26.8 , Est Remaining: 437.6
21 28.2 , Est Remaining: 436.2
22 29.5 , Est Remaining: 434.7
23 30.9 , Est Remaining: 433.4
24 32.2 , Est Remaining: 432.2
25 33.5 , Est Remaining: 430.7
26 34.9 , Est Remaining: 429.3
27 36.2 , Est Remaining: 427.9
28 37.6 , Est Remaining: 426.5
29 38.9 , Est Remaining: 425.1
30 40.2 , Est Remaining: 423.8
31 41.6 , Est Remaining: 422.3
32 42.9 , Est Remaining: 421.0
33 44.3 , Est Remaining: 419.8
EVENT FAILED
33 44.6 , Est Remaining: 422.6
34 45.9 , Est Remaining: 421.0
EVENT FAILED
34 46.2 , Est Remaining: 423.7
35 47.5 , Est Remaining: 421.9
36 48.8 , Est Remaining: 420.2
37 50.1 , Est Remaining: 418.6
38 51.5 , Est Remaining: 417.1
39 52.8 , Est Remaining: 415.7
40 54.1 , Est Remaining: 414.1
41 55.5 , Est Remaining: 412.5
42 56.8 , Est Remaining: 411.0
43 58.1 , Est Remaining: 409.6
44 59.5 , Est Remaining: 408.2
45 60.8 , Est Remaining: 406.8
46 62.2 , Est Remaining: 405.5
47 63.5 , Est Remaining: 404.1
48 64.9 , Est Remaining: 402.7
49 66.2 , Est Remaining: 401.4
50 67.6 , Est Remaining: 400.0
51 68.9 , Est Remaining: 398.5
52 70.2 , Est Remaining: 397.2
53 71.6 , Est Remaining: 395.7
54 72.9 , Est Remaining: 394.3
55 74.3 , Est Remaining: 393.0
56 75.6 , Est Remaining: 391.6
57 77.0 , Est Remaining: 390.2
58 78.3 , Est Remaining: 388.9
59 79.7 , Est Remaining: 387.5
60 81.0 , Est Remaining: 386.1
61 82.3 , Est Remaining: 384.6
62 83.7 , Est Remaining: 383.2
63 85.0 , Est Remaining: 381.7
64 86.3 , Est Remaining: 380.3
65 87.6 , Est Remaining: 378.8
66 89.0 , Est Remaining: 377.4
67 90.3 , Est Remaining: 375.9
68 91.6 , Est Remaining: 374.4
69 92.9 , Est Remaining: 373.0
70 94.2 , Est Remaining: 371.5
71 95.5 , Est Remaining: 370.1
72 96.9 , Est Remaining: 368.6
73 98.2 , Est Remaining: 367.2
74 99.5 , Est Remaining: 365.8
75 100.9 , Est Remaining: 364.4
76 102.2 , Est Remaining: 363.1
77 103.5 , Est Remaining: 361.6
78 104.8 , Est Remaining: 360.2
79 106.2 , Est Remaining: 358.9
80 107.5 , Est Remaining: 357.5
81 108.8 , Est Remaining: 356.1
82 110.2 , Est Remaining: 354.7
83 111.5 , Est Remaining: 353.3
84 112.8 , Est Remaining: 352.0
85 114.2 , Est Remaining: 350.6
86 115.5 , Est Remaining: 349.3
87 116.9 , Est Remaining: 347.9
88 118.2 , Est Remaining: 346.6
89 119.5 , Est Remaining: 345.2
90 120.9 , Est Remaining: 343.9
91 122.2 , Est Remaining: 342.5
92 123.6 , Est Remaining: 341.1
93 124.9 , Est Remaining: 339.7
94 126.2 , Est Remaining: 338.4
95 127.6 , Est Remaining: 337.0
96 128.9 , Est Remaining: 335.7
97 130.2 , Est Remaining: 334.3
98 131.6 , Est Remaining: 333.0
99 132.9 , Est Remaining: 331.6
100 134.3 , Est Remaining: 330.3
101 135.6 , Est Remaining: 328.9
102 136.9 , Est Remaining: 327.6
103 138.4 , Est Remaining: 326.4
104 139.7 , Est Remaining: 325.1
105 141.0 , Est Remaining: 323.7
106 142.3 , Est Remaining: 322.3
107 143.6 , Est Remaining: 320.9
108 145.0 , Est Remaining: 319.5
109 146.3 , Est Remaining: 318.1
110 147.6 , Est Remaining: 316.7
111 149.0 , Est Remaining: 315.4
112 150.3 , Est Remaining: 314.0
113 151.6 , Est Remaining: 312.7
114 153.0 , Est Remaining: 311.3
115 154.3 , Est Remaining: 310.0
116 155.7 , Est Remaining: 308.7
117 157.0 , Est Remaining: 307.3
EVENT FAILED
117 157.3 , Est Remaining: 307.9
118 158.6 , Est Remaining: 306.5
119 160.0 , Est Remaining: 305.1
120 161.3 , Est Remaining: 303.7
121 162.6 , Est Remaining: 302.4
122 163.9 , Est Remaining: 301.0
123 165.2 , Est Remaining: 299.6
124 166.6 , Est Remaining: 298.2
125 167.9 , Est Remaining: 296.9
126 169.3 , Est Remaining: 295.5
127 170.6 , Est Remaining: 294.2
128 171.9 , Est Remaining: 292.8
129 173.3 , Est Remaining: 291.5
130 174.6 , Est Remaining: 290.2
131 176.0 , Est Remaining: 288.8
132 177.3 , Est Remaining: 287.4
133 178.6 , Est Remaining: 286.1
134 180.0 , Est Remaining: 284.7
135 181.3 , Est Remaining: 283.4
136 182.7 , Est Remaining: 282.0
137 184.0 , Est Remaining: 280.7
138 185.3 , Est Remaining: 279.3
139 186.7 , Est Remaining: 278.0
140 188.0 , Est Remaining: 276.6
141 189.3 , Est Remaining: 275.2
142 190.6 , Est Remaining: 273.9
143 192.0 , Est Remaining: 272.5
144 193.3 , Est Remaining: 271.2
145 194.6 , Est Remaining: 269.8
146 196.0 , Est Remaining: 268.5
147 197.3 , Est Remaining: 267.1
148 198.7 , Est Remaining: 265.8
149 200.0 , Est Remaining: 264.5
150 201.4 , Est Remaining: 263.1
151 202.7 , Est Remaining: 261.8
152 204.1 , Est Remaining: 260.5
153 205.4 , Est Remaining: 259.1
EVENT FAILED
153 205.7 , Est Remaining: 259.5
EVENT FAILED
153 206.0 , Est Remaining: 259.8
EVENT FAILED
153 206.3 , Est Remaining: 260.2
154 207.6 , Est Remaining: 258.8
155 208.9 , Est Remaining: 257.5
156 210.3 , Est Remaining: 256.1
157 211.6 , Est Remaining: 254.7
158 212.9 , Est Remaining: 253.4
159 214.3 , Est Remaining: 252.0
160 215.6 , Est Remaining: 250.6
161 216.9 , Est Remaining: 249.3
162 218.2 , Est Remaining: 247.9
163 219.6 , Est Remaining: 246.5
164 220.9 , Est Remaining: 245.2
165 222.2 , Est Remaining: 243.8
166 223.6 , Est Remaining: 242.4
167 224.9 , Est Remaining: 241.0
168 226.2 , Est Remaining: 239.7
169 227.5 , Est Remaining: 238.3
170 228.9 , Est Remaining: 237.0
171 230.2 , Est Remaining: 235.6
172 231.5 , Est Remaining: 234.2
173 232.9 , Est Remaining: 232.9
174 234.2 , Est Remaining: 231.5
175 235.5 , Est Remaining: 230.1
176 236.9 , Est Remaining: 228.8
EVENT FAILED
176 237.2 , Est Remaining: 229.1
177 238.5 , Est Remaining: 227.7
178 239.8 , Est Remaining: 226.4
179 241.2 , Est Remaining: 225.0
180 242.5 , Est Remaining: 223.6
181 243.8 , Est Remaining: 222.3
EVENT FAILED
181 244.1 , Est Remaining: 222.5
182 245.4 , Est Remaining: 221.2
183 246.8 , Est Remaining: 219.8
184 248.1 , Est Remaining: 218.5
185 249.5 , Est Remaining: 217.1
186 250.8 , Est Remaining: 215.7
187 252.1 , Est Remaining: 214.4
188 253.5 , Est Remaining: 213.0
189 254.8 , Est Remaining: 211.7
190 256.1 , Est Remaining: 210.3
191 257.5 , Est Remaining: 208.9
192 258.8 , Est Remaining: 207.6
193 260.1 , Est Remaining: 206.2
194 261.5 , Est Remaining: 204.9
195 262.8 , Est Remaining: 203.5
196 264.1 , Est Remaining: 202.1
197 265.5 , Est Remaining: 200.8
198 266.6 , Est Remaining: 199.3
199 268.0 , Est Remaining: 197.9
200 269.3 , Est Remaining: 196.6
201 270.6 , Est Remaining: 195.2
202 271.9 , Est Remaining: 193.8
203 273.3 , Est Remaining: 192.6
204 274.7 , Est Remaining: 191.2
205 276.0 , Est Remaining: 189.8
206 277.3 , Est Remaining: 188.5
207 278.6 , Est Remaining: 187.1
208 279.9 , Est Remaining: 185.7
209 281.3 , Est Remaining: 184.4
210 282.6 , Est Remaining: 183.0
211 283.9 , Est Remaining: 181.7
212 285.2 , Est Remaining: 180.3
213 286.6 , Est Remaining: 178.9
214 287.9 , Est Remaining: 177.6
215 289.2 , Est Remaining: 176.2
216 290.6 , Est Remaining: 174.9
217 291.9 , Est Remaining: 173.5
218 293.2 , Est Remaining: 172.2
219 294.5 , Est Remaining: 170.8
220 295.9 , Est Remaining: 169.5
221 297.2 , Est Remaining: 168.1
222 298.5 , Est Remaining: 166.7
223 299.9 , Est Remaining: 165.4
224 301.2 , Est Remaining: 164.0
225 302.5 , Est Remaining: 162.7
226 303.9 , Est Remaining: 161.3
227 305.2 , Est Remaining: 160.0
228 306.5 , Est Remaining: 158.6
229 307.9 , Est Remaining: 157.3
230 309.2 , Est Remaining: 155.9
231 310.5 , Est Remaining: 154.6
232 311.9 , Est Remaining: 153.2
233 313.2 , Est Remaining: 151.9
234 314.5 , Est Remaining: 150.5
235 315.8 , Est Remaining: 149.2
236 317.1 , Est Remaining: 147.8
237 318.5 , Est Remaining: 146.5
238 319.8 , Est Remaining: 145.1
239 321.1 , Est Remaining: 143.8
240 322.4 , Est Remaining: 142.4
241 323.8 , Est Remaining: 141.1
242 325.1 , Est Remaining: 139.7
243 326.4 , Est Remaining: 138.4
244 327.7 , Est Remaining: 137.0
EVENT FAILED
244 328.0 , Est Remaining: 137.1
245 329.3 , Est Remaining: 135.8
246 330.7 , Est Remaining: 134.4
247 332.0 , Est Remaining: 133.1
248 333.3 , Est Remaining: 131.7
249 334.6 , Est Remaining: 130.4
EVENT FAILED
249 334.9 , Est Remaining: 130.5
250 336.3 , Est Remaining: 129.1
251 337.6 , Est Remaining: 127.8
252 338.9 , Est Remaining: 126.4
253 340.2 , Est Remaining: 125.1
254 341.6 , Est Remaining: 123.7
255 342.9 , Est Remaining: 122.4
256 344.2 , Est Remaining: 121.0
257 345.5 , Est Remaining: 119.7
258 346.8 , Est Remaining: 118.3
259 348.1 , Est Remaining: 116.9
260 349.5 , Est Remaining: 115.6
261 350.8 , Est Remaining: 114.2
262 352.1 , Est Remaining: 112.9
263 353.5 , Est Remaining: 111.5
264 354.8 , Est Remaining: 110.2
265 356.1 , Est Remaining: 108.8
266 357.4 , Est Remaining: 107.5
267 358.8 , Est Remaining: 106.2
268 360.1 , Est Remaining: 104.8
269 361.4 , Est Remaining: 103.5
270 362.8 , Est Remaining: 102.1
271 364.1 , Est Remaining: 100.8
272 365.5 , Est Remaining: 99.4
273 366.8 , Est Remaining: 98.1
274 368.1 , Est Remaining: 96.7
275 369.5 , Est Remaining: 95.4
276 370.8 , Est Remaining: 94.1
277 372.2 , Est Remaining: 92.7
278 373.5 , Est Remaining: 91.4
279 374.8 , Est Remaining: 90.0
280 376.2 , Est Remaining: 88.7
281 377.5 , Est Remaining: 87.3
282 378.8 , Est Remaining: 86.0
283 380.2 , Est Remaining: 84.6
284 381.5 , Est Remaining: 83.3
285 382.8 , Est Remaining: 81.9
286 384.2 , Est Remaining: 80.6
287 385.5 , Est Remaining: 79.2
288 386.8 , Est Remaining: 77.9
289 388.1 , Est Remaining: 76.5
290 389.4 , Est Remaining: 75.2
291 390.7 , Est Remaining: 73.9
EVENT FAILED
291 391.0 , Est Remaining: 73.9
292 392.4 , Est Remaining: 72.6
293 393.7 , Est Remaining: 71.2
294 395.0 , Est Remaining: 69.9
EVENT FAILED
294 395.3 , Est Remaining: 69.9
295 396.7 , Est Remaining: 68.6
296 398.0 , Est Remaining: 67.2
297 399.3 , Est Remaining: 65.9
298 400.7 , Est Remaining: 64.5
299 402.0 , Est Remaining: 63.2
300 403.3 , Est Remaining: 61.8
301 404.7 , Est Remaining: 60.5
302 406.1 , Est Remaining: 59.2
303 407.5 , Est Remaining: 57.8
304 408.8 , Est Remaining: 56.5
EVENT FAILED
304 409.1 , Est Remaining: 56.5
305 410.4 , Est Remaining: 55.2
306 411.8 , Est Remaining: 53.8
307 413.1 , Est Remaining: 52.5
308 414.4 , Est Remaining: 51.1
309 415.8 , Est Remaining: 49.8
310 417.1 , Est Remaining: 48.4
311 418.4 , Est Remaining: 47.1
312 419.7 , Est Remaining: 45.7
313 421.1 , Est Remaining: 44.4
314 422.4 , Est Remaining: 43.0
315 423.7 , Est Remaining: 41.7
316 425.0 , Est Remaining: 40.4
317 426.4 , Est Remaining: 39.0
318 427.7 , Est Remaining: 37.7
319 429.1 , Est Remaining: 36.3
320 430.4 , Est Remaining: 35.0
321 431.7 , Est Remaining: 33.6
322 433.1 , Est Remaining: 32.3
323 434.4 , Est Remaining: 30.9
324 435.7 , Est Remaining: 29.6
325 437.1 , Est Remaining: 28.2
326 438.4 , Est Remaining: 26.9
327 439.8 , Est Remaining: 25.6
328 441.1 , Est Remaining: 24.2
329 442.4 , Est Remaining: 22.9
330 443.8 , Est Remaining: 21.5
331 445.1 , Est Remaining: 20.2
332 446.4 , Est Remaining: 18.8
