Note: NumExpr detected 32 cores but "NUMEXPR_MAX_THREADS" not set, so enforcing safe limit of 8.
Using selector: EpollSelector
/n/home02/jhaefner/miniconda/envs/IC-3.7-2020-06-16/lib/python3.7/site-packages/scipy/optimize/minpack.py:808: OptimizeWarning: Covariance of the parameters could not be estimated
  category=OptimizeWarning)
Total rwfs: 346
0 0.0 , Est Remaining: 999999.9
1 1.4 , Est Remaining: 498.3
2 2.9 , Est Remaining: 490.7
3 4.3 , Est Remaining: 487.7
4 5.6 , Est Remaining: 481.6
5 7.0 , Est Remaining: 478.1
6 8.4 , Est Remaining: 474.1
7 9.7 , Est Remaining: 469.8
8 11.0 , Est Remaining: 466.4
9 12.4 , Est Remaining: 462.6
10 13.7 , Est Remaining: 460.4
11 15.0 , Est Remaining: 458.2
12 16.4 , Est Remaining: 456.2
13 17.7 , Est Remaining: 453.7
EVENT FAILED
13 18.0 , Est Remaining: 461.4
14 19.3 , Est Remaining: 458.9
15 20.7 , Est Remaining: 456.5
16 22.0 , Est Remaining: 454.3
17 23.4 , Est Remaining: 452.0
18 24.7 , Est Remaining: 449.9
19 26.0 , Est Remaining: 447.8
20 27.3 , Est Remaining: 445.7
21 28.7 , Est Remaining: 443.9
22 30.0 , Est Remaining: 441.9
23 31.3 , Est Remaining: 439.8
24 32.7 , Est Remaining: 438.1
25 34.0 , Est Remaining: 436.1
26 35.3 , Est Remaining: 434.1
27 36.6 , Est Remaining: 432.1
28 37.9 , Est Remaining: 430.1
29 39.2 , Est Remaining: 428.3
30 40.5 , Est Remaining: 426.6
31 41.8 , Est Remaining: 424.8
32 43.1 , Est Remaining: 423.1
33 44.4 , Est Remaining: 421.5
34 45.8 , Est Remaining: 419.8
35 47.1 , Est Remaining: 418.2
EVENT FAILED
35 47.4 , Est Remaining: 420.8
36 48.7 , Est Remaining: 419.1
37 50.0 , Est Remaining: 417.6
38 51.3 , Est Remaining: 416.0
39 52.6 , Est Remaining: 414.3
40 53.9 , Est Remaining: 412.7
41 55.3 , Est Remaining: 411.1
42 56.6 , Est Remaining: 409.5
43 57.9 , Est Remaining: 407.8
44 59.2 , Est Remaining: 406.3
45 60.5 , Est Remaining: 404.7
46 61.8 , Est Remaining: 403.1
47 63.1 , Est Remaining: 401.5
48 64.4 , Est Remaining: 400.0
49 65.7 , Est Remaining: 398.4
50 67.0 , Est Remaining: 396.9
51 68.4 , Est Remaining: 395.4
52 69.7 , Est Remaining: 394.0
53 71.0 , Est Remaining: 392.6
54 72.3 , Est Remaining: 391.2
55 73.8 , Est Remaining: 390.5
56 75.1 , Est Remaining: 389.0
57 76.4 , Est Remaining: 387.4
58 77.7 , Est Remaining: 386.0
59 79.1 , Est Remaining: 384.5
60 80.4 , Est Remaining: 383.1
61 81.7 , Est Remaining: 381.6
62 83.0 , Est Remaining: 380.2
63 84.3 , Est Remaining: 378.8
64 85.6 , Est Remaining: 377.3
65 86.9 , Est Remaining: 375.9
66 88.2 , Est Remaining: 374.4
67 89.5 , Est Remaining: 372.9
68 90.8 , Est Remaining: 371.1
69 92.1 , Est Remaining: 369.6
70 93.4 , Est Remaining: 368.2
71 94.7 , Est Remaining: 366.9
72 96.0 , Est Remaining: 365.5
73 97.4 , Est Remaining: 364.2
74 98.8 , Est Remaining: 363.0
75 100.1 , Est Remaining: 361.8
76 101.5 , Est Remaining: 360.6
77 102.9 , Est Remaining: 359.4
78 104.2 , Est Remaining: 358.2
79 105.6 , Est Remaining: 357.0
80 107.0 , Est Remaining: 355.9
81 108.5 , Est Remaining: 354.9
82 109.9 , Est Remaining: 353.9
83 111.3 , Est Remaining: 352.8
84 112.8 , Est Remaining: 351.7
85 114.2 , Est Remaining: 350.6
86 115.6 , Est Remaining: 349.6
87 117.1 , Est Remaining: 348.5
88 118.5 , Est Remaining: 347.5
89 119.9 , Est Remaining: 346.3
EVENT FAILED
89 120.2 , Est Remaining: 347.2
90 121.7 , Est Remaining: 346.1
91 123.1 , Est Remaining: 345.0
92 124.5 , Est Remaining: 343.8
93 126.0 , Est Remaining: 342.8
94 127.4 , Est Remaining: 341.6
95 128.9 , Est Remaining: 340.5
96 130.3 , Est Remaining: 339.4
97 131.7 , Est Remaining: 338.2
98 133.2 , Est Remaining: 337.0
99 134.6 , Est Remaining: 335.8
100 136.0 , Est Remaining: 334.6
101 137.5 , Est Remaining: 333.5
102 138.9 , Est Remaining: 332.3
103 140.3 , Est Remaining: 331.0
104 141.7 , Est Remaining: 329.8
105 143.2 , Est Remaining: 328.6
106 144.6 , Est Remaining: 327.3
107 146.0 , Est Remaining: 326.1
108 147.4 , Est Remaining: 324.9
109 148.9 , Est Remaining: 323.7
110 150.3 , Est Remaining: 322.4
111 151.7 , Est Remaining: 321.2
112 153.1 , Est Remaining: 319.9
113 154.5 , Est Remaining: 318.6
114 156.0 , Est Remaining: 317.4
115 157.4 , Est Remaining: 316.1
116 158.8 , Est Remaining: 314.8
117 160.2 , Est Remaining: 313.5
118 161.6 , Est Remaining: 312.3
119 163.0 , Est Remaining: 311.0
120 164.5 , Est Remaining: 309.8
121 165.9 , Est Remaining: 308.5
122 167.3 , Est Remaining: 307.2
123 168.7 , Est Remaining: 305.8
124 170.1 , Est Remaining: 304.5
EVENT FAILED
124 170.4 , Est Remaining: 305.1
125 171.8 , Est Remaining: 303.8
126 173.2 , Est Remaining: 302.5
127 174.6 , Est Remaining: 301.1
128 176.1 , Est Remaining: 299.8
129 177.5 , Est Remaining: 298.5
130 178.9 , Est Remaining: 297.2
131 180.3 , Est Remaining: 295.9
132 181.7 , Est Remaining: 294.6
133 183.0 , Est Remaining: 293.0
134 184.4 , Est Remaining: 291.8
135 185.8 , Est Remaining: 290.5
136 187.3 , Est Remaining: 289.2
137 188.7 , Est Remaining: 287.9
138 190.2 , Est Remaining: 286.6
139 191.6 , Est Remaining: 285.4
140 193.1 , Est Remaining: 284.1
141 194.5 , Est Remaining: 282.8
142 195.9 , Est Remaining: 281.5
143 197.4 , Est Remaining: 280.2
144 198.8 , Est Remaining: 278.8
145 200.2 , Est Remaining: 277.5
146 201.6 , Est Remaining: 276.1
147 203.0 , Est Remaining: 274.8
148 204.4 , Est Remaining: 273.4
149 205.8 , Est Remaining: 272.1
150 207.2 , Est Remaining: 270.7
151 208.6 , Est Remaining: 269.4
152 210.0 , Est Remaining: 268.0
153 211.4 , Est Remaining: 266.7
154 212.8 , Est Remaining: 265.3
155 214.2 , Est Remaining: 264.0
156 215.6 , Est Remaining: 262.6
157 217.1 , Est Remaining: 261.3
158 218.5 , Est Remaining: 260.0
159 219.9 , Est Remaining: 258.6
EVENT FAILED
159 220.2 , Est Remaining: 259.0
160 221.6 , Est Remaining: 257.6
161 223.0 , Est Remaining: 256.3
162 224.5 , Est Remaining: 254.9
163 225.9 , Est Remaining: 253.6
164 227.3 , Est Remaining: 252.3
165 228.7 , Est Remaining: 250.9
166 230.2 , Est Remaining: 249.6
167 231.6 , Est Remaining: 248.3
168 233.0 , Est Remaining: 246.9
169 234.4 , Est Remaining: 245.5
170 235.9 , Est Remaining: 244.2
171 237.3 , Est Remaining: 242.8
172 238.7 , Est Remaining: 241.5
EVENT FAILED
172 239.0 , Est Remaining: 241.8
173 240.4 , Est Remaining: 240.4
174 241.8 , Est Remaining: 239.1
175 243.3 , Est Remaining: 237.7
176 244.7 , Est Remaining: 236.3
177 246.1 , Est Remaining: 235.0
178 247.6 , Est Remaining: 233.6
179 249.0 , Est Remaining: 232.3
180 250.4 , Est Remaining: 230.9
181 251.8 , Est Remaining: 229.5
182 253.2 , Est Remaining: 228.2
183 254.6 , Est Remaining: 226.8
184 256.0 , Est Remaining: 225.4
185 257.5 , Est Remaining: 224.1
186 258.9 , Est Remaining: 222.7
187 260.3 , Est Remaining: 221.3
188 261.7 , Est Remaining: 220.0
189 263.1 , Est Remaining: 218.6
190 264.6 , Est Remaining: 217.2
191 266.0 , Est Remaining: 215.9
192 267.4 , Est Remaining: 214.5
193 268.8 , Est Remaining: 213.1
194 270.2 , Est Remaining: 211.7
195 271.7 , Est Remaining: 210.4
196 273.1 , Est Remaining: 209.0
197 274.5 , Est Remaining: 207.6
198 275.9 , Est Remaining: 206.3
199 277.3 , Est Remaining: 204.9
200 278.7 , Est Remaining: 203.5
201 280.2 , Est Remaining: 202.2
202 281.6 , Est Remaining: 200.8
203 283.0 , Est Remaining: 199.4
204 284.4 , Est Remaining: 198.0
205 285.9 , Est Remaining: 196.6
206 287.3 , Est Remaining: 195.2
207 288.7 , Est Remaining: 193.9
208 290.1 , Est Remaining: 192.5
209 291.5 , Est Remaining: 191.1
210 292.9 , Est Remaining: 189.7
211 294.3 , Est Remaining: 188.3
212 295.8 , Est Remaining: 187.0
EVENT FAILED
212 296.1 , Est Remaining: 187.1
213 297.5 , Est Remaining: 185.8
214 298.9 , Est Remaining: 184.4
215 300.3 , Est Remaining: 183.0
EVENT FAILED
215 300.6 , Est Remaining: 183.2
216 302.1 , Est Remaining: 181.8
217 303.5 , Est Remaining: 180.4
218 304.9 , Est Remaining: 179.0
219 306.3 , Est Remaining: 177.6
220 307.7 , Est Remaining: 176.2
221 309.1 , Est Remaining: 174.8
222 310.5 , Est Remaining: 173.4
223 311.9 , Est Remaining: 172.1
224 313.3 , Est Remaining: 170.7
225 314.7 , Est Remaining: 169.3
226 316.2 , Est Remaining: 167.9
227 317.5 , Est Remaining: 166.5
228 318.9 , Est Remaining: 165.1
229 320.4 , Est Remaining: 163.7
230 321.8 , Est Remaining: 162.3
231 323.2 , Est Remaining: 160.9
232 324.6 , Est Remaining: 159.5
233 326.0 , Est Remaining: 158.1
234 327.4 , Est Remaining: 156.7
235 328.9 , Est Remaining: 155.3
236 330.3 , Est Remaining: 153.9
237 331.7 , Est Remaining: 152.6
238 333.1 , Est Remaining: 151.2
239 334.6 , Est Remaining: 149.8
240 336.0 , Est Remaining: 148.4
241 337.4 , Est Remaining: 147.0
242 338.9 , Est Remaining: 145.6
243 340.3 , Est Remaining: 144.2
244 341.7 , Est Remaining: 142.9
245 343.2 , Est Remaining: 141.5
246 344.6 , Est Remaining: 140.1
247 346.0 , Est Remaining: 138.7
248 347.4 , Est Remaining: 137.3
249 348.8 , Est Remaining: 135.9
250 350.2 , Est Remaining: 134.5
251 351.6 , Est Remaining: 133.1
252 353.1 , Est Remaining: 131.7
253 354.4 , Est Remaining: 130.3
254 355.8 , Est Remaining: 128.9
255 357.2 , Est Remaining: 127.5
256 358.6 , Est Remaining: 126.1
257 360.1 , Est Remaining: 124.7
258 361.5 , Est Remaining: 123.3
259 362.9 , Est Remaining: 121.9
260 364.3 , Est Remaining: 120.5
261 365.7 , Est Remaining: 119.1
262 367.1 , Est Remaining: 117.7
263 368.5 , Est Remaining: 116.3
264 369.9 , Est Remaining: 114.9
265 371.3 , Est Remaining: 113.5
266 372.7 , Est Remaining: 112.1
267 374.1 , Est Remaining: 110.7
268 375.5 , Est Remaining: 109.3
269 377.0 , Est Remaining: 107.9
270 378.4 , Est Remaining: 106.5
271 379.8 , Est Remaining: 105.1
272 381.2 , Est Remaining: 103.7
273 382.6 , Est Remaining: 102.3
274 384.1 , Est Remaining: 100.9
275 385.5 , Est Remaining: 99.5
276 386.9 , Est Remaining: 98.1
277 388.3 , Est Remaining: 96.7
278 389.7 , Est Remaining: 95.3
279 391.1 , Est Remaining: 93.9
280 392.5 , Est Remaining: 92.5
281 394.0 , Est Remaining: 91.1
282 395.4 , Est Remaining: 89.7
283 396.8 , Est Remaining: 88.3
284 398.2 , Est Remaining: 86.9
285 399.6 , Est Remaining: 85.5
286 401.0 , Est Remaining: 84.1
287 402.4 , Est Remaining: 82.7
288 403.9 , Est Remaining: 81.3
289 405.3 , Est Remaining: 79.9
EVENT FAILED
289 405.6 , Est Remaining: 80.0
290 407.0 , Est Remaining: 78.6
291 408.4 , Est Remaining: 77.2
EVENT FAILED
291 408.7 , Est Remaining: 77.3
292 410.2 , Est Remaining: 75.9
293 411.6 , Est Remaining: 74.5
294 413.0 , Est Remaining: 73.1
295 414.5 , Est Remaining: 71.7
296 415.9 , Est Remaining: 70.2
EVENT FAILED
296 416.2 , Est Remaining: 70.3
297 417.6 , Est Remaining: 68.9
298 419.0 , Est Remaining: 67.5
299 420.5 , Est Remaining: 66.1
300 421.9 , Est Remaining: 64.7
301 423.5 , Est Remaining: 63.3
302 424.9 , Est Remaining: 61.9
303 426.3 , Est Remaining: 60.5
304 427.7 , Est Remaining: 59.1
305 429.2 , Est Remaining: 57.7
306 430.6 , Est Remaining: 56.3
307 432.0 , Est Remaining: 54.9
308 433.4 , Est Remaining: 53.5
309 434.8 , Est Remaining: 52.1
310 436.3 , Est Remaining: 50.7
311 437.6 , Est Remaining: 49.3
312 439.0 , Est Remaining: 47.8
313 440.4 , Est Remaining: 46.4
314 441.8 , Est Remaining: 45.0
315 443.2 , Est Remaining: 43.6
316 444.7 , Est Remaining: 42.2
317 446.1 , Est Remaining: 40.8
318 447.5 , Est Remaining: 39.4
319 448.9 , Est Remaining: 38.0
320 450.4 , Est Remaining: 36.6
321 451.8 , Est Remaining: 35.2
322 453.2 , Est Remaining: 33.8
323 454.7 , Est Remaining: 32.4
324 456.1 , Est Remaining: 31.0
325 457.5 , Est Remaining: 29.6
326 459.0 , Est Remaining: 28.2
EVENT FAILED
326 459.3 , Est Remaining: 28.2
327 460.7 , Est Remaining: 26.8
328 462.1 , Est Remaining: 25.4
329 463.5 , Est Remaining: 24.0
330 465.0 , Est Remaining: 22.5
331 466.4 , Est Remaining: 21.1
332 467.8 , Est Remaining: 19.7
333 469.2 , Est Remaining: 18.3
