Note: NumExpr detected 32 cores but "NUMEXPR_MAX_THREADS" not set, so enforcing safe limit of 8.
Using selector: EpollSelector
/n/home02/jhaefner/miniconda/envs/IC-3.7-2020-06-16/lib/python3.7/site-packages/scipy/optimize/minpack.py:808: OptimizeWarning: Covariance of the parameters could not be estimated
  category=OptimizeWarning)
Total rwfs: 346
0 0.0 , Est Remaining: 999999.9
1 1.4 , Est Remaining: 489.4
2 2.8 , Est Remaining: 482.9
3 4.2 , Est Remaining: 483.9
EVENT FAILED
3 4.5 , Est Remaining: 519.2
4 5.9 , Est Remaining: 503.8
5 7.2 , Est Remaining: 494.4
6 8.6 , Est Remaining: 487.7
7 9.9 , Est Remaining: 480.1
8 11.2 , Est Remaining: 474.4
9 12.5 , Est Remaining: 469.8
10 13.9 , Est Remaining: 465.8
11 15.2 , Est Remaining: 462.4
12 16.5 , Est Remaining: 459.7
13 17.8 , Est Remaining: 456.2
14 19.1 , Est Remaining: 453.6
15 20.4 , Est Remaining: 450.9
16 21.7 , Est Remaining: 448.3
17 23.1 , Est Remaining: 446.3
18 24.4 , Est Remaining: 444.5
19 25.7 , Est Remaining: 442.7
20 27.0 , Est Remaining: 440.8
21 28.4 , Est Remaining: 438.9
22 29.7 , Est Remaining: 437.2
23 31.0 , Est Remaining: 435.7
EVENT FAILED
23 31.3 , Est Remaining: 440.0
24 32.7 , Est Remaining: 438.3
25 34.0 , Est Remaining: 436.4
26 35.3 , Est Remaining: 434.8
27 36.6 , Est Remaining: 432.9
28 38.0 , Est Remaining: 431.1
29 39.3 , Est Remaining: 429.4
30 40.6 , Est Remaining: 427.6
31 41.9 , Est Remaining: 425.9
32 43.2 , Est Remaining: 424.3
33 44.6 , Est Remaining: 422.7
34 45.9 , Est Remaining: 421.1
35 47.2 , Est Remaining: 419.6
36 48.6 , Est Remaining: 418.1
37 49.9 , Est Remaining: 416.7
38 51.2 , Est Remaining: 415.2
39 52.6 , Est Remaining: 413.7
40 53.9 , Est Remaining: 412.5
41 55.3 , Est Remaining: 411.0
42 56.6 , Est Remaining: 409.8
43 58.0 , Est Remaining: 408.7
44 59.4 , Est Remaining: 407.7
45 60.8 , Est Remaining: 406.6
46 62.2 , Est Remaining: 405.5
47 63.6 , Est Remaining: 404.3
48 64.9 , Est Remaining: 403.2
49 66.3 , Est Remaining: 402.0
50 67.7 , Est Remaining: 401.1
51 69.2 , Est Remaining: 400.1
52 70.6 , Est Remaining: 399.1
53 72.0 , Est Remaining: 398.2
54 73.5 , Est Remaining: 397.2
55 74.9 , Est Remaining: 396.3
56 76.4 , Est Remaining: 395.4
57 77.8 , Est Remaining: 394.4
58 79.2 , Est Remaining: 393.4
59 80.7 , Est Remaining: 392.3
60 82.1 , Est Remaining: 391.3
61 83.5 , Est Remaining: 390.2
62 85.0 , Est Remaining: 389.2
63 86.4 , Est Remaining: 388.1
64 87.8 , Est Remaining: 386.8
65 89.2 , Est Remaining: 385.7
66 90.6 , Est Remaining: 384.5
67 92.0 , Est Remaining: 383.2
68 93.4 , Est Remaining: 382.0
69 94.8 , Est Remaining: 380.7
70 96.3 , Est Remaining: 379.5
71 97.7 , Est Remaining: 378.3
72 99.1 , Est Remaining: 377.1
73 100.5 , Est Remaining: 375.9
74 102.0 , Est Remaining: 374.8
75 103.4 , Est Remaining: 373.6
76 104.8 , Est Remaining: 372.4
77 106.3 , Est Remaining: 371.3
78 107.7 , Est Remaining: 370.1
79 109.2 , Est Remaining: 369.0
80 110.6 , Est Remaining: 367.8
81 112.1 , Est Remaining: 366.7
82 113.5 , Est Remaining: 365.5
83 115.0 , Est Remaining: 364.5
84 116.5 , Est Remaining: 363.4
85 118.0 , Est Remaining: 362.3
86 119.5 , Est Remaining: 361.2
87 120.9 , Est Remaining: 360.0
88 122.4 , Est Remaining: 358.8
89 123.8 , Est Remaining: 357.6
90 125.3 , Est Remaining: 356.4
91 126.7 , Est Remaining: 355.2
92 128.2 , Est Remaining: 354.0
93 129.7 , Est Remaining: 352.7
94 131.1 , Est Remaining: 351.4
95 132.5 , Est Remaining: 350.2
96 134.0 , Est Remaining: 348.9
97 135.4 , Est Remaining: 347.6
98 136.9 , Est Remaining: 346.4
99 138.3 , Est Remaining: 345.1
100 139.8 , Est Remaining: 343.8
101 141.2 , Est Remaining: 342.5
102 142.6 , Est Remaining: 341.2
103 144.2 , Est Remaining: 340.1
104 145.6 , Est Remaining: 338.8
105 147.0 , Est Remaining: 337.4
106 148.4 , Est Remaining: 336.1
107 149.9 , Est Remaining: 334.7
108 151.2 , Est Remaining: 333.1
109 152.6 , Est Remaining: 331.7
110 154.0 , Est Remaining: 330.4
111 155.4 , Est Remaining: 329.0
112 156.8 , Est Remaining: 327.7
113 158.2 , Est Remaining: 326.3
114 159.7 , Est Remaining: 324.9
115 161.1 , Est Remaining: 323.6
116 162.5 , Est Remaining: 322.3
117 164.0 , Est Remaining: 320.9
118 165.4 , Est Remaining: 319.6
119 166.8 , Est Remaining: 318.2
120 168.2 , Est Remaining: 316.8
121 169.7 , Est Remaining: 315.5
122 171.1 , Est Remaining: 314.1
123 172.5 , Est Remaining: 312.8
124 173.9 , Est Remaining: 311.4
125 175.4 , Est Remaining: 310.0
126 176.8 , Est Remaining: 308.7
127 178.2 , Est Remaining: 307.3
128 179.6 , Est Remaining: 305.9
129 181.1 , Est Remaining: 304.6
130 182.5 , Est Remaining: 303.3
131 184.0 , Est Remaining: 301.9
EVENT FAILED
131 184.3 , Est Remaining: 302.4
132 185.7 , Est Remaining: 301.1
133 187.1 , Est Remaining: 299.7
134 188.5 , Est Remaining: 298.2
135 189.9 , Est Remaining: 296.8
136 191.4 , Est Remaining: 295.5
137 192.8 , Est Remaining: 294.1
138 194.3 , Est Remaining: 292.8
139 195.7 , Est Remaining: 291.4
140 197.1 , Est Remaining: 290.1
141 198.6 , Est Remaining: 288.7
142 200.0 , Est Remaining: 287.4
143 201.5 , Est Remaining: 286.0
144 202.9 , Est Remaining: 284.6
145 204.3 , Est Remaining: 283.2
146 205.7 , Est Remaining: 281.8
147 207.1 , Est Remaining: 280.4
148 208.5 , Est Remaining: 278.9
149 209.9 , Est Remaining: 277.5
150 211.3 , Est Remaining: 276.1
151 212.7 , Est Remaining: 274.7
152 214.2 , Est Remaining: 273.3
153 215.6 , Est Remaining: 271.9
154 217.0 , Est Remaining: 270.5
155 218.4 , Est Remaining: 269.1
156 220.0 , Est Remaining: 268.0
157 221.5 , Est Remaining: 266.6
158 222.9 , Est Remaining: 265.2
159 224.3 , Est Remaining: 263.8
160 225.8 , Est Remaining: 262.4
161 227.2 , Est Remaining: 261.1
162 228.6 , Est Remaining: 259.7
163 230.0 , Est Remaining: 258.3
164 231.5 , Est Remaining: 256.9
165 232.9 , Est Remaining: 255.5
166 234.3 , Est Remaining: 254.1
167 235.8 , Est Remaining: 252.7
168 237.2 , Est Remaining: 251.3
169 238.6 , Est Remaining: 249.9
170 240.0 , Est Remaining: 248.5
171 241.5 , Est Remaining: 247.1
172 242.9 , Est Remaining: 245.7
173 244.3 , Est Remaining: 244.3
174 245.7 , Est Remaining: 242.9
175 247.1 , Est Remaining: 241.5
176 248.5 , Est Remaining: 240.1
177 249.9 , Est Remaining: 238.6
178 251.3 , Est Remaining: 237.2
179 252.7 , Est Remaining: 235.8
EVENT FAILED
179 253.1 , Est Remaining: 236.1
180 254.5 , Est Remaining: 234.7
181 255.9 , Est Remaining: 233.3
182 257.3 , Est Remaining: 231.9
183 258.7 , Est Remaining: 230.4
184 260.1 , Est Remaining: 229.0
185 261.5 , Est Remaining: 227.6
186 263.0 , Est Remaining: 226.2
187 264.4 , Est Remaining: 224.8
188 265.8 , Est Remaining: 223.4
189 267.2 , Est Remaining: 222.0
190 268.6 , Est Remaining: 220.5
191 270.0 , Est Remaining: 219.1
192 271.4 , Est Remaining: 217.7
193 272.9 , Est Remaining: 216.3
194 274.3 , Est Remaining: 214.9
195 275.7 , Est Remaining: 213.5
196 277.1 , Est Remaining: 212.1
197 278.6 , Est Remaining: 210.7
198 280.0 , Est Remaining: 209.3
199 281.4 , Est Remaining: 207.9
200 282.9 , Est Remaining: 206.5
EVENT FAILED
200 283.2 , Est Remaining: 206.7
201 284.6 , Est Remaining: 205.3
202 286.1 , Est Remaining: 204.0
203 287.5 , Est Remaining: 202.6
204 289.0 , Est Remaining: 201.1
205 290.4 , Est Remaining: 199.7
206 291.8 , Est Remaining: 198.3
207 293.3 , Est Remaining: 196.9
208 294.7 , Est Remaining: 195.5
209 296.1 , Est Remaining: 194.1
210 297.5 , Est Remaining: 192.7
211 298.9 , Est Remaining: 191.3
212 300.3 , Est Remaining: 189.8
213 301.8 , Est Remaining: 188.4
214 303.2 , Est Remaining: 187.0
215 304.6 , Est Remaining: 185.6
216 306.0 , Est Remaining: 184.2
217 307.5 , Est Remaining: 182.8
218 308.9 , Est Remaining: 181.4
219 310.3 , Est Remaining: 180.0
220 311.7 , Est Remaining: 178.5
221 313.2 , Est Remaining: 177.1
222 314.6 , Est Remaining: 175.7
223 316.0 , Est Remaining: 174.3
224 317.4 , Est Remaining: 172.9
225 318.8 , Est Remaining: 171.5
226 320.2 , Est Remaining: 170.0
227 321.6 , Est Remaining: 168.6
228 323.1 , Est Remaining: 167.2
229 324.5 , Est Remaining: 165.8
230 325.9 , Est Remaining: 164.4
231 327.3 , Est Remaining: 163.0
232 328.8 , Est Remaining: 161.5
233 330.2 , Est Remaining: 160.1
234 331.6 , Est Remaining: 158.7
235 333.0 , Est Remaining: 157.3
236 334.4 , Est Remaining: 155.9
237 335.9 , Est Remaining: 154.5
238 337.3 , Est Remaining: 153.0
239 338.7 , Est Remaining: 151.6
240 340.1 , Est Remaining: 150.2
241 341.5 , Est Remaining: 148.8
242 343.0 , Est Remaining: 147.4
243 344.4 , Est Remaining: 146.0
244 345.8 , Est Remaining: 144.5
245 347.2 , Est Remaining: 143.1
246 348.6 , Est Remaining: 141.7
247 350.0 , Est Remaining: 140.3
248 351.4 , Est Remaining: 138.9
249 352.8 , Est Remaining: 137.5
250 354.2 , Est Remaining: 136.0
251 355.7 , Est Remaining: 134.6
252 357.1 , Est Remaining: 133.2
253 358.5 , Est Remaining: 131.8
254 360.0 , Est Remaining: 130.4
255 361.4 , Est Remaining: 129.0
256 362.8 , Est Remaining: 127.6
257 364.2 , Est Remaining: 126.1
258 365.6 , Est Remaining: 124.7
259 367.1 , Est Remaining: 123.3
260 368.5 , Est Remaining: 121.9
261 369.9 , Est Remaining: 120.5
262 371.3 , Est Remaining: 119.0
263 372.7 , Est Remaining: 117.6
264 374.1 , Est Remaining: 116.2
265 375.5 , Est Remaining: 114.8
266 377.0 , Est Remaining: 113.4
267 378.4 , Est Remaining: 112.0
268 379.8 , Est Remaining: 110.5
269 381.3 , Est Remaining: 109.1
270 382.7 , Est Remaining: 107.7
271 384.2 , Est Remaining: 106.3
272 385.6 , Est Remaining: 104.9
273 387.0 , Est Remaining: 103.5
274 388.5 , Est Remaining: 102.1
275 389.9 , Est Remaining: 100.7
276 391.3 , Est Remaining: 99.2
277 392.7 , Est Remaining: 97.8
278 394.2 , Est Remaining: 96.4
279 395.6 , Est Remaining: 95.0
280 397.0 , Est Remaining: 93.6
281 398.5 , Est Remaining: 92.2
282 399.9 , Est Remaining: 90.8
283 401.3 , Est Remaining: 89.3
284 402.8 , Est Remaining: 87.9
285 404.2 , Est Remaining: 86.5
286 405.6 , Est Remaining: 85.1
287 407.0 , Est Remaining: 83.7
288 408.5 , Est Remaining: 82.3
289 409.9 , Est Remaining: 80.8
290 411.4 , Est Remaining: 79.4
291 412.8 , Est Remaining: 78.0
EVENT FAILED
291 413.1 , Est Remaining: 78.1
292 414.5 , Est Remaining: 76.7
293 416.0 , Est Remaining: 75.2
294 417.4 , Est Remaining: 73.8
295 418.9 , Est Remaining: 72.4
296 420.3 , Est Remaining: 71.0
297 421.7 , Est Remaining: 69.6
298 423.2 , Est Remaining: 68.2
299 424.6 , Est Remaining: 66.7
300 426.0 , Est Remaining: 65.3
301 427.5 , Est Remaining: 63.9
302 429.0 , Est Remaining: 62.5
303 430.5 , Est Remaining: 61.1
304 431.9 , Est Remaining: 59.7
305 433.3 , Est Remaining: 58.3
306 434.8 , Est Remaining: 56.8
307 436.2 , Est Remaining: 55.4
308 437.6 , Est Remaining: 54.0
309 439.0 , Est Remaining: 52.6
310 440.4 , Est Remaining: 51.1
311 441.9 , Est Remaining: 49.7
EVENT FAILED
311 442.2 , Est Remaining: 49.8
312 443.6 , Est Remaining: 48.3
313 445.0 , Est Remaining: 46.9
314 446.4 , Est Remaining: 45.5
315 447.9 , Est Remaining: 44.1
316 449.3 , Est Remaining: 42.7
317 450.7 , Est Remaining: 41.2
318 452.2 , Est Remaining: 39.8
319 453.6 , Est Remaining: 38.4
320 455.0 , Est Remaining: 37.0
321 456.4 , Est Remaining: 35.5
322 457.9 , Est Remaining: 34.1
323 459.3 , Est Remaining: 32.7
324 460.7 , Est Remaining: 31.3
325 462.2 , Est Remaining: 29.9
326 463.6 , Est Remaining: 28.4
327 465.0 , Est Remaining: 27.0
328 466.5 , Est Remaining: 25.6
329 467.9 , Est Remaining: 24.2
330 469.3 , Est Remaining: 22.8
331 470.7 , Est Remaining: 21.3
332 472.1 , Est Remaining: 19.9
333 473.5 , Est Remaining: 18.5
334 474.9 , Est Remaining: 17.1
335 476.3 , Est Remaining: 15.6
336 477.7 , Est Remaining: 14.2
337 479.0 , Est Remaining: 12.8
EVENT FAILED
337 479.9 , Est Remaining: 12.8
