Note: NumExpr detected 32 cores but "NUMEXPR_MAX_THREADS" not set, so enforcing safe limit of 8.
Using selector: EpollSelector
/n/home02/jhaefner/miniconda/envs/IC-3.7-2020-06-16/lib/python3.7/site-packages/scipy/optimize/minpack.py:808: OptimizeWarning: Covariance of the parameters could not be estimated
  category=OptimizeWarning)
Total rwfs: 346
0 0.0 , Est Remaining: 999999.9
1 1.5 , Est Remaining: 510.4
2 2.9 , Est Remaining: 503.2
3 4.4 , Est Remaining: 501.5
4 5.8 , Est Remaining: 496.5
5 7.2 , Est Remaining: 492.6
6 8.7 , Est Remaining: 490.3
7 10.1 , Est Remaining: 486.8
8 11.4 , Est Remaining: 483.6
9 12.9 , Est Remaining: 481.5
10 14.3 , Est Remaining: 479.8
11 15.7 , Est Remaining: 477.7
12 17.1 , Est Remaining: 475.6
13 18.5 , Est Remaining: 473.9
14 19.9 , Est Remaining: 471.8
15 21.3 , Est Remaining: 469.7
16 22.7 , Est Remaining: 467.9
17 24.1 , Est Remaining: 465.9
18 25.5 , Est Remaining: 464.6
EVENT FAILED
18 25.8 , Est Remaining: 470.8
19 27.3 , Est Remaining: 469.1
20 28.7 , Est Remaining: 467.3
21 30.1 , Est Remaining: 465.5
22 31.5 , Est Remaining: 463.6
23 32.9 , Est Remaining: 461.9
24 34.3 , Est Remaining: 460.1
25 35.7 , Est Remaining: 458.5
26 37.1 , Est Remaining: 456.6
27 38.5 , Est Remaining: 455.1
28 39.9 , Est Remaining: 453.5
29 41.3 , Est Remaining: 451.9
30 42.8 , Est Remaining: 450.4
31 44.2 , Est Remaining: 448.7
32 45.6 , Est Remaining: 447.1
33 47.0 , Est Remaining: 445.5
34 48.4 , Est Remaining: 444.2
35 49.8 , Est Remaining: 442.7
36 51.3 , Est Remaining: 441.4
37 52.7 , Est Remaining: 439.9
38 54.1 , Est Remaining: 438.4
39 55.5 , Est Remaining: 437.0
40 56.9 , Est Remaining: 435.5
41 58.4 , Est Remaining: 434.1
42 59.8 , Est Remaining: 432.6
43 61.2 , Est Remaining: 431.2
44 62.6 , Est Remaining: 429.8
45 64.0 , Est Remaining: 428.4
46 65.5 , Est Remaining: 427.0
47 66.9 , Est Remaining: 425.7
48 68.4 , Est Remaining: 424.3
49 69.8 , Est Remaining: 423.0
50 71.2 , Est Remaining: 421.6
51 72.6 , Est Remaining: 420.2
52 74.1 , Est Remaining: 418.8
53 75.5 , Est Remaining: 417.5
54 77.0 , Est Remaining: 416.3
55 78.4 , Est Remaining: 414.9
56 79.9 , Est Remaining: 413.5
57 81.3 , Est Remaining: 412.2
58 82.8 , Est Remaining: 410.9
59 84.2 , Est Remaining: 409.6
60 85.6 , Est Remaining: 408.2
61 87.1 , Est Remaining: 406.9
62 88.5 , Est Remaining: 405.5
63 89.9 , Est Remaining: 404.0
64 91.4 , Est Remaining: 402.6
65 92.8 , Est Remaining: 401.2
66 94.3 , Est Remaining: 399.9
67 95.7 , Est Remaining: 398.6
68 97.1 , Est Remaining: 397.2
69 98.6 , Est Remaining: 395.8
70 100.0 , Est Remaining: 394.4
71 101.5 , Est Remaining: 393.1
72 102.9 , Est Remaining: 391.8
73 104.4 , Est Remaining: 390.5
74 105.9 , Est Remaining: 389.2
75 107.3 , Est Remaining: 387.8
76 108.8 , Est Remaining: 386.5
77 110.2 , Est Remaining: 385.1
78 111.7 , Est Remaining: 383.8
79 113.1 , Est Remaining: 382.3
80 114.6 , Est Remaining: 380.9
81 116.0 , Est Remaining: 379.5
EVENT FAILED
81 116.3 , Est Remaining: 380.5
82 117.7 , Est Remaining: 379.1
83 119.2 , Est Remaining: 377.6
84 120.6 , Est Remaining: 376.2
85 122.0 , Est Remaining: 374.8
86 123.5 , Est Remaining: 373.3
87 124.9 , Est Remaining: 371.8
88 126.3 , Est Remaining: 370.3
89 127.7 , Est Remaining: 368.8
90 129.2 , Est Remaining: 367.4
91 130.6 , Est Remaining: 365.9
92 132.0 , Est Remaining: 364.5
93 133.5 , Est Remaining: 363.1
94 134.9 , Est Remaining: 361.6
95 136.3 , Est Remaining: 360.1
96 137.7 , Est Remaining: 358.6
97 139.1 , Est Remaining: 357.2
98 140.6 , Est Remaining: 355.7
99 142.0 , Est Remaining: 354.3
EVENT FAILED
99 142.3 , Est Remaining: 355.0
100 143.7 , Est Remaining: 353.5
101 145.1 , Est Remaining: 352.0
102 146.5 , Est Remaining: 350.5
103 148.0 , Est Remaining: 349.1
104 149.4 , Est Remaining: 347.5
105 150.7 , Est Remaining: 345.9
106 152.1 , Est Remaining: 344.3
107 153.4 , Est Remaining: 342.7
108 154.8 , Est Remaining: 341.1
109 156.1 , Est Remaining: 339.5
EVENT FAILED
109 156.4 , Est Remaining: 340.2
110 157.8 , Est Remaining: 338.5
111 159.2 , Est Remaining: 336.9
112 160.5 , Est Remaining: 335.3
113 161.8 , Est Remaining: 333.7
114 163.2 , Est Remaining: 332.1
115 164.5 , Est Remaining: 330.5
116 165.9 , Est Remaining: 328.9
117 167.2 , Est Remaining: 327.3
118 168.6 , Est Remaining: 325.7
119 169.9 , Est Remaining: 324.1
120 171.3 , Est Remaining: 322.6
121 172.6 , Est Remaining: 321.0
122 174.0 , Est Remaining: 319.4
123 175.3 , Est Remaining: 317.8
124 176.6 , Est Remaining: 316.2
125 178.0 , Est Remaining: 314.7
126 179.3 , Est Remaining: 313.1
127 180.7 , Est Remaining: 311.5
128 182.0 , Est Remaining: 310.0
129 183.3 , Est Remaining: 308.4
130 184.7 , Est Remaining: 306.9
131 186.0 , Est Remaining: 305.3
132 187.4 , Est Remaining: 303.8
133 188.7 , Est Remaining: 302.2
134 190.1 , Est Remaining: 300.7
135 191.4 , Est Remaining: 299.2
136 192.8 , Est Remaining: 297.6
137 194.1 , Est Remaining: 296.2
138 195.5 , Est Remaining: 294.6
139 196.8 , Est Remaining: 293.1
140 198.1 , Est Remaining: 291.5
141 199.4 , Est Remaining: 290.0
142 200.8 , Est Remaining: 288.4
143 202.1 , Est Remaining: 286.9
144 203.4 , Est Remaining: 285.4
145 204.8 , Est Remaining: 283.8
146 206.1 , Est Remaining: 282.3
147 207.4 , Est Remaining: 280.8
148 208.8 , Est Remaining: 279.3
149 210.1 , Est Remaining: 277.8
150 211.5 , Est Remaining: 276.3
151 212.8 , Est Remaining: 274.8
152 214.1 , Est Remaining: 273.3
153 215.5 , Est Remaining: 271.8
154 216.9 , Est Remaining: 270.4
155 218.2 , Est Remaining: 268.9
156 219.6 , Est Remaining: 267.4
EVENT FAILED
156 219.9 , Est Remaining: 267.8
157 221.2 , Est Remaining: 266.3
158 222.6 , Est Remaining: 264.8
159 223.9 , Est Remaining: 263.4
160 225.3 , Est Remaining: 261.9
161 226.7 , Est Remaining: 260.5
162 228.0 , Est Remaining: 259.0
163 229.4 , Est Remaining: 257.5
164 231.0 , Est Remaining: 256.4
165 232.4 , Est Remaining: 254.9
166 233.8 , Est Remaining: 253.5
167 235.2 , Est Remaining: 252.0
168 236.5 , Est Remaining: 250.6
169 237.9 , Est Remaining: 249.2
170 239.3 , Est Remaining: 247.7
171 240.7 , Est Remaining: 246.3
172 242.0 , Est Remaining: 244.9
173 243.4 , Est Remaining: 243.4
174 244.8 , Est Remaining: 242.0
175 246.2 , Est Remaining: 240.6
176 247.6 , Est Remaining: 239.1
177 249.0 , Est Remaining: 237.7
178 250.4 , Est Remaining: 236.3
179 251.8 , Est Remaining: 234.9
180 253.2 , Est Remaining: 233.5
181 254.6 , Est Remaining: 232.1
182 256.0 , Est Remaining: 230.7
183 257.4 , Est Remaining: 229.3
184 258.8 , Est Remaining: 227.9
185 260.2 , Est Remaining: 226.5
186 261.6 , Est Remaining: 225.1
187 263.0 , Est Remaining: 223.6
188 264.5 , Est Remaining: 222.3
189 265.9 , Est Remaining: 220.9
190 267.3 , Est Remaining: 219.5
191 268.7 , Est Remaining: 218.1
192 270.2 , Est Remaining: 216.7
193 271.6 , Est Remaining: 215.3
194 273.0 , Est Remaining: 213.9
195 274.4 , Est Remaining: 212.5
196 275.9 , Est Remaining: 211.1
197 277.3 , Est Remaining: 209.8
198 278.8 , Est Remaining: 208.4
199 280.2 , Est Remaining: 207.0
200 281.6 , Est Remaining: 205.6
201 283.0 , Est Remaining: 204.2
202 284.6 , Est Remaining: 202.9
203 286.0 , Est Remaining: 201.5
204 287.4 , Est Remaining: 200.1
205 288.8 , Est Remaining: 198.7
206 290.3 , Est Remaining: 197.3
207 291.7 , Est Remaining: 195.9
208 293.1 , Est Remaining: 194.5
209 294.5 , Est Remaining: 193.1
210 296.0 , Est Remaining: 191.7
211 297.4 , Est Remaining: 190.3
212 298.8 , Est Remaining: 188.9
213 300.2 , Est Remaining: 187.5
214 301.6 , Est Remaining: 186.1
215 303.1 , Est Remaining: 184.7
216 304.5 , Est Remaining: 183.3
217 306.0 , Est Remaining: 181.9
218 307.4 , Est Remaining: 180.5
219 308.8 , Est Remaining: 179.1
220 310.3 , Est Remaining: 177.7
221 311.7 , Est Remaining: 176.3
222 313.2 , Est Remaining: 174.9
223 314.6 , Est Remaining: 173.5
224 316.1 , Est Remaining: 172.2
225 317.5 , Est Remaining: 170.8
226 319.0 , Est Remaining: 169.4
227 320.4 , Est Remaining: 168.0
228 321.8 , Est Remaining: 166.6
229 323.3 , Est Remaining: 165.2
230 324.7 , Est Remaining: 163.7
231 326.1 , Est Remaining: 162.3
232 327.5 , Est Remaining: 160.9
233 328.9 , Est Remaining: 159.5
234 330.4 , Est Remaining: 158.1
235 331.8 , Est Remaining: 156.7
236 333.2 , Est Remaining: 155.3
237 334.7 , Est Remaining: 153.9
238 336.1 , Est Remaining: 152.5
239 337.6 , Est Remaining: 151.1
240 339.0 , Est Remaining: 149.7
241 340.5 , Est Remaining: 148.3
242 341.9 , Est Remaining: 146.9
243 343.4 , Est Remaining: 145.5
244 344.8 , Est Remaining: 144.1
245 346.3 , Est Remaining: 142.8
246 347.7 , Est Remaining: 141.4
247 349.2 , Est Remaining: 139.9
248 350.6 , Est Remaining: 138.6
249 352.1 , Est Remaining: 137.2
250 353.5 , Est Remaining: 135.7
251 354.9 , Est Remaining: 134.3
252 356.4 , Est Remaining: 132.9
253 357.8 , Est Remaining: 131.5
254 359.2 , Est Remaining: 130.1
255 360.6 , Est Remaining: 128.7
256 362.0 , Est Remaining: 127.3
257 363.4 , Est Remaining: 125.9
258 364.9 , Est Remaining: 124.4
259 366.3 , Est Remaining: 123.0
260 367.7 , Est Remaining: 121.6
261 369.2 , Est Remaining: 120.2
262 370.6 , Est Remaining: 118.8
263 372.0 , Est Remaining: 117.4
264 373.5 , Est Remaining: 116.0
265 374.9 , Est Remaining: 114.6
266 376.3 , Est Remaining: 113.2
EVENT FAILED
266 376.6 , Est Remaining: 113.3
267 378.1 , Est Remaining: 111.9
268 379.5 , Est Remaining: 110.4
269 380.9 , Est Remaining: 109.0
270 382.3 , Est Remaining: 107.6
271 383.7 , Est Remaining: 106.2
272 385.2 , Est Remaining: 104.8
273 386.6 , Est Remaining: 103.4
274 388.0 , Est Remaining: 102.0
275 389.4 , Est Remaining: 100.5
276 390.9 , Est Remaining: 99.1
277 392.3 , Est Remaining: 97.7
278 393.8 , Est Remaining: 96.3
279 395.2 , Est Remaining: 94.9
280 396.7 , Est Remaining: 93.5
281 398.1 , Est Remaining: 92.1
282 399.5 , Est Remaining: 90.7
283 401.0 , Est Remaining: 89.3
284 402.4 , Est Remaining: 87.8
285 403.8 , Est Remaining: 86.4
286 405.2 , Est Remaining: 85.0
287 406.7 , Est Remaining: 83.6
288 408.1 , Est Remaining: 82.2
289 409.5 , Est Remaining: 80.8
290 410.9 , Est Remaining: 79.4
291 412.3 , Est Remaining: 77.9
292 413.8 , Est Remaining: 76.5
293 415.2 , Est Remaining: 75.1
294 416.6 , Est Remaining: 73.7
295 418.0 , Est Remaining: 72.3
296 419.4 , Est Remaining: 70.8
297 420.8 , Est Remaining: 69.4
298 422.2 , Est Remaining: 68.0
299 423.6 , Est Remaining: 66.6
300 425.0 , Est Remaining: 65.2
301 426.5 , Est Remaining: 63.8
302 428.1 , Est Remaining: 62.4
303 429.5 , Est Remaining: 60.9
304 430.9 , Est Remaining: 59.5
305 432.3 , Est Remaining: 58.1
306 433.8 , Est Remaining: 56.7
307 435.2 , Est Remaining: 55.3
308 436.7 , Est Remaining: 53.9
309 438.1 , Est Remaining: 52.5
310 439.7 , Est Remaining: 51.1
311 441.1 , Est Remaining: 49.6
312 442.6 , Est Remaining: 48.2
313 444.0 , Est Remaining: 46.8
314 445.5 , Est Remaining: 45.4
315 446.9 , Est Remaining: 44.0
316 448.4 , Est Remaining: 42.6
317 449.9 , Est Remaining: 41.2
318 451.3 , Est Remaining: 39.7
319 452.8 , Est Remaining: 38.3
320 454.2 , Est Remaining: 36.9
321 455.6 , Est Remaining: 35.5
322 457.1 , Est Remaining: 34.1
323 458.6 , Est Remaining: 32.7
324 460.0 , Est Remaining: 31.2
325 461.4 , Est Remaining: 29.8
326 462.9 , Est Remaining: 28.4
327 464.3 , Est Remaining: 27.0
328 465.7 , Est Remaining: 25.6
329 467.2 , Est Remaining: 24.1
330 468.6 , Est Remaining: 22.7
331 470.0 , Est Remaining: 21.3
332 471.5 , Est Remaining: 19.9
333 472.9 , Est Remaining: 18.5
334 474.3 , Est Remaining: 17.0
335 475.7 , Est Remaining: 15.6
336 477.1 , Est Remaining: 14.2
337 478.5 , Est Remaining: 12.8
338 480.0 , Est Remaining: 11.4
339 481.4 , Est Remaining: 9.9
