Note: NumExpr detected 32 cores but "NUMEXPR_MAX_THREADS" not set, so enforcing safe limit of 8.
Using selector: EpollSelector
/n/home02/jhaefner/miniconda/envs/IC-3.7-2020-06-16/lib/python3.7/site-packages/scipy/optimize/minpack.py:808: OptimizeWarning: Covariance of the parameters could not be estimated
  category=OptimizeWarning)
Total rwfs: 346
0 0.0 , Est Remaining: 999999.9
1 1.5 , Est Remaining: 522.8
2 3.0 , Est Remaining: 514.5
3 4.5 , Est Remaining: 512.5
4 6.0 , Est Remaining: 508.9
5 7.4 , Est Remaining: 506.0
6 8.9 , Est Remaining: 502.9
7 10.3 , Est Remaining: 499.5
8 11.8 , Est Remaining: 496.9
9 13.2 , Est Remaining: 494.4
10 14.7 , Est Remaining: 493.1
11 16.1 , Est Remaining: 491.5
12 17.6 , Est Remaining: 489.7
13 19.0 , Est Remaining: 487.4
14 20.5 , Est Remaining: 485.6
15 21.9 , Est Remaining: 484.0
16 23.4 , Est Remaining: 482.7
17 24.9 , Est Remaining: 481.0
18 26.3 , Est Remaining: 479.9
19 27.8 , Est Remaining: 478.5
20 29.3 , Est Remaining: 477.4
21 30.8 , Est Remaining: 476.0
22 32.2 , Est Remaining: 474.6
23 33.7 , Est Remaining: 472.8
24 35.1 , Est Remaining: 471.4
25 36.6 , Est Remaining: 469.6
26 38.0 , Est Remaining: 468.3
27 39.5 , Est Remaining: 466.7
28 41.0 , Est Remaining: 465.1
29 42.4 , Est Remaining: 463.5
30 43.8 , Est Remaining: 461.9
31 45.3 , Est Remaining: 460.1
32 46.7 , Est Remaining: 458.5
33 48.2 , Est Remaining: 456.9
34 49.6 , Est Remaining: 455.4
35 51.1 , Est Remaining: 454.1
36 52.6 , Est Remaining: 452.6
37 54.0 , Est Remaining: 450.8
38 55.4 , Est Remaining: 449.2
39 56.9 , Est Remaining: 447.7
40 58.3 , Est Remaining: 446.1
41 59.8 , Est Remaining: 444.6
42 61.2 , Est Remaining: 443.2
43 62.7 , Est Remaining: 441.8
EVENT FAILED
43 63.0 , Est Remaining: 443.9
44 64.5 , Est Remaining: 442.4
45 65.9 , Est Remaining: 440.9
46 67.3 , Est Remaining: 439.2
47 68.8 , Est Remaining: 437.7
48 70.3 , Est Remaining: 436.2
49 71.7 , Est Remaining: 434.7
50 73.2 , Est Remaining: 433.2
51 74.7 , Est Remaining: 431.8
52 76.1 , Est Remaining: 430.3
53 77.6 , Est Remaining: 428.8
54 79.0 , Est Remaining: 427.2
55 80.4 , Est Remaining: 425.6
EVENT FAILED
55 80.7 , Est Remaining: 427.2
56 82.2 , Est Remaining: 425.5
57 83.6 , Est Remaining: 423.9
58 85.0 , Est Remaining: 422.3
59 86.5 , Est Remaining: 420.6
60 87.9 , Est Remaining: 418.9
61 89.3 , Est Remaining: 417.3
62 90.7 , Est Remaining: 415.6
63 92.1 , Est Remaining: 413.9
64 93.5 , Est Remaining: 412.1
65 95.0 , Est Remaining: 410.6
66 96.4 , Est Remaining: 408.9
67 97.8 , Est Remaining: 407.1
68 99.2 , Est Remaining: 405.4
69 100.6 , Est Remaining: 403.7
70 101.9 , Est Remaining: 402.0
71 103.3 , Est Remaining: 400.2
72 104.7 , Est Remaining: 398.4
73 106.1 , Est Remaining: 396.7
74 107.4 , Est Remaining: 394.7
75 108.7 , Est Remaining: 392.9
76 110.1 , Est Remaining: 391.2
77 111.5 , Est Remaining: 389.5
78 112.9 , Est Remaining: 387.8
79 114.2 , Est Remaining: 386.0
80 115.6 , Est Remaining: 384.3
81 116.9 , Est Remaining: 382.6
82 118.3 , Est Remaining: 380.8
EVENT FAILED
82 118.6 , Est Remaining: 381.8
83 119.8 , Est Remaining: 379.7
84 121.2 , Est Remaining: 378.0
85 122.5 , Est Remaining: 376.3
86 123.9 , Est Remaining: 374.6
87 125.3 , Est Remaining: 372.9
88 126.6 , Est Remaining: 371.2
89 128.0 , Est Remaining: 369.6
90 129.4 , Est Remaining: 368.0
EVENT FAILED
90 129.7 , Est Remaining: 368.8
91 131.0 , Est Remaining: 367.1
92 132.4 , Est Remaining: 365.4
93 133.7 , Est Remaining: 363.8
94 135.1 , Est Remaining: 362.2
95 136.5 , Est Remaining: 360.6
96 137.9 , Est Remaining: 359.0
97 139.2 , Est Remaining: 357.4
98 140.6 , Est Remaining: 355.8
99 142.0 , Est Remaining: 354.2
100 143.3 , Est Remaining: 352.6
101 144.7 , Est Remaining: 351.0
102 146.0 , Est Remaining: 349.4
103 147.5 , Est Remaining: 347.9
104 148.8 , Est Remaining: 346.3
105 150.2 , Est Remaining: 344.7
106 151.6 , Est Remaining: 343.2
107 152.9 , Est Remaining: 341.6
108 154.3 , Est Remaining: 340.0
109 155.7 , Est Remaining: 338.4
110 157.0 , Est Remaining: 336.9
EVENT FAILED
110 157.3 , Est Remaining: 337.5
111 158.7 , Est Remaining: 335.9
112 160.0 , Est Remaining: 334.3
EVENT FAILED
112 160.3 , Est Remaining: 334.9
113 161.7 , Est Remaining: 333.4
114 163.0 , Est Remaining: 331.8
115 164.4 , Est Remaining: 330.1
116 165.7 , Est Remaining: 328.6
117 167.1 , Est Remaining: 327.0
118 168.4 , Est Remaining: 325.4
119 169.8 , Est Remaining: 323.8
120 171.1 , Est Remaining: 322.3
121 172.5 , Est Remaining: 320.8
122 173.9 , Est Remaining: 319.2
123 175.2 , Est Remaining: 317.6
124 176.5 , Est Remaining: 316.1
125 177.9 , Est Remaining: 314.5
126 179.3 , Est Remaining: 313.0
127 180.6 , Est Remaining: 311.4
128 181.9 , Est Remaining: 309.8
129 183.2 , Est Remaining: 308.2
130 184.6 , Est Remaining: 306.7
131 185.9 , Est Remaining: 305.1
132 187.2 , Est Remaining: 303.5
133 188.6 , Est Remaining: 302.0
134 189.9 , Est Remaining: 300.4
135 191.2 , Est Remaining: 298.9
136 192.6 , Est Remaining: 297.3
137 193.9 , Est Remaining: 295.8
138 195.3 , Est Remaining: 294.3
139 196.6 , Est Remaining: 292.8
140 197.9 , Est Remaining: 291.2
141 199.3 , Est Remaining: 289.7
142 200.6 , Est Remaining: 288.2
143 201.9 , Est Remaining: 286.7
144 203.3 , Est Remaining: 285.2
145 204.6 , Est Remaining: 283.6
146 205.9 , Est Remaining: 282.1
147 207.3 , Est Remaining: 280.6
148 208.6 , Est Remaining: 279.1
149 209.9 , Est Remaining: 277.6
150 211.3 , Est Remaining: 276.1
151 212.6 , Est Remaining: 274.5
152 213.9 , Est Remaining: 273.1
153 215.3 , Est Remaining: 271.6
154 216.6 , Est Remaining: 270.1
155 218.0 , Est Remaining: 268.6
156 219.3 , Est Remaining: 267.1
157 220.6 , Est Remaining: 265.6
EVENT FAILED
157 220.9 , Est Remaining: 266.0
158 222.3 , Est Remaining: 264.5
159 223.6 , Est Remaining: 263.0
160 224.9 , Est Remaining: 261.5
161 226.3 , Est Remaining: 260.0
162 227.6 , Est Remaining: 258.5
163 229.0 , Est Remaining: 257.1
164 230.3 , Est Remaining: 255.6
165 231.6 , Est Remaining: 254.1
166 233.0 , Est Remaining: 252.6
167 234.3 , Est Remaining: 251.1
168 235.6 , Est Remaining: 249.7
169 237.0 , Est Remaining: 248.2
170 238.3 , Est Remaining: 246.7
171 239.6 , Est Remaining: 245.2
172 241.0 , Est Remaining: 243.8
173 242.3 , Est Remaining: 242.3
174 243.6 , Est Remaining: 240.8
175 244.9 , Est Remaining: 239.3
EVENT FAILED
175 245.2 , Est Remaining: 239.6
176 246.6 , Est Remaining: 238.2
177 247.9 , Est Remaining: 236.7
178 249.2 , Est Remaining: 235.2
179 250.6 , Est Remaining: 233.8
180 251.9 , Est Remaining: 232.3
181 253.2 , Est Remaining: 230.8
182 254.6 , Est Remaining: 229.4
183 255.9 , Est Remaining: 227.9
184 257.2 , Est Remaining: 226.5
185 258.5 , Est Remaining: 225.0
186 259.9 , Est Remaining: 223.6
187 261.2 , Est Remaining: 222.1
188 262.5 , Est Remaining: 220.6
189 263.9 , Est Remaining: 219.2
190 265.2 , Est Remaining: 217.7
191 266.5 , Est Remaining: 216.3
192 267.9 , Est Remaining: 214.8
193 269.2 , Est Remaining: 213.4
194 270.5 , Est Remaining: 211.9
195 271.8 , Est Remaining: 210.5
196 273.1 , Est Remaining: 209.0
EVENT FAILED
196 273.4 , Est Remaining: 209.3
197 274.8 , Est Remaining: 207.8
198 276.1 , Est Remaining: 206.4
199 277.4 , Est Remaining: 204.9
200 278.7 , Est Remaining: 203.5
201 280.0 , Est Remaining: 202.0
202 281.3 , Est Remaining: 200.6
203 282.8 , Est Remaining: 199.2
204 284.1 , Est Remaining: 197.7
205 285.4 , Est Remaining: 196.3
206 286.7 , Est Remaining: 194.9
207 288.1 , Est Remaining: 193.4
208 289.4 , Est Remaining: 192.0
209 290.7 , Est Remaining: 190.6
210 292.1 , Est Remaining: 189.2
211 293.4 , Est Remaining: 187.8
212 294.8 , Est Remaining: 186.3
213 296.1 , Est Remaining: 184.9
214 297.5 , Est Remaining: 183.5
215 298.8 , Est Remaining: 182.1
216 300.1 , Est Remaining: 180.6
217 301.5 , Est Remaining: 179.2
218 302.7 , Est Remaining: 177.7
219 304.1 , Est Remaining: 176.3
220 305.4 , Est Remaining: 174.9
221 306.7 , Est Remaining: 173.5
222 308.0 , Est Remaining: 172.0
223 309.3 , Est Remaining: 170.6
224 310.6 , Est Remaining: 169.2
225 311.9 , Est Remaining: 167.8
226 313.3 , Est Remaining: 166.3
227 314.6 , Est Remaining: 164.9
228 315.9 , Est Remaining: 163.5
229 317.2 , Est Remaining: 162.1
230 318.5 , Est Remaining: 160.7
231 319.9 , Est Remaining: 159.2
232 321.2 , Est Remaining: 157.8
233 322.5 , Est Remaining: 156.4
234 323.8 , Est Remaining: 155.0
235 325.1 , Est Remaining: 153.6
236 326.4 , Est Remaining: 152.2
237 327.8 , Est Remaining: 150.7
238 329.1 , Est Remaining: 149.3
239 330.4 , Est Remaining: 147.9
240 331.7 , Est Remaining: 146.5
241 333.1 , Est Remaining: 145.1
242 334.4 , Est Remaining: 143.7
243 335.7 , Est Remaining: 142.3
EVENT FAILED
243 336.0 , Est Remaining: 142.4
244 337.3 , Est Remaining: 141.0
245 338.7 , Est Remaining: 139.6
246 340.0 , Est Remaining: 138.2
247 341.3 , Est Remaining: 136.8
248 342.7 , Est Remaining: 135.4
249 344.0 , Est Remaining: 134.0
250 345.3 , Est Remaining: 132.6
251 346.7 , Est Remaining: 131.2
252 348.0 , Est Remaining: 129.8
253 349.3 , Est Remaining: 128.4
254 350.6 , Est Remaining: 127.0
255 351.9 , Est Remaining: 125.6
256 353.3 , Est Remaining: 124.2
257 354.6 , Est Remaining: 122.8
258 355.9 , Est Remaining: 121.4
259 357.2 , Est Remaining: 120.0
260 358.5 , Est Remaining: 118.6
EVENT FAILED
260 358.8 , Est Remaining: 118.7
261 360.1 , Est Remaining: 117.3
262 361.4 , Est Remaining: 115.9
263 362.8 , Est Remaining: 114.5
264 364.1 , Est Remaining: 113.1
265 365.4 , Est Remaining: 111.7
EVENT FAILED
265 365.7 , Est Remaining: 111.8
266 367.0 , Est Remaining: 110.4
267 368.4 , Est Remaining: 109.0
268 369.7 , Est Remaining: 107.6
269 371.1 , Est Remaining: 106.2
270 372.4 , Est Remaining: 104.8
271 373.7 , Est Remaining: 103.4
272 375.1 , Est Remaining: 102.0
273 376.4 , Est Remaining: 100.6
274 377.7 , Est Remaining: 99.3
275 379.1 , Est Remaining: 97.9
276 380.4 , Est Remaining: 96.5
277 381.7 , Est Remaining: 95.1
278 383.0 , Est Remaining: 93.7
279 384.4 , Est Remaining: 92.3
280 385.7 , Est Remaining: 90.9
281 387.1 , Est Remaining: 89.5
282 388.4 , Est Remaining: 88.1
283 389.7 , Est Remaining: 86.8
284 391.1 , Est Remaining: 85.4
285 392.4 , Est Remaining: 84.0
286 393.7 , Est Remaining: 82.6
287 395.1 , Est Remaining: 81.2
288 396.4 , Est Remaining: 79.8
289 397.7 , Est Remaining: 78.4
290 399.0 , Est Remaining: 77.1
291 400.4 , Est Remaining: 75.7
292 401.7 , Est Remaining: 74.3
293 403.0 , Est Remaining: 72.9
294 404.4 , Est Remaining: 71.5
295 405.7 , Est Remaining: 70.1
296 407.0 , Est Remaining: 68.8
297 408.4 , Est Remaining: 67.4
298 409.7 , Est Remaining: 66.0
299 411.0 , Est Remaining: 64.6
300 412.3 , Est Remaining: 63.2
301 413.7 , Est Remaining: 61.8
302 415.1 , Est Remaining: 60.5
303 416.5 , Est Remaining: 59.1
304 417.8 , Est Remaining: 57.7
305 419.1 , Est Remaining: 56.3
306 420.5 , Est Remaining: 55.0
307 421.8 , Est Remaining: 53.6
308 423.1 , Est Remaining: 52.2
309 424.5 , Est Remaining: 50.8
310 425.8 , Est Remaining: 49.4
311 427.1 , Est Remaining: 48.1
312 428.4 , Est Remaining: 46.7
313 429.8 , Est Remaining: 45.3
314 431.1 , Est Remaining: 43.9
315 432.4 , Est Remaining: 42.6
316 433.7 , Est Remaining: 41.2
317 435.1 , Est Remaining: 39.8
318 436.4 , Est Remaining: 38.4
319 437.7 , Est Remaining: 37.0
320 439.0 , Est Remaining: 35.7
321 440.3 , Est Remaining: 34.3
322 441.6 , Est Remaining: 32.9
323 442.9 , Est Remaining: 31.5
324 444.2 , Est Remaining: 30.2
325 445.5 , Est Remaining: 28.8
326 446.8 , Est Remaining: 27.4
327 448.1 , Est Remaining: 26.0
328 449.4 , Est Remaining: 24.7
329 450.7 , Est Remaining: 23.3
330 452.0 , Est Remaining: 21.9
331 453.3 , Est Remaining: 20.5
332 454.6 , Est Remaining: 19.2
EVENT FAILED
332 454.9 , Est Remaining: 19.2
