Note: NumExpr detected 32 cores but "NUMEXPR_MAX_THREADS" not set, so enforcing safe limit of 8.
Using selector: EpollSelector
/n/home02/jhaefner/miniconda/envs/IC-3.7-2020-06-16/lib/python3.7/site-packages/scipy/optimize/minpack.py:808: OptimizeWarning: Covariance of the parameters could not be estimated
  category=OptimizeWarning)
Total rwfs: 346
0 0.0 , Est Remaining: 999999.9
1 1.4 , Est Remaining: 477.2
2 2.7 , Est Remaining: 472.0
3 4.1 , Est Remaining: 471.5
4 5.5 , Est Remaining: 466.6
5 6.8 , Est Remaining: 463.5
6 8.1 , Est Remaining: 461.7
7 9.5 , Est Remaining: 459.3
8 10.8 , Est Remaining: 457.1
9 12.1 , Est Remaining: 454.7
10 13.5 , Est Remaining: 453.5
11 14.8 , Est Remaining: 451.8
12 16.2 , Est Remaining: 450.5
13 17.5 , Est Remaining: 449.4
14 18.9 , Est Remaining: 447.9
15 20.2 , Est Remaining: 446.2
16 21.6 , Est Remaining: 444.7
17 22.9 , Est Remaining: 443.1
18 24.2 , Est Remaining: 441.7
19 25.6 , Est Remaining: 440.0
20 26.9 , Est Remaining: 438.4
21 28.2 , Est Remaining: 436.9
22 29.6 , Est Remaining: 435.3
23 30.9 , Est Remaining: 433.8
24 32.3 , Est Remaining: 432.8
25 33.6 , Est Remaining: 431.2
26 34.9 , Est Remaining: 429.9
27 36.2 , Est Remaining: 428.2
28 37.6 , Est Remaining: 426.6
29 38.9 , Est Remaining: 425.1
30 40.2 , Est Remaining: 423.5
31 41.5 , Est Remaining: 421.9
32 42.9 , Est Remaining: 420.6
33 44.2 , Est Remaining: 419.2
34 45.5 , Est Remaining: 417.9
35 46.9 , Est Remaining: 416.4
36 48.2 , Est Remaining: 415.1
37 49.5 , Est Remaining: 413.7
38 50.9 , Est Remaining: 412.5
39 52.2 , Est Remaining: 411.2
40 53.6 , Est Remaining: 409.9
EVENT FAILED
40 53.9 , Est Remaining: 412.2
41 55.2 , Est Remaining: 410.8
42 56.6 , Est Remaining: 409.4
43 57.9 , Est Remaining: 408.0
44 59.3 , Est Remaining: 406.7
45 60.6 , Est Remaining: 405.5
46 62.0 , Est Remaining: 404.1
47 63.3 , Est Remaining: 402.7
48 64.6 , Est Remaining: 401.3
49 66.0 , Est Remaining: 399.9
50 67.3 , Est Remaining: 398.5
51 68.6 , Est Remaining: 397.0
52 70.0 , Est Remaining: 395.7
53 71.3 , Est Remaining: 394.4
54 72.7 , Est Remaining: 393.0
55 74.0 , Est Remaining: 391.6
EVENT FAILED
55 74.3 , Est Remaining: 393.2
56 75.7 , Est Remaining: 391.9
57 77.0 , Est Remaining: 390.5
58 78.3 , Est Remaining: 389.0
59 79.7 , Est Remaining: 387.7
60 81.0 , Est Remaining: 386.3
61 82.4 , Est Remaining: 385.0
62 83.7 , Est Remaining: 383.6
63 85.1 , Est Remaining: 382.3
64 86.5 , Est Remaining: 381.0
65 87.8 , Est Remaining: 379.6
66 89.1 , Est Remaining: 378.1
EVENT FAILED
66 89.4 , Est Remaining: 379.4
67 90.7 , Est Remaining: 377.9
68 92.1 , Est Remaining: 376.4
69 93.4 , Est Remaining: 375.0
70 94.7 , Est Remaining: 373.6
71 96.1 , Est Remaining: 372.1
72 97.4 , Est Remaining: 370.7
73 98.7 , Est Remaining: 369.3
74 100.1 , Est Remaining: 367.8
75 101.4 , Est Remaining: 366.5
76 102.7 , Est Remaining: 365.0
77 104.1 , Est Remaining: 363.7
78 105.4 , Est Remaining: 362.3
79 106.8 , Est Remaining: 360.8
80 108.1 , Est Remaining: 359.3
81 109.4 , Est Remaining: 357.9
82 110.7 , Est Remaining: 356.5
83 112.0 , Est Remaining: 355.0
84 113.4 , Est Remaining: 353.6
85 114.7 , Est Remaining: 352.2
86 116.0 , Est Remaining: 350.8
87 117.3 , Est Remaining: 349.3
88 118.7 , Est Remaining: 347.9
89 119.9 , Est Remaining: 346.3
90 121.3 , Est Remaining: 344.9
91 122.6 , Est Remaining: 343.5
92 123.9 , Est Remaining: 342.1
EVENT FAILED
92 124.2 , Est Remaining: 342.9
93 125.5 , Est Remaining: 341.5
94 126.9 , Est Remaining: 340.1
95 128.2 , Est Remaining: 338.8
96 129.6 , Est Remaining: 337.4
97 130.9 , Est Remaining: 336.0
98 132.2 , Est Remaining: 334.6
99 133.5 , Est Remaining: 333.2
100 134.9 , Est Remaining: 331.8
101 136.2 , Est Remaining: 330.5
102 137.6 , Est Remaining: 329.1
103 139.0 , Est Remaining: 327.9
104 140.3 , Est Remaining: 326.5
105 141.6 , Est Remaining: 325.1
106 142.9 , Est Remaining: 323.6
107 144.3 , Est Remaining: 322.2
108 145.6 , Est Remaining: 320.9
109 146.9 , Est Remaining: 319.5
110 148.2 , Est Remaining: 318.0
111 149.5 , Est Remaining: 316.6
112 150.9 , Est Remaining: 315.2
113 152.2 , Est Remaining: 313.8
114 153.5 , Est Remaining: 312.4
115 154.8 , Est Remaining: 311.0
116 156.1 , Est Remaining: 309.6
117 157.4 , Est Remaining: 308.2
118 158.8 , Est Remaining: 306.7
119 160.1 , Est Remaining: 305.3
120 161.4 , Est Remaining: 304.0
121 162.7 , Est Remaining: 302.6
122 164.1 , Est Remaining: 301.3
123 165.4 , Est Remaining: 299.9
124 166.7 , Est Remaining: 298.5
125 168.1 , Est Remaining: 297.2
126 169.4 , Est Remaining: 295.8
EVENT FAILED
126 169.7 , Est Remaining: 296.3
127 171.0 , Est Remaining: 294.9
128 172.3 , Est Remaining: 293.5
129 173.7 , Est Remaining: 292.2
130 175.0 , Est Remaining: 290.8
131 176.3 , Est Remaining: 289.4
132 177.7 , Est Remaining: 288.0
133 179.0 , Est Remaining: 286.7
134 180.3 , Est Remaining: 285.3
135 181.7 , Est Remaining: 283.9
136 183.0 , Est Remaining: 282.6
137 184.3 , Est Remaining: 281.2
138 185.6 , Est Remaining: 279.8
139 187.0 , Est Remaining: 278.4
140 188.3 , Est Remaining: 277.1
141 189.6 , Est Remaining: 275.7
142 190.9 , Est Remaining: 274.3
143 192.3 , Est Remaining: 273.0
144 193.6 , Est Remaining: 271.6
145 195.0 , Est Remaining: 270.3
146 196.3 , Est Remaining: 268.9
147 197.6 , Est Remaining: 267.5
148 198.9 , Est Remaining: 266.1
149 200.3 , Est Remaining: 264.8
150 201.6 , Est Remaining: 263.4
151 202.9 , Est Remaining: 262.0
152 204.2 , Est Remaining: 260.7
153 205.5 , Est Remaining: 259.3
154 206.9 , Est Remaining: 257.9
EVENT FAILED
154 207.2 , Est Remaining: 258.3
155 208.5 , Est Remaining: 256.9
156 209.8 , Est Remaining: 255.6
157 211.1 , Est Remaining: 254.2
158 212.5 , Est Remaining: 252.8
159 213.8 , Est Remaining: 251.5
160 215.2 , Est Remaining: 250.1
161 216.5 , Est Remaining: 248.8
162 217.8 , Est Remaining: 247.4
163 219.2 , Est Remaining: 246.0
164 220.5 , Est Remaining: 244.7
165 221.8 , Est Remaining: 243.3
166 223.1 , Est Remaining: 242.0
167 224.5 , Est Remaining: 240.6
168 225.8 , Est Remaining: 239.2
169 227.1 , Est Remaining: 237.9
170 228.4 , Est Remaining: 236.5
171 229.8 , Est Remaining: 235.1
172 231.1 , Est Remaining: 233.8
173 232.4 , Est Remaining: 232.4
174 233.7 , Est Remaining: 231.0
175 235.0 , Est Remaining: 229.7
176 236.4 , Est Remaining: 228.3
177 237.7 , Est Remaining: 226.9
178 239.0 , Est Remaining: 225.6
EVENT FAILED
178 239.3 , Est Remaining: 225.8
179 240.6 , Est Remaining: 224.5
180 241.9 , Est Remaining: 223.1
181 243.2 , Est Remaining: 221.7
182 244.6 , Est Remaining: 220.4
183 245.9 , Est Remaining: 219.0
184 247.2 , Est Remaining: 217.7
185 248.6 , Est Remaining: 216.3
186 249.9 , Est Remaining: 215.0
187 251.2 , Est Remaining: 213.6
188 252.6 , Est Remaining: 212.3
189 253.9 , Est Remaining: 210.9
190 255.3 , Est Remaining: 209.6
191 256.6 , Est Remaining: 208.2
192 257.9 , Est Remaining: 206.9
193 259.3 , Est Remaining: 205.5
194 260.6 , Est Remaining: 204.2
195 262.0 , Est Remaining: 202.9
196 263.3 , Est Remaining: 201.5
197 264.5 , Est Remaining: 200.1
198 265.8 , Est Remaining: 198.7
199 267.2 , Est Remaining: 197.4
200 268.5 , Est Remaining: 196.0
201 269.8 , Est Remaining: 194.6
202 271.1 , Est Remaining: 193.3
203 272.6 , Est Remaining: 192.0
204 273.9 , Est Remaining: 190.6
205 275.2 , Est Remaining: 189.3
206 276.5 , Est Remaining: 187.9
207 277.8 , Est Remaining: 186.6
208 279.2 , Est Remaining: 185.2
209 280.5 , Est Remaining: 183.8
210 281.8 , Est Remaining: 182.5
211 283.1 , Est Remaining: 181.1
212 284.4 , Est Remaining: 179.8
213 285.8 , Est Remaining: 178.4
214 287.1 , Est Remaining: 177.1
215 288.4 , Est Remaining: 175.7
216 289.7 , Est Remaining: 174.4
217 291.0 , Est Remaining: 173.0
218 292.3 , Est Remaining: 171.7
219 293.7 , Est Remaining: 170.3
220 295.0 , Est Remaining: 169.0
221 296.3 , Est Remaining: 167.6
222 297.7 , Est Remaining: 166.3
223 299.0 , Est Remaining: 164.9
224 300.3 , Est Remaining: 163.6
225 301.6 , Est Remaining: 162.2
226 303.0 , Est Remaining: 160.9
227 304.3 , Est Remaining: 159.5
228 305.6 , Est Remaining: 158.2
229 306.9 , Est Remaining: 156.8
230 308.3 , Est Remaining: 155.5
231 309.6 , Est Remaining: 154.1
232 310.9 , Est Remaining: 152.8
233 312.3 , Est Remaining: 151.5
234 313.7 , Est Remaining: 150.1
235 315.0 , Est Remaining: 148.8
236 316.3 , Est Remaining: 147.4
237 317.7 , Est Remaining: 146.1
238 319.0 , Est Remaining: 144.7
239 320.3 , Est Remaining: 143.4
240 321.6 , Est Remaining: 142.0
241 322.9 , Est Remaining: 140.7
242 324.2 , Est Remaining: 139.3
243 325.6 , Est Remaining: 138.0
244 326.9 , Est Remaining: 136.7
245 328.2 , Est Remaining: 135.3
246 329.5 , Est Remaining: 134.0
247 330.9 , Est Remaining: 132.6
248 332.2 , Est Remaining: 131.3
249 333.5 , Est Remaining: 129.9
250 334.9 , Est Remaining: 128.6
251 336.2 , Est Remaining: 127.3
252 337.6 , Est Remaining: 125.9
253 338.9 , Est Remaining: 124.6
254 340.3 , Est Remaining: 123.2
255 341.6 , Est Remaining: 121.9
256 342.9 , Est Remaining: 120.6
EVENT FAILED
256 343.2 , Est Remaining: 120.7
257 344.5 , Est Remaining: 119.3
EVENT FAILED
257 344.8 , Est Remaining: 119.4
258 346.2 , Est Remaining: 118.1
259 347.5 , Est Remaining: 116.7
260 348.8 , Est Remaining: 115.4
261 350.2 , Est Remaining: 114.0
262 351.5 , Est Remaining: 112.7
263 352.8 , Est Remaining: 111.4
264 354.2 , Est Remaining: 110.0
EVENT FAILED
264 354.5 , Est Remaining: 110.1
265 355.8 , Est Remaining: 108.8
266 357.1 , Est Remaining: 107.4
267 358.5 , Est Remaining: 106.1
268 359.8 , Est Remaining: 104.7
269 361.1 , Est Remaining: 103.4
270 362.5 , Est Remaining: 102.0
271 363.8 , Est Remaining: 100.7
272 365.1 , Est Remaining: 99.3
273 366.5 , Est Remaining: 98.0
274 367.8 , Est Remaining: 96.6
275 369.1 , Est Remaining: 95.3
276 370.5 , Est Remaining: 94.0
277 371.8 , Est Remaining: 92.6
278 373.2 , Est Remaining: 91.3
279 374.5 , Est Remaining: 89.9
280 375.8 , Est Remaining: 88.6
281 377.2 , Est Remaining: 87.3
282 378.5 , Est Remaining: 85.9
283 379.8 , Est Remaining: 84.6
284 381.2 , Est Remaining: 83.2
285 382.5 , Est Remaining: 81.9
286 383.8 , Est Remaining: 80.5
287 385.2 , Est Remaining: 79.2
288 386.5 , Est Remaining: 77.8
289 387.8 , Est Remaining: 76.5
290 389.2 , Est Remaining: 75.1
291 390.5 , Est Remaining: 73.8
292 391.8 , Est Remaining: 72.5
293 393.2 , Est Remaining: 71.1
294 394.5 , Est Remaining: 69.8
295 395.8 , Est Remaining: 68.4
296 397.2 , Est Remaining: 67.1
297 398.5 , Est Remaining: 65.7
298 399.8 , Est Remaining: 64.4
299 401.2 , Est Remaining: 63.1
300 402.5 , Est Remaining: 61.7
301 403.8 , Est Remaining: 60.4
302 405.3 , Est Remaining: 59.0
303 406.6 , Est Remaining: 57.7
304 407.9 , Est Remaining: 56.4
305 409.3 , Est Remaining: 55.0
306 410.6 , Est Remaining: 53.7
307 411.9 , Est Remaining: 52.3
308 413.3 , Est Remaining: 51.0
309 414.6 , Est Remaining: 49.6
310 415.9 , Est Remaining: 48.3
311 417.2 , Est Remaining: 47.0
312 418.6 , Est Remaining: 45.6
313 419.9 , Est Remaining: 44.3
314 421.2 , Est Remaining: 42.9
315 422.6 , Est Remaining: 41.6
316 423.9 , Est Remaining: 40.2
317 425.2 , Est Remaining: 38.9
318 426.5 , Est Remaining: 37.6
319 427.9 , Est Remaining: 36.2
320 429.2 , Est Remaining: 34.9
EVENT FAILED
320 429.5 , Est Remaining: 34.9
EVENT FAILED
320 429.8 , Est Remaining: 34.9
321 431.1 , Est Remaining: 33.6
322 432.4 , Est Remaining: 32.2
323 433.8 , Est Remaining: 30.9
324 435.1 , Est Remaining: 29.5
325 436.4 , Est Remaining: 28.2
326 437.7 , Est Remaining: 26.9
327 439.0 , Est Remaining: 25.5
328 440.4 , Est Remaining: 24.2
329 441.7 , Est Remaining: 22.8
330 443.0 , Est Remaining: 21.5
331 444.3 , Est Remaining: 20.1
332 445.7 , Est Remaining: 18.8
333 447.0 , Est Remaining: 17.4
