Note: NumExpr detected 32 cores but "NUMEXPR_MAX_THREADS" not set, so enforcing safe limit of 8.
Using selector: EpollSelector
/n/home02/jhaefner/miniconda/envs/IC-3.7-2020-06-16/lib/python3.7/site-packages/scipy/optimize/minpack.py:808: OptimizeWarning: Covariance of the parameters could not be estimated
  category=OptimizeWarning)
Total rwfs: 346
0 0.0 , Est Remaining: 999999.9
1 1.4 , Est Remaining: 479.1
2 2.8 , Est Remaining: 479.0
3 4.2 , Est Remaining: 483.0
4 5.6 , Est Remaining: 476.2
5 6.9 , Est Remaining: 470.6
6 8.2 , Est Remaining: 466.5
7 9.6 , Est Remaining: 463.5
8 10.9 , Est Remaining: 461.7
9 12.3 , Est Remaining: 459.0
10 13.6 , Est Remaining: 456.7
11 14.9 , Est Remaining: 454.8
12 16.3 , Est Remaining: 452.7
13 17.6 , Est Remaining: 451.1
14 19.0 , Est Remaining: 449.4
15 20.3 , Est Remaining: 447.9
16 21.6 , Est Remaining: 446.3
17 23.0 , Est Remaining: 444.9
18 24.3 , Est Remaining: 443.3
19 25.7 , Est Remaining: 441.6
20 27.0 , Est Remaining: 439.9
21 28.3 , Est Remaining: 438.6
22 29.7 , Est Remaining: 437.1
23 31.0 , Est Remaining: 435.7
24 32.4 , Est Remaining: 434.2
25 33.7 , Est Remaining: 432.6
26 35.0 , Est Remaining: 431.0
27 36.3 , Est Remaining: 429.4
28 37.7 , Est Remaining: 427.8
29 39.0 , Est Remaining: 426.4
30 40.4 , Est Remaining: 425.1
EVENT FAILED
30 40.7 , Est Remaining: 428.3
31 42.0 , Est Remaining: 426.7
32 43.3 , Est Remaining: 425.1
33 44.7 , Est Remaining: 423.6
34 46.0 , Est Remaining: 422.1
35 47.3 , Est Remaining: 420.6
EVENT FAILED
35 47.6 , Est Remaining: 423.2
36 48.9 , Est Remaining: 421.5
37 50.3 , Est Remaining: 419.9
38 51.6 , Est Remaining: 418.3
39 53.0 , Est Remaining: 417.0
40 54.3 , Est Remaining: 415.5
41 55.6 , Est Remaining: 414.0
42 57.0 , Est Remaining: 412.3
43 58.3 , Est Remaining: 410.8
44 59.6 , Est Remaining: 409.2
45 61.0 , Est Remaining: 407.7
46 62.3 , Est Remaining: 406.1
47 63.6 , Est Remaining: 404.7
48 64.9 , Est Remaining: 403.2
49 66.3 , Est Remaining: 401.7
50 67.6 , Est Remaining: 400.3
51 69.0 , Est Remaining: 398.9
52 70.3 , Est Remaining: 397.5
53 71.6 , Est Remaining: 396.1
54 73.0 , Est Remaining: 394.6
55 74.3 , Est Remaining: 393.2
56 75.7 , Est Remaining: 391.8
57 77.0 , Est Remaining: 390.5
58 78.3 , Est Remaining: 389.0
59 79.7 , Est Remaining: 387.6
60 81.0 , Est Remaining: 386.2
61 82.4 , Est Remaining: 384.9
62 83.7 , Est Remaining: 383.4
63 85.1 , Est Remaining: 382.1
64 86.4 , Est Remaining: 380.7
65 87.7 , Est Remaining: 379.3
66 89.1 , Est Remaining: 378.0
67 90.4 , Est Remaining: 376.6
68 91.8 , Est Remaining: 375.2
69 93.1 , Est Remaining: 373.9
70 94.5 , Est Remaining: 372.5
71 95.8 , Est Remaining: 371.1
72 97.2 , Est Remaining: 369.7
73 98.5 , Est Remaining: 368.3
74 99.8 , Est Remaining: 367.0
75 101.2 , Est Remaining: 365.6
EVENT FAILED
75 101.5 , Est Remaining: 366.7
76 102.8 , Est Remaining: 365.3
77 104.2 , Est Remaining: 363.9
78 105.5 , Est Remaining: 362.5
79 106.8 , Est Remaining: 361.1
80 108.2 , Est Remaining: 359.7
81 109.5 , Est Remaining: 358.3
82 110.9 , Est Remaining: 356.9
83 112.2 , Est Remaining: 355.5
84 113.5 , Est Remaining: 354.1
85 114.9 , Est Remaining: 352.7
86 116.2 , Est Remaining: 351.4
87 117.6 , Est Remaining: 350.0
88 118.9 , Est Remaining: 348.6
89 120.2 , Est Remaining: 347.2
90 121.6 , Est Remaining: 345.8
91 122.9 , Est Remaining: 344.4
92 124.2 , Est Remaining: 343.0
93 125.6 , Est Remaining: 341.7
94 126.9 , Est Remaining: 340.3
95 128.3 , Est Remaining: 338.9
96 129.6 , Est Remaining: 337.5
97 130.9 , Est Remaining: 336.0
98 132.2 , Est Remaining: 334.7
99 133.6 , Est Remaining: 333.3
100 134.9 , Est Remaining: 331.8
101 136.2 , Est Remaining: 330.4
102 137.5 , Est Remaining: 329.0
103 138.9 , Est Remaining: 327.7
104 140.2 , Est Remaining: 326.3
105 141.5 , Est Remaining: 324.9
106 142.9 , Est Remaining: 323.5
107 144.2 , Est Remaining: 322.1
108 145.5 , Est Remaining: 320.7
109 146.8 , Est Remaining: 319.3
110 148.2 , Est Remaining: 317.9
111 149.5 , Est Remaining: 316.5
112 150.8 , Est Remaining: 315.1
113 152.2 , Est Remaining: 313.8
114 153.5 , Est Remaining: 312.4
115 154.9 , Est Remaining: 311.1
116 156.2 , Est Remaining: 309.7
117 157.5 , Est Remaining: 308.3
118 158.9 , Est Remaining: 307.0
119 160.2 , Est Remaining: 305.6
120 161.6 , Est Remaining: 304.3
121 162.9 , Est Remaining: 302.9
122 164.3 , Est Remaining: 301.6
123 165.6 , Est Remaining: 300.2
124 166.9 , Est Remaining: 298.9
125 168.3 , Est Remaining: 297.5
126 169.6 , Est Remaining: 296.2
127 171.0 , Est Remaining: 294.8
128 172.3 , Est Remaining: 293.5
129 173.7 , Est Remaining: 292.1
130 175.0 , Est Remaining: 290.8
131 176.4 , Est Remaining: 289.4
132 177.7 , Est Remaining: 288.1
133 179.0 , Est Remaining: 286.7
134 180.4 , Est Remaining: 285.4
135 181.7 , Est Remaining: 284.0
136 183.1 , Est Remaining: 282.7
137 184.4 , Est Remaining: 281.3
138 185.8 , Est Remaining: 280.0
139 187.1 , Est Remaining: 278.6
140 188.4 , Est Remaining: 277.3
141 189.8 , Est Remaining: 275.9
142 191.1 , Est Remaining: 274.5
143 192.4 , Est Remaining: 273.2
144 193.8 , Est Remaining: 271.8
145 195.1 , Est Remaining: 270.4
146 196.4 , Est Remaining: 269.1
147 197.7 , Est Remaining: 267.7
148 199.1 , Est Remaining: 266.3
149 200.4 , Est Remaining: 265.0
150 201.7 , Est Remaining: 263.6
151 203.1 , Est Remaining: 262.2
152 204.4 , Est Remaining: 260.9
153 205.7 , Est Remaining: 259.5
154 207.0 , Est Remaining: 258.1
155 208.4 , Est Remaining: 256.8
EVENT FAILED
155 208.7 , Est Remaining: 257.1
156 210.0 , Est Remaining: 255.8
157 211.3 , Est Remaining: 254.4
158 212.7 , Est Remaining: 253.1
159 214.0 , Est Remaining: 251.7
160 215.4 , Est Remaining: 250.4
161 216.7 , Est Remaining: 249.0
162 218.0 , Est Remaining: 247.6
163 219.3 , Est Remaining: 246.2
164 220.6 , Est Remaining: 244.8
165 221.9 , Est Remaining: 243.5
166 223.3 , Est Remaining: 242.1
167 224.6 , Est Remaining: 240.7
168 225.9 , Est Remaining: 239.3
169 227.2 , Est Remaining: 238.0
170 228.5 , Est Remaining: 236.6
171 229.8 , Est Remaining: 235.2
172 231.2 , Est Remaining: 233.8
173 232.5 , Est Remaining: 232.5
174 233.8 , Est Remaining: 231.1
175 235.1 , Est Remaining: 229.7
176 236.5 , Est Remaining: 228.4
177 237.8 , Est Remaining: 227.1
178 239.1 , Est Remaining: 225.7
179 240.4 , Est Remaining: 224.3
180 241.8 , Est Remaining: 223.0
181 243.1 , Est Remaining: 221.6
182 244.5 , Est Remaining: 220.3
183 245.8 , Est Remaining: 218.9
184 247.1 , Est Remaining: 217.6
185 248.4 , Est Remaining: 216.2
186 249.8 , Est Remaining: 214.9
187 251.1 , Est Remaining: 213.5
188 252.4 , Est Remaining: 212.2
189 253.8 , Est Remaining: 210.8
190 255.1 , Est Remaining: 209.4
191 256.4 , Est Remaining: 208.1
192 257.7 , Est Remaining: 206.7
193 259.1 , Est Remaining: 205.4
194 260.4 , Est Remaining: 204.0
195 261.7 , Est Remaining: 202.7
196 263.1 , Est Remaining: 201.3
197 264.4 , Est Remaining: 200.0
198 265.7 , Est Remaining: 198.6
199 267.0 , Est Remaining: 197.2
200 268.4 , Est Remaining: 195.9
201 269.7 , Est Remaining: 194.5
202 271.0 , Est Remaining: 193.2
203 272.5 , Est Remaining: 191.9
204 273.7 , Est Remaining: 190.5
205 275.0 , Est Remaining: 189.2
EVENT FAILED
205 275.3 , Est Remaining: 189.4
206 276.6 , Est Remaining: 188.0
207 278.0 , Est Remaining: 186.7
208 279.3 , Est Remaining: 185.3
209 280.6 , Est Remaining: 184.0
210 282.0 , Est Remaining: 182.6
211 283.3 , Est Remaining: 181.3
212 284.7 , Est Remaining: 179.9
213 286.0 , Est Remaining: 178.6
EVENT FAILED
213 286.3 , Est Remaining: 178.8
214 287.6 , Est Remaining: 177.4
215 289.0 , Est Remaining: 176.1
216 290.3 , Est Remaining: 174.7
217 291.7 , Est Remaining: 173.4
218 293.0 , Est Remaining: 172.0
219 294.4 , Est Remaining: 170.7
220 295.7 , Est Remaining: 169.4
221 297.0 , Est Remaining: 168.0
222 298.4 , Est Remaining: 166.7
223 299.7 , Est Remaining: 165.3
224 301.1 , Est Remaining: 164.0
225 302.4 , Est Remaining: 162.6
226 303.7 , Est Remaining: 161.3
227 305.1 , Est Remaining: 159.9
228 306.4 , Est Remaining: 158.6
229 307.8 , Est Remaining: 157.2
230 309.1 , Est Remaining: 155.9
231 310.4 , Est Remaining: 154.6
232 311.8 , Est Remaining: 153.2
233 313.1 , Est Remaining: 151.9
234 314.4 , Est Remaining: 150.5
235 315.8 , Est Remaining: 149.2
236 317.1 , Est Remaining: 147.8
237 318.5 , Est Remaining: 146.5
238 319.8 , Est Remaining: 145.1
239 321.1 , Est Remaining: 143.8
240 322.5 , Est Remaining: 142.4
241 323.8 , Est Remaining: 141.1
242 325.1 , Est Remaining: 139.7
243 326.5 , Est Remaining: 138.4
244 327.8 , Est Remaining: 137.0
245 329.1 , Est Remaining: 135.7
246 330.4 , Est Remaining: 134.3
247 331.8 , Est Remaining: 133.0
248 333.1 , Est Remaining: 131.6
249 334.4 , Est Remaining: 130.3
250 335.8 , Est Remaining: 128.9
251 337.1 , Est Remaining: 127.6
252 338.7 , Est Remaining: 126.3
253 340.0 , Est Remaining: 125.0
254 341.4 , Est Remaining: 123.6
EVENT FAILED
254 341.7 , Est Remaining: 123.7
255 343.0 , Est Remaining: 122.4
256 344.3 , Est Remaining: 121.1
257 345.7 , Est Remaining: 119.7
258 347.0 , Est Remaining: 118.4
259 348.4 , Est Remaining: 117.0
260 349.7 , Est Remaining: 115.7
261 351.0 , Est Remaining: 114.3
262 352.4 , Est Remaining: 113.0
263 353.7 , Est Remaining: 111.6
264 355.1 , Est Remaining: 110.3
265 356.4 , Est Remaining: 108.9
266 357.7 , Est Remaining: 107.6
267 359.1 , Est Remaining: 106.2
268 360.4 , Est Remaining: 104.9
269 361.7 , Est Remaining: 103.5
270 363.1 , Est Remaining: 102.2
271 364.4 , Est Remaining: 100.9
272 365.8 , Est Remaining: 99.5
273 367.1 , Est Remaining: 98.2
274 368.4 , Est Remaining: 96.8
275 369.8 , Est Remaining: 95.5
276 371.1 , Est Remaining: 94.1
277 372.5 , Est Remaining: 92.8
278 373.8 , Est Remaining: 91.4
279 375.2 , Est Remaining: 90.1
280 376.5 , Est Remaining: 88.7
281 377.8 , Est Remaining: 87.4
282 379.1 , Est Remaining: 86.0
283 380.5 , Est Remaining: 84.7
284 381.8 , Est Remaining: 83.3
285 383.1 , Est Remaining: 82.0
286 384.4 , Est Remaining: 80.6
287 385.7 , Est Remaining: 79.3
288 387.0 , Est Remaining: 77.9
289 388.3 , Est Remaining: 76.6
290 389.6 , Est Remaining: 75.2
291 391.0 , Est Remaining: 73.9
292 392.3 , Est Remaining: 72.5
293 393.6 , Est Remaining: 71.2
294 394.9 , Est Remaining: 69.8
295 396.2 , Est Remaining: 68.5
296 397.6 , Est Remaining: 67.2
297 398.9 , Est Remaining: 65.8
298 400.2 , Est Remaining: 64.5
299 401.5 , Est Remaining: 63.1
300 402.8 , Est Remaining: 61.8
301 404.3 , Est Remaining: 60.4
302 405.6 , Est Remaining: 59.1
303 407.0 , Est Remaining: 57.8
304 408.3 , Est Remaining: 56.4
305 409.6 , Est Remaining: 55.1
306 411.0 , Est Remaining: 53.7
307 412.3 , Est Remaining: 52.4
308 413.6 , Est Remaining: 51.0
309 415.0 , Est Remaining: 49.7
310 416.3 , Est Remaining: 48.3
311 417.7 , Est Remaining: 47.0
312 419.0 , Est Remaining: 45.7
313 420.3 , Est Remaining: 44.3
314 421.6 , Est Remaining: 43.0
315 423.0 , Est Remaining: 41.6
316 424.3 , Est Remaining: 40.3
317 425.7 , Est Remaining: 38.9
318 427.0 , Est Remaining: 37.6
319 428.4 , Est Remaining: 36.3
320 429.7 , Est Remaining: 34.9
321 431.0 , Est Remaining: 33.6
322 432.4 , Est Remaining: 32.2
323 433.7 , Est Remaining: 30.9
EVENT FAILED
323 434.0 , Est Remaining: 30.9
324 435.3 , Est Remaining: 29.6
325 436.7 , Est Remaining: 28.2
326 438.0 , Est Remaining: 26.9
327 439.3 , Est Remaining: 25.5
328 440.7 , Est Remaining: 24.2
329 442.0 , Est Remaining: 22.8
330 443.3 , Est Remaining: 21.5
331 444.6 , Est Remaining: 20.1
332 445.9 , Est Remaining: 18.8
333 447.3 , Est Remaining: 17.5
334 448.5 , Est Remaining: 16.1
335 449.8 , Est Remaining: 14.8
336 451.1 , Est Remaining: 13.4
337 452.3 , Est Remaining: 12.1
