Note: NumExpr detected 32 cores but "NUMEXPR_MAX_THREADS" not set, so enforcing safe limit of 8.
Using selector: EpollSelector
/n/home02/jhaefner/miniconda/envs/IC-3.7-2020-06-16/lib/python3.7/site-packages/scipy/optimize/minpack.py:808: OptimizeWarning: Covariance of the parameters could not be estimated
  category=OptimizeWarning)
Total rwfs: 346
0 0.0 , Est Remaining: 999999.9
1 1.5 , Est Remaining: 524.3
2 3.0 , Est Remaining: 518.4
3 4.5 , Est Remaining: 517.3
4 6.0 , Est Remaining: 514.4
5 7.5 , Est Remaining: 512.8
6 9.0 , Est Remaining: 509.8
7 10.5 , Est Remaining: 506.7
8 11.9 , Est Remaining: 504.3
9 13.4 , Est Remaining: 500.9
10 14.9 , Est Remaining: 499.7
11 16.4 , Est Remaining: 497.9
12 17.8 , Est Remaining: 496.2
13 19.3 , Est Remaining: 494.5
14 20.8 , Est Remaining: 492.1
15 22.2 , Est Remaining: 489.8
16 23.6 , Est Remaining: 487.6
EVENT FAILED
16 23.9 , Est Remaining: 493.9
17 25.4 , Est Remaining: 491.6
18 26.9 , Est Remaining: 489.4
19 28.3 , Est Remaining: 487.7
20 29.8 , Est Remaining: 485.8
21 31.3 , Est Remaining: 483.9
22 32.7 , Est Remaining: 481.9
EVENT FAILED
22 33.0 , Est Remaining: 486.3
23 34.5 , Est Remaining: 484.2
24 36.0 , Est Remaining: 482.3
25 37.4 , Est Remaining: 480.6
26 38.9 , Est Remaining: 478.9
27 40.4 , Est Remaining: 477.1
28 41.8 , Est Remaining: 475.0
29 43.3 , Est Remaining: 472.9
30 44.7 , Est Remaining: 471.0
31 46.1 , Est Remaining: 468.9
32 47.6 , Est Remaining: 466.7
33 49.0 , Est Remaining: 464.6
34 50.4 , Est Remaining: 462.7
35 51.9 , Est Remaining: 460.8
36 53.3 , Est Remaining: 458.9
37 54.7 , Est Remaining: 456.8
38 56.1 , Est Remaining: 454.6
39 57.5 , Est Remaining: 452.4
40 58.9 , Est Remaining: 450.3
41 60.1 , Est Remaining: 447.3
42 61.5 , Est Remaining: 445.3
43 62.9 , Est Remaining: 443.3
44 64.3 , Est Remaining: 441.4
45 65.7 , Est Remaining: 439.4
46 67.1 , Est Remaining: 437.5
47 68.5 , Est Remaining: 435.6
48 69.9 , Est Remaining: 433.7
49 71.3 , Est Remaining: 431.9
50 72.7 , Est Remaining: 430.2
51 74.0 , Est Remaining: 428.3
52 75.4 , Est Remaining: 426.6
53 76.8 , Est Remaining: 424.8
54 78.2 , Est Remaining: 423.1
55 79.6 , Est Remaining: 421.3
56 81.0 , Est Remaining: 419.5
57 82.4 , Est Remaining: 417.8
58 83.8 , Est Remaining: 416.2
59 85.2 , Est Remaining: 414.6
60 86.6 , Est Remaining: 412.9
61 88.0 , Est Remaining: 411.2
62 89.4 , Est Remaining: 409.5
63 90.8 , Est Remaining: 407.8
64 92.2 , Est Remaining: 406.1
65 93.6 , Est Remaining: 404.5
66 94.9 , Est Remaining: 402.8
67 96.3 , Est Remaining: 401.1
EVENT FAILED
67 96.6 , Est Remaining: 402.4
68 98.0 , Est Remaining: 400.7
69 99.4 , Est Remaining: 399.1
70 100.8 , Est Remaining: 397.5
71 102.2 , Est Remaining: 395.8
72 103.6 , Est Remaining: 394.2
73 105.0 , Est Remaining: 392.6
74 106.4 , Est Remaining: 391.0
75 107.8 , Est Remaining: 389.4
76 109.2 , Est Remaining: 387.8
77 110.5 , Est Remaining: 386.2
78 112.0 , Est Remaining: 384.7
79 113.4 , Est Remaining: 383.1
80 114.7 , Est Remaining: 381.4
81 116.1 , Est Remaining: 379.9
82 117.5 , Est Remaining: 378.3
83 118.9 , Est Remaining: 376.8
84 120.3 , Est Remaining: 375.2
85 121.7 , Est Remaining: 373.7
86 123.1 , Est Remaining: 372.2
87 124.5 , Est Remaining: 370.6
88 125.9 , Est Remaining: 369.1
89 127.3 , Est Remaining: 367.5
90 128.7 , Est Remaining: 365.9
91 130.1 , Est Remaining: 364.4
92 131.5 , Est Remaining: 363.0
93 132.9 , Est Remaining: 361.5
94 134.3 , Est Remaining: 360.1
95 135.8 , Est Remaining: 358.7
96 137.2 , Est Remaining: 357.3
97 138.6 , Est Remaining: 355.9
98 140.1 , Est Remaining: 354.4
99 141.5 , Est Remaining: 353.0
100 142.9 , Est Remaining: 351.6
101 144.4 , Est Remaining: 350.2
102 145.8 , Est Remaining: 348.9
103 147.3 , Est Remaining: 347.6
104 148.8 , Est Remaining: 346.3
105 150.3 , Est Remaining: 345.0
106 151.8 , Est Remaining: 343.6
107 153.3 , Est Remaining: 342.3
108 154.7 , Est Remaining: 341.0
109 156.2 , Est Remaining: 339.6
110 157.7 , Est Remaining: 338.3
111 159.2 , Est Remaining: 337.0
112 160.6 , Est Remaining: 335.6
113 162.1 , Est Remaining: 334.3
114 163.6 , Est Remaining: 333.0
115 165.1 , Est Remaining: 331.6
116 166.6 , Est Remaining: 330.3
117 168.1 , Est Remaining: 328.9
118 169.5 , Est Remaining: 327.6
119 171.0 , Est Remaining: 326.2
120 172.5 , Est Remaining: 324.8
121 174.0 , Est Remaining: 323.5
122 175.5 , Est Remaining: 322.1
123 176.9 , Est Remaining: 320.8
124 178.4 , Est Remaining: 319.4
125 179.9 , Est Remaining: 318.1
126 181.4 , Est Remaining: 316.7
127 182.9 , Est Remaining: 315.4
128 184.4 , Est Remaining: 314.0
129 185.9 , Est Remaining: 312.7
130 187.4 , Est Remaining: 311.3
131 188.8 , Est Remaining: 309.9
132 190.3 , Est Remaining: 308.6
133 191.8 , Est Remaining: 307.2
134 193.3 , Est Remaining: 305.8
135 194.8 , Est Remaining: 304.5
136 196.3 , Est Remaining: 303.1
137 197.8 , Est Remaining: 301.8
138 199.3 , Est Remaining: 300.4
139 200.8 , Est Remaining: 299.0
140 202.3 , Est Remaining: 297.6
141 203.7 , Est Remaining: 296.2
142 205.3 , Est Remaining: 294.9
143 206.8 , Est Remaining: 293.5
144 208.2 , Est Remaining: 292.1
145 209.7 , Est Remaining: 290.7
146 211.2 , Est Remaining: 289.3
147 212.7 , Est Remaining: 288.0
148 214.2 , Est Remaining: 286.6
149 215.7 , Est Remaining: 285.2
150 217.2 , Est Remaining: 283.8
151 218.7 , Est Remaining: 282.5
152 220.2 , Est Remaining: 281.1
153 221.7 , Est Remaining: 279.7
EVENT FAILED
153 222.1 , Est Remaining: 280.1
154 223.6 , Est Remaining: 278.7
155 225.1 , Est Remaining: 277.3
156 226.6 , Est Remaining: 276.0
157 228.1 , Est Remaining: 274.6
158 229.6 , Est Remaining: 273.2
159 231.1 , Est Remaining: 271.8
160 232.6 , Est Remaining: 270.4
161 234.1 , Est Remaining: 269.0
162 235.6 , Est Remaining: 267.5
163 237.1 , Est Remaining: 266.1
164 238.5 , Est Remaining: 264.7
165 240.0 , Est Remaining: 263.3
166 241.5 , Est Remaining: 261.9
167 243.0 , Est Remaining: 260.5
168 244.5 , Est Remaining: 259.1
169 246.0 , Est Remaining: 257.7
170 247.5 , Est Remaining: 256.3
171 249.1 , Est Remaining: 254.9
172 250.5 , Est Remaining: 253.5
173 252.1 , Est Remaining: 252.1
174 253.6 , Est Remaining: 250.7
175 255.1 , Est Remaining: 249.3
176 256.6 , Est Remaining: 247.9
177 258.1 , Est Remaining: 246.5
178 259.6 , Est Remaining: 245.1
179 261.2 , Est Remaining: 243.7
180 262.7 , Est Remaining: 242.2
181 264.2 , Est Remaining: 240.8
182 265.7 , Est Remaining: 239.4
183 267.2 , Est Remaining: 238.0
184 268.7 , Est Remaining: 236.6
185 270.2 , Est Remaining: 235.2
186 271.7 , Est Remaining: 233.7
EVENT FAILED
186 272.0 , Est Remaining: 234.0
187 273.5 , Est Remaining: 232.6
188 274.9 , Est Remaining: 231.0
189 276.4 , Est Remaining: 229.6
190 277.9 , Est Remaining: 228.1
191 279.4 , Est Remaining: 226.7
192 280.8 , Est Remaining: 225.3
193 282.3 , Est Remaining: 223.8
194 283.8 , Est Remaining: 222.4
EVENT FAILED
194 284.1 , Est Remaining: 222.6
195 285.6 , Est Remaining: 221.2
196 287.1 , Est Remaining: 219.7
197 288.6 , Est Remaining: 218.3
198 290.1 , Est Remaining: 216.9
199 291.6 , Est Remaining: 215.4
200 293.2 , Est Remaining: 214.0
201 294.7 , Est Remaining: 212.6
202 296.2 , Est Remaining: 211.2
203 297.8 , Est Remaining: 209.8
204 299.3 , Est Remaining: 208.4
205 300.9 , Est Remaining: 206.9
206 302.4 , Est Remaining: 205.5
EVENT FAILED
206 302.7 , Est Remaining: 205.7
207 304.2 , Est Remaining: 204.3
208 305.7 , Est Remaining: 202.8
209 307.2 , Est Remaining: 201.3
210 308.6 , Est Remaining: 199.9
211 310.1 , Est Remaining: 198.4
212 311.6 , Est Remaining: 197.0
213 313.1 , Est Remaining: 195.5
214 314.6 , Est Remaining: 194.0
215 316.1 , Est Remaining: 192.6
216 317.6 , Est Remaining: 191.1
217 319.1 , Est Remaining: 189.7
218 320.6 , Est Remaining: 188.2
219 322.1 , Est Remaining: 186.8
220 323.5 , Est Remaining: 185.3
221 325.0 , Est Remaining: 183.8
222 326.5 , Est Remaining: 182.4
223 328.0 , Est Remaining: 180.9
224 329.5 , Est Remaining: 179.5
225 331.0 , Est Remaining: 178.0
226 332.5 , Est Remaining: 176.5
227 334.0 , Est Remaining: 175.1
228 335.4 , Est Remaining: 173.6
EVENT FAILED
228 335.7 , Est Remaining: 173.8
229 337.3 , Est Remaining: 172.3
230 338.8 , Est Remaining: 170.9
EVENT FAILED
230 339.1 , Est Remaining: 171.0
231 340.6 , Est Remaining: 169.5
232 342.0 , Est Remaining: 168.1
233 343.5 , Est Remaining: 166.6
234 345.1 , Est Remaining: 165.2
235 346.6 , Est Remaining: 163.7
236 348.1 , Est Remaining: 162.2
237 349.6 , Est Remaining: 160.8
238 351.1 , Est Remaining: 159.3
239 352.6 , Est Remaining: 157.8
240 354.1 , Est Remaining: 156.4
241 355.6 , Est Remaining: 154.9
242 357.1 , Est Remaining: 153.5
243 358.6 , Est Remaining: 152.0
244 360.1 , Est Remaining: 150.5
245 361.6 , Est Remaining: 149.1
246 363.1 , Est Remaining: 147.6
247 364.6 , Est Remaining: 146.1
248 366.1 , Est Remaining: 144.7
249 367.6 , Est Remaining: 143.2
250 369.1 , Est Remaining: 141.7
251 370.5 , Est Remaining: 140.2
252 372.0 , Est Remaining: 138.8
253 373.5 , Est Remaining: 137.3
254 375.0 , Est Remaining: 135.8
255 376.5 , Est Remaining: 134.4
256 378.0 , Est Remaining: 132.9
257 379.5 , Est Remaining: 131.4
258 381.0 , Est Remaining: 130.0
259 382.5 , Est Remaining: 128.5
260 384.0 , Est Remaining: 127.0
261 385.4 , Est Remaining: 125.5
262 386.9 , Est Remaining: 124.0
263 388.4 , Est Remaining: 122.6
264 389.8 , Est Remaining: 121.1
265 391.3 , Est Remaining: 119.6
266 392.9 , Est Remaining: 118.2
267 394.3 , Est Remaining: 116.7
268 395.9 , Est Remaining: 115.2
EVENT FAILED
268 396.2 , Est Remaining: 115.3
269 397.7 , Est Remaining: 113.8
270 399.2 , Est Remaining: 112.4
271 400.7 , Est Remaining: 110.9
272 402.2 , Est Remaining: 109.4
EVENT FAILED
272 402.5 , Est Remaining: 109.5
273 404.0 , Est Remaining: 108.0
274 405.5 , Est Remaining: 106.6
275 407.0 , Est Remaining: 105.1
276 408.5 , Est Remaining: 103.6
277 410.0 , Est Remaining: 102.1
278 411.5 , Est Remaining: 100.6
279 413.0 , Est Remaining: 99.2
280 414.5 , Est Remaining: 97.7
EVENT FAILED
280 414.8 , Est Remaining: 97.8
281 416.3 , Est Remaining: 96.3
282 417.8 , Est Remaining: 94.8
283 419.3 , Est Remaining: 93.3
284 420.8 , Est Remaining: 91.9
285 422.3 , Est Remaining: 90.4
286 423.8 , Est Remaining: 88.9
287 425.3 , Est Remaining: 87.4
288 426.8 , Est Remaining: 86.0
289 428.3 , Est Remaining: 84.5
290 429.8 , Est Remaining: 83.0
291 431.3 , Est Remaining: 81.5
292 432.8 , Est Remaining: 80.0
293 434.3 , Est Remaining: 78.6
294 435.8 , Est Remaining: 77.1
295 437.4 , Est Remaining: 75.6
296 439.0 , Est Remaining: 74.1
297 440.4 , Est Remaining: 72.7
298 441.9 , Est Remaining: 71.2
299 443.4 , Est Remaining: 69.7
300 444.9 , Est Remaining: 68.2
EVENT FAILED
300 445.2 , Est Remaining: 68.3
301 446.7 , Est Remaining: 66.8
302 448.4 , Est Remaining: 65.3
303 449.8 , Est Remaining: 63.8
304 451.4 , Est Remaining: 62.4
305 452.9 , Est Remaining: 60.9
306 454.4 , Est Remaining: 59.4
307 455.9 , Est Remaining: 57.9
308 457.4 , Est Remaining: 56.4
309 458.9 , Est Remaining: 54.9
310 460.4 , Est Remaining: 53.5
311 461.9 , Est Remaining: 52.0
312 463.4 , Est Remaining: 50.5
313 464.9 , Est Remaining: 49.0
314 466.4 , Est Remaining: 47.5
315 467.9 , Est Remaining: 46.1
316 469.4 , Est Remaining: 44.6
317 470.9 , Est Remaining: 43.1
318 472.5 , Est Remaining: 41.6
319 473.9 , Est Remaining: 40.1
320 475.4 , Est Remaining: 38.6
EVENT FAILED
320 475.7 , Est Remaining: 38.7
321 477.2 , Est Remaining: 37.2
322 478.6 , Est Remaining: 35.7
323 480.1 , Est Remaining: 34.2
324 481.5 , Est Remaining: 32.7
325 483.0 , Est Remaining: 31.2
326 484.4 , Est Remaining: 29.7
327 485.9 , Est Remaining: 28.2
328 487.4 , Est Remaining: 26.7
329 488.8 , Est Remaining: 25.3
330 490.3 , Est Remaining: 23.8
331 491.7 , Est Remaining: 22.3
