Note: NumExpr detected 32 cores but "NUMEXPR_MAX_THREADS" not set, so enforcing safe limit of 8.
Using selector: EpollSelector
/n/home02/jhaefner/miniconda/envs/IC-3.7-2020-06-16/lib/python3.7/site-packages/scipy/optimize/minpack.py:808: OptimizeWarning: Covariance of the parameters could not be estimated
  category=OptimizeWarning)
Total rwfs: 346
0 0.0 , Est Remaining: 999999.9
1 1.5 , Est Remaining: 523.3
2 3.0 , Est Remaining: 514.6
3 4.5 , Est Remaining: 514.7
4 6.0 , Est Remaining: 510.9
5 7.4 , Est Remaining: 507.3
6 8.9 , Est Remaining: 506.0
7 10.4 , Est Remaining: 502.6
8 11.8 , Est Remaining: 500.1
9 13.3 , Est Remaining: 498.4
10 14.8 , Est Remaining: 496.9
11 16.2 , Est Remaining: 494.4
12 17.7 , Est Remaining: 492.2
13 19.1 , Est Remaining: 489.9
14 20.6 , Est Remaining: 488.2
15 22.0 , Est Remaining: 486.1
16 23.5 , Est Remaining: 484.0
17 24.9 , Est Remaining: 481.7
18 26.3 , Est Remaining: 479.7
19 27.8 , Est Remaining: 477.8
20 29.2 , Est Remaining: 475.9
21 30.6 , Est Remaining: 473.8
22 32.0 , Est Remaining: 472.0
23 33.5 , Est Remaining: 470.2
24 34.9 , Est Remaining: 468.5
25 36.3 , Est Remaining: 466.6
26 37.8 , Est Remaining: 464.6
27 39.2 , Est Remaining: 463.0
28 40.6 , Est Remaining: 461.2
29 42.0 , Est Remaining: 459.4
30 43.5 , Est Remaining: 457.8
31 44.9 , Est Remaining: 456.1
32 46.3 , Est Remaining: 454.5
33 47.8 , Est Remaining: 453.2
34 49.2 , Est Remaining: 451.6
35 50.7 , Est Remaining: 450.2
36 52.1 , Est Remaining: 448.6
37 53.5 , Est Remaining: 446.9
38 54.9 , Est Remaining: 444.9
39 56.3 , Est Remaining: 443.2
40 57.7 , Est Remaining: 441.6
41 59.2 , Est Remaining: 440.2
42 60.6 , Est Remaining: 438.6
43 62.0 , Est Remaining: 437.0
44 63.5 , Est Remaining: 435.6
45 64.9 , Est Remaining: 434.1
46 66.4 , Est Remaining: 432.8
47 67.8 , Est Remaining: 431.3
48 69.3 , Est Remaining: 430.0
49 70.7 , Est Remaining: 428.6
50 72.2 , Est Remaining: 427.3
51 73.6 , Est Remaining: 425.9
52 75.1 , Est Remaining: 424.5
53 76.5 , Est Remaining: 423.0
54 78.0 , Est Remaining: 421.6
55 79.4 , Est Remaining: 420.1
56 80.9 , Est Remaining: 418.8
57 82.3 , Est Remaining: 417.4
58 83.8 , Est Remaining: 416.0
59 85.2 , Est Remaining: 414.5
60 86.7 , Est Remaining: 413.1
61 88.1 , Est Remaining: 411.5
62 89.5 , Est Remaining: 410.0
63 91.0 , Est Remaining: 408.7
64 92.4 , Est Remaining: 407.2
65 93.9 , Est Remaining: 405.7
66 95.3 , Est Remaining: 404.3
67 96.7 , Est Remaining: 402.8
EVENT FAILED
67 97.0 , Est Remaining: 404.1
68 98.5 , Est Remaining: 402.7
69 100.0 , Est Remaining: 401.3
70 101.4 , Est Remaining: 399.8
71 102.8 , Est Remaining: 398.3
72 104.3 , Est Remaining: 396.9
73 105.8 , Est Remaining: 395.6
74 107.2 , Est Remaining: 394.2
75 108.7 , Est Remaining: 392.8
76 110.2 , Est Remaining: 391.4
77 111.6 , Est Remaining: 389.9
78 113.1 , Est Remaining: 388.5
79 114.5 , Est Remaining: 387.1
80 116.0 , Est Remaining: 385.6
81 117.4 , Est Remaining: 384.1
82 118.8 , Est Remaining: 382.6
83 120.3 , Est Remaining: 381.1
84 121.7 , Est Remaining: 379.7
85 123.2 , Est Remaining: 378.3
86 124.7 , Est Remaining: 376.9
87 126.1 , Est Remaining: 375.4
88 127.5 , Est Remaining: 373.9
89 129.0 , Est Remaining: 372.4
90 130.5 , Est Remaining: 371.1
91 131.9 , Est Remaining: 369.6
92 133.4 , Est Remaining: 368.2
93 134.8 , Est Remaining: 366.8
94 136.3 , Est Remaining: 365.3
95 137.7 , Est Remaining: 363.9
96 139.2 , Est Remaining: 362.6
EVENT FAILED
96 139.5 , Est Remaining: 363.4
97 141.0 , Est Remaining: 362.0
98 142.5 , Est Remaining: 360.6
EVENT FAILED
98 142.8 , Est Remaining: 361.4
99 144.3 , Est Remaining: 360.0
100 145.7 , Est Remaining: 358.5
101 147.2 , Est Remaining: 357.1
102 148.7 , Est Remaining: 355.6
103 150.2 , Est Remaining: 354.3
104 151.7 , Est Remaining: 352.9
105 153.1 , Est Remaining: 351.4
106 154.6 , Est Remaining: 349.9
107 156.0 , Est Remaining: 348.5
108 157.5 , Est Remaining: 347.0
109 158.9 , Est Remaining: 345.5
110 160.4 , Est Remaining: 344.1
EVENT FAILED
110 160.7 , Est Remaining: 344.8
111 162.2 , Est Remaining: 343.3
112 163.6 , Est Remaining: 341.9
113 165.1 , Est Remaining: 340.4
114 166.5 , Est Remaining: 338.9
115 168.0 , Est Remaining: 337.5
116 169.5 , Est Remaining: 336.0
117 170.9 , Est Remaining: 334.5
118 172.4 , Est Remaining: 333.1
119 173.8 , Est Remaining: 331.6
120 175.3 , Est Remaining: 330.1
121 176.7 , Est Remaining: 328.6
122 178.2 , Est Remaining: 327.2
123 179.6 , Est Remaining: 325.7
124 181.1 , Est Remaining: 324.2
125 182.5 , Est Remaining: 322.7
126 184.0 , Est Remaining: 321.2
127 185.4 , Est Remaining: 319.7
128 186.8 , Est Remaining: 318.2
129 188.3 , Est Remaining: 316.7
130 189.7 , Est Remaining: 315.2
131 191.1 , Est Remaining: 313.7
132 192.6 , Est Remaining: 312.2
133 194.0 , Est Remaining: 310.7
134 195.4 , Est Remaining: 309.2
135 196.9 , Est Remaining: 307.7
136 198.3 , Est Remaining: 306.2
137 199.7 , Est Remaining: 304.7
138 201.1 , Est Remaining: 303.1
139 202.5 , Est Remaining: 301.6
140 203.9 , Est Remaining: 300.1
141 205.4 , Est Remaining: 298.6
EVENT FAILED
141 205.7 , Est Remaining: 299.0
142 207.1 , Est Remaining: 297.5
143 208.5 , Est Remaining: 295.9
144 209.9 , Est Remaining: 294.4
145 211.3 , Est Remaining: 292.9
146 212.6 , Est Remaining: 291.3
147 214.0 , Est Remaining: 289.7
148 215.4 , Est Remaining: 288.2
149 216.8 , Est Remaining: 286.6
150 218.1 , Est Remaining: 285.0
151 219.5 , Est Remaining: 283.4
152 220.8 , Est Remaining: 281.8
153 222.2 , Est Remaining: 280.3
154 223.5 , Est Remaining: 278.7
EVENT FAILED
154 223.8 , Est Remaining: 279.1
155 225.2 , Est Remaining: 277.5
156 226.5 , Est Remaining: 275.9
157 227.9 , Est Remaining: 274.3
158 229.2 , Est Remaining: 272.8
159 230.6 , Est Remaining: 271.2
160 232.0 , Est Remaining: 269.6
161 233.3 , Est Remaining: 268.1
162 234.7 , Est Remaining: 266.5
163 236.0 , Est Remaining: 265.0
164 237.4 , Est Remaining: 263.4
165 238.7 , Est Remaining: 261.8
166 240.0 , Est Remaining: 260.3
167 241.4 , Est Remaining: 258.7
168 242.7 , Est Remaining: 257.2
169 244.1 , Est Remaining: 255.6
170 245.4 , Est Remaining: 254.0
171 246.7 , Est Remaining: 252.5
172 248.0 , Est Remaining: 250.9
173 249.4 , Est Remaining: 249.4
174 250.7 , Est Remaining: 247.8
175 252.1 , Est Remaining: 246.3
176 253.4 , Est Remaining: 244.8
177 254.8 , Est Remaining: 243.2
178 256.1 , Est Remaining: 241.7
179 257.4 , Est Remaining: 240.1
180 258.7 , Est Remaining: 238.6
181 260.1 , Est Remaining: 237.1
182 261.4 , Est Remaining: 235.5
183 262.7 , Est Remaining: 234.0
184 264.0 , Est Remaining: 232.5
185 265.4 , Est Remaining: 230.9
186 266.7 , Est Remaining: 229.4
187 268.0 , Est Remaining: 227.9
188 269.4 , Est Remaining: 226.4
189 270.7 , Est Remaining: 224.9
190 272.0 , Est Remaining: 223.4
191 273.4 , Est Remaining: 221.8
192 274.7 , Est Remaining: 220.3
193 276.0 , Est Remaining: 218.8
194 277.4 , Est Remaining: 217.3
195 278.7 , Est Remaining: 215.8
196 280.1 , Est Remaining: 214.3
197 281.4 , Est Remaining: 212.8
198 282.8 , Est Remaining: 211.4
199 284.2 , Est Remaining: 209.9
200 285.5 , Est Remaining: 208.4
201 286.9 , Est Remaining: 207.0
202 288.2 , Est Remaining: 205.5
203 289.7 , Est Remaining: 204.1
204 291.0 , Est Remaining: 202.6
205 292.4 , Est Remaining: 201.1
206 293.8 , Est Remaining: 199.6
207 295.1 , Est Remaining: 198.2
208 296.5 , Est Remaining: 196.7
209 297.8 , Est Remaining: 195.2
210 299.2 , Est Remaining: 193.8
211 300.5 , Est Remaining: 192.3
212 301.9 , Est Remaining: 190.8
213 303.3 , Est Remaining: 189.4
214 304.6 , Est Remaining: 187.9
215 306.0 , Est Remaining: 186.4
216 307.4 , Est Remaining: 185.0
217 308.8 , Est Remaining: 183.6
218 310.2 , Est Remaining: 182.1
219 311.5 , Est Remaining: 180.7
220 312.9 , Est Remaining: 179.2
221 314.3 , Est Remaining: 177.8
222 315.7 , Est Remaining: 176.4
223 317.2 , Est Remaining: 174.9
224 318.6 , Est Remaining: 173.5
225 320.0 , Est Remaining: 172.1
226 321.4 , Est Remaining: 170.7
227 322.8 , Est Remaining: 169.2
228 324.2 , Est Remaining: 167.8
229 325.7 , Est Remaining: 166.4
EVENT FAILED
229 326.0 , Est Remaining: 166.5
230 327.4 , Est Remaining: 165.1
231 328.8 , Est Remaining: 163.7
232 330.3 , Est Remaining: 162.3
233 331.7 , Est Remaining: 160.9
234 333.2 , Est Remaining: 159.5
235 334.6 , Est Remaining: 158.1
236 336.0 , Est Remaining: 156.6
237 337.5 , Est Remaining: 155.2
238 338.9 , Est Remaining: 153.8
239 340.3 , Est Remaining: 152.4
240 341.7 , Est Remaining: 150.9
241 343.2 , Est Remaining: 149.5
242 344.6 , Est Remaining: 148.1
243 346.1 , Est Remaining: 146.7
244 347.5 , Est Remaining: 145.3
245 349.0 , Est Remaining: 143.9
EVENT FAILED
245 349.3 , Est Remaining: 144.0
246 350.7 , Est Remaining: 142.6
247 352.2 , Est Remaining: 141.2
248 353.7 , Est Remaining: 139.8
249 355.1 , Est Remaining: 138.3
250 356.6 , Est Remaining: 136.9
251 358.0 , Est Remaining: 135.5
252 359.5 , Est Remaining: 134.1
253 360.9 , Est Remaining: 132.7
254 362.4 , Est Remaining: 131.2
255 363.8 , Est Remaining: 129.8
256 365.2 , Est Remaining: 128.4
257 366.6 , Est Remaining: 127.0
258 368.1 , Est Remaining: 125.6
259 369.5 , Est Remaining: 124.1
260 371.0 , Est Remaining: 122.7
261 372.4 , Est Remaining: 121.3
262 373.9 , Est Remaining: 119.9
263 375.3 , Est Remaining: 118.4
264 376.7 , Est Remaining: 117.0
265 378.1 , Est Remaining: 115.6
266 379.6 , Est Remaining: 114.2
267 381.0 , Est Remaining: 112.7
268 382.5 , Est Remaining: 111.3
269 383.9 , Est Remaining: 109.9
270 385.3 , Est Remaining: 108.5
271 386.8 , Est Remaining: 107.0
272 388.2 , Est Remaining: 105.6
273 389.7 , Est Remaining: 104.2
274 391.1 , Est Remaining: 102.8
275 392.5 , Est Remaining: 101.3
276 394.0 , Est Remaining: 99.9
277 395.4 , Est Remaining: 98.5
278 396.9 , Est Remaining: 97.1
279 398.3 , Est Remaining: 95.7
280 399.8 , Est Remaining: 94.2
281 401.2 , Est Remaining: 92.8
282 402.7 , Est Remaining: 91.4
283 404.1 , Est Remaining: 90.0
284 405.6 , Est Remaining: 88.5
285 407.0 , Est Remaining: 87.1
286 408.5 , Est Remaining: 85.7
287 409.9 , Est Remaining: 84.3
288 411.4 , Est Remaining: 82.8
289 412.8 , Est Remaining: 81.4
290 414.3 , Est Remaining: 80.0
291 415.7 , Est Remaining: 78.6
292 417.2 , Est Remaining: 77.2
293 418.7 , Est Remaining: 75.7
EVENT FAILED
293 419.0 , Est Remaining: 75.8
294 420.4 , Est Remaining: 74.4
295 421.9 , Est Remaining: 72.9
296 423.3 , Est Remaining: 71.5
297 424.8 , Est Remaining: 70.1
298 426.2 , Est Remaining: 68.6
299 427.7 , Est Remaining: 67.2
300 429.1 , Est Remaining: 65.8
301 430.6 , Est Remaining: 64.4
302 432.2 , Est Remaining: 63.0
303 433.6 , Est Remaining: 61.5
304 435.1 , Est Remaining: 60.1
305 436.6 , Est Remaining: 58.7
EVENT FAILED
305 436.9 , Est Remaining: 58.7
306 438.3 , Est Remaining: 57.3
307 439.7 , Est Remaining: 55.9
308 441.1 , Est Remaining: 54.4
309 442.6 , Est Remaining: 53.0
310 444.0 , Est Remaining: 51.6
311 445.5 , Est Remaining: 50.1
312 446.9 , Est Remaining: 48.7
313 448.4 , Est Remaining: 47.3
314 449.8 , Est Remaining: 45.8
315 451.3 , Est Remaining: 44.4
316 452.7 , Est Remaining: 43.0
317 454.2 , Est Remaining: 41.5
318 455.6 , Est Remaining: 40.1
319 457.1 , Est Remaining: 38.7
320 458.5 , Est Remaining: 37.3
321 460.0 , Est Remaining: 35.8
322 461.4 , Est Remaining: 34.4
323 462.9 , Est Remaining: 33.0
324 464.3 , Est Remaining: 31.5
325 465.8 , Est Remaining: 30.1
326 467.2 , Est Remaining: 28.7
327 468.6 , Est Remaining: 27.2
328 470.1 , Est Remaining: 25.8
329 471.5 , Est Remaining: 24.4
EVENT FAILED
329 471.8 , Est Remaining: 24.4
330 473.3 , Est Remaining: 22.9
331 474.7 , Est Remaining: 21.5
EVENT FAILED
331 475.0 , Est Remaining: 21.5
332 476.4 , Est Remaining: 20.1
333 477.9 , Est Remaining: 18.7
