Note: NumExpr detected 32 cores but "NUMEXPR_MAX_THREADS" not set, so enforcing safe limit of 8.
Using selector: EpollSelector
/n/home02/jhaefner/miniconda/envs/IC-3.7-2020-06-16/lib/python3.7/site-packages/scipy/optimize/minpack.py:808: OptimizeWarning: Covariance of the parameters could not be estimated
  category=OptimizeWarning)
Total rwfs: 346
0 0.0 , Est Remaining: 999999.9
1 1.4 , Est Remaining: 478.0
2 2.8 , Est Remaining: 477.7
3 4.2 , Est Remaining: 476.7
4 5.5 , Est Remaining: 471.2
5 6.9 , Est Remaining: 468.2
6 8.2 , Est Remaining: 466.8
7 9.6 , Est Remaining: 463.9
8 10.9 , Est Remaining: 461.3
EVENT FAILED
8 11.2 , Est Remaining: 474.0
EVENT FAILED
8 11.5 , Est Remaining: 486.5
9 12.9 , Est Remaining: 481.8
10 14.2 , Est Remaining: 477.9
11 15.5 , Est Remaining: 473.4
12 16.9 , Est Remaining: 469.7
13 18.2 , Est Remaining: 466.5
14 19.5 , Est Remaining: 463.3
15 20.9 , Est Remaining: 460.2
16 22.2 , Est Remaining: 457.4
17 23.5 , Est Remaining: 455.2
18 24.8 , Est Remaining: 452.7
19 26.2 , Est Remaining: 450.6
20 27.5 , Est Remaining: 448.4
21 28.9 , Est Remaining: 446.8
22 30.2 , Est Remaining: 444.8
23 31.5 , Est Remaining: 442.7
24 32.9 , Est Remaining: 440.8
25 34.2 , Est Remaining: 439.0
26 35.5 , Est Remaining: 437.2
27 36.9 , Est Remaining: 435.4
EVENT FAILED
27 37.1 , Est Remaining: 438.9
28 38.5 , Est Remaining: 436.9
29 39.8 , Est Remaining: 435.0
30 41.1 , Est Remaining: 432.9
31 42.4 , Est Remaining: 431.1
32 43.8 , Est Remaining: 429.4
33 45.1 , Est Remaining: 427.6
34 46.4 , Est Remaining: 425.6
35 47.7 , Est Remaining: 423.9
36 49.0 , Est Remaining: 422.3
37 50.4 , Est Remaining: 420.7
38 51.7 , Est Remaining: 419.2
39 53.1 , Est Remaining: 417.6
40 54.4 , Est Remaining: 416.2
41 55.8 , Est Remaining: 414.8
42 57.1 , Est Remaining: 413.3
43 58.4 , Est Remaining: 411.7
44 59.8 , Est Remaining: 410.2
45 61.1 , Est Remaining: 408.7
46 62.4 , Est Remaining: 407.3
47 63.8 , Est Remaining: 405.8
48 65.1 , Est Remaining: 404.3
49 66.5 , Est Remaining: 402.8
50 67.8 , Est Remaining: 401.4
51 69.2 , Est Remaining: 400.0
52 70.5 , Est Remaining: 398.6
53 71.8 , Est Remaining: 397.1
54 73.2 , Est Remaining: 395.6
55 74.5 , Est Remaining: 394.2
56 75.9 , Est Remaining: 392.9
57 77.2 , Est Remaining: 391.6
58 78.6 , Est Remaining: 390.1
59 79.9 , Est Remaining: 388.7
60 81.2 , Est Remaining: 387.3
61 82.6 , Est Remaining: 385.9
62 83.9 , Est Remaining: 384.4
63 85.3 , Est Remaining: 383.0
EVENT FAILED
63 85.6 , Est Remaining: 384.3
64 86.9 , Est Remaining: 383.0
65 88.2 , Est Remaining: 381.4
66 89.6 , Est Remaining: 380.0
67 90.9 , Est Remaining: 378.6
68 92.3 , Est Remaining: 377.2
69 93.6 , Est Remaining: 375.8
70 95.0 , Est Remaining: 374.4
71 96.3 , Est Remaining: 373.1
72 97.7 , Est Remaining: 371.7
73 99.0 , Est Remaining: 370.3
74 100.4 , Est Remaining: 369.0
75 101.7 , Est Remaining: 367.6
76 103.1 , Est Remaining: 366.2
77 104.4 , Est Remaining: 364.8
78 105.8 , Est Remaining: 363.4
79 107.1 , Est Remaining: 362.1
80 108.5 , Est Remaining: 360.7
81 109.8 , Est Remaining: 359.3
82 111.2 , Est Remaining: 357.9
83 112.5 , Est Remaining: 356.5
84 113.9 , Est Remaining: 355.1
85 115.2 , Est Remaining: 353.8
86 116.6 , Est Remaining: 352.4
87 117.9 , Est Remaining: 351.1
88 119.3 , Est Remaining: 349.7
89 120.6 , Est Remaining: 348.3
90 122.0 , Est Remaining: 346.9
91 123.3 , Est Remaining: 345.5
92 124.6 , Est Remaining: 344.1
93 126.0 , Est Remaining: 342.7
94 127.3 , Est Remaining: 341.3
95 128.6 , Est Remaining: 339.9
96 130.0 , Est Remaining: 338.5
97 131.3 , Est Remaining: 337.1
98 132.6 , Est Remaining: 335.7
99 134.0 , Est Remaining: 334.2
100 135.3 , Est Remaining: 332.8
101 136.6 , Est Remaining: 331.4
102 137.9 , Est Remaining: 330.0
103 139.3 , Est Remaining: 328.7
EVENT FAILED
103 139.6 , Est Remaining: 329.4
104 140.9 , Est Remaining: 328.0
105 142.3 , Est Remaining: 326.6
106 143.6 , Est Remaining: 325.2
107 145.0 , Est Remaining: 323.8
108 146.3 , Est Remaining: 322.4
109 147.6 , Est Remaining: 321.0
110 149.0 , Est Remaining: 319.6
111 150.3 , Est Remaining: 318.2
112 151.6 , Est Remaining: 316.8
113 153.0 , Est Remaining: 315.4
114 154.3 , Est Remaining: 314.1
115 155.7 , Est Remaining: 312.7
116 157.0 , Est Remaining: 311.3
117 158.4 , Est Remaining: 310.0
118 159.7 , Est Remaining: 308.6
119 161.1 , Est Remaining: 307.2
120 162.4 , Est Remaining: 305.9
121 163.7 , Est Remaining: 304.5
122 165.1 , Est Remaining: 303.1
EVENT FAILED
122 166.0 , Est Remaining: 304.8
123 167.3 , Est Remaining: 303.4
124 168.7 , Est Remaining: 302.0
125 170.0 , Est Remaining: 300.6
126 171.3 , Est Remaining: 299.2
127 172.7 , Est Remaining: 297.8
128 174.0 , Est Remaining: 296.3
129 175.3 , Est Remaining: 294.9
130 176.6 , Est Remaining: 293.5
131 178.0 , Est Remaining: 292.1
132 179.3 , Est Remaining: 290.7
133 180.6 , Est Remaining: 289.3
134 182.0 , Est Remaining: 287.9
135 183.3 , Est Remaining: 286.5
136 184.7 , Est Remaining: 285.1
EVENT FAILED
136 185.3 , Est Remaining: 286.1
137 186.7 , Est Remaining: 284.7
138 188.0 , Est Remaining: 283.4
139 189.3 , Est Remaining: 282.0
140 190.7 , Est Remaining: 280.6
141 192.0 , Est Remaining: 279.2
142 193.4 , Est Remaining: 277.8
143 194.7 , Est Remaining: 276.4
144 196.1 , Est Remaining: 275.0
145 197.4 , Est Remaining: 273.6
146 198.7 , Est Remaining: 272.2
147 200.0 , Est Remaining: 270.8
148 201.4 , Est Remaining: 269.4
149 202.7 , Est Remaining: 268.0
150 204.1 , Est Remaining: 266.6
151 205.4 , Est Remaining: 265.2
152 206.7 , Est Remaining: 263.8
153 208.1 , Est Remaining: 262.5
154 209.4 , Est Remaining: 261.1
155 210.7 , Est Remaining: 259.7
156 212.1 , Est Remaining: 258.3
EVENT FAILED
156 212.4 , Est Remaining: 258.6
157 213.7 , Est Remaining: 257.2
158 215.0 , Est Remaining: 255.9
159 216.4 , Est Remaining: 254.5
160 217.7 , Est Remaining: 253.1
161 219.1 , Est Remaining: 251.7
162 220.4 , Est Remaining: 250.3
163 221.7 , Est Remaining: 249.0
164 222.9 , Est Remaining: 247.4
165 224.3 , Est Remaining: 246.0
166 225.6 , Est Remaining: 244.7
167 227.0 , Est Remaining: 243.3
168 228.3 , Est Remaining: 241.9
169 229.5 , Est Remaining: 240.4
170 230.9 , Est Remaining: 239.0
171 232.2 , Est Remaining: 237.6
172 233.5 , Est Remaining: 236.3
173 234.9 , Est Remaining: 234.9
174 236.2 , Est Remaining: 233.5
175 237.5 , Est Remaining: 232.1
176 238.9 , Est Remaining: 230.7
177 240.2 , Est Remaining: 229.3
178 241.5 , Est Remaining: 227.9
179 242.8 , Est Remaining: 226.6
180 244.2 , Est Remaining: 225.2
181 245.5 , Est Remaining: 223.8
182 246.8 , Est Remaining: 222.4
183 248.2 , Est Remaining: 221.0
184 249.5 , Est Remaining: 219.7
185 250.9 , Est Remaining: 218.3
186 252.2 , Est Remaining: 216.9
187 253.5 , Est Remaining: 215.6
188 254.9 , Est Remaining: 214.2
189 256.2 , Est Remaining: 212.8
190 257.6 , Est Remaining: 211.5
191 258.9 , Est Remaining: 210.1
192 260.3 , Est Remaining: 208.7
193 261.6 , Est Remaining: 207.4
194 262.9 , Est Remaining: 206.0
195 264.3 , Est Remaining: 204.6
196 265.6 , Est Remaining: 203.3
197 266.9 , Est Remaining: 201.9
198 268.3 , Est Remaining: 200.5
199 269.6 , Est Remaining: 199.2
200 271.0 , Est Remaining: 197.8
201 272.3 , Est Remaining: 196.4
EVENT FAILED
201 272.6 , Est Remaining: 196.6
202 274.0 , Est Remaining: 195.3
203 275.4 , Est Remaining: 194.0
204 276.7 , Est Remaining: 192.6
205 278.1 , Est Remaining: 191.2
206 279.4 , Est Remaining: 189.9
207 280.8 , Est Remaining: 188.5
208 282.1 , Est Remaining: 187.2
209 283.5 , Est Remaining: 185.8
210 284.8 , Est Remaining: 184.5
211 286.2 , Est Remaining: 183.1
212 287.5 , Est Remaining: 181.7
213 288.9 , Est Remaining: 180.4
214 290.2 , Est Remaining: 179.0
215 291.6 , Est Remaining: 177.7
216 292.9 , Est Remaining: 176.3
217 294.3 , Est Remaining: 174.9
218 295.6 , Est Remaining: 173.6
219 297.0 , Est Remaining: 172.2
220 298.3 , Est Remaining: 170.9
221 299.7 , Est Remaining: 169.5
222 301.0 , Est Remaining: 168.2
223 302.4 , Est Remaining: 166.8
224 303.7 , Est Remaining: 165.4
225 305.1 , Est Remaining: 164.1
226 306.4 , Est Remaining: 162.7
227 307.7 , Est Remaining: 161.3
228 309.0 , Est Remaining: 159.9
229 310.4 , Est Remaining: 158.6
230 311.7 , Est Remaining: 157.2
231 313.1 , Est Remaining: 155.9
232 314.4 , Est Remaining: 154.5
233 315.7 , Est Remaining: 153.1
234 317.1 , Est Remaining: 151.8
235 318.4 , Est Remaining: 150.4
236 319.8 , Est Remaining: 149.0
237 321.1 , Est Remaining: 147.7
238 322.4 , Est Remaining: 146.3
239 323.8 , Est Remaining: 144.9
240 325.1 , Est Remaining: 143.6
241 326.4 , Est Remaining: 142.2
242 327.7 , Est Remaining: 140.9
243 329.1 , Est Remaining: 139.5
244 330.4 , Est Remaining: 138.1
EVENT FAILED
244 330.7 , Est Remaining: 138.2
245 332.1 , Est Remaining: 136.9
246 333.4 , Est Remaining: 135.5
247 334.7 , Est Remaining: 134.2
248 336.1 , Est Remaining: 132.8
249 337.4 , Est Remaining: 131.4
EVENT FAILED
249 337.7 , Est Remaining: 131.5
250 339.0 , Est Remaining: 130.2
251 340.4 , Est Remaining: 128.8
252 341.7 , Est Remaining: 127.5
253 343.1 , Est Remaining: 126.1
254 344.4 , Est Remaining: 124.7
255 345.7 , Est Remaining: 123.4
256 347.1 , Est Remaining: 122.0
257 348.4 , Est Remaining: 120.7
258 349.7 , Est Remaining: 119.3
259 351.1 , Est Remaining: 117.9
260 352.4 , Est Remaining: 116.6
261 353.8 , Est Remaining: 115.2
262 355.1 , Est Remaining: 113.9
263 356.5 , Est Remaining: 112.5
264 357.8 , Est Remaining: 111.1
265 359.1 , Est Remaining: 109.8
266 360.5 , Est Remaining: 108.4
267 361.8 , Est Remaining: 107.1
EVENT FAILED
267 362.1 , Est Remaining: 107.1
268 363.4 , Est Remaining: 105.8
269 364.8 , Est Remaining: 104.4
270 366.1 , Est Remaining: 103.0
271 367.4 , Est Remaining: 101.7
272 368.8 , Est Remaining: 100.3
273 370.1 , Est Remaining: 99.0
274 371.5 , Est Remaining: 97.6
275 372.8 , Est Remaining: 96.2
276 374.1 , Est Remaining: 94.9
277 375.5 , Est Remaining: 93.5
278 376.8 , Est Remaining: 92.2
279 378.1 , Est Remaining: 90.8
280 379.5 , Est Remaining: 89.4
281 380.8 , Est Remaining: 88.1
282 382.1 , Est Remaining: 86.7
283 383.5 , Est Remaining: 85.4
284 384.8 , Est Remaining: 84.0
285 386.1 , Est Remaining: 82.6
286 387.5 , Est Remaining: 81.3
287 388.8 , Est Remaining: 79.9
288 390.1 , Est Remaining: 78.6
289 391.5 , Est Remaining: 77.2
290 392.8 , Est Remaining: 75.8
291 394.1 , Est Remaining: 74.5
292 395.5 , Est Remaining: 73.1
EVENT FAILED
292 395.8 , Est Remaining: 73.2
293 397.1 , Est Remaining: 71.8
294 398.4 , Est Remaining: 70.5
295 399.8 , Est Remaining: 69.1
296 401.1 , Est Remaining: 67.8
297 402.5 , Est Remaining: 66.4
298 403.8 , Est Remaining: 65.0
299 405.2 , Est Remaining: 63.7
300 406.5 , Est Remaining: 62.3
301 407.8 , Est Remaining: 61.0
302 409.3 , Est Remaining: 59.6
303 410.6 , Est Remaining: 58.3
304 412.0 , Est Remaining: 56.9
305 413.3 , Est Remaining: 55.6
306 414.6 , Est Remaining: 54.2
307 416.0 , Est Remaining: 52.8
308 417.3 , Est Remaining: 51.5
309 418.6 , Est Remaining: 50.1
310 420.0 , Est Remaining: 48.8
311 421.3 , Est Remaining: 47.4
312 422.6 , Est Remaining: 46.1
313 423.9 , Est Remaining: 44.7
314 425.3 , Est Remaining: 43.3
315 426.6 , Est Remaining: 42.0
316 427.9 , Est Remaining: 40.6
317 429.2 , Est Remaining: 39.3
318 430.6 , Est Remaining: 37.9
EVENT FAILED
318 430.9 , Est Remaining: 37.9
319 432.2 , Est Remaining: 36.6
320 433.5 , Est Remaining: 35.2
321 434.9 , Est Remaining: 33.9
322 436.1 , Est Remaining: 32.5
323 437.5 , Est Remaining: 31.2
324 438.8 , Est Remaining: 29.8
325 440.1 , Est Remaining: 28.4
326 441.4 , Est Remaining: 27.1
327 442.7 , Est Remaining: 25.7
328 444.0 , Est Remaining: 24.4
329 445.3 , Est Remaining: 23.0
330 446.6 , Est Remaining: 21.7
331 447.9 , Est Remaining: 20.3
