Note: NumExpr detected 32 cores but "NUMEXPR_MAX_THREADS" not set, so enforcing safe limit of 8.
Using selector: EpollSelector
/n/home02/jhaefner/miniconda/envs/IC-3.7-2020-06-16/lib/python3.7/site-packages/scipy/optimize/minpack.py:808: OptimizeWarning: Covariance of the parameters could not be estimated
  category=OptimizeWarning)
Total rwfs: 346
0 0.0 , Est Remaining: 999999.9
1 1.4 , Est Remaining: 474.3
2 2.7 , Est Remaining: 466.0
3 4.1 , Est Remaining: 468.8
4 5.5 , Est Remaining: 467.2
5 6.8 , Est Remaining: 465.1
6 8.2 , Est Remaining: 463.1
7 9.5 , Est Remaining: 460.7
8 10.9 , Est Remaining: 459.9
9 12.2 , Est Remaining: 458.2
10 13.6 , Est Remaining: 456.5
11 14.9 , Est Remaining: 454.1
12 16.3 , Est Remaining: 452.5
13 17.6 , Est Remaining: 451.0
14 19.0 , Est Remaining: 449.4
15 20.3 , Est Remaining: 447.8
16 21.6 , Est Remaining: 446.4
17 23.0 , Est Remaining: 445.2
18 24.4 , Est Remaining: 443.9
19 25.7 , Est Remaining: 442.7
20 27.1 , Est Remaining: 441.2
21 28.4 , Est Remaining: 439.7
22 29.8 , Est Remaining: 438.3
EVENT FAILED
22 30.1 , Est Remaining: 442.6
23 31.4 , Est Remaining: 441.0
24 32.8 , Est Remaining: 439.7
25 34.1 , Est Remaining: 438.0
26 35.5 , Est Remaining: 436.3
27 36.8 , Est Remaining: 434.6
28 38.1 , Est Remaining: 433.0
29 39.5 , Est Remaining: 431.6
30 40.8 , Est Remaining: 430.1
31 42.2 , Est Remaining: 428.6
EVENT FAILED
31 42.5 , Est Remaining: 431.8
32 43.8 , Est Remaining: 430.2
33 45.2 , Est Remaining: 428.4
34 46.5 , Est Remaining: 426.9
35 47.9 , Est Remaining: 425.3
36 49.2 , Est Remaining: 423.6
37 50.5 , Est Remaining: 422.0
38 51.9 , Est Remaining: 420.4
39 53.2 , Est Remaining: 418.8
40 54.6 , Est Remaining: 417.3
41 55.9 , Est Remaining: 415.7
42 57.2 , Est Remaining: 414.2
EVENT FAILED
42 57.5 , Est Remaining: 416.3
43 58.9 , Est Remaining: 414.7
44 60.2 , Est Remaining: 413.1
45 61.5 , Est Remaining: 411.4
46 62.9 , Est Remaining: 409.9
47 64.2 , Est Remaining: 408.3
48 65.5 , Est Remaining: 406.7
49 66.8 , Est Remaining: 405.1
50 68.2 , Est Remaining: 403.5
51 69.5 , Est Remaining: 402.0
52 70.8 , Est Remaining: 400.5
53 72.2 , Est Remaining: 398.9
54 73.5 , Est Remaining: 397.4
55 74.8 , Est Remaining: 395.8
56 76.2 , Est Remaining: 394.4
57 77.5 , Est Remaining: 393.0
58 78.8 , Est Remaining: 391.5
59 80.2 , Est Remaining: 389.9
60 81.5 , Est Remaining: 388.4
61 82.8 , Est Remaining: 387.0
62 84.1 , Est Remaining: 385.4
63 85.5 , Est Remaining: 384.0
64 86.8 , Est Remaining: 382.6
65 88.2 , Est Remaining: 381.2
66 89.5 , Est Remaining: 379.7
67 90.8 , Est Remaining: 378.3
68 92.2 , Est Remaining: 376.8
69 93.5 , Est Remaining: 375.4
70 94.9 , Est Remaining: 374.0
71 96.2 , Est Remaining: 372.6
72 97.5 , Est Remaining: 371.2
EVENT FAILED
72 97.8 , Est Remaining: 372.3
73 99.2 , Est Remaining: 371.0
74 100.6 , Est Remaining: 369.6
75 101.9 , Est Remaining: 368.2
76 103.2 , Est Remaining: 366.7
77 104.6 , Est Remaining: 365.3
78 105.9 , Est Remaining: 363.9
79 107.2 , Est Remaining: 362.5
80 108.6 , Est Remaining: 361.0
81 109.9 , Est Remaining: 359.6
82 111.3 , Est Remaining: 358.2
83 112.6 , Est Remaining: 356.8
84 114.0 , Est Remaining: 355.5
85 115.3 , Est Remaining: 354.1
86 116.6 , Est Remaining: 352.7
EVENT FAILED
86 116.9 , Est Remaining: 353.5
87 118.3 , Est Remaining: 352.1
88 119.6 , Est Remaining: 350.7
89 121.0 , Est Remaining: 349.3
90 122.3 , Est Remaining: 347.9
91 123.7 , Est Remaining: 346.5
92 125.0 , Est Remaining: 345.0
93 126.3 , Est Remaining: 343.6
94 127.6 , Est Remaining: 342.2
95 129.0 , Est Remaining: 340.8
96 130.4 , Est Remaining: 339.5
97 131.7 , Est Remaining: 338.1
98 133.0 , Est Remaining: 336.7
99 134.4 , Est Remaining: 335.3
100 135.7 , Est Remaining: 333.9
101 137.0 , Est Remaining: 332.4
102 138.4 , Est Remaining: 331.0
103 139.8 , Est Remaining: 329.8
104 141.1 , Est Remaining: 328.4
105 142.4 , Est Remaining: 326.9
106 143.8 , Est Remaining: 325.5
107 145.1 , Est Remaining: 324.1
108 146.4 , Est Remaining: 322.7
109 147.7 , Est Remaining: 321.2
110 149.1 , Est Remaining: 319.8
111 150.4 , Est Remaining: 318.4
112 151.7 , Est Remaining: 317.0
EVENT FAILED
112 152.0 , Est Remaining: 317.6
113 153.4 , Est Remaining: 316.2
114 154.7 , Est Remaining: 314.8
115 156.0 , Est Remaining: 313.4
116 157.3 , Est Remaining: 311.9
117 158.6 , Est Remaining: 310.5
118 160.0 , Est Remaining: 309.1
119 161.3 , Est Remaining: 307.6
120 162.6 , Est Remaining: 306.2
121 163.9 , Est Remaining: 304.8
122 165.3 , Est Remaining: 303.5
123 166.6 , Est Remaining: 302.1
124 168.0 , Est Remaining: 300.7
125 169.3 , Est Remaining: 299.3
126 170.6 , Est Remaining: 297.9
127 172.0 , Est Remaining: 296.5
128 173.3 , Est Remaining: 295.1
129 174.6 , Est Remaining: 293.7
130 176.0 , Est Remaining: 292.4
131 177.3 , Est Remaining: 291.0
132 178.6 , Est Remaining: 289.6
133 179.9 , Est Remaining: 288.2
134 181.3 , Est Remaining: 286.8
135 182.6 , Est Remaining: 285.4
136 183.9 , Est Remaining: 284.0
137 185.3 , Est Remaining: 282.6
EVENT FAILED
137 185.6 , Est Remaining: 283.1
138 186.9 , Est Remaining: 281.7
139 188.2 , Est Remaining: 280.3
140 189.6 , Est Remaining: 278.9
141 190.9 , Est Remaining: 277.6
142 192.3 , Est Remaining: 276.2
143 193.6 , Est Remaining: 274.9
144 195.0 , Est Remaining: 273.5
145 196.3 , Est Remaining: 272.2
146 197.7 , Est Remaining: 270.8
147 199.0 , Est Remaining: 269.4
148 200.4 , Est Remaining: 268.1
149 201.7 , Est Remaining: 266.7
150 203.1 , Est Remaining: 265.3
151 204.4 , Est Remaining: 264.0
152 205.8 , Est Remaining: 262.6
153 207.1 , Est Remaining: 261.2
154 208.4 , Est Remaining: 259.9
155 209.8 , Est Remaining: 258.5
156 211.1 , Est Remaining: 257.1
157 212.5 , Est Remaining: 255.8
158 213.8 , Est Remaining: 254.4
159 215.1 , Est Remaining: 253.0
160 216.5 , Est Remaining: 251.6
161 217.8 , Est Remaining: 250.3
EVENT FAILED
161 218.1 , Est Remaining: 250.6
162 219.4 , Est Remaining: 249.2
163 220.8 , Est Remaining: 247.8
164 222.1 , Est Remaining: 246.5
165 223.4 , Est Remaining: 245.1
166 224.8 , Est Remaining: 243.7
167 226.1 , Est Remaining: 242.4
168 227.5 , Est Remaining: 241.0
169 228.8 , Est Remaining: 239.6
170 230.1 , Est Remaining: 238.2
171 231.5 , Est Remaining: 236.9
172 232.8 , Est Remaining: 235.5
173 234.2 , Est Remaining: 234.2
174 235.5 , Est Remaining: 232.8
175 236.8 , Est Remaining: 231.4
176 238.2 , Est Remaining: 230.0
177 239.5 , Est Remaining: 228.7
178 240.8 , Est Remaining: 227.3
179 242.1 , Est Remaining: 225.9
180 243.5 , Est Remaining: 224.5
181 244.8 , Est Remaining: 223.1
182 246.1 , Est Remaining: 221.8
183 247.4 , Est Remaining: 220.4
184 248.8 , Est Remaining: 219.0
185 250.1 , Est Remaining: 217.6
186 251.4 , Est Remaining: 216.3
187 252.7 , Est Remaining: 214.9
188 254.1 , Est Remaining: 213.5
189 255.4 , Est Remaining: 212.2
190 256.7 , Est Remaining: 210.8
191 258.1 , Est Remaining: 209.4
192 259.4 , Est Remaining: 208.1
193 260.7 , Est Remaining: 206.7
194 262.1 , Est Remaining: 205.3
195 263.4 , Est Remaining: 204.0
196 264.7 , Est Remaining: 202.6
197 266.1 , Est Remaining: 201.2
198 267.4 , Est Remaining: 199.9
199 268.7 , Est Remaining: 198.5
200 270.1 , Est Remaining: 197.1
201 271.4 , Est Remaining: 195.8
202 272.7 , Est Remaining: 194.4
203 274.2 , Est Remaining: 193.1
204 275.5 , Est Remaining: 191.8
205 276.9 , Est Remaining: 190.4
EVENT FAILED
205 277.2 , Est Remaining: 190.6
206 278.5 , Est Remaining: 189.3
207 279.8 , Est Remaining: 187.9
208 281.2 , Est Remaining: 186.6
209 282.5 , Est Remaining: 185.2
210 283.9 , Est Remaining: 183.8
211 285.2 , Est Remaining: 182.5
212 286.4 , Est Remaining: 181.0
213 287.8 , Est Remaining: 179.7
214 289.1 , Est Remaining: 178.3
215 290.4 , Est Remaining: 177.0
216 291.8 , Est Remaining: 175.6
217 293.1 , Est Remaining: 174.3
218 294.5 , Est Remaining: 172.9
219 295.8 , Est Remaining: 171.5
EVENT FAILED
219 296.1 , Est Remaining: 171.7
220 297.4 , Est Remaining: 170.4
221 298.8 , Est Remaining: 169.0
222 300.1 , Est Remaining: 167.6
223 301.5 , Est Remaining: 166.3
224 302.8 , Est Remaining: 164.9
225 304.1 , Est Remaining: 163.6
226 305.5 , Est Remaining: 162.2
227 306.8 , Est Remaining: 160.8
228 308.1 , Est Remaining: 159.5
229 309.5 , Est Remaining: 158.1
230 310.8 , Est Remaining: 156.8
231 312.1 , Est Remaining: 155.4
232 313.5 , Est Remaining: 154.0
233 314.8 , Est Remaining: 152.7
234 316.2 , Est Remaining: 151.3
235 317.5 , Est Remaining: 150.0
236 318.9 , Est Remaining: 148.6
237 320.2 , Est Remaining: 147.3
238 321.5 , Est Remaining: 145.9
239 322.9 , Est Remaining: 144.5
240 324.2 , Est Remaining: 143.2
241 325.5 , Est Remaining: 141.8
242 326.8 , Est Remaining: 140.5
243 328.2 , Est Remaining: 139.1
244 329.5 , Est Remaining: 137.7
245 330.9 , Est Remaining: 136.4
246 332.2 , Est Remaining: 135.0
247 333.5 , Est Remaining: 133.7
248 334.9 , Est Remaining: 132.3
249 336.2 , Est Remaining: 131.0
250 337.5 , Est Remaining: 129.6
251 338.9 , Est Remaining: 128.3
252 340.2 , Est Remaining: 126.9
253 341.6 , Est Remaining: 125.6
254 342.9 , Est Remaining: 124.2
255 344.2 , Est Remaining: 122.8
256 345.6 , Est Remaining: 121.5
257 346.9 , Est Remaining: 120.1
258 348.3 , Est Remaining: 118.8
259 349.6 , Est Remaining: 117.4
260 350.9 , Est Remaining: 116.1
261 352.3 , Est Remaining: 114.7
262 353.7 , Est Remaining: 113.4
263 355.0 , Est Remaining: 112.0
264 356.4 , Est Remaining: 110.7
265 357.7 , Est Remaining: 109.3
266 359.0 , Est Remaining: 108.0
267 360.4 , Est Remaining: 106.6
268 361.7 , Est Remaining: 105.3
269 363.1 , Est Remaining: 103.9
270 364.4 , Est Remaining: 102.6
271 365.7 , Est Remaining: 101.2
272 367.1 , Est Remaining: 99.9
273 368.4 , Est Remaining: 98.5
274 369.8 , Est Remaining: 97.2
275 371.2 , Est Remaining: 95.8
276 372.5 , Est Remaining: 94.5
277 373.8 , Est Remaining: 93.1
278 375.2 , Est Remaining: 91.8
279 376.5 , Est Remaining: 90.4
280 377.8 , Est Remaining: 89.1
281 379.2 , Est Remaining: 87.7
EVENT FAILED
281 379.5 , Est Remaining: 87.8
282 380.8 , Est Remaining: 86.4
283 382.2 , Est Remaining: 85.1
284 383.5 , Est Remaining: 83.7
285 384.8 , Est Remaining: 82.4
286 386.2 , Est Remaining: 81.0
287 387.5 , Est Remaining: 79.7
288 388.9 , Est Remaining: 78.3
289 390.2 , Est Remaining: 77.0
290 391.5 , Est Remaining: 75.6
291 392.8 , Est Remaining: 74.2
292 394.2 , Est Remaining: 72.9
293 395.5 , Est Remaining: 71.5
294 396.8 , Est Remaining: 70.2
295 398.1 , Est Remaining: 68.8
296 399.4 , Est Remaining: 67.5
EVENT FAILED
296 399.7 , Est Remaining: 67.5
297 401.1 , Est Remaining: 66.2
298 402.4 , Est Remaining: 64.8
299 403.7 , Est Remaining: 63.5
300 405.1 , Est Remaining: 62.1
301 406.4 , Est Remaining: 60.8
302 407.9 , Est Remaining: 59.4
303 409.2 , Est Remaining: 58.1
EVENT FAILED
303 409.5 , Est Remaining: 58.1
304 410.7 , Est Remaining: 56.7
305 412.1 , Est Remaining: 55.4
306 413.4 , Est Remaining: 54.0
307 414.8 , Est Remaining: 52.7
308 416.1 , Est Remaining: 51.3
309 417.5 , Est Remaining: 50.0
310 418.8 , Est Remaining: 48.6
311 420.2 , Est Remaining: 47.3
312 421.5 , Est Remaining: 45.9
313 422.8 , Est Remaining: 44.6
314 424.2 , Est Remaining: 43.2
315 425.5 , Est Remaining: 41.9
316 426.8 , Est Remaining: 40.5
317 428.2 , Est Remaining: 39.2
318 429.5 , Est Remaining: 37.8
319 430.9 , Est Remaining: 36.5
320 432.2 , Est Remaining: 35.1
EVENT FAILED
320 432.5 , Est Remaining: 35.1
EVENT FAILED
320 432.8 , Est Remaining: 35.2
321 434.1 , Est Remaining: 33.8
322 435.5 , Est Remaining: 32.5
323 436.8 , Est Remaining: 31.1
324 438.1 , Est Remaining: 29.7
325 439.5 , Est Remaining: 28.4
326 440.8 , Est Remaining: 27.0
327 442.2 , Est Remaining: 25.7
328 443.5 , Est Remaining: 24.3
329 444.8 , Est Remaining: 23.0
330 446.2 , Est Remaining: 21.6
EVENT FAILED
