Note: NumExpr detected 32 cores but "NUMEXPR_MAX_THREADS" not set, so enforcing safe limit of 8.
Using selector: EpollSelector
/n/home02/jhaefner/miniconda/envs/IC-3.7-2020-06-16/lib/python3.7/site-packages/scipy/optimize/minpack.py:808: OptimizeWarning: Covariance of the parameters could not be estimated
  category=OptimizeWarning)
Total rwfs: 346
0 0.0 , Est Remaining: 999999.9
1 1.4 , Est Remaining: 485.4
2 2.8 , Est Remaining: 482.9
3 4.2 , Est Remaining: 482.1
4 5.6 , Est Remaining: 478.8
5 7.0 , Est Remaining: 474.9
6 8.3 , Est Remaining: 471.4
7 9.7 , Est Remaining: 468.5
8 11.0 , Est Remaining: 465.9
9 12.4 , Est Remaining: 463.3
10 13.7 , Est Remaining: 461.8
11 15.1 , Est Remaining: 460.2
12 16.5 , Est Remaining: 458.2
EVENT FAILED
12 16.8 , Est Remaining: 466.6
13 18.1 , Est Remaining: 464.0
14 19.5 , Est Remaining: 461.4
15 20.8 , Est Remaining: 459.0
16 22.2 , Est Remaining: 457.0
17 23.5 , Est Remaining: 454.9
18 24.9 , Est Remaining: 453.1
19 26.2 , Est Remaining: 451.2
20 27.6 , Est Remaining: 449.4
21 28.9 , Est Remaining: 447.7
EVENT FAILED
21 29.3 , Est Remaining: 452.9
22 30.6 , Est Remaining: 451.0
23 32.0 , Est Remaining: 449.5
24 33.4 , Est Remaining: 448.0
25 34.7 , Est Remaining: 446.1
26 36.1 , Est Remaining: 444.3
27 37.5 , Est Remaining: 442.6
28 38.8 , Est Remaining: 440.9
29 40.2 , Est Remaining: 439.1
30 41.5 , Est Remaining: 437.5
31 42.9 , Est Remaining: 435.9
32 44.3 , Est Remaining: 434.3
33 45.6 , Est Remaining: 432.8
34 47.0 , Est Remaining: 431.2
35 48.3 , Est Remaining: 429.4
36 49.7 , Est Remaining: 427.9
37 51.0 , Est Remaining: 426.3
EVENT FAILED
37 51.4 , Est Remaining: 428.9
38 52.7 , Est Remaining: 427.3
39 54.1 , Est Remaining: 425.6
40 55.4 , Est Remaining: 423.9
41 56.8 , Est Remaining: 422.4
42 58.1 , Est Remaining: 420.8
43 59.5 , Est Remaining: 419.0
44 60.8 , Est Remaining: 417.4
45 62.2 , Est Remaining: 415.8
46 63.5 , Est Remaining: 414.1
47 64.8 , Est Remaining: 412.4
48 66.2 , Est Remaining: 410.7
49 67.5 , Est Remaining: 409.1
50 68.9 , Est Remaining: 407.6
51 70.2 , Est Remaining: 406.0
52 71.5 , Est Remaining: 404.5
53 72.9 , Est Remaining: 402.9
54 74.3 , Est Remaining: 401.5
55 75.6 , Est Remaining: 400.1
56 77.0 , Est Remaining: 398.7
57 78.4 , Est Remaining: 397.3
58 79.7 , Est Remaining: 395.8
59 81.1 , Est Remaining: 394.3
60 82.4 , Est Remaining: 392.9
EVENT FAILED
60 82.7 , Est Remaining: 394.4
61 84.1 , Est Remaining: 392.9
62 85.4 , Est Remaining: 391.4
63 86.8 , Est Remaining: 390.0
64 88.2 , Est Remaining: 388.5
65 89.5 , Est Remaining: 386.9
66 90.9 , Est Remaining: 385.4
67 92.2 , Est Remaining: 384.0
68 93.5 , Est Remaining: 382.4
EVENT FAILED
68 93.8 , Est Remaining: 383.7
69 95.2 , Est Remaining: 382.3
70 96.6 , Est Remaining: 380.7
71 97.9 , Est Remaining: 379.2
72 99.3 , Est Remaining: 377.8
73 100.6 , Est Remaining: 376.3
74 102.0 , Est Remaining: 374.9
75 103.4 , Est Remaining: 373.5
76 104.7 , Est Remaining: 372.1
77 106.1 , Est Remaining: 370.7
EVENT FAILED
77 106.4 , Est Remaining: 371.7
78 107.8 , Est Remaining: 370.3
79 109.1 , Est Remaining: 368.8
80 110.5 , Est Remaining: 367.4
81 111.9 , Est Remaining: 366.0
82 113.2 , Est Remaining: 364.6
83 114.6 , Est Remaining: 363.2
84 116.0 , Est Remaining: 361.7
85 117.6 , Est Remaining: 361.0
86 118.9 , Est Remaining: 359.6
87 120.3 , Est Remaining: 358.1
88 121.7 , Est Remaining: 356.7
89 123.0 , Est Remaining: 355.2
90 124.4 , Est Remaining: 353.7
91 125.7 , Est Remaining: 352.3
92 127.1 , Est Remaining: 350.8
93 128.4 , Est Remaining: 349.3
94 129.8 , Est Remaining: 347.9
95 131.1 , Est Remaining: 346.4
96 132.5 , Est Remaining: 345.0
97 133.8 , Est Remaining: 343.5
98 135.2 , Est Remaining: 342.0
99 136.5 , Est Remaining: 340.6
100 137.9 , Est Remaining: 339.2
101 139.3 , Est Remaining: 337.8
102 140.7 , Est Remaining: 336.6
103 142.0 , Est Remaining: 335.1
104 143.4 , Est Remaining: 333.7
105 144.8 , Est Remaining: 332.3
106 146.1 , Est Remaining: 330.8
107 147.5 , Est Remaining: 329.4
108 148.8 , Est Remaining: 328.0
109 150.2 , Est Remaining: 326.6
110 151.6 , Est Remaining: 325.2
111 152.9 , Est Remaining: 323.8
112 154.3 , Est Remaining: 322.3
113 155.7 , Est Remaining: 320.9
114 157.0 , Est Remaining: 319.6
115 158.4 , Est Remaining: 318.2
116 159.8 , Est Remaining: 316.8
117 161.1 , Est Remaining: 315.4
118 162.5 , Est Remaining: 313.9
119 163.8 , Est Remaining: 312.5
120 165.2 , Est Remaining: 311.1
121 166.5 , Est Remaining: 309.7
122 167.9 , Est Remaining: 308.3
123 169.3 , Est Remaining: 306.9
124 170.6 , Est Remaining: 305.5
125 172.0 , Est Remaining: 304.0
126 173.3 , Est Remaining: 302.6
127 174.7 , Est Remaining: 301.2
128 176.1 , Est Remaining: 299.8
129 177.4 , Est Remaining: 298.5
130 178.8 , Est Remaining: 297.1
131 180.2 , Est Remaining: 295.7
132 181.5 , Est Remaining: 294.3
133 182.9 , Est Remaining: 292.9
134 184.2 , Est Remaining: 291.5
135 185.6 , Est Remaining: 290.1
136 187.0 , Est Remaining: 288.7
137 188.3 , Est Remaining: 287.3
138 189.7 , Est Remaining: 285.9
139 191.0 , Est Remaining: 284.5
140 192.4 , Est Remaining: 283.1
141 193.7 , Est Remaining: 281.7
142 195.1 , Est Remaining: 280.2
143 196.4 , Est Remaining: 278.8
144 197.8 , Est Remaining: 277.4
145 199.1 , Est Remaining: 276.0
146 200.5 , Est Remaining: 274.6
147 201.8 , Est Remaining: 273.2
148 203.1 , Est Remaining: 271.7
149 204.5 , Est Remaining: 270.3
150 205.8 , Est Remaining: 268.9
151 207.2 , Est Remaining: 267.5
152 208.5 , Est Remaining: 266.1
153 209.9 , Est Remaining: 264.7
EVENT FAILED
153 210.2 , Est Remaining: 265.1
154 211.5 , Est Remaining: 263.7
155 212.9 , Est Remaining: 262.3
156 214.2 , Est Remaining: 260.9
157 215.6 , Est Remaining: 259.5
158 216.9 , Est Remaining: 258.1
159 218.3 , Est Remaining: 256.7
160 219.6 , Est Remaining: 255.3
161 221.0 , Est Remaining: 253.9
162 222.3 , Est Remaining: 252.5
163 223.7 , Est Remaining: 251.1
164 225.0 , Est Remaining: 249.7
165 226.4 , Est Remaining: 248.3
166 227.7 , Est Remaining: 246.9
167 229.1 , Est Remaining: 245.5
168 230.4 , Est Remaining: 244.1
169 231.8 , Est Remaining: 242.7
170 233.1 , Est Remaining: 241.3
171 234.5 , Est Remaining: 239.9
172 235.8 , Est Remaining: 238.5
173 237.1 , Est Remaining: 237.1
174 238.5 , Est Remaining: 235.7
175 239.8 , Est Remaining: 234.3
176 241.2 , Est Remaining: 233.0
EVENT FAILED
176 241.5 , Est Remaining: 233.3
EVENT FAILED
176 241.8 , Est Remaining: 233.5
177 243.1 , Est Remaining: 232.1
178 244.5 , Est Remaining: 230.7
179 245.8 , Est Remaining: 229.3
180 247.2 , Est Remaining: 227.9
181 248.5 , Est Remaining: 226.5
182 249.9 , Est Remaining: 225.1
183 251.2 , Est Remaining: 223.7
184 252.5 , Est Remaining: 222.3
185 253.9 , Est Remaining: 220.9
186 255.2 , Est Remaining: 219.5
187 256.5 , Est Remaining: 218.1
188 257.9 , Est Remaining: 216.7
189 259.2 , Est Remaining: 215.3
190 260.5 , Est Remaining: 213.9
191 261.9 , Est Remaining: 212.5
192 263.2 , Est Remaining: 211.1
193 264.6 , Est Remaining: 209.7
194 265.9 , Est Remaining: 208.3
195 267.3 , Est Remaining: 207.0
196 268.6 , Est Remaining: 205.6
197 270.0 , Est Remaining: 204.2
198 271.3 , Est Remaining: 202.8
199 272.6 , Est Remaining: 201.4
200 274.0 , Est Remaining: 200.0
201 275.3 , Est Remaining: 198.6
202 276.7 , Est Remaining: 197.3
203 278.1 , Est Remaining: 195.9
204 279.4 , Est Remaining: 194.5
205 280.7 , Est Remaining: 193.1
206 282.0 , Est Remaining: 191.7
207 283.4 , Est Remaining: 190.3
208 284.7 , Est Remaining: 188.9
209 286.0 , Est Remaining: 187.5
210 287.4 , Est Remaining: 186.1
211 288.7 , Est Remaining: 184.7
212 290.0 , Est Remaining: 183.3
213 291.3 , Est Remaining: 181.9
214 292.7 , Est Remaining: 180.5
215 294.0 , Est Remaining: 179.2
216 295.4 , Est Remaining: 177.8
217 296.7 , Est Remaining: 176.4
218 298.0 , Est Remaining: 175.0
219 299.4 , Est Remaining: 173.6
220 300.7 , Est Remaining: 172.2
221 302.1 , Est Remaining: 170.9
222 303.4 , Est Remaining: 169.5
223 304.7 , Est Remaining: 168.1
224 306.1 , Est Remaining: 166.7
225 307.5 , Est Remaining: 165.3
226 308.8 , Est Remaining: 164.0
227 310.2 , Est Remaining: 162.6
228 311.5 , Est Remaining: 161.2
229 312.8 , Est Remaining: 159.8
230 314.2 , Est Remaining: 158.5
231 315.5 , Est Remaining: 157.1
232 316.9 , Est Remaining: 155.7
EVENT FAILED
232 317.2 , Est Remaining: 155.8
233 318.5 , Est Remaining: 154.5
234 319.8 , Est Remaining: 153.1
235 321.2 , Est Remaining: 151.7
236 322.5 , Est Remaining: 150.3
237 323.9 , Est Remaining: 149.0
238 325.2 , Est Remaining: 147.6
239 326.6 , Est Remaining: 146.2
240 327.9 , Est Remaining: 144.8
EVENT FAILED
240 328.2 , Est Remaining: 145.0
241 329.5 , Est Remaining: 143.6
242 330.9 , Est Remaining: 142.2
243 332.2 , Est Remaining: 140.8
244 333.6 , Est Remaining: 139.4
245 334.9 , Est Remaining: 138.1
246 336.3 , Est Remaining: 136.7
247 337.6 , Est Remaining: 135.3
248 339.0 , Est Remaining: 133.9
249 340.3 , Est Remaining: 132.6
250 341.7 , Est Remaining: 131.2
251 343.0 , Est Remaining: 129.8
252 344.3 , Est Remaining: 128.4
253 345.7 , Est Remaining: 127.1
254 347.0 , Est Remaining: 125.7
255 348.4 , Est Remaining: 124.3
256 349.7 , Est Remaining: 122.9
257 351.1 , Est Remaining: 121.6
258 352.4 , Est Remaining: 120.2
259 353.8 , Est Remaining: 118.8
260 355.1 , Est Remaining: 117.5
261 356.5 , Est Remaining: 116.1
262 357.8 , Est Remaining: 114.7
263 359.1 , Est Remaining: 113.3
264 360.4 , Est Remaining: 111.9
265 361.7 , Est Remaining: 110.6
266 363.0 , Est Remaining: 109.2
267 364.3 , Est Remaining: 107.8
268 365.6 , Est Remaining: 106.4
269 366.9 , Est Remaining: 105.0
270 368.2 , Est Remaining: 103.6
271 369.5 , Est Remaining: 102.3
272 370.8 , Est Remaining: 100.9
273 372.1 , Est Remaining: 99.5
274 373.4 , Est Remaining: 98.1
275 374.7 , Est Remaining: 96.7
276 375.9 , Est Remaining: 95.3
277 377.2 , Est Remaining: 94.0
278 378.5 , Est Remaining: 92.6
279 379.8 , Est Remaining: 91.2
280 381.1 , Est Remaining: 89.8
281 382.4 , Est Remaining: 88.5
282 383.7 , Est Remaining: 87.1
283 385.0 , Est Remaining: 85.7
284 386.3 , Est Remaining: 84.3
285 387.6 , Est Remaining: 83.0
286 388.9 , Est Remaining: 81.6
287 390.2 , Est Remaining: 80.2
288 391.5 , Est Remaining: 78.8
289 392.8 , Est Remaining: 77.5
290 394.0 , Est Remaining: 76.1
291 395.3 , Est Remaining: 74.7
292 396.6 , Est Remaining: 73.3
293 397.9 , Est Remaining: 72.0
294 399.2 , Est Remaining: 70.6
295 400.5 , Est Remaining: 69.2
296 401.8 , Est Remaining: 67.9
297 403.1 , Est Remaining: 66.5
298 404.4 , Est Remaining: 65.1
299 405.7 , Est Remaining: 63.8
300 406.9 , Est Remaining: 62.4
301 408.2 , Est Remaining: 61.0
302 409.6 , Est Remaining: 59.7
303 410.9 , Est Remaining: 58.3
304 412.2 , Est Remaining: 57.0
305 413.5 , Est Remaining: 55.6
306 414.8 , Est Remaining: 54.2
307 416.1 , Est Remaining: 52.9
308 417.4 , Est Remaining: 51.5
309 418.7 , Est Remaining: 50.1
310 420.0 , Est Remaining: 48.8
311 421.2 , Est Remaining: 47.4
312 422.5 , Est Remaining: 46.0
313 423.8 , Est Remaining: 44.7
314 425.1 , Est Remaining: 43.3
315 426.4 , Est Remaining: 42.0
316 427.7 , Est Remaining: 40.6
317 429.0 , Est Remaining: 39.2
318 430.2 , Est Remaining: 37.9
319 431.5 , Est Remaining: 36.5
320 432.8 , Est Remaining: 35.2
321 434.1 , Est Remaining: 33.8
322 435.3 , Est Remaining: 32.4
323 436.6 , Est Remaining: 31.1
324 437.8 , Est Remaining: 29.7
325 439.0 , Est Remaining: 28.4
326 440.3 , Est Remaining: 27.0
327 441.5 , Est Remaining: 25.7
328 442.8 , Est Remaining: 24.3
329 444.0 , Est Remaining: 22.9
330 445.2 , Est Remaining: 21.6
331 446.4 , Est Remaining: 20.2
332 447.7 , Est Remaining: 18.9
333 448.9 , Est Remaining: 17.5
334 450.1 , Est Remaining: 16.2
