Note: NumExpr detected 32 cores but "NUMEXPR_MAX_THREADS" not set, so enforcing safe limit of 8.
Using selector: EpollSelector
/n/home02/jhaefner/miniconda/envs/IC-3.7-2020-06-16/lib/python3.7/site-packages/scipy/optimize/minpack.py:808: OptimizeWarning: Covariance of the parameters could not be estimated
  category=OptimizeWarning)
Total rwfs: 346
0 0.0 , Est Remaining: 999999.9
1 1.5 , Est Remaining: 502.2
2 2.9 , Est Remaining: 499.3
3 4.3 , Est Remaining: 496.8
4 5.8 , Est Remaining: 492.5
5 7.2 , Est Remaining: 490.1
6 8.6 , Est Remaining: 488.5
7 10.0 , Est Remaining: 486.6
8 11.5 , Est Remaining: 484.9
9 12.9 , Est Remaining: 482.8
10 14.3 , Est Remaining: 480.9
11 15.7 , Est Remaining: 478.8
12 17.2 , Est Remaining: 478.4
13 18.6 , Est Remaining: 477.1
14 20.1 , Est Remaining: 476.1
15 21.5 , Est Remaining: 475.0
16 23.0 , Est Remaining: 473.9
17 24.4 , Est Remaining: 472.6
18 25.9 , Est Remaining: 471.3
19 27.3 , Est Remaining: 469.4
EVENT FAILED
19 27.6 , Est Remaining: 474.6
20 29.0 , Est Remaining: 473.0
21 30.4 , Est Remaining: 471.1
22 31.9 , Est Remaining: 469.8
23 33.4 , Est Remaining: 468.4
24 34.8 , Est Remaining: 466.7
25 36.2 , Est Remaining: 465.1
26 37.7 , Est Remaining: 463.5
27 39.1 , Est Remaining: 461.7
28 40.5 , Est Remaining: 459.9
29 41.9 , Est Remaining: 458.1
30 43.3 , Est Remaining: 456.4
31 44.8 , Est Remaining: 455.0
32 46.2 , Est Remaining: 453.3
33 47.7 , Est Remaining: 452.3
34 49.1 , Est Remaining: 450.7
35 50.5 , Est Remaining: 449.0
36 52.0 , Est Remaining: 447.4
37 53.4 , Est Remaining: 445.9
38 54.8 , Est Remaining: 444.3
39 56.3 , Est Remaining: 442.9
40 57.7 , Est Remaining: 441.4
41 59.2 , Est Remaining: 440.2
42 60.6 , Est Remaining: 438.7
43 62.0 , Est Remaining: 437.2
44 63.4 , Est Remaining: 435.4
45 64.9 , Est Remaining: 433.9
EVENT FAILED
45 65.2 , Est Remaining: 435.9
EVENT FAILED
45 65.5 , Est Remaining: 437.9
46 66.9 , Est Remaining: 436.3
47 68.3 , Est Remaining: 434.6
48 69.7 , Est Remaining: 433.0
49 71.2 , Est Remaining: 431.3
50 72.6 , Est Remaining: 429.8
EVENT FAILED
50 72.9 , Est Remaining: 431.6
51 74.4 , Est Remaining: 430.1
52 75.8 , Est Remaining: 428.6
53 77.3 , Est Remaining: 427.1
54 78.7 , Est Remaining: 425.5
55 80.1 , Est Remaining: 423.9
56 81.6 , Est Remaining: 422.4
57 83.0 , Est Remaining: 420.9
58 84.4 , Est Remaining: 419.2
59 85.9 , Est Remaining: 417.8
60 87.3 , Est Remaining: 416.2
61 88.7 , Est Remaining: 414.6
62 90.2 , Est Remaining: 413.1
63 91.6 , Est Remaining: 411.5
64 93.0 , Est Remaining: 409.8
65 94.4 , Est Remaining: 408.1
66 95.8 , Est Remaining: 406.6
67 97.3 , Est Remaining: 405.0
EVENT FAILED
67 97.6 , Est Remaining: 406.2
68 99.0 , Est Remaining: 404.6
69 100.4 , Est Remaining: 403.1
70 101.8 , Est Remaining: 401.4
71 103.2 , Est Remaining: 399.8
72 104.6 , Est Remaining: 398.2
73 106.1 , Est Remaining: 396.6
EVENT FAILED
73 106.4 , Est Remaining: 397.8
74 107.8 , Est Remaining: 396.2
75 109.2 , Est Remaining: 394.6
76 110.6 , Est Remaining: 393.0
77 112.0 , Est Remaining: 391.4
78 113.4 , Est Remaining: 389.8
79 114.9 , Est Remaining: 388.2
80 116.3 , Est Remaining: 386.6
81 117.7 , Est Remaining: 385.0
82 119.1 , Est Remaining: 383.4
83 120.5 , Est Remaining: 381.8
84 121.9 , Est Remaining: 380.3
85 123.3 , Est Remaining: 378.7
86 124.8 , Est Remaining: 377.2
87 126.2 , Est Remaining: 375.7
88 127.6 , Est Remaining: 374.1
89 129.0 , Est Remaining: 372.6
90 130.5 , Est Remaining: 371.1
91 131.9 , Est Remaining: 369.6
92 133.4 , Est Remaining: 368.2
93 134.8 , Est Remaining: 366.7
94 136.2 , Est Remaining: 365.2
EVENT FAILED
94 136.5 , Est Remaining: 366.0
95 138.0 , Est Remaining: 364.5
96 139.4 , Est Remaining: 363.0
97 140.8 , Est Remaining: 361.5
98 142.3 , Est Remaining: 360.0
99 143.7 , Est Remaining: 358.5
100 145.2 , Est Remaining: 357.1
101 146.6 , Est Remaining: 355.6
102 148.0 , Est Remaining: 354.1
103 149.6 , Est Remaining: 352.9
104 151.0 , Est Remaining: 351.4
105 152.5 , Est Remaining: 350.0
106 153.9 , Est Remaining: 348.4
107 155.3 , Est Remaining: 347.0
108 156.8 , Est Remaining: 345.5
109 158.2 , Est Remaining: 344.0
110 159.6 , Est Remaining: 342.5
111 161.1 , Est Remaining: 341.0
112 162.5 , Est Remaining: 339.5
113 163.9 , Est Remaining: 338.0
114 165.3 , Est Remaining: 336.5
115 166.7 , Est Remaining: 334.9
EVENT FAILED
115 167.1 , Est Remaining: 335.6
116 168.5 , Est Remaining: 334.1
117 169.9 , Est Remaining: 332.6
118 171.4 , Est Remaining: 331.1
119 172.8 , Est Remaining: 329.6
120 174.2 , Est Remaining: 328.1
121 175.6 , Est Remaining: 326.5
EVENT FAILED
121 175.9 , Est Remaining: 327.1
122 177.3 , Est Remaining: 325.6
123 178.8 , Est Remaining: 324.1
124 180.2 , Est Remaining: 322.6
125 181.6 , Est Remaining: 321.1
126 183.0 , Est Remaining: 319.6
127 184.4 , Est Remaining: 318.0
128 185.8 , Est Remaining: 316.5
129 187.3 , Est Remaining: 315.0
130 188.7 , Est Remaining: 313.5
131 190.1 , Est Remaining: 312.0
132 191.5 , Est Remaining: 310.4
133 192.9 , Est Remaining: 309.0
134 194.4 , Est Remaining: 307.5
135 195.8 , Est Remaining: 306.0
136 197.2 , Est Remaining: 304.5
137 198.6 , Est Remaining: 303.0
138 200.1 , Est Remaining: 301.6
139 201.5 , Est Remaining: 300.1
140 203.0 , Est Remaining: 298.6
141 204.4 , Est Remaining: 297.2
142 205.8 , Est Remaining: 295.7
143 207.2 , Est Remaining: 294.2
144 208.7 , Est Remaining: 292.7
145 210.1 , Est Remaining: 291.2
146 211.5 , Est Remaining: 289.7
147 213.0 , Est Remaining: 288.3
148 214.4 , Est Remaining: 286.8
149 215.8 , Est Remaining: 285.3
150 217.2 , Est Remaining: 283.9
EVENT FAILED
150 217.5 , Est Remaining: 284.3
151 219.0 , Est Remaining: 282.8
152 220.4 , Est Remaining: 281.3
153 221.8 , Est Remaining: 279.8
154 223.2 , Est Remaining: 278.3
155 224.6 , Est Remaining: 276.8
156 226.0 , Est Remaining: 275.3
157 227.4 , Est Remaining: 273.8
158 228.9 , Est Remaining: 272.3
159 230.3 , Est Remaining: 270.8
EVENT FAILED
159 230.6 , Est Remaining: 271.2
160 232.0 , Est Remaining: 269.7
161 233.5 , Est Remaining: 268.3
162 234.9 , Est Remaining: 266.8
163 236.3 , Est Remaining: 265.3
164 237.7 , Est Remaining: 263.8
165 239.1 , Est Remaining: 262.3
166 240.5 , Est Remaining: 260.8
167 242.0 , Est Remaining: 259.4
168 243.4 , Est Remaining: 257.9
EVENT FAILED
168 243.7 , Est Remaining: 258.2
169 245.2 , Est Remaining: 256.8
170 246.6 , Est Remaining: 255.3
171 248.0 , Est Remaining: 253.8
172 249.4 , Est Remaining: 252.3
173 250.9 , Est Remaining: 250.9
174 252.3 , Est Remaining: 249.4
175 253.8 , Est Remaining: 248.0
176 255.2 , Est Remaining: 246.5
177 256.7 , Est Remaining: 245.1
178 258.1 , Est Remaining: 243.6
179 259.6 , Est Remaining: 242.2
180 261.0 , Est Remaining: 240.7
181 262.4 , Est Remaining: 239.2
182 263.9 , Est Remaining: 237.8
183 265.3 , Est Remaining: 236.3
184 266.7 , Est Remaining: 234.8
185 268.2 , Est Remaining: 233.4
186 269.6 , Est Remaining: 231.9
187 271.0 , Est Remaining: 230.5
188 272.5 , Est Remaining: 229.0
189 273.9 , Est Remaining: 227.5
190 275.3 , Est Remaining: 226.1
191 276.8 , Est Remaining: 224.6
192 278.2 , Est Remaining: 223.1
193 279.6 , Est Remaining: 221.7
194 281.1 , Est Remaining: 220.2
195 282.5 , Est Remaining: 218.8
196 283.9 , Est Remaining: 217.3
197 285.4 , Est Remaining: 215.9
198 286.8 , Est Remaining: 214.4
199 288.2 , Est Remaining: 212.9
200 289.7 , Est Remaining: 211.4
201 291.1 , Est Remaining: 210.0
202 292.6 , Est Remaining: 208.6
203 294.1 , Est Remaining: 207.2
204 295.6 , Est Remaining: 205.7
205 297.0 , Est Remaining: 204.3
206 298.4 , Est Remaining: 202.8
207 299.9 , Est Remaining: 201.4
208 301.3 , Est Remaining: 199.9
209 302.8 , Est Remaining: 198.5
210 304.2 , Est Remaining: 197.0
211 305.6 , Est Remaining: 195.5
212 307.1 , Est Remaining: 194.1
213 308.5 , Est Remaining: 192.6
214 309.9 , Est Remaining: 191.2
215 311.4 , Est Remaining: 189.7
216 312.8 , Est Remaining: 188.3
217 314.3 , Est Remaining: 186.8
218 315.7 , Est Remaining: 185.4
219 317.1 , Est Remaining: 183.9
220 318.5 , Est Remaining: 182.4
221 320.0 , Est Remaining: 181.0
222 321.4 , Est Remaining: 179.5
223 322.8 , Est Remaining: 178.1
224 324.3 , Est Remaining: 176.6
225 325.7 , Est Remaining: 175.2
226 327.2 , Est Remaining: 173.7
227 328.6 , Est Remaining: 172.2
228 330.0 , Est Remaining: 170.8
229 331.4 , Est Remaining: 169.3
230 332.8 , Est Remaining: 167.9
231 334.3 , Est Remaining: 166.4
232 335.7 , Est Remaining: 164.9
233 337.0 , Est Remaining: 163.4
EVENT FAILED
233 337.3 , Est Remaining: 163.6
234 338.7 , Est Remaining: 162.1
235 340.1 , Est Remaining: 160.6
236 341.5 , Est Remaining: 159.2
237 342.9 , Est Remaining: 157.7
238 344.4 , Est Remaining: 156.3
239 345.8 , Est Remaining: 154.8
240 347.2 , Est Remaining: 153.4
241 348.7 , Est Remaining: 151.9
242 350.1 , Est Remaining: 150.5
243 351.6 , Est Remaining: 149.0
EVENT FAILED
243 351.9 , Est Remaining: 149.1
244 353.3 , Est Remaining: 147.7
245 354.7 , Est Remaining: 146.2
246 356.2 , Est Remaining: 144.8
247 357.6 , Est Remaining: 143.3
248 359.1 , Est Remaining: 141.9
249 360.5 , Est Remaining: 140.4
250 361.9 , Est Remaining: 139.0
251 363.3 , Est Remaining: 137.5
252 364.8 , Est Remaining: 136.1
253 366.2 , Est Remaining: 134.6
254 367.6 , Est Remaining: 133.2
255 369.0 , Est Remaining: 131.7
256 370.5 , Est Remaining: 130.2
257 371.9 , Est Remaining: 128.8
258 373.3 , Est Remaining: 127.3
259 374.8 , Est Remaining: 125.9
260 376.2 , Est Remaining: 124.4
261 377.6 , Est Remaining: 123.0
262 379.0 , Est Remaining: 121.5
263 380.4 , Est Remaining: 120.1
264 381.9 , Est Remaining: 118.6
265 383.3 , Est Remaining: 117.1
266 384.7 , Est Remaining: 115.7
EVENT FAILED
266 385.0 , Est Remaining: 115.8
267 386.4 , Est Remaining: 114.3
268 387.8 , Est Remaining: 112.9
269 389.2 , Est Remaining: 111.4
270 390.6 , Est Remaining: 109.9
271 392.0 , Est Remaining: 108.5
272 393.4 , Est Remaining: 107.0
273 394.6 , Est Remaining: 105.5
274 396.0 , Est Remaining: 104.1
275 397.4 , Est Remaining: 102.6
276 398.8 , Est Remaining: 101.1
277 400.1 , Est Remaining: 99.7
278 401.5 , Est Remaining: 98.2
279 402.9 , Est Remaining: 96.7
280 404.2 , Est Remaining: 95.3
281 405.6 , Est Remaining: 93.8
282 407.0 , Est Remaining: 92.4
283 408.4 , Est Remaining: 90.9
284 409.7 , Est Remaining: 89.5
285 411.1 , Est Remaining: 88.0
286 412.5 , Est Remaining: 86.5
287 413.9 , Est Remaining: 85.1
288 415.2 , Est Remaining: 83.6
289 416.6 , Est Remaining: 82.2
290 418.0 , Est Remaining: 80.7
291 419.3 , Est Remaining: 79.3
292 420.7 , Est Remaining: 77.8
293 422.1 , Est Remaining: 76.3
294 423.5 , Est Remaining: 74.9
295 424.8 , Est Remaining: 73.4
296 426.2 , Est Remaining: 72.0
297 427.6 , Est Remaining: 70.5
298 428.9 , Est Remaining: 69.1
299 430.3 , Est Remaining: 67.6
300 431.7 , Est Remaining: 66.2
301 433.0 , Est Remaining: 64.7
302 434.6 , Est Remaining: 63.3
303 435.9 , Est Remaining: 61.9
304 437.3 , Est Remaining: 60.4
305 438.7 , Est Remaining: 59.0
306 440.0 , Est Remaining: 57.5
307 441.4 , Est Remaining: 56.1
308 442.7 , Est Remaining: 54.6
309 444.1 , Est Remaining: 53.2
310 445.4 , Est Remaining: 51.7
311 446.8 , Est Remaining: 50.3
312 448.1 , Est Remaining: 48.8
313 449.6 , Est Remaining: 47.4
314 450.9 , Est Remaining: 46.0
315 452.2 , Est Remaining: 44.5
316 453.6 , Est Remaining: 43.1
317 454.9 , Est Remaining: 41.6
318 456.3 , Est Remaining: 40.2
319 457.6 , Est Remaining: 38.7
320 459.0 , Est Remaining: 37.3
321 460.3 , Est Remaining: 35.8
322 461.6 , Est Remaining: 34.4
323 463.0 , Est Remaining: 33.0
324 464.3 , Est Remaining: 31.5
325 465.7 , Est Remaining: 30.1
326 467.0 , Est Remaining: 28.7
327 468.4 , Est Remaining: 27.2
328 469.8 , Est Remaining: 25.8
329 471.1 , Est Remaining: 24.3
330 472.5 , Est Remaining: 22.9
