Note: NumExpr detected 32 cores but "NUMEXPR_MAX_THREADS" not set, so enforcing safe limit of 8.
Using selector: EpollSelector
/n/home02/jhaefner/miniconda/envs/IC-3.7-2020-06-16/lib/python3.7/site-packages/scipy/optimize/minpack.py:808: OptimizeWarning: Covariance of the parameters could not be estimated
  category=OptimizeWarning)
Total rwfs: 346
0 0.0 , Est Remaining: 999999.9
1 1.5 , Est Remaining: 529.1
2 3.0 , Est Remaining: 520.7
3 4.6 , Est Remaining: 521.3
4 6.0 , Est Remaining: 516.4
5 7.5 , Est Remaining: 511.4
6 9.0 , Est Remaining: 508.8
7 10.5 , Est Remaining: 507.6
8 12.0 , Est Remaining: 505.5
9 13.4 , Est Remaining: 502.8
10 14.9 , Est Remaining: 500.6
11 16.4 , Est Remaining: 499.0
12 17.9 , Est Remaining: 496.9
13 19.3 , Est Remaining: 494.5
14 20.8 , Est Remaining: 492.6
15 22.2 , Est Remaining: 490.3
16 23.7 , Est Remaining: 487.9
17 25.1 , Est Remaining: 486.0
18 26.6 , Est Remaining: 484.0
19 28.0 , Est Remaining: 482.3
20 29.5 , Est Remaining: 480.1
EVENT FAILED
20 29.8 , Est Remaining: 485.2
21 31.2 , Est Remaining: 483.4
22 32.7 , Est Remaining: 481.9
23 34.2 , Est Remaining: 480.1
24 35.7 , Est Remaining: 478.4
25 37.1 , Est Remaining: 476.4
26 38.6 , Est Remaining: 474.7
27 40.0 , Est Remaining: 472.8
28 41.5 , Est Remaining: 470.9
29 42.9 , Est Remaining: 469.0
EVENT FAILED
29 43.2 , Est Remaining: 472.4
30 44.7 , Est Remaining: 470.5
31 46.1 , Est Remaining: 468.5
32 47.6 , Est Remaining: 466.7
33 49.0 , Est Remaining: 464.9
34 50.4 , Est Remaining: 462.9
35 51.9 , Est Remaining: 461.2
EVENT FAILED
35 52.2 , Est Remaining: 463.9
36 53.6 , Est Remaining: 462.0
37 55.1 , Est Remaining: 460.1
38 56.5 , Est Remaining: 458.3
39 58.0 , Est Remaining: 456.8
40 59.5 , Est Remaining: 455.2
41 61.0 , Est Remaining: 453.6
42 62.4 , Est Remaining: 451.9
43 63.9 , Est Remaining: 450.0
44 65.3 , Est Remaining: 448.5
45 66.8 , Est Remaining: 446.9
46 68.3 , Est Remaining: 445.3
47 69.7 , Est Remaining: 443.6
48 71.2 , Est Remaining: 442.1
49 72.7 , Est Remaining: 440.4
50 74.1 , Est Remaining: 438.8
51 75.6 , Est Remaining: 437.3
52 77.1 , Est Remaining: 435.7
53 78.5 , Est Remaining: 434.1
54 80.0 , Est Remaining: 432.4
55 81.4 , Est Remaining: 430.8
56 82.9 , Est Remaining: 429.3
57 84.4 , Est Remaining: 427.8
EVENT FAILED
57 84.7 , Est Remaining: 429.3
58 86.1 , Est Remaining: 427.6
59 87.6 , Est Remaining: 426.1
60 89.1 , Est Remaining: 424.5
61 90.5 , Est Remaining: 422.9
62 92.0 , Est Remaining: 421.3
63 93.4 , Est Remaining: 419.7
64 94.9 , Est Remaining: 418.2
65 96.4 , Est Remaining: 416.7
66 97.9 , Est Remaining: 415.2
67 99.3 , Est Remaining: 413.6
68 100.8 , Est Remaining: 412.0
69 102.2 , Est Remaining: 410.4
70 103.7 , Est Remaining: 408.8
71 105.2 , Est Remaining: 407.3
72 106.6 , Est Remaining: 405.7
73 108.0 , Est Remaining: 404.0
74 109.5 , Est Remaining: 402.4
75 110.9 , Est Remaining: 400.7
76 112.3 , Est Remaining: 399.0
77 113.7 , Est Remaining: 397.3
78 115.2 , Est Remaining: 395.7
79 116.6 , Est Remaining: 394.1
80 118.1 , Est Remaining: 392.5
81 119.5 , Est Remaining: 390.9
82 121.0 , Est Remaining: 389.4
EVENT FAILED
82 121.3 , Est Remaining: 390.4
83 122.7 , Est Remaining: 388.8
84 124.2 , Est Remaining: 387.3
EVENT FAILED
84 124.5 , Est Remaining: 388.3
85 125.9 , Est Remaining: 386.7
86 127.4 , Est Remaining: 385.1
87 128.8 , Est Remaining: 383.5
88 130.2 , Est Remaining: 381.8
89 131.7 , Est Remaining: 380.2
90 133.1 , Est Remaining: 378.5
91 134.5 , Est Remaining: 376.9
92 135.9 , Est Remaining: 375.3
93 137.4 , Est Remaining: 373.7
94 138.8 , Est Remaining: 372.2
95 140.3 , Est Remaining: 370.6
96 141.7 , Est Remaining: 369.0
97 143.1 , Est Remaining: 367.4
98 144.5 , Est Remaining: 365.8
99 146.0 , Est Remaining: 364.1
100 147.4 , Est Remaining: 362.5
101 148.8 , Est Remaining: 360.9
102 150.2 , Est Remaining: 359.3
103 151.7 , Est Remaining: 357.8
EVENT FAILED
103 152.0 , Est Remaining: 358.5
104 153.4 , Est Remaining: 356.9
105 154.8 , Est Remaining: 355.2
EVENT FAILED
105 155.1 , Est Remaining: 355.9
106 156.5 , Est Remaining: 354.3
107 157.9 , Est Remaining: 352.7
108 159.3 , Est Remaining: 351.0
109 160.7 , Est Remaining: 349.4
110 162.1 , Est Remaining: 347.8
111 163.5 , Est Remaining: 346.1
112 164.9 , Est Remaining: 344.5
113 166.3 , Est Remaining: 342.8
114 167.7 , Est Remaining: 341.2
EVENT FAILED
114 168.0 , Est Remaining: 341.9
115 169.4 , Est Remaining: 340.2
116 170.8 , Est Remaining: 338.6
117 172.2 , Est Remaining: 337.0
118 173.6 , Est Remaining: 335.4
119 175.0 , Est Remaining: 333.8
120 176.4 , Est Remaining: 332.2
121 177.8 , Est Remaining: 330.6
122 179.2 , Est Remaining: 328.9
123 180.5 , Est Remaining: 327.3
124 181.9 , Est Remaining: 325.7
125 183.3 , Est Remaining: 324.1
126 184.7 , Est Remaining: 322.5
127 186.1 , Est Remaining: 320.9
128 187.5 , Est Remaining: 319.3
129 188.9 , Est Remaining: 317.8
130 190.3 , Est Remaining: 316.2
131 191.7 , Est Remaining: 314.6
132 193.1 , Est Remaining: 313.0
EVENT FAILED
132 193.4 , Est Remaining: 313.5
133 194.8 , Est Remaining: 311.9
134 196.1 , Est Remaining: 310.3
135 197.5 , Est Remaining: 308.7
136 198.9 , Est Remaining: 307.1
137 200.3 , Est Remaining: 305.5
138 201.7 , Est Remaining: 304.0
139 203.1 , Est Remaining: 302.4
140 204.5 , Est Remaining: 300.8
141 205.8 , Est Remaining: 299.3
142 207.2 , Est Remaining: 297.7
143 208.6 , Est Remaining: 296.2
144 210.0 , Est Remaining: 294.6
145 211.4 , Est Remaining: 293.0
146 212.8 , Est Remaining: 291.5
147 214.2 , Est Remaining: 290.0
148 215.6 , Est Remaining: 288.4
149 217.0 , Est Remaining: 286.9
150 218.4 , Est Remaining: 285.3
151 219.8 , Est Remaining: 283.8
EVENT FAILED
151 220.2 , Est Remaining: 284.4
152 221.6 , Est Remaining: 282.9
153 223.0 , Est Remaining: 281.3
154 224.4 , Est Remaining: 279.8
155 225.8 , Est Remaining: 278.3
156 227.2 , Est Remaining: 276.7
EVENT FAILED
156 227.5 , Est Remaining: 277.1
157 228.9 , Est Remaining: 275.5
158 230.3 , Est Remaining: 274.0
159 231.6 , Est Remaining: 272.4
160 233.0 , Est Remaining: 270.9
EVENT FAILED
160 233.3 , Est Remaining: 271.3
161 234.7 , Est Remaining: 269.7
162 236.1 , Est Remaining: 268.2
163 237.5 , Est Remaining: 266.7
164 238.9 , Est Remaining: 265.1
165 240.3 , Est Remaining: 263.6
166 241.7 , Est Remaining: 262.1
EVENT FAILED
166 242.0 , Est Remaining: 262.5
167 243.5 , Est Remaining: 261.0
168 244.9 , Est Remaining: 259.5
169 246.3 , Est Remaining: 258.0
170 247.7 , Est Remaining: 256.5
171 249.2 , Est Remaining: 255.0
172 250.6 , Est Remaining: 253.5
173 252.0 , Est Remaining: 252.0
174 253.5 , Est Remaining: 250.5
EVENT FAILED
174 253.8 , Est Remaining: 250.9
175 255.2 , Est Remaining: 249.4
176 256.6 , Est Remaining: 247.9
177 258.1 , Est Remaining: 246.4
178 259.5 , Est Remaining: 244.9
179 260.9 , Est Remaining: 243.4
180 262.3 , Est Remaining: 241.9
181 263.8 , Est Remaining: 240.5
182 265.2 , Est Remaining: 239.0
183 266.6 , Est Remaining: 237.5
184 268.1 , Est Remaining: 236.0
185 269.5 , Est Remaining: 234.5
186 270.9 , Est Remaining: 233.1
187 272.4 , Est Remaining: 231.6
188 273.8 , Est Remaining: 230.1
189 275.2 , Est Remaining: 228.6
190 276.7 , Est Remaining: 227.2
191 278.1 , Est Remaining: 225.7
192 279.6 , Est Remaining: 224.2
193 281.0 , Est Remaining: 222.8
194 282.4 , Est Remaining: 221.3
195 283.9 , Est Remaining: 219.8
196 285.3 , Est Remaining: 218.3
197 286.7 , Est Remaining: 216.9
198 288.2 , Est Remaining: 215.4
199 289.6 , Est Remaining: 213.9
200 291.1 , Est Remaining: 212.5
201 292.5 , Est Remaining: 211.0
202 293.9 , Est Remaining: 209.5
203 295.5 , Est Remaining: 208.2
204 296.9 , Est Remaining: 206.7
205 298.4 , Est Remaining: 205.2
206 299.8 , Est Remaining: 203.8
207 301.3 , Est Remaining: 202.3
208 302.7 , Est Remaining: 200.8
209 304.2 , Est Remaining: 199.4
210 305.6 , Est Remaining: 197.9
EVENT FAILED
210 305.9 , Est Remaining: 198.1
211 307.4 , Est Remaining: 196.7
212 308.8 , Est Remaining: 195.2
213 310.3 , Est Remaining: 193.7
214 311.7 , Est Remaining: 192.3
215 313.2 , Est Remaining: 190.8
216 314.7 , Est Remaining: 189.4
217 316.1 , Est Remaining: 187.9
218 317.6 , Est Remaining: 186.5
219 319.1 , Est Remaining: 185.0
220 320.5 , Est Remaining: 183.6
221 322.0 , Est Remaining: 182.1
222 323.4 , Est Remaining: 180.7
223 324.9 , Est Remaining: 179.2
224 326.3 , Est Remaining: 177.7
225 327.8 , Est Remaining: 176.3
226 329.2 , Est Remaining: 174.8
227 330.7 , Est Remaining: 173.3
228 332.1 , Est Remaining: 171.9
229 333.6 , Est Remaining: 170.4
230 335.0 , Est Remaining: 169.0
231 336.4 , Est Remaining: 167.5
232 337.9 , Est Remaining: 166.0
233 339.3 , Est Remaining: 164.6
EVENT FAILED
233 339.6 , Est Remaining: 164.7
234 341.1 , Est Remaining: 163.2
235 342.5 , Est Remaining: 161.8
236 344.0 , Est Remaining: 160.3
237 345.5 , Est Remaining: 158.9
238 346.9 , Est Remaining: 157.4
239 348.4 , Est Remaining: 156.0
240 349.8 , Est Remaining: 154.5
241 351.3 , Est Remaining: 153.0
242 352.7 , Est Remaining: 151.6
243 354.1 , Est Remaining: 150.1
244 355.6 , Est Remaining: 148.6
245 357.0 , Est Remaining: 147.2
246 358.5 , Est Remaining: 145.7
247 359.9 , Est Remaining: 144.3
248 361.4 , Est Remaining: 142.8
EVENT FAILED
248 361.7 , Est Remaining: 142.9
249 363.1 , Est Remaining: 141.4
250 364.6 , Est Remaining: 140.0
251 366.0 , Est Remaining: 138.5
252 367.4 , Est Remaining: 137.1
253 368.9 , Est Remaining: 135.6
254 370.3 , Est Remaining: 134.1
255 371.8 , Est Remaining: 132.7
256 373.2 , Est Remaining: 131.2
257 374.7 , Est Remaining: 129.8
258 376.1 , Est Remaining: 128.3
259 377.6 , Est Remaining: 126.8
260 379.1 , Est Remaining: 125.4
261 380.5 , Est Remaining: 123.9
262 382.0 , Est Remaining: 122.5
263 383.4 , Est Remaining: 121.0
264 384.9 , Est Remaining: 119.5
265 386.3 , Est Remaining: 118.1
266 387.8 , Est Remaining: 116.6
267 389.2 , Est Remaining: 115.2
268 390.7 , Est Remaining: 113.7
269 392.1 , Est Remaining: 112.2
270 393.6 , Est Remaining: 110.8
271 395.0 , Est Remaining: 109.3
272 396.5 , Est Remaining: 107.9
EVENT FAILED
272 396.8 , Est Remaining: 108.0
273 398.3 , Est Remaining: 106.5
274 399.7 , Est Remaining: 105.0
275 401.2 , Est Remaining: 103.6
276 402.6 , Est Remaining: 102.1
277 404.1 , Est Remaining: 100.7
278 405.5 , Est Remaining: 99.2
279 407.0 , Est Remaining: 97.7
280 408.5 , Est Remaining: 96.3
281 410.0 , Est Remaining: 94.8
282 411.4 , Est Remaining: 93.4
283 412.9 , Est Remaining: 91.9
284 414.4 , Est Remaining: 90.5
285 415.8 , Est Remaining: 89.0
286 417.3 , Est Remaining: 87.5
287 418.8 , Est Remaining: 86.1
288 420.2 , Est Remaining: 84.6
289 421.7 , Est Remaining: 83.2
290 423.2 , Est Remaining: 81.7
291 424.6 , Est Remaining: 80.3
292 426.1 , Est Remaining: 78.8
EVENT FAILED
292 426.4 , Est Remaining: 78.8
293 427.8 , Est Remaining: 77.4
294 429.3 , Est Remaining: 75.9
295 430.8 , Est Remaining: 74.5
296 432.2 , Est Remaining: 73.0
297 433.7 , Est Remaining: 71.6
298 435.2 , Est Remaining: 70.1
299 436.7 , Est Remaining: 68.6
300 438.1 , Est Remaining: 67.2
301 439.6 , Est Remaining: 65.7
302 441.3 , Est Remaining: 64.3
303 442.7 , Est Remaining: 62.8
304 444.2 , Est Remaining: 61.4
305 445.7 , Est Remaining: 59.9
306 447.2 , Est Remaining: 58.5
307 448.7 , Est Remaining: 57.0
308 450.1 , Est Remaining: 55.5
309 451.6 , Est Remaining: 54.1
310 453.0 , Est Remaining: 52.6
311 454.5 , Est Remaining: 51.1
312 455.9 , Est Remaining: 49.7
313 457.3 , Est Remaining: 48.2
314 458.7 , Est Remaining: 46.7
315 460.1 , Est Remaining: 45.3
316 461.5 , Est Remaining: 43.8
317 462.9 , Est Remaining: 42.3
318 464.3 , Est Remaining: 40.9
319 465.7 , Est Remaining: 39.4
320 467.1 , Est Remaining: 37.9
321 468.4 , Est Remaining: 36.5
322 469.8 , Est Remaining: 35.0
323 471.2 , Est Remaining: 33.6
324 472.6 , Est Remaining: 32.1
325 473.9 , Est Remaining: 30.6
