Note: NumExpr detected 32 cores but "NUMEXPR_MAX_THREADS" not set, so enforcing safe limit of 8.
Using selector: EpollSelector
/n/home02/jhaefner/miniconda/envs/IC-3.7-2020-06-16/lib/python3.7/site-packages/scipy/optimize/minpack.py:808: OptimizeWarning: Covariance of the parameters could not be estimated
  category=OptimizeWarning)
Total rwfs: 346
0 0.0 , Est Remaining: 999999.9
1 1.5 , Est Remaining: 506.2
2 2.9 , Est Remaining: 502.6
EVENT FAILED
2 3.2 , Est Remaining: 557.0
3 4.7 , Est Remaining: 538.1
4 6.1 , Est Remaining: 524.4
5 7.6 , Est Remaining: 516.5
6 9.0 , Est Remaining: 509.8
7 10.4 , Est Remaining: 503.9
8 11.8 , Est Remaining: 500.1
9 13.3 , Est Remaining: 496.2
10 14.7 , Est Remaining: 492.9
11 16.1 , Est Remaining: 490.4
12 17.5 , Est Remaining: 487.7
13 18.9 , Est Remaining: 484.9
14 20.3 , Est Remaining: 482.4
15 21.8 , Est Remaining: 480.0
16 23.1 , Est Remaining: 477.5
17 24.6 , Est Remaining: 475.4
18 26.0 , Est Remaining: 473.3
19 27.4 , Est Remaining: 471.0
20 28.8 , Est Remaining: 469.2
21 30.2 , Est Remaining: 467.7
22 31.7 , Est Remaining: 466.3
23 33.1 , Est Remaining: 465.1
24 34.6 , Est Remaining: 464.0
25 36.0 , Est Remaining: 462.8
26 37.5 , Est Remaining: 461.2
27 38.9 , Est Remaining: 459.8
28 40.4 , Est Remaining: 458.5
29 41.8 , Est Remaining: 457.3
30 43.3 , Est Remaining: 455.9
31 44.7 , Est Remaining: 454.2
32 46.1 , Est Remaining: 452.7
33 47.6 , Est Remaining: 451.1
34 49.0 , Est Remaining: 449.5
35 50.4 , Est Remaining: 448.0
36 51.8 , Est Remaining: 446.4
37 53.3 , Est Remaining: 444.9
38 54.7 , Est Remaining: 443.3
39 56.1 , Est Remaining: 441.6
40 57.5 , Est Remaining: 440.2
41 59.0 , Est Remaining: 438.8
42 60.4 , Est Remaining: 437.4
43 61.9 , Est Remaining: 435.9
44 63.3 , Est Remaining: 434.4
45 64.7 , Est Remaining: 433.1
46 66.2 , Est Remaining: 431.6
47 67.6 , Est Remaining: 430.1
48 69.0 , Est Remaining: 428.6
49 70.5 , Est Remaining: 427.1
50 71.9 , Est Remaining: 425.7
51 73.3 , Est Remaining: 424.2
52 74.8 , Est Remaining: 422.7
53 76.2 , Est Remaining: 421.2
54 77.6 , Est Remaining: 419.8
55 79.1 , Est Remaining: 418.4
56 80.5 , Est Remaining: 417.0
57 82.0 , Est Remaining: 415.5
58 83.4 , Est Remaining: 414.1
59 84.8 , Est Remaining: 412.7
60 86.3 , Est Remaining: 411.3
61 87.7 , Est Remaining: 409.9
62 89.2 , Est Remaining: 408.4
63 90.6 , Est Remaining: 407.0
64 92.1 , Est Remaining: 405.6
65 93.4 , Est Remaining: 403.9
66 94.9 , Est Remaining: 402.4
67 96.3 , Est Remaining: 401.1
EVENT FAILED
67 96.6 , Est Remaining: 402.3
68 98.1 , Est Remaining: 400.9
69 99.5 , Est Remaining: 399.5
70 101.0 , Est Remaining: 398.1
71 102.4 , Est Remaining: 396.7
72 103.9 , Est Remaining: 395.5
73 105.4 , Est Remaining: 394.2
74 106.9 , Est Remaining: 392.8
75 108.3 , Est Remaining: 391.3
76 109.7 , Est Remaining: 389.9
77 111.2 , Est Remaining: 388.5
78 112.7 , Est Remaining: 387.1
79 114.1 , Est Remaining: 385.6
80 115.5 , Est Remaining: 384.1
81 117.0 , Est Remaining: 382.6
82 118.4 , Est Remaining: 381.2
83 119.8 , Est Remaining: 379.7
84 121.3 , Est Remaining: 378.2
85 122.7 , Est Remaining: 376.7
86 124.1 , Est Remaining: 375.1
EVENT FAILED
86 124.4 , Est Remaining: 376.1
87 125.8 , Est Remaining: 374.6
88 127.3 , Est Remaining: 373.2
89 128.7 , Est Remaining: 371.7
90 130.2 , Est Remaining: 370.3
91 131.6 , Est Remaining: 368.8
92 133.0 , Est Remaining: 367.3
93 134.5 , Est Remaining: 365.9
94 135.9 , Est Remaining: 364.4
95 137.4 , Est Remaining: 362.9
96 138.8 , Est Remaining: 361.4
97 140.2 , Est Remaining: 359.8
98 141.6 , Est Remaining: 358.3
99 143.0 , Est Remaining: 356.8
100 144.4 , Est Remaining: 355.3
101 145.9 , Est Remaining: 353.8
102 147.3 , Est Remaining: 352.3
103 148.8 , Est Remaining: 351.1
104 150.2 , Est Remaining: 349.6
105 151.7 , Est Remaining: 348.1
106 153.1 , Est Remaining: 346.6
107 154.6 , Est Remaining: 345.3
108 156.0 , Est Remaining: 343.8
109 157.4 , Est Remaining: 342.3
110 158.9 , Est Remaining: 340.9
111 160.3 , Est Remaining: 339.5
112 161.8 , Est Remaining: 338.0
113 163.2 , Est Remaining: 336.6
114 164.7 , Est Remaining: 335.2
115 166.2 , Est Remaining: 333.8
116 167.6 , Est Remaining: 332.3
117 169.1 , Est Remaining: 330.9
118 170.5 , Est Remaining: 329.5
119 172.0 , Est Remaining: 328.2
120 173.5 , Est Remaining: 326.8
121 175.0 , Est Remaining: 325.3
122 176.4 , Est Remaining: 323.9
123 177.9 , Est Remaining: 322.5
124 179.3 , Est Remaining: 321.0
125 180.8 , Est Remaining: 319.6
126 182.2 , Est Remaining: 318.1
127 183.6 , Est Remaining: 316.6
128 185.1 , Est Remaining: 315.2
129 186.5 , Est Remaining: 313.7
130 187.9 , Est Remaining: 312.2
131 189.3 , Est Remaining: 310.7
132 190.8 , Est Remaining: 309.3
133 192.2 , Est Remaining: 307.8
134 193.6 , Est Remaining: 306.4
135 195.1 , Est Remaining: 304.9
136 196.5 , Est Remaining: 303.4
137 197.9 , Est Remaining: 302.0
138 199.4 , Est Remaining: 300.5
139 200.8 , Est Remaining: 299.1
140 202.3 , Est Remaining: 297.6
141 203.7 , Est Remaining: 296.2
142 205.1 , Est Remaining: 294.7
143 206.5 , Est Remaining: 293.2
144 208.0 , Est Remaining: 291.8
145 209.4 , Est Remaining: 290.3
146 210.9 , Est Remaining: 288.8
147 212.3 , Est Remaining: 287.4
148 213.8 , Est Remaining: 286.0
149 215.2 , Est Remaining: 284.5
150 216.6 , Est Remaining: 283.1
151 218.1 , Est Remaining: 281.6
152 219.5 , Est Remaining: 280.2
153 221.0 , Est Remaining: 278.7
154 222.4 , Est Remaining: 277.3
155 223.8 , Est Remaining: 275.8
156 225.2 , Est Remaining: 274.3
157 226.7 , Est Remaining: 272.9
158 228.0 , Est Remaining: 271.3
159 229.4 , Est Remaining: 269.8
160 230.8 , Est Remaining: 268.3
161 232.2 , Est Remaining: 266.8
162 233.6 , Est Remaining: 265.4
163 235.0 , Est Remaining: 263.9
164 236.4 , Est Remaining: 262.4
165 237.8 , Est Remaining: 260.9
166 239.2 , Est Remaining: 259.3
167 240.5 , Est Remaining: 257.8
168 241.9 , Est Remaining: 256.3
169 243.3 , Est Remaining: 254.8
170 244.6 , Est Remaining: 253.3
171 246.0 , Est Remaining: 251.7
172 247.3 , Est Remaining: 250.2
173 248.7 , Est Remaining: 248.7
174 250.0 , Est Remaining: 247.2
175 251.4 , Est Remaining: 245.6
176 252.7 , Est Remaining: 244.1
177 254.1 , Est Remaining: 242.6
178 255.5 , Est Remaining: 241.1
179 256.8 , Est Remaining: 239.6
180 258.1 , Est Remaining: 238.1
181 259.5 , Est Remaining: 236.6
182 260.8 , Est Remaining: 235.0
183 262.1 , Est Remaining: 233.5
184 263.5 , Est Remaining: 232.0
185 264.8 , Est Remaining: 230.5
186 266.1 , Est Remaining: 228.9
187 267.5 , Est Remaining: 227.4
EVENT FAILED
187 267.7 , Est Remaining: 227.7
188 269.1 , Est Remaining: 226.1
189 270.4 , Est Remaining: 224.6
190 271.7 , Est Remaining: 223.1
191 273.1 , Est Remaining: 221.6
192 274.4 , Est Remaining: 220.1
193 275.7 , Est Remaining: 218.6
194 277.0 , Est Remaining: 217.1
195 278.4 , Est Remaining: 215.6
196 279.7 , Est Remaining: 214.0
197 281.0 , Est Remaining: 212.5
198 282.3 , Est Remaining: 211.0
199 283.6 , Est Remaining: 209.5
200 284.9 , Est Remaining: 208.0
201 286.2 , Est Remaining: 206.5
EVENT FAILED
201 286.5 , Est Remaining: 206.7
202 287.9 , Est Remaining: 205.2
203 289.3 , Est Remaining: 203.8
204 290.6 , Est Remaining: 202.3
205 291.9 , Est Remaining: 200.8
206 293.2 , Est Remaining: 199.3
207 294.6 , Est Remaining: 197.8
208 295.9 , Est Remaining: 196.3
209 297.2 , Est Remaining: 194.8
210 298.5 , Est Remaining: 193.3
211 299.8 , Est Remaining: 191.8
212 301.1 , Est Remaining: 190.3
213 302.4 , Est Remaining: 188.8
214 303.8 , Est Remaining: 187.4
215 305.1 , Est Remaining: 185.9
216 306.4 , Est Remaining: 184.4
217 307.7 , Est Remaining: 182.9
218 309.0 , Est Remaining: 181.4
219 310.3 , Est Remaining: 180.0
220 311.7 , Est Remaining: 178.5
221 313.0 , Est Remaining: 177.0
222 314.3 , Est Remaining: 175.6
223 315.6 , Est Remaining: 174.1
224 317.0 , Est Remaining: 172.6
225 318.3 , Est Remaining: 171.2
226 319.7 , Est Remaining: 169.7
227 321.0 , Est Remaining: 168.3
EVENT FAILED
227 321.3 , Est Remaining: 168.5
228 322.7 , Est Remaining: 167.0
229 324.1 , Est Remaining: 165.6
230 325.5 , Est Remaining: 164.1
231 326.8 , Est Remaining: 162.7
232 328.2 , Est Remaining: 161.3
233 329.6 , Est Remaining: 159.9
EVENT FAILED
233 330.4 , Est Remaining: 160.2
234 331.8 , Est Remaining: 158.8
235 333.2 , Est Remaining: 157.4
236 334.5 , Est Remaining: 155.9
237 335.9 , Est Remaining: 154.5
238 337.3 , Est Remaining: 153.1
239 338.7 , Est Remaining: 151.6
240 340.1 , Est Remaining: 150.2
241 341.6 , Est Remaining: 148.8
242 343.0 , Est Remaining: 147.4
243 344.4 , Est Remaining: 146.0
244 345.8 , Est Remaining: 144.6
245 347.3 , Est Remaining: 143.2
246 348.7 , Est Remaining: 141.7
247 350.1 , Est Remaining: 140.3
248 351.5 , Est Remaining: 138.9
249 353.0 , Est Remaining: 137.5
250 354.4 , Est Remaining: 136.1
251 355.9 , Est Remaining: 134.7
252 357.3 , Est Remaining: 133.3
253 358.8 , Est Remaining: 131.9
254 360.3 , Est Remaining: 130.5
255 361.7 , Est Remaining: 129.1
256 363.3 , Est Remaining: 127.7
257 364.7 , Est Remaining: 126.3
258 366.2 , Est Remaining: 124.9
259 367.7 , Est Remaining: 123.5
260 369.1 , Est Remaining: 122.1
261 370.6 , Est Remaining: 120.7
262 372.0 , Est Remaining: 119.3
263 373.5 , Est Remaining: 117.9
264 374.9 , Est Remaining: 116.5
EVENT FAILED
264 375.2 , Est Remaining: 116.6
265 376.7 , Est Remaining: 115.1
266 378.2 , Est Remaining: 113.7
267 379.6 , Est Remaining: 112.3
268 381.1 , Est Remaining: 110.9
269 382.5 , Est Remaining: 109.5
270 383.9 , Est Remaining: 108.1
271 385.4 , Est Remaining: 106.7
272 386.8 , Est Remaining: 105.2
273 388.3 , Est Remaining: 103.8
274 389.7 , Est Remaining: 102.4
275 391.2 , Est Remaining: 101.0
276 392.6 , Est Remaining: 99.6
277 394.0 , Est Remaining: 98.2
278 395.5 , Est Remaining: 96.7
279 396.9 , Est Remaining: 95.3
280 398.4 , Est Remaining: 93.9
281 399.8 , Est Remaining: 92.5
282 401.3 , Est Remaining: 91.1
283 402.7 , Est Remaining: 89.6
284 404.2 , Est Remaining: 88.2
285 405.6 , Est Remaining: 86.8
286 407.0 , Est Remaining: 85.4
287 408.4 , Est Remaining: 84.0
288 409.9 , Est Remaining: 82.5
289 411.3 , Est Remaining: 81.1
290 412.7 , Est Remaining: 79.7
291 414.1 , Est Remaining: 78.3
292 415.5 , Est Remaining: 76.8
293 417.0 , Est Remaining: 75.4
294 418.4 , Est Remaining: 74.0
295 419.8 , Est Remaining: 72.6
296 421.3 , Est Remaining: 71.2
297 422.7 , Est Remaining: 69.7
298 424.1 , Est Remaining: 68.3
299 425.6 , Est Remaining: 66.9
300 427.0 , Est Remaining: 65.5
301 428.6 , Est Remaining: 64.1
302 430.0 , Est Remaining: 62.7
303 431.5 , Est Remaining: 61.2
304 432.9 , Est Remaining: 59.8
305 434.3 , Est Remaining: 58.4
306 435.8 , Est Remaining: 57.0
307 437.2 , Est Remaining: 55.5
EVENT FAILED
307 437.5 , Est Remaining: 55.6
308 438.9 , Est Remaining: 54.2
309 440.4 , Est Remaining: 52.7
310 441.8 , Est Remaining: 51.3
311 443.2 , Est Remaining: 49.9
312 444.6 , Est Remaining: 48.5
313 446.1 , Est Remaining: 47.0
314 447.5 , Est Remaining: 45.6
315 448.9 , Est Remaining: 44.2
316 450.4 , Est Remaining: 42.8
317 451.8 , Est Remaining: 41.3
318 453.2 , Est Remaining: 39.9
319 454.7 , Est Remaining: 38.5
320 456.1 , Est Remaining: 37.1
321 457.6 , Est Remaining: 35.6
322 459.0 , Est Remaining: 34.2
323 460.4 , Est Remaining: 32.8
324 461.9 , Est Remaining: 31.4
325 463.3 , Est Remaining: 29.9
326 464.8 , Est Remaining: 28.5
327 466.2 , Est Remaining: 27.1
328 467.6 , Est Remaining: 25.7
329 469.1 , Est Remaining: 24.2
330 470.5 , Est Remaining: 22.8
331 471.9 , Est Remaining: 21.4
332 473.4 , Est Remaining: 20.0
333 474.8 , Est Remaining: 18.5
334 476.2 , Est Remaining: 17.1
335 477.6 , Est Remaining: 15.7
336 479.0 , Est Remaining: 14.3
