Note: NumExpr detected 32 cores but "NUMEXPR_MAX_THREADS" not set, so enforcing safe limit of 8.
Using selector: EpollSelector
/n/home02/jhaefner/miniconda/envs/IC-3.7-2020-06-16/lib/python3.7/site-packages/scipy/optimize/minpack.py:808: OptimizeWarning: Covariance of the parameters could not be estimated
  category=OptimizeWarning)
Total rwfs: 346
0 0.0 , Est Remaining: 999999.9
1 1.5 , Est Remaining: 511.1
2 2.8 , Est Remaining: 482.7
3 4.3 , Est Remaining: 491.4
4 5.8 , Est Remaining: 492.8
5 7.3 , Est Remaining: 494.8
6 8.7 , Est Remaining: 494.8
EVENT FAILED
6 9.0 , Est Remaining: 512.7
7 10.5 , Est Remaining: 508.0
8 11.9 , Est Remaining: 504.5
9 13.4 , Est Remaining: 500.7
10 14.8 , Est Remaining: 497.9
11 16.3 , Est Remaining: 496.3
12 17.8 , Est Remaining: 494.6
13 19.2 , Est Remaining: 492.2
14 20.7 , Est Remaining: 490.3
15 22.1 , Est Remaining: 488.1
16 23.6 , Est Remaining: 486.2
17 25.1 , Est Remaining: 484.8
18 26.5 , Est Remaining: 483.0
19 28.0 , Est Remaining: 481.1
20 29.4 , Est Remaining: 479.5
21 30.9 , Est Remaining: 477.5
22 32.3 , Est Remaining: 475.9
23 33.8 , Est Remaining: 474.2
24 35.2 , Est Remaining: 472.5
25 36.7 , Est Remaining: 471.1
26 38.1 , Est Remaining: 469.3
27 39.6 , Est Remaining: 468.0
28 41.1 , Est Remaining: 466.4
29 42.5 , Est Remaining: 464.9
30 44.0 , Est Remaining: 463.2
31 45.4 , Est Remaining: 461.6
EVENT FAILED
31 45.7 , Est Remaining: 464.7
32 47.2 , Est Remaining: 462.9
33 48.6 , Est Remaining: 461.0
34 50.1 , Est Remaining: 459.4
35 51.5 , Est Remaining: 457.6
36 52.9 , Est Remaining: 455.9
EVENT FAILED
36 53.3 , Est Remaining: 458.6
37 54.7 , Est Remaining: 456.7
38 56.1 , Est Remaining: 455.0
39 57.6 , Est Remaining: 453.2
40 59.1 , Est Remaining: 451.8
41 60.5 , Est Remaining: 450.1
42 61.9 , Est Remaining: 448.4
43 63.4 , Est Remaining: 446.7
44 64.8 , Est Remaining: 445.1
45 66.3 , Est Remaining: 443.4
46 67.7 , Est Remaining: 441.8
47 69.2 , Est Remaining: 440.2
48 70.6 , Est Remaining: 438.6
49 72.1 , Est Remaining: 437.0
50 73.6 , Est Remaining: 435.5
51 75.0 , Est Remaining: 433.8
52 76.5 , Est Remaining: 432.3
53 77.9 , Est Remaining: 430.7
54 79.4 , Est Remaining: 429.1
55 80.8 , Est Remaining: 427.6
56 82.3 , Est Remaining: 426.0
57 83.7 , Est Remaining: 424.4
58 85.1 , Est Remaining: 422.8
59 86.6 , Est Remaining: 421.0
60 88.0 , Est Remaining: 419.4
61 89.4 , Est Remaining: 417.9
62 90.9 , Est Remaining: 416.3
63 92.3 , Est Remaining: 414.8
64 93.8 , Est Remaining: 413.3
EVENT FAILED
64 94.1 , Est Remaining: 414.7
65 95.6 , Est Remaining: 413.1
66 97.0 , Est Remaining: 411.5
67 98.5 , Est Remaining: 410.0
68 99.9 , Est Remaining: 408.5
69 101.4 , Est Remaining: 406.9
70 102.8 , Est Remaining: 405.4
71 104.2 , Est Remaining: 403.8
72 105.7 , Est Remaining: 402.2
73 107.1 , Est Remaining: 400.7
74 108.6 , Est Remaining: 399.1
75 110.0 , Est Remaining: 397.6
76 111.5 , Est Remaining: 396.1
77 112.9 , Est Remaining: 394.6
78 114.4 , Est Remaining: 393.1
79 115.8 , Est Remaining: 391.5
80 117.3 , Est Remaining: 390.0
81 118.7 , Est Remaining: 388.4
82 120.2 , Est Remaining: 386.9
83 121.6 , Est Remaining: 385.3
84 123.0 , Est Remaining: 383.7
85 124.4 , Est Remaining: 382.0
86 125.9 , Est Remaining: 380.5
87 127.3 , Est Remaining: 378.9
EVENT FAILED
87 127.6 , Est Remaining: 379.8
88 129.0 , Est Remaining: 378.1
89 130.4 , Est Remaining: 376.5
90 131.8 , Est Remaining: 374.8
91 133.2 , Est Remaining: 373.2
EVENT FAILED
91 133.5 , Est Remaining: 374.0
92 134.9 , Est Remaining: 372.4
93 136.3 , Est Remaining: 370.7
94 137.7 , Est Remaining: 369.1
95 139.1 , Est Remaining: 367.5
96 140.5 , Est Remaining: 365.9
EVENT FAILED
96 140.8 , Est Remaining: 366.7
97 142.2 , Est Remaining: 365.0
98 143.6 , Est Remaining: 363.4
99 145.0 , Est Remaining: 361.7
100 146.4 , Est Remaining: 360.1
101 147.8 , Est Remaining: 358.5
102 149.2 , Est Remaining: 356.9
103 150.7 , Est Remaining: 355.4
104 152.1 , Est Remaining: 353.8
105 153.5 , Est Remaining: 352.3
106 154.9 , Est Remaining: 350.6
107 156.3 , Est Remaining: 349.1
108 157.7 , Est Remaining: 347.5
109 159.1 , Est Remaining: 345.9
110 160.5 , Est Remaining: 344.3
EVENT FAILED
110 160.8 , Est Remaining: 345.0
111 162.2 , Est Remaining: 343.4
112 163.6 , Est Remaining: 341.8
EVENT FAILED
112 163.9 , Est Remaining: 342.4
113 165.3 , Est Remaining: 340.8
114 166.6 , Est Remaining: 339.1
EVENT FAILED
114 166.9 , Est Remaining: 339.8
115 168.3 , Est Remaining: 338.1
116 169.7 , Est Remaining: 336.5
117 171.1 , Est Remaining: 334.9
118 172.5 , Est Remaining: 333.3
119 173.9 , Est Remaining: 331.7
120 175.3 , Est Remaining: 330.1
121 176.7 , Est Remaining: 328.5
122 178.1 , Est Remaining: 327.0
123 179.5 , Est Remaining: 325.4
124 180.8 , Est Remaining: 323.8
125 182.2 , Est Remaining: 322.2
126 183.6 , Est Remaining: 320.6
127 185.0 , Est Remaining: 319.1
128 186.4 , Est Remaining: 317.5
EVENT FAILED
128 186.7 , Est Remaining: 318.0
129 188.1 , Est Remaining: 316.4
130 189.5 , Est Remaining: 314.9
131 190.9 , Est Remaining: 313.3
EVENT FAILED
131 191.2 , Est Remaining: 313.8
132 192.6 , Est Remaining: 312.2
133 194.0 , Est Remaining: 310.7
134 195.4 , Est Remaining: 309.1
135 196.8 , Est Remaining: 307.6
136 198.2 , Est Remaining: 306.0
137 199.6 , Est Remaining: 304.5
138 200.9 , Est Remaining: 302.9
139 202.3 , Est Remaining: 301.3
140 203.7 , Est Remaining: 299.7
141 205.0 , Est Remaining: 298.1
142 206.4 , Est Remaining: 296.5
143 207.8 , Est Remaining: 295.0
144 209.2 , Est Remaining: 293.4
145 210.6 , Est Remaining: 291.9
146 212.0 , Est Remaining: 290.4
147 213.4 , Est Remaining: 288.9
148 214.8 , Est Remaining: 287.4
149 216.2 , Est Remaining: 285.8
150 217.6 , Est Remaining: 284.3
151 219.0 , Est Remaining: 282.8
152 220.4 , Est Remaining: 281.3
153 221.8 , Est Remaining: 279.8
154 223.2 , Est Remaining: 278.3
155 224.6 , Est Remaining: 276.8
156 226.1 , Est Remaining: 275.3
157 227.5 , Est Remaining: 273.8
158 228.9 , Est Remaining: 272.3
159 230.3 , Est Remaining: 270.9
160 231.7 , Est Remaining: 269.4
161 233.2 , Est Remaining: 267.9
162 234.6 , Est Remaining: 266.5
163 236.1 , Est Remaining: 265.0
164 237.5 , Est Remaining: 263.6
165 238.9 , Est Remaining: 262.1
166 240.3 , Est Remaining: 260.6
167 241.8 , Est Remaining: 259.2
168 243.2 , Est Remaining: 257.7
169 244.7 , Est Remaining: 256.3
170 246.1 , Est Remaining: 254.8
171 247.5 , Est Remaining: 253.3
EVENT FAILED
171 247.8 , Est Remaining: 253.6
172 249.2 , Est Remaining: 252.1
173 250.6 , Est Remaining: 250.6
174 252.0 , Est Remaining: 249.1
EVENT FAILED
174 252.3 , Est Remaining: 249.4
175 253.8 , Est Remaining: 248.0
EVENT FAILED
175 254.1 , Est Remaining: 248.3
176 255.5 , Est Remaining: 246.8
177 257.0 , Est Remaining: 245.4
178 258.4 , Est Remaining: 243.9
179 259.8 , Est Remaining: 242.4
180 261.3 , Est Remaining: 240.9
181 262.7 , Est Remaining: 239.5
182 264.1 , Est Remaining: 238.0
183 265.6 , Est Remaining: 236.5
184 267.0 , Est Remaining: 235.1
185 268.4 , Est Remaining: 233.6
186 269.9 , Est Remaining: 232.1
187 271.3 , Est Remaining: 230.7
188 272.8 , Est Remaining: 229.2
189 274.2 , Est Remaining: 227.7
190 275.6 , Est Remaining: 226.3
191 277.0 , Est Remaining: 224.8
192 278.5 , Est Remaining: 223.4
193 279.9 , Est Remaining: 221.9
194 281.3 , Est Remaining: 220.4
195 282.8 , Est Remaining: 219.0
196 284.2 , Est Remaining: 217.5
197 285.6 , Est Remaining: 216.0
198 287.1 , Est Remaining: 214.6
199 288.5 , Est Remaining: 213.1
200 289.9 , Est Remaining: 211.6
201 291.3 , Est Remaining: 210.2
202 292.8 , Est Remaining: 208.7
203 294.3 , Est Remaining: 207.3
204 295.8 , Est Remaining: 205.9
205 297.2 , Est Remaining: 204.4
206 298.6 , Est Remaining: 203.0
207 300.1 , Est Remaining: 201.5
208 301.6 , Est Remaining: 200.1
209 303.0 , Est Remaining: 198.6
210 304.4 , Est Remaining: 197.1
211 305.8 , Est Remaining: 195.7
212 307.3 , Est Remaining: 194.2
213 308.7 , Est Remaining: 192.8
214 310.1 , Est Remaining: 191.3
215 311.6 , Est Remaining: 189.8
216 313.0 , Est Remaining: 188.4
217 314.4 , Est Remaining: 186.9
218 315.9 , Est Remaining: 185.5
219 317.3 , Est Remaining: 184.0
220 318.8 , Est Remaining: 182.6
221 320.2 , Est Remaining: 181.1
222 321.7 , Est Remaining: 179.7
223 323.1 , Est Remaining: 178.2
224 324.6 , Est Remaining: 176.8
225 326.0 , Est Remaining: 175.3
226 327.5 , Est Remaining: 173.9
227 328.9 , Est Remaining: 172.4
228 330.4 , Est Remaining: 171.0
229 331.8 , Est Remaining: 169.5
230 333.3 , Est Remaining: 168.1
231 334.7 , Est Remaining: 166.6
232 336.2 , Est Remaining: 165.2
233 337.6 , Est Remaining: 163.7
234 339.1 , Est Remaining: 162.3
235 340.5 , Est Remaining: 160.8
236 342.0 , Est Remaining: 159.4
237 343.4 , Est Remaining: 157.9
238 344.8 , Est Remaining: 156.5
239 346.3 , Est Remaining: 155.0
240 347.7 , Est Remaining: 153.6
241 349.1 , Est Remaining: 152.1
242 350.6 , Est Remaining: 150.7
243 352.0 , Est Remaining: 149.2
244 353.5 , Est Remaining: 147.8
245 354.9 , Est Remaining: 146.3
246 356.3 , Est Remaining: 144.9
247 357.8 , Est Remaining: 143.4
248 359.2 , Est Remaining: 141.9
249 360.6 , Est Remaining: 140.5
250 362.1 , Est Remaining: 139.0
251 363.5 , Est Remaining: 137.6
252 365.0 , Est Remaining: 136.1
253 366.4 , Est Remaining: 134.7
254 367.8 , Est Remaining: 133.2
255 369.2 , Est Remaining: 131.8
256 370.6 , Est Remaining: 130.3
257 372.1 , Est Remaining: 128.9
258 373.5 , Est Remaining: 127.4
259 375.0 , Est Remaining: 126.0
260 376.5 , Est Remaining: 124.5
261 377.9 , Est Remaining: 123.1
262 379.4 , Est Remaining: 121.6
263 380.9 , Est Remaining: 120.2
264 382.3 , Est Remaining: 118.8
265 383.8 , Est Remaining: 117.3
266 385.2 , Est Remaining: 115.9
267 386.7 , Est Remaining: 114.4
268 388.2 , Est Remaining: 113.0
269 389.6 , Est Remaining: 111.5
270 391.1 , Est Remaining: 110.1
271 392.5 , Est Remaining: 108.6
272 394.0 , Est Remaining: 107.2
273 395.4 , Est Remaining: 105.7
274 396.9 , Est Remaining: 104.3
275 398.3 , Est Remaining: 102.8
276 399.8 , Est Remaining: 101.4
277 401.2 , Est Remaining: 99.9
278 402.7 , Est Remaining: 98.5
279 404.1 , Est Remaining: 97.0
280 405.6 , Est Remaining: 95.6
281 407.0 , Est Remaining: 94.2
282 408.5 , Est Remaining: 92.7
283 409.9 , Est Remaining: 91.3
284 411.4 , Est Remaining: 89.8
285 412.9 , Est Remaining: 88.4
286 414.3 , Est Remaining: 86.9
287 415.8 , Est Remaining: 85.5
288 417.2 , Est Remaining: 84.0
289 418.6 , Est Remaining: 82.6
290 420.1 , Est Remaining: 81.1
291 421.5 , Est Remaining: 79.7
292 422.9 , Est Remaining: 78.2
293 424.4 , Est Remaining: 76.8
294 425.8 , Est Remaining: 75.3
295 427.2 , Est Remaining: 73.9
296 428.7 , Est Remaining: 72.4
297 430.1 , Est Remaining: 71.0
298 431.6 , Est Remaining: 69.5
299 433.0 , Est Remaining: 68.1
300 434.4 , Est Remaining: 66.6
301 435.9 , Est Remaining: 65.2
302 437.5 , Est Remaining: 63.7
303 438.9 , Est Remaining: 62.3
304 440.3 , Est Remaining: 60.8
305 441.8 , Est Remaining: 59.4
306 443.2 , Est Remaining: 57.9
307 444.7 , Est Remaining: 56.5
308 446.1 , Est Remaining: 55.0
309 447.5 , Est Remaining: 53.6
310 449.0 , Est Remaining: 52.1
311 450.4 , Est Remaining: 50.7
312 451.9 , Est Remaining: 49.2
313 453.3 , Est Remaining: 47.8
314 454.7 , Est Remaining: 46.3
315 456.1 , Est Remaining: 44.9
316 457.5 , Est Remaining: 43.4
317 458.9 , Est Remaining: 42.0
EVENT FAILED
317 459.2 , Est Remaining: 42.0
318 460.6 , Est Remaining: 40.6
319 462.0 , Est Remaining: 39.1
EVENT FAILED
319 462.3 , Est Remaining: 39.1
320 463.6 , Est Remaining: 37.7
321 464.9 , Est Remaining: 36.2
322 466.3 , Est Remaining: 34.8
323 467.7 , Est Remaining: 33.3
324 469.1 , Est Remaining: 31.8
325 470.4 , Est Remaining: 30.4
EVENT FAILED
325 470.7 , Est Remaining: 30.4
326 472.1 , Est Remaining: 29.0
327 473.4 , Est Remaining: 27.5
