Note: NumExpr detected 32 cores but "NUMEXPR_MAX_THREADS" not set, so enforcing safe limit of 8.
Using selector: EpollSelector
/n/home02/jhaefner/miniconda/envs/IC-3.7-2020-06-16/lib/python3.7/site-packages/scipy/optimize/minpack.py:808: OptimizeWarning: Covariance of the parameters could not be estimated
  category=OptimizeWarning)
Total rwfs: 346
0 0.0 , Est Remaining: 999999.9
1 1.6 , Est Remaining: 538.0
2 3.1 , Est Remaining: 526.1
3 4.6 , Est Remaining: 526.4
4 6.1 , Est Remaining: 523.8
5 7.6 , Est Remaining: 519.5
6 9.1 , Est Remaining: 516.4
7 10.6 , Est Remaining: 512.7
8 12.1 , Est Remaining: 509.5
9 13.5 , Est Remaining: 506.8
10 15.0 , Est Remaining: 503.8
11 16.5 , Est Remaining: 502.2
EVENT FAILED
11 16.8 , Est Remaining: 512.7
12 18.3 , Est Remaining: 509.8
13 19.8 , Est Remaining: 506.5
14 21.2 , Est Remaining: 503.1
15 22.7 , Est Remaining: 500.2
16 24.1 , Est Remaining: 497.5
17 25.6 , Est Remaining: 494.7
18 27.0 , Est Remaining: 492.4
19 28.5 , Est Remaining: 489.8
20 29.9 , Est Remaining: 487.5
21 31.4 , Est Remaining: 485.5
22 32.9 , Est Remaining: 483.8
23 34.3 , Est Remaining: 482.1
24 35.8 , Est Remaining: 480.0
25 37.2 , Est Remaining: 477.9
26 38.7 , Est Remaining: 476.2
27 40.1 , Est Remaining: 474.2
28 41.6 , Est Remaining: 472.3
29 43.0 , Est Remaining: 470.5
30 44.5 , Est Remaining: 468.8
31 45.9 , Est Remaining: 466.8
32 47.4 , Est Remaining: 464.9
33 48.8 , Est Remaining: 463.1
34 50.3 , Est Remaining: 461.1
35 51.7 , Est Remaining: 459.4
36 53.1 , Est Remaining: 457.5
EVENT FAILED
36 53.4 , Est Remaining: 460.2
37 54.9 , Est Remaining: 458.4
38 56.4 , Est Remaining: 456.8
39 57.8 , Est Remaining: 455.2
40 59.3 , Est Remaining: 453.6
41 60.7 , Est Remaining: 451.8
42 62.2 , Est Remaining: 450.1
43 63.6 , Est Remaining: 448.3
44 65.1 , Est Remaining: 446.6
45 66.5 , Est Remaining: 444.8
46 67.9 , Est Remaining: 443.0
47 69.4 , Est Remaining: 441.3
48 70.8 , Est Remaining: 439.5
49 72.2 , Est Remaining: 437.7
50 73.6 , Est Remaining: 436.0
51 75.1 , Est Remaining: 434.3
52 76.5 , Est Remaining: 432.7
53 77.9 , Est Remaining: 430.9
54 79.4 , Est Remaining: 429.2
55 80.8 , Est Remaining: 427.6
56 82.2 , Est Remaining: 425.9
57 83.7 , Est Remaining: 424.3
58 85.1 , Est Remaining: 422.6
59 86.6 , Est Remaining: 421.0
60 88.0 , Est Remaining: 419.5
61 89.4 , Est Remaining: 417.9
62 90.9 , Est Remaining: 416.3
63 92.3 , Est Remaining: 414.7
64 93.8 , Est Remaining: 413.2
65 95.2 , Est Remaining: 411.7
66 96.7 , Est Remaining: 410.2
67 98.1 , Est Remaining: 408.7
68 99.6 , Est Remaining: 407.1
69 101.0 , Est Remaining: 405.7
70 102.5 , Est Remaining: 404.1
71 104.0 , Est Remaining: 402.8
72 105.5 , Est Remaining: 401.4
73 106.9 , Est Remaining: 399.9
74 108.3 , Est Remaining: 398.2
75 109.8 , Est Remaining: 396.8
76 111.3 , Est Remaining: 395.3
77 112.7 , Est Remaining: 393.8
78 114.2 , Est Remaining: 392.3
79 115.6 , Est Remaining: 390.7
80 117.1 , Est Remaining: 389.3
81 118.5 , Est Remaining: 387.8
82 120.0 , Est Remaining: 386.3
83 121.5 , Est Remaining: 384.9
84 122.9 , Est Remaining: 383.4
85 124.4 , Est Remaining: 381.9
86 125.8 , Est Remaining: 380.4
87 127.3 , Est Remaining: 378.9
88 128.7 , Est Remaining: 377.4
89 130.2 , Est Remaining: 375.9
90 131.6 , Est Remaining: 374.5
91 133.1 , Est Remaining: 373.0
92 134.6 , Est Remaining: 371.5
93 136.1 , Est Remaining: 370.1
EVENT FAILED
93 136.4 , Est Remaining: 370.9
94 137.8 , Est Remaining: 369.5
95 139.3 , Est Remaining: 368.0
96 140.7 , Est Remaining: 366.5
97 142.2 , Est Remaining: 365.0
98 143.7 , Est Remaining: 363.5
99 145.1 , Est Remaining: 362.1
100 146.6 , Est Remaining: 360.6
101 148.1 , Est Remaining: 359.2
102 149.5 , Est Remaining: 357.7
103 151.0 , Est Remaining: 356.3
104 152.5 , Est Remaining: 354.8
105 154.0 , Est Remaining: 353.4
106 155.4 , Est Remaining: 351.9
107 156.9 , Est Remaining: 350.4
108 158.4 , Est Remaining: 349.0
109 159.8 , Est Remaining: 347.5
EVENT FAILED
109 160.1 , Est Remaining: 348.2
110 161.6 , Est Remaining: 346.7
111 163.1 , Est Remaining: 345.2
112 164.5 , Est Remaining: 343.7
113 165.9 , Est Remaining: 342.2
114 167.4 , Est Remaining: 340.6
115 168.8 , Est Remaining: 339.1
116 170.3 , Est Remaining: 337.6
117 171.7 , Est Remaining: 336.1
118 173.1 , Est Remaining: 334.6
119 174.6 , Est Remaining: 333.1
120 176.1 , Est Remaining: 331.6
121 177.5 , Est Remaining: 330.1
122 179.0 , Est Remaining: 328.6
123 180.4 , Est Remaining: 327.0
124 181.8 , Est Remaining: 325.5
125 183.3 , Est Remaining: 324.0
126 184.7 , Est Remaining: 322.5
127 186.2 , Est Remaining: 321.1
128 187.6 , Est Remaining: 319.5
129 189.0 , Est Remaining: 318.0
130 190.5 , Est Remaining: 316.5
131 191.9 , Est Remaining: 315.0
132 193.4 , Est Remaining: 313.5
133 194.8 , Est Remaining: 312.0
EVENT FAILED
133 195.1 , Est Remaining: 312.5
134 196.5 , Est Remaining: 310.9
135 198.0 , Est Remaining: 309.4
136 199.4 , Est Remaining: 307.9
137 200.9 , Est Remaining: 306.4
138 202.3 , Est Remaining: 305.0
139 203.8 , Est Remaining: 303.5
140 205.2 , Est Remaining: 301.9
141 206.6 , Est Remaining: 300.4
142 208.1 , Est Remaining: 298.9
143 209.5 , Est Remaining: 297.4
144 210.9 , Est Remaining: 295.9
EVENT FAILED
144 211.3 , Est Remaining: 296.3
145 212.7 , Est Remaining: 294.8
146 214.1 , Est Remaining: 293.3
147 215.5 , Est Remaining: 291.8
EVENT FAILED
147 215.9 , Est Remaining: 292.2
148 217.3 , Est Remaining: 290.7
149 218.7 , Est Remaining: 289.2
150 220.2 , Est Remaining: 287.7
151 221.6 , Est Remaining: 286.2
152 223.0 , Est Remaining: 284.7
153 224.5 , Est Remaining: 283.2
154 225.9 , Est Remaining: 281.7
155 227.4 , Est Remaining: 280.2
156 228.8 , Est Remaining: 278.7
157 230.3 , Est Remaining: 277.2
158 231.8 , Est Remaining: 275.8
159 233.3 , Est Remaining: 274.3
160 234.7 , Est Remaining: 272.8
161 236.2 , Est Remaining: 271.4
162 237.6 , Est Remaining: 269.9
163 239.1 , Est Remaining: 268.4
164 240.5 , Est Remaining: 266.9
165 242.0 , Est Remaining: 265.4
166 243.4 , Est Remaining: 263.9
167 244.8 , Est Remaining: 262.4
168 246.3 , Est Remaining: 260.9
169 247.7 , Est Remaining: 259.4
170 249.2 , Est Remaining: 258.0
171 250.6 , Est Remaining: 256.5
172 252.0 , Est Remaining: 255.0
173 253.5 , Est Remaining: 253.5
174 254.9 , Est Remaining: 252.0
175 256.4 , Est Remaining: 250.5
176 257.8 , Est Remaining: 249.0
177 259.3 , Est Remaining: 247.6
178 260.7 , Est Remaining: 246.1
179 262.2 , Est Remaining: 244.6
180 263.6 , Est Remaining: 243.1
181 265.0 , Est Remaining: 241.6
182 266.5 , Est Remaining: 240.1
183 267.9 , Est Remaining: 238.6
184 269.4 , Est Remaining: 237.1
185 270.8 , Est Remaining: 235.7
186 272.2 , Est Remaining: 234.2
187 273.7 , Est Remaining: 232.7
188 275.1 , Est Remaining: 231.2
189 276.6 , Est Remaining: 229.8
190 278.0 , Est Remaining: 228.3
191 279.4 , Est Remaining: 226.8
EVENT FAILED
191 279.8 , Est Remaining: 227.0
EVENT FAILED
191 280.1 , Est Remaining: 227.3
192 281.5 , Est Remaining: 225.8
193 283.0 , Est Remaining: 224.3
194 284.4 , Est Remaining: 222.8
195 285.9 , Est Remaining: 221.4
196 287.3 , Est Remaining: 219.9
197 288.8 , Est Remaining: 218.4
198 290.2 , Est Remaining: 216.9
199 291.6 , Est Remaining: 215.4
200 293.1 , Est Remaining: 214.0
201 294.6 , Est Remaining: 212.5
202 296.1 , Est Remaining: 211.0
203 297.6 , Est Remaining: 209.7
204 299.1 , Est Remaining: 208.2
205 300.5 , Est Remaining: 206.7
206 302.0 , Est Remaining: 205.2
207 303.4 , Est Remaining: 203.7
208 304.9 , Est Remaining: 202.3
209 306.3 , Est Remaining: 200.8
210 307.8 , Est Remaining: 199.3
211 309.2 , Est Remaining: 197.8
212 310.7 , Est Remaining: 196.4
213 312.1 , Est Remaining: 194.9
214 313.6 , Est Remaining: 193.4
215 315.0 , Est Remaining: 191.9
216 316.5 , Est Remaining: 190.5
217 317.9 , Est Remaining: 189.0
218 319.4 , Est Remaining: 187.5
219 320.8 , Est Remaining: 186.0
220 322.2 , Est Remaining: 184.6
221 323.7 , Est Remaining: 183.1
222 325.1 , Est Remaining: 181.6
223 326.6 , Est Remaining: 180.1
224 328.0 , Est Remaining: 178.7
225 329.5 , Est Remaining: 177.2
226 330.9 , Est Remaining: 175.7
227 332.4 , Est Remaining: 174.3
228 333.9 , Est Remaining: 172.8
229 335.3 , Est Remaining: 171.3
230 336.8 , Est Remaining: 169.9
231 338.2 , Est Remaining: 168.4
232 339.7 , Est Remaining: 166.9
233 341.1 , Est Remaining: 165.4
234 342.6 , Est Remaining: 164.0
235 344.0 , Est Remaining: 162.5
236 345.5 , Est Remaining: 161.0
237 346.9 , Est Remaining: 159.6
238 348.4 , Est Remaining: 158.1
239 349.8 , Est Remaining: 156.6
240 351.3 , Est Remaining: 155.2
241 352.8 , Est Remaining: 153.7
242 354.2 , Est Remaining: 152.2
243 355.7 , Est Remaining: 150.8
244 357.2 , Est Remaining: 149.3
245 358.6 , Est Remaining: 147.8
246 360.1 , Est Remaining: 146.4
247 361.5 , Est Remaining: 144.9
248 363.0 , Est Remaining: 143.4
249 364.4 , Est Remaining: 142.0
EVENT FAILED
249 364.7 , Est Remaining: 142.1
250 366.2 , Est Remaining: 140.6
251 367.7 , Est Remaining: 139.2
252 369.1 , Est Remaining: 137.7
253 370.6 , Est Remaining: 136.2
254 372.0 , Est Remaining: 134.7
255 373.4 , Est Remaining: 133.3
256 374.9 , Est Remaining: 131.8
257 376.4 , Est Remaining: 130.3
258 377.8 , Est Remaining: 128.9
259 379.2 , Est Remaining: 127.4
260 380.6 , Est Remaining: 125.9
261 382.0 , Est Remaining: 124.4
262 383.4 , Est Remaining: 122.9
EVENT FAILED
262 383.7 , Est Remaining: 123.0
263 385.1 , Est Remaining: 121.5
264 386.5 , Est Remaining: 120.1
EVENT FAILED
264 386.8 , Est Remaining: 120.2
265 388.2 , Est Remaining: 118.7
266 389.7 , Est Remaining: 117.2
267 391.1 , Est Remaining: 115.7
268 392.5 , Est Remaining: 114.2
269 393.9 , Est Remaining: 112.7
EVENT FAILED
269 394.2 , Est Remaining: 112.8
270 395.6 , Est Remaining: 111.3
271 397.0 , Est Remaining: 109.9
272 398.4 , Est Remaining: 108.4
273 399.7 , Est Remaining: 106.9
274 401.1 , Est Remaining: 105.4
275 402.5 , Est Remaining: 103.9
276 403.9 , Est Remaining: 102.4
277 405.3 , Est Remaining: 101.0
278 406.7 , Est Remaining: 99.5
EVENT FAILED
278 407.0 , Est Remaining: 99.5
279 408.4 , Est Remaining: 98.1
280 409.7 , Est Remaining: 96.6
281 411.1 , Est Remaining: 95.1
282 412.5 , Est Remaining: 93.6
283 413.9 , Est Remaining: 92.1
284 415.3 , Est Remaining: 90.7
285 416.7 , Est Remaining: 89.2
286 418.1 , Est Remaining: 87.7
287 419.5 , Est Remaining: 86.2
288 420.8 , Est Remaining: 84.8
289 422.2 , Est Remaining: 83.3
290 423.6 , Est Remaining: 81.8
291 425.0 , Est Remaining: 80.3
292 426.3 , Est Remaining: 78.8
293 427.7 , Est Remaining: 77.4
294 429.1 , Est Remaining: 75.9
295 430.4 , Est Remaining: 74.4
296 431.8 , Est Remaining: 72.9
297 433.2 , Est Remaining: 71.5
298 434.5 , Est Remaining: 70.0
EVENT FAILED
298 434.8 , Est Remaining: 70.0
299 436.2 , Est Remaining: 68.6
300 437.6 , Est Remaining: 67.1
301 439.0 , Est Remaining: 65.6
302 440.5 , Est Remaining: 64.2
303 441.9 , Est Remaining: 62.7
304 443.3 , Est Remaining: 61.2
305 444.7 , Est Remaining: 59.8
306 446.0 , Est Remaining: 58.3
307 447.4 , Est Remaining: 56.8
308 448.7 , Est Remaining: 55.4
309 450.1 , Est Remaining: 53.9
310 451.4 , Est Remaining: 52.4
311 452.8 , Est Remaining: 51.0
312 454.2 , Est Remaining: 49.5
313 455.5 , Est Remaining: 48.0
314 456.9 , Est Remaining: 46.6
315 458.2 , Est Remaining: 45.1
316 459.6 , Est Remaining: 43.6
317 460.9 , Est Remaining: 42.2
318 462.3 , Est Remaining: 40.7
319 463.6 , Est Remaining: 39.2
320 465.0 , Est Remaining: 37.8
321 466.3 , Est Remaining: 36.3
322 467.7 , Est Remaining: 34.9
323 469.0 , Est Remaining: 33.4
324 470.4 , Est Remaining: 31.9
325 471.7 , Est Remaining: 30.5
326 473.1 , Est Remaining: 29.0
327 474.5 , Est Remaining: 27.6
328 475.8 , Est Remaining: 26.1
329 477.2 , Est Remaining: 24.7
330 478.5 , Est Remaining: 23.2
