Note: NumExpr detected 32 cores but "NUMEXPR_MAX_THREADS" not set, so enforcing safe limit of 8.
Using selector: EpollSelector
/n/home02/jhaefner/miniconda/envs/IC-3.7-2020-06-16/lib/python3.7/site-packages/scipy/optimize/minpack.py:808: OptimizeWarning: Covariance of the parameters could not be estimated
  category=OptimizeWarning)
Total rwfs: 346
0 0.0 , Est Remaining: 999999.9
1 1.5 , Est Remaining: 505.5
2 3.0 , Est Remaining: 508.1
3 4.5 , Est Remaining: 509.4
4 5.9 , Est Remaining: 506.3
5 7.4 , Est Remaining: 505.7
6 8.9 , Est Remaining: 505.1
7 10.4 , Est Remaining: 503.6
8 11.9 , Est Remaining: 501.9
9 13.4 , Est Remaining: 501.5
10 14.9 , Est Remaining: 499.4
11 16.3 , Est Remaining: 497.6
12 17.8 , Est Remaining: 496.4
13 19.3 , Est Remaining: 495.1
14 20.8 , Est Remaining: 493.8
15 22.3 , Est Remaining: 492.6
16 23.8 , Est Remaining: 491.5
17 25.3 , Est Remaining: 490.3
18 26.8 , Est Remaining: 488.9
19 28.3 , Est Remaining: 487.5
20 29.8 , Est Remaining: 485.8
21 31.3 , Est Remaining: 484.1
22 32.8 , Est Remaining: 482.6
23 34.2 , Est Remaining: 480.9
24 35.7 , Est Remaining: 479.2
25 37.2 , Est Remaining: 477.7
EVENT FAILED
25 37.6 , Est Remaining: 482.2
26 39.0 , Est Remaining: 480.1
27 40.5 , Est Remaining: 478.2
28 42.0 , Est Remaining: 476.5
29 43.4 , Est Remaining: 474.7
30 44.9 , Est Remaining: 472.9
31 46.4 , Est Remaining: 471.1
32 47.8 , Est Remaining: 469.4
33 49.3 , Est Remaining: 468.0
34 50.8 , Est Remaining: 466.4
35 52.3 , Est Remaining: 464.9
36 53.8 , Est Remaining: 463.3
37 55.3 , Est Remaining: 461.7
38 56.8 , Est Remaining: 460.1
39 58.2 , Est Remaining: 458.5
40 59.7 , Est Remaining: 456.8
41 61.2 , Est Remaining: 455.2
42 62.7 , Est Remaining: 453.7
43 64.2 , Est Remaining: 452.1
44 65.7 , Est Remaining: 450.7
45 67.1 , Est Remaining: 449.1
46 68.6 , Est Remaining: 447.4
47 70.1 , Est Remaining: 445.7
48 71.5 , Est Remaining: 444.1
49 73.0 , Est Remaining: 442.5
50 74.5 , Est Remaining: 440.9
51 75.9 , Est Remaining: 439.2
52 77.4 , Est Remaining: 437.5
53 78.9 , Est Remaining: 435.9
54 80.3 , Est Remaining: 434.3
55 81.8 , Est Remaining: 432.8
56 83.3 , Est Remaining: 431.2
57 84.7 , Est Remaining: 429.6
58 86.2 , Est Remaining: 428.0
EVENT FAILED
58 86.5 , Est Remaining: 429.7
59 88.0 , Est Remaining: 428.3
EVENT FAILED
59 88.4 , Est Remaining: 429.9
60 89.9 , Est Remaining: 428.5
61 91.4 , Est Remaining: 427.0
62 92.9 , Est Remaining: 425.4
63 94.4 , Est Remaining: 423.9
64 95.8 , Est Remaining: 422.3
65 97.3 , Est Remaining: 420.7
66 98.8 , Est Remaining: 419.1
67 100.3 , Est Remaining: 417.5
68 101.7 , Est Remaining: 415.9
69 103.2 , Est Remaining: 414.4
70 104.7 , Est Remaining: 412.9
71 106.2 , Est Remaining: 411.3
72 107.6 , Est Remaining: 409.6
73 109.1 , Est Remaining: 408.0
74 110.6 , Est Remaining: 406.4
75 112.0 , Est Remaining: 404.8
76 113.5 , Est Remaining: 403.2
77 114.9 , Est Remaining: 401.5
78 116.4 , Est Remaining: 400.0
79 117.9 , Est Remaining: 398.4
80 119.3 , Est Remaining: 396.8
81 120.8 , Est Remaining: 395.3
82 122.3 , Est Remaining: 393.7
83 123.7 , Est Remaining: 392.1
84 125.2 , Est Remaining: 390.6
85 126.6 , Est Remaining: 388.7
86 128.1 , Est Remaining: 387.2
87 129.6 , Est Remaining: 385.7
88 131.0 , Est Remaining: 384.2
89 132.5 , Est Remaining: 382.6
90 134.0 , Est Remaining: 381.1
91 135.5 , Est Remaining: 379.6
92 136.9 , Est Remaining: 378.1
93 138.4 , Est Remaining: 376.5
94 139.9 , Est Remaining: 375.0
95 141.3 , Est Remaining: 373.4
96 142.9 , Est Remaining: 372.0
97 144.4 , Est Remaining: 370.6
98 145.9 , Est Remaining: 369.1
99 147.3 , Est Remaining: 367.6
100 148.8 , Est Remaining: 366.2
101 150.3 , Est Remaining: 364.7
102 151.8 , Est Remaining: 363.2
103 153.4 , Est Remaining: 362.0
104 154.9 , Est Remaining: 360.5
105 156.4 , Est Remaining: 359.0
106 157.9 , Est Remaining: 357.5
107 159.4 , Est Remaining: 356.0
108 160.8 , Est Remaining: 354.4
109 162.3 , Est Remaining: 352.9
110 163.8 , Est Remaining: 351.4
111 165.2 , Est Remaining: 349.8
112 166.7 , Est Remaining: 348.3
113 168.2 , Est Remaining: 346.7
114 169.6 , Est Remaining: 345.3
115 171.1 , Est Remaining: 343.7
116 172.6 , Est Remaining: 342.2
117 174.1 , Est Remaining: 340.7
118 175.6 , Est Remaining: 339.3
119 177.1 , Est Remaining: 337.8
120 178.6 , Est Remaining: 336.3
121 180.0 , Est Remaining: 334.8
122 181.5 , Est Remaining: 333.2
EVENT FAILED
122 181.8 , Est Remaining: 333.9
123 183.3 , Est Remaining: 332.3
124 184.8 , Est Remaining: 330.8
125 186.2 , Est Remaining: 329.3
126 187.7 , Est Remaining: 327.7
127 189.2 , Est Remaining: 326.2
128 190.6 , Est Remaining: 324.7
129 192.1 , Est Remaining: 323.2
130 193.6 , Est Remaining: 321.7
131 195.1 , Est Remaining: 320.1
132 196.5 , Est Remaining: 318.6
133 198.0 , Est Remaining: 317.1
134 199.5 , Est Remaining: 315.6
135 200.9 , Est Remaining: 314.1
136 202.4 , Est Remaining: 312.6
137 203.9 , Est Remaining: 311.0
138 205.4 , Est Remaining: 309.5
139 206.8 , Est Remaining: 308.0
140 208.3 , Est Remaining: 306.5
141 209.8 , Est Remaining: 305.0
142 211.2 , Est Remaining: 303.4
143 212.7 , Est Remaining: 301.9
144 214.2 , Est Remaining: 300.4
145 215.7 , Est Remaining: 299.0
146 217.2 , Est Remaining: 297.5
147 218.6 , Est Remaining: 296.0
148 220.1 , Est Remaining: 294.5
149 221.6 , Est Remaining: 293.0
150 223.1 , Est Remaining: 291.5
151 224.6 , Est Remaining: 290.0
152 226.1 , Est Remaining: 288.5
153 227.6 , Est Remaining: 287.0
154 229.1 , Est Remaining: 285.6
155 230.5 , Est Remaining: 284.1
156 232.0 , Est Remaining: 282.6
157 233.5 , Est Remaining: 281.1
158 235.0 , Est Remaining: 279.6
159 236.5 , Est Remaining: 278.1
160 238.0 , Est Remaining: 276.6
161 239.4 , Est Remaining: 275.1
162 240.9 , Est Remaining: 273.6
163 242.4 , Est Remaining: 272.2
164 243.9 , Est Remaining: 270.7
165 245.4 , Est Remaining: 269.2
166 246.9 , Est Remaining: 267.7
167 248.4 , Est Remaining: 266.2
168 249.8 , Est Remaining: 264.7
169 251.3 , Est Remaining: 263.2
170 252.8 , Est Remaining: 261.7
171 254.3 , Est Remaining: 260.3
172 255.8 , Est Remaining: 258.8
173 257.3 , Est Remaining: 257.3
174 258.8 , Est Remaining: 255.8
175 260.3 , Est Remaining: 254.4
176 261.8 , Est Remaining: 252.9
177 263.3 , Est Remaining: 251.4
178 264.8 , Est Remaining: 249.9
EVENT FAILED
178 265.1 , Est Remaining: 250.2
179 266.6 , Est Remaining: 248.7
180 268.1 , Est Remaining: 247.2
181 269.5 , Est Remaining: 245.7
182 271.0 , Est Remaining: 244.2
183 272.4 , Est Remaining: 242.7
EVENT FAILED
183 272.8 , Est Remaining: 243.0
184 274.3 , Est Remaining: 241.5
EVENT FAILED
184 274.6 , Est Remaining: 241.8
185 276.1 , Est Remaining: 240.2
186 277.6 , Est Remaining: 238.8
187 279.0 , Est Remaining: 237.2
188 280.5 , Est Remaining: 235.7
189 282.0 , Est Remaining: 234.2
190 283.4 , Est Remaining: 232.7
191 284.9 , Est Remaining: 231.2
192 286.4 , Est Remaining: 229.7
193 287.8 , Est Remaining: 228.2
194 289.3 , Est Remaining: 226.7
195 290.8 , Est Remaining: 225.2
196 292.2 , Est Remaining: 223.7
197 293.7 , Est Remaining: 222.2
198 295.2 , Est Remaining: 220.7
199 296.7 , Est Remaining: 219.1
200 298.1 , Est Remaining: 217.6
EVENT FAILED
200 298.5 , Est Remaining: 217.9
201 300.0 , Est Remaining: 216.4
202 301.4 , Est Remaining: 214.9
203 303.0 , Est Remaining: 213.5
204 304.5 , Est Remaining: 212.0
205 306.0 , Est Remaining: 210.5
206 307.5 , Est Remaining: 209.0
207 309.0 , Est Remaining: 207.5
208 310.4 , Est Remaining: 206.0
209 312.0 , Est Remaining: 204.5
210 313.4 , Est Remaining: 203.0
211 314.9 , Est Remaining: 201.5
212 316.4 , Est Remaining: 200.0
213 317.9 , Est Remaining: 198.5
214 319.4 , Est Remaining: 197.0
215 320.9 , Est Remaining: 195.5
216 322.4 , Est Remaining: 194.0
217 323.9 , Est Remaining: 192.5
218 325.4 , Est Remaining: 191.1
219 326.9 , Est Remaining: 189.6
EVENT FAILED
219 327.3 , Est Remaining: 189.8
220 328.7 , Est Remaining: 188.3
221 330.2 , Est Remaining: 186.8
222 331.7 , Est Remaining: 185.3
223 333.2 , Est Remaining: 183.8
224 334.6 , Est Remaining: 182.3
225 336.1 , Est Remaining: 180.8
226 337.6 , Est Remaining: 179.3
227 339.1 , Est Remaining: 177.7
228 340.6 , Est Remaining: 176.2
229 342.0 , Est Remaining: 174.8
230 343.5 , Est Remaining: 173.3
231 345.0 , Est Remaining: 171.8
232 346.5 , Est Remaining: 170.3
233 347.9 , Est Remaining: 168.7
234 349.4 , Est Remaining: 167.2
235 350.9 , Est Remaining: 165.7
236 352.4 , Est Remaining: 164.2
237 353.8 , Est Remaining: 162.7
238 355.3 , Est Remaining: 161.2
239 356.8 , Est Remaining: 159.7
240 358.3 , Est Remaining: 158.2
EVENT FAILED
240 358.6 , Est Remaining: 158.4
241 360.1 , Est Remaining: 156.9
242 361.6 , Est Remaining: 155.4
243 363.1 , Est Remaining: 153.9
244 364.5 , Est Remaining: 152.4
245 366.0 , Est Remaining: 150.9
246 367.4 , Est Remaining: 149.4
247 368.9 , Est Remaining: 147.9
248 370.4 , Est Remaining: 146.4
249 371.8 , Est Remaining: 144.8
250 373.3 , Est Remaining: 143.3
251 374.8 , Est Remaining: 141.8
252 376.2 , Est Remaining: 140.3
253 377.7 , Est Remaining: 138.8
254 379.1 , Est Remaining: 137.3
255 380.5 , Est Remaining: 135.8
256 382.0 , Est Remaining: 134.3
257 383.4 , Est Remaining: 132.8
258 384.9 , Est Remaining: 131.3
259 386.4 , Est Remaining: 129.8
260 387.8 , Est Remaining: 128.3
261 389.2 , Est Remaining: 126.8
262 390.7 , Est Remaining: 125.3
263 392.1 , Est Remaining: 123.7
264 393.6 , Est Remaining: 122.2
265 395.0 , Est Remaining: 120.7
266 396.4 , Est Remaining: 119.2
267 397.9 , Est Remaining: 117.7
268 399.3 , Est Remaining: 116.2
269 400.7 , Est Remaining: 114.7
270 402.1 , Est Remaining: 113.2
271 403.5 , Est Remaining: 111.7
272 404.9 , Est Remaining: 110.2
273 406.3 , Est Remaining: 108.7
274 407.7 , Est Remaining: 107.1
275 409.2 , Est Remaining: 105.6
276 410.6 , Est Remaining: 104.1
277 412.0 , Est Remaining: 102.6
278 413.4 , Est Remaining: 101.1
279 414.8 , Est Remaining: 99.6
280 416.3 , Est Remaining: 98.1
281 417.7 , Est Remaining: 96.6
282 419.1 , Est Remaining: 95.1
EVENT FAILED
282 419.5 , Est Remaining: 95.2
283 420.9 , Est Remaining: 93.7
284 422.3 , Est Remaining: 92.2
285 423.7 , Est Remaining: 90.7
286 425.2 , Est Remaining: 89.2
287 426.6 , Est Remaining: 87.7
288 428.0 , Est Remaining: 86.2
289 429.4 , Est Remaining: 84.7
290 430.8 , Est Remaining: 83.2
291 432.2 , Est Remaining: 81.7
292 433.6 , Est Remaining: 80.2
293 435.0 , Est Remaining: 78.7
294 436.4 , Est Remaining: 77.2
295 437.8 , Est Remaining: 75.7
296 439.2 , Est Remaining: 74.2
297 440.7 , Est Remaining: 72.7
298 442.1 , Est Remaining: 71.2
299 443.5 , Est Remaining: 69.7
300 444.9 , Est Remaining: 68.2
301 446.3 , Est Remaining: 66.7
302 447.8 , Est Remaining: 65.2
303 449.3 , Est Remaining: 63.8
304 450.7 , Est Remaining: 62.3
305 452.1 , Est Remaining: 60.8
306 453.5 , Est Remaining: 59.3
307 454.9 , Est Remaining: 57.8
308 456.3 , Est Remaining: 56.3
309 457.7 , Est Remaining: 54.8
310 459.1 , Est Remaining: 53.3
311 460.5 , Est Remaining: 51.8
312 461.9 , Est Remaining: 50.3
313 463.3 , Est Remaining: 48.8
314 464.7 , Est Remaining: 47.4
315 466.2 , Est Remaining: 45.9
316 467.6 , Est Remaining: 44.4
EVENT FAILED
316 467.9 , Est Remaining: 44.4
317 469.3 , Est Remaining: 42.9
318 470.7 , Est Remaining: 41.4
319 472.1 , Est Remaining: 40.0
320 473.5 , Est Remaining: 38.5
321 474.9 , Est Remaining: 37.0
322 476.3 , Est Remaining: 35.5
323 477.7 , Est Remaining: 34.0
324 479.1 , Est Remaining: 32.5
325 480.5 , Est Remaining: 31.0
326 481.9 , Est Remaining: 29.6
327 483.3 , Est Remaining: 28.1
328 484.7 , Est Remaining: 26.6
EVENT FAILED
328 485.0 , Est Remaining: 26.6
329 486.4 , Est Remaining: 25.1
330 487.8 , Est Remaining: 23.7
331 489.2 , Est Remaining: 22.2
EVENT FAILED
331 489.5 , Est Remaining: 22.2
