Note: NumExpr detected 32 cores but "NUMEXPR_MAX_THREADS" not set, so enforcing safe limit of 8.
Using selector: EpollSelector
/n/home02/jhaefner/miniconda/envs/IC-3.7-2020-06-16/lib/python3.7/site-packages/scipy/optimize/minpack.py:808: OptimizeWarning: Covariance of the parameters could not be estimated
  category=OptimizeWarning)
Total rwfs: 346
0 0.0 , Est Remaining: 999999.9
1 1.5 , Est Remaining: 532.1
2 3.0 , Est Remaining: 522.3
3 4.6 , Est Remaining: 524.7
4 6.1 , Est Remaining: 520.6
5 7.6 , Est Remaining: 515.8
6 9.0 , Est Remaining: 512.0
7 10.5 , Est Remaining: 508.2
8 12.0 , Est Remaining: 506.0
9 13.5 , Est Remaining: 504.1
10 14.9 , Est Remaining: 501.9
11 16.4 , Est Remaining: 499.8
12 17.9 , Est Remaining: 498.2
13 19.4 , Est Remaining: 496.2
14 20.8 , Est Remaining: 494.1
EVENT FAILED
14 21.1 , Est Remaining: 501.3
15 22.6 , Est Remaining: 498.1
16 24.0 , Est Remaining: 495.6
17 25.5 , Est Remaining: 493.2
18 26.9 , Est Remaining: 491.0
19 28.4 , Est Remaining: 489.0
20 29.8 , Est Remaining: 486.5
21 31.3 , Est Remaining: 484.1
22 32.7 , Est Remaining: 482.0
23 34.2 , Est Remaining: 480.2
24 35.6 , Est Remaining: 478.1
EVENT FAILED
24 35.9 , Est Remaining: 482.2
25 37.4 , Est Remaining: 479.9
26 38.8 , Est Remaining: 477.7
27 40.2 , Est Remaining: 475.5
28 41.7 , Est Remaining: 473.4
29 43.1 , Est Remaining: 471.3
30 44.5 , Est Remaining: 469.1
31 46.0 , Est Remaining: 466.9
32 47.4 , Est Remaining: 465.1
33 48.9 , Est Remaining: 463.4
34 50.3 , Est Remaining: 461.7
35 51.8 , Est Remaining: 460.0
36 53.2 , Est Remaining: 458.3
37 54.7 , Est Remaining: 456.5
38 56.1 , Est Remaining: 454.9
39 57.6 , Est Remaining: 453.2
40 59.0 , Est Remaining: 451.6
41 60.5 , Est Remaining: 450.0
42 61.9 , Est Remaining: 448.3
43 63.4 , Est Remaining: 446.7
44 64.8 , Est Remaining: 445.0
45 66.3 , Est Remaining: 443.4
EVENT FAILED
45 66.6 , Est Remaining: 445.5
46 68.0 , Est Remaining: 443.7
47 69.5 , Est Remaining: 441.9
48 70.9 , Est Remaining: 440.3
49 72.3 , Est Remaining: 438.5
50 73.8 , Est Remaining: 436.8
51 75.2 , Est Remaining: 435.0
52 76.6 , Est Remaining: 433.3
53 78.1 , Est Remaining: 431.5
54 79.5 , Est Remaining: 429.9
55 81.0 , Est Remaining: 428.3
EVENT FAILED
55 81.3 , Est Remaining: 430.1
56 82.8 , Est Remaining: 428.5
57 84.2 , Est Remaining: 426.8
58 85.6 , Est Remaining: 425.1
EVENT FAILED
58 85.9 , Est Remaining: 426.6
59 87.4 , Est Remaining: 425.1
EVENT FAILED
59 87.7 , Est Remaining: 426.5
60 89.2 , Est Remaining: 425.0
61 90.6 , Est Remaining: 423.4
62 92.1 , Est Remaining: 421.9
63 93.6 , Est Remaining: 420.3
64 95.0 , Est Remaining: 418.7
65 96.5 , Est Remaining: 417.1
66 97.9 , Est Remaining: 415.5
67 99.4 , Est Remaining: 414.0
68 100.9 , Est Remaining: 412.5
69 102.4 , Est Remaining: 410.9
70 103.8 , Est Remaining: 409.4
71 105.3 , Est Remaining: 407.9
72 106.8 , Est Remaining: 406.3
73 108.2 , Est Remaining: 404.7
74 109.7 , Est Remaining: 403.2
75 111.2 , Est Remaining: 401.6
76 112.6 , Est Remaining: 400.0
77 114.1 , Est Remaining: 398.5
78 115.5 , Est Remaining: 397.0
79 117.0 , Est Remaining: 395.4
80 118.4 , Est Remaining: 393.8
81 119.9 , Est Remaining: 392.3
82 121.3 , Est Remaining: 390.6
83 122.8 , Est Remaining: 389.1
84 124.2 , Est Remaining: 387.5
85 125.7 , Est Remaining: 385.8
86 127.1 , Est Remaining: 384.3
87 128.6 , Est Remaining: 382.8
88 130.0 , Est Remaining: 381.2
89 131.5 , Est Remaining: 379.7
90 133.0 , Est Remaining: 378.2
91 134.5 , Est Remaining: 376.8
92 135.9 , Est Remaining: 375.2
93 137.4 , Est Remaining: 373.8
94 138.9 , Est Remaining: 372.3
95 140.3 , Est Remaining: 370.8
EVENT FAILED
95 140.6 , Est Remaining: 371.6
96 142.1 , Est Remaining: 370.1
97 143.6 , Est Remaining: 368.6
98 145.1 , Est Remaining: 367.1
99 146.5 , Est Remaining: 365.5
100 147.9 , Est Remaining: 363.9
101 149.4 , Est Remaining: 362.4
102 150.8 , Est Remaining: 360.8
103 152.4 , Est Remaining: 359.4
104 153.8 , Est Remaining: 357.9
105 155.2 , Est Remaining: 356.3
106 156.7 , Est Remaining: 354.7
107 158.1 , Est Remaining: 353.2
108 159.6 , Est Remaining: 351.7
109 161.0 , Est Remaining: 350.1
110 162.4 , Est Remaining: 348.5
111 163.9 , Est Remaining: 346.9
112 165.3 , Est Remaining: 345.3
113 166.7 , Est Remaining: 343.8
114 168.1 , Est Remaining: 342.2
115 169.6 , Est Remaining: 340.6
116 171.0 , Est Remaining: 339.0
117 172.4 , Est Remaining: 337.4
118 173.8 , Est Remaining: 335.8
119 175.2 , Est Remaining: 334.2
120 176.6 , Est Remaining: 332.6
121 178.0 , Est Remaining: 331.1
122 179.4 , Est Remaining: 329.4
123 180.8 , Est Remaining: 327.9
124 182.2 , Est Remaining: 326.3
125 183.6 , Est Remaining: 324.7
126 185.0 , Est Remaining: 323.1
127 186.5 , Est Remaining: 321.6
128 187.9 , Est Remaining: 320.0
129 189.3 , Est Remaining: 318.4
130 190.7 , Est Remaining: 316.9
131 192.1 , Est Remaining: 315.4
132 193.5 , Est Remaining: 313.8
133 194.9 , Est Remaining: 312.2
134 196.3 , Est Remaining: 310.6
135 197.7 , Est Remaining: 309.0
136 199.1 , Est Remaining: 307.5
137 200.5 , Est Remaining: 305.9
138 201.9 , Est Remaining: 304.3
139 203.3 , Est Remaining: 302.7
140 204.7 , Est Remaining: 301.2
141 206.1 , Est Remaining: 299.6
142 207.5 , Est Remaining: 298.0
143 208.8 , Est Remaining: 296.5
144 210.2 , Est Remaining: 294.9
145 211.6 , Est Remaining: 293.3
146 213.0 , Est Remaining: 291.7
EVENT FAILED
146 213.3 , Est Remaining: 292.2
147 214.7 , Est Remaining: 290.6
148 216.1 , Est Remaining: 289.1
149 217.5 , Est Remaining: 287.5
150 218.8 , Est Remaining: 286.0
151 220.2 , Est Remaining: 284.4
152 221.6 , Est Remaining: 282.8
153 223.0 , Est Remaining: 281.3
154 224.4 , Est Remaining: 279.8
155 225.8 , Est Remaining: 278.2
156 227.2 , Est Remaining: 276.7
157 228.6 , Est Remaining: 275.2
158 229.9 , Est Remaining: 273.6
159 231.3 , Est Remaining: 272.1
160 232.7 , Est Remaining: 270.6
161 234.1 , Est Remaining: 269.0
162 235.5 , Est Remaining: 267.5
163 236.9 , Est Remaining: 266.0
164 238.3 , Est Remaining: 264.5
165 239.7 , Est Remaining: 263.0
166 241.1 , Est Remaining: 261.5
EVENT FAILED
166 241.4 , Est Remaining: 261.8
167 242.8 , Est Remaining: 260.3
168 244.2 , Est Remaining: 258.8
169 245.7 , Est Remaining: 257.3
170 247.1 , Est Remaining: 255.8
171 248.5 , Est Remaining: 254.3
172 249.9 , Est Remaining: 252.8
173 251.2 , Est Remaining: 251.2
174 252.6 , Est Remaining: 249.7
175 254.1 , Est Remaining: 248.2
176 255.5 , Est Remaining: 246.8
177 256.9 , Est Remaining: 245.3
178 258.3 , Est Remaining: 243.8
179 259.7 , Est Remaining: 242.3
180 261.1 , Est Remaining: 240.8
181 262.5 , Est Remaining: 239.3
182 264.0 , Est Remaining: 237.8
183 265.4 , Est Remaining: 236.4
184 266.8 , Est Remaining: 234.9
185 268.2 , Est Remaining: 233.4
186 269.6 , Est Remaining: 231.9
187 271.1 , Est Remaining: 230.5
188 272.5 , Est Remaining: 229.0
189 273.9 , Est Remaining: 227.5
190 275.3 , Est Remaining: 226.0
191 276.7 , Est Remaining: 224.6
192 278.1 , Est Remaining: 223.1
193 279.6 , Est Remaining: 221.6
194 281.0 , Est Remaining: 220.1
EVENT FAILED
194 281.3 , Est Remaining: 220.4
195 282.7 , Est Remaining: 218.9
196 284.2 , Est Remaining: 217.5
197 285.6 , Est Remaining: 216.0
198 287.0 , Est Remaining: 214.6
199 288.5 , Est Remaining: 213.1
200 289.9 , Est Remaining: 211.6
201 291.3 , Est Remaining: 210.1
202 292.7 , Est Remaining: 208.7
203 294.3 , Est Remaining: 207.3
204 295.7 , Est Remaining: 205.8
205 297.2 , Est Remaining: 204.4
206 298.6 , Est Remaining: 202.9
207 300.0 , Est Remaining: 201.5
208 301.5 , Est Remaining: 200.0
EVENT FAILED
208 301.8 , Est Remaining: 200.2
209 303.2 , Est Remaining: 198.8
210 304.6 , Est Remaining: 197.3
211 306.1 , Est Remaining: 195.8
212 307.5 , Est Remaining: 194.4
EVENT FAILED
212 307.8 , Est Remaining: 194.6
213 309.2 , Est Remaining: 193.1
214 310.7 , Est Remaining: 191.6
215 312.1 , Est Remaining: 190.1
216 313.5 , Est Remaining: 188.7
217 314.9 , Est Remaining: 187.2
218 316.4 , Est Remaining: 185.8
219 317.8 , Est Remaining: 184.3
220 319.3 , Est Remaining: 182.9
221 320.7 , Est Remaining: 181.4
222 322.1 , Est Remaining: 179.9
223 323.6 , Est Remaining: 178.5
224 325.0 , Est Remaining: 177.0
225 326.5 , Est Remaining: 175.6
226 327.9 , Est Remaining: 174.1
227 329.3 , Est Remaining: 172.6
228 330.8 , Est Remaining: 171.2
229 332.2 , Est Remaining: 169.7
230 333.6 , Est Remaining: 168.3
231 335.0 , Est Remaining: 166.8
232 336.5 , Est Remaining: 165.3
233 337.9 , Est Remaining: 163.9
234 339.3 , Est Remaining: 162.4
235 340.7 , Est Remaining: 160.9
236 342.1 , Est Remaining: 159.5
237 343.6 , Est Remaining: 158.0
238 345.0 , Est Remaining: 156.5
239 346.4 , Est Remaining: 155.1
240 347.8 , Est Remaining: 153.6
241 349.2 , Est Remaining: 152.2
242 350.7 , Est Remaining: 150.7
243 352.1 , Est Remaining: 149.3
244 353.6 , Est Remaining: 147.8
245 355.0 , Est Remaining: 146.3
246 356.4 , Est Remaining: 144.9
247 357.9 , Est Remaining: 143.4
248 359.3 , Est Remaining: 142.0
249 360.8 , Est Remaining: 140.5
250 362.2 , Est Remaining: 139.1
251 363.7 , Est Remaining: 137.6
252 365.1 , Est Remaining: 136.2
253 366.6 , Est Remaining: 134.8
254 368.0 , Est Remaining: 133.3
255 369.5 , Est Remaining: 131.9
256 370.9 , Est Remaining: 130.4
257 372.4 , Est Remaining: 129.0
258 373.9 , Est Remaining: 127.5
259 375.4 , Est Remaining: 126.1
260 376.8 , Est Remaining: 124.6
261 378.3 , Est Remaining: 123.2
262 379.8 , Est Remaining: 121.8
263 381.2 , Est Remaining: 120.3
264 382.7 , Est Remaining: 118.9
265 384.2 , Est Remaining: 117.4
266 385.6 , Est Remaining: 116.0
267 387.1 , Est Remaining: 114.5
268 388.6 , Est Remaining: 113.1
269 390.1 , Est Remaining: 111.7
270 391.5 , Est Remaining: 110.2
271 393.0 , Est Remaining: 108.8
272 394.5 , Est Remaining: 107.3
273 396.0 , Est Remaining: 105.9
274 397.4 , Est Remaining: 104.4
275 398.9 , Est Remaining: 103.0
276 400.4 , Est Remaining: 101.5
277 401.8 , Est Remaining: 100.1
278 403.3 , Est Remaining: 98.6
279 404.8 , Est Remaining: 97.2
280 406.2 , Est Remaining: 95.8
281 407.7 , Est Remaining: 94.3
282 409.2 , Est Remaining: 92.9
283 410.6 , Est Remaining: 91.4
284 412.1 , Est Remaining: 90.0
285 413.6 , Est Remaining: 88.5
EVENT FAILED
285 413.9 , Est Remaining: 88.6
286 415.3 , Est Remaining: 87.1
287 416.8 , Est Remaining: 85.7
288 418.3 , Est Remaining: 84.2
289 419.7 , Est Remaining: 82.8
290 421.2 , Est Remaining: 81.3
291 422.7 , Est Remaining: 79.9
292 424.1 , Est Remaining: 78.4
293 425.6 , Est Remaining: 77.0
294 427.1 , Est Remaining: 75.5
295 428.5 , Est Remaining: 74.1
296 430.0 , Est Remaining: 72.6
297 431.5 , Est Remaining: 71.2
298 432.9 , Est Remaining: 69.7
299 434.4 , Est Remaining: 68.3
300 435.8 , Est Remaining: 66.8
301 437.3 , Est Remaining: 65.4
302 438.9 , Est Remaining: 63.9
303 440.4 , Est Remaining: 62.5
304 441.8 , Est Remaining: 61.0
305 443.2 , Est Remaining: 59.6
306 444.7 , Est Remaining: 58.1
307 446.1 , Est Remaining: 56.7
308 447.5 , Est Remaining: 55.2
309 448.9 , Est Remaining: 53.7
310 450.3 , Est Remaining: 52.3
311 451.7 , Est Remaining: 50.8
312 453.1 , Est Remaining: 49.4
313 454.5 , Est Remaining: 47.9
314 455.8 , Est Remaining: 46.5
315 457.2 , Est Remaining: 45.0
316 458.6 , Est Remaining: 43.5
317 460.0 , Est Remaining: 42.1
318 461.4 , Est Remaining: 40.6
319 462.7 , Est Remaining: 39.2
320 464.1 , Est Remaining: 37.7
321 465.5 , Est Remaining: 36.3
322 466.9 , Est Remaining: 34.8
323 468.3 , Est Remaining: 33.3
324 469.7 , Est Remaining: 31.9
325 471.0 , Est Remaining: 30.4
326 472.4 , Est Remaining: 29.0
327 473.8 , Est Remaining: 27.5
328 475.1 , Est Remaining: 26.1
329 476.5 , Est Remaining: 24.6
330 477.9 , Est Remaining: 23.2
331 479.3 , Est Remaining: 21.7
332 480.6 , Est Remaining: 20.3
