Note: NumExpr detected 32 cores but "NUMEXPR_MAX_THREADS" not set, so enforcing safe limit of 8.
Using selector: EpollSelector
/n/home02/jhaefner/miniconda/envs/IC-3.7-2020-06-16/lib/python3.7/site-packages/scipy/optimize/minpack.py:808: OptimizeWarning: Covariance of the parameters could not be estimated
  category=OptimizeWarning)
Total rwfs: 346
0 0.0 , Est Remaining: 999999.9
1 1.4 , Est Remaining: 495.6
2 2.9 , Est Remaining: 498.3
EVENT FAILED
2 3.2 , Est Remaining: 554.2
EVENT FAILED
2 3.5 , Est Remaining: 608.0
3 5.0 , Est Remaining: 570.6
4 6.4 , Est Remaining: 547.8
5 7.8 , Est Remaining: 534.1
6 9.3 , Est Remaining: 524.5
7 10.7 , Est Remaining: 516.4
8 12.1 , Est Remaining: 511.5
EVENT FAILED
8 12.4 , Est Remaining: 524.7
9 13.8 , Est Remaining: 517.5
10 15.2 , Est Remaining: 512.3
11 16.7 , Est Remaining: 507.6
12 18.1 , Est Remaining: 503.5
13 19.5 , Est Remaining: 500.2
14 21.0 , Est Remaining: 497.4
15 22.4 , Est Remaining: 494.2
16 23.8 , Est Remaining: 491.3
17 25.3 , Est Remaining: 488.8
18 26.7 , Est Remaining: 486.4
19 28.1 , Est Remaining: 483.9
20 29.6 , Est Remaining: 481.8
21 31.0 , Est Remaining: 479.6
22 32.5 , Est Remaining: 477.9
23 33.9 , Est Remaining: 476.5
24 35.4 , Est Remaining: 475.0
25 36.8 , Est Remaining: 473.1
26 38.3 , Est Remaining: 471.3
27 39.7 , Est Remaining: 469.6
28 41.2 , Est Remaining: 467.9
29 42.6 , Est Remaining: 466.1
30 44.1 , Est Remaining: 464.4
31 45.6 , Est Remaining: 462.9
32 47.0 , Est Remaining: 461.4
33 48.5 , Est Remaining: 459.7
34 49.9 , Est Remaining: 457.9
35 51.3 , Est Remaining: 456.2
36 52.8 , Est Remaining: 454.6
37 54.3 , Est Remaining: 453.1
38 55.8 , Est Remaining: 451.9
39 57.2 , Est Remaining: 450.3
40 58.7 , Est Remaining: 448.7
41 60.1 , Est Remaining: 447.0
42 61.5 , Est Remaining: 445.3
43 63.0 , Est Remaining: 443.7
44 64.4 , Est Remaining: 442.1
45 65.8 , Est Remaining: 440.5
46 67.3 , Est Remaining: 438.8
47 68.7 , Est Remaining: 437.2
48 70.2 , Est Remaining: 435.7
49 71.6 , Est Remaining: 434.0
50 73.0 , Est Remaining: 432.3
51 74.5 , Est Remaining: 430.7
52 75.9 , Est Remaining: 429.0
53 77.3 , Est Remaining: 427.4
54 78.7 , Est Remaining: 425.8
55 80.2 , Est Remaining: 424.2
56 81.6 , Est Remaining: 422.6
57 83.0 , Est Remaining: 421.0
58 84.5 , Est Remaining: 419.5
59 85.9 , Est Remaining: 418.0
60 87.4 , Est Remaining: 416.5
61 88.8 , Est Remaining: 415.0
62 90.3 , Est Remaining: 413.6
63 91.7 , Est Remaining: 412.1
64 93.2 , Est Remaining: 410.5
65 94.6 , Est Remaining: 409.0
66 96.1 , Est Remaining: 407.5
67 97.5 , Est Remaining: 406.1
68 99.0 , Est Remaining: 404.6
69 100.4 , Est Remaining: 403.2
70 101.9 , Est Remaining: 401.7
71 103.4 , Est Remaining: 400.3
72 104.8 , Est Remaining: 398.8
73 106.2 , Est Remaining: 397.3
74 107.7 , Est Remaining: 396.0
75 109.2 , Est Remaining: 394.5
76 110.6 , Est Remaining: 393.0
77 112.1 , Est Remaining: 391.5
78 113.5 , Est Remaining: 390.0
79 115.0 , Est Remaining: 388.6
80 116.4 , Est Remaining: 387.2
81 117.9 , Est Remaining: 385.7
82 119.4 , Est Remaining: 384.3
83 120.8 , Est Remaining: 382.8
84 122.3 , Est Remaining: 381.3
85 123.7 , Est Remaining: 379.8
86 125.1 , Est Remaining: 378.3
87 126.6 , Est Remaining: 376.8
88 128.0 , Est Remaining: 375.3
89 129.5 , Est Remaining: 373.8
90 130.9 , Est Remaining: 372.3
91 132.4 , Est Remaining: 370.9
92 133.8 , Est Remaining: 369.4
93 135.2 , Est Remaining: 367.9
94 136.7 , Est Remaining: 366.4
95 138.1 , Est Remaining: 364.9
96 139.6 , Est Remaining: 363.4
97 141.0 , Est Remaining: 362.0
98 142.4 , Est Remaining: 360.5
99 143.9 , Est Remaining: 359.0
100 145.3 , Est Remaining: 357.5
101 146.8 , Est Remaining: 356.1
102 148.2 , Est Remaining: 354.6
103 149.8 , Est Remaining: 353.4
104 151.3 , Est Remaining: 352.0
105 152.7 , Est Remaining: 350.5
EVENT FAILED
105 153.0 , Est Remaining: 351.3
106 154.5 , Est Remaining: 349.8
107 155.9 , Est Remaining: 348.3
108 157.4 , Est Remaining: 346.8
109 158.8 , Est Remaining: 345.4
110 160.3 , Est Remaining: 343.9
111 161.7 , Est Remaining: 342.4
112 163.2 , Est Remaining: 341.0
113 164.7 , Est Remaining: 339.6
114 166.1 , Est Remaining: 338.1
115 167.6 , Est Remaining: 336.7
116 169.1 , Est Remaining: 335.2
117 170.6 , Est Remaining: 333.8
118 172.0 , Est Remaining: 332.4
119 173.5 , Est Remaining: 331.0
120 175.0 , Est Remaining: 329.5
121 176.5 , Est Remaining: 328.1
122 177.9 , Est Remaining: 326.7
123 179.4 , Est Remaining: 325.2
124 180.9 , Est Remaining: 323.8
125 182.3 , Est Remaining: 322.4
126 183.8 , Est Remaining: 321.0
127 185.3 , Est Remaining: 319.5
128 186.7 , Est Remaining: 318.0
129 188.2 , Est Remaining: 316.6
130 189.7 , Est Remaining: 315.1
131 191.1 , Est Remaining: 313.7
132 192.5 , Est Remaining: 312.2
133 194.0 , Est Remaining: 310.7
134 195.4 , Est Remaining: 309.2
135 196.9 , Est Remaining: 307.7
136 198.3 , Est Remaining: 306.2
137 199.8 , Est Remaining: 304.8
138 201.2 , Est Remaining: 303.3
139 202.7 , Est Remaining: 301.8
140 204.1 , Est Remaining: 300.3
141 205.5 , Est Remaining: 298.8
142 207.0 , Est Remaining: 297.4
143 208.4 , Est Remaining: 295.9
144 209.9 , Est Remaining: 294.4
145 211.3 , Est Remaining: 292.9
146 212.8 , Est Remaining: 291.5
147 214.2 , Est Remaining: 290.0
148 215.7 , Est Remaining: 288.5
149 217.1 , Est Remaining: 287.0
150 218.6 , Est Remaining: 285.6
151 219.9 , Est Remaining: 284.0
152 221.3 , Est Remaining: 282.5
153 222.8 , Est Remaining: 281.0
154 224.2 , Est Remaining: 279.6
155 225.7 , Est Remaining: 278.1
156 227.1 , Est Remaining: 276.6
157 228.6 , Est Remaining: 275.2
158 230.0 , Est Remaining: 273.7
159 231.5 , Est Remaining: 272.3
160 232.9 , Est Remaining: 270.8
161 234.4 , Est Remaining: 269.3
162 235.9 , Est Remaining: 267.9
163 237.3 , Est Remaining: 266.5
164 238.8 , Est Remaining: 265.0
165 240.3 , Est Remaining: 263.6
166 241.8 , Est Remaining: 262.2
167 243.2 , Est Remaining: 260.7
168 244.7 , Est Remaining: 259.3
169 246.2 , Est Remaining: 257.9
170 247.7 , Est Remaining: 256.4
171 249.2 , Est Remaining: 255.0
172 250.7 , Est Remaining: 253.6
173 252.1 , Est Remaining: 252.1
174 253.6 , Est Remaining: 250.7
175 255.1 , Est Remaining: 249.2
176 256.6 , Est Remaining: 247.8
177 258.0 , Est Remaining: 246.4
178 259.5 , Est Remaining: 244.9
179 261.0 , Est Remaining: 243.5
180 262.5 , Est Remaining: 242.0
181 263.9 , Est Remaining: 240.6
182 265.4 , Est Remaining: 239.2
183 266.9 , Est Remaining: 237.7
184 268.4 , Est Remaining: 236.3
EVENT FAILED
184 268.7 , Est Remaining: 236.5
185 270.1 , Est Remaining: 235.1
186 271.6 , Est Remaining: 233.6
187 273.0 , Est Remaining: 232.1
188 274.5 , Est Remaining: 230.7
189 276.0 , Est Remaining: 229.2
190 277.4 , Est Remaining: 227.8
191 278.9 , Est Remaining: 226.3
192 280.4 , Est Remaining: 224.9
193 281.8 , Est Remaining: 223.4
194 283.3 , Est Remaining: 222.0
195 284.8 , Est Remaining: 220.5
196 286.3 , Est Remaining: 219.1
197 287.8 , Est Remaining: 217.6
198 289.2 , Est Remaining: 216.2
199 290.7 , Est Remaining: 214.7
200 292.2 , Est Remaining: 213.3
201 293.7 , Est Remaining: 211.8
202 295.1 , Est Remaining: 210.4
203 296.7 , Est Remaining: 209.0
204 298.2 , Est Remaining: 207.5
205 299.6 , Est Remaining: 206.1
206 301.1 , Est Remaining: 204.6
207 302.6 , Est Remaining: 203.2
208 304.1 , Est Remaining: 201.7
209 305.5 , Est Remaining: 200.3
210 307.0 , Est Remaining: 198.8
211 308.4 , Est Remaining: 197.3
212 309.9 , Est Remaining: 195.9
213 311.4 , Est Remaining: 194.4
214 312.8 , Est Remaining: 192.9
215 314.3 , Est Remaining: 191.5
216 315.7 , Est Remaining: 190.0
217 317.2 , Est Remaining: 188.6
218 318.6 , Est Remaining: 187.1
219 320.1 , Est Remaining: 185.6
220 321.6 , Est Remaining: 184.2
221 323.0 , Est Remaining: 182.7
222 324.5 , Est Remaining: 181.2
223 326.0 , Est Remaining: 179.8
224 327.4 , Est Remaining: 178.3
225 328.9 , Est Remaining: 176.9
226 330.3 , Est Remaining: 175.4
227 331.8 , Est Remaining: 173.9
EVENT FAILED
227 332.1 , Est Remaining: 174.1
228 333.6 , Est Remaining: 172.6
229 335.0 , Est Remaining: 171.2
230 336.5 , Est Remaining: 169.7
231 338.0 , Est Remaining: 168.3
232 339.5 , Est Remaining: 166.8
233 340.9 , Est Remaining: 165.3
234 342.4 , Est Remaining: 163.9
235 343.8 , Est Remaining: 162.4
236 345.2 , Est Remaining: 160.9
237 346.7 , Est Remaining: 159.4
238 348.1 , Est Remaining: 158.0
239 349.5 , Est Remaining: 156.5
240 351.0 , Est Remaining: 155.0
241 352.4 , Est Remaining: 153.5
242 353.8 , Est Remaining: 152.1
243 355.3 , Est Remaining: 150.6
244 356.7 , Est Remaining: 149.1
245 358.1 , Est Remaining: 147.6
246 359.5 , Est Remaining: 146.1
247 361.0 , Est Remaining: 144.7
248 362.4 , Est Remaining: 143.2
249 363.8 , Est Remaining: 141.7
250 365.2 , Est Remaining: 140.2
251 366.6 , Est Remaining: 138.8
252 368.1 , Est Remaining: 137.3
253 369.5 , Est Remaining: 135.8
254 370.9 , Est Remaining: 134.3
255 372.3 , Est Remaining: 132.9
256 373.7 , Est Remaining: 131.4
257 375.1 , Est Remaining: 129.9
258 376.5 , Est Remaining: 128.4
259 377.9 , Est Remaining: 126.9
260 379.3 , Est Remaining: 125.5
261 380.7 , Est Remaining: 124.0
262 382.1 , Est Remaining: 122.5
263 383.5 , Est Remaining: 121.0
264 384.8 , Est Remaining: 119.5
265 386.2 , Est Remaining: 118.1
266 387.5 , Est Remaining: 116.5
267 388.8 , Est Remaining: 115.0
268 390.2 , Est Remaining: 113.6
EVENT FAILED
268 390.5 , Est Remaining: 113.7
269 391.9 , Est Remaining: 112.2
270 393.3 , Est Remaining: 110.7
271 394.7 , Est Remaining: 109.2
272 396.1 , Est Remaining: 107.8
273 397.5 , Est Remaining: 106.3
274 398.9 , Est Remaining: 104.8
275 400.2 , Est Remaining: 103.3
276 401.6 , Est Remaining: 101.9
277 403.0 , Est Remaining: 100.4
278 404.4 , Est Remaining: 98.9
279 405.8 , Est Remaining: 97.4
280 407.1 , Est Remaining: 96.0
281 408.5 , Est Remaining: 94.5
282 409.9 , Est Remaining: 93.0
283 411.2 , Est Remaining: 91.5
284 412.6 , Est Remaining: 90.1
285 414.0 , Est Remaining: 88.6
286 415.3 , Est Remaining: 87.1
287 416.7 , Est Remaining: 85.7
288 418.0 , Est Remaining: 84.2
289 419.4 , Est Remaining: 82.7
290 420.8 , Est Remaining: 81.3
291 422.2 , Est Remaining: 79.8
292 423.5 , Est Remaining: 78.3
293 424.9 , Est Remaining: 76.9
294 426.3 , Est Remaining: 75.4
295 427.6 , Est Remaining: 73.9
296 429.0 , Est Remaining: 72.5
297 430.4 , Est Remaining: 71.0
298 431.8 , Est Remaining: 69.5
299 433.1 , Est Remaining: 68.1
300 434.5 , Est Remaining: 66.6
301 435.9 , Est Remaining: 65.2
302 437.4 , Est Remaining: 63.7
303 438.8 , Est Remaining: 62.3
304 440.2 , Est Remaining: 60.8
305 441.6 , Est Remaining: 59.4
306 443.0 , Est Remaining: 57.9
307 444.4 , Est Remaining: 56.5
308 445.8 , Est Remaining: 55.0
309 447.2 , Est Remaining: 53.5
310 448.5 , Est Remaining: 52.1
311 449.9 , Est Remaining: 50.6
312 451.3 , Est Remaining: 49.2
313 452.7 , Est Remaining: 47.7
314 454.1 , Est Remaining: 46.3
315 455.5 , Est Remaining: 44.8
316 456.9 , Est Remaining: 43.4
317 458.3 , Est Remaining: 41.9
318 459.7 , Est Remaining: 40.5
319 461.1 , Est Remaining: 39.0
320 462.5 , Est Remaining: 37.6
321 463.9 , Est Remaining: 36.1
322 465.3 , Est Remaining: 34.7
323 466.7 , Est Remaining: 33.2
324 468.1 , Est Remaining: 31.8
EVENT FAILED
324 468.5 , Est Remaining: 31.8
325 469.9 , Est Remaining: 30.4
326 471.3 , Est Remaining: 28.9
327 472.7 , Est Remaining: 27.5
328 474.1 , Est Remaining: 26.0
EVENT FAILED
328 474.4 , Est Remaining: 26.0
329 475.8 , Est Remaining: 24.6
330 477.2 , Est Remaining: 23.1
331 478.6 , Est Remaining: 21.7
332 480.0 , Est Remaining: 20.2
333 481.5 , Est Remaining: 18.8
334 482.9 , Est Remaining: 17.3
335 484.3 , Est Remaining: 15.9
336 485.7 , Est Remaining: 14.5
