Note: NumExpr detected 32 cores but "NUMEXPR_MAX_THREADS" not set, so enforcing safe limit of 8.
Using selector: EpollSelector
/n/home02/jhaefner/miniconda/envs/IC-3.7-2020-06-16/lib/python3.7/site-packages/scipy/optimize/minpack.py:808: OptimizeWarning: Covariance of the parameters could not be estimated
  category=OptimizeWarning)
Total rwfs: 346
0 0.0 , Est Remaining: 999999.9
1 1.5 , Est Remaining: 508.1
2 2.9 , Est Remaining: 497.9
3 4.3 , Est Remaining: 497.0
4 5.8 , Est Remaining: 495.0
5 7.2 , Est Remaining: 490.9
6 8.6 , Est Remaining: 488.5
7 10.0 , Est Remaining: 484.3
EVENT FAILED
7 10.3 , Est Remaining: 499.9
8 11.7 , Est Remaining: 495.3
9 13.1 , Est Remaining: 491.5
10 14.5 , Est Remaining: 488.1
11 15.9 , Est Remaining: 485.3
12 17.4 , Est Remaining: 483.2
13 18.8 , Est Remaining: 480.7
14 20.2 , Est Remaining: 478.4
15 21.6 , Est Remaining: 475.8
16 23.0 , Est Remaining: 473.8
17 24.4 , Est Remaining: 471.6
18 25.8 , Est Remaining: 469.6
19 27.2 , Est Remaining: 467.3
20 28.6 , Est Remaining: 465.6
21 30.0 , Est Remaining: 463.8
22 31.4 , Est Remaining: 462.0
23 32.7 , Est Remaining: 459.9
EVENT FAILED
23 33.0 , Est Remaining: 464.1
24 34.5 , Est Remaining: 462.3
25 35.9 , Est Remaining: 460.4
26 37.3 , Est Remaining: 458.5
27 38.7 , Est Remaining: 456.7
28 40.0 , Est Remaining: 454.8
29 41.4 , Est Remaining: 452.9
30 42.8 , Est Remaining: 450.9
31 44.2 , Est Remaining: 448.8
32 45.5 , Est Remaining: 446.8
33 46.9 , Est Remaining: 444.8
34 48.2 , Est Remaining: 442.7
35 49.6 , Est Remaining: 440.7
36 51.0 , Est Remaining: 438.8
37 52.3 , Est Remaining: 437.0
38 53.7 , Est Remaining: 435.1
39 55.0 , Est Remaining: 433.0
40 56.3 , Est Remaining: 431.0
41 57.7 , Est Remaining: 429.1
42 59.0 , Est Remaining: 427.2
43 60.4 , Est Remaining: 425.3
44 61.7 , Est Remaining: 423.5
45 63.0 , Est Remaining: 421.7
46 64.4 , Est Remaining: 419.9
47 65.7 , Est Remaining: 418.1
48 67.1 , Est Remaining: 416.3
49 68.4 , Est Remaining: 414.6
50 69.8 , Est Remaining: 413.0
51 71.1 , Est Remaining: 411.3
52 72.5 , Est Remaining: 409.6
53 73.8 , Est Remaining: 408.0
54 75.2 , Est Remaining: 406.4
55 76.5 , Est Remaining: 404.8
56 77.9 , Est Remaining: 403.2
57 79.2 , Est Remaining: 401.5
58 80.5 , Est Remaining: 399.9
59 81.8 , Est Remaining: 398.1
60 83.2 , Est Remaining: 396.4
61 84.5 , Est Remaining: 394.8
62 85.8 , Est Remaining: 393.2
63 87.2 , Est Remaining: 391.5
64 88.5 , Est Remaining: 389.9
65 89.8 , Est Remaining: 388.3
66 91.1 , Est Remaining: 386.7
67 92.5 , Est Remaining: 385.1
68 93.8 , Est Remaining: 383.5
69 95.1 , Est Remaining: 381.9
70 96.5 , Est Remaining: 380.3
71 97.8 , Est Remaining: 378.8
72 99.1 , Est Remaining: 377.2
73 100.4 , Est Remaining: 375.6
74 101.8 , Est Remaining: 374.0
75 103.1 , Est Remaining: 372.5
76 104.4 , Est Remaining: 370.9
77 105.8 , Est Remaining: 369.5
78 107.1 , Est Remaining: 368.0
79 108.4 , Est Remaining: 366.5
80 109.8 , Est Remaining: 365.0
81 111.1 , Est Remaining: 363.4
82 112.4 , Est Remaining: 362.0
83 113.8 , Est Remaining: 360.5
84 115.1 , Est Remaining: 359.1
85 116.5 , Est Remaining: 357.6
86 117.8 , Est Remaining: 356.1
87 119.1 , Est Remaining: 354.7
88 120.5 , Est Remaining: 353.3
89 121.8 , Est Remaining: 351.8
90 123.2 , Est Remaining: 350.4
91 124.5 , Est Remaining: 348.9
92 125.9 , Est Remaining: 347.5
EVENT FAILED
92 126.2 , Est Remaining: 348.3
EVENT FAILED
92 126.5 , Est Remaining: 349.1
93 127.8 , Est Remaining: 347.6
94 129.1 , Est Remaining: 346.1
95 130.5 , Est Remaining: 344.7
96 131.8 , Est Remaining: 343.3
97 133.2 , Est Remaining: 341.8
98 134.5 , Est Remaining: 340.5
99 135.9 , Est Remaining: 339.1
100 137.3 , Est Remaining: 337.7
101 138.7 , Est Remaining: 336.4
102 140.0 , Est Remaining: 335.0
103 141.5 , Est Remaining: 333.8
104 142.9 , Est Remaining: 332.5
105 144.3 , Est Remaining: 331.1
106 145.6 , Est Remaining: 329.7
107 147.0 , Est Remaining: 328.4
108 148.4 , Est Remaining: 327.1
109 149.8 , Est Remaining: 325.8
110 151.2 , Est Remaining: 324.4
111 152.6 , Est Remaining: 323.1
112 154.0 , Est Remaining: 321.7
113 155.4 , Est Remaining: 320.4
114 156.8 , Est Remaining: 319.0
115 158.2 , Est Remaining: 317.8
116 159.6 , Est Remaining: 316.5
117 161.0 , Est Remaining: 315.2
118 162.4 , Est Remaining: 313.9
119 163.9 , Est Remaining: 312.6
120 165.3 , Est Remaining: 311.3
121 166.7 , Est Remaining: 310.1
122 168.2 , Est Remaining: 308.8
123 169.6 , Est Remaining: 307.5
124 171.0 , Est Remaining: 306.2
125 172.5 , Est Remaining: 304.9
126 173.9 , Est Remaining: 303.6
127 175.3 , Est Remaining: 302.4
128 176.8 , Est Remaining: 301.1
129 178.2 , Est Remaining: 299.8
130 179.7 , Est Remaining: 298.6
131 181.1 , Est Remaining: 297.3
132 182.6 , Est Remaining: 296.0
133 184.0 , Est Remaining: 294.7
134 185.4 , Est Remaining: 293.3
135 186.8 , Est Remaining: 292.0
136 188.3 , Est Remaining: 290.7
137 189.7 , Est Remaining: 289.4
138 191.1 , Est Remaining: 288.1
139 192.6 , Est Remaining: 286.8
140 194.0 , Est Remaining: 285.4
141 195.4 , Est Remaining: 284.1
142 196.9 , Est Remaining: 282.8
143 198.3 , Est Remaining: 281.5
144 199.7 , Est Remaining: 280.2
EVENT FAILED
144 200.0 , Est Remaining: 280.6
145 201.5 , Est Remaining: 279.3
146 202.9 , Est Remaining: 278.0
147 204.4 , Est Remaining: 276.7
148 205.8 , Est Remaining: 275.3
149 207.3 , Est Remaining: 274.0
150 208.7 , Est Remaining: 272.7
151 210.2 , Est Remaining: 271.4
152 211.6 , Est Remaining: 270.1
153 213.1 , Est Remaining: 268.8
154 214.5 , Est Remaining: 267.4
155 216.0 , Est Remaining: 266.1
156 217.4 , Est Remaining: 264.8
157 218.8 , Est Remaining: 263.4
158 220.3 , Est Remaining: 262.1
159 221.7 , Est Remaining: 260.7
160 223.1 , Est Remaining: 259.4
161 224.5 , Est Remaining: 258.0
162 226.0 , Est Remaining: 256.7
EVENT FAILED
162 226.3 , Est Remaining: 257.0
163 227.7 , Est Remaining: 255.7
164 229.2 , Est Remaining: 254.3
165 230.6 , Est Remaining: 253.0
166 232.1 , Est Remaining: 251.6
167 233.5 , Est Remaining: 250.3
168 234.9 , Est Remaining: 248.9
169 236.4 , Est Remaining: 247.6
170 237.8 , Est Remaining: 246.2
171 239.2 , Est Remaining: 244.8
172 240.7 , Est Remaining: 243.5
EVENT FAILED
172 241.0 , Est Remaining: 243.8
173 242.4 , Est Remaining: 242.4
174 243.8 , Est Remaining: 241.0
175 245.4 , Est Remaining: 239.7
176 246.8 , Est Remaining: 238.4
177 248.2 , Est Remaining: 237.0
178 249.7 , Est Remaining: 235.6
179 251.1 , Est Remaining: 234.3
180 252.6 , Est Remaining: 232.9
181 254.0 , Est Remaining: 231.6
182 255.5 , Est Remaining: 230.2
183 256.9 , Est Remaining: 228.9
184 258.4 , Est Remaining: 227.5
185 259.9 , Est Remaining: 226.1
186 261.3 , Est Remaining: 224.8
187 262.8 , Est Remaining: 223.4
188 264.2 , Est Remaining: 222.1
189 265.7 , Est Remaining: 220.7
190 267.1 , Est Remaining: 219.3
191 268.6 , Est Remaining: 218.0
192 270.1 , Est Remaining: 216.6
193 271.5 , Est Remaining: 215.2
194 272.9 , Est Remaining: 213.9
195 274.4 , Est Remaining: 212.5
196 275.8 , Est Remaining: 211.1
197 277.3 , Est Remaining: 209.7
198 278.7 , Est Remaining: 208.3
199 280.2 , Est Remaining: 206.9
200 281.6 , Est Remaining: 205.6
201 283.0 , Est Remaining: 204.2
202 284.5 , Est Remaining: 202.8
203 286.1 , Est Remaining: 201.5
204 287.5 , Est Remaining: 200.1
205 289.0 , Est Remaining: 198.8
206 290.5 , Est Remaining: 197.4
207 291.9 , Est Remaining: 196.0
208 293.4 , Est Remaining: 194.6
209 294.8 , Est Remaining: 193.2
210 296.2 , Est Remaining: 191.9
EVENT FAILED
210 297.1 , Est Remaining: 192.4
211 298.6 , Est Remaining: 191.0
212 300.0 , Est Remaining: 189.6
213 301.4 , Est Remaining: 188.2
214 302.9 , Est Remaining: 186.8
215 304.3 , Est Remaining: 185.4
216 305.7 , Est Remaining: 184.0
217 307.2 , Est Remaining: 182.6
218 308.6 , Est Remaining: 181.2
219 310.1 , Est Remaining: 179.8
220 311.5 , Est Remaining: 178.4
221 312.9 , Est Remaining: 177.0
222 314.4 , Est Remaining: 175.6
EVENT FAILED
222 314.7 , Est Remaining: 175.8
223 316.1 , Est Remaining: 174.3
224 317.5 , Est Remaining: 172.9
225 319.0 , Est Remaining: 171.5
226 320.4 , Est Remaining: 170.1
227 321.8 , Est Remaining: 168.7
228 323.2 , Est Remaining: 167.3
229 324.7 , Est Remaining: 165.9
230 326.1 , Est Remaining: 164.5
231 327.6 , Est Remaining: 163.1
232 329.0 , Est Remaining: 161.7
233 330.4 , Est Remaining: 160.2
234 331.9 , Est Remaining: 158.8
235 333.3 , Est Remaining: 157.4
236 334.7 , Est Remaining: 156.0
237 336.2 , Est Remaining: 154.6
238 337.6 , Est Remaining: 153.2
EVENT FAILED
238 337.9 , Est Remaining: 153.3
239 339.3 , Est Remaining: 151.9
240 340.8 , Est Remaining: 150.5
241 342.2 , Est Remaining: 149.1
242 343.7 , Est Remaining: 147.7
243 345.1 , Est Remaining: 146.3
244 346.6 , Est Remaining: 144.9
245 348.0 , Est Remaining: 143.5
EVENT FAILED
245 348.3 , Est Remaining: 143.6
246 349.7 , Est Remaining: 142.2
247 351.2 , Est Remaining: 140.8
248 352.6 , Est Remaining: 139.4
249 354.1 , Est Remaining: 137.9
250 355.5 , Est Remaining: 136.5
251 357.0 , Est Remaining: 135.1
252 358.4 , Est Remaining: 133.7
253 359.9 , Est Remaining: 132.3
254 361.3 , Est Remaining: 130.9
255 362.7 , Est Remaining: 129.4
256 364.2 , Est Remaining: 128.0
257 365.6 , Est Remaining: 126.6
258 367.0 , Est Remaining: 125.2
259 368.5 , Est Remaining: 123.8
260 369.9 , Est Remaining: 122.4
261 371.3 , Est Remaining: 120.9
262 372.7 , Est Remaining: 119.5
263 374.2 , Est Remaining: 118.1
264 375.6 , Est Remaining: 116.7
265 377.0 , Est Remaining: 115.2
266 378.5 , Est Remaining: 113.8
267 379.9 , Est Remaining: 112.4
268 381.3 , Est Remaining: 111.0
269 382.8 , Est Remaining: 109.6
270 384.2 , Est Remaining: 108.2
271 385.7 , Est Remaining: 106.7
272 387.1 , Est Remaining: 105.3
273 388.6 , Est Remaining: 103.9
274 390.0 , Est Remaining: 102.5
275 391.5 , Est Remaining: 101.1
276 392.9 , Est Remaining: 99.6
277 394.3 , Est Remaining: 98.2
278 395.7 , Est Remaining: 96.8
EVENT FAILED
278 396.0 , Est Remaining: 96.9
279 397.5 , Est Remaining: 95.5
280 398.9 , Est Remaining: 94.0
281 400.4 , Est Remaining: 92.6
282 401.8 , Est Remaining: 91.2
283 403.2 , Est Remaining: 89.8
284 404.6 , Est Remaining: 88.3
285 406.0 , Est Remaining: 86.9
286 407.5 , Est Remaining: 85.5
287 408.9 , Est Remaining: 84.1
288 410.3 , Est Remaining: 82.6
289 411.8 , Est Remaining: 81.2
290 413.2 , Est Remaining: 79.8
291 414.7 , Est Remaining: 78.4
292 416.1 , Est Remaining: 77.0
293 417.5 , Est Remaining: 75.5
294 418.9 , Est Remaining: 74.1
295 420.3 , Est Remaining: 72.7
296 421.8 , Est Remaining: 71.2
297 423.2 , Est Remaining: 69.8
298 424.6 , Est Remaining: 68.4
299 426.0 , Est Remaining: 67.0
300 427.5 , Est Remaining: 65.5
301 428.9 , Est Remaining: 64.1
302 430.5 , Est Remaining: 62.7
303 432.0 , Est Remaining: 61.3
304 433.4 , Est Remaining: 59.9
305 434.8 , Est Remaining: 58.5
306 436.3 , Est Remaining: 57.0
307 437.7 , Est Remaining: 55.6
308 439.2 , Est Remaining: 54.2
309 440.6 , Est Remaining: 52.8
EVENT FAILED
309 440.9 , Est Remaining: 52.8
310 442.4 , Est Remaining: 51.4
311 443.8 , Est Remaining: 49.9
312 445.2 , Est Remaining: 48.5
313 446.7 , Est Remaining: 47.1
314 448.1 , Est Remaining: 45.7
315 449.6 , Est Remaining: 44.2
EVENT FAILED
315 450.0 , Est Remaining: 44.3
316 451.4 , Est Remaining: 42.9
317 452.9 , Est Remaining: 41.4
318 454.3 , Est Remaining: 40.0
319 455.8 , Est Remaining: 38.6
320 457.2 , Est Remaining: 37.1
321 458.6 , Est Remaining: 35.7
322 460.1 , Est Remaining: 34.3
323 461.5 , Est Remaining: 32.9
324 463.0 , Est Remaining: 31.4
325 464.4 , Est Remaining: 30.0
326 465.8 , Est Remaining: 28.6
327 467.2 , Est Remaining: 27.1
328 468.7 , Est Remaining: 25.7
329 470.1 , Est Remaining: 24.3
330 471.5 , Est Remaining: 22.9
331 473.0 , Est Remaining: 21.4
