Note: NumExpr detected 32 cores but "NUMEXPR_MAX_THREADS" not set, so enforcing safe limit of 8.
Using selector: EpollSelector
/n/home02/jhaefner/miniconda/envs/IC-3.7-2020-06-16/lib/python3.7/site-packages/scipy/optimize/minpack.py:808: OptimizeWarning: Covariance of the parameters could not be estimated
  category=OptimizeWarning)
Total rwfs: 346
0 0.0 , Est Remaining: 999999.9
1 1.4 , Est Remaining: 496.9
2 2.8 , Est Remaining: 490.0
3 4.3 , Est Remaining: 488.0
4 5.7 , Est Remaining: 484.8
5 7.1 , Est Remaining: 482.5
6 8.5 , Est Remaining: 479.6
7 9.8 , Est Remaining: 476.2
8 11.2 , Est Remaining: 473.8
9 12.6 , Est Remaining: 471.7
10 14.0 , Est Remaining: 470.1
11 15.4 , Est Remaining: 468.4
12 16.8 , Est Remaining: 467.0
13 18.2 , Est Remaining: 465.6
14 19.6 , Est Remaining: 464.3
15 21.0 , Est Remaining: 462.7
16 22.3 , Est Remaining: 460.9
17 23.7 , Est Remaining: 459.5
18 25.1 , Est Remaining: 457.8
19 26.5 , Est Remaining: 456.0
20 27.9 , Est Remaining: 454.4
21 29.3 , Est Remaining: 453.1
22 30.7 , Est Remaining: 452.0
23 32.1 , Est Remaining: 450.8
24 33.5 , Est Remaining: 449.3
25 34.9 , Est Remaining: 447.7
26 36.3 , Est Remaining: 446.2
27 37.6 , Est Remaining: 444.7
28 39.0 , Est Remaining: 443.3
29 40.4 , Est Remaining: 442.0
30 41.8 , Est Remaining: 440.4
31 43.2 , Est Remaining: 438.8
32 44.6 , Est Remaining: 437.3
33 46.0 , Est Remaining: 435.9
34 47.4 , Est Remaining: 434.5
35 48.7 , Est Remaining: 433.1
36 50.1 , Est Remaining: 431.7
37 51.5 , Est Remaining: 430.4
38 52.9 , Est Remaining: 429.1
39 54.2 , Est Remaining: 426.9
40 55.6 , Est Remaining: 425.7
41 57.1 , Est Remaining: 424.4
42 58.5 , Est Remaining: 423.1
43 59.9 , Est Remaining: 421.9
EVENT FAILED
43 60.2 , Est Remaining: 424.0
44 61.6 , Est Remaining: 422.6
45 63.0 , Est Remaining: 421.2
46 64.4 , Est Remaining: 419.9
EVENT FAILED
46 64.7 , Est Remaining: 421.8
47 66.1 , Est Remaining: 420.4
48 67.5 , Est Remaining: 418.9
49 68.9 , Est Remaining: 417.5
50 70.3 , Est Remaining: 416.2
51 71.7 , Est Remaining: 414.8
52 73.1 , Est Remaining: 413.5
53 74.5 , Est Remaining: 412.1
54 76.0 , Est Remaining: 410.8
55 77.4 , Est Remaining: 409.4
56 78.8 , Est Remaining: 408.0
57 80.2 , Est Remaining: 406.6
58 81.6 , Est Remaining: 405.1
59 83.0 , Est Remaining: 403.5
60 84.4 , Est Remaining: 402.2
61 85.8 , Est Remaining: 400.9
62 87.2 , Est Remaining: 399.5
63 88.6 , Est Remaining: 398.2
64 90.0 , Est Remaining: 396.8
65 91.5 , Est Remaining: 395.4
66 92.9 , Est Remaining: 394.0
67 94.3 , Est Remaining: 392.6
68 95.7 , Est Remaining: 391.3
69 97.1 , Est Remaining: 389.9
70 98.5 , Est Remaining: 388.5
71 99.9 , Est Remaining: 387.1
72 101.4 , Est Remaining: 385.8
73 102.8 , Est Remaining: 384.6
74 104.2 , Est Remaining: 383.2
75 105.7 , Est Remaining: 381.8
76 107.1 , Est Remaining: 380.5
77 108.5 , Est Remaining: 379.2
78 110.0 , Est Remaining: 377.8
EVENT FAILED
78 110.3 , Est Remaining: 378.8
79 111.7 , Est Remaining: 377.5
80 113.1 , Est Remaining: 376.1
81 114.6 , Est Remaining: 374.8
82 116.0 , Est Remaining: 373.4
83 117.4 , Est Remaining: 372.1
84 118.9 , Est Remaining: 370.7
85 120.3 , Est Remaining: 369.3
86 121.7 , Est Remaining: 368.0
87 123.1 , Est Remaining: 366.6
88 124.6 , Est Remaining: 365.2
89 126.0 , Est Remaining: 363.9
90 127.4 , Est Remaining: 362.5
91 128.9 , Est Remaining: 361.1
92 130.3 , Est Remaining: 359.7
93 131.7 , Est Remaining: 358.4
94 133.2 , Est Remaining: 357.0
95 134.6 , Est Remaining: 355.6
96 136.0 , Est Remaining: 354.2
97 137.4 , Est Remaining: 352.8
98 138.9 , Est Remaining: 351.5
99 140.3 , Est Remaining: 350.1
100 141.8 , Est Remaining: 348.7
EVENT FAILED
100 142.1 , Est Remaining: 349.5
101 143.5 , Est Remaining: 348.1
EVENT FAILED
101 143.8 , Est Remaining: 348.8
102 145.3 , Est Remaining: 347.5
103 146.8 , Est Remaining: 346.3
104 148.2 , Est Remaining: 345.0
105 149.7 , Est Remaining: 343.6
106 151.1 , Est Remaining: 342.2
107 152.6 , Est Remaining: 340.8
108 154.0 , Est Remaining: 339.4
109 155.4 , Est Remaining: 338.0
110 156.9 , Est Remaining: 336.6
111 158.3 , Est Remaining: 335.2
112 159.8 , Est Remaining: 333.9
113 161.3 , Est Remaining: 332.6
114 162.8 , Est Remaining: 331.2
115 164.2 , Est Remaining: 329.9
116 165.7 , Est Remaining: 328.5
EVENT FAILED
116 166.0 , Est Remaining: 329.1
117 167.4 , Est Remaining: 327.7
118 168.9 , Est Remaining: 326.3
119 170.3 , Est Remaining: 324.9
120 171.8 , Est Remaining: 323.5
121 173.2 , Est Remaining: 322.1
122 174.7 , Est Remaining: 320.7
123 176.1 , Est Remaining: 319.3
124 177.5 , Est Remaining: 317.9
125 179.0 , Est Remaining: 316.5
126 180.4 , Est Remaining: 315.0
127 181.8 , Est Remaining: 313.6
128 183.3 , Est Remaining: 312.2
129 184.7 , Est Remaining: 310.8
130 186.2 , Est Remaining: 309.4
131 187.6 , Est Remaining: 307.9
132 189.1 , Est Remaining: 306.5
133 190.5 , Est Remaining: 305.1
134 192.0 , Est Remaining: 303.7
135 193.4 , Est Remaining: 302.3
136 194.9 , Est Remaining: 300.9
137 196.3 , Est Remaining: 299.5
138 197.8 , Est Remaining: 298.1
139 199.2 , Est Remaining: 296.7
140 200.7 , Est Remaining: 295.3
EVENT FAILED
140 201.0 , Est Remaining: 295.7
141 202.4 , Est Remaining: 294.3
142 203.9 , Est Remaining: 292.9
143 205.4 , Est Remaining: 291.5
144 206.8 , Est Remaining: 290.1
145 208.3 , Est Remaining: 288.7
146 209.8 , Est Remaining: 287.4
147 211.2 , Est Remaining: 286.0
148 212.7 , Est Remaining: 284.6
149 214.2 , Est Remaining: 283.2
150 215.7 , Est Remaining: 281.8
EVENT FAILED
150 216.0 , Est Remaining: 282.2
151 217.4 , Est Remaining: 280.8
152 218.9 , Est Remaining: 279.4
153 220.4 , Est Remaining: 278.0
154 221.8 , Est Remaining: 276.6
155 223.3 , Est Remaining: 275.2
156 224.8 , Est Remaining: 273.8
157 226.2 , Est Remaining: 272.4
158 227.7 , Est Remaining: 271.0
159 229.2 , Est Remaining: 269.6
160 230.7 , Est Remaining: 268.2
161 232.2 , Est Remaining: 266.8
162 233.6 , Est Remaining: 265.3
163 235.1 , Est Remaining: 263.9
164 236.6 , Est Remaining: 262.5
165 238.0 , Est Remaining: 261.1
166 239.5 , Est Remaining: 259.7
167 241.0 , Est Remaining: 258.3
168 242.4 , Est Remaining: 256.9
169 243.9 , Est Remaining: 255.4
170 245.4 , Est Remaining: 254.0
171 246.8 , Est Remaining: 252.6
172 248.3 , Est Remaining: 251.2
173 249.8 , Est Remaining: 249.8
174 251.2 , Est Remaining: 248.3
175 252.7 , Est Remaining: 246.9
176 254.2 , Est Remaining: 245.5
177 255.6 , Est Remaining: 244.1
178 257.1 , Est Remaining: 242.7
179 258.6 , Est Remaining: 241.3
180 260.1 , Est Remaining: 239.8
EVENT FAILED
180 260.4 , Est Remaining: 240.1
181 261.8 , Est Remaining: 238.7
182 263.2 , Est Remaining: 237.2
183 264.7 , Est Remaining: 235.8
184 266.1 , Est Remaining: 234.3
185 267.6 , Est Remaining: 232.9
186 269.1 , Est Remaining: 231.4
EVENT FAILED
186 269.4 , Est Remaining: 231.7
187 270.8 , Est Remaining: 230.3
188 272.3 , Est Remaining: 228.8
189 273.7 , Est Remaining: 227.4
190 275.2 , Est Remaining: 226.0
191 276.7 , Est Remaining: 224.5
192 278.1 , Est Remaining: 223.1
193 279.6 , Est Remaining: 221.6
194 281.0 , Est Remaining: 220.2
195 282.5 , Est Remaining: 218.8
196 284.0 , Est Remaining: 217.3
197 285.4 , Est Remaining: 215.9
198 286.9 , Est Remaining: 214.4
199 288.3 , Est Remaining: 213.0
200 289.8 , Est Remaining: 211.6
201 291.2 , Est Remaining: 210.1
202 292.7 , Est Remaining: 208.7
203 294.3 , Est Remaining: 207.3
204 295.7 , Est Remaining: 205.9
205 297.2 , Est Remaining: 204.4
206 298.7 , Est Remaining: 203.0
207 300.1 , Est Remaining: 201.5
208 301.6 , Est Remaining: 200.1
209 303.0 , Est Remaining: 198.6
210 304.5 , Est Remaining: 197.2
211 305.9 , Est Remaining: 195.7
212 307.4 , Est Remaining: 194.3
213 308.7 , Est Remaining: 192.8
214 310.2 , Est Remaining: 191.3
EVENT FAILED
214 310.5 , Est Remaining: 191.5
215 311.9 , Est Remaining: 190.1
216 313.4 , Est Remaining: 188.6
217 314.8 , Est Remaining: 187.2
218 316.3 , Est Remaining: 185.7
219 317.7 , Est Remaining: 184.2
220 319.2 , Est Remaining: 182.8
221 320.6 , Est Remaining: 181.3
222 322.1 , Est Remaining: 179.9
223 323.5 , Est Remaining: 178.4
224 325.0 , Est Remaining: 177.0
225 326.4 , Est Remaining: 175.6
226 327.9 , Est Remaining: 174.1
227 329.3 , Est Remaining: 172.6
228 330.8 , Est Remaining: 171.2
229 332.2 , Est Remaining: 169.7
230 333.7 , Est Remaining: 168.3
231 335.1 , Est Remaining: 166.8
232 336.6 , Est Remaining: 165.4
233 338.0 , Est Remaining: 163.9
234 339.5 , Est Remaining: 162.5
235 341.0 , Est Remaining: 161.1
236 342.4 , Est Remaining: 159.6
237 343.8 , Est Remaining: 158.1
238 345.3 , Est Remaining: 156.7
239 346.7 , Est Remaining: 155.2
240 348.1 , Est Remaining: 153.8
241 349.6 , Est Remaining: 152.3
242 351.0 , Est Remaining: 150.8
243 352.5 , Est Remaining: 149.4
244 353.9 , Est Remaining: 147.9
245 355.3 , Est Remaining: 146.5
246 356.8 , Est Remaining: 145.0
247 358.2 , Est Remaining: 143.6
248 359.6 , Est Remaining: 142.1
249 361.0 , Est Remaining: 140.6
250 362.5 , Est Remaining: 139.2
251 363.9 , Est Remaining: 137.7
252 365.4 , Est Remaining: 136.3
253 366.8 , Est Remaining: 134.8
254 368.2 , Est Remaining: 133.4
255 369.7 , Est Remaining: 131.9
256 371.1 , Est Remaining: 130.5
257 372.6 , Est Remaining: 129.0
258 374.0 , Est Remaining: 127.6
259 375.4 , Est Remaining: 126.1
260 376.9 , Est Remaining: 124.7
261 378.3 , Est Remaining: 123.2
262 379.8 , Est Remaining: 121.8
263 381.2 , Est Remaining: 120.3
264 382.7 , Est Remaining: 118.9
265 384.1 , Est Remaining: 117.4
266 385.6 , Est Remaining: 116.0
267 387.0 , Est Remaining: 114.5
268 388.5 , Est Remaining: 113.1
269 389.9 , Est Remaining: 111.6
270 391.4 , Est Remaining: 110.2
271 392.8 , Est Remaining: 108.7
272 394.3 , Est Remaining: 107.3
273 395.8 , Est Remaining: 105.8
274 397.2 , Est Remaining: 104.4
275 398.7 , Est Remaining: 102.9
276 400.1 , Est Remaining: 101.5
EVENT FAILED
276 400.4 , Est Remaining: 101.6
277 401.9 , Est Remaining: 100.1
EVENT FAILED
277 402.2 , Est Remaining: 100.2
278 403.6 , Est Remaining: 98.7
279 405.0 , Est Remaining: 97.3
280 406.5 , Est Remaining: 95.8
281 407.9 , Est Remaining: 94.4
282 409.3 , Est Remaining: 92.9
283 410.7 , Est Remaining: 91.4
284 412.2 , Est Remaining: 90.0
285 413.6 , Est Remaining: 88.5
EVENT FAILED
285 413.9 , Est Remaining: 88.6
286 415.3 , Est Remaining: 87.1
287 416.8 , Est Remaining: 85.7
288 418.2 , Est Remaining: 84.2
289 419.6 , Est Remaining: 82.8
290 421.0 , Est Remaining: 81.3
291 422.5 , Est Remaining: 79.8
292 423.9 , Est Remaining: 78.4
293 425.4 , Est Remaining: 76.9
EVENT FAILED
293 425.7 , Est Remaining: 77.0
294 427.1 , Est Remaining: 75.5
295 428.5 , Est Remaining: 74.1
296 430.0 , Est Remaining: 72.6
297 431.4 , Est Remaining: 71.2
298 432.8 , Est Remaining: 69.7
299 434.3 , Est Remaining: 68.3
300 435.7 , Est Remaining: 66.8
301 437.2 , Est Remaining: 65.4
302 438.8 , Est Remaining: 63.9
303 440.2 , Est Remaining: 62.5
304 441.6 , Est Remaining: 61.0
305 443.1 , Est Remaining: 59.6
306 444.5 , Est Remaining: 58.1
307 445.9 , Est Remaining: 56.6
308 447.3 , Est Remaining: 55.2
309 448.7 , Est Remaining: 53.7
310 450.1 , Est Remaining: 52.3
311 451.6 , Est Remaining: 50.8
312 453.0 , Est Remaining: 49.4
313 454.4 , Est Remaining: 47.9
314 455.8 , Est Remaining: 46.4
EVENT FAILED
314 456.1 , Est Remaining: 46.5
315 457.5 , Est Remaining: 45.0
316 458.9 , Est Remaining: 43.6
317 460.3 , Est Remaining: 42.1
318 461.7 , Est Remaining: 40.7
319 463.1 , Est Remaining: 39.2
320 464.5 , Est Remaining: 37.7
321 465.9 , Est Remaining: 36.3
322 467.3 , Est Remaining: 34.8
323 468.7 , Est Remaining: 33.4
324 470.1 , Est Remaining: 31.9
325 471.5 , Est Remaining: 30.5
326 472.9 , Est Remaining: 29.0
327 474.3 , Est Remaining: 27.6
328 475.7 , Est Remaining: 26.1
329 477.0 , Est Remaining: 24.6
