Note: NumExpr detected 32 cores but "NUMEXPR_MAX_THREADS" not set, so enforcing safe limit of 8.
Using selector: EpollSelector
/n/home02/jhaefner/miniconda/envs/IC-3.7-2020-06-16/lib/python3.7/site-packages/scipy/optimize/minpack.py:808: OptimizeWarning: Covariance of the parameters could not be estimated
  category=OptimizeWarning)
Total rwfs: 346
0 0.0 , Est Remaining: 999999.9
1 1.3 , Est Remaining: 458.4
2 2.6 , Est Remaining: 455.1
3 4.0 , Est Remaining: 452.4
4 5.2 , Est Remaining: 447.5
5 6.5 , Est Remaining: 444.5
6 7.8 , Est Remaining: 443.0
7 9.1 , Est Remaining: 440.0
8 10.4 , Est Remaining: 438.0
9 11.6 , Est Remaining: 436.2
10 12.9 , Est Remaining: 434.0
11 14.2 , Est Remaining: 432.1
12 15.5 , Est Remaining: 430.3
13 16.8 , Est Remaining: 429.1
14 18.0 , Est Remaining: 427.6
15 19.3 , Est Remaining: 426.4
16 20.6 , Est Remaining: 425.1
17 21.9 , Est Remaining: 423.6
18 23.2 , Est Remaining: 422.1
19 24.5 , Est Remaining: 420.8
20 25.7 , Est Remaining: 419.6
21 27.0 , Est Remaining: 418.5
22 28.3 , Est Remaining: 417.3
23 29.6 , Est Remaining: 416.2
24 30.9 , Est Remaining: 415.1
25 32.3 , Est Remaining: 414.4
26 33.6 , Est Remaining: 413.3
27 34.9 , Est Remaining: 412.2
28 36.2 , Est Remaining: 411.2
29 37.5 , Est Remaining: 410.2
30 38.9 , Est Remaining: 409.3
31 40.2 , Est Remaining: 408.2
32 41.5 , Est Remaining: 407.0
33 42.8 , Est Remaining: 405.9
34 44.1 , Est Remaining: 404.7
35 45.4 , Est Remaining: 403.6
36 46.7 , Est Remaining: 402.5
37 48.0 , Est Remaining: 401.3
38 49.3 , Est Remaining: 400.0
39 50.7 , Est Remaining: 398.8
40 52.0 , Est Remaining: 397.8
41 53.3 , Est Remaining: 396.7
42 54.7 , Est Remaining: 395.7
43 56.0 , Est Remaining: 394.7
44 57.3 , Est Remaining: 393.6
EVENT FAILED
44 57.6 , Est Remaining: 395.7
45 59.0 , Est Remaining: 394.6
46 60.3 , Est Remaining: 393.4
47 61.7 , Est Remaining: 392.2
48 63.0 , Est Remaining: 391.1
49 64.2 , Est Remaining: 389.1
50 65.5 , Est Remaining: 388.0
51 66.9 , Est Remaining: 386.8
52 68.2 , Est Remaining: 385.7
53 69.5 , Est Remaining: 384.5
54 70.9 , Est Remaining: 383.3
55 72.2 , Est Remaining: 382.2
56 73.6 , Est Remaining: 380.9
57 74.9 , Est Remaining: 379.7
58 76.2 , Est Remaining: 378.5
59 77.5 , Est Remaining: 377.2
60 78.9 , Est Remaining: 376.0
61 80.2 , Est Remaining: 374.7
62 81.5 , Est Remaining: 373.5
63 82.9 , Est Remaining: 372.3
64 84.2 , Est Remaining: 371.1
65 85.6 , Est Remaining: 369.9
66 86.9 , Est Remaining: 368.7
67 88.2 , Est Remaining: 367.4
68 89.6 , Est Remaining: 366.3
69 90.9 , Est Remaining: 365.0
70 92.3 , Est Remaining: 363.9
71 93.6 , Est Remaining: 362.6
EVENT FAILED
71 93.9 , Est Remaining: 363.8
72 95.3 , Est Remaining: 362.6
73 96.6 , Est Remaining: 361.3
74 98.0 , Est Remaining: 360.1
75 99.3 , Est Remaining: 358.9
76 100.7 , Est Remaining: 357.6
77 102.0 , Est Remaining: 356.4
78 103.4 , Est Remaining: 355.1
79 104.7 , Est Remaining: 353.9
80 106.1 , Est Remaining: 352.6
81 107.4 , Est Remaining: 351.4
82 108.8 , Est Remaining: 350.1
83 110.1 , Est Remaining: 348.9
84 111.5 , Est Remaining: 347.6
85 112.8 , Est Remaining: 346.4
86 114.1 , Est Remaining: 345.1
87 115.5 , Est Remaining: 343.8
88 116.8 , Est Remaining: 342.5
89 118.2 , Est Remaining: 341.2
90 119.5 , Est Remaining: 339.9
91 120.8 , Est Remaining: 338.6
EVENT FAILED
91 121.2 , Est Remaining: 339.5
92 122.5 , Est Remaining: 338.2
93 123.8 , Est Remaining: 336.9
EVENT FAILED
93 124.1 , Est Remaining: 337.7
94 125.5 , Est Remaining: 336.4
95 126.8 , Est Remaining: 335.0
96 128.1 , Est Remaining: 333.7
97 129.5 , Est Remaining: 332.4
98 130.8 , Est Remaining: 331.0
99 132.1 , Est Remaining: 329.7
100 133.5 , Est Remaining: 328.4
EVENT FAILED
100 133.8 , Est Remaining: 329.1
101 135.1 , Est Remaining: 327.8
102 136.4 , Est Remaining: 326.4
103 137.8 , Est Remaining: 325.2
104 139.2 , Est Remaining: 323.8
105 140.5 , Est Remaining: 322.5
106 141.8 , Est Remaining: 321.1
107 143.2 , Est Remaining: 319.8
108 144.5 , Est Remaining: 318.4
109 145.8 , Est Remaining: 317.0
110 147.1 , Est Remaining: 315.6
111 148.4 , Est Remaining: 314.3
112 149.8 , Est Remaining: 312.9
113 151.1 , Est Remaining: 311.6
114 152.4 , Est Remaining: 310.2
115 153.8 , Est Remaining: 308.9
116 155.1 , Est Remaining: 307.5
117 156.4 , Est Remaining: 306.2
118 157.8 , Est Remaining: 304.8
119 159.1 , Est Remaining: 303.5
EVENT FAILED
119 159.4 , Est Remaining: 304.1
120 160.7 , Est Remaining: 302.7
121 162.1 , Est Remaining: 301.4
122 163.4 , Est Remaining: 300.0
123 164.7 , Est Remaining: 298.7
124 166.1 , Est Remaining: 297.3
125 167.4 , Est Remaining: 296.0
126 168.8 , Est Remaining: 294.6
127 170.1 , Est Remaining: 293.3
128 171.4 , Est Remaining: 292.0
129 172.8 , Est Remaining: 290.6
130 174.1 , Est Remaining: 289.3
131 175.4 , Est Remaining: 287.9
132 176.8 , Est Remaining: 286.6
133 178.1 , Est Remaining: 285.2
134 179.4 , Est Remaining: 283.9
135 180.8 , Est Remaining: 282.5
136 182.1 , Est Remaining: 281.2
137 183.4 , Est Remaining: 279.8
138 184.8 , Est Remaining: 278.5
139 186.1 , Est Remaining: 277.1
140 187.4 , Est Remaining: 275.7
141 188.7 , Est Remaining: 274.4
142 190.0 , Est Remaining: 273.0
143 191.4 , Est Remaining: 271.7
144 192.7 , Est Remaining: 270.3
145 194.0 , Est Remaining: 268.9
146 195.3 , Est Remaining: 267.6
147 196.7 , Est Remaining: 266.2
148 198.0 , Est Remaining: 264.9
EVENT FAILED
148 198.3 , Est Remaining: 265.3
149 199.6 , Est Remaining: 263.9
150 200.9 , Est Remaining: 262.5
151 202.2 , Est Remaining: 261.2
152 203.6 , Est Remaining: 259.8
153 204.9 , Est Remaining: 258.5
154 206.2 , Est Remaining: 257.1
155 207.5 , Est Remaining: 255.7
156 208.8 , Est Remaining: 254.4
157 210.1 , Est Remaining: 253.0
158 211.5 , Est Remaining: 251.6
159 212.8 , Est Remaining: 250.2
160 214.1 , Est Remaining: 248.9
161 215.4 , Est Remaining: 247.5
162 216.7 , Est Remaining: 246.1
163 218.0 , Est Remaining: 244.8
164 219.3 , Est Remaining: 243.4
165 220.6 , Est Remaining: 242.0
166 222.0 , Est Remaining: 240.7
167 223.3 , Est Remaining: 239.3
168 224.6 , Est Remaining: 238.0
169 225.9 , Est Remaining: 236.6
170 227.2 , Est Remaining: 235.2
171 228.5 , Est Remaining: 233.9
172 229.8 , Est Remaining: 232.5
173 231.1 , Est Remaining: 231.1
174 232.4 , Est Remaining: 229.7
175 233.7 , Est Remaining: 228.4
176 235.0 , Est Remaining: 227.0
177 236.3 , Est Remaining: 225.6
178 237.6 , Est Remaining: 224.3
179 238.9 , Est Remaining: 222.9
180 240.3 , Est Remaining: 221.6
181 241.6 , Est Remaining: 220.2
182 242.9 , Est Remaining: 218.9
183 244.2 , Est Remaining: 217.5
184 245.5 , Est Remaining: 216.2
185 246.9 , Est Remaining: 214.8
186 248.2 , Est Remaining: 213.5
187 249.5 , Est Remaining: 212.1
188 250.8 , Est Remaining: 210.8
189 252.1 , Est Remaining: 209.4
190 253.4 , Est Remaining: 208.0
191 254.7 , Est Remaining: 206.7
192 256.0 , Est Remaining: 205.3
193 257.3 , Est Remaining: 204.0
194 258.6 , Est Remaining: 202.6
195 259.9 , Est Remaining: 201.3
196 261.2 , Est Remaining: 199.9
197 262.5 , Est Remaining: 198.5
198 263.8 , Est Remaining: 197.2
199 265.1 , Est Remaining: 195.9
200 266.5 , Est Remaining: 194.5
201 267.8 , Est Remaining: 193.2
202 269.1 , Est Remaining: 191.9
203 270.5 , Est Remaining: 190.6
204 271.8 , Est Remaining: 189.2
205 273.2 , Est Remaining: 187.9
206 274.5 , Est Remaining: 186.5
207 275.8 , Est Remaining: 185.2
208 277.1 , Est Remaining: 183.9
209 278.5 , Est Remaining: 182.5
210 279.8 , Est Remaining: 181.2
211 281.1 , Est Remaining: 179.9
212 282.4 , Est Remaining: 178.5
213 283.8 , Est Remaining: 177.2
214 285.1 , Est Remaining: 175.8
215 286.4 , Est Remaining: 174.5
216 287.7 , Est Remaining: 173.2
217 289.0 , Est Remaining: 171.8
218 290.3 , Est Remaining: 170.5
219 291.6 , Est Remaining: 169.1
220 292.9 , Est Remaining: 167.8
221 294.2 , Est Remaining: 166.4
222 295.5 , Est Remaining: 165.1
223 296.9 , Est Remaining: 163.7
224 298.2 , Est Remaining: 162.4
225 299.5 , Est Remaining: 161.0
226 300.8 , Est Remaining: 159.7
227 302.1 , Est Remaining: 158.4
228 303.4 , Est Remaining: 157.0
229 304.7 , Est Remaining: 155.7
230 306.0 , Est Remaining: 154.3
231 307.4 , Est Remaining: 153.0
232 308.7 , Est Remaining: 151.7
233 310.0 , Est Remaining: 150.4
234 311.3 , Est Remaining: 149.0
235 312.7 , Est Remaining: 147.7
236 314.0 , Est Remaining: 146.3
237 315.3 , Est Remaining: 145.0
238 316.6 , Est Remaining: 143.7
239 317.9 , Est Remaining: 142.3
240 319.2 , Est Remaining: 141.0
241 320.5 , Est Remaining: 139.7
242 321.9 , Est Remaining: 138.3
243 323.2 , Est Remaining: 137.0
244 324.5 , Est Remaining: 135.7
245 325.8 , Est Remaining: 134.3
246 327.1 , Est Remaining: 133.0
247 328.4 , Est Remaining: 131.6
248 329.7 , Est Remaining: 130.3
249 331.0 , Est Remaining: 129.0
250 332.3 , Est Remaining: 127.6
251 333.6 , Est Remaining: 126.3
252 334.9 , Est Remaining: 124.9
253 336.2 , Est Remaining: 123.6
254 337.6 , Est Remaining: 122.3
255 338.9 , Est Remaining: 120.9
256 340.2 , Est Remaining: 119.6
257 341.5 , Est Remaining: 118.3
EVENT FAILED
257 341.8 , Est Remaining: 118.4
258 343.1 , Est Remaining: 117.0
259 344.4 , Est Remaining: 115.7
260 345.7 , Est Remaining: 114.3
261 347.0 , Est Remaining: 113.0
262 348.3 , Est Remaining: 111.7
263 349.6 , Est Remaining: 110.3
264 350.9 , Est Remaining: 109.0
265 352.2 , Est Remaining: 107.7
266 353.5 , Est Remaining: 106.3
267 354.8 , Est Remaining: 105.0
268 356.2 , Est Remaining: 103.7
269 357.5 , Est Remaining: 102.3
270 358.8 , Est Remaining: 101.0
271 360.1 , Est Remaining: 99.7
272 361.4 , Est Remaining: 98.3
273 362.8 , Est Remaining: 97.0
274 364.1 , Est Remaining: 95.7
275 365.4 , Est Remaining: 94.3
276 366.8 , Est Remaining: 93.0
277 368.1 , Est Remaining: 91.7
278 369.4 , Est Remaining: 90.4
279 370.7 , Est Remaining: 89.0
280 372.1 , Est Remaining: 87.7
281 373.4 , Est Remaining: 86.4
282 374.7 , Est Remaining: 85.0
283 376.0 , Est Remaining: 83.7
284 377.3 , Est Remaining: 82.4
285 378.6 , Est Remaining: 81.0
286 379.9 , Est Remaining: 79.7
287 381.2 , Est Remaining: 78.4
288 382.5 , Est Remaining: 77.0
289 383.8 , Est Remaining: 75.7
290 385.1 , Est Remaining: 74.4
291 386.4 , Est Remaining: 73.0
292 387.7 , Est Remaining: 71.7
293 389.1 , Est Remaining: 70.4
294 390.4 , Est Remaining: 69.0
295 391.7 , Est Remaining: 67.7
296 393.0 , Est Remaining: 66.4
297 394.3 , Est Remaining: 65.1
298 395.6 , Est Remaining: 63.7
299 396.9 , Est Remaining: 62.4
300 398.2 , Est Remaining: 61.1
301 399.6 , Est Remaining: 59.7
302 401.0 , Est Remaining: 58.4
303 402.3 , Est Remaining: 57.1
304 403.7 , Est Remaining: 55.8
305 405.0 , Est Remaining: 54.4
306 406.3 , Est Remaining: 53.1
307 407.6 , Est Remaining: 51.8
308 408.9 , Est Remaining: 50.5
309 410.2 , Est Remaining: 49.1
310 411.5 , Est Remaining: 47.8
311 412.8 , Est Remaining: 46.5
312 414.1 , Est Remaining: 45.1
313 415.4 , Est Remaining: 43.8
314 416.7 , Est Remaining: 42.5
315 418.0 , Est Remaining: 41.1
316 419.3 , Est Remaining: 39.8
317 420.6 , Est Remaining: 38.5
318 421.9 , Est Remaining: 37.2
319 423.2 , Est Remaining: 35.8
320 424.6 , Est Remaining: 34.5
321 425.9 , Est Remaining: 33.2
322 427.2 , Est Remaining: 31.8
323 428.5 , Est Remaining: 30.5
324 429.8 , Est Remaining: 29.2
325 431.1 , Est Remaining: 27.9
326 432.4 , Est Remaining: 26.5
327 433.8 , Est Remaining: 25.2
328 435.1 , Est Remaining: 23.9
EVENT FAILED
328 435.4 , Est Remaining: 23.9
329 436.7 , Est Remaining: 22.6
330 438.0 , Est Remaining: 21.2
331 439.3 , Est Remaining: 19.9
332 440.6 , Est Remaining: 18.6
333 442.0 , Est Remaining: 17.3
334 443.3 , Est Remaining: 15.9
335 444.6 , Est Remaining: 14.6
336 445.9 , Est Remaining: 13.3
