Note: NumExpr detected 32 cores but "NUMEXPR_MAX_THREADS" not set, so enforcing safe limit of 8.
Using selector: EpollSelector
/n/home02/jhaefner/miniconda/envs/IC-3.7-2020-06-16/lib/python3.7/site-packages/scipy/optimize/minpack.py:808: OptimizeWarning: Covariance of the parameters could not be estimated
  category=OptimizeWarning)
Total rwfs: 346
0 0.0 , Est Remaining: 999999.9
1 1.5 , Est Remaining: 522.5
2 3.0 , Est Remaining: 517.3
3 4.5 , Est Remaining: 517.9
EVENT FAILED
3 4.8 , Est Remaining: 553.7
4 6.3 , Est Remaining: 539.4
5 7.8 , Est Remaining: 530.9
6 9.2 , Est Remaining: 523.7
7 10.7 , Est Remaining: 517.5
8 12.1 , Est Remaining: 512.6
9 13.6 , Est Remaining: 508.9
10 15.1 , Est Remaining: 506.0
11 16.5 , Est Remaining: 503.2
12 18.0 , Est Remaining: 500.0
13 19.4 , Est Remaining: 496.7
14 20.8 , Est Remaining: 493.7
15 22.3 , Est Remaining: 491.0
16 23.7 , Est Remaining: 488.5
17 25.1 , Est Remaining: 486.1
18 26.5 , Est Remaining: 483.6
19 28.0 , Est Remaining: 481.6
20 29.4 , Est Remaining: 479.6
21 30.8 , Est Remaining: 477.3
22 32.3 , Est Remaining: 475.3
23 33.7 , Est Remaining: 473.4
24 35.1 , Est Remaining: 471.4
25 36.6 , Est Remaining: 470.0
26 38.1 , Est Remaining: 468.7
27 39.5 , Est Remaining: 467.2
28 41.0 , Est Remaining: 465.5
29 42.4 , Est Remaining: 463.9
30 43.9 , Est Remaining: 462.4
31 45.4 , Est Remaining: 460.9
32 46.8 , Est Remaining: 459.3
33 48.3 , Est Remaining: 457.9
34 49.7 , Est Remaining: 456.5
35 51.2 , Est Remaining: 455.1
36 52.7 , Est Remaining: 453.6
37 54.1 , Est Remaining: 451.4
38 55.5 , Est Remaining: 449.5
39 56.9 , Est Remaining: 447.6
40 58.3 , Est Remaining: 445.7
41 59.7 , Est Remaining: 444.0
42 61.1 , Est Remaining: 442.1
43 62.5 , Est Remaining: 440.3
44 63.9 , Est Remaining: 438.5
45 65.3 , Est Remaining: 436.7
46 66.7 , Est Remaining: 434.9
47 68.1 , Est Remaining: 433.2
EVENT FAILED
47 68.4 , Est Remaining: 435.1
48 69.8 , Est Remaining: 433.3
49 71.2 , Est Remaining: 431.5
50 72.6 , Est Remaining: 429.7
51 74.0 , Est Remaining: 427.9
52 75.4 , Est Remaining: 426.1
53 76.7 , Est Remaining: 424.3
54 78.1 , Est Remaining: 422.5
55 79.5 , Est Remaining: 420.6
56 80.9 , Est Remaining: 418.8
57 82.2 , Est Remaining: 417.0
58 83.6 , Est Remaining: 415.3
59 85.0 , Est Remaining: 413.6
60 86.4 , Est Remaining: 411.9
61 87.8 , Est Remaining: 410.1
62 89.1 , Est Remaining: 408.3
63 90.5 , Est Remaining: 406.6
64 91.9 , Est Remaining: 404.8
65 93.2 , Est Remaining: 403.1
66 94.6 , Est Remaining: 401.4
67 96.0 , Est Remaining: 399.6
68 97.3 , Est Remaining: 397.8
69 98.7 , Est Remaining: 396.1
70 100.0 , Est Remaining: 394.3
71 101.4 , Est Remaining: 392.6
72 102.7 , Est Remaining: 390.9
73 104.1 , Est Remaining: 389.2
74 105.4 , Est Remaining: 387.5
75 106.8 , Est Remaining: 385.9
76 108.1 , Est Remaining: 384.2
77 109.5 , Est Remaining: 382.5
78 110.8 , Est Remaining: 380.8
79 112.2 , Est Remaining: 379.2
80 113.5 , Est Remaining: 377.4
81 114.9 , Est Remaining: 375.8
82 116.2 , Est Remaining: 374.2
83 117.6 , Est Remaining: 372.5
84 118.9 , Est Remaining: 370.9
85 120.3 , Est Remaining: 369.3
86 121.6 , Est Remaining: 367.7
87 123.0 , Est Remaining: 366.1
88 124.3 , Est Remaining: 364.5
89 125.7 , Est Remaining: 362.9
90 127.0 , Est Remaining: 361.3
91 128.4 , Est Remaining: 359.7
92 129.7 , Est Remaining: 358.1
93 131.0 , Est Remaining: 356.5
94 132.4 , Est Remaining: 354.9
95 133.7 , Est Remaining: 353.3
96 135.1 , Est Remaining: 351.8
97 136.4 , Est Remaining: 350.1
98 137.7 , Est Remaining: 348.5
99 139.0 , Est Remaining: 346.9
100 140.3 , Est Remaining: 345.2
101 141.7 , Est Remaining: 343.6
102 143.0 , Est Remaining: 342.0
103 144.4 , Est Remaining: 340.7
104 145.7 , Est Remaining: 339.1
105 147.1 , Est Remaining: 337.5
106 148.4 , Est Remaining: 336.0
107 149.7 , Est Remaining: 334.4
108 151.0 , Est Remaining: 332.9
109 152.4 , Est Remaining: 331.3
110 153.7 , Est Remaining: 329.8
111 155.0 , Est Remaining: 328.3
112 156.4 , Est Remaining: 326.7
113 157.7 , Est Remaining: 325.2
114 159.0 , Est Remaining: 323.6
115 160.3 , Est Remaining: 322.1
116 161.7 , Est Remaining: 320.6
117 163.0 , Est Remaining: 319.0
118 164.3 , Est Remaining: 317.5
119 165.6 , Est Remaining: 316.0
120 166.9 , Est Remaining: 314.4
121 168.3 , Est Remaining: 312.9
122 169.6 , Est Remaining: 311.4
123 170.9 , Est Remaining: 309.8
124 172.2 , Est Remaining: 308.3
125 173.5 , Est Remaining: 306.8
126 174.9 , Est Remaining: 305.3
127 176.2 , Est Remaining: 303.8
128 177.5 , Est Remaining: 302.4
129 178.8 , Est Remaining: 300.8
130 180.2 , Est Remaining: 299.3
131 181.5 , Est Remaining: 297.9
132 182.8 , Est Remaining: 296.4
133 184.0 , Est Remaining: 294.7
134 185.3 , Est Remaining: 293.2
EVENT FAILED
134 185.6 , Est Remaining: 293.7
135 187.0 , Est Remaining: 292.2
136 188.3 , Est Remaining: 290.7
137 189.6 , Est Remaining: 289.2
138 190.9 , Est Remaining: 287.7
139 192.2 , Est Remaining: 286.3
140 193.6 , Est Remaining: 284.8
141 194.9 , Est Remaining: 283.3
142 196.2 , Est Remaining: 281.9
143 197.6 , Est Remaining: 280.5
144 198.9 , Est Remaining: 279.0
145 200.2 , Est Remaining: 277.6
146 201.5 , Est Remaining: 276.1
147 202.9 , Est Remaining: 274.6
148 204.2 , Est Remaining: 273.2
149 205.5 , Est Remaining: 271.7
150 206.8 , Est Remaining: 270.3
151 208.2 , Est Remaining: 268.8
152 209.5 , Est Remaining: 267.4
153 210.8 , Est Remaining: 265.9
154 212.2 , Est Remaining: 264.5
155 213.5 , Est Remaining: 263.1
156 214.8 , Est Remaining: 261.6
157 216.1 , Est Remaining: 260.2
158 217.5 , Est Remaining: 258.8
159 218.8 , Est Remaining: 257.3
160 220.1 , Est Remaining: 255.9
161 221.4 , Est Remaining: 254.4
162 222.8 , Est Remaining: 253.0
163 224.1 , Est Remaining: 251.6
164 225.4 , Est Remaining: 250.1
165 226.7 , Est Remaining: 248.7
166 228.1 , Est Remaining: 247.3
167 229.4 , Est Remaining: 245.9
168 230.7 , Est Remaining: 244.4
169 232.0 , Est Remaining: 243.0
EVENT FAILED
169 232.3 , Est Remaining: 243.3
170 233.6 , Est Remaining: 241.9
171 234.9 , Est Remaining: 240.4
172 236.3 , Est Remaining: 239.0
173 237.6 , Est Remaining: 237.6
174 238.9 , Est Remaining: 236.2
175 240.2 , Est Remaining: 234.7
176 241.6 , Est Remaining: 233.3
177 242.9 , Est Remaining: 231.9
178 244.3 , Est Remaining: 230.5
179 245.6 , Est Remaining: 229.1
180 246.9 , Est Remaining: 227.7
181 248.2 , Est Remaining: 226.3
182 249.6 , Est Remaining: 224.9
183 250.9 , Est Remaining: 223.5
184 252.2 , Est Remaining: 222.1
185 253.5 , Est Remaining: 220.7
186 254.9 , Est Remaining: 219.3
187 256.2 , Est Remaining: 217.9
188 257.6 , Est Remaining: 216.5
189 258.9 , Est Remaining: 215.1
190 260.2 , Est Remaining: 213.7
191 261.5 , Est Remaining: 212.2
192 262.9 , Est Remaining: 210.8
193 264.2 , Est Remaining: 209.4
194 265.5 , Est Remaining: 208.0
195 266.8 , Est Remaining: 206.6
196 268.1 , Est Remaining: 205.2
197 269.4 , Est Remaining: 203.8
198 270.7 , Est Remaining: 202.3
199 272.0 , Est Remaining: 200.9
200 273.3 , Est Remaining: 199.5
201 274.6 , Est Remaining: 198.1
202 275.9 , Est Remaining: 196.7
203 277.4 , Est Remaining: 195.4
204 278.7 , Est Remaining: 194.0
205 280.0 , Est Remaining: 192.6
206 281.3 , Est Remaining: 191.2
207 282.6 , Est Remaining: 189.8
208 283.9 , Est Remaining: 188.3
209 285.2 , Est Remaining: 186.9
210 286.5 , Est Remaining: 185.6
211 287.8 , Est Remaining: 184.2
212 289.1 , Est Remaining: 182.8
213 290.5 , Est Remaining: 181.4
214 291.8 , Est Remaining: 180.0
EVENT FAILED
214 292.1 , Est Remaining: 180.1
215 293.4 , Est Remaining: 178.7
216 294.7 , Est Remaining: 177.4
217 296.0 , Est Remaining: 176.0
218 297.3 , Est Remaining: 174.6
219 298.6 , Est Remaining: 173.2
220 299.9 , Est Remaining: 171.8
221 301.3 , Est Remaining: 170.4
222 302.6 , Est Remaining: 169.0
223 303.9 , Est Remaining: 167.6
224 305.2 , Est Remaining: 166.2
225 306.5 , Est Remaining: 164.8
EVENT FAILED
225 306.8 , Est Remaining: 165.0
226 308.1 , Est Remaining: 163.6
227 309.4 , Est Remaining: 162.2
228 310.7 , Est Remaining: 160.8
229 312.1 , Est Remaining: 159.4
230 313.4 , Est Remaining: 158.0
231 314.6 , Est Remaining: 156.6
232 316.0 , Est Remaining: 155.3
233 317.3 , Est Remaining: 153.9
234 318.6 , Est Remaining: 152.5
235 319.9 , Est Remaining: 151.1
236 321.2 , Est Remaining: 149.7
237 322.5 , Est Remaining: 148.3
238 323.9 , Est Remaining: 147.0
239 325.2 , Est Remaining: 145.6
240 326.5 , Est Remaining: 144.2
241 327.8 , Est Remaining: 142.8
242 329.2 , Est Remaining: 141.5
EVENT FAILED
242 329.5 , Est Remaining: 141.6
243 330.8 , Est Remaining: 140.2
244 332.1 , Est Remaining: 138.8
245 333.4 , Est Remaining: 137.4
246 334.7 , Est Remaining: 136.1
247 336.0 , Est Remaining: 134.7
248 337.3 , Est Remaining: 133.3
249 338.6 , Est Remaining: 131.9
250 339.9 , Est Remaining: 130.5
251 341.3 , Est Remaining: 129.2
252 342.6 , Est Remaining: 127.8
253 343.9 , Est Remaining: 126.4
254 345.2 , Est Remaining: 125.0
255 346.5 , Est Remaining: 123.7
256 347.8 , Est Remaining: 122.3
257 349.1 , Est Remaining: 120.9
258 350.5 , Est Remaining: 119.5
259 351.8 , Est Remaining: 118.2
260 353.1 , Est Remaining: 116.8
261 354.4 , Est Remaining: 115.4
262 355.8 , Est Remaining: 114.1
263 357.1 , Est Remaining: 112.7
264 358.4 , Est Remaining: 111.3
265 359.7 , Est Remaining: 109.9
266 361.0 , Est Remaining: 108.6
267 362.4 , Est Remaining: 107.2
268 363.7 , Est Remaining: 105.8
269 365.0 , Est Remaining: 104.5
270 366.3 , Est Remaining: 103.1
271 367.6 , Est Remaining: 101.7
272 369.0 , Est Remaining: 100.4
273 370.3 , Est Remaining: 99.0
274 371.6 , Est Remaining: 97.6
275 372.9 , Est Remaining: 96.3
276 374.3 , Est Remaining: 94.9
277 375.6 , Est Remaining: 93.6
278 376.9 , Est Remaining: 92.2
279 378.2 , Est Remaining: 90.8
280 379.6 , Est Remaining: 89.5
281 380.9 , Est Remaining: 88.1
282 382.2 , Est Remaining: 86.7
283 383.5 , Est Remaining: 85.4
284 384.8 , Est Remaining: 84.0
285 386.2 , Est Remaining: 82.7
EVENT FAILED
285 386.4 , Est Remaining: 82.7
286 387.8 , Est Remaining: 81.4
287 389.1 , Est Remaining: 80.0
288 390.4 , Est Remaining: 78.6
289 391.7 , Est Remaining: 77.3
290 393.0 , Est Remaining: 75.9
291 394.4 , Est Remaining: 74.5
292 395.7 , Est Remaining: 73.2
293 397.0 , Est Remaining: 71.8
294 398.3 , Est Remaining: 70.5
295 399.6 , Est Remaining: 69.1
296 401.0 , Est Remaining: 67.7
EVENT FAILED
296 401.3 , Est Remaining: 67.8
297 402.6 , Est Remaining: 66.4
298 403.9 , Est Remaining: 65.1
299 405.2 , Est Remaining: 63.7
300 406.6 , Est Remaining: 62.3
301 407.9 , Est Remaining: 61.0
302 409.4 , Est Remaining: 59.6
303 410.7 , Est Remaining: 58.3
304 412.0 , Est Remaining: 56.9
305 413.3 , Est Remaining: 55.6
306 414.6 , Est Remaining: 54.2
307 415.9 , Est Remaining: 52.8
308 417.2 , Est Remaining: 51.5
309 418.5 , Est Remaining: 50.1
310 419.8 , Est Remaining: 48.8
311 421.1 , Est Remaining: 47.4
312 422.4 , Est Remaining: 46.0
313 423.7 , Est Remaining: 44.7
314 425.0 , Est Remaining: 43.3
315 426.3 , Est Remaining: 42.0
316 427.6 , Est Remaining: 40.6
317 428.9 , Est Remaining: 39.2
318 430.1 , Est Remaining: 37.9
319 431.4 , Est Remaining: 36.5
320 432.7 , Est Remaining: 35.2
321 434.0 , Est Remaining: 33.8
322 435.3 , Est Remaining: 32.4
323 436.5 , Est Remaining: 31.1
324 437.8 , Est Remaining: 29.7
325 439.1 , Est Remaining: 28.4
326 440.3 , Est Remaining: 27.0
327 441.6 , Est Remaining: 25.7
328 442.8 , Est Remaining: 24.3
329 444.1 , Est Remaining: 22.9
330 445.4 , Est Remaining: 21.6
331 446.6 , Est Remaining: 20.2
332 447.9 , Est Remaining: 18.9
333 449.1 , Est Remaining: 17.5
334 450.4 , Est Remaining: 16.2
335 451.6 , Est Remaining: 14.8
336 452.9 , Est Remaining: 13.5
EVENT FAILED
