Note: NumExpr detected 32 cores but "NUMEXPR_MAX_THREADS" not set, so enforcing safe limit of 8.
Using selector: EpollSelector
/n/home02/jhaefner/miniconda/envs/IC-3.7-2020-06-16/lib/python3.7/site-packages/scipy/optimize/minpack.py:808: OptimizeWarning: Covariance of the parameters could not be estimated
  category=OptimizeWarning)
Total rwfs: 346
0 0.0 , Est Remaining: 999999.9
1 1.5 , Est Remaining: 510.1
2 2.9 , Est Remaining: 505.4
3 4.4 , Est Remaining: 506.9
4 5.9 , Est Remaining: 503.6
5 7.3 , Est Remaining: 500.0
6 8.8 , Est Remaining: 496.7
7 10.3 , Est Remaining: 497.1
8 11.8 , Est Remaining: 496.8
9 13.2 , Est Remaining: 494.7
10 14.7 , Est Remaining: 493.4
11 16.1 , Est Remaining: 491.4
12 17.6 , Est Remaining: 489.9
13 19.0 , Est Remaining: 487.7
14 20.5 , Est Remaining: 486.0
15 21.9 , Est Remaining: 484.0
16 23.4 , Est Remaining: 482.1
17 24.8 , Est Remaining: 480.3
18 26.3 , Est Remaining: 479.0
19 27.7 , Est Remaining: 477.4
20 29.2 , Est Remaining: 475.8
21 30.6 , Est Remaining: 474.2
22 32.1 , Est Remaining: 472.3
23 33.5 , Est Remaining: 470.5
24 34.9 , Est Remaining: 467.8
EVENT FAILED
24 35.2 , Est Remaining: 472.0
25 36.6 , Est Remaining: 470.2
26 38.1 , Est Remaining: 468.7
27 39.5 , Est Remaining: 466.8
28 40.9 , Est Remaining: 465.0
29 42.4 , Est Remaining: 463.3
30 43.8 , Est Remaining: 461.6
31 45.3 , Est Remaining: 459.9
32 46.7 , Est Remaining: 458.3
33 48.1 , Est Remaining: 456.6
34 49.6 , Est Remaining: 455.1
35 51.1 , Est Remaining: 453.7
36 52.5 , Est Remaining: 452.3
37 54.0 , Est Remaining: 451.1
38 55.5 , Est Remaining: 449.6
39 56.9 , Est Remaining: 447.9
40 58.4 , Est Remaining: 446.4
41 59.8 , Est Remaining: 444.9
42 61.3 , Est Remaining: 443.4
43 62.7 , Est Remaining: 441.8
44 64.2 , Est Remaining: 440.3
45 65.6 , Est Remaining: 438.7
46 67.0 , Est Remaining: 437.2
47 68.5 , Est Remaining: 435.7
48 69.9 , Est Remaining: 434.3
49 71.3 , Est Remaining: 431.9
50 72.7 , Est Remaining: 430.4
51 74.2 , Est Remaining: 428.9
52 75.6 , Est Remaining: 427.4
53 77.0 , Est Remaining: 425.9
54 78.5 , Est Remaining: 424.4
55 80.0 , Est Remaining: 423.0
56 81.4 , Est Remaining: 421.6
57 82.8 , Est Remaining: 420.0
58 84.3 , Est Remaining: 418.5
59 85.7 , Est Remaining: 417.0
60 87.2 , Est Remaining: 415.6
61 88.6 , Est Remaining: 414.2
62 90.1 , Est Remaining: 412.7
63 91.6 , Est Remaining: 411.2
64 93.0 , Est Remaining: 409.7
65 94.5 , Est Remaining: 408.3
66 95.9 , Est Remaining: 406.9
67 97.4 , Est Remaining: 405.5
68 98.9 , Est Remaining: 404.1
69 100.3 , Est Remaining: 402.7
EVENT FAILED
69 100.6 , Est Remaining: 404.0
70 102.0 , Est Remaining: 402.4
71 103.5 , Est Remaining: 400.9
72 104.9 , Est Remaining: 399.3
73 106.4 , Est Remaining: 397.8
74 107.8 , Est Remaining: 396.4
75 109.3 , Est Remaining: 394.9
76 110.7 , Est Remaining: 393.4
77 112.2 , Est Remaining: 391.9
78 113.6 , Est Remaining: 390.4
79 115.1 , Est Remaining: 389.0
80 116.5 , Est Remaining: 387.5
81 118.0 , Est Remaining: 386.0
82 119.4 , Est Remaining: 384.5
83 120.9 , Est Remaining: 383.0
84 122.3 , Est Remaining: 381.5
EVENT FAILED
84 122.6 , Est Remaining: 382.5
85 124.1 , Est Remaining: 381.0
86 125.5 , Est Remaining: 379.5
87 127.0 , Est Remaining: 378.0
88 128.4 , Est Remaining: 376.5
EVENT FAILED
88 128.7 , Est Remaining: 377.4
89 130.2 , Est Remaining: 376.0
90 131.7 , Est Remaining: 374.5
91 133.1 , Est Remaining: 373.0
92 134.6 , Est Remaining: 371.5
93 136.0 , Est Remaining: 370.1
94 137.5 , Est Remaining: 368.6
95 139.0 , Est Remaining: 367.1
EVENT FAILED
95 139.3 , Est Remaining: 368.0
EVENT FAILED
95 139.6 , Est Remaining: 368.8
96 141.0 , Est Remaining: 367.3
97 142.5 , Est Remaining: 365.8
98 144.0 , Est Remaining: 364.3
EVENT FAILED
98 144.3 , Est Remaining: 365.1
99 145.7 , Est Remaining: 363.6
100 147.1 , Est Remaining: 362.0
101 148.6 , Est Remaining: 360.4
102 150.0 , Est Remaining: 358.8
103 151.5 , Est Remaining: 357.5
104 153.0 , Est Remaining: 355.9
105 154.4 , Est Remaining: 354.4
106 155.8 , Est Remaining: 352.8
107 157.3 , Est Remaining: 351.4
108 158.8 , Est Remaining: 349.9
109 160.2 , Est Remaining: 348.3
110 161.6 , Est Remaining: 346.8
111 163.1 , Est Remaining: 345.2
112 164.5 , Est Remaining: 343.7
113 165.9 , Est Remaining: 342.2
114 167.3 , Est Remaining: 340.6
115 168.8 , Est Remaining: 339.0
116 170.2 , Est Remaining: 337.4
EVENT FAILED
116 170.5 , Est Remaining: 338.0
117 171.9 , Est Remaining: 336.4
118 173.3 , Est Remaining: 334.8
119 174.7 , Est Remaining: 333.2
120 176.1 , Est Remaining: 331.6
121 177.5 , Est Remaining: 330.0
122 178.9 , Est Remaining: 328.4
123 180.2 , Est Remaining: 326.8
124 181.6 , Est Remaining: 325.2
125 183.0 , Est Remaining: 323.6
126 184.4 , Est Remaining: 322.0
127 185.8 , Est Remaining: 320.4
128 187.2 , Est Remaining: 318.8
129 188.6 , Est Remaining: 317.2
130 190.0 , Est Remaining: 315.7
131 191.4 , Est Remaining: 314.1
132 192.8 , Est Remaining: 312.5
133 194.1 , Est Remaining: 310.9
134 195.5 , Est Remaining: 309.3
135 196.9 , Est Remaining: 307.8
136 198.3 , Est Remaining: 306.2
137 199.7 , Est Remaining: 304.6
138 201.1 , Est Remaining: 303.1
139 202.5 , Est Remaining: 301.5
140 203.8 , Est Remaining: 299.9
141 205.2 , Est Remaining: 298.4
142 206.6 , Est Remaining: 296.8
143 208.0 , Est Remaining: 295.3
144 209.4 , Est Remaining: 293.7
145 210.8 , Est Remaining: 292.2
146 212.2 , Est Remaining: 290.6
147 213.6 , Est Remaining: 289.1
148 215.0 , Est Remaining: 287.6
149 216.3 , Est Remaining: 286.0
150 217.8 , Est Remaining: 284.5
151 219.1 , Est Remaining: 283.0
152 220.5 , Est Remaining: 281.5
153 221.9 , Est Remaining: 279.9
154 223.3 , Est Remaining: 278.4
155 224.7 , Est Remaining: 276.9
156 226.1 , Est Remaining: 275.4
157 227.5 , Est Remaining: 273.8
158 228.9 , Est Remaining: 272.3
159 230.3 , Est Remaining: 270.8
160 231.7 , Est Remaining: 269.3
161 233.1 , Est Remaining: 267.8
162 234.5 , Est Remaining: 266.3
163 235.8 , Est Remaining: 264.8
164 237.2 , Est Remaining: 263.3
165 238.6 , Est Remaining: 261.8
166 240.0 , Est Remaining: 260.3
167 241.4 , Est Remaining: 258.8
168 242.8 , Est Remaining: 257.3
169 244.2 , Est Remaining: 255.8
170 245.6 , Est Remaining: 254.3
171 247.0 , Est Remaining: 252.8
172 248.4 , Est Remaining: 251.3
173 249.8 , Est Remaining: 249.8
174 251.2 , Est Remaining: 248.3
175 252.6 , Est Remaining: 246.8
176 254.0 , Est Remaining: 245.3
177 255.4 , Est Remaining: 243.9
178 256.8 , Est Remaining: 242.4
179 258.2 , Est Remaining: 240.9
180 259.7 , Est Remaining: 239.5
181 261.1 , Est Remaining: 238.0
182 262.5 , Est Remaining: 236.5
183 263.9 , Est Remaining: 235.1
184 265.3 , Est Remaining: 233.6
185 266.8 , Est Remaining: 232.2
186 268.2 , Est Remaining: 230.7
187 269.6 , Est Remaining: 229.2
188 271.0 , Est Remaining: 227.8
189 272.4 , Est Remaining: 226.3
190 273.9 , Est Remaining: 224.9
191 275.2 , Est Remaining: 223.3
192 276.7 , Est Remaining: 221.9
193 278.1 , Est Remaining: 220.5
194 279.6 , Est Remaining: 219.1
195 281.0 , Est Remaining: 217.6
196 282.4 , Est Remaining: 216.2
197 283.9 , Est Remaining: 214.7
198 285.3 , Est Remaining: 213.3
199 286.8 , Est Remaining: 211.8
200 288.2 , Est Remaining: 210.4
201 289.7 , Est Remaining: 209.0
202 291.1 , Est Remaining: 207.5
203 292.6 , Est Remaining: 206.2
204 294.1 , Est Remaining: 204.7
205 295.5 , Est Remaining: 203.3
206 296.9 , Est Remaining: 201.8
207 298.4 , Est Remaining: 200.4
208 299.8 , Est Remaining: 198.9
209 301.2 , Est Remaining: 197.5
210 302.7 , Est Remaining: 196.0
211 304.1 , Est Remaining: 194.6
212 305.5 , Est Remaining: 193.1
213 307.0 , Est Remaining: 191.7
214 308.4 , Est Remaining: 190.2
215 309.9 , Est Remaining: 188.8
216 311.3 , Est Remaining: 187.4
217 312.7 , Est Remaining: 185.9
218 314.2 , Est Remaining: 184.5
219 315.6 , Est Remaining: 183.0
220 317.1 , Est Remaining: 181.6
EVENT FAILED
220 317.4 , Est Remaining: 181.8
221 318.8 , Est Remaining: 180.3
222 320.3 , Est Remaining: 178.9
223 321.7 , Est Remaining: 177.4
224 323.1 , Est Remaining: 176.0
225 324.6 , Est Remaining: 174.6
EVENT FAILED
225 324.9 , Est Remaining: 174.7
226 326.4 , Est Remaining: 173.3
227 327.8 , Est Remaining: 171.9
228 329.3 , Est Remaining: 170.4
229 330.7 , Est Remaining: 169.0
230 332.2 , Est Remaining: 167.5
231 333.7 , Est Remaining: 166.1
232 335.1 , Est Remaining: 164.7
233 336.6 , Est Remaining: 163.2
234 338.0 , Est Remaining: 161.8
EVENT FAILED
234 338.3 , Est Remaining: 161.9
235 339.8 , Est Remaining: 160.5
236 341.2 , Est Remaining: 159.0
237 342.7 , Est Remaining: 157.6
238 344.1 , Est Remaining: 156.1
239 345.6 , Est Remaining: 154.7
240 347.0 , Est Remaining: 153.3
241 348.5 , Est Remaining: 151.8
242 349.9 , Est Remaining: 150.4
243 351.4 , Est Remaining: 148.9
244 352.8 , Est Remaining: 147.5
245 354.3 , Est Remaining: 146.0
246 355.7 , Est Remaining: 144.6
247 357.2 , Est Remaining: 143.2
248 358.6 , Est Remaining: 141.7
249 360.1 , Est Remaining: 140.3
250 361.6 , Est Remaining: 138.8
251 363.0 , Est Remaining: 137.4
252 364.5 , Est Remaining: 136.0
253 365.9 , Est Remaining: 134.5
254 367.3 , Est Remaining: 133.1
255 368.8 , Est Remaining: 131.6
256 370.2 , Est Remaining: 130.2
257 371.7 , Est Remaining: 128.7
258 373.2 , Est Remaining: 127.3
259 374.6 , Est Remaining: 125.8
260 376.1 , Est Remaining: 124.4
261 377.5 , Est Remaining: 123.0
262 379.0 , Est Remaining: 121.5
263 380.5 , Est Remaining: 120.1
264 382.0 , Est Remaining: 118.6
265 383.4 , Est Remaining: 117.2
266 384.8 , Est Remaining: 115.7
267 386.3 , Est Remaining: 114.3
268 387.7 , Est Remaining: 112.8
269 389.1 , Est Remaining: 111.4
270 390.6 , Est Remaining: 109.9
271 392.0 , Est Remaining: 108.5
272 393.5 , Est Remaining: 107.0
273 394.9 , Est Remaining: 105.6
EVENT FAILED
273 395.2 , Est Remaining: 105.7
274 396.7 , Est Remaining: 104.2
275 398.2 , Est Remaining: 102.8
EVENT FAILED
275 398.5 , Est Remaining: 102.9
276 399.9 , Est Remaining: 101.4
277 401.4 , Est Remaining: 100.0
278 402.8 , Est Remaining: 98.5
279 404.3 , Est Remaining: 97.1
280 405.7 , Est Remaining: 95.6
281 407.1 , Est Remaining: 94.2
282 408.6 , Est Remaining: 92.7
283 410.0 , Est Remaining: 91.3
284 411.5 , Est Remaining: 89.8
285 412.9 , Est Remaining: 88.4
286 414.3 , Est Remaining: 86.9
287 415.8 , Est Remaining: 85.5
EVENT FAILED
287 416.1 , Est Remaining: 85.5
288 417.5 , Est Remaining: 84.1
289 419.0 , Est Remaining: 82.6
290 420.4 , Est Remaining: 81.2
291 421.8 , Est Remaining: 79.7
292 423.3 , Est Remaining: 78.3
293 424.7 , Est Remaining: 76.8
294 426.1 , Est Remaining: 75.4
295 427.5 , Est Remaining: 73.9
296 429.0 , Est Remaining: 72.5
297 430.4 , Est Remaining: 71.0
298 431.8 , Est Remaining: 69.6
299 433.3 , Est Remaining: 68.1
300 434.7 , Est Remaining: 66.7
301 436.2 , Est Remaining: 65.2
302 437.8 , Est Remaining: 63.8
303 439.2 , Est Remaining: 62.3
304 440.7 , Est Remaining: 60.9
305 442.1 , Est Remaining: 59.4
306 443.6 , Est Remaining: 58.0
307 445.1 , Est Remaining: 56.5
308 446.5 , Est Remaining: 55.1
309 448.0 , Est Remaining: 53.6
310 449.5 , Est Remaining: 52.2
311 451.0 , Est Remaining: 50.8
312 452.4 , Est Remaining: 49.3
313 453.9 , Est Remaining: 47.9
314 455.4 , Est Remaining: 46.4
315 456.9 , Est Remaining: 45.0
316 458.4 , Est Remaining: 43.5
317 459.9 , Est Remaining: 42.1
318 461.3 , Est Remaining: 40.6
319 462.8 , Est Remaining: 39.2
320 464.3 , Est Remaining: 37.7
321 465.7 , Est Remaining: 36.3
322 467.2 , Est Remaining: 34.8
323 468.7 , Est Remaining: 33.4
324 470.1 , Est Remaining: 31.9
325 471.6 , Est Remaining: 30.5
326 473.1 , Est Remaining: 29.0
327 474.5 , Est Remaining: 27.6
328 475.9 , Est Remaining: 26.1
329 477.2 , Est Remaining: 24.7
330 478.6 , Est Remaining: 23.2
331 480.0 , Est Remaining: 21.8
