Note: NumExpr detected 32 cores but "NUMEXPR_MAX_THREADS" not set, so enforcing safe limit of 8.
Using selector: EpollSelector
/n/home02/jhaefner/miniconda/envs/IC-3.7-2020-06-16/lib/python3.7/site-packages/scipy/optimize/minpack.py:808: OptimizeWarning: Covariance of the parameters could not be estimated
  category=OptimizeWarning)
Total rwfs: 346
0 0.0 , Est Remaining: 999999.9
1 1.6 , Est Remaining: 539.9
2 3.1 , Est Remaining: 538.8
3 4.7 , Est Remaining: 537.4
4 6.2 , Est Remaining: 534.2
5 7.8 , Est Remaining: 530.2
6 9.3 , Est Remaining: 528.3
7 10.9 , Est Remaining: 526.3
8 12.4 , Est Remaining: 524.5
9 14.0 , Est Remaining: 523.0
10 15.6 , Est Remaining: 522.5
11 17.1 , Est Remaining: 521.0
12 18.7 , Est Remaining: 519.6
EVENT FAILED
12 19.0 , Est Remaining: 528.3
13 20.5 , Est Remaining: 525.3
14 22.1 , Est Remaining: 523.0
15 23.6 , Est Remaining: 520.5
16 25.1 , Est Remaining: 517.8
17 26.6 , Est Remaining: 515.4
18 28.2 , Est Remaining: 513.3
EVENT FAILED
18 28.5 , Est Remaining: 519.4
19 30.0 , Est Remaining: 516.7
20 31.6 , Est Remaining: 514.3
21 33.1 , Est Remaining: 512.6
22 34.6 , Est Remaining: 510.2
23 36.2 , Est Remaining: 508.2
24 37.7 , Est Remaining: 506.3
25 39.3 , Est Remaining: 504.4
26 40.8 , Est Remaining: 502.4
27 42.4 , Est Remaining: 500.7
28 43.9 , Est Remaining: 498.7
29 45.5 , Est Remaining: 497.1
30 47.0 , Est Remaining: 495.5
31 48.6 , Est Remaining: 493.8
32 50.2 , Est Remaining: 492.3
33 51.7 , Est Remaining: 490.8
34 53.3 , Est Remaining: 489.1
35 54.8 , Est Remaining: 487.3
36 56.4 , Est Remaining: 485.4
37 57.9 , Est Remaining: 483.6
38 59.5 , Est Remaining: 481.9
39 61.0 , Est Remaining: 480.1
40 62.5 , Est Remaining: 478.3
41 64.1 , Est Remaining: 476.6
42 65.6 , Est Remaining: 474.9
43 67.2 , Est Remaining: 473.2
44 68.7 , Est Remaining: 471.4
45 70.2 , Est Remaining: 469.7
46 71.8 , Est Remaining: 468.0
47 73.3 , Est Remaining: 466.4
48 74.8 , Est Remaining: 464.7
49 76.4 , Est Remaining: 463.0
50 77.9 , Est Remaining: 461.3
51 79.5 , Est Remaining: 459.7
52 81.0 , Est Remaining: 458.1
53 82.6 , Est Remaining: 456.5
54 84.1 , Est Remaining: 454.9
55 85.7 , Est Remaining: 453.5
56 87.2 , Est Remaining: 451.8
57 88.8 , Est Remaining: 450.2
58 90.4 , Est Remaining: 448.6
EVENT FAILED
58 90.7 , Est Remaining: 450.2
59 92.2 , Est Remaining: 448.5
60 93.7 , Est Remaining: 446.8
61 95.3 , Est Remaining: 445.2
62 96.8 , Est Remaining: 443.6
63 98.4 , Est Remaining: 441.9
64 99.9 , Est Remaining: 440.1
65 101.4 , Est Remaining: 438.6
66 103.2 , Est Remaining: 438.0
67 104.8 , Est Remaining: 436.3
68 106.3 , Est Remaining: 434.7
69 107.8 , Est Remaining: 432.9
70 109.4 , Est Remaining: 431.2
71 110.9 , Est Remaining: 429.6
72 112.4 , Est Remaining: 427.9
73 114.0 , Est Remaining: 426.3
74 115.5 , Est Remaining: 424.6
75 117.1 , Est Remaining: 423.0
76 118.6 , Est Remaining: 421.3
77 120.1 , Est Remaining: 419.7
78 121.7 , Est Remaining: 418.0
79 123.2 , Est Remaining: 416.4
80 124.7 , Est Remaining: 414.8
81 126.3 , Est Remaining: 413.2
82 127.8 , Est Remaining: 411.5
83 129.3 , Est Remaining: 409.9
84 130.9 , Est Remaining: 408.2
85 132.4 , Est Remaining: 406.6
86 133.9 , Est Remaining: 404.9
87 135.5 , Est Remaining: 403.3
88 137.0 , Est Remaining: 401.6
89 138.5 , Est Remaining: 399.9
90 140.0 , Est Remaining: 398.3
91 141.6 , Est Remaining: 396.7
92 143.1 , Est Remaining: 395.1
93 144.7 , Est Remaining: 393.6
94 146.3 , Est Remaining: 392.1
95 147.8 , Est Remaining: 390.5
96 149.3 , Est Remaining: 388.9
97 150.9 , Est Remaining: 387.3
98 152.4 , Est Remaining: 385.7
99 153.9 , Est Remaining: 384.1
100 155.5 , Est Remaining: 382.5
101 157.0 , Est Remaining: 380.8
102 158.6 , Est Remaining: 379.3
103 160.1 , Est Remaining: 377.6
104 161.6 , Est Remaining: 376.0
105 163.1 , Est Remaining: 374.3
106 164.6 , Est Remaining: 372.6
107 166.0 , Est Remaining: 370.8
108 167.5 , Est Remaining: 369.2
109 169.0 , Est Remaining: 367.5
110 170.5 , Est Remaining: 365.9
EVENT FAILED
110 170.8 , Est Remaining: 366.5
111 172.3 , Est Remaining: 364.8
112 173.8 , Est Remaining: 363.1
113 175.3 , Est Remaining: 361.4
114 176.8 , Est Remaining: 359.8
115 178.3 , Est Remaining: 358.1
116 179.8 , Est Remaining: 356.4
117 181.3 , Est Remaining: 354.8
118 182.8 , Est Remaining: 353.1
119 184.3 , Est Remaining: 351.5
120 185.8 , Est Remaining: 349.9
121 187.3 , Est Remaining: 348.2
122 188.8 , Est Remaining: 346.6
123 190.3 , Est Remaining: 345.0
124 191.8 , Est Remaining: 343.3
125 193.2 , Est Remaining: 341.7
126 194.7 , Est Remaining: 340.0
127 196.2 , Est Remaining: 338.4
128 197.7 , Est Remaining: 336.7
129 199.2 , Est Remaining: 335.0
130 200.6 , Est Remaining: 333.4
131 202.1 , Est Remaining: 331.7
EVENT FAILED
131 202.4 , Est Remaining: 332.2
132 203.9 , Est Remaining: 330.6
133 205.4 , Est Remaining: 328.9
134 206.8 , Est Remaining: 327.2
135 208.3 , Est Remaining: 325.6
136 209.8 , Est Remaining: 324.0
137 211.3 , Est Remaining: 322.3
138 212.8 , Est Remaining: 320.7
139 214.3 , Est Remaining: 319.1
140 215.7 , Est Remaining: 317.4
141 217.2 , Est Remaining: 315.8
142 218.7 , Est Remaining: 314.2
143 220.1 , Est Remaining: 312.5
144 221.6 , Est Remaining: 310.9
145 223.1 , Est Remaining: 309.2
146 224.5 , Est Remaining: 307.6
147 226.0 , Est Remaining: 305.9
148 227.5 , Est Remaining: 304.3
149 228.9 , Est Remaining: 302.7
150 230.4 , Est Remaining: 301.0
151 231.9 , Est Remaining: 299.4
152 233.3 , Est Remaining: 297.8
153 234.8 , Est Remaining: 296.2
154 236.3 , Est Remaining: 294.6
155 237.8 , Est Remaining: 293.0
156 239.3 , Est Remaining: 291.5
157 240.8 , Est Remaining: 289.9
158 242.3 , Est Remaining: 288.3
159 243.8 , Est Remaining: 286.7
160 245.3 , Est Remaining: 285.2
161 246.8 , Est Remaining: 283.6
162 248.3 , Est Remaining: 282.0
163 249.7 , Est Remaining: 280.4
164 251.2 , Est Remaining: 278.8
165 252.7 , Est Remaining: 277.2
166 254.2 , Est Remaining: 275.7
167 255.7 , Est Remaining: 274.1
168 257.2 , Est Remaining: 272.5
169 258.7 , Est Remaining: 270.9
170 260.2 , Est Remaining: 269.4
EVENT FAILED
170 260.5 , Est Remaining: 269.7
171 262.0 , Est Remaining: 268.1
172 263.5 , Est Remaining: 266.6
173 265.0 , Est Remaining: 265.0
174 266.5 , Est Remaining: 263.4
175 268.0 , Est Remaining: 261.9
176 269.5 , Est Remaining: 260.3
177 271.0 , Est Remaining: 258.8
178 272.5 , Est Remaining: 257.2
179 274.0 , Est Remaining: 255.7
EVENT FAILED
179 274.3 , Est Remaining: 255.9
180 275.9 , Est Remaining: 254.4
181 277.4 , Est Remaining: 252.9
182 278.9 , Est Remaining: 251.3
183 280.4 , Est Remaining: 249.8
184 282.0 , Est Remaining: 248.3
185 283.5 , Est Remaining: 246.7
186 285.0 , Est Remaining: 245.2
187 286.5 , Est Remaining: 243.6
188 288.1 , Est Remaining: 242.1
189 289.6 , Est Remaining: 240.6
190 291.1 , Est Remaining: 239.0
191 292.6 , Est Remaining: 237.4
192 294.1 , Est Remaining: 235.9
193 295.6 , Est Remaining: 234.3
194 297.1 , Est Remaining: 232.8
195 298.6 , Est Remaining: 231.2
EVENT FAILED
195 299.3 , Est Remaining: 231.7
196 300.8 , Est Remaining: 230.2
197 302.3 , Est Remaining: 228.7
198 303.8 , Est Remaining: 227.1
199 305.4 , Est Remaining: 225.6
200 306.9 , Est Remaining: 224.0
201 308.4 , Est Remaining: 222.5
202 310.1 , Est Remaining: 221.0
203 311.6 , Est Remaining: 219.5
204 313.1 , Est Remaining: 217.9
205 314.6 , Est Remaining: 216.4
206 316.2 , Est Remaining: 214.9
207 317.7 , Est Remaining: 213.3
208 319.2 , Est Remaining: 211.8
209 320.7 , Est Remaining: 210.2
210 322.3 , Est Remaining: 208.7
211 323.8 , Est Remaining: 207.1
212 325.1 , Est Remaining: 205.5
213 326.6 , Est Remaining: 204.0
214 328.1 , Est Remaining: 202.4
EVENT FAILED
214 328.4 , Est Remaining: 202.6
215 330.0 , Est Remaining: 201.1
216 331.5 , Est Remaining: 199.5
217 333.0 , Est Remaining: 198.0
218 334.6 , Est Remaining: 196.4
219 336.1 , Est Remaining: 194.9
220 337.6 , Est Remaining: 193.4
221 339.1 , Est Remaining: 191.8
222 340.7 , Est Remaining: 190.3
223 342.2 , Est Remaining: 188.7
224 343.7 , Est Remaining: 187.2
225 345.2 , Est Remaining: 185.6
226 346.7 , Est Remaining: 184.1
227 348.2 , Est Remaining: 182.5
228 349.7 , Est Remaining: 181.0
229 351.2 , Est Remaining: 179.4
230 352.7 , Est Remaining: 177.9
231 354.2 , Est Remaining: 176.3
232 355.7 , Est Remaining: 174.8
233 357.2 , Est Remaining: 173.2
234 358.8 , Est Remaining: 171.7
235 360.3 , Est Remaining: 170.2
236 361.8 , Est Remaining: 168.6
237 363.3 , Est Remaining: 167.1
238 364.8 , Est Remaining: 165.5
239 366.3 , Est Remaining: 164.0
240 367.8 , Est Remaining: 162.5
241 369.4 , Est Remaining: 160.9
EVENT FAILED
241 369.7 , Est Remaining: 161.1
242 371.2 , Est Remaining: 159.5
243 372.7 , Est Remaining: 158.0
244 374.2 , Est Remaining: 156.4
245 375.7 , Est Remaining: 154.9
246 377.2 , Est Remaining: 153.3
247 378.7 , Est Remaining: 151.8
248 380.3 , Est Remaining: 150.3
249 381.8 , Est Remaining: 148.7
250 383.3 , Est Remaining: 147.2
251 384.8 , Est Remaining: 145.6
252 386.3 , Est Remaining: 144.1
253 387.8 , Est Remaining: 142.6
254 389.4 , Est Remaining: 141.0
255 390.9 , Est Remaining: 139.5
256 392.4 , Est Remaining: 137.9
257 393.9 , Est Remaining: 136.4
258 395.4 , Est Remaining: 134.9
259 396.9 , Est Remaining: 133.3
260 398.4 , Est Remaining: 131.8
261 399.9 , Est Remaining: 130.2
262 401.4 , Est Remaining: 128.7
263 403.0 , Est Remaining: 127.2
264 404.5 , Est Remaining: 125.6
265 406.0 , Est Remaining: 124.1
266 407.5 , Est Remaining: 122.6
267 409.1 , Est Remaining: 121.0
EVENT FAILED
267 409.9 , Est Remaining: 121.3
268 411.4 , Est Remaining: 119.7
269 412.9 , Est Remaining: 118.2
270 414.5 , Est Remaining: 116.7
271 416.0 , Est Remaining: 115.1
272 417.6 , Est Remaining: 113.6
273 419.1 , Est Remaining: 112.1
274 420.6 , Est Remaining: 110.5
275 422.2 , Est Remaining: 109.0
276 423.7 , Est Remaining: 107.5
277 425.2 , Est Remaining: 105.9
278 426.7 , Est Remaining: 104.4
279 428.2 , Est Remaining: 102.8
280 429.7 , Est Remaining: 101.3
281 431.3 , Est Remaining: 99.8
282 432.8 , Est Remaining: 98.2
283 434.3 , Est Remaining: 96.7
284 435.8 , Est Remaining: 95.1
285 437.3 , Est Remaining: 93.6
286 438.9 , Est Remaining: 92.1
287 440.4 , Est Remaining: 90.5
288 441.9 , Est Remaining: 89.0
289 443.4 , Est Remaining: 87.5
290 445.0 , Est Remaining: 85.9
291 446.5 , Est Remaining: 84.4
292 448.0 , Est Remaining: 82.9
293 449.6 , Est Remaining: 81.3
294 451.1 , Est Remaining: 79.8
295 452.6 , Est Remaining: 78.3
296 454.1 , Est Remaining: 76.7
297 455.7 , Est Remaining: 75.2
298 457.1 , Est Remaining: 73.6
299 458.7 , Est Remaining: 72.1
300 460.2 , Est Remaining: 70.6
301 461.7 , Est Remaining: 69.0
302 463.3 , Est Remaining: 67.5
303 464.8 , Est Remaining: 66.0
304 466.3 , Est Remaining: 64.4
305 467.8 , Est Remaining: 62.9
306 469.2 , Est Remaining: 61.3
307 470.7 , Est Remaining: 59.8
308 472.2 , Est Remaining: 58.3
309 473.7 , Est Remaining: 56.7
310 475.1 , Est Remaining: 55.2
311 476.6 , Est Remaining: 53.6
EVENT FAILED
311 476.9 , Est Remaining: 53.7
312 478.4 , Est Remaining: 52.1
313 479.9 , Est Remaining: 50.6
314 481.3 , Est Remaining: 49.1
315 482.8 , Est Remaining: 47.5
316 484.2 , Est Remaining: 46.0
317 485.7 , Est Remaining: 44.4
318 487.1 , Est Remaining: 42.9
319 488.5 , Est Remaining: 41.3
320 489.9 , Est Remaining: 39.8
321 491.4 , Est Remaining: 38.3
322 492.8 , Est Remaining: 36.7
323 494.2 , Est Remaining: 35.2
324 495.6 , Est Remaining: 33.7
325 497.1 , Est Remaining: 32.1
326 498.5 , Est Remaining: 30.6
327 499.9 , Est Remaining: 29.0
328 501.3 , Est Remaining: 27.5
329 502.7 , Est Remaining: 26.0
330 504.2 , Est Remaining: 24.4
331 505.6 , Est Remaining: 22.9
332 507.1 , Est Remaining: 21.4
333 508.5 , Est Remaining: 19.9
