Note: NumExpr detected 32 cores but "NUMEXPR_MAX_THREADS" not set, so enforcing safe limit of 8.
Using selector: EpollSelector
/n/home02/jhaefner/miniconda/envs/IC-3.7-2020-06-16/lib/python3.7/site-packages/scipy/optimize/minpack.py:808: OptimizeWarning: Covariance of the parameters could not be estimated
  category=OptimizeWarning)
Total rwfs: 346
0 0.0 , Est Remaining: 999999.9
1 1.4 , Est Remaining: 474.9
2 2.8 , Est Remaining: 476.4
3 4.2 , Est Remaining: 477.5
4 5.5 , Est Remaining: 472.1
5 6.9 , Est Remaining: 469.1
6 8.2 , Est Remaining: 467.1
7 9.6 , Est Remaining: 464.2
8 10.9 , Est Remaining: 462.5
9 12.3 , Est Remaining: 460.2
10 13.6 , Est Remaining: 458.4
11 15.0 , Est Remaining: 456.5
12 16.3 , Est Remaining: 454.8
13 17.7 , Est Remaining: 453.1
14 19.0 , Est Remaining: 451.3
15 20.4 , Est Remaining: 449.8
16 21.7 , Est Remaining: 448.3
17 23.1 , Est Remaining: 447.1
18 24.5 , Est Remaining: 445.7
19 25.8 , Est Remaining: 444.2
20 27.2 , Est Remaining: 442.7
EVENT FAILED
20 27.5 , Est Remaining: 447.4
21 28.8 , Est Remaining: 446.0
22 30.2 , Est Remaining: 444.4
23 31.5 , Est Remaining: 442.7
24 32.9 , Est Remaining: 441.0
25 34.2 , Est Remaining: 439.6
26 35.6 , Est Remaining: 438.2
27 37.0 , Est Remaining: 436.6
28 38.3 , Est Remaining: 435.2
29 39.7 , Est Remaining: 434.0
EVENT FAILED
29 40.0 , Est Remaining: 437.2
30 41.3 , Est Remaining: 435.6
31 42.7 , Est Remaining: 434.0
32 44.1 , Est Remaining: 432.5
33 45.4 , Est Remaining: 431.0
34 46.8 , Est Remaining: 429.6
35 48.2 , Est Remaining: 428.1
36 49.5 , Est Remaining: 426.6
37 50.9 , Est Remaining: 425.3
38 52.3 , Est Remaining: 423.7
39 53.6 , Est Remaining: 422.2
40 55.0 , Est Remaining: 420.8
41 56.4 , Est Remaining: 419.5
42 57.8 , Est Remaining: 418.1
EVENT FAILED
42 58.1 , Est Remaining: 420.3
43 59.4 , Est Remaining: 418.9
44 60.8 , Est Remaining: 417.5
45 62.2 , Est Remaining: 416.0
EVENT FAILED
45 62.5 , Est Remaining: 418.0
46 63.9 , Est Remaining: 416.5
47 65.2 , Est Remaining: 415.1
48 66.6 , Est Remaining: 413.8
49 68.0 , Est Remaining: 412.4
50 69.4 , Est Remaining: 411.0
51 70.8 , Est Remaining: 409.5
52 72.2 , Est Remaining: 408.0
53 73.5 , Est Remaining: 406.6
54 74.9 , Est Remaining: 405.1
55 76.3 , Est Remaining: 403.7
56 77.7 , Est Remaining: 402.2
57 79.1 , Est Remaining: 400.9
58 80.5 , Est Remaining: 399.5
59 81.9 , Est Remaining: 398.2
60 83.3 , Est Remaining: 396.8
61 84.7 , Est Remaining: 395.6
62 86.1 , Est Remaining: 394.2
63 87.5 , Est Remaining: 392.9
64 88.8 , Est Remaining: 391.5
65 90.2 , Est Remaining: 390.1
66 91.6 , Est Remaining: 388.7
67 93.0 , Est Remaining: 387.3
68 94.4 , Est Remaining: 385.9
69 95.8 , Est Remaining: 384.5
70 97.2 , Est Remaining: 383.1
71 98.5 , Est Remaining: 381.7
72 99.9 , Est Remaining: 380.3
73 101.3 , Est Remaining: 378.9
74 102.7 , Est Remaining: 377.5
75 104.1 , Est Remaining: 376.1
76 105.5 , Est Remaining: 374.8
77 106.9 , Est Remaining: 373.4
78 108.3 , Est Remaining: 372.0
EVENT FAILED
78 108.6 , Est Remaining: 373.0
79 110.0 , Est Remaining: 371.7
80 111.4 , Est Remaining: 370.3
81 112.8 , Est Remaining: 368.9
82 114.2 , Est Remaining: 367.5
83 115.6 , Est Remaining: 366.2
84 116.9 , Est Remaining: 364.7
85 118.3 , Est Remaining: 363.4
86 119.7 , Est Remaining: 362.0
87 121.1 , Est Remaining: 360.5
88 122.5 , Est Remaining: 359.1
89 123.9 , Est Remaining: 357.7
90 125.3 , Est Remaining: 356.3
91 126.6 , Est Remaining: 354.9
92 128.0 , Est Remaining: 353.5
93 129.4 , Est Remaining: 352.0
94 130.8 , Est Remaining: 350.7
95 132.2 , Est Remaining: 349.3
96 133.6 , Est Remaining: 348.0
97 135.0 , Est Remaining: 346.7
98 136.4 , Est Remaining: 345.2
99 137.8 , Est Remaining: 343.8
100 139.2 , Est Remaining: 342.4
101 140.6 , Est Remaining: 341.1
102 142.0 , Est Remaining: 339.7
103 143.5 , Est Remaining: 338.5
104 144.9 , Est Remaining: 337.2
105 146.3 , Est Remaining: 335.8
106 147.7 , Est Remaining: 334.4
107 149.1 , Est Remaining: 333.0
108 150.5 , Est Remaining: 331.7
109 151.9 , Est Remaining: 330.3
110 153.3 , Est Remaining: 329.0
111 154.8 , Est Remaining: 327.7
112 156.2 , Est Remaining: 326.3
113 157.6 , Est Remaining: 324.9
114 159.0 , Est Remaining: 323.5
115 160.4 , Est Remaining: 322.2
116 161.8 , Est Remaining: 320.8
117 163.2 , Est Remaining: 319.5
118 164.6 , Est Remaining: 318.1
119 166.1 , Est Remaining: 316.8
120 167.5 , Est Remaining: 315.4
121 168.9 , Est Remaining: 314.1
122 170.3 , Est Remaining: 312.7
123 171.7 , Est Remaining: 311.4
124 173.1 , Est Remaining: 310.0
125 174.6 , Est Remaining: 308.6
126 176.0 , Est Remaining: 307.2
127 177.4 , Est Remaining: 305.9
128 178.8 , Est Remaining: 304.5
129 180.2 , Est Remaining: 303.2
130 181.7 , Est Remaining: 301.8
131 183.1 , Est Remaining: 300.4
132 184.5 , Est Remaining: 299.1
133 185.9 , Est Remaining: 297.7
134 187.3 , Est Remaining: 296.3
135 188.7 , Est Remaining: 294.9
136 190.1 , Est Remaining: 293.6
137 191.5 , Est Remaining: 292.2
138 192.9 , Est Remaining: 290.8
139 194.3 , Est Remaining: 289.4
140 195.8 , Est Remaining: 288.0
141 197.2 , Est Remaining: 286.6
142 198.6 , Est Remaining: 285.3
143 200.0 , Est Remaining: 283.9
144 201.4 , Est Remaining: 282.5
145 202.8 , Est Remaining: 281.1
146 204.2 , Est Remaining: 279.7
147 205.6 , Est Remaining: 278.4
148 207.0 , Est Remaining: 277.0
149 208.4 , Est Remaining: 275.6
150 209.8 , Est Remaining: 274.2
151 211.2 , Est Remaining: 272.8
152 212.6 , Est Remaining: 271.4
153 214.1 , Est Remaining: 270.0
154 215.5 , Est Remaining: 268.7
155 216.9 , Est Remaining: 267.3
156 218.3 , Est Remaining: 265.9
157 219.7 , Est Remaining: 264.5
158 221.1 , Est Remaining: 263.1
159 222.5 , Est Remaining: 261.7
160 223.9 , Est Remaining: 260.3
161 225.4 , Est Remaining: 258.9
162 226.8 , Est Remaining: 257.6
163 228.2 , Est Remaining: 256.2
164 229.6 , Est Remaining: 254.8
165 231.0 , Est Remaining: 253.4
166 232.4 , Est Remaining: 252.0
167 233.8 , Est Remaining: 250.6
168 235.2 , Est Remaining: 249.2
169 236.6 , Est Remaining: 247.8
170 238.0 , Est Remaining: 246.4
171 239.4 , Est Remaining: 245.0
172 240.8 , Est Remaining: 243.6
173 242.1 , Est Remaining: 242.1
174 243.5 , Est Remaining: 240.7
175 244.9 , Est Remaining: 239.3
176 246.3 , Est Remaining: 237.9
177 247.7 , Est Remaining: 236.5
178 249.1 , Est Remaining: 235.1
179 250.5 , Est Remaining: 233.7
180 251.9 , Est Remaining: 232.3
181 253.3 , Est Remaining: 230.9
182 254.7 , Est Remaining: 229.5
183 256.1 , Est Remaining: 228.1
184 257.5 , Est Remaining: 226.7
185 258.9 , Est Remaining: 225.3
186 260.3 , Est Remaining: 223.9
187 261.6 , Est Remaining: 222.5
EVENT FAILED
187 261.9 , Est Remaining: 222.7
188 263.3 , Est Remaining: 221.3
189 264.7 , Est Remaining: 219.9
190 266.1 , Est Remaining: 218.5
191 267.5 , Est Remaining: 217.1
192 268.9 , Est Remaining: 215.7
193 270.3 , Est Remaining: 214.3
194 271.6 , Est Remaining: 212.8
195 273.0 , Est Remaining: 211.4
EVENT FAILED
195 273.3 , Est Remaining: 211.7
196 274.7 , Est Remaining: 210.2
197 276.1 , Est Remaining: 208.9
198 277.5 , Est Remaining: 207.4
199 278.9 , Est Remaining: 206.0
200 280.3 , Est Remaining: 204.6
201 281.7 , Est Remaining: 203.2
202 283.1 , Est Remaining: 201.8
203 284.6 , Est Remaining: 200.5
204 286.0 , Est Remaining: 199.1
EVENT FAILED
204 286.3 , Est Remaining: 199.3
205 287.7 , Est Remaining: 197.9
206 289.0 , Est Remaining: 196.4
207 290.4 , Est Remaining: 195.0
208 291.8 , Est Remaining: 193.6
209 293.2 , Est Remaining: 192.2
210 294.6 , Est Remaining: 190.8
211 296.0 , Est Remaining: 189.4
212 297.5 , Est Remaining: 188.0
213 298.9 , Est Remaining: 186.6
214 300.3 , Est Remaining: 185.2
215 301.7 , Est Remaining: 183.8
216 303.1 , Est Remaining: 182.4
217 304.5 , Est Remaining: 181.0
218 305.9 , Est Remaining: 179.6
219 307.3 , Est Remaining: 178.2
220 308.7 , Est Remaining: 176.8
221 310.1 , Est Remaining: 175.4
222 311.4 , Est Remaining: 174.0
223 312.8 , Est Remaining: 172.5
224 314.2 , Est Remaining: 171.1
225 315.6 , Est Remaining: 169.7
226 317.0 , Est Remaining: 168.3
227 318.4 , Est Remaining: 166.9
228 319.8 , Est Remaining: 165.5
229 321.2 , Est Remaining: 164.1
230 322.6 , Est Remaining: 162.7
231 324.0 , Est Remaining: 161.3
232 325.4 , Est Remaining: 159.9
233 326.8 , Est Remaining: 158.5
234 328.2 , Est Remaining: 157.1
235 329.6 , Est Remaining: 155.7
236 331.1 , Est Remaining: 154.3
237 332.5 , Est Remaining: 152.9
238 333.9 , Est Remaining: 151.5
239 335.3 , Est Remaining: 150.1
240 336.7 , Est Remaining: 148.7
241 338.1 , Est Remaining: 147.3
242 339.5 , Est Remaining: 145.9
243 340.9 , Est Remaining: 144.5
244 342.4 , Est Remaining: 143.1
245 343.8 , Est Remaining: 141.7
246 345.2 , Est Remaining: 140.3
247 346.6 , Est Remaining: 138.9
248 348.0 , Est Remaining: 137.5
249 349.4 , Est Remaining: 136.1
250 350.8 , Est Remaining: 134.7
251 352.2 , Est Remaining: 133.3
252 353.6 , Est Remaining: 131.9
253 354.9 , Est Remaining: 130.5
254 356.3 , Est Remaining: 129.1
255 357.7 , Est Remaining: 127.7
256 359.1 , Est Remaining: 126.3
257 360.5 , Est Remaining: 124.9
258 361.9 , Est Remaining: 123.4
259 363.3 , Est Remaining: 122.0
260 364.7 , Est Remaining: 120.6
261 366.1 , Est Remaining: 119.2
262 367.5 , Est Remaining: 117.8
263 368.9 , Est Remaining: 116.4
264 370.3 , Est Remaining: 115.0
265 371.7 , Est Remaining: 113.6
266 373.1 , Est Remaining: 112.2
EVENT FAILED
266 373.4 , Est Remaining: 112.3
267 374.8 , Est Remaining: 110.9
268 376.1 , Est Remaining: 109.5
269 377.5 , Est Remaining: 108.1
270 378.9 , Est Remaining: 106.7
271 380.3 , Est Remaining: 105.3
272 381.7 , Est Remaining: 103.8
273 383.1 , Est Remaining: 102.4
274 384.5 , Est Remaining: 101.0
275 385.9 , Est Remaining: 99.6
276 387.3 , Est Remaining: 98.2
277 388.7 , Est Remaining: 96.8
278 390.1 , Est Remaining: 95.4
279 391.5 , Est Remaining: 94.0
280 392.9 , Est Remaining: 92.6
281 394.3 , Est Remaining: 91.2
282 395.7 , Est Remaining: 89.8
283 397.1 , Est Remaining: 88.4
284 398.5 , Est Remaining: 87.0
285 399.9 , Est Remaining: 85.6
286 401.3 , Est Remaining: 84.2
287 402.8 , Est Remaining: 82.8
288 404.2 , Est Remaining: 81.4
289 405.6 , Est Remaining: 80.0
290 407.0 , Est Remaining: 78.6
291 408.4 , Est Remaining: 77.2
292 409.8 , Est Remaining: 75.8
293 411.2 , Est Remaining: 74.4
294 412.6 , Est Remaining: 73.0
295 414.0 , Est Remaining: 71.6
296 415.4 , Est Remaining: 70.2
297 416.8 , Est Remaining: 68.8
298 418.1 , Est Remaining: 67.3
299 419.5 , Est Remaining: 65.9
300 420.9 , Est Remaining: 64.5
301 422.3 , Est Remaining: 63.1
302 423.8 , Est Remaining: 61.8
303 425.2 , Est Remaining: 60.3
304 426.6 , Est Remaining: 58.9
305 428.0 , Est Remaining: 57.5
306 429.4 , Est Remaining: 56.1
307 430.8 , Est Remaining: 54.7
308 432.2 , Est Remaining: 53.3
309 433.5 , Est Remaining: 51.9
310 434.9 , Est Remaining: 50.5
311 436.3 , Est Remaining: 49.1
312 437.7 , Est Remaining: 47.7
EVENT FAILED
312 438.0 , Est Remaining: 47.7
313 439.4 , Est Remaining: 46.3
314 440.8 , Est Remaining: 44.9
315 442.2 , Est Remaining: 43.5
316 443.6 , Est Remaining: 42.1
317 444.9 , Est Remaining: 40.7
318 446.3 , Est Remaining: 39.3
319 447.7 , Est Remaining: 37.9
320 449.1 , Est Remaining: 36.5
321 450.5 , Est Remaining: 35.1
322 451.9 , Est Remaining: 33.7
323 453.3 , Est Remaining: 32.3
324 454.7 , Est Remaining: 30.9
325 456.0 , Est Remaining: 29.5
326 457.4 , Est Remaining: 28.1
EVENT FAILED
326 457.7 , Est Remaining: 28.1
327 459.1 , Est Remaining: 26.7
328 460.5 , Est Remaining: 25.3
329 461.9 , Est Remaining: 23.9
330 463.3 , Est Remaining: 22.5
331 464.7 , Est Remaining: 21.1
332 466.1 , Est Remaining: 19.7
333 467.5 , Est Remaining: 18.2
334 468.8 , Est Remaining: 16.8
EVENT FAILED
