Note: NumExpr detected 32 cores but "NUMEXPR_MAX_THREADS" not set, so enforcing safe limit of 8.
Using selector: EpollSelector
/n/home02/jhaefner/miniconda/envs/IC-3.7-2020-06-16/lib/python3.7/site-packages/scipy/optimize/minpack.py:808: OptimizeWarning: Covariance of the parameters could not be estimated
  category=OptimizeWarning)
Total rwfs: 346
0 0.0 , Est Remaining: 999999.9
1 1.4 , Est Remaining: 477.2
2 2.8 , Est Remaining: 474.5
3 4.1 , Est Remaining: 473.2
4 5.5 , Est Remaining: 470.3
5 6.8 , Est Remaining: 467.1
6 8.2 , Est Remaining: 465.2
7 9.6 , Est Remaining: 462.5
EVENT FAILED
7 9.9 , Est Remaining: 477.6
8 11.2 , Est Remaining: 473.6
9 12.5 , Est Remaining: 469.7
10 13.9 , Est Remaining: 466.6
11 15.2 , Est Remaining: 464.2
EVENT FAILED
11 15.6 , Est Remaining: 473.7
12 16.9 , Est Remaining: 470.6
13 18.2 , Est Remaining: 467.2
14 19.6 , Est Remaining: 464.6
15 20.9 , Est Remaining: 462.0
16 22.3 , Est Remaining: 459.5
17 23.6 , Est Remaining: 457.0
18 25.0 , Est Remaining: 454.7
19 26.3 , Est Remaining: 452.3
20 27.6 , Est Remaining: 450.5
21 29.0 , Est Remaining: 448.7
22 30.3 , Est Remaining: 446.7
23 31.7 , Est Remaining: 444.8
24 33.0 , Est Remaining: 443.1
25 34.4 , Est Remaining: 441.2
26 35.7 , Est Remaining: 439.5
27 37.1 , Est Remaining: 438.0
28 38.4 , Est Remaining: 436.2
29 39.7 , Est Remaining: 434.4
30 41.1 , Est Remaining: 432.7
31 42.4 , Est Remaining: 431.0
32 43.7 , Est Remaining: 429.3
33 45.1 , Est Remaining: 427.6
34 46.4 , Est Remaining: 426.1
35 47.8 , Est Remaining: 424.5
36 49.1 , Est Remaining: 423.0
37 50.5 , Est Remaining: 421.5
38 51.8 , Est Remaining: 419.9
39 53.1 , Est Remaining: 418.3
40 54.5 , Est Remaining: 416.9
41 55.8 , Est Remaining: 415.3
42 57.1 , Est Remaining: 413.6
43 58.5 , Est Remaining: 412.2
44 59.8 , Est Remaining: 410.7
45 61.2 , Est Remaining: 409.2
46 62.5 , Est Remaining: 407.7
47 63.9 , Est Remaining: 406.4
48 65.2 , Est Remaining: 405.0
49 66.6 , Est Remaining: 403.7
50 67.9 , Est Remaining: 402.2
51 69.3 , Est Remaining: 400.8
52 70.6 , Est Remaining: 399.4
53 72.0 , Est Remaining: 398.0
54 73.3 , Est Remaining: 396.6
55 74.7 , Est Remaining: 395.1
56 76.0 , Est Remaining: 393.7
57 77.4 , Est Remaining: 392.3
58 78.7 , Est Remaining: 390.8
59 80.0 , Est Remaining: 389.3
60 81.4 , Est Remaining: 387.8
61 82.7 , Est Remaining: 386.3
62 84.0 , Est Remaining: 384.9
63 85.4 , Est Remaining: 383.5
64 86.7 , Est Remaining: 382.1
65 88.1 , Est Remaining: 380.7
66 89.4 , Est Remaining: 379.2
67 90.7 , Est Remaining: 377.7
68 92.0 , Est Remaining: 376.2
69 93.3 , Est Remaining: 374.7
70 94.7 , Est Remaining: 373.2
71 96.0 , Est Remaining: 371.7
72 97.3 , Est Remaining: 370.3
73 98.6 , Est Remaining: 368.8
74 99.9 , Est Remaining: 367.4
75 101.3 , Est Remaining: 366.0
76 102.6 , Est Remaining: 364.6
77 104.0 , Est Remaining: 363.2
78 105.3 , Est Remaining: 361.8
79 106.6 , Est Remaining: 360.4
80 108.0 , Est Remaining: 359.0
81 109.3 , Est Remaining: 357.6
82 110.6 , Est Remaining: 356.2
83 112.0 , Est Remaining: 354.8
84 113.3 , Est Remaining: 353.4
85 114.6 , Est Remaining: 352.0
86 116.0 , Est Remaining: 350.6
87 117.3 , Est Remaining: 349.2
88 118.6 , Est Remaining: 347.8
89 120.0 , Est Remaining: 346.4
90 121.3 , Est Remaining: 345.1
91 122.6 , Est Remaining: 343.7
92 124.0 , Est Remaining: 342.3
93 125.3 , Est Remaining: 340.9
94 126.6 , Est Remaining: 339.5
95 128.0 , Est Remaining: 338.1
96 129.3 , Est Remaining: 336.6
97 130.6 , Est Remaining: 335.2
98 131.9 , Est Remaining: 333.8
99 133.2 , Est Remaining: 332.4
100 134.6 , Est Remaining: 331.0
101 135.9 , Est Remaining: 329.7
102 137.2 , Est Remaining: 328.3
103 138.6 , Est Remaining: 327.1
104 140.0 , Est Remaining: 325.7
105 141.3 , Est Remaining: 324.3
106 142.6 , Est Remaining: 322.9
107 144.0 , Est Remaining: 321.6
108 145.3 , Est Remaining: 320.2
109 146.6 , Est Remaining: 318.8
110 148.0 , Est Remaining: 317.5
111 149.3 , Est Remaining: 316.1
112 150.6 , Est Remaining: 314.7
113 152.0 , Est Remaining: 313.3
114 153.3 , Est Remaining: 312.0
115 154.6 , Est Remaining: 310.6
116 156.0 , Est Remaining: 309.2
117 157.3 , Est Remaining: 307.8
118 158.6 , Est Remaining: 306.5
119 159.9 , Est Remaining: 305.1
120 161.3 , Est Remaining: 303.7
121 162.6 , Est Remaining: 302.4
122 163.9 , Est Remaining: 300.9
EVENT FAILED
122 164.2 , Est Remaining: 301.5
123 165.5 , Est Remaining: 300.1
124 166.9 , Est Remaining: 298.8
125 168.2 , Est Remaining: 297.4
126 169.5 , Est Remaining: 296.0
127 170.9 , Est Remaining: 294.6
128 172.2 , Est Remaining: 293.3
129 173.5 , Est Remaining: 291.9
130 174.9 , Est Remaining: 290.6
131 176.2 , Est Remaining: 289.2
132 177.6 , Est Remaining: 287.9
133 178.9 , Est Remaining: 286.5
134 180.2 , Est Remaining: 285.1
135 181.6 , Est Remaining: 283.8
136 182.9 , Est Remaining: 282.4
137 184.2 , Est Remaining: 281.1
138 185.6 , Est Remaining: 279.7
139 186.9 , Est Remaining: 278.3
140 188.3 , Est Remaining: 277.0
141 189.6 , Est Remaining: 275.7
142 190.9 , Est Remaining: 274.3
143 192.2 , Est Remaining: 272.9
144 193.6 , Est Remaining: 271.5
145 194.8 , Est Remaining: 270.1
146 196.2 , Est Remaining: 268.7
147 197.5 , Est Remaining: 267.4
148 198.9 , Est Remaining: 266.0
149 200.2 , Est Remaining: 264.7
150 201.5 , Est Remaining: 263.3
151 202.9 , Est Remaining: 262.0
152 204.2 , Est Remaining: 260.7
153 205.6 , Est Remaining: 259.3
154 206.9 , Est Remaining: 258.0
EVENT FAILED
154 207.2 , Est Remaining: 258.3
155 208.6 , Est Remaining: 257.0
156 209.9 , Est Remaining: 255.6
157 211.2 , Est Remaining: 254.3
158 212.6 , Est Remaining: 253.0
159 213.9 , Est Remaining: 251.6
160 215.3 , Est Remaining: 250.3
161 216.6 , Est Remaining: 248.9
162 218.0 , Est Remaining: 247.6
163 219.3 , Est Remaining: 246.2
164 220.7 , Est Remaining: 244.9
165 222.0 , Est Remaining: 243.6
166 223.4 , Est Remaining: 242.2
167 224.7 , Est Remaining: 240.9
168 226.1 , Est Remaining: 239.6
169 227.5 , Est Remaining: 238.2
170 228.8 , Est Remaining: 236.9
171 230.2 , Est Remaining: 235.6
172 231.5 , Est Remaining: 234.2
173 232.9 , Est Remaining: 232.9
174 234.2 , Est Remaining: 231.6
175 235.6 , Est Remaining: 230.2
176 236.9 , Est Remaining: 228.8
177 238.3 , Est Remaining: 227.5
178 239.6 , Est Remaining: 226.1
179 240.9 , Est Remaining: 224.8
180 242.3 , Est Remaining: 223.4
181 243.6 , Est Remaining: 222.1
182 245.0 , Est Remaining: 220.8
183 246.3 , Est Remaining: 219.4
184 247.7 , Est Remaining: 218.1
185 249.0 , Est Remaining: 216.7
186 250.4 , Est Remaining: 215.4
187 251.7 , Est Remaining: 214.0
188 253.0 , Est Remaining: 212.7
189 254.3 , Est Remaining: 211.3
190 255.7 , Est Remaining: 210.0
191 257.1 , Est Remaining: 208.6
192 258.4 , Est Remaining: 207.3
193 259.7 , Est Remaining: 205.9
194 261.1 , Est Remaining: 204.6
195 262.4 , Est Remaining: 203.2
196 263.7 , Est Remaining: 201.8
197 265.1 , Est Remaining: 200.5
198 266.4 , Est Remaining: 199.1
199 267.7 , Est Remaining: 197.8
200 269.1 , Est Remaining: 196.4
201 270.4 , Est Remaining: 195.1
202 271.7 , Est Remaining: 193.7
203 273.2 , Est Remaining: 192.4
204 274.5 , Est Remaining: 191.1
205 275.8 , Est Remaining: 189.7
206 277.1 , Est Remaining: 188.3
207 278.5 , Est Remaining: 187.0
208 279.8 , Est Remaining: 185.6
209 281.1 , Est Remaining: 184.3
210 282.4 , Est Remaining: 182.9
211 283.8 , Est Remaining: 181.5
212 285.1 , Est Remaining: 180.2
213 286.4 , Est Remaining: 178.8
214 287.8 , Est Remaining: 177.5
215 289.1 , Est Remaining: 176.1
216 290.4 , Est Remaining: 174.8
217 291.7 , Est Remaining: 173.4
218 293.1 , Est Remaining: 172.1
219 294.4 , Est Remaining: 170.7
220 295.7 , Est Remaining: 169.4
221 297.1 , Est Remaining: 168.0
222 298.4 , Est Remaining: 166.7
223 299.8 , Est Remaining: 165.3
224 301.1 , Est Remaining: 164.0
225 302.4 , Est Remaining: 162.6
226 303.8 , Est Remaining: 161.3
227 305.1 , Est Remaining: 159.9
228 306.4 , Est Remaining: 158.6
229 307.8 , Est Remaining: 157.2
230 309.1 , Est Remaining: 155.9
231 310.4 , Est Remaining: 154.5
232 311.7 , Est Remaining: 153.2
233 313.1 , Est Remaining: 151.8
234 314.4 , Est Remaining: 150.5
235 315.7 , Est Remaining: 149.1
236 317.1 , Est Remaining: 147.8
237 318.4 , Est Remaining: 146.4
238 319.7 , Est Remaining: 145.1
239 321.1 , Est Remaining: 143.7
240 322.4 , Est Remaining: 142.4
241 323.7 , Est Remaining: 141.0
242 325.1 , Est Remaining: 139.7
243 326.4 , Est Remaining: 138.3
244 327.7 , Est Remaining: 137.0
245 329.1 , Est Remaining: 135.7
246 330.4 , Est Remaining: 134.3
247 331.7 , Est Remaining: 133.0
248 333.1 , Est Remaining: 131.6
249 334.4 , Est Remaining: 130.3
250 335.8 , Est Remaining: 128.9
251 337.1 , Est Remaining: 127.6
EVENT FAILED
251 337.4 , Est Remaining: 127.7
252 338.7 , Est Remaining: 126.3
253 340.0 , Est Remaining: 125.0
254 341.4 , Est Remaining: 123.6
255 342.7 , Est Remaining: 122.3
256 344.1 , Est Remaining: 121.0
257 345.4 , Est Remaining: 119.6
258 346.8 , Est Remaining: 118.3
259 348.1 , Est Remaining: 116.9
EVENT FAILED
259 348.4 , Est Remaining: 117.0
260 349.7 , Est Remaining: 115.7
261 351.0 , Est Remaining: 114.3
262 352.4 , Est Remaining: 113.0
263 353.7 , Est Remaining: 111.6
264 355.0 , Est Remaining: 110.3
265 356.3 , Est Remaining: 108.9
266 357.7 , Est Remaining: 107.6
267 359.0 , Est Remaining: 106.2
268 360.3 , Est Remaining: 104.9
269 361.7 , Est Remaining: 103.5
270 363.0 , Est Remaining: 102.2
271 364.4 , Est Remaining: 100.8
272 365.7 , Est Remaining: 99.5
273 367.0 , Est Remaining: 98.1
274 368.4 , Est Remaining: 96.8
275 369.7 , Est Remaining: 95.5
276 371.1 , Est Remaining: 94.1
277 372.4 , Est Remaining: 92.8
278 373.7 , Est Remaining: 91.4
279 375.1 , Est Remaining: 90.1
280 376.4 , Est Remaining: 88.7
281 377.8 , Est Remaining: 87.4
282 379.1 , Est Remaining: 86.0
283 380.5 , Est Remaining: 84.7
284 381.8 , Est Remaining: 83.3
EVENT FAILED
284 382.1 , Est Remaining: 83.4
285 383.4 , Est Remaining: 82.1
286 384.8 , Est Remaining: 80.7
EVENT FAILED
286 385.1 , Est Remaining: 80.8
287 386.4 , Est Remaining: 79.4
288 387.8 , Est Remaining: 78.1
289 389.1 , Est Remaining: 76.7
290 390.4 , Est Remaining: 75.4
291 391.8 , Est Remaining: 74.0
292 393.1 , Est Remaining: 72.7
293 394.4 , Est Remaining: 71.3
294 395.7 , Est Remaining: 70.0
295 397.0 , Est Remaining: 68.6
296 398.4 , Est Remaining: 67.3
297 399.7 , Est Remaining: 65.9
298 401.0 , Est Remaining: 64.6
299 402.3 , Est Remaining: 63.2
EVENT FAILED
299 402.6 , Est Remaining: 63.3
300 403.9 , Est Remaining: 61.9
301 405.3 , Est Remaining: 60.6
302 406.8 , Est Remaining: 59.3
303 408.1 , Est Remaining: 57.9
304 409.4 , Est Remaining: 56.6
305 410.7 , Est Remaining: 55.2
306 412.1 , Est Remaining: 53.9
307 413.4 , Est Remaining: 52.5
308 414.7 , Est Remaining: 51.2
309 416.1 , Est Remaining: 49.8
310 417.4 , Est Remaining: 48.5
311 418.7 , Est Remaining: 47.1
312 420.1 , Est Remaining: 45.8
313 421.4 , Est Remaining: 44.4
314 422.7 , Est Remaining: 43.1
315 424.0 , Est Remaining: 41.7
316 425.3 , Est Remaining: 40.4
317 426.7 , Est Remaining: 39.0
318 428.0 , Est Remaining: 37.7
319 429.3 , Est Remaining: 36.3
320 430.7 , Est Remaining: 35.0
321 432.0 , Est Remaining: 33.6
322 433.3 , Est Remaining: 32.3
323 434.6 , Est Remaining: 30.9
324 436.0 , Est Remaining: 29.6
325 437.3 , Est Remaining: 28.3
326 438.6 , Est Remaining: 26.9
327 439.9 , Est Remaining: 25.6
328 441.2 , Est Remaining: 24.2
329 442.5 , Est Remaining: 22.9
330 443.8 , Est Remaining: 21.5
331 445.1 , Est Remaining: 20.2
332 446.4 , Est Remaining: 18.8
333 447.7 , Est Remaining: 17.5
334 448.9 , Est Remaining: 16.1
335 450.2 , Est Remaining: 14.8
336 451.5 , Est Remaining: 13.4
