Note: NumExpr detected 32 cores but "NUMEXPR_MAX_THREADS" not set, so enforcing safe limit of 8.
Using selector: EpollSelector
/n/home02/jhaefner/miniconda/envs/IC-3.7-2020-06-16/lib/python3.7/site-packages/scipy/optimize/minpack.py:808: OptimizeWarning: Covariance of the parameters could not be estimated
  category=OptimizeWarning)
Total rwfs: 346
0 0.0 , Est Remaining: 999999.9
1 1.5 , Est Remaining: 504.8
2 2.9 , Est Remaining: 501.7
3 4.4 , Est Remaining: 505.6
4 5.9 , Est Remaining: 502.4
5 7.3 , Est Remaining: 499.7
6 8.8 , Est Remaining: 497.4
7 10.2 , Est Remaining: 496.1
8 11.7 , Est Remaining: 493.9
9 13.1 , Est Remaining: 491.4
10 14.6 , Est Remaining: 489.8
11 16.0 , Est Remaining: 488.2
12 17.5 , Est Remaining: 486.0
13 18.9 , Est Remaining: 484.0
14 20.3 , Est Remaining: 482.1
15 21.8 , Est Remaining: 480.6
16 23.2 , Est Remaining: 479.0
17 24.7 , Est Remaining: 477.3
18 26.1 , Est Remaining: 475.7
19 27.6 , Est Remaining: 474.4
20 29.0 , Est Remaining: 473.0
21 30.5 , Est Remaining: 471.7
22 31.9 , Est Remaining: 470.2
23 33.4 , Est Remaining: 468.8
24 34.8 , Est Remaining: 467.2
25 36.3 , Est Remaining: 465.8
26 37.7 , Est Remaining: 464.5
27 39.2 , Est Remaining: 463.0
28 40.6 , Est Remaining: 461.6
29 42.1 , Est Remaining: 460.3
30 43.6 , Est Remaining: 458.9
31 45.0 , Est Remaining: 457.4
32 46.5 , Est Remaining: 456.2
33 47.9 , Est Remaining: 454.8
34 49.4 , Est Remaining: 453.5
35 50.9 , Est Remaining: 452.3
36 52.4 , Est Remaining: 451.0
37 53.8 , Est Remaining: 449.6
38 55.3 , Est Remaining: 448.1
39 56.8 , Est Remaining: 446.8
40 58.2 , Est Remaining: 445.4
41 59.7 , Est Remaining: 443.9
42 61.1 , Est Remaining: 442.5
43 62.6 , Est Remaining: 441.0
44 64.1 , Est Remaining: 439.6
45 65.5 , Est Remaining: 438.1
46 66.9 , Est Remaining: 436.6
47 68.4 , Est Remaining: 435.1
48 69.9 , Est Remaining: 433.7
49 71.3 , Est Remaining: 432.2
50 72.8 , Est Remaining: 430.7
51 74.2 , Est Remaining: 429.2
52 75.6 , Est Remaining: 427.6
53 77.1 , Est Remaining: 426.1
54 78.5 , Est Remaining: 424.6
55 79.9 , Est Remaining: 423.0
56 81.4 , Est Remaining: 421.4
57 82.8 , Est Remaining: 419.8
58 84.2 , Est Remaining: 418.3
59 85.7 , Est Remaining: 416.9
60 87.1 , Est Remaining: 415.3
61 88.6 , Est Remaining: 413.8
62 90.0 , Est Remaining: 412.2
63 91.4 , Est Remaining: 410.7
64 92.8 , Est Remaining: 409.1
65 94.3 , Est Remaining: 407.5
66 95.7 , Est Remaining: 406.0
67 97.1 , Est Remaining: 404.4
68 98.5 , Est Remaining: 402.9
69 100.0 , Est Remaining: 401.4
70 101.3 , Est Remaining: 399.6
71 102.8 , Est Remaining: 398.2
72 104.3 , Est Remaining: 396.8
73 105.7 , Est Remaining: 395.4
74 107.2 , Est Remaining: 394.0
75 108.6 , Est Remaining: 392.5
76 110.1 , Est Remaining: 391.2
77 111.6 , Est Remaining: 389.8
78 113.0 , Est Remaining: 388.4
79 114.5 , Est Remaining: 387.0
80 116.0 , Est Remaining: 385.5
81 117.4 , Est Remaining: 384.2
82 118.9 , Est Remaining: 382.7
83 120.3 , Est Remaining: 381.3
84 121.8 , Est Remaining: 379.8
85 123.2 , Est Remaining: 378.4
86 124.6 , Est Remaining: 376.8
87 126.1 , Est Remaining: 375.4
EVENT FAILED
87 126.4 , Est Remaining: 376.3
88 127.9 , Est Remaining: 374.8
89 129.3 , Est Remaining: 373.4
90 130.8 , Est Remaining: 371.9
91 132.2 , Est Remaining: 370.4
EVENT FAILED
91 132.5 , Est Remaining: 371.3
92 134.0 , Est Remaining: 369.9
93 135.5 , Est Remaining: 368.6
94 137.0 , Est Remaining: 367.2
95 138.4 , Est Remaining: 365.8
96 139.9 , Est Remaining: 364.3
97 141.3 , Est Remaining: 362.8
98 142.8 , Est Remaining: 361.4
99 144.2 , Est Remaining: 359.9
100 145.7 , Est Remaining: 358.4
101 147.2 , Est Remaining: 357.0
EVENT FAILED
101 147.5 , Est Remaining: 357.7
102 148.9 , Est Remaining: 356.3
103 150.5 , Est Remaining: 355.0
104 151.9 , Est Remaining: 353.4
105 153.4 , Est Remaining: 352.0
106 154.8 , Est Remaining: 350.5
107 156.3 , Est Remaining: 349.0
108 157.7 , Est Remaining: 347.5
109 159.1 , Est Remaining: 346.0
110 160.6 , Est Remaining: 344.5
111 162.1 , Est Remaining: 343.1
112 163.5 , Est Remaining: 341.6
113 165.0 , Est Remaining: 340.2
114 166.4 , Est Remaining: 338.7
115 167.9 , Est Remaining: 337.3
116 169.3 , Est Remaining: 335.8
117 170.8 , Est Remaining: 334.3
118 172.2 , Est Remaining: 332.8
119 173.7 , Est Remaining: 331.4
120 175.2 , Est Remaining: 329.9
121 176.6 , Est Remaining: 328.4
122 178.0 , Est Remaining: 326.9
123 179.5 , Est Remaining: 325.4
124 180.9 , Est Remaining: 323.9
125 182.3 , Est Remaining: 322.4
126 183.8 , Est Remaining: 320.9
127 185.2 , Est Remaining: 319.4
128 186.7 , Est Remaining: 317.9
129 188.1 , Est Remaining: 316.4
130 189.6 , Est Remaining: 315.0
131 191.0 , Est Remaining: 313.5
132 192.5 , Est Remaining: 312.0
133 193.9 , Est Remaining: 310.5
134 195.4 , Est Remaining: 309.1
135 196.8 , Est Remaining: 307.6
136 198.3 , Est Remaining: 306.1
137 199.7 , Est Remaining: 304.7
138 201.1 , Est Remaining: 303.2
139 202.6 , Est Remaining: 301.7
140 204.0 , Est Remaining: 300.2
141 205.4 , Est Remaining: 298.7
142 206.9 , Est Remaining: 297.2
143 208.3 , Est Remaining: 295.7
144 209.8 , Est Remaining: 294.2
145 211.2 , Est Remaining: 292.8
146 212.6 , Est Remaining: 291.3
147 214.1 , Est Remaining: 289.8
148 215.5 , Est Remaining: 288.3
149 216.9 , Est Remaining: 286.8
150 218.4 , Est Remaining: 285.4
151 219.8 , Est Remaining: 283.9
152 221.2 , Est Remaining: 282.4
153 222.7 , Est Remaining: 280.9
154 224.1 , Est Remaining: 279.4
155 225.5 , Est Remaining: 277.9
156 227.0 , Est Remaining: 276.4
157 228.4 , Est Remaining: 275.0
158 229.8 , Est Remaining: 273.5
159 231.2 , Est Remaining: 271.9
160 232.7 , Est Remaining: 270.5
161 234.1 , Est Remaining: 269.0
162 235.5 , Est Remaining: 267.5
163 236.9 , Est Remaining: 266.0
164 238.3 , Est Remaining: 264.5
165 239.8 , Est Remaining: 263.0
166 241.2 , Est Remaining: 261.5
167 242.6 , Est Remaining: 260.0
168 244.0 , Est Remaining: 258.5
169 245.4 , Est Remaining: 257.0
170 246.8 , Est Remaining: 255.5
171 248.3 , Est Remaining: 254.1
172 249.7 , Est Remaining: 252.6
173 251.1 , Est Remaining: 251.1
174 252.6 , Est Remaining: 249.7
175 254.0 , Est Remaining: 248.2
176 255.4 , Est Remaining: 246.7
177 256.9 , Est Remaining: 245.3
178 258.3 , Est Remaining: 243.8
179 259.8 , Est Remaining: 242.3
EVENT FAILED
179 260.1 , Est Remaining: 242.6
180 261.5 , Est Remaining: 241.1
181 262.9 , Est Remaining: 239.6
182 264.3 , Est Remaining: 238.2
183 265.7 , Est Remaining: 236.7
184 267.2 , Est Remaining: 235.2
185 268.6 , Est Remaining: 233.7
186 270.0 , Est Remaining: 232.3
187 271.4 , Est Remaining: 230.8
188 272.8 , Est Remaining: 229.3
189 274.2 , Est Remaining: 227.8
190 275.6 , Est Remaining: 226.3
191 277.0 , Est Remaining: 224.8
192 278.4 , Est Remaining: 223.3
193 279.8 , Est Remaining: 221.8
194 281.2 , Est Remaining: 220.3
195 282.6 , Est Remaining: 218.8
196 284.0 , Est Remaining: 217.3
197 285.4 , Est Remaining: 215.8
198 286.8 , Est Remaining: 214.3
199 288.2 , Est Remaining: 212.9
200 289.6 , Est Remaining: 211.4
201 291.0 , Est Remaining: 209.9
202 292.5 , Est Remaining: 208.5
203 293.9 , Est Remaining: 207.0
EVENT FAILED
203 294.2 , Est Remaining: 207.2
204 295.5 , Est Remaining: 205.7
205 296.9 , Est Remaining: 204.2
206 298.3 , Est Remaining: 202.7
207 299.6 , Est Remaining: 201.2
208 301.0 , Est Remaining: 199.7
209 302.4 , Est Remaining: 198.2
EVENT FAILED
209 302.7 , Est Remaining: 198.4
EVENT FAILED
209 303.0 , Est Remaining: 198.6
210 304.3 , Est Remaining: 197.1
211 305.7 , Est Remaining: 195.6
212 307.0 , Est Remaining: 194.1
213 308.4 , Est Remaining: 192.6
EVENT FAILED
213 308.7 , Est Remaining: 192.8
214 310.1 , Est Remaining: 191.3
215 311.4 , Est Remaining: 189.8
216 312.8 , Est Remaining: 188.3
217 314.2 , Est Remaining: 186.8
218 315.6 , Est Remaining: 185.3
219 316.9 , Est Remaining: 183.8
220 318.3 , Est Remaining: 182.3
221 319.7 , Est Remaining: 180.8
222 321.1 , Est Remaining: 179.3
223 322.4 , Est Remaining: 177.8
224 323.8 , Est Remaining: 176.4
225 325.2 , Est Remaining: 174.9
226 326.6 , Est Remaining: 173.4
227 328.0 , Est Remaining: 171.9
228 329.3 , Est Remaining: 170.4
229 330.7 , Est Remaining: 169.0
230 332.1 , Est Remaining: 167.5
231 333.5 , Est Remaining: 166.0
232 334.9 , Est Remaining: 164.6
233 336.3 , Est Remaining: 163.1
234 337.6 , Est Remaining: 161.6
235 339.0 , Est Remaining: 160.1
236 340.4 , Est Remaining: 158.7
237 341.8 , Est Remaining: 157.2
238 343.2 , Est Remaining: 155.7
239 344.5 , Est Remaining: 154.2
240 345.9 , Est Remaining: 152.8
241 347.3 , Est Remaining: 151.3
242 348.7 , Est Remaining: 149.9
243 350.1 , Est Remaining: 148.4
EVENT FAILED
243 350.4 , Est Remaining: 148.5
244 351.8 , Est Remaining: 147.1
245 353.2 , Est Remaining: 145.6
246 354.6 , Est Remaining: 144.2
247 356.0 , Est Remaining: 142.7
248 357.4 , Est Remaining: 141.2
249 358.9 , Est Remaining: 139.8
250 360.3 , Est Remaining: 138.3
251 361.7 , Est Remaining: 136.9
252 363.1 , Est Remaining: 135.4
253 364.5 , Est Remaining: 134.0
254 366.0 , Est Remaining: 132.6
255 367.4 , Est Remaining: 131.1
256 368.8 , Est Remaining: 129.7
257 370.2 , Est Remaining: 128.2
258 371.6 , Est Remaining: 126.8
259 373.1 , Est Remaining: 125.3
260 374.5 , Est Remaining: 123.9
261 375.9 , Est Remaining: 122.4
262 377.4 , Est Remaining: 121.0
263 378.8 , Est Remaining: 119.6
264 380.2 , Est Remaining: 118.1
265 381.7 , Est Remaining: 116.7
266 383.1 , Est Remaining: 115.2
267 384.6 , Est Remaining: 113.8
268 386.0 , Est Remaining: 112.3
269 387.5 , Est Remaining: 110.9
270 388.9 , Est Remaining: 109.5
271 390.3 , Est Remaining: 108.0
272 391.8 , Est Remaining: 106.6
273 393.3 , Est Remaining: 105.2
274 394.7 , Est Remaining: 103.7
275 396.1 , Est Remaining: 102.3
276 397.6 , Est Remaining: 100.8
277 399.0 , Est Remaining: 99.4
278 400.5 , Est Remaining: 98.0
279 401.9 , Est Remaining: 96.5
280 403.3 , Est Remaining: 95.1
281 404.8 , Est Remaining: 93.6
282 406.2 , Est Remaining: 92.2
283 407.7 , Est Remaining: 90.8
284 409.1 , Est Remaining: 89.3
285 410.5 , Est Remaining: 87.9
286 412.0 , Est Remaining: 86.4
287 413.4 , Est Remaining: 85.0
288 414.8 , Est Remaining: 83.5
289 416.3 , Est Remaining: 82.1
290 417.7 , Est Remaining: 80.7
291 419.1 , Est Remaining: 79.2
292 420.5 , Est Remaining: 77.8
293 422.0 , Est Remaining: 76.3
294 423.4 , Est Remaining: 74.9
295 424.9 , Est Remaining: 73.4
296 426.3 , Est Remaining: 72.0
297 427.8 , Est Remaining: 70.6
298 429.2 , Est Remaining: 69.1
299 430.7 , Est Remaining: 67.7
300 432.1 , Est Remaining: 66.3
301 433.6 , Est Remaining: 64.8
302 435.2 , Est Remaining: 63.4
303 436.6 , Est Remaining: 62.0
304 438.1 , Est Remaining: 60.5
305 439.6 , Est Remaining: 59.1
306 441.0 , Est Remaining: 57.6
307 442.5 , Est Remaining: 56.2
308 443.9 , Est Remaining: 54.8
309 445.3 , Est Remaining: 53.3
310 446.7 , Est Remaining: 51.9
311 448.2 , Est Remaining: 50.4
312 449.6 , Est Remaining: 49.0
313 451.0 , Est Remaining: 47.6
314 452.5 , Est Remaining: 46.1
EVENT FAILED
314 452.8 , Est Remaining: 46.1
315 454.2 , Est Remaining: 44.7
316 455.6 , Est Remaining: 43.3
317 457.1 , Est Remaining: 41.8
318 458.5 , Est Remaining: 40.4
319 459.9 , Est Remaining: 38.9
320 461.3 , Est Remaining: 37.5
321 462.7 , Est Remaining: 36.0
322 464.1 , Est Remaining: 34.6
323 465.5 , Est Remaining: 33.2
324 466.9 , Est Remaining: 31.7
325 468.3 , Est Remaining: 30.3
326 469.7 , Est Remaining: 28.8
327 471.1 , Est Remaining: 27.4
328 472.5 , Est Remaining: 25.9
329 473.9 , Est Remaining: 24.5
330 475.3 , Est Remaining: 23.0
331 476.7 , Est Remaining: 21.6
332 478.0 , Est Remaining: 20.2
333 479.4 , Est Remaining: 18.7
EVENT FAILED
333 479.7 , Est Remaining: 18.7
334 481.1 , Est Remaining: 17.3
