Note: NumExpr detected 32 cores but "NUMEXPR_MAX_THREADS" not set, so enforcing safe limit of 8.
Using selector: EpollSelector
/n/home02/jhaefner/miniconda/envs/IC-3.7-2020-06-16/lib/python3.7/site-packages/scipy/optimize/minpack.py:808: OptimizeWarning: Covariance of the parameters could not be estimated
  category=OptimizeWarning)
Total rwfs: 346
0 0.0 , Est Remaining: 999999.9
1 1.4 , Est Remaining: 495.6
2 2.9 , Est Remaining: 492.8
3 4.3 , Est Remaining: 492.4
4 5.7 , Est Remaining: 488.2
5 7.1 , Est Remaining: 486.7
6 8.5 , Est Remaining: 484.2
7 10.0 , Est Remaining: 481.9
8 11.4 , Est Remaining: 480.0
9 12.8 , Est Remaining: 478.5
10 14.2 , Est Remaining: 476.3
11 15.6 , Est Remaining: 476.0
12 17.1 , Est Remaining: 475.2
13 18.5 , Est Remaining: 473.5
EVENT FAILED
13 18.8 , Est Remaining: 481.2
14 20.2 , Est Remaining: 479.3
15 21.6 , Est Remaining: 477.2
16 23.1 , Est Remaining: 476.3
17 24.5 , Est Remaining: 474.7
18 26.0 , Est Remaining: 473.1
19 27.4 , Est Remaining: 471.5
20 28.9 , Est Remaining: 470.4
21 30.3 , Est Remaining: 468.8
22 31.7 , Est Remaining: 467.1
23 33.1 , Est Remaining: 465.5
24 34.6 , Est Remaining: 463.9
25 36.0 , Est Remaining: 462.5
26 37.4 , Est Remaining: 460.9
27 38.9 , Est Remaining: 459.7
28 40.3 , Est Remaining: 458.0
29 41.8 , Est Remaining: 456.8
30 43.2 , Est Remaining: 455.1
31 44.6 , Est Remaining: 453.6
32 46.1 , Est Remaining: 452.0
33 47.5 , Est Remaining: 450.6
34 48.9 , Est Remaining: 449.0
35 50.4 , Est Remaining: 447.8
36 51.8 , Est Remaining: 446.3
37 53.3 , Est Remaining: 444.7
38 54.7 , Est Remaining: 443.3
39 56.2 , Est Remaining: 442.1
40 57.6 , Est Remaining: 440.6
41 59.0 , Est Remaining: 439.1
42 60.5 , Est Remaining: 437.7
43 61.9 , Est Remaining: 436.3
44 63.4 , Est Remaining: 435.0
45 64.8 , Est Remaining: 433.6
46 66.3 , Est Remaining: 432.3
47 67.7 , Est Remaining: 431.0
48 69.2 , Est Remaining: 429.6
49 70.7 , Est Remaining: 428.2
50 72.1 , Est Remaining: 426.9
EVENT FAILED
50 72.4 , Est Remaining: 428.7
51 73.9 , Est Remaining: 427.3
52 75.3 , Est Remaining: 425.8
53 76.7 , Est Remaining: 424.2
54 78.2 , Est Remaining: 422.7
55 79.6 , Est Remaining: 421.2
56 81.0 , Est Remaining: 419.7
57 82.5 , Est Remaining: 418.2
58 83.9 , Est Remaining: 416.8
59 85.4 , Est Remaining: 415.3
60 86.8 , Est Remaining: 413.8
61 88.3 , Est Remaining: 412.3
62 89.7 , Est Remaining: 410.8
63 91.1 , Est Remaining: 409.3
64 92.5 , Est Remaining: 407.8
65 94.0 , Est Remaining: 406.2
66 95.4 , Est Remaining: 404.7
67 96.8 , Est Remaining: 403.2
68 98.3 , Est Remaining: 401.7
69 99.7 , Est Remaining: 400.3
70 101.1 , Est Remaining: 398.8
71 102.6 , Est Remaining: 397.3
72 104.0 , Est Remaining: 395.8
73 105.5 , Est Remaining: 394.4
74 106.9 , Est Remaining: 393.0
75 108.4 , Est Remaining: 391.5
76 109.8 , Est Remaining: 390.1
77 111.3 , Est Remaining: 388.7
78 112.7 , Est Remaining: 387.3
79 114.2 , Est Remaining: 385.9
80 115.6 , Est Remaining: 384.5
81 117.1 , Est Remaining: 383.1
82 118.5 , Est Remaining: 381.6
83 120.0 , Est Remaining: 380.2
EVENT FAILED
83 120.3 , Est Remaining: 381.2
84 121.7 , Est Remaining: 379.7
85 123.2 , Est Remaining: 378.2
86 124.6 , Est Remaining: 376.8
87 126.1 , Est Remaining: 375.4
88 127.6 , Est Remaining: 374.0
89 129.0 , Est Remaining: 372.5
90 130.4 , Est Remaining: 371.0
91 131.9 , Est Remaining: 369.5
92 133.3 , Est Remaining: 368.0
93 134.8 , Est Remaining: 366.6
94 136.2 , Est Remaining: 365.1
95 137.6 , Est Remaining: 363.6
96 139.1 , Est Remaining: 362.2
97 140.5 , Est Remaining: 360.7
EVENT FAILED
97 140.8 , Est Remaining: 361.4
98 142.3 , Est Remaining: 360.0
99 143.7 , Est Remaining: 358.5
100 145.2 , Est Remaining: 357.1
101 146.6 , Est Remaining: 355.6
102 148.1 , Est Remaining: 354.2
103 149.6 , Est Remaining: 352.9
104 151.0 , Est Remaining: 351.4
105 152.5 , Est Remaining: 349.9
106 153.9 , Est Remaining: 348.5
EVENT FAILED
106 154.2 , Est Remaining: 349.2
107 155.7 , Est Remaining: 347.7
108 157.1 , Est Remaining: 346.3
109 158.6 , Est Remaining: 344.8
110 160.0 , Est Remaining: 343.3
111 161.5 , Est Remaining: 341.9
112 162.9 , Est Remaining: 340.4
113 164.4 , Est Remaining: 339.0
114 165.8 , Est Remaining: 337.5
115 167.3 , Est Remaining: 336.1
116 168.7 , Est Remaining: 334.6
117 170.2 , Est Remaining: 333.1
118 171.6 , Est Remaining: 331.6
119 173.1 , Est Remaining: 330.2
120 174.5 , Est Remaining: 328.7
121 176.0 , Est Remaining: 327.3
122 177.4 , Est Remaining: 325.8
123 178.9 , Est Remaining: 324.3
124 180.3 , Est Remaining: 322.8
125 181.8 , Est Remaining: 321.3
126 183.2 , Est Remaining: 319.9
127 184.6 , Est Remaining: 318.4
128 186.1 , Est Remaining: 316.9
129 187.5 , Est Remaining: 315.4
130 188.9 , Est Remaining: 313.9
131 190.3 , Est Remaining: 312.4
132 191.7 , Est Remaining: 310.8
133 193.1 , Est Remaining: 309.3
134 194.6 , Est Remaining: 307.8
135 195.9 , Est Remaining: 306.1
136 197.3 , Est Remaining: 304.6
137 198.7 , Est Remaining: 303.2
138 200.2 , Est Remaining: 301.7
139 201.6 , Est Remaining: 300.3
140 203.1 , Est Remaining: 298.8
141 204.5 , Est Remaining: 297.4
142 206.0 , Est Remaining: 295.9
143 207.5 , Est Remaining: 294.5
144 208.9 , Est Remaining: 293.0
145 210.4 , Est Remaining: 291.6
146 211.8 , Est Remaining: 290.2
147 213.3 , Est Remaining: 288.7
148 214.7 , Est Remaining: 287.3
149 216.2 , Est Remaining: 285.8
150 217.6 , Est Remaining: 284.4
151 219.1 , Est Remaining: 282.9
152 220.6 , Est Remaining: 281.5
153 222.0 , Est Remaining: 280.0
154 223.5 , Est Remaining: 278.6
155 224.9 , Est Remaining: 277.2
156 226.4 , Est Remaining: 275.7
157 227.8 , Est Remaining: 274.2
158 229.2 , Est Remaining: 272.8
159 230.7 , Est Remaining: 271.3
160 232.1 , Est Remaining: 269.9
161 233.6 , Est Remaining: 268.4
162 235.0 , Est Remaining: 267.0
163 236.4 , Est Remaining: 265.5
164 237.8 , Est Remaining: 263.9
165 239.3 , Est Remaining: 262.5
166 240.7 , Est Remaining: 261.0
167 242.1 , Est Remaining: 259.5
168 243.5 , Est Remaining: 258.0
169 244.9 , Est Remaining: 256.5
170 246.3 , Est Remaining: 255.0
171 247.8 , Est Remaining: 253.5
172 249.2 , Est Remaining: 252.1
173 250.6 , Est Remaining: 250.6
174 252.0 , Est Remaining: 249.1
175 253.4 , Est Remaining: 247.6
176 254.8 , Est Remaining: 246.2
177 256.3 , Est Remaining: 244.7
178 257.7 , Est Remaining: 243.2
179 259.1 , Est Remaining: 241.7
180 260.5 , Est Remaining: 240.2
181 261.9 , Est Remaining: 238.8
EVENT FAILED
181 262.2 , Est Remaining: 239.0
182 263.6 , Est Remaining: 237.6
183 265.1 , Est Remaining: 236.1
184 266.5 , Est Remaining: 234.6
185 267.9 , Est Remaining: 233.1
186 269.3 , Est Remaining: 231.7
187 270.7 , Est Remaining: 230.2
188 272.1 , Est Remaining: 228.7
189 273.5 , Est Remaining: 227.2
190 275.0 , Est Remaining: 225.8
191 276.4 , Est Remaining: 224.3
192 277.7 , Est Remaining: 222.8
193 279.1 , Est Remaining: 221.3
194 280.6 , Est Remaining: 219.8
195 281.9 , Est Remaining: 218.3
196 283.4 , Est Remaining: 216.9
197 284.7 , Est Remaining: 215.3
198 286.2 , Est Remaining: 213.9
199 287.6 , Est Remaining: 212.4
200 289.0 , Est Remaining: 210.9
201 290.3 , Est Remaining: 209.5
202 291.8 , Est Remaining: 208.0
203 293.3 , Est Remaining: 206.6
204 294.7 , Est Remaining: 205.1
205 296.1 , Est Remaining: 203.6
206 297.5 , Est Remaining: 202.2
207 298.8 , Est Remaining: 200.7
EVENT FAILED
207 299.1 , Est Remaining: 200.9
208 300.5 , Est Remaining: 199.4
209 301.9 , Est Remaining: 197.9
210 303.3 , Est Remaining: 196.4
211 304.7 , Est Remaining: 194.9
212 306.1 , Est Remaining: 193.4
213 307.4 , Est Remaining: 192.0
214 308.8 , Est Remaining: 190.5
215 310.2 , Est Remaining: 189.0
216 311.5 , Est Remaining: 187.5
217 312.9 , Est Remaining: 186.0
218 314.3 , Est Remaining: 184.5
219 315.7 , Est Remaining: 183.0
220 317.0 , Est Remaining: 181.6
221 318.4 , Est Remaining: 180.1
222 319.8 , Est Remaining: 178.6
223 321.2 , Est Remaining: 177.1
224 322.4 , Est Remaining: 175.6
EVENT FAILED
224 322.7 , Est Remaining: 175.8
225 324.1 , Est Remaining: 174.3
226 325.5 , Est Remaining: 172.8
227 326.9 , Est Remaining: 171.4
228 328.3 , Est Remaining: 169.9
229 329.6 , Est Remaining: 168.4
230 331.0 , Est Remaining: 166.9
231 332.4 , Est Remaining: 165.5
232 333.8 , Est Remaining: 164.0
233 335.2 , Est Remaining: 162.5
234 336.6 , Est Remaining: 161.1
235 337.9 , Est Remaining: 159.6
236 339.3 , Est Remaining: 158.2
237 340.7 , Est Remaining: 156.7
238 342.1 , Est Remaining: 155.2
239 343.5 , Est Remaining: 153.8
240 344.8 , Est Remaining: 152.3
241 346.2 , Est Remaining: 150.9
242 347.6 , Est Remaining: 149.4
243 349.0 , Est Remaining: 147.9
244 350.4 , Est Remaining: 146.5
245 351.8 , Est Remaining: 145.0
246 353.1 , Est Remaining: 143.5
247 354.5 , Est Remaining: 142.1
248 355.9 , Est Remaining: 140.6
249 357.2 , Est Remaining: 139.2
250 358.6 , Est Remaining: 137.7
251 360.0 , Est Remaining: 136.3
252 361.4 , Est Remaining: 134.8
EVENT FAILED
252 361.7 , Est Remaining: 134.9
253 363.1 , Est Remaining: 133.5
254 364.5 , Est Remaining: 132.0
255 365.8 , Est Remaining: 130.6
256 367.2 , Est Remaining: 129.1
257 368.6 , Est Remaining: 127.7
258 370.0 , Est Remaining: 126.2
259 371.4 , Est Remaining: 124.8
260 372.8 , Est Remaining: 123.3
261 374.2 , Est Remaining: 121.9
262 375.6 , Est Remaining: 120.4
263 377.0 , Est Remaining: 119.0
264 378.4 , Est Remaining: 117.5
265 379.8 , Est Remaining: 116.1
266 381.2 , Est Remaining: 114.6
267 382.6 , Est Remaining: 113.2
EVENT FAILED
267 382.9 , Est Remaining: 113.3
268 384.3 , Est Remaining: 111.8
269 385.7 , Est Remaining: 110.4
270 387.1 , Est Remaining: 109.0
271 388.6 , Est Remaining: 107.5
272 390.0 , Est Remaining: 106.1
273 391.4 , Est Remaining: 104.7
274 393.1 , Est Remaining: 103.3
275 394.5 , Est Remaining: 101.9
276 396.0 , Est Remaining: 100.4
277 397.4 , Est Remaining: 99.0
278 398.9 , Est Remaining: 97.6
279 400.3 , Est Remaining: 96.1
280 401.8 , Est Remaining: 94.7
281 403.2 , Est Remaining: 93.3
282 404.6 , Est Remaining: 91.8
283 406.1 , Est Remaining: 90.4
284 407.5 , Est Remaining: 89.0
285 408.9 , Est Remaining: 87.5
286 410.4 , Est Remaining: 86.1
287 411.8 , Est Remaining: 84.7
288 413.2 , Est Remaining: 83.2
289 414.6 , Est Remaining: 81.8
290 416.0 , Est Remaining: 80.3
291 417.4 , Est Remaining: 78.9
292 418.8 , Est Remaining: 77.5
293 420.3 , Est Remaining: 76.0
294 421.7 , Est Remaining: 74.6
295 423.1 , Est Remaining: 73.2
296 424.6 , Est Remaining: 71.7
297 426.0 , Est Remaining: 70.3
298 427.5 , Est Remaining: 68.9
299 428.9 , Est Remaining: 67.4
300 430.4 , Est Remaining: 66.0
301 431.8 , Est Remaining: 64.6
302 433.5 , Est Remaining: 63.2
303 434.9 , Est Remaining: 61.7
304 436.4 , Est Remaining: 60.3
305 437.8 , Est Remaining: 58.9
306 439.3 , Est Remaining: 57.4
307 440.7 , Est Remaining: 56.0
308 442.2 , Est Remaining: 54.6
EVENT FAILED
308 442.5 , Est Remaining: 54.6
309 443.9 , Est Remaining: 53.2
310 445.3 , Est Remaining: 51.7
311 446.8 , Est Remaining: 50.3
312 448.2 , Est Remaining: 48.8
313 449.7 , Est Remaining: 47.4
314 451.1 , Est Remaining: 46.0
315 452.6 , Est Remaining: 44.5
316 454.0 , Est Remaining: 43.1
317 455.4 , Est Remaining: 41.7
318 456.9 , Est Remaining: 40.2
319 458.3 , Est Remaining: 38.8
320 459.8 , Est Remaining: 37.4
321 461.2 , Est Remaining: 35.9
322 462.6 , Est Remaining: 34.5
323 464.1 , Est Remaining: 33.0
324 465.5 , Est Remaining: 31.6
325 466.9 , Est Remaining: 30.2
326 468.4 , Est Remaining: 28.7
327 469.8 , Est Remaining: 27.3
328 471.2 , Est Remaining: 25.9
329 472.6 , Est Remaining: 24.4
330 474.0 , Est Remaining: 23.0
331 475.5 , Est Remaining: 21.5
332 476.9 , Est Remaining: 20.1
333 478.3 , Est Remaining: 18.7
334 479.7 , Est Remaining: 17.2
