Note: NumExpr detected 32 cores but "NUMEXPR_MAX_THREADS" not set, so enforcing safe limit of 8.
Using selector: EpollSelector
/n/home02/jhaefner/miniconda/envs/IC-3.7-2020-06-16/lib/python3.7/site-packages/scipy/optimize/minpack.py:808: OptimizeWarning: Covariance of the parameters could not be estimated
  category=OptimizeWarning)
Total rwfs: 346
0 0.0 , Est Remaining: 999999.9
1 1.5 , Est Remaining: 517.3
2 2.9 , Est Remaining: 507.3
3 4.4 , Est Remaining: 505.3
4 5.9 , Est Remaining: 500.7
5 7.3 , Est Remaining: 497.3
6 8.7 , Est Remaining: 494.1
7 10.2 , Est Remaining: 492.2
8 11.6 , Est Remaining: 490.1
9 13.0 , Est Remaining: 487.6
10 14.5 , Est Remaining: 486.0
11 15.9 , Est Remaining: 484.4
12 17.4 , Est Remaining: 483.1
13 18.8 , Est Remaining: 481.2
14 20.3 , Est Remaining: 480.4
15 21.7 , Est Remaining: 479.2
16 23.2 , Est Remaining: 477.7
17 24.6 , Est Remaining: 476.1
18 26.1 , Est Remaining: 474.8
19 27.5 , Est Remaining: 473.1
20 28.9 , Est Remaining: 471.6
21 30.4 , Est Remaining: 469.8
22 31.8 , Est Remaining: 468.4
23 33.2 , Est Remaining: 466.8
24 34.7 , Est Remaining: 465.4
25 36.1 , Est Remaining: 463.8
26 37.6 , Est Remaining: 462.2
27 39.0 , Est Remaining: 460.5
28 40.4 , Est Remaining: 459.0
29 41.9 , Est Remaining: 457.6
30 43.3 , Est Remaining: 456.1
31 44.7 , Est Remaining: 454.6
32 46.2 , Est Remaining: 453.0
33 47.6 , Est Remaining: 451.5
34 49.0 , Est Remaining: 449.9
35 50.5 , Est Remaining: 448.4
EVENT FAILED
35 50.8 , Est Remaining: 451.1
36 52.2 , Est Remaining: 449.5
37 53.6 , Est Remaining: 448.0
38 55.1 , Est Remaining: 446.4
39 56.5 , Est Remaining: 444.9
EVENT FAILED
39 56.8 , Est Remaining: 447.3
40 58.3 , Est Remaining: 445.9
41 59.7 , Est Remaining: 444.5
42 61.2 , Est Remaining: 443.0
43 62.6 , Est Remaining: 441.4
44 64.1 , Est Remaining: 439.8
45 65.5 , Est Remaining: 438.1
46 66.9 , Est Remaining: 436.5
47 68.4 , Est Remaining: 434.9
48 69.8 , Est Remaining: 433.2
49 71.2 , Est Remaining: 431.5
50 72.6 , Est Remaining: 430.0
51 74.0 , Est Remaining: 428.3
52 75.5 , Est Remaining: 426.8
53 76.9 , Est Remaining: 425.1
54 78.3 , Est Remaining: 423.5
55 79.8 , Est Remaining: 422.0
56 81.2 , Est Remaining: 420.4
57 82.6 , Est Remaining: 418.6
58 84.0 , Est Remaining: 417.0
59 85.4 , Est Remaining: 415.5
60 86.9 , Est Remaining: 414.0
61 88.3 , Est Remaining: 412.5
62 89.7 , Est Remaining: 411.1
63 91.2 , Est Remaining: 409.7
64 92.6 , Est Remaining: 408.2
65 94.1 , Est Remaining: 406.7
66 95.5 , Est Remaining: 405.3
67 97.0 , Est Remaining: 403.9
68 98.4 , Est Remaining: 402.4
69 99.9 , Est Remaining: 400.9
70 101.3 , Est Remaining: 399.5
71 102.8 , Est Remaining: 398.0
72 104.2 , Est Remaining: 396.5
73 105.7 , Est Remaining: 395.1
74 107.1 , Est Remaining: 393.7
75 108.6 , Est Remaining: 392.3
76 110.0 , Est Remaining: 390.9
77 111.5 , Est Remaining: 389.5
78 113.0 , Est Remaining: 388.1
79 114.4 , Est Remaining: 386.7
80 115.8 , Est Remaining: 385.2
EVENT FAILED
80 116.1 , Est Remaining: 386.2
81 117.6 , Est Remaining: 384.7
82 119.0 , Est Remaining: 383.2
83 120.5 , Est Remaining: 381.7
84 121.9 , Est Remaining: 380.2
85 123.3 , Est Remaining: 378.7
86 124.8 , Est Remaining: 377.2
87 126.2 , Est Remaining: 375.7
88 127.7 , Est Remaining: 374.3
89 129.1 , Est Remaining: 372.8
90 130.5 , Est Remaining: 371.3
EVENT FAILED
90 130.9 , Est Remaining: 372.2
91 132.3 , Est Remaining: 370.8
92 133.8 , Est Remaining: 369.3
93 135.2 , Est Remaining: 367.8
94 136.6 , Est Remaining: 366.3
95 138.1 , Est Remaining: 364.9
96 139.5 , Est Remaining: 363.4
97 141.0 , Est Remaining: 362.0
98 142.5 , Est Remaining: 360.5
99 143.9 , Est Remaining: 359.0
100 145.3 , Est Remaining: 357.5
101 146.8 , Est Remaining: 356.1
102 148.2 , Est Remaining: 354.5
103 149.7 , Est Remaining: 353.3
EVENT FAILED
103 150.1 , Est Remaining: 354.1
104 151.5 , Est Remaining: 352.6
EVENT FAILED
104 151.8 , Est Remaining: 353.3
105 153.3 , Est Remaining: 351.8
106 154.7 , Est Remaining: 350.3
107 156.2 , Est Remaining: 348.8
108 157.6 , Est Remaining: 347.3
109 159.0 , Est Remaining: 345.8
110 160.5 , Est Remaining: 344.3
111 161.9 , Est Remaining: 342.8
112 163.4 , Est Remaining: 341.3
113 164.8 , Est Remaining: 339.8
114 166.2 , Est Remaining: 338.3
115 167.7 , Est Remaining: 336.8
116 169.1 , Est Remaining: 335.3
117 170.6 , Est Remaining: 333.8
118 172.0 , Est Remaining: 332.4
119 173.4 , Est Remaining: 330.8
120 174.9 , Est Remaining: 329.3
121 176.3 , Est Remaining: 327.9
122 177.8 , Est Remaining: 326.4
123 179.2 , Est Remaining: 324.9
124 180.6 , Est Remaining: 323.3
125 182.0 , Est Remaining: 321.8
126 183.4 , Est Remaining: 320.3
127 184.9 , Est Remaining: 318.8
128 186.3 , Est Remaining: 317.3
129 187.7 , Est Remaining: 315.8
130 189.1 , Est Remaining: 314.3
131 190.6 , Est Remaining: 312.8
132 192.0 , Est Remaining: 311.3
133 193.5 , Est Remaining: 309.9
134 194.9 , Est Remaining: 308.4
135 196.4 , Est Remaining: 307.0
136 197.9 , Est Remaining: 305.5
137 199.3 , Est Remaining: 304.1
138 200.8 , Est Remaining: 302.6
139 202.3 , Est Remaining: 301.2
140 203.7 , Est Remaining: 299.8
141 205.2 , Est Remaining: 298.4
142 206.7 , Est Remaining: 296.9
143 208.1 , Est Remaining: 295.5
144 209.6 , Est Remaining: 294.1
145 211.1 , Est Remaining: 292.7
146 212.6 , Est Remaining: 291.2
147 214.1 , Est Remaining: 289.8
148 215.6 , Est Remaining: 288.4
149 217.0 , Est Remaining: 287.0
150 218.5 , Est Remaining: 285.5
151 220.0 , Est Remaining: 284.1
152 221.4 , Est Remaining: 282.6
153 222.9 , Est Remaining: 281.2
154 224.4 , Est Remaining: 279.7
155 225.8 , Est Remaining: 278.2
156 227.2 , Est Remaining: 276.7
157 228.6 , Est Remaining: 275.1
158 230.0 , Est Remaining: 273.6
159 231.3 , Est Remaining: 272.1
EVENT FAILED
159 231.6 , Est Remaining: 272.4
160 233.0 , Est Remaining: 270.9
161 234.4 , Est Remaining: 269.3
EVENT FAILED
161 235.3 , Est Remaining: 270.3
162 236.6 , Est Remaining: 268.8
163 238.0 , Est Remaining: 267.2
164 239.3 , Est Remaining: 265.6
165 240.6 , Est Remaining: 264.0
166 241.9 , Est Remaining: 262.4
167 243.3 , Est Remaining: 260.8
168 244.6 , Est Remaining: 259.2
169 245.9 , Est Remaining: 257.6
EVENT FAILED
169 246.2 , Est Remaining: 257.9
170 247.5 , Est Remaining: 256.3
171 248.8 , Est Remaining: 254.7
EVENT FAILED
171 249.1 , Est Remaining: 255.0
172 250.5 , Est Remaining: 253.4
173 251.8 , Est Remaining: 251.8
174 253.1 , Est Remaining: 250.2
175 254.4 , Est Remaining: 248.6
176 255.8 , Est Remaining: 247.0
177 257.1 , Est Remaining: 245.4
178 258.4 , Est Remaining: 243.9
179 259.7 , Est Remaining: 242.3
180 261.0 , Est Remaining: 240.7
181 262.3 , Est Remaining: 239.1
182 263.6 , Est Remaining: 237.5
183 264.9 , Est Remaining: 236.0
184 266.2 , Est Remaining: 234.4
185 267.6 , Est Remaining: 232.8
EVENT FAILED
185 267.9 , Est Remaining: 233.1
186 269.2 , Est Remaining: 231.5
187 270.5 , Est Remaining: 230.0
188 271.8 , Est Remaining: 228.4
189 273.1 , Est Remaining: 226.9
190 274.5 , Est Remaining: 225.4
191 275.8 , Est Remaining: 223.8
192 277.1 , Est Remaining: 222.3
193 278.5 , Est Remaining: 220.8
194 279.8 , Est Remaining: 219.2
195 281.1 , Est Remaining: 217.7
196 282.4 , Est Remaining: 216.1
197 283.7 , Est Remaining: 214.6
198 285.0 , Est Remaining: 213.1
199 286.4 , Est Remaining: 211.5
200 287.7 , Est Remaining: 210.0
201 289.0 , Est Remaining: 208.5
202 290.4 , Est Remaining: 207.0
203 291.7 , Est Remaining: 205.5
204 293.0 , Est Remaining: 204.0
205 294.3 , Est Remaining: 202.4
206 295.7 , Est Remaining: 200.9
EVENT FAILED
206 296.5 , Est Remaining: 201.5
207 297.8 , Est Remaining: 200.0
208 299.1 , Est Remaining: 198.5
209 300.5 , Est Remaining: 197.0
210 301.8 , Est Remaining: 195.4
EVENT FAILED
210 302.1 , Est Remaining: 195.6
211 303.4 , Est Remaining: 194.1
212 304.7 , Est Remaining: 192.6
213 306.1 , Est Remaining: 191.1
214 307.4 , Est Remaining: 189.6
215 308.7 , Est Remaining: 188.1
216 310.1 , Est Remaining: 186.6
217 311.4 , Est Remaining: 185.1
218 312.8 , Est Remaining: 183.7
219 314.2 , Est Remaining: 182.2
220 315.5 , Est Remaining: 180.7
221 316.9 , Est Remaining: 179.2
222 318.2 , Est Remaining: 177.8
223 319.6 , Est Remaining: 176.3
224 321.0 , Est Remaining: 174.8
225 322.3 , Est Remaining: 173.3
226 323.7 , Est Remaining: 171.9
227 325.2 , Est Remaining: 170.5
228 326.6 , Est Remaining: 169.0
229 328.0 , Est Remaining: 167.6
EVENT FAILED
229 328.3 , Est Remaining: 167.7
230 329.7 , Est Remaining: 166.3
231 331.1 , Est Remaining: 164.8
232 332.5 , Est Remaining: 163.4
233 333.9 , Est Remaining: 161.9
234 335.3 , Est Remaining: 160.5
235 336.8 , Est Remaining: 159.1
EVENT FAILED
235 337.1 , Est Remaining: 159.2
236 338.5 , Est Remaining: 157.8
237 339.9 , Est Remaining: 156.3
238 341.4 , Est Remaining: 154.9
239 342.8 , Est Remaining: 153.5
240 344.2 , Est Remaining: 152.0
241 345.7 , Est Remaining: 150.6
242 347.1 , Est Remaining: 149.2
243 348.6 , Est Remaining: 147.7
244 350.0 , Est Remaining: 146.3
245 351.5 , Est Remaining: 144.9
246 352.9 , Est Remaining: 143.5
247 354.4 , Est Remaining: 142.0
248 355.9 , Est Remaining: 140.6
249 357.3 , Est Remaining: 139.2
250 358.8 , Est Remaining: 137.8
251 360.2 , Est Remaining: 136.3
252 361.7 , Est Remaining: 134.9
253 363.2 , Est Remaining: 133.5
254 364.6 , Est Remaining: 132.1
255 366.1 , Est Remaining: 130.6
256 367.5 , Est Remaining: 129.2
257 369.0 , Est Remaining: 127.8
258 370.4 , Est Remaining: 126.4
259 371.9 , Est Remaining: 124.9
260 373.4 , Est Remaining: 123.5
261 374.8 , Est Remaining: 122.1
262 376.3 , Est Remaining: 120.6
263 377.7 , Est Remaining: 119.2
264 379.2 , Est Remaining: 117.8
265 380.6 , Est Remaining: 116.3
266 382.1 , Est Remaining: 114.9
267 383.5 , Est Remaining: 113.5
268 385.0 , Est Remaining: 112.1
269 386.4 , Est Remaining: 110.6
270 387.9 , Est Remaining: 109.2
271 389.3 , Est Remaining: 107.7
272 390.7 , Est Remaining: 106.3
273 392.2 , Est Remaining: 104.9
274 393.6 , Est Remaining: 103.4
275 395.1 , Est Remaining: 102.0
276 396.5 , Est Remaining: 100.6
277 397.9 , Est Remaining: 99.1
278 399.4 , Est Remaining: 97.7
279 400.8 , Est Remaining: 96.3
280 402.3 , Est Remaining: 94.8
281 403.7 , Est Remaining: 93.4
282 405.0 , Est Remaining: 91.9
283 406.4 , Est Remaining: 90.5
284 407.8 , Est Remaining: 89.0
285 409.3 , Est Remaining: 87.6
286 410.7 , Est Remaining: 86.2
287 412.2 , Est Remaining: 84.7
288 413.6 , Est Remaining: 83.3
289 415.1 , Est Remaining: 81.9
290 416.5 , Est Remaining: 80.4
291 417.9 , Est Remaining: 79.0
292 419.4 , Est Remaining: 77.6
293 420.8 , Est Remaining: 76.1
EVENT FAILED
293 421.1 , Est Remaining: 76.2
294 422.5 , Est Remaining: 74.7
295 424.0 , Est Remaining: 73.3
296 425.4 , Est Remaining: 71.9
297 426.9 , Est Remaining: 70.4
298 428.3 , Est Remaining: 69.0
299 429.7 , Est Remaining: 67.5
300 431.2 , Est Remaining: 66.1
EVENT FAILED
300 431.5 , Est Remaining: 66.2
301 432.9 , Est Remaining: 64.7
302 434.5 , Est Remaining: 63.3
303 435.9 , Est Remaining: 61.9
304 437.3 , Est Remaining: 60.4
305 438.7 , Est Remaining: 59.0
306 440.2 , Est Remaining: 57.5
307 441.6 , Est Remaining: 56.1
308 443.0 , Est Remaining: 54.7
309 444.5 , Est Remaining: 53.2
310 445.9 , Est Remaining: 51.8
EVENT FAILED
310 446.2 , Est Remaining: 51.8
311 447.6 , Est Remaining: 50.4
312 449.1 , Est Remaining: 48.9
313 450.5 , Est Remaining: 47.5
314 451.9 , Est Remaining: 46.1
315 453.3 , Est Remaining: 44.6
EVENT FAILED
315 453.7 , Est Remaining: 44.6
316 455.1 , Est Remaining: 43.2
317 456.5 , Est Remaining: 41.8
318 457.9 , Est Remaining: 40.3
319 459.3 , Est Remaining: 38.9
320 460.7 , Est Remaining: 37.4
321 462.2 , Est Remaining: 36.0
322 463.6 , Est Remaining: 34.6
323 465.0 , Est Remaining: 33.1
324 466.5 , Est Remaining: 31.7
325 467.9 , Est Remaining: 30.2
326 469.4 , Est Remaining: 28.8
