Note: NumExpr detected 32 cores but "NUMEXPR_MAX_THREADS" not set, so enforcing safe limit of 8.
Using selector: EpollSelector
/n/home02/jhaefner/miniconda/envs/IC-3.7-2020-06-16/lib/python3.7/site-packages/scipy/optimize/minpack.py:808: OptimizeWarning: Covariance of the parameters could not be estimated
  category=OptimizeWarning)
Total rwfs: 346
0 0.0 , Est Remaining: 999999.9
1 1.5 , Est Remaining: 514.7
2 3.0 , Est Remaining: 508.6
3 4.4 , Est Remaining: 505.7
4 5.9 , Est Remaining: 502.3
5 7.3 , Est Remaining: 499.5
6 8.8 , Est Remaining: 496.5
7 10.2 , Est Remaining: 493.4
8 11.7 , Est Remaining: 492.6
9 13.1 , Est Remaining: 490.4
10 14.5 , Est Remaining: 488.4
11 16.0 , Est Remaining: 486.2
12 17.4 , Est Remaining: 484.2
13 18.8 , Est Remaining: 482.4
14 20.3 , Est Remaining: 481.1
15 21.7 , Est Remaining: 479.3
16 23.1 , Est Remaining: 477.4
17 24.6 , Est Remaining: 475.8
18 26.0 , Est Remaining: 474.2
19 27.5 , Est Remaining: 472.7
20 28.9 , Est Remaining: 471.2
21 30.4 , Est Remaining: 470.0
22 31.8 , Est Remaining: 468.6
23 33.3 , Est Remaining: 467.7
24 34.7 , Est Remaining: 466.1
25 36.2 , Est Remaining: 464.6
26 37.6 , Est Remaining: 463.3
27 39.1 , Est Remaining: 461.8
28 40.5 , Est Remaining: 460.4
29 42.0 , Est Remaining: 458.9
30 43.4 , Est Remaining: 457.6
31 44.9 , Est Remaining: 456.2
32 46.3 , Est Remaining: 454.7
33 47.8 , Est Remaining: 453.3
34 49.3 , Est Remaining: 451.9
35 50.7 , Est Remaining: 450.4
36 52.1 , Est Remaining: 449.0
37 53.6 , Est Remaining: 447.5
38 55.0 , Est Remaining: 445.9
39 56.5 , Est Remaining: 444.5
40 57.9 , Est Remaining: 442.9
41 59.3 , Est Remaining: 441.4
42 60.8 , Est Remaining: 440.3
43 62.3 , Est Remaining: 438.6
EVENT FAILED
43 62.5 , Est Remaining: 440.7
44 64.0 , Est Remaining: 439.2
45 65.4 , Est Remaining: 437.6
46 66.9 , Est Remaining: 436.2
47 68.3 , Est Remaining: 434.8
48 69.8 , Est Remaining: 433.2
49 71.2 , Est Remaining: 431.7
50 72.7 , Est Remaining: 430.1
51 74.1 , Est Remaining: 428.6
52 75.5 , Est Remaining: 426.9
53 76.9 , Est Remaining: 425.3
54 78.3 , Est Remaining: 423.6
55 79.7 , Est Remaining: 421.9
56 81.1 , Est Remaining: 420.2
57 82.5 , Est Remaining: 418.5
58 83.9 , Est Remaining: 416.8
59 85.4 , Est Remaining: 415.2
60 86.8 , Est Remaining: 413.6
61 88.2 , Est Remaining: 412.0
62 89.6 , Est Remaining: 410.4
63 91.0 , Est Remaining: 408.9
64 92.5 , Est Remaining: 407.4
65 93.9 , Est Remaining: 405.9
66 95.3 , Est Remaining: 404.5
67 96.8 , Est Remaining: 403.1
68 98.2 , Est Remaining: 401.6
69 99.7 , Est Remaining: 400.2
70 101.2 , Est Remaining: 398.8
71 102.6 , Est Remaining: 397.5
72 104.1 , Est Remaining: 396.1
73 105.5 , Est Remaining: 394.7
74 107.0 , Est Remaining: 393.4
75 108.5 , Est Remaining: 392.1
76 110.0 , Est Remaining: 390.7
77 111.4 , Est Remaining: 389.3
78 112.9 , Est Remaining: 387.9
79 114.4 , Est Remaining: 386.5
80 115.8 , Est Remaining: 385.1
81 117.3 , Est Remaining: 383.8
82 118.8 , Est Remaining: 382.4
83 120.2 , Est Remaining: 381.0
84 121.7 , Est Remaining: 379.6
85 123.1 , Est Remaining: 378.1
86 124.6 , Est Remaining: 376.7
87 126.1 , Est Remaining: 375.3
88 127.5 , Est Remaining: 373.9
89 129.0 , Est Remaining: 372.5
90 130.4 , Est Remaining: 371.0
91 131.9 , Est Remaining: 369.6
92 133.4 , Est Remaining: 368.2
93 134.8 , Est Remaining: 366.8
94 136.3 , Est Remaining: 365.3
95 137.7 , Est Remaining: 363.8
96 139.1 , Est Remaining: 362.3
97 140.6 , Est Remaining: 360.9
98 142.0 , Est Remaining: 359.4
99 143.5 , Est Remaining: 357.9
100 144.9 , Est Remaining: 356.5
101 146.3 , Est Remaining: 355.0
102 147.8 , Est Remaining: 353.5
103 149.3 , Est Remaining: 352.1
104 150.7 , Est Remaining: 350.6
105 152.1 , Est Remaining: 349.1
106 153.5 , Est Remaining: 347.6
107 154.9 , Est Remaining: 346.0
108 156.3 , Est Remaining: 344.5
109 157.7 , Est Remaining: 342.9
110 159.1 , Est Remaining: 341.3
111 160.5 , Est Remaining: 339.8
112 161.9 , Est Remaining: 338.3
113 163.3 , Est Remaining: 336.7
114 164.7 , Est Remaining: 335.1
115 166.0 , Est Remaining: 333.5
116 167.4 , Est Remaining: 332.0
117 168.8 , Est Remaining: 330.4
118 170.2 , Est Remaining: 328.9
119 171.6 , Est Remaining: 327.3
120 173.0 , Est Remaining: 325.7
121 174.3 , Est Remaining: 324.2
122 175.7 , Est Remaining: 322.6
123 177.1 , Est Remaining: 321.1
124 178.5 , Est Remaining: 319.5
125 179.8 , Est Remaining: 318.0
126 181.2 , Est Remaining: 316.4
127 182.6 , Est Remaining: 314.8
128 183.9 , Est Remaining: 313.3
129 185.3 , Est Remaining: 311.7
130 186.6 , Est Remaining: 310.1
131 188.0 , Est Remaining: 308.5
132 189.3 , Est Remaining: 307.0
133 190.7 , Est Remaining: 305.4
134 192.0 , Est Remaining: 303.8
135 193.4 , Est Remaining: 302.2
136 194.7 , Est Remaining: 300.6
137 196.0 , Est Remaining: 299.0
138 197.4 , Est Remaining: 297.5
139 198.7 , Est Remaining: 295.9
140 200.0 , Est Remaining: 294.3
141 201.4 , Est Remaining: 292.8
142 202.7 , Est Remaining: 291.2
143 204.1 , Est Remaining: 289.7
144 205.4 , Est Remaining: 288.1
145 206.7 , Est Remaining: 286.6
146 208.1 , Est Remaining: 285.1
147 209.4 , Est Remaining: 283.5
148 210.8 , Est Remaining: 282.0
149 212.1 , Est Remaining: 280.4
150 213.4 , Est Remaining: 278.9
151 214.8 , Est Remaining: 277.3
152 216.1 , Est Remaining: 275.8
153 217.4 , Est Remaining: 274.3
154 218.8 , Est Remaining: 272.8
155 220.1 , Est Remaining: 271.2
156 221.4 , Est Remaining: 269.7
157 222.6 , Est Remaining: 268.0
158 224.0 , Est Remaining: 266.5
159 225.3 , Est Remaining: 265.0
160 226.6 , Est Remaining: 263.5
161 228.0 , Est Remaining: 261.9
162 229.3 , Est Remaining: 260.4
163 230.6 , Est Remaining: 258.9
EVENT FAILED
163 230.9 , Est Remaining: 259.2
164 232.2 , Est Remaining: 257.7
165 233.6 , Est Remaining: 256.2
166 234.9 , Est Remaining: 254.7
167 236.2 , Est Remaining: 253.2
168 237.6 , Est Remaining: 251.7
169 238.9 , Est Remaining: 250.2
170 240.3 , Est Remaining: 248.7
171 241.6 , Est Remaining: 247.3
172 243.0 , Est Remaining: 245.8
173 244.3 , Est Remaining: 244.3
174 245.6 , Est Remaining: 242.8
175 247.0 , Est Remaining: 241.4
176 248.4 , Est Remaining: 239.9
177 249.7 , Est Remaining: 238.4
178 251.1 , Est Remaining: 237.0
179 252.5 , Est Remaining: 235.5
180 253.8 , Est Remaining: 234.1
181 255.2 , Est Remaining: 232.7
182 256.6 , Est Remaining: 231.2
183 258.0 , Est Remaining: 229.8
184 259.4 , Est Remaining: 228.4
185 260.8 , Est Remaining: 226.9
186 262.1 , Est Remaining: 225.5
187 263.5 , Est Remaining: 224.1
188 264.9 , Est Remaining: 222.6
189 266.3 , Est Remaining: 221.2
190 267.7 , Est Remaining: 219.8
191 269.1 , Est Remaining: 218.4
192 270.5 , Est Remaining: 217.0
193 271.9 , Est Remaining: 215.6
194 273.3 , Est Remaining: 214.1
195 274.7 , Est Remaining: 212.7
196 276.1 , Est Remaining: 211.3
197 277.6 , Est Remaining: 209.9
198 279.0 , Est Remaining: 208.5
199 280.4 , Est Remaining: 207.2
200 281.9 , Est Remaining: 205.8
201 283.3 , Est Remaining: 204.4
202 284.7 , Est Remaining: 203.0
203 286.2 , Est Remaining: 201.6
204 287.7 , Est Remaining: 200.3
205 289.1 , Est Remaining: 198.9
206 290.6 , Est Remaining: 197.5
207 292.0 , Est Remaining: 196.1
208 293.4 , Est Remaining: 194.7
209 294.8 , Est Remaining: 193.3
210 296.3 , Est Remaining: 191.9
211 297.7 , Est Remaining: 190.5
212 299.1 , Est Remaining: 189.1
213 300.5 , Est Remaining: 187.7
214 302.0 , Est Remaining: 186.3
215 303.4 , Est Remaining: 184.9
216 304.8 , Est Remaining: 183.4
217 306.2 , Est Remaining: 182.0
218 307.6 , Est Remaining: 180.6
219 309.1 , Est Remaining: 179.2
220 310.4 , Est Remaining: 177.8
221 311.9 , Est Remaining: 176.4
222 313.3 , Est Remaining: 175.0
223 314.7 , Est Remaining: 173.6
224 316.1 , Est Remaining: 172.2
225 317.6 , Est Remaining: 170.8
226 319.0 , Est Remaining: 169.4
227 320.4 , Est Remaining: 168.0
228 321.8 , Est Remaining: 166.6
229 323.3 , Est Remaining: 165.2
230 324.7 , Est Remaining: 163.8
231 326.2 , Est Remaining: 162.4
232 327.6 , Est Remaining: 161.0
233 329.1 , Est Remaining: 159.6
234 330.5 , Est Remaining: 158.2
235 331.9 , Est Remaining: 156.8
236 333.4 , Est Remaining: 155.4
237 334.8 , Est Remaining: 154.0
238 336.2 , Est Remaining: 152.6
239 337.6 , Est Remaining: 151.2
240 339.1 , Est Remaining: 149.7
241 340.5 , Est Remaining: 148.3
242 341.9 , Est Remaining: 147.0
243 343.4 , Est Remaining: 145.6
EVENT FAILED
243 343.7 , Est Remaining: 145.7
244 345.1 , Est Remaining: 144.3
245 346.6 , Est Remaining: 142.9
246 348.0 , Est Remaining: 141.5
247 349.4 , Est Remaining: 140.1
248 350.9 , Est Remaining: 138.7
249 352.4 , Est Remaining: 137.3
250 353.8 , Est Remaining: 135.9
251 355.2 , Est Remaining: 134.5
252 356.7 , Est Remaining: 133.1
253 358.2 , Est Remaining: 131.7
254 359.6 , Est Remaining: 130.3
255 361.1 , Est Remaining: 128.8
256 362.5 , Est Remaining: 127.4
257 363.9 , Est Remaining: 126.0
258 365.4 , Est Remaining: 124.6
259 366.8 , Est Remaining: 123.2
260 368.2 , Est Remaining: 121.8
261 369.7 , Est Remaining: 120.4
262 371.1 , Est Remaining: 119.0
263 372.5 , Est Remaining: 117.6
264 373.9 , Est Remaining: 116.1
265 375.4 , Est Remaining: 114.7
266 376.8 , Est Remaining: 113.3
267 378.3 , Est Remaining: 111.9
268 379.7 , Est Remaining: 110.5
269 381.1 , Est Remaining: 109.1
270 382.6 , Est Remaining: 107.7
271 384.1 , Est Remaining: 106.3
272 385.5 , Est Remaining: 104.9
273 387.0 , Est Remaining: 103.5
274 388.4 , Est Remaining: 102.1
275 389.9 , Est Remaining: 100.7
276 391.3 , Est Remaining: 99.2
277 392.8 , Est Remaining: 97.8
278 394.2 , Est Remaining: 96.4
279 395.6 , Est Remaining: 95.0
280 397.1 , Est Remaining: 93.6
281 398.6 , Est Remaining: 92.2
282 400.0 , Est Remaining: 90.8
283 401.5 , Est Remaining: 89.4
284 402.9 , Est Remaining: 88.0
285 404.3 , Est Remaining: 86.5
286 405.8 , Est Remaining: 85.1
287 407.3 , Est Remaining: 83.7
288 408.7 , Est Remaining: 82.3
289 410.1 , Est Remaining: 80.9
290 411.6 , Est Remaining: 79.5
291 413.0 , Est Remaining: 78.1
292 414.4 , Est Remaining: 76.6
293 415.8 , Est Remaining: 75.2
294 417.3 , Est Remaining: 73.8
295 418.7 , Est Remaining: 72.4
296 420.2 , Est Remaining: 71.0
297 421.6 , Est Remaining: 69.6
298 423.0 , Est Remaining: 68.1
EVENT FAILED
298 423.3 , Est Remaining: 68.2
299 424.8 , Est Remaining: 66.8
300 426.2 , Est Remaining: 65.4
301 427.7 , Est Remaining: 63.9
302 429.2 , Est Remaining: 62.5
303 430.7 , Est Remaining: 61.1
304 432.1 , Est Remaining: 59.7
305 433.6 , Est Remaining: 58.3
306 435.0 , Est Remaining: 56.9
307 436.4 , Est Remaining: 55.4
308 437.8 , Est Remaining: 54.0
309 439.3 , Est Remaining: 52.6
310 440.7 , Est Remaining: 51.2
311 442.2 , Est Remaining: 49.8
312 443.6 , Est Remaining: 48.3
313 445.1 , Est Remaining: 46.9
314 446.5 , Est Remaining: 45.5
315 448.0 , Est Remaining: 44.1
316 449.4 , Est Remaining: 42.7
317 450.8 , Est Remaining: 41.2
318 452.2 , Est Remaining: 39.8
319 453.6 , Est Remaining: 38.4
320 455.0 , Est Remaining: 37.0
321 456.5 , Est Remaining: 35.6
322 457.9 , Est Remaining: 34.1
323 459.3 , Est Remaining: 32.7
324 460.7 , Est Remaining: 31.3
325 462.1 , Est Remaining: 29.9
326 463.5 , Est Remaining: 28.4
327 464.9 , Est Remaining: 27.0
328 466.3 , Est Remaining: 25.6
329 467.7 , Est Remaining: 24.2
330 469.2 , Est Remaining: 22.7
331 470.5 , Est Remaining: 21.3
332 471.9 , Est Remaining: 19.9
333 473.3 , Est Remaining: 18.5
334 474.7 , Est Remaining: 17.1
335 476.1 , Est Remaining: 15.6
336 477.5 , Est Remaining: 14.2
337 478.8 , Est Remaining: 12.8
338 480.2 , Est Remaining: 11.4
339 481.6 , Est Remaining: 9.9
340 483.0 , Est Remaining: 8.5
341 484.4 , Est Remaining: 7.1
