Note: NumExpr detected 32 cores but "NUMEXPR_MAX_THREADS" not set, so enforcing safe limit of 8.
Using selector: EpollSelector
/n/home02/jhaefner/miniconda/envs/IC-3.7-2020-06-16/lib/python3.7/site-packages/scipy/optimize/minpack.py:808: OptimizeWarning: Covariance of the parameters could not be estimated
  category=OptimizeWarning)
Total rwfs: 346
0 0.0 , Est Remaining: 999999.9
1 1.5 , Est Remaining: 517.3
2 3.0 , Est Remaining: 517.7
3 4.6 , Est Remaining: 523.0
EVENT FAILED
3 4.9 , Est Remaining: 561.0
4 6.4 , Est Remaining: 546.5
5 7.9 , Est Remaining: 537.8
6 9.4 , Est Remaining: 532.0
7 10.9 , Est Remaining: 526.0
8 12.3 , Est Remaining: 521.4
9 13.8 , Est Remaining: 517.3
10 15.3 , Est Remaining: 513.4
11 16.8 , Est Remaining: 510.3
12 18.3 , Est Remaining: 508.2
13 19.7 , Est Remaining: 505.4
14 21.2 , Est Remaining: 502.7
15 22.7 , Est Remaining: 500.1
16 24.1 , Est Remaining: 497.5
17 25.6 , Est Remaining: 495.3
18 27.1 , Est Remaining: 493.2
19 28.5 , Est Remaining: 491.0
20 30.0 , Est Remaining: 489.1
21 31.5 , Est Remaining: 486.9
22 32.9 , Est Remaining: 485.0
23 34.4 , Est Remaining: 483.2
24 35.9 , Est Remaining: 481.3
25 37.3 , Est Remaining: 479.4
26 38.8 , Est Remaining: 477.4
EVENT FAILED
26 39.1 , Est Remaining: 481.2
27 40.6 , Est Remaining: 479.4
28 42.1 , Est Remaining: 477.8
29 43.5 , Est Remaining: 475.9
30 45.0 , Est Remaining: 473.9
31 46.5 , Est Remaining: 472.1
32 47.9 , Est Remaining: 470.3
33 49.4 , Est Remaining: 468.6
EVENT FAILED
33 49.7 , Est Remaining: 471.5
34 51.2 , Est Remaining: 469.8
35 52.7 , Est Remaining: 468.1
EVENT FAILED
35 53.0 , Est Remaining: 470.8
36 54.4 , Est Remaining: 468.8
37 55.9 , Est Remaining: 466.8
38 57.3 , Est Remaining: 464.8
39 58.8 , Est Remaining: 463.1
40 60.3 , Est Remaining: 461.4
41 61.8 , Est Remaining: 459.7
42 63.3 , Est Remaining: 457.8
43 64.7 , Est Remaining: 455.9
EVENT FAILED
43 65.0 , Est Remaining: 458.1
EVENT FAILED
43 65.3 , Est Remaining: 460.3
EVENT FAILED
43 65.6 , Est Remaining: 462.5
44 67.1 , Est Remaining: 460.6
45 68.6 , Est Remaining: 458.7
46 70.0 , Est Remaining: 456.8
47 71.5 , Est Remaining: 455.0
48 73.0 , Est Remaining: 453.2
49 74.5 , Est Remaining: 451.4
50 75.9 , Est Remaining: 449.5
51 77.4 , Est Remaining: 447.8
52 78.9 , Est Remaining: 446.0
53 80.4 , Est Remaining: 444.3
54 81.8 , Est Remaining: 442.5
55 83.3 , Est Remaining: 440.7
56 84.8 , Est Remaining: 439.0
57 86.2 , Est Remaining: 437.2
58 87.7 , Est Remaining: 435.5
59 89.2 , Est Remaining: 433.8
60 90.6 , Est Remaining: 432.1
61 92.1 , Est Remaining: 430.4
62 93.6 , Est Remaining: 428.6
63 95.0 , Est Remaining: 426.9
64 96.5 , Est Remaining: 425.2
65 98.0 , Est Remaining: 423.6
66 99.5 , Est Remaining: 422.0
67 100.9 , Est Remaining: 420.3
68 102.4 , Est Remaining: 418.6
69 103.8 , Est Remaining: 416.8
70 105.3 , Est Remaining: 415.1
71 106.7 , Est Remaining: 413.4
72 108.2 , Est Remaining: 411.6
73 109.6 , Est Remaining: 409.9
74 111.0 , Est Remaining: 408.2
75 112.5 , Est Remaining: 406.5
76 114.0 , Est Remaining: 404.9
77 115.4 , Est Remaining: 403.2
78 116.9 , Est Remaining: 401.6
79 118.3 , Est Remaining: 399.9
80 119.8 , Est Remaining: 398.3
81 121.3 , Est Remaining: 396.7
82 122.7 , Est Remaining: 395.1
83 124.2 , Est Remaining: 393.6
84 125.7 , Est Remaining: 392.1
85 127.2 , Est Remaining: 390.5
86 128.6 , Est Remaining: 388.9
87 130.1 , Est Remaining: 387.3
88 131.6 , Est Remaining: 385.8
89 133.0 , Est Remaining: 384.1
90 134.5 , Est Remaining: 382.6
91 136.0 , Est Remaining: 381.0
92 137.5 , Est Remaining: 379.5
93 138.9 , Est Remaining: 378.0
94 140.4 , Est Remaining: 376.4
95 141.9 , Est Remaining: 374.8
96 143.3 , Est Remaining: 373.3
97 144.8 , Est Remaining: 371.8
98 146.3 , Est Remaining: 370.2
99 147.7 , Est Remaining: 368.6
100 149.2 , Est Remaining: 367.1
101 150.7 , Est Remaining: 365.5
102 152.1 , Est Remaining: 364.0
103 153.7 , Est Remaining: 362.6
104 155.2 , Est Remaining: 361.0
105 156.6 , Est Remaining: 359.4
EVENT FAILED
105 156.9 , Est Remaining: 360.2
106 158.4 , Est Remaining: 358.6
107 159.8 , Est Remaining: 357.0
108 161.3 , Est Remaining: 355.4
109 162.7 , Est Remaining: 353.7
110 164.1 , Est Remaining: 352.1
111 165.6 , Est Remaining: 350.5
112 167.0 , Est Remaining: 348.9
113 168.4 , Est Remaining: 347.2
114 169.8 , Est Remaining: 345.5
115 171.2 , Est Remaining: 343.9
116 172.6 , Est Remaining: 342.3
117 174.0 , Est Remaining: 340.6
118 175.4 , Est Remaining: 338.9
119 176.8 , Est Remaining: 337.3
120 178.2 , Est Remaining: 335.7
121 179.6 , Est Remaining: 334.0
122 181.0 , Est Remaining: 332.3
123 182.4 , Est Remaining: 330.7
124 183.8 , Est Remaining: 329.0
125 185.2 , Est Remaining: 327.4
126 186.5 , Est Remaining: 325.7
127 187.9 , Est Remaining: 324.1
128 189.3 , Est Remaining: 322.4
129 190.6 , Est Remaining: 320.7
130 192.0 , Est Remaining: 319.0
131 193.4 , Est Remaining: 317.3
132 194.7 , Est Remaining: 315.7
133 196.1 , Est Remaining: 314.0
134 197.4 , Est Remaining: 312.4
135 198.8 , Est Remaining: 310.7
136 200.2 , Est Remaining: 309.1
137 201.5 , Est Remaining: 307.4
138 202.9 , Est Remaining: 305.8
139 204.2 , Est Remaining: 304.1
140 205.6 , Est Remaining: 302.5
141 206.9 , Est Remaining: 300.9
142 208.3 , Est Remaining: 299.2
143 209.6 , Est Remaining: 297.6
144 211.0 , Est Remaining: 296.0
145 212.3 , Est Remaining: 294.3
146 213.7 , Est Remaining: 292.7
147 215.0 , Est Remaining: 291.1
148 216.4 , Est Remaining: 289.5
EVENT FAILED
148 216.7 , Est Remaining: 289.9
149 218.0 , Est Remaining: 288.3
150 219.4 , Est Remaining: 286.6
151 220.7 , Est Remaining: 285.0
152 222.0 , Est Remaining: 283.4
153 223.4 , Est Remaining: 281.8
154 224.7 , Est Remaining: 280.2
155 226.1 , Est Remaining: 278.6
156 227.4 , Est Remaining: 277.0
157 228.7 , Est Remaining: 275.4
158 230.1 , Est Remaining: 273.8
159 231.4 , Est Remaining: 272.2
160 232.8 , Est Remaining: 270.6
161 234.2 , Est Remaining: 269.1
162 235.5 , Est Remaining: 267.5
163 236.9 , Est Remaining: 266.0
164 238.3 , Est Remaining: 264.4
165 239.7 , Est Remaining: 262.9
166 241.1 , Est Remaining: 261.4
167 242.5 , Est Remaining: 259.9
168 243.9 , Est Remaining: 258.4
169 245.3 , Est Remaining: 257.0
170 246.7 , Est Remaining: 255.5
171 248.1 , Est Remaining: 254.0
172 249.6 , Est Remaining: 252.5
173 251.0 , Est Remaining: 251.0
174 252.4 , Est Remaining: 249.5
175 253.8 , Est Remaining: 248.0
176 255.2 , Est Remaining: 246.5
177 256.6 , Est Remaining: 245.0
178 258.0 , Est Remaining: 243.5
179 259.4 , Est Remaining: 242.0
180 260.8 , Est Remaining: 240.5
181 262.3 , Est Remaining: 239.1
182 263.7 , Est Remaining: 237.6
183 265.1 , Est Remaining: 236.2
184 266.6 , Est Remaining: 234.7
185 268.0 , Est Remaining: 233.3
186 269.5 , Est Remaining: 231.8
187 271.0 , Est Remaining: 230.4
188 272.4 , Est Remaining: 228.9
189 273.9 , Est Remaining: 227.5
190 275.4 , Est Remaining: 226.1
191 276.9 , Est Remaining: 224.7
192 278.3 , Est Remaining: 223.2
193 279.8 , Est Remaining: 221.8
194 281.3 , Est Remaining: 220.4
195 282.7 , Est Remaining: 218.9
EVENT FAILED
195 283.0 , Est Remaining: 219.2
196 284.5 , Est Remaining: 217.7
197 285.9 , Est Remaining: 216.2
198 287.4 , Est Remaining: 214.8
199 288.8 , Est Remaining: 213.3
200 290.2 , Est Remaining: 211.9
201 291.7 , Est Remaining: 210.4
202 293.1 , Est Remaining: 209.0
203 294.7 , Est Remaining: 207.6
204 296.2 , Est Remaining: 206.2
205 297.6 , Est Remaining: 204.7
206 299.1 , Est Remaining: 203.3
207 300.6 , Est Remaining: 201.8
208 302.0 , Est Remaining: 200.4
209 303.5 , Est Remaining: 198.9
210 304.9 , Est Remaining: 197.5
211 306.4 , Est Remaining: 196.0
212 307.9 , Est Remaining: 194.6
213 309.3 , Est Remaining: 193.1
214 310.8 , Est Remaining: 191.7
215 312.2 , Est Remaining: 190.2
216 313.7 , Est Remaining: 188.8
217 315.2 , Est Remaining: 187.4
218 316.6 , Est Remaining: 185.9
219 318.1 , Est Remaining: 184.5
220 319.6 , Est Remaining: 183.0
221 321.1 , Est Remaining: 181.6
222 322.5 , Est Remaining: 180.1
223 324.0 , Est Remaining: 178.7
224 325.4 , Est Remaining: 177.2
225 326.9 , Est Remaining: 175.8
226 328.4 , Est Remaining: 174.4
227 329.8 , Est Remaining: 172.9
228 331.3 , Est Remaining: 171.5
229 332.8 , Est Remaining: 170.0
230 334.3 , Est Remaining: 168.6
231 335.7 , Est Remaining: 167.1
232 337.2 , Est Remaining: 165.7
233 338.7 , Est Remaining: 164.3
234 340.2 , Est Remaining: 162.8
235 341.6 , Est Remaining: 161.4
236 343.1 , Est Remaining: 159.9
237 344.6 , Est Remaining: 158.5
238 346.1 , Est Remaining: 157.0
239 347.5 , Est Remaining: 155.6
240 349.0 , Est Remaining: 154.1
241 350.5 , Est Remaining: 152.7
242 352.0 , Est Remaining: 151.3
243 353.4 , Est Remaining: 149.8
244 354.9 , Est Remaining: 148.4
245 356.4 , Est Remaining: 146.9
246 357.9 , Est Remaining: 145.5
247 359.2 , Est Remaining: 144.0
248 360.7 , Est Remaining: 142.5
249 362.2 , Est Remaining: 141.1
250 363.7 , Est Remaining: 139.7
251 365.2 , Est Remaining: 138.2
252 366.7 , Est Remaining: 136.8
253 368.1 , Est Remaining: 135.3
254 369.6 , Est Remaining: 133.9
255 371.1 , Est Remaining: 132.4
256 372.6 , Est Remaining: 131.0
EVENT FAILED
256 372.9 , Est Remaining: 131.1
257 374.4 , Est Remaining: 129.6
258 375.8 , Est Remaining: 128.2
259 377.3 , Est Remaining: 126.8
260 378.8 , Est Remaining: 125.3
261 380.3 , Est Remaining: 123.9
262 381.8 , Est Remaining: 122.4
263 383.3 , Est Remaining: 121.0
264 384.8 , Est Remaining: 119.5
265 386.2 , Est Remaining: 118.1
266 387.7 , Est Remaining: 116.6
267 389.2 , Est Remaining: 115.1
268 390.7 , Est Remaining: 113.7
269 392.1 , Est Remaining: 112.2
270 393.6 , Est Remaining: 110.8
271 395.1 , Est Remaining: 109.3
272 396.5 , Est Remaining: 107.9
273 398.0 , Est Remaining: 106.4
274 399.6 , Est Remaining: 105.0
275 401.0 , Est Remaining: 103.5
276 402.5 , Est Remaining: 102.1
277 404.0 , Est Remaining: 100.6
278 405.5 , Est Remaining: 99.2
279 406.9 , Est Remaining: 97.7
280 408.4 , Est Remaining: 96.3
281 409.8 , Est Remaining: 94.8
282 411.3 , Est Remaining: 93.3
283 412.7 , Est Remaining: 91.9
284 414.2 , Est Remaining: 90.4
285 415.6 , Est Remaining: 89.0
286 417.1 , Est Remaining: 87.5
287 418.5 , Est Remaining: 86.0
288 420.0 , Est Remaining: 84.6
289 421.4 , Est Remaining: 83.1
290 422.9 , Est Remaining: 81.7
291 424.3 , Est Remaining: 80.2
292 425.7 , Est Remaining: 78.7
293 427.2 , Est Remaining: 77.3
294 428.6 , Est Remaining: 75.8
295 430.0 , Est Remaining: 74.3
296 431.5 , Est Remaining: 72.9
297 432.9 , Est Remaining: 71.4
298 434.3 , Est Remaining: 70.0
299 435.8 , Est Remaining: 68.5
300 437.2 , Est Remaining: 67.0
301 438.6 , Est Remaining: 65.6
302 440.2 , Est Remaining: 64.1
303 441.7 , Est Remaining: 62.7
304 443.1 , Est Remaining: 61.2
305 444.5 , Est Remaining: 59.8
306 446.0 , Est Remaining: 58.3
307 447.4 , Est Remaining: 56.8
308 448.9 , Est Remaining: 55.4
309 450.3 , Est Remaining: 53.9
310 451.7 , Est Remaining: 52.5
EVENT FAILED
310 452.0 , Est Remaining: 52.5
311 453.4 , Est Remaining: 51.0
312 454.9 , Est Remaining: 49.6
313 456.3 , Est Remaining: 48.1
314 457.7 , Est Remaining: 46.6
315 459.2 , Est Remaining: 45.2
316 460.6 , Est Remaining: 43.7
EVENT FAILED
316 460.9 , Est Remaining: 43.8
317 462.3 , Est Remaining: 42.3
318 463.7 , Est Remaining: 40.8
319 465.1 , Est Remaining: 39.4
320 466.5 , Est Remaining: 37.9
321 468.0 , Est Remaining: 36.4
322 469.4 , Est Remaining: 35.0
323 470.8 , Est Remaining: 33.5
324 472.2 , Est Remaining: 32.1
325 473.7 , Est Remaining: 30.6
326 475.1 , Est Remaining: 29.1
327 476.5 , Est Remaining: 27.7
EVENT FAILED
327 476.9 , Est Remaining: 27.7
328 478.3 , Est Remaining: 26.2
329 479.8 , Est Remaining: 24.8
330 481.3 , Est Remaining: 23.3
331 482.7 , Est Remaining: 21.9
