Note: NumExpr detected 32 cores but "NUMEXPR_MAX_THREADS" not set, so enforcing safe limit of 8.
Using selector: EpollSelector
/n/home02/jhaefner/miniconda/envs/IC-3.7-2020-06-16/lib/python3.7/site-packages/scipy/optimize/minpack.py:808: OptimizeWarning: Covariance of the parameters could not be estimated
  category=OptimizeWarning)
Total rwfs: 346
0 0.0 , Est Remaining: 999999.9
1 1.4 , Est Remaining: 465.8
2 2.7 , Est Remaining: 466.5
3 4.1 , Est Remaining: 469.8
4 5.5 , Est Remaining: 466.5
5 6.8 , Est Remaining: 463.8
6 8.2 , Est Remaining: 462.4
7 9.5 , Est Remaining: 459.9
8 10.8 , Est Remaining: 457.7
9 12.2 , Est Remaining: 455.1
10 13.5 , Est Remaining: 453.4
11 14.8 , Est Remaining: 451.4
12 16.2 , Est Remaining: 450.0
13 17.5 , Est Remaining: 448.2
14 18.8 , Est Remaining: 446.5
15 20.2 , Est Remaining: 444.8
16 21.5 , Est Remaining: 443.3
17 22.8 , Est Remaining: 441.5
18 24.1 , Est Remaining: 439.8
19 25.5 , Est Remaining: 438.1
20 26.8 , Est Remaining: 436.4
21 28.1 , Est Remaining: 435.1
22 29.4 , Est Remaining: 433.6
23 30.8 , Est Remaining: 432.0
24 32.1 , Est Remaining: 430.6
25 33.4 , Est Remaining: 429.2
26 34.8 , Est Remaining: 427.7
27 36.1 , Est Remaining: 426.3
28 37.4 , Est Remaining: 425.0
29 38.7 , Est Remaining: 423.5
30 40.1 , Est Remaining: 422.1
31 41.4 , Est Remaining: 420.6
32 42.7 , Est Remaining: 419.2
33 44.1 , Est Remaining: 417.8
34 45.4 , Est Remaining: 416.4
35 46.7 , Est Remaining: 415.0
36 48.0 , Est Remaining: 413.6
37 49.4 , Est Remaining: 412.3
38 50.7 , Est Remaining: 411.1
39 52.0 , Est Remaining: 409.7
40 53.4 , Est Remaining: 408.3
41 54.7 , Est Remaining: 407.0
42 56.0 , Est Remaining: 405.7
43 57.4 , Est Remaining: 404.4
44 58.7 , Est Remaining: 403.0
45 60.1 , Est Remaining: 401.7
46 61.4 , Est Remaining: 400.6
47 62.8 , Est Remaining: 399.6
EVENT FAILED
47 63.1 , Est Remaining: 401.6
48 64.5 , Est Remaining: 400.3
49 65.9 , Est Remaining: 399.2
50 67.2 , Est Remaining: 398.0
51 68.6 , Est Remaining: 396.9
EVENT FAILED
51 68.9 , Est Remaining: 398.7
52 70.3 , Est Remaining: 397.4
53 71.7 , Est Remaining: 396.3
54 73.1 , Est Remaining: 395.2
55 74.5 , Est Remaining: 394.1
56 75.9 , Est Remaining: 393.1
57 77.3 , Est Remaining: 392.1
58 78.8 , Est Remaining: 391.1
59 80.2 , Est Remaining: 390.1
60 81.6 , Est Remaining: 389.0
61 83.0 , Est Remaining: 388.0
62 84.5 , Est Remaining: 387.1
63 85.9 , Est Remaining: 386.0
64 87.4 , Est Remaining: 385.0
65 88.8 , Est Remaining: 383.9
66 90.2 , Est Remaining: 382.8
67 91.7 , Est Remaining: 381.6
68 93.1 , Est Remaining: 380.5
69 94.5 , Est Remaining: 379.4
70 95.9 , Est Remaining: 378.2
71 97.4 , Est Remaining: 377.1
72 98.8 , Est Remaining: 376.0
73 100.2 , Est Remaining: 374.8
74 101.7 , Est Remaining: 373.7
75 103.1 , Est Remaining: 372.5
76 104.5 , Est Remaining: 371.4
77 106.0 , Est Remaining: 370.3
78 107.4 , Est Remaining: 369.1
79 108.9 , Est Remaining: 368.0
80 110.3 , Est Remaining: 366.8
81 111.7 , Est Remaining: 365.5
82 113.2 , Est Remaining: 364.3
83 114.6 , Est Remaining: 363.1
84 116.0 , Est Remaining: 361.9
85 117.5 , Est Remaining: 360.7
86 119.1 , Est Remaining: 360.1
87 120.6 , Est Remaining: 358.9
88 122.0 , Est Remaining: 357.7
89 123.4 , Est Remaining: 356.4
90 124.9 , Est Remaining: 355.2
91 126.3 , Est Remaining: 353.9
92 127.7 , Est Remaining: 352.6
93 129.1 , Est Remaining: 351.3
94 130.6 , Est Remaining: 350.0
95 132.0 , Est Remaining: 348.7
96 133.4 , Est Remaining: 347.4
97 134.8 , Est Remaining: 346.1
98 136.3 , Est Remaining: 344.8
99 137.7 , Est Remaining: 343.6
100 139.2 , Est Remaining: 342.3
101 140.6 , Est Remaining: 341.1
102 142.1 , Est Remaining: 340.0
103 143.6 , Est Remaining: 338.7
104 145.0 , Est Remaining: 337.5
105 146.4 , Est Remaining: 336.1
106 147.9 , Est Remaining: 334.8
107 149.3 , Est Remaining: 333.5
108 150.7 , Est Remaining: 332.2
109 152.2 , Est Remaining: 330.9
110 153.6 , Est Remaining: 329.5
111 155.0 , Est Remaining: 328.2
112 156.5 , Est Remaining: 326.9
113 157.9 , Est Remaining: 325.5
114 159.3 , Est Remaining: 324.2
115 160.7 , Est Remaining: 322.9
116 162.1 , Est Remaining: 321.5
117 163.6 , Est Remaining: 320.2
118 165.0 , Est Remaining: 318.8
119 166.5 , Est Remaining: 317.5
120 167.9 , Est Remaining: 316.2
121 169.3 , Est Remaining: 314.9
122 170.8 , Est Remaining: 313.5
123 172.2 , Est Remaining: 312.2
124 173.6 , Est Remaining: 310.8
125 175.0 , Est Remaining: 309.4
126 176.5 , Est Remaining: 308.1
127 177.9 , Est Remaining: 306.8
128 179.3 , Est Remaining: 305.4
129 180.8 , Est Remaining: 304.1
130 182.2 , Est Remaining: 302.8
131 183.6 , Est Remaining: 301.4
132 185.1 , Est Remaining: 300.0
133 186.5 , Est Remaining: 298.7
134 187.9 , Est Remaining: 297.3
135 189.4 , Est Remaining: 296.0
136 190.8 , Est Remaining: 294.6
137 192.3 , Est Remaining: 293.3
138 193.7 , Est Remaining: 292.0
139 195.2 , Est Remaining: 290.6
140 196.6 , Est Remaining: 289.3
141 198.1 , Est Remaining: 288.0
142 199.5 , Est Remaining: 286.6
143 200.8 , Est Remaining: 285.0
144 202.2 , Est Remaining: 283.7
145 203.6 , Est Remaining: 282.3
146 205.1 , Est Remaining: 280.9
147 206.4 , Est Remaining: 279.5
148 207.9 , Est Remaining: 278.1
149 209.3 , Est Remaining: 276.7
150 210.7 , Est Remaining: 275.3
151 212.1 , Est Remaining: 273.9
152 213.5 , Est Remaining: 272.5
153 215.0 , Est Remaining: 271.2
154 216.4 , Est Remaining: 269.8
155 217.8 , Est Remaining: 268.4
156 219.3 , Est Remaining: 267.1
157 220.7 , Est Remaining: 265.7
158 222.1 , Est Remaining: 264.3
159 223.6 , Est Remaining: 262.9
160 225.0 , Est Remaining: 261.6
161 226.5 , Est Remaining: 260.2
162 227.9 , Est Remaining: 258.8
163 229.3 , Est Remaining: 257.5
164 230.8 , Est Remaining: 256.1
165 232.2 , Est Remaining: 254.7
166 233.7 , Est Remaining: 253.4
167 235.1 , Est Remaining: 252.0
168 236.5 , Est Remaining: 250.6
169 238.0 , Est Remaining: 249.3
170 239.4 , Est Remaining: 247.9
171 240.8 , Est Remaining: 246.5
EVENT FAILED
171 241.2 , Est Remaining: 246.8
172 242.6 , Est Remaining: 245.4
173 244.0 , Est Remaining: 244.0
174 245.5 , Est Remaining: 242.6
175 246.9 , Est Remaining: 241.2
176 248.3 , Est Remaining: 239.9
177 249.8 , Est Remaining: 238.5
178 251.2 , Est Remaining: 237.1
179 252.6 , Est Remaining: 235.7
180 254.0 , Est Remaining: 234.3
181 255.5 , Est Remaining: 232.9
182 256.9 , Est Remaining: 231.5
183 258.3 , Est Remaining: 230.1
184 259.7 , Est Remaining: 228.7
185 261.2 , Est Remaining: 227.3
186 262.6 , Est Remaining: 225.9
EVENT FAILED
186 262.9 , Est Remaining: 226.1
187 264.3 , Est Remaining: 224.7
188 265.7 , Est Remaining: 223.3
189 267.1 , Est Remaining: 221.9
190 268.5 , Est Remaining: 220.5
191 270.0 , Est Remaining: 219.1
192 271.4 , Est Remaining: 217.7
193 272.9 , Est Remaining: 216.3
194 274.3 , Est Remaining: 214.9
195 275.7 , Est Remaining: 213.5
196 277.2 , Est Remaining: 212.1
EVENT FAILED
196 277.5 , Est Remaining: 212.3
197 278.9 , Est Remaining: 210.9
198 280.3 , Est Remaining: 209.5
199 281.8 , Est Remaining: 208.1
200 283.2 , Est Remaining: 206.7
201 284.6 , Est Remaining: 205.3
202 286.2 , Est Remaining: 204.0
203 287.6 , Est Remaining: 202.6
204 289.1 , Est Remaining: 201.2
205 290.5 , Est Remaining: 199.8
206 291.9 , Est Remaining: 198.4
207 293.3 , Est Remaining: 197.0
208 294.8 , Est Remaining: 195.6
209 296.2 , Est Remaining: 194.2
210 297.6 , Est Remaining: 192.8
211 299.1 , Est Remaining: 191.3
212 300.5 , Est Remaining: 189.9
213 301.9 , Est Remaining: 188.5
214 303.4 , Est Remaining: 187.1
215 304.8 , Est Remaining: 185.7
216 306.2 , Est Remaining: 184.3
217 307.6 , Est Remaining: 182.9
218 309.1 , Est Remaining: 181.5
219 310.5 , Est Remaining: 180.1
220 311.9 , Est Remaining: 178.7
221 313.3 , Est Remaining: 177.2
222 314.8 , Est Remaining: 175.8
223 316.2 , Est Remaining: 174.4
224 317.6 , Est Remaining: 173.0
225 319.1 , Est Remaining: 171.6
226 320.5 , Est Remaining: 170.2
227 321.9 , Est Remaining: 168.8
228 323.4 , Est Remaining: 167.3
229 324.8 , Est Remaining: 165.9
230 326.2 , Est Remaining: 164.5
231 327.6 , Est Remaining: 163.1
232 329.1 , Est Remaining: 161.7
233 330.5 , Est Remaining: 160.3
234 332.0 , Est Remaining: 158.9
235 333.4 , Est Remaining: 157.5
236 334.8 , Est Remaining: 156.1
237 336.3 , Est Remaining: 154.6
238 337.7 , Est Remaining: 153.2
239 339.1 , Est Remaining: 151.8
240 340.6 , Est Remaining: 150.4
241 342.0 , Est Remaining: 149.0
242 343.4 , Est Remaining: 147.6
243 344.8 , Est Remaining: 146.2
244 346.3 , Est Remaining: 144.8
245 347.7 , Est Remaining: 143.3
246 349.1 , Est Remaining: 141.9
247 350.4 , Est Remaining: 140.5
248 351.8 , Est Remaining: 139.0
249 353.2 , Est Remaining: 137.6
250 354.7 , Est Remaining: 136.2
251 356.1 , Est Remaining: 134.8
252 357.5 , Est Remaining: 133.4
253 358.9 , Est Remaining: 131.9
254 360.3 , Est Remaining: 130.5
255 361.8 , Est Remaining: 129.1
256 363.2 , Est Remaining: 127.7
257 364.6 , Est Remaining: 126.3
258 366.1 , Est Remaining: 124.9
259 367.5 , Est Remaining: 123.5
260 369.0 , Est Remaining: 122.0
261 370.4 , Est Remaining: 120.6
262 371.8 , Est Remaining: 119.2
263 373.3 , Est Remaining: 117.8
264 374.7 , Est Remaining: 116.4
265 376.2 , Est Remaining: 115.0
266 377.6 , Est Remaining: 113.6
267 379.1 , Est Remaining: 112.2
268 380.5 , Est Remaining: 110.7
269 381.9 , Est Remaining: 109.3
270 383.4 , Est Remaining: 107.9
271 384.8 , Est Remaining: 106.5
272 386.2 , Est Remaining: 105.1
273 387.7 , Est Remaining: 103.7
274 389.1 , Est Remaining: 102.2
275 390.5 , Est Remaining: 100.8
276 392.0 , Est Remaining: 99.4
277 393.4 , Est Remaining: 98.0
278 394.9 , Est Remaining: 96.6
279 396.3 , Est Remaining: 95.2
280 397.8 , Est Remaining: 93.8
281 399.2 , Est Remaining: 92.3
282 400.6 , Est Remaining: 90.9
283 402.0 , Est Remaining: 89.5
284 403.4 , Est Remaining: 88.1
285 404.9 , Est Remaining: 86.7
286 406.3 , Est Remaining: 85.2
287 407.7 , Est Remaining: 83.8
288 409.1 , Est Remaining: 82.4
289 410.5 , Est Remaining: 81.0
290 411.9 , Est Remaining: 79.5
291 413.3 , Est Remaining: 78.1
292 414.8 , Est Remaining: 76.7
293 416.2 , Est Remaining: 75.3
294 417.6 , Est Remaining: 73.9
295 419.0 , Est Remaining: 72.4
296 420.4 , Est Remaining: 71.0
EVENT FAILED
296 420.7 , Est Remaining: 71.1
297 422.1 , Est Remaining: 69.6
298 423.6 , Est Remaining: 68.2
299 425.0 , Est Remaining: 66.8
300 426.4 , Est Remaining: 65.4
301 427.8 , Est Remaining: 64.0
302 429.4 , Est Remaining: 62.6
303 430.8 , Est Remaining: 61.1
304 432.3 , Est Remaining: 59.7
305 433.7 , Est Remaining: 58.3
306 435.1 , Est Remaining: 56.9
EVENT FAILED
306 435.4 , Est Remaining: 56.9
307 436.8 , Est Remaining: 55.5
EVENT FAILED
307 437.1 , Est Remaining: 55.5
308 438.6 , Est Remaining: 54.1
309 440.0 , Est Remaining: 52.7
EVENT FAILED
309 440.3 , Est Remaining: 52.7
EVENT FAILED
309 440.6 , Est Remaining: 52.8
310 442.1 , Est Remaining: 51.3
311 443.5 , Est Remaining: 49.9
312 444.9 , Est Remaining: 48.5
313 446.4 , Est Remaining: 47.1
314 447.8 , Est Remaining: 45.6
315 449.2 , Est Remaining: 44.2
316 450.6 , Est Remaining: 42.8
317 452.1 , Est Remaining: 41.4
318 453.5 , Est Remaining: 39.9
319 454.9 , Est Remaining: 38.5
320 456.3 , Est Remaining: 37.1
321 457.7 , Est Remaining: 35.6
322 459.1 , Est Remaining: 34.2
323 460.5 , Est Remaining: 32.8
324 461.9 , Est Remaining: 31.4
325 463.2 , Est Remaining: 29.9
326 464.6 , Est Remaining: 28.5
327 466.0 , Est Remaining: 27.1
328 467.4 , Est Remaining: 25.6
329 468.7 , Est Remaining: 24.2
330 470.1 , Est Remaining: 22.8
331 471.5 , Est Remaining: 21.4
332 472.9 , Est Remaining: 19.9
333 474.3 , Est Remaining: 18.5
334 475.7 , Est Remaining: 17.1
335 477.0 , Est Remaining: 15.7
