Note: NumExpr detected 32 cores but "NUMEXPR_MAX_THREADS" not set, so enforcing safe limit of 8.
Using selector: EpollSelector
/n/home02/jhaefner/miniconda/envs/IC-3.7-2020-06-16/lib/python3.7/site-packages/scipy/optimize/minpack.py:808: OptimizeWarning: Covariance of the parameters could not be estimated
  category=OptimizeWarning)
Total rwfs: 346
0 0.0 , Est Remaining: 999999.9
1 1.4 , Est Remaining: 471.2
2 2.7 , Est Remaining: 464.5
3 4.0 , Est Remaining: 462.8
4 5.4 , Est Remaining: 458.4
5 6.7 , Est Remaining: 455.9
6 8.0 , Est Remaining: 453.4
7 9.3 , Est Remaining: 450.9
8 10.6 , Est Remaining: 448.5
9 11.9 , Est Remaining: 446.8
10 13.3 , Est Remaining: 445.2
11 14.6 , Est Remaining: 443.8
12 15.9 , Est Remaining: 442.2
13 17.2 , Est Remaining: 440.8
14 18.5 , Est Remaining: 439.2
15 19.8 , Est Remaining: 437.6
16 21.1 , Est Remaining: 435.8
17 22.5 , Est Remaining: 434.6
18 23.8 , Est Remaining: 433.4
19 25.1 , Est Remaining: 432.0
20 26.4 , Est Remaining: 430.6
21 27.7 , Est Remaining: 429.1
22 29.0 , Est Remaining: 427.6
23 30.3 , Est Remaining: 426.0
24 31.6 , Est Remaining: 424.6
25 33.0 , Est Remaining: 423.4
26 34.3 , Est Remaining: 421.9
27 35.6 , Est Remaining: 420.6
28 36.9 , Est Remaining: 419.3
29 38.2 , Est Remaining: 418.0
30 39.6 , Est Remaining: 416.6
31 40.9 , Est Remaining: 415.3
32 42.2 , Est Remaining: 414.0
33 43.5 , Est Remaining: 412.9
34 44.8 , Est Remaining: 411.6
35 46.2 , Est Remaining: 410.2
36 47.5 , Est Remaining: 409.0
37 48.8 , Est Remaining: 407.8
38 50.1 , Est Remaining: 406.4
39 51.5 , Est Remaining: 405.0
40 52.8 , Est Remaining: 403.8
EVENT FAILED
40 53.1 , Est Remaining: 406.0
41 54.4 , Est Remaining: 404.8
42 55.8 , Est Remaining: 403.6
43 57.1 , Est Remaining: 402.3
44 58.5 , Est Remaining: 401.2
45 59.8 , Est Remaining: 400.1
46 61.2 , Est Remaining: 399.0
47 62.6 , Est Remaining: 398.1
48 64.0 , Est Remaining: 397.0
49 65.3 , Est Remaining: 396.0
50 66.7 , Est Remaining: 394.9
51 68.1 , Est Remaining: 393.9
52 69.5 , Est Remaining: 392.8
53 70.9 , Est Remaining: 391.8
EVENT FAILED
53 71.2 , Est Remaining: 393.5
54 72.6 , Est Remaining: 392.4
55 74.0 , Est Remaining: 391.3
56 75.4 , Est Remaining: 390.2
57 76.8 , Est Remaining: 389.3
58 78.2 , Est Remaining: 388.3
59 79.6 , Est Remaining: 387.2
60 81.0 , Est Remaining: 386.2
61 82.4 , Est Remaining: 385.0
62 83.8 , Est Remaining: 383.9
63 85.2 , Est Remaining: 382.8
64 86.7 , Est Remaining: 381.8
65 88.1 , Est Remaining: 380.7
66 89.5 , Est Remaining: 379.6
67 90.9 , Est Remaining: 378.6
68 92.3 , Est Remaining: 377.4
69 93.7 , Est Remaining: 376.2
70 95.1 , Est Remaining: 375.0
71 96.5 , Est Remaining: 373.9
72 98.0 , Est Remaining: 372.8
73 99.4 , Est Remaining: 371.6
74 100.8 , Est Remaining: 370.4
75 102.2 , Est Remaining: 369.2
76 103.6 , Est Remaining: 368.0
77 105.0 , Est Remaining: 366.8
78 106.5 , Est Remaining: 365.9
79 107.9 , Est Remaining: 364.7
80 109.3 , Est Remaining: 363.4
81 110.7 , Est Remaining: 362.2
82 112.1 , Est Remaining: 361.0
83 113.5 , Est Remaining: 359.8
84 115.0 , Est Remaining: 358.6
85 116.4 , Est Remaining: 357.3
86 117.8 , Est Remaining: 356.1
87 119.2 , Est Remaining: 354.9
88 120.6 , Est Remaining: 353.6
89 122.0 , Est Remaining: 352.4
90 123.5 , Est Remaining: 351.2
91 124.9 , Est Remaining: 350.0
92 126.3 , Est Remaining: 348.8
93 127.8 , Est Remaining: 347.6
94 129.2 , Est Remaining: 346.4
95 130.7 , Est Remaining: 345.2
96 132.1 , Est Remaining: 344.0
97 133.5 , Est Remaining: 342.8
98 134.9 , Est Remaining: 341.5
99 136.4 , Est Remaining: 340.2
100 137.8 , Est Remaining: 338.9
101 139.2 , Est Remaining: 337.7
102 140.7 , Est Remaining: 336.6
103 142.1 , Est Remaining: 335.3
104 143.5 , Est Remaining: 333.9
EVENT FAILED
104 144.5 , Est Remaining: 336.3
105 145.9 , Est Remaining: 335.0
106 147.3 , Est Remaining: 333.6
107 148.8 , Est Remaining: 332.3
108 150.2 , Est Remaining: 331.0
109 151.6 , Est Remaining: 329.6
110 153.0 , Est Remaining: 328.3
111 154.5 , Est Remaining: 327.0
112 155.9 , Est Remaining: 325.7
113 157.3 , Est Remaining: 324.3
114 158.7 , Est Remaining: 323.0
115 160.1 , Est Remaining: 321.6
116 161.5 , Est Remaining: 320.3
EVENT FAILED
116 161.8 , Est Remaining: 320.9
117 163.3 , Est Remaining: 319.5
118 164.7 , Est Remaining: 318.2
119 166.1 , Est Remaining: 316.8
120 167.5 , Est Remaining: 315.5
121 168.9 , Est Remaining: 314.1
122 170.3 , Est Remaining: 312.7
123 171.7 , Est Remaining: 311.3
124 173.1 , Est Remaining: 309.9
125 174.5 , Est Remaining: 308.6
126 175.9 , Est Remaining: 307.2
127 177.3 , Est Remaining: 305.8
128 178.7 , Est Remaining: 304.4
129 180.1 , Est Remaining: 303.0
130 181.5 , Est Remaining: 301.6
131 182.9 , Est Remaining: 300.2
132 184.3 , Est Remaining: 298.8
133 185.7 , Est Remaining: 297.5
134 187.1 , Est Remaining: 296.1
135 188.5 , Est Remaining: 294.7
136 190.0 , Est Remaining: 293.3
137 191.4 , Est Remaining: 292.0
138 192.8 , Est Remaining: 290.6
139 194.2 , Est Remaining: 289.2
140 195.6 , Est Remaining: 287.8
141 197.0 , Est Remaining: 286.5
142 198.4 , Est Remaining: 285.1
143 199.9 , Est Remaining: 283.7
144 201.3 , Est Remaining: 282.4
EVENT FAILED
144 201.6 , Est Remaining: 282.8
EVENT FAILED
144 201.9 , Est Remaining: 283.2
145 203.3 , Est Remaining: 281.9
146 204.7 , Est Remaining: 280.4
147 206.1 , Est Remaining: 279.0
148 207.5 , Est Remaining: 277.6
149 208.9 , Est Remaining: 276.2
150 210.3 , Est Remaining: 274.8
151 211.7 , Est Remaining: 273.4
152 213.1 , Est Remaining: 272.0
153 214.5 , Est Remaining: 270.6
154 216.0 , Est Remaining: 269.2
155 217.4 , Est Remaining: 267.9
156 218.8 , Est Remaining: 266.5
157 220.2 , Est Remaining: 265.1
158 221.6 , Est Remaining: 263.7
159 223.0 , Est Remaining: 262.3
160 224.5 , Est Remaining: 260.9
161 225.9 , Est Remaining: 259.5
162 227.3 , Est Remaining: 258.2
163 228.7 , Est Remaining: 256.8
164 230.1 , Est Remaining: 255.4
165 231.5 , Est Remaining: 254.0
166 232.9 , Est Remaining: 252.6
167 234.3 , Est Remaining: 251.2
168 235.7 , Est Remaining: 249.8
169 237.1 , Est Remaining: 248.4
170 238.6 , Est Remaining: 247.0
171 240.0 , Est Remaining: 245.6
172 241.4 , Est Remaining: 244.2
173 242.8 , Est Remaining: 242.8
174 244.2 , Est Remaining: 241.4
175 245.6 , Est Remaining: 240.0
176 247.0 , Est Remaining: 238.6
177 248.4 , Est Remaining: 237.2
178 249.8 , Est Remaining: 235.8
179 251.2 , Est Remaining: 234.4
180 252.6 , Est Remaining: 233.0
181 254.1 , Est Remaining: 231.6
182 255.4 , Est Remaining: 230.2
183 256.9 , Est Remaining: 228.8
184 258.3 , Est Remaining: 227.4
185 259.7 , Est Remaining: 226.0
186 261.1 , Est Remaining: 224.6
187 262.5 , Est Remaining: 223.2
188 263.9 , Est Remaining: 221.8
189 265.3 , Est Remaining: 220.4
190 266.7 , Est Remaining: 219.0
191 268.2 , Est Remaining: 217.6
192 269.6 , Est Remaining: 216.2
193 271.0 , Est Remaining: 214.8
194 272.4 , Est Remaining: 213.4
195 273.8 , Est Remaining: 212.0
196 275.2 , Est Remaining: 210.6
197 276.6 , Est Remaining: 209.2
198 278.1 , Est Remaining: 207.8
199 279.5 , Est Remaining: 206.4
200 280.9 , Est Remaining: 205.1
201 282.3 , Est Remaining: 203.6
202 283.9 , Est Remaining: 202.4
203 285.3 , Est Remaining: 200.9
204 286.7 , Est Remaining: 199.6
205 288.1 , Est Remaining: 198.2
206 289.5 , Est Remaining: 196.8
207 290.9 , Est Remaining: 195.4
208 292.3 , Est Remaining: 194.0
209 293.8 , Est Remaining: 192.6
210 295.2 , Est Remaining: 191.2
211 296.6 , Est Remaining: 189.8
212 298.1 , Est Remaining: 188.4
213 299.5 , Est Remaining: 187.0
214 300.9 , Est Remaining: 185.6
215 302.3 , Est Remaining: 184.2
216 303.7 , Est Remaining: 182.8
217 305.2 , Est Remaining: 181.4
218 306.6 , Est Remaining: 180.0
219 308.0 , Est Remaining: 178.6
220 309.4 , Est Remaining: 177.2
221 310.9 , Est Remaining: 175.8
222 312.3 , Est Remaining: 174.4
223 313.7 , Est Remaining: 173.0
224 315.1 , Est Remaining: 171.6
225 316.5 , Est Remaining: 170.2
226 317.9 , Est Remaining: 168.8
227 319.3 , Est Remaining: 167.4
228 320.6 , Est Remaining: 165.9
229 322.0 , Est Remaining: 164.5
230 323.4 , Est Remaining: 163.1
231 324.8 , Est Remaining: 161.7
232 326.2 , Est Remaining: 160.3
233 327.6 , Est Remaining: 158.9
EVENT FAILED
233 327.9 , Est Remaining: 159.0
EVENT FAILED
233 328.2 , Est Remaining: 159.2
234 329.6 , Est Remaining: 157.8
235 331.0 , Est Remaining: 156.4
236 332.4 , Est Remaining: 154.9
237 333.9 , Est Remaining: 153.5
238 335.3 , Est Remaining: 152.1
239 336.7 , Est Remaining: 150.7
240 338.1 , Est Remaining: 149.3
241 339.5 , Est Remaining: 147.9
242 340.9 , Est Remaining: 146.5
243 342.3 , Est Remaining: 145.1
244 343.7 , Est Remaining: 143.7
245 345.2 , Est Remaining: 142.3
246 346.6 , Est Remaining: 140.9
247 348.0 , Est Remaining: 139.5
248 349.4 , Est Remaining: 138.1
249 350.8 , Est Remaining: 136.7
250 352.2 , Est Remaining: 135.3
251 353.6 , Est Remaining: 133.8
252 355.0 , Est Remaining: 132.4
EVENT FAILED
252 355.3 , Est Remaining: 132.5
253 356.7 , Est Remaining: 131.1
254 358.1 , Est Remaining: 129.7
255 359.5 , Est Remaining: 128.3
256 360.9 , Est Remaining: 126.9
257 362.4 , Est Remaining: 125.5
258 363.8 , Est Remaining: 124.1
259 365.2 , Est Remaining: 122.7
260 366.5 , Est Remaining: 121.2
261 367.9 , Est Remaining: 119.8
262 369.3 , Est Remaining: 118.4
263 370.7 , Est Remaining: 117.0
264 372.2 , Est Remaining: 115.6
265 373.6 , Est Remaining: 114.2
266 375.0 , Est Remaining: 112.8
267 376.4 , Est Remaining: 111.4
268 377.9 , Est Remaining: 110.0
269 379.3 , Est Remaining: 108.6
270 380.7 , Est Remaining: 107.2
271 382.1 , Est Remaining: 105.7
272 383.5 , Est Remaining: 104.3
273 384.9 , Est Remaining: 102.9
274 386.3 , Est Remaining: 101.5
275 387.7 , Est Remaining: 100.1
276 389.1 , Est Remaining: 98.7
277 390.5 , Est Remaining: 97.3
278 391.9 , Est Remaining: 95.9
279 393.3 , Est Remaining: 94.5
280 394.7 , Est Remaining: 93.0
281 396.1 , Est Remaining: 91.6
282 397.5 , Est Remaining: 90.2
283 398.9 , Est Remaining: 88.8
284 400.3 , Est Remaining: 87.4
285 401.8 , Est Remaining: 86.0
286 403.2 , Est Remaining: 84.6
287 404.6 , Est Remaining: 83.2
288 406.0 , Est Remaining: 81.8
289 407.4 , Est Remaining: 80.4
290 408.8 , Est Remaining: 78.9
291 410.2 , Est Remaining: 77.5
292 411.6 , Est Remaining: 76.1
293 413.0 , Est Remaining: 74.7
294 414.5 , Est Remaining: 73.3
295 415.9 , Est Remaining: 71.9
296 417.3 , Est Remaining: 70.5
297 418.7 , Est Remaining: 69.1
298 420.1 , Est Remaining: 67.7
299 421.5 , Est Remaining: 66.3
300 422.9 , Est Remaining: 64.8
301 424.5 , Est Remaining: 63.5
302 425.9 , Est Remaining: 62.0
303 427.3 , Est Remaining: 60.6
304 428.7 , Est Remaining: 59.2
305 430.1 , Est Remaining: 57.8
306 431.5 , Est Remaining: 56.4
307 432.9 , Est Remaining: 55.0
EVENT FAILED
307 433.2 , Est Remaining: 55.0
308 434.6 , Est Remaining: 53.6
309 436.0 , Est Remaining: 52.2
310 437.4 , Est Remaining: 50.8
311 438.7 , Est Remaining: 49.4
312 440.1 , Est Remaining: 48.0
313 441.5 , Est Remaining: 46.6
314 442.9 , Est Remaining: 45.1
315 444.3 , Est Remaining: 43.7
316 445.7 , Est Remaining: 42.3
317 447.2 , Est Remaining: 40.9
318 448.6 , Est Remaining: 39.5
319 450.0 , Est Remaining: 38.1
320 451.4 , Est Remaining: 36.7
321 452.9 , Est Remaining: 35.3
322 454.3 , Est Remaining: 33.9
323 455.7 , Est Remaining: 32.4
324 457.1 , Est Remaining: 31.0
325 458.5 , Est Remaining: 29.6
326 460.0 , Est Remaining: 28.2
327 461.4 , Est Remaining: 26.8
328 462.9 , Est Remaining: 25.4
329 464.3 , Est Remaining: 24.0
330 465.7 , Est Remaining: 22.6
331 467.1 , Est Remaining: 21.2
332 468.5 , Est Remaining: 19.8
333 469.9 , Est Remaining: 18.3
334 471.3 , Est Remaining: 16.9
335 472.7 , Est Remaining: 15.5
EVENT FAILED
