Note: NumExpr detected 32 cores but "NUMEXPR_MAX_THREADS" not set, so enforcing safe limit of 8.
Using selector: EpollSelector
/n/home02/jhaefner/miniconda/envs/IC-3.7-2020-06-16/lib/python3.7/site-packages/scipy/optimize/minpack.py:808: OptimizeWarning: Covariance of the parameters could not be estimated
  category=OptimizeWarning)
Total rwfs: 346
0 0.0 , Est Remaining: 999999.9
1 1.3 , Est Remaining: 454.4
2 2.6 , Est Remaining: 450.1
3 3.9 , Est Remaining: 448.8
4 5.2 , Est Remaining: 446.7
5 6.5 , Est Remaining: 443.7
6 7.8 , Est Remaining: 442.3
7 9.1 , Est Remaining: 440.5
8 10.4 , Est Remaining: 438.0
9 11.6 , Est Remaining: 435.9
10 12.9 , Est Remaining: 433.8
11 14.2 , Est Remaining: 431.9
12 15.4 , Est Remaining: 430.0
13 16.8 , Est Remaining: 429.1
14 18.0 , Est Remaining: 427.8
15 19.3 , Est Remaining: 425.9
EVENT FAILED
15 19.6 , Est Remaining: 432.3
16 20.9 , Est Remaining: 430.3
17 22.1 , Est Remaining: 428.1
18 23.4 , Est Remaining: 426.3
19 24.7 , Est Remaining: 424.6
20 25.9 , Est Remaining: 422.9
21 27.2 , Est Remaining: 421.2
22 28.5 , Est Remaining: 419.6
23 29.8 , Est Remaining: 418.0
24 31.0 , Est Remaining: 416.4
25 32.3 , Est Remaining: 415.2
26 33.6 , Est Remaining: 414.0
27 34.9 , Est Remaining: 412.7
28 36.2 , Est Remaining: 411.4
29 37.5 , Est Remaining: 410.0
30 38.8 , Est Remaining: 408.6
31 40.1 , Est Remaining: 407.3
32 41.4 , Est Remaining: 406.0
33 42.7 , Est Remaining: 404.7
34 44.0 , Est Remaining: 403.3
35 45.2 , Est Remaining: 402.0
36 46.5 , Est Remaining: 400.8
37 47.8 , Est Remaining: 399.5
38 49.1 , Est Remaining: 398.2
39 50.4 , Est Remaining: 397.1
40 51.8 , Est Remaining: 396.0
41 53.1 , Est Remaining: 394.8
42 54.4 , Est Remaining: 393.5
43 55.7 , Est Remaining: 392.4
44 57.0 , Est Remaining: 391.1
45 58.3 , Est Remaining: 390.0
46 59.6 , Est Remaining: 388.8
47 60.9 , Est Remaining: 387.6
48 62.3 , Est Remaining: 386.6
49 63.6 , Est Remaining: 385.5
50 64.9 , Est Remaining: 384.3
51 66.3 , Est Remaining: 383.3
52 67.6 , Est Remaining: 382.1
53 68.9 , Est Remaining: 381.0
54 70.3 , Est Remaining: 379.9
55 71.6 , Est Remaining: 378.8
56 72.9 , Est Remaining: 377.7
57 74.3 , Est Remaining: 376.6
58 75.6 , Est Remaining: 375.5
59 76.9 , Est Remaining: 374.3
60 78.3 , Est Remaining: 373.2
61 79.6 , Est Remaining: 372.0
62 81.0 , Est Remaining: 370.9
63 82.3 , Est Remaining: 369.7
EVENT FAILED
63 82.6 , Est Remaining: 371.1
64 83.9 , Est Remaining: 369.9
65 85.3 , Est Remaining: 368.7
66 86.6 , Est Remaining: 367.5
67 88.0 , Est Remaining: 366.3
68 89.3 , Est Remaining: 365.2
69 90.7 , Est Remaining: 364.0
70 92.0 , Est Remaining: 362.8
71 93.4 , Est Remaining: 361.6
72 94.7 , Est Remaining: 360.4
73 96.1 , Est Remaining: 359.3
74 97.4 , Est Remaining: 358.1
75 98.8 , Est Remaining: 356.9
EVENT FAILED
75 99.1 , Est Remaining: 357.9
76 100.4 , Est Remaining: 356.7
77 101.8 , Est Remaining: 355.5
78 103.1 , Est Remaining: 354.3
79 104.5 , Est Remaining: 353.1
80 105.8 , Est Remaining: 351.9
81 107.2 , Est Remaining: 350.6
82 108.5 , Est Remaining: 349.3
83 109.9 , Est Remaining: 348.1
84 111.2 , Est Remaining: 346.9
85 112.6 , Est Remaining: 345.7
86 113.9 , Est Remaining: 344.5
87 115.3 , Est Remaining: 343.3
88 116.7 , Est Remaining: 342.0
89 118.0 , Est Remaining: 340.8
90 119.4 , Est Remaining: 339.5
91 120.7 , Est Remaining: 338.2
92 122.1 , Est Remaining: 337.0
93 123.4 , Est Remaining: 335.7
94 124.7 , Est Remaining: 334.4
95 126.1 , Est Remaining: 333.1
96 127.4 , Est Remaining: 331.8
97 128.8 , Est Remaining: 330.5
98 130.1 , Est Remaining: 329.2
99 131.4 , Est Remaining: 327.9
100 132.8 , Est Remaining: 326.6
101 134.1 , Est Remaining: 325.3
102 135.5 , Est Remaining: 324.0
103 136.9 , Est Remaining: 322.9
104 138.2 , Est Remaining: 321.6
105 139.6 , Est Remaining: 320.3
106 140.9 , Est Remaining: 319.0
107 142.2 , Est Remaining: 317.7
108 143.6 , Est Remaining: 316.4
109 144.9 , Est Remaining: 315.1
110 146.3 , Est Remaining: 313.8
111 147.6 , Est Remaining: 312.5
112 149.0 , Est Remaining: 311.2
113 150.3 , Est Remaining: 309.9
114 151.6 , Est Remaining: 308.6
115 153.0 , Est Remaining: 307.3
116 154.3 , Est Remaining: 306.0
117 155.7 , Est Remaining: 304.7
118 157.0 , Est Remaining: 303.3
119 158.3 , Est Remaining: 302.0
120 159.7 , Est Remaining: 300.7
121 161.0 , Est Remaining: 299.4
122 162.4 , Est Remaining: 298.1
123 163.7 , Est Remaining: 296.8
124 165.0 , Est Remaining: 295.5
125 166.4 , Est Remaining: 294.2
126 167.7 , Est Remaining: 292.8
127 169.1 , Est Remaining: 291.5
128 170.4 , Est Remaining: 290.2
129 171.8 , Est Remaining: 288.9
EVENT FAILED
129 172.1 , Est Remaining: 289.4
130 173.4 , Est Remaining: 288.1
131 174.8 , Est Remaining: 286.8
132 176.1 , Est Remaining: 285.5
133 177.5 , Est Remaining: 284.2
134 178.8 , Est Remaining: 282.9
EVENT FAILED
134 179.1 , Est Remaining: 283.4
135 180.4 , Est Remaining: 282.0
136 181.8 , Est Remaining: 280.7
137 183.1 , Est Remaining: 279.4
138 184.5 , Est Remaining: 278.0
139 185.8 , Est Remaining: 276.7
140 187.1 , Est Remaining: 275.4
141 188.5 , Est Remaining: 274.0
142 189.8 , Est Remaining: 272.7
143 191.2 , Est Remaining: 271.4
144 192.5 , Est Remaining: 270.1
145 193.9 , Est Remaining: 268.7
146 195.2 , Est Remaining: 267.4
147 196.6 , Est Remaining: 266.1
148 197.9 , Est Remaining: 264.8
149 199.3 , Est Remaining: 263.5
EVENT FAILED
149 199.6 , Est Remaining: 263.9
150 200.9 , Est Remaining: 262.5
151 202.2 , Est Remaining: 261.2
152 203.6 , Est Remaining: 259.8
153 204.9 , Est Remaining: 258.5
154 206.3 , Est Remaining: 257.1
155 207.6 , Est Remaining: 255.8
156 208.9 , Est Remaining: 254.5
157 210.3 , Est Remaining: 253.2
158 211.7 , Est Remaining: 251.8
159 213.0 , Est Remaining: 250.5
160 214.4 , Est Remaining: 249.2
161 215.7 , Est Remaining: 247.9
162 217.0 , Est Remaining: 246.4
163 218.3 , Est Remaining: 245.1
164 219.7 , Est Remaining: 243.8
165 221.0 , Est Remaining: 242.5
166 222.4 , Est Remaining: 241.1
167 223.7 , Est Remaining: 239.8
168 225.1 , Est Remaining: 238.5
169 226.4 , Est Remaining: 237.1
170 227.8 , Est Remaining: 235.8
171 229.1 , Est Remaining: 234.5
172 230.5 , Est Remaining: 233.2
173 231.8 , Est Remaining: 231.8
174 233.2 , Est Remaining: 230.5
175 234.5 , Est Remaining: 229.2
176 235.9 , Est Remaining: 227.8
177 237.2 , Est Remaining: 226.5
178 238.6 , Est Remaining: 225.2
179 239.9 , Est Remaining: 223.8
180 241.3 , Est Remaining: 222.5
181 242.6 , Est Remaining: 221.2
182 244.0 , Est Remaining: 219.8
183 245.3 , Est Remaining: 218.5
184 246.6 , Est Remaining: 217.1
185 248.0 , Est Remaining: 215.8
186 249.3 , Est Remaining: 214.5
187 250.7 , Est Remaining: 213.1
188 252.0 , Est Remaining: 211.8
189 253.3 , Est Remaining: 210.4
190 254.7 , Est Remaining: 209.1
191 256.0 , Est Remaining: 207.7
192 257.2 , Est Remaining: 206.3
193 258.5 , Est Remaining: 204.9
194 259.9 , Est Remaining: 203.6
195 261.2 , Est Remaining: 202.2
196 262.5 , Est Remaining: 200.9
197 263.8 , Est Remaining: 199.6
198 265.2 , Est Remaining: 198.2
199 266.5 , Est Remaining: 196.9
200 267.9 , Est Remaining: 195.5
201 269.2 , Est Remaining: 194.2
202 270.6 , Est Remaining: 192.9
203 272.0 , Est Remaining: 191.6
204 273.3 , Est Remaining: 190.3
205 274.7 , Est Remaining: 188.9
EVENT FAILED
205 274.9 , Est Remaining: 189.1
206 276.3 , Est Remaining: 187.8
207 277.6 , Est Remaining: 186.4
208 278.9 , Est Remaining: 185.0
209 280.2 , Est Remaining: 183.7
210 281.6 , Est Remaining: 182.3
211 282.9 , Est Remaining: 181.0
212 284.2 , Est Remaining: 179.7
213 285.6 , Est Remaining: 178.3
214 286.9 , Est Remaining: 177.0
215 288.2 , Est Remaining: 175.6
216 289.6 , Est Remaining: 174.3
EVENT FAILED
216 289.9 , Est Remaining: 174.4
217 291.2 , Est Remaining: 173.1
218 292.5 , Est Remaining: 171.8
219 293.8 , Est Remaining: 170.4
220 295.2 , Est Remaining: 169.0
221 296.5 , Est Remaining: 167.7
222 297.8 , Est Remaining: 166.4
223 299.2 , Est Remaining: 165.0
224 300.5 , Est Remaining: 163.7
225 301.8 , Est Remaining: 162.3
226 303.2 , Est Remaining: 161.0
227 304.5 , Est Remaining: 159.6
228 305.8 , Est Remaining: 158.3
229 307.2 , Est Remaining: 156.9
230 308.5 , Est Remaining: 155.6
231 309.8 , Est Remaining: 154.2
232 311.2 , Est Remaining: 152.9
233 312.5 , Est Remaining: 151.6
234 313.8 , Est Remaining: 150.2
235 315.2 , Est Remaining: 148.9
236 316.5 , Est Remaining: 147.5
237 317.9 , Est Remaining: 146.2
238 319.2 , Est Remaining: 144.9
239 320.6 , Est Remaining: 143.5
240 321.9 , Est Remaining: 142.2
241 323.3 , Est Remaining: 140.8
242 324.6 , Est Remaining: 139.5
243 325.9 , Est Remaining: 138.1
244 327.3 , Est Remaining: 136.8
EVENT FAILED
244 327.6 , Est Remaining: 136.9
245 328.9 , Est Remaining: 135.6
246 330.3 , Est Remaining: 134.3
247 331.6 , Est Remaining: 132.9
248 333.0 , Est Remaining: 131.6
249 334.3 , Est Remaining: 130.2
250 335.6 , Est Remaining: 128.9
251 337.0 , Est Remaining: 127.5
252 338.3 , Est Remaining: 126.2
253 339.6 , Est Remaining: 124.8
254 340.9 , Est Remaining: 123.5
255 342.3 , Est Remaining: 122.1
256 343.6 , Est Remaining: 120.8
257 344.9 , Est Remaining: 119.4
258 346.2 , Est Remaining: 118.1
259 347.6 , Est Remaining: 116.8
260 348.9 , Est Remaining: 115.4
261 350.2 , Est Remaining: 114.1
262 351.5 , Est Remaining: 112.7
263 352.8 , Est Remaining: 111.4
264 354.2 , Est Remaining: 110.0
265 355.5 , Est Remaining: 108.7
266 356.8 , Est Remaining: 107.3
267 358.1 , Est Remaining: 106.0
268 359.4 , Est Remaining: 104.6
269 360.8 , Est Remaining: 103.3
EVENT FAILED
269 361.1 , Est Remaining: 103.3
270 362.4 , Est Remaining: 102.0
271 363.7 , Est Remaining: 100.7
272 365.0 , Est Remaining: 99.3
273 366.3 , Est Remaining: 98.0
274 367.7 , Est Remaining: 96.6
275 369.0 , Est Remaining: 95.3
276 370.3 , Est Remaining: 93.9
277 371.6 , Est Remaining: 92.6
EVENT FAILED
277 371.9 , Est Remaining: 92.6
278 373.3 , Est Remaining: 91.3
279 374.6 , Est Remaining: 90.0
280 375.9 , Est Remaining: 88.6
281 377.3 , Est Remaining: 87.3
282 378.6 , Est Remaining: 85.9
283 379.9 , Est Remaining: 84.6
284 381.3 , Est Remaining: 83.2
285 382.6 , Est Remaining: 81.9
286 384.0 , Est Remaining: 80.5
287 385.3 , Est Remaining: 79.2
288 386.6 , Est Remaining: 77.9
289 388.0 , Est Remaining: 76.5
290 389.3 , Est Remaining: 75.2
291 390.6 , Est Remaining: 73.8
292 392.0 , Est Remaining: 72.5
293 393.3 , Est Remaining: 71.1
294 394.6 , Est Remaining: 69.8
295 395.9 , Est Remaining: 68.4
296 397.3 , Est Remaining: 67.1
297 398.6 , Est Remaining: 65.8
298 399.9 , Est Remaining: 64.4
299 401.2 , Est Remaining: 63.1
300 402.5 , Est Remaining: 61.7
301 403.9 , Est Remaining: 60.4
302 405.3 , Est Remaining: 59.1
303 406.7 , Est Remaining: 57.7
304 408.0 , Est Remaining: 56.4
EVENT FAILED
304 408.3 , Est Remaining: 56.4
305 409.6 , Est Remaining: 55.1
306 411.0 , Est Remaining: 53.7
307 412.3 , Est Remaining: 52.4
308 413.6 , Est Remaining: 51.0
309 415.0 , Est Remaining: 49.7
310 416.3 , Est Remaining: 48.3
311 417.7 , Est Remaining: 47.0
312 419.0 , Est Remaining: 45.7
313 420.3 , Est Remaining: 44.3
314 421.7 , Est Remaining: 43.0
315 423.0 , Est Remaining: 41.6
EVENT FAILED
315 423.3 , Est Remaining: 41.7
316 424.6 , Est Remaining: 40.3
317 425.9 , Est Remaining: 39.0
318 427.3 , Est Remaining: 37.6
319 428.6 , Est Remaining: 36.3
EVENT FAILED
319 428.9 , Est Remaining: 36.3
320 430.2 , Est Remaining: 35.0
321 431.6 , Est Remaining: 33.6
322 432.9 , Est Remaining: 32.3
323 434.2 , Est Remaining: 30.9
324 435.5 , Est Remaining: 29.6
325 436.9 , Est Remaining: 28.2
326 438.2 , Est Remaining: 26.9
327 439.5 , Est Remaining: 25.5
328 440.8 , Est Remaining: 24.2
329 442.2 , Est Remaining: 22.8
330 443.5 , Est Remaining: 21.5
331 444.8 , Est Remaining: 20.2
