Note: NumExpr detected 32 cores but "NUMEXPR_MAX_THREADS" not set, so enforcing safe limit of 8.
Using selector: EpollSelector
/n/home02/jhaefner/miniconda/envs/IC-3.7-2020-06-16/lib/python3.7/site-packages/scipy/optimize/minpack.py:808: OptimizeWarning: Covariance of the parameters could not be estimated
  category=OptimizeWarning)
Total rwfs: 346
0 0.0 , Est Remaining: 999999.9
1 1.5 , Est Remaining: 515.0
2 3.0 , Est Remaining: 507.7
3 4.3 , Est Remaining: 492.3
4 5.8 , Est Remaining: 492.4
5 7.2 , Est Remaining: 492.4
6 8.7 , Est Remaining: 491.2
7 10.1 , Est Remaining: 490.2
8 11.6 , Est Remaining: 488.0
9 13.0 , Est Remaining: 486.4
10 14.4 , Est Remaining: 485.2
11 15.9 , Est Remaining: 483.8
12 17.3 , Est Remaining: 482.2
13 18.7 , Est Remaining: 480.0
14 20.2 , Est Remaining: 478.4
15 21.6 , Est Remaining: 477.2
16 23.1 , Est Remaining: 475.8
17 24.5 , Est Remaining: 474.5
18 25.9 , Est Remaining: 472.7
EVENT FAILED
18 26.3 , Est Remaining: 478.4
19 27.7 , Est Remaining: 476.8
20 29.2 , Est Remaining: 475.3
21 30.6 , Est Remaining: 473.5
22 32.0 , Est Remaining: 472.0
23 33.5 , Est Remaining: 470.4
24 34.9 , Est Remaining: 468.6
25 36.4 , Est Remaining: 467.1
26 37.8 , Est Remaining: 465.5
27 39.3 , Est Remaining: 464.0
28 40.7 , Est Remaining: 462.6
29 42.2 , Est Remaining: 461.0
30 43.6 , Est Remaining: 459.5
31 45.1 , Est Remaining: 457.8
32 46.5 , Est Remaining: 456.4
33 47.9 , Est Remaining: 454.8
34 49.4 , Est Remaining: 453.5
35 50.9 , Est Remaining: 452.3
36 52.4 , Est Remaining: 451.0
37 53.8 , Est Remaining: 449.3
38 55.3 , Est Remaining: 447.9
39 56.7 , Est Remaining: 446.5
40 58.2 , Est Remaining: 445.0
41 59.6 , Est Remaining: 443.5
42 61.1 , Est Remaining: 442.1
43 62.5 , Est Remaining: 440.6
44 64.0 , Est Remaining: 439.2
45 65.5 , Est Remaining: 438.0
46 66.9 , Est Remaining: 436.5
47 68.4 , Est Remaining: 435.0
48 69.8 , Est Remaining: 433.6
49 71.3 , Est Remaining: 432.3
50 72.7 , Est Remaining: 430.5
51 74.2 , Est Remaining: 429.0
52 75.6 , Est Remaining: 427.5
53 77.1 , Est Remaining: 426.1
54 78.5 , Est Remaining: 424.7
55 80.0 , Est Remaining: 423.3
56 81.5 , Est Remaining: 421.9
57 83.0 , Est Remaining: 420.6
58 84.4 , Est Remaining: 419.2
59 85.9 , Est Remaining: 417.8
60 87.4 , Est Remaining: 416.4
61 88.8 , Est Remaining: 414.9
62 90.3 , Est Remaining: 413.5
63 91.7 , Est Remaining: 412.0
64 93.2 , Est Remaining: 410.5
65 94.6 , Est Remaining: 409.1
66 96.1 , Est Remaining: 407.6
EVENT FAILED
66 96.4 , Est Remaining: 408.9
67 97.8 , Est Remaining: 407.4
68 99.3 , Est Remaining: 405.8
69 100.7 , Est Remaining: 404.3
70 102.1 , Est Remaining: 402.7
71 103.6 , Est Remaining: 401.2
72 105.0 , Est Remaining: 399.7
73 106.5 , Est Remaining: 398.2
74 107.9 , Est Remaining: 396.7
75 109.3 , Est Remaining: 395.1
76 110.9 , Est Remaining: 393.8
77 112.3 , Est Remaining: 392.3
78 113.6 , Est Remaining: 390.3
79 115.0 , Est Remaining: 388.8
80 116.5 , Est Remaining: 387.3
81 117.9 , Est Remaining: 385.9
EVENT FAILED
81 118.3 , Est Remaining: 386.9
82 119.7 , Est Remaining: 385.4
83 121.1 , Est Remaining: 383.9
84 122.6 , Est Remaining: 382.5
85 124.1 , Est Remaining: 380.9
86 125.5 , Est Remaining: 379.4
87 126.9 , Est Remaining: 377.9
88 128.4 , Est Remaining: 376.5
89 129.9 , Est Remaining: 375.0
90 131.3 , Est Remaining: 373.5
91 132.8 , Est Remaining: 372.1
92 134.2 , Est Remaining: 370.6
93 135.7 , Est Remaining: 369.2
94 137.2 , Est Remaining: 367.8
95 138.6 , Est Remaining: 366.3
96 140.1 , Est Remaining: 364.8
97 141.5 , Est Remaining: 363.3
98 143.0 , Est Remaining: 361.8
99 144.4 , Est Remaining: 360.3
100 145.9 , Est Remaining: 358.9
101 147.3 , Est Remaining: 357.3
102 148.7 , Est Remaining: 355.8
103 150.3 , Est Remaining: 354.5
104 151.7 , Est Remaining: 353.0
105 153.2 , Est Remaining: 351.6
106 154.6 , Est Remaining: 350.1
107 156.1 , Est Remaining: 348.7
108 157.5 , Est Remaining: 347.2
109 159.0 , Est Remaining: 345.7
110 160.4 , Est Remaining: 344.2
111 161.9 , Est Remaining: 342.8
112 163.4 , Est Remaining: 341.3
113 164.8 , Est Remaining: 339.9
114 166.3 , Est Remaining: 338.4
115 167.8 , Est Remaining: 337.0
116 169.2 , Est Remaining: 335.6
117 170.7 , Est Remaining: 334.1
118 172.1 , Est Remaining: 332.6
119 173.6 , Est Remaining: 331.2
120 175.1 , Est Remaining: 329.7
121 176.5 , Est Remaining: 328.2
122 178.0 , Est Remaining: 326.8
123 179.5 , Est Remaining: 325.4
124 180.9 , Est Remaining: 323.9
125 182.4 , Est Remaining: 322.5
126 183.9 , Est Remaining: 321.1
EVENT FAILED
126 184.2 , Est Remaining: 321.6
127 185.7 , Est Remaining: 320.2
128 187.1 , Est Remaining: 318.7
129 188.6 , Est Remaining: 317.2
130 190.0 , Est Remaining: 315.8
131 191.5 , Est Remaining: 314.3
132 193.0 , Est Remaining: 312.9
133 194.5 , Est Remaining: 311.4
134 195.9 , Est Remaining: 310.0
135 197.4 , Est Remaining: 308.6
EVENT FAILED
135 198.2 , Est Remaining: 309.8
136 199.7 , Est Remaining: 308.3
137 201.1 , Est Remaining: 306.8
138 202.6 , Est Remaining: 305.3
139 204.0 , Est Remaining: 303.9
140 205.5 , Est Remaining: 302.4
141 206.9 , Est Remaining: 300.8
142 208.3 , Est Remaining: 299.3
143 209.8 , Est Remaining: 297.8
144 211.2 , Est Remaining: 296.3
145 212.7 , Est Remaining: 294.8
146 214.1 , Est Remaining: 293.3
147 215.6 , Est Remaining: 291.8
148 217.0 , Est Remaining: 290.4
149 218.5 , Est Remaining: 288.9
150 220.0 , Est Remaining: 287.4
151 221.4 , Est Remaining: 286.0
152 222.9 , Est Remaining: 284.5
153 224.4 , Est Remaining: 283.0
154 225.9 , Est Remaining: 281.6
155 227.3 , Est Remaining: 280.1
156 228.8 , Est Remaining: 278.6
EVENT FAILED
156 229.1 , Est Remaining: 279.0
157 230.5 , Est Remaining: 277.5
158 231.9 , Est Remaining: 276.0
159 233.4 , Est Remaining: 274.5
160 234.8 , Est Remaining: 273.0
161 236.3 , Est Remaining: 271.5
162 237.7 , Est Remaining: 270.0
163 239.2 , Est Remaining: 268.5
164 240.6 , Est Remaining: 267.0
165 242.0 , Est Remaining: 265.5
166 243.4 , Est Remaining: 263.9
EVENT FAILED
166 243.7 , Est Remaining: 264.3
167 245.1 , Est Remaining: 262.7
168 246.6 , Est Remaining: 261.2
169 247.9 , Est Remaining: 259.7
170 249.3 , Est Remaining: 258.1
171 250.7 , Est Remaining: 256.6
172 252.1 , Est Remaining: 255.1
173 253.5 , Est Remaining: 253.5
174 254.9 , Est Remaining: 252.0
175 256.3 , Est Remaining: 250.5
176 257.7 , Est Remaining: 248.9
177 259.1 , Est Remaining: 247.4
178 260.5 , Est Remaining: 245.8
179 261.9 , Est Remaining: 244.3
180 263.3 , Est Remaining: 242.8
181 264.7 , Est Remaining: 241.3
182 266.1 , Est Remaining: 239.8
183 267.5 , Est Remaining: 238.2
EVENT FAILED
183 267.8 , Est Remaining: 238.5
184 269.1 , Est Remaining: 237.0
185 270.5 , Est Remaining: 235.4
186 271.9 , Est Remaining: 233.9
187 273.3 , Est Remaining: 232.4
188 274.7 , Est Remaining: 230.9
189 276.1 , Est Remaining: 229.3
190 277.5 , Est Remaining: 227.8
191 278.9 , Est Remaining: 226.3
192 280.3 , Est Remaining: 224.8
193 281.7 , Est Remaining: 223.3
194 283.1 , Est Remaining: 221.8
195 284.4 , Est Remaining: 220.3
196 285.8 , Est Remaining: 218.8
197 287.2 , Est Remaining: 217.3
198 288.6 , Est Remaining: 215.7
199 290.0 , Est Remaining: 214.2
EVENT FAILED
199 290.3 , Est Remaining: 214.5
200 291.7 , Est Remaining: 212.9
201 293.1 , Est Remaining: 211.4
202 294.5 , Est Remaining: 209.9
203 296.0 , Est Remaining: 208.5
204 297.4 , Est Remaining: 207.0
205 298.8 , Est Remaining: 205.5
206 300.2 , Est Remaining: 204.0
207 301.6 , Est Remaining: 202.5
208 303.0 , Est Remaining: 201.0
209 304.4 , Est Remaining: 199.5
210 305.8 , Est Remaining: 198.0
211 307.1 , Est Remaining: 196.5
212 308.5 , Est Remaining: 195.0
213 309.9 , Est Remaining: 193.5
214 311.3 , Est Remaining: 192.0
215 312.7 , Est Remaining: 190.5
216 314.1 , Est Remaining: 189.0
217 315.5 , Est Remaining: 187.6
218 316.9 , Est Remaining: 186.1
219 318.3 , Est Remaining: 184.6
220 319.7 , Est Remaining: 183.1
221 321.1 , Est Remaining: 181.6
222 322.5 , Est Remaining: 180.1
223 323.9 , Est Remaining: 178.6
224 325.3 , Est Remaining: 177.2
225 326.7 , Est Remaining: 175.7
226 328.1 , Est Remaining: 174.2
227 329.6 , Est Remaining: 172.8
228 331.0 , Est Remaining: 171.3
229 332.4 , Est Remaining: 169.8
230 333.8 , Est Remaining: 168.4
231 335.3 , Est Remaining: 166.9
232 336.7 , Est Remaining: 165.4
233 338.1 , Est Remaining: 164.0
234 339.6 , Est Remaining: 162.5
235 341.0 , Est Remaining: 161.1
236 342.5 , Est Remaining: 159.6
237 343.9 , Est Remaining: 158.2
238 345.3 , Est Remaining: 156.7
239 346.8 , Est Remaining: 155.3
240 348.2 , Est Remaining: 153.8
241 349.7 , Est Remaining: 152.4
242 351.1 , Est Remaining: 150.9
243 352.6 , Est Remaining: 149.4
244 354.0 , Est Remaining: 148.0
245 355.4 , Est Remaining: 146.5
246 356.9 , Est Remaining: 145.1
247 358.3 , Est Remaining: 143.6
248 359.7 , Est Remaining: 142.2
249 361.2 , Est Remaining: 140.7
250 362.6 , Est Remaining: 139.2
251 364.1 , Est Remaining: 137.8
252 365.5 , Est Remaining: 136.3
253 366.9 , Est Remaining: 134.9
254 368.4 , Est Remaining: 133.4
255 369.9 , Est Remaining: 132.0
256 371.3 , Est Remaining: 130.5
257 372.7 , Est Remaining: 129.1
258 374.2 , Est Remaining: 127.6
259 375.6 , Est Remaining: 126.2
260 377.1 , Est Remaining: 124.7
261 378.6 , Est Remaining: 123.3
262 380.0 , Est Remaining: 121.8
263 381.5 , Est Remaining: 120.4
264 382.9 , Est Remaining: 118.9
265 384.4 , Est Remaining: 117.5
266 385.8 , Est Remaining: 116.0
267 387.3 , Est Remaining: 114.6
EVENT FAILED
267 387.6 , Est Remaining: 114.7
268 389.1 , Est Remaining: 113.2
269 390.5 , Est Remaining: 111.8
270 392.0 , Est Remaining: 110.3
271 393.4 , Est Remaining: 108.9
272 394.9 , Est Remaining: 107.4
273 396.4 , Est Remaining: 106.0
274 397.8 , Est Remaining: 104.5
275 399.3 , Est Remaining: 103.1
276 400.7 , Est Remaining: 101.6
277 402.2 , Est Remaining: 100.2
278 403.7 , Est Remaining: 98.7
279 405.2 , Est Remaining: 97.3
280 406.6 , Est Remaining: 95.9
281 408.1 , Est Remaining: 94.4
282 409.6 , Est Remaining: 93.0
283 411.0 , Est Remaining: 91.5
284 412.5 , Est Remaining: 90.0
285 413.9 , Est Remaining: 88.6
286 415.4 , Est Remaining: 87.1
287 416.8 , Est Remaining: 85.7
288 418.3 , Est Remaining: 84.2
289 419.7 , Est Remaining: 82.8
290 421.2 , Est Remaining: 81.3
291 422.6 , Est Remaining: 79.9
292 424.1 , Est Remaining: 78.4
293 425.5 , Est Remaining: 77.0
294 427.0 , Est Remaining: 75.5
295 428.4 , Est Remaining: 74.1
296 429.9 , Est Remaining: 72.6
297 431.3 , Est Remaining: 71.2
EVENT FAILED
297 431.6 , Est Remaining: 71.2
298 433.1 , Est Remaining: 69.8
299 434.6 , Est Remaining: 68.3
300 436.0 , Est Remaining: 66.9
301 437.5 , Est Remaining: 65.4
302 439.1 , Est Remaining: 64.0
303 440.6 , Est Remaining: 62.5
304 442.1 , Est Remaining: 61.1
305 443.5 , Est Remaining: 59.6
306 444.9 , Est Remaining: 58.2
307 446.4 , Est Remaining: 56.7
308 447.8 , Est Remaining: 55.2
309 449.2 , Est Remaining: 53.8
310 450.6 , Est Remaining: 52.3
311 452.0 , Est Remaining: 50.9
312 453.4 , Est Remaining: 49.4
313 454.8 , Est Remaining: 48.0
314 456.2 , Est Remaining: 46.5
315 457.6 , Est Remaining: 45.0
316 459.1 , Est Remaining: 43.6
317 460.5 , Est Remaining: 42.1
318 461.9 , Est Remaining: 40.7
319 463.3 , Est Remaining: 39.2
320 464.7 , Est Remaining: 37.8
321 466.1 , Est Remaining: 36.3
322 467.5 , Est Remaining: 34.8
323 468.9 , Est Remaining: 33.4
324 470.3 , Est Remaining: 31.9
325 471.7 , Est Remaining: 30.5
326 473.1 , Est Remaining: 29.0
327 474.4 , Est Remaining: 27.6
328 475.8 , Est Remaining: 26.1
329 477.2 , Est Remaining: 24.7
330 478.6 , Est Remaining: 23.2
331 479.9 , Est Remaining: 21.7
332 481.3 , Est Remaining: 20.3
333 482.7 , Est Remaining: 18.8
334 484.1 , Est Remaining: 17.4
EVENT FAILED
