Note: NumExpr detected 32 cores but "NUMEXPR_MAX_THREADS" not set, so enforcing safe limit of 8.
Using selector: EpollSelector
/n/home02/jhaefner/miniconda/envs/IC-3.7-2020-06-16/lib/python3.7/site-packages/scipy/optimize/minpack.py:808: OptimizeWarning: Covariance of the parameters could not be estimated
  category=OptimizeWarning)
Total rwfs: 346
0 0.0 , Est Remaining: 999999.9
1 1.5 , Est Remaining: 515.7
2 2.9 , Est Remaining: 504.9
3 4.4 , Est Remaining: 506.7
4 5.9 , Est Remaining: 501.8
EVENT FAILED
4 6.2 , Est Remaining: 530.0
5 7.6 , Est Remaining: 519.8
6 9.1 , Est Remaining: 513.0
7 10.5 , Est Remaining: 506.8
8 11.9 , Est Remaining: 503.8
9 13.3 , Est Remaining: 499.5
10 14.8 , Est Remaining: 495.9
11 16.2 , Est Remaining: 492.6
12 17.6 , Est Remaining: 490.3
13 19.0 , Est Remaining: 487.8
14 20.5 , Est Remaining: 485.3
15 21.9 , Est Remaining: 482.8
16 23.3 , Est Remaining: 480.8
17 24.7 , Est Remaining: 478.7
18 26.2 , Est Remaining: 477.1
19 27.6 , Est Remaining: 475.6
20 29.1 , Est Remaining: 474.0
21 30.5 , Est Remaining: 472.6
22 32.0 , Est Remaining: 471.1
EVENT FAILED
22 32.3 , Est Remaining: 475.9
23 33.8 , Est Remaining: 474.1
24 35.2 , Est Remaining: 472.1
25 36.6 , Est Remaining: 470.3
26 38.1 , Est Remaining: 468.6
27 39.5 , Est Remaining: 466.7
28 40.9 , Est Remaining: 464.8
29 42.4 , Est Remaining: 463.3
30 43.8 , Est Remaining: 461.8
31 45.3 , Est Remaining: 460.3
32 46.7 , Est Remaining: 458.5
33 48.2 , Est Remaining: 456.9
34 49.6 , Est Remaining: 455.3
35 51.1 , Est Remaining: 453.8
36 52.5 , Est Remaining: 452.2
37 53.9 , Est Remaining: 450.5
38 55.4 , Est Remaining: 448.8
39 56.8 , Est Remaining: 447.2
40 58.2 , Est Remaining: 445.6
41 59.7 , Est Remaining: 444.2
42 61.1 , Est Remaining: 442.5
43 62.6 , Est Remaining: 441.0
44 64.0 , Est Remaining: 439.4
45 65.5 , Est Remaining: 437.9
46 66.9 , Est Remaining: 436.4
47 68.4 , Est Remaining: 434.8
48 69.8 , Est Remaining: 433.2
49 71.2 , Est Remaining: 431.8
50 72.7 , Est Remaining: 430.3
51 74.1 , Est Remaining: 428.9
52 75.6 , Est Remaining: 427.3
EVENT FAILED
52 75.9 , Est Remaining: 429.1
53 77.3 , Est Remaining: 427.4
54 78.8 , Est Remaining: 425.9
55 80.2 , Est Remaining: 424.4
56 81.6 , Est Remaining: 422.8
57 83.1 , Est Remaining: 421.3
EVENT FAILED
57 83.4 , Est Remaining: 423.0
58 84.9 , Est Remaining: 421.5
59 86.3 , Est Remaining: 419.9
60 87.8 , Est Remaining: 418.4
61 89.2 , Est Remaining: 416.9
62 90.7 , Est Remaining: 415.5
63 92.1 , Est Remaining: 413.9
64 93.6 , Est Remaining: 412.4
65 95.1 , Est Remaining: 411.0
66 96.5 , Est Remaining: 409.5
67 98.0 , Est Remaining: 407.9
68 99.4 , Est Remaining: 406.5
69 100.9 , Est Remaining: 405.0
70 102.3 , Est Remaining: 403.5
71 103.8 , Est Remaining: 402.1
72 105.3 , Est Remaining: 400.6
73 106.7 , Est Remaining: 399.0
74 108.1 , Est Remaining: 397.4
75 109.6 , Est Remaining: 396.0
76 111.0 , Est Remaining: 394.5
77 112.5 , Est Remaining: 392.9
78 113.9 , Est Remaining: 391.5
79 115.4 , Est Remaining: 389.9
80 116.8 , Est Remaining: 388.4
81 118.3 , Est Remaining: 386.9
82 119.7 , Est Remaining: 385.4
83 121.1 , Est Remaining: 383.9
84 122.6 , Est Remaining: 382.4
85 124.1 , Est Remaining: 381.0
86 125.5 , Est Remaining: 379.5
87 127.0 , Est Remaining: 378.1
88 128.4 , Est Remaining: 376.5
89 129.9 , Est Remaining: 375.0
90 131.3 , Est Remaining: 373.6
91 132.8 , Est Remaining: 372.1
92 134.2 , Est Remaining: 370.6
93 135.7 , Est Remaining: 369.1
94 137.1 , Est Remaining: 367.7
95 138.6 , Est Remaining: 366.2
96 140.1 , Est Remaining: 364.7
97 141.5 , Est Remaining: 363.2
98 142.9 , Est Remaining: 361.7
99 144.4 , Est Remaining: 360.3
100 145.9 , Est Remaining: 358.8
101 147.3 , Est Remaining: 357.3
102 148.7 , Est Remaining: 355.7
103 150.2 , Est Remaining: 354.4
104 151.7 , Est Remaining: 352.9
105 153.1 , Est Remaining: 351.3
106 154.5 , Est Remaining: 349.8
107 155.9 , Est Remaining: 348.3
108 157.4 , Est Remaining: 346.8
EVENT FAILED
108 157.7 , Est Remaining: 347.4
109 159.1 , Est Remaining: 345.9
110 160.5 , Est Remaining: 344.4
111 162.0 , Est Remaining: 342.9
EVENT FAILED
111 162.3 , Est Remaining: 343.5
112 163.7 , Est Remaining: 342.0
113 165.1 , Est Remaining: 340.5
114 166.5 , Est Remaining: 338.9
115 168.0 , Est Remaining: 337.4
116 169.4 , Est Remaining: 335.9
117 170.9 , Est Remaining: 334.4
118 172.3 , Est Remaining: 332.9
119 173.7 , Est Remaining: 331.4
120 175.2 , Est Remaining: 329.9
121 176.6 , Est Remaining: 328.4
122 178.1 , Est Remaining: 326.9
123 179.5 , Est Remaining: 325.4
124 180.9 , Est Remaining: 323.9
125 182.3 , Est Remaining: 322.4
126 183.8 , Est Remaining: 320.9
127 185.2 , Est Remaining: 319.3
128 186.6 , Est Remaining: 317.9
129 188.1 , Est Remaining: 316.4
130 189.5 , Est Remaining: 314.9
131 191.0 , Est Remaining: 313.5
132 192.4 , Est Remaining: 312.0
133 193.9 , Est Remaining: 310.5
134 195.3 , Est Remaining: 309.0
EVENT FAILED
134 195.6 , Est Remaining: 309.5
EVENT FAILED
134 195.9 , Est Remaining: 310.0
135 197.4 , Est Remaining: 308.5
136 198.8 , Est Remaining: 307.0
137 200.2 , Est Remaining: 305.5
138 201.7 , Est Remaining: 304.0
139 203.1 , Est Remaining: 302.5
140 204.6 , Est Remaining: 301.1
141 206.1 , Est Remaining: 299.6
EVENT FAILED
141 206.4 , Est Remaining: 300.0
142 207.8 , Est Remaining: 298.5
143 209.2 , Est Remaining: 297.0
144 210.7 , Est Remaining: 295.5
145 212.1 , Est Remaining: 294.0
146 213.5 , Est Remaining: 292.5
147 214.9 , Est Remaining: 290.9
EVENT FAILED
147 215.2 , Est Remaining: 291.3
148 216.5 , Est Remaining: 289.7
149 217.9 , Est Remaining: 288.1
150 219.3 , Est Remaining: 286.5
151 220.7 , Est Remaining: 285.0
152 222.0 , Est Remaining: 283.4
153 223.4 , Est Remaining: 281.8
154 224.8 , Est Remaining: 280.2
155 226.1 , Est Remaining: 278.7
156 227.5 , Est Remaining: 277.1
157 228.8 , Est Remaining: 275.5
158 230.2 , Est Remaining: 273.9
159 231.6 , Est Remaining: 272.3
EVENT FAILED
159 231.9 , Est Remaining: 272.7
EVENT FAILED
159 232.2 , Est Remaining: 273.0
160 233.5 , Est Remaining: 271.4
161 234.8 , Est Remaining: 269.8
162 236.2 , Est Remaining: 268.2
163 237.5 , Est Remaining: 266.6
164 238.8 , Est Remaining: 265.0
165 240.1 , Est Remaining: 263.4
166 241.5 , Est Remaining: 261.8
167 242.8 , Est Remaining: 260.3
168 244.0 , Est Remaining: 258.5
169 245.3 , Est Remaining: 256.9
170 246.6 , Est Remaining: 255.3
171 247.9 , Est Remaining: 253.7
172 249.2 , Est Remaining: 252.1
173 250.6 , Est Remaining: 250.6
174 251.9 , Est Remaining: 249.0
175 253.2 , Est Remaining: 247.4
176 254.5 , Est Remaining: 245.8
177 255.8 , Est Remaining: 244.3
178 257.1 , Est Remaining: 242.7
179 258.5 , Est Remaining: 241.1
180 259.8 , Est Remaining: 239.6
181 261.1 , Est Remaining: 238.0
182 262.4 , Est Remaining: 236.5
EVENT FAILED
182 262.7 , Est Remaining: 236.7
183 264.0 , Est Remaining: 235.2
184 265.4 , Est Remaining: 233.6
185 266.7 , Est Remaining: 232.1
186 268.0 , Est Remaining: 230.5
187 269.3 , Est Remaining: 229.0
188 270.6 , Est Remaining: 227.4
189 271.9 , Est Remaining: 225.9
EVENT FAILED
189 272.2 , Est Remaining: 226.1
190 273.5 , Est Remaining: 224.6
191 274.9 , Est Remaining: 223.1
192 276.2 , Est Remaining: 221.5
193 277.5 , Est Remaining: 220.0
194 278.8 , Est Remaining: 218.4
195 280.1 , Est Remaining: 216.9
196 281.4 , Est Remaining: 215.4
197 282.8 , Est Remaining: 213.9
198 284.1 , Est Remaining: 212.4
199 285.4 , Est Remaining: 210.8
200 286.7 , Est Remaining: 209.3
201 288.1 , Est Remaining: 207.8
202 289.4 , Est Remaining: 206.3
203 290.8 , Est Remaining: 204.9
204 292.2 , Est Remaining: 203.4
205 293.5 , Est Remaining: 201.9
206 294.8 , Est Remaining: 200.4
207 296.2 , Est Remaining: 198.9
208 297.5 , Est Remaining: 197.4
209 298.9 , Est Remaining: 195.9
210 300.2 , Est Remaining: 194.4
211 301.6 , Est Remaining: 193.0
212 302.9 , Est Remaining: 191.5
213 304.3 , Est Remaining: 190.0
214 305.7 , Est Remaining: 188.5
215 307.0 , Est Remaining: 187.1
216 308.4 , Est Remaining: 185.6
217 309.8 , Est Remaining: 184.2
218 311.2 , Est Remaining: 182.7
219 312.6 , Est Remaining: 181.3
220 314.0 , Est Remaining: 179.8
221 315.4 , Est Remaining: 178.4
222 316.8 , Est Remaining: 177.0
223 318.2 , Est Remaining: 175.5
224 319.6 , Est Remaining: 174.1
225 321.1 , Est Remaining: 172.7
226 322.5 , Est Remaining: 171.2
227 323.9 , Est Remaining: 169.8
228 325.4 , Est Remaining: 168.4
EVENT FAILED
228 325.7 , Est Remaining: 168.5
229 327.1 , Est Remaining: 167.1
230 328.5 , Est Remaining: 165.7
231 330.0 , Est Remaining: 164.3
232 331.4 , Est Remaining: 162.8
233 332.8 , Est Remaining: 161.4
234 334.3 , Est Remaining: 160.0
235 335.7 , Est Remaining: 158.6
236 337.2 , Est Remaining: 157.2
237 338.6 , Est Remaining: 155.7
238 340.1 , Est Remaining: 154.3
239 341.5 , Est Remaining: 152.9
240 342.9 , Est Remaining: 151.5
241 344.4 , Est Remaining: 150.0
242 345.8 , Est Remaining: 148.6
243 347.3 , Est Remaining: 147.2
244 348.7 , Est Remaining: 145.8
245 350.2 , Est Remaining: 144.4
246 351.6 , Est Remaining: 142.9
247 353.1 , Est Remaining: 141.5
248 354.5 , Est Remaining: 140.1
249 356.0 , Est Remaining: 138.7
250 357.4 , Est Remaining: 137.2
251 358.9 , Est Remaining: 135.8
252 360.3 , Est Remaining: 134.4
253 361.7 , Est Remaining: 133.0
254 363.1 , Est Remaining: 131.5
255 364.6 , Est Remaining: 130.1
256 366.0 , Est Remaining: 128.7
257 367.4 , Est Remaining: 127.2
258 368.9 , Est Remaining: 125.8
259 370.3 , Est Remaining: 124.4
260 371.7 , Est Remaining: 123.0
261 373.2 , Est Remaining: 121.5
262 374.6 , Est Remaining: 120.1
263 376.0 , Est Remaining: 118.7
264 377.5 , Est Remaining: 117.2
265 378.9 , Est Remaining: 115.8
266 380.4 , Est Remaining: 114.4
267 381.8 , Est Remaining: 113.0
268 383.2 , Est Remaining: 111.5
269 384.6 , Est Remaining: 110.1
270 386.1 , Est Remaining: 108.7
271 387.5 , Est Remaining: 107.2
272 388.9 , Est Remaining: 105.8
273 390.3 , Est Remaining: 104.4
274 391.8 , Est Remaining: 103.0
275 393.3 , Est Remaining: 101.5
276 394.7 , Est Remaining: 100.1
277 396.1 , Est Remaining: 98.7
278 397.6 , Est Remaining: 97.3
279 399.0 , Est Remaining: 95.8
280 400.5 , Est Remaining: 94.4
281 402.0 , Est Remaining: 93.0
282 403.4 , Est Remaining: 91.6
283 404.9 , Est Remaining: 90.1
284 406.3 , Est Remaining: 88.7
285 407.8 , Est Remaining: 87.3
286 409.3 , Est Remaining: 85.9
287 410.7 , Est Remaining: 84.4
288 412.2 , Est Remaining: 83.0
289 413.6 , Est Remaining: 81.6
290 415.1 , Est Remaining: 80.2
291 416.5 , Est Remaining: 78.7
292 418.0 , Est Remaining: 77.3
293 419.4 , Est Remaining: 75.9
294 420.9 , Est Remaining: 74.4
295 422.3 , Est Remaining: 73.0
296 423.7 , Est Remaining: 71.6
297 425.2 , Est Remaining: 70.1
298 426.6 , Est Remaining: 68.7
EVENT FAILED
298 426.9 , Est Remaining: 68.8
299 428.4 , Est Remaining: 67.3
300 429.9 , Est Remaining: 65.9
301 431.3 , Est Remaining: 64.5
302 432.9 , Est Remaining: 63.1
303 434.3 , Est Remaining: 61.6
304 435.8 , Est Remaining: 60.2
305 437.2 , Est Remaining: 58.8
306 438.7 , Est Remaining: 57.3
307 440.1 , Est Remaining: 55.9
308 441.5 , Est Remaining: 54.5
309 442.9 , Est Remaining: 53.0
310 444.4 , Est Remaining: 51.6
311 445.8 , Est Remaining: 50.2
312 447.2 , Est Remaining: 48.7
313 448.7 , Est Remaining: 47.3
314 450.1 , Est Remaining: 45.9
315 451.6 , Est Remaining: 44.4
316 453.0 , Est Remaining: 43.0
317 454.5 , Est Remaining: 41.6
318 455.9 , Est Remaining: 40.1
319 457.4 , Est Remaining: 38.7
320 458.8 , Est Remaining: 37.3
321 460.3 , Est Remaining: 35.8
322 461.7 , Est Remaining: 34.4
323 463.2 , Est Remaining: 33.0
324 464.6 , Est Remaining: 31.5
325 466.1 , Est Remaining: 30.1
326 467.5 , Est Remaining: 28.7
327 469.0 , Est Remaining: 27.3
328 470.5 , Est Remaining: 25.8
329 471.9 , Est Remaining: 24.4
