Note: NumExpr detected 32 cores but "NUMEXPR_MAX_THREADS" not set, so enforcing safe limit of 8.
Using selector: EpollSelector
/n/home02/jhaefner/miniconda/envs/IC-3.7-2020-06-16/lib/python3.7/site-packages/scipy/optimize/minpack.py:808: OptimizeWarning: Covariance of the parameters could not be estimated
  category=OptimizeWarning)
Total rwfs: 346
0 0.0 , Est Remaining: 999999.9
1 1.3 , Est Remaining: 460.3
2 2.7 , Est Remaining: 460.1
3 4.0 , Est Remaining: 459.0
4 5.3 , Est Remaining: 455.0
5 6.6 , Est Remaining: 452.7
6 8.0 , Est Remaining: 451.8
7 9.3 , Est Remaining: 449.2
8 10.6 , Est Remaining: 447.3
9 11.9 , Est Remaining: 445.8
10 13.2 , Est Remaining: 444.4
11 14.5 , Est Remaining: 442.6
EVENT FAILED
11 14.8 , Est Remaining: 452.0
12 16.2 , Est Remaining: 450.2
13 17.5 , Est Remaining: 448.9
14 18.9 , Est Remaining: 447.7
15 20.2 , Est Remaining: 446.0
16 21.5 , Est Remaining: 444.3
17 22.9 , Est Remaining: 442.5
18 24.2 , Est Remaining: 440.9
19 25.5 , Est Remaining: 439.3
20 26.9 , Est Remaining: 438.0
21 28.2 , Est Remaining: 436.5
22 29.5 , Est Remaining: 434.8
23 30.8 , Est Remaining: 433.2
24 32.2 , Est Remaining: 431.7
25 33.5 , Est Remaining: 430.4
26 34.8 , Est Remaining: 428.9
27 36.2 , Est Remaining: 427.7
28 37.5 , Est Remaining: 426.3
29 38.9 , Est Remaining: 424.9
EVENT FAILED
29 39.2 , Est Remaining: 428.2
30 40.5 , Est Remaining: 426.8
31 41.9 , Est Remaining: 425.3
32 43.2 , Est Remaining: 423.8
33 44.5 , Est Remaining: 422.3
34 45.9 , Est Remaining: 420.8
35 47.2 , Est Remaining: 419.3
36 48.5 , Est Remaining: 417.8
37 49.9 , Est Remaining: 416.5
38 51.2 , Est Remaining: 415.0
39 52.5 , Est Remaining: 413.6
40 53.9 , Est Remaining: 412.5
41 55.3 , Est Remaining: 411.0
EVENT FAILED
41 55.6 , Est Remaining: 413.2
42 56.9 , Est Remaining: 411.8
43 58.2 , Est Remaining: 410.3
44 59.6 , Est Remaining: 408.9
45 60.9 , Est Remaining: 407.4
EVENT FAILED
45 61.2 , Est Remaining: 409.5
46 62.6 , Est Remaining: 408.1
47 63.9 , Est Remaining: 406.6
48 65.3 , Est Remaining: 405.2
49 66.6 , Est Remaining: 403.6
50 67.9 , Est Remaining: 402.2
51 69.3 , Est Remaining: 400.7
52 70.6 , Est Remaining: 399.2
53 71.9 , Est Remaining: 397.8
54 73.3 , Est Remaining: 396.3
55 74.6 , Est Remaining: 394.9
EVENT FAILED
55 74.9 , Est Remaining: 396.5
56 76.3 , Est Remaining: 395.0
57 77.6 , Est Remaining: 393.5
58 79.0 , Est Remaining: 392.0
59 80.3 , Est Remaining: 390.6
60 81.6 , Est Remaining: 389.1
61 83.0 , Est Remaining: 387.7
62 84.3 , Est Remaining: 386.3
63 85.7 , Est Remaining: 384.9
64 87.0 , Est Remaining: 383.5
65 88.4 , Est Remaining: 382.0
66 89.7 , Est Remaining: 380.6
67 91.1 , Est Remaining: 379.3
68 92.5 , Est Remaining: 378.0
69 93.8 , Est Remaining: 376.6
70 95.2 , Est Remaining: 375.2
71 96.5 , Est Remaining: 373.9
72 97.9 , Est Remaining: 372.5
EVENT FAILED
72 98.2 , Est Remaining: 373.7
73 99.6 , Est Remaining: 372.3
74 100.9 , Est Remaining: 370.9
75 102.2 , Est Remaining: 369.4
76 103.6 , Est Remaining: 367.9
77 104.9 , Est Remaining: 366.5
78 106.2 , Est Remaining: 365.0
EVENT FAILED
78 106.5 , Est Remaining: 366.0
79 107.9 , Est Remaining: 364.6
80 109.2 , Est Remaining: 363.1
81 110.5 , Est Remaining: 361.6
EVENT FAILED
81 110.8 , Est Remaining: 362.6
82 112.2 , Est Remaining: 361.1
83 113.5 , Est Remaining: 359.7
84 114.8 , Est Remaining: 358.2
85 116.2 , Est Remaining: 356.7
EVENT FAILED
85 116.5 , Est Remaining: 357.6
86 117.8 , Est Remaining: 356.2
87 119.2 , Est Remaining: 354.7
88 120.5 , Est Remaining: 353.3
89 121.8 , Est Remaining: 351.8
90 123.2 , Est Remaining: 350.3
91 124.5 , Est Remaining: 348.8
92 125.8 , Est Remaining: 347.4
93 127.2 , Est Remaining: 345.9
94 128.5 , Est Remaining: 344.4
95 129.8 , Est Remaining: 342.9
96 131.1 , Est Remaining: 341.5
97 132.5 , Est Remaining: 340.0
98 133.7 , Est Remaining: 338.4
99 135.1 , Est Remaining: 337.0
100 136.4 , Est Remaining: 335.6
101 137.7 , Est Remaining: 334.1
102 139.0 , Est Remaining: 332.6
103 140.4 , Est Remaining: 331.3
104 141.8 , Est Remaining: 329.8
105 143.1 , Est Remaining: 328.4
106 144.4 , Est Remaining: 327.0
107 145.7 , Est Remaining: 325.5
108 147.0 , Est Remaining: 324.0
109 148.4 , Est Remaining: 322.6
110 149.7 , Est Remaining: 321.2
111 151.0 , Est Remaining: 319.7
112 152.4 , Est Remaining: 318.3
113 153.7 , Est Remaining: 316.9
114 155.0 , Est Remaining: 315.4
115 156.3 , Est Remaining: 314.0
116 157.6 , Est Remaining: 312.5
117 159.0 , Est Remaining: 311.1
118 160.3 , Est Remaining: 309.7
119 161.6 , Est Remaining: 308.2
120 162.9 , Est Remaining: 306.8
121 164.2 , Est Remaining: 305.3
EVENT FAILED
121 164.5 , Est Remaining: 305.9
122 165.8 , Est Remaining: 304.4
123 167.0 , Est Remaining: 302.9
124 168.4 , Est Remaining: 301.4
125 169.7 , Est Remaining: 300.0
126 171.0 , Est Remaining: 298.6
127 172.3 , Est Remaining: 297.1
128 173.6 , Est Remaining: 295.7
129 174.9 , Est Remaining: 294.3
EVENT FAILED
129 175.2 , Est Remaining: 294.8
130 176.5 , Est Remaining: 293.3
131 177.9 , Est Remaining: 291.9
132 179.2 , Est Remaining: 290.5
133 180.5 , Est Remaining: 289.1
134 181.8 , Est Remaining: 287.6
135 183.1 , Est Remaining: 286.2
136 184.5 , Est Remaining: 284.8
137 185.8 , Est Remaining: 283.4
138 187.1 , Est Remaining: 282.0
139 188.4 , Est Remaining: 280.6
140 189.8 , Est Remaining: 279.2
141 191.1 , Est Remaining: 277.8
142 192.4 , Est Remaining: 276.4
143 193.8 , Est Remaining: 275.1
144 195.1 , Est Remaining: 273.7
145 196.4 , Est Remaining: 272.3
146 197.7 , Est Remaining: 270.9
147 199.1 , Est Remaining: 269.5
148 200.4 , Est Remaining: 268.1
149 201.7 , Est Remaining: 266.7
150 203.0 , Est Remaining: 265.3
151 204.4 , Est Remaining: 263.9
152 205.7 , Est Remaining: 262.5
153 207.0 , Est Remaining: 261.1
154 208.3 , Est Remaining: 259.7
155 209.6 , Est Remaining: 258.3
156 211.0 , Est Remaining: 257.0
157 212.3 , Est Remaining: 255.6
158 213.6 , Est Remaining: 254.2
159 214.9 , Est Remaining: 252.8
160 216.2 , Est Remaining: 251.4
161 217.6 , Est Remaining: 250.0
162 218.9 , Est Remaining: 248.6
163 220.2 , Est Remaining: 247.2
164 221.5 , Est Remaining: 245.8
165 222.8 , Est Remaining: 244.4
166 224.2 , Est Remaining: 243.1
167 225.5 , Est Remaining: 241.7
168 226.8 , Est Remaining: 240.3
169 228.1 , Est Remaining: 238.9
170 229.4 , Est Remaining: 237.5
171 230.7 , Est Remaining: 236.1
172 232.0 , Est Remaining: 234.7
173 233.4 , Est Remaining: 233.4
174 234.7 , Est Remaining: 232.0
175 236.0 , Est Remaining: 230.6
176 237.3 , Est Remaining: 229.2
177 238.6 , Est Remaining: 227.8
EVENT FAILED
177 238.9 , Est Remaining: 228.1
178 240.2 , Est Remaining: 226.7
179 241.5 , Est Remaining: 225.3
180 242.8 , Est Remaining: 224.0
181 244.2 , Est Remaining: 222.6
182 245.5 , Est Remaining: 221.2
183 246.8 , Est Remaining: 219.8
184 248.1 , Est Remaining: 218.5
185 249.4 , Est Remaining: 217.1
186 250.8 , Est Remaining: 215.7
187 252.1 , Est Remaining: 214.3
188 253.4 , Est Remaining: 213.0
189 254.7 , Est Remaining: 211.6
190 256.1 , Est Remaining: 210.2
191 257.4 , Est Remaining: 208.9
192 258.7 , Est Remaining: 207.5
193 260.0 , Est Remaining: 206.1
194 261.3 , Est Remaining: 204.8
195 262.7 , Est Remaining: 203.4
196 264.0 , Est Remaining: 202.0
197 265.3 , Est Remaining: 200.7
198 266.6 , Est Remaining: 199.3
199 267.9 , Est Remaining: 197.9
200 269.3 , Est Remaining: 196.6
201 270.6 , Est Remaining: 195.2
202 271.9 , Est Remaining: 193.8
203 273.3 , Est Remaining: 192.5
204 274.6 , Est Remaining: 191.2
205 276.0 , Est Remaining: 189.8
206 277.3 , Est Remaining: 188.4
207 278.6 , Est Remaining: 187.1
208 279.9 , Est Remaining: 185.7
EVENT FAILED
208 280.2 , Est Remaining: 185.9
209 281.5 , Est Remaining: 184.5
210 282.8 , Est Remaining: 183.2
211 284.1 , Est Remaining: 181.8
212 285.5 , Est Remaining: 180.4
213 286.8 , Est Remaining: 179.1
214 288.1 , Est Remaining: 177.7
215 289.4 , Est Remaining: 176.3
216 290.7 , Est Remaining: 174.9
217 292.0 , Est Remaining: 173.6
218 293.3 , Est Remaining: 172.2
219 294.7 , Est Remaining: 170.9
220 296.0 , Est Remaining: 169.5
221 297.3 , Est Remaining: 168.2
222 298.6 , Est Remaining: 166.8
223 300.0 , Est Remaining: 165.4
224 301.3 , Est Remaining: 164.1
225 302.6 , Est Remaining: 162.7
226 303.9 , Est Remaining: 161.4
227 305.3 , Est Remaining: 160.0
228 306.6 , Est Remaining: 158.7
229 307.9 , Est Remaining: 157.3
EVENT FAILED
229 308.2 , Est Remaining: 157.5
230 309.5 , Est Remaining: 156.1
231 310.8 , Est Remaining: 154.7
232 312.2 , Est Remaining: 153.4
233 313.5 , Est Remaining: 152.0
234 314.8 , Est Remaining: 150.7
235 316.2 , Est Remaining: 149.3
236 317.5 , Est Remaining: 148.0
237 318.8 , Est Remaining: 146.6
238 320.1 , Est Remaining: 145.3
239 321.4 , Est Remaining: 143.9
240 322.7 , Est Remaining: 142.5
241 324.1 , Est Remaining: 141.2
242 325.3 , Est Remaining: 139.8
EVENT FAILED
242 325.6 , Est Remaining: 139.9
243 326.9 , Est Remaining: 138.6
244 328.3 , Est Remaining: 137.2
245 329.6 , Est Remaining: 135.9
246 330.9 , Est Remaining: 134.5
247 332.2 , Est Remaining: 133.1
248 333.5 , Est Remaining: 131.8
249 334.7 , Est Remaining: 130.4
250 336.1 , Est Remaining: 129.0
251 337.4 , Est Remaining: 127.7
252 338.7 , Est Remaining: 126.3
253 340.0 , Est Remaining: 125.0
254 341.3 , Est Remaining: 123.6
255 342.6 , Est Remaining: 122.3
256 343.9 , Est Remaining: 120.9
257 345.2 , Est Remaining: 119.6
258 346.6 , Est Remaining: 118.2
259 348.1 , Est Remaining: 116.9
260 349.4 , Est Remaining: 115.6
261 350.7 , Est Remaining: 114.2
262 352.0 , Est Remaining: 112.9
263 353.4 , Est Remaining: 111.5
264 354.7 , Est Remaining: 110.2
265 356.0 , Est Remaining: 108.8
266 357.3 , Est Remaining: 107.5
267 358.7 , Est Remaining: 106.1
268 360.0 , Est Remaining: 104.8
269 361.3 , Est Remaining: 103.4
270 362.7 , Est Remaining: 102.1
271 364.0 , Est Remaining: 100.7
272 365.3 , Est Remaining: 99.4
EVENT FAILED
272 365.6 , Est Remaining: 99.5
273 367.0 , Est Remaining: 98.1
EVENT FAILED
273 367.2 , Est Remaining: 98.2
274 368.6 , Est Remaining: 96.8
275 369.9 , Est Remaining: 95.5
276 371.2 , Est Remaining: 94.1
277 372.5 , Est Remaining: 92.8
278 373.9 , Est Remaining: 91.4
279 375.2 , Est Remaining: 90.1
280 376.5 , Est Remaining: 88.8
281 377.8 , Est Remaining: 87.4
282 379.2 , Est Remaining: 86.1
283 380.5 , Est Remaining: 84.7
284 381.8 , Est Remaining: 83.4
285 383.2 , Est Remaining: 82.0
286 384.5 , Est Remaining: 80.7
287 385.8 , Est Remaining: 79.3
288 387.1 , Est Remaining: 78.0
289 388.5 , Est Remaining: 76.6
290 389.8 , Est Remaining: 75.3
291 391.1 , Est Remaining: 73.9
292 392.5 , Est Remaining: 72.6
293 393.8 , Est Remaining: 71.2
294 395.1 , Est Remaining: 69.9
295 396.4 , Est Remaining: 68.5
296 397.8 , Est Remaining: 67.2
297 399.1 , Est Remaining: 65.8
298 400.4 , Est Remaining: 64.5
299 401.7 , Est Remaining: 63.1
300 403.0 , Est Remaining: 61.8
301 404.4 , Est Remaining: 60.5
302 405.8 , Est Remaining: 59.1
303 407.2 , Est Remaining: 57.8
304 408.5 , Est Remaining: 56.4
305 409.8 , Est Remaining: 55.1
306 411.1 , Est Remaining: 53.7
307 412.4 , Est Remaining: 52.4
308 413.8 , Est Remaining: 51.1
309 415.1 , Est Remaining: 49.7
310 416.4 , Est Remaining: 48.4
311 417.7 , Est Remaining: 47.0
312 419.1 , Est Remaining: 45.7
313 420.4 , Est Remaining: 44.3
314 421.7 , Est Remaining: 43.0
315 423.0 , Est Remaining: 41.6
316 424.4 , Est Remaining: 40.3
317 425.7 , Est Remaining: 38.9
318 427.0 , Est Remaining: 37.6
EVENT FAILED
318 427.3 , Est Remaining: 37.6
319 428.7 , Est Remaining: 36.3
320 430.0 , Est Remaining: 34.9
321 431.3 , Est Remaining: 33.6
322 432.6 , Est Remaining: 32.2
323 434.0 , Est Remaining: 30.9
324 435.3 , Est Remaining: 29.6
EVENT FAILED
324 435.6 , Est Remaining: 29.6
325 436.9 , Est Remaining: 28.2
326 438.2 , Est Remaining: 26.9
