Note: NumExpr detected 32 cores but "NUMEXPR_MAX_THREADS" not set, so enforcing safe limit of 8.
Using selector: EpollSelector
/n/home02/jhaefner/miniconda/envs/IC-3.7-2020-06-16/lib/python3.7/site-packages/scipy/optimize/minpack.py:808: OptimizeWarning: Covariance of the parameters could not be estimated
  category=OptimizeWarning)
Total rwfs: 346
0 0.0 , Est Remaining: 999999.9
1 1.5 , Est Remaining: 527.7
2 3.0 , Est Remaining: 522.2
3 4.6 , Est Remaining: 521.8
4 6.1 , Est Remaining: 518.8
5 7.6 , Est Remaining: 516.2
6 9.1 , Est Remaining: 513.0
7 10.5 , Est Remaining: 509.3
8 12.0 , Est Remaining: 506.3
9 13.4 , Est Remaining: 502.8
10 14.9 , Est Remaining: 501.3
11 16.4 , Est Remaining: 499.7
12 17.9 , Est Remaining: 497.6
13 19.3 , Est Remaining: 495.4
14 20.8 , Est Remaining: 493.3
15 22.3 , Est Remaining: 491.6
16 23.7 , Est Remaining: 489.3
17 25.2 , Est Remaining: 487.1
18 26.6 , Est Remaining: 484.9
19 28.1 , Est Remaining: 483.5
20 29.6 , Est Remaining: 482.1
21 31.0 , Est Remaining: 480.3
22 32.6 , Est Remaining: 480.3
23 34.1 , Est Remaining: 478.6
24 35.6 , Est Remaining: 477.1
25 37.0 , Est Remaining: 475.2
26 38.5 , Est Remaining: 473.6
27 39.9 , Est Remaining: 471.6
28 41.4 , Est Remaining: 469.9
29 42.8 , Est Remaining: 468.1
30 44.3 , Est Remaining: 466.3
31 45.7 , Est Remaining: 464.6
32 47.2 , Est Remaining: 462.7
33 48.6 , Est Remaining: 460.7
34 50.0 , Est Remaining: 458.9
EVENT FAILED
34 50.3 , Est Remaining: 461.8
35 51.8 , Est Remaining: 460.2
36 53.2 , Est Remaining: 458.4
37 54.7 , Est Remaining: 456.5
38 56.1 , Est Remaining: 454.9
39 57.6 , Est Remaining: 453.2
40 59.0 , Est Remaining: 451.4
41 60.4 , Est Remaining: 449.7
42 61.9 , Est Remaining: 448.1
43 63.3 , Est Remaining: 446.3
44 64.8 , Est Remaining: 444.5
45 66.2 , Est Remaining: 442.8
46 67.6 , Est Remaining: 441.1
47 69.1 , Est Remaining: 439.4
48 70.5 , Est Remaining: 437.7
49 71.9 , Est Remaining: 436.0
50 73.4 , Est Remaining: 434.4
51 74.8 , Est Remaining: 432.8
52 76.3 , Est Remaining: 431.2
53 77.7 , Est Remaining: 429.5
54 79.1 , Est Remaining: 428.0
EVENT FAILED
54 79.5 , Est Remaining: 429.6
55 80.9 , Est Remaining: 428.0
56 82.3 , Est Remaining: 426.4
57 83.8 , Est Remaining: 424.7
58 85.2 , Est Remaining: 423.2
59 86.7 , Est Remaining: 421.7
60 88.2 , Est Remaining: 420.3
61 89.6 , Est Remaining: 418.8
62 91.1 , Est Remaining: 417.2
63 92.6 , Est Remaining: 415.8
64 94.0 , Est Remaining: 414.3
65 95.5 , Est Remaining: 412.8
66 97.0 , Est Remaining: 411.4
67 98.4 , Est Remaining: 410.0
68 99.9 , Est Remaining: 408.6
69 101.4 , Est Remaining: 407.1
70 102.9 , Est Remaining: 405.8
71 104.4 , Est Remaining: 404.4
72 105.9 , Est Remaining: 403.0
73 107.4 , Est Remaining: 401.5
74 108.8 , Est Remaining: 400.1
75 110.3 , Est Remaining: 398.6
76 111.8 , Est Remaining: 397.1
77 113.2 , Est Remaining: 395.6
78 114.7 , Est Remaining: 394.1
79 116.2 , Est Remaining: 392.7
80 117.6 , Est Remaining: 391.2
81 119.1 , Est Remaining: 389.6
82 120.6 , Est Remaining: 388.2
83 122.0 , Est Remaining: 386.6
84 123.5 , Est Remaining: 385.2
85 124.9 , Est Remaining: 383.6
86 126.4 , Est Remaining: 382.0
87 127.8 , Est Remaining: 380.4
88 129.2 , Est Remaining: 378.9
EVENT FAILED
88 129.5 , Est Remaining: 379.8
EVENT FAILED
88 129.8 , Est Remaining: 380.7
89 131.3 , Est Remaining: 379.2
90 132.8 , Est Remaining: 377.7
91 134.3 , Est Remaining: 376.2
92 135.8 , Est Remaining: 374.8
93 137.2 , Est Remaining: 373.3
94 138.7 , Est Remaining: 371.8
95 140.1 , Est Remaining: 370.2
96 141.6 , Est Remaining: 368.7
97 143.1 , Est Remaining: 367.3
98 144.5 , Est Remaining: 365.8
99 146.0 , Est Remaining: 364.3
100 147.5 , Est Remaining: 362.8
101 149.0 , Est Remaining: 361.3
102 150.5 , Est Remaining: 360.1
103 152.0 , Est Remaining: 358.6
104 153.5 , Est Remaining: 357.1
105 154.9 , Est Remaining: 355.6
106 156.4 , Est Remaining: 354.2
107 157.9 , Est Remaining: 352.7
108 159.4 , Est Remaining: 351.2
109 160.8 , Est Remaining: 349.7
110 162.3 , Est Remaining: 348.2
111 163.8 , Est Remaining: 346.7
112 165.2 , Est Remaining: 345.2
113 166.7 , Est Remaining: 343.7
114 168.1 , Est Remaining: 342.1
115 169.6 , Est Remaining: 340.6
116 171.0 , Est Remaining: 339.1
117 172.5 , Est Remaining: 337.6
118 173.9 , Est Remaining: 336.0
119 175.4 , Est Remaining: 334.5
120 176.8 , Est Remaining: 333.0
121 178.3 , Est Remaining: 331.5
122 179.7 , Est Remaining: 330.0
123 181.2 , Est Remaining: 328.5
124 182.7 , Est Remaining: 327.0
125 184.1 , Est Remaining: 325.5
126 185.6 , Est Remaining: 324.0
127 187.0 , Est Remaining: 322.5
128 188.5 , Est Remaining: 321.0
129 189.9 , Est Remaining: 319.5
130 191.4 , Est Remaining: 318.0
131 192.8 , Est Remaining: 316.5
132 194.3 , Est Remaining: 314.9
133 195.7 , Est Remaining: 313.4
134 197.1 , Est Remaining: 311.9
135 198.6 , Est Remaining: 310.4
136 200.1 , Est Remaining: 308.9
EVENT FAILED
136 200.4 , Est Remaining: 309.4
137 201.8 , Est Remaining: 307.9
138 203.2 , Est Remaining: 306.3
139 204.7 , Est Remaining: 304.8
140 206.2 , Est Remaining: 303.4
141 207.6 , Est Remaining: 301.8
142 209.0 , Est Remaining: 300.3
143 210.5 , Est Remaining: 298.8
144 211.9 , Est Remaining: 297.2
145 213.4 , Est Remaining: 295.8
146 214.8 , Est Remaining: 294.3
147 216.2 , Est Remaining: 292.7
148 217.7 , Est Remaining: 291.2
149 219.1 , Est Remaining: 289.7
150 220.6 , Est Remaining: 288.2
151 222.0 , Est Remaining: 286.7
152 223.5 , Est Remaining: 285.2
153 224.9 , Est Remaining: 283.7
154 226.3 , Est Remaining: 282.2
155 227.8 , Est Remaining: 280.7
156 229.2 , Est Remaining: 279.2
EVENT FAILED
156 229.5 , Est Remaining: 279.6
157 231.0 , Est Remaining: 278.1
158 232.4 , Est Remaining: 276.6
159 233.9 , Est Remaining: 275.1
160 235.3 , Est Remaining: 273.6
161 236.8 , Est Remaining: 272.1
162 238.2 , Est Remaining: 270.6
163 239.6 , Est Remaining: 269.0
164 241.1 , Est Remaining: 267.5
165 242.5 , Est Remaining: 266.0
EVENT FAILED
165 242.8 , Est Remaining: 266.3
166 244.2 , Est Remaining: 264.8
167 245.7 , Est Remaining: 263.3
168 247.1 , Est Remaining: 261.8
169 248.5 , Est Remaining: 260.3
170 250.0 , Est Remaining: 258.8
171 251.4 , Est Remaining: 257.3
172 252.9 , Est Remaining: 255.8
173 254.3 , Est Remaining: 254.3
174 255.7 , Est Remaining: 252.8
175 257.1 , Est Remaining: 251.3
176 258.6 , Est Remaining: 249.8
177 260.0 , Est Remaining: 248.3
178 261.5 , Est Remaining: 246.8
179 262.9 , Est Remaining: 245.3
180 264.4 , Est Remaining: 243.8
181 265.8 , Est Remaining: 242.3
182 267.3 , Est Remaining: 240.9
183 268.7 , Est Remaining: 239.4
184 270.2 , Est Remaining: 237.9
185 271.6 , Est Remaining: 236.4
186 273.1 , Est Remaining: 234.9
187 274.6 , Est Remaining: 233.4
188 276.0 , Est Remaining: 232.0
189 277.5 , Est Remaining: 230.5
190 278.9 , Est Remaining: 229.0
191 280.4 , Est Remaining: 227.5
192 281.8 , Est Remaining: 226.1
193 283.3 , Est Remaining: 224.6
194 284.7 , Est Remaining: 223.1
195 286.2 , Est Remaining: 221.6
196 287.6 , Est Remaining: 220.1
197 289.1 , Est Remaining: 218.6
198 290.5 , Est Remaining: 217.1
199 291.9 , Est Remaining: 215.6
200 293.4 , Est Remaining: 214.2
201 294.8 , Est Remaining: 212.7
EVENT FAILED
201 295.1 , Est Remaining: 212.9
202 296.7 , Est Remaining: 211.5
203 298.1 , Est Remaining: 210.0
204 299.5 , Est Remaining: 208.5
205 301.0 , Est Remaining: 207.0
206 302.4 , Est Remaining: 205.5
207 303.8 , Est Remaining: 204.0
208 305.2 , Est Remaining: 202.5
209 306.7 , Est Remaining: 201.0
210 308.1 , Est Remaining: 199.5
211 309.5 , Est Remaining: 198.0
212 310.9 , Est Remaining: 196.5
213 312.3 , Est Remaining: 195.0
214 313.7 , Est Remaining: 193.5
215 315.1 , Est Remaining: 192.0
216 316.5 , Est Remaining: 190.5
217 317.9 , Est Remaining: 189.0
218 319.3 , Est Remaining: 187.5
219 320.7 , Est Remaining: 186.0
220 322.1 , Est Remaining: 184.5
221 323.5 , Est Remaining: 183.0
222 324.9 , Est Remaining: 181.5
223 326.3 , Est Remaining: 180.0
224 327.7 , Est Remaining: 178.5
225 329.1 , Est Remaining: 177.0
226 330.5 , Est Remaining: 175.5
227 331.9 , Est Remaining: 174.0
228 333.3 , Est Remaining: 172.5
229 334.7 , Est Remaining: 171.0
230 336.1 , Est Remaining: 169.5
231 337.5 , Est Remaining: 168.0
232 338.9 , Est Remaining: 166.5
233 340.3 , Est Remaining: 165.0
234 341.6 , Est Remaining: 163.5
235 343.0 , Est Remaining: 162.0
236 344.4 , Est Remaining: 160.5
237 345.8 , Est Remaining: 159.0
238 347.2 , Est Remaining: 157.6
239 348.6 , Est Remaining: 156.1
240 350.0 , Est Remaining: 154.6
241 351.4 , Est Remaining: 153.1
242 352.8 , Est Remaining: 151.6
243 354.2 , Est Remaining: 150.1
244 355.6 , Est Remaining: 148.6
245 357.0 , Est Remaining: 147.2
246 358.4 , Est Remaining: 145.7
247 359.7 , Est Remaining: 144.2
248 361.1 , Est Remaining: 142.7
249 362.5 , Est Remaining: 141.2
250 363.9 , Est Remaining: 139.7
251 365.3 , Est Remaining: 138.2
252 366.6 , Est Remaining: 136.8
253 368.0 , Est Remaining: 135.3
254 369.4 , Est Remaining: 133.8
255 370.8 , Est Remaining: 132.3
256 372.2 , Est Remaining: 130.9
257 373.6 , Est Remaining: 129.4
258 375.0 , Est Remaining: 127.9
259 376.4 , Est Remaining: 126.4
260 377.7 , Est Remaining: 124.9
261 379.1 , Est Remaining: 123.5
262 380.5 , Est Remaining: 122.0
263 381.9 , Est Remaining: 120.5
264 383.3 , Est Remaining: 119.0
265 384.6 , Est Remaining: 117.6
266 386.0 , Est Remaining: 116.1
267 387.4 , Est Remaining: 114.6
268 388.8 , Est Remaining: 113.2
269 390.2 , Est Remaining: 111.7
270 391.6 , Est Remaining: 110.2
271 393.1 , Est Remaining: 108.8
272 394.5 , Est Remaining: 107.3
273 395.9 , Est Remaining: 105.9
274 397.3 , Est Remaining: 104.4
275 398.7 , Est Remaining: 102.9
276 400.2 , Est Remaining: 101.5
277 401.6 , Est Remaining: 100.0
EVENT FAILED
277 401.9 , Est Remaining: 100.1
278 403.3 , Est Remaining: 98.7
279 404.7 , Est Remaining: 97.2
280 406.1 , Est Remaining: 95.7
281 407.6 , Est Remaining: 94.3
282 409.0 , Est Remaining: 92.8
EVENT FAILED
282 409.3 , Est Remaining: 92.9
283 410.7 , Est Remaining: 91.4
284 412.1 , Est Remaining: 90.0
285 413.5 , Est Remaining: 88.5
286 414.9 , Est Remaining: 87.0
287 416.3 , Est Remaining: 85.6
288 417.7 , Est Remaining: 84.1
289 419.2 , Est Remaining: 82.7
290 420.6 , Est Remaining: 81.2
291 422.0 , Est Remaining: 79.8
292 423.5 , Est Remaining: 78.3
293 424.9 , Est Remaining: 76.9
294 426.3 , Est Remaining: 75.4
295 427.7 , Est Remaining: 73.9
296 429.2 , Est Remaining: 72.5
EVENT FAILED
296 429.5 , Est Remaining: 72.5
297 430.9 , Est Remaining: 71.1
298 432.4 , Est Remaining: 69.6
299 433.8 , Est Remaining: 68.2
300 435.2 , Est Remaining: 66.7
301 436.6 , Est Remaining: 65.3
302 438.2 , Est Remaining: 63.8
303 439.6 , Est Remaining: 62.4
304 441.0 , Est Remaining: 60.9
305 442.3 , Est Remaining: 59.5
306 443.7 , Est Remaining: 58.0
307 445.1 , Est Remaining: 56.5
308 446.5 , Est Remaining: 55.1
309 447.9 , Est Remaining: 53.6
310 449.2 , Est Remaining: 52.2
311 450.6 , Est Remaining: 50.7
312 452.0 , Est Remaining: 49.3
313 453.4 , Est Remaining: 47.8
314 454.7 , Est Remaining: 46.3
315 456.1 , Est Remaining: 44.9
316 457.5 , Est Remaining: 43.4
317 458.8 , Est Remaining: 42.0
318 460.2 , Est Remaining: 40.5
319 461.5 , Est Remaining: 39.1
320 462.9 , Est Remaining: 37.6
321 464.3 , Est Remaining: 36.2
322 465.6 , Est Remaining: 34.7
323 467.0 , Est Remaining: 33.3
324 468.3 , Est Remaining: 31.8
325 469.7 , Est Remaining: 30.3
326 471.0 , Est Remaining: 28.9
327 472.4 , Est Remaining: 27.4
328 473.7 , Est Remaining: 26.0
329 475.1 , Est Remaining: 24.5
330 476.4 , Est Remaining: 23.1
331 477.7 , Est Remaining: 21.6
332 479.1 , Est Remaining: 20.2
333 480.4 , Est Remaining: 18.8
EVENT FAILED
333 480.7 , Est Remaining: 18.8
