Note: NumExpr detected 32 cores but "NUMEXPR_MAX_THREADS" not set, so enforcing safe limit of 8.
Using selector: EpollSelector
/n/home02/jhaefner/miniconda/envs/IC-3.7-2020-06-16/lib/python3.7/site-packages/scipy/optimize/minpack.py:808: OptimizeWarning: Covariance of the parameters could not be estimated
  category=OptimizeWarning)
Total rwfs: 346
0 0.0 , Est Remaining: 999999.9
1 1.5 , Est Remaining: 524.3
2 3.0 , Est Remaining: 517.0
3 4.5 , Est Remaining: 517.9
4 6.0 , Est Remaining: 514.3
5 7.5 , Est Remaining: 510.2
6 8.9 , Est Remaining: 507.1
7 10.4 , Est Remaining: 504.2
8 11.9 , Est Remaining: 502.3
9 13.3 , Est Remaining: 499.7
10 14.8 , Est Remaining: 497.6
11 16.3 , Est Remaining: 495.4
12 17.7 , Est Remaining: 493.6
13 19.2 , Est Remaining: 491.4
14 20.6 , Est Remaining: 489.5
15 22.1 , Est Remaining: 487.9
16 23.6 , Est Remaining: 486.3
17 25.0 , Est Remaining: 484.2
18 26.5 , Est Remaining: 482.1
19 27.9 , Est Remaining: 480.2
20 29.4 , Est Remaining: 478.6
21 30.8 , Est Remaining: 476.9
22 32.3 , Est Remaining: 475.3
23 33.7 , Est Remaining: 473.5
24 35.2 , Est Remaining: 471.9
25 36.6 , Est Remaining: 470.3
26 38.1 , Est Remaining: 469.1
27 39.6 , Est Remaining: 467.9
28 41.1 , Est Remaining: 466.7
EVENT FAILED
28 41.4 , Est Remaining: 470.2
29 42.9 , Est Remaining: 468.6
30 44.3 , Est Remaining: 466.7
31 45.7 , Est Remaining: 464.7
32 47.2 , Est Remaining: 463.0
33 48.6 , Est Remaining: 461.3
34 50.1 , Est Remaining: 459.6
35 51.6 , Est Remaining: 458.2
36 53.0 , Est Remaining: 456.6
37 54.5 , Est Remaining: 455.0
EVENT FAILED
37 54.8 , Est Remaining: 457.7
38 56.2 , Est Remaining: 455.7
39 57.7 , Est Remaining: 453.9
40 59.1 , Est Remaining: 452.2
41 60.6 , Est Remaining: 450.5
42 62.0 , Est Remaining: 448.8
43 63.5 , Est Remaining: 447.1
44 64.9 , Est Remaining: 445.7
45 66.4 , Est Remaining: 444.2
46 67.9 , Est Remaining: 442.5
47 69.3 , Est Remaining: 440.9
48 70.8 , Est Remaining: 439.3
EVENT FAILED
48 71.1 , Est Remaining: 441.2
49 72.5 , Est Remaining: 439.5
50 74.0 , Est Remaining: 437.9
51 75.4 , Est Remaining: 436.3
52 76.9 , Est Remaining: 434.7
53 78.3 , Est Remaining: 433.1
54 79.8 , Est Remaining: 431.4
55 81.2 , Est Remaining: 429.8
56 82.7 , Est Remaining: 428.2
57 84.1 , Est Remaining: 426.5
58 85.6 , Est Remaining: 425.0
59 87.0 , Est Remaining: 423.4
60 88.5 , Est Remaining: 421.8
61 89.9 , Est Remaining: 420.2
62 91.4 , Est Remaining: 418.6
63 92.8 , Est Remaining: 417.0
64 94.3 , Est Remaining: 415.5
65 95.8 , Est Remaining: 414.0
66 97.2 , Est Remaining: 412.4
67 98.7 , Est Remaining: 410.9
68 100.1 , Est Remaining: 409.3
69 101.6 , Est Remaining: 407.7
70 103.0 , Est Remaining: 406.3
71 104.5 , Est Remaining: 404.7
72 106.0 , Est Remaining: 403.2
EVENT FAILED
72 106.3 , Est Remaining: 404.7
73 107.8 , Est Remaining: 403.2
74 109.3 , Est Remaining: 401.7
75 110.8 , Est Remaining: 400.3
76 112.3 , Est Remaining: 398.8
77 113.7 , Est Remaining: 397.3
78 115.2 , Est Remaining: 395.8
79 116.7 , Est Remaining: 394.4
80 118.2 , Est Remaining: 393.0
81 119.7 , Est Remaining: 391.5
82 121.1 , Est Remaining: 389.9
83 122.6 , Est Remaining: 388.4
84 124.0 , Est Remaining: 386.9
85 125.5 , Est Remaining: 385.4
86 126.9 , Est Remaining: 383.8
87 128.4 , Est Remaining: 382.2
88 129.8 , Est Remaining: 380.6
89 131.3 , Est Remaining: 379.1
90 132.7 , Est Remaining: 377.5
91 134.1 , Est Remaining: 375.9
92 135.6 , Est Remaining: 374.3
93 137.0 , Est Remaining: 372.8
94 138.5 , Est Remaining: 371.2
95 139.9 , Est Remaining: 369.7
96 141.4 , Est Remaining: 368.1
97 142.8 , Est Remaining: 366.6
98 144.3 , Est Remaining: 365.1
99 145.7 , Est Remaining: 363.6
100 147.2 , Est Remaining: 362.1
101 148.6 , Est Remaining: 360.5
102 150.1 , Est Remaining: 359.0
103 151.6 , Est Remaining: 357.7
104 153.0 , Est Remaining: 356.1
105 154.5 , Est Remaining: 354.6
106 156.0 , Est Remaining: 353.1
107 157.4 , Est Remaining: 351.5
108 158.8 , Est Remaining: 350.0
109 160.3 , Est Remaining: 348.5
110 161.7 , Est Remaining: 347.0
111 163.2 , Est Remaining: 345.4
112 164.6 , Est Remaining: 343.9
113 166.0 , Est Remaining: 342.4
114 167.5 , Est Remaining: 340.9
115 169.0 , Est Remaining: 339.4
116 170.4 , Est Remaining: 337.9
117 171.8 , Est Remaining: 336.3
EVENT FAILED
117 172.1 , Est Remaining: 336.9
118 173.6 , Est Remaining: 335.4
119 175.0 , Est Remaining: 333.8
120 176.4 , Est Remaining: 332.3
EVENT FAILED
120 176.8 , Est Remaining: 332.9
121 178.2 , Est Remaining: 331.4
122 179.6 , Est Remaining: 329.8
123 181.1 , Est Remaining: 328.3
124 182.5 , Est Remaining: 326.7
125 184.0 , Est Remaining: 325.2
126 185.4 , Est Remaining: 323.7
127 186.9 , Est Remaining: 322.2
128 188.3 , Est Remaining: 320.7
129 189.7 , Est Remaining: 319.2
130 191.2 , Est Remaining: 317.7
131 192.7 , Est Remaining: 316.2
132 194.1 , Est Remaining: 314.7
133 195.6 , Est Remaining: 313.2
134 197.0 , Est Remaining: 311.7
135 198.5 , Est Remaining: 310.3
136 200.0 , Est Remaining: 308.8
137 201.4 , Est Remaining: 307.3
138 202.9 , Est Remaining: 305.8
139 204.4 , Est Remaining: 304.4
140 205.8 , Est Remaining: 302.9
141 207.3 , Est Remaining: 301.4
142 208.8 , Est Remaining: 299.9
143 210.2 , Est Remaining: 298.5
144 211.7 , Est Remaining: 297.0
145 213.2 , Est Remaining: 295.6
EVENT FAILED
145 213.5 , Est Remaining: 296.0
146 215.0 , Est Remaining: 294.5
147 216.5 , Est Remaining: 293.0
148 217.9 , Est Remaining: 291.5
149 219.4 , Est Remaining: 290.0
150 220.8 , Est Remaining: 288.6
151 222.3 , Est Remaining: 287.1
152 223.7 , Est Remaining: 285.6
153 225.2 , Est Remaining: 284.1
154 226.7 , Est Remaining: 282.6
155 228.2 , Est Remaining: 281.2
156 229.7 , Est Remaining: 279.7
157 231.0 , Est Remaining: 278.1
158 232.4 , Est Remaining: 276.6
159 233.9 , Est Remaining: 275.1
160 235.4 , Est Remaining: 273.6
161 236.8 , Est Remaining: 272.1
162 238.3 , Est Remaining: 270.6
163 239.7 , Est Remaining: 269.2
164 241.2 , Est Remaining: 267.7
165 242.7 , Est Remaining: 266.3
166 244.2 , Est Remaining: 264.8
167 245.6 , Est Remaining: 263.3
168 247.1 , Est Remaining: 261.8
EVENT FAILED
168 247.5 , Est Remaining: 262.3
169 249.0 , Est Remaining: 260.8
170 250.5 , Est Remaining: 259.3
EVENT FAILED
170 250.8 , Est Remaining: 259.6
171 252.3 , Est Remaining: 258.2
172 253.7 , Est Remaining: 256.7
173 255.2 , Est Remaining: 255.2
174 256.6 , Est Remaining: 253.7
175 258.1 , Est Remaining: 252.2
176 259.6 , Est Remaining: 250.7
177 261.0 , Est Remaining: 249.2
178 262.5 , Est Remaining: 247.7
179 263.9 , Est Remaining: 246.3
180 265.4 , Est Remaining: 244.8
181 266.9 , Est Remaining: 243.3
182 268.4 , Est Remaining: 241.8
183 269.8 , Est Remaining: 240.4
184 271.3 , Est Remaining: 238.9
185 272.8 , Est Remaining: 237.4
186 274.2 , Est Remaining: 235.9
187 275.7 , Est Remaining: 234.4
EVENT FAILED
187 276.0 , Est Remaining: 234.7
188 277.4 , Est Remaining: 233.2
189 278.9 , Est Remaining: 231.6
190 280.3 , Est Remaining: 230.1
191 281.7 , Est Remaining: 228.6
192 283.1 , Est Remaining: 227.1
193 284.5 , Est Remaining: 225.6
194 286.0 , Est Remaining: 224.0
195 287.4 , Est Remaining: 222.5
196 288.8 , Est Remaining: 221.0
197 290.2 , Est Remaining: 219.5
198 291.7 , Est Remaining: 218.0
199 293.1 , Est Remaining: 216.5
200 294.5 , Est Remaining: 215.0
201 295.9 , Est Remaining: 213.5
202 297.3 , Est Remaining: 212.0
203 298.9 , Est Remaining: 210.5
204 300.3 , Est Remaining: 209.0
205 301.7 , Est Remaining: 207.5
206 303.2 , Est Remaining: 206.0
207 304.6 , Est Remaining: 204.5
208 306.0 , Est Remaining: 203.0
209 307.4 , Est Remaining: 201.5
210 308.8 , Est Remaining: 200.0
211 310.2 , Est Remaining: 198.5
212 311.7 , Est Remaining: 197.0
213 313.1 , Est Remaining: 195.5
214 314.5 , Est Remaining: 194.0
EVENT FAILED
214 314.8 , Est Remaining: 194.2
215 316.3 , Est Remaining: 192.7
216 317.7 , Est Remaining: 191.2
217 319.1 , Est Remaining: 189.7
218 320.5 , Est Remaining: 188.2
219 321.9 , Est Remaining: 186.7
220 323.3 , Est Remaining: 185.2
221 324.7 , Est Remaining: 183.7
222 326.1 , Est Remaining: 182.2
223 327.5 , Est Remaining: 180.7
224 328.9 , Est Remaining: 179.2
225 330.3 , Est Remaining: 177.7
226 331.7 , Est Remaining: 176.1
227 333.1 , Est Remaining: 174.6
228 334.5 , Est Remaining: 173.1
229 335.9 , Est Remaining: 171.6
230 337.3 , Est Remaining: 170.1
EVENT FAILED
230 337.6 , Est Remaining: 170.3
231 339.0 , Est Remaining: 168.8
232 340.4 , Est Remaining: 167.3
233 341.8 , Est Remaining: 165.8
234 343.2 , Est Remaining: 164.3
235 344.6 , Est Remaining: 162.8
236 346.0 , Est Remaining: 161.3
237 347.4 , Est Remaining: 159.8
238 348.8 , Est Remaining: 158.3
239 350.2 , Est Remaining: 156.8
240 351.6 , Est Remaining: 155.3
EVENT FAILED
240 351.9 , Est Remaining: 155.4
241 353.3 , Est Remaining: 153.9
242 354.7 , Est Remaining: 152.5
243 356.1 , Est Remaining: 151.0
244 357.5 , Est Remaining: 149.5
245 358.9 , Est Remaining: 148.0
246 360.3 , Est Remaining: 146.5
247 361.7 , Est Remaining: 145.0
248 363.1 , Est Remaining: 143.5
249 364.5 , Est Remaining: 142.0
250 365.9 , Est Remaining: 140.5
251 367.3 , Est Remaining: 139.0
252 368.8 , Est Remaining: 137.6
253 370.2 , Est Remaining: 136.1
254 371.6 , Est Remaining: 134.6
255 373.0 , Est Remaining: 133.1
256 374.4 , Est Remaining: 131.6
257 375.9 , Est Remaining: 130.2
258 377.3 , Est Remaining: 128.7
259 378.7 , Est Remaining: 127.2
EVENT FAILED
259 379.0 , Est Remaining: 127.3
260 380.4 , Est Remaining: 125.8
261 381.9 , Est Remaining: 124.4
262 383.3 , Est Remaining: 122.9
263 384.7 , Est Remaining: 121.4
264 386.1 , Est Remaining: 119.9
265 387.6 , Est Remaining: 118.5
266 389.0 , Est Remaining: 117.0
267 390.4 , Est Remaining: 115.5
268 391.8 , Est Remaining: 114.0
269 393.1 , Est Remaining: 112.5
270 394.5 , Est Remaining: 111.0
271 395.9 , Est Remaining: 109.6
272 397.3 , Est Remaining: 108.1
273 398.7 , Est Remaining: 106.6
274 400.1 , Est Remaining: 105.1
275 401.4 , Est Remaining: 103.6
276 402.8 , Est Remaining: 102.2
277 404.2 , Est Remaining: 100.7
278 405.6 , Est Remaining: 99.2
279 407.0 , Est Remaining: 97.7
280 408.4 , Est Remaining: 96.3
281 409.7 , Est Remaining: 94.8
282 411.1 , Est Remaining: 93.3
283 412.5 , Est Remaining: 91.8
284 413.8 , Est Remaining: 90.3
EVENT FAILED
284 414.2 , Est Remaining: 90.4
285 415.6 , Est Remaining: 88.9
286 417.0 , Est Remaining: 87.5
287 418.4 , Est Remaining: 86.0
288 419.8 , Est Remaining: 84.5
289 421.1 , Est Remaining: 83.1
290 422.5 , Est Remaining: 81.6
291 423.9 , Est Remaining: 80.1
292 425.2 , Est Remaining: 78.6
293 426.6 , Est Remaining: 77.2
294 428.0 , Est Remaining: 75.7
295 429.4 , Est Remaining: 74.2
296 430.8 , Est Remaining: 72.8
297 432.2 , Est Remaining: 71.3
298 433.5 , Est Remaining: 69.8
299 434.9 , Est Remaining: 68.4
300 436.3 , Est Remaining: 66.9
301 437.6 , Est Remaining: 65.4
302 439.1 , Est Remaining: 64.0
303 440.5 , Est Remaining: 62.5
304 441.8 , Est Remaining: 61.0
305 443.2 , Est Remaining: 59.6
306 444.6 , Est Remaining: 58.1
307 446.0 , Est Remaining: 56.7
308 447.3 , Est Remaining: 55.2
EVENT FAILED
308 447.6 , Est Remaining: 55.2
309 449.0 , Est Remaining: 53.8
EVENT FAILED
309 449.3 , Est Remaining: 53.8
310 450.7 , Est Remaining: 52.3
311 452.0 , Est Remaining: 50.9
312 453.4 , Est Remaining: 49.4
313 454.8 , Est Remaining: 47.9
314 456.1 , Est Remaining: 46.5
315 457.5 , Est Remaining: 45.0
316 458.8 , Est Remaining: 43.6
317 460.2 , Est Remaining: 42.1
EVENT FAILED
317 460.5 , Est Remaining: 42.1
318 461.9 , Est Remaining: 40.7
319 463.2 , Est Remaining: 39.2
320 464.6 , Est Remaining: 37.7
321 465.9 , Est Remaining: 36.3
322 467.3 , Est Remaining: 34.8
323 468.7 , Est Remaining: 33.4
324 470.1 , Est Remaining: 31.9
325 471.5 , Est Remaining: 30.5
326 472.8 , Est Remaining: 29.0
327 474.2 , Est Remaining: 27.6
