Note: NumExpr detected 32 cores but "NUMEXPR_MAX_THREADS" not set, so enforcing safe limit of 8.
Using selector: EpollSelector
/n/home02/jhaefner/miniconda/envs/IC-3.7-2020-06-16/lib/python3.7/site-packages/scipy/optimize/minpack.py:808: OptimizeWarning: Covariance of the parameters could not be estimated
  category=OptimizeWarning)
Total rwfs: 346
0 0.0 , Est Remaining: 999999.9
1 1.5 , Est Remaining: 507.6
2 3.0 , Est Remaining: 509.6
3 4.4 , Est Remaining: 508.4
4 5.9 , Est Remaining: 503.4
5 7.3 , Est Remaining: 499.4
6 8.8 , Est Remaining: 497.0
7 10.2 , Est Remaining: 494.3
8 11.6 , Est Remaining: 491.8
9 13.0 , Est Remaining: 488.6
10 14.5 , Est Remaining: 487.6
11 15.9 , Est Remaining: 485.1
12 17.4 , Est Remaining: 483.9
EVENT FAILED
12 17.7 , Est Remaining: 492.5
13 19.1 , Est Remaining: 490.5
14 20.6 , Est Remaining: 489.2
15 22.1 , Est Remaining: 487.9
EVENT FAILED
15 22.4 , Est Remaining: 495.1
16 23.9 , Est Remaining: 493.2
17 25.4 , Est Remaining: 491.3
18 26.8 , Est Remaining: 489.2
19 28.3 , Est Remaining: 487.4
20 29.8 , Est Remaining: 485.6
21 31.3 , Est Remaining: 483.9
22 32.7 , Est Remaining: 482.2
23 34.2 , Est Remaining: 480.5
24 35.7 , Est Remaining: 478.8
25 37.2 , Est Remaining: 477.4
26 38.7 , Est Remaining: 476.2
EVENT FAILED
26 39.0 , Est Remaining: 480.2
27 40.5 , Est Remaining: 478.1
28 41.9 , Est Remaining: 476.2
29 43.4 , Est Remaining: 474.4
30 44.9 , Est Remaining: 472.8
31 46.4 , Est Remaining: 471.1
32 47.8 , Est Remaining: 469.5
33 49.3 , Est Remaining: 467.9
34 50.8 , Est Remaining: 466.3
35 52.3 , Est Remaining: 464.7
36 53.8 , Est Remaining: 463.0
37 55.2 , Est Remaining: 461.2
38 56.7 , Est Remaining: 459.4
39 58.1 , Est Remaining: 457.7
40 59.6 , Est Remaining: 455.9
41 61.1 , Est Remaining: 454.3
42 62.5 , Est Remaining: 452.6
43 64.0 , Est Remaining: 450.8
44 65.4 , Est Remaining: 448.9
45 66.9 , Est Remaining: 447.3
46 68.3 , Est Remaining: 445.5
47 69.8 , Est Remaining: 443.8
48 71.2 , Est Remaining: 441.9
49 72.6 , Est Remaining: 440.1
50 74.1 , Est Remaining: 438.4
51 75.5 , Est Remaining: 436.7
52 77.0 , Est Remaining: 435.1
53 78.4 , Est Remaining: 433.4
54 79.8 , Est Remaining: 431.8
55 81.3 , Est Remaining: 430.2
56 82.8 , Est Remaining: 428.5
57 84.2 , Est Remaining: 426.9
58 85.6 , Est Remaining: 425.3
59 87.1 , Est Remaining: 423.6
60 88.5 , Est Remaining: 422.0
61 90.0 , Est Remaining: 420.3
62 91.4 , Est Remaining: 418.6
63 92.8 , Est Remaining: 416.8
64 94.2 , Est Remaining: 415.2
65 95.6 , Est Remaining: 413.4
66 97.1 , Est Remaining: 411.8
67 98.5 , Est Remaining: 410.2
68 100.0 , Est Remaining: 408.7
69 101.4 , Est Remaining: 407.0
70 102.8 , Est Remaining: 405.4
71 104.3 , Est Remaining: 403.8
72 105.7 , Est Remaining: 402.2
73 107.1 , Est Remaining: 400.7
74 108.6 , Est Remaining: 399.0
75 110.0 , Est Remaining: 397.5
76 111.4 , Est Remaining: 395.8
77 112.9 , Est Remaining: 394.2
78 114.3 , Est Remaining: 392.7
79 115.7 , Est Remaining: 391.0
80 117.1 , Est Remaining: 389.5
81 118.6 , Est Remaining: 387.9
82 120.0 , Est Remaining: 386.3
83 121.4 , Est Remaining: 384.8
84 122.9 , Est Remaining: 383.2
85 124.3 , Est Remaining: 381.8
86 125.8 , Est Remaining: 380.3
87 127.2 , Est Remaining: 378.6
88 128.6 , Est Remaining: 377.1
89 130.1 , Est Remaining: 375.6
90 131.5 , Est Remaining: 374.1
91 133.0 , Est Remaining: 372.6
92 134.4 , Est Remaining: 371.1
93 135.8 , Est Remaining: 369.6
94 137.4 , Est Remaining: 368.2
95 138.8 , Est Remaining: 366.8
96 140.3 , Est Remaining: 365.3
97 141.7 , Est Remaining: 363.8
98 143.2 , Est Remaining: 362.3
99 144.6 , Est Remaining: 360.8
100 146.0 , Est Remaining: 359.3
101 147.5 , Est Remaining: 357.8
102 148.9 , Est Remaining: 356.2
103 150.4 , Est Remaining: 354.9
104 151.9 , Est Remaining: 353.4
105 153.3 , Est Remaining: 351.8
106 154.7 , Est Remaining: 350.3
107 156.1 , Est Remaining: 348.8
EVENT FAILED
107 156.5 , Est Remaining: 349.5
108 157.9 , Est Remaining: 347.9
109 159.3 , Est Remaining: 346.5
110 160.8 , Est Remaining: 345.0
EVENT FAILED
110 161.1 , Est Remaining: 345.6
111 162.5 , Est Remaining: 344.0
112 163.9 , Est Remaining: 342.5
113 165.4 , Est Remaining: 341.0
114 166.8 , Est Remaining: 339.4
115 168.2 , Est Remaining: 337.9
116 169.6 , Est Remaining: 336.3
117 171.0 , Est Remaining: 334.8
118 172.4 , Est Remaining: 333.2
119 173.9 , Est Remaining: 331.6
EVENT FAILED
119 174.2 , Est Remaining: 332.2
120 175.6 , Est Remaining: 330.6
121 177.0 , Est Remaining: 329.1
122 178.4 , Est Remaining: 327.5
123 179.8 , Est Remaining: 325.9
124 181.2 , Est Remaining: 324.4
125 182.6 , Est Remaining: 322.9
126 184.0 , Est Remaining: 321.3
127 185.5 , Est Remaining: 319.8
128 186.9 , Est Remaining: 318.3
129 188.3 , Est Remaining: 316.8
130 189.8 , Est Remaining: 315.3
131 191.2 , Est Remaining: 313.8
132 192.6 , Est Remaining: 312.2
133 194.0 , Est Remaining: 310.7
134 195.4 , Est Remaining: 309.1
135 196.8 , Est Remaining: 307.6
136 198.2 , Est Remaining: 306.0
137 199.6 , Est Remaining: 304.5
138 201.0 , Est Remaining: 303.0
139 202.4 , Est Remaining: 301.4
140 203.8 , Est Remaining: 299.8
141 205.2 , Est Remaining: 298.3
142 206.5 , Est Remaining: 296.7
143 207.9 , Est Remaining: 295.2
144 209.3 , Est Remaining: 293.6
145 210.7 , Est Remaining: 292.1
146 212.1 , Est Remaining: 290.5
147 213.5 , Est Remaining: 289.0
148 214.9 , Est Remaining: 287.4
149 216.2 , Est Remaining: 285.9
150 217.6 , Est Remaining: 284.4
151 219.0 , Est Remaining: 282.8
EVENT FAILED
151 219.3 , Est Remaining: 283.2
152 220.7 , Est Remaining: 281.7
153 222.1 , Est Remaining: 280.1
EVENT FAILED
153 222.4 , Est Remaining: 280.5
154 223.8 , Est Remaining: 279.0
155 225.1 , Est Remaining: 277.4
156 226.5 , Est Remaining: 275.9
157 227.9 , Est Remaining: 274.4
158 229.3 , Est Remaining: 272.8
159 230.7 , Est Remaining: 271.3
160 232.1 , Est Remaining: 269.8
161 233.4 , Est Remaining: 268.2
162 234.8 , Est Remaining: 266.7
163 236.2 , Est Remaining: 265.2
164 237.6 , Est Remaining: 263.7
165 239.0 , Est Remaining: 262.2
166 240.4 , Est Remaining: 260.7
167 241.8 , Est Remaining: 259.2
168 243.2 , Est Remaining: 257.7
169 244.6 , Est Remaining: 256.2
170 246.1 , Est Remaining: 254.7
171 247.5 , Est Remaining: 253.3
172 248.9 , Est Remaining: 251.8
173 250.3 , Est Remaining: 250.3
EVENT FAILED
173 250.6 , Est Remaining: 250.6
174 252.0 , Est Remaining: 249.1
175 253.4 , Est Remaining: 247.7
176 254.8 , Est Remaining: 246.2
177 256.3 , Est Remaining: 244.7
178 257.7 , Est Remaining: 243.2
179 259.1 , Est Remaining: 241.7
180 260.5 , Est Remaining: 240.2
181 261.9 , Est Remaining: 238.8
182 263.3 , Est Remaining: 237.3
183 264.8 , Est Remaining: 235.9
184 266.2 , Est Remaining: 234.4
185 267.7 , Est Remaining: 232.9
186 269.1 , Est Remaining: 231.5
187 270.6 , Est Remaining: 230.1
188 272.0 , Est Remaining: 228.6
189 273.5 , Est Remaining: 227.2
190 274.9 , Est Remaining: 225.7
191 276.4 , Est Remaining: 224.3
192 277.8 , Est Remaining: 222.8
193 279.3 , Est Remaining: 221.4
194 280.7 , Est Remaining: 220.0
195 282.2 , Est Remaining: 218.5
196 283.6 , Est Remaining: 217.1
197 285.1 , Est Remaining: 215.6
198 286.6 , Est Remaining: 214.2
199 288.0 , Est Remaining: 212.8
200 289.5 , Est Remaining: 211.3
201 291.0 , Est Remaining: 209.9
202 292.4 , Est Remaining: 208.5
203 294.0 , Est Remaining: 207.1
204 295.4 , Est Remaining: 205.7
205 296.9 , Est Remaining: 204.2
206 298.4 , Est Remaining: 202.8
207 299.8 , Est Remaining: 201.3
208 301.3 , Est Remaining: 199.9
209 302.7 , Est Remaining: 198.5
210 304.2 , Est Remaining: 197.0
211 305.7 , Est Remaining: 195.6
212 307.1 , Est Remaining: 194.1
213 308.6 , Est Remaining: 192.7
214 310.1 , Est Remaining: 191.2
215 311.5 , Est Remaining: 189.8
216 313.0 , Est Remaining: 188.4
217 314.4 , Est Remaining: 186.9
218 315.9 , Est Remaining: 185.5
219 317.3 , Est Remaining: 184.0
220 318.8 , Est Remaining: 182.6
221 320.3 , Est Remaining: 181.1
222 321.7 , Est Remaining: 179.7
223 323.2 , Est Remaining: 178.2
EVENT FAILED
223 323.5 , Est Remaining: 178.4
224 324.9 , Est Remaining: 177.0
225 326.4 , Est Remaining: 175.5
226 327.8 , Est Remaining: 174.1
227 329.3 , Est Remaining: 172.6
228 330.8 , Est Remaining: 171.2
229 332.2 , Est Remaining: 169.7
230 333.6 , Est Remaining: 168.3
231 335.1 , Est Remaining: 166.8
EVENT FAILED
231 335.4 , Est Remaining: 167.0
232 336.9 , Est Remaining: 165.5
233 338.3 , Est Remaining: 164.1
234 339.7 , Est Remaining: 162.6
235 341.2 , Est Remaining: 161.2
236 342.7 , Est Remaining: 159.7
237 344.1 , Est Remaining: 158.3
238 345.6 , Est Remaining: 156.8
239 347.1 , Est Remaining: 155.4
240 348.5 , Est Remaining: 153.9
241 350.0 , Est Remaining: 152.5
242 351.5 , Est Remaining: 151.1
243 352.9 , Est Remaining: 149.6
244 354.4 , Est Remaining: 148.1
245 355.8 , Est Remaining: 146.7
246 357.3 , Est Remaining: 145.2
247 358.7 , Est Remaining: 143.8
248 360.2 , Est Remaining: 142.3
249 361.7 , Est Remaining: 140.9
250 363.1 , Est Remaining: 139.4
251 364.6 , Est Remaining: 138.0
252 366.0 , Est Remaining: 136.5
253 367.4 , Est Remaining: 135.1
254 368.9 , Est Remaining: 133.6
255 370.3 , Est Remaining: 132.2
256 371.8 , Est Remaining: 130.7
257 373.2 , Est Remaining: 129.2
258 374.7 , Est Remaining: 127.8
EVENT FAILED
258 375.0 , Est Remaining: 127.9
259 376.4 , Est Remaining: 126.4
260 377.8 , Est Remaining: 125.0
261 379.3 , Est Remaining: 123.5
262 380.7 , Est Remaining: 122.1
263 382.2 , Est Remaining: 120.6
264 383.6 , Est Remaining: 119.2
265 385.1 , Est Remaining: 117.7
266 386.5 , Est Remaining: 116.2
EVENT FAILED
266 386.8 , Est Remaining: 116.3
267 388.3 , Est Remaining: 114.9
268 389.7 , Est Remaining: 113.4
269 391.1 , Est Remaining: 112.0
270 392.6 , Est Remaining: 110.5
271 394.0 , Est Remaining: 109.0
272 395.4 , Est Remaining: 107.6
273 396.9 , Est Remaining: 106.1
274 398.4 , Est Remaining: 104.7
275 399.8 , Est Remaining: 103.2
276 401.3 , Est Remaining: 101.8
277 402.7 , Est Remaining: 100.3
278 404.2 , Est Remaining: 98.9
279 405.6 , Est Remaining: 97.4
280 407.1 , Est Remaining: 96.0
281 408.5 , Est Remaining: 94.5
282 410.0 , Est Remaining: 93.0
EVENT FAILED
282 410.3 , Est Remaining: 93.1
283 411.7 , Est Remaining: 91.7
284 413.2 , Est Remaining: 90.2
285 414.6 , Est Remaining: 88.7
286 416.1 , Est Remaining: 87.3
287 417.5 , Est Remaining: 85.8
288 419.0 , Est Remaining: 84.4
289 420.4 , Est Remaining: 82.9
290 421.9 , Est Remaining: 81.5
291 423.3 , Est Remaining: 80.0
292 424.7 , Est Remaining: 78.5
293 426.2 , Est Remaining: 77.1
294 427.6 , Est Remaining: 75.6
295 429.0 , Est Remaining: 74.2
296 430.5 , Est Remaining: 72.7
297 431.9 , Est Remaining: 71.3
298 433.3 , Est Remaining: 69.8
299 434.8 , Est Remaining: 68.3
300 436.2 , Est Remaining: 66.9
301 437.6 , Est Remaining: 65.4
302 439.2 , Est Remaining: 64.0
303 440.7 , Est Remaining: 62.5
304 442.1 , Est Remaining: 61.1
305 443.5 , Est Remaining: 59.6
306 444.9 , Est Remaining: 58.2
307 446.4 , Est Remaining: 56.7
308 447.8 , Est Remaining: 55.2
309 449.2 , Est Remaining: 53.8
310 450.6 , Est Remaining: 52.3
311 452.0 , Est Remaining: 50.9
312 453.5 , Est Remaining: 49.4
313 454.9 , Est Remaining: 48.0
314 456.3 , Est Remaining: 46.5
315 457.7 , Est Remaining: 45.0
316 459.2 , Est Remaining: 43.6
317 460.6 , Est Remaining: 42.1
318 462.0 , Est Remaining: 40.7
EVENT FAILED
318 462.3 , Est Remaining: 40.7
319 463.7 , Est Remaining: 39.3
320 465.2 , Est Remaining: 37.8
321 466.7 , Est Remaining: 36.3
322 468.1 , Est Remaining: 34.9
323 469.5 , Est Remaining: 33.4
324 470.9 , Est Remaining: 32.0
325 472.3 , Est Remaining: 30.5
326 473.7 , Est Remaining: 29.1
327 475.1 , Est Remaining: 27.6
328 476.5 , Est Remaining: 26.1
329 477.8 , Est Remaining: 24.7
330 479.2 , Est Remaining: 23.2
