Note: NumExpr detected 32 cores but "NUMEXPR_MAX_THREADS" not set, so enforcing safe limit of 8.
Using selector: EpollSelector
/n/home02/jhaefner/miniconda/envs/IC-3.7-2020-06-16/lib/python3.7/site-packages/scipy/optimize/minpack.py:808: OptimizeWarning: Covariance of the parameters could not be estimated
  category=OptimizeWarning)
Total rwfs: 346
0 0.0 , Est Remaining: 999999.9
1 1.5 , Est Remaining: 507.1
2 2.9 , Est Remaining: 498.5
3 4.4 , Est Remaining: 497.9
4 5.8 , Est Remaining: 494.4
5 7.2 , Est Remaining: 490.5
6 8.6 , Est Remaining: 487.8
7 10.0 , Est Remaining: 485.2
8 11.4 , Est Remaining: 481.6
9 12.8 , Est Remaining: 478.6
10 14.2 , Est Remaining: 476.6
11 15.6 , Est Remaining: 474.5
12 17.0 , Est Remaining: 473.1
13 18.4 , Est Remaining: 470.5
14 19.7 , Est Remaining: 468.2
EVENT FAILED
14 20.1 , Est Remaining: 475.7
15 21.4 , Est Remaining: 473.2
16 22.8 , Est Remaining: 471.1
17 24.2 , Est Remaining: 468.5
18 25.6 , Est Remaining: 466.4
19 27.0 , Est Remaining: 464.1
20 28.4 , Est Remaining: 462.1
21 29.7 , Est Remaining: 459.9
22 31.1 , Est Remaining: 457.8
23 32.4 , Est Remaining: 455.6
24 33.8 , Est Remaining: 453.6
25 35.2 , Est Remaining: 451.7
26 36.6 , Est Remaining: 449.9
27 37.9 , Est Remaining: 448.2
28 39.3 , Est Remaining: 446.4
29 40.7 , Est Remaining: 444.6
30 42.0 , Est Remaining: 442.9
31 43.4 , Est Remaining: 441.1
32 44.8 , Est Remaining: 439.3
33 46.1 , Est Remaining: 437.7
34 47.5 , Est Remaining: 435.9
35 48.9 , Est Remaining: 434.1
36 50.2 , Est Remaining: 432.5
37 51.6 , Est Remaining: 430.7
38 52.9 , Est Remaining: 429.0
39 54.3 , Est Remaining: 427.4
40 55.6 , Est Remaining: 425.6
41 57.0 , Est Remaining: 424.0
42 58.4 , Est Remaining: 422.6
43 59.7 , Est Remaining: 420.9
44 61.1 , Est Remaining: 419.3
45 62.4 , Est Remaining: 417.5
46 63.8 , Est Remaining: 415.9
47 65.1 , Est Remaining: 414.2
48 66.5 , Est Remaining: 412.6
49 67.8 , Est Remaining: 411.0
50 69.1 , Est Remaining: 409.3
51 70.5 , Est Remaining: 407.8
52 71.8 , Est Remaining: 406.1
53 73.2 , Est Remaining: 404.6
54 74.5 , Est Remaining: 403.1
55 75.9 , Est Remaining: 401.6
56 77.3 , Est Remaining: 400.1
57 78.6 , Est Remaining: 398.6
58 80.0 , Est Remaining: 397.3
59 81.4 , Est Remaining: 395.9
60 82.8 , Est Remaining: 394.5
61 84.1 , Est Remaining: 393.1
62 85.5 , Est Remaining: 391.8
63 86.9 , Est Remaining: 390.4
64 88.3 , Est Remaining: 389.0
65 89.7 , Est Remaining: 387.6
66 91.1 , Est Remaining: 386.3
67 92.5 , Est Remaining: 385.0
68 93.8 , Est Remaining: 383.7
69 95.2 , Est Remaining: 382.3
70 96.6 , Est Remaining: 381.0
71 98.0 , Est Remaining: 379.7
72 99.4 , Est Remaining: 378.4
73 100.8 , Est Remaining: 377.1
74 102.3 , Est Remaining: 375.9
75 103.7 , Est Remaining: 374.6
76 105.1 , Est Remaining: 373.4
77 106.5 , Est Remaining: 372.2
78 107.9 , Est Remaining: 370.9
79 109.4 , Est Remaining: 369.6
80 110.8 , Est Remaining: 368.4
81 112.2 , Est Remaining: 367.1
82 113.6 , Est Remaining: 365.7
83 115.0 , Est Remaining: 364.5
84 116.5 , Est Remaining: 363.2
85 117.9 , Est Remaining: 362.0
86 119.3 , Est Remaining: 360.7
87 120.8 , Est Remaining: 359.5
88 122.2 , Est Remaining: 358.2
89 123.6 , Est Remaining: 357.0
90 125.1 , Est Remaining: 355.7
91 126.5 , Est Remaining: 354.4
92 127.9 , Est Remaining: 353.2
93 129.4 , Est Remaining: 351.9
94 130.8 , Est Remaining: 350.7
95 132.3 , Est Remaining: 349.5
96 133.7 , Est Remaining: 348.2
97 135.2 , Est Remaining: 347.0
98 136.6 , Est Remaining: 345.8
99 138.1 , Est Remaining: 344.5
100 139.5 , Est Remaining: 343.3
101 141.0 , Est Remaining: 342.0
102 142.5 , Est Remaining: 340.8
103 144.0 , Est Remaining: 339.7
104 145.5 , Est Remaining: 338.5
105 146.9 , Est Remaining: 337.2
106 148.4 , Est Remaining: 336.0
107 149.9 , Est Remaining: 334.7
108 151.3 , Est Remaining: 333.5
109 152.8 , Est Remaining: 332.3
110 154.3 , Est Remaining: 331.0
111 155.8 , Est Remaining: 329.8
112 157.2 , Est Remaining: 328.5
113 158.7 , Est Remaining: 327.3
114 160.2 , Est Remaining: 326.0
EVENT FAILED
114 160.5 , Est Remaining: 326.6
115 161.9 , Est Remaining: 325.3
116 163.4 , Est Remaining: 324.0
117 164.8 , Est Remaining: 322.7
118 166.3 , Est Remaining: 321.4
119 167.8 , Est Remaining: 320.1
120 169.3 , Est Remaining: 318.8
121 170.7 , Est Remaining: 317.5
122 172.2 , Est Remaining: 316.1
123 173.7 , Est Remaining: 314.8
124 175.1 , Est Remaining: 313.5
125 176.6 , Est Remaining: 312.2
126 178.0 , Est Remaining: 310.8
127 179.5 , Est Remaining: 309.5
128 180.9 , Est Remaining: 308.2
129 182.4 , Est Remaining: 306.8
130 183.8 , Est Remaining: 305.4
131 185.3 , Est Remaining: 304.1
EVENT FAILED
131 185.6 , Est Remaining: 304.6
132 187.1 , Est Remaining: 303.3
133 188.5 , Est Remaining: 301.9
134 190.0 , Est Remaining: 300.6
135 191.5 , Est Remaining: 299.3
136 192.9 , Est Remaining: 297.9
137 194.4 , Est Remaining: 296.6
138 195.9 , Est Remaining: 295.2
139 197.3 , Est Remaining: 293.9
140 198.8 , Est Remaining: 292.5
141 200.3 , Est Remaining: 291.2
142 201.7 , Est Remaining: 289.8
143 203.2 , Est Remaining: 288.5
144 204.7 , Est Remaining: 287.1
145 206.1 , Est Remaining: 285.7
146 207.6 , Est Remaining: 284.4
147 209.0 , Est Remaining: 283.0
148 210.5 , Est Remaining: 281.6
149 211.9 , Est Remaining: 280.2
150 213.4 , Est Remaining: 278.8
151 214.8 , Est Remaining: 277.4
152 216.3 , Est Remaining: 276.0
153 217.8 , Est Remaining: 274.7
154 219.2 , Est Remaining: 273.3
155 220.7 , Est Remaining: 271.9
156 222.1 , Est Remaining: 270.5
157 223.6 , Est Remaining: 269.1
158 225.0 , Est Remaining: 267.8
159 226.5 , Est Remaining: 266.4
160 228.0 , Est Remaining: 265.0
161 229.4 , Est Remaining: 263.6
162 230.9 , Est Remaining: 262.3
EVENT FAILED
162 231.2 , Est Remaining: 262.6
163 232.7 , Est Remaining: 261.2
164 234.1 , Est Remaining: 259.8
165 235.6 , Est Remaining: 258.4
166 237.0 , Est Remaining: 257.0
167 238.5 , Est Remaining: 255.6
168 240.0 , Est Remaining: 254.2
169 241.4 , Est Remaining: 252.8
EVENT FAILED
169 241.7 , Est Remaining: 253.2
170 243.1 , Est Remaining: 251.7
171 244.6 , Est Remaining: 250.3
EVENT FAILED
171 244.9 , Est Remaining: 250.6
172 246.3 , Est Remaining: 249.2
173 247.8 , Est Remaining: 247.8
174 249.2 , Est Remaining: 246.4
175 250.7 , Est Remaining: 244.9
176 252.1 , Est Remaining: 243.5
177 253.5 , Est Remaining: 242.1
178 255.0 , Est Remaining: 240.7
179 256.4 , Est Remaining: 239.2
EVENT FAILED
179 256.8 , Est Remaining: 239.5
180 258.2 , Est Remaining: 238.1
181 259.6 , Est Remaining: 236.7
182 261.1 , Est Remaining: 235.3
183 262.5 , Est Remaining: 233.8
184 264.0 , Est Remaining: 232.4
185 265.4 , Est Remaining: 231.0
186 266.9 , Est Remaining: 229.6
187 268.4 , Est Remaining: 228.2
188 269.8 , Est Remaining: 226.7
189 271.3 , Est Remaining: 225.3
190 272.7 , Est Remaining: 223.9
191 274.2 , Est Remaining: 222.5
192 275.6 , Est Remaining: 221.1
193 277.1 , Est Remaining: 219.7
194 278.6 , Est Remaining: 218.2
195 280.0 , Est Remaining: 216.8
196 281.5 , Est Remaining: 215.4
197 283.0 , Est Remaining: 214.0
198 284.4 , Est Remaining: 212.6
199 285.9 , Est Remaining: 211.2
200 287.4 , Est Remaining: 209.8
201 288.9 , Est Remaining: 208.4
202 290.3 , Est Remaining: 207.0
203 291.9 , Est Remaining: 205.6
204 293.3 , Est Remaining: 204.2
EVENT FAILED
204 293.7 , Est Remaining: 204.4
205 295.1 , Est Remaining: 203.0
206 296.6 , Est Remaining: 201.6
207 298.0 , Est Remaining: 200.1
208 299.5 , Est Remaining: 198.7
209 300.9 , Est Remaining: 197.3
210 302.4 , Est Remaining: 195.8
211 303.9 , Est Remaining: 194.4
212 305.3 , Est Remaining: 193.0
213 306.8 , Est Remaining: 191.6
214 308.2 , Est Remaining: 190.1
215 309.7 , Est Remaining: 188.7
216 311.1 , Est Remaining: 187.3
217 312.6 , Est Remaining: 185.8
218 314.1 , Est Remaining: 184.4
219 315.6 , Est Remaining: 183.0
220 317.0 , Est Remaining: 181.6
221 318.5 , Est Remaining: 180.1
222 319.9 , Est Remaining: 178.7
223 321.4 , Est Remaining: 177.3
EVENT FAILED
223 321.7 , Est Remaining: 177.4
224 323.2 , Est Remaining: 176.0
225 324.6 , Est Remaining: 174.6
226 326.1 , Est Remaining: 173.1
227 327.6 , Est Remaining: 171.7
228 329.0 , Est Remaining: 170.3
229 330.5 , Est Remaining: 168.9
230 332.0 , Est Remaining: 167.4
231 333.5 , Est Remaining: 166.0
232 334.9 , Est Remaining: 164.6
233 336.4 , Est Remaining: 163.1
234 337.8 , Est Remaining: 161.7
235 339.3 , Est Remaining: 160.3
236 340.8 , Est Remaining: 158.9
237 342.3 , Est Remaining: 157.4
238 343.7 , Est Remaining: 156.0
239 345.2 , Est Remaining: 154.6
240 346.7 , Est Remaining: 153.1
EVENT FAILED
240 347.0 , Est Remaining: 153.3
241 348.5 , Est Remaining: 151.8
242 349.9 , Est Remaining: 150.4
243 351.4 , Est Remaining: 148.9
244 352.9 , Est Remaining: 147.5
EVENT FAILED
244 353.8 , Est Remaining: 147.9
245 355.2 , Est Remaining: 146.4
246 356.6 , Est Remaining: 145.0
247 358.1 , Est Remaining: 143.5
248 359.4 , Est Remaining: 142.0
249 360.8 , Est Remaining: 140.6
250 362.3 , Est Remaining: 139.1
251 363.7 , Est Remaining: 137.7
252 365.2 , Est Remaining: 136.2
253 366.6 , Est Remaining: 134.8
254 368.0 , Est Remaining: 133.3
255 369.4 , Est Remaining: 131.8
256 370.9 , Est Remaining: 130.4
257 372.3 , Est Remaining: 128.9
258 373.8 , Est Remaining: 127.5
259 375.2 , Est Remaining: 126.0
260 376.7 , Est Remaining: 124.6
261 378.1 , Est Remaining: 123.1
262 379.6 , Est Remaining: 121.7
263 381.0 , Est Remaining: 120.2
264 382.5 , Est Remaining: 118.8
265 383.9 , Est Remaining: 117.3
266 385.4 , Est Remaining: 115.9
267 386.8 , Est Remaining: 114.4
268 388.3 , Est Remaining: 113.0
269 389.7 , Est Remaining: 111.6
270 391.2 , Est Remaining: 110.1
271 392.6 , Est Remaining: 108.7
272 394.1 , Est Remaining: 107.2
273 395.5 , Est Remaining: 105.8
274 396.9 , Est Remaining: 104.3
275 398.4 , Est Remaining: 102.9
276 399.8 , Est Remaining: 101.4
277 401.2 , Est Remaining: 99.9
278 402.7 , Est Remaining: 98.5
279 404.1 , Est Remaining: 97.0
280 405.6 , Est Remaining: 95.6
281 407.1 , Est Remaining: 94.2
282 408.5 , Est Remaining: 92.7
283 410.0 , Est Remaining: 91.3
284 411.4 , Est Remaining: 89.8
285 412.9 , Est Remaining: 88.4
286 414.3 , Est Remaining: 86.9
287 415.8 , Est Remaining: 85.5
288 417.2 , Est Remaining: 84.0
289 418.7 , Est Remaining: 82.6
290 420.1 , Est Remaining: 81.1
291 421.6 , Est Remaining: 79.7
292 423.1 , Est Remaining: 78.2
293 424.5 , Est Remaining: 76.8
294 426.0 , Est Remaining: 75.3
295 427.4 , Est Remaining: 73.9
296 428.9 , Est Remaining: 72.4
297 430.3 , Est Remaining: 71.0
298 431.8 , Est Remaining: 69.6
299 433.2 , Est Remaining: 68.1
300 434.6 , Est Remaining: 66.6
301 436.1 , Est Remaining: 65.2
302 437.7 , Est Remaining: 63.8
303 439.1 , Est Remaining: 62.3
304 440.5 , Est Remaining: 60.9
305 441.9 , Est Remaining: 59.4
306 443.3 , Est Remaining: 57.9
307 444.7 , Est Remaining: 56.5
308 446.1 , Est Remaining: 55.0
309 447.5 , Est Remaining: 53.6
310 448.9 , Est Remaining: 52.1
311 450.4 , Est Remaining: 50.7
312 451.8 , Est Remaining: 49.2
313 453.2 , Est Remaining: 47.8
314 454.6 , Est Remaining: 46.3
315 456.0 , Est Remaining: 44.9
316 457.4 , Est Remaining: 43.4
317 458.9 , Est Remaining: 42.0
318 460.3 , Est Remaining: 40.5
319 461.7 , Est Remaining: 39.1
320 463.1 , Est Remaining: 37.6
321 464.6 , Est Remaining: 36.2
322 466.0 , Est Remaining: 34.7
323 467.4 , Est Remaining: 33.3
324 468.8 , Est Remaining: 31.8
325 470.2 , Est Remaining: 30.4
326 471.6 , Est Remaining: 28.9
327 473.1 , Est Remaining: 27.5
328 474.5 , Est Remaining: 26.0
329 475.9 , Est Remaining: 24.6
330 477.3 , Est Remaining: 23.1
331 478.7 , Est Remaining: 21.7
332 480.1 , Est Remaining: 20.2
333 481.5 , Est Remaining: 18.8
334 483.0 , Est Remaining: 17.4
