Note: NumExpr detected 32 cores but "NUMEXPR_MAX_THREADS" not set, so enforcing safe limit of 8.
Using selector: EpollSelector
/n/home02/jhaefner/miniconda/envs/IC-3.7-2020-06-16/lib/python3.7/site-packages/scipy/optimize/minpack.py:808: OptimizeWarning: Covariance of the parameters could not be estimated
  category=OptimizeWarning)
Total rwfs: 346
0 0.0 , Est Remaining: 999999.9
1 1.4 , Est Remaining: 483.9
2 2.8 , Est Remaining: 474.8
3 4.2 , Est Remaining: 475.8
4 5.5 , Est Remaining: 471.8
5 6.9 , Est Remaining: 469.4
6 8.3 , Est Remaining: 468.1
7 9.6 , Est Remaining: 465.8
8 11.0 , Est Remaining: 463.8
9 12.4 , Est Remaining: 462.6
10 13.7 , Est Remaining: 461.4
11 15.1 , Est Remaining: 459.9
12 16.5 , Est Remaining: 458.2
13 17.8 , Est Remaining: 456.2
14 19.2 , Est Remaining: 454.5
15 20.5 , Est Remaining: 452.6
16 21.8 , Est Remaining: 450.6
17 23.2 , Est Remaining: 448.6
18 24.5 , Est Remaining: 446.8
19 25.9 , Est Remaining: 445.1
20 27.2 , Est Remaining: 443.6
21 28.6 , Est Remaining: 442.5
22 29.9 , Est Remaining: 440.9
23 31.3 , Est Remaining: 439.5
EVENT FAILED
23 31.6 , Est Remaining: 443.6
24 32.9 , Est Remaining: 442.1
25 34.3 , Est Remaining: 440.4
26 35.7 , Est Remaining: 438.9
27 37.0 , Est Remaining: 437.3
28 38.4 , Est Remaining: 435.8
EVENT FAILED
28 38.7 , Est Remaining: 439.1
29 40.0 , Est Remaining: 437.4
30 41.4 , Est Remaining: 435.7
31 42.7 , Est Remaining: 434.1
32 44.1 , Est Remaining: 432.4
33 45.4 , Est Remaining: 430.7
34 46.7 , Est Remaining: 429.0
35 48.1 , Est Remaining: 427.3
36 49.4 , Est Remaining: 425.7
37 50.8 , Est Remaining: 424.3
38 52.2 , Est Remaining: 422.7
39 53.5 , Est Remaining: 421.2
40 54.9 , Est Remaining: 419.7
41 56.2 , Est Remaining: 418.2
42 57.6 , Est Remaining: 416.7
43 58.9 , Est Remaining: 415.1
44 60.3 , Est Remaining: 413.6
45 61.6 , Est Remaining: 412.1
46 63.0 , Est Remaining: 410.5
47 64.3 , Est Remaining: 409.1
48 65.6 , Est Remaining: 407.6
49 67.0 , Est Remaining: 406.1
50 68.3 , Est Remaining: 404.6
51 69.7 , Est Remaining: 403.1
52 71.0 , Est Remaining: 401.6
53 72.4 , Est Remaining: 400.1
54 73.7 , Est Remaining: 398.6
55 75.1 , Est Remaining: 397.1
EVENT FAILED
55 75.3 , Est Remaining: 398.7
56 76.7 , Est Remaining: 397.2
57 78.1 , Est Remaining: 395.7
58 79.4 , Est Remaining: 394.2
59 80.8 , Est Remaining: 392.8
60 82.1 , Est Remaining: 391.4
61 83.5 , Est Remaining: 389.9
62 84.8 , Est Remaining: 388.6
63 86.2 , Est Remaining: 387.2
64 87.6 , Est Remaining: 385.8
65 88.9 , Est Remaining: 384.4
66 90.3 , Est Remaining: 383.0
67 91.6 , Est Remaining: 381.6
68 93.0 , Est Remaining: 380.1
69 94.3 , Est Remaining: 378.7
70 95.7 , Est Remaining: 377.3
71 96.9 , Est Remaining: 375.3
72 98.2 , Est Remaining: 373.8
73 99.6 , Est Remaining: 372.5
74 101.0 , Est Remaining: 371.2
EVENT FAILED
74 101.3 , Est Remaining: 372.2
75 102.6 , Est Remaining: 370.8
76 104.0 , Est Remaining: 369.4
77 105.3 , Est Remaining: 368.0
78 106.7 , Est Remaining: 366.5
79 108.0 , Est Remaining: 365.0
80 109.4 , Est Remaining: 363.6
81 110.7 , Est Remaining: 362.2
82 112.0 , Est Remaining: 360.7
83 113.4 , Est Remaining: 359.3
84 114.7 , Est Remaining: 357.9
85 116.1 , Est Remaining: 356.4
86 117.4 , Est Remaining: 355.0
87 118.8 , Est Remaining: 353.6
88 120.1 , Est Remaining: 352.2
89 121.5 , Est Remaining: 350.8
90 122.8 , Est Remaining: 349.4
91 124.2 , Est Remaining: 348.0
92 125.5 , Est Remaining: 346.6
93 126.9 , Est Remaining: 345.1
94 128.2 , Est Remaining: 343.7
95 129.6 , Est Remaining: 342.3
96 130.9 , Est Remaining: 340.9
97 132.3 , Est Remaining: 339.5
98 133.6 , Est Remaining: 338.1
99 134.9 , Est Remaining: 336.7
100 136.3 , Est Remaining: 335.3
101 137.6 , Est Remaining: 333.9
102 139.0 , Est Remaining: 332.5
103 140.4 , Est Remaining: 331.2
104 141.7 , Est Remaining: 329.8
105 143.1 , Est Remaining: 328.4
106 144.4 , Est Remaining: 326.9
107 145.7 , Est Remaining: 325.5
108 147.1 , Est Remaining: 324.1
109 148.4 , Est Remaining: 322.6
110 149.7 , Est Remaining: 321.2
111 151.1 , Est Remaining: 319.8
112 152.4 , Est Remaining: 318.4
113 153.8 , Est Remaining: 317.1
114 155.1 , Est Remaining: 315.7
115 156.4 , Est Remaining: 314.3
116 157.8 , Est Remaining: 312.9
117 159.2 , Est Remaining: 311.5
118 160.5 , Est Remaining: 310.1
119 161.9 , Est Remaining: 308.8
120 163.2 , Est Remaining: 307.4
121 164.6 , Est Remaining: 306.0
122 165.9 , Est Remaining: 304.6
123 167.2 , Est Remaining: 303.2
124 168.6 , Est Remaining: 301.8
125 169.9 , Est Remaining: 300.5
126 171.3 , Est Remaining: 299.1
127 172.7 , Est Remaining: 297.7
128 174.0 , Est Remaining: 296.4
129 175.4 , Est Remaining: 295.0
130 176.7 , Est Remaining: 293.6
131 178.0 , Est Remaining: 292.2
EVENT FAILED
131 178.3 , Est Remaining: 292.7
132 179.7 , Est Remaining: 291.3
133 180.9 , Est Remaining: 289.8
134 182.3 , Est Remaining: 288.4
135 183.6 , Est Remaining: 287.0
136 185.0 , Est Remaining: 285.6
137 186.3 , Est Remaining: 284.2
138 187.7 , Est Remaining: 282.9
139 189.1 , Est Remaining: 281.5
140 190.4 , Est Remaining: 280.2
141 191.8 , Est Remaining: 278.8
142 193.1 , Est Remaining: 277.5
143 194.5 , Est Remaining: 276.1
144 195.9 , Est Remaining: 274.8
145 197.3 , Est Remaining: 273.4
146 198.6 , Est Remaining: 272.1
147 200.0 , Est Remaining: 270.7
148 201.4 , Est Remaining: 269.4
149 202.7 , Est Remaining: 268.1
150 204.1 , Est Remaining: 266.7
151 205.5 , Est Remaining: 265.3
152 206.8 , Est Remaining: 264.0
153 208.2 , Est Remaining: 262.6
154 209.6 , Est Remaining: 261.3
155 211.0 , Est Remaining: 260.0
156 212.3 , Est Remaining: 258.6
157 213.7 , Est Remaining: 257.2
158 215.1 , Est Remaining: 255.9
159 216.4 , Est Remaining: 254.5
160 217.8 , Est Remaining: 253.2
161 219.2 , Est Remaining: 251.8
162 220.5 , Est Remaining: 250.5
163 221.9 , Est Remaining: 249.1
164 223.3 , Est Remaining: 247.8
165 224.6 , Est Remaining: 246.4
166 226.0 , Est Remaining: 245.1
167 227.4 , Est Remaining: 243.7
168 228.7 , Est Remaining: 242.4
169 230.1 , Est Remaining: 241.0
170 231.5 , Est Remaining: 239.6
171 232.9 , Est Remaining: 238.3
172 234.2 , Est Remaining: 236.9
173 235.6 , Est Remaining: 235.6
174 237.0 , Est Remaining: 234.3
175 238.4 , Est Remaining: 232.9
176 239.7 , Est Remaining: 231.6
177 241.1 , Est Remaining: 230.2
178 242.4 , Est Remaining: 228.8
179 243.8 , Est Remaining: 227.5
180 245.2 , Est Remaining: 226.1
181 246.6 , Est Remaining: 224.8
182 248.0 , Est Remaining: 223.4
183 249.3 , Est Remaining: 222.1
184 250.7 , Est Remaining: 220.7
185 252.1 , Est Remaining: 219.4
186 253.4 , Est Remaining: 218.0
187 254.8 , Est Remaining: 216.7
EVENT FAILED
187 255.1 , Est Remaining: 216.9
188 256.5 , Est Remaining: 215.6
189 257.9 , Est Remaining: 214.2
190 259.2 , Est Remaining: 212.8
191 260.6 , Est Remaining: 211.4
192 261.9 , Est Remaining: 210.1
193 263.3 , Est Remaining: 208.7
EVENT FAILED
193 263.6 , Est Remaining: 208.9
194 264.9 , Est Remaining: 207.6
195 266.3 , Est Remaining: 206.2
196 267.6 , Est Remaining: 204.8
197 269.0 , Est Remaining: 203.5
198 270.4 , Est Remaining: 202.1
199 271.7 , Est Remaining: 200.7
200 273.1 , Est Remaining: 199.4
201 274.4 , Est Remaining: 198.0
202 275.8 , Est Remaining: 196.6
203 277.2 , Est Remaining: 195.3
204 278.6 , Est Remaining: 193.9
205 280.0 , Est Remaining: 192.6
206 281.4 , Est Remaining: 191.2
207 282.7 , Est Remaining: 189.8
208 284.1 , Est Remaining: 188.5
209 285.4 , Est Remaining: 187.1
210 286.8 , Est Remaining: 185.7
211 288.1 , Est Remaining: 184.4
212 289.5 , Est Remaining: 183.0
213 290.9 , Est Remaining: 181.6
214 292.3 , Est Remaining: 180.3
215 293.6 , Est Remaining: 178.9
216 295.0 , Est Remaining: 177.5
217 296.4 , Est Remaining: 176.2
218 297.7 , Est Remaining: 174.8
219 299.1 , Est Remaining: 173.5
220 300.5 , Est Remaining: 172.1
221 301.8 , Est Remaining: 170.7
222 303.2 , Est Remaining: 169.4
223 304.6 , Est Remaining: 168.0
224 305.9 , Est Remaining: 166.6
225 307.3 , Est Remaining: 165.3
EVENT FAILED
225 307.6 , Est Remaining: 165.4
226 309.0 , Est Remaining: 164.1
227 310.4 , Est Remaining: 162.7
228 311.7 , Est Remaining: 161.3
229 313.1 , Est Remaining: 160.0
230 314.5 , Est Remaining: 158.6
231 315.8 , Est Remaining: 157.2
232 317.2 , Est Remaining: 155.9
233 318.5 , Est Remaining: 154.5
234 319.9 , Est Remaining: 153.1
235 321.3 , Est Remaining: 151.8
236 322.6 , Est Remaining: 150.4
237 324.0 , Est Remaining: 149.0
238 325.4 , Est Remaining: 147.6
239 326.7 , Est Remaining: 146.3
240 328.1 , Est Remaining: 144.9
241 329.5 , Est Remaining: 143.5
242 330.8 , Est Remaining: 142.2
243 332.2 , Est Remaining: 140.8
EVENT FAILED
243 332.5 , Est Remaining: 140.9
244 333.8 , Est Remaining: 139.6
245 335.2 , Est Remaining: 138.2
246 336.6 , Est Remaining: 136.8
247 337.9 , Est Remaining: 135.5
248 339.3 , Est Remaining: 134.1
249 340.7 , Est Remaining: 132.7
250 342.1 , Est Remaining: 131.4
251 343.4 , Est Remaining: 130.0
252 344.8 , Est Remaining: 128.6
253 346.2 , Est Remaining: 127.2
254 347.5 , Est Remaining: 125.9
255 348.9 , Est Remaining: 124.5
256 350.2 , Est Remaining: 123.1
257 351.6 , Est Remaining: 121.8
258 353.0 , Est Remaining: 120.4
259 354.4 , Est Remaining: 119.0
260 355.7 , Est Remaining: 117.7
261 357.1 , Est Remaining: 116.3
262 358.4 , Est Remaining: 114.9
263 359.8 , Est Remaining: 113.5
264 361.2 , Est Remaining: 112.2
265 362.5 , Est Remaining: 110.8
266 363.9 , Est Remaining: 109.4
EVENT FAILED
266 364.2 , Est Remaining: 109.5
267 365.5 , Est Remaining: 108.2
268 366.9 , Est Remaining: 106.8
269 368.2 , Est Remaining: 105.4
270 369.6 , Est Remaining: 104.0
271 371.0 , Est Remaining: 102.7
272 372.3 , Est Remaining: 101.3
273 373.7 , Est Remaining: 99.9
274 375.0 , Est Remaining: 98.5
275 376.3 , Est Remaining: 97.2
276 377.7 , Est Remaining: 95.8
277 379.0 , Est Remaining: 94.4
278 380.3 , Est Remaining: 93.0
279 381.7 , Est Remaining: 91.7
EVENT FAILED
279 382.0 , Est Remaining: 91.7
280 383.3 , Est Remaining: 90.3
281 384.6 , Est Remaining: 89.0
282 385.9 , Est Remaining: 87.6
283 387.2 , Est Remaining: 86.2
284 388.6 , Est Remaining: 84.8
285 389.9 , Est Remaining: 83.4
286 391.2 , Est Remaining: 82.1
287 392.5 , Est Remaining: 80.7
288 394.0 , Est Remaining: 79.3
289 395.3 , Est Remaining: 78.0
290 396.6 , Est Remaining: 76.6
291 397.9 , Est Remaining: 75.2
292 399.2 , Est Remaining: 73.8
293 400.5 , Est Remaining: 72.5
294 401.8 , Est Remaining: 71.1
EVENT FAILED
294 402.1 , Est Remaining: 71.1
295 403.4 , Est Remaining: 69.7
296 404.7 , Est Remaining: 68.4
297 406.0 , Est Remaining: 67.0
298 407.2 , Est Remaining: 65.6
299 408.5 , Est Remaining: 64.2
300 409.8 , Est Remaining: 62.8
301 411.0 , Est Remaining: 61.4
302 412.4 , Est Remaining: 60.1
303 413.7 , Est Remaining: 58.7
304 415.0 , Est Remaining: 57.3
305 416.2 , Est Remaining: 56.0
306 417.5 , Est Remaining: 54.6
307 418.8 , Est Remaining: 53.2
308 420.0 , Est Remaining: 51.8
309 421.3 , Est Remaining: 50.4
310 422.6 , Est Remaining: 49.1
311 423.8 , Est Remaining: 47.7
312 425.1 , Est Remaining: 46.3
313 426.4 , Est Remaining: 45.0
314 427.6 , Est Remaining: 43.6
315 428.9 , Est Remaining: 42.2
316 430.2 , Est Remaining: 40.8
317 431.5 , Est Remaining: 39.5
318 432.7 , Est Remaining: 38.1
319 434.0 , Est Remaining: 36.7
320 435.3 , Est Remaining: 35.4
321 436.5 , Est Remaining: 34.0
322 437.8 , Est Remaining: 32.6
323 439.1 , Est Remaining: 31.3
324 440.4 , Est Remaining: 29.9
325 441.6 , Est Remaining: 28.5
326 442.9 , Est Remaining: 27.2
327 444.2 , Est Remaining: 25.8
328 445.4 , Est Remaining: 24.4
329 446.7 , Est Remaining: 23.1
330 448.0 , Est Remaining: 21.7
331 449.2 , Est Remaining: 20.4
332 450.5 , Est Remaining: 19.0
333 451.8 , Est Remaining: 17.6
