Note: NumExpr detected 32 cores but "NUMEXPR_MAX_THREADS" not set, so enforcing safe limit of 8.
Using selector: EpollSelector
/n/home02/jhaefner/miniconda/envs/IC-3.7-2020-06-16/lib/python3.7/site-packages/scipy/optimize/minpack.py:808: OptimizeWarning: Covariance of the parameters could not be estimated
  category=OptimizeWarning)
Total rwfs: 346
0 0.0 , Est Remaining: 999999.9
1 1.5 , Est Remaining: 513.7
2 3.0 , Est Remaining: 508.8
3 4.5 , Est Remaining: 514.4
4 6.0 , Est Remaining: 511.8
5 7.4 , Est Remaining: 507.1
6 8.9 , Est Remaining: 504.7
7 10.4 , Est Remaining: 502.1
8 11.8 , Est Remaining: 499.2
9 13.3 , Est Remaining: 497.2
10 14.7 , Est Remaining: 495.2
11 16.2 , Est Remaining: 492.8
12 17.6 , Est Remaining: 490.9
13 19.1 , Est Remaining: 488.7
14 20.5 , Est Remaining: 487.2
15 22.0 , Est Remaining: 485.5
16 23.4 , Est Remaining: 483.3
17 24.9 , Est Remaining: 481.6
18 26.3 , Est Remaining: 480.0
19 27.8 , Est Remaining: 478.3
20 29.2 , Est Remaining: 476.6
21 30.7 , Est Remaining: 474.8
22 32.1 , Est Remaining: 473.2
23 33.6 , Est Remaining: 471.9
24 35.0 , Est Remaining: 470.3
25 36.5 , Est Remaining: 468.8
EVENT FAILED
25 36.8 , Est Remaining: 472.8
26 38.3 , Est Remaining: 470.9
27 39.7 , Est Remaining: 468.8
28 41.1 , Est Remaining: 466.9
29 42.6 , Est Remaining: 465.3
30 44.0 , Est Remaining: 463.7
31 45.5 , Est Remaining: 461.9
32 46.9 , Est Remaining: 460.3
33 48.4 , Est Remaining: 458.6
34 49.8 , Est Remaining: 457.1
35 51.3 , Est Remaining: 455.5
36 52.7 , Est Remaining: 453.9
37 54.2 , Est Remaining: 452.5
38 55.7 , Est Remaining: 451.1
39 57.1 , Est Remaining: 449.8
40 58.6 , Est Remaining: 448.4
EVENT FAILED
40 58.9 , Est Remaining: 450.7
41 60.4 , Est Remaining: 449.0
42 61.8 , Est Remaining: 447.4
43 63.3 , Est Remaining: 445.8
44 64.7 , Est Remaining: 444.3
45 66.2 , Est Remaining: 442.7
46 67.6 , Est Remaining: 441.1
EVENT FAILED
46 68.0 , Est Remaining: 443.3
47 69.4 , Est Remaining: 441.6
48 70.9 , Est Remaining: 439.9
49 72.3 , Est Remaining: 438.4
50 73.8 , Est Remaining: 436.7
EVENT FAILED
50 74.1 , Est Remaining: 438.6
51 75.5 , Est Remaining: 436.8
52 76.9 , Est Remaining: 434.9
53 78.4 , Est Remaining: 433.2
54 79.8 , Est Remaining: 431.5
55 81.2 , Est Remaining: 429.8
56 82.7 , Est Remaining: 428.2
57 84.1 , Est Remaining: 426.6
58 85.6 , Est Remaining: 424.9
EVENT FAILED
58 85.9 , Est Remaining: 426.5
59 87.3 , Est Remaining: 424.7
60 88.8 , Est Remaining: 423.1
61 90.2 , Est Remaining: 421.4
62 91.6 , Est Remaining: 419.8
63 93.1 , Est Remaining: 418.1
64 94.5 , Est Remaining: 416.3
EVENT FAILED
64 94.8 , Est Remaining: 417.6
EVENT FAILED
64 95.1 , Est Remaining: 419.0
65 96.5 , Est Remaining: 417.2
66 97.9 , Est Remaining: 415.5
67 99.4 , Est Remaining: 413.7
68 100.8 , Est Remaining: 412.0
69 102.2 , Est Remaining: 410.3
70 103.6 , Est Remaining: 408.4
EVENT FAILED
70 103.9 , Est Remaining: 409.6
71 105.3 , Est Remaining: 407.8
72 106.7 , Est Remaining: 405.9
73 108.1 , Est Remaining: 404.1
74 109.5 , Est Remaining: 402.3
75 110.8 , Est Remaining: 400.5
76 112.2 , Est Remaining: 398.6
77 113.6 , Est Remaining: 396.7
78 114.9 , Est Remaining: 394.8
79 116.3 , Est Remaining: 392.9
80 117.6 , Est Remaining: 391.1
81 119.0 , Est Remaining: 389.3
82 120.4 , Est Remaining: 387.5
83 121.7 , Est Remaining: 385.7
84 123.1 , Est Remaining: 383.9
85 124.5 , Est Remaining: 382.2
86 125.8 , Est Remaining: 380.4
87 127.2 , Est Remaining: 378.6
88 128.6 , Est Remaining: 376.9
89 129.9 , Est Remaining: 375.2
90 131.3 , Est Remaining: 373.5
91 132.7 , Est Remaining: 371.7
92 134.0 , Est Remaining: 370.0
93 135.4 , Est Remaining: 368.4
94 136.8 , Est Remaining: 366.7
95 138.1 , Est Remaining: 365.0
96 139.5 , Est Remaining: 363.3
97 140.9 , Est Remaining: 361.6
98 142.2 , Est Remaining: 359.9
99 143.6 , Est Remaining: 358.3
100 145.0 , Est Remaining: 356.6
101 146.3 , Est Remaining: 354.9
102 147.7 , Est Remaining: 353.2
103 149.1 , Est Remaining: 351.8
104 150.5 , Est Remaining: 350.2
105 151.9 , Est Remaining: 348.6
106 153.2 , Est Remaining: 346.9
107 154.6 , Est Remaining: 345.3
108 156.0 , Est Remaining: 343.8
109 157.4 , Est Remaining: 342.2
110 158.8 , Est Remaining: 340.6
111 160.1 , Est Remaining: 339.0
EVENT FAILED
111 160.4 , Est Remaining: 339.6
112 161.8 , Est Remaining: 338.1
113 163.2 , Est Remaining: 336.5
114 164.6 , Est Remaining: 334.9
115 165.9 , Est Remaining: 333.3
116 167.3 , Est Remaining: 331.7
117 168.7 , Est Remaining: 330.2
118 170.1 , Est Remaining: 328.6
119 171.4 , Est Remaining: 327.0
120 172.8 , Est Remaining: 325.4
121 174.1 , Est Remaining: 323.8
122 175.5 , Est Remaining: 322.2
EVENT FAILED
122 175.8 , Est Remaining: 322.7
123 177.1 , Est Remaining: 321.1
124 178.4 , Est Remaining: 319.5
125 179.8 , Est Remaining: 317.9
126 181.1 , Est Remaining: 316.3
127 182.4 , Est Remaining: 314.6
128 183.8 , Est Remaining: 313.1
129 185.2 , Est Remaining: 311.5
130 186.6 , Est Remaining: 310.0
131 188.0 , Est Remaining: 308.5
132 189.4 , Est Remaining: 307.1
133 190.8 , Est Remaining: 305.6
134 192.2 , Est Remaining: 304.0
135 193.6 , Est Remaining: 302.5
136 195.0 , Est Remaining: 301.0
137 196.4 , Est Remaining: 299.6
138 197.8 , Est Remaining: 298.1
139 199.1 , Est Remaining: 296.6
140 200.5 , Est Remaining: 295.1
141 201.9 , Est Remaining: 293.6
142 203.3 , Est Remaining: 292.0
143 204.7 , Est Remaining: 290.6
144 206.1 , Est Remaining: 289.1
145 207.5 , Est Remaining: 287.6
146 208.9 , Est Remaining: 286.1
147 210.3 , Est Remaining: 284.7
148 211.7 , Est Remaining: 283.2
149 213.1 , Est Remaining: 281.7
150 214.5 , Est Remaining: 280.3
151 215.9 , Est Remaining: 278.8
152 217.3 , Est Remaining: 277.4
153 218.7 , Est Remaining: 275.9
154 220.1 , Est Remaining: 274.5
155 221.6 , Est Remaining: 273.1
156 223.0 , Est Remaining: 271.6
157 224.5 , Est Remaining: 270.2
EVENT FAILED
157 224.8 , Est Remaining: 270.6
158 226.2 , Est Remaining: 269.1
159 227.6 , Est Remaining: 267.7
160 229.0 , Est Remaining: 266.3
161 230.5 , Est Remaining: 264.9
EVENT FAILED
161 230.8 , Est Remaining: 265.2
162 232.2 , Est Remaining: 263.8
163 233.7 , Est Remaining: 262.3
164 235.1 , Est Remaining: 260.9
165 236.5 , Est Remaining: 259.4
166 237.9 , Est Remaining: 257.9
167 239.3 , Est Remaining: 256.5
168 240.7 , Est Remaining: 255.0
169 242.1 , Est Remaining: 253.6
170 243.5 , Est Remaining: 252.1
171 245.0 , Est Remaining: 250.7
172 246.4 , Est Remaining: 249.3
173 247.9 , Est Remaining: 247.9
174 249.4 , Est Remaining: 246.5
175 250.8 , Est Remaining: 245.1
176 252.2 , Est Remaining: 243.6
177 253.7 , Est Remaining: 242.2
178 255.1 , Est Remaining: 240.8
179 256.6 , Est Remaining: 239.4
180 258.1 , Est Remaining: 238.0
181 259.6 , Est Remaining: 236.6
182 261.0 , Est Remaining: 235.2
183 262.5 , Est Remaining: 233.8
184 263.9 , Est Remaining: 232.4
185 265.4 , Est Remaining: 231.0
186 266.9 , Est Remaining: 229.6
187 268.4 , Est Remaining: 228.2
188 269.9 , Est Remaining: 226.8
189 271.3 , Est Remaining: 225.4
190 272.8 , Est Remaining: 224.0
191 274.3 , Est Remaining: 222.6
192 275.7 , Est Remaining: 221.1
193 277.2 , Est Remaining: 219.7
194 278.6 , Est Remaining: 218.3
195 280.1 , Est Remaining: 216.9
196 281.5 , Est Remaining: 215.5
197 283.0 , Est Remaining: 214.1
198 284.5 , Est Remaining: 212.6
199 285.9 , Est Remaining: 211.2
200 287.3 , Est Remaining: 209.8
201 288.8 , Est Remaining: 208.3
202 290.3 , Est Remaining: 207.0
203 291.9 , Est Remaining: 205.6
204 293.4 , Est Remaining: 204.2
205 294.8 , Est Remaining: 202.8
206 296.3 , Est Remaining: 201.4
207 297.7 , Est Remaining: 199.9
208 299.2 , Est Remaining: 198.5
209 300.7 , Est Remaining: 197.1
210 302.1 , Est Remaining: 195.7
211 303.6 , Est Remaining: 194.3
212 305.1 , Est Remaining: 192.8
213 306.5 , Est Remaining: 191.4
214 308.0 , Est Remaining: 190.0
215 309.5 , Est Remaining: 188.6
216 310.9 , Est Remaining: 187.1
217 312.4 , Est Remaining: 185.7
218 313.9 , Est Remaining: 184.3
219 315.4 , Est Remaining: 182.9
220 316.8 , Est Remaining: 181.5
EVENT FAILED
220 317.1 , Est Remaining: 181.6
221 318.6 , Est Remaining: 180.2
222 320.1 , Est Remaining: 178.8
223 321.5 , Est Remaining: 177.4
224 323.0 , Est Remaining: 175.9
225 324.5 , Est Remaining: 174.5
226 326.0 , Est Remaining: 173.1
227 327.4 , Est Remaining: 171.7
228 328.9 , Est Remaining: 170.2
229 330.4 , Est Remaining: 168.8
230 331.9 , Est Remaining: 167.4
231 333.3 , Est Remaining: 165.9
232 334.8 , Est Remaining: 164.5
EVENT FAILED
232 335.1 , Est Remaining: 164.7
233 336.4 , Est Remaining: 163.2
234 337.9 , Est Remaining: 161.7
235 339.4 , Est Remaining: 160.3
236 340.8 , Est Remaining: 158.9
237 342.3 , Est Remaining: 157.4
238 343.7 , Est Remaining: 156.0
239 345.2 , Est Remaining: 154.6
240 346.7 , Est Remaining: 153.1
241 348.1 , Est Remaining: 151.7
242 349.6 , Est Remaining: 150.2
243 351.1 , Est Remaining: 148.8
244 352.5 , Est Remaining: 147.4
245 354.0 , Est Remaining: 145.9
246 355.5 , Est Remaining: 144.5
247 356.9 , Est Remaining: 143.1
EVENT FAILED
247 357.2 , Est Remaining: 143.2
248 358.7 , Est Remaining: 141.7
249 360.1 , Est Remaining: 140.3
250 361.6 , Est Remaining: 138.8
251 363.0 , Est Remaining: 137.4
252 364.5 , Est Remaining: 136.0
253 365.9 , Est Remaining: 134.5
254 367.4 , Est Remaining: 133.1
255 368.8 , Est Remaining: 131.6
256 370.3 , Est Remaining: 130.2
257 371.8 , Est Remaining: 128.7
258 373.2 , Est Remaining: 127.3
259 374.7 , Est Remaining: 125.9
260 376.1 , Est Remaining: 124.4
261 377.6 , Est Remaining: 123.0
262 379.0 , Est Remaining: 121.5
263 380.5 , Est Remaining: 120.1
EVENT FAILED
263 380.8 , Est Remaining: 120.2
264 382.3 , Est Remaining: 118.7
265 383.7 , Est Remaining: 117.3
266 385.2 , Est Remaining: 115.8
267 386.6 , Est Remaining: 114.4
268 388.1 , Est Remaining: 112.9
269 389.5 , Est Remaining: 111.5
EVENT FAILED
269 390.4 , Est Remaining: 111.8
270 391.9 , Est Remaining: 110.3
271 393.3 , Est Remaining: 108.9
272 394.8 , Est Remaining: 107.4
273 396.2 , Est Remaining: 106.0
274 397.7 , Est Remaining: 104.5
275 399.1 , Est Remaining: 103.0
276 400.6 , Est Remaining: 101.6
277 402.0 , Est Remaining: 100.1
278 403.5 , Est Remaining: 98.7
279 404.9 , Est Remaining: 97.2
EVENT FAILED
279 405.3 , Est Remaining: 97.3
280 406.8 , Est Remaining: 95.9
281 408.2 , Est Remaining: 94.4
282 409.7 , Est Remaining: 93.0
283 411.1 , Est Remaining: 91.5
284 412.6 , Est Remaining: 90.1
285 414.1 , Est Remaining: 88.6
286 415.5 , Est Remaining: 87.2
287 417.0 , Est Remaining: 85.7
288 418.4 , Est Remaining: 84.3
289 419.9 , Est Remaining: 82.8
290 421.3 , Est Remaining: 81.4
291 422.8 , Est Remaining: 79.9
292 424.2 , Est Remaining: 78.5
293 425.7 , Est Remaining: 77.0
294 427.1 , Est Remaining: 75.5
295 428.6 , Est Remaining: 74.1
296 430.0 , Est Remaining: 72.6
297 431.5 , Est Remaining: 71.2
298 433.0 , Est Remaining: 69.7
299 434.4 , Est Remaining: 68.3
300 435.8 , Est Remaining: 66.8
301 437.3 , Est Remaining: 65.4
302 438.9 , Est Remaining: 63.9
303 440.3 , Est Remaining: 62.5
304 441.8 , Est Remaining: 61.0
305 443.2 , Est Remaining: 59.6
306 444.7 , Est Remaining: 58.1
307 446.1 , Est Remaining: 56.7
308 447.5 , Est Remaining: 55.2
309 449.0 , Est Remaining: 53.8
310 450.4 , Est Remaining: 52.3
311 451.9 , Est Remaining: 50.9
312 453.3 , Est Remaining: 49.4
313 454.8 , Est Remaining: 47.9
314 456.2 , Est Remaining: 46.5
315 457.6 , Est Remaining: 45.0
316 459.1 , Est Remaining: 43.6
317 460.5 , Est Remaining: 42.1
318 461.9 , Est Remaining: 40.7
319 463.4 , Est Remaining: 39.2
320 464.8 , Est Remaining: 37.8
321 466.3 , Est Remaining: 36.3
322 467.7 , Est Remaining: 34.9
323 469.1 , Est Remaining: 33.4
324 470.6 , Est Remaining: 32.0
325 472.0 , Est Remaining: 30.5
326 473.5 , Est Remaining: 29.0
327 474.9 , Est Remaining: 27.6
