Note: NumExpr detected 32 cores but "NUMEXPR_MAX_THREADS" not set, so enforcing safe limit of 8.
Using selector: EpollSelector
/n/home02/jhaefner/miniconda/envs/IC-3.7-2020-06-16/lib/python3.7/site-packages/scipy/optimize/minpack.py:808: OptimizeWarning: Covariance of the parameters could not be estimated
  category=OptimizeWarning)
Total rwfs: 346
0 0.0 , Est Remaining: 999999.9
EVENT FAILED
0 0.3 , Est Remaining: 999999.9
1 1.7 , Est Remaining: 600.9
2 3.1 , Est Remaining: 540.5
3 4.6 , Est Remaining: 525.1
4 6.0 , Est Remaining: 512.7
5 7.4 , Est Remaining: 502.6
6 8.7 , Est Remaining: 495.2
7 10.1 , Est Remaining: 489.5
EVENT FAILED
7 10.4 , Est Remaining: 504.3
8 11.8 , Est Remaining: 497.4
9 13.1 , Est Remaining: 491.8
10 14.5 , Est Remaining: 488.2
11 15.9 , Est Remaining: 484.2
12 17.3 , Est Remaining: 480.5
13 18.6 , Est Remaining: 476.9
14 20.0 , Est Remaining: 473.7
15 21.3 , Est Remaining: 470.8
16 22.7 , Est Remaining: 468.3
17 24.1 , Est Remaining: 466.0
18 25.5 , Est Remaining: 464.1
19 26.8 , Est Remaining: 462.0
20 28.2 , Est Remaining: 459.6
21 29.5 , Est Remaining: 457.3
22 30.9 , Est Remaining: 455.1
23 32.3 , Est Remaining: 453.2
24 33.6 , Est Remaining: 451.1
25 35.0 , Est Remaining: 449.1
26 36.3 , Est Remaining: 447.2
27 37.7 , Est Remaining: 445.4
28 39.1 , Est Remaining: 443.7
29 40.4 , Est Remaining: 441.9
30 41.8 , Est Remaining: 440.3
31 43.2 , Est Remaining: 438.6
32 44.5 , Est Remaining: 436.9
33 45.9 , Est Remaining: 435.4
34 47.3 , Est Remaining: 433.7
35 48.6 , Est Remaining: 432.1
36 50.0 , Est Remaining: 430.5
37 51.4 , Est Remaining: 429.1
38 52.8 , Est Remaining: 427.6
39 54.1 , Est Remaining: 426.0
40 55.5 , Est Remaining: 424.5
41 56.9 , Est Remaining: 422.9
42 58.2 , Est Remaining: 421.4
43 59.6 , Est Remaining: 419.8
44 60.9 , Est Remaining: 418.1
45 62.3 , Est Remaining: 416.6
46 63.6 , Est Remaining: 415.1
47 65.0 , Est Remaining: 413.5
48 66.3 , Est Remaining: 411.9
49 67.7 , Est Remaining: 410.3
50 69.0 , Est Remaining: 408.8
51 70.4 , Est Remaining: 407.3
52 71.8 , Est Remaining: 405.8
53 73.1 , Est Remaining: 404.3
54 74.5 , Est Remaining: 402.8
55 75.8 , Est Remaining: 401.2
56 77.2 , Est Remaining: 399.7
57 78.5 , Est Remaining: 398.2
58 79.9 , Est Remaining: 396.6
59 81.2 , Est Remaining: 395.1
60 82.6 , Est Remaining: 393.6
61 83.9 , Est Remaining: 392.1
62 85.3 , Est Remaining: 390.5
63 86.6 , Est Remaining: 389.0
64 87.9 , Est Remaining: 387.4
EVENT FAILED
64 88.2 , Est Remaining: 388.7
65 89.6 , Est Remaining: 387.2
66 90.9 , Est Remaining: 385.8
67 92.3 , Est Remaining: 384.3
68 93.6 , Est Remaining: 382.8
69 95.0 , Est Remaining: 381.3
70 96.4 , Est Remaining: 380.0
71 97.7 , Est Remaining: 378.6
72 99.1 , Est Remaining: 377.2
73 100.5 , Est Remaining: 375.7
74 101.8 , Est Remaining: 374.3
75 103.2 , Est Remaining: 372.9
76 104.6 , Est Remaining: 371.5
77 105.9 , Est Remaining: 370.0
78 107.3 , Est Remaining: 368.6
79 108.7 , Est Remaining: 367.3
EVENT FAILED
79 109.0 , Est Remaining: 368.3
80 110.3 , Est Remaining: 366.8
81 111.7 , Est Remaining: 365.3
82 113.0 , Est Remaining: 363.9
83 114.4 , Est Remaining: 362.4
84 115.7 , Est Remaining: 360.9
85 117.1 , Est Remaining: 359.5
86 118.4 , Est Remaining: 358.1
87 119.8 , Est Remaining: 356.7
88 121.2 , Est Remaining: 355.2
89 122.5 , Est Remaining: 353.7
90 123.9 , Est Remaining: 352.3
91 125.2 , Est Remaining: 350.9
92 126.6 , Est Remaining: 349.4
93 127.9 , Est Remaining: 348.0
94 129.3 , Est Remaining: 346.5
95 130.6 , Est Remaining: 345.1
EVENT FAILED
95 130.9 , Est Remaining: 345.9
96 132.3 , Est Remaining: 344.5
97 133.6 , Est Remaining: 343.1
98 135.0 , Est Remaining: 341.6
99 136.4 , Est Remaining: 340.2
EVENT FAILED
99 136.7 , Est Remaining: 340.9
100 138.0 , Est Remaining: 339.5
101 139.4 , Est Remaining: 338.1
102 140.8 , Est Remaining: 336.7
103 142.2 , Est Remaining: 335.5
104 143.6 , Est Remaining: 334.1
105 144.9 , Est Remaining: 332.6
106 146.3 , Est Remaining: 331.2
107 147.7 , Est Remaining: 329.8
108 149.0 , Est Remaining: 328.4
109 150.4 , Est Remaining: 327.0
110 151.8 , Est Remaining: 325.6
111 153.1 , Est Remaining: 324.2
112 154.5 , Est Remaining: 322.8
113 155.9 , Est Remaining: 321.4
114 157.2 , Est Remaining: 320.0
115 158.6 , Est Remaining: 318.5
116 159.9 , Est Remaining: 317.1
117 161.3 , Est Remaining: 315.7
118 162.6 , Est Remaining: 314.3
119 164.0 , Est Remaining: 312.9
120 165.4 , Est Remaining: 311.5
121 166.7 , Est Remaining: 310.0
122 168.1 , Est Remaining: 308.6
123 169.4 , Est Remaining: 307.2
124 170.8 , Est Remaining: 305.8
125 172.1 , Est Remaining: 304.3
126 173.5 , Est Remaining: 302.9
127 174.9 , Est Remaining: 301.5
128 176.2 , Est Remaining: 300.1
129 177.6 , Est Remaining: 298.7
130 178.9 , Est Remaining: 297.3
131 180.3 , Est Remaining: 295.9
132 181.7 , Est Remaining: 294.5
133 183.0 , Est Remaining: 293.1
134 184.4 , Est Remaining: 291.7
135 185.8 , Est Remaining: 290.4
136 187.1 , Est Remaining: 289.0
137 188.5 , Est Remaining: 287.6
138 189.9 , Est Remaining: 286.2
139 191.2 , Est Remaining: 284.8
140 192.6 , Est Remaining: 283.4
141 194.0 , Est Remaining: 282.0
142 195.3 , Est Remaining: 280.6
143 196.7 , Est Remaining: 279.2
144 198.1 , Est Remaining: 277.9
145 199.4 , Est Remaining: 276.5
146 200.8 , Est Remaining: 275.1
147 202.2 , Est Remaining: 273.7
148 203.5 , Est Remaining: 272.3
149 204.9 , Est Remaining: 270.9
150 206.3 , Est Remaining: 269.5
151 207.6 , Est Remaining: 268.1
152 209.0 , Est Remaining: 266.7
153 210.3 , Est Remaining: 265.3
154 211.7 , Est Remaining: 263.9
EVENT FAILED
154 212.0 , Est Remaining: 264.3
155 213.4 , Est Remaining: 262.9
156 214.7 , Est Remaining: 261.5
157 216.1 , Est Remaining: 260.1
158 217.4 , Est Remaining: 258.7
159 218.8 , Est Remaining: 257.3
160 220.1 , Est Remaining: 255.9
161 221.5 , Est Remaining: 254.5
162 222.9 , Est Remaining: 253.1
163 224.2 , Est Remaining: 251.7
164 225.6 , Est Remaining: 250.3
165 226.9 , Est Remaining: 248.9
166 228.3 , Est Remaining: 247.5
167 229.6 , Est Remaining: 246.1
168 231.0 , Est Remaining: 244.7
169 232.3 , Est Remaining: 243.3
170 233.7 , Est Remaining: 241.9
171 235.0 , Est Remaining: 240.5
172 236.4 , Est Remaining: 239.2
173 237.8 , Est Remaining: 237.8
174 239.1 , Est Remaining: 236.4
175 240.5 , Est Remaining: 235.0
176 241.8 , Est Remaining: 233.6
177 243.2 , Est Remaining: 232.2
178 244.6 , Est Remaining: 230.8
179 245.9 , Est Remaining: 229.4
180 247.3 , Est Remaining: 228.1
181 248.7 , Est Remaining: 226.7
182 250.0 , Est Remaining: 225.3
183 251.4 , Est Remaining: 223.9
184 252.7 , Est Remaining: 222.5
185 254.1 , Est Remaining: 221.1
186 255.4 , Est Remaining: 219.7
187 256.8 , Est Remaining: 218.4
188 258.2 , Est Remaining: 217.0
189 259.5 , Est Remaining: 215.6
190 260.9 , Est Remaining: 214.2
191 262.2 , Est Remaining: 212.8
192 263.6 , Est Remaining: 211.4
193 265.0 , Est Remaining: 210.0
EVENT FAILED
193 265.3 , Est Remaining: 210.3
194 266.6 , Est Remaining: 208.9
195 268.2 , Est Remaining: 207.7
196 269.5 , Est Remaining: 206.3
197 270.9 , Est Remaining: 204.9
198 272.3 , Est Remaining: 203.5
199 273.6 , Est Remaining: 202.1
200 275.0 , Est Remaining: 200.7
201 276.4 , Est Remaining: 199.4
202 277.8 , Est Remaining: 198.0
203 279.1 , Est Remaining: 196.6
204 280.5 , Est Remaining: 195.3
205 281.9 , Est Remaining: 193.9
206 283.2 , Est Remaining: 192.5
207 284.6 , Est Remaining: 191.1
208 285.9 , Est Remaining: 189.7
209 287.3 , Est Remaining: 188.3
210 288.6 , Est Remaining: 186.9
211 290.0 , Est Remaining: 185.5
212 291.3 , Est Remaining: 184.1
213 292.7 , Est Remaining: 182.7
214 294.0 , Est Remaining: 181.4
215 295.4 , Est Remaining: 180.0
216 296.7 , Est Remaining: 178.6
217 298.1 , Est Remaining: 177.2
218 299.4 , Est Remaining: 175.8
219 300.8 , Est Remaining: 174.4
220 302.2 , Est Remaining: 173.0
221 303.5 , Est Remaining: 171.7
222 304.9 , Est Remaining: 170.3
223 306.2 , Est Remaining: 168.9
224 307.6 , Est Remaining: 167.5
225 308.9 , Est Remaining: 166.1
226 310.3 , Est Remaining: 164.8
227 311.6 , Est Remaining: 163.4
228 313.0 , Est Remaining: 162.0
229 314.4 , Est Remaining: 160.6
230 315.7 , Est Remaining: 159.2
231 317.1 , Est Remaining: 157.8
232 318.4 , Est Remaining: 156.5
233 319.8 , Est Remaining: 155.1
234 321.1 , Est Remaining: 153.7
235 322.5 , Est Remaining: 152.3
236 323.9 , Est Remaining: 151.0
237 325.2 , Est Remaining: 149.6
238 326.6 , Est Remaining: 148.2
239 328.0 , Est Remaining: 146.8
240 329.3 , Est Remaining: 145.4
241 330.7 , Est Remaining: 144.1
242 332.0 , Est Remaining: 142.7
243 333.4 , Est Remaining: 141.3
244 334.7 , Est Remaining: 139.9
245 336.1 , Est Remaining: 138.5
246 337.4 , Est Remaining: 137.2
247 338.8 , Est Remaining: 135.8
248 340.1 , Est Remaining: 134.4
249 341.5 , Est Remaining: 133.0
250 342.8 , Est Remaining: 131.6
251 344.1 , Est Remaining: 130.3
252 345.5 , Est Remaining: 128.9
253 346.8 , Est Remaining: 127.5
254 348.2 , Est Remaining: 126.1
255 349.5 , Est Remaining: 124.7
EVENT FAILED
255 349.8 , Est Remaining: 124.8
256 351.2 , Est Remaining: 123.5
257 352.5 , Est Remaining: 122.1
258 353.9 , Est Remaining: 120.7
259 355.2 , Est Remaining: 119.3
260 356.6 , Est Remaining: 117.9
261 357.9 , Est Remaining: 116.6
262 359.3 , Est Remaining: 115.2
263 360.6 , Est Remaining: 113.8
264 362.0 , Est Remaining: 112.4
265 363.3 , Est Remaining: 111.0
266 364.6 , Est Remaining: 109.7
267 366.0 , Est Remaining: 108.3
268 367.3 , Est Remaining: 106.9
269 368.7 , Est Remaining: 105.5
270 370.0 , Est Remaining: 104.1
271 371.3 , Est Remaining: 102.8
272 372.7 , Est Remaining: 101.4
EVENT FAILED
272 373.0 , Est Remaining: 101.5
273 374.3 , Est Remaining: 100.1
274 375.7 , Est Remaining: 98.7
275 377.0 , Est Remaining: 97.3
276 378.4 , Est Remaining: 96.0
277 379.7 , Est Remaining: 94.6
278 381.1 , Est Remaining: 93.2
279 382.4 , Est Remaining: 91.8
280 383.8 , Est Remaining: 90.5
281 385.1 , Est Remaining: 89.1
282 386.5 , Est Remaining: 87.7
283 387.8 , Est Remaining: 86.3
284 389.2 , Est Remaining: 85.0
285 390.6 , Est Remaining: 83.6
286 391.9 , Est Remaining: 82.2
287 393.2 , Est Remaining: 80.8
288 394.6 , Est Remaining: 79.5
289 396.0 , Est Remaining: 78.1
290 397.3 , Est Remaining: 76.7
291 398.7 , Est Remaining: 75.4
292 400.0 , Est Remaining: 74.0
293 401.4 , Est Remaining: 72.6
294 402.7 , Est Remaining: 71.2
295 404.1 , Est Remaining: 69.9
296 405.4 , Est Remaining: 68.5
EVENT FAILED
296 405.7 , Est Remaining: 68.5
297 407.1 , Est Remaining: 67.2
298 408.4 , Est Remaining: 65.8
299 409.8 , Est Remaining: 64.4
300 411.1 , Est Remaining: 63.0
301 412.6 , Est Remaining: 61.7
302 413.9 , Est Remaining: 60.3
303 415.2 , Est Remaining: 58.9
304 416.5 , Est Remaining: 57.5
305 417.8 , Est Remaining: 56.2
306 419.1 , Est Remaining: 54.8
307 420.5 , Est Remaining: 53.4
308 421.8 , Est Remaining: 52.0
309 423.1 , Est Remaining: 50.7
310 424.4 , Est Remaining: 49.3
311 425.7 , Est Remaining: 47.9
312 427.0 , Est Remaining: 46.5
313 428.3 , Est Remaining: 45.2
314 429.6 , Est Remaining: 43.8
315 430.9 , Est Remaining: 42.4
316 432.2 , Est Remaining: 41.0
317 433.5 , Est Remaining: 39.7
318 434.8 , Est Remaining: 38.3
319 436.1 , Est Remaining: 36.9
320 437.4 , Est Remaining: 35.5
321 438.7 , Est Remaining: 34.2
EVENT FAILED
321 439.0 , Est Remaining: 34.2
322 440.3 , Est Remaining: 32.8
EVENT FAILED
322 440.6 , Est Remaining: 32.8
323 441.9 , Est Remaining: 31.5
324 443.2 , Est Remaining: 30.1
325 444.5 , Est Remaining: 28.7
326 445.8 , Est Remaining: 27.3
327 447.1 , Est Remaining: 26.0
328 448.4 , Est Remaining: 24.6
329 449.7 , Est Remaining: 23.2
330 450.9 , Est Remaining: 21.9
331 452.2 , Est Remaining: 20.5
332 453.5 , Est Remaining: 19.1
