Note: NumExpr detected 32 cores but "NUMEXPR_MAX_THREADS" not set, so enforcing safe limit of 8.
Using selector: EpollSelector
/n/home02/jhaefner/miniconda/envs/IC-3.7-2020-06-16/lib/python3.7/site-packages/scipy/optimize/minpack.py:808: OptimizeWarning: Covariance of the parameters could not be estimated
  category=OptimizeWarning)
Total rwfs: 346
0 0.0 , Est Remaining: 999999.9
1 1.4 , Est Remaining: 477.1
2 2.7 , Est Remaining: 467.0
3 4.1 , Est Remaining: 467.6
4 5.4 , Est Remaining: 465.5
5 6.8 , Est Remaining: 461.9
6 8.1 , Est Remaining: 458.6
7 9.4 , Est Remaining: 455.7
8 10.8 , Est Remaining: 454.9
9 12.1 , Est Remaining: 452.3
10 13.4 , Est Remaining: 449.9
11 14.7 , Est Remaining: 448.3
12 16.1 , Est Remaining: 446.8
13 17.4 , Est Remaining: 444.9
14 18.7 , Est Remaining: 443.4
15 20.0 , Est Remaining: 442.0
16 21.4 , Est Remaining: 441.1
17 22.7 , Est Remaining: 439.6
18 24.0 , Est Remaining: 438.2
19 25.4 , Est Remaining: 436.5
20 26.7 , Est Remaining: 434.7
21 28.0 , Est Remaining: 433.1
22 29.3 , Est Remaining: 431.6
23 30.6 , Est Remaining: 430.0
24 31.9 , Est Remaining: 428.4
25 33.2 , Est Remaining: 426.9
26 34.6 , Est Remaining: 425.5
27 35.9 , Est Remaining: 423.9
28 37.2 , Est Remaining: 422.5
29 38.5 , Est Remaining: 421.3
EVENT FAILED
29 38.8 , Est Remaining: 424.5
30 40.2 , Est Remaining: 423.1
31 41.5 , Est Remaining: 421.5
32 42.8 , Est Remaining: 420.1
33 44.1 , Est Remaining: 418.7
34 45.5 , Est Remaining: 417.2
35 46.8 , Est Remaining: 415.8
36 48.1 , Est Remaining: 414.3
37 49.4 , Est Remaining: 412.9
38 50.7 , Est Remaining: 411.3
39 52.1 , Est Remaining: 409.9
40 53.4 , Est Remaining: 408.3
41 54.7 , Est Remaining: 406.9
42 56.0 , Est Remaining: 405.5
43 57.3 , Est Remaining: 404.1
44 58.7 , Est Remaining: 402.7
45 60.0 , Est Remaining: 401.4
46 61.3 , Est Remaining: 400.0
47 62.7 , Est Remaining: 398.7
48 64.0 , Est Remaining: 397.4
49 65.3 , Est Remaining: 396.1
50 66.7 , Est Remaining: 394.7
51 68.0 , Est Remaining: 393.4
52 69.3 , Est Remaining: 392.1
53 70.7 , Est Remaining: 390.7
54 72.0 , Est Remaining: 389.4
55 73.4 , Est Remaining: 388.1
56 74.7 , Est Remaining: 386.8
57 76.0 , Est Remaining: 385.5
58 77.4 , Est Remaining: 384.2
59 78.7 , Est Remaining: 382.9
60 80.1 , Est Remaining: 381.6
61 81.4 , Est Remaining: 380.4
62 82.8 , Est Remaining: 379.3
63 84.2 , Est Remaining: 378.0
64 85.5 , Est Remaining: 376.7
65 86.8 , Est Remaining: 375.4
66 88.2 , Est Remaining: 374.2
67 89.6 , Est Remaining: 373.0
68 90.9 , Est Remaining: 371.8
69 92.3 , Est Remaining: 370.6
70 93.7 , Est Remaining: 369.4
71 95.1 , Est Remaining: 368.2
72 96.5 , Est Remaining: 367.1
73 97.8 , Est Remaining: 365.9
74 99.3 , Est Remaining: 364.8
75 100.7 , Est Remaining: 363.8
76 102.1 , Est Remaining: 362.6
77 103.5 , Est Remaining: 361.5
78 104.9 , Est Remaining: 360.4
79 106.3 , Est Remaining: 359.2
80 107.7 , Est Remaining: 358.1
81 109.1 , Est Remaining: 357.0
82 110.6 , Est Remaining: 355.9
83 112.0 , Est Remaining: 354.9
84 113.4 , Est Remaining: 353.8
85 114.9 , Est Remaining: 352.7
86 116.3 , Est Remaining: 351.6
87 117.7 , Est Remaining: 350.5
88 119.2 , Est Remaining: 349.4
89 120.6 , Est Remaining: 348.4
90 122.1 , Est Remaining: 347.3
91 123.5 , Est Remaining: 346.1
92 125.0 , Est Remaining: 345.0
93 126.4 , Est Remaining: 343.9
94 127.8 , Est Remaining: 342.7
95 129.3 , Est Remaining: 341.6
96 130.7 , Est Remaining: 340.4
97 132.1 , Est Remaining: 339.2
98 133.6 , Est Remaining: 338.1
99 135.0 , Est Remaining: 336.9
100 136.4 , Est Remaining: 335.6
101 137.9 , Est Remaining: 334.4
102 139.3 , Est Remaining: 333.2
103 140.8 , Est Remaining: 332.2
EVENT FAILED
103 141.1 , Est Remaining: 332.9
104 142.5 , Est Remaining: 331.7
105 144.0 , Est Remaining: 330.5
106 145.4 , Est Remaining: 329.2
107 146.9 , Est Remaining: 328.0
108 148.3 , Est Remaining: 326.8
109 149.7 , Est Remaining: 325.5
110 151.1 , Est Remaining: 324.2
111 152.6 , Est Remaining: 323.0
112 154.0 , Est Remaining: 321.7
113 155.4 , Est Remaining: 320.5
114 156.8 , Est Remaining: 319.1
115 158.3 , Est Remaining: 317.9
116 159.7 , Est Remaining: 316.6
117 161.1 , Est Remaining: 315.3
118 162.5 , Est Remaining: 314.0
119 163.9 , Est Remaining: 312.7
120 165.4 , Est Remaining: 311.4
121 166.8 , Est Remaining: 310.1
122 168.2 , Est Remaining: 308.8
123 169.6 , Est Remaining: 307.5
124 171.0 , Est Remaining: 306.2
125 172.4 , Est Remaining: 304.8
126 173.9 , Est Remaining: 303.6
127 175.3 , Est Remaining: 302.2
128 176.7 , Est Remaining: 300.9
129 178.1 , Est Remaining: 299.6
130 179.5 , Est Remaining: 298.3
131 180.9 , Est Remaining: 297.0
132 182.4 , Est Remaining: 295.7
133 183.8 , Est Remaining: 294.4
134 185.3 , Est Remaining: 293.1
135 186.7 , Est Remaining: 291.8
136 188.2 , Est Remaining: 290.5
137 189.6 , Est Remaining: 289.3
138 191.0 , Est Remaining: 288.0
139 192.5 , Est Remaining: 286.6
140 193.9 , Est Remaining: 285.3
141 195.3 , Est Remaining: 284.0
142 196.8 , Est Remaining: 282.7
143 198.2 , Est Remaining: 281.4
144 199.6 , Est Remaining: 280.0
EVENT FAILED
144 199.9 , Est Remaining: 280.4
145 201.4 , Est Remaining: 279.1
146 202.8 , Est Remaining: 277.8
147 204.2 , Est Remaining: 276.5
148 205.6 , Est Remaining: 275.1
149 207.1 , Est Remaining: 273.8
150 208.5 , Est Remaining: 272.4
151 209.9 , Est Remaining: 271.0
152 211.3 , Est Remaining: 269.7
153 212.7 , Est Remaining: 268.3
154 214.1 , Est Remaining: 266.9
155 215.5 , Est Remaining: 265.6
156 216.9 , Est Remaining: 264.2
157 218.3 , Est Remaining: 262.8
158 219.7 , Est Remaining: 261.4
159 221.1 , Est Remaining: 260.1
160 222.5 , Est Remaining: 258.7
161 224.0 , Est Remaining: 257.4
162 225.4 , Est Remaining: 256.0
163 226.8 , Est Remaining: 254.6
164 228.2 , Est Remaining: 253.3
165 229.6 , Est Remaining: 251.9
166 231.1 , Est Remaining: 250.6
167 232.5 , Est Remaining: 249.2
168 233.9 , Est Remaining: 247.8
169 235.3 , Est Remaining: 246.5
170 236.7 , Est Remaining: 245.1
171 238.2 , Est Remaining: 243.7
172 239.6 , Est Remaining: 242.4
EVENT FAILED
172 239.9 , Est Remaining: 242.7
173 241.4 , Est Remaining: 241.4
174 242.8 , Est Remaining: 240.0
175 244.2 , Est Remaining: 238.7
176 245.7 , Est Remaining: 237.3
177 247.1 , Est Remaining: 236.0
178 248.6 , Est Remaining: 234.6
179 250.0 , Est Remaining: 233.2
180 251.4 , Est Remaining: 231.9
181 252.8 , Est Remaining: 230.5
182 254.3 , Est Remaining: 229.1
183 255.7 , Est Remaining: 227.8
184 257.1 , Est Remaining: 226.4
185 258.6 , Est Remaining: 225.0
186 259.9 , Est Remaining: 223.6
187 261.3 , Est Remaining: 222.2
188 262.7 , Est Remaining: 220.8
189 264.0 , Est Remaining: 219.3
190 265.4 , Est Remaining: 217.9
EVENT FAILED
190 265.7 , Est Remaining: 218.2
191 267.1 , Est Remaining: 216.8
192 268.5 , Est Remaining: 215.4
193 269.9 , Est Remaining: 214.0
194 271.3 , Est Remaining: 212.6
195 272.7 , Est Remaining: 211.2
196 274.1 , Est Remaining: 209.8
197 275.6 , Est Remaining: 208.4
198 277.0 , Est Remaining: 207.0
199 278.4 , Est Remaining: 205.7
200 279.8 , Est Remaining: 204.3
201 281.2 , Est Remaining: 202.9
202 282.7 , Est Remaining: 201.5
203 284.2 , Est Remaining: 200.2
204 285.6 , Est Remaining: 198.8
205 287.1 , Est Remaining: 197.4
206 288.5 , Est Remaining: 196.1
207 290.0 , Est Remaining: 194.7
208 291.4 , Est Remaining: 193.3
209 292.8 , Est Remaining: 191.9
210 294.2 , Est Remaining: 190.5
211 295.6 , Est Remaining: 189.1
212 297.1 , Est Remaining: 187.8
213 298.5 , Est Remaining: 186.4
214 299.9 , Est Remaining: 185.0
215 301.3 , Est Remaining: 183.6
216 302.7 , Est Remaining: 182.2
217 304.1 , Est Remaining: 180.8
218 305.6 , Est Remaining: 179.4
219 307.0 , Est Remaining: 178.0
220 308.4 , Est Remaining: 176.6
221 309.8 , Est Remaining: 175.2
222 311.2 , Est Remaining: 173.9
223 312.7 , Est Remaining: 172.5
224 314.1 , Est Remaining: 171.1
225 315.5 , Est Remaining: 169.7
226 316.9 , Est Remaining: 168.3
227 318.4 , Est Remaining: 166.9
228 319.8 , Est Remaining: 165.5
229 321.2 , Est Remaining: 164.1
230 322.6 , Est Remaining: 162.7
231 324.0 , Est Remaining: 161.3
232 325.4 , Est Remaining: 159.9
233 326.7 , Est Remaining: 158.5
234 328.2 , Est Remaining: 157.1
235 329.6 , Est Remaining: 155.7
236 331.0 , Est Remaining: 154.3
EVENT FAILED
236 331.3 , Est Remaining: 154.4
237 332.7 , Est Remaining: 153.0
238 334.1 , Est Remaining: 151.6
239 335.5 , Est Remaining: 150.2
240 336.9 , Est Remaining: 148.8
241 338.3 , Est Remaining: 147.4
242 339.7 , Est Remaining: 146.0
243 341.1 , Est Remaining: 144.6
EVENT FAILED
243 341.4 , Est Remaining: 144.7
244 342.8 , Est Remaining: 143.3
245 344.2 , Est Remaining: 141.9
246 345.7 , Est Remaining: 140.5
247 347.1 , Est Remaining: 139.1
248 348.5 , Est Remaining: 137.7
249 349.9 , Est Remaining: 136.3
250 351.3 , Est Remaining: 134.9
251 352.8 , Est Remaining: 133.5
252 354.2 , Est Remaining: 132.1
253 355.6 , Est Remaining: 130.7
254 357.1 , Est Remaining: 129.3
255 358.5 , Est Remaining: 127.9
256 359.9 , Est Remaining: 126.5
257 361.4 , Est Remaining: 125.1
258 362.8 , Est Remaining: 123.7
259 364.2 , Est Remaining: 122.3
260 365.6 , Est Remaining: 120.9
261 367.0 , Est Remaining: 119.5
262 368.4 , Est Remaining: 118.1
263 369.9 , Est Remaining: 116.7
264 371.3 , Est Remaining: 115.3
265 372.7 , Est Remaining: 113.9
266 374.1 , Est Remaining: 112.5
267 375.5 , Est Remaining: 111.1
268 377.0 , Est Remaining: 109.7
269 378.4 , Est Remaining: 108.3
270 379.8 , Est Remaining: 106.9
271 381.2 , Est Remaining: 105.5
272 382.7 , Est Remaining: 104.1
273 384.1 , Est Remaining: 102.7
274 385.5 , Est Remaining: 101.3
EVENT FAILED
274 385.8 , Est Remaining: 101.4
275 387.2 , Est Remaining: 100.0
276 388.6 , Est Remaining: 98.6
277 390.1 , Est Remaining: 97.2
278 391.5 , Est Remaining: 95.8
279 392.9 , Est Remaining: 94.4
280 394.4 , Est Remaining: 93.0
281 395.8 , Est Remaining: 91.6
EVENT FAILED
281 396.1 , Est Remaining: 91.6
282 397.5 , Est Remaining: 90.2
283 399.0 , Est Remaining: 88.8
284 400.4 , Est Remaining: 87.4
285 401.8 , Est Remaining: 86.0
286 403.2 , Est Remaining: 84.6
287 404.7 , Est Remaining: 83.2
288 406.1 , Est Remaining: 81.8
289 407.5 , Est Remaining: 80.4
290 408.9 , Est Remaining: 79.0
291 410.4 , Est Remaining: 77.6
292 411.8 , Est Remaining: 76.2
293 413.2 , Est Remaining: 74.7
294 414.6 , Est Remaining: 73.3
295 416.1 , Est Remaining: 71.9
296 417.5 , Est Remaining: 70.5
297 418.9 , Est Remaining: 69.1
298 420.3 , Est Remaining: 67.7
299 421.7 , Est Remaining: 66.3
300 423.1 , Est Remaining: 64.9
301 424.5 , Est Remaining: 63.5
302 426.1 , Est Remaining: 62.1
303 427.5 , Est Remaining: 60.7
304 428.9 , Est Remaining: 59.3
305 430.3 , Est Remaining: 57.8
306 431.8 , Est Remaining: 56.4
307 433.2 , Est Remaining: 55.0
308 434.6 , Est Remaining: 53.6
309 436.0 , Est Remaining: 52.2
310 437.4 , Est Remaining: 50.8
311 438.8 , Est Remaining: 49.4
312 440.2 , Est Remaining: 48.0
313 441.7 , Est Remaining: 46.6
314 443.1 , Est Remaining: 45.2
315 444.5 , Est Remaining: 43.7
316 446.0 , Est Remaining: 42.3
317 447.4 , Est Remaining: 40.9
318 448.8 , Est Remaining: 39.5
319 450.3 , Est Remaining: 38.1
320 451.7 , Est Remaining: 36.7
321 453.1 , Est Remaining: 35.3
322 454.5 , Est Remaining: 33.9
323 456.0 , Est Remaining: 32.5
324 457.4 , Est Remaining: 31.1
325 458.8 , Est Remaining: 29.6
326 460.2 , Est Remaining: 28.2
327 461.5 , Est Remaining: 26.8
328 462.9 , Est Remaining: 25.4
329 464.3 , Est Remaining: 24.0
330 465.7 , Est Remaining: 22.6
331 467.1 , Est Remaining: 21.2
332 468.5 , Est Remaining: 19.8
333 470.0 , Est Remaining: 18.3
334 471.4 , Est Remaining: 16.9
EVENT FAILED
334 471.7 , Est Remaining: 16.9
335 473.1 , Est Remaining: 15.5
