Note: NumExpr detected 32 cores but "NUMEXPR_MAX_THREADS" not set, so enforcing safe limit of 8.
Using selector: EpollSelector
/n/home02/jhaefner/miniconda/envs/IC-3.7-2020-06-16/lib/python3.7/site-packages/scipy/optimize/minpack.py:808: OptimizeWarning: Covariance of the parameters could not be estimated
  category=OptimizeWarning)
Total rwfs: 346
0 0.0 , Est Remaining: 999999.9
1 1.4 , Est Remaining: 497.4
2 2.9 , Est Remaining: 497.1
3 4.4 , Est Remaining: 498.1
4 5.8 , Est Remaining: 495.9
5 7.2 , Est Remaining: 494.2
6 8.7 , Est Remaining: 490.2
7 10.1 , Est Remaining: 487.4
8 11.5 , Est Remaining: 485.2
9 12.9 , Est Remaining: 482.6
10 14.3 , Est Remaining: 481.2
11 15.8 , Est Remaining: 479.9
12 17.2 , Est Remaining: 478.1
13 18.6 , Est Remaining: 476.6
EVENT FAILED
13 18.9 , Est Remaining: 484.5
14 20.3 , Est Remaining: 481.8
15 21.7 , Est Remaining: 479.4
16 23.1 , Est Remaining: 476.7
17 24.5 , Est Remaining: 474.5
18 25.9 , Est Remaining: 472.6
19 27.4 , Est Remaining: 470.9
EVENT FAILED
19 27.7 , Est Remaining: 476.8
20 29.1 , Est Remaining: 474.4
21 30.5 , Est Remaining: 472.3
22 31.9 , Est Remaining: 470.5
23 33.4 , Est Remaining: 468.5
24 34.7 , Est Remaining: 466.1
25 36.2 , Est Remaining: 464.3
26 37.6 , Est Remaining: 462.6
27 39.0 , Est Remaining: 460.7
28 40.4 , Est Remaining: 459.0
29 41.8 , Est Remaining: 457.4
30 43.3 , Est Remaining: 455.9
31 44.7 , Est Remaining: 454.3
32 46.1 , Est Remaining: 452.8
33 47.6 , Est Remaining: 451.3
34 49.0 , Est Remaining: 449.7
35 50.4 , Est Remaining: 448.3
36 51.9 , Est Remaining: 446.9
37 53.3 , Est Remaining: 445.4
38 54.8 , Est Remaining: 444.0
39 56.2 , Est Remaining: 442.6
40 57.7 , Est Remaining: 441.3
41 59.1 , Est Remaining: 439.9
42 60.6 , Est Remaining: 438.4
43 62.0 , Est Remaining: 436.9
44 63.4 , Est Remaining: 435.4
45 64.9 , Est Remaining: 433.9
46 66.3 , Est Remaining: 432.6
EVENT FAILED
46 66.6 , Est Remaining: 434.6
47 68.1 , Est Remaining: 433.1
48 69.5 , Est Remaining: 431.5
49 70.9 , Est Remaining: 430.0
50 72.4 , Est Remaining: 428.5
51 73.8 , Est Remaining: 426.9
52 75.3 , Est Remaining: 425.5
53 76.7 , Est Remaining: 424.1
54 78.2 , Est Remaining: 422.7
55 79.6 , Est Remaining: 421.2
56 81.0 , Est Remaining: 419.7
57 82.5 , Est Remaining: 418.2
58 83.9 , Est Remaining: 416.7
59 85.4 , Est Remaining: 415.3
EVENT FAILED
59 85.7 , Est Remaining: 416.8
60 87.1 , Est Remaining: 415.2
61 88.5 , Est Remaining: 413.7
62 90.0 , Est Remaining: 412.1
63 91.4 , Est Remaining: 410.7
64 92.8 , Est Remaining: 409.1
65 94.3 , Est Remaining: 407.5
66 95.7 , Est Remaining: 406.1
67 97.2 , Est Remaining: 404.6
68 98.6 , Est Remaining: 403.0
69 100.0 , Est Remaining: 401.6
70 101.5 , Est Remaining: 400.1
71 102.9 , Est Remaining: 398.6
72 104.3 , Est Remaining: 397.1
73 105.8 , Est Remaining: 395.6
74 107.2 , Est Remaining: 394.1
75 108.7 , Est Remaining: 392.7
76 110.1 , Est Remaining: 391.2
77 111.6 , Est Remaining: 389.7
78 113.0 , Est Remaining: 388.2
79 114.4 , Est Remaining: 386.7
80 115.9 , Est Remaining: 385.3
81 117.3 , Est Remaining: 383.7
82 118.7 , Est Remaining: 382.2
83 120.1 , Est Remaining: 380.7
84 121.6 , Est Remaining: 379.3
85 123.0 , Est Remaining: 377.7
86 124.4 , Est Remaining: 376.2
87 125.9 , Est Remaining: 374.7
EVENT FAILED
87 126.2 , Est Remaining: 375.6
88 127.6 , Est Remaining: 374.0
89 129.0 , Est Remaining: 372.5
90 130.4 , Est Remaining: 371.0
91 131.9 , Est Remaining: 369.6
92 133.3 , Est Remaining: 368.0
93 134.7 , Est Remaining: 366.5
94 136.2 , Est Remaining: 365.0
95 137.6 , Est Remaining: 363.5
EVENT FAILED
95 137.9 , Est Remaining: 364.3
96 139.3 , Est Remaining: 362.8
97 140.7 , Est Remaining: 361.3
EVENT FAILED
97 141.1 , Est Remaining: 362.1
98 142.3 , Est Remaining: 360.2
99 143.7 , Est Remaining: 358.6
100 145.2 , Est Remaining: 357.1
101 146.6 , Est Remaining: 355.7
102 148.0 , Est Remaining: 354.1
103 149.5 , Est Remaining: 352.8
104 150.9 , Est Remaining: 351.2
105 152.4 , Est Remaining: 349.7
106 153.8 , Est Remaining: 348.3
107 155.2 , Est Remaining: 346.8
108 156.7 , Est Remaining: 345.3
109 158.1 , Est Remaining: 343.9
110 159.6 , Est Remaining: 342.5
111 161.1 , Est Remaining: 341.0
112 162.5 , Est Remaining: 339.6
113 164.0 , Est Remaining: 338.2
114 165.5 , Est Remaining: 336.8
115 166.9 , Est Remaining: 335.3
116 168.4 , Est Remaining: 333.9
EVENT FAILED
116 168.7 , Est Remaining: 334.5
EVENT FAILED
116 169.0 , Est Remaining: 335.1
117 170.4 , Est Remaining: 333.6
118 171.8 , Est Remaining: 332.0
119 173.3 , Est Remaining: 330.5
120 174.7 , Est Remaining: 329.0
121 176.2 , Est Remaining: 327.6
122 177.6 , Est Remaining: 326.1
123 179.0 , Est Remaining: 324.5
124 180.4 , Est Remaining: 323.0
125 181.9 , Est Remaining: 321.6
126 183.3 , Est Remaining: 320.1
EVENT FAILED
126 183.6 , Est Remaining: 320.6
127 185.1 , Est Remaining: 319.1
128 186.5 , Est Remaining: 317.6
129 187.8 , Est Remaining: 315.9
130 189.2 , Est Remaining: 314.4
131 190.7 , Est Remaining: 312.9
132 192.1 , Est Remaining: 311.5
133 193.6 , Est Remaining: 310.0
134 195.1 , Est Remaining: 308.7
135 196.6 , Est Remaining: 307.2
136 198.0 , Est Remaining: 305.7
137 199.4 , Est Remaining: 304.3
138 200.9 , Est Remaining: 302.8
139 202.3 , Est Remaining: 301.3
EVENT FAILED
139 202.6 , Est Remaining: 301.8
140 204.1 , Est Remaining: 300.3
141 205.5 , Est Remaining: 298.8
142 207.0 , Est Remaining: 297.4
143 208.4 , Est Remaining: 295.9
144 209.9 , Est Remaining: 294.4
145 211.4 , Est Remaining: 293.0
EVENT FAILED
145 211.7 , Est Remaining: 293.4
146 213.1 , Est Remaining: 291.9
147 214.6 , Est Remaining: 290.5
148 216.0 , Est Remaining: 289.0
149 217.5 , Est Remaining: 287.5
150 218.9 , Est Remaining: 286.1
EVENT FAILED
150 219.2 , Est Remaining: 286.5
151 220.7 , Est Remaining: 285.0
152 222.1 , Est Remaining: 283.5
153 223.6 , Est Remaining: 282.0
154 225.0 , Est Remaining: 280.5
155 226.5 , Est Remaining: 279.1
156 227.9 , Est Remaining: 277.6
157 229.4 , Est Remaining: 276.1
158 230.8 , Est Remaining: 274.6
159 232.3 , Est Remaining: 273.2
160 233.7 , Est Remaining: 271.7
161 235.2 , Est Remaining: 270.2
162 236.7 , Est Remaining: 268.8
163 238.1 , Est Remaining: 267.3
164 239.6 , Est Remaining: 265.9
165 241.0 , Est Remaining: 264.4
166 242.5 , Est Remaining: 262.9
167 243.9 , Est Remaining: 261.4
168 245.3 , Est Remaining: 259.9
169 246.8 , Est Remaining: 258.5
170 248.2 , Est Remaining: 257.0
171 249.7 , Est Remaining: 255.5
172 251.1 , Est Remaining: 254.1
173 252.6 , Est Remaining: 252.6
174 254.0 , Est Remaining: 251.1
175 255.5 , Est Remaining: 249.7
176 257.0 , Est Remaining: 248.2
177 258.4 , Est Remaining: 246.7
178 259.8 , Est Remaining: 245.2
179 261.2 , Est Remaining: 243.7
180 262.7 , Est Remaining: 242.2
181 264.1 , Est Remaining: 240.8
182 265.5 , Est Remaining: 239.3
183 267.0 , Est Remaining: 237.8
184 268.4 , Est Remaining: 236.3
185 269.8 , Est Remaining: 234.8
186 271.3 , Est Remaining: 233.3
187 272.7 , Est Remaining: 231.9
188 274.1 , Est Remaining: 230.4
189 275.6 , Est Remaining: 228.9
190 277.0 , Est Remaining: 227.4
191 278.4 , Est Remaining: 225.9
192 279.8 , Est Remaining: 224.5
193 281.3 , Est Remaining: 223.0
194 282.7 , Est Remaining: 221.5
195 284.2 , Est Remaining: 220.1
EVENT FAILED
195 284.5 , Est Remaining: 220.3
196 285.9 , Est Remaining: 218.8
197 287.4 , Est Remaining: 217.3
198 288.8 , Est Remaining: 215.9
199 290.2 , Est Remaining: 214.4
200 291.7 , Est Remaining: 212.9
201 293.1 , Est Remaining: 211.5
202 294.6 , Est Remaining: 210.0
203 296.2 , Est Remaining: 208.6
204 297.6 , Est Remaining: 207.2
205 299.0 , Est Remaining: 205.7
EVENT FAILED
205 299.4 , Est Remaining: 205.9
206 300.8 , Est Remaining: 204.4
207 302.2 , Est Remaining: 202.9
208 303.7 , Est Remaining: 201.5
209 305.1 , Est Remaining: 200.0
210 306.6 , Est Remaining: 198.5
211 308.0 , Est Remaining: 197.1
212 309.5 , Est Remaining: 195.6
213 310.9 , Est Remaining: 194.2
214 312.4 , Est Remaining: 192.7
215 313.9 , Est Remaining: 191.3
216 315.3 , Est Remaining: 189.8
217 316.8 , Est Remaining: 188.3
218 318.3 , Est Remaining: 186.9
219 319.7 , Est Remaining: 185.4
220 321.2 , Est Remaining: 183.9
221 322.6 , Est Remaining: 182.5
222 324.1 , Est Remaining: 181.0
223 325.5 , Est Remaining: 179.6
224 327.0 , Est Remaining: 178.1
225 328.4 , Est Remaining: 176.6
226 329.9 , Est Remaining: 175.1
227 331.3 , Est Remaining: 173.7
228 332.7 , Est Remaining: 172.2
229 334.2 , Est Remaining: 170.7
230 335.6 , Est Remaining: 169.3
231 337.1 , Est Remaining: 167.8
232 338.5 , Est Remaining: 166.3
233 340.0 , Est Remaining: 164.9
234 341.4 , Est Remaining: 163.4
235 342.8 , Est Remaining: 161.9
236 344.3 , Est Remaining: 160.5
237 345.7 , Est Remaining: 159.0
238 347.1 , Est Remaining: 157.5
EVENT FAILED
238 347.4 , Est Remaining: 157.6
239 348.8 , Est Remaining: 156.2
240 350.2 , Est Remaining: 154.7
241 351.6 , Est Remaining: 153.2
242 353.0 , Est Remaining: 151.7
243 354.5 , Est Remaining: 150.2
244 355.9 , Est Remaining: 148.8
245 357.3 , Est Remaining: 147.3
246 358.7 , Est Remaining: 145.8
247 360.1 , Est Remaining: 144.3
248 361.6 , Est Remaining: 142.9
249 363.0 , Est Remaining: 141.4
250 364.4 , Est Remaining: 139.9
251 365.8 , Est Remaining: 138.5
252 367.2 , Est Remaining: 137.0
253 368.6 , Est Remaining: 135.5
254 370.1 , Est Remaining: 134.0
255 371.5 , Est Remaining: 132.6
256 372.9 , Est Remaining: 131.1
257 374.3 , Est Remaining: 129.6
258 375.7 , Est Remaining: 128.1
259 377.1 , Est Remaining: 126.7
EVENT FAILED
259 377.4 , Est Remaining: 126.8
260 378.8 , Est Remaining: 125.3
261 380.2 , Est Remaining: 123.8
262 381.6 , Est Remaining: 122.3
263 383.0 , Est Remaining: 120.9
264 384.4 , Est Remaining: 119.4
265 385.8 , Est Remaining: 117.9
266 387.1 , Est Remaining: 116.4
267 388.5 , Est Remaining: 115.0
268 389.9 , Est Remaining: 113.5
269 391.3 , Est Remaining: 112.0
270 392.6 , Est Remaining: 110.5
271 394.0 , Est Remaining: 109.0
272 395.4 , Est Remaining: 107.6
273 396.8 , Est Remaining: 106.1
274 398.2 , Est Remaining: 104.6
275 399.6 , Est Remaining: 103.2
276 401.0 , Est Remaining: 101.7
277 402.4 , Est Remaining: 100.2
278 403.8 , Est Remaining: 98.8
279 405.2 , Est Remaining: 97.3
280 406.6 , Est Remaining: 95.8
281 408.0 , Est Remaining: 94.4
282 409.4 , Est Remaining: 92.9
283 410.8 , Est Remaining: 91.4
284 412.2 , Est Remaining: 90.0
285 413.6 , Est Remaining: 88.5
286 415.0 , Est Remaining: 87.1
287 416.3 , Est Remaining: 85.6
288 417.7 , Est Remaining: 84.1
289 419.1 , Est Remaining: 82.7
290 420.5 , Est Remaining: 81.2
291 421.9 , Est Remaining: 79.7
292 423.3 , Est Remaining: 78.3
293 424.7 , Est Remaining: 76.8
294 426.1 , Est Remaining: 75.4
295 427.5 , Est Remaining: 73.9
296 428.9 , Est Remaining: 72.4
297 430.3 , Est Remaining: 71.0
298 431.7 , Est Remaining: 69.5
299 433.1 , Est Remaining: 68.1
300 434.5 , Est Remaining: 66.6
301 435.9 , Est Remaining: 65.2
302 437.5 , Est Remaining: 63.7
303 438.9 , Est Remaining: 62.3
304 440.3 , Est Remaining: 60.8
305 441.7 , Est Remaining: 59.4
306 443.1 , Est Remaining: 57.9
307 444.5 , Est Remaining: 56.5
308 445.9 , Est Remaining: 55.0
309 447.4 , Est Remaining: 53.6
310 448.8 , Est Remaining: 52.1
311 450.2 , Est Remaining: 50.7
312 451.7 , Est Remaining: 49.2
313 453.1 , Est Remaining: 47.8
314 454.5 , Est Remaining: 46.3
315 455.9 , Est Remaining: 44.9
316 457.4 , Est Remaining: 43.4
317 458.8 , Est Remaining: 42.0
318 460.2 , Est Remaining: 40.5
319 461.6 , Est Remaining: 39.1
320 463.0 , Est Remaining: 37.6
321 464.4 , Est Remaining: 36.2
322 465.8 , Est Remaining: 34.7
323 467.2 , Est Remaining: 33.3
324 468.6 , Est Remaining: 31.8
325 469.9 , Est Remaining: 30.4
326 471.3 , Est Remaining: 28.9
327 472.7 , Est Remaining: 27.5
328 474.1 , Est Remaining: 26.0
