Note: NumExpr detected 32 cores but "NUMEXPR_MAX_THREADS" not set, so enforcing safe limit of 8.
Using selector: EpollSelector
/n/home02/jhaefner/miniconda/envs/IC-3.7-2020-06-16/lib/python3.7/site-packages/scipy/optimize/minpack.py:808: OptimizeWarning: Covariance of the parameters could not be estimated
  category=OptimizeWarning)
Total rwfs: 346
0 0.0 , Est Remaining: 999999.9
1 1.4 , Est Remaining: 486.7
2 2.8 , Est Remaining: 484.8
3 4.2 , Est Remaining: 483.8
4 5.6 , Est Remaining: 479.1
5 7.0 , Est Remaining: 477.7
6 8.4 , Est Remaining: 475.0
7 9.8 , Est Remaining: 472.2
8 11.1 , Est Remaining: 469.7
9 12.5 , Est Remaining: 467.5
10 13.9 , Est Remaining: 466.2
11 15.3 , Est Remaining: 464.9
12 16.7 , Est Remaining: 463.9
13 18.2 , Est Remaining: 465.7
14 19.6 , Est Remaining: 464.1
15 20.9 , Est Remaining: 462.2
16 22.3 , Est Remaining: 460.3
17 23.7 , Est Remaining: 459.0
18 25.1 , Est Remaining: 457.3
19 26.5 , Est Remaining: 456.2
20 27.9 , Est Remaining: 454.9
21 29.3 , Est Remaining: 453.5
EVENT FAILED
21 29.6 , Est Remaining: 458.2
22 31.0 , Est Remaining: 456.2
23 32.4 , Est Remaining: 454.4
24 33.8 , Est Remaining: 453.0
25 35.1 , Est Remaining: 451.2
26 36.5 , Est Remaining: 449.6
27 37.9 , Est Remaining: 448.2
EVENT FAILED
27 38.7 , Est Remaining: 457.5
28 40.1 , Est Remaining: 455.9
29 41.5 , Est Remaining: 454.1
30 43.0 , Est Remaining: 452.5
31 44.4 , Est Remaining: 450.9
32 45.8 , Est Remaining: 449.3
33 47.2 , Est Remaining: 447.6
34 48.6 , Est Remaining: 446.1
35 50.0 , Est Remaining: 444.4
36 51.4 , Est Remaining: 442.7
37 52.8 , Est Remaining: 441.3
38 54.2 , Est Remaining: 439.7
39 55.7 , Est Remaining: 438.5
40 57.1 , Est Remaining: 437.1
41 58.6 , Est Remaining: 435.6
42 60.0 , Est Remaining: 433.9
43 61.4 , Est Remaining: 432.4
44 62.8 , Est Remaining: 431.0
45 64.2 , Est Remaining: 429.5
46 65.6 , Est Remaining: 428.1
47 67.1 , Est Remaining: 426.6
48 68.5 , Est Remaining: 425.2
49 69.9 , Est Remaining: 423.7
50 71.3 , Est Remaining: 422.3
51 72.8 , Est Remaining: 421.0
EVENT FAILED
51 73.1 , Est Remaining: 422.7
52 74.5 , Est Remaining: 421.2
EVENT FAILED
52 74.8 , Est Remaining: 423.0
53 76.2 , Est Remaining: 421.4
54 77.7 , Est Remaining: 419.9
55 79.1 , Est Remaining: 418.4
56 80.5 , Est Remaining: 416.9
57 81.9 , Est Remaining: 415.4
58 83.4 , Est Remaining: 414.0
59 84.8 , Est Remaining: 412.5
60 86.2 , Est Remaining: 411.1
61 87.7 , Est Remaining: 409.6
62 89.1 , Est Remaining: 408.2
63 90.5 , Est Remaining: 406.7
64 92.0 , Est Remaining: 405.2
65 93.4 , Est Remaining: 403.7
66 94.8 , Est Remaining: 402.2
67 96.2 , Est Remaining: 400.6
68 97.6 , Est Remaining: 399.1
69 99.1 , Est Remaining: 397.7
70 100.5 , Est Remaining: 396.1
71 101.9 , Est Remaining: 394.5
72 103.3 , Est Remaining: 393.0
73 104.7 , Est Remaining: 391.5
74 106.1 , Est Remaining: 390.1
75 107.6 , Est Remaining: 388.7
76 109.0 , Est Remaining: 387.2
77 110.4 , Est Remaining: 385.8
78 111.8 , Est Remaining: 384.3
79 113.3 , Est Remaining: 382.9
80 114.7 , Est Remaining: 381.5
81 116.2 , Est Remaining: 380.0
82 117.6 , Est Remaining: 378.7
83 119.1 , Est Remaining: 377.3
84 120.5 , Est Remaining: 375.9
85 122.0 , Est Remaining: 374.5
86 123.4 , Est Remaining: 373.1
87 124.8 , Est Remaining: 371.6
88 126.3 , Est Remaining: 370.2
89 127.7 , Est Remaining: 368.8
90 129.2 , Est Remaining: 367.4
91 130.6 , Est Remaining: 365.9
92 132.0 , Est Remaining: 364.5
93 133.5 , Est Remaining: 363.1
94 134.9 , Est Remaining: 361.7
95 136.3 , Est Remaining: 360.2
96 137.8 , Est Remaining: 358.8
97 139.2 , Est Remaining: 357.4
98 140.7 , Est Remaining: 356.0
99 142.1 , Est Remaining: 354.5
100 143.5 , Est Remaining: 353.1
101 145.1 , Est Remaining: 351.9
102 146.5 , Est Remaining: 350.6
103 148.0 , Est Remaining: 349.1
104 149.4 , Est Remaining: 347.7
105 150.8 , Est Remaining: 346.2
106 152.2 , Est Remaining: 344.7
107 153.7 , Est Remaining: 343.2
108 155.1 , Est Remaining: 341.7
109 156.5 , Est Remaining: 340.2
110 157.9 , Est Remaining: 338.7
111 159.3 , Est Remaining: 337.3
112 160.7 , Est Remaining: 335.8
EVENT FAILED
112 161.0 , Est Remaining: 336.4
113 162.4 , Est Remaining: 334.9
114 163.8 , Est Remaining: 333.3
115 165.2 , Est Remaining: 331.8
116 166.6 , Est Remaining: 330.3
117 168.0 , Est Remaining: 328.9
118 169.5 , Est Remaining: 327.4
119 170.9 , Est Remaining: 326.0
120 172.3 , Est Remaining: 324.5
121 173.8 , Est Remaining: 323.1
122 175.2 , Est Remaining: 321.7
123 176.6 , Est Remaining: 320.2
124 178.1 , Est Remaining: 318.8
125 179.5 , Est Remaining: 317.4
126 181.0 , Est Remaining: 316.0
127 182.4 , Est Remaining: 314.5
EVENT FAILED
127 182.7 , Est Remaining: 315.0
128 184.1 , Est Remaining: 313.5
129 185.5 , Est Remaining: 312.0
130 186.9 , Est Remaining: 310.5
EVENT FAILED
130 187.2 , Est Remaining: 311.0
131 188.6 , Est Remaining: 309.6
132 190.0 , Est Remaining: 308.1
133 191.4 , Est Remaining: 306.5
EVENT FAILED
133 191.7 , Est Remaining: 307.0
134 193.1 , Est Remaining: 305.5
135 194.5 , Est Remaining: 303.9
136 195.8 , Est Remaining: 302.4
137 197.2 , Est Remaining: 300.9
138 198.6 , Est Remaining: 299.4
139 200.0 , Est Remaining: 297.8
EVENT FAILED
139 200.3 , Est Remaining: 298.3
140 201.7 , Est Remaining: 296.8
141 203.1 , Est Remaining: 295.2
142 204.4 , Est Remaining: 293.7
143 205.8 , Est Remaining: 292.2
144 207.2 , Est Remaining: 290.7
145 208.6 , Est Remaining: 289.2
146 210.0 , Est Remaining: 287.7
147 211.4 , Est Remaining: 286.2
148 212.8 , Est Remaining: 284.6
149 214.1 , Est Remaining: 283.1
150 215.5 , Est Remaining: 281.6
151 216.9 , Est Remaining: 280.1
152 218.3 , Est Remaining: 278.6
153 219.7 , Est Remaining: 277.1
EVENT FAILED
153 220.0 , Est Remaining: 277.5
154 221.4 , Est Remaining: 276.0
155 222.7 , Est Remaining: 274.5
156 224.1 , Est Remaining: 272.9
157 225.5 , Est Remaining: 271.5
158 226.9 , Est Remaining: 269.9
159 228.3 , Est Remaining: 268.5
160 229.7 , Est Remaining: 267.0
161 231.1 , Est Remaining: 265.5
162 232.4 , Est Remaining: 264.0
163 233.8 , Est Remaining: 262.5
164 235.2 , Est Remaining: 261.1
165 236.6 , Est Remaining: 259.6
166 238.0 , Est Remaining: 258.1
EVENT FAILED
166 238.3 , Est Remaining: 258.4
167 239.7 , Est Remaining: 256.9
168 241.1 , Est Remaining: 255.4
169 242.5 , Est Remaining: 253.9
170 243.9 , Est Remaining: 252.5
171 245.2 , Est Remaining: 251.0
172 246.6 , Est Remaining: 249.5
173 248.0 , Est Remaining: 248.0
174 249.4 , Est Remaining: 246.5
175 250.8 , Est Remaining: 245.0
176 252.2 , Est Remaining: 243.6
177 253.5 , Est Remaining: 242.1
178 254.9 , Est Remaining: 240.6
179 256.3 , Est Remaining: 239.1
180 257.6 , Est Remaining: 237.6
181 259.0 , Est Remaining: 236.1
182 260.4 , Est Remaining: 234.6
183 261.7 , Est Remaining: 233.1
184 263.1 , Est Remaining: 231.7
185 264.5 , Est Remaining: 230.2
186 265.9 , Est Remaining: 228.7
187 267.3 , Est Remaining: 227.2
188 268.6 , Est Remaining: 225.8
189 270.0 , Est Remaining: 224.3
190 271.4 , Est Remaining: 222.8
191 272.8 , Est Remaining: 221.3
192 274.1 , Est Remaining: 219.9
193 275.5 , Est Remaining: 218.4
194 276.9 , Est Remaining: 216.9
195 278.3 , Est Remaining: 215.5
196 279.6 , Est Remaining: 214.0
197 281.0 , Est Remaining: 212.6
198 282.4 , Est Remaining: 211.1
199 283.8 , Est Remaining: 209.7
200 285.2 , Est Remaining: 208.2
201 286.7 , Est Remaining: 206.8
202 288.1 , Est Remaining: 205.4
203 289.5 , Est Remaining: 204.0
204 291.0 , Est Remaining: 202.5
205 292.4 , Est Remaining: 201.1
206 293.8 , Est Remaining: 199.6
207 295.2 , Est Remaining: 198.2
208 296.6 , Est Remaining: 196.8
209 298.0 , Est Remaining: 195.4
210 299.5 , Est Remaining: 193.9
211 300.9 , Est Remaining: 192.5
212 302.3 , Est Remaining: 191.1
213 303.7 , Est Remaining: 189.7
214 305.2 , Est Remaining: 188.2
215 306.6 , Est Remaining: 186.8
216 308.0 , Est Remaining: 185.4
217 309.4 , Est Remaining: 184.0
218 310.9 , Est Remaining: 182.5
219 312.3 , Est Remaining: 181.1
220 313.7 , Est Remaining: 179.7
221 315.1 , Est Remaining: 178.2
222 316.5 , Est Remaining: 176.8
223 317.9 , Est Remaining: 175.3
224 319.3 , Est Remaining: 173.9
225 320.7 , Est Remaining: 172.5
226 322.2 , Est Remaining: 171.1
227 323.6 , Est Remaining: 169.6
228 325.0 , Est Remaining: 168.2
229 326.4 , Est Remaining: 166.8
230 327.8 , Est Remaining: 165.3
231 329.2 , Est Remaining: 163.9
232 330.6 , Est Remaining: 162.5
EVENT FAILED
232 330.9 , Est Remaining: 162.6
233 332.4 , Est Remaining: 161.2
234 333.8 , Est Remaining: 159.8
235 335.2 , Est Remaining: 158.3
236 336.6 , Est Remaining: 156.9
237 338.0 , Est Remaining: 155.5
238 339.4 , Est Remaining: 154.0
239 340.9 , Est Remaining: 152.6
240 342.3 , Est Remaining: 151.2
241 343.7 , Est Remaining: 149.8
242 345.1 , Est Remaining: 148.3
243 346.6 , Est Remaining: 146.9
244 348.0 , Est Remaining: 145.5
245 349.4 , Est Remaining: 144.0
246 350.8 , Est Remaining: 142.6
247 352.2 , Est Remaining: 141.2
248 353.7 , Est Remaining: 139.8
249 355.1 , Est Remaining: 138.3
250 356.5 , Est Remaining: 136.9
251 357.9 , Est Remaining: 135.5
252 359.3 , Est Remaining: 134.0
253 360.7 , Est Remaining: 132.6
254 362.1 , Est Remaining: 131.2
255 363.5 , Est Remaining: 129.7
256 364.9 , Est Remaining: 128.3
257 366.3 , Est Remaining: 126.9
258 367.7 , Est Remaining: 125.4
259 369.1 , Est Remaining: 124.0
EVENT FAILED
259 369.4 , Est Remaining: 124.1
260 370.8 , Est Remaining: 122.7
261 372.2 , Est Remaining: 121.2
262 373.6 , Est Remaining: 119.8
263 375.0 , Est Remaining: 118.3
264 376.4 , Est Remaining: 116.9
265 377.8 , Est Remaining: 115.5
266 379.2 , Est Remaining: 114.0
267 380.6 , Est Remaining: 112.6
268 382.0 , Est Remaining: 111.2
269 383.4 , Est Remaining: 109.8
270 384.8 , Est Remaining: 108.3
271 386.3 , Est Remaining: 106.9
EVENT FAILED
271 386.6 , Est Remaining: 107.0
272 388.0 , Est Remaining: 105.6
273 389.4 , Est Remaining: 104.1
274 390.8 , Est Remaining: 102.7
275 392.2 , Est Remaining: 101.3
276 393.6 , Est Remaining: 99.8
277 395.0 , Est Remaining: 98.4
278 396.5 , Est Remaining: 97.0
279 397.9 , Est Remaining: 95.6
280 399.2 , Est Remaining: 94.1
281 400.6 , Est Remaining: 92.7
282 402.1 , Est Remaining: 91.2
283 403.3 , Est Remaining: 89.8
284 404.7 , Est Remaining: 88.4
285 406.1 , Est Remaining: 86.9
286 407.5 , Est Remaining: 85.5
287 408.9 , Est Remaining: 84.1
EVENT FAILED
287 409.3 , Est Remaining: 84.1
288 410.7 , Est Remaining: 82.7
289 412.1 , Est Remaining: 81.3
290 413.5 , Est Remaining: 79.9
291 414.9 , Est Remaining: 78.4
292 416.3 , Est Remaining: 77.0
293 417.7 , Est Remaining: 75.6
294 419.1 , Est Remaining: 74.1
295 420.5 , Est Remaining: 72.7
296 422.0 , Est Remaining: 71.3
297 423.4 , Est Remaining: 69.9
298 424.8 , Est Remaining: 68.4
299 426.2 , Est Remaining: 67.0
300 427.6 , Est Remaining: 65.6
301 429.2 , Est Remaining: 64.2
302 430.6 , Est Remaining: 62.7
303 432.0 , Est Remaining: 61.3
304 433.4 , Est Remaining: 59.9
305 434.9 , Est Remaining: 58.5
306 436.3 , Est Remaining: 57.0
307 437.7 , Est Remaining: 55.6
308 439.1 , Est Remaining: 54.2
309 440.5 , Est Remaining: 52.8
310 442.0 , Est Remaining: 51.3
311 443.4 , Est Remaining: 49.9
312 444.8 , Est Remaining: 48.5
313 446.3 , Est Remaining: 47.1
314 447.7 , Est Remaining: 45.6
315 449.2 , Est Remaining: 44.2
316 450.6 , Est Remaining: 42.8
317 452.0 , Est Remaining: 41.4
EVENT FAILED
317 452.3 , Est Remaining: 41.4
318 453.8 , Est Remaining: 40.0
319 455.2 , Est Remaining: 38.5
320 456.6 , Est Remaining: 37.1
321 458.1 , Est Remaining: 35.7
322 459.5 , Est Remaining: 34.2
323 460.9 , Est Remaining: 32.8
324 462.3 , Est Remaining: 31.4
325 463.7 , Est Remaining: 30.0
EVENT FAILED
325 464.1 , Est Remaining: 30.0
326 465.5 , Est Remaining: 28.6
327 466.9 , Est Remaining: 27.1
328 468.3 , Est Remaining: 25.7
