Note: NumExpr detected 32 cores but "NUMEXPR_MAX_THREADS" not set, so enforcing safe limit of 8.
Using selector: EpollSelector
/n/home02/jhaefner/miniconda/envs/IC-3.7-2020-06-16/lib/python3.7/site-packages/scipy/optimize/minpack.py:808: OptimizeWarning: Covariance of the parameters could not be estimated
  category=OptimizeWarning)
Total rwfs: 346
0 0.0 , Est Remaining: 999999.9
1 1.5 , Est Remaining: 527.7
2 3.0 , Est Remaining: 516.6
3 4.5 , Est Remaining: 513.3
4 6.0 , Est Remaining: 510.3
5 7.4 , Est Remaining: 505.1
6 8.9 , Est Remaining: 501.7
7 10.3 , Est Remaining: 498.8
8 11.7 , Est Remaining: 495.9
9 13.2 , Est Remaining: 493.2
10 14.6 , Est Remaining: 491.7
11 16.1 , Est Remaining: 490.5
12 17.6 , Est Remaining: 488.5
13 19.0 , Est Remaining: 486.6
14 20.4 , Est Remaining: 484.9
15 21.9 , Est Remaining: 482.8
16 23.3 , Est Remaining: 481.1
17 24.8 , Est Remaining: 479.3
18 26.2 , Est Remaining: 478.1
19 27.7 , Est Remaining: 476.7
20 29.2 , Est Remaining: 475.5
21 30.6 , Est Remaining: 473.9
22 32.1 , Est Remaining: 472.3
23 33.5 , Est Remaining: 470.6
24 35.0 , Est Remaining: 469.0
25 36.4 , Est Remaining: 467.6
26 37.9 , Est Remaining: 466.1
27 39.3 , Est Remaining: 464.6
28 40.8 , Est Remaining: 463.3
29 42.3 , Est Remaining: 462.0
30 43.7 , Est Remaining: 460.5
31 45.2 , Est Remaining: 459.1
32 46.6 , Est Remaining: 457.7
33 48.1 , Est Remaining: 456.3
34 49.6 , Est Remaining: 455.0
EVENT FAILED
34 49.9 , Est Remaining: 458.0
35 51.4 , Est Remaining: 456.4
36 52.8 , Est Remaining: 454.9
37 54.3 , Est Remaining: 453.6
38 55.8 , Est Remaining: 452.0
39 57.2 , Est Remaining: 450.4
40 58.7 , Est Remaining: 448.8
41 60.1 , Est Remaining: 447.4
42 61.6 , Est Remaining: 445.5
43 63.0 , Est Remaining: 444.0
44 64.5 , Est Remaining: 442.5
45 65.9 , Est Remaining: 441.1
46 67.4 , Est Remaining: 439.5
47 68.8 , Est Remaining: 438.0
48 70.3 , Est Remaining: 436.4
49 71.7 , Est Remaining: 434.9
50 73.2 , Est Remaining: 433.4
51 74.7 , Est Remaining: 431.9
52 76.1 , Est Remaining: 430.3
53 77.5 , Est Remaining: 428.7
54 79.0 , Est Remaining: 427.2
EVENT FAILED
54 79.3 , Est Remaining: 428.8
55 80.8 , Est Remaining: 427.3
56 82.2 , Est Remaining: 425.6
57 83.7 , Est Remaining: 424.2
58 85.1 , Est Remaining: 422.7
59 86.6 , Est Remaining: 421.2
60 88.0 , Est Remaining: 419.7
61 89.5 , Est Remaining: 418.1
62 91.0 , Est Remaining: 416.7
63 92.4 , Est Remaining: 415.2
64 93.9 , Est Remaining: 413.6
65 95.3 , Est Remaining: 412.0
66 96.8 , Est Remaining: 410.5
67 98.2 , Est Remaining: 408.9
68 99.6 , Est Remaining: 407.4
69 101.1 , Est Remaining: 405.8
70 102.5 , Est Remaining: 404.2
71 103.9 , Est Remaining: 402.6
72 105.4 , Est Remaining: 401.0
73 106.8 , Est Remaining: 399.3
74 108.2 , Est Remaining: 397.7
75 109.6 , Est Remaining: 396.1
76 111.0 , Est Remaining: 394.4
77 112.4 , Est Remaining: 392.8
78 113.8 , Est Remaining: 391.1
79 115.3 , Est Remaining: 389.5
80 116.7 , Est Remaining: 387.9
81 118.1 , Est Remaining: 386.3
82 119.5 , Est Remaining: 384.6
83 120.9 , Est Remaining: 383.0
84 122.3 , Est Remaining: 381.3
85 123.7 , Est Remaining: 379.7
86 125.0 , Est Remaining: 378.0
87 126.4 , Est Remaining: 376.3
88 127.8 , Est Remaining: 374.7
89 129.2 , Est Remaining: 373.1
90 130.6 , Est Remaining: 371.5
91 132.0 , Est Remaining: 369.9
EVENT FAILED
91 132.3 , Est Remaining: 370.7
92 133.7 , Est Remaining: 369.1
93 135.1 , Est Remaining: 367.5
94 136.5 , Est Remaining: 366.0
95 137.9 , Est Remaining: 364.4
96 139.3 , Est Remaining: 362.8
97 140.7 , Est Remaining: 361.2
98 142.1 , Est Remaining: 359.7
99 143.5 , Est Remaining: 358.1
100 144.9 , Est Remaining: 356.5
101 146.3 , Est Remaining: 354.9
102 147.7 , Est Remaining: 353.3
103 149.1 , Est Remaining: 351.8
104 150.5 , Est Remaining: 350.2
105 151.9 , Est Remaining: 348.5
106 153.2 , Est Remaining: 346.9
107 154.6 , Est Remaining: 345.3
108 155.9 , Est Remaining: 343.7
109 157.3 , Est Remaining: 342.0
110 158.7 , Est Remaining: 340.4
111 160.0 , Est Remaining: 338.8
112 161.4 , Est Remaining: 337.2
113 162.8 , Est Remaining: 335.6
114 164.1 , Est Remaining: 334.0
115 165.5 , Est Remaining: 332.4
116 166.8 , Est Remaining: 330.8
117 168.2 , Est Remaining: 329.2
118 169.6 , Est Remaining: 327.6
119 170.9 , Est Remaining: 326.0
120 172.3 , Est Remaining: 324.4
121 173.6 , Est Remaining: 322.8
122 175.0 , Est Remaining: 321.2
EVENT FAILED
122 175.6 , Est Remaining: 322.3
123 176.9 , Est Remaining: 320.7
124 178.2 , Est Remaining: 319.1
125 179.6 , Est Remaining: 317.5
126 180.9 , Est Remaining: 315.9
EVENT FAILED
126 181.2 , Est Remaining: 316.4
127 182.6 , Est Remaining: 314.8
128 183.9 , Est Remaining: 313.2
129 185.3 , Est Remaining: 311.6
130 186.6 , Est Remaining: 310.0
131 187.9 , Est Remaining: 308.4
132 189.3 , Est Remaining: 306.9
133 190.6 , Est Remaining: 305.3
134 192.0 , Est Remaining: 303.7
135 193.3 , Est Remaining: 302.2
136 194.7 , Est Remaining: 300.6
137 196.0 , Est Remaining: 299.1
138 197.4 , Est Remaining: 297.5
139 198.8 , Est Remaining: 296.0
140 200.1 , Est Remaining: 294.5
EVENT FAILED
140 200.4 , Est Remaining: 294.9
141 201.8 , Est Remaining: 293.4
142 203.2 , Est Remaining: 291.9
143 204.5 , Est Remaining: 290.3
144 205.9 , Est Remaining: 288.9
145 207.3 , Est Remaining: 287.3
146 208.7 , Est Remaining: 285.9
147 210.1 , Est Remaining: 284.4
148 211.5 , Est Remaining: 282.9
149 212.9 , Est Remaining: 281.4
150 214.3 , Est Remaining: 280.0
151 215.7 , Est Remaining: 278.5
152 217.1 , Est Remaining: 277.1
153 218.5 , Est Remaining: 275.7
154 220.0 , Est Remaining: 274.2
155 221.4 , Est Remaining: 272.8
156 222.8 , Est Remaining: 271.3
157 224.2 , Est Remaining: 269.9
158 225.6 , Est Remaining: 268.4
159 227.0 , Est Remaining: 267.0
160 228.4 , Est Remaining: 265.6
161 229.9 , Est Remaining: 264.1
162 231.3 , Est Remaining: 262.7
163 232.7 , Est Remaining: 261.3
164 234.2 , Est Remaining: 259.9
165 235.6 , Est Remaining: 258.4
166 237.0 , Est Remaining: 257.0
EVENT FAILED
166 237.3 , Est Remaining: 257.3
167 238.8 , Est Remaining: 255.9
168 240.2 , Est Remaining: 254.5
169 241.6 , Est Remaining: 253.0
170 243.0 , Est Remaining: 251.6
171 244.5 , Est Remaining: 250.2
172 245.9 , Est Remaining: 248.8
173 247.4 , Est Remaining: 247.4
174 248.8 , Est Remaining: 246.0
175 250.3 , Est Remaining: 244.6
176 251.7 , Est Remaining: 243.2
177 253.2 , Est Remaining: 241.8
178 254.7 , Est Remaining: 240.4
179 256.1 , Est Remaining: 239.0
180 257.6 , Est Remaining: 237.6
181 259.1 , Est Remaining: 236.2
182 260.5 , Est Remaining: 234.8
183 262.0 , Est Remaining: 233.4
184 263.5 , Est Remaining: 232.0
185 265.0 , Est Remaining: 230.6
186 266.4 , Est Remaining: 229.2
187 267.9 , Est Remaining: 227.8
188 269.4 , Est Remaining: 226.4
189 270.9 , Est Remaining: 225.0
190 272.4 , Est Remaining: 223.6
191 273.9 , Est Remaining: 222.2
192 275.3 , Est Remaining: 220.8
193 276.8 , Est Remaining: 219.4
194 278.3 , Est Remaining: 218.0
195 279.8 , Est Remaining: 216.6
196 281.2 , Est Remaining: 215.2
197 282.7 , Est Remaining: 213.8
198 284.2 , Est Remaining: 212.4
199 285.7 , Est Remaining: 211.0
200 287.2 , Est Remaining: 209.6
201 288.6 , Est Remaining: 208.2
202 290.1 , Est Remaining: 206.8
203 291.7 , Est Remaining: 205.5
204 293.1 , Est Remaining: 204.1
205 294.6 , Est Remaining: 202.6
206 296.1 , Est Remaining: 201.2
207 297.5 , Est Remaining: 199.8
208 299.0 , Est Remaining: 198.4
209 300.5 , Est Remaining: 197.0
210 301.9 , Est Remaining: 195.5
211 303.4 , Est Remaining: 194.1
212 304.8 , Est Remaining: 192.7
213 306.3 , Est Remaining: 191.3
214 307.7 , Est Remaining: 189.8
215 309.2 , Est Remaining: 188.4
216 310.6 , Est Remaining: 187.0
217 312.1 , Est Remaining: 185.5
218 313.5 , Est Remaining: 184.1
219 315.0 , Est Remaining: 182.7
220 316.4 , Est Remaining: 181.2
221 317.9 , Est Remaining: 179.8
222 319.3 , Est Remaining: 178.4
EVENT FAILED
222 319.8 , Est Remaining: 178.6
223 321.3 , Est Remaining: 177.2
224 322.7 , Est Remaining: 175.8
225 324.2 , Est Remaining: 174.3
226 325.6 , Est Remaining: 172.9
227 327.1 , Est Remaining: 171.5
228 328.5 , Est Remaining: 170.0
229 329.9 , Est Remaining: 168.6
230 331.4 , Est Remaining: 167.1
231 332.8 , Est Remaining: 165.7
232 334.2 , Est Remaining: 164.2
233 335.7 , Est Remaining: 162.8
234 337.1 , Est Remaining: 161.3
235 338.5 , Est Remaining: 159.9
236 340.0 , Est Remaining: 158.5
237 341.4 , Est Remaining: 157.0
238 342.8 , Est Remaining: 155.6
239 344.3 , Est Remaining: 154.1
240 345.7 , Est Remaining: 152.7
241 347.2 , Est Remaining: 151.3
242 348.6 , Est Remaining: 149.8
243 350.1 , Est Remaining: 148.4
244 351.5 , Est Remaining: 147.0
245 353.0 , Est Remaining: 145.5
246 354.5 , Est Remaining: 144.1
247 355.9 , Est Remaining: 142.7
248 357.4 , Est Remaining: 141.2
249 358.8 , Est Remaining: 139.8
250 360.3 , Est Remaining: 138.4
251 361.7 , Est Remaining: 136.9
252 363.2 , Est Remaining: 135.5
253 364.6 , Est Remaining: 134.0
254 366.1 , Est Remaining: 132.6
255 367.5 , Est Remaining: 131.2
256 369.0 , Est Remaining: 129.7
EVENT FAILED
256 369.3 , Est Remaining: 129.8
257 370.7 , Est Remaining: 128.4
258 372.2 , Est Remaining: 127.0
EVENT FAILED
258 372.5 , Est Remaining: 127.1
259 374.0 , Est Remaining: 125.6
260 375.4 , Est Remaining: 124.2
261 376.9 , Est Remaining: 122.7
262 378.3 , Est Remaining: 121.3
263 379.7 , Est Remaining: 119.8
264 381.2 , Est Remaining: 118.4
265 382.7 , Est Remaining: 117.0
266 384.1 , Est Remaining: 115.5
267 385.6 , Est Remaining: 114.1
268 387.0 , Est Remaining: 112.6
269 388.5 , Est Remaining: 111.2
270 390.0 , Est Remaining: 109.8
271 391.4 , Est Remaining: 108.3
272 392.9 , Est Remaining: 106.9
273 394.3 , Est Remaining: 105.4
274 395.8 , Est Remaining: 104.0
275 397.2 , Est Remaining: 102.5
276 398.6 , Est Remaining: 101.1
277 400.0 , Est Remaining: 99.6
278 401.5 , Est Remaining: 98.2
279 402.9 , Est Remaining: 96.8
280 404.4 , Est Remaining: 95.3
281 405.8 , Est Remaining: 93.9
282 407.3 , Est Remaining: 92.4
EVENT FAILED
282 407.6 , Est Remaining: 92.5
EVENT FAILED
282 407.9 , Est Remaining: 92.6
283 409.3 , Est Remaining: 91.1
284 410.8 , Est Remaining: 89.7
285 412.2 , Est Remaining: 88.2
286 413.7 , Est Remaining: 86.8
287 415.1 , Est Remaining: 85.3
288 416.5 , Est Remaining: 83.9
289 418.0 , Est Remaining: 82.4
290 419.4 , Est Remaining: 81.0
291 420.9 , Est Remaining: 79.5
292 422.3 , Est Remaining: 78.1
293 423.7 , Est Remaining: 76.7
EVENT FAILED
293 424.0 , Est Remaining: 76.7
294 425.5 , Est Remaining: 75.3
295 427.0 , Est Remaining: 73.8
296 428.4 , Est Remaining: 72.4
297 429.9 , Est Remaining: 70.9
298 431.3 , Est Remaining: 69.5
299 432.7 , Est Remaining: 68.0
300 434.2 , Est Remaining: 66.6
301 435.7 , Est Remaining: 65.1
302 437.3 , Est Remaining: 63.7
303 438.6 , Est Remaining: 62.2
304 440.0 , Est Remaining: 60.8
305 441.5 , Est Remaining: 59.3
EVENT FAILED
305 441.8 , Est Remaining: 59.4
306 443.2 , Est Remaining: 57.9
307 444.6 , Est Remaining: 56.5
308 446.1 , Est Remaining: 55.0
309 447.4 , Est Remaining: 53.6
310 448.9 , Est Remaining: 52.1
311 450.3 , Est Remaining: 50.7
312 451.8 , Est Remaining: 49.2
313 453.2 , Est Remaining: 47.8
314 454.7 , Est Remaining: 46.3
315 456.1 , Est Remaining: 44.9
316 457.6 , Est Remaining: 43.4
317 459.0 , Est Remaining: 42.0
318 460.5 , Est Remaining: 40.5
319 462.0 , Est Remaining: 39.1
320 463.4 , Est Remaining: 37.7
321 464.9 , Est Remaining: 36.2
322 466.4 , Est Remaining: 34.8
323 467.8 , Est Remaining: 33.3
324 469.3 , Est Remaining: 31.9
EVENT FAILED
324 469.6 , Est Remaining: 31.9
325 471.0 , Est Remaining: 30.4
326 472.5 , Est Remaining: 29.0
327 473.9 , Est Remaining: 27.5
328 475.3 , Est Remaining: 26.1
329 476.7 , Est Remaining: 24.6
330 478.2 , Est Remaining: 23.2
