Note: NumExpr detected 32 cores but "NUMEXPR_MAX_THREADS" not set, so enforcing safe limit of 8.
Using selector: EpollSelector
/n/home02/jhaefner/miniconda/envs/IC-3.7-2020-06-16/lib/python3.7/site-packages/scipy/optimize/minpack.py:808: OptimizeWarning: Covariance of the parameters could not be estimated
  category=OptimizeWarning)
Total rwfs: 346
0 0.0 , Est Remaining: 999999.9
1 1.3 , Est Remaining: 464.0
2 2.7 , Est Remaining: 459.1
3 4.0 , Est Remaining: 458.1
4 5.3 , Est Remaining: 455.1
5 6.6 , Est Remaining: 452.6
6 7.9 , Est Remaining: 449.3
7 9.2 , Est Remaining: 447.7
8 10.5 , Est Remaining: 445.5
9 11.9 , Est Remaining: 443.8
10 13.2 , Est Remaining: 442.0
11 14.5 , Est Remaining: 440.4
12 15.8 , Est Remaining: 439.2
13 17.1 , Est Remaining: 438.2
14 18.4 , Est Remaining: 436.6
15 19.7 , Est Remaining: 435.4
16 21.0 , Est Remaining: 434.1
17 22.4 , Est Remaining: 432.7
EVENT FAILED
17 22.7 , Est Remaining: 438.6
18 24.0 , Est Remaining: 437.2
19 25.3 , Est Remaining: 435.7
20 26.6 , Est Remaining: 434.2
21 28.0 , Est Remaining: 432.7
22 29.3 , Est Remaining: 431.7
23 30.6 , Est Remaining: 430.4
24 32.0 , Est Remaining: 429.2
25 33.3 , Est Remaining: 427.9
26 34.7 , Est Remaining: 426.7
27 36.0 , Est Remaining: 425.3
EVENT FAILED
27 36.3 , Est Remaining: 428.8
28 37.6 , Est Remaining: 427.4
29 39.0 , Est Remaining: 425.9
30 40.3 , Est Remaining: 424.4
31 41.6 , Est Remaining: 423.0
EVENT FAILED
31 41.9 , Est Remaining: 426.2
EVENT FAILED
31 42.2 , Est Remaining: 429.3
32 43.6 , Est Remaining: 427.7
33 44.9 , Est Remaining: 425.9
34 46.2 , Est Remaining: 424.3
35 47.6 , Est Remaining: 422.8
36 48.9 , Est Remaining: 421.2
37 50.2 , Est Remaining: 419.7
38 51.6 , Est Remaining: 418.0
39 52.9 , Est Remaining: 416.5
40 54.2 , Est Remaining: 415.0
41 55.6 , Est Remaining: 413.4
42 56.9 , Est Remaining: 411.9
43 58.3 , Est Remaining: 410.6
44 59.6 , Est Remaining: 409.1
45 60.9 , Est Remaining: 407.6
46 62.3 , Est Remaining: 406.2
47 63.6 , Est Remaining: 404.7
48 65.0 , Est Remaining: 403.3
49 66.3 , Est Remaining: 401.9
50 67.6 , Est Remaining: 400.5
51 69.0 , Est Remaining: 399.0
52 70.3 , Est Remaining: 397.6
53 71.7 , Est Remaining: 396.2
54 73.0 , Est Remaining: 394.9
55 74.4 , Est Remaining: 393.4
56 75.7 , Est Remaining: 392.1
57 77.1 , Est Remaining: 390.7
58 78.4 , Est Remaining: 389.4
59 79.8 , Est Remaining: 388.0
60 81.1 , Est Remaining: 386.6
61 82.4 , Est Remaining: 385.2
62 83.8 , Est Remaining: 383.9
63 85.1 , Est Remaining: 382.4
64 86.5 , Est Remaining: 381.0
65 87.8 , Est Remaining: 379.7
66 89.2 , Est Remaining: 378.3
67 90.5 , Est Remaining: 377.0
68 91.9 , Est Remaining: 375.7
69 93.2 , Est Remaining: 374.3
70 94.6 , Est Remaining: 373.0
71 95.9 , Est Remaining: 371.6
72 97.3 , Est Remaining: 370.2
73 98.7 , Est Remaining: 368.9
74 100.0 , Est Remaining: 367.6
75 101.4 , Est Remaining: 366.2
76 102.7 , Est Remaining: 364.9
77 104.1 , Est Remaining: 363.5
78 105.4 , Est Remaining: 362.2
79 106.7 , Est Remaining: 360.5
80 108.0 , Est Remaining: 359.2
81 109.4 , Est Remaining: 357.8
82 110.7 , Est Remaining: 356.5
83 112.1 , Est Remaining: 355.2
EVENT FAILED
83 112.4 , Est Remaining: 356.2
84 113.8 , Est Remaining: 354.8
85 115.1 , Est Remaining: 353.5
86 116.5 , Est Remaining: 352.1
EVENT FAILED
86 116.8 , Est Remaining: 353.0
87 118.1 , Est Remaining: 351.6
88 119.4 , Est Remaining: 350.2
89 120.8 , Est Remaining: 348.8
90 122.1 , Est Remaining: 347.4
91 123.5 , Est Remaining: 346.0
92 124.8 , Est Remaining: 344.5
93 126.1 , Est Remaining: 343.2
94 127.5 , Est Remaining: 341.8
95 128.8 , Est Remaining: 340.4
96 130.2 , Est Remaining: 339.0
97 131.5 , Est Remaining: 337.6
98 132.9 , Est Remaining: 336.3
99 134.2 , Est Remaining: 334.9
100 135.6 , Est Remaining: 333.6
101 137.0 , Est Remaining: 332.2
102 138.3 , Est Remaining: 330.9
103 139.7 , Est Remaining: 329.6
104 141.1 , Est Remaining: 328.3
105 142.4 , Est Remaining: 326.9
106 143.8 , Est Remaining: 325.6
107 145.1 , Est Remaining: 324.2
108 146.5 , Est Remaining: 322.8
109 147.8 , Est Remaining: 321.4
110 149.2 , Est Remaining: 320.1
111 150.5 , Est Remaining: 318.7
112 151.9 , Est Remaining: 317.3
113 153.2 , Est Remaining: 316.0
114 154.6 , Est Remaining: 314.6
115 155.9 , Est Remaining: 313.2
116 157.3 , Est Remaining: 311.9
117 158.6 , Est Remaining: 310.5
118 160.0 , Est Remaining: 309.1
119 161.3 , Est Remaining: 307.8
120 162.7 , Est Remaining: 306.4
121 164.0 , Est Remaining: 305.0
122 165.4 , Est Remaining: 303.7
123 166.7 , Est Remaining: 302.3
124 168.1 , Est Remaining: 300.9
125 169.4 , Est Remaining: 299.6
126 170.8 , Est Remaining: 298.2
127 172.1 , Est Remaining: 296.8
128 173.5 , Est Remaining: 295.5
EVENT FAILED
128 173.8 , Est Remaining: 296.0
129 175.1 , Est Remaining: 294.6
130 176.5 , Est Remaining: 293.2
131 177.8 , Est Remaining: 291.9
132 179.2 , Est Remaining: 290.5
133 180.5 , Est Remaining: 289.1
134 181.9 , Est Remaining: 287.7
135 183.2 , Est Remaining: 286.4
136 184.6 , Est Remaining: 285.0
137 185.9 , Est Remaining: 283.6
138 187.3 , Est Remaining: 282.2
139 188.6 , Est Remaining: 280.9
140 189.9 , Est Remaining: 279.5
141 191.3 , Est Remaining: 278.1
142 192.6 , Est Remaining: 276.7
143 194.0 , Est Remaining: 275.4
144 195.3 , Est Remaining: 274.0
145 196.7 , Est Remaining: 272.6
146 198.0 , Est Remaining: 271.2
147 199.3 , Est Remaining: 269.9
148 200.7 , Est Remaining: 268.5
149 202.0 , Est Remaining: 267.1
150 203.4 , Est Remaining: 265.7
151 204.7 , Est Remaining: 264.4
152 206.0 , Est Remaining: 263.0
153 207.4 , Est Remaining: 261.6
154 208.7 , Est Remaining: 260.2
155 210.1 , Est Remaining: 258.9
156 211.4 , Est Remaining: 257.5
157 212.8 , Est Remaining: 256.1
158 214.1 , Est Remaining: 254.7
159 215.4 , Est Remaining: 253.4
160 216.8 , Est Remaining: 252.0
161 218.1 , Est Remaining: 250.6
162 219.4 , Est Remaining: 249.2
163 220.8 , Est Remaining: 247.9
164 222.1 , Est Remaining: 246.5
165 223.5 , Est Remaining: 245.1
166 224.8 , Est Remaining: 243.8
167 226.2 , Est Remaining: 242.4
168 227.5 , Est Remaining: 241.0
169 228.9 , Est Remaining: 239.7
170 230.2 , Est Remaining: 238.3
171 231.5 , Est Remaining: 237.0
172 232.9 , Est Remaining: 235.6
173 234.3 , Est Remaining: 234.3
174 235.6 , Est Remaining: 232.9
175 237.0 , Est Remaining: 231.6
176 238.3 , Est Remaining: 230.2
177 239.7 , Est Remaining: 228.9
178 241.0 , Est Remaining: 227.5
179 242.4 , Est Remaining: 226.1
180 243.7 , Est Remaining: 224.8
181 245.1 , Est Remaining: 223.4
182 246.5 , Est Remaining: 222.1
183 247.8 , Est Remaining: 220.8
184 249.2 , Est Remaining: 219.4
185 250.6 , Est Remaining: 218.1
186 251.9 , Est Remaining: 216.7
187 253.3 , Est Remaining: 215.4
188 254.6 , Est Remaining: 214.0
189 256.0 , Est Remaining: 212.6
190 257.3 , Est Remaining: 211.3
191 258.7 , Est Remaining: 209.9
192 260.0 , Est Remaining: 208.6
193 261.3 , Est Remaining: 207.1
194 262.6 , Est Remaining: 205.8
195 264.0 , Est Remaining: 204.4
196 265.3 , Est Remaining: 203.0
197 266.7 , Est Remaining: 201.7
198 268.0 , Est Remaining: 200.3
199 269.3 , Est Remaining: 199.0
200 270.7 , Est Remaining: 197.6
201 272.0 , Est Remaining: 196.3
202 273.4 , Est Remaining: 194.9
203 274.8 , Est Remaining: 193.6
204 276.2 , Est Remaining: 192.2
205 277.5 , Est Remaining: 190.9
206 278.8 , Est Remaining: 189.5
207 280.2 , Est Remaining: 188.1
208 281.5 , Est Remaining: 186.8
209 282.9 , Est Remaining: 185.4
210 284.2 , Est Remaining: 184.1
211 285.6 , Est Remaining: 182.7
212 286.9 , Est Remaining: 181.4
213 288.3 , Est Remaining: 180.0
214 289.6 , Est Remaining: 178.6
215 291.0 , Est Remaining: 177.3
EVENT FAILED
215 291.3 , Est Remaining: 177.5
216 292.6 , Est Remaining: 176.1
217 294.0 , Est Remaining: 174.8
218 295.3 , Est Remaining: 173.4
219 296.7 , Est Remaining: 172.0
220 298.0 , Est Remaining: 170.7
221 299.4 , Est Remaining: 169.3
222 300.7 , Est Remaining: 168.0
223 302.1 , Est Remaining: 166.6
224 303.4 , Est Remaining: 165.3
225 304.8 , Est Remaining: 163.9
226 306.1 , Est Remaining: 162.5
227 307.5 , Est Remaining: 161.2
228 308.8 , Est Remaining: 159.8
229 310.2 , Est Remaining: 158.5
230 311.5 , Est Remaining: 157.1
231 312.9 , Est Remaining: 155.8
232 314.2 , Est Remaining: 154.4
233 315.6 , Est Remaining: 153.0
234 316.9 , Est Remaining: 151.7
235 318.2 , Est Remaining: 150.3
236 319.6 , Est Remaining: 149.0
237 320.9 , Est Remaining: 147.6
238 322.3 , Est Remaining: 146.2
239 323.6 , Est Remaining: 144.9
240 324.9 , Est Remaining: 143.5
241 326.3 , Est Remaining: 142.2
242 327.6 , Est Remaining: 140.8
243 329.0 , Est Remaining: 139.4
244 330.3 , Est Remaining: 138.1
245 331.7 , Est Remaining: 136.7
246 333.0 , Est Remaining: 135.4
247 334.4 , Est Remaining: 134.0
248 335.7 , Est Remaining: 132.7
249 337.1 , Est Remaining: 131.3
250 338.4 , Est Remaining: 129.9
251 339.7 , Est Remaining: 128.6
252 341.1 , Est Remaining: 127.2
EVENT FAILED
252 341.4 , Est Remaining: 127.3
253 342.7 , Est Remaining: 126.0
254 344.1 , Est Remaining: 124.6
255 345.4 , Est Remaining: 123.3
256 346.7 , Est Remaining: 121.9
257 348.1 , Est Remaining: 120.5
258 349.4 , Est Remaining: 119.2
259 350.7 , Est Remaining: 117.8
260 352.1 , Est Remaining: 116.5
261 353.4 , Est Remaining: 115.1
262 354.7 , Est Remaining: 113.7
263 356.0 , Est Remaining: 112.4
264 357.4 , Est Remaining: 111.0
265 358.7 , Est Remaining: 109.6
266 360.0 , Est Remaining: 108.3
267 361.4 , Est Remaining: 106.9
268 362.7 , Est Remaining: 105.6
269 364.0 , Est Remaining: 104.2
270 365.4 , Est Remaining: 102.8
271 366.7 , Est Remaining: 101.5
272 368.1 , Est Remaining: 100.1
273 369.4 , Est Remaining: 98.8
274 370.7 , Est Remaining: 97.4
275 372.1 , Est Remaining: 96.1
276 373.4 , Est Remaining: 94.7
277 374.8 , Est Remaining: 93.4
278 376.1 , Est Remaining: 92.0
279 377.4 , Est Remaining: 90.6
280 378.8 , Est Remaining: 89.3
EVENT FAILED
280 379.1 , Est Remaining: 89.4
281 380.4 , Est Remaining: 88.0
282 381.8 , Est Remaining: 86.6
283 383.1 , Est Remaining: 85.3
284 384.4 , Est Remaining: 83.9
285 385.8 , Est Remaining: 82.6
286 387.1 , Est Remaining: 81.2
287 388.4 , Est Remaining: 79.9
288 389.8 , Est Remaining: 78.5
289 391.1 , Est Remaining: 77.1
290 392.5 , Est Remaining: 75.8
291 393.8 , Est Remaining: 74.4
292 395.2 , Est Remaining: 73.1
293 396.5 , Est Remaining: 71.7
294 397.9 , Est Remaining: 70.4
295 399.2 , Est Remaining: 69.0
296 400.5 , Est Remaining: 67.7
297 401.9 , Est Remaining: 66.3
298 403.2 , Est Remaining: 65.0
299 404.6 , Est Remaining: 63.6
300 405.9 , Est Remaining: 62.2
301 407.3 , Est Remaining: 60.9
302 408.7 , Est Remaining: 59.5
303 410.1 , Est Remaining: 58.2
304 411.4 , Est Remaining: 56.8
305 412.8 , Est Remaining: 55.5
306 414.1 , Est Remaining: 54.1
307 415.5 , Est Remaining: 52.8
308 416.8 , Est Remaining: 51.4
309 418.1 , Est Remaining: 50.1
310 419.5 , Est Remaining: 48.7
311 420.8 , Est Remaining: 47.4
312 422.2 , Est Remaining: 46.0
313 423.5 , Est Remaining: 44.7
314 424.9 , Est Remaining: 43.3
315 426.2 , Est Remaining: 41.9
316 427.6 , Est Remaining: 40.6
317 428.9 , Est Remaining: 39.2
318 430.2 , Est Remaining: 37.9
319 431.6 , Est Remaining: 36.5
320 432.9 , Est Remaining: 35.2
321 434.2 , Est Remaining: 33.8
322 435.5 , Est Remaining: 32.5
323 436.8 , Est Remaining: 31.1
324 438.1 , Est Remaining: 29.7
325 439.5 , Est Remaining: 28.4
326 440.8 , Est Remaining: 27.0
327 442.1 , Est Remaining: 25.7
328 443.5 , Est Remaining: 24.3
329 444.8 , Est Remaining: 23.0
330 446.1 , Est Remaining: 21.6
331 447.5 , Est Remaining: 20.3
332 448.8 , Est Remaining: 18.9
333 450.1 , Est Remaining: 17.6
334 451.5 , Est Remaining: 16.2
335 452.8 , Est Remaining: 14.9
