Note: NumExpr detected 32 cores but "NUMEXPR_MAX_THREADS" not set, so enforcing safe limit of 8.
Using selector: EpollSelector
/n/home02/jhaefner/miniconda/envs/IC-3.7-2020-06-16/lib/python3.7/site-packages/scipy/optimize/minpack.py:808: OptimizeWarning: Covariance of the parameters could not be estimated
  category=OptimizeWarning)
Total rwfs: 346
0 0.0 , Est Remaining: 999999.9
1 1.4 , Est Remaining: 498.7
2 2.9 , Est Remaining: 492.4
3 4.3 , Est Remaining: 491.7
4 5.7 , Est Remaining: 485.3
5 7.0 , Est Remaining: 480.8
6 8.4 , Est Remaining: 475.7
EVENT FAILED
6 8.7 , Est Remaining: 493.1
7 10.0 , Est Remaining: 485.6
8 11.4 , Est Remaining: 480.2
9 12.7 , Est Remaining: 474.7
10 14.0 , Est Remaining: 470.4
11 15.3 , Est Remaining: 466.7
12 16.7 , Est Remaining: 464.1
13 18.0 , Est Remaining: 460.8
14 19.3 , Est Remaining: 457.8
15 20.6 , Est Remaining: 454.7
16 21.9 , Est Remaining: 452.0
17 23.2 , Est Remaining: 449.3
18 24.5 , Est Remaining: 447.0
19 25.9 , Est Remaining: 444.9
20 27.2 , Est Remaining: 442.8
21 28.5 , Est Remaining: 440.9
22 29.8 , Est Remaining: 438.8
23 31.1 , Est Remaining: 436.8
24 32.4 , Est Remaining: 435.1
25 33.7 , Est Remaining: 433.3
26 35.1 , Est Remaining: 431.7
27 36.4 , Est Remaining: 429.9
28 37.7 , Est Remaining: 428.1
29 39.0 , Est Remaining: 426.5
30 40.3 , Est Remaining: 424.9
31 41.7 , Est Remaining: 423.3
32 43.0 , Est Remaining: 421.7
33 44.3 , Est Remaining: 420.1
34 45.6 , Est Remaining: 418.5
35 46.9 , Est Remaining: 417.0
36 48.3 , Est Remaining: 415.5
37 49.6 , Est Remaining: 414.1
38 50.9 , Est Remaining: 412.5
39 52.2 , Est Remaining: 411.0
40 53.6 , Est Remaining: 409.7
41 54.9 , Est Remaining: 408.5
42 56.3 , Est Remaining: 407.2
43 57.6 , Est Remaining: 406.0
EVENT FAILED
43 57.9 , Est Remaining: 408.3
44 59.3 , Est Remaining: 407.1
45 60.7 , Est Remaining: 405.9
46 62.0 , Est Remaining: 404.7
47 63.4 , Est Remaining: 403.5
EVENT FAILED
47 63.7 , Est Remaining: 405.4
48 65.1 , Est Remaining: 404.2
49 66.5 , Est Remaining: 403.0
50 67.9 , Est Remaining: 401.9
51 69.3 , Est Remaining: 400.7
52 70.7 , Est Remaining: 399.8
53 72.1 , Est Remaining: 398.8
54 73.6 , Est Remaining: 397.7
55 75.0 , Est Remaining: 396.8
56 76.5 , Est Remaining: 396.0
57 77.9 , Est Remaining: 395.0
58 79.3 , Est Remaining: 394.0
59 80.8 , Est Remaining: 393.0
60 82.2 , Est Remaining: 392.0
61 83.7 , Est Remaining: 390.9
62 85.1 , Est Remaining: 389.9
63 86.5 , Est Remaining: 388.7
64 88.0 , Est Remaining: 387.7
65 89.4 , Est Remaining: 386.5
66 90.8 , Est Remaining: 385.4
EVENT FAILED
66 91.1 , Est Remaining: 386.6
67 92.6 , Est Remaining: 385.5
68 94.0 , Est Remaining: 384.4
69 95.5 , Est Remaining: 383.2
70 96.9 , Est Remaining: 382.1
71 98.3 , Est Remaining: 380.9
72 99.8 , Est Remaining: 379.7
73 101.2 , Est Remaining: 378.6
74 102.7 , Est Remaining: 377.4
75 104.1 , Est Remaining: 376.2
76 105.6 , Est Remaining: 375.1
77 107.0 , Est Remaining: 373.8
78 108.4 , Est Remaining: 372.6
79 109.9 , Est Remaining: 371.3
EVENT FAILED
79 110.2 , Est Remaining: 372.3
80 111.6 , Est Remaining: 371.1
EVENT FAILED
80 111.9 , Est Remaining: 372.1
81 113.4 , Est Remaining: 370.9
82 114.8 , Est Remaining: 369.7
83 116.3 , Est Remaining: 368.5
84 117.8 , Est Remaining: 367.4
85 119.2 , Est Remaining: 366.1
86 120.7 , Est Remaining: 364.8
87 122.1 , Est Remaining: 363.6
88 123.6 , Est Remaining: 362.3
89 125.0 , Est Remaining: 361.1
90 126.5 , Est Remaining: 359.8
91 127.9 , Est Remaining: 358.5
92 129.4 , Est Remaining: 357.1
93 130.8 , Est Remaining: 355.8
94 132.2 , Est Remaining: 354.5
95 133.7 , Est Remaining: 353.2
96 135.1 , Est Remaining: 351.9
97 136.6 , Est Remaining: 350.6
98 138.0 , Est Remaining: 349.3
99 139.5 , Est Remaining: 347.9
100 140.9 , Est Remaining: 346.6
101 142.6 , Est Remaining: 345.9
102 144.1 , Est Remaining: 344.7
103 145.5 , Est Remaining: 343.4
104 147.0 , Est Remaining: 342.0
105 148.4 , Est Remaining: 340.6
106 149.8 , Est Remaining: 339.3
107 151.3 , Est Remaining: 337.9
108 152.7 , Est Remaining: 336.5
109 154.1 , Est Remaining: 335.1
110 155.5 , Est Remaining: 333.7
111 157.0 , Est Remaining: 332.3
112 158.4 , Est Remaining: 330.9
113 159.8 , Est Remaining: 329.4
114 161.2 , Est Remaining: 328.0
115 162.6 , Est Remaining: 326.6
116 164.0 , Est Remaining: 325.1
117 165.4 , Est Remaining: 323.7
118 166.8 , Est Remaining: 322.3
119 168.2 , Est Remaining: 320.9
120 169.6 , Est Remaining: 319.5
121 171.1 , Est Remaining: 318.1
122 172.5 , Est Remaining: 316.7
123 173.9 , Est Remaining: 315.2
124 175.3 , Est Remaining: 313.9
125 176.7 , Est Remaining: 312.4
126 178.1 , Est Remaining: 311.0
127 179.5 , Est Remaining: 309.6
EVENT FAILED
127 179.8 , Est Remaining: 310.1
128 181.2 , Est Remaining: 308.7
129 182.7 , Est Remaining: 307.3
130 184.1 , Est Remaining: 305.9
131 185.5 , Est Remaining: 304.4
132 186.9 , Est Remaining: 303.0
133 188.3 , Est Remaining: 301.6
134 189.8 , Est Remaining: 300.2
135 191.2 , Est Remaining: 298.8
EVENT FAILED
135 191.5 , Est Remaining: 299.3
136 192.9 , Est Remaining: 297.9
137 194.3 , Est Remaining: 296.5
138 195.8 , Est Remaining: 295.1
139 197.2 , Est Remaining: 293.7
140 198.7 , Est Remaining: 292.3
141 200.1 , Est Remaining: 291.0
142 201.6 , Est Remaining: 289.6
143 203.0 , Est Remaining: 288.2
144 204.5 , Est Remaining: 286.8
145 205.9 , Est Remaining: 285.4
146 207.3 , Est Remaining: 284.0
147 208.8 , Est Remaining: 282.6
148 210.2 , Est Remaining: 281.2
149 211.7 , Est Remaining: 279.9
150 213.1 , Est Remaining: 278.4
151 214.5 , Est Remaining: 277.0
152 215.9 , Est Remaining: 275.6
153 217.4 , Est Remaining: 274.2
154 218.8 , Est Remaining: 272.7
155 220.2 , Est Remaining: 271.3
156 221.6 , Est Remaining: 269.9
157 223.0 , Est Remaining: 268.5
158 224.4 , Est Remaining: 267.0
159 225.8 , Est Remaining: 265.6
160 227.2 , Est Remaining: 264.2
161 228.7 , Est Remaining: 262.7
162 230.1 , Est Remaining: 261.3
163 231.5 , Est Remaining: 259.9
164 232.9 , Est Remaining: 258.5
165 234.3 , Est Remaining: 257.1
166 235.8 , Est Remaining: 255.7
167 237.2 , Est Remaining: 254.2
168 238.6 , Est Remaining: 252.8
169 240.1 , Est Remaining: 251.4
170 241.5 , Est Remaining: 250.0
171 242.9 , Est Remaining: 248.6
172 244.4 , Est Remaining: 247.2
173 245.8 , Est Remaining: 245.8
174 247.0 , Est Remaining: 244.2
175 248.5 , Est Remaining: 242.8
176 249.9 , Est Remaining: 241.3
177 251.3 , Est Remaining: 239.9
178 252.7 , Est Remaining: 238.5
179 254.1 , Est Remaining: 237.0
180 255.5 , Est Remaining: 235.6
181 256.9 , Est Remaining: 234.2
182 258.3 , Est Remaining: 232.8
EVENT FAILED
182 258.6 , Est Remaining: 233.0
183 260.0 , Est Remaining: 231.6
184 261.5 , Est Remaining: 230.2
185 262.9 , Est Remaining: 228.8
186 264.3 , Est Remaining: 227.4
187 265.7 , Est Remaining: 225.9
188 267.1 , Est Remaining: 224.5
189 268.5 , Est Remaining: 223.0
190 269.9 , Est Remaining: 221.6
191 271.2 , Est Remaining: 220.1
192 272.6 , Est Remaining: 218.7
193 274.0 , Est Remaining: 217.2
194 275.4 , Est Remaining: 215.8
195 276.8 , Est Remaining: 214.4
196 278.3 , Est Remaining: 213.0
197 279.7 , Est Remaining: 211.5
198 281.1 , Est Remaining: 210.1
199 282.6 , Est Remaining: 208.7
200 284.0 , Est Remaining: 207.3
201 285.4 , Est Remaining: 205.9
202 286.9 , Est Remaining: 204.5
203 288.3 , Est Remaining: 203.1
EVENT FAILED
203 288.6 , Est Remaining: 203.3
204 290.1 , Est Remaining: 201.9
205 291.5 , Est Remaining: 200.5
206 292.9 , Est Remaining: 199.1
207 294.3 , Est Remaining: 197.7
208 295.7 , Est Remaining: 196.2
209 297.2 , Est Remaining: 194.8
210 298.6 , Est Remaining: 193.4
211 300.0 , Est Remaining: 191.9
212 301.4 , Est Remaining: 190.5
213 302.8 , Est Remaining: 189.1
214 304.2 , Est Remaining: 187.6
215 305.6 , Est Remaining: 186.2
216 307.0 , Est Remaining: 184.8
217 308.5 , Est Remaining: 183.4
218 309.9 , Est Remaining: 181.9
219 311.3 , Est Remaining: 180.5
220 312.7 , Est Remaining: 179.1
221 314.1 , Est Remaining: 177.7
222 315.5 , Est Remaining: 176.2
223 316.9 , Est Remaining: 174.8
224 318.3 , Est Remaining: 173.4
225 319.7 , Est Remaining: 172.0
226 321.2 , Est Remaining: 170.5
227 322.6 , Est Remaining: 169.1
228 324.0 , Est Remaining: 167.7
229 325.4 , Est Remaining: 166.3
230 326.8 , Est Remaining: 164.8
231 328.2 , Est Remaining: 163.4
232 329.6 , Est Remaining: 162.0
233 331.0 , Est Remaining: 160.5
234 332.4 , Est Remaining: 159.1
235 333.9 , Est Remaining: 157.7
236 335.3 , Est Remaining: 156.3
237 336.7 , Est Remaining: 154.9
238 338.1 , Est Remaining: 153.4
239 339.5 , Est Remaining: 152.0
240 340.9 , Est Remaining: 150.6
241 342.3 , Est Remaining: 149.1
242 343.7 , Est Remaining: 147.7
EVENT FAILED
242 344.0 , Est Remaining: 147.8
243 345.4 , Est Remaining: 146.4
244 346.8 , Est Remaining: 145.0
245 348.2 , Est Remaining: 143.5
246 349.6 , Est Remaining: 142.1
247 351.0 , Est Remaining: 140.7
248 352.4 , Est Remaining: 139.3
249 353.9 , Est Remaining: 137.8
250 355.3 , Est Remaining: 136.4
251 356.7 , Est Remaining: 135.0
252 358.0 , Est Remaining: 133.5
253 359.4 , Est Remaining: 132.1
254 360.8 , Est Remaining: 130.7
255 362.2 , Est Remaining: 129.3
256 363.6 , Est Remaining: 127.8
257 365.0 , Est Remaining: 126.4
258 366.4 , Est Remaining: 125.0
259 367.8 , Est Remaining: 123.5
260 369.2 , Est Remaining: 122.1
261 370.6 , Est Remaining: 120.7
EVENT FAILED
261 370.9 , Est Remaining: 120.8
262 372.3 , Est Remaining: 119.4
263 373.7 , Est Remaining: 118.0
264 375.1 , Est Remaining: 116.5
265 376.6 , Est Remaining: 115.1
266 378.0 , Est Remaining: 113.7
267 379.4 , Est Remaining: 112.3
268 380.9 , Est Remaining: 110.8
269 382.3 , Est Remaining: 109.4
270 383.7 , Est Remaining: 108.0
271 385.1 , Est Remaining: 106.6
272 386.5 , Est Remaining: 105.2
273 388.0 , Est Remaining: 103.7
274 389.4 , Est Remaining: 102.3
275 390.8 , Est Remaining: 100.9
276 392.2 , Est Remaining: 99.5
277 393.7 , Est Remaining: 98.1
278 395.1 , Est Remaining: 96.6
279 396.5 , Est Remaining: 95.2
280 397.9 , Est Remaining: 93.8
281 399.3 , Est Remaining: 92.4
282 400.7 , Est Remaining: 90.9
283 402.1 , Est Remaining: 89.5
284 403.5 , Est Remaining: 88.1
285 404.9 , Est Remaining: 86.7
286 406.3 , Est Remaining: 85.2
287 407.7 , Est Remaining: 83.8
288 409.1 , Est Remaining: 82.4
289 410.5 , Est Remaining: 81.0
290 411.9 , Est Remaining: 79.5
291 413.2 , Est Remaining: 78.1
292 414.7 , Est Remaining: 76.7
293 416.1 , Est Remaining: 75.3
EVENT FAILED
293 416.4 , Est Remaining: 75.3
294 417.8 , Est Remaining: 73.9
295 419.2 , Est Remaining: 72.5
296 420.6 , Est Remaining: 71.0
297 422.0 , Est Remaining: 69.6
298 423.4 , Est Remaining: 68.2
299 424.8 , Est Remaining: 66.8
300 426.2 , Est Remaining: 65.4
301 427.7 , Est Remaining: 63.9
302 429.2 , Est Remaining: 62.5
303 430.7 , Est Remaining: 61.1
304 432.1 , Est Remaining: 59.7
305 433.5 , Est Remaining: 58.3
306 434.9 , Est Remaining: 56.9
307 436.4 , Est Remaining: 55.4
308 437.8 , Est Remaining: 54.0
309 439.2 , Est Remaining: 52.6
310 440.6 , Est Remaining: 51.2
311 442.1 , Est Remaining: 49.7
312 443.5 , Est Remaining: 48.3
313 444.9 , Est Remaining: 46.9
314 446.4 , Est Remaining: 45.5
315 447.8 , Est Remaining: 44.1
316 449.2 , Est Remaining: 42.6
317 450.7 , Est Remaining: 41.2
EVENT FAILED
317 451.0 , Est Remaining: 41.3
EVENT FAILED
317 451.3 , Est Remaining: 41.3
318 452.7 , Est Remaining: 39.9
319 454.1 , Est Remaining: 38.4
320 455.5 , Est Remaining: 37.0
321 456.9 , Est Remaining: 35.6
322 458.3 , Est Remaining: 34.2
323 459.7 , Est Remaining: 32.7
EVENT FAILED
323 460.0 , Est Remaining: 32.8
324 461.4 , Est Remaining: 31.3
325 462.8 , Est Remaining: 29.9
326 464.2 , Est Remaining: 28.5
327 465.6 , Est Remaining: 27.1
328 467.0 , Est Remaining: 25.6
329 468.4 , Est Remaining: 24.2
