Note: NumExpr detected 32 cores but "NUMEXPR_MAX_THREADS" not set, so enforcing safe limit of 8.
Using selector: EpollSelector
/n/home02/jhaefner/miniconda/envs/IC-3.7-2020-06-16/lib/python3.7/site-packages/scipy/optimize/minpack.py:808: OptimizeWarning: Covariance of the parameters could not be estimated
  category=OptimizeWarning)
Total rwfs: 346
0 0.0 , Est Remaining: 999999.9
1 1.5 , Est Remaining: 514.6
2 3.0 , Est Remaining: 510.4
3 4.5 , Est Remaining: 512.5
4 5.9 , Est Remaining: 507.6
5 7.4 , Est Remaining: 503.5
6 8.8 , Est Remaining: 500.7
7 10.3 , Est Remaining: 499.0
8 11.8 , Est Remaining: 497.0
9 13.2 , Est Remaining: 495.3
EVENT FAILED
9 13.6 , Est Remaining: 507.5
10 15.0 , Est Remaining: 503.7
11 16.4 , Est Remaining: 500.1
12 17.9 , Est Remaining: 497.8
13 19.4 , Est Remaining: 495.7
14 20.8 , Est Remaining: 493.1
15 22.2 , Est Remaining: 490.9
16 23.7 , Est Remaining: 489.0
17 25.2 , Est Remaining: 487.2
18 26.6 , Est Remaining: 485.4
19 28.1 , Est Remaining: 483.4
20 29.6 , Est Remaining: 481.7
21 31.0 , Est Remaining: 480.1
22 32.5 , Est Remaining: 478.5
23 34.0 , Est Remaining: 476.9
24 35.4 , Est Remaining: 475.0
25 36.9 , Est Remaining: 473.4
26 38.3 , Est Remaining: 471.5
27 39.8 , Est Remaining: 469.7
28 41.2 , Est Remaining: 468.3
29 42.7 , Est Remaining: 466.6
30 44.2 , Est Remaining: 465.4
31 45.6 , Est Remaining: 463.8
32 47.1 , Est Remaining: 462.3
33 48.6 , Est Remaining: 460.6
34 50.0 , Est Remaining: 458.9
35 51.5 , Est Remaining: 457.3
36 52.9 , Est Remaining: 455.8
37 54.4 , Est Remaining: 454.1
38 55.8 , Est Remaining: 452.5
39 57.3 , Est Remaining: 451.0
40 58.8 , Est Remaining: 449.4
41 60.2 , Est Remaining: 447.8
42 61.6 , Est Remaining: 446.1
43 63.1 , Est Remaining: 444.4
44 64.5 , Est Remaining: 442.7
45 65.9 , Est Remaining: 441.0
46 67.4 , Est Remaining: 439.5
47 68.8 , Est Remaining: 438.0
48 70.3 , Est Remaining: 436.6
49 71.8 , Est Remaining: 435.1
50 73.2 , Est Remaining: 433.5
51 74.7 , Est Remaining: 432.1
52 76.2 , Est Remaining: 430.7
53 77.6 , Est Remaining: 429.2
54 79.1 , Est Remaining: 427.7
55 80.6 , Est Remaining: 426.3
56 82.0 , Est Remaining: 424.9
57 83.5 , Est Remaining: 423.5
58 85.0 , Est Remaining: 422.0
59 86.5 , Est Remaining: 420.6
60 87.9 , Est Remaining: 419.0
61 89.3 , Est Remaining: 417.5
62 90.8 , Est Remaining: 416.0
63 92.3 , Est Remaining: 414.4
64 93.7 , Est Remaining: 413.0
65 95.2 , Est Remaining: 411.5
66 96.6 , Est Remaining: 410.0
67 98.1 , Est Remaining: 408.5
68 99.6 , Est Remaining: 407.0
69 101.0 , Est Remaining: 405.4
70 102.4 , Est Remaining: 403.9
71 103.9 , Est Remaining: 402.4
72 105.4 , Est Remaining: 401.0
73 106.8 , Est Remaining: 399.5
74 108.3 , Est Remaining: 397.9
75 109.7 , Est Remaining: 396.4
76 111.2 , Est Remaining: 394.9
77 112.6 , Est Remaining: 393.4
78 114.0 , Est Remaining: 391.8
79 115.5 , Est Remaining: 390.3
80 116.9 , Est Remaining: 388.8
81 118.4 , Est Remaining: 387.3
82 119.8 , Est Remaining: 385.8
83 121.3 , Est Remaining: 384.3
84 122.7 , Est Remaining: 382.8
85 124.2 , Est Remaining: 381.4
86 125.7 , Est Remaining: 379.9
87 127.1 , Est Remaining: 378.4
88 128.6 , Est Remaining: 376.9
89 130.0 , Est Remaining: 375.5
90 131.5 , Est Remaining: 374.0
91 132.9 , Est Remaining: 372.5
92 134.4 , Est Remaining: 371.1
93 135.9 , Est Remaining: 369.6
94 137.3 , Est Remaining: 368.1
95 138.8 , Est Remaining: 366.7
96 140.2 , Est Remaining: 365.2
97 141.7 , Est Remaining: 363.7
98 143.1 , Est Remaining: 362.2
99 144.6 , Est Remaining: 360.7
100 146.0 , Est Remaining: 359.2
101 147.5 , Est Remaining: 357.7
102 148.9 , Est Remaining: 356.2
103 150.4 , Est Remaining: 354.9
104 151.9 , Est Remaining: 353.3
105 153.3 , Est Remaining: 351.9
106 154.7 , Est Remaining: 350.4
107 156.2 , Est Remaining: 348.9
108 157.6 , Est Remaining: 347.4
109 159.1 , Est Remaining: 345.8
110 160.5 , Est Remaining: 344.4
111 161.9 , Est Remaining: 342.9
112 163.4 , Est Remaining: 341.4
113 164.9 , Est Remaining: 339.9
114 166.3 , Est Remaining: 338.5
115 167.8 , Est Remaining: 337.0
116 169.2 , Est Remaining: 335.5
117 170.7 , Est Remaining: 334.0
118 172.1 , Est Remaining: 332.5
119 173.5 , Est Remaining: 331.0
120 175.0 , Est Remaining: 329.5
121 176.4 , Est Remaining: 328.1
122 177.9 , Est Remaining: 326.5
123 179.3 , Est Remaining: 325.1
124 180.8 , Est Remaining: 323.6
125 182.2 , Est Remaining: 322.1
126 183.7 , Est Remaining: 320.7
127 185.1 , Est Remaining: 319.2
128 186.6 , Est Remaining: 317.8
129 188.0 , Est Remaining: 316.3
130 189.5 , Est Remaining: 314.8
131 190.9 , Est Remaining: 313.4
132 192.4 , Est Remaining: 311.9
133 193.8 , Est Remaining: 310.4
134 195.3 , Est Remaining: 309.0
135 196.7 , Est Remaining: 307.5
136 198.2 , Est Remaining: 306.0
137 199.6 , Est Remaining: 304.5
EVENT FAILED
137 200.4 , Est Remaining: 305.7
138 201.8 , Est Remaining: 304.2
139 203.3 , Est Remaining: 302.7
140 204.7 , Est Remaining: 301.2
141 206.2 , Est Remaining: 299.7
142 207.6 , Est Remaining: 298.3
143 209.1 , Est Remaining: 296.8
144 210.5 , Est Remaining: 295.3
145 212.0 , Est Remaining: 293.8
146 213.4 , Est Remaining: 292.3
147 214.9 , Est Remaining: 290.9
148 216.3 , Est Remaining: 289.3
149 217.7 , Est Remaining: 287.9
150 219.2 , Est Remaining: 286.4
151 220.6 , Est Remaining: 284.9
152 222.0 , Est Remaining: 283.4
153 223.5 , Est Remaining: 281.9
154 225.0 , Est Remaining: 280.5
155 226.4 , Est Remaining: 279.0
156 227.9 , Est Remaining: 277.5
157 229.3 , Est Remaining: 276.1
158 230.8 , Est Remaining: 274.6
159 232.2 , Est Remaining: 273.1
160 233.7 , Est Remaining: 271.6
161 235.1 , Est Remaining: 270.2
162 236.6 , Est Remaining: 268.7
163 238.0 , Est Remaining: 267.2
164 239.5 , Est Remaining: 265.7
165 240.9 , Est Remaining: 264.3
166 242.4 , Est Remaining: 262.8
167 243.8 , Est Remaining: 261.4
168 245.3 , Est Remaining: 259.9
169 246.7 , Est Remaining: 258.4
170 248.2 , Est Remaining: 256.9
171 249.7 , Est Remaining: 255.5
172 251.1 , Est Remaining: 254.1
173 252.6 , Est Remaining: 252.6
174 254.1 , Est Remaining: 251.2
175 255.5 , Est Remaining: 249.7
176 257.0 , Est Remaining: 248.3
177 258.5 , Est Remaining: 246.8
178 259.9 , Est Remaining: 245.3
179 261.4 , Est Remaining: 243.9
180 262.9 , Est Remaining: 242.4
181 264.4 , Est Remaining: 241.0
182 265.8 , Est Remaining: 239.5
183 267.3 , Est Remaining: 238.1
184 268.8 , Est Remaining: 236.7
185 270.3 , Est Remaining: 235.2
186 271.7 , Est Remaining: 233.8
187 273.2 , Est Remaining: 232.3
188 274.7 , Est Remaining: 230.9
189 276.2 , Est Remaining: 229.4
190 277.7 , Est Remaining: 228.0
191 279.1 , Est Remaining: 226.5
192 280.6 , Est Remaining: 225.1
193 282.1 , Est Remaining: 223.6
194 283.5 , Est Remaining: 222.2
195 285.0 , Est Remaining: 220.7
196 286.5 , Est Remaining: 219.2
197 287.9 , Est Remaining: 217.8
198 289.4 , Est Remaining: 216.3
199 290.8 , Est Remaining: 214.8
200 292.2 , Est Remaining: 213.3
201 293.7 , Est Remaining: 211.8
EVENT FAILED
201 294.0 , Est Remaining: 212.1
202 295.5 , Est Remaining: 210.7
203 297.0 , Est Remaining: 209.2
204 298.4 , Est Remaining: 207.7
205 299.9 , Est Remaining: 206.3
206 301.3 , Est Remaining: 204.8
207 302.8 , Est Remaining: 203.3
208 304.2 , Est Remaining: 201.8
209 305.7 , Est Remaining: 200.4
210 307.1 , Est Remaining: 198.9
211 308.5 , Est Remaining: 197.4
212 310.0 , Est Remaining: 195.9
213 311.4 , Est Remaining: 194.5
214 312.9 , Est Remaining: 193.0
215 314.4 , Est Remaining: 191.5
216 315.8 , Est Remaining: 190.1
217 317.3 , Est Remaining: 188.6
218 318.8 , Est Remaining: 187.2
219 320.2 , Est Remaining: 185.7
220 321.7 , Est Remaining: 184.2
221 323.1 , Est Remaining: 182.8
222 324.6 , Est Remaining: 181.3
223 326.1 , Est Remaining: 179.9
224 327.5 , Est Remaining: 178.4
225 329.0 , Est Remaining: 176.9
226 330.4 , Est Remaining: 175.5
227 331.9 , Est Remaining: 174.0
EVENT FAILED
227 332.2 , Est Remaining: 174.1
EVENT FAILED
227 332.5 , Est Remaining: 174.3
228 333.9 , Est Remaining: 172.8
229 335.3 , Est Remaining: 171.3
230 336.8 , Est Remaining: 169.8
231 338.2 , Est Remaining: 168.4
232 339.6 , Est Remaining: 166.9
233 341.0 , Est Remaining: 165.4
234 342.4 , Est Remaining: 163.9
235 343.8 , Est Remaining: 162.4
236 345.2 , Est Remaining: 160.9
237 346.6 , Est Remaining: 159.4
238 348.0 , Est Remaining: 157.9
239 349.4 , Est Remaining: 156.4
240 350.7 , Est Remaining: 154.9
241 352.1 , Est Remaining: 153.4
242 353.5 , Est Remaining: 151.9
243 354.9 , Est Remaining: 150.4
244 356.3 , Est Remaining: 148.9
245 357.7 , Est Remaining: 147.5
246 359.1 , Est Remaining: 146.0
247 360.5 , Est Remaining: 144.5
248 361.9 , Est Remaining: 143.0
249 363.3 , Est Remaining: 141.5
250 364.7 , Est Remaining: 140.0
251 366.1 , Est Remaining: 138.6
252 367.5 , Est Remaining: 137.1
253 368.8 , Est Remaining: 135.6
EVENT FAILED
253 369.1 , Est Remaining: 135.7
254 370.5 , Est Remaining: 134.2
EVENT FAILED
254 370.8 , Est Remaining: 134.3
255 372.2 , Est Remaining: 132.8
256 373.6 , Est Remaining: 131.3
257 375.0 , Est Remaining: 129.8
258 376.3 , Est Remaining: 128.4
259 377.7 , Est Remaining: 126.9
260 379.1 , Est Remaining: 125.4
261 380.5 , Est Remaining: 123.9
262 381.9 , Est Remaining: 122.4
263 383.3 , Est Remaining: 121.0
264 384.6 , Est Remaining: 119.5
265 386.0 , Est Remaining: 118.0
266 387.4 , Est Remaining: 116.5
267 388.8 , Est Remaining: 115.0
268 390.2 , Est Remaining: 113.6
269 391.5 , Est Remaining: 112.1
270 392.9 , Est Remaining: 110.6
271 394.3 , Est Remaining: 109.1
272 395.7 , Est Remaining: 107.7
273 397.1 , Est Remaining: 106.2
274 398.4 , Est Remaining: 104.7
275 399.8 , Est Remaining: 103.2
276 401.2 , Est Remaining: 101.8
277 402.6 , Est Remaining: 100.3
278 404.0 , Est Remaining: 98.8
279 405.4 , Est Remaining: 97.3
280 406.8 , Est Remaining: 95.9
281 408.1 , Est Remaining: 94.4
282 409.5 , Est Remaining: 92.9
283 410.9 , Est Remaining: 91.5
284 412.3 , Est Remaining: 90.0
285 413.7 , Est Remaining: 88.5
286 415.0 , Est Remaining: 87.1
287 416.4 , Est Remaining: 85.6
288 417.8 , Est Remaining: 84.1
EVENT FAILED
288 418.1 , Est Remaining: 84.2
289 419.5 , Est Remaining: 82.7
290 420.9 , Est Remaining: 81.3
291 422.3 , Est Remaining: 79.8
292 423.7 , Est Remaining: 78.3
293 425.0 , Est Remaining: 76.9
294 426.4 , Est Remaining: 75.4
295 427.9 , Est Remaining: 74.0
296 429.3 , Est Remaining: 72.5
297 430.7 , Est Remaining: 71.1
298 432.1 , Est Remaining: 69.6
299 433.5 , Est Remaining: 68.1
300 434.9 , Est Remaining: 66.7
301 436.4 , Est Remaining: 65.2
302 437.9 , Est Remaining: 63.8
303 439.4 , Est Remaining: 62.4
304 440.8 , Est Remaining: 60.9
305 442.3 , Est Remaining: 59.5
306 443.7 , Est Remaining: 58.0
307 445.1 , Est Remaining: 56.5
308 446.6 , Est Remaining: 55.1
309 448.1 , Est Remaining: 53.7
310 449.5 , Est Remaining: 52.2
311 451.0 , Est Remaining: 50.8
312 452.4 , Est Remaining: 49.3
313 453.8 , Est Remaining: 47.8
314 455.3 , Est Remaining: 46.4
315 456.7 , Est Remaining: 44.9
EVENT FAILED
315 457.0 , Est Remaining: 45.0
316 458.5 , Est Remaining: 43.5
317 459.9 , Est Remaining: 42.1
318 461.4 , Est Remaining: 40.6
319 462.9 , Est Remaining: 39.2
320 464.3 , Est Remaining: 37.7
321 465.8 , Est Remaining: 36.3
322 467.3 , Est Remaining: 34.8
323 468.7 , Est Remaining: 33.4
EVENT FAILED
323 469.0 , Est Remaining: 33.4
324 470.5 , Est Remaining: 31.9
325 471.9 , Est Remaining: 30.5
326 473.4 , Est Remaining: 29.0
327 474.8 , Est Remaining: 27.6
328 476.2 , Est Remaining: 26.1
329 477.7 , Est Remaining: 24.7
330 479.1 , Est Remaining: 23.2
331 480.5 , Est Remaining: 21.8
332 481.9 , Est Remaining: 20.3
333 483.2 , Est Remaining: 18.9
334 484.6 , Est Remaining: 17.4
335 486.0 , Est Remaining: 16.0
