Note: NumExpr detected 32 cores but "NUMEXPR_MAX_THREADS" not set, so enforcing safe limit of 8.
Using selector: EpollSelector
/n/home02/jhaefner/miniconda/envs/IC-3.7-2020-06-16/lib/python3.7/site-packages/scipy/optimize/minpack.py:808: OptimizeWarning: Covariance of the parameters could not be estimated
  category=OptimizeWarning)
Total rwfs: 346
0 0.0 , Est Remaining: 999999.9
1 1.5 , Est Remaining: 520.5
EVENT FAILED
1 1.8 , Est Remaining: 631.0
2 3.4 , Est Remaining: 578.7
3 4.9 , Est Remaining: 561.3
4 6.4 , Est Remaining: 550.4
5 7.9 , Est Remaining: 540.8
6 9.4 , Est Remaining: 534.5
7 10.9 , Est Remaining: 529.6
8 12.4 , Est Remaining: 525.0
9 13.9 , Est Remaining: 520.7
10 15.4 , Est Remaining: 517.3
11 16.9 , Est Remaining: 513.3
12 18.4 , Est Remaining: 510.8
13 19.8 , Est Remaining: 508.4
14 21.3 , Est Remaining: 506.2
15 22.8 , Est Remaining: 503.7
16 24.3 , Est Remaining: 501.0
17 25.8 , Est Remaining: 498.8
18 27.2 , Est Remaining: 496.3
19 28.7 , Est Remaining: 494.3
20 30.2 , Est Remaining: 492.2
21 31.7 , Est Remaining: 490.2
22 33.2 , Est Remaining: 488.4
23 34.6 , Est Remaining: 486.3
24 36.1 , Est Remaining: 484.2
25 37.6 , Est Remaining: 482.2
26 39.0 , Est Remaining: 480.3
27 40.5 , Est Remaining: 478.3
28 41.9 , Est Remaining: 476.4
29 43.3 , Est Remaining: 473.0
30 44.7 , Est Remaining: 471.1
31 46.2 , Est Remaining: 469.6
32 47.7 , Est Remaining: 467.9
33 49.2 , Est Remaining: 466.2
34 50.6 , Est Remaining: 464.3
35 52.1 , Est Remaining: 462.7
36 53.5 , Est Remaining: 461.0
37 55.0 , Est Remaining: 459.3
38 56.5 , Est Remaining: 457.6
39 57.9 , Est Remaining: 456.0
40 59.4 , Est Remaining: 454.3
41 60.8 , Est Remaining: 452.7
42 62.3 , Est Remaining: 451.1
43 63.8 , Est Remaining: 449.2
EVENT FAILED
43 64.1 , Est Remaining: 451.4
44 65.5 , Est Remaining: 449.7
45 67.0 , Est Remaining: 448.0
46 68.4 , Est Remaining: 446.3
47 69.9 , Est Remaining: 444.5
48 71.3 , Est Remaining: 442.8
EVENT FAILED
48 71.6 , Est Remaining: 444.6
49 73.0 , Est Remaining: 442.7
50 74.5 , Est Remaining: 440.9
51 75.9 , Est Remaining: 439.1
52 77.3 , Est Remaining: 437.3
53 78.8 , Est Remaining: 435.5
54 80.2 , Est Remaining: 433.6
55 81.6 , Est Remaining: 431.8
56 83.0 , Est Remaining: 430.0
57 84.5 , Est Remaining: 428.2
58 85.9 , Est Remaining: 426.4
59 87.3 , Est Remaining: 424.7
60 88.7 , Est Remaining: 423.0
61 90.2 , Est Remaining: 421.3
62 91.6 , Est Remaining: 419.4
63 93.0 , Est Remaining: 417.7
64 94.4 , Est Remaining: 415.9
65 95.8 , Est Remaining: 414.1
66 97.2 , Est Remaining: 412.4
67 98.6 , Est Remaining: 410.5
68 100.0 , Est Remaining: 408.7
69 101.4 , Est Remaining: 406.9
70 102.8 , Est Remaining: 405.1
71 104.1 , Est Remaining: 403.3
72 105.5 , Est Remaining: 401.5
73 106.9 , Est Remaining: 399.7
74 108.3 , Est Remaining: 398.0
75 109.7 , Est Remaining: 396.2
76 111.0 , Est Remaining: 394.5
77 112.4 , Est Remaining: 392.7
78 113.7 , Est Remaining: 390.8
79 115.1 , Est Remaining: 389.0
80 116.5 , Est Remaining: 387.3
81 117.9 , Est Remaining: 385.6
82 119.3 , Est Remaining: 384.0
83 120.6 , Est Remaining: 382.2
84 122.0 , Est Remaining: 380.5
85 123.4 , Est Remaining: 378.8
EVENT FAILED
85 123.7 , Est Remaining: 379.8
86 125.0 , Est Remaining: 378.0
87 126.4 , Est Remaining: 376.4
88 127.8 , Est Remaining: 374.7
89 129.2 , Est Remaining: 373.0
90 130.5 , Est Remaining: 371.3
91 131.8 , Est Remaining: 369.4
92 133.2 , Est Remaining: 367.8
93 134.6 , Est Remaining: 366.1
94 136.0 , Est Remaining: 364.5
95 137.3 , Est Remaining: 362.8
96 138.7 , Est Remaining: 361.2
97 140.1 , Est Remaining: 359.5
98 141.4 , Est Remaining: 357.9
99 142.8 , Est Remaining: 356.3
100 144.2 , Est Remaining: 354.7
101 145.5 , Est Remaining: 353.0
102 146.9 , Est Remaining: 351.4
103 148.3 , Est Remaining: 350.0
EVENT FAILED
103 148.6 , Est Remaining: 350.7
104 150.0 , Est Remaining: 349.0
105 151.3 , Est Remaining: 347.4
106 152.7 , Est Remaining: 345.7
107 154.1 , Est Remaining: 344.1
108 155.4 , Est Remaining: 342.5
109 156.8 , Est Remaining: 340.9
110 158.2 , Est Remaining: 339.4
111 159.6 , Est Remaining: 337.8
112 160.9 , Est Remaining: 336.2
113 162.3 , Est Remaining: 334.7
114 163.7 , Est Remaining: 333.1
115 165.1 , Est Remaining: 331.6
116 166.5 , Est Remaining: 330.1
117 167.8 , Est Remaining: 328.5
118 169.2 , Est Remaining: 327.0
119 170.6 , Est Remaining: 325.4
120 172.0 , Est Remaining: 323.9
121 173.4 , Est Remaining: 322.4
122 174.7 , Est Remaining: 320.8
123 176.1 , Est Remaining: 319.3
124 177.5 , Est Remaining: 317.8
125 178.9 , Est Remaining: 316.3
126 180.3 , Est Remaining: 314.8
127 181.7 , Est Remaining: 313.3
128 183.1 , Est Remaining: 311.8
129 184.5 , Est Remaining: 310.3
130 185.9 , Est Remaining: 308.8
131 187.3 , Est Remaining: 307.4
132 188.7 , Est Remaining: 305.9
133 190.1 , Est Remaining: 304.4
134 191.5 , Est Remaining: 302.9
135 192.9 , Est Remaining: 301.5
136 194.3 , Est Remaining: 300.0
EVENT FAILED
136 194.6 , Est Remaining: 300.5
137 196.0 , Est Remaining: 299.0
138 197.4 , Est Remaining: 297.6
139 198.8 , Est Remaining: 296.1
140 200.3 , Est Remaining: 294.7
141 201.7 , Est Remaining: 293.2
142 203.1 , Est Remaining: 291.8
143 204.6 , Est Remaining: 290.4
144 206.0 , Est Remaining: 289.0
145 207.4 , Est Remaining: 287.5
146 208.8 , Est Remaining: 286.1
147 210.3 , Est Remaining: 284.6
148 211.7 , Est Remaining: 283.2
149 213.1 , Est Remaining: 281.8
150 214.5 , Est Remaining: 280.3
151 216.0 , Est Remaining: 278.9
152 217.4 , Est Remaining: 277.5
153 218.8 , Est Remaining: 276.1
154 220.3 , Est Remaining: 274.6
155 221.7 , Est Remaining: 273.2
156 223.1 , Est Remaining: 271.8
157 224.6 , Est Remaining: 270.4
158 226.0 , Est Remaining: 268.9
159 227.5 , Est Remaining: 267.5
160 228.9 , Est Remaining: 266.1
EVENT FAILED
160 229.2 , Est Remaining: 266.4
161 230.7 , Est Remaining: 265.0
162 232.1 , Est Remaining: 263.6
163 233.6 , Est Remaining: 262.3
164 235.1 , Est Remaining: 260.8
165 236.5 , Est Remaining: 259.5
166 238.0 , Est Remaining: 258.1
167 239.5 , Est Remaining: 256.7
168 241.0 , Est Remaining: 255.3
169 242.4 , Est Remaining: 253.9
170 243.9 , Est Remaining: 252.5
171 245.3 , Est Remaining: 251.1
172 246.8 , Est Remaining: 249.7
173 248.3 , Est Remaining: 248.3
174 249.7 , Est Remaining: 246.8
175 251.2 , Est Remaining: 245.4
176 252.6 , Est Remaining: 244.0
177 254.1 , Est Remaining: 242.6
178 255.5 , Est Remaining: 241.2
179 257.0 , Est Remaining: 239.8
180 258.5 , Est Remaining: 238.4
181 259.9 , Est Remaining: 236.9
182 261.4 , Est Remaining: 235.5
183 262.8 , Est Remaining: 234.1
184 264.3 , Est Remaining: 232.7
185 265.7 , Est Remaining: 231.2
186 267.2 , Est Remaining: 229.8
187 268.6 , Est Remaining: 228.4
188 270.1 , Est Remaining: 227.0
189 271.5 , Est Remaining: 225.6
190 273.0 , Est Remaining: 224.2
191 274.5 , Est Remaining: 222.7
192 275.9 , Est Remaining: 221.3
193 277.4 , Est Remaining: 219.9
194 278.8 , Est Remaining: 218.5
195 280.3 , Est Remaining: 217.0
196 281.8 , Est Remaining: 215.6
197 283.2 , Est Remaining: 214.2
198 284.7 , Est Remaining: 212.8
199 286.2 , Est Remaining: 211.4
200 287.6 , Est Remaining: 210.0
EVENT FAILED
200 288.0 , Est Remaining: 210.2
201 289.4 , Est Remaining: 208.8
202 290.9 , Est Remaining: 207.4
203 292.4 , Est Remaining: 206.0
204 293.9 , Est Remaining: 204.6
205 295.3 , Est Remaining: 203.1
206 296.8 , Est Remaining: 201.7
207 298.3 , Est Remaining: 200.3
208 299.7 , Est Remaining: 198.9
209 301.2 , Est Remaining: 197.4
210 302.6 , Est Remaining: 196.0
211 304.1 , Est Remaining: 194.6
212 305.5 , Est Remaining: 193.1
213 307.0 , Est Remaining: 191.7
214 308.5 , Est Remaining: 190.3
215 309.9 , Est Remaining: 188.9
216 311.4 , Est Remaining: 187.4
217 312.9 , Est Remaining: 186.0
218 314.3 , Est Remaining: 184.6
219 315.8 , Est Remaining: 183.1
220 317.3 , Est Remaining: 181.7
221 318.7 , Est Remaining: 180.3
222 320.2 , Est Remaining: 178.8
223 321.6 , Est Remaining: 177.4
224 323.0 , Est Remaining: 175.9
225 324.5 , Est Remaining: 174.5
226 325.9 , Est Remaining: 173.1
227 327.4 , Est Remaining: 171.6
228 328.9 , Est Remaining: 170.2
229 330.3 , Est Remaining: 168.8
230 331.8 , Est Remaining: 167.4
231 333.3 , Est Remaining: 165.9
232 334.8 , Est Remaining: 164.5
233 336.2 , Est Remaining: 163.1
234 337.7 , Est Remaining: 161.6
235 339.1 , Est Remaining: 160.2
236 340.6 , Est Remaining: 158.7
237 342.0 , Est Remaining: 157.3
238 343.4 , Est Remaining: 155.8
239 344.9 , Est Remaining: 154.4
240 346.4 , Est Remaining: 153.0
241 347.8 , Est Remaining: 151.5
EVENT FAILED
241 348.1 , Est Remaining: 151.7
242 349.6 , Est Remaining: 150.2
243 351.0 , Est Remaining: 148.8
244 352.4 , Est Remaining: 147.3
245 353.9 , Est Remaining: 145.9
246 355.3 , Est Remaining: 144.4
247 356.7 , Est Remaining: 143.0
EVENT FAILED
247 357.0 , Est Remaining: 143.1
248 358.4 , Est Remaining: 141.6
249 359.9 , Est Remaining: 140.2
250 361.3 , Est Remaining: 138.7
251 362.6 , Est Remaining: 137.3
252 364.0 , Est Remaining: 135.8
253 365.5 , Est Remaining: 134.3
254 366.9 , Est Remaining: 132.9
255 368.3 , Est Remaining: 131.4
256 369.7 , Est Remaining: 130.0
257 371.1 , Est Remaining: 128.5
258 372.5 , Est Remaining: 127.0
259 373.9 , Est Remaining: 125.6
260 375.3 , Est Remaining: 124.1
261 376.7 , Est Remaining: 122.7
262 378.1 , Est Remaining: 121.2
263 379.5 , Est Remaining: 119.8
264 380.9 , Est Remaining: 118.3
265 382.3 , Est Remaining: 116.9
266 383.7 , Est Remaining: 115.4
267 385.1 , Est Remaining: 114.0
268 386.5 , Est Remaining: 112.5
269 388.0 , Est Remaining: 111.1
270 389.4 , Est Remaining: 109.6
271 390.8 , Est Remaining: 108.1
272 392.2 , Est Remaining: 106.7
273 393.6 , Est Remaining: 105.2
274 395.0 , Est Remaining: 103.8
275 396.4 , Est Remaining: 102.3
276 397.8 , Est Remaining: 100.9
277 399.2 , Est Remaining: 99.4
278 400.6 , Est Remaining: 98.0
279 402.0 , Est Remaining: 96.5
280 403.4 , Est Remaining: 95.1
281 404.8 , Est Remaining: 93.6
282 406.2 , Est Remaining: 92.2
283 407.6 , Est Remaining: 90.7
284 409.0 , Est Remaining: 89.3
285 410.4 , Est Remaining: 87.8
286 411.8 , Est Remaining: 86.4
287 413.2 , Est Remaining: 84.9
288 414.6 , Est Remaining: 83.5
289 416.0 , Est Remaining: 82.1
290 417.4 , Est Remaining: 80.6
291 418.8 , Est Remaining: 79.2
292 420.2 , Est Remaining: 77.7
293 421.6 , Est Remaining: 76.3
EVENT FAILED
293 421.9 , Est Remaining: 76.3
294 423.3 , Est Remaining: 74.9
295 424.7 , Est Remaining: 73.4
296 426.1 , Est Remaining: 72.0
297 427.5 , Est Remaining: 70.5
298 429.0 , Est Remaining: 69.1
299 430.4 , Est Remaining: 67.7
300 431.8 , Est Remaining: 66.2
301 433.2 , Est Remaining: 64.8
302 434.8 , Est Remaining: 63.4
303 436.2 , Est Remaining: 61.9
304 437.7 , Est Remaining: 60.5
305 439.1 , Est Remaining: 59.0
306 440.5 , Est Remaining: 57.6
307 442.0 , Est Remaining: 56.1
308 443.4 , Est Remaining: 54.7
309 444.9 , Est Remaining: 53.3
310 446.3 , Est Remaining: 51.8
311 447.8 , Est Remaining: 50.4
312 449.2 , Est Remaining: 49.0
313 450.6 , Est Remaining: 47.5
314 452.1 , Est Remaining: 46.1
315 453.5 , Est Remaining: 44.6
316 455.0 , Est Remaining: 43.2
317 456.5 , Est Remaining: 41.8
318 457.9 , Est Remaining: 40.3
319 459.4 , Est Remaining: 38.9
320 460.8 , Est Remaining: 37.4
EVENT FAILED
320 461.8 , Est Remaining: 37.5
321 463.3 , Est Remaining: 36.1
322 464.7 , Est Remaining: 34.6
323 466.1 , Est Remaining: 33.2
324 467.6 , Est Remaining: 31.7
325 469.0 , Est Remaining: 30.3
326 470.5 , Est Remaining: 28.9
327 471.9 , Est Remaining: 27.4
328 473.4 , Est Remaining: 26.0
329 474.9 , Est Remaining: 24.5
330 476.3 , Est Remaining: 23.1
331 477.8 , Est Remaining: 21.7
332 479.2 , Est Remaining: 20.2
333 480.7 , Est Remaining: 18.8
