Note: NumExpr detected 32 cores but "NUMEXPR_MAX_THREADS" not set, so enforcing safe limit of 8.
Using selector: EpollSelector
/n/home02/jhaefner/miniconda/envs/IC-3.7-2020-06-16/lib/python3.7/site-packages/scipy/optimize/minpack.py:808: OptimizeWarning: Covariance of the parameters could not be estimated
  category=OptimizeWarning)
Total rwfs: 346
0 0.0 , Est Remaining: 999999.9
1 1.5 , Est Remaining: 524.7
2 3.0 , Est Remaining: 515.4
3 4.5 , Est Remaining: 513.6
4 6.0 , Est Remaining: 510.2
5 7.4 , Est Remaining: 506.7
6 8.9 , Est Remaining: 504.7
7 10.4 , Est Remaining: 501.4
EVENT FAILED
7 10.7 , Est Remaining: 516.7
8 12.1 , Est Remaining: 512.2
9 13.5 , Est Remaining: 507.1
10 15.0 , Est Remaining: 503.9
11 16.5 , Est Remaining: 501.3
12 17.9 , Est Remaining: 498.3
13 19.3 , Est Remaining: 495.4
14 20.8 , Est Remaining: 492.4
15 22.2 , Est Remaining: 490.0
16 23.6 , Est Remaining: 487.5
17 25.1 , Est Remaining: 485.4
18 26.5 , Est Remaining: 483.3
19 28.0 , Est Remaining: 481.7
20 29.5 , Est Remaining: 480.1
21 30.9 , Est Remaining: 477.8
22 32.3 , Est Remaining: 475.2
23 33.7 , Est Remaining: 472.8
24 35.1 , Est Remaining: 470.5
25 36.5 , Est Remaining: 468.2
26 37.8 , Est Remaining: 465.8
27 39.2 , Est Remaining: 463.3
28 40.6 , Est Remaining: 460.9
29 41.9 , Est Remaining: 458.5
30 43.3 , Est Remaining: 456.3
EVENT FAILED
30 43.6 , Est Remaining: 459.4
31 44.9 , Est Remaining: 456.7
EVENT FAILED
31 45.2 , Est Remaining: 459.7
32 46.6 , Est Remaining: 457.0
33 47.9 , Est Remaining: 454.4
34 49.3 , Est Remaining: 452.0
35 50.6 , Est Remaining: 449.8
36 52.0 , Est Remaining: 447.5
37 53.3 , Est Remaining: 445.2
EVENT FAILED
37 53.6 , Est Remaining: 447.7
38 55.0 , Est Remaining: 445.5
39 56.3 , Est Remaining: 443.2
40 57.6 , Est Remaining: 441.0
41 59.0 , Est Remaining: 438.8
42 60.3 , Est Remaining: 436.6
43 61.7 , Est Remaining: 434.5
EVENT FAILED
43 62.0 , Est Remaining: 436.5
44 63.3 , Est Remaining: 434.3
45 64.6 , Est Remaining: 432.2
46 65.9 , Est Remaining: 430.1
47 67.3 , Est Remaining: 428.1
48 68.6 , Est Remaining: 426.0
49 70.0 , Est Remaining: 424.1
50 71.3 , Est Remaining: 422.0
51 72.6 , Est Remaining: 420.1
52 74.0 , Est Remaining: 418.4
53 75.3 , Est Remaining: 416.5
54 76.7 , Est Remaining: 414.6
55 78.0 , Est Remaining: 412.7
56 79.3 , Est Remaining: 410.9
57 80.7 , Est Remaining: 409.1
58 82.0 , Est Remaining: 407.3
59 83.4 , Est Remaining: 405.5
60 84.7 , Est Remaining: 403.8
61 86.1 , Est Remaining: 402.1
62 87.4 , Est Remaining: 400.4
63 88.8 , Est Remaining: 398.7
64 90.1 , Est Remaining: 397.0
65 91.4 , Est Remaining: 395.3
66 92.8 , Est Remaining: 393.6
67 94.1 , Est Remaining: 391.9
68 95.5 , Est Remaining: 390.3
69 96.8 , Est Remaining: 388.6
70 98.2 , Est Remaining: 387.0
71 99.5 , Est Remaining: 385.4
72 100.8 , Est Remaining: 383.7
73 102.2 , Est Remaining: 382.1
74 103.5 , Est Remaining: 380.5
75 104.9 , Est Remaining: 378.9
76 106.2 , Est Remaining: 377.4
77 107.6 , Est Remaining: 375.8
78 108.9 , Est Remaining: 374.3
79 110.3 , Est Remaining: 372.8
80 111.6 , Est Remaining: 371.2
81 113.0 , Est Remaining: 369.7
82 114.4 , Est Remaining: 368.2
83 115.7 , Est Remaining: 366.8
84 117.1 , Est Remaining: 365.3
85 118.5 , Est Remaining: 363.9
86 119.9 , Est Remaining: 362.5
87 121.3 , Est Remaining: 361.1
88 122.7 , Est Remaining: 359.7
89 124.1 , Est Remaining: 358.3
90 125.5 , Est Remaining: 356.9
91 126.9 , Est Remaining: 355.5
92 128.3 , Est Remaining: 354.2
93 129.7 , Est Remaining: 352.9
94 131.1 , Est Remaining: 351.6
95 132.6 , Est Remaining: 350.2
96 134.0 , Est Remaining: 348.9
97 135.4 , Est Remaining: 347.7
98 136.9 , Est Remaining: 346.4
99 138.3 , Est Remaining: 345.1
100 139.8 , Est Remaining: 343.9
101 141.2 , Est Remaining: 342.5
102 142.7 , Est Remaining: 341.3
EVENT FAILED
102 143.0 , Est Remaining: 342.0
103 144.5 , Est Remaining: 340.8
104 145.9 , Est Remaining: 339.5
105 147.3 , Est Remaining: 338.1
106 148.7 , Est Remaining: 336.8
107 150.2 , Est Remaining: 335.5
108 151.6 , Est Remaining: 334.2
109 153.1 , Est Remaining: 332.8
110 154.5 , Est Remaining: 331.5
111 156.0 , Est Remaining: 330.2
112 157.4 , Est Remaining: 328.8
113 158.9 , Est Remaining: 327.5
EVENT FAILED
113 159.2 , Est Remaining: 328.2
114 160.6 , Est Remaining: 326.9
115 162.1 , Est Remaining: 325.6
116 163.6 , Est Remaining: 324.3
117 165.0 , Est Remaining: 322.9
118 166.4 , Est Remaining: 321.6
119 167.9 , Est Remaining: 320.2
120 169.3 , Est Remaining: 318.9
121 170.8 , Est Remaining: 317.6
122 172.2 , Est Remaining: 316.2
123 173.7 , Est Remaining: 314.9
124 175.1 , Est Remaining: 313.6
125 176.6 , Est Remaining: 312.2
EVENT FAILED
125 176.9 , Est Remaining: 312.7
EVENT FAILED
125 177.2 , Est Remaining: 313.3
126 178.7 , Est Remaining: 311.9
127 180.1 , Est Remaining: 310.6
128 181.6 , Est Remaining: 309.2
129 183.0 , Est Remaining: 307.9
130 184.5 , Est Remaining: 306.5
131 186.0 , Est Remaining: 305.2
132 187.4 , Est Remaining: 303.8
133 188.9 , Est Remaining: 302.5
134 190.3 , Est Remaining: 301.1
135 191.8 , Est Remaining: 299.8
136 193.3 , Est Remaining: 298.4
137 194.7 , Est Remaining: 297.1
138 196.2 , Est Remaining: 295.7
139 197.7 , Est Remaining: 294.4
140 199.2 , Est Remaining: 293.1
141 200.6 , Est Remaining: 291.7
142 202.1 , Est Remaining: 290.3
143 203.5 , Est Remaining: 288.9
144 205.0 , Est Remaining: 287.5
145 206.4 , Est Remaining: 286.1
146 207.9 , Est Remaining: 284.7
147 209.3 , Est Remaining: 283.3
148 210.7 , Est Remaining: 281.9
149 212.2 , Est Remaining: 280.5
150 213.6 , Est Remaining: 279.1
151 215.1 , Est Remaining: 277.8
152 216.5 , Est Remaining: 276.4
153 218.0 , Est Remaining: 275.0
154 219.4 , Est Remaining: 273.6
155 220.9 , Est Remaining: 272.2
156 222.3 , Est Remaining: 270.8
157 223.8 , Est Remaining: 269.4
158 225.3 , Est Remaining: 268.0
159 226.8 , Est Remaining: 266.7
160 228.2 , Est Remaining: 265.3
161 229.7 , Est Remaining: 263.9
EVENT FAILED
161 230.0 , Est Remaining: 264.3
162 231.4 , Est Remaining: 262.8
163 232.9 , Est Remaining: 261.4
164 234.3 , Est Remaining: 260.0
165 235.8 , Est Remaining: 258.6
166 237.2 , Est Remaining: 257.2
167 238.7 , Est Remaining: 255.8
168 240.1 , Est Remaining: 254.4
169 241.6 , Est Remaining: 253.0
170 243.1 , Est Remaining: 251.6
171 244.5 , Est Remaining: 250.2
172 245.9 , Est Remaining: 248.8
173 247.4 , Est Remaining: 247.4
EVENT FAILED
173 248.4 , Est Remaining: 248.4
174 249.8 , Est Remaining: 247.0
175 251.3 , Est Remaining: 245.5
176 252.7 , Est Remaining: 244.1
177 254.2 , Est Remaining: 242.7
178 255.7 , Est Remaining: 241.3
179 257.2 , Est Remaining: 239.9
180 258.6 , Est Remaining: 238.5
181 260.1 , Est Remaining: 237.1
182 261.6 , Est Remaining: 235.7
183 263.1 , Est Remaining: 234.3
184 264.5 , Est Remaining: 232.9
185 266.0 , Est Remaining: 231.5
186 267.4 , Est Remaining: 230.0
187 268.9 , Est Remaining: 228.6
188 270.4 , Est Remaining: 227.2
189 271.8 , Est Remaining: 225.8
190 273.3 , Est Remaining: 224.4
191 274.8 , Est Remaining: 223.0
192 276.2 , Est Remaining: 221.6
193 277.7 , Est Remaining: 220.1
194 279.2 , Est Remaining: 218.7
195 280.7 , Est Remaining: 217.3
196 282.1 , Est Remaining: 215.9
197 283.6 , Est Remaining: 214.5
198 285.1 , Est Remaining: 213.1
199 286.5 , Est Remaining: 211.7
200 288.0 , Est Remaining: 210.3
201 289.5 , Est Remaining: 208.8
202 291.0 , Est Remaining: 207.5
203 292.5 , Est Remaining: 206.1
204 294.0 , Est Remaining: 204.6
205 295.5 , Est Remaining: 203.2
206 296.9 , Est Remaining: 201.8
207 298.4 , Est Remaining: 200.4
208 299.8 , Est Remaining: 198.9
209 301.3 , Est Remaining: 197.5
EVENT FAILED
209 301.6 , Est Remaining: 197.7
210 303.0 , Est Remaining: 196.2
211 304.5 , Est Remaining: 194.8
212 305.9 , Est Remaining: 193.4
213 307.4 , Est Remaining: 191.9
214 308.8 , Est Remaining: 190.5
215 310.2 , Est Remaining: 189.0
216 311.7 , Est Remaining: 187.6
217 313.2 , Est Remaining: 186.2
218 314.6 , Est Remaining: 184.7
219 316.0 , Est Remaining: 183.3
220 317.5 , Est Remaining: 181.8
221 318.9 , Est Remaining: 180.4
222 320.4 , Est Remaining: 179.0
223 321.8 , Est Remaining: 177.5
224 323.3 , Est Remaining: 176.1
225 324.8 , Est Remaining: 174.7
226 326.2 , Est Remaining: 173.2
227 327.7 , Est Remaining: 171.8
228 329.2 , Est Remaining: 170.4
229 330.7 , Est Remaining: 168.9
230 332.1 , Est Remaining: 167.5
231 333.5 , Est Remaining: 166.1
232 335.0 , Est Remaining: 164.6
233 336.4 , Est Remaining: 163.2
234 337.9 , Est Remaining: 161.7
235 339.3 , Est Remaining: 160.3
236 340.8 , Est Remaining: 158.8
237 342.2 , Est Remaining: 157.4
238 343.6 , Est Remaining: 155.9
239 345.1 , Est Remaining: 154.5
240 346.6 , Est Remaining: 153.1
241 348.0 , Est Remaining: 151.6
242 349.4 , Est Remaining: 150.2
243 350.9 , Est Remaining: 148.7
244 352.3 , Est Remaining: 147.3
245 353.8 , Est Remaining: 145.8
246 355.2 , Est Remaining: 144.4
247 356.7 , Est Remaining: 143.0
248 358.1 , Est Remaining: 141.5
249 359.6 , Est Remaining: 140.1
250 361.1 , Est Remaining: 138.6
251 362.5 , Est Remaining: 137.2
252 364.0 , Est Remaining: 135.8
253 365.4 , Est Remaining: 134.3
254 366.9 , Est Remaining: 132.9
255 368.4 , Est Remaining: 131.5
256 369.8 , Est Remaining: 130.0
257 371.3 , Est Remaining: 128.6
258 372.7 , Est Remaining: 127.1
259 374.2 , Est Remaining: 125.7
260 375.7 , Est Remaining: 124.3
261 377.1 , Est Remaining: 122.8
262 378.6 , Est Remaining: 121.4
263 380.0 , Est Remaining: 119.9
264 381.5 , Est Remaining: 118.5
265 382.9 , Est Remaining: 117.0
266 384.4 , Est Remaining: 115.6
267 385.9 , Est Remaining: 114.2
268 387.3 , Est Remaining: 112.7
269 388.8 , Est Remaining: 111.3
270 390.3 , Est Remaining: 109.9
271 391.7 , Est Remaining: 108.4
272 393.2 , Est Remaining: 107.0
273 394.6 , Est Remaining: 105.5
274 396.1 , Est Remaining: 104.1
275 397.6 , Est Remaining: 102.6
276 399.0 , Est Remaining: 101.2
277 400.5 , Est Remaining: 99.8
278 401.9 , Est Remaining: 98.3
279 403.4 , Est Remaining: 96.9
280 404.8 , Est Remaining: 95.4
281 406.3 , Est Remaining: 94.0
282 407.7 , Est Remaining: 92.5
283 409.2 , Est Remaining: 91.1
284 410.6 , Est Remaining: 89.6
285 412.1 , Est Remaining: 88.2
286 413.5 , Est Remaining: 86.8
287 415.0 , Est Remaining: 85.3
288 416.4 , Est Remaining: 83.9
289 417.8 , Est Remaining: 82.4
290 419.3 , Est Remaining: 81.0
291 420.7 , Est Remaining: 79.5
292 422.1 , Est Remaining: 78.1
293 423.6 , Est Remaining: 76.6
294 425.1 , Est Remaining: 75.2
295 426.5 , Est Remaining: 73.7
296 428.0 , Est Remaining: 72.3
297 429.4 , Est Remaining: 70.9
298 430.9 , Est Remaining: 69.4
299 432.4 , Est Remaining: 68.0
300 433.8 , Est Remaining: 66.5
301 435.3 , Est Remaining: 65.1
302 436.9 , Est Remaining: 63.7
303 438.4 , Est Remaining: 62.2
304 439.8 , Est Remaining: 60.8
305 441.3 , Est Remaining: 59.3
306 442.8 , Est Remaining: 57.9
307 444.2 , Est Remaining: 56.4
308 445.7 , Est Remaining: 55.0
309 447.1 , Est Remaining: 53.5
310 448.6 , Est Remaining: 52.1
311 450.0 , Est Remaining: 50.6
312 451.5 , Est Remaining: 49.2
313 452.9 , Est Remaining: 47.8
314 454.4 , Est Remaining: 46.3
315 455.8 , Est Remaining: 44.9
316 457.3 , Est Remaining: 43.4
317 458.8 , Est Remaining: 42.0
318 460.2 , Est Remaining: 40.5
319 461.7 , Est Remaining: 39.1
320 463.1 , Est Remaining: 37.6
321 464.6 , Est Remaining: 36.2
322 466.0 , Est Remaining: 34.7
323 467.4 , Est Remaining: 33.3
324 468.8 , Est Remaining: 31.8
325 470.3 , Est Remaining: 30.4
326 471.7 , Est Remaining: 28.9
327 473.1 , Est Remaining: 27.5
328 474.4 , Est Remaining: 26.0
329 475.8 , Est Remaining: 24.6
330 477.2 , Est Remaining: 23.1
331 478.6 , Est Remaining: 21.7
332 480.0 , Est Remaining: 20.2
333 481.5 , Est Remaining: 18.8
