Note: NumExpr detected 32 cores but "NUMEXPR_MAX_THREADS" not set, so enforcing safe limit of 8.
Using selector: EpollSelector
/n/home02/jhaefner/miniconda/envs/IC-3.7-2020-06-16/lib/python3.7/site-packages/scipy/optimize/minpack.py:808: OptimizeWarning: Covariance of the parameters could not be estimated
  category=OptimizeWarning)
Total rwfs: 346
0 0.0 , Est Remaining: 999999.9
1 1.4 , Est Remaining: 485.5
2 2.8 , Est Remaining: 484.4
3 4.3 , Est Remaining: 487.6
4 5.7 , Est Remaining: 483.4
5 7.0 , Est Remaining: 479.2
6 8.4 , Est Remaining: 476.9
7 9.8 , Est Remaining: 474.4
8 11.2 , Est Remaining: 473.0
9 12.6 , Est Remaining: 470.9
10 14.0 , Est Remaining: 469.9
EVENT FAILED
10 14.3 , Est Remaining: 480.3
11 15.7 , Est Remaining: 477.0
12 17.0 , Est Remaining: 474.1
13 18.4 , Est Remaining: 471.2
14 19.8 , Est Remaining: 468.7
15 21.1 , Est Remaining: 466.1
16 22.5 , Est Remaining: 464.0
17 23.9 , Est Remaining: 461.9
18 25.2 , Est Remaining: 459.8
19 26.6 , Est Remaining: 458.3
20 28.0 , Est Remaining: 456.7
21 29.4 , Est Remaining: 455.0
22 30.8 , Est Remaining: 453.3
23 32.1 , Est Remaining: 451.5
24 33.5 , Est Remaining: 449.9
25 34.9 , Est Remaining: 448.1
26 36.3 , Est Remaining: 446.7
27 37.7 , Est Remaining: 445.2
28 39.1 , Est Remaining: 443.7
29 40.5 , Est Remaining: 442.4
30 41.9 , Est Remaining: 441.1
31 43.3 , Est Remaining: 439.8
32 44.7 , Est Remaining: 438.4
33 46.1 , Est Remaining: 437.1
34 47.5 , Est Remaining: 435.8
35 48.9 , Est Remaining: 434.6
EVENT FAILED
35 49.2 , Est Remaining: 437.4
36 50.6 , Est Remaining: 436.1
37 52.1 , Est Remaining: 434.9
38 53.5 , Est Remaining: 433.7
39 54.9 , Est Remaining: 432.3
40 56.3 , Est Remaining: 430.9
41 57.7 , Est Remaining: 429.5
42 59.2 , Est Remaining: 428.2
43 60.6 , Est Remaining: 426.9
44 62.0 , Est Remaining: 425.5
45 63.4 , Est Remaining: 424.2
46 64.8 , Est Remaining: 422.8
47 66.2 , Est Remaining: 421.4
48 67.7 , Est Remaining: 420.0
49 69.1 , Est Remaining: 418.6
50 70.5 , Est Remaining: 417.3
EVENT FAILED
50 70.8 , Est Remaining: 419.1
51 72.2 , Est Remaining: 417.6
52 73.6 , Est Remaining: 416.1
53 75.0 , Est Remaining: 414.7
54 76.4 , Est Remaining: 413.3
55 77.8 , Est Remaining: 411.8
56 79.2 , Est Remaining: 410.3
57 80.6 , Est Remaining: 408.8
58 82.1 , Est Remaining: 407.5
59 83.5 , Est Remaining: 406.1
60 84.9 , Est Remaining: 404.8
61 86.3 , Est Remaining: 403.4
62 87.8 , Est Remaining: 402.0
63 89.2 , Est Remaining: 400.6
64 90.6 , Est Remaining: 399.2
65 92.0 , Est Remaining: 397.9
66 93.5 , Est Remaining: 396.5
67 94.9 , Est Remaining: 395.1
68 96.3 , Est Remaining: 393.7
69 97.8 , Est Remaining: 392.4
70 99.2 , Est Remaining: 391.1
71 100.6 , Est Remaining: 389.8
72 102.1 , Est Remaining: 388.4
73 103.5 , Est Remaining: 387.2
74 105.0 , Est Remaining: 385.9
75 106.5 , Est Remaining: 384.7
76 107.9 , Est Remaining: 383.4
77 109.4 , Est Remaining: 382.1
78 110.8 , Est Remaining: 380.8
79 112.3 , Est Remaining: 379.5
80 113.7 , Est Remaining: 378.2
81 115.2 , Est Remaining: 376.9
82 116.6 , Est Remaining: 375.6
EVENT FAILED
82 117.0 , Est Remaining: 376.5
83 118.4 , Est Remaining: 375.1
84 119.8 , Est Remaining: 373.8
85 121.3 , Est Remaining: 372.4
86 122.7 , Est Remaining: 371.0
87 124.1 , Est Remaining: 369.6
88 125.6 , Est Remaining: 368.2
89 127.0 , Est Remaining: 366.8
90 128.5 , Est Remaining: 365.4
91 129.9 , Est Remaining: 364.0
92 131.3 , Est Remaining: 362.6
93 132.8 , Est Remaining: 361.3
94 134.3 , Est Remaining: 359.9
95 135.7 , Est Remaining: 358.6
96 137.2 , Est Remaining: 357.2
EVENT FAILED
96 137.5 , Est Remaining: 358.0
97 138.9 , Est Remaining: 356.5
98 140.3 , Est Remaining: 355.1
99 141.8 , Est Remaining: 353.7
100 143.2 , Est Remaining: 352.3
101 144.7 , Est Remaining: 350.9
102 146.1 , Est Remaining: 349.5
103 147.6 , Est Remaining: 348.2
104 149.1 , Est Remaining: 346.8
105 150.5 , Est Remaining: 345.4
106 151.9 , Est Remaining: 344.0
107 153.4 , Est Remaining: 342.6
108 154.8 , Est Remaining: 341.2
109 156.3 , Est Remaining: 339.8
110 157.7 , Est Remaining: 338.4
EVENT FAILED
110 158.0 , Est Remaining: 339.0
111 159.4 , Est Remaining: 337.6
112 160.9 , Est Remaining: 336.1
113 162.3 , Est Remaining: 334.7
114 163.8 , Est Remaining: 333.3
115 165.2 , Est Remaining: 331.9
116 166.7 , Est Remaining: 330.5
117 168.1 , Est Remaining: 329.0
118 169.5 , Est Remaining: 327.6
119 171.0 , Est Remaining: 326.1
120 172.4 , Est Remaining: 324.7
121 173.9 , Est Remaining: 323.3
122 175.3 , Est Remaining: 321.9
123 176.7 , Est Remaining: 320.4
124 178.2 , Est Remaining: 319.0
125 179.6 , Est Remaining: 317.5
126 181.0 , Est Remaining: 316.1
127 182.5 , Est Remaining: 314.7
128 183.9 , Est Remaining: 313.2
129 185.4 , Est Remaining: 311.8
130 186.8 , Est Remaining: 310.4
131 188.3 , Est Remaining: 309.0
132 189.7 , Est Remaining: 307.6
133 191.2 , Est Remaining: 306.1
134 192.6 , Est Remaining: 304.7
135 194.1 , Est Remaining: 303.3
136 195.5 , Est Remaining: 301.9
137 197.0 , Est Remaining: 300.5
138 198.4 , Est Remaining: 299.1
139 199.8 , Est Remaining: 297.6
140 201.3 , Est Remaining: 296.2
141 202.7 , Est Remaining: 294.7
142 204.2 , Est Remaining: 293.3
143 205.6 , Est Remaining: 291.8
144 207.0 , Est Remaining: 290.4
145 208.4 , Est Remaining: 288.9
EVENT FAILED
145 208.8 , Est Remaining: 289.4
146 210.2 , Est Remaining: 287.9
147 211.6 , Est Remaining: 286.5
148 213.1 , Est Remaining: 285.1
149 214.5 , Est Remaining: 283.6
150 215.9 , Est Remaining: 282.2
151 217.4 , Est Remaining: 280.7
152 218.8 , Est Remaining: 279.2
153 220.2 , Est Remaining: 277.8
154 221.7 , Est Remaining: 276.3
155 223.1 , Est Remaining: 274.9
156 224.5 , Est Remaining: 273.4
157 225.9 , Est Remaining: 272.0
158 227.4 , Est Remaining: 270.5
EVENT FAILED
158 227.7 , Est Remaining: 270.9
159 229.1 , Est Remaining: 269.4
160 230.5 , Est Remaining: 268.0
161 232.0 , Est Remaining: 266.6
162 233.4 , Est Remaining: 265.1
163 234.9 , Est Remaining: 263.7
164 236.3 , Est Remaining: 262.2
165 237.7 , Est Remaining: 260.8
166 239.2 , Est Remaining: 259.3
167 240.6 , Est Remaining: 257.9
168 242.0 , Est Remaining: 256.4
169 243.5 , Est Remaining: 255.0
170 244.9 , Est Remaining: 253.5
171 246.3 , Est Remaining: 252.1
172 247.7 , Est Remaining: 250.6
173 249.2 , Est Remaining: 249.2
174 250.6 , Est Remaining: 247.7
175 252.0 , Est Remaining: 246.2
176 253.5 , Est Remaining: 244.8
177 254.9 , Est Remaining: 243.4
178 256.3 , Est Remaining: 241.9
179 257.7 , Est Remaining: 240.4
180 259.1 , Est Remaining: 239.0
181 260.6 , Est Remaining: 237.5
182 262.0 , Est Remaining: 236.1
183 263.5 , Est Remaining: 234.7
184 264.9 , Est Remaining: 233.2
185 266.4 , Est Remaining: 231.8
186 267.8 , Est Remaining: 230.4
187 269.3 , Est Remaining: 228.9
188 270.7 , Est Remaining: 227.5
189 272.2 , Est Remaining: 226.1
190 273.7 , Est Remaining: 224.7
191 275.1 , Est Remaining: 223.3
192 276.6 , Est Remaining: 221.8
193 278.0 , Est Remaining: 220.4
194 279.5 , Est Remaining: 219.0
195 281.0 , Est Remaining: 217.6
196 282.4 , Est Remaining: 216.1
197 283.9 , Est Remaining: 214.7
198 285.3 , Est Remaining: 213.3
199 286.8 , Est Remaining: 211.9
200 288.3 , Est Remaining: 210.4
201 289.7 , Est Remaining: 209.0
202 291.2 , Est Remaining: 207.6
203 292.7 , Est Remaining: 206.2
204 294.2 , Est Remaining: 204.8
205 295.7 , Est Remaining: 203.4
206 297.1 , Est Remaining: 201.9
207 298.5 , Est Remaining: 200.5
208 300.0 , Est Remaining: 199.0
209 301.4 , Est Remaining: 197.6
210 302.8 , Est Remaining: 196.1
211 304.2 , Est Remaining: 194.6
212 305.6 , Est Remaining: 193.2
213 307.1 , Est Remaining: 191.7
214 308.5 , Est Remaining: 190.3
215 309.9 , Est Remaining: 188.8
216 311.4 , Est Remaining: 187.4
217 312.8 , Est Remaining: 186.0
218 314.3 , Est Remaining: 184.5
219 315.7 , Est Remaining: 183.1
220 317.2 , Est Remaining: 181.7
221 318.6 , Est Remaining: 180.2
222 320.0 , Est Remaining: 178.7
223 321.5 , Est Remaining: 177.3
224 322.9 , Est Remaining: 175.9
225 324.3 , Est Remaining: 174.4
226 325.8 , Est Remaining: 173.0
227 327.2 , Est Remaining: 171.5
EVENT FAILED
227 327.5 , Est Remaining: 171.7
228 328.9 , Est Remaining: 170.2
229 330.4 , Est Remaining: 168.8
230 331.8 , Est Remaining: 167.4
231 333.3 , Est Remaining: 165.9
232 334.7 , Est Remaining: 164.5
233 336.1 , Est Remaining: 163.0
234 337.6 , Est Remaining: 161.6
235 339.0 , Est Remaining: 160.1
236 340.5 , Est Remaining: 158.7
237 341.9 , Est Remaining: 157.3
238 343.4 , Est Remaining: 155.8
239 344.8 , Est Remaining: 154.4
EVENT FAILED
239 345.2 , Est Remaining: 154.5
240 346.6 , Est Remaining: 153.1
241 348.1 , Est Remaining: 151.6
242 349.5 , Est Remaining: 150.2
243 351.0 , Est Remaining: 148.8
244 352.4 , Est Remaining: 147.3
245 353.8 , Est Remaining: 145.9
246 355.3 , Est Remaining: 144.4
247 356.7 , Est Remaining: 143.0
248 358.2 , Est Remaining: 141.5
249 359.6 , Est Remaining: 140.1
250 361.0 , Est Remaining: 138.6
251 362.5 , Est Remaining: 137.2
EVENT FAILED
251 362.8 , Est Remaining: 137.3
252 364.2 , Est Remaining: 135.9
253 365.7 , Est Remaining: 134.4
254 367.1 , Est Remaining: 133.0
255 368.5 , Est Remaining: 131.5
256 370.0 , Est Remaining: 130.1
257 371.4 , Est Remaining: 128.6
258 372.8 , Est Remaining: 127.2
EVENT FAILED
258 373.1 , Est Remaining: 127.3
259 374.6 , Est Remaining: 125.8
260 376.0 , Est Remaining: 124.4
261 377.4 , Est Remaining: 122.9
262 378.9 , Est Remaining: 121.5
263 380.3 , Est Remaining: 120.0
264 381.7 , Est Remaining: 118.6
265 383.1 , Est Remaining: 117.1
266 384.5 , Est Remaining: 115.6
267 385.9 , Est Remaining: 114.2
268 387.3 , Est Remaining: 112.7
269 388.7 , Est Remaining: 111.3
270 390.1 , Est Remaining: 109.8
271 391.5 , Est Remaining: 108.4
272 392.9 , Est Remaining: 106.9
273 394.3 , Est Remaining: 105.4
274 395.7 , Est Remaining: 104.0
275 397.1 , Est Remaining: 102.5
276 398.5 , Est Remaining: 101.1
277 400.0 , Est Remaining: 99.6
278 401.4 , Est Remaining: 98.2
279 402.8 , Est Remaining: 96.7
280 404.2 , Est Remaining: 95.3
281 405.6 , Est Remaining: 93.8
282 407.1 , Est Remaining: 92.4
283 408.5 , Est Remaining: 90.9
284 409.9 , Est Remaining: 89.5
285 411.3 , Est Remaining: 88.0
EVENT FAILED
285 411.6 , Est Remaining: 88.1
286 413.0 , Est Remaining: 86.6
287 414.4 , Est Remaining: 85.2
288 415.8 , Est Remaining: 83.7
289 417.2 , Est Remaining: 82.3
290 418.6 , Est Remaining: 80.8
291 420.0 , Est Remaining: 79.4
292 421.4 , Est Remaining: 77.9
293 422.8 , Est Remaining: 76.5
294 424.2 , Est Remaining: 75.0
295 425.6 , Est Remaining: 73.6
296 427.0 , Est Remaining: 72.1
297 428.4 , Est Remaining: 70.7
298 429.8 , Est Remaining: 69.2
299 431.1 , Est Remaining: 67.8
300 432.5 , Est Remaining: 66.3
301 433.9 , Est Remaining: 64.9
302 435.4 , Est Remaining: 63.4
303 436.8 , Est Remaining: 62.0
304 438.2 , Est Remaining: 60.5
305 439.6 , Est Remaining: 59.1
306 440.9 , Est Remaining: 57.6
307 442.3 , Est Remaining: 56.2
308 443.7 , Est Remaining: 54.7
309 445.1 , Est Remaining: 53.3
310 446.4 , Est Remaining: 51.8
311 447.8 , Est Remaining: 50.4
312 449.2 , Est Remaining: 48.9
313 450.5 , Est Remaining: 47.5
314 451.9 , Est Remaining: 46.1
315 453.2 , Est Remaining: 44.6
316 454.6 , Est Remaining: 43.2
317 456.0 , Est Remaining: 41.7
318 457.3 , Est Remaining: 40.3
319 458.7 , Est Remaining: 38.8
320 460.1 , Est Remaining: 37.4
321 461.4 , Est Remaining: 35.9
322 462.8 , Est Remaining: 34.5
323 464.2 , Est Remaining: 33.1
324 465.6 , Est Remaining: 31.6
EVENT FAILED
324 465.9 , Est Remaining: 31.6
325 467.2 , Est Remaining: 30.2
326 468.6 , Est Remaining: 28.7
EVENT FAILED
326 468.9 , Est Remaining: 28.8
327 470.3 , Est Remaining: 27.3
328 471.7 , Est Remaining: 25.9
329 473.1 , Est Remaining: 24.4
330 474.5 , Est Remaining: 23.0
