Note: NumExpr detected 32 cores but "NUMEXPR_MAX_THREADS" not set, so enforcing safe limit of 8.
Using selector: EpollSelector
/n/home02/jhaefner/miniconda/envs/IC-3.7-2020-06-16/lib/python3.7/site-packages/scipy/optimize/minpack.py:808: OptimizeWarning: Covariance of the parameters could not be estimated
  category=OptimizeWarning)
Total rwfs: 346
0 0.0 , Est Remaining: 999999.9
1 1.3 , Est Remaining: 458.1
2 2.7 , Est Remaining: 458.9
3 4.0 , Est Remaining: 460.5
4 5.3 , Est Remaining: 455.4
5 6.5 , Est Remaining: 444.9
EVENT FAILED
5 6.8 , Est Remaining: 467.1
6 8.2 , Est Remaining: 464.1
7 9.5 , Est Remaining: 459.7
8 10.8 , Est Remaining: 456.1
9 12.1 , Est Remaining: 452.9
10 13.4 , Est Remaining: 451.9
11 14.8 , Est Remaining: 449.9
12 16.1 , Est Remaining: 447.9
13 17.4 , Est Remaining: 445.6
14 18.7 , Est Remaining: 443.8
15 20.0 , Est Remaining: 441.6
16 21.3 , Est Remaining: 439.6
17 22.6 , Est Remaining: 437.8
18 24.0 , Est Remaining: 436.5
19 25.3 , Est Remaining: 435.1
20 26.6 , Est Remaining: 433.7
21 27.9 , Est Remaining: 432.2
22 29.2 , Est Remaining: 430.6
23 30.6 , Est Remaining: 429.1
24 31.9 , Est Remaining: 427.9
25 33.2 , Est Remaining: 426.4
26 34.5 , Est Remaining: 425.1
27 35.9 , Est Remaining: 423.9
28 37.2 , Est Remaining: 422.5
29 38.5 , Est Remaining: 421.2
30 39.9 , Est Remaining: 419.8
31 41.2 , Est Remaining: 418.4
32 42.5 , Est Remaining: 417.1
33 43.8 , Est Remaining: 415.9
34 45.2 , Est Remaining: 414.4
35 46.5 , Est Remaining: 413.1
36 47.8 , Est Remaining: 411.7
37 49.2 , Est Remaining: 410.5
38 50.5 , Est Remaining: 409.3
39 51.8 , Est Remaining: 408.0
40 53.2 , Est Remaining: 406.7
41 54.5 , Est Remaining: 405.6
42 55.9 , Est Remaining: 404.3
43 57.2 , Est Remaining: 403.2
44 58.6 , Est Remaining: 401.9
45 59.9 , Est Remaining: 400.6
46 61.3 , Est Remaining: 399.5
47 62.6 , Est Remaining: 398.3
48 64.0 , Est Remaining: 397.0
49 65.3 , Est Remaining: 395.7
50 66.6 , Est Remaining: 394.6
51 68.0 , Est Remaining: 393.3
52 69.3 , Est Remaining: 392.1
53 70.7 , Est Remaining: 390.8
54 72.1 , Est Remaining: 389.6
55 73.4 , Est Remaining: 388.4
56 74.8 , Est Remaining: 387.2
57 76.1 , Est Remaining: 385.9
58 77.5 , Est Remaining: 384.7
59 78.8 , Est Remaining: 383.4
60 80.2 , Est Remaining: 382.1
61 81.5 , Est Remaining: 380.9
62 82.9 , Est Remaining: 379.6
63 84.2 , Est Remaining: 378.3
64 85.6 , Est Remaining: 377.0
65 86.9 , Est Remaining: 375.8
66 88.3 , Est Remaining: 374.5
67 89.6 , Est Remaining: 373.2
68 91.0 , Est Remaining: 372.0
69 92.3 , Est Remaining: 370.7
70 93.7 , Est Remaining: 369.5
71 95.1 , Est Remaining: 368.3
EVENT FAILED
71 95.4 , Est Remaining: 369.5
72 96.8 , Est Remaining: 368.2
73 98.1 , Est Remaining: 366.9
74 99.4 , Est Remaining: 365.4
75 100.8 , Est Remaining: 364.1
76 102.1 , Est Remaining: 362.8
77 103.5 , Est Remaining: 361.5
78 104.8 , Est Remaining: 360.2
79 106.2 , Est Remaining: 358.9
80 107.5 , Est Remaining: 357.6
81 108.9 , Est Remaining: 356.3
82 110.2 , Est Remaining: 354.9
83 111.6 , Est Remaining: 353.6
84 113.0 , Est Remaining: 352.3
85 114.3 , Est Remaining: 351.0
86 115.7 , Est Remaining: 349.7
87 117.0 , Est Remaining: 348.4
88 118.4 , Est Remaining: 347.1
89 119.7 , Est Remaining: 345.7
90 121.1 , Est Remaining: 344.4
91 122.4 , Est Remaining: 343.1
92 123.8 , Est Remaining: 341.7
93 125.1 , Est Remaining: 340.4
94 126.5 , Est Remaining: 339.1
95 127.8 , Est Remaining: 337.7
96 129.2 , Est Remaining: 336.4
97 130.5 , Est Remaining: 335.0
98 131.9 , Est Remaining: 333.7
99 133.2 , Est Remaining: 332.3
100 134.5 , Est Remaining: 331.0
101 135.9 , Est Remaining: 329.6
102 137.3 , Est Remaining: 328.3
103 138.7 , Est Remaining: 327.1
104 140.0 , Est Remaining: 325.8
105 141.4 , Est Remaining: 324.4
106 142.7 , Est Remaining: 323.1
107 144.0 , Est Remaining: 321.7
108 145.4 , Est Remaining: 320.4
109 146.8 , Est Remaining: 319.1
110 148.1 , Est Remaining: 317.8
111 149.5 , Est Remaining: 316.4
112 150.8 , Est Remaining: 315.1
113 152.2 , Est Remaining: 313.7
114 153.5 , Est Remaining: 312.4
EVENT FAILED
114 153.8 , Est Remaining: 313.1
115 155.2 , Est Remaining: 311.7
116 156.5 , Est Remaining: 310.4
117 157.9 , Est Remaining: 309.0
118 159.2 , Est Remaining: 307.6
119 160.5 , Est Remaining: 306.3
120 161.9 , Est Remaining: 304.9
121 163.2 , Est Remaining: 303.5
EVENT FAILED
121 163.5 , Est Remaining: 304.0
122 164.9 , Est Remaining: 302.7
123 166.2 , Est Remaining: 301.3
124 167.5 , Est Remaining: 300.0
125 168.9 , Est Remaining: 298.6
126 170.2 , Est Remaining: 297.1
EVENT FAILED
126 170.5 , Est Remaining: 297.6
127 171.8 , Est Remaining: 296.3
128 173.2 , Est Remaining: 294.9
129 174.5 , Est Remaining: 293.6
130 175.9 , Est Remaining: 292.2
131 177.2 , Est Remaining: 290.8
132 178.5 , Est Remaining: 289.5
133 179.9 , Est Remaining: 288.1
134 181.2 , Est Remaining: 286.7
135 182.6 , Est Remaining: 285.4
136 184.0 , Est Remaining: 284.0
137 185.3 , Est Remaining: 282.7
138 186.6 , Est Remaining: 281.3
139 188.0 , Est Remaining: 280.0
EVENT FAILED
139 188.3 , Est Remaining: 280.4
140 189.6 , Est Remaining: 279.0
141 191.0 , Est Remaining: 277.7
142 192.3 , Est Remaining: 276.3
EVENT FAILED
142 192.6 , Est Remaining: 276.7
143 194.0 , Est Remaining: 275.4
144 195.4 , Est Remaining: 274.0
145 196.7 , Est Remaining: 272.7
146 198.1 , Est Remaining: 271.3
147 199.4 , Est Remaining: 270.0
148 200.8 , Est Remaining: 268.6
149 202.2 , Est Remaining: 267.3
150 203.5 , Est Remaining: 265.9
151 204.9 , Est Remaining: 264.6
152 206.2 , Est Remaining: 263.2
153 207.6 , Est Remaining: 261.9
154 208.9 , Est Remaining: 260.5
155 210.3 , Est Remaining: 259.1
156 211.6 , Est Remaining: 257.7
157 213.0 , Est Remaining: 256.4
158 214.4 , Est Remaining: 255.1
159 215.7 , Est Remaining: 253.7
160 217.0 , Est Remaining: 252.3
161 218.4 , Est Remaining: 250.9
162 219.7 , Est Remaining: 249.6
163 221.1 , Est Remaining: 248.2
164 222.4 , Est Remaining: 246.8
165 223.8 , Est Remaining: 245.5
166 225.1 , Est Remaining: 244.1
167 226.5 , Est Remaining: 242.7
168 227.8 , Est Remaining: 241.4
169 229.1 , Est Remaining: 240.0
170 230.5 , Est Remaining: 238.6
171 231.8 , Est Remaining: 237.2
172 233.2 , Est Remaining: 235.9
173 234.5 , Est Remaining: 234.5
174 235.8 , Est Remaining: 233.1
175 237.2 , Est Remaining: 231.8
176 238.5 , Est Remaining: 230.4
177 239.9 , Est Remaining: 229.0
178 241.2 , Est Remaining: 227.7
179 242.6 , Est Remaining: 226.3
180 243.9 , Est Remaining: 224.9
181 245.2 , Est Remaining: 223.6
182 246.6 , Est Remaining: 222.2
183 247.9 , Est Remaining: 220.8
184 249.3 , Est Remaining: 219.5
185 250.6 , Est Remaining: 218.1
186 252.0 , Est Remaining: 216.8
187 253.3 , Est Remaining: 215.4
188 254.7 , Est Remaining: 214.0
189 256.0 , Est Remaining: 212.7
EVENT FAILED
189 256.3 , Est Remaining: 212.9
190 257.7 , Est Remaining: 211.5
191 259.0 , Est Remaining: 210.2
192 260.3 , Est Remaining: 208.8
193 261.7 , Est Remaining: 207.5
194 263.0 , Est Remaining: 206.1
195 264.4 , Est Remaining: 204.7
196 265.7 , Est Remaining: 203.3
197 267.0 , Est Remaining: 202.0
198 268.4 , Est Remaining: 200.6
199 269.7 , Est Remaining: 199.2
200 271.0 , Est Remaining: 197.9
201 272.4 , Est Remaining: 196.5
202 273.7 , Est Remaining: 195.1
203 275.2 , Est Remaining: 193.9
204 276.6 , Est Remaining: 192.5
205 277.9 , Est Remaining: 191.1
206 279.2 , Est Remaining: 189.8
207 280.6 , Est Remaining: 188.4
208 281.9 , Est Remaining: 187.0
209 283.3 , Est Remaining: 185.7
210 284.6 , Est Remaining: 184.3
211 285.9 , Est Remaining: 183.0
212 287.3 , Est Remaining: 181.6
EVENT FAILED
212 287.6 , Est Remaining: 181.8
213 288.9 , Est Remaining: 180.4
214 290.3 , Est Remaining: 179.1
215 291.6 , Est Remaining: 177.7
216 293.0 , Est Remaining: 176.3
217 294.3 , Est Remaining: 174.9
218 295.6 , Est Remaining: 173.6
219 297.0 , Est Remaining: 172.2
220 298.3 , Est Remaining: 170.8
221 299.6 , Est Remaining: 169.5
222 301.0 , Est Remaining: 168.1
223 302.3 , Est Remaining: 166.8
224 303.7 , Est Remaining: 165.4
EVENT FAILED
224 304.0 , Est Remaining: 165.6
225 305.3 , Est Remaining: 164.2
226 306.7 , Est Remaining: 162.8
227 308.0 , Est Remaining: 161.5
228 309.4 , Est Remaining: 160.1
229 310.8 , Est Remaining: 158.8
230 312.1 , Est Remaining: 157.4
231 313.4 , Est Remaining: 156.0
232 314.8 , Est Remaining: 154.7
233 316.1 , Est Remaining: 153.3
234 317.5 , Est Remaining: 151.9
235 318.8 , Est Remaining: 150.6
236 320.1 , Est Remaining: 149.2
237 321.5 , Est Remaining: 147.9
238 322.8 , Est Remaining: 146.5
239 324.2 , Est Remaining: 145.1
240 325.5 , Est Remaining: 143.8
241 326.9 , Est Remaining: 142.4
242 328.2 , Est Remaining: 141.0
EVENT FAILED
242 328.5 , Est Remaining: 141.2
243 329.8 , Est Remaining: 139.8
244 331.2 , Est Remaining: 138.4
245 332.5 , Est Remaining: 137.1
246 333.9 , Est Remaining: 135.7
247 335.2 , Est Remaining: 134.4
248 336.6 , Est Remaining: 133.0
249 337.9 , Est Remaining: 131.6
250 339.2 , Est Remaining: 130.3
251 340.6 , Est Remaining: 128.9
252 341.9 , Est Remaining: 127.5
253 343.2 , Est Remaining: 126.2
254 344.6 , Est Remaining: 124.8
255 345.9 , Est Remaining: 123.5
256 347.3 , Est Remaining: 122.1
257 348.6 , Est Remaining: 120.7
258 350.0 , Est Remaining: 119.4
259 351.4 , Est Remaining: 118.0
260 352.7 , Est Remaining: 116.7
261 354.0 , Est Remaining: 115.3
262 355.4 , Est Remaining: 113.9
263 356.7 , Est Remaining: 112.6
264 358.1 , Est Remaining: 111.2
265 359.5 , Est Remaining: 109.9
266 360.8 , Est Remaining: 108.5
267 362.2 , Est Remaining: 107.2
268 363.5 , Est Remaining: 105.8
269 364.9 , Est Remaining: 104.4
270 366.2 , Est Remaining: 103.1
271 367.6 , Est Remaining: 101.7
272 368.9 , Est Remaining: 100.4
273 370.3 , Est Remaining: 99.0
274 371.6 , Est Remaining: 97.6
275 373.0 , Est Remaining: 96.3
276 374.3 , Est Remaining: 94.9
277 375.7 , Est Remaining: 93.6
EVENT FAILED
277 376.0 , Est Remaining: 93.7
278 377.3 , Est Remaining: 92.3
279 378.7 , Est Remaining: 90.9
280 380.0 , Est Remaining: 89.6
281 381.4 , Est Remaining: 88.2
282 382.7 , Est Remaining: 86.9
283 384.1 , Est Remaining: 85.5
284 385.4 , Est Remaining: 84.1
285 386.8 , Est Remaining: 82.8
286 388.1 , Est Remaining: 81.4
287 389.4 , Est Remaining: 80.1
288 390.8 , Est Remaining: 78.7
289 392.2 , Est Remaining: 77.3
290 393.5 , Est Remaining: 76.0
291 394.9 , Est Remaining: 74.6
292 396.2 , Est Remaining: 73.3
293 397.5 , Est Remaining: 71.9
294 398.9 , Est Remaining: 70.5
295 400.1 , Est Remaining: 69.2
296 401.5 , Est Remaining: 67.8
297 402.8 , Est Remaining: 66.5
298 404.1 , Est Remaining: 65.1
299 405.5 , Est Remaining: 63.7
300 406.8 , Est Remaining: 62.4
301 408.2 , Est Remaining: 61.0
302 409.6 , Est Remaining: 59.7
303 411.0 , Est Remaining: 58.3
304 412.3 , Est Remaining: 57.0
305 413.6 , Est Remaining: 55.6
306 415.0 , Est Remaining: 54.2
307 416.3 , Est Remaining: 52.9
308 417.7 , Est Remaining: 51.5
309 419.0 , Est Remaining: 50.2
310 420.4 , Est Remaining: 48.8
311 421.7 , Est Remaining: 47.5
312 423.1 , Est Remaining: 46.1
313 424.4 , Est Remaining: 44.7
314 425.7 , Est Remaining: 43.4
315 427.1 , Est Remaining: 42.0
316 428.4 , Est Remaining: 40.7
317 429.8 , Est Remaining: 39.3
318 431.1 , Est Remaining: 38.0
319 432.5 , Est Remaining: 36.6
320 433.8 , Est Remaining: 35.2
321 435.1 , Est Remaining: 33.9
322 436.5 , Est Remaining: 32.5
323 437.8 , Est Remaining: 31.2
324 439.2 , Est Remaining: 29.8
325 440.5 , Est Remaining: 28.5
326 441.8 , Est Remaining: 27.1
327 443.1 , Est Remaining: 25.7
328 444.5 , Est Remaining: 24.4
329 445.8 , Est Remaining: 23.0
330 447.1 , Est Remaining: 21.7
331 448.4 , Est Remaining: 20.3
332 449.7 , Est Remaining: 19.0
333 451.0 , Est Remaining: 17.6
