Note: NumExpr detected 32 cores but "NUMEXPR_MAX_THREADS" not set, so enforcing safe limit of 8.
Using selector: EpollSelector
/n/home02/jhaefner/miniconda/envs/IC-3.7-2020-06-16/lib/python3.7/site-packages/scipy/optimize/minpack.py:808: OptimizeWarning: Covariance of the parameters could not be estimated
  category=OptimizeWarning)
Total rwfs: 346
0 0.0 , Est Remaining: 999999.9
1 1.5 , Est Remaining: 516.7
2 3.0 , Est Remaining: 514.2
3 4.5 , Est Remaining: 514.0
4 6.0 , Est Remaining: 508.8
5 7.4 , Est Remaining: 505.7
6 8.8 , Est Remaining: 501.4
7 10.3 , Est Remaining: 498.5
8 11.7 , Est Remaining: 495.5
9 13.2 , Est Remaining: 493.1
10 14.6 , Est Remaining: 491.6
EVENT FAILED
10 15.0 , Est Remaining: 502.5
11 16.4 , Est Remaining: 500.1
12 17.9 , Est Remaining: 497.5
13 19.3 , Est Remaining: 495.0
14 20.8 , Est Remaining: 492.7
15 22.2 , Est Remaining: 490.5
16 23.7 , Est Remaining: 488.4
17 25.2 , Est Remaining: 487.1
18 26.6 , Est Remaining: 485.3
19 28.1 , Est Remaining: 483.6
20 29.6 , Est Remaining: 482.2
21 31.0 , Est Remaining: 480.4
22 32.5 , Est Remaining: 478.8
23 34.0 , Est Remaining: 477.0
24 35.4 , Est Remaining: 475.2
25 36.9 , Est Remaining: 473.4
26 38.4 , Est Remaining: 473.2
27 39.9 , Est Remaining: 471.5
28 41.3 , Est Remaining: 469.6
29 42.8 , Est Remaining: 468.0
EVENT FAILED
29 43.1 , Est Remaining: 471.2
EVENT FAILED
29 43.4 , Est Remaining: 474.6
30 44.8 , Est Remaining: 472.3
31 46.3 , Est Remaining: 470.1
32 47.7 , Est Remaining: 468.0
33 49.1 , Est Remaining: 466.2
34 50.6 , Est Remaining: 464.4
35 52.1 , Est Remaining: 462.5
36 53.5 , Est Remaining: 460.8
37 55.0 , Est Remaining: 459.0
38 56.4 , Est Remaining: 457.2
39 57.9 , Est Remaining: 455.4
40 59.3 , Est Remaining: 453.7
41 60.8 , Est Remaining: 452.0
42 62.2 , Est Remaining: 450.3
43 63.7 , Est Remaining: 448.6
44 65.1 , Est Remaining: 447.0
45 66.6 , Est Remaining: 445.2
46 68.0 , Est Remaining: 443.5
47 69.4 , Est Remaining: 441.8
48 70.9 , Est Remaining: 440.1
49 72.3 , Est Remaining: 438.4
50 73.8 , Est Remaining: 436.7
51 75.2 , Est Remaining: 435.0
52 76.6 , Est Remaining: 433.3
53 78.1 , Est Remaining: 431.7
54 79.5 , Est Remaining: 429.9
55 80.9 , Est Remaining: 428.3
56 82.4 , Est Remaining: 426.5
57 83.8 , Est Remaining: 424.7
58 85.2 , Est Remaining: 423.0
59 86.6 , Est Remaining: 421.2
60 88.0 , Est Remaining: 419.5
61 89.4 , Est Remaining: 417.8
62 90.9 , Est Remaining: 416.2
63 92.3 , Est Remaining: 414.5
64 93.7 , Est Remaining: 412.9
65 95.2 , Est Remaining: 411.4
66 96.6 , Est Remaining: 409.8
67 98.0 , Est Remaining: 408.3
68 99.5 , Est Remaining: 406.8
69 100.9 , Est Remaining: 405.2
EVENT FAILED
69 101.7 , Est Remaining: 408.2
70 103.1 , Est Remaining: 406.6
71 104.6 , Est Remaining: 405.0
72 106.0 , Est Remaining: 403.3
73 107.4 , Est Remaining: 401.5
74 108.8 , Est Remaining: 399.9
75 110.2 , Est Remaining: 398.3
76 111.7 , Est Remaining: 396.7
77 113.1 , Est Remaining: 395.2
78 114.5 , Est Remaining: 393.6
79 116.0 , Est Remaining: 392.1
80 117.5 , Est Remaining: 390.5
81 118.9 , Est Remaining: 389.0
82 120.4 , Est Remaining: 387.5
83 121.8 , Est Remaining: 386.0
84 123.2 , Est Remaining: 384.4
85 124.7 , Est Remaining: 382.9
86 126.1 , Est Remaining: 381.3
87 127.6 , Est Remaining: 379.8
88 129.0 , Est Remaining: 378.2
89 130.4 , Est Remaining: 376.7
90 131.9 , Est Remaining: 375.1
91 133.3 , Est Remaining: 373.5
EVENT FAILED
91 133.6 , Est Remaining: 374.4
92 135.0 , Est Remaining: 372.9
93 136.5 , Est Remaining: 371.3
94 137.9 , Est Remaining: 369.7
95 139.3 , Est Remaining: 368.2
96 140.8 , Est Remaining: 366.6
97 142.2 , Est Remaining: 365.1
EVENT FAILED
97 142.5 , Est Remaining: 365.8
98 144.0 , Est Remaining: 364.3
99 145.4 , Est Remaining: 362.8
100 146.8 , Est Remaining: 361.2
101 148.3 , Est Remaining: 359.7
102 149.8 , Est Remaining: 358.3
103 151.2 , Est Remaining: 356.8
104 152.7 , Est Remaining: 355.3
105 154.1 , Est Remaining: 353.7
106 155.5 , Est Remaining: 352.2
107 157.0 , Est Remaining: 350.7
108 158.4 , Est Remaining: 349.1
109 159.9 , Est Remaining: 347.6
110 161.3 , Est Remaining: 346.0
111 162.7 , Est Remaining: 344.5
EVENT FAILED
111 163.0 , Est Remaining: 345.1
112 164.5 , Est Remaining: 343.6
113 165.9 , Est Remaining: 342.0
114 167.3 , Est Remaining: 340.5
115 168.8 , Est Remaining: 339.0
116 170.2 , Est Remaining: 337.4
117 171.6 , Est Remaining: 335.9
118 173.1 , Est Remaining: 334.4
119 174.5 , Est Remaining: 332.9
120 176.0 , Est Remaining: 331.4
121 177.4 , Est Remaining: 329.9
122 178.9 , Est Remaining: 328.4
123 180.3 , Est Remaining: 326.9
124 181.7 , Est Remaining: 325.3
125 183.1 , Est Remaining: 323.8
126 184.5 , Est Remaining: 322.2
127 185.9 , Est Remaining: 320.6
128 187.4 , Est Remaining: 319.1
EVENT FAILED
128 187.7 , Est Remaining: 319.7
129 189.1 , Est Remaining: 318.1
130 190.6 , Est Remaining: 316.6
131 192.0 , Est Remaining: 315.1
132 193.4 , Est Remaining: 313.5
EVENT FAILED
132 193.7 , Est Remaining: 314.0
133 195.1 , Est Remaining: 312.5
134 196.6 , Est Remaining: 311.0
135 198.0 , Est Remaining: 309.5
136 199.4 , Est Remaining: 308.0
137 200.8 , Est Remaining: 306.4
138 202.3 , Est Remaining: 304.9
139 203.7 , Est Remaining: 303.3
140 205.1 , Est Remaining: 301.8
141 206.5 , Est Remaining: 300.2
142 207.9 , Est Remaining: 298.7
143 209.3 , Est Remaining: 297.1
EVENT FAILED
143 209.6 , Est Remaining: 297.5
144 211.0 , Est Remaining: 296.0
145 212.4 , Est Remaining: 294.5
146 213.8 , Est Remaining: 292.9
147 215.2 , Est Remaining: 291.4
148 216.6 , Est Remaining: 289.8
149 218.0 , Est Remaining: 288.3
150 219.4 , Est Remaining: 286.7
151 220.8 , Est Remaining: 285.2
152 222.2 , Est Remaining: 283.6
153 223.6 , Est Remaining: 282.1
154 225.0 , Est Remaining: 280.6
155 226.4 , Est Remaining: 279.0
156 227.8 , Est Remaining: 277.5
157 229.2 , Est Remaining: 276.0
158 230.6 , Est Remaining: 274.4
159 232.0 , Est Remaining: 272.8
160 233.4 , Est Remaining: 271.3
161 234.8 , Est Remaining: 269.8
162 236.2 , Est Remaining: 268.3
163 237.6 , Est Remaining: 266.7
164 239.0 , Est Remaining: 265.2
165 240.4 , Est Remaining: 263.7
166 241.8 , Est Remaining: 262.2
167 243.2 , Est Remaining: 260.7
168 244.6 , Est Remaining: 259.2
169 246.0 , Est Remaining: 257.7
170 247.4 , Est Remaining: 256.2
171 248.8 , Est Remaining: 254.7
172 250.2 , Est Remaining: 253.1
173 251.6 , Est Remaining: 251.6
174 253.0 , Est Remaining: 250.1
175 254.4 , Est Remaining: 248.6
176 255.9 , Est Remaining: 247.1
177 257.2 , Est Remaining: 245.6
178 258.6 , Est Remaining: 244.1
179 260.0 , Est Remaining: 242.6
180 261.4 , Est Remaining: 241.1
181 262.8 , Est Remaining: 239.6
182 264.2 , Est Remaining: 238.1
183 265.6 , Est Remaining: 236.6
184 267.0 , Est Remaining: 235.0
185 268.3 , Est Remaining: 233.5
186 269.7 , Est Remaining: 232.0
187 271.1 , Est Remaining: 230.5
188 272.4 , Est Remaining: 229.0
189 273.8 , Est Remaining: 227.4
190 275.2 , Est Remaining: 225.9
191 276.5 , Est Remaining: 224.4
192 277.9 , Est Remaining: 222.9
193 279.3 , Est Remaining: 221.4
194 280.6 , Est Remaining: 219.9
195 282.0 , Est Remaining: 218.4
196 283.3 , Est Remaining: 216.8
197 284.7 , Est Remaining: 215.3
198 286.0 , Est Remaining: 213.8
199 287.4 , Est Remaining: 212.3
200 288.7 , Est Remaining: 210.8
201 290.1 , Est Remaining: 209.3
202 291.6 , Est Remaining: 207.9
203 292.9 , Est Remaining: 206.4
204 294.3 , Est Remaining: 204.9
205 295.7 , Est Remaining: 203.4
206 297.0 , Est Remaining: 201.9
207 298.4 , Est Remaining: 200.4
208 299.8 , Est Remaining: 198.9
209 301.2 , Est Remaining: 197.4
210 302.6 , Est Remaining: 195.9
211 304.0 , Est Remaining: 194.5
212 305.3 , Est Remaining: 193.0
213 306.7 , Est Remaining: 191.5
214 308.1 , Est Remaining: 190.0
215 309.5 , Est Remaining: 188.6
216 310.9 , Est Remaining: 187.1
217 312.2 , Est Remaining: 185.6
218 313.6 , Est Remaining: 184.2
219 315.0 , Est Remaining: 182.7
220 316.4 , Est Remaining: 181.2
221 317.8 , Est Remaining: 179.7
222 319.1 , Est Remaining: 178.3
223 320.5 , Est Remaining: 176.8
224 321.9 , Est Remaining: 175.3
225 323.3 , Est Remaining: 173.9
226 324.7 , Est Remaining: 172.4
227 326.1 , Est Remaining: 170.9
228 327.5 , Est Remaining: 169.5
229 328.8 , Est Remaining: 168.0
230 330.2 , Est Remaining: 166.6
231 331.6 , Est Remaining: 165.1
232 333.0 , Est Remaining: 163.6
EVENT FAILED
232 333.3 , Est Remaining: 163.8
233 334.7 , Est Remaining: 162.3
234 336.1 , Est Remaining: 160.9
235 337.5 , Est Remaining: 159.4
236 338.9 , Est Remaining: 158.0
237 340.3 , Est Remaining: 156.5
238 341.7 , Est Remaining: 155.0
239 343.1 , Est Remaining: 153.6
240 344.4 , Est Remaining: 152.1
241 345.8 , Est Remaining: 150.7
242 347.2 , Est Remaining: 149.2
243 348.6 , Est Remaining: 147.8
244 350.0 , Est Remaining: 146.3
245 351.4 , Est Remaining: 144.9
246 352.8 , Est Remaining: 143.4
247 354.2 , Est Remaining: 142.0
248 355.6 , Est Remaining: 140.5
EVENT FAILED
248 355.9 , Est Remaining: 140.6
249 357.3 , Est Remaining: 139.2
250 358.7 , Est Remaining: 137.7
251 360.1 , Est Remaining: 136.3
252 361.5 , Est Remaining: 134.9
253 362.9 , Est Remaining: 133.4
EVENT FAILED
253 363.2 , Est Remaining: 133.5
254 364.6 , Est Remaining: 132.1
255 366.1 , Est Remaining: 130.6
256 367.5 , Est Remaining: 129.2
EVENT FAILED
256 367.8 , Est Remaining: 129.3
257 369.2 , Est Remaining: 127.9
258 370.7 , Est Remaining: 126.4
259 372.1 , Est Remaining: 125.0
260 373.5 , Est Remaining: 123.6
261 375.0 , Est Remaining: 122.1
262 376.3 , Est Remaining: 120.6
263 377.7 , Est Remaining: 119.2
264 379.2 , Est Remaining: 117.8
265 380.6 , Est Remaining: 116.3
266 382.0 , Est Remaining: 114.9
267 383.5 , Est Remaining: 113.5
268 384.9 , Est Remaining: 112.0
269 386.3 , Est Remaining: 110.6
270 387.7 , Est Remaining: 109.1
271 389.1 , Est Remaining: 107.7
272 390.6 , Est Remaining: 106.3
273 392.0 , Est Remaining: 104.8
274 393.4 , Est Remaining: 103.4
275 394.8 , Est Remaining: 101.9
276 396.2 , Est Remaining: 100.5
277 397.7 , Est Remaining: 99.1
278 399.1 , Est Remaining: 97.6
279 400.5 , Est Remaining: 96.2
280 401.9 , Est Remaining: 94.7
281 403.4 , Est Remaining: 93.3
282 404.8 , Est Remaining: 91.9
EVENT FAILED
282 405.2 , Est Remaining: 91.9
283 406.6 , Est Remaining: 90.5
284 408.0 , Est Remaining: 89.1
285 409.5 , Est Remaining: 87.6
286 410.9 , Est Remaining: 86.2
287 412.4 , Est Remaining: 84.8
288 413.8 , Est Remaining: 83.3
289 415.2 , Est Remaining: 81.9
290 416.7 , Est Remaining: 80.5
291 418.1 , Est Remaining: 79.0
292 419.6 , Est Remaining: 77.6
293 421.0 , Est Remaining: 76.2
294 422.5 , Est Remaining: 74.7
295 423.9 , Est Remaining: 73.3
296 425.3 , Est Remaining: 71.8
297 426.7 , Est Remaining: 70.4
298 428.1 , Est Remaining: 69.0
299 429.6 , Est Remaining: 67.5
300 431.0 , Est Remaining: 66.1
301 432.4 , Est Remaining: 64.6
302 433.9 , Est Remaining: 63.2
303 435.3 , Est Remaining: 61.8
304 436.8 , Est Remaining: 60.3
305 438.2 , Est Remaining: 58.9
306 439.6 , Est Remaining: 57.5
307 441.0 , Est Remaining: 56.0
308 442.4 , Est Remaining: 54.6
309 443.8 , Est Remaining: 53.1
310 445.2 , Est Remaining: 51.7
311 446.6 , Est Remaining: 50.3
312 448.0 , Est Remaining: 48.8
313 449.3 , Est Remaining: 47.4
314 450.7 , Est Remaining: 45.9
315 452.1 , Est Remaining: 44.5
316 453.5 , Est Remaining: 43.1
317 454.8 , Est Remaining: 41.6
318 456.2 , Est Remaining: 40.2
319 457.6 , Est Remaining: 38.7
320 458.9 , Est Remaining: 37.3
321 460.3 , Est Remaining: 35.8
322 461.6 , Est Remaining: 34.4
323 463.0 , Est Remaining: 33.0
324 464.4 , Est Remaining: 31.5
325 465.7 , Est Remaining: 30.1
EVENT FAILED
325 466.0 , Est Remaining: 30.1
326 467.4 , Est Remaining: 28.7
327 468.7 , Est Remaining: 27.2
328 470.1 , Est Remaining: 25.8
329 471.4 , Est Remaining: 24.4
