Note: NumExpr detected 32 cores but "NUMEXPR_MAX_THREADS" not set, so enforcing safe limit of 8.
Using selector: EpollSelector
/n/home02/jhaefner/miniconda/envs/IC-3.7-2020-06-16/lib/python3.7/site-packages/scipy/optimize/minpack.py:808: OptimizeWarning: Covariance of the parameters could not be estimated
  category=OptimizeWarning)
Total rwfs: 346
0 0.0 , Est Remaining: 999999.9
1 1.4 , Est Remaining: 481.7
2 2.8 , Est Remaining: 476.8
3 4.1 , Est Remaining: 472.6
4 5.5 , Est Remaining: 467.9
5 6.8 , Est Remaining: 465.0
6 8.2 , Est Remaining: 463.6
7 9.5 , Est Remaining: 460.9
8 10.8 , Est Remaining: 457.8
9 12.2 , Est Remaining: 455.5
10 13.5 , Est Remaining: 453.4
EVENT FAILED
10 13.8 , Est Remaining: 463.7
11 15.2 , Est Remaining: 461.7
12 16.5 , Est Remaining: 459.6
13 17.8 , Est Remaining: 457.1
14 19.2 , Est Remaining: 455.1
15 20.5 , Est Remaining: 452.6
16 21.8 , Est Remaining: 450.5
17 23.2 , Est Remaining: 448.4
18 24.5 , Est Remaining: 446.5
EVENT FAILED
18 24.8 , Est Remaining: 452.1
19 26.1 , Est Remaining: 449.8
20 27.4 , Est Remaining: 447.4
EVENT FAILED
20 27.8 , Est Remaining: 452.7
21 29.1 , Est Remaining: 450.8
22 30.5 , Est Remaining: 448.5
23 31.8 , Est Remaining: 446.2
24 33.1 , Est Remaining: 444.0
25 34.4 , Est Remaining: 442.0
26 35.7 , Est Remaining: 440.0
27 37.1 , Est Remaining: 438.0
28 38.4 , Est Remaining: 435.9
29 39.7 , Est Remaining: 434.0
30 41.0 , Est Remaining: 432.1
31 42.4 , Est Remaining: 430.5
32 43.7 , Est Remaining: 428.6
EVENT FAILED
32 44.0 , Est Remaining: 431.6
EVENT FAILED
32 44.3 , Est Remaining: 434.6
33 45.6 , Est Remaining: 432.8
34 47.0 , Est Remaining: 431.1
EVENT FAILED
34 47.3 , Est Remaining: 433.9
35 48.6 , Est Remaining: 432.0
36 50.0 , Est Remaining: 430.2
37 51.3 , Est Remaining: 428.5
38 52.7 , Est Remaining: 426.8
39 54.0 , Est Remaining: 424.9
40 55.3 , Est Remaining: 423.1
41 56.6 , Est Remaining: 421.4
42 58.0 , Est Remaining: 419.6
43 59.3 , Est Remaining: 417.9
44 60.6 , Est Remaining: 416.2
45 62.0 , Est Remaining: 414.5
46 63.3 , Est Remaining: 413.0
47 64.7 , Est Remaining: 411.4
48 66.0 , Est Remaining: 409.7
49 67.3 , Est Remaining: 408.0
50 68.6 , Est Remaining: 406.4
51 70.0 , Est Remaining: 404.8
52 71.4 , Est Remaining: 403.5
53 72.7 , Est Remaining: 402.2
EVENT FAILED
53 73.1 , Est Remaining: 403.9
54 74.4 , Est Remaining: 402.4
55 75.8 , Est Remaining: 401.0
56 77.2 , Est Remaining: 399.5
57 78.5 , Est Remaining: 398.2
EVENT FAILED
57 78.8 , Est Remaining: 399.7
58 80.2 , Est Remaining: 398.3
EVENT FAILED
58 80.5 , Est Remaining: 399.7
59 81.9 , Est Remaining: 398.4
60 83.3 , Est Remaining: 397.1
61 84.7 , Est Remaining: 395.9
62 86.1 , Est Remaining: 394.4
63 87.5 , Est Remaining: 393.0
64 88.9 , Est Remaining: 391.6
65 90.3 , Est Remaining: 390.3
66 91.7 , Est Remaining: 389.0
67 93.1 , Est Remaining: 387.6
68 94.5 , Est Remaining: 386.3
69 95.9 , Est Remaining: 385.0
70 97.3 , Est Remaining: 383.7
71 98.7 , Est Remaining: 382.4
72 100.1 , Est Remaining: 381.1
73 101.6 , Est Remaining: 379.8
74 103.0 , Est Remaining: 378.6
75 104.4 , Est Remaining: 377.4
76 105.9 , Est Remaining: 376.2
77 107.3 , Est Remaining: 374.9
78 108.8 , Est Remaining: 373.7
79 110.2 , Est Remaining: 372.5
80 111.7 , Est Remaining: 371.3
EVENT FAILED
80 112.0 , Est Remaining: 372.3
81 113.4 , Est Remaining: 371.1
82 114.8 , Est Remaining: 369.7
EVENT FAILED
82 115.2 , Est Remaining: 370.8
83 116.6 , Est Remaining: 369.5
84 118.0 , Est Remaining: 368.1
85 119.4 , Est Remaining: 366.8
86 120.9 , Est Remaining: 365.5
87 122.3 , Est Remaining: 364.1
88 123.8 , Est Remaining: 362.8
89 125.2 , Est Remaining: 361.5
90 126.6 , Est Remaining: 360.2
91 128.1 , Est Remaining: 358.9
92 129.5 , Est Remaining: 357.6
93 131.0 , Est Remaining: 356.3
94 132.4 , Est Remaining: 355.0
95 133.9 , Est Remaining: 353.7
96 135.4 , Est Remaining: 352.5
97 136.8 , Est Remaining: 351.2
98 138.3 , Est Remaining: 350.0
99 139.7 , Est Remaining: 348.6
100 141.2 , Est Remaining: 347.4
101 142.7 , Est Remaining: 346.0
102 144.1 , Est Remaining: 344.7
103 145.6 , Est Remaining: 343.6
104 147.1 , Est Remaining: 342.3
105 148.6 , Est Remaining: 341.0
106 150.0 , Est Remaining: 339.7
107 151.5 , Est Remaining: 338.4
108 153.0 , Est Remaining: 337.1
109 154.4 , Est Remaining: 335.7
110 155.9 , Est Remaining: 334.4
111 157.3 , Est Remaining: 333.1
112 158.8 , Est Remaining: 331.7
113 160.2 , Est Remaining: 330.4
114 161.7 , Est Remaining: 329.1
115 163.2 , Est Remaining: 327.7
116 164.6 , Est Remaining: 326.4
117 166.1 , Est Remaining: 325.0
118 167.5 , Est Remaining: 323.6
119 168.9 , Est Remaining: 322.2
120 170.3 , Est Remaining: 320.8
121 171.8 , Est Remaining: 319.4
122 173.2 , Est Remaining: 318.0
123 174.6 , Est Remaining: 316.6
124 176.1 , Est Remaining: 315.2
125 177.5 , Est Remaining: 313.7
126 178.9 , Est Remaining: 312.3
127 180.3 , Est Remaining: 310.9
128 181.7 , Est Remaining: 309.5
129 183.1 , Est Remaining: 308.1
130 184.6 , Est Remaining: 306.7
131 186.0 , Est Remaining: 305.3
132 187.4 , Est Remaining: 303.9
133 188.9 , Est Remaining: 302.5
134 190.4 , Est Remaining: 301.2
135 191.8 , Est Remaining: 299.8
136 193.2 , Est Remaining: 298.4
137 194.7 , Est Remaining: 297.0
138 196.2 , Est Remaining: 295.7
139 197.6 , Est Remaining: 294.3
140 199.1 , Est Remaining: 292.9
141 200.5 , Est Remaining: 291.5
142 202.0 , Est Remaining: 290.2
143 203.4 , Est Remaining: 288.8
144 204.9 , Est Remaining: 287.4
145 206.3 , Est Remaining: 286.0
146 207.8 , Est Remaining: 284.6
147 209.3 , Est Remaining: 283.3
EVENT FAILED
147 209.6 , Est Remaining: 283.7
148 211.0 , Est Remaining: 282.3
149 212.5 , Est Remaining: 280.9
150 213.9 , Est Remaining: 279.5
151 215.4 , Est Remaining: 278.1
152 216.8 , Est Remaining: 276.7
EVENT FAILED
152 217.1 , Est Remaining: 277.1
153 218.6 , Est Remaining: 275.7
154 220.0 , Est Remaining: 274.3
155 221.4 , Est Remaining: 272.9
156 222.9 , Est Remaining: 271.5
157 224.3 , Est Remaining: 270.0
158 225.8 , Est Remaining: 268.6
159 227.2 , Est Remaining: 267.3
EVENT FAILED
159 227.5 , Est Remaining: 267.6
160 229.0 , Est Remaining: 266.2
161 230.5 , Est Remaining: 264.8
162 231.9 , Est Remaining: 263.4
163 233.4 , Est Remaining: 262.0
164 234.8 , Est Remaining: 260.6
165 236.3 , Est Remaining: 259.2
166 237.8 , Est Remaining: 257.8
167 239.2 , Est Remaining: 256.4
168 240.6 , Est Remaining: 255.0
169 242.1 , Est Remaining: 253.6
170 243.5 , Est Remaining: 252.1
171 245.1 , Est Remaining: 250.8
172 246.5 , Est Remaining: 249.4
173 247.9 , Est Remaining: 247.9
174 249.4 , Est Remaining: 246.5
175 250.8 , Est Remaining: 245.1
176 252.2 , Est Remaining: 243.6
177 253.7 , Est Remaining: 242.2
178 255.1 , Est Remaining: 240.8
179 256.5 , Est Remaining: 239.3
180 258.0 , Est Remaining: 237.9
181 259.4 , Est Remaining: 236.5
182 260.8 , Est Remaining: 235.0
183 262.3 , Est Remaining: 233.6
184 263.7 , Est Remaining: 232.2
185 265.2 , Est Remaining: 230.8
186 266.6 , Est Remaining: 229.4
187 268.1 , Est Remaining: 227.9
188 269.5 , Est Remaining: 226.5
189 271.0 , Est Remaining: 225.1
EVENT FAILED
189 272.1 , Est Remaining: 226.0
190 273.5 , Est Remaining: 224.6
191 275.0 , Est Remaining: 223.2
192 276.4 , Est Remaining: 221.7
193 277.8 , Est Remaining: 220.3
194 279.3 , Est Remaining: 218.8
195 280.7 , Est Remaining: 217.3
196 282.1 , Est Remaining: 215.9
197 283.5 , Est Remaining: 214.4
198 285.0 , Est Remaining: 213.0
199 286.4 , Est Remaining: 211.6
EVENT FAILED
199 286.7 , Est Remaining: 211.8
200 288.1 , Est Remaining: 210.3
EVENT FAILED
200 288.5 , Est Remaining: 210.6
201 290.0 , Est Remaining: 209.2
202 291.5 , Est Remaining: 207.8
203 292.9 , Est Remaining: 206.3
204 294.4 , Est Remaining: 204.9
205 295.8 , Est Remaining: 203.5
206 297.2 , Est Remaining: 202.0
207 298.7 , Est Remaining: 200.6
208 300.1 , Est Remaining: 199.1
209 301.6 , Est Remaining: 197.7
210 303.0 , Est Remaining: 196.2
211 304.4 , Est Remaining: 194.7
212 305.8 , Est Remaining: 193.3
213 307.2 , Est Remaining: 191.8
214 308.7 , Est Remaining: 190.4
215 310.1 , Est Remaining: 188.9
216 311.5 , Est Remaining: 187.5
217 313.0 , Est Remaining: 186.0
218 314.4 , Est Remaining: 184.6
219 315.8 , Est Remaining: 183.2
220 317.3 , Est Remaining: 181.7
221 318.7 , Est Remaining: 180.3
222 320.1 , Est Remaining: 178.8
223 321.6 , Est Remaining: 177.4
224 323.0 , Est Remaining: 175.9
225 324.5 , Est Remaining: 174.5
226 325.9 , Est Remaining: 173.1
227 327.4 , Est Remaining: 171.6
228 328.8 , Est Remaining: 170.2
229 330.3 , Est Remaining: 168.7
230 331.7 , Est Remaining: 167.3
231 333.2 , Est Remaining: 165.9
232 334.7 , Est Remaining: 164.4
233 336.1 , Est Remaining: 163.0
234 337.6 , Est Remaining: 161.6
235 339.1 , Est Remaining: 160.2
236 340.5 , Est Remaining: 158.7
237 342.0 , Est Remaining: 157.3
238 343.4 , Est Remaining: 155.8
EVENT FAILED
238 344.2 , Est Remaining: 156.2
239 345.6 , Est Remaining: 154.7
240 347.0 , Est Remaining: 153.3
241 348.5 , Est Remaining: 151.8
242 349.9 , Est Remaining: 150.4
243 351.3 , Est Remaining: 148.9
244 352.8 , Est Remaining: 147.5
245 354.2 , Est Remaining: 146.0
246 355.6 , Est Remaining: 144.6
247 357.0 , Est Remaining: 143.1
EVENT FAILED
247 357.3 , Est Remaining: 143.2
248 358.8 , Est Remaining: 141.8
249 360.2 , Est Remaining: 140.3
250 361.6 , Est Remaining: 138.9
251 363.0 , Est Remaining: 137.4
252 364.5 , Est Remaining: 135.9
253 365.9 , Est Remaining: 134.5
254 367.3 , Est Remaining: 133.1
255 368.8 , Est Remaining: 131.6
256 370.2 , Est Remaining: 130.2
257 371.7 , Est Remaining: 128.7
258 373.1 , Est Remaining: 127.3
259 374.6 , Est Remaining: 125.8
260 376.0 , Est Remaining: 124.4
EVENT FAILED
260 376.3 , Est Remaining: 124.5
261 377.8 , Est Remaining: 123.0
262 379.2 , Est Remaining: 121.6
263 380.9 , Est Remaining: 120.2
264 382.3 , Est Remaining: 118.8
265 383.9 , Est Remaining: 117.3
266 385.3 , Est Remaining: 115.9
267 386.7 , Est Remaining: 114.4
268 388.1 , Est Remaining: 113.0
269 389.5 , Est Remaining: 111.5
270 391.0 , Est Remaining: 110.0
271 392.4 , Est Remaining: 108.6
272 393.8 , Est Remaining: 107.1
273 395.2 , Est Remaining: 105.7
274 396.6 , Est Remaining: 104.2
275 398.0 , Est Remaining: 102.8
276 399.4 , Est Remaining: 101.3
277 400.9 , Est Remaining: 99.9
278 402.3 , Est Remaining: 98.4
279 403.7 , Est Remaining: 97.0
280 405.2 , Est Remaining: 95.5
281 406.6 , Est Remaining: 94.1
282 408.0 , Est Remaining: 92.6
283 409.4 , Est Remaining: 91.1
284 410.9 , Est Remaining: 89.7
285 412.3 , Est Remaining: 88.3
286 413.7 , Est Remaining: 86.8
287 415.2 , Est Remaining: 85.3
288 416.6 , Est Remaining: 83.9
289 418.0 , Est Remaining: 82.5
290 419.5 , Est Remaining: 81.0
291 420.9 , Est Remaining: 79.6
292 422.4 , Est Remaining: 78.1
293 423.8 , Est Remaining: 76.7
294 425.3 , Est Remaining: 75.2
295 426.7 , Est Remaining: 73.8
296 428.2 , Est Remaining: 72.3
297 429.6 , Est Remaining: 70.9
298 431.1 , Est Remaining: 69.4
299 432.5 , Est Remaining: 68.0
300 434.1 , Est Remaining: 66.6
301 435.5 , Est Remaining: 65.1
302 437.0 , Est Remaining: 63.7
303 438.4 , Est Remaining: 62.2
304 439.8 , Est Remaining: 60.8
305 441.2 , Est Remaining: 59.3
306 442.7 , Est Remaining: 57.9
307 444.1 , Est Remaining: 56.4
308 445.5 , Est Remaining: 55.0
309 446.9 , Est Remaining: 53.5
310 448.3 , Est Remaining: 52.1
311 449.7 , Est Remaining: 50.6
312 451.1 , Est Remaining: 49.2
313 452.5 , Est Remaining: 47.7
314 453.9 , Est Remaining: 46.3
315 455.4 , Est Remaining: 44.8
316 456.8 , Est Remaining: 43.4
317 458.2 , Est Remaining: 41.9
318 459.7 , Est Remaining: 40.5
319 461.1 , Est Remaining: 39.0
320 462.5 , Est Remaining: 37.6
321 463.9 , Est Remaining: 36.1
322 465.4 , Est Remaining: 34.7
323 466.8 , Est Remaining: 33.2
324 468.2 , Est Remaining: 31.8
325 469.6 , Est Remaining: 30.3
