Note: NumExpr detected 32 cores but "NUMEXPR_MAX_THREADS" not set, so enforcing safe limit of 8.
Using selector: EpollSelector
/n/home02/jhaefner/miniconda/envs/IC-3.7-2020-06-16/lib/python3.7/site-packages/scipy/optimize/minpack.py:808: OptimizeWarning: Covariance of the parameters could not be estimated
  category=OptimizeWarning)
Total rwfs: 346
0 0.0 , Est Remaining: 999999.9
1 1.3 , Est Remaining: 460.3
2 2.6 , Est Remaining: 455.4
3 4.0 , Est Remaining: 455.1
4 5.3 , Est Remaining: 454.4
5 6.6 , Est Remaining: 452.2
6 7.9 , Est Remaining: 449.9
7 9.2 , Est Remaining: 447.7
8 10.5 , Est Remaining: 445.2
9 11.9 , Est Remaining: 444.6
10 13.2 , Est Remaining: 443.1
11 14.5 , Est Remaining: 441.1
12 15.8 , Est Remaining: 439.8
13 17.1 , Est Remaining: 437.9
14 18.4 , Est Remaining: 436.4
15 19.7 , Est Remaining: 434.9
16 21.0 , Est Remaining: 433.3
17 22.3 , Est Remaining: 432.1
18 23.6 , Est Remaining: 430.9
19 25.0 , Est Remaining: 429.6
20 26.3 , Est Remaining: 428.8
21 27.7 , Est Remaining: 428.0
22 29.0 , Est Remaining: 426.7
23 30.3 , Est Remaining: 425.6
24 31.6 , Est Remaining: 424.4
25 33.0 , Est Remaining: 423.3
26 34.3 , Est Remaining: 421.6
27 35.6 , Est Remaining: 420.5
28 36.9 , Est Remaining: 419.4
29 38.3 , Est Remaining: 418.2
30 39.6 , Est Remaining: 417.1
31 40.9 , Est Remaining: 416.0
32 42.3 , Est Remaining: 414.8
33 43.6 , Est Remaining: 413.6
34 44.9 , Est Remaining: 412.4
35 46.3 , Est Remaining: 411.2
36 47.6 , Est Remaining: 410.0
37 49.0 , Est Remaining: 408.9
38 50.3 , Est Remaining: 407.7
39 51.6 , Est Remaining: 406.5
40 53.0 , Est Remaining: 405.4
EVENT FAILED
40 53.3 , Est Remaining: 407.9
41 54.7 , Est Remaining: 406.6
42 56.0 , Est Remaining: 405.4
43 57.4 , Est Remaining: 404.2
44 58.7 , Est Remaining: 402.9
45 60.0 , Est Remaining: 401.6
46 61.4 , Est Remaining: 400.3
47 62.7 , Est Remaining: 399.0
48 64.1 , Est Remaining: 397.7
49 65.4 , Est Remaining: 396.2
50 66.7 , Est Remaining: 394.8
51 68.0 , Est Remaining: 393.5
52 69.4 , Est Remaining: 392.1
53 70.7 , Est Remaining: 390.8
54 72.0 , Est Remaining: 389.4
55 73.4 , Est Remaining: 388.1
56 74.7 , Est Remaining: 386.8
57 76.0 , Est Remaining: 385.6
58 77.4 , Est Remaining: 384.4
59 78.8 , Est Remaining: 383.2
60 80.1 , Est Remaining: 381.9
61 81.5 , Est Remaining: 380.6
62 82.8 , Est Remaining: 379.3
63 84.1 , Est Remaining: 377.9
64 85.4 , Est Remaining: 376.5
65 86.8 , Est Remaining: 375.2
66 88.1 , Est Remaining: 373.8
67 89.4 , Est Remaining: 372.4
68 90.7 , Est Remaining: 371.0
69 92.1 , Est Remaining: 369.6
70 93.4 , Est Remaining: 368.3
71 94.7 , Est Remaining: 367.0
72 96.1 , Est Remaining: 365.6
73 97.4 , Est Remaining: 364.3
74 98.8 , Est Remaining: 363.1
75 100.1 , Est Remaining: 361.8
76 101.5 , Est Remaining: 360.5
77 102.8 , Est Remaining: 359.2
78 104.2 , Est Remaining: 357.9
79 105.5 , Est Remaining: 356.6
80 106.8 , Est Remaining: 355.3
81 108.2 , Est Remaining: 354.0
82 109.5 , Est Remaining: 352.6
83 110.9 , Est Remaining: 351.4
84 112.2 , Est Remaining: 350.1
85 113.6 , Est Remaining: 348.8
86 114.9 , Est Remaining: 347.5
87 116.3 , Est Remaining: 346.2
88 117.6 , Est Remaining: 344.9
89 119.0 , Est Remaining: 343.6
90 120.3 , Est Remaining: 342.3
91 121.7 , Est Remaining: 341.0
92 123.0 , Est Remaining: 339.6
93 124.4 , Est Remaining: 338.3
94 125.7 , Est Remaining: 337.0
95 127.1 , Est Remaining: 335.7
96 128.4 , Est Remaining: 334.3
97 129.7 , Est Remaining: 332.9
98 131.0 , Est Remaining: 331.6
99 132.4 , Est Remaining: 330.2
100 133.7 , Est Remaining: 328.9
101 135.0 , Est Remaining: 327.5
102 136.4 , Est Remaining: 326.2
103 137.8 , Est Remaining: 325.0
104 139.1 , Est Remaining: 323.6
105 140.4 , Est Remaining: 322.3
106 141.8 , Est Remaining: 321.0
107 143.1 , Est Remaining: 319.6
108 144.4 , Est Remaining: 318.3
109 145.8 , Est Remaining: 317.0
110 147.1 , Est Remaining: 315.6
111 148.5 , Est Remaining: 314.3
112 149.8 , Est Remaining: 313.0
113 151.1 , Est Remaining: 311.7
114 152.5 , Est Remaining: 310.3
115 153.8 , Est Remaining: 309.0
116 155.2 , Est Remaining: 307.7
117 156.6 , Est Remaining: 306.4
118 157.9 , Est Remaining: 305.1
119 159.3 , Est Remaining: 303.8
120 160.6 , Est Remaining: 302.5
121 162.0 , Est Remaining: 301.2
122 163.3 , Est Remaining: 299.8
123 164.6 , Est Remaining: 298.5
124 166.0 , Est Remaining: 297.2
125 167.3 , Est Remaining: 295.9
126 168.7 , Est Remaining: 294.5
127 170.0 , Est Remaining: 293.2
128 171.4 , Est Remaining: 291.9
129 172.7 , Est Remaining: 290.6
130 174.1 , Est Remaining: 289.3
EVENT FAILED
130 174.4 , Est Remaining: 289.8
131 175.8 , Est Remaining: 288.5
132 177.1 , Est Remaining: 287.1
133 178.5 , Est Remaining: 285.8
134 179.8 , Est Remaining: 284.5
135 181.1 , Est Remaining: 283.1
136 182.5 , Est Remaining: 281.8
137 183.8 , Est Remaining: 280.4
138 185.1 , Est Remaining: 279.1
139 186.5 , Est Remaining: 277.7
140 187.8 , Est Remaining: 276.4
141 189.2 , Est Remaining: 275.0
142 190.5 , Est Remaining: 273.7
143 191.8 , Est Remaining: 272.3
144 193.1 , Est Remaining: 270.9
145 194.4 , Est Remaining: 269.5
146 195.8 , Est Remaining: 268.2
147 197.1 , Est Remaining: 266.8
148 198.4 , Est Remaining: 265.5
149 199.8 , Est Remaining: 264.1
150 201.1 , Est Remaining: 262.8
151 202.5 , Est Remaining: 261.5
152 203.8 , Est Remaining: 260.1
153 205.2 , Est Remaining: 258.8
EVENT FAILED
153 205.5 , Est Remaining: 259.2
154 206.8 , Est Remaining: 257.8
155 208.2 , Est Remaining: 256.5
156 209.5 , Est Remaining: 255.2
157 210.9 , Est Remaining: 253.8
158 212.2 , Est Remaining: 252.5
159 213.5 , Est Remaining: 251.1
160 214.9 , Est Remaining: 249.8
161 216.2 , Est Remaining: 248.5
162 217.6 , Est Remaining: 247.1
163 218.9 , Est Remaining: 245.8
164 220.3 , Est Remaining: 244.4
165 221.6 , Est Remaining: 243.1
166 222.9 , Est Remaining: 241.7
167 224.3 , Est Remaining: 240.4
168 225.6 , Est Remaining: 239.1
169 227.0 , Est Remaining: 237.7
170 228.3 , Est Remaining: 236.4
171 229.7 , Est Remaining: 235.1
172 231.0 , Est Remaining: 233.7
EVENT FAILED
172 231.6 , Est Remaining: 234.3
173 233.0 , Est Remaining: 233.0
174 234.3 , Est Remaining: 231.6
175 235.7 , Est Remaining: 230.3
176 237.0 , Est Remaining: 228.9
177 238.3 , Est Remaining: 227.6
178 239.7 , Est Remaining: 226.2
179 241.0 , Est Remaining: 224.9
180 242.4 , Est Remaining: 223.5
181 243.7 , Est Remaining: 222.2
182 245.0 , Est Remaining: 220.8
183 246.4 , Est Remaining: 219.5
184 247.8 , Est Remaining: 218.1
185 249.1 , Est Remaining: 216.8
186 250.5 , Est Remaining: 215.5
187 251.8 , Est Remaining: 214.1
188 253.2 , Est Remaining: 212.8
189 254.5 , Est Remaining: 211.4
190 255.8 , Est Remaining: 210.1
191 257.2 , Est Remaining: 208.7
192 258.5 , Est Remaining: 207.4
193 259.9 , Est Remaining: 206.0
194 261.2 , Est Remaining: 204.7
195 262.5 , Est Remaining: 203.3
196 263.9 , Est Remaining: 201.9
197 265.2 , Est Remaining: 200.6
198 266.5 , Est Remaining: 199.2
199 267.9 , Est Remaining: 197.9
200 269.2 , Est Remaining: 196.5
201 270.5 , Est Remaining: 195.1
202 271.8 , Est Remaining: 193.8
203 273.3 , Est Remaining: 192.5
204 274.6 , Est Remaining: 191.1
205 275.9 , Est Remaining: 189.8
206 277.3 , Est Remaining: 188.4
207 278.9 , Est Remaining: 187.3
208 280.2 , Est Remaining: 185.9
209 281.5 , Est Remaining: 184.5
210 282.9 , Est Remaining: 183.2
211 284.2 , Est Remaining: 181.8
212 285.5 , Est Remaining: 180.5
213 286.8 , Est Remaining: 179.1
214 288.2 , Est Remaining: 177.8
215 289.5 , Est Remaining: 176.4
216 290.8 , Est Remaining: 175.0
217 292.2 , Est Remaining: 173.7
218 293.5 , Est Remaining: 172.3
219 294.9 , Est Remaining: 171.0
220 296.2 , Est Remaining: 169.6
221 297.5 , Est Remaining: 168.3
222 298.9 , Est Remaining: 166.9
223 300.2 , Est Remaining: 165.6
224 301.5 , Est Remaining: 164.2
225 302.9 , Est Remaining: 162.9
226 304.2 , Est Remaining: 161.5
227 305.5 , Est Remaining: 160.2
228 306.9 , Est Remaining: 158.8
229 308.2 , Est Remaining: 157.5
230 309.5 , Est Remaining: 156.1
EVENT FAILED
230 309.8 , Est Remaining: 156.3
231 311.2 , Est Remaining: 154.9
232 312.5 , Est Remaining: 153.5
233 313.8 , Est Remaining: 152.2
234 315.1 , Est Remaining: 150.8
235 316.5 , Est Remaining: 149.5
236 317.8 , Est Remaining: 148.1
237 319.1 , Est Remaining: 146.8
238 320.3 , Est Remaining: 145.4
239 321.7 , Est Remaining: 144.0
240 323.0 , Est Remaining: 142.7
241 324.3 , Est Remaining: 141.3
242 325.7 , Est Remaining: 140.0
243 327.0 , Est Remaining: 138.6
244 328.3 , Est Remaining: 137.3
245 329.7 , Est Remaining: 135.9
246 331.0 , Est Remaining: 134.6
247 332.4 , Est Remaining: 133.2
248 333.7 , Est Remaining: 131.9
249 335.0 , Est Remaining: 130.5
250 336.4 , Est Remaining: 129.2
251 337.7 , Est Remaining: 127.8
252 339.0 , Est Remaining: 126.5
253 340.4 , Est Remaining: 125.1
254 341.7 , Est Remaining: 123.8
255 343.1 , Est Remaining: 122.4
256 344.4 , Est Remaining: 121.1
257 345.8 , Est Remaining: 119.7
258 347.1 , Est Remaining: 118.4
259 348.4 , Est Remaining: 117.0
260 349.8 , Est Remaining: 115.7
261 351.1 , Est Remaining: 114.3
262 352.4 , Est Remaining: 113.0
263 353.8 , Est Remaining: 111.6
264 355.1 , Est Remaining: 110.3
265 356.4 , Est Remaining: 108.9
266 357.7 , Est Remaining: 107.6
267 359.1 , Est Remaining: 106.2
268 360.4 , Est Remaining: 104.9
269 361.8 , Est Remaining: 103.6
270 363.1 , Est Remaining: 102.2
271 364.4 , Est Remaining: 100.9
272 365.8 , Est Remaining: 99.5
273 367.1 , Est Remaining: 98.2
274 368.4 , Est Remaining: 96.8
275 369.8 , Est Remaining: 95.5
276 371.1 , Est Remaining: 94.1
277 372.4 , Est Remaining: 92.8
278 373.7 , Est Remaining: 91.4
279 375.1 , Est Remaining: 90.1
280 376.4 , Est Remaining: 88.7
281 377.7 , Est Remaining: 87.4
282 379.0 , Est Remaining: 86.0
283 380.4 , Est Remaining: 84.7
284 381.7 , Est Remaining: 83.3
EVENT FAILED
284 382.0 , Est Remaining: 83.4
285 383.3 , Est Remaining: 82.0
286 384.6 , Est Remaining: 80.7
287 386.0 , Est Remaining: 79.3
EVENT FAILED
287 386.3 , Est Remaining: 79.4
288 387.6 , Est Remaining: 78.1
289 388.9 , Est Remaining: 76.7
290 390.2 , Est Remaining: 75.4
291 391.6 , Est Remaining: 74.0
292 392.9 , Est Remaining: 72.7
293 394.2 , Est Remaining: 71.3
294 395.5 , Est Remaining: 70.0
295 396.9 , Est Remaining: 68.6
296 398.2 , Est Remaining: 67.3
297 399.6 , Est Remaining: 65.9
298 400.9 , Est Remaining: 64.6
299 402.2 , Est Remaining: 63.2
300 403.6 , Est Remaining: 61.9
301 405.0 , Est Remaining: 60.6
302 406.3 , Est Remaining: 59.2
303 407.7 , Est Remaining: 57.9
304 409.0 , Est Remaining: 56.5
305 410.3 , Est Remaining: 55.2
EVENT FAILED
305 410.6 , Est Remaining: 55.2
306 412.0 , Est Remaining: 53.9
307 413.3 , Est Remaining: 52.5
308 414.6 , Est Remaining: 51.2
309 416.0 , Est Remaining: 49.8
310 417.3 , Est Remaining: 48.5
311 418.6 , Est Remaining: 47.1
312 420.0 , Est Remaining: 45.8
313 421.3 , Est Remaining: 44.4
314 422.6 , Est Remaining: 43.1
315 424.0 , Est Remaining: 41.7
316 425.3 , Est Remaining: 40.4
317 426.6 , Est Remaining: 39.0
318 427.9 , Est Remaining: 37.7
319 429.3 , Est Remaining: 36.3
320 430.6 , Est Remaining: 35.0
321 431.9 , Est Remaining: 33.6
322 433.3 , Est Remaining: 32.3
323 434.6 , Est Remaining: 30.9
324 435.9 , Est Remaining: 29.6
325 437.3 , Est Remaining: 28.3
326 438.6 , Est Remaining: 26.9
327 440.0 , Est Remaining: 25.6
328 441.3 , Est Remaining: 24.2
329 442.6 , Est Remaining: 22.9
330 443.9 , Est Remaining: 21.5
EVENT FAILED
330 444.2 , Est Remaining: 21.5
331 445.5 , Est Remaining: 20.2
332 446.9 , Est Remaining: 18.8
333 448.2 , Est Remaining: 17.5
334 449.5 , Est Remaining: 16.1
335 450.8 , Est Remaining: 14.8
336 452.1 , Est Remaining: 13.5
