Note: NumExpr detected 32 cores but "NUMEXPR_MAX_THREADS" not set, so enforcing safe limit of 8.
Using selector: EpollSelector
/n/home02/jhaefner/miniconda/envs/IC-3.7-2020-06-16/lib/python3.7/site-packages/scipy/optimize/minpack.py:808: OptimizeWarning: Covariance of the parameters could not be estimated
  category=OptimizeWarning)
Total rwfs: 346
0 0.0 , Est Remaining: 999999.9
1 1.5 , Est Remaining: 522.9
2 3.0 , Est Remaining: 524.1
3 4.6 , Est Remaining: 524.3
4 6.1 , Est Remaining: 522.0
5 7.6 , Est Remaining: 518.3
6 9.1 , Est Remaining: 515.1
7 10.6 , Est Remaining: 512.1
8 12.1 , Est Remaining: 509.5
9 13.5 , Est Remaining: 507.2
10 15.1 , Est Remaining: 506.0
11 16.6 , Est Remaining: 505.2
12 18.1 , Est Remaining: 504.1
13 19.6 , Est Remaining: 502.3
14 21.1 , Est Remaining: 500.6
15 22.6 , Est Remaining: 498.7
16 24.1 , Est Remaining: 497.2
17 25.6 , Est Remaining: 495.8
18 27.1 , Est Remaining: 494.2
19 28.6 , Est Remaining: 492.8
20 30.2 , Est Remaining: 491.6
21 31.7 , Est Remaining: 490.1
22 33.2 , Est Remaining: 488.7
23 34.7 , Est Remaining: 486.9
24 36.2 , Est Remaining: 485.2
25 37.7 , Est Remaining: 483.7
26 39.2 , Est Remaining: 482.0
EVENT FAILED
26 39.5 , Est Remaining: 486.4
27 41.0 , Est Remaining: 484.8
28 42.5 , Est Remaining: 483.1
29 44.0 , Est Remaining: 481.3
EVENT FAILED
29 44.4 , Est Remaining: 485.3
30 45.9 , Est Remaining: 483.3
31 47.4 , Est Remaining: 481.3
32 48.9 , Est Remaining: 479.4
33 50.4 , Est Remaining: 477.7
34 51.8 , Est Remaining: 475.7
35 53.3 , Est Remaining: 473.7
36 54.8 , Est Remaining: 471.9
37 56.3 , Est Remaining: 470.0
38 57.8 , Est Remaining: 468.1
39 59.2 , Est Remaining: 466.3
40 60.7 , Est Remaining: 464.4
41 62.2 , Est Remaining: 462.6
42 63.7 , Est Remaining: 460.9
43 65.1 , Est Remaining: 459.0
44 66.6 , Est Remaining: 457.3
45 68.1 , Est Remaining: 455.7
46 69.6 , Est Remaining: 454.0
47 71.1 , Est Remaining: 452.5
48 72.6 , Est Remaining: 450.9
49 74.1 , Est Remaining: 449.2
50 75.6 , Est Remaining: 447.4
51 77.1 , Est Remaining: 445.9
52 78.6 , Est Remaining: 444.3
53 80.1 , Est Remaining: 442.7
54 81.6 , Est Remaining: 441.2
55 83.1 , Est Remaining: 439.6
56 84.6 , Est Remaining: 438.2
57 86.1 , Est Remaining: 436.6
58 87.6 , Est Remaining: 434.9
59 89.1 , Est Remaining: 433.4
EVENT FAILED
59 89.5 , Est Remaining: 435.2
60 90.9 , Est Remaining: 433.5
61 92.4 , Est Remaining: 431.9
62 93.9 , Est Remaining: 430.1
63 95.4 , Est Remaining: 428.6
64 96.9 , Est Remaining: 427.0
65 98.4 , Est Remaining: 425.4
66 99.9 , Est Remaining: 423.8
67 101.4 , Est Remaining: 422.2
68 102.9 , Est Remaining: 420.7
69 104.4 , Est Remaining: 419.1
70 105.9 , Est Remaining: 417.5
71 107.4 , Est Remaining: 416.0
72 108.9 , Est Remaining: 414.3
73 110.4 , Est Remaining: 412.7
74 111.8 , Est Remaining: 411.1
75 113.3 , Est Remaining: 409.4
76 114.8 , Est Remaining: 407.8
77 116.2 , Est Remaining: 406.1
78 117.7 , Est Remaining: 404.5
79 119.2 , Est Remaining: 402.9
80 120.7 , Est Remaining: 401.3
81 122.2 , Est Remaining: 399.7
82 123.7 , Est Remaining: 398.1
83 125.1 , Est Remaining: 396.4
84 126.6 , Est Remaining: 394.7
85 128.0 , Est Remaining: 393.0
86 129.4 , Est Remaining: 391.3
87 130.8 , Est Remaining: 389.5
88 132.3 , Est Remaining: 387.8
89 133.7 , Est Remaining: 386.1
90 135.1 , Est Remaining: 384.4
91 136.6 , Est Remaining: 382.8
92 138.0 , Est Remaining: 381.1
93 139.5 , Est Remaining: 379.4
EVENT FAILED
93 139.8 , Est Remaining: 380.4
94 141.3 , Est Remaining: 378.7
95 142.7 , Est Remaining: 377.0
96 144.1 , Est Remaining: 375.3
97 145.6 , Est Remaining: 373.7
98 147.0 , Est Remaining: 372.0
99 148.4 , Est Remaining: 370.3
100 149.8 , Est Remaining: 368.6
101 151.3 , Est Remaining: 367.0
102 152.7 , Est Remaining: 365.2
103 154.2 , Est Remaining: 363.7
104 155.6 , Est Remaining: 362.0
105 157.0 , Est Remaining: 360.3
EVENT FAILED
105 157.3 , Est Remaining: 361.1
106 158.8 , Est Remaining: 359.5
107 160.2 , Est Remaining: 357.8
108 161.6 , Est Remaining: 356.1
109 163.0 , Est Remaining: 354.4
110 164.4 , Est Remaining: 352.7
111 165.7 , Est Remaining: 350.9
EVENT FAILED
111 166.1 , Est Remaining: 351.6
112 167.5 , Est Remaining: 349.9
113 168.8 , Est Remaining: 348.1
114 170.2 , Est Remaining: 346.4
EVENT FAILED
114 170.6 , Est Remaining: 347.1
115 171.9 , Est Remaining: 345.4
116 173.3 , Est Remaining: 343.6
117 174.7 , Est Remaining: 341.9
118 176.0 , Est Remaining: 340.2
119 177.4 , Est Remaining: 338.4
120 178.8 , Est Remaining: 336.7
121 180.2 , Est Remaining: 335.0
122 181.5 , Est Remaining: 333.3
123 182.9 , Est Remaining: 331.6
124 184.2 , Est Remaining: 329.9
125 185.6 , Est Remaining: 328.2
126 187.0 , Est Remaining: 326.5
127 188.4 , Est Remaining: 324.8
128 189.7 , Est Remaining: 323.1
129 191.1 , Est Remaining: 321.5
130 192.5 , Est Remaining: 319.8
131 193.9 , Est Remaining: 318.2
132 195.2 , Est Remaining: 316.5
133 196.6 , Est Remaining: 314.9
134 198.0 , Est Remaining: 313.3
EVENT FAILED
134 198.4 , Est Remaining: 313.8
135 199.7 , Est Remaining: 312.2
136 201.1 , Est Remaining: 310.6
137 202.5 , Est Remaining: 308.9
138 203.9 , Est Remaining: 307.3
139 205.3 , Est Remaining: 305.7
140 206.7 , Est Remaining: 304.1
EVENT FAILED
140 207.0 , Est Remaining: 304.6
141 208.4 , Est Remaining: 302.9
142 209.7 , Est Remaining: 301.3
143 211.1 , Est Remaining: 299.7
144 212.5 , Est Remaining: 298.1
145 213.9 , Est Remaining: 296.5
146 215.3 , Est Remaining: 295.0
147 216.7 , Est Remaining: 293.4
148 218.1 , Est Remaining: 291.8
149 219.5 , Est Remaining: 290.2
150 220.9 , Est Remaining: 288.7
151 222.3 , Est Remaining: 287.1
152 223.8 , Est Remaining: 285.6
153 225.2 , Est Remaining: 284.0
154 226.6 , Est Remaining: 282.5
155 228.0 , Est Remaining: 281.0
156 229.4 , Est Remaining: 279.4
157 230.8 , Est Remaining: 277.9
158 232.2 , Est Remaining: 276.3
159 233.7 , Est Remaining: 274.8
160 235.1 , Est Remaining: 273.3
161 236.5 , Est Remaining: 271.8
162 237.9 , Est Remaining: 270.3
163 239.4 , Est Remaining: 268.7
164 240.8 , Est Remaining: 267.2
165 242.2 , Est Remaining: 265.7
166 243.6 , Est Remaining: 264.2
167 245.1 , Est Remaining: 262.7
168 246.5 , Est Remaining: 261.2
169 247.9 , Est Remaining: 259.7
170 249.4 , Est Remaining: 258.2
171 250.8 , Est Remaining: 256.7
172 252.3 , Est Remaining: 255.2
173 253.7 , Est Remaining: 253.7
174 255.2 , Est Remaining: 252.3
175 256.7 , Est Remaining: 250.8
176 258.2 , Est Remaining: 249.4
177 259.6 , Est Remaining: 247.9
178 261.1 , Est Remaining: 246.4
179 262.6 , Est Remaining: 245.0
180 264.1 , Est Remaining: 243.5
181 265.6 , Est Remaining: 242.1
182 267.1 , Est Remaining: 240.6
183 268.5 , Est Remaining: 239.2
184 270.0 , Est Remaining: 237.7
185 271.5 , Est Remaining: 236.3
186 273.0 , Est Remaining: 234.8
187 274.5 , Est Remaining: 233.4
188 276.0 , Est Remaining: 232.0
189 277.5 , Est Remaining: 230.5
190 279.0 , Est Remaining: 229.1
191 280.5 , Est Remaining: 227.6
192 282.0 , Est Remaining: 226.2
193 283.5 , Est Remaining: 224.7
EVENT FAILED
193 284.1 , Est Remaining: 225.2
194 285.6 , Est Remaining: 223.8
195 287.1 , Est Remaining: 222.3
196 288.6 , Est Remaining: 220.9
197 290.1 , Est Remaining: 219.4
198 291.6 , Est Remaining: 218.0
199 293.1 , Est Remaining: 216.5
200 294.6 , Est Remaining: 215.1
201 296.1 , Est Remaining: 213.6
202 297.6 , Est Remaining: 212.2
203 299.2 , Est Remaining: 210.8
204 300.7 , Est Remaining: 209.3
205 302.2 , Est Remaining: 207.8
206 303.6 , Est Remaining: 206.4
207 305.1 , Est Remaining: 204.9
208 306.6 , Est Remaining: 203.4
209 308.1 , Est Remaining: 202.0
210 309.6 , Est Remaining: 200.5
211 311.1 , Est Remaining: 199.0
212 312.6 , Est Remaining: 197.6
213 314.0 , Est Remaining: 196.1
214 315.5 , Est Remaining: 194.6
215 317.0 , Est Remaining: 193.1
216 318.5 , Est Remaining: 191.7
217 319.9 , Est Remaining: 190.2
218 321.4 , Est Remaining: 188.7
EVENT FAILED
218 321.8 , Est Remaining: 188.9
219 323.3 , Est Remaining: 187.5
220 324.8 , Est Remaining: 186.0
221 326.3 , Est Remaining: 184.6
222 327.8 , Est Remaining: 183.1
223 329.3 , Est Remaining: 181.6
224 330.8 , Est Remaining: 180.2
225 332.3 , Est Remaining: 178.7
226 333.7 , Est Remaining: 177.2
227 335.2 , Est Remaining: 175.7
228 336.7 , Est Remaining: 174.3
229 338.2 , Est Remaining: 172.8
230 339.7 , Est Remaining: 171.3
231 341.2 , Est Remaining: 169.9
232 342.7 , Est Remaining: 168.4
233 344.2 , Est Remaining: 166.9
234 345.8 , Est Remaining: 165.5
EVENT FAILED
234 346.1 , Est Remaining: 165.7
235 347.6 , Est Remaining: 164.2
236 349.1 , Est Remaining: 162.7
237 350.6 , Est Remaining: 161.2
238 352.0 , Est Remaining: 159.7
239 353.5 , Est Remaining: 158.3
240 355.0 , Est Remaining: 156.8
241 356.5 , Est Remaining: 155.3
242 357.9 , Est Remaining: 153.8
243 359.4 , Est Remaining: 152.4
244 360.9 , Est Remaining: 150.9
245 362.4 , Est Remaining: 149.4
246 363.8 , Est Remaining: 147.9
247 365.4 , Est Remaining: 146.4
248 366.8 , Est Remaining: 145.0
249 368.3 , Est Remaining: 143.5
250 369.8 , Est Remaining: 142.0
251 371.3 , Est Remaining: 140.5
252 372.8 , Est Remaining: 139.0
253 374.3 , Est Remaining: 137.6
254 375.8 , Est Remaining: 136.1
255 377.3 , Est Remaining: 134.6
256 378.7 , Est Remaining: 133.2
257 380.2 , Est Remaining: 131.7
258 381.7 , Est Remaining: 130.2
259 383.2 , Est Remaining: 128.7
260 384.7 , Est Remaining: 127.2
261 386.2 , Est Remaining: 125.8
262 387.6 , Est Remaining: 124.3
263 389.1 , Est Remaining: 122.8
264 390.6 , Est Remaining: 121.3
265 392.1 , Est Remaining: 119.9
266 393.6 , Est Remaining: 118.4
EVENT FAILED
266 394.0 , Est Remaining: 118.5
267 395.5 , Est Remaining: 117.0
268 397.0 , Est Remaining: 115.5
269 398.5 , Est Remaining: 114.1
270 400.0 , Est Remaining: 112.6
271 401.5 , Est Remaining: 111.1
272 403.0 , Est Remaining: 109.7
273 404.6 , Est Remaining: 108.2
274 406.1 , Est Remaining: 106.7
EVENT FAILED
274 406.4 , Est Remaining: 106.8
275 407.9 , Est Remaining: 105.3
276 409.4 , Est Remaining: 103.8
277 410.8 , Est Remaining: 102.3
EVENT FAILED
277 411.2 , Est Remaining: 102.4
278 412.7 , Est Remaining: 100.9
279 414.2 , Est Remaining: 99.5
280 415.6 , Est Remaining: 98.0
281 417.1 , Est Remaining: 96.5
282 418.5 , Est Remaining: 95.0
283 420.0 , Est Remaining: 93.5
284 421.5 , Est Remaining: 92.0
285 423.0 , Est Remaining: 90.5
286 424.4 , Est Remaining: 89.0
287 425.9 , Est Remaining: 87.6
288 427.4 , Est Remaining: 86.1
289 428.9 , Est Remaining: 84.6
290 430.3 , Est Remaining: 83.1
291 431.8 , Est Remaining: 81.6
292 433.3 , Est Remaining: 80.1
293 434.8 , Est Remaining: 78.6
294 436.3 , Est Remaining: 77.2
295 437.7 , Est Remaining: 75.7
296 439.2 , Est Remaining: 74.2
297 440.7 , Est Remaining: 72.7
298 442.2 , Est Remaining: 71.2
299 443.6 , Est Remaining: 69.7
300 445.1 , Est Remaining: 68.3
301 446.6 , Est Remaining: 66.8
302 448.3 , Est Remaining: 65.3
303 449.8 , Est Remaining: 63.8
EVENT FAILED
303 450.1 , Est Remaining: 63.9
304 451.6 , Est Remaining: 62.4
305 453.1 , Est Remaining: 60.9
306 454.6 , Est Remaining: 59.4
307 456.1 , Est Remaining: 57.9
308 457.6 , Est Remaining: 56.5
309 459.0 , Est Remaining: 55.0
310 460.5 , Est Remaining: 53.5
311 462.0 , Est Remaining: 52.0
312 463.5 , Est Remaining: 50.5
313 465.0 , Est Remaining: 49.0
314 466.5 , Est Remaining: 47.5
315 468.0 , Est Remaining: 46.1
316 469.5 , Est Remaining: 44.6
317 471.0 , Est Remaining: 43.1
318 472.4 , Est Remaining: 41.6
319 473.9 , Est Remaining: 40.1
320 475.3 , Est Remaining: 38.6
321 476.8 , Est Remaining: 37.1
322 478.3 , Est Remaining: 35.6
323 479.8 , Est Remaining: 34.2
324 481.3 , Est Remaining: 32.7
EVENT FAILED
324 481.6 , Est Remaining: 32.7
325 483.1 , Est Remaining: 31.2
326 484.6 , Est Remaining: 29.7
327 486.0 , Est Remaining: 28.2
328 487.5 , Est Remaining: 26.8
