Note: NumExpr detected 32 cores but "NUMEXPR_MAX_THREADS" not set, so enforcing safe limit of 8.
Using selector: EpollSelector
/n/home02/jhaefner/miniconda/envs/IC-3.7-2020-06-16/lib/python3.7/site-packages/scipy/optimize/minpack.py:808: OptimizeWarning: Covariance of the parameters could not be estimated
  category=OptimizeWarning)
Total rwfs: 346
0 0.0 , Est Remaining: 999999.9
1 1.4 , Est Remaining: 489.6
2 2.8 , Est Remaining: 483.1
3 4.2 , Est Remaining: 482.7
4 5.6 , Est Remaining: 479.4
5 7.0 , Est Remaining: 476.4
6 8.4 , Est Remaining: 473.8
7 9.7 , Est Remaining: 471.0
EVENT FAILED
7 10.0 , Est Remaining: 486.6
8 11.4 , Est Remaining: 482.6
9 12.8 , Est Remaining: 478.1
10 14.1 , Est Remaining: 474.7
11 15.5 , Est Remaining: 471.4
12 16.9 , Est Remaining: 469.3
13 18.2 , Est Remaining: 466.6
14 19.6 , Est Remaining: 464.0
15 20.9 , Est Remaining: 461.4
16 22.3 , Est Remaining: 459.2
17 23.6 , Est Remaining: 457.2
18 25.0 , Est Remaining: 454.9
19 26.3 , Est Remaining: 452.9
20 27.7 , Est Remaining: 450.8
21 28.9 , Est Remaining: 446.6
22 30.2 , Est Remaining: 444.7
23 31.5 , Est Remaining: 442.9
24 32.9 , Est Remaining: 441.3
25 34.2 , Est Remaining: 439.5
26 35.6 , Est Remaining: 437.8
27 36.9 , Est Remaining: 436.1
28 38.3 , Est Remaining: 434.5
29 39.6 , Est Remaining: 433.0
30 41.0 , Est Remaining: 431.5
31 42.3 , Est Remaining: 430.0
32 43.7 , Est Remaining: 428.4
33 45.0 , Est Remaining: 426.9
34 46.4 , Est Remaining: 425.5
35 47.7 , Est Remaining: 424.0
36 49.1 , Est Remaining: 422.7
37 50.4 , Est Remaining: 421.3
38 51.8 , Est Remaining: 419.8
39 53.1 , Est Remaining: 418.3
40 54.5 , Est Remaining: 416.9
41 55.8 , Est Remaining: 415.4
42 57.2 , Est Remaining: 414.0
43 58.5 , Est Remaining: 412.6
44 59.9 , Est Remaining: 411.2
45 61.3 , Est Remaining: 409.8
46 62.6 , Est Remaining: 408.3
47 63.9 , Est Remaining: 406.7
48 65.3 , Est Remaining: 405.2
49 66.6 , Est Remaining: 403.6
50 67.9 , Est Remaining: 402.1
51 69.2 , Est Remaining: 400.5
52 70.6 , Est Remaining: 399.0
EVENT FAILED
52 70.9 , Est Remaining: 400.7
53 72.2 , Est Remaining: 399.2
54 73.5 , Est Remaining: 397.7
55 74.9 , Est Remaining: 396.1
56 76.2 , Est Remaining: 394.6
57 77.5 , Est Remaining: 393.1
58 78.8 , Est Remaining: 391.5
59 80.2 , Est Remaining: 390.0
60 81.5 , Est Remaining: 388.5
61 82.8 , Est Remaining: 387.0
62 84.1 , Est Remaining: 385.2
63 85.4 , Est Remaining: 383.7
64 86.7 , Est Remaining: 382.2
65 88.1 , Est Remaining: 380.7
66 89.4 , Est Remaining: 379.2
67 90.7 , Est Remaining: 377.7
68 92.0 , Est Remaining: 376.2
69 93.3 , Est Remaining: 374.7
70 94.7 , Est Remaining: 373.2
71 96.0 , Est Remaining: 371.8
72 97.3 , Est Remaining: 370.4
73 98.7 , Est Remaining: 368.9
74 100.0 , Est Remaining: 367.5
75 101.3 , Est Remaining: 366.1
76 102.6 , Est Remaining: 364.7
77 104.0 , Est Remaining: 363.3
78 105.3 , Est Remaining: 362.0
79 106.7 , Est Remaining: 360.6
80 108.0 , Est Remaining: 359.2
81 109.4 , Est Remaining: 357.8
82 110.7 , Est Remaining: 356.5
83 112.1 , Est Remaining: 355.1
84 113.4 , Est Remaining: 353.8
85 114.8 , Est Remaining: 352.5
86 116.1 , Est Remaining: 351.0
87 117.5 , Est Remaining: 349.7
88 118.8 , Est Remaining: 348.3
89 120.1 , Est Remaining: 346.9
90 121.5 , Est Remaining: 345.6
91 122.8 , Est Remaining: 344.2
92 124.2 , Est Remaining: 342.8
93 125.5 , Est Remaining: 341.5
94 126.9 , Est Remaining: 340.1
95 128.2 , Est Remaining: 338.8
96 129.6 , Est Remaining: 337.4
97 130.9 , Est Remaining: 336.0
98 132.3 , Est Remaining: 334.7
99 133.6 , Est Remaining: 333.4
100 135.0 , Est Remaining: 332.0
101 136.3 , Est Remaining: 330.6
102 137.6 , Est Remaining: 329.3
103 139.1 , Est Remaining: 328.1
104 140.4 , Est Remaining: 326.7
105 141.7 , Est Remaining: 325.3
106 143.1 , Est Remaining: 324.0
107 144.4 , Est Remaining: 322.6
108 145.8 , Est Remaining: 321.2
109 147.1 , Est Remaining: 319.9
110 148.4 , Est Remaining: 318.5
111 149.8 , Est Remaining: 317.1
112 151.1 , Est Remaining: 315.8
113 152.5 , Est Remaining: 314.4
114 153.8 , Est Remaining: 313.0
115 155.1 , Est Remaining: 311.6
116 156.4 , Est Remaining: 310.2
117 157.8 , Est Remaining: 308.8
EVENT FAILED
117 158.1 , Est Remaining: 309.4
118 159.4 , Est Remaining: 308.0
119 160.7 , Est Remaining: 306.6
120 162.1 , Est Remaining: 305.2
121 163.4 , Est Remaining: 303.8
122 164.7 , Est Remaining: 302.5
123 166.1 , Est Remaining: 301.1
124 167.4 , Est Remaining: 299.7
125 168.8 , Est Remaining: 298.4
126 170.1 , Est Remaining: 297.0
127 171.4 , Est Remaining: 295.6
128 172.7 , Est Remaining: 294.2
129 174.0 , Est Remaining: 292.8
130 175.4 , Est Remaining: 291.4
131 176.7 , Est Remaining: 289.9
132 178.0 , Est Remaining: 288.6
133 179.3 , Est Remaining: 287.2
134 180.7 , Est Remaining: 285.8
135 182.0 , Est Remaining: 284.4
136 183.3 , Est Remaining: 283.1
137 184.7 , Est Remaining: 281.7
138 186.0 , Est Remaining: 280.3
139 187.3 , Est Remaining: 279.0
140 188.7 , Est Remaining: 277.6
141 190.0 , Est Remaining: 276.2
142 191.3 , Est Remaining: 274.9
143 192.7 , Est Remaining: 273.5
144 194.0 , Est Remaining: 272.2
145 195.4 , Est Remaining: 270.8
146 196.7 , Est Remaining: 269.4
147 198.0 , Est Remaining: 268.1
148 199.4 , Est Remaining: 266.7
149 200.7 , Est Remaining: 265.3
150 202.0 , Est Remaining: 264.0
151 203.4 , Est Remaining: 262.6
152 204.7 , Est Remaining: 261.3
153 206.0 , Est Remaining: 259.9
154 207.4 , Est Remaining: 258.6
EVENT FAILED
154 207.7 , Est Remaining: 258.9
EVENT FAILED
154 208.0 , Est Remaining: 259.3
155 209.3 , Est Remaining: 257.9
156 210.7 , Est Remaining: 256.6
157 212.0 , Est Remaining: 255.2
158 213.3 , Est Remaining: 253.8
159 214.7 , Est Remaining: 252.5
160 216.0 , Est Remaining: 251.1
161 217.3 , Est Remaining: 249.7
162 218.7 , Est Remaining: 248.4
163 220.0 , Est Remaining: 247.0
164 221.3 , Est Remaining: 245.6
165 222.7 , Est Remaining: 244.3
166 224.0 , Est Remaining: 242.9
167 225.4 , Est Remaining: 241.6
168 226.7 , Est Remaining: 240.2
169 228.0 , Est Remaining: 238.8
170 229.4 , Est Remaining: 237.5
171 230.7 , Est Remaining: 236.1
172 232.1 , Est Remaining: 234.8
173 233.4 , Est Remaining: 233.4
174 234.7 , Est Remaining: 232.0
175 236.1 , Est Remaining: 230.7
176 237.4 , Est Remaining: 229.3
177 238.7 , Est Remaining: 228.0
178 240.1 , Est Remaining: 226.6
179 241.4 , Est Remaining: 225.2
180 242.8 , Est Remaining: 223.9
181 244.1 , Est Remaining: 222.5
182 245.4 , Est Remaining: 221.2
183 246.8 , Est Remaining: 219.8
184 248.1 , Est Remaining: 218.4
185 249.4 , Est Remaining: 217.1
EVENT FAILED
185 249.7 , Est Remaining: 217.3
186 251.1 , Est Remaining: 216.0
187 252.4 , Est Remaining: 214.6
188 253.8 , Est Remaining: 213.3
189 255.1 , Est Remaining: 211.9
190 256.4 , Est Remaining: 210.5
191 257.8 , Est Remaining: 209.2
192 259.1 , Est Remaining: 207.8
193 260.5 , Est Remaining: 206.5
194 261.8 , Est Remaining: 205.1
195 263.1 , Est Remaining: 203.8
196 264.5 , Est Remaining: 202.4
197 265.8 , Est Remaining: 201.1
198 267.2 , Est Remaining: 199.7
199 268.5 , Est Remaining: 198.3
EVENT FAILED
199 268.8 , Est Remaining: 198.6
200 270.1 , Est Remaining: 197.2
201 271.5 , Est Remaining: 195.8
202 272.8 , Est Remaining: 194.5
203 274.3 , Est Remaining: 193.2
EVENT FAILED
203 274.6 , Est Remaining: 193.4
204 275.9 , Est Remaining: 192.0
205 277.2 , Est Remaining: 190.7
206 278.6 , Est Remaining: 189.3
207 279.9 , Est Remaining: 188.0
208 281.3 , Est Remaining: 186.6
209 282.6 , Est Remaining: 185.2
210 283.9 , Est Remaining: 183.9
211 285.3 , Est Remaining: 182.5
212 286.6 , Est Remaining: 181.2
213 288.0 , Est Remaining: 179.8
214 289.3 , Est Remaining: 178.5
215 290.6 , Est Remaining: 177.1
216 292.0 , Est Remaining: 175.7
217 293.3 , Est Remaining: 174.4
218 294.7 , Est Remaining: 173.0
219 296.0 , Est Remaining: 171.6
220 297.3 , Est Remaining: 170.3
221 298.7 , Est Remaining: 168.9
222 300.0 , Est Remaining: 167.6
223 301.3 , Est Remaining: 166.2
224 302.7 , Est Remaining: 164.8
225 304.0 , Est Remaining: 163.5
226 305.3 , Est Remaining: 162.1
227 306.7 , Est Remaining: 160.8
228 308.0 , Est Remaining: 159.4
229 309.4 , Est Remaining: 158.1
230 310.7 , Est Remaining: 156.7
231 312.1 , Est Remaining: 155.4
232 313.4 , Est Remaining: 154.0
233 314.8 , Est Remaining: 152.6
234 316.1 , Est Remaining: 151.3
235 317.4 , Est Remaining: 149.9
236 318.8 , Est Remaining: 148.6
237 320.1 , Est Remaining: 147.2
238 321.5 , Est Remaining: 145.9
239 322.8 , Est Remaining: 144.5
240 324.1 , Est Remaining: 143.2
241 325.5 , Est Remaining: 141.8
242 326.8 , Est Remaining: 140.4
243 328.1 , Est Remaining: 139.1
244 329.5 , Est Remaining: 137.7
245 330.8 , Est Remaining: 136.4
246 332.2 , Est Remaining: 135.0
247 333.5 , Est Remaining: 133.7
248 334.9 , Est Remaining: 132.3
249 336.2 , Est Remaining: 131.0
250 337.5 , Est Remaining: 129.6
251 338.9 , Est Remaining: 128.3
252 340.2 , Est Remaining: 126.9
253 341.5 , Est Remaining: 125.5
254 342.9 , Est Remaining: 124.2
255 344.2 , Est Remaining: 122.8
256 345.6 , Est Remaining: 121.5
257 346.9 , Est Remaining: 120.1
258 348.2 , Est Remaining: 118.8
259 349.6 , Est Remaining: 117.4
260 350.9 , Est Remaining: 116.1
261 352.2 , Est Remaining: 114.7
262 353.5 , Est Remaining: 113.3
263 354.8 , Est Remaining: 112.0
264 356.2 , Est Remaining: 110.6
265 357.5 , Est Remaining: 109.3
266 358.8 , Est Remaining: 107.9
267 360.1 , Est Remaining: 106.5
268 361.4 , Est Remaining: 105.2
269 362.7 , Est Remaining: 103.8
270 364.0 , Est Remaining: 102.5
271 365.3 , Est Remaining: 101.1
272 366.6 , Est Remaining: 99.7
273 367.9 , Est Remaining: 98.4
274 369.2 , Est Remaining: 97.0
275 370.5 , Est Remaining: 95.7
276 371.8 , Est Remaining: 94.3
277 373.1 , Est Remaining: 92.9
278 374.4 , Est Remaining: 91.6
279 375.7 , Est Remaining: 90.2
280 377.0 , Est Remaining: 88.9
281 378.3 , Est Remaining: 87.5
282 379.5 , Est Remaining: 86.1
283 380.8 , Est Remaining: 84.8
284 382.1 , Est Remaining: 83.4
285 383.4 , Est Remaining: 82.1
286 384.7 , Est Remaining: 80.7
287 386.0 , Est Remaining: 79.3
288 387.3 , Est Remaining: 78.0
289 388.6 , Est Remaining: 76.6
290 389.8 , Est Remaining: 75.3
291 391.1 , Est Remaining: 73.9
292 392.4 , Est Remaining: 72.6
293 393.7 , Est Remaining: 71.2
294 395.0 , Est Remaining: 69.9
295 396.3 , Est Remaining: 68.5
296 397.6 , Est Remaining: 67.2
297 398.9 , Est Remaining: 65.8
298 400.2 , Est Remaining: 64.5
299 401.5 , Est Remaining: 63.1
300 402.7 , Est Remaining: 61.8
301 404.0 , Est Remaining: 60.4
302 405.5 , Est Remaining: 59.1
303 406.7 , Est Remaining: 57.7
304 408.0 , Est Remaining: 56.4
305 409.3 , Est Remaining: 55.0
306 410.6 , Est Remaining: 53.7
307 411.9 , Est Remaining: 52.3
308 413.2 , Est Remaining: 51.0
309 414.5 , Est Remaining: 49.6
310 415.8 , Est Remaining: 48.3
311 417.1 , Est Remaining: 46.9
312 418.4 , Est Remaining: 45.6
313 419.6 , Est Remaining: 44.2
314 420.9 , Est Remaining: 42.9
315 422.2 , Est Remaining: 41.6
316 423.5 , Est Remaining: 40.2
317 424.8 , Est Remaining: 38.9
318 426.1 , Est Remaining: 37.5
319 427.4 , Est Remaining: 36.2
320 428.8 , Est Remaining: 34.8
321 430.1 , Est Remaining: 33.5
322 431.4 , Est Remaining: 32.2
323 432.7 , Est Remaining: 30.8
324 434.0 , Est Remaining: 29.5
325 435.4 , Est Remaining: 28.1
326 436.7 , Est Remaining: 26.8
EVENT FAILED
326 437.0 , Est Remaining: 26.8
327 438.3 , Est Remaining: 25.5
328 439.6 , Est Remaining: 24.1
329 440.9 , Est Remaining: 22.8
EVENT FAILED
329 441.2 , Est Remaining: 22.8
330 442.5 , Est Remaining: 21.5
331 443.8 , Est Remaining: 20.1
332 445.1 , Est Remaining: 18.8
333 446.4 , Est Remaining: 17.4
334 447.7 , Est Remaining: 16.1
335 449.0 , Est Remaining: 14.7
