Note: NumExpr detected 32 cores but "NUMEXPR_MAX_THREADS" not set, so enforcing safe limit of 8.
Using selector: EpollSelector
/n/home02/jhaefner/miniconda/envs/IC-3.7-2020-06-16/lib/python3.7/site-packages/scipy/optimize/minpack.py:808: OptimizeWarning: Covariance of the parameters could not be estimated
  category=OptimizeWarning)
Total rwfs: 346
0 0.0 , Est Remaining: 999999.9
1 1.3 , Est Remaining: 441.5
2 2.7 , Est Remaining: 457.6
3 4.1 , Est Remaining: 466.3
4 5.5 , Est Remaining: 467.3
5 6.8 , Est Remaining: 466.7
6 8.2 , Est Remaining: 465.6
7 9.6 , Est Remaining: 463.5
8 11.0 , Est Remaining: 462.7
9 12.3 , Est Remaining: 461.0
10 13.7 , Est Remaining: 459.7
11 15.0 , Est Remaining: 457.7
12 16.4 , Est Remaining: 456.3
13 17.7 , Est Remaining: 454.5
14 19.1 , Est Remaining: 452.8
15 20.4 , Est Remaining: 451.1
16 21.8 , Est Remaining: 449.5
17 23.1 , Est Remaining: 448.0
18 24.5 , Est Remaining: 446.7
19 26.1 , Est Remaining: 448.5
20 27.4 , Est Remaining: 446.8
21 28.7 , Est Remaining: 444.9
22 30.1 , Est Remaining: 443.0
23 31.4 , Est Remaining: 441.2
24 32.8 , Est Remaining: 439.6
25 34.1 , Est Remaining: 437.6
26 35.4 , Est Remaining: 435.8
27 36.7 , Est Remaining: 434.1
28 38.1 , Est Remaining: 432.4
29 39.4 , Est Remaining: 430.6
30 40.7 , Est Remaining: 428.9
31 42.1 , Est Remaining: 427.4
32 43.4 , Est Remaining: 425.7
33 44.7 , Est Remaining: 424.1
34 46.0 , Est Remaining: 422.5
35 47.4 , Est Remaining: 420.9
36 48.7 , Est Remaining: 419.4
37 50.0 , Est Remaining: 417.8
38 51.4 , Est Remaining: 416.3
39 52.7 , Est Remaining: 414.8
EVENT FAILED
39 53.0 , Est Remaining: 417.1
40 54.3 , Est Remaining: 415.5
41 55.6 , Est Remaining: 413.9
42 57.0 , Est Remaining: 412.4
EVENT FAILED
42 57.3 , Est Remaining: 414.5
43 58.6 , Est Remaining: 412.9
44 59.9 , Est Remaining: 411.2
45 61.2 , Est Remaining: 409.6
46 62.6 , Est Remaining: 408.0
47 63.9 , Est Remaining: 406.5
48 65.2 , Est Remaining: 404.8
49 66.5 , Est Remaining: 403.3
50 67.9 , Est Remaining: 401.7
51 69.2 , Est Remaining: 400.2
52 70.5 , Est Remaining: 398.6
53 71.8 , Est Remaining: 397.2
54 73.2 , Est Remaining: 395.7
55 74.5 , Est Remaining: 394.3
56 75.9 , Est Remaining: 392.9
57 77.2 , Est Remaining: 391.5
58 78.5 , Est Remaining: 389.9
59 79.9 , Est Remaining: 388.6
60 81.2 , Est Remaining: 387.1
61 82.5 , Est Remaining: 385.6
62 83.9 , Est Remaining: 384.1
63 85.2 , Est Remaining: 382.6
64 86.5 , Est Remaining: 381.1
65 87.8 , Est Remaining: 379.6
66 89.1 , Est Remaining: 378.1
67 90.4 , Est Remaining: 376.6
68 91.7 , Est Remaining: 375.1
69 93.1 , Est Remaining: 373.6
70 94.4 , Est Remaining: 372.1
71 95.7 , Est Remaining: 370.6
72 97.0 , Est Remaining: 369.2
EVENT FAILED
72 97.3 , Est Remaining: 370.3
73 98.5 , Est Remaining: 368.5
74 99.8 , Est Remaining: 367.0
EVENT FAILED
74 100.1 , Est Remaining: 368.1
EVENT FAILED
74 100.4 , Est Remaining: 369.2
75 101.8 , Est Remaining: 367.7
76 103.1 , Est Remaining: 366.2
77 104.4 , Est Remaining: 364.8
78 105.7 , Est Remaining: 363.3
79 107.1 , Est Remaining: 361.9
80 108.4 , Est Remaining: 360.4
81 109.7 , Est Remaining: 359.0
82 111.1 , Est Remaining: 357.5
83 112.4 , Est Remaining: 356.1
84 113.7 , Est Remaining: 354.7
85 115.0 , Est Remaining: 353.2
86 116.4 , Est Remaining: 351.8
87 117.7 , Est Remaining: 350.4
88 119.0 , Est Remaining: 349.0
89 120.4 , Est Remaining: 347.6
90 121.7 , Est Remaining: 346.2
91 123.0 , Est Remaining: 344.8
92 124.4 , Est Remaining: 343.4
93 125.7 , Est Remaining: 342.0
94 127.0 , Est Remaining: 340.6
95 128.3 , Est Remaining: 339.1
96 129.7 , Est Remaining: 337.7
EVENT FAILED
96 130.0 , Est Remaining: 338.4
97 131.3 , Est Remaining: 337.0
98 132.6 , Est Remaining: 335.5
99 133.9 , Est Remaining: 334.1
100 135.3 , Est Remaining: 332.7
101 136.6 , Est Remaining: 331.4
102 138.0 , Est Remaining: 330.1
103 139.3 , Est Remaining: 328.7
104 140.7 , Est Remaining: 327.3
105 142.0 , Est Remaining: 326.0
EVENT FAILED
105 142.3 , Est Remaining: 326.6
106 143.6 , Est Remaining: 325.2
107 144.9 , Est Remaining: 323.7
108 146.3 , Est Remaining: 322.3
109 147.6 , Est Remaining: 320.9
110 148.9 , Est Remaining: 319.5
111 150.2 , Est Remaining: 318.0
112 151.5 , Est Remaining: 316.6
113 152.9 , Est Remaining: 315.2
114 154.2 , Est Remaining: 313.8
115 155.4 , Est Remaining: 312.2
116 156.8 , Est Remaining: 310.8
117 158.1 , Est Remaining: 309.4
118 159.4 , Est Remaining: 308.0
119 160.8 , Est Remaining: 306.6
120 162.1 , Est Remaining: 305.3
121 163.4 , Est Remaining: 303.9
122 164.8 , Est Remaining: 302.5
123 166.1 , Est Remaining: 301.2
124 167.4 , Est Remaining: 299.8
125 168.8 , Est Remaining: 298.4
126 170.1 , Est Remaining: 297.0
127 171.4 , Est Remaining: 295.6
128 172.8 , Est Remaining: 294.2
129 174.1 , Est Remaining: 292.8
130 175.4 , Est Remaining: 291.5
131 176.7 , Est Remaining: 290.0
132 178.0 , Est Remaining: 288.6
133 179.3 , Est Remaining: 287.2
134 180.6 , Est Remaining: 285.8
135 182.0 , Est Remaining: 284.4
136 183.3 , Est Remaining: 283.1
137 184.6 , Est Remaining: 281.7
138 185.9 , Est Remaining: 280.3
139 187.3 , Est Remaining: 278.9
140 188.6 , Est Remaining: 277.5
141 189.9 , Est Remaining: 276.1
142 191.2 , Est Remaining: 274.7
143 192.6 , Est Remaining: 273.4
144 193.9 , Est Remaining: 272.0
145 195.2 , Est Remaining: 270.6
146 196.6 , Est Remaining: 269.3
147 197.9 , Est Remaining: 267.9
148 199.2 , Est Remaining: 266.6
149 200.6 , Est Remaining: 265.2
150 201.9 , Est Remaining: 263.8
151 203.2 , Est Remaining: 262.5
152 204.5 , Est Remaining: 261.0
153 205.8 , Est Remaining: 259.6
154 207.0 , Est Remaining: 258.1
155 208.4 , Est Remaining: 256.7
156 209.7 , Est Remaining: 255.4
157 211.0 , Est Remaining: 254.0
158 212.3 , Est Remaining: 252.6
159 213.6 , Est Remaining: 251.2
160 214.9 , Est Remaining: 249.8
161 216.2 , Est Remaining: 248.5
162 217.5 , Est Remaining: 247.1
163 218.8 , Est Remaining: 245.7
164 220.2 , Est Remaining: 244.3
165 221.5 , Est Remaining: 242.9
166 222.8 , Est Remaining: 241.6
167 224.1 , Est Remaining: 240.2
168 225.4 , Est Remaining: 238.8
169 226.7 , Est Remaining: 237.5
170 228.1 , Est Remaining: 236.1
171 229.4 , Est Remaining: 234.8
172 230.7 , Est Remaining: 233.4
173 232.1 , Est Remaining: 232.1
174 233.4 , Est Remaining: 230.7
175 234.7 , Est Remaining: 229.4
176 236.0 , Est Remaining: 228.0
177 237.4 , Est Remaining: 226.6
178 238.7 , Est Remaining: 225.3
179 240.1 , Est Remaining: 224.0
180 241.4 , Est Remaining: 222.6
181 242.7 , Est Remaining: 221.3
182 244.0 , Est Remaining: 219.9
183 245.4 , Est Remaining: 218.5
184 246.7 , Est Remaining: 217.2
185 248.0 , Est Remaining: 215.8
186 249.3 , Est Remaining: 214.5
187 250.7 , Est Remaining: 213.1
188 252.0 , Est Remaining: 211.8
189 253.3 , Est Remaining: 210.4
EVENT FAILED
189 253.6 , Est Remaining: 210.7
190 255.0 , Est Remaining: 209.3
191 256.3 , Est Remaining: 208.0
192 257.6 , Est Remaining: 206.6
193 258.9 , Est Remaining: 205.3
194 260.3 , Est Remaining: 203.9
195 261.6 , Est Remaining: 202.6
196 262.9 , Est Remaining: 201.2
197 264.2 , Est Remaining: 199.9
198 265.6 , Est Remaining: 198.5
199 266.9 , Est Remaining: 197.1
200 268.2 , Est Remaining: 195.8
201 269.5 , Est Remaining: 194.4
202 270.9 , Est Remaining: 193.1
203 272.3 , Est Remaining: 191.8
204 273.6 , Est Remaining: 190.4
EVENT FAILED
204 273.9 , Est Remaining: 190.6
205 275.2 , Est Remaining: 189.3
206 276.5 , Est Remaining: 187.9
207 277.8 , Est Remaining: 186.6
208 279.2 , Est Remaining: 185.2
209 280.5 , Est Remaining: 183.9
210 281.8 , Est Remaining: 182.5
211 283.2 , Est Remaining: 181.2
212 284.5 , Est Remaining: 179.8
213 285.8 , Est Remaining: 178.4
214 287.1 , Est Remaining: 177.1
215 288.4 , Est Remaining: 175.8
216 289.8 , Est Remaining: 174.4
217 291.1 , Est Remaining: 173.0
218 292.4 , Est Remaining: 171.7
219 293.8 , Est Remaining: 170.4
220 295.1 , Est Remaining: 169.0
221 296.4 , Est Remaining: 167.6
222 297.7 , Est Remaining: 166.3
223 299.0 , Est Remaining: 164.9
224 300.4 , Est Remaining: 163.6
225 301.7 , Est Remaining: 162.2
226 303.0 , Est Remaining: 160.9
227 304.4 , Est Remaining: 159.6
228 305.7 , Est Remaining: 158.2
229 307.0 , Est Remaining: 156.9
230 308.4 , Est Remaining: 155.5
231 309.7 , Est Remaining: 154.2
232 311.0 , Est Remaining: 152.8
233 312.3 , Est Remaining: 151.5
234 313.7 , Est Remaining: 150.1
235 315.0 , Est Remaining: 148.8
236 316.3 , Est Remaining: 147.4
237 317.7 , Est Remaining: 146.1
238 319.0 , Est Remaining: 144.7
239 320.3 , Est Remaining: 143.4
240 321.6 , Est Remaining: 142.0
241 322.9 , Est Remaining: 140.7
242 324.3 , Est Remaining: 139.3
243 325.6 , Est Remaining: 138.0
EVENT FAILED
243 325.9 , Est Remaining: 138.1
244 327.2 , Est Remaining: 136.8
245 328.5 , Est Remaining: 135.4
246 329.8 , Est Remaining: 134.1
247 331.1 , Est Remaining: 132.7
248 332.5 , Est Remaining: 131.4
249 333.8 , Est Remaining: 130.0
250 335.1 , Est Remaining: 128.7
251 336.4 , Est Remaining: 127.3
252 337.8 , Est Remaining: 126.0
253 339.1 , Est Remaining: 124.6
254 340.4 , Est Remaining: 123.3
255 341.7 , Est Remaining: 121.9
EVENT FAILED
255 342.0 , Est Remaining: 122.1
256 343.4 , Est Remaining: 120.7
257 344.7 , Est Remaining: 119.4
258 346.0 , Est Remaining: 118.0
259 347.3 , Est Remaining: 116.7
260 348.7 , Est Remaining: 115.3
261 350.0 , Est Remaining: 114.0
262 351.3 , Est Remaining: 112.6
263 352.6 , Est Remaining: 111.3
264 353.9 , Est Remaining: 109.9
265 355.3 , Est Remaining: 108.6
266 356.6 , Est Remaining: 107.2
267 357.9 , Est Remaining: 105.9
268 359.2 , Est Remaining: 104.5
269 360.5 , Est Remaining: 103.2
270 361.8 , Est Remaining: 101.8
271 363.1 , Est Remaining: 100.5
272 364.5 , Est Remaining: 99.2
273 365.8 , Est Remaining: 97.8
274 367.1 , Est Remaining: 96.5
275 368.4 , Est Remaining: 95.1
EVENT FAILED
275 368.7 , Est Remaining: 95.2
276 370.0 , Est Remaining: 93.8
277 371.3 , Est Remaining: 92.5
278 372.6 , Est Remaining: 91.1
279 374.0 , Est Remaining: 89.8
280 375.3 , Est Remaining: 88.5
281 376.6 , Est Remaining: 87.1
282 377.9 , Est Remaining: 85.8
283 379.2 , Est Remaining: 84.4
284 380.5 , Est Remaining: 83.1
285 381.9 , Est Remaining: 81.7
286 383.2 , Est Remaining: 80.4
287 384.5 , Est Remaining: 79.0
288 385.8 , Est Remaining: 77.7
289 387.2 , Est Remaining: 76.4
290 388.5 , Est Remaining: 75.0
291 389.8 , Est Remaining: 73.7
292 391.1 , Est Remaining: 72.3
293 392.5 , Est Remaining: 71.0
294 393.8 , Est Remaining: 69.6
295 395.1 , Est Remaining: 68.3
296 396.4 , Est Remaining: 67.0
297 397.8 , Est Remaining: 65.6
298 399.1 , Est Remaining: 64.3
299 400.4 , Est Remaining: 62.9
300 401.7 , Est Remaining: 61.6
301 403.1 , Est Remaining: 60.3
302 404.5 , Est Remaining: 58.9
EVENT FAILED
302 404.8 , Est Remaining: 59.0
303 406.1 , Est Remaining: 57.6
304 407.4 , Est Remaining: 56.3
305 408.8 , Est Remaining: 54.9
306 410.1 , Est Remaining: 53.6
307 411.4 , Est Remaining: 52.3
308 412.8 , Est Remaining: 50.9
309 414.1 , Est Remaining: 49.6
310 415.5 , Est Remaining: 48.2
311 416.8 , Est Remaining: 46.9
312 418.1 , Est Remaining: 45.6
313 419.5 , Est Remaining: 44.2
314 420.8 , Est Remaining: 42.9
315 422.2 , Est Remaining: 41.5
316 423.5 , Est Remaining: 40.2
EVENT FAILED
316 423.8 , Est Remaining: 40.2
317 425.2 , Est Remaining: 38.9
318 426.5 , Est Remaining: 37.6
319 427.9 , Est Remaining: 36.2
320 429.2 , Est Remaining: 34.9
321 430.5 , Est Remaining: 33.5
322 431.9 , Est Remaining: 32.2
323 433.2 , Est Remaining: 30.8
324 434.5 , Est Remaining: 29.5
325 435.9 , Est Remaining: 28.2
326 437.2 , Est Remaining: 26.8
327 438.5 , Est Remaining: 25.5
328 439.8 , Est Remaining: 24.1
329 441.2 , Est Remaining: 22.8
330 442.5 , Est Remaining: 21.5
331 443.8 , Est Remaining: 20.1
