Note: NumExpr detected 32 cores but "NUMEXPR_MAX_THREADS" not set, so enforcing safe limit of 8.
Using selector: EpollSelector
/n/home02/jhaefner/miniconda/envs/IC-3.7-2020-06-16/lib/python3.7/site-packages/scipy/optimize/minpack.py:808: OptimizeWarning: Covariance of the parameters could not be estimated
  category=OptimizeWarning)
Total rwfs: 346
0 0.0 , Est Remaining: 999999.9
1 1.5 , Est Remaining: 529.3
2 3.1 , Est Remaining: 528.2
3 4.6 , Est Remaining: 528.3
4 6.1 , Est Remaining: 523.5
5 7.6 , Est Remaining: 519.3
6 9.1 , Est Remaining: 516.0
7 10.6 , Est Remaining: 513.3
8 12.1 , Est Remaining: 510.7
9 13.6 , Est Remaining: 508.7
10 15.1 , Est Remaining: 506.7
11 16.6 , Est Remaining: 504.8
12 18.1 , Est Remaining: 503.3
13 19.6 , Est Remaining: 501.8
14 21.1 , Est Remaining: 499.8
15 22.6 , Est Remaining: 497.6
16 24.0 , Est Remaining: 495.8
17 25.5 , Est Remaining: 494.2
18 27.0 , Est Remaining: 492.3
19 28.5 , Est Remaining: 490.3
20 30.0 , Est Remaining: 488.6
21 31.5 , Est Remaining: 486.8
22 32.9 , Est Remaining: 485.0
23 34.4 , Est Remaining: 483.1
24 35.9 , Est Remaining: 481.5
25 37.4 , Est Remaining: 479.8
26 38.8 , Est Remaining: 477.9
27 40.3 , Est Remaining: 476.1
28 41.8 , Est Remaining: 474.3
29 43.2 , Est Remaining: 472.7
30 44.7 , Est Remaining: 471.3
31 46.2 , Est Remaining: 469.6
32 47.7 , Est Remaining: 467.8
33 49.2 , Est Remaining: 466.3
34 50.6 , Est Remaining: 464.7
35 52.1 , Est Remaining: 463.0
36 53.6 , Est Remaining: 461.4
37 55.0 , Est Remaining: 459.7
38 56.5 , Est Remaining: 458.3
39 58.1 , Est Remaining: 457.0
40 59.5 , Est Remaining: 455.4
41 61.0 , Est Remaining: 453.8
42 62.5 , Est Remaining: 452.3
43 63.9 , Est Remaining: 450.6
44 65.4 , Est Remaining: 448.9
45 66.9 , Est Remaining: 447.3
46 68.3 , Est Remaining: 445.7
47 69.8 , Est Remaining: 444.0
48 71.3 , Est Remaining: 442.6
49 72.8 , Est Remaining: 441.2
50 74.3 , Est Remaining: 439.7
51 75.7 , Est Remaining: 438.2
52 77.2 , Est Remaining: 436.7
53 78.7 , Est Remaining: 435.3
54 80.2 , Est Remaining: 433.7
55 81.7 , Est Remaining: 432.2
56 83.2 , Est Remaining: 430.7
57 84.7 , Est Remaining: 429.2
58 86.2 , Est Remaining: 427.9
59 87.7 , Est Remaining: 426.4
60 89.1 , Est Remaining: 424.8
61 90.6 , Est Remaining: 423.2
62 92.0 , Est Remaining: 421.6
63 93.5 , Est Remaining: 419.9
64 94.9 , Est Remaining: 418.3
65 96.4 , Est Remaining: 416.7
66 97.9 , Est Remaining: 415.2
67 99.3 , Est Remaining: 413.5
68 100.7 , Est Remaining: 411.9
69 102.2 , Est Remaining: 410.2
70 103.6 , Est Remaining: 408.6
71 105.1 , Est Remaining: 407.0
72 106.5 , Est Remaining: 405.4
73 107.9 , Est Remaining: 403.6
74 109.3 , Est Remaining: 401.9
75 110.7 , Est Remaining: 400.2
76 112.2 , Est Remaining: 398.5
77 113.6 , Est Remaining: 396.8
78 115.0 , Est Remaining: 395.1
79 116.4 , Est Remaining: 393.4
80 117.8 , Est Remaining: 391.8
81 119.2 , Est Remaining: 390.1
82 120.7 , Est Remaining: 388.4
83 122.1 , Est Remaining: 386.8
84 123.5 , Est Remaining: 385.1
85 124.9 , Est Remaining: 383.5
86 126.3 , Est Remaining: 381.8
87 127.7 , Est Remaining: 380.1
88 129.1 , Est Remaining: 378.5
89 130.5 , Est Remaining: 376.8
90 131.8 , Est Remaining: 375.0
91 133.2 , Est Remaining: 373.3
92 134.7 , Est Remaining: 371.8
93 136.1 , Est Remaining: 370.2
94 137.5 , Est Remaining: 368.6
95 138.9 , Est Remaining: 366.9
96 140.3 , Est Remaining: 365.3
97 141.7 , Est Remaining: 363.6
98 143.1 , Est Remaining: 362.0
99 144.4 , Est Remaining: 360.4
100 145.8 , Est Remaining: 358.8
101 147.2 , Est Remaining: 357.1
102 148.6 , Est Remaining: 355.5
103 150.0 , Est Remaining: 353.9
104 151.4 , Est Remaining: 352.2
105 152.7 , Est Remaining: 350.5
106 154.1 , Est Remaining: 348.8
107 155.4 , Est Remaining: 347.2
108 156.8 , Est Remaining: 345.5
109 158.1 , Est Remaining: 343.8
110 159.5 , Est Remaining: 342.2
111 160.8 , Est Remaining: 340.5
112 162.2 , Est Remaining: 338.9
113 163.6 , Est Remaining: 337.3
114 164.9 , Est Remaining: 335.6
115 166.3 , Est Remaining: 334.0
116 167.6 , Est Remaining: 332.4
117 169.0 , Est Remaining: 330.8
118 170.3 , Est Remaining: 329.1
EVENT FAILED
118 170.6 , Est Remaining: 329.7
119 172.0 , Est Remaining: 328.1
120 173.4 , Est Remaining: 326.5
121 174.7 , Est Remaining: 324.9
122 176.0 , Est Remaining: 323.2
123 177.4 , Est Remaining: 321.6
124 178.7 , Est Remaining: 320.0
125 180.1 , Est Remaining: 318.4
126 181.5 , Est Remaining: 316.9
127 182.8 , Est Remaining: 315.3
128 184.2 , Est Remaining: 313.7
129 185.6 , Est Remaining: 312.1
130 186.9 , Est Remaining: 310.6
131 188.3 , Est Remaining: 309.0
132 189.6 , Est Remaining: 307.4
EVENT FAILED
132 189.9 , Est Remaining: 307.9
133 191.3 , Est Remaining: 306.4
134 192.6 , Est Remaining: 304.8
135 194.0 , Est Remaining: 303.2
136 195.4 , Est Remaining: 301.7
137 196.7 , Est Remaining: 300.1
138 198.1 , Est Remaining: 298.6
139 199.5 , Est Remaining: 297.1
140 200.8 , Est Remaining: 295.5
141 202.2 , Est Remaining: 294.0
142 203.6 , Est Remaining: 292.5
143 205.0 , Est Remaining: 291.0
144 206.4 , Est Remaining: 289.5
145 207.8 , Est Remaining: 288.0
146 209.2 , Est Remaining: 286.6
147 210.6 , Est Remaining: 285.1
148 212.0 , Est Remaining: 283.6
149 213.4 , Est Remaining: 282.1
150 214.8 , Est Remaining: 280.7
151 216.2 , Est Remaining: 279.2
152 217.6 , Est Remaining: 277.7
153 219.0 , Est Remaining: 276.2
154 220.4 , Est Remaining: 274.8
155 221.8 , Est Remaining: 273.3
EVENT FAILED
155 222.1 , Est Remaining: 273.7
156 223.5 , Est Remaining: 272.2
157 224.9 , Est Remaining: 270.7
158 226.3 , Est Remaining: 269.3
159 227.7 , Est Remaining: 267.8
160 229.1 , Est Remaining: 266.3
161 230.5 , Est Remaining: 264.9
EVENT FAILED
161 230.8 , Est Remaining: 265.2
162 232.2 , Est Remaining: 263.8
163 233.7 , Est Remaining: 262.3
164 235.1 , Est Remaining: 260.9
165 236.5 , Est Remaining: 259.4
166 237.9 , Est Remaining: 258.0
167 239.4 , Est Remaining: 256.6
168 240.8 , Est Remaining: 255.1
169 242.2 , Est Remaining: 253.7
170 243.7 , Est Remaining: 252.3
171 245.1 , Est Remaining: 250.8
172 246.5 , Est Remaining: 249.4
173 248.0 , Est Remaining: 248.0
174 249.4 , Est Remaining: 246.5
175 250.8 , Est Remaining: 245.1
176 252.3 , Est Remaining: 243.7
177 253.7 , Est Remaining: 242.2
178 255.1 , Est Remaining: 240.8
179 256.6 , Est Remaining: 239.4
180 258.0 , Est Remaining: 237.9
181 259.4 , Est Remaining: 236.5
182 260.9 , Est Remaining: 235.1
183 262.4 , Est Remaining: 233.7
184 263.8 , Est Remaining: 232.3
185 265.3 , Est Remaining: 230.9
186 266.7 , Est Remaining: 229.4
187 268.2 , Est Remaining: 228.0
188 269.7 , Est Remaining: 226.6
189 271.1 , Est Remaining: 225.2
190 272.6 , Est Remaining: 223.8
191 274.1 , Est Remaining: 222.4
192 275.5 , Est Remaining: 221.0
193 277.0 , Est Remaining: 219.6
194 278.5 , Est Remaining: 218.2
195 280.0 , Est Remaining: 216.8
196 281.5 , Est Remaining: 215.4
197 282.9 , Est Remaining: 214.0
198 284.4 , Est Remaining: 212.6
199 285.9 , Est Remaining: 211.2
200 287.4 , Est Remaining: 209.8
201 288.8 , Est Remaining: 208.4
202 290.3 , Est Remaining: 207.0
203 291.9 , Est Remaining: 205.6
204 293.4 , Est Remaining: 204.2
205 294.9 , Est Remaining: 202.8
206 296.3 , Est Remaining: 201.4
207 297.8 , Est Remaining: 200.0
208 299.3 , Est Remaining: 198.5
209 300.7 , Est Remaining: 197.1
210 302.2 , Est Remaining: 195.7
211 303.7 , Est Remaining: 194.3
212 305.1 , Est Remaining: 192.9
213 306.6 , Est Remaining: 191.4
214 308.0 , Est Remaining: 190.0
215 309.5 , Est Remaining: 188.6
216 310.9 , Est Remaining: 187.1
217 312.4 , Est Remaining: 185.7
218 313.8 , Est Remaining: 184.3
219 315.3 , Est Remaining: 182.8
220 316.7 , Est Remaining: 181.4
221 318.1 , Est Remaining: 179.9
222 319.6 , Est Remaining: 178.5
223 321.0 , Est Remaining: 177.1
224 322.5 , Est Remaining: 175.6
225 323.9 , Est Remaining: 174.2
226 325.4 , Est Remaining: 172.8
227 326.8 , Est Remaining: 171.3
228 328.3 , Est Remaining: 169.9
229 329.7 , Est Remaining: 168.5
230 331.2 , Est Remaining: 167.0
231 332.6 , Est Remaining: 165.6
232 334.1 , Est Remaining: 164.2
233 335.5 , Est Remaining: 162.7
234 337.0 , Est Remaining: 161.3
235 338.5 , Est Remaining: 159.9
236 339.9 , Est Remaining: 158.4
237 341.4 , Est Remaining: 157.0
238 342.8 , Est Remaining: 155.6
239 344.3 , Est Remaining: 154.1
240 345.8 , Est Remaining: 152.7
241 347.2 , Est Remaining: 151.3
242 348.7 , Est Remaining: 149.8
243 350.1 , Est Remaining: 148.4
244 351.6 , Est Remaining: 147.0
245 353.1 , Est Remaining: 145.6
246 354.6 , Est Remaining: 144.1
247 356.1 , Est Remaining: 142.7
248 357.5 , Est Remaining: 141.3
249 359.0 , Est Remaining: 139.9
250 360.5 , Est Remaining: 138.4
251 362.0 , Est Remaining: 137.0
252 363.4 , Est Remaining: 135.6
253 364.9 , Est Remaining: 134.1
254 366.4 , Est Remaining: 132.7
255 367.9 , Est Remaining: 131.3
256 369.3 , Est Remaining: 129.8
EVENT FAILED
256 369.7 , Est Remaining: 130.0
257 371.1 , Est Remaining: 128.5
258 372.6 , Est Remaining: 127.1
259 374.0 , Est Remaining: 125.6
260 375.4 , Est Remaining: 124.2
261 376.9 , Est Remaining: 122.7
262 378.3 , Est Remaining: 121.3
263 379.8 , Est Remaining: 119.9
264 381.2 , Est Remaining: 118.4
265 382.7 , Est Remaining: 117.0
266 384.2 , Est Remaining: 115.5
267 385.6 , Est Remaining: 114.1
268 387.1 , Est Remaining: 112.7
269 388.6 , Est Remaining: 111.2
270 390.1 , Est Remaining: 109.8
271 391.5 , Est Remaining: 108.4
272 393.0 , Est Remaining: 106.9
273 394.4 , Est Remaining: 105.5
274 395.9 , Est Remaining: 104.0
275 397.4 , Est Remaining: 102.6
276 398.8 , Est Remaining: 101.1
277 400.3 , Est Remaining: 99.7
278 401.7 , Est Remaining: 98.3
279 403.2 , Est Remaining: 96.8
EVENT FAILED
279 403.5 , Est Remaining: 96.9
280 404.9 , Est Remaining: 95.4
281 406.4 , Est Remaining: 94.0
282 407.9 , Est Remaining: 92.6
283 409.4 , Est Remaining: 91.1
284 410.8 , Est Remaining: 89.7
285 412.2 , Est Remaining: 88.2
286 413.7 , Est Remaining: 86.8
287 415.1 , Est Remaining: 85.3
288 416.6 , Est Remaining: 83.9
289 418.0 , Est Remaining: 82.4
290 419.5 , Est Remaining: 81.0
EVENT FAILED
290 419.8 , Est Remaining: 81.1
EVENT FAILED
290 420.1 , Est Remaining: 81.1
EVENT FAILED
290 420.4 , Est Remaining: 81.2
291 421.9 , Est Remaining: 79.7
292 423.3 , Est Remaining: 78.3
293 424.8 , Est Remaining: 76.8
294 426.3 , Est Remaining: 75.4
295 427.8 , Est Remaining: 74.0
296 429.3 , Est Remaining: 72.5
297 430.7 , Est Remaining: 71.1
298 432.2 , Est Remaining: 69.6
299 433.7 , Est Remaining: 68.2
EVENT FAILED
299 434.0 , Est Remaining: 68.2
300 435.5 , Est Remaining: 66.8
301 436.9 , Est Remaining: 65.3
302 438.6 , Est Remaining: 63.9
303 440.0 , Est Remaining: 62.4
304 441.5 , Est Remaining: 61.0
305 443.0 , Est Remaining: 59.5
306 444.4 , Est Remaining: 58.1
307 445.9 , Est Remaining: 56.6
308 447.4 , Est Remaining: 55.2
309 448.9 , Est Remaining: 53.7
310 450.3 , Est Remaining: 52.3
311 451.8 , Est Remaining: 50.8
312 453.3 , Est Remaining: 49.4
313 454.7 , Est Remaining: 47.9
314 456.2 , Est Remaining: 46.5
315 457.6 , Est Remaining: 45.0
316 459.1 , Est Remaining: 43.6
317 460.5 , Est Remaining: 42.1
318 461.9 , Est Remaining: 40.7
319 463.4 , Est Remaining: 39.2
320 464.8 , Est Remaining: 37.8
321 466.2 , Est Remaining: 36.3
322 467.7 , Est Remaining: 34.9
EVENT FAILED
322 468.0 , Est Remaining: 34.9
323 469.4 , Est Remaining: 33.4
324 470.8 , Est Remaining: 32.0
325 472.2 , Est Remaining: 30.5
326 473.6 , Est Remaining: 29.1
327 474.9 , Est Remaining: 27.6
328 476.3 , Est Remaining: 26.1
329 477.8 , Est Remaining: 24.7
330 479.2 , Est Remaining: 23.2
331 480.6 , Est Remaining: 21.8
332 482.0 , Est Remaining: 20.3
333 483.4 , Est Remaining: 18.9
334 484.8 , Est Remaining: 17.4
