Note: NumExpr detected 32 cores but "NUMEXPR_MAX_THREADS" not set, so enforcing safe limit of 8.
Using selector: EpollSelector
/n/home02/jhaefner/miniconda/envs/IC-3.7-2020-06-16/lib/python3.7/site-packages/scipy/optimize/minpack.py:808: OptimizeWarning: Covariance of the parameters could not be estimated
  category=OptimizeWarning)
Total rwfs: 346
0 0.0 , Est Remaining: 999999.9
1 1.4 , Est Remaining: 481.5
2 2.8 , Est Remaining: 481.3
3 4.2 , Est Remaining: 481.4
4 5.6 , Est Remaining: 479.5
5 7.0 , Est Remaining: 475.3
6 8.3 , Est Remaining: 473.0
7 9.7 , Est Remaining: 469.8
8 11.1 , Est Remaining: 467.0
9 12.4 , Est Remaining: 465.2
10 13.8 , Est Remaining: 464.4
11 15.2 , Est Remaining: 462.3
12 16.5 , Est Remaining: 460.5
13 17.9 , Est Remaining: 458.4
14 19.3 , Est Remaining: 456.5
15 20.6 , Est Remaining: 454.7
16 22.0 , Est Remaining: 453.3
17 23.3 , Est Remaining: 451.4
18 24.7 , Est Remaining: 449.6
19 26.0 , Est Remaining: 447.7
20 27.4 , Est Remaining: 446.0
21 28.7 , Est Remaining: 444.4
22 30.1 , Est Remaining: 442.8
23 31.4 , Est Remaining: 441.2
24 32.8 , Est Remaining: 439.6
EVENT FAILED
24 33.1 , Est Remaining: 443.5
25 34.4 , Est Remaining: 442.0
26 35.8 , Est Remaining: 440.7
27 37.2 , Est Remaining: 439.2
EVENT FAILED
27 37.5 , Est Remaining: 442.8
28 38.8 , Est Remaining: 440.9
29 40.2 , Est Remaining: 439.0
30 41.5 , Est Remaining: 437.1
31 42.9 , Est Remaining: 435.5
32 44.2 , Est Remaining: 433.7
33 45.5 , Est Remaining: 431.9
34 46.9 , Est Remaining: 430.2
35 48.2 , Est Remaining: 428.5
36 49.6 , Est Remaining: 426.8
37 50.9 , Est Remaining: 425.3
38 52.3 , Est Remaining: 423.7
EVENT FAILED
38 52.6 , Est Remaining: 426.1
39 53.9 , Est Remaining: 424.4
40 55.3 , Est Remaining: 422.8
41 56.6 , Est Remaining: 421.1
42 58.0 , Est Remaining: 419.5
43 59.3 , Est Remaining: 417.8
44 60.6 , Est Remaining: 416.1
45 62.0 , Est Remaining: 414.5
46 63.3 , Est Remaining: 412.9
47 64.6 , Est Remaining: 411.2
48 66.0 , Est Remaining: 409.7
49 67.3 , Est Remaining: 408.2
50 68.7 , Est Remaining: 406.7
51 70.1 , Est Remaining: 405.4
52 71.4 , Est Remaining: 403.9
53 72.8 , Est Remaining: 402.4
54 74.1 , Est Remaining: 400.9
55 75.5 , Est Remaining: 399.4
56 76.8 , Est Remaining: 397.9
57 78.2 , Est Remaining: 396.5
58 79.5 , Est Remaining: 394.9
EVENT FAILED
58 79.8 , Est Remaining: 396.4
59 81.2 , Est Remaining: 395.0
60 82.5 , Est Remaining: 393.4
61 83.9 , Est Remaining: 391.9
62 85.2 , Est Remaining: 390.4
63 86.6 , Est Remaining: 388.9
64 87.9 , Est Remaining: 387.4
65 89.3 , Est Remaining: 385.9
66 90.6 , Est Remaining: 384.5
67 92.0 , Est Remaining: 383.0
68 93.3 , Est Remaining: 381.5
69 94.7 , Est Remaining: 380.0
EVENT FAILED
69 95.0 , Est Remaining: 381.2
70 96.3 , Est Remaining: 379.7
71 97.7 , Est Remaining: 378.2
72 99.0 , Est Remaining: 376.7
73 100.3 , Est Remaining: 375.2
74 101.7 , Est Remaining: 373.8
75 103.0 , Est Remaining: 372.3
76 104.4 , Est Remaining: 370.8
77 105.7 , Est Remaining: 369.3
78 107.1 , Est Remaining: 367.9
79 108.4 , Est Remaining: 366.4
80 109.8 , Est Remaining: 364.9
81 111.1 , Est Remaining: 363.5
82 112.4 , Est Remaining: 362.0
83 113.8 , Est Remaining: 360.6
84 115.1 , Est Remaining: 359.1
85 116.5 , Est Remaining: 357.7
86 117.8 , Est Remaining: 356.2
87 119.2 , Est Remaining: 354.8
88 120.6 , Est Remaining: 353.5
89 121.9 , Est Remaining: 352.1
90 123.3 , Est Remaining: 350.6
91 124.6 , Est Remaining: 349.2
92 126.0 , Est Remaining: 347.8
93 127.3 , Est Remaining: 346.3
94 128.6 , Est Remaining: 344.9
95 130.0 , Est Remaining: 343.5
96 131.4 , Est Remaining: 342.1
EVENT FAILED
96 131.7 , Est Remaining: 342.9
97 133.0 , Est Remaining: 341.4
98 134.4 , Est Remaining: 340.0
99 135.7 , Est Remaining: 338.6
100 137.0 , Est Remaining: 337.1
101 138.4 , Est Remaining: 335.7
102 139.7 , Est Remaining: 334.3
103 141.2 , Est Remaining: 333.1
104 142.5 , Est Remaining: 331.6
105 143.8 , Est Remaining: 330.2
106 145.2 , Est Remaining: 328.7
107 146.5 , Est Remaining: 327.3
108 147.9 , Est Remaining: 325.9
109 149.2 , Est Remaining: 324.5
110 150.6 , Est Remaining: 323.1
111 151.9 , Est Remaining: 321.7
112 153.3 , Est Remaining: 320.2
EVENT FAILED
112 153.6 , Est Remaining: 320.8
113 154.9 , Est Remaining: 319.4
114 156.2 , Est Remaining: 318.0
115 157.6 , Est Remaining: 316.5
116 158.9 , Est Remaining: 315.1
117 160.2 , Est Remaining: 313.6
118 161.6 , Est Remaining: 312.2
119 162.9 , Est Remaining: 310.8
120 164.3 , Est Remaining: 309.4
121 165.7 , Est Remaining: 308.0
122 167.0 , Est Remaining: 306.7
123 168.4 , Est Remaining: 305.3
124 169.7 , Est Remaining: 303.9
EVENT FAILED
124 170.1 , Est Remaining: 304.5
125 171.4 , Est Remaining: 303.0
126 172.7 , Est Remaining: 301.6
127 174.1 , Est Remaining: 300.2
128 175.4 , Est Remaining: 298.7
129 176.6 , Est Remaining: 297.1
130 178.0 , Est Remaining: 295.7
131 179.3 , Est Remaining: 294.3
132 180.7 , Est Remaining: 293.0
133 182.1 , Est Remaining: 291.6
134 183.5 , Est Remaining: 290.2
135 184.8 , Est Remaining: 288.9
136 186.2 , Est Remaining: 287.5
137 187.5 , Est Remaining: 286.1
138 188.9 , Est Remaining: 284.7
139 190.2 , Est Remaining: 283.3
140 191.6 , Est Remaining: 281.9
141 192.9 , Est Remaining: 280.5
142 194.3 , Est Remaining: 279.1
143 195.6 , Est Remaining: 277.7
144 197.0 , Est Remaining: 276.4
145 198.4 , Est Remaining: 275.0
146 199.7 , Est Remaining: 273.6
147 201.1 , Est Remaining: 272.2
148 202.4 , Est Remaining: 270.8
149 203.8 , Est Remaining: 269.4
150 205.1 , Est Remaining: 268.0
151 206.5 , Est Remaining: 266.7
152 207.9 , Est Remaining: 265.3
153 209.2 , Est Remaining: 263.9
154 210.6 , Est Remaining: 262.5
155 211.9 , Est Remaining: 261.1
156 213.3 , Est Remaining: 259.8
157 214.7 , Est Remaining: 258.4
158 216.0 , Est Remaining: 257.0
159 217.3 , Est Remaining: 255.6
160 218.7 , Est Remaining: 254.2
161 220.0 , Est Remaining: 252.8
162 221.4 , Est Remaining: 251.5
163 222.8 , Est Remaining: 250.1
164 224.1 , Est Remaining: 248.7
165 225.5 , Est Remaining: 247.4
166 226.8 , Est Remaining: 246.0
167 228.2 , Est Remaining: 244.6
168 229.6 , Est Remaining: 243.3
169 231.0 , Est Remaining: 241.9
170 232.3 , Est Remaining: 240.5
171 233.7 , Est Remaining: 239.1
EVENT FAILED
171 234.0 , Est Remaining: 239.4
172 235.3 , Est Remaining: 238.1
173 236.7 , Est Remaining: 236.7
174 238.0 , Est Remaining: 235.3
175 239.4 , Est Remaining: 234.0
176 240.8 , Est Remaining: 232.6
177 242.2 , Est Remaining: 231.2
178 243.5 , Est Remaining: 229.8
179 244.9 , Est Remaining: 228.5
180 246.2 , Est Remaining: 227.1
181 247.6 , Est Remaining: 225.7
182 248.9 , Est Remaining: 224.3
183 250.3 , Est Remaining: 222.9
184 251.7 , Est Remaining: 221.6
185 253.0 , Est Remaining: 220.2
186 254.4 , Est Remaining: 218.8
187 255.7 , Est Remaining: 217.4
188 257.1 , Est Remaining: 216.0
189 258.4 , Est Remaining: 214.7
190 259.7 , Est Remaining: 213.2
191 261.1 , Est Remaining: 211.9
192 262.4 , Est Remaining: 210.5
193 263.8 , Est Remaining: 209.1
194 265.1 , Est Remaining: 207.7
195 266.5 , Est Remaining: 206.3
196 267.8 , Est Remaining: 205.0
197 269.2 , Est Remaining: 203.6
198 270.5 , Est Remaining: 202.2
199 271.9 , Est Remaining: 200.8
200 273.2 , Est Remaining: 199.5
201 274.6 , Est Remaining: 198.1
202 275.9 , Est Remaining: 196.7
203 277.4 , Est Remaining: 195.4
204 278.7 , Est Remaining: 194.0
205 280.1 , Est Remaining: 192.6
206 281.4 , Est Remaining: 191.3
207 282.8 , Est Remaining: 189.9
208 284.2 , Est Remaining: 188.5
209 285.5 , Est Remaining: 187.2
210 286.9 , Est Remaining: 185.8
211 288.2 , Est Remaining: 184.4
212 289.6 , Est Remaining: 183.0
213 290.9 , Est Remaining: 181.7
214 292.3 , Est Remaining: 180.3
215 293.6 , Est Remaining: 178.9
216 295.0 , Est Remaining: 177.5
EVENT FAILED
216 295.3 , Est Remaining: 177.7
217 296.7 , Est Remaining: 176.4
218 298.0 , Est Remaining: 175.0
219 299.4 , Est Remaining: 173.6
220 300.7 , Est Remaining: 172.2
221 302.1 , Est Remaining: 170.9
222 303.4 , Est Remaining: 169.5
223 304.8 , Est Remaining: 168.1
224 306.1 , Est Remaining: 166.7
225 307.5 , Est Remaining: 165.4
226 308.8 , Est Remaining: 164.0
227 310.2 , Est Remaining: 162.6
228 311.5 , Est Remaining: 161.2
EVENT FAILED
228 311.8 , Est Remaining: 161.4
229 313.2 , Est Remaining: 160.0
230 314.5 , Est Remaining: 158.6
231 315.9 , Est Remaining: 157.2
232 317.2 , Est Remaining: 155.9
233 318.5 , Est Remaining: 154.5
234 319.9 , Est Remaining: 153.1
235 321.2 , Est Remaining: 151.7
236 322.5 , Est Remaining: 150.3
237 323.9 , Est Remaining: 149.0
238 325.2 , Est Remaining: 147.6
239 326.5 , Est Remaining: 146.2
240 327.9 , Est Remaining: 144.8
241 329.2 , Est Remaining: 143.4
242 330.6 , Est Remaining: 142.1
243 331.9 , Est Remaining: 140.7
244 333.3 , Est Remaining: 139.3
245 334.6 , Est Remaining: 137.9
246 336.0 , Est Remaining: 136.6
247 337.3 , Est Remaining: 135.2
248 338.7 , Est Remaining: 133.8
249 340.0 , Est Remaining: 132.5
250 341.4 , Est Remaining: 131.1
251 342.7 , Est Remaining: 129.7
252 344.1 , Est Remaining: 128.3
253 345.4 , Est Remaining: 127.0
254 346.8 , Est Remaining: 125.6
255 348.1 , Est Remaining: 124.2
256 349.5 , Est Remaining: 122.9
257 350.8 , Est Remaining: 121.5
258 352.2 , Est Remaining: 120.1
259 353.6 , Est Remaining: 118.8
260 354.9 , Est Remaining: 117.4
261 356.3 , Est Remaining: 116.0
262 357.6 , Est Remaining: 114.7
263 359.0 , Est Remaining: 113.3
264 360.4 , Est Remaining: 111.9
265 361.7 , Est Remaining: 110.6
266 363.1 , Est Remaining: 109.2
267 364.4 , Est Remaining: 107.8
268 365.8 , Est Remaining: 106.5
269 367.1 , Est Remaining: 105.1
270 368.5 , Est Remaining: 103.7
271 369.8 , Est Remaining: 102.4
272 371.2 , Est Remaining: 101.0
273 372.5 , Est Remaining: 99.6
274 373.9 , Est Remaining: 98.2
275 375.2 , Est Remaining: 96.9
276 376.6 , Est Remaining: 95.5
277 377.9 , Est Remaining: 94.1
278 379.3 , Est Remaining: 92.8
EVENT FAILED
278 379.6 , Est Remaining: 92.8
279 380.9 , Est Remaining: 91.5
280 382.3 , Est Remaining: 90.1
281 383.7 , Est Remaining: 88.7
282 385.0 , Est Remaining: 87.4
283 386.4 , Est Remaining: 86.0
284 387.7 , Est Remaining: 84.6
285 389.1 , Est Remaining: 83.3
286 390.4 , Est Remaining: 81.9
287 391.8 , Est Remaining: 80.5
288 393.1 , Est Remaining: 79.2
289 394.5 , Est Remaining: 77.8
290 395.8 , Est Remaining: 76.4
291 397.2 , Est Remaining: 75.1
292 398.5 , Est Remaining: 73.7
293 399.9 , Est Remaining: 72.3
294 401.3 , Est Remaining: 71.0
295 402.6 , Est Remaining: 69.6
296 404.0 , Est Remaining: 68.2
EVENT FAILED
296 404.3 , Est Remaining: 68.3
297 405.6 , Est Remaining: 66.9
298 407.0 , Est Remaining: 65.6
299 408.4 , Est Remaining: 64.2
300 409.7 , Est Remaining: 62.8
301 411.1 , Est Remaining: 61.5
302 412.6 , Est Remaining: 60.1
303 413.9 , Est Remaining: 58.7
304 415.3 , Est Remaining: 57.4
305 416.7 , Est Remaining: 56.0
306 418.0 , Est Remaining: 54.6
307 419.4 , Est Remaining: 53.3
308 420.7 , Est Remaining: 51.9
309 422.1 , Est Remaining: 50.5
310 423.4 , Est Remaining: 49.2
311 424.8 , Est Remaining: 47.8
312 426.2 , Est Remaining: 46.4
313 427.5 , Est Remaining: 45.1
314 428.9 , Est Remaining: 43.7
315 430.2 , Est Remaining: 42.3
316 431.6 , Est Remaining: 41.0
317 432.9 , Est Remaining: 39.6
318 434.3 , Est Remaining: 38.2
319 435.6 , Est Remaining: 36.9
320 436.9 , Est Remaining: 35.5
321 438.3 , Est Remaining: 34.1
322 439.6 , Est Remaining: 32.8
323 441.0 , Est Remaining: 31.4
324 442.3 , Est Remaining: 30.0
325 443.6 , Est Remaining: 28.7
326 445.0 , Est Remaining: 27.3
327 446.3 , Est Remaining: 25.9
328 447.6 , Est Remaining: 24.6
329 448.9 , Est Remaining: 23.2
330 450.2 , Est Remaining: 21.8
331 451.5 , Est Remaining: 20.5
EVENT FAILED
331 451.8 , Est Remaining: 20.5
