Note: NumExpr detected 32 cores but "NUMEXPR_MAX_THREADS" not set, so enforcing safe limit of 8.
Using selector: EpollSelector
/n/home02/jhaefner/miniconda/envs/IC-3.7-2020-06-16/lib/python3.7/site-packages/scipy/optimize/minpack.py:808: OptimizeWarning: Covariance of the parameters could not be estimated
  category=OptimizeWarning)
Total rwfs: 346
0 0.0 , Est Remaining: 999999.9
1 1.4 , Est Remaining: 470.9
2 2.7 , Est Remaining: 467.5
3 4.1 , Est Remaining: 465.7
4 5.4 , Est Remaining: 464.3
5 6.8 , Est Remaining: 460.7
6 8.1 , Est Remaining: 458.3
7 9.4 , Est Remaining: 455.9
8 10.8 , Est Remaining: 454.7
9 12.1 , Est Remaining: 453.5
10 13.4 , Est Remaining: 451.7
11 14.8 , Est Remaining: 449.4
12 16.1 , Est Remaining: 448.1
13 17.4 , Est Remaining: 446.5
14 18.8 , Est Remaining: 445.1
15 20.1 , Est Remaining: 443.4
16 21.4 , Est Remaining: 442.4
17 22.8 , Est Remaining: 440.8
18 24.1 , Est Remaining: 439.5
19 25.5 , Est Remaining: 438.2
20 26.8 , Est Remaining: 436.6
21 28.1 , Est Remaining: 435.3
22 29.5 , Est Remaining: 434.0
23 30.8 , Est Remaining: 432.4
24 32.1 , Est Remaining: 430.9
25 33.5 , Est Remaining: 429.7
26 34.8 , Est Remaining: 428.2
27 36.1 , Est Remaining: 426.9
28 37.5 , Est Remaining: 425.8
29 38.8 , Est Remaining: 424.6
30 40.2 , Est Remaining: 423.1
31 41.5 , Est Remaining: 421.5
32 42.8 , Est Remaining: 420.2
33 44.2 , Est Remaining: 418.8
34 45.5 , Est Remaining: 417.4
35 46.8 , Est Remaining: 415.9
36 48.1 , Est Remaining: 414.4
37 49.4 , Est Remaining: 412.9
EVENT FAILED
37 49.7 , Est Remaining: 415.4
38 51.1 , Est Remaining: 414.1
39 52.4 , Est Remaining: 412.7
40 53.8 , Est Remaining: 411.3
41 55.1 , Est Remaining: 409.9
42 56.4 , Est Remaining: 408.5
43 57.8 , Est Remaining: 407.0
44 59.1 , Est Remaining: 405.6
EVENT FAILED
44 59.4 , Est Remaining: 407.6
45 60.7 , Est Remaining: 406.1
46 62.0 , Est Remaining: 404.6
47 63.4 , Est Remaining: 403.2
48 64.7 , Est Remaining: 401.8
49 66.1 , Est Remaining: 400.5
50 67.4 , Est Remaining: 399.1
51 68.8 , Est Remaining: 397.7
52 70.1 , Est Remaining: 396.3
53 71.4 , Est Remaining: 394.9
EVENT FAILED
53 71.7 , Est Remaining: 396.5
54 73.1 , Est Remaining: 395.0
55 74.4 , Est Remaining: 393.6
56 75.7 , Est Remaining: 392.1
57 77.1 , Est Remaining: 390.7
58 78.4 , Est Remaining: 389.2
59 79.7 , Est Remaining: 387.7
60 81.0 , Est Remaining: 386.3
61 82.4 , Est Remaining: 384.8
62 83.7 , Est Remaining: 383.4
63 85.0 , Est Remaining: 381.8
64 86.3 , Est Remaining: 380.5
65 87.7 , Est Remaining: 379.1
66 89.0 , Est Remaining: 377.6
67 90.3 , Est Remaining: 376.2
68 91.7 , Est Remaining: 374.8
69 93.0 , Est Remaining: 373.4
70 94.4 , Est Remaining: 372.0
71 95.7 , Est Remaining: 370.6
72 97.0 , Est Remaining: 369.3
73 98.4 , Est Remaining: 367.9
74 99.7 , Est Remaining: 366.5
75 101.1 , Est Remaining: 365.2
76 102.4 , Est Remaining: 363.8
77 103.7 , Est Remaining: 362.4
78 105.1 , Est Remaining: 361.0
79 106.4 , Est Remaining: 359.6
80 107.8 , Est Remaining: 358.3
81 109.1 , Est Remaining: 356.9
82 110.4 , Est Remaining: 355.5
83 111.8 , Est Remaining: 354.1
84 113.1 , Est Remaining: 352.7
85 114.4 , Est Remaining: 351.3
86 115.8 , Est Remaining: 350.0
87 117.1 , Est Remaining: 348.6
88 118.4 , Est Remaining: 347.2
89 119.8 , Est Remaining: 345.8
90 121.1 , Est Remaining: 344.4
91 122.4 , Est Remaining: 343.0
92 123.8 , Est Remaining: 341.7
93 125.1 , Est Remaining: 340.4
94 126.4 , Est Remaining: 339.0
95 127.8 , Est Remaining: 337.6
96 129.1 , Est Remaining: 336.2
97 130.4 , Est Remaining: 334.7
98 131.7 , Est Remaining: 333.3
99 133.0 , Est Remaining: 331.9
100 134.4 , Est Remaining: 330.5
101 135.7 , Est Remaining: 329.1
102 137.0 , Est Remaining: 327.7
103 138.4 , Est Remaining: 326.6
EVENT FAILED
103 138.7 , Est Remaining: 327.2
104 140.0 , Est Remaining: 325.9
105 141.4 , Est Remaining: 324.5
106 142.7 , Est Remaining: 323.1
107 144.0 , Est Remaining: 321.7
108 145.4 , Est Remaining: 320.3
109 146.7 , Est Remaining: 319.0
EVENT FAILED
109 147.0 , Est Remaining: 319.6
110 148.3 , Est Remaining: 318.2
111 149.7 , Est Remaining: 316.9
112 151.0 , Est Remaining: 315.5
113 152.3 , Est Remaining: 314.1
114 153.7 , Est Remaining: 312.7
115 155.0 , Est Remaining: 311.3
116 156.3 , Est Remaining: 309.9
117 157.7 , Est Remaining: 308.6
118 159.0 , Est Remaining: 307.2
119 160.3 , Est Remaining: 305.8
EVENT FAILED
119 160.6 , Est Remaining: 306.4
EVENT FAILED
119 160.9 , Est Remaining: 306.9
120 162.2 , Est Remaining: 305.5
121 163.5 , Est Remaining: 304.1
122 164.9 , Est Remaining: 302.7
123 166.5 , Est Remaining: 301.8
124 167.8 , Est Remaining: 300.4
125 169.2 , Est Remaining: 299.1
126 170.5 , Est Remaining: 297.7
127 171.9 , Est Remaining: 296.3
128 173.2 , Est Remaining: 295.0
129 174.6 , Est Remaining: 293.6
130 175.9 , Est Remaining: 292.3
131 177.2 , Est Remaining: 290.9
132 178.6 , Est Remaining: 289.5
133 179.9 , Est Remaining: 288.1
134 181.3 , Est Remaining: 286.8
135 182.6 , Est Remaining: 285.4
136 183.9 , Est Remaining: 284.0
137 185.3 , Est Remaining: 282.6
138 186.6 , Est Remaining: 281.3
139 187.9 , Est Remaining: 279.9
140 189.3 , Est Remaining: 278.5
141 190.6 , Est Remaining: 277.1
142 191.9 , Est Remaining: 275.7
143 193.3 , Est Remaining: 274.3
144 194.6 , Est Remaining: 273.0
145 195.9 , Est Remaining: 271.6
146 197.3 , Est Remaining: 270.2
EVENT FAILED
146 197.5 , Est Remaining: 270.6
147 198.9 , Est Remaining: 269.2
EVENT FAILED
147 199.2 , Est Remaining: 269.6
148 200.5 , Est Remaining: 268.2
149 201.8 , Est Remaining: 266.9
150 203.2 , Est Remaining: 265.5
151 204.4 , Est Remaining: 264.0
152 205.8 , Est Remaining: 262.6
153 207.1 , Est Remaining: 261.2
154 208.4 , Est Remaining: 259.8
155 209.7 , Est Remaining: 258.5
156 211.1 , Est Remaining: 257.1
157 212.4 , Est Remaining: 255.7
158 213.7 , Est Remaining: 254.3
159 215.1 , Est Remaining: 252.9
160 216.4 , Est Remaining: 251.6
161 217.7 , Est Remaining: 250.2
162 219.0 , Est Remaining: 248.8
163 220.4 , Est Remaining: 247.4
164 221.7 , Est Remaining: 246.1
165 223.1 , Est Remaining: 244.7
166 224.4 , Est Remaining: 243.3
167 225.7 , Est Remaining: 242.0
EVENT FAILED
167 226.0 , Est Remaining: 242.3
168 227.4 , Est Remaining: 240.9
169 228.7 , Est Remaining: 239.5
170 230.0 , Est Remaining: 238.2
171 231.4 , Est Remaining: 236.8
172 232.7 , Est Remaining: 235.4
173 234.0 , Est Remaining: 234.0
174 235.4 , Est Remaining: 232.7
175 236.7 , Est Remaining: 231.3
176 238.1 , Est Remaining: 229.9
177 239.4 , Est Remaining: 228.6
178 240.8 , Est Remaining: 227.2
179 242.1 , Est Remaining: 225.9
180 243.4 , Est Remaining: 224.5
181 244.8 , Est Remaining: 223.1
182 246.1 , Est Remaining: 221.8
EVENT FAILED
182 246.4 , Est Remaining: 222.0
183 247.7 , Est Remaining: 220.6
184 249.0 , Est Remaining: 219.3
185 250.4 , Est Remaining: 217.9
186 251.7 , Est Remaining: 216.5
187 253.0 , Est Remaining: 215.2
188 254.4 , Est Remaining: 213.8
189 255.7 , Est Remaining: 212.4
190 257.0 , Est Remaining: 211.0
191 258.4 , Est Remaining: 209.7
192 259.7 , Est Remaining: 208.3
193 261.0 , Est Remaining: 206.9
194 262.4 , Est Remaining: 205.6
195 263.7 , Est Remaining: 204.2
196 265.0 , Est Remaining: 202.8
197 266.3 , Est Remaining: 201.4
198 267.7 , Est Remaining: 200.1
199 269.0 , Est Remaining: 198.7
200 270.3 , Est Remaining: 197.4
201 271.8 , Est Remaining: 196.1
202 273.1 , Est Remaining: 194.7
203 274.5 , Est Remaining: 193.3
204 275.8 , Est Remaining: 192.0
205 277.1 , Est Remaining: 190.6
206 278.5 , Est Remaining: 189.2
207 279.8 , Est Remaining: 187.9
208 281.1 , Est Remaining: 186.5
209 282.4 , Est Remaining: 185.1
210 283.7 , Est Remaining: 183.8
211 285.1 , Est Remaining: 182.4
212 286.4 , Est Remaining: 181.0
213 287.7 , Est Remaining: 179.7
214 289.0 , Est Remaining: 178.3
215 290.3 , Est Remaining: 176.9
216 291.7 , Est Remaining: 175.5
217 293.0 , Est Remaining: 174.2
218 294.3 , Est Remaining: 172.8
219 295.6 , Est Remaining: 171.4
220 296.9 , Est Remaining: 170.1
221 298.2 , Est Remaining: 168.7
222 299.5 , Est Remaining: 167.3
223 300.8 , Est Remaining: 165.9
224 302.1 , Est Remaining: 164.6
225 303.5 , Est Remaining: 163.2
226 304.8 , Est Remaining: 161.8
227 306.1 , Est Remaining: 160.5
228 307.4 , Est Remaining: 159.1
229 308.7 , Est Remaining: 157.7
230 310.1 , Est Remaining: 156.4
EVENT FAILED
230 310.4 , Est Remaining: 156.5
231 311.7 , Est Remaining: 155.2
232 313.0 , Est Remaining: 153.8
233 314.3 , Est Remaining: 152.4
EVENT FAILED
233 314.6 , Est Remaining: 152.6
234 315.9 , Est Remaining: 151.2
235 317.3 , Est Remaining: 149.9
236 318.6 , Est Remaining: 148.5
237 319.9 , Est Remaining: 147.1
238 321.2 , Est Remaining: 145.8
239 322.6 , Est Remaining: 144.4
EVENT FAILED
239 322.9 , Est Remaining: 144.5
240 324.2 , Est Remaining: 143.2
241 325.5 , Est Remaining: 141.8
242 326.8 , Est Remaining: 140.5
243 328.1 , Est Remaining: 139.1
244 329.5 , Est Remaining: 137.7
EVENT FAILED
244 329.8 , Est Remaining: 137.9
245 331.1 , Est Remaining: 136.5
246 332.4 , Est Remaining: 135.1
247 333.7 , Est Remaining: 133.8
248 335.1 , Est Remaining: 132.4
249 336.4 , Est Remaining: 131.0
250 337.7 , Est Remaining: 129.7
251 339.0 , Est Remaining: 128.3
252 340.3 , Est Remaining: 126.9
253 341.7 , Est Remaining: 125.6
254 343.0 , Est Remaining: 124.2
255 344.3 , Est Remaining: 122.9
256 345.6 , Est Remaining: 121.5
257 346.9 , Est Remaining: 120.1
258 348.2 , Est Remaining: 118.8
259 349.6 , Est Remaining: 117.4
260 350.9 , Est Remaining: 116.1
261 352.2 , Est Remaining: 114.7
262 353.5 , Est Remaining: 113.4
263 354.9 , Est Remaining: 112.0
264 356.2 , Est Remaining: 110.6
265 357.5 , Est Remaining: 109.3
266 358.9 , Est Remaining: 107.9
267 360.2 , Est Remaining: 106.6
268 361.5 , Est Remaining: 105.2
269 362.8 , Est Remaining: 103.9
270 364.2 , Est Remaining: 102.5
271 365.5 , Est Remaining: 101.2
272 366.8 , Est Remaining: 99.8
EVENT FAILED
272 367.1 , Est Remaining: 99.9
273 368.4 , Est Remaining: 98.5
274 369.8 , Est Remaining: 97.2
275 371.1 , Est Remaining: 95.8
276 372.4 , Est Remaining: 94.5
277 373.8 , Est Remaining: 93.1
278 375.1 , Est Remaining: 91.8
279 376.4 , Est Remaining: 90.4
280 377.8 , Est Remaining: 89.0
281 379.1 , Est Remaining: 87.7
282 380.4 , Est Remaining: 86.3
283 381.8 , Est Remaining: 85.0
284 383.1 , Est Remaining: 83.6
285 384.5 , Est Remaining: 82.3
286 385.8 , Est Remaining: 80.9
287 387.1 , Est Remaining: 79.6
288 388.5 , Est Remaining: 78.2
289 389.8 , Est Remaining: 76.9
290 391.1 , Est Remaining: 75.5
291 392.5 , Est Remaining: 74.2
292 393.8 , Est Remaining: 72.8
293 395.1 , Est Remaining: 71.5
294 396.5 , Est Remaining: 70.1
295 397.8 , Est Remaining: 68.8
296 399.1 , Est Remaining: 67.4
297 400.5 , Est Remaining: 66.1
298 401.8 , Est Remaining: 64.7
299 403.2 , Est Remaining: 63.4
300 404.5 , Est Remaining: 62.0
301 406.0 , Est Remaining: 60.7
302 407.3 , Est Remaining: 59.3
303 408.6 , Est Remaining: 58.0
304 410.0 , Est Remaining: 56.6
305 411.2 , Est Remaining: 55.3
306 412.5 , Est Remaining: 53.9
307 413.8 , Est Remaining: 52.6
308 415.2 , Est Remaining: 51.2
EVENT FAILED
308 415.5 , Est Remaining: 51.3
309 416.8 , Est Remaining: 49.9
310 418.1 , Est Remaining: 48.6
311 419.5 , Est Remaining: 47.2
312 420.8 , Est Remaining: 45.9
313 422.1 , Est Remaining: 44.5
314 423.4 , Est Remaining: 43.2
315 424.8 , Est Remaining: 41.8
316 426.1 , Est Remaining: 40.5
317 427.4 , Est Remaining: 39.1
318 428.7 , Est Remaining: 37.7
319 430.0 , Est Remaining: 36.4
320 431.4 , Est Remaining: 35.0
321 432.7 , Est Remaining: 33.7
322 434.0 , Est Remaining: 32.3
323 435.3 , Est Remaining: 31.0
324 436.7 , Est Remaining: 29.6
325 438.0 , Est Remaining: 28.3
EVENT FAILED
325 438.3 , Est Remaining: 28.3
326 439.6 , Est Remaining: 27.0
327 440.9 , Est Remaining: 25.6
