Note: NumExpr detected 32 cores but "NUMEXPR_MAX_THREADS" not set, so enforcing safe limit of 8.
Using selector: EpollSelector
/n/home02/jhaefner/miniconda/envs/IC-3.7-2020-06-16/lib/python3.7/site-packages/scipy/optimize/minpack.py:808: OptimizeWarning: Covariance of the parameters could not be estimated
  category=OptimizeWarning)
Total rwfs: 346
0 0.0 , Est Remaining: 999999.9
1 1.5 , Est Remaining: 507.0
2 2.9 , Est Remaining: 501.9
3 4.4 , Est Remaining: 503.8
4 5.8 , Est Remaining: 497.5
5 7.3 , Est Remaining: 495.2
6 8.7 , Est Remaining: 493.2
7 10.1 , Est Remaining: 490.5
8 11.5 , Est Remaining: 487.5
9 12.9 , Est Remaining: 484.7
EVENT FAILED
9 13.3 , Est Remaining: 496.5
10 14.7 , Est Remaining: 493.2
11 16.1 , Est Remaining: 490.9
12 17.6 , Est Remaining: 489.1
13 19.0 , Est Remaining: 487.0
14 20.4 , Est Remaining: 484.7
15 21.8 , Est Remaining: 482.1
16 23.3 , Est Remaining: 479.8
17 24.7 , Est Remaining: 477.6
18 26.1 , Est Remaining: 475.7
19 27.5 , Est Remaining: 474.0
20 29.0 , Est Remaining: 472.2
21 30.4 , Est Remaining: 470.7
22 31.8 , Est Remaining: 469.0
23 33.3 , Est Remaining: 467.4
24 34.7 , Est Remaining: 466.0
25 36.2 , Est Remaining: 464.5
26 37.6 , Est Remaining: 462.9
27 39.1 , Est Remaining: 461.7
28 40.5 , Est Remaining: 459.9
29 41.8 , Est Remaining: 456.8
30 43.2 , Est Remaining: 455.4
31 44.7 , Est Remaining: 453.9
32 46.1 , Est Remaining: 452.7
33 47.6 , Est Remaining: 451.2
34 49.0 , Est Remaining: 449.6
35 50.4 , Est Remaining: 447.8
36 51.8 , Est Remaining: 446.5
37 53.3 , Est Remaining: 445.0
38 54.7 , Est Remaining: 443.5
39 56.2 , Est Remaining: 442.1
40 57.6 , Est Remaining: 440.9
41 59.1 , Est Remaining: 439.7
42 60.6 , Est Remaining: 438.5
43 62.1 , Est Remaining: 437.3
44 63.5 , Est Remaining: 436.0
45 65.0 , Est Remaining: 434.5
46 66.4 , Est Remaining: 433.0
47 67.8 , Est Remaining: 431.6
48 69.3 , Est Remaining: 430.1
49 70.7 , Est Remaining: 428.6
50 72.1 , Est Remaining: 427.1
51 73.6 , Est Remaining: 425.6
52 75.0 , Est Remaining: 424.0
53 76.4 , Est Remaining: 422.6
54 77.8 , Est Remaining: 420.9
55 79.3 , Est Remaining: 419.4
56 80.7 , Est Remaining: 417.8
57 82.1 , Est Remaining: 416.3
58 83.5 , Est Remaining: 414.7
59 84.9 , Est Remaining: 413.2
60 86.4 , Est Remaining: 411.6
61 87.8 , Est Remaining: 410.1
62 89.2 , Est Remaining: 408.6
63 90.6 , Est Remaining: 407.1
64 92.1 , Est Remaining: 405.7
65 93.5 , Est Remaining: 404.2
66 95.0 , Est Remaining: 402.8
67 96.4 , Est Remaining: 401.4
68 97.8 , Est Remaining: 400.0
69 99.3 , Est Remaining: 398.5
70 100.7 , Est Remaining: 397.1
71 102.1 , Est Remaining: 395.6
72 103.6 , Est Remaining: 394.1
73 105.0 , Est Remaining: 392.7
74 106.5 , Est Remaining: 391.3
75 107.9 , Est Remaining: 389.9
76 109.4 , Est Remaining: 388.6
77 110.8 , Est Remaining: 387.1
78 112.3 , Est Remaining: 385.8
79 113.7 , Est Remaining: 384.4
80 115.2 , Est Remaining: 382.9
81 116.6 , Est Remaining: 381.6
82 118.1 , Est Remaining: 380.2
83 119.5 , Est Remaining: 378.7
84 121.0 , Est Remaining: 377.3
85 122.4 , Est Remaining: 376.0
86 123.9 , Est Remaining: 374.7
87 125.4 , Est Remaining: 373.3
88 126.8 , Est Remaining: 371.8
89 128.3 , Est Remaining: 370.5
90 129.8 , Est Remaining: 369.1
91 131.2 , Est Remaining: 367.7
92 132.7 , Est Remaining: 366.3
93 134.1 , Est Remaining: 364.9
94 135.6 , Est Remaining: 363.5
95 137.0 , Est Remaining: 362.1
96 138.5 , Est Remaining: 360.6
97 139.9 , Est Remaining: 359.2
98 141.4 , Est Remaining: 357.8
99 142.8 , Est Remaining: 356.4
100 144.3 , Est Remaining: 354.9
101 145.7 , Est Remaining: 353.5
102 147.2 , Est Remaining: 352.1
103 148.7 , Est Remaining: 350.9
104 150.2 , Est Remaining: 349.5
105 151.7 , Est Remaining: 348.1
106 153.1 , Est Remaining: 346.7
107 154.6 , Est Remaining: 345.2
108 156.0 , Est Remaining: 343.8
109 157.4 , Est Remaining: 342.3
110 158.9 , Est Remaining: 340.9
111 160.3 , Est Remaining: 339.5
112 161.8 , Est Remaining: 338.0
113 163.3 , Est Remaining: 336.7
114 164.7 , Est Remaining: 335.3
115 166.2 , Est Remaining: 333.8
116 167.6 , Est Remaining: 332.4
117 169.1 , Est Remaining: 330.9
118 170.5 , Est Remaining: 329.5
119 172.0 , Est Remaining: 328.1
120 173.4 , Est Remaining: 326.6
121 174.8 , Est Remaining: 325.1
122 176.3 , Est Remaining: 323.6
123 177.7 , Est Remaining: 322.3
124 179.2 , Est Remaining: 320.8
125 180.6 , Est Remaining: 319.4
126 182.1 , Est Remaining: 317.9
127 183.5 , Est Remaining: 316.5
128 185.0 , Est Remaining: 315.0
129 186.4 , Est Remaining: 313.6
130 187.8 , Est Remaining: 312.1
131 189.3 , Est Remaining: 310.6
EVENT FAILED
131 189.6 , Est Remaining: 311.1
132 191.0 , Est Remaining: 309.6
133 192.4 , Est Remaining: 308.2
134 193.9 , Est Remaining: 306.7
135 195.3 , Est Remaining: 305.3
136 196.7 , Est Remaining: 303.8
137 198.2 , Est Remaining: 302.3
138 199.6 , Est Remaining: 300.9
139 201.0 , Est Remaining: 299.4
140 202.5 , Est Remaining: 297.9
141 203.9 , Est Remaining: 296.4
142 205.3 , Est Remaining: 295.0
143 206.8 , Est Remaining: 293.5
144 208.2 , Est Remaining: 292.0
145 209.6 , Est Remaining: 290.5
146 211.0 , Est Remaining: 289.1
147 212.5 , Est Remaining: 287.6
148 213.9 , Est Remaining: 286.2
149 215.4 , Est Remaining: 284.7
150 216.8 , Est Remaining: 283.3
151 218.2 , Est Remaining: 281.8
152 219.7 , Est Remaining: 280.4
153 221.1 , Est Remaining: 278.9
EVENT FAILED
153 221.4 , Est Remaining: 279.3
154 222.9 , Est Remaining: 277.9
155 224.3 , Est Remaining: 276.4
EVENT FAILED
155 225.0 , Est Remaining: 277.2
156 226.4 , Est Remaining: 275.7
EVENT FAILED
156 226.7 , Est Remaining: 276.1
157 228.2 , Est Remaining: 274.7
158 229.6 , Est Remaining: 273.2
159 231.1 , Est Remaining: 271.8
160 232.5 , Est Remaining: 270.3
161 234.0 , Est Remaining: 268.8
162 235.4 , Est Remaining: 267.4
EVENT FAILED
162 235.7 , Est Remaining: 267.7
163 237.1 , Est Remaining: 266.2
164 238.6 , Est Remaining: 264.8
165 240.0 , Est Remaining: 263.3
166 241.4 , Est Remaining: 261.8
167 242.8 , Est Remaining: 260.3
168 244.3 , Est Remaining: 258.8
169 245.7 , Est Remaining: 257.3
170 247.1 , Est Remaining: 255.9
171 248.6 , Est Remaining: 254.4
172 250.0 , Est Remaining: 252.9
EVENT FAILED
172 250.3 , Est Remaining: 253.3
173 251.8 , Est Remaining: 251.8
174 253.2 , Est Remaining: 250.3
175 254.6 , Est Remaining: 248.8
176 256.1 , Est Remaining: 247.4
177 257.5 , Est Remaining: 245.9
178 258.9 , Est Remaining: 244.4
179 260.4 , Est Remaining: 242.9
180 261.8 , Est Remaining: 241.5
181 263.3 , Est Remaining: 240.0
182 264.7 , Est Remaining: 238.5
183 266.1 , Est Remaining: 237.0
184 267.6 , Est Remaining: 235.6
185 269.1 , Est Remaining: 234.1
186 270.5 , Est Remaining: 232.7
187 271.9 , Est Remaining: 231.2
188 273.3 , Est Remaining: 229.7
189 274.8 , Est Remaining: 228.2
190 276.2 , Est Remaining: 226.8
191 277.6 , Est Remaining: 225.3
192 279.1 , Est Remaining: 223.8
193 280.5 , Est Remaining: 222.4
194 281.9 , Est Remaining: 220.9
195 283.4 , Est Remaining: 219.4
196 284.8 , Est Remaining: 218.0
197 286.2 , Est Remaining: 216.5
198 287.7 , Est Remaining: 215.0
199 289.1 , Est Remaining: 213.5
200 290.5 , Est Remaining: 212.1
201 291.9 , Est Remaining: 210.6
202 293.4 , Est Remaining: 209.1
203 294.9 , Est Remaining: 207.8
204 296.4 , Est Remaining: 206.3
205 297.8 , Est Remaining: 204.8
206 299.2 , Est Remaining: 203.4
207 300.7 , Est Remaining: 201.9
208 302.1 , Est Remaining: 200.4
209 303.6 , Est Remaining: 199.0
210 305.0 , Est Remaining: 197.5
211 306.4 , Est Remaining: 196.1
212 307.9 , Est Remaining: 194.6
213 309.4 , Est Remaining: 193.2
214 310.8 , Est Remaining: 191.7
215 312.3 , Est Remaining: 190.3
216 313.7 , Est Remaining: 188.8
217 315.2 , Est Remaining: 187.4
218 316.6 , Est Remaining: 185.9
219 318.0 , Est Remaining: 184.4
220 319.5 , Est Remaining: 183.0
221 320.9 , Est Remaining: 181.5
222 322.3 , Est Remaining: 180.0
223 323.8 , Est Remaining: 178.6
224 325.2 , Est Remaining: 177.1
225 326.6 , Est Remaining: 175.7
226 328.1 , Est Remaining: 174.2
227 329.5 , Est Remaining: 172.7
228 331.0 , Est Remaining: 171.3
229 332.4 , Est Remaining: 169.8
230 333.8 , Est Remaining: 168.3
231 335.2 , Est Remaining: 166.9
232 336.6 , Est Remaining: 165.4
233 338.0 , Est Remaining: 163.9
234 339.5 , Est Remaining: 162.5
235 340.9 , Est Remaining: 161.0
236 342.3 , Est Remaining: 159.5
237 343.7 , Est Remaining: 158.1
238 345.1 , Est Remaining: 156.6
239 346.6 , Est Remaining: 155.2
240 348.0 , Est Remaining: 153.7
241 349.4 , Est Remaining: 152.2
242 350.8 , Est Remaining: 150.8
243 352.3 , Est Remaining: 149.3
244 353.7 , Est Remaining: 147.9
245 355.1 , Est Remaining: 146.4
246 356.6 , Est Remaining: 144.9
247 358.0 , Est Remaining: 143.5
248 359.4 , Est Remaining: 142.0
249 360.9 , Est Remaining: 140.6
250 362.3 , Est Remaining: 139.1
251 363.7 , Est Remaining: 137.7
252 365.2 , Est Remaining: 136.2
253 366.6 , Est Remaining: 134.8
254 368.1 , Est Remaining: 133.3
255 369.5 , Est Remaining: 131.9
256 371.0 , Est Remaining: 130.4
257 372.5 , Est Remaining: 129.0
258 373.9 , Est Remaining: 127.5
259 375.4 , Est Remaining: 126.1
260 376.8 , Est Remaining: 124.6
261 378.3 , Est Remaining: 123.2
262 379.7 , Est Remaining: 121.7
263 381.2 , Est Remaining: 120.3
264 382.6 , Est Remaining: 118.8
265 384.1 , Est Remaining: 117.4
266 385.5 , Est Remaining: 115.9
267 387.0 , Est Remaining: 114.5
268 388.4 , Est Remaining: 113.0
269 389.8 , Est Remaining: 111.6
270 391.3 , Est Remaining: 110.1
271 392.7 , Est Remaining: 108.7
272 394.2 , Est Remaining: 107.2
273 395.6 , Est Remaining: 105.8
274 397.0 , Est Remaining: 104.3
275 398.5 , Est Remaining: 102.9
276 399.9 , Est Remaining: 101.4
277 401.3 , Est Remaining: 100.0
278 402.8 , Est Remaining: 98.5
279 404.2 , Est Remaining: 97.1
280 405.6 , Est Remaining: 95.6
281 407.0 , Est Remaining: 94.1
282 408.3 , Est Remaining: 92.7
283 409.7 , Est Remaining: 91.2
284 411.1 , Est Remaining: 89.7
285 412.5 , Est Remaining: 88.3
286 413.8 , Est Remaining: 86.8
287 415.2 , Est Remaining: 85.4
288 416.6 , Est Remaining: 83.9
289 417.9 , Est Remaining: 82.4
290 419.3 , Est Remaining: 81.0
291 420.7 , Est Remaining: 79.5
292 422.0 , Est Remaining: 78.0
293 423.4 , Est Remaining: 76.6
294 424.7 , Est Remaining: 75.1
295 426.1 , Est Remaining: 73.7
296 427.5 , Est Remaining: 72.2
297 428.8 , Est Remaining: 70.7
298 430.2 , Est Remaining: 69.3
299 431.5 , Est Remaining: 67.8
300 432.9 , Est Remaining: 66.4
301 434.3 , Est Remaining: 64.9
302 435.8 , Est Remaining: 63.5
303 437.2 , Est Remaining: 62.0
304 438.5 , Est Remaining: 60.6
305 439.9 , Est Remaining: 59.1
306 441.3 , Est Remaining: 57.7
307 442.7 , Est Remaining: 56.2
308 444.0 , Est Remaining: 54.8
309 445.4 , Est Remaining: 53.3
310 446.7 , Est Remaining: 51.9
311 448.0 , Est Remaining: 50.4
312 449.4 , Est Remaining: 49.0
313 450.7 , Est Remaining: 47.5
314 452.1 , Est Remaining: 46.1
315 453.5 , Est Remaining: 44.6
316 454.8 , Est Remaining: 43.2
317 456.2 , Est Remaining: 41.7
318 457.5 , Est Remaining: 40.3
319 458.9 , Est Remaining: 38.8
320 460.2 , Est Remaining: 37.4
321 461.6 , Est Remaining: 35.9
322 462.9 , Est Remaining: 34.5
323 464.3 , Est Remaining: 33.1
324 465.6 , Est Remaining: 31.6
325 467.0 , Est Remaining: 30.2
326 468.4 , Est Remaining: 28.7
327 469.7 , Est Remaining: 27.3
328 471.1 , Est Remaining: 25.9
329 472.4 , Est Remaining: 24.4
330 473.7 , Est Remaining: 23.0
331 475.1 , Est Remaining: 21.5
332 476.4 , Est Remaining: 20.1
333 477.8 , Est Remaining: 18.7
334 479.1 , Est Remaining: 17.2
335 480.4 , Est Remaining: 15.8
336 481.7 , Est Remaining: 14.3
337 483.0 , Est Remaining: 12.9
338 484.3 , Est Remaining: 11.5
