Note: NumExpr detected 32 cores but "NUMEXPR_MAX_THREADS" not set, so enforcing safe limit of 8.
Using selector: EpollSelector
/n/home02/jhaefner/miniconda/envs/IC-3.7-2020-06-16/lib/python3.7/site-packages/scipy/optimize/minpack.py:808: OptimizeWarning: Covariance of the parameters could not be estimated
  category=OptimizeWarning)
Total rwfs: 346
0 0.0 , Est Remaining: 999999.9
1 1.4 , Est Remaining: 487.4
2 2.8 , Est Remaining: 480.9
3 4.2 , Est Remaining: 482.5
4 5.6 , Est Remaining: 478.5
5 7.0 , Est Remaining: 474.2
6 8.3 , Est Remaining: 471.8
7 9.7 , Est Remaining: 470.2
8 11.1 , Est Remaining: 469.0
9 12.5 , Est Remaining: 467.0
10 13.9 , Est Remaining: 465.5
11 15.2 , Est Remaining: 463.9
12 16.6 , Est Remaining: 462.7
13 18.0 , Est Remaining: 461.7
14 19.4 , Est Remaining: 460.9
15 20.8 , Est Remaining: 459.7
16 22.2 , Est Remaining: 458.8
17 23.7 , Est Remaining: 457.8
18 25.1 , Est Remaining: 456.5
19 26.5 , Est Remaining: 455.8
20 27.9 , Est Remaining: 454.7
21 29.3 , Est Remaining: 453.8
22 30.8 , Est Remaining: 452.9
23 32.2 , Est Remaining: 451.8
24 33.6 , Est Remaining: 450.7
25 35.0 , Est Remaining: 449.6
26 36.4 , Est Remaining: 448.4
27 37.9 , Est Remaining: 447.2
28 39.3 , Est Remaining: 446.0
29 40.7 , Est Remaining: 444.8
30 42.1 , Est Remaining: 443.6
31 43.5 , Est Remaining: 442.2
32 44.9 , Est Remaining: 440.9
33 46.3 , Est Remaining: 439.5
EVENT FAILED
33 46.6 , Est Remaining: 442.4
34 48.1 , Est Remaining: 441.0
35 49.5 , Est Remaining: 439.5
36 50.9 , Est Remaining: 438.1
37 52.3 , Est Remaining: 436.7
EVENT FAILED
37 52.6 , Est Remaining: 439.4
38 54.0 , Est Remaining: 438.0
39 55.5 , Est Remaining: 436.5
40 56.8 , Est Remaining: 434.6
41 58.2 , Est Remaining: 433.2
42 59.6 , Est Remaining: 431.7
43 61.1 , Est Remaining: 430.2
44 62.5 , Est Remaining: 428.7
45 63.9 , Est Remaining: 427.2
46 65.3 , Est Remaining: 425.8
47 66.7 , Est Remaining: 424.3
48 68.1 , Est Remaining: 423.0
EVENT FAILED
48 68.4 , Est Remaining: 424.9
EVENT FAILED
48 68.8 , Est Remaining: 426.9
49 70.2 , Est Remaining: 425.3
50 71.6 , Est Remaining: 423.8
51 73.0 , Est Remaining: 422.2
52 74.4 , Est Remaining: 420.6
53 75.8 , Est Remaining: 419.1
54 77.2 , Est Remaining: 417.7
55 78.7 , Est Remaining: 416.2
56 80.1 , Est Remaining: 414.7
57 81.5 , Est Remaining: 413.2
58 82.9 , Est Remaining: 411.9
59 84.4 , Est Remaining: 410.5
60 85.8 , Est Remaining: 409.1
61 87.3 , Est Remaining: 407.7
62 88.7 , Est Remaining: 406.3
63 90.1 , Est Remaining: 404.9
64 91.6 , Est Remaining: 403.5
65 93.0 , Est Remaining: 402.0
66 94.4 , Est Remaining: 400.6
67 95.9 , Est Remaining: 399.2
68 97.3 , Est Remaining: 397.7
69 98.7 , Est Remaining: 396.3
70 100.1 , Est Remaining: 394.9
71 101.6 , Est Remaining: 393.4
72 103.0 , Est Remaining: 391.9
73 104.4 , Est Remaining: 390.5
74 105.9 , Est Remaining: 389.1
75 107.3 , Est Remaining: 387.7
76 108.7 , Est Remaining: 386.3
77 110.2 , Est Remaining: 384.9
78 111.6 , Est Remaining: 383.5
79 113.1 , Est Remaining: 382.2
80 114.5 , Est Remaining: 380.8
81 116.0 , Est Remaining: 379.5
82 117.4 , Est Remaining: 378.1
83 118.9 , Est Remaining: 376.8
84 120.4 , Est Remaining: 375.5
85 121.8 , Est Remaining: 374.1
86 123.3 , Est Remaining: 372.7
87 124.7 , Est Remaining: 371.3
EVENT FAILED
87 125.0 , Est Remaining: 372.2
88 126.5 , Est Remaining: 370.8
89 127.9 , Est Remaining: 369.4
EVENT FAILED
89 128.2 , Est Remaining: 370.3
90 129.7 , Est Remaining: 368.8
91 131.1 , Est Remaining: 367.3
92 132.5 , Est Remaining: 365.8
93 133.9 , Est Remaining: 364.3
94 135.4 , Est Remaining: 362.9
95 136.8 , Est Remaining: 361.4
96 138.2 , Est Remaining: 360.0
97 139.7 , Est Remaining: 358.6
98 141.2 , Est Remaining: 357.2
99 142.6 , Est Remaining: 355.8
100 144.1 , Est Remaining: 354.4
101 145.5 , Est Remaining: 353.0
102 147.0 , Est Remaining: 351.6
103 148.5 , Est Remaining: 350.4
104 150.0 , Est Remaining: 349.0
105 151.4 , Est Remaining: 347.5
106 152.9 , Est Remaining: 346.1
107 154.3 , Est Remaining: 344.7
108 155.8 , Est Remaining: 343.3
109 157.3 , Est Remaining: 341.9
110 158.7 , Est Remaining: 340.5
111 160.2 , Est Remaining: 339.1
112 161.6 , Est Remaining: 337.7
113 163.1 , Est Remaining: 336.2
114 164.5 , Est Remaining: 334.8
115 166.0 , Est Remaining: 333.4
EVENT FAILED
115 166.3 , Est Remaining: 334.0
116 167.7 , Est Remaining: 332.5
117 169.2 , Est Remaining: 331.1
118 170.6 , Est Remaining: 329.7
119 172.1 , Est Remaining: 328.2
120 173.5 , Est Remaining: 326.8
121 175.0 , Est Remaining: 325.4
122 176.4 , Est Remaining: 324.0
123 177.9 , Est Remaining: 322.5
124 179.4 , Est Remaining: 321.1
125 180.8 , Est Remaining: 319.7
EVENT FAILED
125 181.2 , Est Remaining: 320.3
126 182.6 , Est Remaining: 318.8
127 184.0 , Est Remaining: 317.3
128 185.5 , Est Remaining: 315.9
129 187.0 , Est Remaining: 314.5
130 188.4 , Est Remaining: 313.0
131 189.9 , Est Remaining: 311.6
132 191.3 , Est Remaining: 310.2
EVENT FAILED
132 191.6 , Est Remaining: 310.7
133 193.1 , Est Remaining: 309.2
134 194.5 , Est Remaining: 307.8
EVENT FAILED
134 194.8 , Est Remaining: 308.2
135 196.3 , Est Remaining: 306.8
136 197.7 , Est Remaining: 305.3
137 199.1 , Est Remaining: 303.8
138 200.5 , Est Remaining: 302.3
139 202.0 , Est Remaining: 300.8
140 203.5 , Est Remaining: 299.4
141 204.9 , Est Remaining: 297.9
142 206.4 , Est Remaining: 296.5
143 207.8 , Est Remaining: 295.0
144 209.3 , Est Remaining: 293.6
145 210.7 , Est Remaining: 292.1
146 212.2 , Est Remaining: 290.6
147 213.6 , Est Remaining: 289.2
148 215.1 , Est Remaining: 287.7
149 216.5 , Est Remaining: 286.3
150 218.0 , Est Remaining: 284.8
151 219.4 , Est Remaining: 283.4
152 220.9 , Est Remaining: 281.9
153 222.3 , Est Remaining: 280.5
154 223.8 , Est Remaining: 279.0
155 225.3 , Est Remaining: 277.6
156 226.6 , Est Remaining: 276.0
157 228.0 , Est Remaining: 274.5
158 229.5 , Est Remaining: 273.0
159 230.9 , Est Remaining: 271.6
160 232.4 , Est Remaining: 270.1
161 233.8 , Est Remaining: 268.7
162 235.3 , Est Remaining: 267.2
163 236.7 , Est Remaining: 265.8
164 238.2 , Est Remaining: 264.3
165 239.6 , Est Remaining: 262.8
166 241.0 , Est Remaining: 261.4
167 242.5 , Est Remaining: 259.9
168 243.9 , Est Remaining: 258.4
169 245.3 , Est Remaining: 256.9
170 246.8 , Est Remaining: 255.5
171 248.2 , Est Remaining: 254.0
172 249.6 , Est Remaining: 252.5
173 251.1 , Est Remaining: 251.1
174 252.5 , Est Remaining: 249.6
175 253.9 , Est Remaining: 248.1
176 255.4 , Est Remaining: 246.7
177 256.8 , Est Remaining: 245.2
178 258.3 , Est Remaining: 243.7
179 259.7 , Est Remaining: 242.3
180 261.2 , Est Remaining: 240.8
181 262.6 , Est Remaining: 239.4
182 264.0 , Est Remaining: 237.9
183 265.5 , Est Remaining: 236.5
184 266.9 , Est Remaining: 235.0
185 268.4 , Est Remaining: 233.6
186 269.8 , Est Remaining: 232.1
187 271.3 , Est Remaining: 230.7
188 272.8 , Est Remaining: 229.2
EVENT FAILED
188 273.1 , Est Remaining: 229.5
189 274.5 , Est Remaining: 228.0
190 276.0 , Est Remaining: 226.6
191 277.4 , Est Remaining: 225.1
192 278.9 , Est Remaining: 223.7
193 280.3 , Est Remaining: 222.2
194 281.8 , Est Remaining: 220.8
195 283.2 , Est Remaining: 219.3
196 284.7 , Est Remaining: 217.9
197 286.1 , Est Remaining: 216.4
198 287.6 , Est Remaining: 215.0
199 289.1 , Est Remaining: 213.5
200 290.5 , Est Remaining: 212.1
201 292.0 , Est Remaining: 210.6
202 293.4 , Est Remaining: 209.2
203 295.0 , Est Remaining: 207.8
204 296.4 , Est Remaining: 206.4
205 297.9 , Est Remaining: 204.9
206 299.3 , Est Remaining: 203.4
207 300.8 , Est Remaining: 202.0
208 302.2 , Est Remaining: 200.5
EVENT FAILED
208 302.5 , Est Remaining: 200.7
209 304.0 , Est Remaining: 199.3
210 305.5 , Est Remaining: 197.8
211 306.9 , Est Remaining: 196.4
EVENT FAILED
211 307.2 , Est Remaining: 196.6
EVENT FAILED
211 307.6 , Est Remaining: 196.8
212 309.0 , Est Remaining: 195.3
213 310.4 , Est Remaining: 193.8
214 311.9 , Est Remaining: 192.4
215 313.3 , Est Remaining: 190.9
216 314.8 , Est Remaining: 189.5
217 316.2 , Est Remaining: 188.0
218 317.7 , Est Remaining: 186.5
219 319.1 , Est Remaining: 185.1
220 320.6 , Est Remaining: 183.6
221 322.1 , Est Remaining: 182.2
222 323.5 , Est Remaining: 180.7
223 325.0 , Est Remaining: 179.3
224 326.4 , Est Remaining: 177.8
225 327.9 , Est Remaining: 176.3
226 329.4 , Est Remaining: 174.9
227 330.8 , Est Remaining: 173.4
228 332.3 , Est Remaining: 172.0
229 333.7 , Est Remaining: 170.5
230 335.2 , Est Remaining: 169.0
231 336.6 , Est Remaining: 167.6
232 338.1 , Est Remaining: 166.1
233 339.5 , Est Remaining: 164.7
234 341.0 , Est Remaining: 163.2
235 342.4 , Est Remaining: 161.7
236 343.9 , Est Remaining: 160.3
237 345.4 , Est Remaining: 158.8
238 346.8 , Est Remaining: 157.4
239 348.3 , Est Remaining: 155.9
240 349.7 , Est Remaining: 154.5
241 351.2 , Est Remaining: 153.0
242 352.7 , Est Remaining: 151.6
243 354.2 , Est Remaining: 150.1
244 355.6 , Est Remaining: 148.7
245 357.1 , Est Remaining: 147.2
246 358.5 , Est Remaining: 145.7
247 360.0 , Est Remaining: 144.3
248 361.4 , Est Remaining: 142.8
249 362.9 , Est Remaining: 141.4
EVENT FAILED
249 363.2 , Est Remaining: 141.5
250 364.7 , Est Remaining: 140.0
251 366.2 , Est Remaining: 138.6
252 367.6 , Est Remaining: 137.1
253 369.1 , Est Remaining: 135.7
254 370.6 , Est Remaining: 134.2
255 372.1 , Est Remaining: 132.8
256 373.5 , Est Remaining: 131.3
257 375.0 , Est Remaining: 129.9
258 376.4 , Est Remaining: 128.4
259 377.9 , Est Remaining: 126.9
260 379.3 , Est Remaining: 125.5
261 380.8 , Est Remaining: 124.0
262 382.2 , Est Remaining: 122.6
263 383.7 , Est Remaining: 121.1
264 385.2 , Est Remaining: 119.6
265 386.6 , Est Remaining: 118.2
EVENT FAILED
265 386.9 , Est Remaining: 118.3
266 388.4 , Est Remaining: 116.8
267 389.8 , Est Remaining: 115.3
268 391.3 , Est Remaining: 113.9
269 392.7 , Est Remaining: 112.4
270 394.2 , Est Remaining: 111.0
271 395.6 , Est Remaining: 109.5
272 397.0 , Est Remaining: 108.0
273 398.4 , Est Remaining: 106.5
274 399.9 , Est Remaining: 105.1
275 401.3 , Est Remaining: 103.6
276 402.7 , Est Remaining: 102.1
277 404.1 , Est Remaining: 100.7
278 405.5 , Est Remaining: 99.2
279 406.9 , Est Remaining: 97.7
280 408.4 , Est Remaining: 96.3
281 409.8 , Est Remaining: 94.8
282 411.1 , Est Remaining: 93.3
283 412.5 , Est Remaining: 91.8
284 413.9 , Est Remaining: 90.4
285 415.3 , Est Remaining: 88.9
286 416.7 , Est Remaining: 87.4
287 418.1 , Est Remaining: 85.9
288 419.4 , Est Remaining: 84.5
289 420.8 , Est Remaining: 83.0
290 422.2 , Est Remaining: 81.5
291 423.6 , Est Remaining: 80.1
292 425.0 , Est Remaining: 78.6
293 426.4 , Est Remaining: 77.1
294 427.7 , Est Remaining: 75.7
295 429.1 , Est Remaining: 74.2
296 430.5 , Est Remaining: 72.7
297 431.9 , Est Remaining: 71.2
298 433.2 , Est Remaining: 69.8
299 434.7 , Est Remaining: 68.3
300 436.1 , Est Remaining: 66.9
301 437.4 , Est Remaining: 65.4
EVENT FAILED
301 437.7 , Est Remaining: 65.4
302 439.3 , Est Remaining: 64.0
303 440.8 , Est Remaining: 62.5
304 442.2 , Est Remaining: 61.1
305 443.5 , Est Remaining: 59.6
306 444.9 , Est Remaining: 58.2
307 446.3 , Est Remaining: 56.7
308 447.7 , Est Remaining: 55.2
309 449.1 , Est Remaining: 53.8
EVENT FAILED
309 449.4 , Est Remaining: 53.8
310 450.8 , Est Remaining: 52.3
311 452.2 , Est Remaining: 50.9
312 453.6 , Est Remaining: 49.4
313 455.0 , Est Remaining: 48.0
314 456.4 , Est Remaining: 46.5
315 457.7 , Est Remaining: 45.0
316 459.1 , Est Remaining: 43.6
317 460.5 , Est Remaining: 42.1
318 461.9 , Est Remaining: 40.7
319 463.3 , Est Remaining: 39.2
EVENT FAILED
319 463.6 , Est Remaining: 39.2
320 465.0 , Est Remaining: 37.8
321 466.4 , Est Remaining: 36.3
322 467.8 , Est Remaining: 34.9
323 469.1 , Est Remaining: 33.4
EVENT FAILED
323 469.4 , Est Remaining: 33.4
324 470.8 , Est Remaining: 32.0
325 472.2 , Est Remaining: 30.5
