Note: NumExpr detected 32 cores but "NUMEXPR_MAX_THREADS" not set, so enforcing safe limit of 8.
Using selector: EpollSelector
/n/home02/jhaefner/miniconda/envs/IC-3.7-2020-06-16/lib/python3.7/site-packages/scipy/optimize/minpack.py:808: OptimizeWarning: Covariance of the parameters could not be estimated
  category=OptimizeWarning)
Total rwfs: 346
0 0.0 , Est Remaining: 999999.9
1 1.4 , Est Remaining: 479.1
2 2.7 , Est Remaining: 471.6
3 4.1 , Est Remaining: 470.2
4 5.4 , Est Remaining: 465.2
5 6.8 , Est Remaining: 462.2
6 8.1 , Est Remaining: 460.6
EVENT FAILED
6 8.4 , Est Remaining: 477.9
7 9.8 , Est Remaining: 473.5
8 11.1 , Est Remaining: 470.5
9 12.5 , Est Remaining: 467.0
10 13.8 , Est Remaining: 464.0
11 15.2 , Est Remaining: 461.6
12 16.5 , Est Remaining: 459.7
13 17.9 , Est Remaining: 457.2
14 19.2 , Est Remaining: 455.1
15 20.5 , Est Remaining: 452.9
16 21.9 , Est Remaining: 450.9
17 23.2 , Est Remaining: 448.8
18 24.5 , Est Remaining: 447.1
19 25.9 , Est Remaining: 445.3
20 27.2 , Est Remaining: 443.8
21 28.6 , Est Remaining: 442.4
22 30.0 , Est Remaining: 441.1
23 31.3 , Est Remaining: 439.3
24 32.6 , Est Remaining: 437.7
25 34.0 , Est Remaining: 436.2
26 35.3 , Est Remaining: 434.7
27 36.7 , Est Remaining: 433.2
28 38.0 , Est Remaining: 431.6
29 39.3 , Est Remaining: 430.1
EVENT FAILED
29 39.6 , Est Remaining: 433.3
30 41.0 , Est Remaining: 431.7
31 42.3 , Est Remaining: 430.1
32 43.7 , Est Remaining: 428.5
33 45.0 , Est Remaining: 427.0
34 46.4 , Est Remaining: 425.5
35 47.7 , Est Remaining: 424.2
36 49.1 , Est Remaining: 422.7
37 50.5 , Est Remaining: 421.5
38 51.8 , Est Remaining: 420.0
39 53.2 , Est Remaining: 418.5
40 54.5 , Est Remaining: 417.1
41 55.9 , Est Remaining: 415.6
42 57.2 , Est Remaining: 414.2
43 58.6 , Est Remaining: 412.8
44 59.9 , Est Remaining: 411.4
45 61.3 , Est Remaining: 410.0
46 62.7 , Est Remaining: 408.6
47 64.0 , Est Remaining: 407.3
48 65.4 , Est Remaining: 406.0
49 66.7 , Est Remaining: 404.6
50 68.1 , Est Remaining: 403.1
51 69.5 , Est Remaining: 401.7
EVENT FAILED
51 69.7 , Est Remaining: 403.4
52 71.1 , Est Remaining: 401.9
53 72.4 , Est Remaining: 400.4
54 73.8 , Est Remaining: 398.9
55 75.1 , Est Remaining: 397.4
56 76.5 , Est Remaining: 396.0
57 77.8 , Est Remaining: 394.6
58 79.2 , Est Remaining: 393.2
59 80.5 , Est Remaining: 391.7
60 81.9 , Est Remaining: 390.2
61 83.2 , Est Remaining: 388.9
62 84.6 , Est Remaining: 387.5
63 86.0 , Est Remaining: 386.2
64 87.3 , Est Remaining: 384.9
65 88.7 , Est Remaining: 383.5
66 90.1 , Est Remaining: 382.1
67 91.4 , Est Remaining: 380.6
68 92.8 , Est Remaining: 379.2
69 94.1 , Est Remaining: 377.8
70 95.5 , Est Remaining: 376.4
71 96.8 , Est Remaining: 375.0
72 98.2 , Est Remaining: 373.6
73 99.5 , Est Remaining: 372.2
74 100.9 , Est Remaining: 370.8
75 102.2 , Est Remaining: 369.4
76 103.6 , Est Remaining: 368.0
77 104.9 , Est Remaining: 366.6
78 106.3 , Est Remaining: 365.2
79 107.6 , Est Remaining: 363.8
80 109.0 , Est Remaining: 362.3
81 110.3 , Est Remaining: 360.9
82 111.7 , Est Remaining: 359.5
83 113.0 , Est Remaining: 358.1
84 114.3 , Est Remaining: 356.7
85 115.7 , Est Remaining: 355.3
86 117.0 , Est Remaining: 353.8
87 118.4 , Est Remaining: 352.4
88 119.7 , Est Remaining: 351.0
89 121.1 , Est Remaining: 349.6
90 122.4 , Est Remaining: 348.2
91 123.7 , Est Remaining: 346.7
92 125.1 , Est Remaining: 345.3
93 126.4 , Est Remaining: 343.8
94 127.7 , Est Remaining: 342.4
95 129.0 , Est Remaining: 340.9
96 130.4 , Est Remaining: 339.5
EVENT FAILED
96 130.6 , Est Remaining: 340.2
97 132.0 , Est Remaining: 338.8
98 133.3 , Est Remaining: 337.4
99 134.7 , Est Remaining: 336.0
100 136.0 , Est Remaining: 334.6
101 137.2 , Est Remaining: 332.9
102 138.6 , Est Remaining: 331.5
103 140.0 , Est Remaining: 330.2
104 141.3 , Est Remaining: 328.8
105 142.6 , Est Remaining: 327.4
106 144.0 , Est Remaining: 326.0
107 145.3 , Est Remaining: 324.5
108 146.6 , Est Remaining: 323.1
EVENT FAILED
108 146.9 , Est Remaining: 323.8
109 148.3 , Est Remaining: 322.4
110 149.6 , Est Remaining: 321.0
111 151.0 , Est Remaining: 319.6
112 152.3 , Est Remaining: 318.3
113 153.7 , Est Remaining: 316.9
114 155.0 , Est Remaining: 315.5
115 156.4 , Est Remaining: 314.1
116 157.7 , Est Remaining: 312.7
117 159.1 , Est Remaining: 311.3
118 160.4 , Est Remaining: 309.9
119 161.8 , Est Remaining: 308.6
120 163.1 , Est Remaining: 307.2
121 164.4 , Est Remaining: 305.8
122 165.8 , Est Remaining: 304.4
123 167.1 , Est Remaining: 303.0
124 168.5 , Est Remaining: 301.6
125 169.8 , Est Remaining: 300.3
126 171.2 , Est Remaining: 298.9
127 172.5 , Est Remaining: 297.5
128 173.9 , Est Remaining: 296.1
129 175.2 , Est Remaining: 294.7
130 176.6 , Est Remaining: 293.4
131 177.8 , Est Remaining: 291.8
132 179.1 , Est Remaining: 290.4
133 180.5 , Est Remaining: 289.1
134 181.8 , Est Remaining: 287.7
EVENT FAILED
134 182.1 , Est Remaining: 288.2
135 183.5 , Est Remaining: 286.8
136 184.8 , Est Remaining: 285.4
137 186.2 , Est Remaining: 284.1
138 187.5 , Est Remaining: 282.7
139 188.9 , Est Remaining: 281.3
140 190.2 , Est Remaining: 279.9
141 191.6 , Est Remaining: 278.6
142 193.0 , Est Remaining: 277.3
143 194.3 , Est Remaining: 275.9
144 195.7 , Est Remaining: 274.5
145 197.1 , Est Remaining: 273.2
146 198.4 , Est Remaining: 271.8
147 199.8 , Est Remaining: 270.4
148 201.1 , Est Remaining: 269.1
149 202.5 , Est Remaining: 267.7
150 203.8 , Est Remaining: 266.3
151 205.2 , Est Remaining: 265.0
152 206.5 , Est Remaining: 263.6
153 207.9 , Est Remaining: 262.2
154 209.3 , Est Remaining: 260.9
155 210.6 , Est Remaining: 259.5
156 212.0 , Est Remaining: 258.2
157 213.3 , Est Remaining: 256.8
158 214.7 , Est Remaining: 255.4
159 216.0 , Est Remaining: 254.1
160 217.4 , Est Remaining: 252.7
161 218.7 , Est Remaining: 251.4
162 220.1 , Est Remaining: 250.0
163 221.5 , Est Remaining: 248.6
164 222.8 , Est Remaining: 247.3
165 224.2 , Est Remaining: 245.9
166 225.5 , Est Remaining: 244.5
167 226.9 , Est Remaining: 243.2
168 228.2 , Est Remaining: 241.8
169 229.5 , Est Remaining: 240.4
170 230.9 , Est Remaining: 239.0
171 232.2 , Est Remaining: 237.7
172 233.6 , Est Remaining: 236.3
173 235.0 , Est Remaining: 235.0
174 236.3 , Est Remaining: 233.6
175 237.7 , Est Remaining: 232.3
176 239.0 , Est Remaining: 230.9
177 240.4 , Est Remaining: 229.5
178 241.8 , Est Remaining: 228.2
179 243.1 , Est Remaining: 226.8
180 244.5 , Est Remaining: 225.5
181 245.8 , Est Remaining: 224.1
182 247.2 , Est Remaining: 222.7
183 248.5 , Est Remaining: 221.4
184 249.9 , Est Remaining: 220.0
EVENT FAILED
184 250.2 , Est Remaining: 220.3
185 251.6 , Est Remaining: 218.9
186 252.9 , Est Remaining: 217.6
187 254.3 , Est Remaining: 216.2
EVENT FAILED
187 254.6 , Est Remaining: 216.5
188 256.0 , Est Remaining: 215.1
189 257.3 , Est Remaining: 213.8
190 258.7 , Est Remaining: 212.4
191 260.0 , Est Remaining: 211.0
192 261.4 , Est Remaining: 209.6
193 262.7 , Est Remaining: 208.3
194 264.1 , Est Remaining: 206.9
195 265.4 , Est Remaining: 205.5
196 266.8 , Est Remaining: 204.2
EVENT FAILED
196 267.1 , Est Remaining: 204.4
197 268.4 , Est Remaining: 203.0
198 269.8 , Est Remaining: 201.7
199 271.2 , Est Remaining: 200.3
200 272.5 , Est Remaining: 198.9
201 273.9 , Est Remaining: 197.6
202 275.2 , Est Remaining: 196.2
203 276.7 , Est Remaining: 194.9
204 278.1 , Est Remaining: 193.6
205 279.5 , Est Remaining: 192.2
206 280.8 , Est Remaining: 190.9
207 282.2 , Est Remaining: 189.5
EVENT FAILED
207 282.5 , Est Remaining: 189.7
208 283.8 , Est Remaining: 188.3
209 285.2 , Est Remaining: 187.0
210 286.6 , Est Remaining: 185.6
211 287.9 , Est Remaining: 184.2
212 289.3 , Est Remaining: 182.8
213 290.6 , Est Remaining: 181.5
214 292.0 , Est Remaining: 180.1
215 293.3 , Est Remaining: 178.7
216 294.6 , Est Remaining: 177.3
217 296.0 , Est Remaining: 176.0
218 297.3 , Est Remaining: 174.6
219 298.7 , Est Remaining: 173.2
220 300.0 , Est Remaining: 171.8
221 301.4 , Est Remaining: 170.5
222 302.7 , Est Remaining: 169.1
223 304.0 , Est Remaining: 167.7
EVENT FAILED
223 304.3 , Est Remaining: 167.9
224 305.7 , Est Remaining: 166.5
225 307.0 , Est Remaining: 165.1
226 308.4 , Est Remaining: 163.8
227 309.8 , Est Remaining: 162.4
228 311.1 , Est Remaining: 161.0
229 312.5 , Est Remaining: 159.6
230 313.8 , Est Remaining: 158.3
231 315.2 , Est Remaining: 156.9
EVENT FAILED
231 315.5 , Est Remaining: 157.1
232 316.9 , Est Remaining: 155.7
233 318.2 , Est Remaining: 154.3
234 319.6 , Est Remaining: 153.0
235 320.9 , Est Remaining: 151.6
236 322.3 , Est Remaining: 150.2
237 323.7 , Est Remaining: 148.9
238 325.0 , Est Remaining: 147.5
239 326.4 , Est Remaining: 146.1
240 327.7 , Est Remaining: 144.7
241 329.1 , Est Remaining: 143.4
242 330.4 , Est Remaining: 142.0
243 331.8 , Est Remaining: 140.6
244 333.1 , Est Remaining: 139.3
245 334.5 , Est Remaining: 137.9
246 335.8 , Est Remaining: 136.5
247 337.2 , Est Remaining: 135.2
248 338.6 , Est Remaining: 133.8
249 339.9 , Est Remaining: 132.4
250 341.3 , Est Remaining: 131.0
251 342.6 , Est Remaining: 129.7
252 344.0 , Est Remaining: 128.3
253 345.3 , Est Remaining: 126.9
254 346.7 , Est Remaining: 125.6
255 348.1 , Est Remaining: 124.2
256 349.3 , Est Remaining: 122.8
257 350.6 , Est Remaining: 121.4
258 351.9 , Est Remaining: 120.0
259 353.3 , Est Remaining: 118.7
260 354.6 , Est Remaining: 117.3
261 356.0 , Est Remaining: 115.9
262 357.3 , Est Remaining: 114.6
263 358.6 , Est Remaining: 113.2
EVENT FAILED
263 358.9 , Est Remaining: 113.3
264 360.3 , Est Remaining: 111.9
EVENT FAILED
264 360.6 , Est Remaining: 112.0
265 361.9 , Est Remaining: 110.6
266 363.3 , Est Remaining: 109.3
267 364.7 , Est Remaining: 107.9
268 366.0 , Est Remaining: 106.5
269 367.4 , Est Remaining: 105.2
270 368.7 , Est Remaining: 103.8
271 370.1 , Est Remaining: 102.4
272 371.4 , Est Remaining: 101.0
273 372.8 , Est Remaining: 99.7
EVENT FAILED
273 373.1 , Est Remaining: 99.8
274 374.4 , Est Remaining: 98.4
275 375.8 , Est Remaining: 97.0
276 377.1 , Est Remaining: 95.6
277 378.5 , Est Remaining: 94.3
278 379.8 , Est Remaining: 92.9
279 381.2 , Est Remaining: 91.5
280 382.5 , Est Remaining: 90.2
281 383.9 , Est Remaining: 88.8
282 385.2 , Est Remaining: 87.4
283 386.6 , Est Remaining: 86.1
284 387.9 , Est Remaining: 84.7
285 389.3 , Est Remaining: 83.3
286 390.6 , Est Remaining: 81.9
EVENT FAILED
286 390.9 , Est Remaining: 82.0
287 392.3 , Est Remaining: 80.6
EVENT FAILED
287 392.6 , Est Remaining: 80.7
288 393.9 , Est Remaining: 79.3
289 395.3 , Est Remaining: 78.0
290 396.6 , Est Remaining: 76.6
291 397.9 , Est Remaining: 75.2
292 399.3 , Est Remaining: 73.8
293 400.6 , Est Remaining: 72.5
294 402.0 , Est Remaining: 71.1
295 403.3 , Est Remaining: 69.7
296 404.7 , Est Remaining: 68.4
297 406.0 , Est Remaining: 67.0
298 407.4 , Est Remaining: 65.6
299 408.7 , Est Remaining: 64.2
300 410.1 , Est Remaining: 62.9
301 411.4 , Est Remaining: 61.5
302 412.9 , Est Remaining: 60.2
303 414.2 , Est Remaining: 58.8
304 415.6 , Est Remaining: 57.4
305 416.9 , Est Remaining: 56.0
306 418.3 , Est Remaining: 54.7
307 419.7 , Est Remaining: 53.3
308 421.0 , Est Remaining: 51.9
309 422.3 , Est Remaining: 50.6
310 423.7 , Est Remaining: 49.2
311 425.0 , Est Remaining: 47.8
312 426.4 , Est Remaining: 46.5
313 427.7 , Est Remaining: 45.1
314 429.1 , Est Remaining: 43.7
315 430.4 , Est Remaining: 42.4
316 431.8 , Est Remaining: 41.0
317 433.1 , Est Remaining: 39.6
318 434.5 , Est Remaining: 38.3
319 435.8 , Est Remaining: 36.9
320 437.2 , Est Remaining: 35.5
321 438.5 , Est Remaining: 34.2
EVENT FAILED
321 438.8 , Est Remaining: 34.2
322 440.2 , Est Remaining: 32.8
323 441.5 , Est Remaining: 31.4
324 442.9 , Est Remaining: 30.1
325 444.2 , Est Remaining: 28.7
326 445.6 , Est Remaining: 27.3
327 446.9 , Est Remaining: 26.0
