Note: NumExpr detected 32 cores but "NUMEXPR_MAX_THREADS" not set, so enforcing safe limit of 8.
Using selector: EpollSelector
/n/home02/jhaefner/miniconda/envs/IC-3.7-2020-06-16/lib/python3.7/site-packages/scipy/optimize/minpack.py:808: OptimizeWarning: Covariance of the parameters could not be estimated
  category=OptimizeWarning)
Total rwfs: 346
0 0.0 , Est Remaining: 999999.9
1 1.4 , Est Remaining: 490.9
2 2.8 , Est Remaining: 486.6
3 4.2 , Est Remaining: 485.3
4 5.6 , Est Remaining: 481.1
5 7.0 , Est Remaining: 478.1
6 8.4 , Est Remaining: 476.2
7 9.8 , Est Remaining: 473.1
8 11.2 , Est Remaining: 471.3
9 12.5 , Est Remaining: 468.9
10 13.9 , Est Remaining: 467.1
11 15.3 , Est Remaining: 465.8
12 16.7 , Est Remaining: 465.1
13 18.1 , Est Remaining: 463.3
14 19.5 , Est Remaining: 461.8
15 20.9 , Est Remaining: 460.2
16 22.3 , Est Remaining: 459.2
17 23.7 , Est Remaining: 457.8
18 25.0 , Est Remaining: 456.2
19 26.4 , Est Remaining: 454.4
20 27.8 , Est Remaining: 453.1
21 29.2 , Est Remaining: 452.2
22 30.6 , Est Remaining: 450.7
23 32.0 , Est Remaining: 449.2
24 33.4 , Est Remaining: 447.7
25 34.8 , Est Remaining: 446.3
26 36.2 , Est Remaining: 445.2
27 37.6 , Est Remaining: 444.2
28 39.0 , Est Remaining: 443.0
29 40.4 , Est Remaining: 442.0
30 41.9 , Est Remaining: 441.0
31 43.3 , Est Remaining: 439.9
32 44.7 , Est Remaining: 438.8
33 46.1 , Est Remaining: 437.7
34 47.6 , Est Remaining: 436.6
35 49.0 , Est Remaining: 435.6
36 50.5 , Est Remaining: 434.8
37 51.9 , Est Remaining: 433.6
38 53.4 , Est Remaining: 432.5
39 54.8 , Est Remaining: 431.4
40 56.2 , Est Remaining: 430.3
41 57.7 , Est Remaining: 429.2
42 59.1 , Est Remaining: 427.9
43 60.5 , Est Remaining: 426.7
44 62.0 , Est Remaining: 425.3
45 63.4 , Est Remaining: 424.0
46 64.8 , Est Remaining: 422.7
47 66.2 , Est Remaining: 421.4
48 67.7 , Est Remaining: 420.1
49 69.1 , Est Remaining: 418.8
50 70.5 , Est Remaining: 417.4
51 71.9 , Est Remaining: 416.0
52 73.4 , Est Remaining: 414.8
53 74.8 , Est Remaining: 413.5
54 76.2 , Est Remaining: 412.1
55 77.6 , Est Remaining: 410.7
56 79.1 , Est Remaining: 409.4
57 80.5 , Est Remaining: 407.9
58 81.9 , Est Remaining: 406.6
59 83.3 , Est Remaining: 405.3
60 84.8 , Est Remaining: 404.1
61 86.2 , Est Remaining: 402.7
62 87.6 , Est Remaining: 401.3
63 89.0 , Est Remaining: 400.0
64 90.5 , Est Remaining: 398.6
65 91.9 , Est Remaining: 397.3
66 93.3 , Est Remaining: 395.9
67 94.7 , Est Remaining: 394.5
68 96.2 , Est Remaining: 393.2
69 97.6 , Est Remaining: 391.8
70 99.1 , Est Remaining: 390.6
71 100.5 , Est Remaining: 389.2
72 101.9 , Est Remaining: 387.9
EVENT FAILED
72 102.2 , Est Remaining: 389.1
73 103.7 , Est Remaining: 387.7
74 105.1 , Est Remaining: 386.3
75 106.5 , Est Remaining: 384.9
76 108.0 , Est Remaining: 383.5
77 109.4 , Est Remaining: 382.1
78 110.8 , Est Remaining: 380.7
79 112.2 , Est Remaining: 379.2
80 113.6 , Est Remaining: 377.8
81 115.0 , Est Remaining: 376.3
82 116.4 , Est Remaining: 374.8
83 117.8 , Est Remaining: 373.4
84 119.2 , Est Remaining: 371.9
85 120.7 , Est Remaining: 370.5
86 122.1 , Est Remaining: 369.1
87 123.5 , Est Remaining: 367.8
88 125.0 , Est Remaining: 366.5
89 126.4 , Est Remaining: 365.1
90 127.9 , Est Remaining: 363.8
91 129.3 , Est Remaining: 362.4
92 130.8 , Est Remaining: 361.1
93 132.2 , Est Remaining: 359.7
94 133.7 , Est Remaining: 358.3
95 135.1 , Est Remaining: 357.0
96 136.6 , Est Remaining: 355.6
97 138.0 , Est Remaining: 354.2
98 139.4 , Est Remaining: 352.8
99 140.9 , Est Remaining: 351.5
100 142.3 , Est Remaining: 350.0
101 143.7 , Est Remaining: 348.6
102 145.2 , Est Remaining: 347.2
103 146.7 , Est Remaining: 346.0
EVENT FAILED
103 147.0 , Est Remaining: 346.7
104 148.4 , Est Remaining: 345.4
105 149.9 , Est Remaining: 344.0
106 151.3 , Est Remaining: 342.6
107 152.7 , Est Remaining: 341.2
EVENT FAILED
107 153.0 , Est Remaining: 341.9
108 154.5 , Est Remaining: 340.5
109 155.9 , Est Remaining: 339.0
110 157.4 , Est Remaining: 337.6
111 158.8 , Est Remaining: 336.3
112 160.3 , Est Remaining: 334.9
113 161.7 , Est Remaining: 333.4
114 163.2 , Est Remaining: 332.1
115 164.6 , Est Remaining: 330.7
116 166.1 , Est Remaining: 329.3
117 167.5 , Est Remaining: 327.9
118 169.0 , Est Remaining: 326.5
119 170.4 , Est Remaining: 325.0
120 171.9 , Est Remaining: 323.7
121 173.3 , Est Remaining: 322.2
122 174.7 , Est Remaining: 320.8
123 176.2 , Est Remaining: 319.4
124 177.6 , Est Remaining: 318.0
125 179.0 , Est Remaining: 316.5
126 180.4 , Est Remaining: 315.1
127 181.9 , Est Remaining: 313.6
128 183.3 , Est Remaining: 312.2
129 184.7 , Est Remaining: 310.8
130 186.2 , Est Remaining: 309.4
131 187.6 , Est Remaining: 308.0
132 189.1 , Est Remaining: 306.5
133 190.5 , Est Remaining: 305.1
134 191.9 , Est Remaining: 303.7
135 193.4 , Est Remaining: 302.2
136 194.8 , Est Remaining: 300.8
137 196.3 , Est Remaining: 299.4
138 197.7 , Est Remaining: 297.9
139 199.1 , Est Remaining: 296.5
140 200.5 , Est Remaining: 295.1
141 202.0 , Est Remaining: 293.6
142 203.4 , Est Remaining: 292.2
143 204.8 , Est Remaining: 290.7
144 206.2 , Est Remaining: 289.3
145 207.7 , Est Remaining: 287.9
146 209.1 , Est Remaining: 286.4
147 210.5 , Est Remaining: 285.0
148 212.0 , Est Remaining: 283.6
149 213.4 , Est Remaining: 282.1
150 214.8 , Est Remaining: 280.7
151 216.2 , Est Remaining: 279.2
152 217.7 , Est Remaining: 277.8
153 219.1 , Est Remaining: 276.4
154 220.5 , Est Remaining: 274.9
155 221.9 , Est Remaining: 273.5
156 223.4 , Est Remaining: 272.1
157 224.8 , Est Remaining: 270.6
EVENT FAILED
157 225.1 , Est Remaining: 271.0
158 226.5 , Est Remaining: 269.5
159 228.0 , Est Remaining: 268.1
160 229.4 , Est Remaining: 266.7
161 230.9 , Est Remaining: 265.3
162 232.3 , Est Remaining: 263.8
163 233.7 , Est Remaining: 262.4
164 235.2 , Est Remaining: 261.0
165 236.6 , Est Remaining: 259.6
166 238.1 , Est Remaining: 258.2
167 239.5 , Est Remaining: 256.7
168 241.0 , Est Remaining: 255.3
169 242.4 , Est Remaining: 253.9
170 243.9 , Est Remaining: 252.5
EVENT FAILED
170 244.2 , Est Remaining: 252.8
171 245.6 , Est Remaining: 251.4
172 247.1 , Est Remaining: 249.9
173 248.5 , Est Remaining: 248.5
174 249.9 , Est Remaining: 247.1
175 251.4 , Est Remaining: 245.6
176 252.8 , Est Remaining: 244.2
177 254.3 , Est Remaining: 242.8
178 255.7 , Est Remaining: 241.4
179 257.2 , Est Remaining: 239.9
180 258.6 , Est Remaining: 238.5
181 260.1 , Est Remaining: 237.1
182 261.5 , Est Remaining: 235.6
183 262.9 , Est Remaining: 234.2
184 264.3 , Est Remaining: 232.7
185 265.7 , Est Remaining: 231.2
186 267.1 , Est Remaining: 229.7
187 268.5 , Est Remaining: 228.3
EVENT FAILED
187 268.8 , Est Remaining: 228.5
188 270.1 , Est Remaining: 227.0
189 271.5 , Est Remaining: 225.5
190 272.9 , Est Remaining: 224.0
191 274.2 , Est Remaining: 222.6
192 275.6 , Est Remaining: 221.1
193 277.0 , Est Remaining: 219.6
194 278.4 , Est Remaining: 218.1
195 279.8 , Est Remaining: 216.6
196 281.1 , Est Remaining: 215.2
197 282.5 , Est Remaining: 213.7
198 283.9 , Est Remaining: 212.2
199 285.2 , Est Remaining: 210.7
200 286.6 , Est Remaining: 209.2
201 288.0 , Est Remaining: 207.7
202 289.4 , Est Remaining: 206.3
203 290.9 , Est Remaining: 204.9
204 292.2 , Est Remaining: 203.4
205 293.6 , Est Remaining: 201.9
206 295.0 , Est Remaining: 200.5
207 296.3 , Est Remaining: 199.0
208 297.7 , Est Remaining: 197.5
209 299.1 , Est Remaining: 196.0
210 300.4 , Est Remaining: 194.6
211 301.8 , Est Remaining: 193.1
212 303.2 , Est Remaining: 191.6
213 304.5 , Est Remaining: 190.2
214 305.9 , Est Remaining: 188.7
215 307.3 , Est Remaining: 187.2
216 308.7 , Est Remaining: 185.8
217 310.0 , Est Remaining: 184.3
218 311.4 , Est Remaining: 182.8
219 312.7 , Est Remaining: 181.4
220 314.1 , Est Remaining: 179.9
221 315.5 , Est Remaining: 178.4
222 316.9 , Est Remaining: 177.0
223 318.2 , Est Remaining: 175.5
224 319.6 , Est Remaining: 174.1
225 321.0 , Est Remaining: 172.6
226 322.3 , Est Remaining: 171.1
227 323.7 , Est Remaining: 169.7
228 325.1 , Est Remaining: 168.2
229 326.4 , Est Remaining: 166.8
230 327.8 , Est Remaining: 165.3
EVENT FAILED
230 328.1 , Est Remaining: 165.5
231 329.5 , Est Remaining: 164.0
232 330.8 , Est Remaining: 162.6
233 332.2 , Est Remaining: 161.1
234 333.6 , Est Remaining: 159.7
235 335.0 , Est Remaining: 158.2
236 336.3 , Est Remaining: 156.8
EVENT FAILED
236 336.7 , Est Remaining: 156.9
237 338.0 , Est Remaining: 155.5
238 339.4 , Est Remaining: 154.0
239 340.8 , Est Remaining: 152.6
240 342.2 , Est Remaining: 151.1
241 343.5 , Est Remaining: 149.7
242 344.9 , Est Remaining: 148.2
243 346.3 , Est Remaining: 146.8
244 347.7 , Est Remaining: 145.3
245 349.0 , Est Remaining: 143.9
246 350.4 , Est Remaining: 142.4
247 351.8 , Est Remaining: 141.0
248 353.2 , Est Remaining: 139.6
249 354.5 , Est Remaining: 138.1
250 355.9 , Est Remaining: 136.7
251 357.3 , Est Remaining: 135.2
252 358.7 , Est Remaining: 133.8
253 360.1 , Est Remaining: 132.4
254 361.5 , Est Remaining: 130.9
255 362.9 , Est Remaining: 129.5
256 364.2 , Est Remaining: 128.1
257 365.7 , Est Remaining: 126.6
258 367.1 , Est Remaining: 125.2
EVENT FAILED
258 367.4 , Est Remaining: 125.3
259 368.8 , Est Remaining: 123.9
260 370.2 , Est Remaining: 122.5
261 371.6 , Est Remaining: 121.0
EVENT FAILED
261 371.9 , Est Remaining: 121.1
262 373.4 , Est Remaining: 119.7
263 374.8 , Est Remaining: 118.3
264 376.2 , Est Remaining: 116.9
265 377.7 , Est Remaining: 115.4
266 379.1 , Est Remaining: 114.0
267 380.6 , Est Remaining: 112.6
268 382.0 , Est Remaining: 111.2
269 383.4 , Est Remaining: 109.8
270 384.9 , Est Remaining: 108.3
271 386.3 , Est Remaining: 106.9
272 387.7 , Est Remaining: 105.5
273 389.2 , Est Remaining: 104.1
274 390.6 , Est Remaining: 102.6
275 392.1 , Est Remaining: 101.2
276 393.5 , Est Remaining: 99.8
277 395.0 , Est Remaining: 98.4
EVENT FAILED
277 395.3 , Est Remaining: 98.5
278 396.7 , Est Remaining: 97.0
279 398.2 , Est Remaining: 95.6
280 399.6 , Est Remaining: 94.2
281 401.0 , Est Remaining: 92.8
282 402.5 , Est Remaining: 91.3
283 403.9 , Est Remaining: 89.9
284 405.4 , Est Remaining: 88.5
285 406.8 , Est Remaining: 87.1
286 408.3 , Est Remaining: 85.7
287 409.7 , Est Remaining: 84.2
288 411.2 , Est Remaining: 82.8
289 412.6 , Est Remaining: 81.4
290 414.1 , Est Remaining: 80.0
291 415.5 , Est Remaining: 78.5
292 417.0 , Est Remaining: 77.1
293 418.4 , Est Remaining: 75.7
294 419.9 , Est Remaining: 74.3
295 421.3 , Est Remaining: 72.8
296 422.8 , Est Remaining: 71.4
297 424.2 , Est Remaining: 70.0
298 425.7 , Est Remaining: 68.6
299 427.1 , Est Remaining: 67.1
300 428.5 , Est Remaining: 65.7
301 429.9 , Est Remaining: 64.3
302 431.5 , Est Remaining: 62.9
303 432.9 , Est Remaining: 61.4
304 434.3 , Est Remaining: 60.0
305 435.8 , Est Remaining: 58.6
EVENT FAILED
305 436.1 , Est Remaining: 58.6
306 437.5 , Est Remaining: 57.2
307 439.0 , Est Remaining: 55.8
308 440.4 , Est Remaining: 54.3
309 441.8 , Est Remaining: 52.9
310 443.3 , Est Remaining: 51.5
311 444.7 , Est Remaining: 50.0
312 446.1 , Est Remaining: 48.6
313 447.5 , Est Remaining: 47.2
314 448.9 , Est Remaining: 45.7
315 450.3 , Est Remaining: 44.3
316 451.8 , Est Remaining: 42.9
317 453.2 , Est Remaining: 41.5
318 454.6 , Est Remaining: 40.0
319 456.1 , Est Remaining: 38.6
320 457.5 , Est Remaining: 37.2
321 458.9 , Est Remaining: 35.7
322 460.3 , Est Remaining: 34.3
323 461.8 , Est Remaining: 32.9
324 463.2 , Est Remaining: 31.5
325 464.7 , Est Remaining: 30.0
326 466.1 , Est Remaining: 28.6
327 467.6 , Est Remaining: 27.2
328 469.0 , Est Remaining: 25.7
329 470.4 , Est Remaining: 24.3
330 471.8 , Est Remaining: 22.9
331 473.3 , Est Remaining: 21.4
332 474.7 , Est Remaining: 20.0
333 476.0 , Est Remaining: 18.6
