Note: NumExpr detected 32 cores but "NUMEXPR_MAX_THREADS" not set, so enforcing safe limit of 8.
Using selector: EpollSelector
/n/home02/jhaefner/miniconda/envs/IC-3.7-2020-06-16/lib/python3.7/site-packages/scipy/optimize/minpack.py:808: OptimizeWarning: Covariance of the parameters could not be estimated
  category=OptimizeWarning)
Total rwfs: 346
0 0.0 , Est Remaining: 999999.9
1 1.4 , Est Remaining: 483.8
2 2.8 , Est Remaining: 480.5
3 4.2 , Est Remaining: 481.5
4 5.6 , Est Remaining: 478.5
5 7.0 , Est Remaining: 475.9
6 8.4 , Est Remaining: 473.9
7 9.7 , Est Remaining: 471.6
8 11.1 , Est Remaining: 470.3
9 12.5 , Est Remaining: 467.6
10 13.9 , Est Remaining: 465.9
11 15.2 , Est Remaining: 463.6
12 16.6 , Est Remaining: 462.2
13 18.0 , Est Remaining: 460.2
14 19.3 , Est Remaining: 458.8
15 20.7 , Est Remaining: 457.1
16 22.1 , Est Remaining: 455.6
17 23.5 , Est Remaining: 454.0
18 24.8 , Est Remaining: 452.4
19 26.2 , Est Remaining: 450.8
20 27.6 , Est Remaining: 449.1
21 28.9 , Est Remaining: 447.2
22 30.3 , Est Remaining: 445.6
23 31.6 , Est Remaining: 444.0
EVENT FAILED
23 31.9 , Est Remaining: 448.4
24 33.3 , Est Remaining: 446.8
25 34.7 , Est Remaining: 445.0
26 36.0 , Est Remaining: 443.2
27 37.4 , Est Remaining: 441.8
28 38.8 , Est Remaining: 440.3
29 40.1 , Est Remaining: 438.8
30 41.5 , Est Remaining: 437.3
31 42.9 , Est Remaining: 436.1
32 44.3 , Est Remaining: 434.8
33 45.7 , Est Remaining: 433.4
34 47.1 , Est Remaining: 432.3
35 48.5 , Est Remaining: 430.8
36 49.9 , Est Remaining: 429.3
37 51.2 , Est Remaining: 427.9
38 52.6 , Est Remaining: 426.4
39 54.0 , Est Remaining: 425.0
40 55.4 , Est Remaining: 423.6
41 56.8 , Est Remaining: 422.3
42 58.2 , Est Remaining: 421.0
43 59.6 , Est Remaining: 419.8
EVENT FAILED
43 59.9 , Est Remaining: 421.9
EVENT FAILED
43 60.2 , Est Remaining: 424.0
44 61.6 , Est Remaining: 422.6
EVENT FAILED
44 61.9 , Est Remaining: 424.7
45 63.3 , Est Remaining: 423.1
46 64.7 , Est Remaining: 421.7
47 66.1 , Est Remaining: 420.2
48 67.5 , Est Remaining: 418.9
49 68.9 , Est Remaining: 417.4
EVENT FAILED
49 69.2 , Est Remaining: 419.3
50 70.6 , Est Remaining: 417.8
51 72.0 , Est Remaining: 416.3
52 73.4 , Est Remaining: 414.9
53 74.8 , Est Remaining: 413.6
54 76.2 , Est Remaining: 412.2
55 77.7 , Est Remaining: 410.9
56 79.1 , Est Remaining: 409.4
57 80.5 , Est Remaining: 408.1
58 81.9 , Est Remaining: 406.6
59 83.3 , Est Remaining: 405.1
60 84.7 , Est Remaining: 403.8
61 86.1 , Est Remaining: 402.4
62 87.5 , Est Remaining: 400.9
63 89.0 , Est Remaining: 399.6
64 90.4 , Est Remaining: 398.2
65 91.8 , Est Remaining: 396.9
66 93.2 , Est Remaining: 395.6
67 94.7 , Est Remaining: 394.2
68 96.1 , Est Remaining: 392.8
69 97.5 , Est Remaining: 391.4
70 98.9 , Est Remaining: 390.0
71 100.3 , Est Remaining: 388.6
72 101.8 , Est Remaining: 387.3
73 103.2 , Est Remaining: 385.9
74 104.6 , Est Remaining: 384.5
75 106.1 , Est Remaining: 383.2
76 107.5 , Est Remaining: 381.9
77 108.9 , Est Remaining: 380.4
78 110.3 , Est Remaining: 379.1
79 111.7 , Est Remaining: 377.7
80 113.2 , Est Remaining: 376.3
81 114.6 , Est Remaining: 374.9
82 116.0 , Est Remaining: 373.6
83 117.4 , Est Remaining: 372.1
84 118.9 , Est Remaining: 370.8
85 120.3 , Est Remaining: 369.4
86 121.7 , Est Remaining: 368.1
87 123.2 , Est Remaining: 366.7
88 124.6 , Est Remaining: 365.4
89 126.1 , Est Remaining: 364.1
EVENT FAILED
89 126.4 , Est Remaining: 365.0
90 127.8 , Est Remaining: 363.6
91 129.2 , Est Remaining: 362.2
92 130.7 , Est Remaining: 360.8
93 132.1 , Est Remaining: 359.4
94 133.6 , Est Remaining: 358.1
EVENT FAILED
94 133.9 , Est Remaining: 359.0
95 135.3 , Est Remaining: 357.6
96 136.8 , Est Remaining: 356.2
EVENT FAILED
96 137.1 , Est Remaining: 357.0
97 138.5 , Est Remaining: 355.6
98 140.0 , Est Remaining: 354.2
99 141.4 , Est Remaining: 352.8
100 142.8 , Est Remaining: 351.4
101 144.3 , Est Remaining: 349.9
102 145.7 , Est Remaining: 348.5
103 147.2 , Est Remaining: 347.3
104 148.6 , Est Remaining: 345.8
105 150.0 , Est Remaining: 344.4
106 151.5 , Est Remaining: 343.0
107 152.9 , Est Remaining: 341.6
108 154.4 , Est Remaining: 340.1
109 155.8 , Est Remaining: 338.8
110 157.2 , Est Remaining: 337.3
111 158.7 , Est Remaining: 336.0
112 160.1 , Est Remaining: 334.6
113 161.6 , Est Remaining: 333.2
114 163.0 , Est Remaining: 331.8
115 164.5 , Est Remaining: 330.4
116 165.9 , Est Remaining: 329.0
117 167.4 , Est Remaining: 327.6
118 168.9 , Est Remaining: 326.3
119 170.3 , Est Remaining: 324.8
120 171.7 , Est Remaining: 323.4
121 173.2 , Est Remaining: 322.0
122 174.6 , Est Remaining: 320.7
123 176.1 , Est Remaining: 319.2
124 177.5 , Est Remaining: 317.8
125 179.0 , Est Remaining: 316.5
126 180.4 , Est Remaining: 315.1
127 181.9 , Est Remaining: 313.6
128 183.3 , Est Remaining: 312.3
129 184.8 , Est Remaining: 310.9
130 186.2 , Est Remaining: 309.4
131 187.7 , Est Remaining: 308.1
132 189.1 , Est Remaining: 306.6
EVENT FAILED
132 189.4 , Est Remaining: 307.1
133 190.9 , Est Remaining: 305.7
134 192.4 , Est Remaining: 304.3
135 193.8 , Est Remaining: 303.0
136 195.3 , Est Remaining: 301.5
137 196.7 , Est Remaining: 300.1
138 198.2 , Est Remaining: 298.7
139 199.6 , Est Remaining: 297.3
140 201.1 , Est Remaining: 295.9
141 202.5 , Est Remaining: 294.4
142 204.0 , Est Remaining: 293.0
143 205.4 , Est Remaining: 291.6
144 206.8 , Est Remaining: 290.1
145 208.2 , Est Remaining: 288.7
146 209.7 , Est Remaining: 287.2
147 211.1 , Est Remaining: 285.8
148 212.5 , Est Remaining: 284.3
149 213.9 , Est Remaining: 282.9
150 215.4 , Est Remaining: 281.4
151 216.8 , Est Remaining: 280.0
152 218.2 , Est Remaining: 278.5
153 219.7 , Est Remaining: 277.1
154 221.1 , Est Remaining: 275.6
155 222.5 , Est Remaining: 274.2
156 224.0 , Est Remaining: 272.8
157 225.4 , Est Remaining: 271.4
158 226.9 , Est Remaining: 270.0
159 228.3 , Est Remaining: 268.5
160 229.8 , Est Remaining: 267.1
161 231.2 , Est Remaining: 265.7
162 232.7 , Est Remaining: 264.3
163 234.1 , Est Remaining: 262.8
164 235.6 , Est Remaining: 261.4
165 237.0 , Est Remaining: 260.0
166 238.4 , Est Remaining: 258.5
167 239.9 , Est Remaining: 257.1
168 241.3 , Est Remaining: 255.7
169 242.7 , Est Remaining: 254.2
170 244.2 , Est Remaining: 252.8
171 245.6 , Est Remaining: 251.4
172 247.1 , Est Remaining: 250.0
173 248.6 , Est Remaining: 248.6
174 250.0 , Est Remaining: 247.2
175 251.5 , Est Remaining: 245.7
176 253.0 , Est Remaining: 244.3
177 254.4 , Est Remaining: 242.9
178 255.9 , Est Remaining: 241.5
179 257.4 , Est Remaining: 240.1
180 258.8 , Est Remaining: 238.7
181 260.3 , Est Remaining: 237.3
182 261.8 , Est Remaining: 235.9
183 263.2 , Est Remaining: 234.4
184 264.7 , Est Remaining: 233.0
185 266.1 , Est Remaining: 231.6
186 267.6 , Est Remaining: 230.2
187 269.0 , Est Remaining: 228.7
188 270.4 , Est Remaining: 227.3
189 271.9 , Est Remaining: 225.9
190 273.3 , Est Remaining: 224.4
191 274.7 , Est Remaining: 223.0
192 276.2 , Est Remaining: 221.5
193 277.6 , Est Remaining: 220.1
194 279.0 , Est Remaining: 218.6
EVENT FAILED
194 279.3 , Est Remaining: 218.9
195 280.8 , Est Remaining: 217.4
196 282.2 , Est Remaining: 216.0
197 283.6 , Est Remaining: 214.5
198 285.1 , Est Remaining: 213.1
199 286.5 , Est Remaining: 211.6
200 288.0 , Est Remaining: 210.2
201 289.4 , Est Remaining: 208.8
202 290.8 , Est Remaining: 207.3
203 292.4 , Est Remaining: 206.0
EVENT FAILED
203 292.7 , Est Remaining: 206.2
204 294.2 , Est Remaining: 204.8
205 295.6 , Est Remaining: 203.3
206 297.1 , Est Remaining: 201.9
207 298.5 , Est Remaining: 200.4
208 299.9 , Est Remaining: 199.0
209 301.4 , Est Remaining: 197.5
210 302.8 , Est Remaining: 196.1
211 304.2 , Est Remaining: 194.7
212 305.7 , Est Remaining: 193.2
213 307.1 , Est Remaining: 191.8
214 308.6 , Est Remaining: 190.3
215 310.0 , Est Remaining: 188.9
216 311.5 , Est Remaining: 187.5
217 312.9 , Est Remaining: 186.0
218 314.4 , Est Remaining: 184.6
219 315.8 , Est Remaining: 183.1
EVENT FAILED
219 316.1 , Est Remaining: 183.3
220 317.5 , Est Remaining: 181.9
221 319.0 , Est Remaining: 180.4
222 320.4 , Est Remaining: 178.9
223 321.8 , Est Remaining: 177.5
224 323.3 , Est Remaining: 176.1
225 324.7 , Est Remaining: 174.6
226 326.1 , Est Remaining: 173.2
227 327.6 , Est Remaining: 171.7
228 329.0 , Est Remaining: 170.3
229 330.5 , Est Remaining: 168.8
230 331.9 , Est Remaining: 167.4
231 333.4 , Est Remaining: 166.0
232 334.8 , Est Remaining: 164.5
233 336.3 , Est Remaining: 163.1
234 337.8 , Est Remaining: 161.7
235 339.2 , Est Remaining: 160.2
236 340.7 , Est Remaining: 158.8
237 342.2 , Est Remaining: 157.4
238 343.6 , Est Remaining: 155.9
239 345.1 , Est Remaining: 154.5
240 346.6 , Est Remaining: 153.1
241 348.1 , Est Remaining: 151.6
242 349.5 , Est Remaining: 150.2
243 351.0 , Est Remaining: 148.8
244 352.5 , Est Remaining: 147.3
245 353.9 , Est Remaining: 145.9
246 355.4 , Est Remaining: 144.5
247 356.8 , Est Remaining: 143.0
248 358.2 , Est Remaining: 141.5
249 359.7 , Est Remaining: 140.1
250 361.1 , Est Remaining: 138.7
251 362.6 , Est Remaining: 137.2
252 364.0 , Est Remaining: 135.8
253 365.5 , Est Remaining: 134.3
254 366.9 , Est Remaining: 132.9
255 368.4 , Est Remaining: 131.5
256 369.8 , Est Remaining: 130.0
257 371.2 , Est Remaining: 128.6
258 372.7 , Est Remaining: 127.1
259 374.1 , Est Remaining: 125.7
260 375.6 , Est Remaining: 124.2
261 377.0 , Est Remaining: 122.8
262 378.4 , Est Remaining: 121.3
263 379.8 , Est Remaining: 119.9
264 381.3 , Est Remaining: 118.4
265 382.7 , Est Remaining: 117.0
266 384.1 , Est Remaining: 115.5
267 385.6 , Est Remaining: 114.1
268 387.0 , Est Remaining: 112.6
269 388.5 , Est Remaining: 111.2
270 389.9 , Est Remaining: 109.8
271 391.4 , Est Remaining: 108.3
272 392.8 , Est Remaining: 106.9
273 394.3 , Est Remaining: 105.4
274 395.7 , Est Remaining: 104.0
275 397.2 , Est Remaining: 102.5
276 398.6 , Est Remaining: 101.1
277 400.1 , Est Remaining: 99.7
278 401.5 , Est Remaining: 98.2
279 403.0 , Est Remaining: 96.8
280 404.5 , Est Remaining: 95.3
281 405.9 , Est Remaining: 93.9
282 407.3 , Est Remaining: 92.4
283 408.8 , Est Remaining: 91.0
284 410.2 , Est Remaining: 89.6
EVENT FAILED
284 410.5 , Est Remaining: 89.6
285 412.0 , Est Remaining: 88.2
286 413.4 , Est Remaining: 86.7
287 414.9 , Est Remaining: 85.3
288 416.3 , Est Remaining: 83.8
289 417.7 , Est Remaining: 82.4
290 419.2 , Est Remaining: 80.9
291 420.6 , Est Remaining: 79.5
292 422.0 , Est Remaining: 78.0
293 423.4 , Est Remaining: 76.6
294 424.8 , Est Remaining: 75.1
295 426.3 , Est Remaining: 73.7
296 427.7 , Est Remaining: 72.2
297 429.1 , Est Remaining: 70.8
298 430.6 , Est Remaining: 69.4
299 432.0 , Est Remaining: 67.9
300 433.5 , Est Remaining: 66.5
301 434.9 , Est Remaining: 65.0
302 436.5 , Est Remaining: 63.6
303 437.9 , Est Remaining: 62.1
304 439.4 , Est Remaining: 60.7
305 440.8 , Est Remaining: 59.3
306 442.2 , Est Remaining: 57.8
307 443.7 , Est Remaining: 56.4
308 445.1 , Est Remaining: 54.9
309 446.5 , Est Remaining: 53.5
310 448.0 , Est Remaining: 52.0
311 449.4 , Est Remaining: 50.6
312 450.8 , Est Remaining: 49.1
313 452.3 , Est Remaining: 47.7
314 453.7 , Est Remaining: 46.2
315 455.1 , Est Remaining: 44.8
316 456.5 , Est Remaining: 43.3
317 457.9 , Est Remaining: 41.9
318 459.3 , Est Remaining: 40.4
319 460.7 , Est Remaining: 39.0
320 462.2 , Est Remaining: 37.6
321 463.6 , Est Remaining: 36.1
322 465.0 , Est Remaining: 34.7
323 466.4 , Est Remaining: 33.2
324 467.8 , Est Remaining: 31.8
325 469.2 , Est Remaining: 30.3
326 470.6 , Est Remaining: 28.9
327 472.0 , Est Remaining: 27.4
328 473.4 , Est Remaining: 26.0
329 474.8 , Est Remaining: 24.5
330 476.1 , Est Remaining: 23.1
331 477.5 , Est Remaining: 21.6
332 478.9 , Est Remaining: 20.2
