Note: NumExpr detected 32 cores but "NUMEXPR_MAX_THREADS" not set, so enforcing safe limit of 8.
Using selector: EpollSelector
/n/home02/jhaefner/miniconda/envs/IC-3.7-2020-06-16/lib/python3.7/site-packages/scipy/optimize/minpack.py:808: OptimizeWarning: Covariance of the parameters could not be estimated
  category=OptimizeWarning)
Total rwfs: 346
0 0.0 , Est Remaining: 999999.9
1 1.4 , Est Remaining: 484.3
2 2.8 , Est Remaining: 480.1
3 4.2 , Est Remaining: 479.5
4 5.5 , Est Remaining: 474.3
5 6.9 , Est Remaining: 470.7
6 8.3 , Est Remaining: 468.3
7 9.6 , Est Remaining: 466.2
8 11.0 , Est Remaining: 464.1
9 12.3 , Est Remaining: 462.1
10 13.7 , Est Remaining: 460.0
11 15.0 , Est Remaining: 457.8
12 16.4 , Est Remaining: 456.3
13 17.7 , Est Remaining: 454.6
14 19.1 , Est Remaining: 452.9
15 20.5 , Est Remaining: 451.4
16 21.8 , Est Remaining: 449.7
17 23.2 , Est Remaining: 448.2
18 24.5 , Est Remaining: 446.4
19 25.8 , Est Remaining: 444.6
20 27.2 , Est Remaining: 442.8
21 28.5 , Est Remaining: 441.1
22 29.8 , Est Remaining: 439.5
23 31.2 , Est Remaining: 437.9
24 32.5 , Est Remaining: 436.4
25 33.9 , Est Remaining: 435.0
26 35.2 , Est Remaining: 433.6
27 36.6 , Est Remaining: 432.1
28 37.9 , Est Remaining: 430.8
29 39.3 , Est Remaining: 429.5
30 40.6 , Est Remaining: 428.1
31 42.0 , Est Remaining: 427.2
32 43.4 , Est Remaining: 425.8
33 44.8 , Est Remaining: 424.5
34 46.1 , Est Remaining: 423.3
35 47.5 , Est Remaining: 422.0
36 48.9 , Est Remaining: 420.7
37 50.2 , Est Remaining: 419.5
38 51.6 , Est Remaining: 418.2
39 53.0 , Est Remaining: 417.0
40 54.3 , Est Remaining: 415.5
41 55.7 , Est Remaining: 414.2
42 57.0 , Est Remaining: 412.8
43 58.4 , Est Remaining: 411.5
44 59.8 , Est Remaining: 410.3
45 61.1 , Est Remaining: 408.9
46 62.5 , Est Remaining: 407.6
47 63.9 , Est Remaining: 406.2
48 65.2 , Est Remaining: 405.0
49 66.6 , Est Remaining: 403.7
50 68.0 , Est Remaining: 402.4
51 69.3 , Est Remaining: 401.1
52 70.7 , Est Remaining: 399.8
53 72.1 , Est Remaining: 398.5
54 73.4 , Est Remaining: 397.1
55 74.8 , Est Remaining: 395.8
56 76.2 , Est Remaining: 394.5
57 77.5 , Est Remaining: 393.2
58 78.9 , Est Remaining: 391.9
59 80.3 , Est Remaining: 390.5
60 81.6 , Est Remaining: 389.2
61 83.0 , Est Remaining: 387.9
62 84.4 , Est Remaining: 386.6
63 85.8 , Est Remaining: 385.3
64 87.1 , Est Remaining: 383.9
65 88.5 , Est Remaining: 382.6
66 89.9 , Est Remaining: 381.3
67 91.2 , Est Remaining: 379.9
68 92.6 , Est Remaining: 378.6
69 94.0 , Est Remaining: 377.3
70 95.4 , Est Remaining: 376.0
71 96.7 , Est Remaining: 374.7
72 98.1 , Est Remaining: 373.4
73 99.5 , Est Remaining: 372.0
74 100.9 , Est Remaining: 370.7
75 102.2 , Est Remaining: 369.4
76 103.6 , Est Remaining: 368.2
EVENT FAILED
76 103.9 , Est Remaining: 369.3
77 105.3 , Est Remaining: 367.9
78 106.7 , Est Remaining: 366.5
79 108.1 , Est Remaining: 365.2
80 109.4 , Est Remaining: 363.8
81 110.8 , Est Remaining: 362.4
82 112.1 , Est Remaining: 361.0
83 113.5 , Est Remaining: 359.6
EVENT FAILED
83 113.8 , Est Remaining: 360.6
84 115.1 , Est Remaining: 359.1
85 116.5 , Est Remaining: 357.6
86 117.8 , Est Remaining: 356.1
87 119.1 , Est Remaining: 354.7
88 120.5 , Est Remaining: 353.2
89 121.8 , Est Remaining: 351.7
90 123.2 , Est Remaining: 350.3
91 124.5 , Est Remaining: 348.9
92 125.9 , Est Remaining: 347.5
93 127.2 , Est Remaining: 346.1
94 128.6 , Est Remaining: 344.7
95 129.9 , Est Remaining: 343.3
96 131.3 , Est Remaining: 341.8
97 132.6 , Est Remaining: 340.5
98 134.0 , Est Remaining: 339.1
99 135.3 , Est Remaining: 337.6
100 136.7 , Est Remaining: 336.2
101 138.0 , Est Remaining: 334.8
102 139.4 , Est Remaining: 333.4
103 140.8 , Est Remaining: 332.2
104 142.2 , Est Remaining: 330.8
105 143.5 , Est Remaining: 329.4
106 144.9 , Est Remaining: 328.0
107 146.2 , Est Remaining: 326.6
108 147.6 , Est Remaining: 325.2
109 148.9 , Est Remaining: 323.8
110 150.3 , Est Remaining: 322.4
111 151.6 , Est Remaining: 321.0
112 153.0 , Est Remaining: 319.6
113 154.3 , Est Remaining: 318.2
EVENT FAILED
113 154.6 , Est Remaining: 318.8
114 156.0 , Est Remaining: 317.4
115 157.3 , Est Remaining: 316.0
116 158.7 , Est Remaining: 314.7
117 160.1 , Est Remaining: 313.3
118 161.4 , Est Remaining: 311.9
119 162.8 , Est Remaining: 310.5
120 164.1 , Est Remaining: 309.1
121 165.5 , Est Remaining: 307.7
122 166.9 , Est Remaining: 306.4
123 168.2 , Est Remaining: 305.0
124 169.6 , Est Remaining: 303.6
125 170.9 , Est Remaining: 302.1
126 172.2 , Est Remaining: 300.7
127 173.6 , Est Remaining: 299.3
128 174.9 , Est Remaining: 297.9
129 176.3 , Est Remaining: 296.5
130 177.6 , Est Remaining: 295.1
131 179.0 , Est Remaining: 293.7
132 180.3 , Est Remaining: 292.4
133 181.7 , Est Remaining: 291.0
134 183.0 , Est Remaining: 289.6
135 184.4 , Est Remaining: 288.2
136 185.7 , Est Remaining: 286.8
137 187.1 , Est Remaining: 285.4
138 188.5 , Est Remaining: 284.1
139 189.8 , Est Remaining: 282.7
140 191.2 , Est Remaining: 281.3
141 192.6 , Est Remaining: 280.0
142 193.9 , Est Remaining: 278.6
143 195.3 , Est Remaining: 277.2
144 196.7 , Est Remaining: 275.9
145 198.0 , Est Remaining: 274.5
146 199.4 , Est Remaining: 273.1
147 200.8 , Est Remaining: 271.8
148 202.1 , Est Remaining: 270.4
149 203.5 , Est Remaining: 269.0
150 204.9 , Est Remaining: 267.7
151 206.2 , Est Remaining: 266.3
EVENT FAILED
151 206.5 , Est Remaining: 266.7
152 207.9 , Est Remaining: 265.3
153 209.2 , Est Remaining: 263.9
154 210.6 , Est Remaining: 262.6
155 211.9 , Est Remaining: 261.1
156 213.3 , Est Remaining: 259.8
157 214.7 , Est Remaining: 258.4
EVENT FAILED
157 215.0 , Est Remaining: 258.8
158 216.3 , Est Remaining: 257.4
159 217.7 , Est Remaining: 256.0
160 219.1 , Est Remaining: 254.7
161 220.4 , Est Remaining: 253.3
162 221.8 , Est Remaining: 251.9
163 223.1 , Est Remaining: 250.5
164 224.5 , Est Remaining: 249.2
165 225.9 , Est Remaining: 247.8
166 227.2 , Est Remaining: 246.4
167 228.6 , Est Remaining: 245.0
168 230.0 , Est Remaining: 243.6
169 231.3 , Est Remaining: 242.3
170 232.7 , Est Remaining: 240.9
171 234.1 , Est Remaining: 239.5
172 235.4 , Est Remaining: 238.2
173 236.8 , Est Remaining: 236.8
174 238.1 , Est Remaining: 235.4
175 239.5 , Est Remaining: 234.0
176 240.9 , Est Remaining: 232.6
177 242.2 , Est Remaining: 231.3
178 243.6 , Est Remaining: 229.9
179 245.0 , Est Remaining: 228.5
180 246.3 , Est Remaining: 227.2
181 247.7 , Est Remaining: 225.8
182 249.1 , Est Remaining: 224.4
183 250.4 , Est Remaining: 223.1
184 251.8 , Est Remaining: 221.7
185 253.2 , Est Remaining: 220.4
186 254.6 , Est Remaining: 219.0
EVENT FAILED
186 254.9 , Est Remaining: 219.3
187 256.3 , Est Remaining: 217.9
188 257.6 , Est Remaining: 216.5
189 259.0 , Est Remaining: 215.1
190 260.3 , Est Remaining: 213.7
191 261.7 , Est Remaining: 212.4
192 263.1 , Est Remaining: 211.0
193 264.4 , Est Remaining: 209.6
194 265.8 , Est Remaining: 208.2
195 267.1 , Est Remaining: 206.8
196 268.5 , Est Remaining: 205.5
197 269.8 , Est Remaining: 204.1
198 271.2 , Est Remaining: 202.7
199 272.5 , Est Remaining: 201.3
200 273.9 , Est Remaining: 199.9
201 275.2 , Est Remaining: 198.6
202 276.6 , Est Remaining: 197.2
203 278.0 , Est Remaining: 195.9
204 279.4 , Est Remaining: 194.5
205 280.8 , Est Remaining: 193.1
206 282.1 , Est Remaining: 191.7
207 283.5 , Est Remaining: 190.4
208 284.9 , Est Remaining: 189.0
209 286.2 , Est Remaining: 187.6
210 287.6 , Est Remaining: 186.3
EVENT FAILED
210 287.9 , Est Remaining: 186.5
211 289.3 , Est Remaining: 185.1
212 290.6 , Est Remaining: 183.7
213 292.0 , Est Remaining: 182.3
214 293.4 , Est Remaining: 181.0
215 294.7 , Est Remaining: 179.6
216 296.1 , Est Remaining: 178.2
217 297.5 , Est Remaining: 176.8
218 298.8 , Est Remaining: 175.4
219 300.2 , Est Remaining: 174.1
220 301.5 , Est Remaining: 172.7
221 302.9 , Est Remaining: 171.3
222 304.2 , Est Remaining: 169.9
223 305.6 , Est Remaining: 168.6
224 307.0 , Est Remaining: 167.2
225 308.3 , Est Remaining: 165.8
EVENT FAILED
225 308.6 , Est Remaining: 166.0
226 310.0 , Est Remaining: 164.6
227 311.3 , Est Remaining: 163.2
228 312.7 , Est Remaining: 161.8
229 314.1 , Est Remaining: 160.5
230 315.4 , Est Remaining: 159.1
231 316.7 , Est Remaining: 157.7
232 318.1 , Est Remaining: 156.3
233 319.4 , Est Remaining: 154.9
234 320.8 , Est Remaining: 153.5
235 322.1 , Est Remaining: 152.2
236 323.5 , Est Remaining: 150.8
237 324.8 , Est Remaining: 149.4
238 326.2 , Est Remaining: 148.0
239 327.6 , Est Remaining: 146.7
240 328.9 , Est Remaining: 145.3
241 330.3 , Est Remaining: 143.9
242 331.6 , Est Remaining: 142.5
243 333.0 , Est Remaining: 141.1
244 334.3 , Est Remaining: 139.8
245 335.7 , Est Remaining: 138.4
246 337.1 , Est Remaining: 137.0
247 338.4 , Est Remaining: 135.6
248 339.8 , Est Remaining: 134.3
249 341.2 , Est Remaining: 132.9
250 342.5 , Est Remaining: 131.5
251 343.9 , Est Remaining: 130.2
252 345.3 , Est Remaining: 128.8
253 346.6 , Est Remaining: 127.4
254 348.0 , Est Remaining: 126.0
255 349.4 , Est Remaining: 124.7
256 350.8 , Est Remaining: 123.3
257 352.1 , Est Remaining: 121.9
258 353.5 , Est Remaining: 120.6
259 354.8 , Est Remaining: 119.2
260 356.2 , Est Remaining: 117.8
261 357.5 , Est Remaining: 116.4
262 358.9 , Est Remaining: 115.1
263 360.2 , Est Remaining: 113.7
264 361.6 , Est Remaining: 112.3
265 362.9 , Est Remaining: 110.9
266 364.3 , Est Remaining: 109.6
267 365.7 , Est Remaining: 108.2
268 367.0 , Est Remaining: 106.8
269 368.4 , Est Remaining: 105.4
270 369.7 , Est Remaining: 104.1
271 371.1 , Est Remaining: 102.7
272 372.5 , Est Remaining: 101.3
273 373.9 , Est Remaining: 100.0
274 375.2 , Est Remaining: 98.6
275 376.6 , Est Remaining: 97.2
276 378.0 , Est Remaining: 95.9
277 379.3 , Est Remaining: 94.5
278 380.7 , Est Remaining: 93.1
279 382.1 , Est Remaining: 91.8
280 383.4 , Est Remaining: 90.4
281 384.8 , Est Remaining: 89.0
282 386.1 , Est Remaining: 87.6
283 387.5 , Est Remaining: 86.3
284 388.8 , Est Remaining: 84.9
285 390.2 , Est Remaining: 83.5
286 391.5 , Est Remaining: 82.1
287 392.9 , Est Remaining: 80.8
288 394.2 , Est Remaining: 79.4
289 395.5 , Est Remaining: 78.0
290 396.9 , Est Remaining: 76.6
EVENT FAILED
290 397.2 , Est Remaining: 76.7
291 398.5 , Est Remaining: 75.3
292 399.9 , Est Remaining: 73.9
293 401.2 , Est Remaining: 72.6
EVENT FAILED
293 401.5 , Est Remaining: 72.6
294 402.8 , Est Remaining: 71.2
295 404.1 , Est Remaining: 69.9
296 405.5 , Est Remaining: 68.5
297 406.8 , Est Remaining: 67.1
298 408.1 , Est Remaining: 65.7
299 409.4 , Est Remaining: 64.4
300 410.7 , Est Remaining: 63.0
301 412.0 , Est Remaining: 61.6
302 413.4 , Est Remaining: 60.2
303 414.7 , Est Remaining: 58.9
304 416.0 , Est Remaining: 57.5
305 417.3 , Est Remaining: 56.1
306 418.6 , Est Remaining: 54.7
307 419.9 , Est Remaining: 53.3
308 421.2 , Est Remaining: 52.0
309 422.5 , Est Remaining: 50.6
310 423.8 , Est Remaining: 49.2
311 425.1 , Est Remaining: 47.8
312 426.3 , Est Remaining: 46.5
313 427.6 , Est Remaining: 45.1
314 428.9 , Est Remaining: 43.7
315 430.2 , Est Remaining: 42.3
316 431.5 , Est Remaining: 41.0
317 432.8 , Est Remaining: 39.6
318 434.1 , Est Remaining: 38.2
319 435.3 , Est Remaining: 36.8
320 436.6 , Est Remaining: 35.5
321 437.9 , Est Remaining: 34.1
EVENT FAILED
321 438.5 , Est Remaining: 34.2
322 439.8 , Est Remaining: 32.8
EVENT FAILED
322 440.1 , Est Remaining: 32.8
323 441.4 , Est Remaining: 31.4
324 442.7 , Est Remaining: 30.1
325 444.0 , Est Remaining: 28.7
326 445.3 , Est Remaining: 27.3
327 446.5 , Est Remaining: 25.9
328 447.8 , Est Remaining: 24.6
329 449.1 , Est Remaining: 23.2
330 450.4 , Est Remaining: 21.8
331 451.7 , Est Remaining: 20.5
332 453.0 , Est Remaining: 19.1
333 454.3 , Est Remaining: 17.7
