Note: NumExpr detected 32 cores but "NUMEXPR_MAX_THREADS" not set, so enforcing safe limit of 8.
Using selector: EpollSelector
/n/home02/jhaefner/miniconda/envs/IC-3.7-2020-06-16/lib/python3.7/site-packages/scipy/optimize/minpack.py:808: OptimizeWarning: Covariance of the parameters could not be estimated
  category=OptimizeWarning)
Total rwfs: 346
0 0.0 , Est Remaining: 999999.9
1 1.5 , Est Remaining: 519.0
2 3.0 , Est Remaining: 509.0
3 4.4 , Est Remaining: 507.1
4 5.9 , Est Remaining: 502.4
5 7.3 , Est Remaining: 499.2
6 8.8 , Est Remaining: 496.3
7 10.2 , Est Remaining: 492.8
8 11.6 , Est Remaining: 490.0
9 13.0 , Est Remaining: 487.2
EVENT FAILED
9 13.3 , Est Remaining: 499.0
10 14.8 , Est Remaining: 495.8
11 16.2 , Est Remaining: 493.1
12 17.6 , Est Remaining: 490.2
13 19.0 , Est Remaining: 487.6
14 20.4 , Est Remaining: 484.7
15 21.8 , Est Remaining: 481.9
16 23.3 , Est Remaining: 479.6
17 24.7 , Est Remaining: 477.3
18 26.1 , Est Remaining: 475.0
19 27.5 , Est Remaining: 473.3
20 28.9 , Est Remaining: 471.7
21 30.4 , Est Remaining: 470.1
22 31.8 , Est Remaining: 468.3
23 33.2 , Est Remaining: 466.3
24 34.6 , Est Remaining: 464.4
25 36.0 , Est Remaining: 462.6
26 37.4 , Est Remaining: 460.8
27 38.9 , Est Remaining: 459.1
28 40.3 , Est Remaining: 457.3
29 41.7 , Est Remaining: 455.6
30 43.1 , Est Remaining: 454.0
31 44.5 , Est Remaining: 452.4
32 45.9 , Est Remaining: 450.8
33 47.4 , Est Remaining: 449.3
34 48.8 , Est Remaining: 447.7
35 50.2 , Est Remaining: 446.4
36 51.6 , Est Remaining: 444.7
37 53.0 , Est Remaining: 443.0
38 54.4 , Est Remaining: 441.3
39 55.8 , Est Remaining: 439.6
40 57.2 , Est Remaining: 437.9
41 58.6 , Est Remaining: 436.2
42 60.0 , Est Remaining: 434.5
43 61.4 , Est Remaining: 432.7
44 62.8 , Est Remaining: 430.9
45 64.2 , Est Remaining: 429.1
46 65.5 , Est Remaining: 427.2
47 66.9 , Est Remaining: 425.4
48 68.2 , Est Remaining: 423.6
49 69.6 , Est Remaining: 421.8
50 71.0 , Est Remaining: 420.2
51 72.3 , Est Remaining: 418.4
52 73.7 , Est Remaining: 416.6
53 75.0 , Est Remaining: 414.7
54 76.4 , Est Remaining: 412.9
55 77.7 , Est Remaining: 411.1
EVENT FAILED
55 78.0 , Est Remaining: 412.7
56 79.3 , Est Remaining: 410.9
57 80.7 , Est Remaining: 409.1
58 82.0 , Est Remaining: 407.4
59 83.4 , Est Remaining: 405.7
60 84.8 , Est Remaining: 404.0
61 86.1 , Est Remaining: 402.3
62 87.5 , Est Remaining: 400.6
63 88.8 , Est Remaining: 399.0
64 90.2 , Est Remaining: 397.3
65 91.5 , Est Remaining: 395.7
66 92.9 , Est Remaining: 394.0
67 94.2 , Est Remaining: 392.4
68 95.6 , Est Remaining: 390.7
69 96.9 , Est Remaining: 389.1
70 98.3 , Est Remaining: 387.5
71 99.6 , Est Remaining: 385.9
72 101.0 , Est Remaining: 384.3
73 102.3 , Est Remaining: 382.7
74 103.7 , Est Remaining: 381.1
75 105.1 , Est Remaining: 379.6
76 106.4 , Est Remaining: 378.0
77 107.8 , Est Remaining: 376.5
78 109.1 , Est Remaining: 374.9
79 110.4 , Est Remaining: 373.3
80 111.8 , Est Remaining: 371.8
81 113.2 , Est Remaining: 370.2
82 114.5 , Est Remaining: 368.7
83 115.9 , Est Remaining: 367.2
EVENT FAILED
83 116.2 , Est Remaining: 368.1
84 117.5 , Est Remaining: 366.6
85 118.9 , Est Remaining: 365.1
86 120.3 , Est Remaining: 363.6
87 121.6 , Est Remaining: 362.1
88 123.0 , Est Remaining: 360.5
89 124.3 , Est Remaining: 359.0
90 125.7 , Est Remaining: 357.5
91 127.1 , Est Remaining: 356.0
92 128.4 , Est Remaining: 354.5
93 129.8 , Est Remaining: 353.0
94 131.1 , Est Remaining: 351.5
95 132.5 , Est Remaining: 350.0
96 133.8 , Est Remaining: 348.5
97 135.2 , Est Remaining: 347.1
98 136.6 , Est Remaining: 345.6
99 138.0 , Est Remaining: 344.2
100 139.3 , Est Remaining: 342.7
101 140.7 , Est Remaining: 341.2
102 142.0 , Est Remaining: 339.7
103 143.4 , Est Remaining: 338.4
104 144.8 , Est Remaining: 336.9
105 146.2 , Est Remaining: 335.5
106 147.5 , Est Remaining: 334.1
107 148.9 , Est Remaining: 332.6
108 150.3 , Est Remaining: 331.2
109 151.7 , Est Remaining: 329.8
110 153.1 , Est Remaining: 328.4
111 154.4 , Est Remaining: 327.0
112 155.8 , Est Remaining: 325.6
113 157.2 , Est Remaining: 324.2
114 158.6 , Est Remaining: 322.8
115 160.1 , Est Remaining: 321.5
116 161.5 , Est Remaining: 320.2
117 162.9 , Est Remaining: 318.9
118 164.4 , Est Remaining: 317.6
119 165.8 , Est Remaining: 316.3
120 167.2 , Est Remaining: 314.9
121 168.6 , Est Remaining: 313.5
122 170.1 , Est Remaining: 312.2
123 171.5 , Est Remaining: 310.9
124 172.9 , Est Remaining: 309.6
125 174.4 , Est Remaining: 308.3
126 175.8 , Est Remaining: 306.9
127 177.2 , Est Remaining: 305.6
128 178.7 , Est Remaining: 304.3
129 180.1 , Est Remaining: 303.0
130 181.6 , Est Remaining: 301.7
131 183.0 , Est Remaining: 300.3
EVENT FAILED
131 183.3 , Est Remaining: 300.8
132 184.7 , Est Remaining: 299.5
133 186.2 , Est Remaining: 298.2
134 187.7 , Est Remaining: 296.9
135 189.1 , Est Remaining: 295.6
136 190.6 , Est Remaining: 294.3
137 192.0 , Est Remaining: 293.0
138 193.5 , Est Remaining: 291.6
139 195.0 , Est Remaining: 290.3
140 196.4 , Est Remaining: 289.0
141 197.9 , Est Remaining: 287.7
142 199.3 , Est Remaining: 286.4
143 200.8 , Est Remaining: 285.0
144 202.2 , Est Remaining: 283.7
145 203.7 , Est Remaining: 282.4
146 205.2 , Est Remaining: 281.0
147 206.6 , Est Remaining: 279.7
148 208.0 , Est Remaining: 278.3
149 209.5 , Est Remaining: 277.0
150 211.0 , Est Remaining: 275.6
151 212.4 , Est Remaining: 274.3
152 213.9 , Est Remaining: 273.0
153 215.3 , Est Remaining: 271.6
154 216.8 , Est Remaining: 270.3
155 218.3 , Est Remaining: 269.0
156 219.7 , Est Remaining: 267.6
157 221.2 , Est Remaining: 266.3
158 222.7 , Est Remaining: 264.9
159 224.1 , Est Remaining: 263.6
160 225.6 , Est Remaining: 262.3
161 227.1 , Est Remaining: 260.9
162 228.5 , Est Remaining: 259.6
163 230.0 , Est Remaining: 258.2
164 231.5 , Est Remaining: 256.9
165 233.0 , Est Remaining: 255.6
166 234.4 , Est Remaining: 254.2
167 235.9 , Est Remaining: 252.8
168 237.4 , Est Remaining: 251.5
169 238.8 , Est Remaining: 250.2
170 240.3 , Est Remaining: 248.8
171 241.8 , Est Remaining: 247.4
172 243.2 , Est Remaining: 246.1
173 244.7 , Est Remaining: 244.7
174 246.2 , Est Remaining: 243.3
175 247.6 , Est Remaining: 242.0
176 249.1 , Est Remaining: 240.6
177 250.6 , Est Remaining: 239.2
178 252.0 , Est Remaining: 237.9
179 253.5 , Est Remaining: 236.5
180 255.0 , Est Remaining: 235.1
181 256.4 , Est Remaining: 233.8
182 257.9 , Est Remaining: 232.4
183 259.4 , Est Remaining: 231.0
184 260.9 , Est Remaining: 229.7
185 262.3 , Est Remaining: 228.3
186 263.8 , Est Remaining: 226.9
187 265.3 , Est Remaining: 225.5
188 266.7 , Est Remaining: 224.1
189 268.2 , Est Remaining: 222.8
190 269.6 , Est Remaining: 221.4
191 271.1 , Est Remaining: 220.0
192 272.5 , Est Remaining: 218.6
193 274.0 , Est Remaining: 217.2
194 275.4 , Est Remaining: 215.8
195 276.9 , Est Remaining: 214.4
196 278.4 , Est Remaining: 213.0
197 279.8 , Est Remaining: 211.7
EVENT FAILED
197 280.1 , Est Remaining: 211.9
198 281.6 , Est Remaining: 210.5
199 283.1 , Est Remaining: 209.1
200 284.5 , Est Remaining: 207.7
201 286.0 , Est Remaining: 206.3
202 287.5 , Est Remaining: 204.9
203 289.0 , Est Remaining: 203.6
204 290.5 , Est Remaining: 202.2
EVENT FAILED
204 290.8 , Est Remaining: 202.4
205 292.2 , Est Remaining: 201.0
206 293.7 , Est Remaining: 199.6
EVENT FAILED
206 294.0 , Est Remaining: 199.8
207 295.4 , Est Remaining: 198.4
208 296.9 , Est Remaining: 197.0
209 298.3 , Est Remaining: 195.5
210 299.8 , Est Remaining: 194.1
211 301.2 , Est Remaining: 192.7
212 302.7 , Est Remaining: 191.3
213 304.1 , Est Remaining: 189.9
214 305.6 , Est Remaining: 188.5
215 307.0 , Est Remaining: 187.1
216 308.4 , Est Remaining: 185.6
217 309.9 , Est Remaining: 184.2
218 311.3 , Est Remaining: 182.8
219 312.8 , Est Remaining: 181.4
220 314.2 , Est Remaining: 180.0
221 315.7 , Est Remaining: 178.5
222 317.1 , Est Remaining: 177.1
223 318.6 , Est Remaining: 175.7
224 320.0 , Est Remaining: 174.3
225 321.5 , Est Remaining: 172.9
226 322.9 , Est Remaining: 171.5
227 324.4 , Est Remaining: 170.0
228 325.8 , Est Remaining: 168.6
229 327.2 , Est Remaining: 167.2
230 328.7 , Est Remaining: 165.8
EVENT FAILED
230 329.0 , Est Remaining: 165.9
231 330.5 , Est Remaining: 164.5
232 331.9 , Est Remaining: 163.1
233 333.4 , Est Remaining: 161.7
234 334.9 , Est Remaining: 160.3
235 336.4 , Est Remaining: 158.9
236 337.8 , Est Remaining: 157.5
237 339.3 , Est Remaining: 156.1
238 340.8 , Est Remaining: 154.6
EVENT FAILED
238 341.1 , Est Remaining: 154.8
239 342.5 , Est Remaining: 153.3
240 344.0 , Est Remaining: 151.9
241 345.4 , Est Remaining: 150.5
242 346.9 , Est Remaining: 149.1
243 348.3 , Est Remaining: 147.6
244 349.7 , Est Remaining: 146.2
245 351.2 , Est Remaining: 144.8
246 352.6 , Est Remaining: 143.3
247 354.1 , Est Remaining: 141.9
248 355.5 , Est Remaining: 140.5
249 357.0 , Est Remaining: 139.1
250 358.4 , Est Remaining: 137.6
251 359.9 , Est Remaining: 136.2
252 361.3 , Est Remaining: 134.8
253 362.8 , Est Remaining: 133.3
254 364.2 , Est Remaining: 131.9
255 365.7 , Est Remaining: 130.5
256 367.1 , Est Remaining: 129.1
257 368.6 , Est Remaining: 127.6
258 370.0 , Est Remaining: 126.2
259 371.4 , Est Remaining: 124.8
260 372.9 , Est Remaining: 123.3
261 374.3 , Est Remaining: 121.9
262 375.8 , Est Remaining: 120.5
263 377.2 , Est Remaining: 119.0
264 378.7 , Est Remaining: 117.6
265 380.1 , Est Remaining: 116.2
266 381.5 , Est Remaining: 114.7
267 383.0 , Est Remaining: 113.3
268 384.4 , Est Remaining: 111.9
269 385.9 , Est Remaining: 110.5
270 387.3 , Est Remaining: 109.0
271 388.7 , Est Remaining: 107.6
272 390.1 , Est Remaining: 106.1
273 391.6 , Est Remaining: 104.7
274 393.0 , Est Remaining: 103.3
275 394.4 , Est Remaining: 101.8
276 395.9 , Est Remaining: 100.4
277 397.3 , Est Remaining: 99.0
278 398.7 , Est Remaining: 97.5
279 400.2 , Est Remaining: 96.1
280 401.6 , Est Remaining: 94.7
281 403.0 , Est Remaining: 93.2
282 404.5 , Est Remaining: 91.8
283 405.9 , Est Remaining: 90.4
284 407.3 , Est Remaining: 88.9
EVENT FAILED
284 407.6 , Est Remaining: 89.0
285 409.1 , Est Remaining: 87.6
286 410.5 , Est Remaining: 86.1
287 412.0 , Est Remaining: 84.7
288 413.4 , Est Remaining: 83.3
289 414.8 , Est Remaining: 81.8
290 416.3 , Est Remaining: 80.4
291 417.7 , Est Remaining: 78.9
292 419.2 , Est Remaining: 77.5
293 420.6 , Est Remaining: 76.1
294 422.1 , Est Remaining: 74.6
295 423.5 , Est Remaining: 73.2
296 424.9 , Est Remaining: 71.8
297 426.4 , Est Remaining: 70.3
298 427.8 , Est Remaining: 68.9
299 429.3 , Est Remaining: 67.5
300 430.7 , Est Remaining: 66.0
301 432.2 , Est Remaining: 64.6
302 433.7 , Est Remaining: 63.2
303 435.2 , Est Remaining: 61.8
304 436.6 , Est Remaining: 60.3
305 438.0 , Est Remaining: 58.9
306 439.4 , Est Remaining: 57.4
307 440.9 , Est Remaining: 56.0
308 442.3 , Est Remaining: 54.6
309 443.8 , Est Remaining: 53.1
310 445.2 , Est Remaining: 51.7
311 446.6 , Est Remaining: 50.3
312 448.1 , Est Remaining: 48.8
313 449.5 , Est Remaining: 47.4
314 451.0 , Est Remaining: 46.0
315 452.4 , Est Remaining: 44.5
316 453.9 , Est Remaining: 43.1
317 455.3 , Est Remaining: 41.7
318 456.8 , Est Remaining: 40.2
319 458.2 , Est Remaining: 38.8
320 459.7 , Est Remaining: 37.3
321 461.1 , Est Remaining: 35.9
322 462.6 , Est Remaining: 34.5
323 464.0 , Est Remaining: 33.0
324 465.4 , Est Remaining: 31.6
325 466.9 , Est Remaining: 30.2
326 468.3 , Est Remaining: 28.7
327 469.8 , Est Remaining: 27.3
328 471.2 , Est Remaining: 25.9
329 472.6 , Est Remaining: 24.4
330 474.1 , Est Remaining: 23.0
331 475.5 , Est Remaining: 21.5
332 476.9 , Est Remaining: 20.1
333 478.3 , Est Remaining: 18.7
334 479.7 , Est Remaining: 17.2
335 481.2 , Est Remaining: 15.8
