Note: NumExpr detected 32 cores but "NUMEXPR_MAX_THREADS" not set, so enforcing safe limit of 8.
Using selector: EpollSelector
/n/home02/jhaefner/miniconda/envs/IC-3.7-2020-06-16/lib/python3.7/site-packages/scipy/optimize/minpack.py:808: OptimizeWarning: Covariance of the parameters could not be estimated
  category=OptimizeWarning)
Total rwfs: 346
0 0.0 , Est Remaining: 999999.9
1 1.3 , Est Remaining: 458.6
2 2.6 , Est Remaining: 454.8
3 4.0 , Est Remaining: 453.5
4 5.3 , Est Remaining: 449.5
5 6.6 , Est Remaining: 447.1
6 7.9 , Est Remaining: 445.6
7 9.2 , Est Remaining: 443.4
8 10.4 , Est Remaining: 441.4
9 11.7 , Est Remaining: 439.6
10 13.0 , Est Remaining: 438.0
11 14.3 , Est Remaining: 436.1
12 15.6 , Est Remaining: 434.5
13 16.9 , Est Remaining: 433.5
14 18.2 , Est Remaining: 432.3
15 19.5 , Est Remaining: 431.1
16 20.9 , Est Remaining: 430.4
17 22.2 , Est Remaining: 429.5
18 23.5 , Est Remaining: 428.1
19 24.8 , Est Remaining: 427.0
20 26.1 , Est Remaining: 425.9
21 27.4 , Est Remaining: 424.6
22 28.7 , Est Remaining: 423.4
23 30.1 , Est Remaining: 422.2
24 31.4 , Est Remaining: 421.3
25 32.7 , Est Remaining: 420.0
26 34.0 , Est Remaining: 418.8
27 35.4 , Est Remaining: 417.8
28 36.7 , Est Remaining: 416.5
29 38.0 , Est Remaining: 415.3
30 39.3 , Est Remaining: 414.0
31 40.6 , Est Remaining: 412.7
32 42.0 , Est Remaining: 411.6
33 43.3 , Est Remaining: 410.4
EVENT FAILED
33 43.6 , Est Remaining: 413.2
34 44.9 , Est Remaining: 411.7
35 46.2 , Est Remaining: 410.4
36 47.5 , Est Remaining: 408.8
37 48.8 , Est Remaining: 407.6
38 50.1 , Est Remaining: 406.0
39 51.4 , Est Remaining: 404.7
40 52.7 , Est Remaining: 403.3
41 54.0 , Est Remaining: 401.9
42 55.3 , Est Remaining: 400.6
43 56.7 , Est Remaining: 399.2
44 58.0 , Est Remaining: 397.9
45 59.3 , Est Remaining: 396.5
46 60.6 , Est Remaining: 395.1
47 61.9 , Est Remaining: 393.7
48 63.2 , Est Remaining: 392.5
49 64.5 , Est Remaining: 391.1
50 65.8 , Est Remaining: 389.8
51 67.2 , Est Remaining: 388.5
52 68.5 , Est Remaining: 387.2
53 69.8 , Est Remaining: 385.8
54 71.1 , Est Remaining: 384.5
55 72.4 , Est Remaining: 383.2
56 73.7 , Est Remaining: 381.9
57 75.1 , Est Remaining: 380.6
58 76.4 , Est Remaining: 379.3
59 77.7 , Est Remaining: 378.0
60 79.0 , Est Remaining: 376.8
61 80.4 , Est Remaining: 375.5
62 81.7 , Est Remaining: 374.1
63 83.0 , Est Remaining: 372.8
64 84.3 , Est Remaining: 371.5
65 85.6 , Est Remaining: 370.1
66 86.9 , Est Remaining: 368.7
67 88.2 , Est Remaining: 367.3
68 89.5 , Est Remaining: 366.0
69 90.8 , Est Remaining: 364.6
70 92.1 , Est Remaining: 363.2
71 93.4 , Est Remaining: 361.8
72 94.7 , Est Remaining: 360.4
73 96.0 , Est Remaining: 359.1
74 97.3 , Est Remaining: 357.8
75 98.6 , Est Remaining: 356.4
76 100.0 , Est Remaining: 355.1
77 101.3 , Est Remaining: 353.8
78 102.6 , Est Remaining: 352.5
79 103.9 , Est Remaining: 351.2
80 105.2 , Est Remaining: 349.9
81 106.6 , Est Remaining: 348.6
82 107.9 , Est Remaining: 347.4
83 109.2 , Est Remaining: 346.1
84 110.5 , Est Remaining: 344.8
85 111.9 , Est Remaining: 343.5
86 113.2 , Est Remaining: 342.2
87 114.5 , Est Remaining: 340.9
88 115.8 , Est Remaining: 339.6
89 117.2 , Est Remaining: 338.3
90 118.5 , Est Remaining: 337.0
91 119.8 , Est Remaining: 335.8
92 121.2 , Est Remaining: 334.6
93 122.5 , Est Remaining: 333.3
94 123.9 , Est Remaining: 332.0
95 125.2 , Est Remaining: 330.8
96 126.5 , Est Remaining: 329.5
97 127.8 , Est Remaining: 328.2
98 129.2 , Est Remaining: 326.9
99 130.5 , Est Remaining: 325.5
100 131.8 , Est Remaining: 324.3
101 133.1 , Est Remaining: 323.0
102 134.5 , Est Remaining: 321.7
103 135.9 , Est Remaining: 320.6
104 137.2 , Est Remaining: 319.2
105 138.5 , Est Remaining: 318.0
106 139.8 , Est Remaining: 316.6
107 141.2 , Est Remaining: 315.3
108 142.5 , Est Remaining: 314.1
109 143.8 , Est Remaining: 312.8
110 145.2 , Est Remaining: 311.5
111 146.5 , Est Remaining: 310.2
112 147.9 , Est Remaining: 308.9
113 149.2 , Est Remaining: 307.6
114 150.5 , Est Remaining: 306.3
115 151.9 , Est Remaining: 305.1
116 153.2 , Est Remaining: 303.8
117 154.5 , Est Remaining: 302.4
118 155.9 , Est Remaining: 301.1
119 157.2 , Est Remaining: 299.8
120 158.5 , Est Remaining: 298.5
121 159.9 , Est Remaining: 297.2
122 161.2 , Est Remaining: 295.9
123 162.5 , Est Remaining: 294.6
124 163.8 , Est Remaining: 293.3
125 165.2 , Est Remaining: 292.0
126 166.5 , Est Remaining: 290.7
127 167.9 , Est Remaining: 289.5
128 169.2 , Est Remaining: 288.2
129 170.5 , Est Remaining: 286.8
130 171.9 , Est Remaining: 285.6
131 173.2 , Est Remaining: 284.3
132 174.5 , Est Remaining: 283.0
133 175.9 , Est Remaining: 281.7
134 177.2 , Est Remaining: 280.4
135 178.5 , Est Remaining: 279.1
136 179.9 , Est Remaining: 277.7
137 181.2 , Est Remaining: 276.4
138 182.5 , Est Remaining: 275.1
139 183.8 , Est Remaining: 273.8
140 185.1 , Est Remaining: 272.4
141 186.5 , Est Remaining: 271.1
142 187.8 , Est Remaining: 269.8
143 189.1 , Est Remaining: 268.4
144 190.4 , Est Remaining: 267.1
145 191.7 , Est Remaining: 265.8
146 193.1 , Est Remaining: 264.5
147 194.4 , Est Remaining: 263.1
148 195.7 , Est Remaining: 261.8
149 197.0 , Est Remaining: 260.5
150 198.3 , Est Remaining: 259.1
151 199.6 , Est Remaining: 257.8
152 200.9 , Est Remaining: 256.5
153 202.3 , Est Remaining: 255.2
154 203.6 , Est Remaining: 253.8
155 204.9 , Est Remaining: 252.5
156 206.2 , Est Remaining: 251.2
157 207.6 , Est Remaining: 249.9
158 208.9 , Est Remaining: 248.6
159 210.3 , Est Remaining: 247.3
160 211.6 , Est Remaining: 246.0
161 212.9 , Est Remaining: 244.7
162 214.3 , Est Remaining: 243.4
163 215.6 , Est Remaining: 242.1
164 216.9 , Est Remaining: 240.8
165 218.3 , Est Remaining: 239.4
166 219.6 , Est Remaining: 238.1
167 220.9 , Est Remaining: 236.8
168 222.3 , Est Remaining: 235.5
169 223.6 , Est Remaining: 234.2
170 224.9 , Est Remaining: 232.9
171 226.3 , Est Remaining: 231.6
172 227.6 , Est Remaining: 230.2
173 228.9 , Est Remaining: 228.9
174 230.3 , Est Remaining: 227.6
175 231.6 , Est Remaining: 226.3
176 232.9 , Est Remaining: 225.0
177 234.3 , Est Remaining: 223.7
178 235.6 , Est Remaining: 222.4
179 237.0 , Est Remaining: 221.1
180 238.3 , Est Remaining: 219.8
181 239.6 , Est Remaining: 218.5
182 241.0 , Est Remaining: 217.2
183 242.3 , Est Remaining: 215.8
184 243.6 , Est Remaining: 214.5
185 245.0 , Est Remaining: 213.2
186 246.3 , Est Remaining: 211.9
187 247.6 , Est Remaining: 210.6
188 249.0 , Est Remaining: 209.2
189 250.3 , Est Remaining: 207.9
190 251.6 , Est Remaining: 206.6
191 252.9 , Est Remaining: 205.3
192 254.3 , Est Remaining: 203.9
193 255.6 , Est Remaining: 202.6
194 256.9 , Est Remaining: 201.3
195 258.2 , Est Remaining: 200.0
196 259.5 , Est Remaining: 198.6
197 260.8 , Est Remaining: 197.3
198 262.2 , Est Remaining: 196.0
199 263.5 , Est Remaining: 194.6
200 264.8 , Est Remaining: 193.3
201 266.1 , Est Remaining: 192.0
202 267.5 , Est Remaining: 190.7
203 268.9 , Est Remaining: 189.4
204 270.2 , Est Remaining: 188.1
205 271.6 , Est Remaining: 186.8
206 272.9 , Est Remaining: 185.5
207 274.3 , Est Remaining: 184.2
208 275.6 , Est Remaining: 182.8
209 276.9 , Est Remaining: 181.5
210 278.3 , Est Remaining: 180.2
211 279.6 , Est Remaining: 178.9
212 280.9 , Est Remaining: 177.6
213 282.2 , Est Remaining: 176.2
214 283.6 , Est Remaining: 174.9
215 284.9 , Est Remaining: 173.6
216 286.2 , Est Remaining: 172.3
217 287.5 , Est Remaining: 170.9
218 288.9 , Est Remaining: 169.6
219 290.2 , Est Remaining: 168.3
220 291.5 , Est Remaining: 166.9
221 292.8 , Est Remaining: 165.6
222 294.1 , Est Remaining: 164.3
223 295.5 , Est Remaining: 163.0
224 296.8 , Est Remaining: 161.6
225 298.1 , Est Remaining: 160.3
226 299.5 , Est Remaining: 159.0
227 300.8 , Est Remaining: 157.7
228 302.1 , Est Remaining: 156.4
229 303.5 , Est Remaining: 155.0
230 304.8 , Est Remaining: 153.7
231 306.1 , Est Remaining: 152.4
232 307.4 , Est Remaining: 151.1
233 308.8 , Est Remaining: 149.7
234 310.1 , Est Remaining: 148.4
235 311.4 , Est Remaining: 147.1
236 312.8 , Est Remaining: 145.8
237 314.1 , Est Remaining: 144.5
EVENT FAILED
237 314.4 , Est Remaining: 144.6
238 315.7 , Est Remaining: 143.3
239 317.1 , Est Remaining: 141.9
240 318.4 , Est Remaining: 140.6
241 319.7 , Est Remaining: 139.3
242 321.1 , Est Remaining: 138.0
243 322.4 , Est Remaining: 136.7
244 323.7 , Est Remaining: 135.3
EVENT FAILED
244 324.0 , Est Remaining: 135.5
245 325.3 , Est Remaining: 134.1
246 326.7 , Est Remaining: 132.8
247 328.0 , Est Remaining: 131.5
248 329.3 , Est Remaining: 130.1
249 330.7 , Est Remaining: 128.8
250 332.0 , Est Remaining: 127.5
251 333.3 , Est Remaining: 126.2
252 334.7 , Est Remaining: 124.8
253 336.0 , Est Remaining: 123.5
254 337.4 , Est Remaining: 122.2
255 338.7 , Est Remaining: 120.9
256 340.0 , Est Remaining: 119.5
257 341.4 , Est Remaining: 118.2
258 342.7 , Est Remaining: 116.9
259 344.0 , Est Remaining: 115.6
260 345.4 , Est Remaining: 114.2
261 346.7 , Est Remaining: 112.9
262 348.1 , Est Remaining: 111.6
263 349.4 , Est Remaining: 110.3
264 350.7 , Est Remaining: 108.9
265 352.1 , Est Remaining: 107.6
266 353.4 , Est Remaining: 106.3
267 354.7 , Est Remaining: 104.9
268 356.0 , Est Remaining: 103.6
269 357.3 , Est Remaining: 102.3
270 358.7 , Est Remaining: 101.0
271 360.0 , Est Remaining: 99.6
272 361.3 , Est Remaining: 98.3
273 362.6 , Est Remaining: 97.0
274 364.0 , Est Remaining: 95.6
275 365.3 , Est Remaining: 94.3
276 366.6 , Est Remaining: 93.0
277 367.9 , Est Remaining: 91.6
278 369.2 , Est Remaining: 90.3
279 370.5 , Est Remaining: 89.0
280 371.9 , Est Remaining: 87.7
EVENT FAILED
280 372.2 , Est Remaining: 87.7
281 373.5 , Est Remaining: 86.4
282 374.8 , Est Remaining: 85.1
283 376.2 , Est Remaining: 83.7
284 377.5 , Est Remaining: 82.4
285 378.8 , Est Remaining: 81.1
286 380.2 , Est Remaining: 79.8
287 381.5 , Est Remaining: 78.4
288 382.9 , Est Remaining: 77.1
289 384.2 , Est Remaining: 75.8
290 385.5 , Est Remaining: 74.4
291 386.9 , Est Remaining: 73.1
292 388.2 , Est Remaining: 71.8
293 389.5 , Est Remaining: 70.5
294 390.9 , Est Remaining: 69.1
295 392.2 , Est Remaining: 67.8
296 393.6 , Est Remaining: 66.5
297 394.9 , Est Remaining: 65.2
298 396.2 , Est Remaining: 63.8
299 397.6 , Est Remaining: 62.5
300 398.9 , Est Remaining: 61.2
301 400.2 , Est Remaining: 59.8
302 401.7 , Est Remaining: 58.5
303 403.0 , Est Remaining: 57.2
304 404.4 , Est Remaining: 55.9
305 405.7 , Est Remaining: 54.5
306 407.0 , Est Remaining: 53.2
307 408.3 , Est Remaining: 51.9
308 409.7 , Est Remaining: 50.5
309 411.0 , Est Remaining: 49.2
310 412.3 , Est Remaining: 47.9
311 413.6 , Est Remaining: 46.6
312 415.0 , Est Remaining: 45.2
313 416.3 , Est Remaining: 43.9
314 417.7 , Est Remaining: 42.6
315 419.0 , Est Remaining: 41.2
316 420.3 , Est Remaining: 39.9
317 421.7 , Est Remaining: 38.6
318 423.0 , Est Remaining: 37.2
319 424.3 , Est Remaining: 35.9
320 425.7 , Est Remaining: 34.6
EVENT FAILED
320 425.9 , Est Remaining: 34.6
EVENT FAILED
320 426.2 , Est Remaining: 34.6
321 427.6 , Est Remaining: 33.3
322 428.9 , Est Remaining: 32.0
323 430.3 , Est Remaining: 30.6
324 431.6 , Est Remaining: 29.3
325 432.9 , Est Remaining: 28.0
326 434.3 , Est Remaining: 26.6
327 435.6 , Est Remaining: 25.3
328 436.9 , Est Remaining: 24.0
329 438.3 , Est Remaining: 22.6
330 439.6 , Est Remaining: 21.3
331 440.9 , Est Remaining: 20.0
332 442.3 , Est Remaining: 18.6
333 443.6 , Est Remaining: 17.3
334 444.9 , Est Remaining: 16.0
335 446.2 , Est Remaining: 14.7
336 447.5 , Est Remaining: 13.3
337 448.9 , Est Remaining: 12.0
338 450.2 , Est Remaining: 10.7
339 451.5 , Est Remaining: 9.3
