Note: NumExpr detected 32 cores but "NUMEXPR_MAX_THREADS" not set, so enforcing safe limit of 8.
Using selector: EpollSelector
/n/home02/jhaefner/miniconda/envs/IC-3.7-2020-06-16/lib/python3.7/site-packages/scipy/optimize/minpack.py:808: OptimizeWarning: Covariance of the parameters could not be estimated
  category=OptimizeWarning)
Total rwfs: 346
0 0.0 , Est Remaining: 999999.9
1 1.5 , Est Remaining: 514.4
2 2.9 , Est Remaining: 502.9
3 4.4 , Est Remaining: 502.9
4 5.9 , Est Remaining: 500.3
5 7.3 , Est Remaining: 497.6
6 8.7 , Est Remaining: 493.7
7 10.1 , Est Remaining: 490.7
8 11.5 , Est Remaining: 487.4
9 13.0 , Est Remaining: 485.0
10 14.4 , Est Remaining: 483.3
11 15.8 , Est Remaining: 480.9
12 17.2 , Est Remaining: 478.5
13 18.6 , Est Remaining: 476.7
14 20.0 , Est Remaining: 474.5
15 21.4 , Est Remaining: 472.3
16 22.8 , Est Remaining: 470.3
17 24.2 , Est Remaining: 468.2
18 25.6 , Est Remaining: 466.3
19 27.0 , Est Remaining: 464.5
20 28.4 , Est Remaining: 462.8
21 29.8 , Est Remaining: 460.8
22 31.1 , Est Remaining: 458.6
23 32.5 , Est Remaining: 456.5
EVENT FAILED
23 32.8 , Est Remaining: 460.7
24 34.2 , Est Remaining: 458.4
25 35.5 , Est Remaining: 456.2
26 36.9 , Est Remaining: 453.9
27 38.2 , Est Remaining: 451.6
28 39.6 , Est Remaining: 449.3
29 40.9 , Est Remaining: 447.1
30 42.2 , Est Remaining: 444.9
31 43.6 , Est Remaining: 442.9
EVENT FAILED
31 43.9 , Est Remaining: 445.9
32 45.2 , Est Remaining: 443.8
33 46.6 , Est Remaining: 441.7
34 47.9 , Est Remaining: 440.0
35 49.3 , Est Remaining: 438.0
36 50.6 , Est Remaining: 436.0
37 52.0 , Est Remaining: 434.4
EVENT FAILED
37 52.3 , Est Remaining: 436.8
38 53.7 , Est Remaining: 434.9
EVENT FAILED
38 54.0 , Est Remaining: 437.3
39 55.3 , Est Remaining: 435.5
40 56.7 , Est Remaining: 433.5
41 58.0 , Est Remaining: 431.5
42 59.3 , Est Remaining: 429.5
43 60.7 , Est Remaining: 427.6
44 62.0 , Est Remaining: 425.7
45 63.4 , Est Remaining: 423.9
46 64.7 , Est Remaining: 422.0
47 66.0 , Est Remaining: 420.0
48 67.4 , Est Remaining: 418.2
49 68.7 , Est Remaining: 416.4
EVENT FAILED
49 69.0 , Est Remaining: 418.2
50 70.3 , Est Remaining: 416.2
51 71.6 , Est Remaining: 414.3
52 72.9 , Est Remaining: 412.4
53 74.3 , Est Remaining: 410.5
54 75.6 , Est Remaining: 408.7
55 76.9 , Est Remaining: 406.9
56 78.2 , Est Remaining: 405.2
EVENT FAILED
56 78.5 , Est Remaining: 406.7
57 79.9 , Est Remaining: 405.0
58 81.2 , Est Remaining: 403.3
59 82.6 , Est Remaining: 401.7
60 83.9 , Est Remaining: 400.0
61 85.2 , Est Remaining: 398.3
62 86.6 , Est Remaining: 396.6
63 87.9 , Est Remaining: 395.0
64 89.3 , Est Remaining: 393.4
65 90.6 , Est Remaining: 391.7
66 91.9 , Est Remaining: 390.1
67 93.3 , Est Remaining: 388.5
68 94.6 , Est Remaining: 386.9
69 96.0 , Est Remaining: 385.2
70 97.3 , Est Remaining: 383.6
71 98.7 , Est Remaining: 382.1
72 100.0 , Est Remaining: 380.7
73 101.4 , Est Remaining: 379.3
EVENT FAILED
73 101.7 , Est Remaining: 380.4
74 103.1 , Est Remaining: 378.8
75 104.4 , Est Remaining: 377.3
76 105.8 , Est Remaining: 375.9
77 107.2 , Est Remaining: 374.5
78 108.6 , Est Remaining: 373.1
79 109.9 , Est Remaining: 371.6
80 111.3 , Est Remaining: 370.2
81 112.7 , Est Remaining: 368.7
82 114.1 , Est Remaining: 367.3
83 115.5 , Est Remaining: 365.9
84 116.8 , Est Remaining: 364.5
85 118.2 , Est Remaining: 363.1
86 119.6 , Est Remaining: 361.7
87 121.0 , Est Remaining: 360.3
88 122.5 , Est Remaining: 359.0
89 123.9 , Est Remaining: 357.7
90 125.3 , Est Remaining: 356.4
91 126.7 , Est Remaining: 355.1
92 128.1 , Est Remaining: 353.8
93 129.5 , Est Remaining: 352.4
94 131.0 , Est Remaining: 351.1
95 132.4 , Est Remaining: 349.8
96 133.9 , Est Remaining: 348.6
97 135.3 , Est Remaining: 347.4
98 136.8 , Est Remaining: 346.1
99 138.2 , Est Remaining: 344.7
100 139.6 , Est Remaining: 343.4
101 141.0 , Est Remaining: 342.2
102 142.5 , Est Remaining: 340.8
103 144.0 , Est Remaining: 339.7
104 145.4 , Est Remaining: 338.4
105 146.9 , Est Remaining: 337.1
106 148.3 , Est Remaining: 335.8
107 149.7 , Est Remaining: 334.4
108 151.2 , Est Remaining: 333.1
109 152.6 , Est Remaining: 331.8
110 154.0 , Est Remaining: 330.5
111 155.5 , Est Remaining: 329.1
112 156.9 , Est Remaining: 327.8
113 158.4 , Est Remaining: 326.5
114 159.8 , Est Remaining: 325.2
115 161.3 , Est Remaining: 323.9
116 162.7 , Est Remaining: 322.6
117 164.2 , Est Remaining: 321.3
118 165.6 , Est Remaining: 320.0
119 167.1 , Est Remaining: 318.7
120 168.5 , Est Remaining: 317.4
121 170.0 , Est Remaining: 316.1
122 171.4 , Est Remaining: 314.8
123 172.9 , Est Remaining: 313.4
124 174.3 , Est Remaining: 312.1
125 175.8 , Est Remaining: 310.8
126 177.2 , Est Remaining: 309.4
127 178.7 , Est Remaining: 308.1
EVENT FAILED
127 179.0 , Est Remaining: 308.6
128 180.4 , Est Remaining: 307.3
129 181.9 , Est Remaining: 305.9
130 183.3 , Est Remaining: 304.6
131 184.7 , Est Remaining: 303.2
132 186.2 , Est Remaining: 301.9
EVENT FAILED
132 186.5 , Est Remaining: 302.3
133 188.0 , Est Remaining: 301.0
134 189.5 , Est Remaining: 299.7
135 190.9 , Est Remaining: 298.4
136 192.4 , Est Remaining: 297.1
137 193.9 , Est Remaining: 295.8
138 195.3 , Est Remaining: 294.4
EVENT FAILED
138 195.7 , Est Remaining: 294.9
139 197.1 , Est Remaining: 293.6
140 198.6 , Est Remaining: 292.2
141 200.0 , Est Remaining: 290.8
142 201.5 , Est Remaining: 289.4
143 202.9 , Est Remaining: 288.1
144 204.4 , Est Remaining: 286.7
145 205.8 , Est Remaining: 285.3
146 207.3 , Est Remaining: 284.0
147 208.8 , Est Remaining: 282.6
EVENT FAILED
147 209.5 , Est Remaining: 283.6
148 211.0 , Est Remaining: 282.2
149 212.4 , Est Remaining: 280.8
150 213.7 , Est Remaining: 279.2
151 215.2 , Est Remaining: 277.9
152 216.6 , Est Remaining: 276.4
153 218.0 , Est Remaining: 275.0
154 219.4 , Est Remaining: 273.6
155 220.9 , Est Remaining: 272.2
156 222.3 , Est Remaining: 270.8
157 223.8 , Est Remaining: 269.4
158 225.2 , Est Remaining: 268.0
159 226.6 , Est Remaining: 266.6
160 228.1 , Est Remaining: 265.2
161 229.5 , Est Remaining: 263.8
162 231.0 , Est Remaining: 262.4
163 232.5 , Est Remaining: 261.0
EVENT FAILED
163 232.8 , Est Remaining: 261.3
164 234.2 , Est Remaining: 259.9
165 235.7 , Est Remaining: 258.5
166 237.1 , Est Remaining: 257.1
167 238.5 , Est Remaining: 255.7
168 240.0 , Est Remaining: 254.3
169 241.4 , Est Remaining: 252.8
170 242.8 , Est Remaining: 251.4
171 244.3 , Est Remaining: 250.0
172 245.7 , Est Remaining: 248.6
173 247.2 , Est Remaining: 247.2
174 248.6 , Est Remaining: 245.8
175 250.1 , Est Remaining: 244.3
176 251.5 , Est Remaining: 242.9
177 253.0 , Est Remaining: 241.6
178 254.5 , Est Remaining: 240.2
179 255.9 , Est Remaining: 238.8
180 257.4 , Est Remaining: 237.4
181 258.9 , Est Remaining: 236.0
182 260.3 , Est Remaining: 234.6
183 261.8 , Est Remaining: 233.2
184 263.2 , Est Remaining: 231.8
185 264.7 , Est Remaining: 230.3
186 266.2 , Est Remaining: 228.9
187 267.6 , Est Remaining: 227.5
188 269.1 , Est Remaining: 226.1
189 270.5 , Est Remaining: 224.7
190 272.0 , Est Remaining: 223.3
191 273.4 , Est Remaining: 221.9
192 274.9 , Est Remaining: 220.5
193 276.3 , Est Remaining: 219.1
194 277.8 , Est Remaining: 217.6
195 279.2 , Est Remaining: 216.2
196 280.7 , Est Remaining: 214.8
197 282.1 , Est Remaining: 213.4
198 283.6 , Est Remaining: 212.0
EVENT FAILED
198 283.9 , Est Remaining: 212.2
199 285.3 , Est Remaining: 210.8
EVENT FAILED
199 285.6 , Est Remaining: 211.0
200 287.1 , Est Remaining: 209.6
201 288.6 , Est Remaining: 208.2
202 290.0 , Est Remaining: 206.7
203 291.6 , Est Remaining: 205.4
204 293.0 , Est Remaining: 204.0
205 294.5 , Est Remaining: 202.6
206 296.0 , Est Remaining: 201.2
207 297.5 , Est Remaining: 199.8
208 299.0 , Est Remaining: 198.4
209 300.4 , Est Remaining: 196.9
210 301.9 , Est Remaining: 195.5
211 303.4 , Est Remaining: 194.1
212 304.9 , Est Remaining: 192.7
213 306.3 , Est Remaining: 191.3
214 307.8 , Est Remaining: 189.9
215 309.3 , Est Remaining: 188.5
216 310.8 , Est Remaining: 187.0
217 312.3 , Est Remaining: 185.6
218 313.8 , Est Remaining: 184.2
219 315.2 , Est Remaining: 182.8
220 316.7 , Est Remaining: 181.4
221 318.2 , Est Remaining: 179.9
222 319.6 , Est Remaining: 178.5
223 321.1 , Est Remaining: 177.1
224 322.6 , Est Remaining: 175.7
225 324.0 , Est Remaining: 174.3
226 325.5 , Est Remaining: 172.8
227 327.0 , Est Remaining: 171.4
228 328.4 , Est Remaining: 170.0
229 329.9 , Est Remaining: 168.5
230 331.3 , Est Remaining: 167.1
231 332.8 , Est Remaining: 165.7
232 334.2 , Est Remaining: 164.2
233 335.7 , Est Remaining: 162.8
234 337.2 , Est Remaining: 161.4
235 338.6 , Est Remaining: 159.9
236 340.1 , Est Remaining: 158.5
EVENT FAILED
236 340.4 , Est Remaining: 158.7
237 341.9 , Est Remaining: 157.2
238 343.3 , Est Remaining: 155.8
239 344.7 , Est Remaining: 154.3
240 346.2 , Est Remaining: 152.9
241 347.7 , Est Remaining: 151.5
242 349.1 , Est Remaining: 150.0
243 350.5 , Est Remaining: 148.6
244 352.0 , Est Remaining: 147.1
245 353.4 , Est Remaining: 145.7
EVENT FAILED
245 353.8 , Est Remaining: 145.8
246 355.2 , Est Remaining: 144.4
247 356.7 , Est Remaining: 143.0
248 358.1 , Est Remaining: 141.5
249 359.5 , Est Remaining: 140.1
250 361.0 , Est Remaining: 138.6
251 362.4 , Est Remaining: 137.2
252 363.9 , Est Remaining: 135.7
253 365.3 , Est Remaining: 134.3
254 366.8 , Est Remaining: 132.8
255 368.2 , Est Remaining: 131.4
256 369.7 , Est Remaining: 130.0
257 371.1 , Est Remaining: 128.5
258 372.6 , Est Remaining: 127.1
259 374.1 , Est Remaining: 125.6
260 375.5 , Est Remaining: 124.2
261 377.0 , Est Remaining: 122.8
262 378.4 , Est Remaining: 121.3
263 379.9 , Est Remaining: 119.9
264 381.4 , Est Remaining: 118.5
265 382.8 , Est Remaining: 117.0
266 384.3 , Est Remaining: 115.6
267 385.8 , Est Remaining: 114.1
268 387.2 , Est Remaining: 112.7
269 388.7 , Est Remaining: 111.3
270 390.2 , Est Remaining: 109.8
271 391.6 , Est Remaining: 108.4
272 393.1 , Est Remaining: 106.9
273 394.5 , Est Remaining: 105.5
EVENT FAILED
273 394.9 , Est Remaining: 105.6
274 396.3 , Est Remaining: 104.1
275 397.7 , Est Remaining: 102.7
276 399.2 , Est Remaining: 101.2
277 400.7 , Est Remaining: 99.8
278 402.2 , Est Remaining: 98.4
279 403.6 , Est Remaining: 96.9
280 405.0 , Est Remaining: 95.5
281 406.5 , Est Remaining: 94.0
282 407.9 , Est Remaining: 92.6
283 409.4 , Est Remaining: 91.1
284 410.8 , Est Remaining: 89.7
285 412.3 , Est Remaining: 88.2
286 413.7 , Est Remaining: 86.8
287 415.2 , Est Remaining: 85.4
288 416.6 , Est Remaining: 83.9
289 418.1 , Est Remaining: 82.5
290 419.6 , Est Remaining: 81.0
291 421.0 , Est Remaining: 79.6
292 422.5 , Est Remaining: 78.1
293 423.9 , Est Remaining: 76.7
294 425.4 , Est Remaining: 75.2
295 426.8 , Est Remaining: 73.8
296 428.3 , Est Remaining: 72.3
297 429.7 , Est Remaining: 70.9
298 431.2 , Est Remaining: 69.5
299 432.6 , Est Remaining: 68.0
300 433.9 , Est Remaining: 66.5
301 435.3 , Est Remaining: 65.1
EVENT FAILED
301 435.7 , Est Remaining: 65.1
302 437.3 , Est Remaining: 63.7
303 438.7 , Est Remaining: 62.3
304 440.2 , Est Remaining: 60.8
305 441.6 , Est Remaining: 59.4
306 443.1 , Est Remaining: 57.9
307 444.5 , Est Remaining: 56.5
308 445.9 , Est Remaining: 55.0
309 447.4 , Est Remaining: 53.6
310 448.8 , Est Remaining: 52.1
311 450.3 , Est Remaining: 50.7
312 451.7 , Est Remaining: 49.2
313 453.2 , Est Remaining: 47.8
314 454.6 , Est Remaining: 46.3
315 456.1 , Est Remaining: 44.9
316 457.5 , Est Remaining: 43.4
317 459.0 , Est Remaining: 42.0
318 460.4 , Est Remaining: 40.5
319 461.8 , Est Remaining: 39.1
320 463.3 , Est Remaining: 37.6
321 464.7 , Est Remaining: 36.2
322 466.1 , Est Remaining: 34.7
323 467.6 , Est Remaining: 33.3
324 469.0 , Est Remaining: 31.8
325 470.4 , Est Remaining: 30.4
326 471.8 , Est Remaining: 28.9
327 473.2 , Est Remaining: 27.5
