Note: NumExpr detected 32 cores but "NUMEXPR_MAX_THREADS" not set, so enforcing safe limit of 8.
Using selector: EpollSelector
/n/home02/jhaefner/miniconda/envs/IC-3.7-2020-06-16/lib/python3.7/site-packages/scipy/optimize/minpack.py:808: OptimizeWarning: Covariance of the parameters could not be estimated
  category=OptimizeWarning)
Total rwfs: 346
0 0.0 , Est Remaining: 999999.9
1 1.4 , Est Remaining: 477.8
2 2.8 , Est Remaining: 473.3
3 4.1 , Est Remaining: 471.4
4 5.5 , Est Remaining: 469.0
5 6.8 , Est Remaining: 464.2
6 8.1 , Est Remaining: 460.6
7 9.5 , Est Remaining: 458.2
8 10.8 , Est Remaining: 456.5
9 12.2 , Est Remaining: 455.2
10 13.5 , Est Remaining: 453.2
11 14.8 , Est Remaining: 451.2
12 16.1 , Est Remaining: 449.0
13 17.5 , Est Remaining: 447.1
14 18.8 , Est Remaining: 445.5
15 20.1 , Est Remaining: 443.0
16 21.4 , Est Remaining: 441.8
17 22.7 , Est Remaining: 440.3
18 24.1 , Est Remaining: 438.8
19 25.4 , Est Remaining: 437.3
20 26.7 , Est Remaining: 436.0
21 28.1 , Est Remaining: 434.6
22 29.4 , Est Remaining: 433.2
23 30.6 , Est Remaining: 430.2
24 32.0 , Est Remaining: 429.2
25 33.4 , Est Remaining: 428.3
26 34.7 , Est Remaining: 427.1
27 36.0 , Est Remaining: 425.9
28 37.4 , Est Remaining: 424.8
29 38.8 , Est Remaining: 423.8
30 40.1 , Est Remaining: 422.5
31 41.4 , Est Remaining: 421.1
32 42.8 , Est Remaining: 420.0
33 44.1 , Est Remaining: 418.7
34 45.5 , Est Remaining: 417.4
35 46.8 , Est Remaining: 416.1
36 48.2 , Est Remaining: 414.7
37 49.5 , Est Remaining: 413.2
38 50.8 , Est Remaining: 412.0
39 52.2 , Est Remaining: 410.7
EVENT FAILED
39 52.5 , Est Remaining: 413.0
40 53.8 , Est Remaining: 411.7
41 55.2 , Est Remaining: 410.5
42 56.5 , Est Remaining: 409.3
43 57.9 , Est Remaining: 408.1
44 59.3 , Est Remaining: 406.9
45 60.7 , Est Remaining: 405.8
46 62.0 , Est Remaining: 404.6
47 63.4 , Est Remaining: 403.5
EVENT FAILED
47 63.7 , Est Remaining: 405.4
48 65.1 , Est Remaining: 404.2
49 66.5 , Est Remaining: 403.3
50 67.9 , Est Remaining: 402.2
51 69.4 , Est Remaining: 401.3
52 70.8 , Est Remaining: 400.2
53 72.2 , Est Remaining: 399.1
54 73.6 , Est Remaining: 398.1
55 75.0 , Est Remaining: 397.0
56 76.5 , Est Remaining: 395.9
57 77.9 , Est Remaining: 394.9
58 79.3 , Est Remaining: 393.8
59 80.7 , Est Remaining: 392.8
EVENT FAILED
59 81.0 , Est Remaining: 394.2
60 82.5 , Est Remaining: 393.1
61 83.9 , Est Remaining: 391.9
62 85.3 , Est Remaining: 390.7
63 86.7 , Est Remaining: 389.5
64 88.1 , Est Remaining: 388.4
65 89.6 , Est Remaining: 387.2
66 91.0 , Est Remaining: 386.0
67 92.4 , Est Remaining: 384.9
68 93.9 , Est Remaining: 383.7
69 95.3 , Est Remaining: 382.7
70 96.8 , Est Remaining: 381.6
71 98.2 , Est Remaining: 380.5
72 99.7 , Est Remaining: 379.3
73 101.1 , Est Remaining: 378.2
74 102.6 , Est Remaining: 377.0
75 104.0 , Est Remaining: 375.9
76 105.5 , Est Remaining: 374.7
77 106.9 , Est Remaining: 373.5
78 108.4 , Est Remaining: 372.3
79 109.8 , Est Remaining: 371.1
80 111.3 , Est Remaining: 370.0
81 112.7 , Est Remaining: 368.8
82 114.2 , Est Remaining: 367.7
EVENT FAILED
82 114.5 , Est Remaining: 368.7
EVENT FAILED
82 114.8 , Est Remaining: 369.7
EVENT FAILED
82 115.1 , Est Remaining: 370.7
83 116.5 , Est Remaining: 369.3
84 118.0 , Est Remaining: 367.9
85 119.4 , Est Remaining: 366.6
86 120.8 , Est Remaining: 365.3
87 122.2 , Est Remaining: 363.9
88 123.7 , Est Remaining: 362.6
EVENT FAILED
88 124.0 , Est Remaining: 363.5
89 125.4 , Est Remaining: 362.2
EVENT FAILED
89 125.7 , Est Remaining: 363.1
90 127.2 , Est Remaining: 361.8
91 128.7 , Est Remaining: 360.6
92 130.2 , Est Remaining: 359.4
93 131.6 , Est Remaining: 358.1
EVENT FAILED
93 131.9 , Est Remaining: 358.9
EVENT FAILED
93 132.2 , Est Remaining: 359.7
94 133.7 , Est Remaining: 358.3
95 135.1 , Est Remaining: 357.0
96 136.5 , Est Remaining: 355.6
97 138.0 , Est Remaining: 354.3
98 139.4 , Est Remaining: 352.9
99 140.9 , Est Remaining: 351.5
100 142.3 , Est Remaining: 350.2
101 143.8 , Est Remaining: 348.8
102 145.3 , Est Remaining: 347.5
103 146.8 , Est Remaining: 346.3
104 148.2 , Est Remaining: 344.9
105 149.7 , Est Remaining: 343.5
106 151.1 , Est Remaining: 342.1
107 152.6 , Est Remaining: 340.8
108 154.0 , Est Remaining: 339.4
109 155.5 , Est Remaining: 338.0
110 156.9 , Est Remaining: 336.6
111 158.4 , Est Remaining: 335.3
112 159.8 , Est Remaining: 333.9
113 161.3 , Est Remaining: 332.5
114 162.7 , Est Remaining: 331.1
115 164.1 , Est Remaining: 329.7
116 165.6 , Est Remaining: 328.3
117 167.0 , Est Remaining: 326.9
118 168.4 , Est Remaining: 325.4
119 169.9 , Est Remaining: 324.1
120 171.3 , Est Remaining: 322.7
121 172.7 , Est Remaining: 321.2
122 174.2 , Est Remaining: 319.8
123 175.6 , Est Remaining: 318.4
124 177.1 , Est Remaining: 317.0
125 178.5 , Est Remaining: 315.6
126 179.9 , Est Remaining: 314.2
127 181.4 , Est Remaining: 312.7
128 182.8 , Est Remaining: 311.3
129 184.2 , Est Remaining: 309.9
130 185.6 , Est Remaining: 308.5
131 187.1 , Est Remaining: 307.0
132 188.5 , Est Remaining: 305.6
133 189.9 , Est Remaining: 304.2
134 191.4 , Est Remaining: 302.7
135 192.8 , Est Remaining: 301.3
136 194.2 , Est Remaining: 299.9
137 195.7 , Est Remaining: 298.5
138 197.1 , Est Remaining: 297.1
139 198.5 , Est Remaining: 295.7
140 200.0 , Est Remaining: 294.2
141 201.4 , Est Remaining: 292.8
142 202.8 , Est Remaining: 291.4
EVENT FAILED
142 203.2 , Est Remaining: 291.8
143 204.6 , Est Remaining: 290.4
144 206.0 , Est Remaining: 289.0
145 207.4 , Est Remaining: 287.5
EVENT FAILED
145 207.7 , Est Remaining: 288.0
146 209.2 , Est Remaining: 286.5
147 210.6 , Est Remaining: 285.1
148 212.1 , Est Remaining: 283.7
149 213.5 , Est Remaining: 282.3
150 214.9 , Est Remaining: 280.8
151 216.4 , Est Remaining: 279.4
152 217.8 , Est Remaining: 277.9
153 219.2 , Est Remaining: 276.5
154 220.6 , Est Remaining: 275.0
155 222.0 , Est Remaining: 273.6
156 223.5 , Est Remaining: 272.2
157 224.9 , Est Remaining: 270.7
158 226.3 , Est Remaining: 269.3
159 227.7 , Est Remaining: 267.8
160 229.2 , Est Remaining: 266.4
161 230.6 , Est Remaining: 265.0
162 232.0 , Est Remaining: 263.5
163 233.5 , Est Remaining: 262.1
164 234.9 , Est Remaining: 260.7
165 236.3 , Est Remaining: 259.2
166 237.8 , Est Remaining: 257.8
167 239.2 , Est Remaining: 256.4
168 240.6 , Est Remaining: 255.0
169 242.0 , Est Remaining: 253.5
170 243.5 , Est Remaining: 252.1
171 244.9 , Est Remaining: 250.6
172 246.3 , Est Remaining: 249.2
173 247.8 , Est Remaining: 247.8
EVENT FAILED
173 248.1 , Est Remaining: 248.1
174 249.5 , Est Remaining: 246.6
175 251.0 , Est Remaining: 245.2
176 252.4 , Est Remaining: 243.8
EVENT FAILED
176 252.7 , Est Remaining: 244.1
177 254.1 , Est Remaining: 242.7
178 255.6 , Est Remaining: 241.2
179 257.0 , Est Remaining: 239.8
180 258.4 , Est Remaining: 238.3
181 259.8 , Est Remaining: 236.9
182 261.3 , Est Remaining: 235.5
183 262.8 , Est Remaining: 234.0
184 264.2 , Est Remaining: 232.6
185 265.6 , Est Remaining: 231.2
186 267.1 , Est Remaining: 229.7
187 268.5 , Est Remaining: 228.3
188 269.9 , Est Remaining: 226.9
189 271.4 , Est Remaining: 225.4
190 272.8 , Est Remaining: 224.0
191 274.3 , Est Remaining: 222.6
192 275.7 , Est Remaining: 221.2
193 277.2 , Est Remaining: 219.7
194 278.6 , Est Remaining: 218.3
195 280.1 , Est Remaining: 216.9
196 281.5 , Est Remaining: 215.4
197 282.9 , Est Remaining: 214.0
198 284.4 , Est Remaining: 212.6
199 285.8 , Est Remaining: 211.1
200 287.2 , Est Remaining: 209.7
201 288.7 , Est Remaining: 208.2
202 290.1 , Est Remaining: 206.8
203 291.7 , Est Remaining: 205.5
204 293.1 , Est Remaining: 204.0
205 294.5 , Est Remaining: 202.6
206 296.0 , Est Remaining: 201.2
207 297.5 , Est Remaining: 199.7
208 298.9 , Est Remaining: 198.3
209 300.4 , Est Remaining: 196.9
210 301.8 , Est Remaining: 195.5
211 303.3 , Est Remaining: 194.0
212 304.7 , Est Remaining: 192.6
213 306.2 , Est Remaining: 191.2
214 307.7 , Est Remaining: 189.8
215 309.1 , Est Remaining: 188.3
216 310.6 , Est Remaining: 186.9
217 312.0 , Est Remaining: 185.5
218 313.5 , Est Remaining: 184.1
219 314.9 , Est Remaining: 182.6
220 316.4 , Est Remaining: 181.2
221 317.8 , Est Remaining: 179.8
222 319.3 , Est Remaining: 178.3
223 320.7 , Est Remaining: 176.9
224 322.1 , Est Remaining: 175.4
225 323.6 , Est Remaining: 174.0
226 325.0 , Est Remaining: 172.6
227 326.4 , Est Remaining: 171.1
228 327.8 , Est Remaining: 169.7
229 329.3 , Est Remaining: 168.2
230 330.7 , Est Remaining: 166.8
231 332.2 , Est Remaining: 165.4
232 333.6 , Est Remaining: 163.9
233 335.0 , Est Remaining: 162.5
EVENT FAILED
233 335.4 , Est Remaining: 162.6
234 336.8 , Est Remaining: 161.2
235 338.3 , Est Remaining: 159.8
236 339.7 , Est Remaining: 158.3
237 341.1 , Est Remaining: 156.9
238 342.6 , Est Remaining: 155.5
239 344.0 , Est Remaining: 154.0
240 345.4 , Est Remaining: 152.6
241 346.9 , Est Remaining: 151.1
242 348.3 , Est Remaining: 149.7
243 349.8 , Est Remaining: 148.3
244 351.2 , Est Remaining: 146.8
245 352.6 , Est Remaining: 145.4
246 354.1 , Est Remaining: 143.9
247 355.5 , Est Remaining: 142.5
248 357.0 , Est Remaining: 141.1
249 358.4 , Est Remaining: 139.6
250 359.8 , Est Remaining: 138.2
251 361.3 , Est Remaining: 136.7
252 362.7 , Est Remaining: 135.3
253 364.2 , Est Remaining: 133.9
254 365.6 , Est Remaining: 132.4
255 367.0 , Est Remaining: 131.0
256 368.5 , Est Remaining: 129.6
257 370.0 , Est Remaining: 128.1
258 371.4 , Est Remaining: 126.7
259 372.8 , Est Remaining: 125.2
260 374.3 , Est Remaining: 123.8
EVENT FAILED
260 374.6 , Est Remaining: 123.9
261 376.0 , Est Remaining: 122.5
262 377.5 , Est Remaining: 121.0
263 378.9 , Est Remaining: 119.6
264 380.4 , Est Remaining: 118.2
265 381.8 , Est Remaining: 116.7
266 383.3 , Est Remaining: 115.3
267 384.7 , Est Remaining: 113.8
268 386.1 , Est Remaining: 112.4
269 387.6 , Est Remaining: 110.9
270 389.0 , Est Remaining: 109.5
271 390.4 , Est Remaining: 108.1
272 391.9 , Est Remaining: 106.6
273 393.3 , Est Remaining: 105.2
274 394.7 , Est Remaining: 103.7
275 396.2 , Est Remaining: 102.3
276 397.6 , Est Remaining: 100.8
277 399.0 , Est Remaining: 99.4
278 400.4 , Est Remaining: 97.9
279 401.8 , Est Remaining: 96.5
280 403.2 , Est Remaining: 95.0
281 404.6 , Est Remaining: 93.6
282 406.1 , Est Remaining: 92.2
283 407.5 , Est Remaining: 90.7
284 408.9 , Est Remaining: 89.3
285 410.3 , Est Remaining: 87.8
286 411.8 , Est Remaining: 86.4
287 413.2 , Est Remaining: 84.9
288 414.6 , Est Remaining: 83.5
289 416.0 , Est Remaining: 82.1
290 417.5 , Est Remaining: 80.6
291 418.9 , Est Remaining: 79.2
EVENT FAILED
291 419.2 , Est Remaining: 79.2
292 420.6 , Est Remaining: 77.8
293 422.1 , Est Remaining: 76.3
294 423.5 , Est Remaining: 74.9
295 424.9 , Est Remaining: 73.5
296 426.3 , Est Remaining: 72.0
EVENT FAILED
296 426.6 , Est Remaining: 72.1
297 428.0 , Est Remaining: 70.6
298 429.5 , Est Remaining: 69.2
299 430.9 , Est Remaining: 67.7
300 432.3 , Est Remaining: 66.3
301 433.7 , Est Remaining: 64.8
302 435.3 , Est Remaining: 63.4
EVENT FAILED
302 435.7 , Est Remaining: 63.5
303 437.1 , Est Remaining: 62.0
304 438.5 , Est Remaining: 60.6
305 439.9 , Est Remaining: 59.1
306 441.4 , Est Remaining: 57.7
307 442.8 , Est Remaining: 56.3
308 444.2 , Est Remaining: 54.8
309 445.6 , Est Remaining: 53.4
310 447.1 , Est Remaining: 51.9
311 448.5 , Est Remaining: 50.5
312 449.9 , Est Remaining: 49.0
313 451.4 , Est Remaining: 47.6
314 452.8 , Est Remaining: 46.1
315 454.2 , Est Remaining: 44.7
316 455.6 , Est Remaining: 43.3
317 457.0 , Est Remaining: 41.8
318 458.5 , Est Remaining: 40.4
319 459.9 , Est Remaining: 38.9
320 461.3 , Est Remaining: 37.5
321 462.8 , Est Remaining: 36.0
322 464.2 , Est Remaining: 34.6
323 465.7 , Est Remaining: 33.2
324 467.1 , Est Remaining: 31.7
325 468.5 , Est Remaining: 30.3
326 469.9 , Est Remaining: 28.8
