Note: NumExpr detected 32 cores but "NUMEXPR_MAX_THREADS" not set, so enforcing safe limit of 8.
Using selector: EpollSelector
/n/home02/jhaefner/miniconda/envs/IC-3.7-2020-06-16/lib/python3.7/site-packages/scipy/optimize/minpack.py:808: OptimizeWarning: Covariance of the parameters could not be estimated
  category=OptimizeWarning)
Total rwfs: 346
0 0.0 , Est Remaining: 999999.9
1 1.4 , Est Remaining: 481.7
2 2.8 , Est Remaining: 477.5
3 4.2 , Est Remaining: 477.6
4 5.5 , Est Remaining: 473.3
5 6.8 , Est Remaining: 463.6
6 8.2 , Est Remaining: 463.5
7 9.5 , Est Remaining: 462.2
8 10.9 , Est Remaining: 460.5
9 12.3 , Est Remaining: 458.9
10 13.6 , Est Remaining: 458.0
11 15.0 , Est Remaining: 456.3
12 16.3 , Est Remaining: 454.5
13 17.7 , Est Remaining: 452.6
14 19.0 , Est Remaining: 450.8
15 20.3 , Est Remaining: 448.8
16 21.7 , Est Remaining: 447.0
17 23.0 , Est Remaining: 445.1
18 24.4 , Est Remaining: 443.7
19 25.7 , Est Remaining: 442.2
20 27.1 , Est Remaining: 440.9
21 28.4 , Est Remaining: 439.2
22 29.7 , Est Remaining: 437.4
23 31.1 , Est Remaining: 436.1
24 32.4 , Est Remaining: 434.5
25 33.7 , Est Remaining: 433.0
26 35.0 , Est Remaining: 431.3
27 36.4 , Est Remaining: 429.8
28 37.7 , Est Remaining: 428.3
29 39.1 , Est Remaining: 426.9
EVENT FAILED
29 39.4 , Est Remaining: 430.4
30 40.7 , Est Remaining: 429.0
31 42.1 , Est Remaining: 427.3
32 43.4 , Est Remaining: 425.8
33 44.8 , Est Remaining: 424.5
34 46.1 , Est Remaining: 423.0
35 47.5 , Est Remaining: 421.7
36 48.8 , Est Remaining: 420.2
37 50.1 , Est Remaining: 418.7
38 51.5 , Est Remaining: 417.3
39 52.8 , Est Remaining: 415.9
40 54.2 , Est Remaining: 414.5
41 55.5 , Est Remaining: 413.2
42 56.9 , Est Remaining: 411.9
43 58.3 , Est Remaining: 410.6
44 59.6 , Est Remaining: 409.2
45 61.0 , Est Remaining: 407.9
46 62.3 , Est Remaining: 406.5
47 63.7 , Est Remaining: 405.1
48 65.0 , Est Remaining: 403.7
49 66.4 , Est Remaining: 402.3
50 67.7 , Est Remaining: 400.9
51 69.1 , Est Remaining: 399.6
52 70.4 , Est Remaining: 398.2
53 71.8 , Est Remaining: 396.8
54 73.1 , Est Remaining: 395.4
55 74.5 , Est Remaining: 394.1
56 75.8 , Est Remaining: 392.7
57 77.2 , Est Remaining: 391.4
58 78.6 , Est Remaining: 390.0
59 79.9 , Est Remaining: 388.7
60 81.3 , Est Remaining: 387.3
61 82.6 , Est Remaining: 386.0
62 84.0 , Est Remaining: 384.6
63 85.4 , Est Remaining: 383.4
64 86.7 , Est Remaining: 382.2
65 88.1 , Est Remaining: 380.8
66 89.4 , Est Remaining: 379.5
67 90.8 , Est Remaining: 378.2
68 92.2 , Est Remaining: 376.9
69 93.5 , Est Remaining: 375.5
70 94.9 , Est Remaining: 374.1
71 96.2 , Est Remaining: 372.7
72 97.6 , Est Remaining: 371.4
73 98.9 , Est Remaining: 370.0
74 100.3 , Est Remaining: 368.6
75 101.6 , Est Remaining: 367.2
76 103.0 , Est Remaining: 365.8
77 104.3 , Est Remaining: 364.4
78 105.7 , Est Remaining: 363.1
79 107.0 , Est Remaining: 361.7
80 108.4 , Est Remaining: 360.4
81 109.7 , Est Remaining: 359.0
82 111.1 , Est Remaining: 357.6
EVENT FAILED
82 111.4 , Est Remaining: 358.6
83 112.7 , Est Remaining: 357.1
84 114.1 , Est Remaining: 355.8
85 115.4 , Est Remaining: 354.4
86 116.8 , Est Remaining: 353.0
87 118.1 , Est Remaining: 351.6
88 119.4 , Est Remaining: 350.2
89 120.8 , Est Remaining: 348.8
90 122.1 , Est Remaining: 347.4
91 123.5 , Est Remaining: 346.0
92 124.8 , Est Remaining: 344.6
93 126.1 , Est Remaining: 343.1
94 127.5 , Est Remaining: 341.7
95 128.8 , Est Remaining: 340.3
96 130.1 , Est Remaining: 338.8
97 131.4 , Est Remaining: 337.4
98 132.8 , Est Remaining: 336.0
99 134.1 , Est Remaining: 334.6
100 135.4 , Est Remaining: 333.2
101 136.8 , Est Remaining: 331.8
102 138.1 , Est Remaining: 330.4
103 139.5 , Est Remaining: 329.2
104 140.9 , Est Remaining: 327.7
105 142.2 , Est Remaining: 326.4
106 143.5 , Est Remaining: 325.0
107 144.9 , Est Remaining: 323.6
108 146.2 , Est Remaining: 322.2
109 147.6 , Est Remaining: 320.8
110 148.9 , Est Remaining: 319.5
111 150.2 , Est Remaining: 318.1
112 151.6 , Est Remaining: 316.7
113 152.9 , Est Remaining: 315.4
114 154.3 , Est Remaining: 314.0
115 155.6 , Est Remaining: 312.6
116 157.0 , Est Remaining: 311.2
117 158.3 , Est Remaining: 309.9
118 159.7 , Est Remaining: 308.5
119 161.0 , Est Remaining: 307.1
120 162.4 , Est Remaining: 305.8
121 163.7 , Est Remaining: 304.4
122 165.1 , Est Remaining: 303.1
123 166.4 , Est Remaining: 301.7
124 167.8 , Est Remaining: 300.4
125 169.1 , Est Remaining: 299.0
126 170.5 , Est Remaining: 297.6
127 171.8 , Est Remaining: 296.3
128 173.2 , Est Remaining: 295.0
129 174.6 , Est Remaining: 293.6
130 175.9 , Est Remaining: 292.3
131 177.3 , Est Remaining: 291.0
132 178.6 , Est Remaining: 289.6
133 180.0 , Est Remaining: 288.3
134 181.4 , Est Remaining: 286.9
135 182.7 , Est Remaining: 285.6
136 184.1 , Est Remaining: 284.2
137 185.4 , Est Remaining: 282.9
138 186.8 , Est Remaining: 281.5
139 188.1 , Est Remaining: 280.2
140 189.5 , Est Remaining: 278.8
141 190.9 , Est Remaining: 277.5
142 192.2 , Est Remaining: 276.1
143 193.6 , Est Remaining: 274.8
144 194.9 , Est Remaining: 273.5
145 196.3 , Est Remaining: 272.1
146 197.7 , Est Remaining: 270.8
147 199.0 , Est Remaining: 269.4
148 200.4 , Est Remaining: 268.1
149 201.8 , Est Remaining: 266.8
150 203.1 , Est Remaining: 265.4
151 204.5 , Est Remaining: 264.1
152 205.9 , Est Remaining: 262.8
153 207.2 , Est Remaining: 261.4
154 208.6 , Est Remaining: 260.1
155 210.0 , Est Remaining: 258.7
156 211.3 , Est Remaining: 257.4
157 212.7 , Est Remaining: 256.0
158 214.0 , Est Remaining: 254.7
159 215.4 , Est Remaining: 253.3
160 216.7 , Est Remaining: 252.0
161 218.1 , Est Remaining: 250.6
162 219.4 , Est Remaining: 249.2
163 220.8 , Est Remaining: 247.9
164 222.1 , Est Remaining: 246.5
165 223.5 , Est Remaining: 245.2
166 224.8 , Est Remaining: 243.8
167 226.2 , Est Remaining: 242.5
168 227.6 , Est Remaining: 241.1
169 228.9 , Est Remaining: 239.8
170 230.3 , Est Remaining: 238.4
171 231.7 , Est Remaining: 237.1
172 233.0 , Est Remaining: 235.8
173 234.4 , Est Remaining: 234.4
174 235.8 , Est Remaining: 233.1
175 237.1 , Est Remaining: 231.7
176 238.5 , Est Remaining: 230.4
177 239.9 , Est Remaining: 229.0
178 241.2 , Est Remaining: 227.7
179 242.6 , Est Remaining: 226.3
180 244.0 , Est Remaining: 225.0
181 245.3 , Est Remaining: 223.6
182 246.7 , Est Remaining: 222.3
183 248.1 , Est Remaining: 220.9
EVENT FAILED
183 248.4 , Est Remaining: 221.2
184 249.7 , Est Remaining: 219.9
185 251.1 , Est Remaining: 218.5
186 252.4 , Est Remaining: 217.1
187 253.8 , Est Remaining: 215.8
188 255.1 , Est Remaining: 214.4
189 256.5 , Est Remaining: 213.1
EVENT FAILED
189 256.8 , Est Remaining: 213.3
190 258.2 , Est Remaining: 212.0
EVENT FAILED
190 258.4 , Est Remaining: 212.2
191 259.8 , Est Remaining: 210.8
192 261.1 , Est Remaining: 209.4
193 262.5 , Est Remaining: 208.1
194 263.8 , Est Remaining: 206.7
195 265.2 , Est Remaining: 205.4
196 266.6 , Est Remaining: 204.0
EVENT FAILED
196 266.8 , Est Remaining: 204.2
197 268.2 , Est Remaining: 202.9
198 269.6 , Est Remaining: 201.5
199 270.9 , Est Remaining: 200.1
200 272.3 , Est Remaining: 198.8
201 273.6 , Est Remaining: 197.4
202 275.0 , Est Remaining: 196.0
203 276.5 , Est Remaining: 194.8
204 277.8 , Est Remaining: 193.4
205 279.2 , Est Remaining: 192.0
206 280.5 , Est Remaining: 190.7
207 281.9 , Est Remaining: 189.3
208 283.2 , Est Remaining: 187.9
209 284.6 , Est Remaining: 186.6
210 286.0 , Est Remaining: 185.2
211 287.3 , Est Remaining: 183.8
212 288.7 , Est Remaining: 182.5
213 290.1 , Est Remaining: 181.1
214 291.4 , Est Remaining: 179.8
215 292.8 , Est Remaining: 178.4
216 294.2 , Est Remaining: 177.0
217 295.5 , Est Remaining: 175.7
218 296.9 , Est Remaining: 174.3
219 298.2 , Est Remaining: 172.9
220 299.6 , Est Remaining: 171.6
221 300.9 , Est Remaining: 170.2
222 302.3 , Est Remaining: 168.8
223 303.6 , Est Remaining: 167.5
224 305.0 , Est Remaining: 166.1
225 306.3 , Est Remaining: 164.7
226 307.7 , Est Remaining: 163.4
227 309.0 , Est Remaining: 162.0
228 310.4 , Est Remaining: 160.6
229 311.7 , Est Remaining: 159.3
230 313.1 , Est Remaining: 157.9
231 314.4 , Est Remaining: 156.5
232 315.8 , Est Remaining: 155.2
233 317.1 , Est Remaining: 153.8
EVENT FAILED
233 317.4 , Est Remaining: 153.9
234 318.7 , Est Remaining: 152.6
235 320.1 , Est Remaining: 151.2
236 321.4 , Est Remaining: 149.8
237 322.8 , Est Remaining: 148.4
238 324.1 , Est Remaining: 147.1
239 325.5 , Est Remaining: 145.7
240 326.8 , Est Remaining: 144.3
241 328.2 , Est Remaining: 143.0
242 329.5 , Est Remaining: 141.6
243 330.9 , Est Remaining: 140.2
244 332.2 , Est Remaining: 138.9
245 333.6 , Est Remaining: 137.5
246 334.9 , Est Remaining: 136.1
247 336.3 , Est Remaining: 134.8
248 337.6 , Est Remaining: 133.4
249 339.0 , Est Remaining: 132.0
250 340.3 , Est Remaining: 130.7
251 341.6 , Est Remaining: 129.3
252 343.0 , Est Remaining: 127.9
EVENT FAILED
252 343.3 , Est Remaining: 128.0
253 344.6 , Est Remaining: 126.7
254 346.0 , Est Remaining: 125.3
255 347.3 , Est Remaining: 123.9
256 348.7 , Est Remaining: 122.6
257 350.0 , Est Remaining: 121.2
258 351.3 , Est Remaining: 119.8
259 352.7 , Est Remaining: 118.5
260 354.0 , Est Remaining: 117.1
261 355.4 , Est Remaining: 115.7
262 356.7 , Est Remaining: 114.4
263 358.1 , Est Remaining: 113.0
264 359.4 , Est Remaining: 111.6
265 360.8 , Est Remaining: 110.3
266 362.1 , Est Remaining: 108.9
267 363.5 , Est Remaining: 107.5
268 364.8 , Est Remaining: 106.2
269 366.0 , Est Remaining: 104.8
270 367.4 , Est Remaining: 103.4
271 368.7 , Est Remaining: 102.0
272 370.0 , Est Remaining: 100.7
273 371.3 , Est Remaining: 99.3
274 372.7 , Est Remaining: 97.9
275 374.0 , Est Remaining: 96.6
276 375.3 , Est Remaining: 95.2
277 376.7 , Est Remaining: 93.8
278 378.0 , Est Remaining: 92.5
279 379.3 , Est Remaining: 91.1
280 380.6 , Est Remaining: 89.7
281 382.0 , Est Remaining: 88.4
EVENT FAILED
281 382.2 , Est Remaining: 88.4
282 383.6 , Est Remaining: 87.1
283 384.9 , Est Remaining: 85.7
284 386.3 , Est Remaining: 84.3
285 387.6 , Est Remaining: 83.0
286 388.9 , Est Remaining: 81.6
EVENT FAILED
286 389.2 , Est Remaining: 81.6
287 390.5 , Est Remaining: 80.3
288 391.8 , Est Remaining: 78.9
289 393.1 , Est Remaining: 77.5
290 394.5 , Est Remaining: 76.2
291 395.8 , Est Remaining: 74.8
EVENT FAILED
291 396.1 , Est Remaining: 74.9
292 397.4 , Est Remaining: 73.5
293 398.8 , Est Remaining: 72.1
294 400.1 , Est Remaining: 70.8
295 401.4 , Est Remaining: 69.4
296 402.7 , Est Remaining: 68.0
297 404.1 , Est Remaining: 66.7
298 405.4 , Est Remaining: 65.3
299 406.7 , Est Remaining: 63.9
300 408.1 , Est Remaining: 62.6
301 409.4 , Est Remaining: 61.2
302 410.9 , Est Remaining: 59.9
303 412.2 , Est Remaining: 58.5
304 413.5 , Est Remaining: 57.1
305 414.9 , Est Remaining: 55.8
306 416.3 , Est Remaining: 54.4
EVENT FAILED
306 416.6 , Est Remaining: 54.5
307 417.9 , Est Remaining: 53.1
308 419.2 , Est Remaining: 51.7
309 420.5 , Est Remaining: 50.4
310 421.8 , Est Remaining: 49.0
311 423.1 , Est Remaining: 47.6
312 424.4 , Est Remaining: 46.3
313 425.7 , Est Remaining: 44.9
314 427.0 , Est Remaining: 43.5
315 428.3 , Est Remaining: 42.2
316 429.7 , Est Remaining: 40.8
EVENT FAILED
316 429.9 , Est Remaining: 40.8
317 431.2 , Est Remaining: 39.5
318 432.6 , Est Remaining: 38.1
319 433.9 , Est Remaining: 36.7
320 435.2 , Est Remaining: 35.4
321 436.5 , Est Remaining: 34.0
322 437.8 , Est Remaining: 32.6
323 439.1 , Est Remaining: 31.3
324 440.4 , Est Remaining: 29.9
325 441.7 , Est Remaining: 28.5
326 443.0 , Est Remaining: 27.2
327 444.2 , Est Remaining: 25.8
328 445.5 , Est Remaining: 24.4
329 446.8 , Est Remaining: 23.1
330 448.1 , Est Remaining: 21.7
331 449.4 , Est Remaining: 20.4
332 450.7 , Est Remaining: 19.0
