Note: NumExpr detected 32 cores but "NUMEXPR_MAX_THREADS" not set, so enforcing safe limit of 8.
Using selector: EpollSelector
/n/home02/jhaefner/miniconda/envs/IC-3.7-2020-06-16/lib/python3.7/site-packages/scipy/optimize/minpack.py:808: OptimizeWarning: Covariance of the parameters could not be estimated
  category=OptimizeWarning)
Total rwfs: 346
0 0.0 , Est Remaining: 999999.9
1 1.5 , Est Remaining: 500.3
2 2.9 , Est Remaining: 500.4
3 4.4 , Est Remaining: 500.9
4 5.8 , Est Remaining: 495.6
5 7.3 , Est Remaining: 494.5
6 8.7 , Est Remaining: 491.5
7 10.1 , Est Remaining: 489.4
8 11.6 , Est Remaining: 488.3
9 13.0 , Est Remaining: 486.0
10 14.4 , Est Remaining: 484.2
11 15.9 , Est Remaining: 483.3
12 17.3 , Est Remaining: 482.2
13 18.8 , Est Remaining: 480.4
14 20.2 , Est Remaining: 478.2
15 21.6 , Est Remaining: 476.7
16 23.0 , Est Remaining: 474.7
17 24.4 , Est Remaining: 472.9
18 25.9 , Est Remaining: 471.3
19 27.3 , Est Remaining: 469.5
EVENT FAILED
19 27.6 , Est Remaining: 474.8
EVENT FAILED
19 27.9 , Est Remaining: 480.0
20 29.3 , Est Remaining: 478.0
21 30.8 , Est Remaining: 476.1
22 32.3 , Est Remaining: 475.0
23 33.7 , Est Remaining: 473.4
24 35.2 , Est Remaining: 471.6
25 36.6 , Est Remaining: 470.0
26 38.0 , Est Remaining: 468.2
27 39.5 , Est Remaining: 466.4
28 40.9 , Est Remaining: 464.6
29 42.4 , Est Remaining: 463.0
30 43.8 , Est Remaining: 461.3
31 45.2 , Est Remaining: 459.8
32 46.7 , Est Remaining: 458.3
33 48.2 , Est Remaining: 456.8
34 49.6 , Est Remaining: 455.2
35 51.1 , Est Remaining: 453.7
36 52.5 , Est Remaining: 452.1
37 53.9 , Est Remaining: 450.5
38 55.4 , Est Remaining: 449.0
39 56.9 , Est Remaining: 447.5
40 58.3 , Est Remaining: 446.0
41 59.8 , Est Remaining: 444.5
42 61.2 , Est Remaining: 443.0
43 62.6 , Est Remaining: 441.4
44 64.1 , Est Remaining: 439.8
45 65.5 , Est Remaining: 438.3
46 67.0 , Est Remaining: 436.7
47 68.3 , Est Remaining: 434.6
48 69.7 , Est Remaining: 433.0
49 71.2 , Est Remaining: 431.5
50 72.6 , Est Remaining: 429.9
51 74.1 , Est Remaining: 428.5
52 75.5 , Est Remaining: 427.1
53 77.0 , Est Remaining: 425.6
54 78.4 , Est Remaining: 424.1
55 79.9 , Est Remaining: 422.6
56 81.3 , Est Remaining: 421.1
57 82.8 , Est Remaining: 419.7
58 84.2 , Est Remaining: 418.2
59 85.7 , Est Remaining: 416.8
60 87.1 , Est Remaining: 415.3
61 88.6 , Est Remaining: 413.9
62 90.1 , Est Remaining: 412.5
63 91.5 , Est Remaining: 411.1
64 93.0 , Est Remaining: 409.6
65 94.4 , Est Remaining: 408.1
66 95.9 , Est Remaining: 406.7
67 97.3 , Est Remaining: 405.1
68 98.7 , Est Remaining: 403.6
69 100.2 , Est Remaining: 402.1
70 101.6 , Est Remaining: 400.6
71 103.0 , Est Remaining: 399.0
72 104.5 , Est Remaining: 397.6
73 105.9 , Est Remaining: 396.1
74 107.4 , Est Remaining: 394.6
75 108.8 , Est Remaining: 393.1
76 110.2 , Est Remaining: 391.6
77 111.7 , Est Remaining: 390.1
78 113.1 , Est Remaining: 388.6
79 114.5 , Est Remaining: 387.1
80 116.0 , Est Remaining: 385.6
81 117.4 , Est Remaining: 384.2
82 118.9 , Est Remaining: 382.7
83 120.3 , Est Remaining: 381.3
EVENT FAILED
83 120.7 , Est Remaining: 382.3
84 122.1 , Est Remaining: 380.8
85 123.5 , Est Remaining: 379.3
86 125.0 , Est Remaining: 377.8
87 126.4 , Est Remaining: 376.3
88 127.8 , Est Remaining: 374.8
89 129.3 , Est Remaining: 373.4
90 130.8 , Est Remaining: 371.9
91 132.2 , Est Remaining: 370.5
92 133.7 , Est Remaining: 369.1
93 135.1 , Est Remaining: 367.6
94 136.6 , Est Remaining: 366.2
95 138.0 , Est Remaining: 364.7
96 139.5 , Est Remaining: 363.3
97 140.9 , Est Remaining: 361.8
98 142.4 , Est Remaining: 360.3
99 143.9 , Est Remaining: 358.9
100 145.3 , Est Remaining: 357.4
101 146.7 , Est Remaining: 356.0
102 148.2 , Est Remaining: 354.5
103 149.7 , Est Remaining: 353.2
104 151.2 , Est Remaining: 351.7
105 152.6 , Est Remaining: 350.3
106 154.0 , Est Remaining: 348.8
107 155.5 , Est Remaining: 347.4
108 156.9 , Est Remaining: 345.8
109 158.4 , Est Remaining: 344.4
110 159.8 , Est Remaining: 342.9
111 161.2 , Est Remaining: 341.4
112 162.7 , Est Remaining: 339.9
113 164.1 , Est Remaining: 338.5
114 165.6 , Est Remaining: 337.0
115 167.0 , Est Remaining: 335.5
116 168.5 , Est Remaining: 334.1
117 170.0 , Est Remaining: 332.6
118 171.4 , Est Remaining: 331.2
119 172.9 , Est Remaining: 329.8
120 174.3 , Est Remaining: 328.3
121 175.8 , Est Remaining: 326.9
122 177.2 , Est Remaining: 325.4
123 178.7 , Est Remaining: 324.0
124 180.1 , Est Remaining: 322.5
125 181.6 , Est Remaining: 321.0
126 183.0 , Est Remaining: 319.5
127 184.4 , Est Remaining: 318.1
128 185.9 , Est Remaining: 316.6
129 187.4 , Est Remaining: 315.2
130 188.8 , Est Remaining: 313.7
131 190.3 , Est Remaining: 312.3
132 191.7 , Est Remaining: 310.8
133 193.1 , Est Remaining: 309.3
134 194.6 , Est Remaining: 307.9
135 196.0 , Est Remaining: 306.4
136 197.5 , Est Remaining: 305.0
137 199.0 , Est Remaining: 303.5
138 200.4 , Est Remaining: 302.0
139 201.8 , Est Remaining: 300.5
140 203.2 , Est Remaining: 299.0
141 204.7 , Est Remaining: 297.6
142 206.1 , Est Remaining: 296.1
143 207.5 , Est Remaining: 294.6
144 209.0 , Est Remaining: 293.1
145 210.4 , Est Remaining: 291.6
146 211.7 , Est Remaining: 290.1
147 213.1 , Est Remaining: 288.5
148 214.5 , Est Remaining: 287.0
149 215.9 , Est Remaining: 285.5
150 217.3 , Est Remaining: 284.0
151 218.7 , Est Remaining: 282.4
152 220.1 , Est Remaining: 280.9
153 221.4 , Est Remaining: 279.3
154 222.8 , Est Remaining: 277.8
155 224.2 , Est Remaining: 276.2
156 225.5 , Est Remaining: 274.7
157 226.9 , Est Remaining: 273.1
EVENT FAILED
157 227.2 , Est Remaining: 273.5
158 228.5 , Est Remaining: 271.9
159 229.8 , Est Remaining: 270.3
160 231.2 , Est Remaining: 268.7
161 232.5 , Est Remaining: 267.2
162 233.8 , Est Remaining: 265.6
163 235.2 , Est Remaining: 264.0
164 236.5 , Est Remaining: 262.5
165 237.8 , Est Remaining: 260.9
166 239.2 , Est Remaining: 259.4
167 240.5 , Est Remaining: 257.8
168 241.8 , Est Remaining: 256.2
169 243.1 , Est Remaining: 254.7
170 244.5 , Est Remaining: 253.1
171 245.8 , Est Remaining: 251.5
172 247.1 , Est Remaining: 249.9
173 248.4 , Est Remaining: 248.4
174 249.7 , Est Remaining: 246.8
175 251.0 , Est Remaining: 245.3
176 252.3 , Est Remaining: 243.7
177 253.6 , Est Remaining: 242.2
178 254.9 , Est Remaining: 240.6
179 256.2 , Est Remaining: 239.0
180 257.5 , Est Remaining: 237.5
181 258.8 , Est Remaining: 236.0
182 260.2 , Est Remaining: 234.4
183 261.5 , Est Remaining: 232.9
184 262.8 , Est Remaining: 231.4
185 264.1 , Est Remaining: 229.8
186 265.4 , Est Remaining: 228.3
187 266.7 , Est Remaining: 226.8
188 268.0 , Est Remaining: 225.3
189 269.4 , Est Remaining: 223.7
190 270.7 , Est Remaining: 222.2
191 272.0 , Est Remaining: 220.7
192 273.3 , Est Remaining: 219.2
193 274.6 , Est Remaining: 217.7
194 276.0 , Est Remaining: 216.2
195 277.3 , Est Remaining: 214.7
196 278.6 , Est Remaining: 213.2
197 280.0 , Est Remaining: 211.7
EVENT FAILED
197 280.3 , Est Remaining: 212.0
198 281.6 , Est Remaining: 210.5
199 282.9 , Est Remaining: 209.0
200 284.3 , Est Remaining: 207.5
201 285.6 , Est Remaining: 206.0
202 286.9 , Est Remaining: 204.5
203 288.3 , Est Remaining: 203.1
204 289.7 , Est Remaining: 201.6
205 291.0 , Est Remaining: 200.2
206 292.3 , Est Remaining: 198.7
207 293.7 , Est Remaining: 197.2
208 295.0 , Est Remaining: 195.7
209 296.3 , Est Remaining: 194.3
210 297.7 , Est Remaining: 192.8
211 299.1 , Est Remaining: 191.3
212 300.4 , Est Remaining: 189.9
213 301.8 , Est Remaining: 188.4
214 303.1 , Est Remaining: 187.0
215 304.5 , Est Remaining: 185.5
216 305.9 , Est Remaining: 184.1
217 307.3 , Est Remaining: 182.7
218 308.7 , Est Remaining: 181.2
219 310.1 , Est Remaining: 179.8
220 311.5 , Est Remaining: 178.4
221 312.9 , Est Remaining: 177.0
222 314.3 , Est Remaining: 175.6
223 315.8 , Est Remaining: 174.2
224 317.2 , Est Remaining: 172.7
225 318.6 , Est Remaining: 171.3
226 320.0 , Est Remaining: 169.9
227 321.4 , Est Remaining: 168.5
228 322.8 , Est Remaining: 167.1
229 324.3 , Est Remaining: 165.7
230 325.7 , Est Remaining: 164.3
231 327.1 , Est Remaining: 162.8
232 328.5 , Est Remaining: 161.4
233 329.9 , Est Remaining: 160.0
234 331.4 , Est Remaining: 158.6
235 332.8 , Est Remaining: 157.2
236 334.2 , Est Remaining: 155.8
237 335.6 , Est Remaining: 154.4
238 337.0 , Est Remaining: 152.9
239 338.5 , Est Remaining: 151.5
240 339.9 , Est Remaining: 150.1
241 341.3 , Est Remaining: 148.7
242 342.8 , Est Remaining: 147.3
243 344.2 , Est Remaining: 145.9
244 345.7 , Est Remaining: 144.5
245 347.1 , Est Remaining: 143.1
246 348.6 , Est Remaining: 141.7
247 350.0 , Est Remaining: 140.3
248 351.5 , Est Remaining: 138.9
249 353.0 , Est Remaining: 137.5
250 354.4 , Est Remaining: 136.1
251 355.9 , Est Remaining: 134.7
252 357.3 , Est Remaining: 133.3
253 358.8 , Est Remaining: 131.9
254 360.2 , Est Remaining: 130.5
255 361.7 , Est Remaining: 129.1
256 363.2 , Est Remaining: 127.7
257 364.6 , Est Remaining: 126.3
258 366.1 , Est Remaining: 124.9
259 367.5 , Est Remaining: 123.5
260 369.0 , Est Remaining: 122.1
261 370.5 , Est Remaining: 120.7
EVENT FAILED
261 370.8 , Est Remaining: 120.8
262 372.2 , Est Remaining: 119.3
263 373.7 , Est Remaining: 117.9
264 375.2 , Est Remaining: 116.5
265 376.6 , Est Remaining: 115.1
266 378.1 , Est Remaining: 113.7
267 379.5 , Est Remaining: 112.3
268 381.0 , Est Remaining: 110.9
269 382.5 , Est Remaining: 109.5
270 383.9 , Est Remaining: 108.1
271 385.4 , Est Remaining: 106.7
272 386.8 , Est Remaining: 105.2
273 388.3 , Est Remaining: 103.8
274 389.8 , Est Remaining: 102.4
275 391.2 , Est Remaining: 101.0
276 392.7 , Est Remaining: 99.6
277 394.1 , Est Remaining: 98.2
278 395.5 , Est Remaining: 96.8
EVENT FAILED
278 395.8 , Est Remaining: 96.8
279 397.3 , Est Remaining: 95.4
280 398.8 , Est Remaining: 94.0
281 400.2 , Est Remaining: 92.6
282 401.7 , Est Remaining: 91.2
283 403.1 , Est Remaining: 89.7
284 404.5 , Est Remaining: 88.3
285 405.9 , Est Remaining: 86.9
286 407.4 , Est Remaining: 85.5
287 408.9 , Est Remaining: 84.1
288 410.3 , Est Remaining: 82.6
EVENT FAILED
288 410.6 , Est Remaining: 82.7
289 412.1 , Est Remaining: 81.3
290 413.5 , Est Remaining: 79.8
291 414.9 , Est Remaining: 78.4
292 416.4 , Est Remaining: 77.0
293 417.8 , Est Remaining: 75.6
294 419.3 , Est Remaining: 74.2
295 420.8 , Est Remaining: 72.7
296 422.2 , Est Remaining: 71.3
297 423.7 , Est Remaining: 69.9
298 425.2 , Est Remaining: 68.5
299 426.6 , Est Remaining: 67.1
300 428.1 , Est Remaining: 65.6
301 429.5 , Est Remaining: 64.2
302 431.1 , Est Remaining: 62.8
303 432.5 , Est Remaining: 61.4
304 434.0 , Est Remaining: 60.0
305 435.5 , Est Remaining: 58.5
306 436.9 , Est Remaining: 57.1
307 438.3 , Est Remaining: 55.7
308 439.8 , Est Remaining: 54.3
309 441.2 , Est Remaining: 52.8
310 442.7 , Est Remaining: 51.4
311 444.1 , Est Remaining: 50.0
312 445.5 , Est Remaining: 48.6
313 447.0 , Est Remaining: 47.1
314 448.4 , Est Remaining: 45.7
315 449.8 , Est Remaining: 44.3
316 451.3 , Est Remaining: 42.8
317 452.7 , Est Remaining: 41.4
318 454.2 , Est Remaining: 40.0
319 455.6 , Est Remaining: 38.6
320 457.0 , Est Remaining: 37.1
321 458.5 , Est Remaining: 35.7
322 459.9 , Est Remaining: 34.3
EVENT FAILED
322 460.2 , Est Remaining: 34.3
323 461.7 , Est Remaining: 32.9
324 463.1 , Est Remaining: 31.4
325 464.5 , Est Remaining: 30.0
326 466.0 , Est Remaining: 28.6
327 467.4 , Est Remaining: 27.2
328 468.8 , Est Remaining: 25.7
329 470.2 , Est Remaining: 24.3
330 471.7 , Est Remaining: 22.9
331 473.1 , Est Remaining: 21.4
EVENT FAILED
331 473.5 , Est Remaining: 21.5
332 474.9 , Est Remaining: 20.0
333 476.3 , Est Remaining: 18.6
334 477.8 , Est Remaining: 17.2
335 479.2 , Est Remaining: 15.7
