Note: NumExpr detected 32 cores but "NUMEXPR_MAX_THREADS" not set, so enforcing safe limit of 8.
Using selector: EpollSelector
/n/home02/jhaefner/miniconda/envs/IC-3.7-2020-06-16/lib/python3.7/site-packages/scipy/optimize/minpack.py:808: OptimizeWarning: Covariance of the parameters could not be estimated
  category=OptimizeWarning)
Total rwfs: 346
0 0.0 , Est Remaining: 999999.9
1 1.5 , Est Remaining: 512.5
2 2.9 , Est Remaining: 507.0
3 4.4 , Est Remaining: 505.0
4 5.9 , Est Remaining: 500.8
5 7.3 , Est Remaining: 498.7
6 8.7 , Est Remaining: 495.5
7 10.2 , Est Remaining: 492.7
8 11.6 , Est Remaining: 491.1
9 13.0 , Est Remaining: 488.2
EVENT FAILED
9 13.4 , Est Remaining: 500.0
10 14.8 , Est Remaining: 497.4
11 16.2 , Est Remaining: 494.8
12 17.7 , Est Remaining: 492.1
13 19.1 , Est Remaining: 489.1
14 20.5 , Est Remaining: 486.8
15 22.0 , Est Remaining: 484.4
16 23.4 , Est Remaining: 482.5
17 24.8 , Est Remaining: 480.4
18 26.3 , Est Remaining: 478.4
19 27.7 , Est Remaining: 476.4
20 29.2 , Est Remaining: 475.2
21 30.6 , Est Remaining: 473.4
22 32.0 , Est Remaining: 471.6
23 33.4 , Est Remaining: 469.7
24 34.9 , Est Remaining: 467.9
25 36.3 , Est Remaining: 466.3
26 37.8 , Est Remaining: 464.8
27 39.2 , Est Remaining: 463.3
EVENT FAILED
27 39.5 , Est Remaining: 466.9
28 40.9 , Est Remaining: 464.9
29 42.4 , Est Remaining: 463.1
30 43.8 , Est Remaining: 461.5
31 45.3 , Est Remaining: 460.0
32 46.7 , Est Remaining: 458.3
33 48.1 , Est Remaining: 456.7
34 49.6 , Est Remaining: 455.0
35 51.0 , Est Remaining: 453.3
36 52.5 , Est Remaining: 451.7
EVENT FAILED
36 52.8 , Est Remaining: 454.3
37 54.2 , Est Remaining: 452.5
38 55.6 , Est Remaining: 450.7
39 57.0 , Est Remaining: 448.9
40 58.5 , Est Remaining: 447.3
41 59.9 , Est Remaining: 445.7
42 61.3 , Est Remaining: 443.9
43 62.8 , Est Remaining: 442.2
44 64.2 , Est Remaining: 440.5
45 65.6 , Est Remaining: 438.9
46 67.0 , Est Remaining: 437.2
47 68.5 , Est Remaining: 435.6
48 69.9 , Est Remaining: 434.0
49 71.4 , Est Remaining: 432.5
50 72.8 , Est Remaining: 430.8
51 74.2 , Est Remaining: 429.1
52 75.6 , Est Remaining: 427.4
53 77.0 , Est Remaining: 425.8
54 78.5 , Est Remaining: 424.3
55 79.9 , Est Remaining: 422.7
56 81.3 , Est Remaining: 421.1
57 82.8 , Est Remaining: 419.6
58 84.2 , Est Remaining: 418.1
59 85.6 , Est Remaining: 416.6
60 87.1 , Est Remaining: 415.0
61 88.5 , Est Remaining: 413.4
62 89.9 , Est Remaining: 411.9
63 91.3 , Est Remaining: 410.3
64 92.8 , Est Remaining: 408.7
65 94.2 , Est Remaining: 407.2
66 95.6 , Est Remaining: 405.7
67 97.0 , Est Remaining: 404.1
68 98.5 , Est Remaining: 402.5
69 99.9 , Est Remaining: 400.9
70 101.3 , Est Remaining: 399.4
71 102.7 , Est Remaining: 397.9
72 104.2 , Est Remaining: 396.4
73 105.6 , Est Remaining: 394.8
74 107.0 , Est Remaining: 393.2
75 108.4 , Est Remaining: 391.7
EVENT FAILED
75 108.7 , Est Remaining: 392.8
76 110.1 , Est Remaining: 391.3
77 111.6 , Est Remaining: 389.7
78 113.0 , Est Remaining: 388.1
79 114.4 , Est Remaining: 386.6
80 115.8 , Est Remaining: 385.0
81 117.2 , Est Remaining: 383.4
EVENT FAILED
81 117.5 , Est Remaining: 384.4
82 118.9 , Est Remaining: 382.9
83 120.3 , Est Remaining: 381.3
84 121.7 , Est Remaining: 379.7
85 123.2 , Est Remaining: 378.2
86 124.6 , Est Remaining: 376.6
87 126.0 , Est Remaining: 375.1
88 127.4 , Est Remaining: 373.5
89 128.8 , Est Remaining: 372.0
90 130.2 , Est Remaining: 370.4
91 131.6 , Est Remaining: 368.9
92 133.0 , Est Remaining: 367.3
93 134.5 , Est Remaining: 365.8
94 135.9 , Est Remaining: 364.3
95 137.3 , Est Remaining: 362.8
96 138.7 , Est Remaining: 361.3
97 140.2 , Est Remaining: 359.8
98 141.6 , Est Remaining: 358.3
99 143.0 , Est Remaining: 356.8
100 144.5 , Est Remaining: 355.4
101 145.9 , Est Remaining: 354.0
102 147.4 , Est Remaining: 352.6
103 148.9 , Est Remaining: 351.3
104 150.4 , Est Remaining: 349.9
105 151.8 , Est Remaining: 348.5
106 153.3 , Est Remaining: 347.1
107 154.8 , Est Remaining: 345.7
108 156.2 , Est Remaining: 344.3
109 157.7 , Est Remaining: 342.8
110 159.1 , Est Remaining: 341.4
111 160.6 , Est Remaining: 340.0
112 162.0 , Est Remaining: 338.5
113 163.5 , Est Remaining: 337.1
114 164.9 , Est Remaining: 335.6
115 166.4 , Est Remaining: 334.3
116 167.9 , Est Remaining: 332.8
117 169.3 , Est Remaining: 331.3
118 170.7 , Est Remaining: 329.9
119 172.1 , Est Remaining: 328.4
EVENT FAILED
119 172.4 , Est Remaining: 329.0
120 173.9 , Est Remaining: 327.5
121 175.3 , Est Remaining: 325.9
122 176.7 , Est Remaining: 324.4
123 178.1 , Est Remaining: 322.9
124 179.5 , Est Remaining: 321.4
125 181.0 , Est Remaining: 319.9
126 182.4 , Est Remaining: 318.4
127 183.8 , Est Remaining: 316.9
128 185.2 , Est Remaining: 315.4
129 186.6 , Est Remaining: 313.9
130 188.0 , Est Remaining: 312.4
131 189.5 , Est Remaining: 310.9
132 190.9 , Est Remaining: 309.5
133 192.3 , Est Remaining: 308.0
134 193.8 , Est Remaining: 306.6
135 195.2 , Est Remaining: 305.1
136 196.7 , Est Remaining: 303.7
137 198.1 , Est Remaining: 302.2
138 199.5 , Est Remaining: 300.7
139 201.0 , Est Remaining: 299.3
140 202.4 , Est Remaining: 297.8
141 203.9 , Est Remaining: 296.4
142 205.3 , Est Remaining: 294.9
143 206.8 , Est Remaining: 293.5
144 208.2 , Est Remaining: 292.0
145 209.7 , Est Remaining: 290.7
146 211.1 , Est Remaining: 289.2
EVENT FAILED
146 211.5 , Est Remaining: 289.7
147 212.9 , Est Remaining: 288.2
148 214.3 , Est Remaining: 286.8
149 215.8 , Est Remaining: 285.3
150 217.2 , Est Remaining: 283.9
151 218.7 , Est Remaining: 282.4
152 220.1 , Est Remaining: 281.0
153 221.6 , Est Remaining: 279.5
154 223.0 , Est Remaining: 278.1
155 224.5 , Est Remaining: 276.6
156 225.9 , Est Remaining: 275.2
157 227.4 , Est Remaining: 273.8
158 228.8 , Est Remaining: 272.3
159 230.3 , Est Remaining: 270.8
160 231.7 , Est Remaining: 269.4
161 233.1 , Est Remaining: 267.9
162 234.6 , Est Remaining: 266.4
163 236.0 , Est Remaining: 265.0
164 237.4 , Est Remaining: 263.5
165 238.9 , Est Remaining: 262.0
166 240.3 , Est Remaining: 260.6
167 241.8 , Est Remaining: 259.2
168 243.2 , Est Remaining: 257.7
169 244.7 , Est Remaining: 256.3
170 246.2 , Est Remaining: 254.9
171 247.6 , Est Remaining: 253.4
172 249.1 , Est Remaining: 252.0
173 250.5 , Est Remaining: 250.5
174 252.0 , Est Remaining: 249.1
175 253.4 , Est Remaining: 247.6
176 254.9 , Est Remaining: 246.2
177 256.3 , Est Remaining: 244.7
178 257.7 , Est Remaining: 243.2
179 259.1 , Est Remaining: 241.8
180 260.6 , Est Remaining: 240.3
181 262.0 , Est Remaining: 238.8
182 263.4 , Est Remaining: 237.3
183 264.8 , Est Remaining: 235.9
184 266.2 , Est Remaining: 234.4
185 267.7 , Est Remaining: 233.0
186 269.1 , Est Remaining: 231.5
187 270.5 , Est Remaining: 230.0
188 271.9 , Est Remaining: 228.5
189 273.3 , Est Remaining: 227.1
190 274.8 , Est Remaining: 225.6
191 276.2 , Est Remaining: 224.1
192 277.6 , Est Remaining: 222.6
193 279.0 , Est Remaining: 221.2
194 280.4 , Est Remaining: 219.7
195 281.8 , Est Remaining: 218.2
196 283.2 , Est Remaining: 216.8
197 284.7 , Est Remaining: 215.3
198 286.1 , Est Remaining: 213.9
199 287.6 , Est Remaining: 212.4
200 289.0 , Est Remaining: 211.0
201 290.4 , Est Remaining: 209.5
202 291.9 , Est Remaining: 208.1
203 293.4 , Est Remaining: 206.7
204 294.8 , Est Remaining: 205.2
205 296.3 , Est Remaining: 203.8
206 297.7 , Est Remaining: 202.3
207 299.1 , Est Remaining: 200.9
208 300.5 , Est Remaining: 199.4
209 302.0 , Est Remaining: 197.9
210 303.4 , Est Remaining: 196.5
211 304.8 , Est Remaining: 195.0
212 306.2 , Est Remaining: 193.6
213 307.7 , Est Remaining: 192.1
214 309.1 , Est Remaining: 190.6
215 310.5 , Est Remaining: 189.2
216 311.9 , Est Remaining: 187.7
217 313.3 , Est Remaining: 186.2
218 314.7 , Est Remaining: 184.8
219 316.2 , Est Remaining: 183.3
220 317.6 , Est Remaining: 181.9
221 319.0 , Est Remaining: 180.4
222 320.4 , Est Remaining: 179.0
223 321.8 , Est Remaining: 177.5
224 323.3 , Est Remaining: 176.1
225 324.7 , Est Remaining: 174.6
226 326.1 , Est Remaining: 173.2
227 327.6 , Est Remaining: 171.7
228 329.0 , Est Remaining: 170.3
229 330.5 , Est Remaining: 168.8
230 331.9 , Est Remaining: 167.4
231 333.4 , Est Remaining: 166.0
232 334.8 , Est Remaining: 164.5
233 336.3 , Est Remaining: 163.1
234 337.7 , Est Remaining: 161.6
235 339.2 , Est Remaining: 160.2
236 340.6 , Est Remaining: 158.8
237 342.1 , Est Remaining: 157.3
238 343.5 , Est Remaining: 155.9
239 344.9 , Est Remaining: 154.4
240 346.4 , Est Remaining: 153.0
241 347.8 , Est Remaining: 151.5
242 349.2 , Est Remaining: 150.1
243 350.6 , Est Remaining: 148.6
244 352.0 , Est Remaining: 147.2
245 353.4 , Est Remaining: 145.7
246 354.8 , Est Remaining: 144.2
247 356.2 , Est Remaining: 142.8
248 357.6 , Est Remaining: 141.3
249 359.0 , Est Remaining: 139.9
250 360.4 , Est Remaining: 138.4
251 361.8 , Est Remaining: 136.9
252 363.2 , Est Remaining: 135.5
253 364.6 , Est Remaining: 134.0
254 366.0 , Est Remaining: 132.6
255 367.4 , Est Remaining: 131.1
256 368.8 , Est Remaining: 129.7
257 370.2 , Est Remaining: 128.2
258 371.6 , Est Remaining: 126.7
259 372.9 , Est Remaining: 125.3
260 374.3 , Est Remaining: 123.8
261 375.7 , Est Remaining: 122.3
262 377.0 , Est Remaining: 120.9
263 378.4 , Est Remaining: 119.4
264 379.8 , Est Remaining: 118.0
265 381.2 , Est Remaining: 116.5
266 382.6 , Est Remaining: 115.1
267 383.9 , Est Remaining: 113.6
268 385.3 , Est Remaining: 112.1
269 386.7 , Est Remaining: 110.7
270 388.1 , Est Remaining: 109.2
271 389.4 , Est Remaining: 107.8
272 390.8 , Est Remaining: 106.3
273 392.1 , Est Remaining: 104.9
274 393.5 , Est Remaining: 103.4
275 394.9 , Est Remaining: 101.9
276 396.2 , Est Remaining: 100.5
277 397.6 , Est Remaining: 99.0
278 398.9 , Est Remaining: 97.6
279 400.3 , Est Remaining: 96.1
280 401.7 , Est Remaining: 94.7
281 403.0 , Est Remaining: 93.2
282 404.4 , Est Remaining: 91.8
283 405.7 , Est Remaining: 90.3
284 407.1 , Est Remaining: 88.9
285 408.5 , Est Remaining: 87.4
286 409.8 , Est Remaining: 86.0
287 411.2 , Est Remaining: 84.5
288 412.5 , Est Remaining: 83.1
289 413.9 , Est Remaining: 81.6
290 415.2 , Est Remaining: 80.2
291 416.6 , Est Remaining: 78.7
292 418.0 , Est Remaining: 77.3
293 419.3 , Est Remaining: 75.9
294 420.7 , Est Remaining: 74.4
295 422.1 , Est Remaining: 73.0
296 423.4 , Est Remaining: 71.5
297 424.8 , Est Remaining: 70.1
298 426.1 , Est Remaining: 68.6
299 427.5 , Est Remaining: 67.2
300 428.9 , Est Remaining: 65.8
EVENT FAILED
300 429.2 , Est Remaining: 65.8
301 430.5 , Est Remaining: 64.4
302 432.1 , Est Remaining: 63.0
303 433.5 , Est Remaining: 61.5
304 434.8 , Est Remaining: 60.1
305 436.2 , Est Remaining: 58.6
EVENT FAILED
305 436.5 , Est Remaining: 58.7
306 437.9 , Est Remaining: 57.2
307 439.2 , Est Remaining: 55.8
308 440.6 , Est Remaining: 54.4
309 442.0 , Est Remaining: 52.9
310 443.4 , Est Remaining: 51.5
311 444.8 , Est Remaining: 50.1
312 446.2 , Est Remaining: 48.6
313 447.6 , Est Remaining: 47.2
314 449.0 , Est Remaining: 45.8
315 450.4 , Est Remaining: 44.3
316 451.8 , Est Remaining: 42.9
317 453.2 , Est Remaining: 41.5
318 454.5 , Est Remaining: 40.0
319 455.9 , Est Remaining: 38.6
320 457.3 , Est Remaining: 37.2
321 458.7 , Est Remaining: 35.7
322 460.1 , Est Remaining: 34.3
323 461.4 , Est Remaining: 32.9
324 462.8 , Est Remaining: 31.4
325 464.2 , Est Remaining: 30.0
326 465.6 , Est Remaining: 28.6
327 467.0 , Est Remaining: 27.1
EVENT FAILED
327 467.3 , Est Remaining: 27.1
328 468.6 , Est Remaining: 25.7
329 470.0 , Est Remaining: 24.3
330 471.3 , Est Remaining: 22.9
331 472.7 , Est Remaining: 21.4
332 474.1 , Est Remaining: 20.0
333 475.4 , Est Remaining: 18.6
334 476.7 , Est Remaining: 17.1
335 478.1 , Est Remaining: 15.7
