Note: NumExpr detected 32 cores but "NUMEXPR_MAX_THREADS" not set, so enforcing safe limit of 8.
Using selector: EpollSelector
/n/home02/jhaefner/miniconda/envs/IC-3.7-2020-06-16/lib/python3.7/site-packages/scipy/optimize/minpack.py:808: OptimizeWarning: Covariance of the parameters could not be estimated
  category=OptimizeWarning)
Total rwfs: 346
0 0.0 , Est Remaining: 999999.9
1 1.4 , Est Remaining: 498.5
2 2.9 , Est Remaining: 494.0
3 4.3 , Est Remaining: 495.6
4 5.8 , Est Remaining: 492.3
5 7.2 , Est Remaining: 488.7
6 8.6 , Est Remaining: 485.8
7 10.0 , Est Remaining: 483.0
8 11.4 , Est Remaining: 482.0
9 12.8 , Est Remaining: 480.0
10 14.1 , Est Remaining: 474.0
11 15.5 , Est Remaining: 472.5
EVENT FAILED
11 15.8 , Est Remaining: 482.0
EVENT FAILED
11 16.1 , Est Remaining: 491.6
12 17.6 , Est Remaining: 489.3
13 19.0 , Est Remaining: 487.2
14 20.4 , Est Remaining: 484.6
15 21.9 , Est Remaining: 482.3
16 23.3 , Est Remaining: 480.1
EVENT FAILED
16 23.6 , Est Remaining: 486.5
17 25.0 , Est Remaining: 483.9
18 26.4 , Est Remaining: 481.8
19 27.9 , Est Remaining: 479.8
20 29.3 , Est Remaining: 477.9
21 30.8 , Est Remaining: 476.7
22 32.3 , Est Remaining: 475.2
23 33.7 , Est Remaining: 473.6
24 35.2 , Est Remaining: 471.8
25 36.6 , Est Remaining: 470.3
26 38.1 , Est Remaining: 468.8
27 39.5 , Est Remaining: 467.0
28 41.0 , Est Remaining: 465.4
29 42.5 , Est Remaining: 464.1
30 43.9 , Est Remaining: 462.6
EVENT FAILED
30 44.2 , Est Remaining: 466.0
31 45.7 , Est Remaining: 464.4
32 47.2 , Est Remaining: 463.0
33 48.6 , Est Remaining: 461.4
34 50.1 , Est Remaining: 459.9
35 51.6 , Est Remaining: 458.4
36 53.1 , Est Remaining: 457.0
37 54.6 , Est Remaining: 455.7
38 56.0 , Est Remaining: 454.2
39 57.5 , Est Remaining: 452.8
40 59.0 , Est Remaining: 451.4
41 60.5 , Est Remaining: 449.9
42 61.9 , Est Remaining: 448.3
43 63.4 , Est Remaining: 446.8
44 64.9 , Est Remaining: 445.4
45 66.3 , Est Remaining: 443.7
46 67.8 , Est Remaining: 442.2
47 69.2 , Est Remaining: 440.5
48 70.7 , Est Remaining: 438.9
49 72.1 , Est Remaining: 437.3
50 73.6 , Est Remaining: 435.6
51 75.0 , Est Remaining: 433.9
52 76.4 , Est Remaining: 432.2
53 77.9 , Est Remaining: 430.7
54 79.4 , Est Remaining: 429.1
55 80.8 , Est Remaining: 427.5
56 82.3 , Est Remaining: 426.0
57 83.7 , Est Remaining: 424.5
58 85.2 , Est Remaining: 422.9
59 86.6 , Est Remaining: 421.3
60 88.0 , Est Remaining: 419.6
61 89.5 , Est Remaining: 418.1
62 90.9 , Est Remaining: 416.4
63 92.3 , Est Remaining: 414.8
64 93.8 , Est Remaining: 413.2
65 95.2 , Est Remaining: 411.6
66 96.6 , Est Remaining: 410.0
67 98.1 , Est Remaining: 408.5
68 99.6 , Est Remaining: 407.1
EVENT FAILED
68 99.9 , Est Remaining: 408.4
69 101.3 , Est Remaining: 406.8
70 102.8 , Est Remaining: 405.3
71 104.3 , Est Remaining: 403.8
72 105.7 , Est Remaining: 402.3
73 107.2 , Est Remaining: 400.9
74 108.6 , Est Remaining: 399.3
75 110.1 , Est Remaining: 397.8
EVENT FAILED
75 110.4 , Est Remaining: 398.9
76 111.9 , Est Remaining: 397.4
77 113.3 , Est Remaining: 395.9
78 114.8 , Est Remaining: 394.5
79 116.2 , Est Remaining: 392.9
80 117.7 , Est Remaining: 391.3
81 119.1 , Est Remaining: 389.7
82 120.6 , Est Remaining: 388.1
83 122.0 , Est Remaining: 386.6
84 123.4 , Est Remaining: 384.9
85 124.9 , Est Remaining: 383.4
86 126.3 , Est Remaining: 381.9
87 127.8 , Est Remaining: 380.4
88 129.2 , Est Remaining: 378.8
89 130.7 , Est Remaining: 377.3
90 132.1 , Est Remaining: 375.7
91 133.6 , Est Remaining: 374.2
92 135.0 , Est Remaining: 372.7
93 136.4 , Est Remaining: 371.2
94 137.9 , Est Remaining: 369.8
95 139.4 , Est Remaining: 368.2
96 140.8 , Est Remaining: 366.7
97 142.2 , Est Remaining: 365.1
98 143.7 , Est Remaining: 363.6
99 145.1 , Est Remaining: 362.0
100 146.6 , Est Remaining: 360.5
101 148.0 , Est Remaining: 359.0
102 149.5 , Est Remaining: 357.5
103 151.0 , Est Remaining: 356.2
104 152.4 , Est Remaining: 354.7
105 153.9 , Est Remaining: 353.2
106 155.4 , Est Remaining: 351.8
107 156.9 , Est Remaining: 350.4
108 158.3 , Est Remaining: 348.8
109 159.7 , Est Remaining: 347.3
110 161.2 , Est Remaining: 345.9
111 162.7 , Est Remaining: 344.4
112 164.2 , Est Remaining: 343.0
113 165.6 , Est Remaining: 341.5
114 167.1 , Est Remaining: 340.0
115 168.5 , Est Remaining: 338.5
116 170.0 , Est Remaining: 337.0
117 171.4 , Est Remaining: 335.4
118 172.8 , Est Remaining: 333.9
119 174.2 , Est Remaining: 332.3
120 175.6 , Est Remaining: 330.7
121 177.0 , Est Remaining: 329.1
122 178.4 , Est Remaining: 327.6
123 179.8 , Est Remaining: 326.0
124 181.2 , Est Remaining: 324.4
125 182.6 , Est Remaining: 322.9
EVENT FAILED
125 182.9 , Est Remaining: 323.4
126 184.3 , Est Remaining: 321.8
127 185.7 , Est Remaining: 320.2
128 187.1 , Est Remaining: 318.6
129 188.5 , Est Remaining: 317.1
130 189.9 , Est Remaining: 315.5
131 191.3 , Est Remaining: 313.9
132 192.6 , Est Remaining: 312.3
133 194.0 , Est Remaining: 310.7
134 195.4 , Est Remaining: 309.2
135 196.8 , Est Remaining: 307.6
136 198.2 , Est Remaining: 306.1
137 199.6 , Est Remaining: 304.5
138 201.0 , Est Remaining: 303.0
EVENT FAILED
138 201.3 , Est Remaining: 303.4
EVENT FAILED
138 201.6 , Est Remaining: 303.9
EVENT FAILED
138 201.9 , Est Remaining: 304.3
139 203.3 , Est Remaining: 302.8
140 204.7 , Est Remaining: 301.3
141 206.2 , Est Remaining: 299.7
142 207.6 , Est Remaining: 298.2
EVENT FAILED
142 207.9 , Est Remaining: 298.6
143 209.3 , Est Remaining: 297.1
144 210.7 , Est Remaining: 295.5
145 212.0 , Est Remaining: 293.9
146 213.4 , Est Remaining: 292.4
147 214.8 , Est Remaining: 290.8
148 216.2 , Est Remaining: 289.3
149 217.6 , Est Remaining: 287.7
150 219.1 , Est Remaining: 286.2
151 220.5 , Est Remaining: 284.7
152 221.9 , Est Remaining: 283.2
153 223.3 , Est Remaining: 281.7
154 224.7 , Est Remaining: 280.1
155 226.1 , Est Remaining: 278.6
156 227.5 , Est Remaining: 277.1
157 228.9 , Est Remaining: 275.5
158 230.3 , Est Remaining: 274.0
159 231.7 , Est Remaining: 272.5
160 233.0 , Est Remaining: 270.9
161 234.4 , Est Remaining: 269.4
162 235.8 , Est Remaining: 267.9
163 237.2 , Est Remaining: 266.3
164 238.6 , Est Remaining: 264.8
165 240.0 , Est Remaining: 263.3
166 241.4 , Est Remaining: 261.8
167 242.8 , Est Remaining: 260.2
168 244.2 , Est Remaining: 258.7
169 245.6 , Est Remaining: 257.2
170 247.0 , Est Remaining: 255.7
171 248.4 , Est Remaining: 254.2
172 249.8 , Est Remaining: 252.7
173 251.2 , Est Remaining: 251.2
174 252.6 , Est Remaining: 249.7
175 254.0 , Est Remaining: 248.2
176 255.4 , Est Remaining: 246.7
177 256.8 , Est Remaining: 245.2
178 258.2 , Est Remaining: 243.7
179 259.6 , Est Remaining: 242.2
180 261.0 , Est Remaining: 240.7
181 262.4 , Est Remaining: 239.2
182 263.8 , Est Remaining: 237.7
183 265.2 , Est Remaining: 236.2
184 266.6 , Est Remaining: 234.7
185 268.0 , Est Remaining: 233.3
186 269.4 , Est Remaining: 231.8
187 270.9 , Est Remaining: 230.3
188 272.3 , Est Remaining: 228.8
189 273.7 , Est Remaining: 227.4
190 275.1 , Est Remaining: 225.9
191 276.6 , Est Remaining: 224.4
192 278.0 , Est Remaining: 223.0
193 279.4 , Est Remaining: 221.5
194 280.8 , Est Remaining: 220.0
195 282.3 , Est Remaining: 218.6
196 283.7 , Est Remaining: 217.1
197 285.1 , Est Remaining: 215.7
198 286.5 , Est Remaining: 214.2
199 288.0 , Est Remaining: 212.7
200 289.4 , Est Remaining: 211.3
201 290.8 , Est Remaining: 209.8
202 292.3 , Est Remaining: 208.4
203 293.8 , Est Remaining: 207.0
204 295.3 , Est Remaining: 205.5
205 296.7 , Est Remaining: 204.1
206 298.1 , Est Remaining: 202.6
207 299.6 , Est Remaining: 201.2
EVENT FAILED
207 299.9 , Est Remaining: 201.4
208 301.3 , Est Remaining: 199.9
209 302.7 , Est Remaining: 198.4
210 304.1 , Est Remaining: 197.0
211 305.6 , Est Remaining: 195.5
212 307.0 , Est Remaining: 194.0
213 308.4 , Est Remaining: 192.6
214 309.8 , Est Remaining: 191.1
215 311.2 , Est Remaining: 189.6
216 312.6 , Est Remaining: 188.2
EVENT FAILED
216 312.9 , Est Remaining: 188.3
217 314.4 , Est Remaining: 186.9
218 315.8 , Est Remaining: 185.4
219 317.2 , Est Remaining: 184.0
220 318.6 , Est Remaining: 182.5
EVENT FAILED
220 318.9 , Est Remaining: 182.7
221 320.4 , Est Remaining: 181.2
222 321.8 , Est Remaining: 179.8
223 323.3 , Est Remaining: 178.3
224 324.7 , Est Remaining: 176.8
225 326.1 , Est Remaining: 175.4
226 327.5 , Est Remaining: 173.9
227 328.9 , Est Remaining: 172.4
228 330.4 , Est Remaining: 171.0
229 331.8 , Est Remaining: 169.5
230 333.2 , Est Remaining: 168.0
231 334.6 , Est Remaining: 166.6
232 336.0 , Est Remaining: 165.1
233 337.4 , Est Remaining: 163.6
234 338.8 , Est Remaining: 162.2
EVENT FAILED
234 339.1 , Est Remaining: 162.3
235 340.6 , Est Remaining: 160.9
236 342.0 , Est Remaining: 159.4
237 343.5 , Est Remaining: 158.0
238 344.9 , Est Remaining: 156.5
239 346.3 , Est Remaining: 155.1
240 347.8 , Est Remaining: 153.6
241 349.2 , Est Remaining: 152.1
242 350.6 , Est Remaining: 150.7
243 352.0 , Est Remaining: 149.2
244 353.4 , Est Remaining: 147.7
245 354.8 , Est Remaining: 146.3
246 356.2 , Est Remaining: 144.8
247 357.6 , Est Remaining: 143.3
248 359.0 , Est Remaining: 141.9
249 360.4 , Est Remaining: 140.4
250 361.9 , Est Remaining: 139.0
251 363.3 , Est Remaining: 137.5
252 364.7 , Est Remaining: 136.0
253 366.1 , Est Remaining: 134.6
254 367.5 , Est Remaining: 133.1
255 369.0 , Est Remaining: 131.7
256 370.4 , Est Remaining: 130.2
257 371.8 , Est Remaining: 128.8
258 373.2 , Est Remaining: 127.3
259 374.6 , Est Remaining: 125.8
260 376.0 , Est Remaining: 124.4
261 377.4 , Est Remaining: 122.9
262 378.9 , Est Remaining: 121.5
263 380.3 , Est Remaining: 120.0
264 381.7 , Est Remaining: 118.6
265 383.1 , Est Remaining: 117.1
266 384.6 , Est Remaining: 115.7
267 386.0 , Est Remaining: 114.2
268 387.4 , Est Remaining: 112.8
269 388.9 , Est Remaining: 111.3
270 390.3 , Est Remaining: 109.9
271 391.7 , Est Remaining: 108.4
272 393.1 , Est Remaining: 107.0
273 394.6 , Est Remaining: 105.5
EVENT FAILED
273 394.9 , Est Remaining: 105.6
274 396.3 , Est Remaining: 104.1
275 397.8 , Est Remaining: 102.7
276 399.2 , Est Remaining: 101.2
277 400.6 , Est Remaining: 99.8
278 402.1 , Est Remaining: 98.3
279 403.5 , Est Remaining: 96.9
280 405.0 , Est Remaining: 95.5
281 406.4 , Est Remaining: 94.0
282 407.8 , Est Remaining: 92.6
283 409.3 , Est Remaining: 91.1
EVENT FAILED
283 409.6 , Est Remaining: 91.2
284 411.0 , Est Remaining: 89.7
285 412.5 , Est Remaining: 88.3
286 413.9 , Est Remaining: 86.8
287 415.4 , Est Remaining: 85.4
288 416.8 , Est Remaining: 83.9
289 418.2 , Est Remaining: 82.5
290 419.7 , Est Remaining: 81.0
291 421.1 , Est Remaining: 79.6
292 422.5 , Est Remaining: 78.1
293 424.0 , Est Remaining: 76.7
294 425.4 , Est Remaining: 75.2
295 426.8 , Est Remaining: 73.8
296 428.2 , Est Remaining: 72.3
297 429.7 , Est Remaining: 70.9
298 431.1 , Est Remaining: 69.4
299 432.6 , Est Remaining: 68.0
300 434.0 , Est Remaining: 66.6
301 435.5 , Est Remaining: 65.1
302 437.1 , Est Remaining: 63.7
303 438.5 , Est Remaining: 62.2
304 439.9 , Est Remaining: 60.8
305 441.4 , Est Remaining: 59.3
306 442.8 , Est Remaining: 57.9
307 444.2 , Est Remaining: 56.4
308 445.6 , Est Remaining: 55.0
309 447.1 , Est Remaining: 53.5
310 448.5 , Est Remaining: 52.1
311 450.0 , Est Remaining: 50.6
312 451.4 , Est Remaining: 49.2
313 452.8 , Est Remaining: 47.7
314 454.3 , Est Remaining: 46.3
315 455.7 , Est Remaining: 44.9
316 457.2 , Est Remaining: 43.4
317 458.6 , Est Remaining: 42.0
318 460.1 , Est Remaining: 40.5
319 461.5 , Est Remaining: 39.1
320 462.9 , Est Remaining: 37.6
321 464.4 , Est Remaining: 36.2
322 465.8 , Est Remaining: 34.7
323 467.2 , Est Remaining: 33.3
324 468.6 , Est Remaining: 31.8
325 470.1 , Est Remaining: 30.4
326 471.5 , Est Remaining: 28.9
EVENT FAILED
326 471.8 , Est Remaining: 28.9
327 473.2 , Est Remaining: 27.5
EVENT FAILED
