Note: NumExpr detected 32 cores but "NUMEXPR_MAX_THREADS" not set, so enforcing safe limit of 8.
Using selector: EpollSelector
/n/home02/jhaefner/miniconda/envs/IC-3.7-2020-06-16/lib/python3.7/site-packages/scipy/optimize/minpack.py:808: OptimizeWarning: Covariance of the parameters could not be estimated
  category=OptimizeWarning)
Total rwfs: 346
0 0.0 , Est Remaining: 999999.9
1 1.5 , Est Remaining: 519.9
2 3.0 , Est Remaining: 512.6
3 4.5 , Est Remaining: 514.0
4 6.0 , Est Remaining: 510.0
5 7.4 , Est Remaining: 507.2
6 8.9 , Est Remaining: 504.1
7 10.3 , Est Remaining: 500.7
8 11.8 , Est Remaining: 497.8
9 13.2 , Est Remaining: 495.3
10 14.7 , Est Remaining: 494.8
11 16.2 , Est Remaining: 492.6
12 17.6 , Est Remaining: 490.6
13 19.1 , Est Remaining: 488.5
14 20.5 , Est Remaining: 486.3
15 22.0 , Est Remaining: 484.7
16 23.4 , Est Remaining: 482.9
17 24.9 , Est Remaining: 481.4
18 26.3 , Est Remaining: 479.6
19 27.8 , Est Remaining: 478.2
20 29.3 , Est Remaining: 477.2
21 30.7 , Est Remaining: 475.9
22 32.2 , Est Remaining: 474.4
23 33.7 , Est Remaining: 472.8
24 35.1 , Est Remaining: 471.5
25 36.6 , Est Remaining: 469.9
26 38.1 , Est Remaining: 468.5
27 39.5 , Est Remaining: 466.9
28 41.0 , Est Remaining: 465.5
29 42.5 , Est Remaining: 464.0
30 43.9 , Est Remaining: 462.3
31 45.3 , Est Remaining: 460.6
32 46.8 , Est Remaining: 459.0
33 48.2 , Est Remaining: 457.2
34 49.7 , Est Remaining: 455.7
35 51.1 , Est Remaining: 454.2
36 52.6 , Est Remaining: 452.8
37 54.0 , Est Remaining: 451.1
38 55.5 , Est Remaining: 449.5
39 56.9 , Est Remaining: 447.8
40 58.3 , Est Remaining: 446.2
41 59.8 , Est Remaining: 444.8
42 61.2 , Est Remaining: 443.2
43 62.7 , Est Remaining: 441.7
44 64.1 , Est Remaining: 440.2
45 65.6 , Est Remaining: 438.7
46 67.0 , Est Remaining: 437.2
47 68.5 , Est Remaining: 435.7
48 70.0 , Est Remaining: 434.4
49 71.4 , Est Remaining: 432.9
50 72.9 , Est Remaining: 431.4
51 74.3 , Est Remaining: 430.0
52 75.8 , Est Remaining: 428.5
EVENT FAILED
52 76.1 , Est Remaining: 430.3
53 77.5 , Est Remaining: 428.7
54 79.0 , Est Remaining: 427.1
55 80.4 , Est Remaining: 425.5
56 81.9 , Est Remaining: 423.9
57 83.3 , Est Remaining: 422.4
58 84.8 , Est Remaining: 421.1
59 86.3 , Est Remaining: 419.7
EVENT FAILED
59 86.6 , Est Remaining: 421.2
60 88.0 , Est Remaining: 419.6
61 89.4 , Est Remaining: 417.9
62 90.9 , Est Remaining: 416.3
63 92.3 , Est Remaining: 414.5
64 93.7 , Est Remaining: 412.9
EVENT FAILED
64 94.0 , Est Remaining: 414.3
65 95.5 , Est Remaining: 412.7
66 96.9 , Est Remaining: 411.1
67 98.4 , Est Remaining: 409.6
68 99.8 , Est Remaining: 408.1
69 101.3 , Est Remaining: 406.6
70 102.7 , Est Remaining: 405.0
71 104.2 , Est Remaining: 403.6
72 105.6 , Est Remaining: 402.0
73 107.1 , Est Remaining: 400.5
74 108.5 , Est Remaining: 398.9
75 110.0 , Est Remaining: 397.3
76 111.4 , Est Remaining: 395.7
77 112.8 , Est Remaining: 394.2
78 114.3 , Est Remaining: 392.7
79 115.7 , Est Remaining: 391.1
80 117.2 , Est Remaining: 389.7
81 118.6 , Est Remaining: 388.2
82 120.1 , Est Remaining: 386.7
83 121.5 , Est Remaining: 385.1
84 123.0 , Est Remaining: 383.6
85 124.5 , Est Remaining: 382.2
86 125.9 , Est Remaining: 380.7
87 127.4 , Est Remaining: 379.1
88 128.8 , Est Remaining: 377.6
89 130.2 , Est Remaining: 376.1
90 131.7 , Est Remaining: 374.5
91 133.1 , Est Remaining: 373.0
92 134.6 , Est Remaining: 371.5
93 136.0 , Est Remaining: 370.0
94 137.5 , Est Remaining: 368.6
95 138.9 , Est Remaining: 367.0
96 140.4 , Est Remaining: 365.5
97 141.8 , Est Remaining: 364.0
98 143.2 , Est Remaining: 362.4
99 144.7 , Est Remaining: 361.0
100 146.1 , Est Remaining: 359.4
101 147.5 , Est Remaining: 357.9
102 149.0 , Est Remaining: 356.3
103 150.4 , Est Remaining: 354.9
EVENT FAILED
103 150.8 , Est Remaining: 355.7
104 152.2 , Est Remaining: 354.1
105 153.6 , Est Remaining: 352.6
106 155.0 , Est Remaining: 351.1
107 156.5 , Est Remaining: 349.5
108 157.9 , Est Remaining: 347.9
109 159.3 , Est Remaining: 346.4
110 160.7 , Est Remaining: 344.8
EVENT FAILED
110 161.0 , Est Remaining: 345.5
EVENT FAILED
110 161.3 , Est Remaining: 346.2
111 162.8 , Est Remaining: 344.7
112 164.2 , Est Remaining: 343.0
113 165.6 , Est Remaining: 341.5
114 167.1 , Est Remaining: 340.0
115 168.5 , Est Remaining: 338.5
116 170.0 , Est Remaining: 337.0
117 171.4 , Est Remaining: 335.5
118 172.8 , Est Remaining: 333.9
119 174.2 , Est Remaining: 332.4
120 175.7 , Est Remaining: 330.8
121 177.1 , Est Remaining: 329.3
122 178.5 , Est Remaining: 327.7
123 179.9 , Est Remaining: 326.2
124 181.3 , Est Remaining: 324.7
125 182.8 , Est Remaining: 323.2
126 184.2 , Est Remaining: 321.7
127 185.6 , Est Remaining: 320.1
128 187.1 , Est Remaining: 318.6
129 188.5 , Est Remaining: 317.1
130 190.0 , Est Remaining: 315.7
EVENT FAILED
130 190.3 , Est Remaining: 316.2
131 191.7 , Est Remaining: 314.7
132 193.1 , Est Remaining: 313.1
133 194.6 , Est Remaining: 311.6
134 196.0 , Est Remaining: 310.1
135 197.5 , Est Remaining: 308.6
136 198.9 , Est Remaining: 307.1
EVENT FAILED
136 199.2 , Est Remaining: 307.6
137 200.6 , Est Remaining: 306.1
138 202.1 , Est Remaining: 304.6
139 203.5 , Est Remaining: 303.1
140 205.0 , Est Remaining: 301.6
141 206.4 , Est Remaining: 300.1
142 207.8 , Est Remaining: 298.6
EVENT FAILED
142 208.1 , Est Remaining: 299.0
143 209.5 , Est Remaining: 297.5
144 211.0 , Est Remaining: 295.9
145 212.4 , Est Remaining: 294.4
146 213.8 , Est Remaining: 292.9
147 215.2 , Est Remaining: 291.4
148 216.7 , Est Remaining: 289.9
149 218.1 , Est Remaining: 288.3
150 219.5 , Est Remaining: 286.8
151 220.9 , Est Remaining: 285.3
152 222.3 , Est Remaining: 283.8
153 223.8 , Est Remaining: 282.3
154 225.2 , Est Remaining: 280.8
155 226.6 , Est Remaining: 279.3
156 228.1 , Est Remaining: 277.8
157 229.5 , Est Remaining: 276.3
158 230.9 , Est Remaining: 274.8
159 232.3 , Est Remaining: 273.3
160 233.8 , Est Remaining: 271.8
161 235.2 , Est Remaining: 270.2
162 236.6 , Est Remaining: 268.7
163 238.0 , Est Remaining: 267.2
164 239.4 , Est Remaining: 265.7
165 240.8 , Est Remaining: 264.2
166 242.3 , Est Remaining: 262.7
167 243.7 , Est Remaining: 261.2
168 245.1 , Est Remaining: 259.7
169 246.5 , Est Remaining: 258.2
170 247.9 , Est Remaining: 256.6
171 249.3 , Est Remaining: 255.1
172 250.7 , Est Remaining: 253.6
173 252.1 , Est Remaining: 252.1
EVENT FAILED
173 252.4 , Est Remaining: 252.4
174 253.8 , Est Remaining: 250.9
175 255.2 , Est Remaining: 249.4
176 256.6 , Est Remaining: 247.9
177 258.1 , Est Remaining: 246.4
178 259.5 , Est Remaining: 244.9
179 260.9 , Est Remaining: 243.4
180 262.3 , Est Remaining: 241.9
181 263.7 , Est Remaining: 240.4
182 265.1 , Est Remaining: 238.9
183 266.5 , Est Remaining: 237.4
184 267.9 , Est Remaining: 235.9
185 269.3 , Est Remaining: 234.4
186 270.7 , Est Remaining: 232.9
187 272.1 , Est Remaining: 231.3
188 273.4 , Est Remaining: 229.8
189 274.8 , Est Remaining: 228.3
190 276.2 , Est Remaining: 226.8
191 277.6 , Est Remaining: 225.3
192 279.0 , Est Remaining: 223.7
193 280.3 , Est Remaining: 222.2
194 281.7 , Est Remaining: 220.7
195 283.1 , Est Remaining: 219.2
196 284.5 , Est Remaining: 217.7
197 285.9 , Est Remaining: 216.2
198 287.3 , Est Remaining: 214.7
199 288.7 , Est Remaining: 213.2
200 290.0 , Est Remaining: 211.7
201 291.4 , Est Remaining: 210.2
202 292.8 , Est Remaining: 208.7
203 294.2 , Est Remaining: 207.3
204 295.6 , Est Remaining: 205.8
205 297.0 , Est Remaining: 204.3
206 298.4 , Est Remaining: 202.8
207 299.8 , Est Remaining: 201.3
208 301.2 , Est Remaining: 199.8
EVENT FAILED
208 301.5 , Est Remaining: 200.0
209 302.9 , Est Remaining: 198.5
210 304.3 , Est Remaining: 197.1
211 305.7 , Est Remaining: 195.6
212 307.1 , Est Remaining: 194.1
213 308.5 , Est Remaining: 192.6
214 309.9 , Est Remaining: 191.1
215 311.3 , Est Remaining: 189.7
216 312.7 , Est Remaining: 188.2
217 314.1 , Est Remaining: 186.7
218 315.5 , Est Remaining: 185.2
219 316.9 , Est Remaining: 183.8
220 318.3 , Est Remaining: 182.3
221 319.7 , Est Remaining: 180.8
222 321.0 , Est Remaining: 179.3
EVENT FAILED
222 321.3 , Est Remaining: 179.5
223 322.7 , Est Remaining: 178.0
224 324.1 , Est Remaining: 176.5
225 325.5 , Est Remaining: 175.1
226 327.0 , Est Remaining: 173.6
227 328.3 , Est Remaining: 172.1
228 329.7 , Est Remaining: 170.7
229 331.1 , Est Remaining: 169.2
230 332.6 , Est Remaining: 167.7
231 333.9 , Est Remaining: 166.3
232 335.3 , Est Remaining: 164.8
233 336.7 , Est Remaining: 163.3
234 338.1 , Est Remaining: 161.8
235 339.5 , Est Remaining: 160.4
EVENT FAILED
235 339.8 , Est Remaining: 160.5
236 341.2 , Est Remaining: 159.1
237 342.6 , Est Remaining: 157.6
238 344.1 , Est Remaining: 156.1
239 345.5 , Est Remaining: 154.7
240 346.9 , Est Remaining: 153.2
241 348.3 , Est Remaining: 151.7
242 349.7 , Est Remaining: 150.3
243 351.1 , Est Remaining: 148.8
244 352.5 , Est Remaining: 147.4
245 354.0 , Est Remaining: 145.9
246 355.4 , Est Remaining: 144.5
EVENT FAILED
246 356.5 , Est Remaining: 144.9
247 357.9 , Est Remaining: 143.5
248 359.4 , Est Remaining: 142.0
249 360.8 , Est Remaining: 140.6
250 362.3 , Est Remaining: 139.1
251 363.7 , Est Remaining: 137.7
252 365.2 , Est Remaining: 136.2
253 366.7 , Est Remaining: 134.8
254 368.2 , Est Remaining: 133.3
255 369.6 , Est Remaining: 131.9
256 371.1 , Est Remaining: 130.5
257 372.6 , Est Remaining: 129.0
258 374.0 , Est Remaining: 127.6
259 375.5 , Est Remaining: 126.1
260 377.0 , Est Remaining: 124.7
261 378.4 , Est Remaining: 123.2
262 379.9 , Est Remaining: 121.8
263 381.4 , Est Remaining: 120.4
264 382.9 , Est Remaining: 118.9
265 384.3 , Est Remaining: 117.5
266 385.8 , Est Remaining: 116.0
267 387.3 , Est Remaining: 114.6
268 388.8 , Est Remaining: 113.2
269 390.2 , Est Remaining: 111.7
270 391.7 , Est Remaining: 110.3
271 393.2 , Est Remaining: 108.8
272 394.6 , Est Remaining: 107.4
273 396.1 , Est Remaining: 105.9
274 397.6 , Est Remaining: 104.5
275 399.0 , Est Remaining: 103.0
276 400.5 , Est Remaining: 101.6
277 402.0 , Est Remaining: 100.1
278 403.4 , Est Remaining: 98.7
279 404.9 , Est Remaining: 97.2
280 406.4 , Est Remaining: 95.8
281 407.9 , Est Remaining: 94.3
282 409.3 , Est Remaining: 92.9
283 410.8 , Est Remaining: 91.4
284 412.2 , Est Remaining: 90.0
285 413.7 , Est Remaining: 88.5
286 415.1 , Est Remaining: 87.1
287 416.5 , Est Remaining: 85.6
288 418.0 , Est Remaining: 84.2
289 419.4 , Est Remaining: 82.7
290 420.8 , Est Remaining: 81.3
291 422.3 , Est Remaining: 79.8
292 423.7 , Est Remaining: 78.4
293 425.1 , Est Remaining: 76.9
294 426.5 , Est Remaining: 75.4
295 428.0 , Est Remaining: 74.0
296 429.4 , Est Remaining: 72.5
297 430.8 , Est Remaining: 71.1
298 432.2 , Est Remaining: 69.6
299 433.7 , Est Remaining: 68.2
300 435.1 , Est Remaining: 66.7
301 436.5 , Est Remaining: 65.3
302 438.1 , Est Remaining: 63.8
EVENT FAILED
302 438.4 , Est Remaining: 63.9
303 439.8 , Est Remaining: 62.4
304 441.2 , Est Remaining: 61.0
EVENT FAILED
304 441.5 , Est Remaining: 61.0
305 443.0 , Est Remaining: 59.5
306 444.4 , Est Remaining: 58.1
307 445.8 , Est Remaining: 56.6
308 447.2 , Est Remaining: 55.2
309 448.9 , Est Remaining: 53.8
310 450.3 , Est Remaining: 52.3
311 451.8 , Est Remaining: 50.8
312 453.2 , Est Remaining: 49.4
313 454.6 , Est Remaining: 47.9
314 456.0 , Est Remaining: 46.5
315 457.4 , Est Remaining: 45.0
EVENT FAILED
315 457.7 , Est Remaining: 45.0
316 459.1 , Est Remaining: 43.6
317 460.5 , Est Remaining: 42.1
318 461.8 , Est Remaining: 40.7
319 463.2 , Est Remaining: 39.2
320 464.6 , Est Remaining: 37.7
321 465.9 , Est Remaining: 36.3
322 467.3 , Est Remaining: 34.8
323 468.7 , Est Remaining: 33.4
324 470.1 , Est Remaining: 31.9
325 471.5 , Est Remaining: 30.5
326 472.8 , Est Remaining: 29.0
327 474.2 , Est Remaining: 27.6
328 475.5 , Est Remaining: 26.1
