Note: NumExpr detected 32 cores but "NUMEXPR_MAX_THREADS" not set, so enforcing safe limit of 8.
Using selector: EpollSelector
/n/home02/jhaefner/miniconda/envs/IC-3.7-2020-06-16/lib/python3.7/site-packages/scipy/optimize/minpack.py:808: OptimizeWarning: Covariance of the parameters could not be estimated
  category=OptimizeWarning)
Total rwfs: 346
0 0.0 , Est Remaining: 999999.9
1 1.3 , Est Remaining: 461.7
2 2.7 , Est Remaining: 463.3
3 4.1 , Est Remaining: 463.5
4 5.4 , Est Remaining: 461.0
5 6.7 , Est Remaining: 459.3
6 8.1 , Est Remaining: 458.3
7 9.4 , Est Remaining: 456.4
8 10.8 , Est Remaining: 454.9
9 12.1 , Est Remaining: 452.3
10 13.4 , Est Remaining: 450.9
11 14.8 , Est Remaining: 449.4
12 16.1 , Est Remaining: 448.7
13 17.5 , Est Remaining: 447.3
14 18.7 , Est Remaining: 442.6
15 20.0 , Est Remaining: 440.8
16 21.3 , Est Remaining: 439.4
17 22.6 , Est Remaining: 437.8
18 23.9 , Est Remaining: 436.3
19 25.3 , Est Remaining: 434.7
20 26.6 , Est Remaining: 433.1
21 27.9 , Est Remaining: 431.6
22 29.2 , Est Remaining: 430.3
23 30.5 , Est Remaining: 428.9
EVENT FAILED
23 30.8 , Est Remaining: 433.0
24 32.2 , Est Remaining: 431.7
25 33.5 , Est Remaining: 430.3
26 34.8 , Est Remaining: 428.9
27 36.2 , Est Remaining: 427.4
28 37.5 , Est Remaining: 425.9
29 38.8 , Est Remaining: 424.5
30 40.2 , Est Remaining: 423.1
31 41.5 , Est Remaining: 421.7
32 42.8 , Est Remaining: 420.3
33 44.2 , Est Remaining: 419.1
EVENT FAILED
33 45.1 , Est Remaining: 427.9
34 46.5 , Est Remaining: 426.3
35 47.8 , Est Remaining: 424.5
36 49.1 , Est Remaining: 423.1
37 50.5 , Est Remaining: 421.4
38 51.8 , Est Remaining: 419.7
39 53.1 , Est Remaining: 418.0
40 54.4 , Est Remaining: 416.4
41 55.8 , Est Remaining: 414.7
42 57.1 , Est Remaining: 413.2
43 58.4 , Est Remaining: 411.6
44 59.7 , Est Remaining: 410.0
45 61.1 , Est Remaining: 408.4
EVENT FAILED
45 61.4 , Est Remaining: 410.4
46 62.7 , Est Remaining: 408.8
47 64.0 , Est Remaining: 407.2
48 65.3 , Est Remaining: 405.7
49 66.7 , Est Remaining: 404.2
50 68.0 , Est Remaining: 402.7
51 69.4 , Est Remaining: 401.3
52 70.7 , Est Remaining: 399.7
53 72.0 , Est Remaining: 398.2
54 73.4 , Est Remaining: 396.8
55 74.7 , Est Remaining: 395.4
56 76.1 , Est Remaining: 393.9
57 77.4 , Est Remaining: 392.6
58 78.8 , Est Remaining: 391.1
59 80.1 , Est Remaining: 389.5
60 81.4 , Est Remaining: 388.0
61 82.7 , Est Remaining: 386.6
62 84.1 , Est Remaining: 385.1
63 85.4 , Est Remaining: 383.6
64 86.7 , Est Remaining: 382.1
65 88.1 , Est Remaining: 380.7
66 89.4 , Est Remaining: 379.2
67 90.7 , Est Remaining: 377.7
68 92.0 , Est Remaining: 376.2
69 93.4 , Est Remaining: 374.9
EVENT FAILED
69 93.7 , Est Remaining: 376.2
70 95.1 , Est Remaining: 374.8
71 96.4 , Est Remaining: 373.3
EVENT FAILED
71 96.7 , Est Remaining: 374.5
72 98.0 , Est Remaining: 373.0
73 99.3 , Est Remaining: 371.5
74 100.7 , Est Remaining: 370.0
75 102.0 , Est Remaining: 368.5
76 103.3 , Est Remaining: 367.1
77 104.7 , Est Remaining: 365.6
78 106.0 , Est Remaining: 364.1
79 107.3 , Est Remaining: 362.7
80 108.6 , Est Remaining: 361.3
81 110.0 , Est Remaining: 359.8
82 111.3 , Est Remaining: 358.4
83 112.6 , Est Remaining: 356.9
84 114.0 , Est Remaining: 355.5
85 115.3 , Est Remaining: 354.1
86 116.6 , Est Remaining: 352.7
87 118.0 , Est Remaining: 351.2
88 119.3 , Est Remaining: 349.8
89 120.6 , Est Remaining: 348.3
90 122.0 , Est Remaining: 346.9
91 123.3 , Est Remaining: 345.5
92 124.6 , Est Remaining: 344.1
93 126.0 , Est Remaining: 342.7
94 127.3 , Est Remaining: 341.2
95 128.6 , Est Remaining: 339.8
96 129.9 , Est Remaining: 338.4
97 131.3 , Est Remaining: 337.0
98 132.6 , Est Remaining: 335.6
99 133.9 , Est Remaining: 334.2
100 135.3 , Est Remaining: 332.8
101 136.6 , Est Remaining: 331.4
102 137.9 , Est Remaining: 329.9
103 139.3 , Est Remaining: 328.7
104 140.7 , Est Remaining: 327.3
105 142.0 , Est Remaining: 325.9
106 143.3 , Est Remaining: 324.5
107 144.7 , Est Remaining: 323.1
108 146.0 , Est Remaining: 321.7
109 147.3 , Est Remaining: 320.4
110 148.6 , Est Remaining: 318.7
111 149.9 , Est Remaining: 317.3
112 151.2 , Est Remaining: 316.0
113 152.6 , Est Remaining: 314.6
114 153.9 , Est Remaining: 313.2
115 155.2 , Est Remaining: 311.8
116 156.6 , Est Remaining: 310.4
117 157.9 , Est Remaining: 309.0
118 159.2 , Est Remaining: 307.6
119 160.5 , Est Remaining: 306.2
120 161.9 , Est Remaining: 304.8
121 163.2 , Est Remaining: 303.5
122 164.5 , Est Remaining: 302.1
123 165.9 , Est Remaining: 300.7
124 167.2 , Est Remaining: 299.4
125 168.5 , Est Remaining: 298.0
126 169.9 , Est Remaining: 296.6
127 171.2 , Est Remaining: 295.2
128 172.5 , Est Remaining: 293.9
129 173.9 , Est Remaining: 292.5
130 175.2 , Est Remaining: 291.1
131 176.5 , Est Remaining: 289.8
132 177.9 , Est Remaining: 288.4
133 179.2 , Est Remaining: 287.0
134 180.6 , Est Remaining: 285.7
135 181.9 , Est Remaining: 284.3
136 183.3 , Est Remaining: 283.0
137 184.6 , Est Remaining: 281.6
138 185.9 , Est Remaining: 280.2
139 187.2 , Est Remaining: 278.8
140 188.6 , Est Remaining: 277.4
141 189.9 , Est Remaining: 276.1
142 191.2 , Est Remaining: 274.7
143 192.5 , Est Remaining: 273.3
144 193.9 , Est Remaining: 272.0
145 195.2 , Est Remaining: 270.6
146 196.5 , Est Remaining: 269.2
147 197.9 , Est Remaining: 267.8
148 199.2 , Est Remaining: 266.5
149 200.5 , Est Remaining: 265.1
150 201.8 , Est Remaining: 263.7
151 203.2 , Est Remaining: 262.4
152 204.5 , Est Remaining: 261.0
153 205.8 , Est Remaining: 259.7
154 207.2 , Est Remaining: 258.3
155 208.5 , Est Remaining: 256.9
156 209.8 , Est Remaining: 255.6
157 211.2 , Est Remaining: 254.2
158 212.5 , Est Remaining: 252.8
159 213.8 , Est Remaining: 251.4
160 215.1 , Est Remaining: 250.1
161 216.5 , Est Remaining: 248.7
162 217.8 , Est Remaining: 247.4
163 219.2 , Est Remaining: 246.0
164 220.5 , Est Remaining: 244.7
165 221.8 , Est Remaining: 243.3
166 223.2 , Est Remaining: 242.0
167 224.5 , Est Remaining: 240.7
168 225.9 , Est Remaining: 239.3
169 227.2 , Est Remaining: 238.0
170 228.5 , Est Remaining: 236.6
EVENT FAILED
170 228.8 , Est Remaining: 236.9
171 230.2 , Est Remaining: 235.5
172 231.5 , Est Remaining: 234.2
173 232.8 , Est Remaining: 232.8
174 234.1 , Est Remaining: 231.4
175 235.5 , Est Remaining: 230.1
176 236.8 , Est Remaining: 228.7
177 238.1 , Est Remaining: 227.3
178 239.4 , Est Remaining: 226.0
179 240.8 , Est Remaining: 224.6
180 242.1 , Est Remaining: 223.3
EVENT FAILED
180 242.4 , Est Remaining: 223.6
181 243.7 , Est Remaining: 222.2
182 245.1 , Est Remaining: 220.8
183 246.4 , Est Remaining: 219.5
184 247.7 , Est Remaining: 218.1
185 249.0 , Est Remaining: 216.7
186 250.4 , Est Remaining: 215.4
187 251.7 , Est Remaining: 214.0
188 253.0 , Est Remaining: 212.7
EVENT FAILED
188 253.3 , Est Remaining: 212.9
189 254.7 , Est Remaining: 211.5
190 256.0 , Est Remaining: 210.2
191 257.3 , Est Remaining: 208.8
192 258.6 , Est Remaining: 207.5
193 260.0 , Est Remaining: 206.1
194 261.3 , Est Remaining: 204.7
195 262.6 , Est Remaining: 203.4
196 264.0 , Est Remaining: 202.0
197 265.3 , Est Remaining: 200.7
198 266.6 , Est Remaining: 199.3
199 268.0 , Est Remaining: 197.9
200 269.2 , Est Remaining: 196.5
201 270.6 , Est Remaining: 195.2
202 271.9 , Est Remaining: 193.8
203 273.3 , Est Remaining: 192.5
204 274.7 , Est Remaining: 191.2
205 276.0 , Est Remaining: 189.8
206 277.4 , Est Remaining: 188.5
207 278.7 , Est Remaining: 187.1
208 280.0 , Est Remaining: 185.8
209 281.4 , Est Remaining: 184.4
210 282.7 , Est Remaining: 183.1
211 284.1 , Est Remaining: 181.7
212 285.4 , Est Remaining: 180.4
213 286.7 , Est Remaining: 179.0
214 288.1 , Est Remaining: 177.7
215 289.4 , Est Remaining: 176.3
216 290.7 , Est Remaining: 175.0
217 292.1 , Est Remaining: 173.6
218 293.4 , Est Remaining: 172.3
219 294.7 , Est Remaining: 170.9
220 296.0 , Est Remaining: 169.5
221 297.4 , Est Remaining: 168.2
222 298.7 , Est Remaining: 166.8
223 300.0 , Est Remaining: 165.5
224 301.4 , Est Remaining: 164.2
225 302.7 , Est Remaining: 162.8
226 304.1 , Est Remaining: 161.5
227 305.4 , Est Remaining: 160.1
228 306.7 , Est Remaining: 158.7
229 308.0 , Est Remaining: 157.4
230 309.3 , Est Remaining: 156.0
231 310.7 , Est Remaining: 154.7
232 312.0 , Est Remaining: 153.3
233 313.3 , Est Remaining: 152.0
234 314.7 , Est Remaining: 150.6
EVENT FAILED
234 315.0 , Est Remaining: 150.7
235 316.3 , Est Remaining: 149.4
236 317.6 , Est Remaining: 148.0
237 318.9 , Est Remaining: 146.7
238 320.2 , Est Remaining: 145.3
239 321.5 , Est Remaining: 144.0
240 322.9 , Est Remaining: 142.6
241 324.2 , Est Remaining: 141.3
242 325.5 , Est Remaining: 139.9
243 326.9 , Est Remaining: 138.6
244 328.2 , Est Remaining: 137.2
245 329.6 , Est Remaining: 135.9
246 330.9 , Est Remaining: 134.5
247 332.2 , Est Remaining: 133.1
248 333.5 , Est Remaining: 131.8
249 334.9 , Est Remaining: 130.5
250 336.2 , Est Remaining: 129.1
251 337.5 , Est Remaining: 127.8
252 338.9 , Est Remaining: 126.4
253 340.2 , Est Remaining: 125.1
254 341.6 , Est Remaining: 123.7
255 342.9 , Est Remaining: 122.4
256 344.2 , Est Remaining: 121.0
257 345.6 , Est Remaining: 119.7
EVENT FAILED
257 345.9 , Est Remaining: 119.8
258 347.2 , Est Remaining: 118.4
259 348.5 , Est Remaining: 117.1
260 349.9 , Est Remaining: 115.7
261 351.2 , Est Remaining: 114.4
262 352.5 , Est Remaining: 113.0
263 353.9 , Est Remaining: 111.7
264 355.2 , Est Remaining: 110.3
265 356.5 , Est Remaining: 109.0
266 357.9 , Est Remaining: 107.6
267 359.2 , Est Remaining: 106.3
268 360.6 , Est Remaining: 104.9
269 361.9 , Est Remaining: 103.6
270 363.2 , Est Remaining: 102.2
271 364.6 , Est Remaining: 100.9
272 365.9 , Est Remaining: 99.5
273 367.2 , Est Remaining: 98.2
274 368.6 , Est Remaining: 96.8
275 369.9 , Est Remaining: 95.5
276 371.2 , Est Remaining: 94.1
277 372.5 , Est Remaining: 92.8
278 373.8 , Est Remaining: 91.4
279 375.1 , Est Remaining: 90.1
280 376.4 , Est Remaining: 88.7
281 377.7 , Est Remaining: 87.4
EVENT FAILED
281 378.0 , Est Remaining: 87.4
282 379.3 , Est Remaining: 86.1
283 380.6 , Est Remaining: 84.7
EVENT FAILED
283 380.9 , Est Remaining: 84.8
284 382.2 , Est Remaining: 83.4
285 383.5 , Est Remaining: 82.1
286 384.8 , Est Remaining: 80.7
287 386.1 , Est Remaining: 79.4
288 387.4 , Est Remaining: 78.0
289 388.7 , Est Remaining: 76.7
290 389.9 , Est Remaining: 75.3
291 391.2 , Est Remaining: 73.9
292 392.5 , Est Remaining: 72.6
293 393.8 , Est Remaining: 71.2
294 395.1 , Est Remaining: 69.9
295 396.4 , Est Remaining: 68.5
296 397.7 , Est Remaining: 67.2
297 399.0 , Est Remaining: 65.8
298 400.3 , Est Remaining: 64.5
299 401.6 , Est Remaining: 63.1
300 402.9 , Est Remaining: 61.8
301 404.2 , Est Remaining: 60.4
302 405.6 , Est Remaining: 59.1
303 406.9 , Est Remaining: 57.7
304 408.2 , Est Remaining: 56.4
305 409.5 , Est Remaining: 55.0
EVENT FAILED
305 409.8 , Est Remaining: 55.1
306 411.1 , Est Remaining: 53.7
307 412.4 , Est Remaining: 52.4
308 413.7 , Est Remaining: 51.0
309 415.0 , Est Remaining: 49.7
310 416.3 , Est Remaining: 48.3
311 417.6 , Est Remaining: 47.0
312 418.9 , Est Remaining: 45.6
313 420.2 , Est Remaining: 44.3
314 421.5 , Est Remaining: 43.0
315 422.8 , Est Remaining: 41.6
316 424.1 , Est Remaining: 40.3
317 425.4 , Est Remaining: 38.9
EVENT FAILED
317 425.7 , Est Remaining: 38.9
318 427.0 , Est Remaining: 37.6
319 428.3 , Est Remaining: 36.2
320 429.6 , Est Remaining: 34.9
321 430.9 , Est Remaining: 33.6
322 432.2 , Est Remaining: 32.2
323 433.5 , Est Remaining: 30.9
324 434.8 , Est Remaining: 29.5
325 436.1 , Est Remaining: 28.2
326 437.4 , Est Remaining: 26.8
327 438.7 , Est Remaining: 25.5
328 440.0 , Est Remaining: 24.1
329 441.3 , Est Remaining: 22.8
330 442.6 , Est Remaining: 21.5
331 443.9 , Est Remaining: 20.1
