Note: NumExpr detected 32 cores but "NUMEXPR_MAX_THREADS" not set, so enforcing safe limit of 8.
Using selector: EpollSelector
/n/home02/jhaefner/miniconda/envs/IC-3.7-2020-06-16/lib/python3.7/site-packages/scipy/optimize/minpack.py:808: OptimizeWarning: Covariance of the parameters could not be estimated
  category=OptimizeWarning)
Total rwfs: 346
0 0.0 , Est Remaining: 999999.9
1 1.4 , Est Remaining: 472.1
2 2.7 , Est Remaining: 470.1
3 4.1 , Est Remaining: 469.3
4 5.5 , Est Remaining: 468.2
5 6.8 , Est Remaining: 464.9
6 8.2 , Est Remaining: 462.9
7 9.5 , Est Remaining: 460.7
8 10.9 , Est Remaining: 459.1
9 12.2 , Est Remaining: 457.0
10 13.6 , Est Remaining: 455.4
11 14.9 , Est Remaining: 453.2
12 16.2 , Est Remaining: 451.4
13 17.5 , Est Remaining: 449.4
14 18.9 , Est Remaining: 447.4
15 20.2 , Est Remaining: 445.7
16 21.5 , Est Remaining: 444.2
17 22.9 , Est Remaining: 442.6
18 24.2 , Est Remaining: 440.7
19 25.5 , Est Remaining: 439.0
20 26.8 , Est Remaining: 437.1
21 28.1 , Est Remaining: 435.5
22 29.5 , Est Remaining: 433.8
23 30.8 , Est Remaining: 432.2
24 32.1 , Est Remaining: 430.6
EVENT FAILED
24 32.4 , Est Remaining: 434.5
25 33.7 , Est Remaining: 432.8
26 35.0 , Est Remaining: 431.2
27 36.4 , Est Remaining: 429.6
28 37.7 , Est Remaining: 428.3
29 39.0 , Est Remaining: 426.8
30 40.4 , Est Remaining: 425.3
EVENT FAILED
30 40.7 , Est Remaining: 428.4
31 42.0 , Est Remaining: 426.7
32 43.3 , Est Remaining: 425.0
33 44.6 , Est Remaining: 423.4
34 46.0 , Est Remaining: 421.8
35 47.3 , Est Remaining: 420.3
36 48.6 , Est Remaining: 418.7
37 49.9 , Est Remaining: 417.1
38 51.3 , Est Remaining: 415.7
39 52.6 , Est Remaining: 414.1
40 53.9 , Est Remaining: 412.6
41 55.3 , Est Remaining: 411.0
42 56.6 , Est Remaining: 409.5
43 57.9 , Est Remaining: 408.0
44 59.2 , Est Remaining: 406.6
45 60.6 , Est Remaining: 405.1
46 61.9 , Est Remaining: 403.7
47 63.2 , Est Remaining: 402.2
EVENT FAILED
47 63.5 , Est Remaining: 404.0
48 64.8 , Est Remaining: 402.5
49 66.1 , Est Remaining: 400.9
50 67.5 , Est Remaining: 399.4
EVENT FAILED
50 67.8 , Est Remaining: 401.1
51 69.1 , Est Remaining: 399.6
EVENT FAILED
51 69.6 , Est Remaining: 402.4
52 70.9 , Est Remaining: 400.8
53 72.2 , Est Remaining: 399.2
54 73.5 , Est Remaining: 397.6
55 74.9 , Est Remaining: 396.1
56 76.2 , Est Remaining: 394.5
57 77.5 , Est Remaining: 393.0
58 78.8 , Est Remaining: 391.5
59 80.2 , Est Remaining: 390.0
60 81.5 , Est Remaining: 388.5
61 82.9 , Est Remaining: 387.2
62 84.2 , Est Remaining: 385.7
63 85.5 , Est Remaining: 384.2
64 86.9 , Est Remaining: 382.7
65 88.2 , Est Remaining: 381.2
66 89.5 , Est Remaining: 379.7
67 90.8 , Est Remaining: 378.2
68 92.2 , Est Remaining: 376.7
69 93.5 , Est Remaining: 375.3
EVENT FAILED
69 93.8 , Est Remaining: 376.4
70 95.1 , Est Remaining: 375.0
71 96.4 , Est Remaining: 373.5
72 97.7 , Est Remaining: 372.0
EVENT FAILED
72 98.0 , Est Remaining: 373.1
73 99.4 , Est Remaining: 371.6
74 100.7 , Est Remaining: 370.1
75 102.0 , Est Remaining: 368.6
76 103.3 , Est Remaining: 367.1
77 104.7 , Est Remaining: 365.7
78 106.0 , Est Remaining: 364.2
79 107.3 , Est Remaining: 362.6
80 108.6 , Est Remaining: 361.2
81 110.0 , Est Remaining: 359.8
82 111.3 , Est Remaining: 358.3
83 112.6 , Est Remaining: 356.9
84 114.0 , Est Remaining: 355.4
85 115.3 , Est Remaining: 354.0
86 116.6 , Est Remaining: 352.5
87 117.9 , Est Remaining: 351.1
88 119.3 , Est Remaining: 349.6
89 120.6 , Est Remaining: 348.2
90 121.9 , Est Remaining: 346.7
91 123.2 , Est Remaining: 345.3
EVENT FAILED
91 123.5 , Est Remaining: 346.1
92 124.8 , Est Remaining: 344.7
93 126.2 , Est Remaining: 343.2
94 127.5 , Est Remaining: 341.7
EVENT FAILED
94 127.8 , Est Remaining: 342.5
95 129.1 , Est Remaining: 341.1
96 130.4 , Est Remaining: 339.7
97 131.8 , Est Remaining: 338.2
98 133.1 , Est Remaining: 336.8
99 134.4 , Est Remaining: 335.4
100 135.7 , Est Remaining: 333.9
101 137.1 , Est Remaining: 332.5
102 138.4 , Est Remaining: 331.0
103 139.8 , Est Remaining: 329.7
104 141.1 , Est Remaining: 328.3
105 142.4 , Est Remaining: 326.8
106 143.7 , Est Remaining: 325.4
107 145.0 , Est Remaining: 324.0
108 146.4 , Est Remaining: 322.5
109 147.7 , Est Remaining: 321.1
110 149.0 , Est Remaining: 319.7
111 150.3 , Est Remaining: 318.3
112 151.7 , Est Remaining: 316.8
113 153.0 , Est Remaining: 315.4
114 154.3 , Est Remaining: 314.0
115 155.6 , Est Remaining: 312.6
116 156.9 , Est Remaining: 311.1
117 158.2 , Est Remaining: 309.7
118 159.5 , Est Remaining: 308.3
119 160.9 , Est Remaining: 306.8
120 162.1 , Est Remaining: 305.2
121 163.4 , Est Remaining: 303.8
122 164.7 , Est Remaining: 302.4
123 166.0 , Est Remaining: 301.0
124 167.3 , Est Remaining: 299.6
125 168.7 , Est Remaining: 298.2
126 170.0 , Est Remaining: 296.8
127 171.3 , Est Remaining: 295.4
128 172.6 , Est Remaining: 294.0
129 174.0 , Est Remaining: 292.6
130 175.3 , Est Remaining: 291.3
131 176.6 , Est Remaining: 289.9
132 177.9 , Est Remaining: 288.5
133 179.3 , Est Remaining: 287.1
134 180.6 , Est Remaining: 285.7
135 181.9 , Est Remaining: 284.3
136 183.2 , Est Remaining: 282.9
137 184.5 , Est Remaining: 281.5
138 185.8 , Est Remaining: 280.1
139 187.1 , Est Remaining: 278.7
140 188.4 , Est Remaining: 277.3
141 189.7 , Est Remaining: 275.9
142 191.1 , Est Remaining: 274.5
143 192.4 , Est Remaining: 273.1
144 193.7 , Est Remaining: 271.7
145 195.0 , Est Remaining: 270.3
146 196.3 , Est Remaining: 268.9
147 197.6 , Est Remaining: 267.5
148 198.9 , Est Remaining: 266.1
149 200.2 , Est Remaining: 264.7
150 201.6 , Est Remaining: 263.4
151 202.9 , Est Remaining: 262.0
152 204.2 , Est Remaining: 260.6
153 205.5 , Est Remaining: 259.2
154 206.8 , Est Remaining: 257.9
155 208.2 , Est Remaining: 256.5
156 209.5 , Est Remaining: 255.1
157 210.8 , Est Remaining: 253.8
158 212.1 , Est Remaining: 252.4
159 213.4 , Est Remaining: 251.0
160 214.8 , Est Remaining: 249.7
161 216.1 , Est Remaining: 248.3
162 217.4 , Est Remaining: 246.9
163 218.7 , Est Remaining: 245.5
164 220.0 , Est Remaining: 244.2
EVENT FAILED
164 220.3 , Est Remaining: 244.5
165 221.6 , Est Remaining: 243.1
166 223.0 , Est Remaining: 241.8
167 224.3 , Est Remaining: 240.4
168 225.6 , Est Remaining: 239.0
169 226.9 , Est Remaining: 237.7
170 228.3 , Est Remaining: 236.3
171 229.6 , Est Remaining: 235.0
172 230.9 , Est Remaining: 233.6
173 232.3 , Est Remaining: 232.3
174 233.6 , Est Remaining: 230.9
175 235.0 , Est Remaining: 229.6
176 236.3 , Est Remaining: 228.3
177 237.7 , Est Remaining: 227.0
178 239.0 , Est Remaining: 225.6
179 240.4 , Est Remaining: 224.3
180 241.7 , Est Remaining: 222.9
EVENT FAILED
180 242.0 , Est Remaining: 223.2
181 243.4 , Est Remaining: 221.9
182 244.7 , Est Remaining: 220.5
183 246.0 , Est Remaining: 219.1
184 247.4 , Est Remaining: 217.8
185 248.7 , Est Remaining: 216.5
186 250.1 , Est Remaining: 215.1
187 251.4 , Est Remaining: 213.8
188 252.7 , Est Remaining: 212.4
189 254.1 , Est Remaining: 211.1
190 255.4 , Est Remaining: 209.7
191 256.8 , Est Remaining: 208.4
192 258.1 , Est Remaining: 207.0
193 259.4 , Est Remaining: 205.7
194 260.8 , Est Remaining: 204.3
195 262.1 , Est Remaining: 203.0
EVENT FAILED
195 262.5 , Est Remaining: 203.2
196 263.8 , Est Remaining: 201.9
197 265.1 , Est Remaining: 200.5
198 266.5 , Est Remaining: 199.2
199 267.8 , Est Remaining: 197.8
200 269.1 , Est Remaining: 196.5
201 270.5 , Est Remaining: 195.1
202 271.8 , Est Remaining: 193.8
203 273.3 , Est Remaining: 192.5
204 274.6 , Est Remaining: 191.1
205 275.9 , Est Remaining: 189.8
206 277.3 , Est Remaining: 188.4
207 278.6 , Est Remaining: 187.1
208 280.0 , Est Remaining: 185.7
209 281.3 , Est Remaining: 184.4
210 282.6 , Est Remaining: 183.0
211 284.0 , Est Remaining: 181.7
212 285.3 , Est Remaining: 180.3
213 286.7 , Est Remaining: 179.0
214 288.0 , Est Remaining: 177.6
215 289.3 , Est Remaining: 176.3
216 290.7 , Est Remaining: 174.9
EVENT FAILED
216 291.0 , Est Remaining: 175.1
217 292.3 , Est Remaining: 173.8
218 293.7 , Est Remaining: 172.4
EVENT FAILED
218 294.0 , Est Remaining: 172.6
219 295.3 , Est Remaining: 171.3
220 296.6 , Est Remaining: 169.9
221 298.0 , Est Remaining: 168.5
222 299.3 , Est Remaining: 167.2
223 300.7 , Est Remaining: 165.8
224 302.0 , Est Remaining: 164.5
225 303.4 , Est Remaining: 163.1
226 304.7 , Est Remaining: 161.8
227 306.1 , Est Remaining: 160.4
228 307.3 , Est Remaining: 159.0
229 308.6 , Est Remaining: 157.7
230 310.0 , Est Remaining: 156.3
231 311.3 , Est Remaining: 155.0
232 312.6 , Est Remaining: 153.6
EVENT FAILED
232 313.3 , Est Remaining: 154.0
233 314.7 , Est Remaining: 152.6
EVENT FAILED
233 315.0 , Est Remaining: 152.8
234 316.3 , Est Remaining: 151.4
235 317.7 , Est Remaining: 150.1
236 319.0 , Est Remaining: 148.7
237 320.3 , Est Remaining: 147.3
238 321.7 , Est Remaining: 146.0
239 322.9 , Est Remaining: 144.6
240 324.3 , Est Remaining: 143.2
241 325.6 , Est Remaining: 141.9
242 327.0 , Est Remaining: 140.5
243 328.3 , Est Remaining: 139.2
244 329.6 , Est Remaining: 137.8
245 331.0 , Est Remaining: 136.4
246 332.3 , Est Remaining: 135.1
247 333.7 , Est Remaining: 133.7
248 335.0 , Est Remaining: 132.4
249 336.3 , Est Remaining: 131.0
250 337.7 , Est Remaining: 129.7
251 339.0 , Est Remaining: 128.3
252 340.4 , Est Remaining: 127.0
253 341.7 , Est Remaining: 125.6
254 343.0 , Est Remaining: 124.2
255 344.4 , Est Remaining: 122.9
256 345.7 , Est Remaining: 121.5
257 347.0 , Est Remaining: 120.2
258 348.4 , Est Remaining: 118.8
259 349.7 , Est Remaining: 117.5
260 351.0 , Est Remaining: 116.1
261 352.4 , Est Remaining: 114.8
262 353.7 , Est Remaining: 113.4
263 355.1 , Est Remaining: 112.1
264 356.4 , Est Remaining: 110.7
265 357.7 , Est Remaining: 109.3
266 359.1 , Est Remaining: 108.0
267 360.4 , Est Remaining: 106.6
268 361.7 , Est Remaining: 105.3
269 363.1 , Est Remaining: 103.9
270 364.4 , Est Remaining: 102.6
271 365.7 , Est Remaining: 101.2
272 367.0 , Est Remaining: 99.9
EVENT FAILED
272 367.3 , Est Remaining: 99.9
273 368.6 , Est Remaining: 98.6
274 370.0 , Est Remaining: 97.2
275 371.3 , Est Remaining: 95.9
276 372.6 , Est Remaining: 94.5
277 373.9 , Est Remaining: 93.1
278 375.3 , Est Remaining: 91.8
279 376.6 , Est Remaining: 90.4
280 377.9 , Est Remaining: 89.1
281 379.2 , Est Remaining: 87.7
282 380.6 , Est Remaining: 86.4
283 381.9 , Est Remaining: 85.0
284 383.2 , Est Remaining: 83.7
285 384.5 , Est Remaining: 82.3
286 385.9 , Est Remaining: 81.0
287 387.2 , Est Remaining: 79.6
288 388.5 , Est Remaining: 78.2
289 389.8 , Est Remaining: 76.9
290 391.1 , Est Remaining: 75.5
291 392.5 , Est Remaining: 74.2
292 393.8 , Est Remaining: 72.8
293 395.1 , Est Remaining: 71.5
294 396.4 , Est Remaining: 70.1
295 397.8 , Est Remaining: 68.8
296 399.1 , Est Remaining: 67.4
297 400.4 , Est Remaining: 66.1
298 401.7 , Est Remaining: 64.7
299 403.0 , Est Remaining: 63.4
300 404.4 , Est Remaining: 62.0
EVENT FAILED
300 404.6 , Est Remaining: 62.0
301 406.0 , Est Remaining: 60.7
302 407.4 , Est Remaining: 59.4
303 408.8 , Est Remaining: 58.0
304 410.1 , Est Remaining: 56.7
305 411.4 , Est Remaining: 55.3
306 412.7 , Est Remaining: 53.9
307 414.0 , Est Remaining: 52.6
308 415.3 , Est Remaining: 51.2
EVENT FAILED
308 415.6 , Est Remaining: 51.3
309 416.9 , Est Remaining: 49.9
310 418.3 , Est Remaining: 48.6
311 419.5 , Est Remaining: 47.2
312 420.8 , Est Remaining: 45.9
313 422.1 , Est Remaining: 44.5
314 423.5 , Est Remaining: 43.2
315 424.8 , Est Remaining: 41.8
316 426.1 , Est Remaining: 40.5
317 427.4 , Est Remaining: 39.1
318 428.7 , Est Remaining: 37.8
319 430.1 , Est Remaining: 36.4
320 431.4 , Est Remaining: 35.0
321 432.7 , Est Remaining: 33.7
322 434.0 , Est Remaining: 32.3
323 435.3 , Est Remaining: 31.0
324 436.6 , Est Remaining: 29.6
325 438.0 , Est Remaining: 28.3
326 439.3 , Est Remaining: 27.0
