Note: NumExpr detected 32 cores but "NUMEXPR_MAX_THREADS" not set, so enforcing safe limit of 8.
Using selector: EpollSelector
/n/home02/jhaefner/miniconda/envs/IC-3.7-2020-06-16/lib/python3.7/site-packages/scipy/optimize/minpack.py:808: OptimizeWarning: Covariance of the parameters could not be estimated
  category=OptimizeWarning)
Total rwfs: 346
0 0.0 , Est Remaining: 999999.9
1 1.5 , Est Remaining: 504.9
2 2.9 , Est Remaining: 502.3
3 4.4 , Est Remaining: 503.1
4 5.8 , Est Remaining: 499.8
5 7.3 , Est Remaining: 496.2
6 8.7 , Est Remaining: 494.4
7 10.2 , Est Remaining: 491.9
8 11.6 , Est Remaining: 490.0
9 13.0 , Est Remaining: 487.9
EVENT FAILED
9 13.4 , Est Remaining: 500.2
10 14.8 , Est Remaining: 497.3
11 16.2 , Est Remaining: 494.9
12 17.7 , Est Remaining: 492.7
13 19.1 , Est Remaining: 490.3
14 20.6 , Est Remaining: 488.1
15 22.0 , Est Remaining: 485.7
16 23.4 , Est Remaining: 483.5
17 24.9 , Est Remaining: 481.2
18 26.3 , Est Remaining: 479.4
19 27.7 , Est Remaining: 477.5
20 29.2 , Est Remaining: 475.7
21 30.6 , Est Remaining: 473.8
22 32.0 , Est Remaining: 471.7
23 33.4 , Est Remaining: 469.7
24 34.9 , Est Remaining: 467.8
25 36.3 , Est Remaining: 465.6
26 37.7 , Est Remaining: 463.5
27 39.1 , Est Remaining: 461.4
28 40.5 , Est Remaining: 459.7
29 41.9 , Est Remaining: 457.7
30 43.3 , Est Remaining: 455.7
31 44.6 , Est Remaining: 453.6
32 46.0 , Est Remaining: 451.7
33 47.4 , Est Remaining: 450.0
34 48.8 , Est Remaining: 448.3
35 50.1 , Est Remaining: 445.4
36 51.5 , Est Remaining: 443.7
37 52.9 , Est Remaining: 441.7
38 54.3 , Est Remaining: 439.9
39 55.7 , Est Remaining: 438.1
40 57.0 , Est Remaining: 436.3
41 58.4 , Est Remaining: 434.7
42 59.8 , Est Remaining: 432.9
43 61.2 , Est Remaining: 431.2
44 62.6 , Est Remaining: 429.7
45 64.0 , Est Remaining: 427.9
46 65.3 , Est Remaining: 426.2
47 66.7 , Est Remaining: 424.4
48 68.1 , Est Remaining: 422.7
49 69.5 , Est Remaining: 421.0
50 70.8 , Est Remaining: 419.3
51 72.2 , Est Remaining: 417.5
52 73.5 , Est Remaining: 415.7
53 74.9 , Est Remaining: 413.9
EVENT FAILED
53 75.2 , Est Remaining: 415.6
54 76.5 , Est Remaining: 413.7
55 77.9 , Est Remaining: 412.0
56 79.2 , Est Remaining: 410.2
57 80.6 , Est Remaining: 408.6
58 82.0 , Est Remaining: 407.0
59 83.3 , Est Remaining: 405.3
60 84.7 , Est Remaining: 403.6
61 86.0 , Est Remaining: 402.0
62 87.4 , Est Remaining: 400.3
63 88.7 , Est Remaining: 398.6
64 90.1 , Est Remaining: 396.9
EVENT FAILED
64 90.4 , Est Remaining: 398.2
65 91.7 , Est Remaining: 396.4
66 93.0 , Est Remaining: 394.7
67 94.4 , Est Remaining: 393.1
68 95.7 , Est Remaining: 391.4
69 97.1 , Est Remaining: 389.7
70 98.4 , Est Remaining: 388.1
71 99.8 , Est Remaining: 386.5
72 101.1 , Est Remaining: 384.8
73 102.4 , Est Remaining: 383.1
74 103.8 , Est Remaining: 381.5
75 105.1 , Est Remaining: 379.9
76 106.5 , Est Remaining: 378.3
77 107.8 , Est Remaining: 376.7
78 109.2 , Est Remaining: 375.1
79 110.5 , Est Remaining: 373.6
80 111.9 , Est Remaining: 372.0
81 113.2 , Est Remaining: 370.5
82 114.6 , Est Remaining: 368.9
83 115.9 , Est Remaining: 367.4
84 117.3 , Est Remaining: 365.8
85 118.6 , Est Remaining: 364.3
86 120.0 , Est Remaining: 362.7
87 121.3 , Est Remaining: 361.2
88 122.7 , Est Remaining: 359.7
89 124.1 , Est Remaining: 358.2
90 125.4 , Est Remaining: 356.7
91 126.8 , Est Remaining: 355.3
92 128.2 , Est Remaining: 353.8
93 129.5 , Est Remaining: 352.4
94 130.9 , Est Remaining: 351.0
95 132.3 , Est Remaining: 349.6
96 133.7 , Est Remaining: 348.2
97 135.1 , Est Remaining: 346.8
98 136.5 , Est Remaining: 345.3
99 137.9 , Est Remaining: 344.0
100 139.3 , Est Remaining: 342.6
101 140.7 , Est Remaining: 341.2
102 142.1 , Est Remaining: 339.8
103 143.5 , Est Remaining: 338.6
104 144.9 , Est Remaining: 337.3
105 146.4 , Est Remaining: 335.9
106 147.8 , Est Remaining: 334.5
107 149.2 , Est Remaining: 333.2
108 150.6 , Est Remaining: 331.8
109 152.0 , Est Remaining: 330.5
110 153.4 , Est Remaining: 329.2
111 154.8 , Est Remaining: 327.8
112 156.2 , Est Remaining: 326.4
113 157.7 , Est Remaining: 325.1
114 159.1 , Est Remaining: 323.8
115 160.5 , Est Remaining: 322.4
116 161.9 , Est Remaining: 321.1
117 163.4 , Est Remaining: 319.8
118 164.8 , Est Remaining: 318.5
EVENT FAILED
118 165.1 , Est Remaining: 319.1
119 166.6 , Est Remaining: 317.8
120 168.0 , Est Remaining: 316.5
121 169.5 , Est Remaining: 315.2
122 170.9 , Est Remaining: 313.8
123 172.4 , Est Remaining: 312.6
124 173.9 , Est Remaining: 311.3
125 175.3 , Est Remaining: 310.0
126 176.8 , Est Remaining: 308.7
127 178.3 , Est Remaining: 307.4
128 179.7 , Est Remaining: 306.1
129 181.2 , Est Remaining: 304.8
130 182.6 , Est Remaining: 303.5
131 184.1 , Est Remaining: 302.1
132 185.6 , Est Remaining: 300.8
133 187.0 , Est Remaining: 299.5
134 188.4 , Est Remaining: 298.1
135 189.9 , Est Remaining: 296.8
136 191.4 , Est Remaining: 295.6
137 192.9 , Est Remaining: 294.3
138 194.4 , Est Remaining: 293.0
139 195.9 , Est Remaining: 291.7
140 197.3 , Est Remaining: 290.3
141 198.7 , Est Remaining: 288.9
EVENT FAILED
141 199.0 , Est Remaining: 289.4
142 200.5 , Est Remaining: 288.1
143 202.0 , Est Remaining: 286.7
144 203.4 , Est Remaining: 285.4
145 204.9 , Est Remaining: 284.0
146 206.3 , Est Remaining: 282.6
147 207.8 , Est Remaining: 281.3
148 209.2 , Est Remaining: 279.9
149 210.7 , Est Remaining: 278.6
150 212.1 , Est Remaining: 277.2
EVENT FAILED
150 212.4 , Est Remaining: 277.6
151 213.9 , Est Remaining: 276.2
152 215.4 , Est Remaining: 274.9
153 216.8 , Est Remaining: 273.5
154 218.3 , Est Remaining: 272.2
155 219.8 , Est Remaining: 270.8
156 221.2 , Est Remaining: 269.4
157 222.7 , Est Remaining: 268.1
158 224.1 , Est Remaining: 266.7
159 225.6 , Est Remaining: 265.3
160 227.0 , Est Remaining: 263.9
161 228.5 , Est Remaining: 262.5
EVENT FAILED
161 228.8 , Est Remaining: 262.9
162 230.2 , Est Remaining: 261.5
163 231.7 , Est Remaining: 260.1
164 233.1 , Est Remaining: 258.7
165 234.6 , Est Remaining: 257.4
166 236.1 , Est Remaining: 256.0
167 237.5 , Est Remaining: 254.6
168 239.0 , Est Remaining: 253.2
169 240.4 , Est Remaining: 251.8
170 241.9 , Est Remaining: 250.4
171 243.3 , Est Remaining: 249.0
172 244.8 , Est Remaining: 247.6
173 246.2 , Est Remaining: 246.2
174 247.7 , Est Remaining: 244.8
175 249.1 , Est Remaining: 243.4
176 250.6 , Est Remaining: 242.0
177 252.0 , Est Remaining: 240.6
178 253.5 , Est Remaining: 239.2
179 254.9 , Est Remaining: 237.8
180 256.3 , Est Remaining: 236.4
181 257.8 , Est Remaining: 235.0
182 259.2 , Est Remaining: 233.6
183 260.7 , Est Remaining: 232.2
184 262.1 , Est Remaining: 230.8
185 263.6 , Est Remaining: 229.4
186 265.0 , Est Remaining: 228.0
187 266.5 , Est Remaining: 226.6
188 267.9 , Est Remaining: 225.2
189 269.3 , Est Remaining: 223.7
190 270.8 , Est Remaining: 222.3
EVENT FAILED
190 271.1 , Est Remaining: 222.6
191 272.5 , Est Remaining: 221.2
192 274.0 , Est Remaining: 219.7
193 275.4 , Est Remaining: 218.3
194 276.8 , Est Remaining: 216.9
195 278.3 , Est Remaining: 215.5
196 279.7 , Est Remaining: 214.1
197 281.2 , Est Remaining: 212.7
198 282.7 , Est Remaining: 211.3
199 284.1 , Est Remaining: 209.9
200 285.6 , Est Remaining: 208.5
201 287.1 , Est Remaining: 207.1
202 288.7 , Est Remaining: 205.8
203 290.1 , Est Remaining: 204.4
204 291.6 , Est Remaining: 203.0
205 293.1 , Est Remaining: 201.6
206 294.5 , Est Remaining: 200.2
207 296.0 , Est Remaining: 198.8
208 297.5 , Est Remaining: 197.4
209 299.0 , Est Remaining: 196.0
210 300.4 , Est Remaining: 194.6
211 301.9 , Est Remaining: 193.1
212 303.3 , Est Remaining: 191.7
213 304.8 , Est Remaining: 190.3
214 306.2 , Est Remaining: 188.9
215 307.7 , Est Remaining: 187.5
216 309.1 , Est Remaining: 186.0
217 310.6 , Est Remaining: 184.6
218 312.0 , Est Remaining: 183.2
219 313.5 , Est Remaining: 181.8
220 314.9 , Est Remaining: 180.3
221 316.3 , Est Remaining: 178.9
EVENT FAILED
221 316.6 , Est Remaining: 179.1
222 318.1 , Est Remaining: 177.7
223 319.5 , Est Remaining: 176.2
224 320.9 , Est Remaining: 174.8
225 322.4 , Est Remaining: 173.4
226 323.8 , Est Remaining: 171.9
227 325.2 , Est Remaining: 170.5
228 326.7 , Est Remaining: 169.1
229 328.1 , Est Remaining: 167.6
EVENT FAILED
229 328.4 , Est Remaining: 167.8
230 329.9 , Est Remaining: 166.4
231 331.3 , Est Remaining: 165.0
232 332.8 , Est Remaining: 163.5
233 334.2 , Est Remaining: 162.1
234 335.7 , Est Remaining: 160.7
235 337.1 , Est Remaining: 159.2
236 338.5 , Est Remaining: 157.8
237 340.0 , Est Remaining: 156.4
238 341.4 , Est Remaining: 154.9
239 342.8 , Est Remaining: 153.5
240 344.2 , Est Remaining: 152.0
241 345.7 , Est Remaining: 150.6
242 347.1 , Est Remaining: 149.2
243 348.5 , Est Remaining: 147.7
244 349.9 , Est Remaining: 146.3
245 351.4 , Est Remaining: 144.9
246 352.8 , Est Remaining: 143.4
247 354.3 , Est Remaining: 142.0
248 355.7 , Est Remaining: 140.6
249 357.1 , Est Remaining: 139.1
250 358.6 , Est Remaining: 137.7
251 360.0 , Est Remaining: 136.3
252 361.4 , Est Remaining: 134.8
253 362.9 , Est Remaining: 133.4
254 364.3 , Est Remaining: 131.9
255 365.7 , Est Remaining: 130.5
256 367.2 , Est Remaining: 129.1
257 368.6 , Est Remaining: 127.7
258 370.1 , Est Remaining: 126.2
259 371.5 , Est Remaining: 124.8
260 372.9 , Est Remaining: 123.4
261 374.4 , Est Remaining: 121.9
EVENT FAILED
261 374.7 , Est Remaining: 122.0
262 376.1 , Est Remaining: 120.6
263 377.6 , Est Remaining: 119.2
264 379.0 , Est Remaining: 117.7
265 380.4 , Est Remaining: 116.3
266 381.8 , Est Remaining: 114.8
267 383.2 , Est Remaining: 113.4
268 384.7 , Est Remaining: 112.0
269 386.1 , Est Remaining: 110.5
270 387.6 , Est Remaining: 109.1
271 389.0 , Est Remaining: 107.7
272 390.5 , Est Remaining: 106.2
273 391.9 , Est Remaining: 104.8
274 393.4 , Est Remaining: 103.4
275 394.9 , Est Remaining: 101.9
276 396.3 , Est Remaining: 100.5
277 397.8 , Est Remaining: 99.1
278 399.2 , Est Remaining: 97.6
279 400.7 , Est Remaining: 96.2
280 402.1 , Est Remaining: 94.8
281 403.6 , Est Remaining: 93.4
EVENT FAILED
281 403.9 , Est Remaining: 93.4
282 405.3 , Est Remaining: 92.0
283 406.8 , Est Remaining: 90.6
284 408.3 , Est Remaining: 89.1
285 409.7 , Est Remaining: 87.7
286 411.2 , Est Remaining: 86.3
287 412.7 , Est Remaining: 84.8
288 414.2 , Est Remaining: 83.4
289 415.6 , Est Remaining: 82.0
290 417.1 , Est Remaining: 80.5
291 418.6 , Est Remaining: 79.1
292 419.9 , Est Remaining: 77.7
293 421.4 , Est Remaining: 76.2
294 422.8 , Est Remaining: 74.8
295 424.3 , Est Remaining: 73.4
296 425.7 , Est Remaining: 71.9
297 427.2 , Est Remaining: 70.5
298 428.7 , Est Remaining: 69.0
299 430.1 , Est Remaining: 67.6
300 431.6 , Est Remaining: 66.2
301 433.0 , Est Remaining: 64.7
302 434.6 , Est Remaining: 63.3
303 436.1 , Est Remaining: 61.9
304 437.5 , Est Remaining: 60.4
305 439.0 , Est Remaining: 59.0
306 440.4 , Est Remaining: 57.6
307 441.8 , Est Remaining: 56.1
308 443.3 , Est Remaining: 54.7
309 444.7 , Est Remaining: 53.3
310 446.2 , Est Remaining: 51.8
311 447.6 , Est Remaining: 50.4
312 449.0 , Est Remaining: 48.9
313 450.5 , Est Remaining: 47.5
314 451.9 , Est Remaining: 46.1
315 453.3 , Est Remaining: 44.6
316 454.7 , Est Remaining: 43.2
317 456.2 , Est Remaining: 41.7
318 457.6 , Est Remaining: 40.3
319 459.0 , Est Remaining: 38.9
EVENT FAILED
319 459.3 , Est Remaining: 38.9
320 460.8 , Est Remaining: 37.4
321 462.2 , Est Remaining: 36.0
322 463.6 , Est Remaining: 34.6
323 465.1 , Est Remaining: 33.1
324 466.5 , Est Remaining: 31.7
325 467.9 , Est Remaining: 30.2
326 469.3 , Est Remaining: 28.8
327 470.8 , Est Remaining: 27.4
328 472.2 , Est Remaining: 25.9
329 473.6 , Est Remaining: 24.5
330 475.1 , Est Remaining: 23.0
331 476.5 , Est Remaining: 21.6
332 477.8 , Est Remaining: 20.1
