Note: NumExpr detected 32 cores but "NUMEXPR_MAX_THREADS" not set, so enforcing safe limit of 8.
Using selector: EpollSelector
/n/home02/jhaefner/miniconda/envs/IC-3.7-2020-06-16/lib/python3.7/site-packages/scipy/optimize/minpack.py:808: OptimizeWarning: Covariance of the parameters could not be estimated
  category=OptimizeWarning)
Total rwfs: 346
0 0.0 , Est Remaining: 999999.9
1 1.4 , Est Remaining: 485.5
2 2.8 , Est Remaining: 479.0
3 4.2 , Est Remaining: 479.5
4 5.6 , Est Remaining: 476.9
5 6.9 , Est Remaining: 473.2
6 8.3 , Est Remaining: 470.0
7 9.6 , Est Remaining: 466.7
8 11.0 , Est Remaining: 465.3
9 12.4 , Est Remaining: 463.5
10 13.7 , Est Remaining: 461.6
11 15.1 , Est Remaining: 459.7
12 16.4 , Est Remaining: 457.9
EVENT FAILED
12 16.8 , Est Remaining: 466.4
13 18.1 , Est Remaining: 463.6
14 19.5 , Est Remaining: 461.3
15 20.8 , Est Remaining: 459.3
16 22.2 , Est Remaining: 457.6
17 23.5 , Est Remaining: 455.3
18 24.9 , Est Remaining: 453.2
19 26.2 , Est Remaining: 451.2
EVENT FAILED
19 26.5 , Est Remaining: 456.5
20 27.9 , Est Remaining: 454.1
21 29.2 , Est Remaining: 451.9
22 30.5 , Est Remaining: 449.7
23 31.9 , Est Remaining: 447.6
24 33.2 , Est Remaining: 445.5
25 34.6 , Est Remaining: 443.8
26 35.9 , Est Remaining: 441.9
EVENT FAILED
26 36.2 , Est Remaining: 445.7
27 37.6 , Est Remaining: 443.7
28 38.9 , Est Remaining: 441.8
29 40.2 , Est Remaining: 440.0
EVENT FAILED
29 40.6 , Est Remaining: 443.3
30 41.9 , Est Remaining: 441.5
31 43.3 , Est Remaining: 439.7
32 44.6 , Est Remaining: 437.8
33 46.0 , Est Remaining: 436.0
34 47.3 , Est Remaining: 434.1
35 48.6 , Est Remaining: 432.3
36 50.0 , Est Remaining: 430.4
37 51.3 , Est Remaining: 428.7
38 52.7 , Est Remaining: 427.0
39 54.0 , Est Remaining: 425.3
40 55.4 , Est Remaining: 423.5
EVENT FAILED
40 55.7 , Est Remaining: 425.8
41 57.0 , Est Remaining: 424.0
42 58.3 , Est Remaining: 422.3
43 59.7 , Est Remaining: 420.7
44 61.1 , Est Remaining: 419.2
45 62.4 , Est Remaining: 417.5
46 63.8 , Est Remaining: 415.9
47 65.1 , Est Remaining: 414.2
48 66.5 , Est Remaining: 412.7
49 67.8 , Est Remaining: 411.0
50 69.2 , Est Remaining: 409.4
51 70.5 , Est Remaining: 407.8
52 71.9 , Est Remaining: 406.3
53 73.2 , Est Remaining: 404.7
54 74.5 , Est Remaining: 403.0
55 75.9 , Est Remaining: 401.4
56 77.2 , Est Remaining: 399.8
57 78.6 , Est Remaining: 398.3
58 79.9 , Est Remaining: 396.8
59 81.2 , Est Remaining: 395.2
60 82.6 , Est Remaining: 393.6
61 83.9 , Est Remaining: 392.0
62 85.3 , Est Remaining: 390.5
63 86.6 , Est Remaining: 389.0
64 87.9 , Est Remaining: 387.5
65 89.3 , Est Remaining: 386.0
66 90.6 , Est Remaining: 384.4
67 92.0 , Est Remaining: 382.9
68 93.3 , Est Remaining: 381.4
69 94.6 , Est Remaining: 379.9
70 96.0 , Est Remaining: 378.4
71 97.3 , Est Remaining: 377.0
72 98.7 , Est Remaining: 375.5
73 100.0 , Est Remaining: 374.0
74 101.3 , Est Remaining: 372.5
75 102.7 , Est Remaining: 371.0
76 104.0 , Est Remaining: 369.5
77 105.4 , Est Remaining: 368.1
78 106.7 , Est Remaining: 366.6
79 108.0 , Est Remaining: 365.1
80 109.3 , Est Remaining: 363.6
81 110.7 , Est Remaining: 362.1
82 112.0 , Est Remaining: 360.6
83 113.3 , Est Remaining: 359.1
84 114.7 , Est Remaining: 357.6
85 116.0 , Est Remaining: 356.2
86 117.3 , Est Remaining: 354.7
87 118.7 , Est Remaining: 353.2
88 120.0 , Est Remaining: 351.8
89 121.3 , Est Remaining: 350.3
90 122.7 , Est Remaining: 348.9
91 124.0 , Est Remaining: 347.4
92 125.3 , Est Remaining: 346.0
93 126.7 , Est Remaining: 344.5
94 128.0 , Est Remaining: 343.1
95 129.3 , Est Remaining: 341.7
96 130.7 , Est Remaining: 340.3
97 132.0 , Est Remaining: 338.9
98 133.4 , Est Remaining: 337.5
99 134.7 , Est Remaining: 336.1
100 136.1 , Est Remaining: 334.8
101 137.4 , Est Remaining: 333.4
102 138.8 , Est Remaining: 331.9
103 140.2 , Est Remaining: 330.7
104 141.5 , Est Remaining: 329.3
105 142.8 , Est Remaining: 327.8
106 144.2 , Est Remaining: 326.4
107 145.5 , Est Remaining: 325.0
108 146.8 , Est Remaining: 323.5
109 148.1 , Est Remaining: 322.1
110 149.5 , Est Remaining: 320.7
111 150.8 , Est Remaining: 319.2
112 152.1 , Est Remaining: 317.8
113 153.4 , Est Remaining: 316.4
114 154.8 , Est Remaining: 315.0
115 156.1 , Est Remaining: 313.5
116 157.4 , Est Remaining: 312.1
117 158.8 , Est Remaining: 310.7
118 160.1 , Est Remaining: 309.3
119 161.4 , Est Remaining: 307.9
120 162.7 , Est Remaining: 306.5
121 164.1 , Est Remaining: 305.1
122 165.4 , Est Remaining: 303.6
123 166.7 , Est Remaining: 302.2
124 168.0 , Est Remaining: 300.8
125 169.4 , Est Remaining: 299.4
126 170.7 , Est Remaining: 298.0
127 172.0 , Est Remaining: 296.6
128 173.3 , Est Remaining: 295.2
129 174.7 , Est Remaining: 293.8
130 176.0 , Est Remaining: 292.4
131 177.3 , Est Remaining: 291.0
132 178.6 , Est Remaining: 289.6
133 180.0 , Est Remaining: 288.2
134 181.3 , Est Remaining: 286.8
135 182.6 , Est Remaining: 285.4
136 183.9 , Est Remaining: 284.0
137 185.3 , Est Remaining: 282.7
138 186.6 , Est Remaining: 281.3
139 187.9 , Est Remaining: 279.9
140 189.3 , Est Remaining: 278.5
141 190.6 , Est Remaining: 277.1
142 191.9 , Est Remaining: 275.7
143 193.2 , Est Remaining: 274.3
144 194.5 , Est Remaining: 272.9
145 195.8 , Est Remaining: 271.5
146 197.2 , Est Remaining: 270.1
147 198.5 , Est Remaining: 268.7
148 199.8 , Est Remaining: 267.3
149 201.1 , Est Remaining: 265.9
150 202.4 , Est Remaining: 264.5
151 203.8 , Est Remaining: 263.1
152 205.1 , Est Remaining: 261.7
153 206.4 , Est Remaining: 260.3
154 207.7 , Est Remaining: 259.0
155 209.0 , Est Remaining: 257.6
156 210.4 , Est Remaining: 256.2
157 211.7 , Est Remaining: 254.8
158 213.0 , Est Remaining: 253.4
159 214.3 , Est Remaining: 252.1
160 215.7 , Est Remaining: 250.7
161 217.0 , Est Remaining: 249.3
162 218.3 , Est Remaining: 248.0
163 219.6 , Est Remaining: 246.6
164 221.0 , Est Remaining: 245.2
165 222.3 , Est Remaining: 243.8
EVENT FAILED
165 222.6 , Est Remaining: 244.2
166 223.9 , Est Remaining: 242.8
167 225.2 , Est Remaining: 241.4
168 226.5 , Est Remaining: 240.0
169 227.8 , Est Remaining: 238.6
170 229.2 , Est Remaining: 237.3
171 230.5 , Est Remaining: 235.9
172 231.8 , Est Remaining: 234.5
173 233.1 , Est Remaining: 233.1
174 234.5 , Est Remaining: 231.8
175 235.8 , Est Remaining: 230.4
176 237.1 , Est Remaining: 229.0
177 238.4 , Est Remaining: 227.6
178 239.8 , Est Remaining: 226.3
179 241.1 , Est Remaining: 224.9
180 242.4 , Est Remaining: 223.5
181 243.7 , Est Remaining: 222.2
182 245.1 , Est Remaining: 220.8
183 246.4 , Est Remaining: 219.5
184 247.7 , Est Remaining: 218.1
185 249.0 , Est Remaining: 216.7
186 250.4 , Est Remaining: 215.4
187 251.7 , Est Remaining: 214.0
188 253.0 , Est Remaining: 212.6
189 254.3 , Est Remaining: 211.3
190 255.7 , Est Remaining: 209.9
191 257.0 , Est Remaining: 208.5
EVENT FAILED
191 257.3 , Est Remaining: 208.8
192 258.6 , Est Remaining: 207.4
193 259.9 , Est Remaining: 206.1
194 261.2 , Est Remaining: 204.7
195 262.6 , Est Remaining: 203.3
196 263.9 , Est Remaining: 202.0
EVENT FAILED
196 264.2 , Est Remaining: 202.2
197 265.5 , Est Remaining: 200.8
198 266.8 , Est Remaining: 199.5
199 268.2 , Est Remaining: 198.1
200 269.5 , Est Remaining: 196.7
201 270.8 , Est Remaining: 195.4
202 272.1 , Est Remaining: 194.0
203 273.6 , Est Remaining: 192.7
204 274.9 , Est Remaining: 191.3
205 276.2 , Est Remaining: 190.0
206 277.6 , Est Remaining: 188.6
207 278.9 , Est Remaining: 187.3
208 280.2 , Est Remaining: 185.9
209 281.5 , Est Remaining: 184.5
210 282.8 , Est Remaining: 183.2
211 284.2 , Est Remaining: 181.8
212 285.5 , Est Remaining: 180.5
EVENT FAILED
212 285.8 , Est Remaining: 180.7
213 287.1 , Est Remaining: 179.3
214 288.5 , Est Remaining: 177.9
215 289.8 , Est Remaining: 176.6
216 291.1 , Est Remaining: 175.2
217 292.5 , Est Remaining: 173.9
218 293.8 , Est Remaining: 172.5
219 295.1 , Est Remaining: 171.1
220 296.5 , Est Remaining: 169.8
221 297.8 , Est Remaining: 168.4
222 299.1 , Est Remaining: 167.1
223 300.4 , Est Remaining: 165.7
224 301.8 , Est Remaining: 164.4
225 303.1 , Est Remaining: 163.0
226 304.5 , Est Remaining: 161.7
227 305.8 , Est Remaining: 160.3
228 307.2 , Est Remaining: 159.0
229 308.5 , Est Remaining: 157.6
230 309.8 , Est Remaining: 156.3
231 311.2 , Est Remaining: 154.9
232 312.5 , Est Remaining: 153.6
233 313.8 , Est Remaining: 152.2
234 315.1 , Est Remaining: 150.8
235 316.5 , Est Remaining: 149.5
236 317.8 , Est Remaining: 148.1
237 319.1 , Est Remaining: 146.8
238 320.4 , Est Remaining: 145.4
239 321.7 , Est Remaining: 144.0
240 323.1 , Est Remaining: 142.7
241 324.4 , Est Remaining: 141.3
242 325.7 , Est Remaining: 140.0
243 327.0 , Est Remaining: 138.6
244 328.3 , Est Remaining: 137.3
245 329.6 , Est Remaining: 135.9
246 331.0 , Est Remaining: 134.5
247 332.3 , Est Remaining: 133.2
248 333.6 , Est Remaining: 131.8
249 334.9 , Est Remaining: 130.5
250 336.2 , Est Remaining: 129.1
251 337.6 , Est Remaining: 127.8
252 338.9 , Est Remaining: 126.4
253 340.2 , Est Remaining: 125.1
254 341.6 , Est Remaining: 123.7
255 342.9 , Est Remaining: 122.4
256 344.2 , Est Remaining: 121.0
257 345.6 , Est Remaining: 119.7
258 346.9 , Est Remaining: 118.3
259 348.2 , Est Remaining: 117.0
260 349.5 , Est Remaining: 115.6
261 350.9 , Est Remaining: 114.3
262 352.2 , Est Remaining: 112.9
263 353.5 , Est Remaining: 111.6
264 354.8 , Est Remaining: 110.2
265 356.2 , Est Remaining: 108.9
266 357.4 , Est Remaining: 107.5
267 358.7 , Est Remaining: 106.1
268 360.0 , Est Remaining: 104.8
269 361.3 , Est Remaining: 103.4
270 362.6 , Est Remaining: 102.1
271 363.9 , Est Remaining: 100.7
272 365.2 , Est Remaining: 99.3
273 366.5 , Est Remaining: 98.0
274 367.8 , Est Remaining: 96.6
275 369.1 , Est Remaining: 95.3
276 370.4 , Est Remaining: 93.9
277 371.7 , Est Remaining: 92.6
278 373.0 , Est Remaining: 91.2
279 374.2 , Est Remaining: 89.9
280 375.5 , Est Remaining: 88.5
281 376.8 , Est Remaining: 87.2
282 378.1 , Est Remaining: 85.8
283 379.3 , Est Remaining: 84.4
284 380.6 , Est Remaining: 83.1
285 381.9 , Est Remaining: 81.7
286 383.2 , Est Remaining: 80.4
287 384.5 , Est Remaining: 79.0
288 385.7 , Est Remaining: 77.7
289 387.0 , Est Remaining: 76.3
290 388.3 , Est Remaining: 75.0
291 389.6 , Est Remaining: 73.6
292 390.8 , Est Remaining: 72.3
293 392.1 , Est Remaining: 70.9
294 393.4 , Est Remaining: 69.6
295 394.7 , Est Remaining: 68.2
296 396.0 , Est Remaining: 66.9
297 397.2 , Est Remaining: 65.5
298 398.5 , Est Remaining: 64.2
299 399.8 , Est Remaining: 62.8
300 401.1 , Est Remaining: 61.5
301 402.4 , Est Remaining: 60.2
302 403.8 , Est Remaining: 58.8
303 405.1 , Est Remaining: 57.5
304 406.4 , Est Remaining: 56.1
305 407.7 , Est Remaining: 54.8
306 409.0 , Est Remaining: 53.5
307 410.3 , Est Remaining: 52.1
308 411.6 , Est Remaining: 50.8
309 412.9 , Est Remaining: 49.4
310 414.2 , Est Remaining: 48.1
311 415.4 , Est Remaining: 46.8
EVENT FAILED
311 415.7 , Est Remaining: 46.8
312 417.0 , Est Remaining: 45.4
313 418.3 , Est Remaining: 44.1
314 419.5 , Est Remaining: 42.8
315 420.8 , Est Remaining: 41.4
316 422.1 , Est Remaining: 40.1
317 423.4 , Est Remaining: 38.7
318 424.6 , Est Remaining: 37.4
319 425.9 , Est Remaining: 36.0
320 427.2 , Est Remaining: 34.7
321 428.4 , Est Remaining: 33.4
322 429.7 , Est Remaining: 32.0
323 430.9 , Est Remaining: 30.7
324 432.2 , Est Remaining: 29.3
325 433.4 , Est Remaining: 28.0
326 434.7 , Est Remaining: 26.7
327 436.0 , Est Remaining: 25.3
328 437.3 , Est Remaining: 24.0
329 438.6 , Est Remaining: 22.7
330 439.8 , Est Remaining: 21.3
331 441.1 , Est Remaining: 20.0
332 442.3 , Est Remaining: 18.7
333 443.6 , Est Remaining: 17.3
334 444.9 , Est Remaining: 16.0
335 446.2 , Est Remaining: 14.7
