Note: NumExpr detected 32 cores but "NUMEXPR_MAX_THREADS" not set, so enforcing safe limit of 8.
Using selector: EpollSelector
/n/home02/jhaefner/miniconda/envs/IC-3.7-2020-06-16/lib/python3.7/site-packages/scipy/optimize/minpack.py:808: OptimizeWarning: Covariance of the parameters could not be estimated
  category=OptimizeWarning)
Total rwfs: 346
0 0.0 , Est Remaining: 999999.9
1 1.6 , Est Remaining: 553.7
2 3.0 , Est Remaining: 520.9
3 4.4 , Est Remaining: 501.7
EVENT FAILED
3 4.7 , Est Remaining: 537.9
4 6.0 , Est Remaining: 515.0
5 7.4 , Est Remaining: 502.6
6 8.7 , Est Remaining: 493.6
7 10.1 , Est Remaining: 487.7
8 11.4 , Est Remaining: 481.7
9 12.7 , Est Remaining: 477.4
10 14.1 , Est Remaining: 472.8
11 15.4 , Est Remaining: 469.6
EVENT FAILED
11 15.7 , Est Remaining: 478.7
12 17.0 , Est Remaining: 474.6
13 18.4 , Est Remaining: 471.0
14 19.7 , Est Remaining: 467.3
15 21.0 , Est Remaining: 464.2
16 22.4 , Est Remaining: 461.4
17 23.7 , Est Remaining: 458.5
18 25.0 , Est Remaining: 456.1
19 26.4 , Est Remaining: 453.7
20 27.7 , Est Remaining: 451.3
21 29.0 , Est Remaining: 449.0
22 30.3 , Est Remaining: 446.7
23 31.7 , Est Remaining: 444.7
24 33.0 , Est Remaining: 442.9
25 34.3 , Est Remaining: 440.9
26 35.7 , Est Remaining: 439.1
27 37.0 , Est Remaining: 437.3
28 38.3 , Est Remaining: 435.2
29 39.7 , Est Remaining: 433.5
30 41.0 , Est Remaining: 431.9
31 42.3 , Est Remaining: 430.2
32 43.7 , Est Remaining: 428.4
33 45.0 , Est Remaining: 426.8
34 46.3 , Est Remaining: 425.2
35 47.7 , Est Remaining: 423.7
36 49.0 , Est Remaining: 422.3
37 50.4 , Est Remaining: 420.6
38 51.7 , Est Remaining: 419.1
39 53.0 , Est Remaining: 417.5
40 54.4 , Est Remaining: 416.0
41 55.7 , Est Remaining: 414.4
42 57.1 , Est Remaining: 413.0
43 58.4 , Est Remaining: 411.5
44 59.7 , Est Remaining: 409.9
45 61.1 , Est Remaining: 408.5
46 62.4 , Est Remaining: 407.1
47 63.8 , Est Remaining: 405.8
48 65.1 , Est Remaining: 404.3
49 66.5 , Est Remaining: 402.8
50 67.8 , Est Remaining: 401.3
51 69.1 , Est Remaining: 399.8
52 70.5 , Est Remaining: 398.4
53 71.8 , Est Remaining: 397.0
54 73.1 , Est Remaining: 395.5
55 74.5 , Est Remaining: 394.1
56 75.8 , Est Remaining: 392.6
57 77.2 , Est Remaining: 391.2
58 78.5 , Est Remaining: 389.8
59 79.8 , Est Remaining: 388.3
60 81.2 , Est Remaining: 386.9
61 82.5 , Est Remaining: 385.4
62 83.8 , Est Remaining: 383.9
63 85.1 , Est Remaining: 382.4
EVENT FAILED
63 85.4 , Est Remaining: 383.8
64 86.8 , Est Remaining: 382.3
65 88.1 , Est Remaining: 380.9
66 89.4 , Est Remaining: 379.5
67 90.8 , Est Remaining: 378.0
68 92.1 , Est Remaining: 376.6
69 93.4 , Est Remaining: 375.1
70 94.8 , Est Remaining: 373.6
71 96.1 , Est Remaining: 372.2
72 97.4 , Est Remaining: 370.7
73 98.7 , Est Remaining: 369.2
74 100.1 , Est Remaining: 367.8
75 101.4 , Est Remaining: 366.3
76 102.7 , Est Remaining: 364.9
77 104.0 , Est Remaining: 363.4
78 105.4 , Est Remaining: 362.0
79 106.7 , Est Remaining: 360.5
80 108.0 , Est Remaining: 359.0
81 109.3 , Est Remaining: 357.6
82 110.6 , Est Remaining: 356.1
83 111.9 , Est Remaining: 354.6
84 113.2 , Est Remaining: 353.2
85 114.5 , Est Remaining: 351.7
86 115.9 , Est Remaining: 350.3
87 117.2 , Est Remaining: 348.9
88 118.5 , Est Remaining: 347.5
89 119.8 , Est Remaining: 346.1
90 121.2 , Est Remaining: 344.7
91 122.5 , Est Remaining: 343.3
92 123.8 , Est Remaining: 341.9
93 125.2 , Est Remaining: 340.5
EVENT FAILED
93 125.5 , Est Remaining: 341.3
94 126.8 , Est Remaining: 339.9
95 128.1 , Est Remaining: 338.5
EVENT FAILED
95 128.4 , Est Remaining: 339.3
96 129.7 , Est Remaining: 337.8
97 131.1 , Est Remaining: 336.4
98 132.4 , Est Remaining: 335.0
99 133.7 , Est Remaining: 333.6
100 135.1 , Est Remaining: 332.3
101 136.4 , Est Remaining: 330.9
102 137.8 , Est Remaining: 329.6
103 139.1 , Est Remaining: 328.2
104 140.4 , Est Remaining: 326.8
105 141.7 , Est Remaining: 325.3
106 143.1 , Est Remaining: 324.0
107 144.4 , Est Remaining: 322.6
108 145.8 , Est Remaining: 321.2
109 147.1 , Est Remaining: 319.8
110 148.4 , Est Remaining: 318.4
111 149.8 , Est Remaining: 317.1
112 151.1 , Est Remaining: 315.7
113 152.4 , Est Remaining: 314.3
114 153.8 , Est Remaining: 313.0
115 155.1 , Est Remaining: 311.6
116 156.5 , Est Remaining: 310.2
117 157.8 , Est Remaining: 308.8
118 159.1 , Est Remaining: 307.4
119 160.4 , Est Remaining: 306.0
120 161.8 , Est Remaining: 304.6
121 163.1 , Est Remaining: 303.2
122 164.4 , Est Remaining: 301.9
123 165.7 , Est Remaining: 300.5
124 167.1 , Est Remaining: 299.1
125 168.4 , Est Remaining: 297.7
126 169.7 , Est Remaining: 296.3
127 171.0 , Est Remaining: 294.9
128 172.3 , Est Remaining: 293.5
129 173.6 , Est Remaining: 292.1
130 175.0 , Est Remaining: 290.7
131 176.3 , Est Remaining: 289.3
132 177.6 , Est Remaining: 287.9
133 178.9 , Est Remaining: 286.5
134 180.2 , Est Remaining: 285.1
135 181.5 , Est Remaining: 283.7
136 182.8 , Est Remaining: 282.3
137 184.2 , Est Remaining: 280.9
138 185.5 , Est Remaining: 279.6
139 186.8 , Est Remaining: 278.2
140 188.1 , Est Remaining: 276.8
141 189.4 , Est Remaining: 275.4
142 190.8 , Est Remaining: 274.0
143 192.1 , Est Remaining: 272.7
144 193.4 , Est Remaining: 271.3
145 194.7 , Est Remaining: 269.9
146 195.9 , Est Remaining: 268.4
147 197.3 , Est Remaining: 267.0
148 198.6 , Est Remaining: 265.7
149 199.9 , Est Remaining: 264.3
150 201.3 , Est Remaining: 263.0
151 202.6 , Est Remaining: 261.7
152 204.0 , Est Remaining: 260.3
153 205.3 , Est Remaining: 259.0
154 206.6 , Est Remaining: 257.6
155 208.0 , Est Remaining: 256.3
156 209.3 , Est Remaining: 254.9
157 210.6 , Est Remaining: 253.6
158 212.0 , Est Remaining: 252.2
159 213.3 , Est Remaining: 250.8
160 214.6 , Est Remaining: 249.5
161 215.8 , Est Remaining: 248.0
162 217.1 , Est Remaining: 246.6
163 218.4 , Est Remaining: 245.2
164 219.8 , Est Remaining: 243.9
165 221.1 , Est Remaining: 242.5
166 222.4 , Est Remaining: 241.2
167 223.7 , Est Remaining: 239.8
168 225.0 , Est Remaining: 238.4
169 226.3 , Est Remaining: 237.1
170 227.7 , Est Remaining: 235.7
171 229.0 , Est Remaining: 234.3
172 230.3 , Est Remaining: 233.0
173 231.6 , Est Remaining: 231.6
174 232.9 , Est Remaining: 230.3
175 234.3 , Est Remaining: 228.9
176 235.6 , Est Remaining: 227.6
177 236.9 , Est Remaining: 226.2
178 238.3 , Est Remaining: 224.9
EVENT FAILED
178 238.6 , Est Remaining: 225.2
EVENT FAILED
178 238.9 , Est Remaining: 225.4
179 240.2 , Est Remaining: 224.1
180 241.6 , Est Remaining: 222.8
181 242.9 , Est Remaining: 221.4
182 244.2 , Est Remaining: 220.0
183 245.5 , Est Remaining: 218.7
184 246.9 , Est Remaining: 217.3
185 248.2 , Est Remaining: 216.0
186 249.5 , Est Remaining: 214.6
187 250.8 , Est Remaining: 213.3
188 252.2 , Est Remaining: 211.9
189 253.5 , Est Remaining: 210.6
190 254.8 , Est Remaining: 209.2
191 256.1 , Est Remaining: 207.9
192 257.4 , Est Remaining: 206.5
193 258.8 , Est Remaining: 205.1
194 260.1 , Est Remaining: 203.8
195 261.4 , Est Remaining: 202.4
196 262.7 , Est Remaining: 201.1
197 264.0 , Est Remaining: 199.7
198 265.3 , Est Remaining: 198.3
199 266.7 , Est Remaining: 197.0
200 268.0 , Est Remaining: 195.6
201 269.3 , Est Remaining: 194.3
EVENT FAILED
201 269.6 , Est Remaining: 194.5
202 271.0 , Est Remaining: 193.2
203 272.3 , Est Remaining: 191.8
204 273.6 , Est Remaining: 190.5
205 275.0 , Est Remaining: 189.1
EVENT FAILED
205 275.3 , Est Remaining: 189.3
206 276.6 , Est Remaining: 188.0
207 277.9 , Est Remaining: 186.6
208 279.2 , Est Remaining: 185.2
209 280.5 , Est Remaining: 183.9
210 281.8 , Est Remaining: 182.5
211 283.1 , Est Remaining: 181.1
212 284.5 , Est Remaining: 179.8
213 285.8 , Est Remaining: 178.4
214 287.1 , Est Remaining: 177.1
215 288.4 , Est Remaining: 175.7
216 289.7 , Est Remaining: 174.4
EVENT FAILED
216 290.0 , Est Remaining: 174.5
EVENT FAILED
216 290.3 , Est Remaining: 174.7
217 291.6 , Est Remaining: 173.4
218 293.0 , Est Remaining: 172.0
219 294.3 , Est Remaining: 170.7
220 295.6 , Est Remaining: 169.3
221 296.9 , Est Remaining: 168.0
222 298.3 , Est Remaining: 166.6
223 299.6 , Est Remaining: 165.2
224 300.9 , Est Remaining: 163.9
225 302.2 , Est Remaining: 162.5
226 303.5 , Est Remaining: 161.2
227 304.8 , Est Remaining: 159.8
228 306.2 , Est Remaining: 158.5
229 307.5 , Est Remaining: 157.1
230 308.8 , Est Remaining: 155.7
231 310.1 , Est Remaining: 154.4
232 311.4 , Est Remaining: 153.0
233 312.7 , Est Remaining: 151.7
234 314.0 , Est Remaining: 150.3
235 315.4 , Est Remaining: 149.0
236 316.7 , Est Remaining: 147.6
237 318.0 , Est Remaining: 146.3
238 319.3 , Est Remaining: 144.9
239 320.7 , Est Remaining: 143.6
240 322.0 , Est Remaining: 142.2
241 323.3 , Est Remaining: 140.9
242 324.7 , Est Remaining: 139.5
243 326.0 , Est Remaining: 138.2
244 327.3 , Est Remaining: 136.8
245 328.7 , Est Remaining: 135.5
246 330.0 , Est Remaining: 134.1
247 331.3 , Est Remaining: 132.8
248 332.7 , Est Remaining: 131.5
249 334.0 , Est Remaining: 130.1
250 335.3 , Est Remaining: 128.8
251 336.7 , Est Remaining: 127.4
252 338.0 , Est Remaining: 126.1
253 339.3 , Est Remaining: 124.7
254 340.7 , Est Remaining: 123.4
255 342.0 , Est Remaining: 122.0
256 343.3 , Est Remaining: 120.7
257 344.7 , Est Remaining: 119.4
258 346.0 , Est Remaining: 118.0
259 347.3 , Est Remaining: 116.7
260 348.7 , Est Remaining: 115.3
261 350.0 , Est Remaining: 114.0
262 351.3 , Est Remaining: 112.6
EVENT FAILED
262 351.6 , Est Remaining: 112.7
263 352.9 , Est Remaining: 111.4
264 354.3 , Est Remaining: 110.0
265 355.6 , Est Remaining: 108.7
266 356.9 , Est Remaining: 107.3
267 358.3 , Est Remaining: 106.0
268 359.6 , Est Remaining: 104.7
269 360.9 , Est Remaining: 103.3
270 362.3 , Est Remaining: 102.0
271 363.6 , Est Remaining: 100.6
272 364.9 , Est Remaining: 99.3
273 366.3 , Est Remaining: 97.9
274 367.6 , Est Remaining: 96.6
EVENT FAILED
274 367.9 , Est Remaining: 96.7
275 369.2 , Est Remaining: 95.3
276 370.5 , Est Remaining: 94.0
277 371.9 , Est Remaining: 92.6
278 373.2 , Est Remaining: 91.3
279 374.5 , Est Remaining: 89.9
280 375.9 , Est Remaining: 88.6
281 377.2 , Est Remaining: 87.3
282 378.6 , Est Remaining: 85.9
283 379.9 , Est Remaining: 84.6
284 381.2 , Est Remaining: 83.2
285 382.6 , Est Remaining: 81.9
286 383.9 , Est Remaining: 80.5
287 385.2 , Est Remaining: 79.2
288 386.6 , Est Remaining: 77.8
289 387.9 , Est Remaining: 76.5
290 389.2 , Est Remaining: 75.2
291 390.5 , Est Remaining: 73.8
292 391.8 , Est Remaining: 72.5
293 393.2 , Est Remaining: 71.1
294 394.5 , Est Remaining: 69.8
295 395.8 , Est Remaining: 68.4
296 397.1 , Est Remaining: 67.1
297 398.4 , Est Remaining: 65.7
298 399.7 , Est Remaining: 64.4
299 401.0 , Est Remaining: 63.0
300 402.4 , Est Remaining: 61.7
301 403.6 , Est Remaining: 60.3
302 405.1 , Est Remaining: 59.0
303 406.4 , Est Remaining: 57.7
EVENT FAILED
303 406.7 , Est Remaining: 57.7
304 408.0 , Est Remaining: 56.4
305 409.4 , Est Remaining: 55.0
306 410.7 , Est Remaining: 53.7
307 412.0 , Est Remaining: 52.3
308 413.3 , Est Remaining: 51.0
309 414.6 , Est Remaining: 49.6
310 415.9 , Est Remaining: 48.3
311 417.2 , Est Remaining: 47.0
312 418.5 , Est Remaining: 45.6
313 419.8 , Est Remaining: 44.3
314 421.2 , Est Remaining: 42.9
315 422.5 , Est Remaining: 41.6
316 423.8 , Est Remaining: 40.2
317 425.1 , Est Remaining: 38.9
318 426.5 , Est Remaining: 37.5
EVENT FAILED
318 426.7 , Est Remaining: 37.6
319 428.0 , Est Remaining: 36.2
320 429.3 , Est Remaining: 34.9
321 430.6 , Est Remaining: 33.5
322 431.9 , Est Remaining: 32.2
323 433.2 , Est Remaining: 30.8
324 434.4 , Est Remaining: 29.5
325 435.7 , Est Remaining: 28.2
EVENT FAILED
325 436.0 , Est Remaining: 28.2
326 437.3 , Est Remaining: 26.8
327 438.5 , Est Remaining: 25.5
328 439.8 , Est Remaining: 24.1
EVENT FAILED
328 440.1 , Est Remaining: 24.2
