Note: NumExpr detected 32 cores but "NUMEXPR_MAX_THREADS" not set, so enforcing safe limit of 8.
Using selector: EpollSelector
/n/home02/jhaefner/miniconda/envs/IC-3.7-2020-06-16/lib/python3.7/site-packages/scipy/optimize/minpack.py:808: OptimizeWarning: Covariance of the parameters could not be estimated
  category=OptimizeWarning)
Total rwfs: 346
0 0.0 , Est Remaining: 999999.9
1 1.5 , Est Remaining: 511.3
2 3.0 , Est Remaining: 509.7
3 4.4 , Est Remaining: 508.7
4 5.9 , Est Remaining: 504.5
5 7.4 , Est Remaining: 501.6
6 8.8 , Est Remaining: 499.2
7 10.2 , Est Remaining: 495.9
8 11.7 , Est Remaining: 493.0
9 13.1 , Est Remaining: 491.9
10 14.6 , Est Remaining: 489.8
11 16.0 , Est Remaining: 488.0
12 17.4 , Est Remaining: 485.6
13 18.9 , Est Remaining: 483.4
14 20.3 , Est Remaining: 481.5
15 21.7 , Est Remaining: 479.5
16 23.2 , Est Remaining: 477.7
17 24.6 , Est Remaining: 475.9
18 26.0 , Est Remaining: 474.2
19 27.5 , Est Remaining: 472.6
20 28.9 , Est Remaining: 471.6
21 30.4 , Est Remaining: 470.2
22 31.8 , Est Remaining: 468.5
23 33.3 , Est Remaining: 467.1
24 34.7 , Est Remaining: 465.6
25 36.1 , Est Remaining: 464.2
26 37.6 , Est Remaining: 463.0
27 39.1 , Est Remaining: 461.5
28 40.5 , Est Remaining: 460.1
EVENT FAILED
28 40.8 , Est Remaining: 463.6
29 42.3 , Est Remaining: 461.9
30 43.7 , Est Remaining: 460.3
31 45.2 , Est Remaining: 458.9
32 46.6 , Est Remaining: 457.6
33 48.1 , Est Remaining: 456.1
34 49.6 , Est Remaining: 454.7
35 51.0 , Est Remaining: 453.2
36 52.4 , Est Remaining: 451.6
37 53.9 , Est Remaining: 450.2
38 55.4 , Est Remaining: 448.6
39 56.8 , Est Remaining: 447.0
40 58.2 , Est Remaining: 445.5
41 59.7 , Est Remaining: 443.8
42 61.1 , Est Remaining: 442.3
43 62.5 , Est Remaining: 440.7
44 64.0 , Est Remaining: 439.1
45 65.4 , Est Remaining: 437.4
46 66.8 , Est Remaining: 435.7
47 68.2 , Est Remaining: 434.1
48 69.7 , Est Remaining: 432.5
49 71.1 , Est Remaining: 430.9
50 72.5 , Est Remaining: 429.4
51 74.0 , Est Remaining: 427.9
52 75.4 , Est Remaining: 426.3
53 76.8 , Est Remaining: 424.8
54 78.3 , Est Remaining: 423.2
55 79.7 , Est Remaining: 421.7
56 81.1 , Est Remaining: 420.2
57 82.6 , Est Remaining: 418.7
58 84.0 , Est Remaining: 417.1
59 85.4 , Est Remaining: 415.6
60 86.9 , Est Remaining: 414.1
61 88.3 , Est Remaining: 412.5
62 89.8 , Est Remaining: 411.1
63 91.2 , Est Remaining: 409.7
64 92.6 , Est Remaining: 408.2
65 94.1 , Est Remaining: 406.8
66 95.5 , Est Remaining: 405.2
67 97.0 , Est Remaining: 403.8
68 98.4 , Est Remaining: 402.3
69 99.8 , Est Remaining: 400.8
70 101.3 , Est Remaining: 399.3
71 102.7 , Est Remaining: 397.8
72 104.1 , Est Remaining: 396.3
73 105.6 , Est Remaining: 394.8
74 107.0 , Est Remaining: 393.3
75 108.4 , Est Remaining: 391.8
76 109.9 , Est Remaining: 390.3
77 111.3 , Est Remaining: 388.9
78 112.7 , Est Remaining: 387.4
79 114.2 , Est Remaining: 386.0
80 115.6 , Est Remaining: 384.5
81 117.1 , Est Remaining: 383.1
82 118.6 , Est Remaining: 381.7
83 120.0 , Est Remaining: 380.3
84 121.5 , Est Remaining: 378.9
85 122.9 , Est Remaining: 377.5
86 124.4 , Est Remaining: 376.1
87 125.9 , Est Remaining: 374.7
88 127.3 , Est Remaining: 373.3
89 128.8 , Est Remaining: 371.8
90 130.2 , Est Remaining: 370.4
91 131.7 , Est Remaining: 369.0
92 133.1 , Est Remaining: 367.5
93 134.6 , Est Remaining: 366.1
94 136.0 , Est Remaining: 364.6
95 137.5 , Est Remaining: 363.2
96 138.9 , Est Remaining: 361.8
EVENT FAILED
96 139.2 , Est Remaining: 362.5
97 140.7 , Est Remaining: 361.1
98 142.1 , Est Remaining: 359.6
99 143.5 , Est Remaining: 358.1
EVENT FAILED
99 143.8 , Est Remaining: 358.9
100 145.3 , Est Remaining: 357.4
101 146.7 , Est Remaining: 355.9
102 148.2 , Est Remaining: 354.5
103 149.7 , Est Remaining: 353.2
104 151.2 , Est Remaining: 351.7
105 152.6 , Est Remaining: 350.2
106 154.0 , Est Remaining: 348.7
107 155.5 , Est Remaining: 347.2
108 156.9 , Est Remaining: 345.7
109 158.3 , Est Remaining: 344.2
110 159.7 , Est Remaining: 342.7
111 161.1 , Est Remaining: 341.2
EVENT FAILED
111 161.4 , Est Remaining: 341.8
112 162.9 , Est Remaining: 340.3
113 164.3 , Est Remaining: 338.8
114 165.7 , Est Remaining: 337.2
115 167.1 , Est Remaining: 335.7
116 168.5 , Est Remaining: 334.2
117 170.0 , Est Remaining: 332.7
118 171.4 , Est Remaining: 331.1
119 172.8 , Est Remaining: 329.6
120 174.2 , Est Remaining: 328.1
121 175.6 , Est Remaining: 326.6
122 177.0 , Est Remaining: 325.1
123 178.4 , Est Remaining: 323.5
124 179.8 , Est Remaining: 322.0
125 181.3 , Est Remaining: 320.5
126 182.7 , Est Remaining: 318.9
127 184.1 , Est Remaining: 317.4
128 185.4 , Est Remaining: 315.8
129 186.8 , Est Remaining: 314.3
130 188.2 , Est Remaining: 312.7
131 189.6 , Est Remaining: 311.2
EVENT FAILED
131 189.9 , Est Remaining: 311.7
132 191.3 , Est Remaining: 310.1
133 192.7 , Est Remaining: 308.6
134 194.0 , Est Remaining: 307.0
135 195.4 , Est Remaining: 305.4
136 196.8 , Est Remaining: 303.9
137 198.2 , Est Remaining: 302.4
138 199.6 , Est Remaining: 300.8
139 201.0 , Est Remaining: 299.3
140 202.4 , Est Remaining: 297.8
141 203.8 , Est Remaining: 296.2
142 205.2 , Est Remaining: 294.7
143 206.5 , Est Remaining: 293.2
EVENT FAILED
143 206.8 , Est Remaining: 293.6
144 208.2 , Est Remaining: 292.1
145 209.6 , Est Remaining: 290.6
146 211.0 , Est Remaining: 289.1
147 212.4 , Est Remaining: 287.6
148 213.8 , Est Remaining: 286.0
149 215.2 , Est Remaining: 284.5
150 216.6 , Est Remaining: 283.0
151 218.0 , Est Remaining: 281.5
152 219.3 , Est Remaining: 280.0
153 220.7 , Est Remaining: 278.4
154 222.1 , Est Remaining: 276.9
155 223.5 , Est Remaining: 275.4
156 224.9 , Est Remaining: 273.9
157 226.3 , Est Remaining: 272.4
158 227.7 , Est Remaining: 270.9
159 229.0 , Est Remaining: 269.4
160 230.4 , Est Remaining: 267.9
161 231.8 , Est Remaining: 266.4
162 233.2 , Est Remaining: 264.8
163 234.6 , Est Remaining: 263.3
164 235.9 , Est Remaining: 261.8
165 237.3 , Est Remaining: 260.3
166 238.7 , Est Remaining: 258.8
167 240.1 , Est Remaining: 257.3
168 241.4 , Est Remaining: 255.8
169 242.8 , Est Remaining: 254.3
170 244.2 , Est Remaining: 252.8
EVENT FAILED
170 244.5 , Est Remaining: 253.2
171 245.9 , Est Remaining: 251.7
172 247.3 , Est Remaining: 250.2
173 248.7 , Est Remaining: 248.7
EVENT FAILED
173 249.0 , Est Remaining: 249.0
174 250.4 , Est Remaining: 247.5
175 251.8 , Est Remaining: 246.0
EVENT FAILED
175 252.1 , Est Remaining: 246.3
176 253.5 , Est Remaining: 244.8
177 254.9 , Est Remaining: 243.4
178 256.3 , Est Remaining: 241.9
179 257.7 , Est Remaining: 240.4
180 259.1 , Est Remaining: 239.0
181 260.5 , Est Remaining: 237.5
182 261.9 , Est Remaining: 236.0
183 263.3 , Est Remaining: 234.6
184 264.8 , Est Remaining: 233.1
185 266.2 , Est Remaining: 231.6
186 267.6 , Est Remaining: 230.2
187 269.0 , Est Remaining: 228.7
188 270.4 , Est Remaining: 227.2
189 271.8 , Est Remaining: 225.8
190 273.2 , Est Remaining: 224.3
191 274.6 , Est Remaining: 222.9
192 276.1 , Est Remaining: 221.4
193 277.5 , Est Remaining: 220.0
194 278.9 , Est Remaining: 218.5
195 280.3 , Est Remaining: 217.1
196 281.7 , Est Remaining: 215.6
197 283.1 , Est Remaining: 214.1
198 284.6 , Est Remaining: 212.7
199 286.0 , Est Remaining: 211.3
200 287.4 , Est Remaining: 209.8
201 288.9 , Est Remaining: 208.4
202 290.3 , Est Remaining: 207.0
203 291.9 , Est Remaining: 205.6
204 293.3 , Est Remaining: 204.2
205 294.8 , Est Remaining: 202.7
206 296.2 , Est Remaining: 201.3
207 297.6 , Est Remaining: 199.9
208 299.1 , Est Remaining: 198.4
209 300.5 , Est Remaining: 197.0
210 301.9 , Est Remaining: 195.5
211 303.4 , Est Remaining: 194.1
212 304.8 , Est Remaining: 192.7
213 306.3 , Est Remaining: 191.2
214 307.7 , Est Remaining: 189.8
215 309.1 , Est Remaining: 188.4
216 310.6 , Est Remaining: 186.9
217 312.0 , Est Remaining: 185.5
218 313.5 , Est Remaining: 184.0
219 314.9 , Est Remaining: 182.6
220 316.4 , Est Remaining: 181.2
221 317.8 , Est Remaining: 179.8
222 319.3 , Est Remaining: 178.3
223 320.7 , Est Remaining: 176.9
224 322.2 , Est Remaining: 175.5
225 323.7 , Est Remaining: 174.1
226 325.2 , Est Remaining: 172.7
227 326.6 , Est Remaining: 171.2
228 328.1 , Est Remaining: 169.8
229 329.6 , Est Remaining: 168.4
230 331.0 , Est Remaining: 167.0
231 332.5 , Est Remaining: 165.5
232 333.9 , Est Remaining: 164.1
233 335.4 , Est Remaining: 162.7
234 336.9 , Est Remaining: 161.2
235 338.3 , Est Remaining: 159.8
236 339.8 , Est Remaining: 158.4
EVENT FAILED
236 340.8 , Est Remaining: 158.9
237 342.2 , Est Remaining: 157.4
238 343.7 , Est Remaining: 156.0
239 345.1 , Est Remaining: 154.5
240 346.5 , Est Remaining: 153.0
241 347.9 , Est Remaining: 151.6
242 349.4 , Est Remaining: 150.1
243 350.8 , Est Remaining: 148.7
EVENT FAILED
243 351.1 , Est Remaining: 148.8
244 352.5 , Est Remaining: 147.4
245 353.9 , Est Remaining: 145.9
246 355.4 , Est Remaining: 144.5
247 356.8 , Est Remaining: 143.0
248 358.2 , Est Remaining: 141.6
249 359.7 , Est Remaining: 140.1
250 361.0 , Est Remaining: 138.6
251 362.5 , Est Remaining: 137.2
252 363.9 , Est Remaining: 135.7
253 365.3 , Est Remaining: 134.3
254 366.8 , Est Remaining: 132.8
EVENT FAILED
254 367.1 , Est Remaining: 133.0
255 368.5 , Est Remaining: 131.5
256 369.9 , Est Remaining: 130.1
257 371.4 , Est Remaining: 128.6
258 372.8 , Est Remaining: 127.2
259 374.2 , Est Remaining: 125.7
260 375.7 , Est Remaining: 124.3
261 377.1 , Est Remaining: 122.8
262 378.6 , Est Remaining: 121.4
263 380.0 , Est Remaining: 119.9
264 381.5 , Est Remaining: 118.5
265 382.9 , Est Remaining: 117.0
266 384.3 , Est Remaining: 115.6
EVENT FAILED
266 384.6 , Est Remaining: 115.7
267 386.1 , Est Remaining: 114.2
268 387.5 , Est Remaining: 112.8
269 389.0 , Est Remaining: 111.3
270 390.5 , Est Remaining: 109.9
271 391.9 , Est Remaining: 108.5
272 393.4 , Est Remaining: 107.0
273 394.8 , Est Remaining: 105.6
274 396.3 , Est Remaining: 104.1
275 397.7 , Est Remaining: 102.7
276 399.2 , Est Remaining: 101.2
277 400.6 , Est Remaining: 99.8
278 402.1 , Est Remaining: 98.4
279 403.5 , Est Remaining: 96.9
280 405.0 , Est Remaining: 95.5
281 406.4 , Est Remaining: 94.0
282 407.9 , Est Remaining: 92.6
283 409.3 , Est Remaining: 91.1
284 410.8 , Est Remaining: 89.7
285 412.2 , Est Remaining: 88.2
286 413.6 , Est Remaining: 86.8
287 415.1 , Est Remaining: 85.3
288 416.5 , Est Remaining: 83.9
289 417.9 , Est Remaining: 82.4
290 419.3 , Est Remaining: 81.0
291 420.8 , Est Remaining: 79.5
292 422.3 , Est Remaining: 78.1
293 423.7 , Est Remaining: 76.6
294 425.1 , Est Remaining: 75.2
295 426.5 , Est Remaining: 73.7
296 428.0 , Est Remaining: 72.3
297 429.4 , Est Remaining: 70.8
298 430.8 , Est Remaining: 69.4
299 432.3 , Est Remaining: 67.9
300 433.7 , Est Remaining: 66.5
301 435.2 , Est Remaining: 65.1
302 436.7 , Est Remaining: 63.6
303 438.2 , Est Remaining: 62.2
304 439.7 , Est Remaining: 60.7
305 441.1 , Est Remaining: 59.3
306 442.5 , Est Remaining: 57.8
307 444.0 , Est Remaining: 56.4
308 445.4 , Est Remaining: 55.0
309 446.8 , Est Remaining: 53.5
310 448.3 , Est Remaining: 52.1
311 449.7 , Est Remaining: 50.6
312 451.2 , Est Remaining: 49.2
313 452.6 , Est Remaining: 47.7
314 454.0 , Est Remaining: 46.3
315 455.5 , Est Remaining: 44.8
316 456.9 , Est Remaining: 43.4
317 458.4 , Est Remaining: 41.9
318 459.8 , Est Remaining: 40.5
319 461.3 , Est Remaining: 39.0
320 462.8 , Est Remaining: 37.6
321 464.2 , Est Remaining: 36.2
322 465.7 , Est Remaining: 34.7
323 467.1 , Est Remaining: 33.3
324 468.5 , Est Remaining: 31.8
325 470.0 , Est Remaining: 30.4
326 471.4 , Est Remaining: 28.9
327 472.9 , Est Remaining: 27.5
328 474.3 , Est Remaining: 26.0
329 475.8 , Est Remaining: 24.6
330 477.2 , Est Remaining: 23.1
331 478.7 , Est Remaining: 21.7
332 480.1 , Est Remaining: 20.2
