Note: NumExpr detected 32 cores but "NUMEXPR_MAX_THREADS" not set, so enforcing safe limit of 8.
Using selector: EpollSelector
/n/home02/jhaefner/miniconda/envs/IC-3.7-2020-06-16/lib/python3.7/site-packages/scipy/optimize/minpack.py:808: OptimizeWarning: Covariance of the parameters could not be estimated
  category=OptimizeWarning)
Total rwfs: 346
0 0.0 , Est Remaining: 999999.9
1 1.4 , Est Remaining: 493.1
2 2.8 , Est Remaining: 489.5
3 4.3 , Est Remaining: 491.1
4 5.7 , Est Remaining: 486.8
5 7.1 , Est Remaining: 486.0
6 8.5 , Est Remaining: 483.7
7 9.9 , Est Remaining: 481.2
8 11.3 , Est Remaining: 479.2
9 12.7 , Est Remaining: 477.3
10 14.2 , Est Remaining: 477.1
11 15.6 , Est Remaining: 475.8
12 17.0 , Est Remaining: 474.4
13 18.5 , Est Remaining: 472.6
14 19.9 , Est Remaining: 471.7
15 21.3 , Est Remaining: 470.9
16 22.8 , Est Remaining: 470.4
17 24.3 , Est Remaining: 469.4
18 25.7 , Est Remaining: 468.4
19 27.1 , Est Remaining: 467.2
20 28.6 , Est Remaining: 466.5
21 30.1 , Est Remaining: 465.5
22 31.6 , Est Remaining: 464.8
23 33.0 , Est Remaining: 463.8
24 34.5 , Est Remaining: 462.7
25 35.9 , Est Remaining: 461.4
26 37.4 , Est Remaining: 460.0
27 38.9 , Est Remaining: 459.1
28 40.3 , Est Remaining: 458.0
29 41.8 , Est Remaining: 456.7
30 43.3 , Est Remaining: 455.7
31 44.7 , Est Remaining: 454.5
32 46.2 , Est Remaining: 453.3
33 47.7 , Est Remaining: 452.1
34 49.1 , Est Remaining: 450.9
35 50.6 , Est Remaining: 449.6
36 52.1 , Est Remaining: 448.5
37 53.5 , Est Remaining: 447.1
38 55.0 , Est Remaining: 445.7
39 56.4 , Est Remaining: 444.3
40 57.9 , Est Remaining: 443.1
41 59.4 , Est Remaining: 441.8
42 60.8 , Est Remaining: 440.4
43 62.3 , Est Remaining: 439.1
44 63.8 , Est Remaining: 437.8
45 65.2 , Est Remaining: 436.4
46 66.7 , Est Remaining: 435.2
47 68.2 , Est Remaining: 433.7
48 69.7 , Est Remaining: 432.4
49 71.1 , Est Remaining: 430.9
50 72.6 , Est Remaining: 429.7
51 74.0 , Est Remaining: 428.3
52 75.5 , Est Remaining: 427.0
53 77.0 , Est Remaining: 425.5
54 78.4 , Est Remaining: 424.1
55 79.9 , Est Remaining: 422.7
56 81.4 , Est Remaining: 421.6
57 82.9 , Est Remaining: 420.2
58 84.3 , Est Remaining: 418.8
59 85.8 , Est Remaining: 417.4
60 87.3 , Est Remaining: 416.0
61 88.7 , Est Remaining: 414.5
62 90.2 , Est Remaining: 413.1
63 91.6 , Est Remaining: 411.6
64 93.1 , Est Remaining: 410.2
65 94.6 , Est Remaining: 408.8
66 96.0 , Est Remaining: 407.3
67 97.8 , Est Remaining: 407.1
68 99.2 , Est Remaining: 405.7
69 100.7 , Est Remaining: 404.2
70 102.1 , Est Remaining: 402.7
71 103.6 , Est Remaining: 401.2
72 105.1 , Est Remaining: 399.8
73 106.5 , Est Remaining: 398.3
74 108.0 , Est Remaining: 396.9
75 109.4 , Est Remaining: 395.4
76 110.9 , Est Remaining: 394.0
77 112.4 , Est Remaining: 392.6
78 113.8 , Est Remaining: 391.1
79 115.3 , Est Remaining: 389.6
80 116.7 , Est Remaining: 388.1
81 118.2 , Est Remaining: 386.7
82 119.7 , Est Remaining: 385.3
83 121.1 , Est Remaining: 383.8
84 122.6 , Est Remaining: 382.4
85 124.1 , Est Remaining: 380.9
86 125.5 , Est Remaining: 379.5
87 127.0 , Est Remaining: 378.0
EVENT FAILED
87 127.3 , Est Remaining: 378.9
88 128.7 , Est Remaining: 377.4
89 130.2 , Est Remaining: 375.9
90 131.6 , Est Remaining: 374.4
91 133.1 , Est Remaining: 372.9
92 134.5 , Est Remaining: 371.3
93 136.0 , Est Remaining: 369.8
94 137.4 , Est Remaining: 368.4
95 138.9 , Est Remaining: 366.9
96 140.3 , Est Remaining: 365.5
97 141.8 , Est Remaining: 364.0
98 143.2 , Est Remaining: 362.5
99 144.7 , Est Remaining: 361.0
100 146.2 , Est Remaining: 359.7
101 147.7 , Est Remaining: 358.2
102 149.1 , Est Remaining: 356.6
103 150.5 , Est Remaining: 355.2
104 152.0 , Est Remaining: 353.7
105 153.4 , Est Remaining: 352.2
106 154.9 , Est Remaining: 350.7
107 156.4 , Est Remaining: 349.2
108 157.8 , Est Remaining: 347.8
109 159.3 , Est Remaining: 346.3
110 160.7 , Est Remaining: 344.8
111 162.1 , Est Remaining: 343.3
112 163.6 , Est Remaining: 341.8
113 165.0 , Est Remaining: 340.3
114 166.5 , Est Remaining: 338.8
115 167.9 , Est Remaining: 337.3
116 169.4 , Est Remaining: 335.9
117 170.8 , Est Remaining: 334.4
118 172.3 , Est Remaining: 332.9
119 173.7 , Est Remaining: 331.4
120 175.1 , Est Remaining: 329.9
EVENT FAILED
120 175.5 , Est Remaining: 330.4
121 176.9 , Est Remaining: 329.0
122 178.4 , Est Remaining: 327.5
123 179.8 , Est Remaining: 326.0
124 181.3 , Est Remaining: 324.5
125 182.7 , Est Remaining: 323.0
126 184.1 , Est Remaining: 321.5
127 185.5 , Est Remaining: 319.9
128 187.0 , Est Remaining: 318.4
129 188.4 , Est Remaining: 316.9
130 189.8 , Est Remaining: 315.4
131 191.3 , Est Remaining: 313.9
132 192.7 , Est Remaining: 312.4
133 194.1 , Est Remaining: 310.8
134 195.5 , Est Remaining: 309.3
135 197.0 , Est Remaining: 307.8
136 198.4 , Est Remaining: 306.3
137 199.8 , Est Remaining: 304.8
138 201.2 , Est Remaining: 303.3
139 202.7 , Est Remaining: 301.8
EVENT FAILED
139 203.0 , Est Remaining: 302.3
140 204.4 , Est Remaining: 300.8
141 205.9 , Est Remaining: 299.3
142 207.3 , Est Remaining: 297.8
143 208.7 , Est Remaining: 296.3
144 210.1 , Est Remaining: 294.8
145 211.6 , Est Remaining: 293.3
EVENT FAILED
145 211.9 , Est Remaining: 293.7
146 213.3 , Est Remaining: 292.2
147 214.7 , Est Remaining: 290.6
148 216.1 , Est Remaining: 289.2
149 217.6 , Est Remaining: 287.6
150 219.0 , Est Remaining: 286.1
151 220.4 , Est Remaining: 284.6
152 221.8 , Est Remaining: 283.0
153 223.2 , Est Remaining: 281.5
154 224.5 , Est Remaining: 280.0
155 225.9 , Est Remaining: 278.4
156 227.3 , Est Remaining: 276.9
157 228.7 , Est Remaining: 275.3
158 230.1 , Est Remaining: 273.8
159 231.5 , Est Remaining: 272.3
160 232.9 , Est Remaining: 270.7
161 234.2 , Est Remaining: 269.1
162 235.6 , Est Remaining: 267.6
163 237.0 , Est Remaining: 266.0
164 238.3 , Est Remaining: 264.5
165 239.7 , Est Remaining: 262.9
166 241.0 , Est Remaining: 261.4
167 242.4 , Est Remaining: 259.8
168 243.8 , Est Remaining: 258.3
169 245.1 , Est Remaining: 256.7
170 246.5 , Est Remaining: 255.2
171 247.9 , Est Remaining: 253.7
172 249.3 , Est Remaining: 252.2
173 250.6 , Est Remaining: 250.6
174 252.0 , Est Remaining: 249.1
175 253.4 , Est Remaining: 247.6
176 254.7 , Est Remaining: 246.1
177 256.1 , Est Remaining: 244.5
178 257.5 , Est Remaining: 243.0
179 258.9 , Est Remaining: 241.5
180 260.3 , Est Remaining: 240.0
181 261.6 , Est Remaining: 238.5
182 263.0 , Est Remaining: 237.0
183 264.4 , Est Remaining: 235.5
184 265.7 , Est Remaining: 234.0
185 267.1 , Est Remaining: 232.5
186 268.5 , Est Remaining: 231.0
187 269.9 , Est Remaining: 229.5
EVENT FAILED
187 270.2 , Est Remaining: 229.7
188 271.6 , Est Remaining: 228.2
189 273.0 , Est Remaining: 226.7
190 274.3 , Est Remaining: 225.3
191 275.7 , Est Remaining: 223.8
192 277.1 , Est Remaining: 222.3
193 278.5 , Est Remaining: 220.8
194 279.9 , Est Remaining: 219.3
195 281.2 , Est Remaining: 217.8
196 282.6 , Est Remaining: 216.3
EVENT FAILED
196 282.9 , Est Remaining: 216.5
197 284.3 , Est Remaining: 215.0
198 285.6 , Est Remaining: 213.5
199 287.0 , Est Remaining: 212.0
200 288.5 , Est Remaining: 210.6
201 289.8 , Est Remaining: 209.1
202 291.2 , Est Remaining: 207.6
203 292.6 , Est Remaining: 206.1
204 294.0 , Est Remaining: 204.6
205 295.3 , Est Remaining: 203.1
206 296.7 , Est Remaining: 201.7
207 298.1 , Est Remaining: 200.2
208 299.5 , Est Remaining: 198.7
209 300.9 , Est Remaining: 197.3
210 302.3 , Est Remaining: 195.8
211 303.7 , Est Remaining: 194.3
212 305.1 , Est Remaining: 192.9
213 306.5 , Est Remaining: 191.4
EVENT FAILED
213 306.8 , Est Remaining: 191.6
214 308.2 , Est Remaining: 190.1
215 309.6 , Est Remaining: 188.7
216 311.1 , Est Remaining: 187.2
217 312.5 , Est Remaining: 185.8
218 313.9 , Est Remaining: 184.3
EVENT FAILED
218 314.2 , Est Remaining: 184.5
219 315.6 , Est Remaining: 183.0
220 317.0 , Est Remaining: 181.6
221 318.4 , Est Remaining: 180.1
222 319.8 , Est Remaining: 178.6
223 321.3 , Est Remaining: 177.2
224 322.7 , Est Remaining: 175.7
225 324.1 , Est Remaining: 174.3
226 325.5 , Est Remaining: 172.8
227 326.9 , Est Remaining: 171.4
228 328.4 , Est Remaining: 169.9
229 329.8 , Est Remaining: 168.5
230 331.2 , Est Remaining: 167.1
231 332.7 , Est Remaining: 165.6
232 334.1 , Est Remaining: 164.2
233 335.5 , Est Remaining: 162.7
234 337.0 , Est Remaining: 161.3
235 338.4 , Est Remaining: 159.9
236 339.9 , Est Remaining: 158.4
237 341.4 , Est Remaining: 157.0
238 342.8 , Est Remaining: 155.6
239 344.3 , Est Remaining: 154.1
240 345.7 , Est Remaining: 152.7
241 347.2 , Est Remaining: 151.3
242 348.6 , Est Remaining: 149.8
243 350.1 , Est Remaining: 148.4
244 351.6 , Est Remaining: 147.0
245 353.0 , Est Remaining: 145.5
246 354.4 , Est Remaining: 144.1
247 355.9 , Est Remaining: 142.6
248 357.3 , Est Remaining: 141.2
249 358.8 , Est Remaining: 139.8
250 360.2 , Est Remaining: 138.3
251 361.7 , Est Remaining: 136.9
252 363.1 , Est Remaining: 135.4
253 364.5 , Est Remaining: 134.0
254 366.0 , Est Remaining: 132.6
255 367.4 , Est Remaining: 131.1
256 368.9 , Est Remaining: 129.7
257 370.3 , Est Remaining: 128.2
258 371.7 , Est Remaining: 126.8
259 373.2 , Est Remaining: 125.4
260 374.6 , Est Remaining: 123.9
261 376.1 , Est Remaining: 122.5
262 377.5 , Est Remaining: 121.0
263 378.9 , Est Remaining: 119.6
264 380.3 , Est Remaining: 118.1
265 381.8 , Est Remaining: 116.7
266 383.2 , Est Remaining: 115.2
267 384.6 , Est Remaining: 113.8
268 386.0 , Est Remaining: 112.4
269 387.5 , Est Remaining: 110.9
270 388.9 , Est Remaining: 109.5
271 390.3 , Est Remaining: 108.0
272 391.7 , Est Remaining: 106.6
273 393.1 , Est Remaining: 105.1
274 394.6 , Est Remaining: 103.7
275 396.0 , Est Remaining: 102.2
276 397.4 , Est Remaining: 100.8
EVENT FAILED
276 397.7 , Est Remaining: 100.9
277 399.2 , Est Remaining: 99.4
278 400.6 , Est Remaining: 98.0
279 402.0 , Est Remaining: 96.5
280 403.5 , Est Remaining: 95.1
EVENT FAILED
280 403.8 , Est Remaining: 95.2
281 405.2 , Est Remaining: 93.7
282 406.6 , Est Remaining: 92.3
283 408.0 , Est Remaining: 90.8
284 409.5 , Est Remaining: 89.4
285 410.9 , Est Remaining: 87.9
286 412.3 , Est Remaining: 86.5
287 413.7 , Est Remaining: 85.1
288 415.2 , Est Remaining: 83.6
289 416.6 , Est Remaining: 82.2
290 418.0 , Est Remaining: 80.7
EVENT FAILED
290 418.3 , Est Remaining: 80.8
291 419.8 , Est Remaining: 79.3
EVENT FAILED
291 420.1 , Est Remaining: 79.4
292 421.5 , Est Remaining: 77.9
293 422.9 , Est Remaining: 76.5
EVENT FAILED
293 423.3 , Est Remaining: 76.6
294 424.7 , Est Remaining: 75.1
295 426.1 , Est Remaining: 73.7
296 427.5 , Est Remaining: 72.2
297 429.0 , Est Remaining: 70.8
298 430.4 , Est Remaining: 69.3
299 431.8 , Est Remaining: 67.9
300 433.4 , Est Remaining: 66.5
301 434.9 , Est Remaining: 65.0
302 436.3 , Est Remaining: 63.6
303 437.7 , Est Remaining: 62.1
304 439.2 , Est Remaining: 60.7
305 440.6 , Est Remaining: 59.2
306 442.1 , Est Remaining: 57.8
307 443.5 , Est Remaining: 56.3
308 445.0 , Est Remaining: 54.9
309 446.5 , Est Remaining: 53.5
EVENT FAILED
309 446.8 , Est Remaining: 53.5
310 448.2 , Est Remaining: 52.0
311 449.6 , Est Remaining: 50.6
312 451.0 , Est Remaining: 49.2
313 452.5 , Est Remaining: 47.7
EVENT FAILED
313 452.8 , Est Remaining: 47.7
314 454.2 , Est Remaining: 46.3
315 455.7 , Est Remaining: 44.8
316 457.1 , Est Remaining: 43.4
317 458.5 , Est Remaining: 41.9
318 460.0 , Est Remaining: 40.5
319 461.4 , Est Remaining: 39.1
320 462.8 , Est Remaining: 37.6
321 464.3 , Est Remaining: 36.2
322 465.7 , Est Remaining: 34.7
323 467.1 , Est Remaining: 33.3
324 468.5 , Est Remaining: 31.8
325 469.9 , Est Remaining: 30.4
326 471.4 , Est Remaining: 28.9
327 472.8 , Est Remaining: 27.5
328 474.2 , Est Remaining: 26.0
329 475.6 , Est Remaining: 24.6
330 477.0 , Est Remaining: 23.1
