Note: NumExpr detected 32 cores but "NUMEXPR_MAX_THREADS" not set, so enforcing safe limit of 8.
Using selector: EpollSelector
/n/home02/jhaefner/miniconda/envs/IC-3.7-2020-06-16/lib/python3.7/site-packages/scipy/optimize/minpack.py:808: OptimizeWarning: Covariance of the parameters could not be estimated
  category=OptimizeWarning)
Total rwfs: 346
0 0.0 , Est Remaining: 999999.9
1 1.4 , Est Remaining: 482.4
2 2.8 , Est Remaining: 480.8
3 4.2 , Est Remaining: 479.2
4 5.6 , Est Remaining: 475.1
5 6.9 , Est Remaining: 472.8
6 8.3 , Est Remaining: 471.1
7 9.7 , Est Remaining: 468.3
8 11.0 , Est Remaining: 466.6
9 12.4 , Est Remaining: 463.7
10 13.7 , Est Remaining: 462.0
11 15.1 , Est Remaining: 459.8
12 16.5 , Est Remaining: 458.7
13 17.8 , Est Remaining: 457.2
14 19.2 , Est Remaining: 455.3
EVENT FAILED
14 20.2 , Est Remaining: 479.6
15 21.6 , Est Remaining: 476.2
16 22.9 , Est Remaining: 473.2
17 24.3 , Est Remaining: 470.2
18 25.7 , Est Remaining: 467.6
19 27.0 , Est Remaining: 465.0
20 28.4 , Est Remaining: 462.4
21 29.7 , Est Remaining: 460.0
22 31.1 , Est Remaining: 457.7
23 32.5 , Est Remaining: 455.8
24 33.8 , Est Remaining: 453.7
25 35.2 , Est Remaining: 451.4
26 36.5 , Est Remaining: 449.3
27 37.8 , Est Remaining: 447.1
28 39.2 , Est Remaining: 445.2
29 40.5 , Est Remaining: 443.2
30 41.9 , Est Remaining: 441.4
31 43.3 , Est Remaining: 439.6
32 44.6 , Est Remaining: 437.9
33 46.0 , Est Remaining: 436.3
34 47.3 , Est Remaining: 434.4
35 48.7 , Est Remaining: 432.5
36 50.0 , Est Remaining: 430.8
37 51.4 , Est Remaining: 429.0
38 52.7 , Est Remaining: 427.3
39 54.1 , Est Remaining: 425.7
40 55.4 , Est Remaining: 424.0
41 56.8 , Est Remaining: 422.3
42 58.1 , Est Remaining: 420.7
43 59.5 , Est Remaining: 419.1
44 60.8 , Est Remaining: 417.5
45 62.2 , Est Remaining: 415.7
46 63.5 , Est Remaining: 414.1
47 64.8 , Est Remaining: 412.5
48 66.2 , Est Remaining: 410.9
49 67.5 , Est Remaining: 409.2
50 68.9 , Est Remaining: 407.6
51 70.2 , Est Remaining: 406.1
52 71.5 , Est Remaining: 404.5
53 72.9 , Est Remaining: 403.0
EVENT FAILED
53 73.2 , Est Remaining: 404.6
54 74.5 , Est Remaining: 403.1
55 75.9 , Est Remaining: 401.5
56 77.2 , Est Remaining: 399.9
57 78.6 , Est Remaining: 398.4
58 79.9 , Est Remaining: 396.8
59 81.3 , Est Remaining: 395.3
60 82.6 , Est Remaining: 393.8
61 84.0 , Est Remaining: 392.3
62 85.3 , Est Remaining: 390.9
63 86.7 , Est Remaining: 389.3
64 88.0 , Est Remaining: 387.8
65 89.4 , Est Remaining: 386.3
66 90.7 , Est Remaining: 384.9
67 92.1 , Est Remaining: 383.5
68 93.4 , Est Remaining: 382.0
69 94.8 , Est Remaining: 380.6
70 96.2 , Est Remaining: 379.1
71 97.5 , Est Remaining: 377.7
72 98.9 , Est Remaining: 376.2
73 100.2 , Est Remaining: 374.7
74 101.6 , Est Remaining: 373.3
75 102.9 , Est Remaining: 371.9
76 104.3 , Est Remaining: 370.6
77 105.7 , Est Remaining: 369.2
78 107.0 , Est Remaining: 367.7
79 108.3 , Est Remaining: 366.2
80 109.7 , Est Remaining: 364.7
81 111.0 , Est Remaining: 363.2
82 112.4 , Est Remaining: 361.7
83 113.7 , Est Remaining: 360.2
84 115.0 , Est Remaining: 358.8
85 116.4 , Est Remaining: 357.3
86 117.7 , Est Remaining: 355.9
87 119.1 , Est Remaining: 354.4
88 120.4 , Est Remaining: 353.0
89 121.7 , Est Remaining: 351.5
90 123.1 , Est Remaining: 350.1
91 124.4 , Est Remaining: 348.7
92 125.8 , Est Remaining: 347.2
93 127.1 , Est Remaining: 345.8
94 128.5 , Est Remaining: 344.4
95 129.8 , Est Remaining: 343.0
96 131.2 , Est Remaining: 341.6
97 132.5 , Est Remaining: 340.2
98 133.9 , Est Remaining: 338.8
99 135.2 , Est Remaining: 337.4
100 136.6 , Est Remaining: 336.0
101 138.0 , Est Remaining: 334.6
102 139.3 , Est Remaining: 333.2
103 140.7 , Est Remaining: 332.0
104 142.1 , Est Remaining: 330.6
105 143.4 , Est Remaining: 329.2
106 144.8 , Est Remaining: 327.8
107 146.2 , Est Remaining: 326.4
EVENT FAILED
107 146.4 , Est Remaining: 327.1
108 147.8 , Est Remaining: 325.7
109 149.2 , Est Remaining: 324.3
110 150.5 , Est Remaining: 322.9
111 151.9 , Est Remaining: 321.5
112 153.2 , Est Remaining: 320.2
113 154.6 , Est Remaining: 318.8
114 156.0 , Est Remaining: 317.4
115 157.3 , Est Remaining: 316.0
116 158.6 , Est Remaining: 314.6
117 160.0 , Est Remaining: 313.2
118 161.4 , Est Remaining: 311.8
119 162.7 , Est Remaining: 310.4
EVENT FAILED
119 163.0 , Est Remaining: 310.9
120 164.3 , Est Remaining: 309.5
121 165.7 , Est Remaining: 308.1
122 167.1 , Est Remaining: 306.7
123 168.4 , Est Remaining: 305.3
124 169.8 , Est Remaining: 304.0
EVENT FAILED
124 170.1 , Est Remaining: 304.5
125 171.4 , Est Remaining: 303.1
126 172.8 , Est Remaining: 301.7
127 174.2 , Est Remaining: 300.3
128 175.5 , Est Remaining: 298.9
129 176.9 , Est Remaining: 297.5
130 178.2 , Est Remaining: 296.1
131 179.6 , Est Remaining: 294.7
132 180.9 , Est Remaining: 293.3
133 182.3 , Est Remaining: 291.9
134 183.6 , Est Remaining: 290.5
135 185.0 , Est Remaining: 289.2
136 186.4 , Est Remaining: 287.8
137 187.7 , Est Remaining: 286.4
138 189.1 , Est Remaining: 285.0
139 190.5 , Est Remaining: 283.6
140 191.8 , Est Remaining: 282.2
141 193.2 , Est Remaining: 280.9
142 194.6 , Est Remaining: 279.5
143 195.9 , Est Remaining: 278.1
144 197.2 , Est Remaining: 276.7
145 198.6 , Est Remaining: 275.3
146 199.9 , Est Remaining: 273.9
147 201.3 , Est Remaining: 272.5
148 202.7 , Est Remaining: 271.1
149 204.0 , Est Remaining: 269.7
150 205.4 , Est Remaining: 268.4
151 206.7 , Est Remaining: 266.9
152 208.0 , Est Remaining: 265.5
153 209.4 , Est Remaining: 264.1
154 210.7 , Est Remaining: 262.7
155 212.1 , Est Remaining: 261.3
156 213.4 , Est Remaining: 259.9
157 214.8 , Est Remaining: 258.6
158 216.2 , Est Remaining: 257.2
159 217.5 , Est Remaining: 255.8
160 218.9 , Est Remaining: 254.4
161 220.2 , Est Remaining: 253.0
162 221.6 , Est Remaining: 251.7
163 222.9 , Est Remaining: 250.3
164 224.3 , Est Remaining: 248.9
165 225.6 , Est Remaining: 247.5
166 227.0 , Est Remaining: 246.1
167 228.3 , Est Remaining: 244.7
168 229.7 , Est Remaining: 243.3
169 231.0 , Est Remaining: 242.0
170 232.4 , Est Remaining: 240.6
171 233.7 , Est Remaining: 239.2
EVENT FAILED
171 234.0 , Est Remaining: 239.5
172 235.4 , Est Remaining: 238.1
173 236.8 , Est Remaining: 236.8
174 238.1 , Est Remaining: 235.4
175 239.5 , Est Remaining: 234.0
176 240.8 , Est Remaining: 232.6
177 242.2 , Est Remaining: 231.3
178 243.6 , Est Remaining: 229.9
179 244.9 , Est Remaining: 228.5
180 246.3 , Est Remaining: 227.1
181 247.6 , Est Remaining: 225.7
182 249.0 , Est Remaining: 224.3
183 250.3 , Est Remaining: 223.0
184 251.7 , Est Remaining: 221.6
185 253.1 , Est Remaining: 220.2
186 254.4 , Est Remaining: 218.8
187 255.8 , Est Remaining: 217.5
188 257.1 , Est Remaining: 216.1
189 258.5 , Est Remaining: 214.7
190 259.8 , Est Remaining: 213.3
EVENT FAILED
190 260.1 , Est Remaining: 213.6
191 261.5 , Est Remaining: 212.2
192 262.9 , Est Remaining: 210.8
193 264.2 , Est Remaining: 209.5
194 265.6 , Est Remaining: 208.1
195 266.9 , Est Remaining: 206.7
196 268.3 , Est Remaining: 205.3
197 269.7 , Est Remaining: 204.0
198 271.0 , Est Remaining: 202.6
199 272.4 , Est Remaining: 201.2
200 273.7 , Est Remaining: 199.8
201 275.1 , Est Remaining: 198.4
202 276.5 , Est Remaining: 197.1
203 277.9 , Est Remaining: 195.8
204 279.3 , Est Remaining: 194.4
205 280.6 , Est Remaining: 193.0
206 282.0 , Est Remaining: 191.6
207 283.3 , Est Remaining: 190.3
208 284.7 , Est Remaining: 188.9
209 286.0 , Est Remaining: 187.5
210 287.4 , Est Remaining: 186.1
EVENT FAILED
210 287.7 , Est Remaining: 186.3
211 289.0 , Est Remaining: 184.9
212 290.4 , Est Remaining: 183.5
213 291.7 , Est Remaining: 182.1
214 293.1 , Est Remaining: 180.8
215 294.4 , Est Remaining: 179.4
216 295.7 , Est Remaining: 178.0
EVENT FAILED
216 296.0 , Est Remaining: 178.2
217 297.4 , Est Remaining: 176.8
218 298.7 , Est Remaining: 175.4
219 300.1 , Est Remaining: 174.0
220 301.4 , Est Remaining: 172.6
221 302.8 , Est Remaining: 171.3
222 304.1 , Est Remaining: 169.9
223 305.5 , Est Remaining: 168.5
224 306.9 , Est Remaining: 167.1
225 308.2 , Est Remaining: 165.7
226 309.6 , Est Remaining: 164.4
227 310.9 , Est Remaining: 163.0
228 312.3 , Est Remaining: 161.6
229 313.6 , Est Remaining: 160.2
230 315.0 , Est Remaining: 158.9
231 316.3 , Est Remaining: 157.5
232 317.7 , Est Remaining: 156.1
233 319.0 , Est Remaining: 154.7
EVENT FAILED
233 319.3 , Est Remaining: 154.9
234 320.7 , Est Remaining: 153.5
235 322.0 , Est Remaining: 152.1
EVENT FAILED
235 322.3 , Est Remaining: 152.2
236 323.7 , Est Remaining: 150.9
237 325.0 , Est Remaining: 149.5
238 326.4 , Est Remaining: 148.1
239 327.7 , Est Remaining: 146.7
240 329.1 , Est Remaining: 145.3
241 330.4 , Est Remaining: 144.0
242 331.8 , Est Remaining: 142.6
243 333.1 , Est Remaining: 141.2
244 334.5 , Est Remaining: 139.8
245 335.9 , Est Remaining: 138.5
246 337.2 , Est Remaining: 137.1
247 338.6 , Est Remaining: 135.7
248 339.9 , Est Remaining: 134.3
249 341.3 , Est Remaining: 132.9
250 342.6 , Est Remaining: 131.6
251 343.9 , Est Remaining: 130.2
252 345.3 , Est Remaining: 128.8
253 346.6 , Est Remaining: 127.4
254 348.0 , Est Remaining: 126.0
255 349.3 , Est Remaining: 124.7
256 350.6 , Est Remaining: 123.3
257 352.0 , Est Remaining: 121.9
258 353.4 , Est Remaining: 120.5
259 354.7 , Est Remaining: 119.1
260 356.0 , Est Remaining: 117.8
261 357.4 , Est Remaining: 116.4
262 358.7 , Est Remaining: 115.0
263 360.1 , Est Remaining: 113.6
264 361.4 , Est Remaining: 112.3
265 362.7 , Est Remaining: 110.9
266 364.1 , Est Remaining: 109.5
267 365.4 , Est Remaining: 108.1
268 366.7 , Est Remaining: 106.7
269 368.1 , Est Remaining: 105.4
270 369.4 , Est Remaining: 104.0
271 370.8 , Est Remaining: 102.6
272 372.1 , Est Remaining: 101.2
EVENT FAILED
272 372.4 , Est Remaining: 101.3
273 373.8 , Est Remaining: 99.9
274 375.1 , Est Remaining: 98.6
275 376.4 , Est Remaining: 97.2
276 377.8 , Est Remaining: 95.8
277 379.1 , Est Remaining: 94.4
278 380.4 , Est Remaining: 93.0
279 381.7 , Est Remaining: 91.7
280 383.0 , Est Remaining: 90.3
281 384.3 , Est Remaining: 88.9
282 385.6 , Est Remaining: 87.5
283 386.9 , Est Remaining: 86.1
284 388.2 , Est Remaining: 84.8
285 389.5 , Est Remaining: 83.4
286 390.9 , Est Remaining: 82.0
EVENT FAILED
286 391.1 , Est Remaining: 82.1
287 392.5 , Est Remaining: 80.7
288 393.8 , Est Remaining: 79.3
289 395.1 , Est Remaining: 77.9
290 396.5 , Est Remaining: 76.6
291 397.8 , Est Remaining: 75.2
292 399.1 , Est Remaining: 73.8
293 400.4 , Est Remaining: 72.4
294 401.8 , Est Remaining: 71.1
295 403.1 , Est Remaining: 69.7
296 404.4 , Est Remaining: 68.3
297 405.7 , Est Remaining: 66.9
298 407.0 , Est Remaining: 65.6
299 408.3 , Est Remaining: 64.2
300 409.6 , Est Remaining: 62.8
301 410.9 , Est Remaining: 61.4
302 412.4 , Est Remaining: 60.1
303 413.7 , Est Remaining: 58.7
304 415.0 , Est Remaining: 57.3
305 416.3 , Est Remaining: 56.0
306 417.6 , Est Remaining: 54.6
307 418.9 , Est Remaining: 53.2
308 420.2 , Est Remaining: 51.8
309 421.5 , Est Remaining: 50.5
310 422.8 , Est Remaining: 49.1
311 424.1 , Est Remaining: 47.7
312 425.4 , Est Remaining: 46.4
313 426.7 , Est Remaining: 45.0
314 428.0 , Est Remaining: 43.6
315 429.3 , Est Remaining: 42.2
316 430.6 , Est Remaining: 40.9
317 431.9 , Est Remaining: 39.5
318 433.2 , Est Remaining: 38.1
319 434.5 , Est Remaining: 36.8
320 435.9 , Est Remaining: 35.4
321 437.2 , Est Remaining: 34.0
322 438.5 , Est Remaining: 32.7
323 439.8 , Est Remaining: 31.3
324 441.1 , Est Remaining: 30.0
325 442.4 , Est Remaining: 28.6
326 443.7 , Est Remaining: 27.2
327 445.1 , Est Remaining: 25.9
328 446.3 , Est Remaining: 24.5
329 447.6 , Est Remaining: 23.1
330 448.9 , Est Remaining: 21.8
331 450.2 , Est Remaining: 20.4
332 451.5 , Est Remaining: 19.0
