Note: NumExpr detected 32 cores but "NUMEXPR_MAX_THREADS" not set, so enforcing safe limit of 8.
Using selector: EpollSelector
/n/home02/jhaefner/miniconda/envs/IC-3.7-2020-06-16/lib/python3.7/site-packages/scipy/optimize/minpack.py:808: OptimizeWarning: Covariance of the parameters could not be estimated
  category=OptimizeWarning)
Total rwfs: 346
0 0.0 , Est Remaining: 999999.9
1 1.4 , Est Remaining: 492.5
2 2.8 , Est Remaining: 487.2
3 4.2 , Est Remaining: 485.8
4 5.6 , Est Remaining: 482.0
5 7.0 , Est Remaining: 479.2
6 8.4 , Est Remaining: 478.3
7 9.8 , Est Remaining: 475.6
8 11.2 , Est Remaining: 474.2
9 12.6 , Est Remaining: 472.3
10 14.0 , Est Remaining: 470.1
11 15.4 , Est Remaining: 468.4
12 16.8 , Est Remaining: 467.2
13 18.2 , Est Remaining: 465.9
14 19.6 , Est Remaining: 464.1
15 21.0 , Est Remaining: 462.4
16 22.4 , Est Remaining: 461.2
17 23.7 , Est Remaining: 459.4
18 25.1 , Est Remaining: 457.7
19 26.5 , Est Remaining: 455.8
20 27.9 , Est Remaining: 454.1
21 29.2 , Est Remaining: 452.4
22 30.6 , Est Remaining: 450.9
23 32.0 , Est Remaining: 449.5
24 33.4 , Est Remaining: 448.1
25 34.8 , Est Remaining: 446.7
26 36.2 , Est Remaining: 445.2
27 37.5 , Est Remaining: 443.6
28 38.9 , Est Remaining: 442.2
29 40.3 , Est Remaining: 440.5
30 41.7 , Est Remaining: 439.0
31 43.1 , Est Remaining: 437.6
32 44.4 , Est Remaining: 436.1
33 45.8 , Est Remaining: 434.6
34 47.2 , Est Remaining: 433.1
35 48.6 , Est Remaining: 431.6
36 49.9 , Est Remaining: 430.0
37 51.3 , Est Remaining: 428.6
38 52.7 , Est Remaining: 427.1
39 54.1 , Est Remaining: 425.6
40 55.4 , Est Remaining: 424.1
41 56.8 , Est Remaining: 422.6
42 58.2 , Est Remaining: 421.2
43 59.6 , Est Remaining: 419.8
44 61.0 , Est Remaining: 418.4
45 62.3 , Est Remaining: 416.8
46 63.7 , Est Remaining: 415.3
47 65.0 , Est Remaining: 413.8
48 66.4 , Est Remaining: 412.4
49 67.8 , Est Remaining: 410.9
50 69.2 , Est Remaining: 409.5
51 70.5 , Est Remaining: 408.0
52 71.9 , Est Remaining: 406.6
53 73.3 , Est Remaining: 405.2
54 74.7 , Est Remaining: 403.8
55 76.0 , Est Remaining: 402.4
56 77.4 , Est Remaining: 401.0
57 78.8 , Est Remaining: 399.6
58 80.2 , Est Remaining: 398.2
59 81.6 , Est Remaining: 396.7
60 82.9 , Est Remaining: 395.3
61 84.3 , Est Remaining: 393.9
62 85.7 , Est Remaining: 392.4
63 87.0 , Est Remaining: 390.9
64 88.4 , Est Remaining: 389.5
65 89.8 , Est Remaining: 388.0
66 91.1 , Est Remaining: 386.6
67 92.5 , Est Remaining: 385.2
68 93.9 , Est Remaining: 383.8
69 95.2 , Est Remaining: 382.4
70 96.6 , Est Remaining: 381.0
71 98.0 , Est Remaining: 379.5
72 99.4 , Est Remaining: 378.2
73 100.7 , Est Remaining: 376.7
EVENT FAILED
73 101.1 , Est Remaining: 378.0
74 102.5 , Est Remaining: 376.6
75 103.9 , Est Remaining: 375.3
76 105.3 , Est Remaining: 373.9
77 106.6 , Est Remaining: 372.5
78 108.0 , Est Remaining: 371.1
79 109.4 , Est Remaining: 369.7
80 110.8 , Est Remaining: 368.2
81 112.1 , Est Remaining: 366.8
82 113.5 , Est Remaining: 365.4
83 114.9 , Est Remaining: 364.0
84 116.2 , Est Remaining: 362.6
85 117.6 , Est Remaining: 361.2
86 119.0 , Est Remaining: 359.8
87 120.4 , Est Remaining: 358.4
88 121.8 , Est Remaining: 357.0
89 123.1 , Est Remaining: 355.5
90 124.5 , Est Remaining: 354.1
91 125.9 , Est Remaining: 352.7
92 127.2 , Est Remaining: 351.3
93 128.6 , Est Remaining: 349.9
94 130.0 , Est Remaining: 348.4
95 131.3 , Est Remaining: 347.0
96 132.7 , Est Remaining: 345.6
97 134.1 , Est Remaining: 344.2
98 135.5 , Est Remaining: 342.9
99 136.9 , Est Remaining: 341.4
100 138.2 , Est Remaining: 340.0
101 139.6 , Est Remaining: 338.6
102 141.0 , Est Remaining: 337.2
103 142.4 , Est Remaining: 335.9
104 143.7 , Est Remaining: 334.5
105 145.1 , Est Remaining: 333.1
106 146.5 , Est Remaining: 331.7
107 147.9 , Est Remaining: 330.3
108 149.2 , Est Remaining: 328.9
EVENT FAILED
108 149.5 , Est Remaining: 329.5
109 150.9 , Est Remaining: 328.1
110 152.3 , Est Remaining: 326.8
111 153.7 , Est Remaining: 325.3
112 155.0 , Est Remaining: 323.9
113 156.4 , Est Remaining: 322.5
114 157.8 , Est Remaining: 321.1
115 159.2 , Est Remaining: 319.7
116 160.6 , Est Remaining: 318.3
117 162.0 , Est Remaining: 317.0
118 163.4 , Est Remaining: 315.6
119 164.8 , Est Remaining: 314.3
120 166.2 , Est Remaining: 312.9
121 167.6 , Est Remaining: 311.6
122 169.0 , Est Remaining: 310.2
123 170.3 , Est Remaining: 308.8
124 171.7 , Est Remaining: 307.5
125 173.1 , Est Remaining: 306.1
126 174.5 , Est Remaining: 304.7
127 175.9 , Est Remaining: 303.3
128 177.3 , Est Remaining: 301.9
129 178.7 , Est Remaining: 300.5
130 180.0 , Est Remaining: 299.1
131 181.4 , Est Remaining: 297.7
132 182.8 , Est Remaining: 296.3
133 184.2 , Est Remaining: 294.9
134 185.5 , Est Remaining: 293.5
135 186.9 , Est Remaining: 292.1
136 188.3 , Est Remaining: 290.7
137 189.7 , Est Remaining: 289.4
138 191.1 , Est Remaining: 288.0
139 192.4 , Est Remaining: 286.6
140 193.8 , Est Remaining: 285.2
141 195.2 , Est Remaining: 283.8
142 196.6 , Est Remaining: 282.4
143 198.0 , Est Remaining: 281.0
144 199.3 , Est Remaining: 279.6
145 200.7 , Est Remaining: 278.3
146 202.1 , Est Remaining: 276.9
147 203.5 , Est Remaining: 275.5
148 204.9 , Est Remaining: 274.1
149 206.3 , Est Remaining: 272.7
150 207.7 , Est Remaining: 271.4
151 209.1 , Est Remaining: 270.0
152 210.4 , Est Remaining: 268.6
153 211.8 , Est Remaining: 267.2
154 213.2 , Est Remaining: 265.8
155 214.6 , Est Remaining: 264.4
156 216.0 , Est Remaining: 263.1
157 217.4 , Est Remaining: 261.7
158 218.8 , Est Remaining: 260.3
159 220.2 , Est Remaining: 259.0
160 221.6 , Est Remaining: 257.6
161 223.0 , Est Remaining: 256.2
162 224.3 , Est Remaining: 254.7
163 225.7 , Est Remaining: 253.4
164 227.0 , Est Remaining: 252.0
165 228.4 , Est Remaining: 250.6
166 229.8 , Est Remaining: 249.2
167 231.2 , Est Remaining: 247.8
168 232.5 , Est Remaining: 246.4
169 233.9 , Est Remaining: 245.0
170 235.3 , Est Remaining: 243.6
171 236.7 , Est Remaining: 242.2
172 238.0 , Est Remaining: 240.8
173 239.4 , Est Remaining: 239.4
174 240.8 , Est Remaining: 238.0
175 242.2 , Est Remaining: 236.7
176 243.6 , Est Remaining: 235.3
177 244.9 , Est Remaining: 233.9
178 246.3 , Est Remaining: 232.5
179 247.5 , Est Remaining: 230.9
180 248.9 , Est Remaining: 229.5
181 250.3 , Est Remaining: 228.1
182 251.6 , Est Remaining: 226.7
183 253.0 , Est Remaining: 225.4
184 254.4 , Est Remaining: 224.0
185 255.8 , Est Remaining: 222.6
186 257.2 , Est Remaining: 221.2
187 258.6 , Est Remaining: 219.9
188 260.0 , Est Remaining: 218.5
189 261.4 , Est Remaining: 217.1
190 262.7 , Est Remaining: 215.7
191 264.1 , Est Remaining: 214.3
192 265.5 , Est Remaining: 213.0
193 266.9 , Est Remaining: 211.6
194 268.3 , Est Remaining: 210.2
195 269.6 , Est Remaining: 208.8
196 271.0 , Est Remaining: 207.4
197 272.4 , Est Remaining: 206.0
198 273.8 , Est Remaining: 204.6
199 275.1 , Est Remaining: 203.2
200 276.5 , Est Remaining: 201.9
201 277.9 , Est Remaining: 200.5
202 279.3 , Est Remaining: 199.1
EVENT FAILED
202 279.7 , Est Remaining: 199.4
203 281.0 , Est Remaining: 198.0
204 282.4 , Est Remaining: 196.6
205 283.8 , Est Remaining: 195.2
206 285.2 , Est Remaining: 193.8
207 286.5 , Est Remaining: 192.4
208 287.9 , Est Remaining: 191.0
EVENT FAILED
208 288.2 , Est Remaining: 191.2
209 289.6 , Est Remaining: 189.8
210 291.0 , Est Remaining: 188.4
211 292.3 , Est Remaining: 187.0
212 293.7 , Est Remaining: 185.7
213 295.1 , Est Remaining: 184.3
214 296.5 , Est Remaining: 182.9
215 297.9 , Est Remaining: 181.5
216 299.3 , Est Remaining: 180.1
217 300.6 , Est Remaining: 178.7
218 302.0 , Est Remaining: 177.3
219 303.4 , Est Remaining: 175.9
220 304.8 , Est Remaining: 174.5
221 306.2 , Est Remaining: 173.2
222 307.5 , Est Remaining: 171.8
223 308.9 , Est Remaining: 170.4
224 310.3 , Est Remaining: 169.0
225 311.7 , Est Remaining: 167.6
EVENT FAILED
225 312.0 , Est Remaining: 167.8
226 313.4 , Est Remaining: 166.4
227 314.8 , Est Remaining: 165.0
228 316.2 , Est Remaining: 163.6
229 317.6 , Est Remaining: 162.3
230 319.0 , Est Remaining: 160.9
231 320.3 , Est Remaining: 159.5
232 321.7 , Est Remaining: 158.1
233 323.1 , Est Remaining: 156.7
234 324.5 , Est Remaining: 155.3
235 325.9 , Est Remaining: 153.9
236 327.2 , Est Remaining: 152.5
237 328.6 , Est Remaining: 151.1
238 330.0 , Est Remaining: 149.8
239 331.4 , Est Remaining: 148.4
240 332.8 , Est Remaining: 147.0
241 334.2 , Est Remaining: 145.6
242 335.8 , Est Remaining: 144.3
243 337.2 , Est Remaining: 142.9
244 338.6 , Est Remaining: 141.5
245 340.0 , Est Remaining: 140.2
246 341.4 , Est Remaining: 138.8
247 342.8 , Est Remaining: 137.4
248 344.1 , Est Remaining: 136.0
249 345.5 , Est Remaining: 134.6
250 346.9 , Est Remaining: 133.2
251 348.3 , Est Remaining: 131.8
252 349.7 , Est Remaining: 130.4
253 351.1 , Est Remaining: 129.1
254 352.5 , Est Remaining: 127.7
255 353.9 , Est Remaining: 126.3
256 355.2 , Est Remaining: 124.9
257 356.6 , Est Remaining: 123.5
258 358.0 , Est Remaining: 122.1
259 359.4 , Est Remaining: 120.7
260 360.8 , Est Remaining: 119.3
261 362.2 , Est Remaining: 117.9
262 363.6 , Est Remaining: 116.6
263 364.9 , Est Remaining: 115.2
264 366.3 , Est Remaining: 113.8
265 367.7 , Est Remaining: 112.4
266 369.1 , Est Remaining: 111.0
267 370.5 , Est Remaining: 109.6
268 371.8 , Est Remaining: 108.2
269 373.2 , Est Remaining: 106.8
270 374.6 , Est Remaining: 105.4
271 376.0 , Est Remaining: 104.0
272 377.3 , Est Remaining: 102.7
273 378.7 , Est Remaining: 101.3
274 380.0 , Est Remaining: 99.9
275 381.4 , Est Remaining: 98.5
276 382.8 , Est Remaining: 97.1
277 384.1 , Est Remaining: 95.7
278 385.5 , Est Remaining: 94.3
279 386.9 , Est Remaining: 92.9
280 388.2 , Est Remaining: 91.5
281 389.6 , Est Remaining: 90.1
282 391.0 , Est Remaining: 88.7
283 392.4 , Est Remaining: 87.3
284 393.7 , Est Remaining: 86.0
285 395.1 , Est Remaining: 84.6
286 396.5 , Est Remaining: 83.2
287 397.7 , Est Remaining: 81.8
288 399.1 , Est Remaining: 80.4
289 400.4 , Est Remaining: 79.0
290 401.8 , Est Remaining: 77.6
291 403.2 , Est Remaining: 76.2
292 404.6 , Est Remaining: 74.8
293 405.9 , Est Remaining: 73.4
EVENT FAILED
293 406.2 , Est Remaining: 73.5
294 407.6 , Est Remaining: 72.1
295 409.0 , Est Remaining: 70.7
296 410.4 , Est Remaining: 69.3
297 411.7 , Est Remaining: 67.9
298 413.0 , Est Remaining: 66.5
299 414.4 , Est Remaining: 65.1
300 415.8 , Est Remaining: 63.8
301 417.2 , Est Remaining: 62.4
302 418.7 , Est Remaining: 61.0
303 420.0 , Est Remaining: 59.6
304 421.4 , Est Remaining: 58.2
305 422.8 , Est Remaining: 56.8
306 424.1 , Est Remaining: 55.4
307 425.5 , Est Remaining: 54.1
308 426.9 , Est Remaining: 52.7
309 428.2 , Est Remaining: 51.3
310 429.6 , Est Remaining: 49.9
311 431.0 , Est Remaining: 48.5
EVENT FAILED
311 431.3 , Est Remaining: 48.5
312 432.7 , Est Remaining: 47.1
313 434.0 , Est Remaining: 45.8
314 435.4 , Est Remaining: 44.4
315 436.7 , Est Remaining: 43.0
316 438.1 , Est Remaining: 41.6
317 439.4 , Est Remaining: 40.2
EVENT FAILED
317 439.9 , Est Remaining: 40.2
318 441.3 , Est Remaining: 38.9
319 442.7 , Est Remaining: 37.5
320 444.0 , Est Remaining: 36.1
321 445.4 , Est Remaining: 34.7
EVENT FAILED
321 445.7 , Est Remaining: 34.7
322 447.0 , Est Remaining: 33.3
323 448.4 , Est Remaining: 31.9
324 449.7 , Est Remaining: 30.5
325 451.1 , Est Remaining: 29.1
326 452.4 , Est Remaining: 27.8
327 453.8 , Est Remaining: 26.4
328 455.1 , Est Remaining: 25.0
329 456.4 , Est Remaining: 23.6
330 457.8 , Est Remaining: 22.2
331 459.1 , Est Remaining: 20.8
332 460.4 , Est Remaining: 19.4
333 461.7 , Est Remaining: 18.0
334 462.9 , Est Remaining: 16.6
335 464.2 , Est Remaining: 15.2
336 465.5 , Est Remaining: 13.9
