Note: NumExpr detected 32 cores but "NUMEXPR_MAX_THREADS" not set, so enforcing safe limit of 8.
Using selector: EpollSelector
/n/home02/jhaefner/miniconda/envs/IC-3.7-2020-06-16/lib/python3.7/site-packages/scipy/optimize/minpack.py:808: OptimizeWarning: Covariance of the parameters could not be estimated
  category=OptimizeWarning)
Total rwfs: 346
0 0.0 , Est Remaining: 999999.9
1 1.3 , Est Remaining: 457.4
2 2.7 , Est Remaining: 456.3
3 4.0 , Est Remaining: 456.5
4 5.3 , Est Remaining: 451.6
5 6.6 , Est Remaining: 448.6
6 7.9 , Est Remaining: 446.9
7 9.2 , Est Remaining: 445.2
8 10.5 , Est Remaining: 443.7
9 11.8 , Est Remaining: 441.8
10 13.1 , Est Remaining: 440.2
11 14.4 , Est Remaining: 438.8
12 15.7 , Est Remaining: 437.8
13 17.1 , Est Remaining: 437.0
14 18.4 , Est Remaining: 437.3
15 19.8 , Est Remaining: 436.0
EVENT FAILED
15 20.1 , Est Remaining: 442.9
16 21.4 , Est Remaining: 441.3
17 22.7 , Est Remaining: 439.8
18 24.1 , Est Remaining: 438.4
19 25.4 , Est Remaining: 436.8
20 26.7 , Est Remaining: 435.5
21 28.1 , Est Remaining: 434.2
22 29.4 , Est Remaining: 432.7
23 30.7 , Est Remaining: 431.3
24 32.1 , Est Remaining: 430.1
25 33.4 , Est Remaining: 428.7
EVENT FAILED
25 33.7 , Est Remaining: 432.7
26 35.0 , Est Remaining: 431.1
27 36.4 , Est Remaining: 429.6
28 37.7 , Est Remaining: 427.9
29 39.0 , Est Remaining: 426.3
30 40.3 , Est Remaining: 424.8
31 41.7 , Est Remaining: 423.3
32 43.0 , Est Remaining: 421.9
33 44.3 , Est Remaining: 420.5
34 45.6 , Est Remaining: 418.9
35 47.0 , Est Remaining: 417.5
36 48.3 , Est Remaining: 416.2
37 49.7 , Est Remaining: 414.8
38 51.0 , Est Remaining: 413.5
39 52.4 , Est Remaining: 412.1
40 53.7 , Est Remaining: 410.7
41 55.0 , Est Remaining: 409.3
42 56.4 , Est Remaining: 407.9
43 57.7 , Est Remaining: 406.4
44 59.1 , Est Remaining: 405.3
45 60.4 , Est Remaining: 404.1
46 61.8 , Est Remaining: 402.7
EVENT FAILED
46 62.1 , Est Remaining: 404.7
47 63.4 , Est Remaining: 403.4
48 64.8 , Est Remaining: 402.0
49 66.1 , Est Remaining: 400.7
50 67.5 , Est Remaining: 399.3
51 68.8 , Est Remaining: 398.0
52 70.1 , Est Remaining: 396.6
53 71.5 , Est Remaining: 395.2
54 72.8 , Est Remaining: 393.9
55 74.2 , Est Remaining: 392.5
56 75.5 , Est Remaining: 391.2
57 76.9 , Est Remaining: 389.9
58 78.3 , Est Remaining: 388.6
59 79.6 , Est Remaining: 387.3
60 81.0 , Est Remaining: 385.9
61 82.3 , Est Remaining: 384.6
62 83.7 , Est Remaining: 383.2
63 85.0 , Est Remaining: 381.9
64 86.4 , Est Remaining: 380.5
65 87.7 , Est Remaining: 379.2
66 89.1 , Est Remaining: 377.8
67 90.4 , Est Remaining: 376.4
68 91.8 , Est Remaining: 375.1
69 93.1 , Est Remaining: 373.7
70 94.4 , Est Remaining: 372.3
71 95.8 , Est Remaining: 370.9
72 97.1 , Est Remaining: 369.5
73 98.4 , Est Remaining: 368.2
74 99.8 , Est Remaining: 366.8
75 101.1 , Est Remaining: 365.4
76 102.4 , Est Remaining: 364.0
77 103.8 , Est Remaining: 362.7
78 105.2 , Est Remaining: 361.3
79 106.5 , Est Remaining: 359.9
80 107.9 , Est Remaining: 358.6
81 109.2 , Est Remaining: 357.2
82 110.5 , Est Remaining: 355.8
83 111.9 , Est Remaining: 354.4
84 113.2 , Est Remaining: 353.1
85 114.5 , Est Remaining: 351.6
86 115.8 , Est Remaining: 350.2
87 117.2 , Est Remaining: 348.8
88 118.5 , Est Remaining: 347.4
89 119.8 , Est Remaining: 346.0
90 121.1 , Est Remaining: 344.6
91 122.5 , Est Remaining: 343.2
92 123.8 , Est Remaining: 341.8
93 125.1 , Est Remaining: 340.4
94 126.5 , Est Remaining: 339.1
95 127.8 , Est Remaining: 337.8
96 129.2 , Est Remaining: 336.4
97 130.5 , Est Remaining: 335.1
98 131.9 , Est Remaining: 333.8
99 133.2 , Est Remaining: 332.4
100 134.6 , Est Remaining: 331.1
101 135.9 , Est Remaining: 329.8
102 137.3 , Est Remaining: 328.4
103 138.7 , Est Remaining: 327.2
104 140.0 , Est Remaining: 325.9
105 141.4 , Est Remaining: 324.5
106 142.7 , Est Remaining: 323.2
107 144.1 , Est Remaining: 321.8
108 145.4 , Est Remaining: 320.4
109 146.8 , Est Remaining: 319.1
110 148.1 , Est Remaining: 317.7
111 149.4 , Est Remaining: 316.4
112 150.8 , Est Remaining: 315.0
113 152.1 , Est Remaining: 313.6
114 153.4 , Est Remaining: 312.2
115 154.8 , Est Remaining: 310.9
116 156.1 , Est Remaining: 309.5
117 157.4 , Est Remaining: 308.1
118 158.8 , Est Remaining: 306.7
119 160.1 , Est Remaining: 305.4
120 161.4 , Est Remaining: 304.0
121 162.8 , Est Remaining: 302.7
122 164.1 , Est Remaining: 301.3
123 165.4 , Est Remaining: 299.9
EVENT FAILED
123 165.7 , Est Remaining: 300.5
124 167.1 , Est Remaining: 299.1
125 168.4 , Est Remaining: 297.7
126 169.7 , Est Remaining: 296.4
127 171.1 , Est Remaining: 295.0
128 172.4 , Est Remaining: 293.7
129 173.8 , Est Remaining: 292.3
130 175.1 , Est Remaining: 290.9
131 176.4 , Est Remaining: 289.6
132 177.8 , Est Remaining: 288.2
133 179.1 , Est Remaining: 286.8
134 180.4 , Est Remaining: 285.4
135 181.7 , Est Remaining: 284.0
136 183.0 , Est Remaining: 282.6
137 184.3 , Est Remaining: 281.2
138 185.6 , Est Remaining: 279.8
139 187.0 , Est Remaining: 278.4
140 188.3 , Est Remaining: 277.0
141 189.6 , Est Remaining: 275.6
142 190.9 , Est Remaining: 274.2
143 192.2 , Est Remaining: 272.9
144 193.6 , Est Remaining: 271.5
145 194.9 , Est Remaining: 270.1
146 196.2 , Est Remaining: 268.8
147 197.6 , Est Remaining: 267.4
148 198.9 , Est Remaining: 266.1
149 200.2 , Est Remaining: 264.7
150 201.6 , Est Remaining: 263.4
151 202.9 , Est Remaining: 262.1
152 204.3 , Est Remaining: 260.7
153 205.6 , Est Remaining: 259.3
EVENT FAILED
153 205.9 , Est Remaining: 259.7
154 207.2 , Est Remaining: 258.4
155 208.6 , Est Remaining: 257.0
156 209.9 , Est Remaining: 255.6
157 211.2 , Est Remaining: 254.3
EVENT FAILED
157 211.5 , Est Remaining: 254.6
EVENT FAILED
157 211.8 , Est Remaining: 255.0
158 213.1 , Est Remaining: 253.6
159 214.5 , Est Remaining: 252.2
160 215.8 , Est Remaining: 250.9
161 217.2 , Est Remaining: 249.5
162 218.5 , Est Remaining: 248.2
163 219.8 , Est Remaining: 246.8
164 221.2 , Est Remaining: 245.5
EVENT FAILED
164 221.5 , Est Remaining: 245.8
165 222.8 , Est Remaining: 244.4
166 224.2 , Est Remaining: 243.1
167 225.5 , Est Remaining: 241.7
168 226.8 , Est Remaining: 240.3
169 228.1 , Est Remaining: 238.9
170 229.4 , Est Remaining: 237.5
171 230.7 , Est Remaining: 236.1
172 232.1 , Est Remaining: 234.8
173 233.4 , Est Remaining: 233.4
174 234.8 , Est Remaining: 232.1
175 236.1 , Est Remaining: 230.7
176 237.4 , Est Remaining: 229.3
177 238.8 , Est Remaining: 228.0
178 240.1 , Est Remaining: 226.6
179 241.4 , Est Remaining: 225.3
180 242.8 , Est Remaining: 223.9
181 244.1 , Est Remaining: 222.5
182 245.5 , Est Remaining: 221.2
183 246.8 , Est Remaining: 219.8
184 248.2 , Est Remaining: 218.5
185 249.5 , Est Remaining: 217.1
186 250.8 , Est Remaining: 215.8
187 252.2 , Est Remaining: 214.4
188 253.5 , Est Remaining: 213.1
189 254.9 , Est Remaining: 211.7
190 256.2 , Est Remaining: 210.4
191 257.6 , Est Remaining: 209.0
192 258.9 , Est Remaining: 207.7
193 260.2 , Est Remaining: 206.3
194 261.6 , Est Remaining: 205.0
195 262.9 , Est Remaining: 203.6
196 264.3 , Est Remaining: 202.2
EVENT FAILED
196 264.6 , Est Remaining: 202.5
197 265.9 , Est Remaining: 201.1
198 267.3 , Est Remaining: 199.8
199 268.6 , Est Remaining: 198.4
200 269.9 , Est Remaining: 197.0
201 271.3 , Est Remaining: 195.7
202 272.6 , Est Remaining: 194.3
203 274.0 , Est Remaining: 193.0
204 275.4 , Est Remaining: 191.7
205 276.7 , Est Remaining: 190.3
206 278.1 , Est Remaining: 189.0
207 279.4 , Est Remaining: 187.6
208 280.8 , Est Remaining: 186.3
209 282.1 , Est Remaining: 184.9
210 283.5 , Est Remaining: 183.6
211 284.8 , Est Remaining: 182.2
212 286.1 , Est Remaining: 180.9
213 287.5 , Est Remaining: 179.5
214 288.8 , Est Remaining: 178.2
215 290.2 , Est Remaining: 176.8
216 291.5 , Est Remaining: 175.4
217 292.8 , Est Remaining: 174.1
218 294.1 , Est Remaining: 172.7
219 295.5 , Est Remaining: 171.3
220 296.8 , Est Remaining: 170.0
221 298.1 , Est Remaining: 168.6
222 299.4 , Est Remaining: 167.2
223 300.7 , Est Remaining: 165.9
224 302.0 , Est Remaining: 164.5
225 303.4 , Est Remaining: 163.1
226 304.7 , Est Remaining: 161.8
227 306.0 , Est Remaining: 160.4
228 307.4 , Est Remaining: 159.1
229 308.7 , Est Remaining: 157.7
230 310.0 , Est Remaining: 156.3
231 311.3 , Est Remaining: 155.0
232 312.7 , Est Remaining: 153.6
233 314.0 , Est Remaining: 152.3
EVENT FAILED
233 314.3 , Est Remaining: 152.4
234 315.7 , Est Remaining: 151.1
235 317.0 , Est Remaining: 149.7
236 318.3 , Est Remaining: 148.4
237 319.7 , Est Remaining: 147.0
238 321.0 , Est Remaining: 145.7
239 322.3 , Est Remaining: 144.3
240 323.7 , Est Remaining: 143.0
EVENT FAILED
240 324.0 , Est Remaining: 143.1
241 325.3 , Est Remaining: 141.7
242 326.7 , Est Remaining: 140.4
243 328.0 , Est Remaining: 139.0
EVENT FAILED
243 328.3 , Est Remaining: 139.2
244 329.7 , Est Remaining: 137.8
245 331.0 , Est Remaining: 136.4
246 332.3 , Est Remaining: 135.1
247 333.7 , Est Remaining: 133.7
248 335.0 , Est Remaining: 132.4
249 336.3 , Est Remaining: 131.0
250 337.7 , Est Remaining: 129.7
251 339.0 , Est Remaining: 128.3
252 340.3 , Est Remaining: 126.9
253 341.7 , Est Remaining: 125.6
254 343.0 , Est Remaining: 124.2
EVENT FAILED
254 343.6 , Est Remaining: 124.5
255 345.0 , Est Remaining: 123.1
256 346.3 , Est Remaining: 121.7
257 347.6 , Est Remaining: 120.4
258 349.0 , Est Remaining: 119.0
259 350.3 , Est Remaining: 117.7
260 351.7 , Est Remaining: 116.3
261 353.0 , Est Remaining: 115.0
262 354.3 , Est Remaining: 113.6
263 355.7 , Est Remaining: 112.2
264 357.0 , Est Remaining: 110.9
265 358.4 , Est Remaining: 109.5
266 359.7 , Est Remaining: 108.2
267 361.0 , Est Remaining: 106.8
268 362.4 , Est Remaining: 105.5
269 363.7 , Est Remaining: 104.1
270 365.1 , Est Remaining: 102.8
271 366.4 , Est Remaining: 101.4
272 367.7 , Est Remaining: 100.0
273 369.1 , Est Remaining: 98.7
274 370.4 , Est Remaining: 97.3
275 371.7 , Est Remaining: 96.0
276 373.1 , Est Remaining: 94.6
277 374.5 , Est Remaining: 93.3
278 375.8 , Est Remaining: 91.9
279 377.1 , Est Remaining: 90.6
280 378.5 , Est Remaining: 89.2
281 379.8 , Est Remaining: 87.9
282 381.1 , Est Remaining: 86.5
283 382.5 , Est Remaining: 85.1
284 383.8 , Est Remaining: 83.8
285 385.1 , Est Remaining: 82.4
286 386.5 , Est Remaining: 81.1
287 387.8 , Est Remaining: 79.7
288 389.1 , Est Remaining: 78.4
289 390.5 , Est Remaining: 77.0
290 391.8 , Est Remaining: 75.7
291 393.1 , Est Remaining: 74.3
292 394.5 , Est Remaining: 72.9
293 395.8 , Est Remaining: 71.6
294 397.1 , Est Remaining: 70.2
295 398.5 , Est Remaining: 68.9
296 399.8 , Est Remaining: 67.5
297 401.2 , Est Remaining: 66.2
298 402.5 , Est Remaining: 64.8
299 403.8 , Est Remaining: 63.5
300 405.2 , Est Remaining: 62.1
301 406.5 , Est Remaining: 60.8
302 408.0 , Est Remaining: 59.4
303 409.3 , Est Remaining: 58.1
304 410.7 , Est Remaining: 56.7
305 412.0 , Est Remaining: 55.4
306 413.3 , Est Remaining: 54.0
307 414.7 , Est Remaining: 52.7
308 416.0 , Est Remaining: 51.3
309 417.4 , Est Remaining: 50.0
310 418.7 , Est Remaining: 48.6
311 420.0 , Est Remaining: 47.3
312 421.4 , Est Remaining: 45.9
313 422.7 , Est Remaining: 44.6
314 424.1 , Est Remaining: 43.2
315 425.4 , Est Remaining: 41.9
316 426.7 , Est Remaining: 40.5
317 428.1 , Est Remaining: 39.2
318 429.4 , Est Remaining: 37.8
319 430.7 , Est Remaining: 36.5
320 432.1 , Est Remaining: 35.1
321 433.4 , Est Remaining: 33.8
322 434.8 , Est Remaining: 32.4
323 436.1 , Est Remaining: 31.1
324 437.4 , Est Remaining: 29.7
325 438.8 , Est Remaining: 28.4
326 440.1 , Est Remaining: 27.0
327 441.4 , Est Remaining: 25.6
328 442.8 , Est Remaining: 24.3
329 444.1 , Est Remaining: 22.9
330 445.4 , Est Remaining: 21.6
331 446.7 , Est Remaining: 20.2
332 448.0 , Est Remaining: 18.9
