Note: NumExpr detected 32 cores but "NUMEXPR_MAX_THREADS" not set, so enforcing safe limit of 8.
Using selector: EpollSelector
/n/home02/jhaefner/miniconda/envs/IC-3.7-2020-06-16/lib/python3.7/site-packages/scipy/optimize/minpack.py:808: OptimizeWarning: Covariance of the parameters could not be estimated
  category=OptimizeWarning)
Total rwfs: 346
0 0.0 , Est Remaining: 999999.9
1 1.4 , Est Remaining: 492.2
2 2.8 , Est Remaining: 489.0
3 4.3 , Est Remaining: 487.1
4 5.6 , Est Remaining: 481.7
5 7.0 , Est Remaining: 479.3
6 8.4 , Est Remaining: 475.9
7 9.8 , Est Remaining: 473.5
8 11.2 , Est Remaining: 471.2
9 12.6 , Est Remaining: 470.0
EVENT FAILED
9 12.9 , Est Remaining: 481.3
EVENT FAILED
9 13.2 , Est Remaining: 492.5
10 14.5 , Est Remaining: 488.3
11 15.9 , Est Remaining: 484.6
12 17.3 , Est Remaining: 481.1
13 18.6 , Est Remaining: 477.7
14 20.0 , Est Remaining: 474.5
15 21.4 , Est Remaining: 471.8
16 22.7 , Est Remaining: 468.7
17 24.1 , Est Remaining: 466.4
18 25.5 , Est Remaining: 464.1
19 26.8 , Est Remaining: 461.8
20 28.2 , Est Remaining: 459.1
21 29.5 , Est Remaining: 457.1
22 30.9 , Est Remaining: 455.2
23 32.3 , Est Remaining: 453.2
24 33.6 , Est Remaining: 451.3
25 35.0 , Est Remaining: 449.7
EVENT FAILED
25 35.3 , Est Remaining: 453.4
26 36.7 , Est Remaining: 451.4
27 38.0 , Est Remaining: 449.5
28 39.4 , Est Remaining: 447.6
29 40.8 , Est Remaining: 445.6
30 42.1 , Est Remaining: 443.8
31 43.5 , Est Remaining: 442.3
32 44.9 , Est Remaining: 440.6
33 46.3 , Est Remaining: 439.0
34 47.7 , Est Remaining: 437.3
35 49.0 , Est Remaining: 435.5
36 50.4 , Est Remaining: 434.1
EVENT FAILED
36 50.7 , Est Remaining: 436.7
37 52.1 , Est Remaining: 435.0
38 53.5 , Est Remaining: 433.3
EVENT FAILED
38 53.8 , Est Remaining: 435.8
39 55.1 , Est Remaining: 434.0
40 56.5 , Est Remaining: 432.1
41 57.9 , Est Remaining: 430.4
42 59.2 , Est Remaining: 428.6
43 60.6 , Est Remaining: 426.9
44 61.9 , Est Remaining: 425.2
45 63.3 , Est Remaining: 423.4
46 64.6 , Est Remaining: 421.6
47 66.0 , Est Remaining: 419.7
48 67.3 , Est Remaining: 418.0
49 68.7 , Est Remaining: 416.3
50 70.0 , Est Remaining: 414.6
51 71.4 , Est Remaining: 412.9
52 72.7 , Est Remaining: 411.3
53 74.1 , Est Remaining: 409.7
54 75.5 , Est Remaining: 408.1
55 76.8 , Est Remaining: 406.6
56 78.2 , Est Remaining: 405.0
57 79.6 , Est Remaining: 403.5
58 81.0 , Est Remaining: 402.0
59 82.4 , Est Remaining: 400.7
60 83.8 , Est Remaining: 399.3
61 85.2 , Est Remaining: 397.9
62 86.6 , Est Remaining: 396.5
63 88.0 , Est Remaining: 395.1
64 89.4 , Est Remaining: 393.7
65 90.8 , Est Remaining: 392.5
66 92.2 , Est Remaining: 391.3
67 93.7 , Est Remaining: 390.1
68 95.1 , Est Remaining: 388.8
69 96.5 , Est Remaining: 387.6
70 98.0 , Est Remaining: 386.4
71 99.4 , Est Remaining: 385.1
72 100.8 , Est Remaining: 383.7
73 102.3 , Est Remaining: 382.4
74 103.7 , Est Remaining: 381.2
EVENT FAILED
74 104.0 , Est Remaining: 382.3
75 105.4 , Est Remaining: 381.0
76 106.9 , Est Remaining: 379.7
77 108.3 , Est Remaining: 378.4
78 109.7 , Est Remaining: 377.1
79 111.2 , Est Remaining: 375.8
80 112.6 , Est Remaining: 374.4
EVENT FAILED
80 112.9 , Est Remaining: 375.4
81 114.3 , Est Remaining: 374.0
82 115.8 , Est Remaining: 372.7
83 117.2 , Est Remaining: 371.3
84 118.6 , Est Remaining: 369.9
85 120.0 , Est Remaining: 368.6
86 121.4 , Est Remaining: 367.2
87 122.9 , Est Remaining: 365.8
88 124.3 , Est Remaining: 364.4
89 125.7 , Est Remaining: 363.1
90 127.2 , Est Remaining: 361.8
91 128.6 , Est Remaining: 360.4
92 130.1 , Est Remaining: 359.1
93 131.5 , Est Remaining: 357.7
94 132.9 , Est Remaining: 356.3
95 134.3 , Est Remaining: 355.0
96 135.8 , Est Remaining: 353.7
97 137.3 , Est Remaining: 352.3
98 138.7 , Est Remaining: 351.0
99 140.1 , Est Remaining: 349.7
100 141.6 , Est Remaining: 348.3
101 143.0 , Est Remaining: 346.9
102 144.4 , Est Remaining: 345.5
103 145.9 , Est Remaining: 344.3
104 147.4 , Est Remaining: 342.9
105 148.8 , Est Remaining: 341.6
106 150.3 , Est Remaining: 340.2
107 151.7 , Est Remaining: 338.8
108 153.1 , Est Remaining: 337.5
109 154.6 , Est Remaining: 336.1
110 156.0 , Est Remaining: 334.7
111 157.5 , Est Remaining: 333.4
112 158.8 , Est Remaining: 331.8
113 160.3 , Est Remaining: 330.5
114 161.7 , Est Remaining: 329.2
115 163.2 , Est Remaining: 327.9
116 164.7 , Est Remaining: 326.6
117 166.2 , Est Remaining: 325.2
118 167.6 , Est Remaining: 323.9
119 169.1 , Est Remaining: 322.6
120 170.6 , Est Remaining: 321.3
EVENT FAILED
120 170.9 , Est Remaining: 321.9
121 172.4 , Est Remaining: 320.5
122 173.8 , Est Remaining: 319.2
123 175.3 , Est Remaining: 317.8
124 176.7 , Est Remaining: 316.4
125 178.2 , Est Remaining: 315.1
126 179.7 , Est Remaining: 313.7
127 181.1 , Est Remaining: 312.3
128 182.6 , Est Remaining: 311.0
129 184.0 , Est Remaining: 309.6
130 185.5 , Est Remaining: 308.2
EVENT FAILED
130 185.8 , Est Remaining: 308.8
131 187.3 , Est Remaining: 307.4
132 188.7 , Est Remaining: 306.0
EVENT FAILED
132 189.1 , Est Remaining: 306.5
133 190.5 , Est Remaining: 305.1
134 192.0 , Est Remaining: 303.7
135 193.4 , Est Remaining: 302.3
136 194.9 , Est Remaining: 300.9
137 196.3 , Est Remaining: 299.5
138 197.8 , Est Remaining: 298.1
139 199.2 , Est Remaining: 296.7
140 200.7 , Est Remaining: 295.3
141 202.2 , Est Remaining: 293.9
142 203.6 , Est Remaining: 292.5
143 205.1 , Est Remaining: 291.2
144 206.6 , Est Remaining: 289.8
145 208.1 , Est Remaining: 288.5
146 209.6 , Est Remaining: 287.1
147 211.1 , Est Remaining: 285.7
148 212.6 , Est Remaining: 284.4
149 214.1 , Est Remaining: 283.0
150 215.5 , Est Remaining: 281.6
151 217.0 , Est Remaining: 280.2
152 218.5 , Est Remaining: 278.9
153 220.0 , Est Remaining: 277.5
154 221.5 , Est Remaining: 276.1
155 223.0 , Est Remaining: 274.8
156 224.5 , Est Remaining: 273.4
157 226.0 , Est Remaining: 272.0
158 227.5 , Est Remaining: 270.7
159 229.0 , Est Remaining: 269.3
160 230.5 , Est Remaining: 267.9
161 231.9 , Est Remaining: 266.5
162 233.4 , Est Remaining: 265.1
EVENT FAILED
162 233.7 , Est Remaining: 265.5
163 235.2 , Est Remaining: 264.1
164 236.7 , Est Remaining: 262.6
165 238.1 , Est Remaining: 261.2
EVENT FAILED
165 238.5 , Est Remaining: 261.6
166 239.9 , Est Remaining: 260.2
167 241.4 , Est Remaining: 258.8
168 242.9 , Est Remaining: 257.4
169 244.4 , Est Remaining: 255.9
170 245.9 , Est Remaining: 254.5
171 247.3 , Est Remaining: 253.1
172 248.8 , Est Remaining: 251.7
173 250.3 , Est Remaining: 250.3
174 251.7 , Est Remaining: 248.8
175 253.2 , Est Remaining: 247.4
176 254.7 , Est Remaining: 246.0
177 256.1 , Est Remaining: 244.6
178 257.6 , Est Remaining: 243.1
179 259.1 , Est Remaining: 241.7
180 260.5 , Est Remaining: 240.3
181 262.0 , Est Remaining: 238.8
182 263.5 , Est Remaining: 237.4
183 265.0 , Est Remaining: 236.0
184 266.5 , Est Remaining: 234.6
185 267.9 , Est Remaining: 233.2
EVENT FAILED
185 268.3 , Est Remaining: 233.5
186 269.7 , Est Remaining: 232.0
187 271.2 , Est Remaining: 230.6
188 272.7 , Est Remaining: 229.2
189 274.2 , Est Remaining: 227.8
190 275.7 , Est Remaining: 226.4
191 277.2 , Est Remaining: 224.9
192 278.7 , Est Remaining: 223.5
193 280.1 , Est Remaining: 222.0
194 281.6 , Est Remaining: 220.6
195 283.0 , Est Remaining: 219.2
196 284.5 , Est Remaining: 217.8
197 286.0 , Est Remaining: 216.3
198 287.5 , Est Remaining: 214.9
199 289.0 , Est Remaining: 213.5
200 290.4 , Est Remaining: 212.0
201 291.9 , Est Remaining: 210.6
202 293.4 , Est Remaining: 209.1
203 295.0 , Est Remaining: 207.8
204 296.5 , Est Remaining: 206.4
205 297.9 , Est Remaining: 204.9
206 299.4 , Est Remaining: 203.5
207 300.9 , Est Remaining: 202.0
208 302.3 , Est Remaining: 200.6
209 303.8 , Est Remaining: 199.2
210 305.3 , Est Remaining: 197.7
211 306.8 , Est Remaining: 196.3
212 308.3 , Est Remaining: 194.9
213 309.8 , Est Remaining: 193.4
214 311.2 , Est Remaining: 192.0
215 312.7 , Est Remaining: 190.5
216 314.2 , Est Remaining: 189.1
217 315.6 , Est Remaining: 187.6
218 317.1 , Est Remaining: 186.2
219 318.6 , Est Remaining: 184.8
220 320.1 , Est Remaining: 183.3
221 321.5 , Est Remaining: 181.9
222 323.0 , Est Remaining: 180.4
223 324.5 , Est Remaining: 179.0
224 325.9 , Est Remaining: 177.5
225 327.4 , Est Remaining: 176.1
226 328.9 , Est Remaining: 174.6
227 330.4 , Est Remaining: 173.2
228 331.8 , Est Remaining: 171.7
229 333.3 , Est Remaining: 170.3
230 334.8 , Est Remaining: 168.8
231 336.3 , Est Remaining: 167.4
232 337.7 , Est Remaining: 166.0
233 339.2 , Est Remaining: 164.5
234 340.7 , Est Remaining: 163.1
235 342.2 , Est Remaining: 161.6
236 343.6 , Est Remaining: 160.2
237 345.1 , Est Remaining: 158.7
238 346.6 , Est Remaining: 157.3
239 348.1 , Est Remaining: 155.8
240 349.5 , Est Remaining: 154.4
241 351.0 , Est Remaining: 152.9
242 352.5 , Est Remaining: 151.5
243 353.9 , Est Remaining: 150.0
244 355.4 , Est Remaining: 148.6
245 356.9 , Est Remaining: 147.1
246 358.3 , Est Remaining: 145.7
247 359.8 , Est Remaining: 144.2
248 361.3 , Est Remaining: 142.8
249 362.8 , Est Remaining: 141.3
250 364.2 , Est Remaining: 139.9
251 365.7 , Est Remaining: 138.4
252 367.1 , Est Remaining: 136.9
253 368.6 , Est Remaining: 135.5
254 370.1 , Est Remaining: 134.0
255 371.5 , Est Remaining: 132.6
256 373.0 , Est Remaining: 131.1
257 374.5 , Est Remaining: 129.7
258 375.9 , Est Remaining: 128.2
259 377.4 , Est Remaining: 126.8
260 378.9 , Est Remaining: 125.3
261 380.3 , Est Remaining: 123.9
262 381.8 , Est Remaining: 122.4
263 383.2 , Est Remaining: 120.9
264 384.7 , Est Remaining: 119.5
265 386.2 , Est Remaining: 118.0
266 387.6 , Est Remaining: 116.6
267 389.1 , Est Remaining: 115.1
268 390.6 , Est Remaining: 113.7
269 392.0 , Est Remaining: 112.2
EVENT FAILED
269 392.3 , Est Remaining: 112.3
270 393.8 , Est Remaining: 110.9
271 395.3 , Est Remaining: 109.4
272 396.8 , Est Remaining: 107.9
273 398.2 , Est Remaining: 106.5
274 399.7 , Est Remaining: 105.0
275 401.2 , Est Remaining: 103.6
276 402.7 , Est Remaining: 102.1
277 404.2 , Est Remaining: 100.7
278 405.6 , Est Remaining: 99.2
279 407.1 , Est Remaining: 97.8
280 408.6 , Est Remaining: 96.3
281 410.1 , Est Remaining: 94.9
282 411.6 , Est Remaining: 93.4
283 413.0 , Est Remaining: 91.9
284 414.5 , Est Remaining: 90.5
285 416.0 , Est Remaining: 89.0
286 417.5 , Est Remaining: 87.6
287 419.0 , Est Remaining: 86.1
288 420.5 , Est Remaining: 84.7
289 422.0 , Est Remaining: 83.2
290 423.4 , Est Remaining: 81.8
291 424.9 , Est Remaining: 80.3
292 426.4 , Est Remaining: 78.9
293 427.9 , Est Remaining: 77.4
294 429.4 , Est Remaining: 75.9
295 430.9 , Est Remaining: 74.5
296 432.4 , Est Remaining: 73.0
297 433.8 , Est Remaining: 71.6
298 435.3 , Est Remaining: 70.1
299 436.7 , Est Remaining: 68.6
300 438.2 , Est Remaining: 67.2
301 439.6 , Est Remaining: 65.7
302 441.2 , Est Remaining: 64.3
303 442.8 , Est Remaining: 62.8
304 444.2 , Est Remaining: 61.4
305 445.7 , Est Remaining: 59.9
306 447.2 , Est Remaining: 58.5
307 448.7 , Est Remaining: 57.0
308 450.1 , Est Remaining: 55.5
309 451.6 , Est Remaining: 54.1
310 453.1 , Est Remaining: 52.6
311 454.5 , Est Remaining: 51.2
312 456.0 , Est Remaining: 49.7
313 457.5 , Est Remaining: 48.2
314 458.9 , Est Remaining: 46.8
315 460.4 , Est Remaining: 45.3
316 461.9 , Est Remaining: 43.8
317 463.4 , Est Remaining: 42.4
318 464.8 , Est Remaining: 40.9
EVENT FAILED
318 465.2 , Est Remaining: 41.0
319 466.6 , Est Remaining: 39.5
320 468.1 , Est Remaining: 38.0
321 469.6 , Est Remaining: 36.6
322 471.0 , Est Remaining: 35.1
323 472.4 , Est Remaining: 33.6
324 473.9 , Est Remaining: 32.2
325 475.3 , Est Remaining: 30.7
326 476.8 , Est Remaining: 29.2
327 478.2 , Est Remaining: 27.8
328 479.6 , Est Remaining: 26.3
329 481.1 , Est Remaining: 24.9
330 482.5 , Est Remaining: 23.4
