Note: NumExpr detected 32 cores but "NUMEXPR_MAX_THREADS" not set, so enforcing safe limit of 8.
Using selector: EpollSelector
/n/home02/jhaefner/miniconda/envs/IC-3.7-2020-06-16/lib/python3.7/site-packages/scipy/optimize/minpack.py:808: OptimizeWarning: Covariance of the parameters could not be estimated
  category=OptimizeWarning)
Total rwfs: 346
0 0.0 , Est Remaining: 999999.9
1 1.5 , Est Remaining: 506.0
2 2.9 , Est Remaining: 500.5
3 4.4 , Est Remaining: 502.4
4 5.8 , Est Remaining: 498.6
5 7.3 , Est Remaining: 495.6
6 8.7 , Est Remaining: 493.7
7 10.2 , Est Remaining: 492.0
8 11.6 , Est Remaining: 490.8
9 13.1 , Est Remaining: 489.7
10 14.5 , Est Remaining: 488.3
11 16.0 , Est Remaining: 486.8
12 17.4 , Est Remaining: 485.4
13 18.9 , Est Remaining: 484.1
14 20.4 , Est Remaining: 482.6
15 21.8 , Est Remaining: 480.8
16 23.2 , Est Remaining: 478.9
17 24.7 , Est Remaining: 477.5
18 26.1 , Est Remaining: 475.8
EVENT FAILED
18 26.4 , Est Remaining: 481.3
19 27.8 , Est Remaining: 479.2
20 29.3 , Est Remaining: 477.2
21 30.7 , Est Remaining: 475.4
22 32.2 , Est Remaining: 473.7
23 33.6 , Est Remaining: 471.9
24 35.0 , Est Remaining: 469.8
25 36.4 , Est Remaining: 467.7
EVENT FAILED
25 36.8 , Est Remaining: 471.9
26 38.2 , Est Remaining: 469.9
27 39.6 , Est Remaining: 468.0
28 41.0 , Est Remaining: 466.0
29 42.4 , Est Remaining: 463.9
30 43.9 , Est Remaining: 462.0
EVENT FAILED
30 44.2 , Est Remaining: 465.2
31 45.6 , Est Remaining: 463.4
32 47.0 , Est Remaining: 461.6
33 48.5 , Est Remaining: 459.8
34 49.9 , Est Remaining: 458.0
35 51.3 , Est Remaining: 456.1
36 52.8 , Est Remaining: 454.3
37 54.2 , Est Remaining: 452.6
38 55.6 , Est Remaining: 451.0
39 57.1 , Est Remaining: 449.2
40 58.5 , Est Remaining: 447.5
41 59.9 , Est Remaining: 445.8
42 61.3 , Est Remaining: 444.0
43 62.8 , Est Remaining: 442.3
EVENT FAILED
43 63.1 , Est Remaining: 444.5
44 64.5 , Est Remaining: 442.6
45 65.9 , Est Remaining: 440.8
46 67.3 , Est Remaining: 439.0
47 68.7 , Est Remaining: 437.3
48 70.2 , Est Remaining: 435.6
49 71.6 , Est Remaining: 433.9
50 73.0 , Est Remaining: 432.4
EVENT FAILED
50 73.3 , Est Remaining: 434.2
51 74.8 , Est Remaining: 432.7
52 76.3 , Est Remaining: 431.1
53 77.7 , Est Remaining: 429.5
54 79.2 , Est Remaining: 428.0
55 80.6 , Est Remaining: 426.5
56 82.1 , Est Remaining: 425.0
57 83.5 , Est Remaining: 423.5
58 85.0 , Est Remaining: 422.0
59 86.4 , Est Remaining: 420.4
60 87.9 , Est Remaining: 418.8
61 89.3 , Est Remaining: 417.3
62 90.7 , Est Remaining: 415.7
63 92.2 , Est Remaining: 414.1
64 93.6 , Est Remaining: 412.5
65 95.0 , Est Remaining: 410.8
66 96.5 , Est Remaining: 409.2
67 97.9 , Est Remaining: 407.6
68 99.3 , Est Remaining: 406.1
69 100.8 , Est Remaining: 404.5
70 102.2 , Est Remaining: 402.9
71 103.6 , Est Remaining: 401.3
72 105.1 , Est Remaining: 399.8
73 106.5 , Est Remaining: 398.2
74 107.9 , Est Remaining: 396.7
75 109.3 , Est Remaining: 395.1
76 110.8 , Est Remaining: 393.5
77 112.2 , Est Remaining: 392.0
78 113.6 , Est Remaining: 390.3
79 115.0 , Est Remaining: 388.8
80 116.5 , Est Remaining: 387.2
81 117.9 , Est Remaining: 385.7
82 119.3 , Est Remaining: 384.1
83 120.7 , Est Remaining: 382.6
84 122.2 , Est Remaining: 381.1
85 123.6 , Est Remaining: 379.6
86 125.0 , Est Remaining: 378.0
87 126.5 , Est Remaining: 376.5
88 127.9 , Est Remaining: 374.9
89 129.3 , Est Remaining: 373.4
90 130.7 , Est Remaining: 371.8
91 132.1 , Est Remaining: 370.2
92 133.6 , Est Remaining: 368.8
93 135.0 , Est Remaining: 367.3
94 136.5 , Est Remaining: 365.9
95 137.9 , Est Remaining: 364.4
96 139.4 , Est Remaining: 362.9
97 140.8 , Est Remaining: 361.4
98 142.2 , Est Remaining: 359.9
99 143.7 , Est Remaining: 358.5
100 145.1 , Est Remaining: 357.1
101 146.6 , Est Remaining: 355.6
102 148.0 , Est Remaining: 354.1
103 149.6 , Est Remaining: 352.9
104 151.0 , Est Remaining: 351.4
105 152.5 , Est Remaining: 349.9
106 153.9 , Est Remaining: 348.5
107 155.4 , Est Remaining: 347.0
108 156.8 , Est Remaining: 345.6
109 158.3 , Est Remaining: 344.1
110 159.7 , Est Remaining: 342.7
111 161.2 , Est Remaining: 341.2
112 162.6 , Est Remaining: 339.7
113 164.1 , Est Remaining: 338.3
114 165.5 , Est Remaining: 336.8
115 167.0 , Est Remaining: 335.4
116 168.4 , Est Remaining: 333.9
117 169.8 , Est Remaining: 332.4
118 171.3 , Est Remaining: 330.9
119 172.7 , Est Remaining: 329.5
120 174.1 , Est Remaining: 328.0
121 175.6 , Est Remaining: 326.5
122 177.0 , Est Remaining: 325.0
123 178.4 , Est Remaining: 323.5
124 179.9 , Est Remaining: 322.0
125 181.3 , Est Remaining: 320.6
126 182.7 , Est Remaining: 319.1
127 184.2 , Est Remaining: 317.6
128 185.6 , Est Remaining: 316.1
129 187.0 , Est Remaining: 314.6
130 188.5 , Est Remaining: 313.1
131 189.9 , Est Remaining: 311.6
132 191.3 , Est Remaining: 310.2
133 192.8 , Est Remaining: 308.8
134 194.2 , Est Remaining: 307.3
135 195.7 , Est Remaining: 305.8
136 197.1 , Est Remaining: 304.4
137 198.5 , Est Remaining: 302.9
138 200.0 , Est Remaining: 301.4
139 201.4 , Est Remaining: 299.9
140 202.8 , Est Remaining: 298.5
141 204.3 , Est Remaining: 297.0
142 205.7 , Est Remaining: 295.5
143 207.2 , Est Remaining: 294.1
144 208.6 , Est Remaining: 292.6
145 210.0 , Est Remaining: 291.1
146 211.5 , Est Remaining: 289.7
147 212.9 , Est Remaining: 288.2
148 214.3 , Est Remaining: 286.8
149 215.8 , Est Remaining: 285.3
150 217.2 , Est Remaining: 283.8
151 218.6 , Est Remaining: 282.4
152 220.1 , Est Remaining: 280.9
153 221.5 , Est Remaining: 279.4
154 223.0 , Est Remaining: 278.0
155 224.4 , Est Remaining: 276.5
156 225.8 , Est Remaining: 275.1
157 227.3 , Est Remaining: 273.6
158 228.7 , Est Remaining: 272.1
159 230.1 , Est Remaining: 270.7
160 231.6 , Est Remaining: 269.2
161 233.0 , Est Remaining: 267.7
162 234.4 , Est Remaining: 266.3
163 235.8 , Est Remaining: 264.8
164 237.3 , Est Remaining: 263.3
165 238.7 , Est Remaining: 261.8
166 240.1 , Est Remaining: 260.4
167 241.5 , Est Remaining: 258.9
168 243.0 , Est Remaining: 257.4
169 244.4 , Est Remaining: 256.0
170 245.8 , Est Remaining: 254.5
171 247.3 , Est Remaining: 253.1
172 248.7 , Est Remaining: 251.6
173 250.2 , Est Remaining: 250.2
174 251.6 , Est Remaining: 248.7
175 253.0 , Est Remaining: 247.2
176 254.5 , Est Remaining: 245.8
177 256.0 , Est Remaining: 244.4
178 257.4 , Est Remaining: 242.9
179 258.9 , Est Remaining: 241.5
180 260.3 , Est Remaining: 240.1
181 261.7 , Est Remaining: 238.6
182 263.2 , Est Remaining: 237.1
183 264.6 , Est Remaining: 235.7
184 266.1 , Est Remaining: 234.3
185 267.5 , Est Remaining: 232.8
186 269.0 , Est Remaining: 231.4
187 270.5 , Est Remaining: 230.0
188 271.9 , Est Remaining: 228.5
189 273.4 , Est Remaining: 227.1
190 274.8 , Est Remaining: 225.7
191 276.3 , Est Remaining: 224.2
192 277.8 , Est Remaining: 222.8
193 279.2 , Est Remaining: 221.4
194 280.7 , Est Remaining: 219.9
195 282.2 , Est Remaining: 218.5
196 283.6 , Est Remaining: 217.1
197 285.1 , Est Remaining: 215.7
198 286.6 , Est Remaining: 214.2
199 288.0 , Est Remaining: 212.7
EVENT FAILED
199 288.7 , Est Remaining: 213.2
200 290.1 , Est Remaining: 211.8
201 291.5 , Est Remaining: 210.3
202 293.0 , Est Remaining: 208.9
203 294.6 , Est Remaining: 207.5
204 296.0 , Est Remaining: 206.1
205 297.5 , Est Remaining: 204.6
206 298.9 , Est Remaining: 203.1
207 300.3 , Est Remaining: 201.7
208 301.8 , Est Remaining: 200.2
209 303.2 , Est Remaining: 198.7
210 304.7 , Est Remaining: 197.3
211 306.1 , Est Remaining: 195.8
212 307.5 , Est Remaining: 194.4
213 309.0 , Est Remaining: 192.9
214 310.4 , Est Remaining: 191.5
215 311.8 , Est Remaining: 190.0
216 313.3 , Est Remaining: 188.5
217 314.7 , Est Remaining: 187.1
218 316.1 , Est Remaining: 185.6
219 317.6 , Est Remaining: 184.2
220 319.0 , Est Remaining: 182.7
EVENT FAILED
220 319.3 , Est Remaining: 182.9
221 320.7 , Est Remaining: 181.4
222 322.2 , Est Remaining: 180.0
223 323.6 , Est Remaining: 178.5
224 325.0 , Est Remaining: 177.0
225 326.5 , Est Remaining: 175.6
226 327.9 , Est Remaining: 174.1
227 329.3 , Est Remaining: 172.6
228 330.8 , Est Remaining: 171.2
229 332.2 , Est Remaining: 169.8
230 333.7 , Est Remaining: 168.3
231 335.1 , Est Remaining: 166.8
232 336.5 , Est Remaining: 165.4
233 338.0 , Est Remaining: 163.9
234 339.4 , Est Remaining: 162.4
235 340.8 , Est Remaining: 161.0
236 342.2 , Est Remaining: 159.5
237 343.6 , Est Remaining: 158.0
238 345.0 , Est Remaining: 156.6
239 346.4 , Est Remaining: 155.1
240 347.8 , Est Remaining: 153.6
241 349.3 , Est Remaining: 152.2
242 350.7 , Est Remaining: 150.7
243 352.1 , Est Remaining: 149.2
244 353.5 , Est Remaining: 147.8
245 354.8 , Est Remaining: 146.3
246 356.2 , Est Remaining: 144.8
247 357.6 , Est Remaining: 143.3
EVENT FAILED
247 357.9 , Est Remaining: 143.4
248 359.3 , Est Remaining: 142.0
249 360.7 , Est Remaining: 140.5
250 362.0 , Est Remaining: 139.0
251 363.4 , Est Remaining: 137.5
252 364.8 , Est Remaining: 136.1
253 366.2 , Est Remaining: 134.6
254 367.5 , Est Remaining: 133.1
255 368.9 , Est Remaining: 131.6
EVENT FAILED
255 369.2 , Est Remaining: 131.7
256 370.5 , Est Remaining: 130.3
257 371.9 , Est Remaining: 128.8
258 373.3 , Est Remaining: 127.3
259 374.7 , Est Remaining: 125.9
260 376.0 , Est Remaining: 124.4
261 377.4 , Est Remaining: 122.9
262 378.8 , Est Remaining: 121.4
263 380.1 , Est Remaining: 120.0
264 381.5 , Est Remaining: 118.5
265 382.9 , Est Remaining: 117.0
266 384.2 , Est Remaining: 115.6
267 385.6 , Est Remaining: 114.1
268 387.0 , Est Remaining: 112.6
269 388.4 , Est Remaining: 111.2
270 389.7 , Est Remaining: 109.7
271 391.1 , Est Remaining: 108.2
272 392.5 , Est Remaining: 106.8
273 393.8 , Est Remaining: 105.3
274 395.2 , Est Remaining: 103.8
275 396.6 , Est Remaining: 102.4
276 397.9 , Est Remaining: 100.9
277 399.3 , Est Remaining: 99.5
278 400.7 , Est Remaining: 98.0
279 402.0 , Est Remaining: 96.5
280 403.4 , Est Remaining: 95.1
281 404.8 , Est Remaining: 93.6
282 406.1 , Est Remaining: 92.2
283 407.5 , Est Remaining: 90.7
284 408.8 , Est Remaining: 89.3
285 410.2 , Est Remaining: 87.8
286 411.5 , Est Remaining: 86.3
287 412.9 , Est Remaining: 84.9
288 414.3 , Est Remaining: 83.4
289 415.6 , Est Remaining: 82.0
290 417.0 , Est Remaining: 80.5
291 418.4 , Est Remaining: 79.1
292 419.7 , Est Remaining: 77.6
293 421.1 , Est Remaining: 76.2
294 422.5 , Est Remaining: 74.7
295 423.9 , Est Remaining: 73.3
296 425.2 , Est Remaining: 71.8
297 426.6 , Est Remaining: 70.4
298 428.0 , Est Remaining: 68.9
299 429.4 , Est Remaining: 67.5
300 430.7 , Est Remaining: 66.0
301 432.1 , Est Remaining: 64.6
302 433.7 , Est Remaining: 63.2
303 435.1 , Est Remaining: 61.7
304 436.5 , Est Remaining: 60.3
305 437.9 , Est Remaining: 58.9
306 439.3 , Est Remaining: 57.4
307 440.7 , Est Remaining: 56.0
EVENT FAILED
307 441.0 , Est Remaining: 56.0
308 442.4 , Est Remaining: 54.6
309 443.9 , Est Remaining: 53.1
310 445.3 , Est Remaining: 51.7
311 446.7 , Est Remaining: 50.3
EVENT FAILED
311 447.0 , Est Remaining: 50.3
312 448.5 , Est Remaining: 48.9
313 449.9 , Est Remaining: 47.4
314 451.4 , Est Remaining: 46.0
315 452.8 , Est Remaining: 44.6
316 454.2 , Est Remaining: 43.1
317 455.7 , Est Remaining: 41.7
318 457.1 , Est Remaining: 40.2
EVENT FAILED
318 457.4 , Est Remaining: 40.3
319 458.8 , Est Remaining: 38.8
320 460.2 , Est Remaining: 37.4
321 461.7 , Est Remaining: 36.0
322 463.1 , Est Remaining: 34.5
323 464.6 , Est Remaining: 33.1
324 466.1 , Est Remaining: 31.6
325 467.5 , Est Remaining: 30.2
326 468.9 , Est Remaining: 28.8
327 470.4 , Est Remaining: 27.3
328 471.8 , Est Remaining: 25.9
329 473.3 , Est Remaining: 24.5
330 474.7 , Est Remaining: 23.0
331 476.1 , Est Remaining: 21.6
332 477.5 , Est Remaining: 20.1
333 478.9 , Est Remaining: 18.7
