Note: NumExpr detected 32 cores but "NUMEXPR_MAX_THREADS" not set, so enforcing safe limit of 8.
Using selector: EpollSelector
/n/home02/jhaefner/miniconda/envs/IC-3.7-2020-06-16/lib/python3.7/site-packages/scipy/optimize/minpack.py:808: OptimizeWarning: Covariance of the parameters could not be estimated
  category=OptimizeWarning)
Total rwfs: 346
0 0.0 , Est Remaining: 999999.9
1 1.4 , Est Remaining: 480.2
2 2.8 , Est Remaining: 475.2
3 4.2 , Est Remaining: 475.8
4 5.5 , Est Remaining: 469.9
EVENT FAILED
4 5.8 , Est Remaining: 495.1
5 7.1 , Est Remaining: 487.3
6 8.5 , Est Remaining: 483.0
7 9.9 , Est Remaining: 477.4
8 11.2 , Est Remaining: 474.0
EVENT FAILED
8 11.5 , Est Remaining: 486.4
9 12.8 , Est Remaining: 481.0
10 14.2 , Est Remaining: 477.0
11 15.5 , Est Remaining: 473.5
12 16.9 , Est Remaining: 471.0
13 18.3 , Est Remaining: 468.4
14 19.6 , Est Remaining: 465.8
15 21.0 , Est Remaining: 463.1
16 22.3 , Est Remaining: 460.4
17 23.7 , Est Remaining: 458.0
18 25.0 , Est Remaining: 455.9
19 26.4 , Est Remaining: 453.7
20 27.7 , Est Remaining: 451.5
21 29.1 , Est Remaining: 449.6
22 30.4 , Est Remaining: 447.7
23 31.8 , Est Remaining: 446.0
EVENT FAILED
23 32.1 , Est Remaining: 450.3
EVENT FAILED
23 32.4 , Est Remaining: 454.6
24 33.7 , Est Remaining: 452.3
25 35.1 , Est Remaining: 450.1
26 36.4 , Est Remaining: 448.0
27 37.7 , Est Remaining: 445.9
28 39.1 , Est Remaining: 443.8
29 40.4 , Est Remaining: 441.8
30 41.8 , Est Remaining: 439.8
31 43.1 , Est Remaining: 438.0
32 44.5 , Est Remaining: 436.2
33 45.8 , Est Remaining: 434.4
34 47.0 , Est Remaining: 431.6
35 48.4 , Est Remaining: 429.9
36 49.7 , Est Remaining: 428.2
37 51.1 , Est Remaining: 426.4
38 52.4 , Est Remaining: 424.6
39 53.7 , Est Remaining: 422.8
40 55.0 , Est Remaining: 421.1
41 56.4 , Est Remaining: 419.5
42 57.7 , Est Remaining: 417.9
43 59.1 , Est Remaining: 416.4
44 60.4 , Est Remaining: 414.8
45 61.8 , Est Remaining: 413.3
46 63.1 , Est Remaining: 411.7
47 64.5 , Est Remaining: 410.0
48 65.8 , Est Remaining: 408.5
49 67.1 , Est Remaining: 406.9
50 68.5 , Est Remaining: 405.3
51 69.8 , Est Remaining: 403.8
52 71.2 , Est Remaining: 402.3
53 72.5 , Est Remaining: 400.7
EVENT FAILED
53 72.8 , Est Remaining: 402.4
54 74.1 , Est Remaining: 400.8
55 75.4 , Est Remaining: 399.2
56 76.8 , Est Remaining: 397.6
57 78.1 , Est Remaining: 396.1
58 79.5 , Est Remaining: 394.6
59 80.8 , Est Remaining: 393.0
60 82.1 , Est Remaining: 391.5
61 83.5 , Est Remaining: 390.0
62 84.8 , Est Remaining: 388.5
63 86.1 , Est Remaining: 387.0
64 87.5 , Est Remaining: 385.5
65 88.8 , Est Remaining: 384.1
66 90.2 , Est Remaining: 382.6
67 91.5 , Est Remaining: 381.1
68 92.9 , Est Remaining: 379.6
69 94.2 , Est Remaining: 378.1
70 95.5 , Est Remaining: 376.6
71 96.9 , Est Remaining: 375.2
72 98.2 , Est Remaining: 373.7
73 99.5 , Est Remaining: 372.2
74 100.8 , Est Remaining: 370.7
75 102.2 , Est Remaining: 369.2
76 103.5 , Est Remaining: 367.7
77 104.8 , Est Remaining: 366.3
78 106.2 , Est Remaining: 364.8
79 107.5 , Est Remaining: 363.3
80 108.8 , Est Remaining: 361.8
81 110.1 , Est Remaining: 360.3
82 111.5 , Est Remaining: 358.8
83 112.8 , Est Remaining: 357.4
84 114.1 , Est Remaining: 356.0
85 115.5 , Est Remaining: 354.6
86 116.8 , Est Remaining: 353.1
87 118.2 , Est Remaining: 351.7
88 119.5 , Est Remaining: 350.4
89 120.9 , Est Remaining: 349.0
90 122.2 , Est Remaining: 347.6
91 123.5 , Est Remaining: 346.2
92 124.9 , Est Remaining: 344.8
93 126.2 , Est Remaining: 343.4
94 127.6 , Est Remaining: 342.0
95 128.9 , Est Remaining: 340.7
96 130.3 , Est Remaining: 339.3
97 131.6 , Est Remaining: 337.9
98 133.0 , Est Remaining: 336.5
99 134.3 , Est Remaining: 335.1
100 135.7 , Est Remaining: 333.7
101 137.0 , Est Remaining: 332.4
102 138.4 , Est Remaining: 331.0
103 139.8 , Est Remaining: 329.8
EVENT FAILED
103 140.1 , Est Remaining: 330.4
104 141.4 , Est Remaining: 329.0
105 142.7 , Est Remaining: 327.6
106 144.1 , Est Remaining: 326.3
107 145.4 , Est Remaining: 324.9
108 146.8 , Est Remaining: 323.5
109 148.1 , Est Remaining: 322.1
110 149.5 , Est Remaining: 320.7
111 150.8 , Est Remaining: 319.3
EVENT FAILED
111 151.1 , Est Remaining: 319.9
112 152.5 , Est Remaining: 318.5
113 153.8 , Est Remaining: 317.1
EVENT FAILED
113 154.1 , Est Remaining: 317.7
114 155.5 , Est Remaining: 316.4
EVENT FAILED
114 155.8 , Est Remaining: 317.0
115 157.1 , Est Remaining: 315.6
116 158.4 , Est Remaining: 314.1
117 159.8 , Est Remaining: 312.7
118 161.1 , Est Remaining: 311.3
119 162.5 , Est Remaining: 309.9
EVENT FAILED
119 162.8 , Est Remaining: 310.5
120 164.1 , Est Remaining: 309.1
121 165.5 , Est Remaining: 307.7
122 166.8 , Est Remaining: 306.3
123 168.1 , Est Remaining: 304.8
124 169.5 , Est Remaining: 303.4
125 170.8 , Est Remaining: 302.0
126 172.1 , Est Remaining: 300.6
127 173.5 , Est Remaining: 299.1
EVENT FAILED
127 173.8 , Est Remaining: 299.7
128 175.1 , Est Remaining: 298.2
129 176.4 , Est Remaining: 296.8
130 177.8 , Est Remaining: 295.4
131 179.1 , Est Remaining: 293.9
EVENT FAILED
131 179.4 , Est Remaining: 294.4
132 180.7 , Est Remaining: 293.0
133 182.0 , Est Remaining: 291.5
134 183.4 , Est Remaining: 290.1
EVENT FAILED
134 183.7 , Est Remaining: 290.6
135 185.0 , Est Remaining: 289.2
136 186.4 , Est Remaining: 287.8
137 187.7 , Est Remaining: 286.3
138 189.0 , Est Remaining: 284.9
139 190.4 , Est Remaining: 283.5
140 191.7 , Est Remaining: 282.1
141 193.1 , Est Remaining: 280.7
142 194.5 , Est Remaining: 279.4
143 195.8 , Est Remaining: 278.0
144 197.2 , Est Remaining: 276.6
145 198.5 , Est Remaining: 275.2
146 199.8 , Est Remaining: 273.8
147 201.2 , Est Remaining: 272.3
148 202.5 , Est Remaining: 270.9
149 203.9 , Est Remaining: 269.5
150 205.2 , Est Remaining: 268.1
151 206.5 , Est Remaining: 266.7
152 207.9 , Est Remaining: 265.3
153 209.2 , Est Remaining: 264.0
154 210.6 , Est Remaining: 262.5
155 211.9 , Est Remaining: 261.2
156 213.3 , Est Remaining: 259.8
157 214.6 , Est Remaining: 258.4
158 216.0 , Est Remaining: 257.0
159 217.3 , Est Remaining: 255.6
160 218.7 , Est Remaining: 254.2
161 220.0 , Est Remaining: 252.8
162 221.3 , Est Remaining: 251.4
EVENT FAILED
162 221.6 , Est Remaining: 251.7
EVENT FAILED
162 222.0 , Est Remaining: 252.1
163 223.3 , Est Remaining: 250.7
164 224.7 , Est Remaining: 249.3
165 226.0 , Est Remaining: 247.9
166 227.3 , Est Remaining: 246.5
167 228.7 , Est Remaining: 245.1
168 230.0 , Est Remaining: 243.7
169 231.4 , Est Remaining: 242.3
170 232.7 , Est Remaining: 241.0
171 234.1 , Est Remaining: 239.6
172 235.5 , Est Remaining: 238.2
173 236.8 , Est Remaining: 236.8
174 238.2 , Est Remaining: 235.4
175 239.5 , Est Remaining: 234.1
176 240.9 , Est Remaining: 232.7
177 242.2 , Est Remaining: 231.3
178 243.5 , Est Remaining: 229.9
179 244.9 , Est Remaining: 228.5
180 246.2 , Est Remaining: 227.1
181 247.6 , Est Remaining: 225.7
182 248.9 , Est Remaining: 224.3
183 250.2 , Est Remaining: 222.9
184 251.5 , Est Remaining: 221.5
185 252.9 , Est Remaining: 220.1
186 254.2 , Est Remaining: 218.7
187 255.6 , Est Remaining: 217.3
188 256.9 , Est Remaining: 215.9
189 258.2 , Est Remaining: 214.5
190 259.6 , Est Remaining: 213.1
191 260.9 , Est Remaining: 211.7
192 262.2 , Est Remaining: 210.3
193 263.6 , Est Remaining: 208.9
194 264.9 , Est Remaining: 207.6
195 266.2 , Est Remaining: 206.2
196 267.6 , Est Remaining: 204.8
197 268.9 , Est Remaining: 203.4
198 270.3 , Est Remaining: 202.0
199 271.6 , Est Remaining: 200.6
200 272.9 , Est Remaining: 199.2
201 274.3 , Est Remaining: 197.9
202 275.6 , Est Remaining: 196.5
203 277.1 , Est Remaining: 195.2
204 278.4 , Est Remaining: 193.8
205 279.8 , Est Remaining: 192.4
206 281.1 , Est Remaining: 191.0
207 282.4 , Est Remaining: 189.7
208 283.8 , Est Remaining: 188.3
209 285.1 , Est Remaining: 186.9
210 286.5 , Est Remaining: 185.5
211 287.8 , Est Remaining: 184.2
212 289.2 , Est Remaining: 182.8
213 290.5 , Est Remaining: 181.4
214 291.9 , Est Remaining: 180.0
EVENT FAILED
214 292.2 , Est Remaining: 180.2
215 293.5 , Est Remaining: 178.8
216 294.8 , Est Remaining: 177.4
217 296.2 , Est Remaining: 176.1
218 297.5 , Est Remaining: 174.7
219 298.9 , Est Remaining: 173.3
220 300.2 , Est Remaining: 171.9
221 301.5 , Est Remaining: 170.6
222 302.9 , Est Remaining: 169.2
223 304.2 , Est Remaining: 167.8
224 305.6 , Est Remaining: 166.4
225 306.9 , Est Remaining: 165.0
226 308.2 , Est Remaining: 163.7
227 309.6 , Est Remaining: 162.3
228 310.9 , Est Remaining: 160.9
229 312.2 , Est Remaining: 159.5
230 313.6 , Est Remaining: 158.2
231 315.0 , Est Remaining: 156.8
232 316.3 , Est Remaining: 155.4
233 317.6 , Est Remaining: 154.0
EVENT FAILED
233 317.9 , Est Remaining: 154.2
234 319.3 , Est Remaining: 152.8
235 320.6 , Est Remaining: 151.4
236 322.0 , Est Remaining: 150.1
237 323.3 , Est Remaining: 148.7
238 324.6 , Est Remaining: 147.3
239 326.0 , Est Remaining: 145.9
240 327.3 , Est Remaining: 144.6
241 328.7 , Est Remaining: 143.2
242 330.0 , Est Remaining: 141.8
243 331.3 , Est Remaining: 140.4
244 332.7 , Est Remaining: 139.1
245 334.0 , Est Remaining: 137.7
246 335.3 , Est Remaining: 136.3
247 336.6 , Est Remaining: 134.9
248 337.9 , Est Remaining: 133.5
249 339.3 , Est Remaining: 132.2
250 340.6 , Est Remaining: 130.8
251 342.0 , Est Remaining: 129.4
252 343.3 , Est Remaining: 128.1
253 344.6 , Est Remaining: 126.7
254 346.0 , Est Remaining: 125.3
255 347.3 , Est Remaining: 123.9
256 348.7 , Est Remaining: 122.6
257 350.0 , Est Remaining: 121.2
258 351.3 , Est Remaining: 119.8
259 352.7 , Est Remaining: 118.5
260 354.0 , Est Remaining: 117.1
261 355.3 , Est Remaining: 115.7
EVENT FAILED
261 355.6 , Est Remaining: 115.8
262 357.0 , Est Remaining: 114.4
263 358.3 , Est Remaining: 113.1
264 359.6 , Est Remaining: 111.7
265 361.0 , Est Remaining: 110.3
266 362.3 , Est Remaining: 109.0
267 363.7 , Est Remaining: 107.6
268 365.0 , Est Remaining: 106.2
269 366.3 , Est Remaining: 104.9
270 367.7 , Est Remaining: 103.5
271 369.0 , Est Remaining: 102.1
272 370.4 , Est Remaining: 100.8
EVENT FAILED
272 370.7 , Est Remaining: 100.8
273 372.0 , Est Remaining: 99.5
274 373.3 , Est Remaining: 98.1
275 374.7 , Est Remaining: 96.7
EVENT FAILED
275 375.0 , Est Remaining: 96.8
276 376.3 , Est Remaining: 95.4
277 377.6 , Est Remaining: 94.1
278 378.9 , Est Remaining: 92.7
279 380.3 , Est Remaining: 91.3
280 381.6 , Est Remaining: 89.9
281 382.9 , Est Remaining: 88.6
282 384.2 , Est Remaining: 87.2
283 385.6 , Est Remaining: 85.8
284 386.9 , Est Remaining: 84.5
285 388.3 , Est Remaining: 83.1
286 389.6 , Est Remaining: 81.7
287 390.9 , Est Remaining: 80.4
EVENT FAILED
287 391.2 , Est Remaining: 80.4
288 392.5 , Est Remaining: 79.0
289 393.9 , Est Remaining: 77.7
290 395.2 , Est Remaining: 76.3
291 396.6 , Est Remaining: 75.0
292 397.9 , Est Remaining: 73.6
293 399.2 , Est Remaining: 72.2
294 400.6 , Est Remaining: 70.9
295 401.9 , Est Remaining: 69.5
296 403.3 , Est Remaining: 68.1
297 404.6 , Est Remaining: 66.8
298 406.0 , Est Remaining: 65.4
EVENT FAILED
298 406.3 , Est Remaining: 65.4
299 407.6 , Est Remaining: 64.1
300 408.9 , Est Remaining: 62.7
301 410.3 , Est Remaining: 61.3
302 411.8 , Est Remaining: 60.0
303 413.1 , Est Remaining: 58.6
304 414.5 , Est Remaining: 57.3
305 415.8 , Est Remaining: 55.9
306 417.2 , Est Remaining: 54.5
307 418.5 , Est Remaining: 53.2
308 419.9 , Est Remaining: 51.8
309 421.1 , Est Remaining: 50.4
310 422.5 , Est Remaining: 49.1
311 423.8 , Est Remaining: 47.7
312 425.1 , Est Remaining: 46.3
313 426.4 , Est Remaining: 45.0
314 427.7 , Est Remaining: 43.6
315 429.0 , Est Remaining: 42.2
316 430.3 , Est Remaining: 40.9
317 431.6 , Est Remaining: 39.5
318 433.0 , Est Remaining: 38.1
319 434.3 , Est Remaining: 36.8
320 435.6 , Est Remaining: 35.4
321 436.9 , Est Remaining: 34.0
322 438.2 , Est Remaining: 32.7
323 439.4 , Est Remaining: 31.3
