Note: NumExpr detected 32 cores but "NUMEXPR_MAX_THREADS" not set, so enforcing safe limit of 8.
Using selector: EpollSelector
/n/home02/jhaefner/miniconda/envs/IC-3.7-2020-06-16/lib/python3.7/site-packages/scipy/optimize/minpack.py:808: OptimizeWarning: Covariance of the parameters could not be estimated
  category=OptimizeWarning)
Total rwfs: 346
0 0.0 , Est Remaining: 999999.9
1 1.5 , Est Remaining: 509.6
2 2.9 , Est Remaining: 503.6
3 4.4 , Est Remaining: 502.1
4 5.8 , Est Remaining: 498.7
5 7.3 , Est Remaining: 496.8
6 8.7 , Est Remaining: 493.4
7 10.1 , Est Remaining: 490.7
8 11.6 , Est Remaining: 489.4
9 13.0 , Est Remaining: 488.4
EVENT FAILED
9 13.4 , Est Remaining: 500.6
10 14.8 , Est Remaining: 497.3
11 16.2 , Est Remaining: 494.2
12 17.7 , Est Remaining: 492.2
13 19.1 , Est Remaining: 489.4
14 20.5 , Est Remaining: 486.9
15 22.0 , Est Remaining: 484.5
16 23.4 , Est Remaining: 482.7
17 24.9 , Est Remaining: 481.1
18 26.3 , Est Remaining: 479.4
19 27.8 , Est Remaining: 477.7
20 29.2 , Est Remaining: 475.8
21 30.6 , Est Remaining: 474.0
22 32.1 , Est Remaining: 472.1
23 33.5 , Est Remaining: 470.4
24 34.9 , Est Remaining: 468.8
25 36.4 , Est Remaining: 467.2
26 37.8 , Est Remaining: 465.5
27 39.3 , Est Remaining: 463.9
28 40.7 , Est Remaining: 462.4
29 42.2 , Est Remaining: 460.9
30 43.6 , Est Remaining: 459.7
31 45.1 , Est Remaining: 458.5
32 46.6 , Est Remaining: 457.2
33 48.1 , Est Remaining: 455.9
34 49.5 , Est Remaining: 454.5
EVENT FAILED
34 49.8 , Est Remaining: 457.3
EVENT FAILED
34 50.1 , Est Remaining: 460.2
35 51.6 , Est Remaining: 458.5
EVENT FAILED
35 52.5 , Est Remaining: 466.3
36 53.9 , Est Remaining: 464.6
37 55.4 , Est Remaining: 462.5
EVENT FAILED
37 55.7 , Est Remaining: 465.0
38 57.1 , Est Remaining: 463.2
39 58.6 , Est Remaining: 461.3
40 60.1 , Est Remaining: 459.5
41 61.5 , Est Remaining: 457.7
42 63.0 , Est Remaining: 455.9
43 64.4 , Est Remaining: 453.9
EVENT FAILED
43 64.7 , Est Remaining: 456.1
44 66.2 , Est Remaining: 454.3
45 67.7 , Est Remaining: 452.6
46 69.1 , Est Remaining: 450.9
47 70.6 , Est Remaining: 449.0
48 72.0 , Est Remaining: 447.3
49 73.5 , Est Remaining: 445.4
50 74.9 , Est Remaining: 443.6
51 76.4 , Est Remaining: 441.9
52 77.8 , Est Remaining: 440.1
53 79.3 , Est Remaining: 438.4
54 80.7 , Est Remaining: 436.6
55 82.2 , Est Remaining: 435.0
56 83.7 , Est Remaining: 433.3
57 85.1 , Est Remaining: 431.5
58 86.6 , Est Remaining: 429.8
59 88.0 , Est Remaining: 428.1
60 89.5 , Est Remaining: 426.4
61 90.9 , Est Remaining: 424.7
62 92.3 , Est Remaining: 422.9
63 93.8 , Est Remaining: 421.2
64 95.2 , Est Remaining: 419.6
65 96.6 , Est Remaining: 417.8
66 98.1 , Est Remaining: 416.0
67 99.5 , Est Remaining: 414.3
68 100.9 , Est Remaining: 412.6
69 102.4 , Est Remaining: 410.9
70 103.8 , Est Remaining: 409.3
71 105.2 , Est Remaining: 407.6
72 106.7 , Est Remaining: 405.9
73 108.1 , Est Remaining: 404.2
74 109.5 , Est Remaining: 402.6
75 110.9 , Est Remaining: 400.9
76 112.3 , Est Remaining: 399.1
77 113.7 , Est Remaining: 397.3
78 115.1 , Est Remaining: 395.5
79 116.5 , Est Remaining: 393.7
EVENT FAILED
79 116.8 , Est Remaining: 394.7
80 118.2 , Est Remaining: 392.9
81 119.5 , Est Remaining: 391.1
82 120.9 , Est Remaining: 389.3
83 122.3 , Est Remaining: 387.5
84 123.6 , Est Remaining: 385.6
85 125.0 , Est Remaining: 383.8
86 126.4 , Est Remaining: 382.1
87 127.7 , Est Remaining: 380.3
88 129.1 , Est Remaining: 378.5
89 130.5 , Est Remaining: 376.7
90 131.8 , Est Remaining: 375.0
EVENT FAILED
90 132.2 , Est Remaining: 375.9
91 133.5 , Est Remaining: 374.1
92 134.9 , Est Remaining: 372.3
93 136.2 , Est Remaining: 370.6
94 137.6 , Est Remaining: 368.8
95 138.9 , Est Remaining: 367.0
96 140.2 , Est Remaining: 365.2
97 141.6 , Est Remaining: 363.5
98 142.9 , Est Remaining: 361.7
99 144.3 , Est Remaining: 359.9
100 145.6 , Est Remaining: 358.1
101 146.9 , Est Remaining: 356.4
102 148.3 , Est Remaining: 354.7
103 149.7 , Est Remaining: 353.1
104 151.0 , Est Remaining: 351.4
105 152.3 , Est Remaining: 349.6
106 153.7 , Est Remaining: 348.0
107 155.0 , Est Remaining: 346.3
108 156.4 , Est Remaining: 344.6
109 157.7 , Est Remaining: 342.9
110 159.1 , Est Remaining: 341.3
111 160.4 , Est Remaining: 339.7
112 161.8 , Est Remaining: 338.0
113 163.1 , Est Remaining: 336.4
114 164.5 , Est Remaining: 334.7
115 165.8 , Est Remaining: 333.1
116 167.2 , Est Remaining: 331.5
117 168.5 , Est Remaining: 329.8
118 169.9 , Est Remaining: 328.2
119 171.2 , Est Remaining: 326.6
120 172.6 , Est Remaining: 325.0
121 173.9 , Est Remaining: 323.4
122 175.3 , Est Remaining: 321.8
123 176.6 , Est Remaining: 320.2
124 178.0 , Est Remaining: 318.6
125 179.3 , Est Remaining: 317.0
126 180.7 , Est Remaining: 315.4
127 182.0 , Est Remaining: 313.9
128 183.4 , Est Remaining: 312.3
129 184.7 , Est Remaining: 310.8
130 186.1 , Est Remaining: 309.2
131 187.5 , Est Remaining: 307.7
132 188.8 , Est Remaining: 306.1
133 190.2 , Est Remaining: 304.6
134 191.6 , Est Remaining: 303.1
135 192.9 , Est Remaining: 301.6
136 194.3 , Est Remaining: 300.1
137 195.7 , Est Remaining: 298.6
138 197.1 , Est Remaining: 297.1
139 198.5 , Est Remaining: 295.6
140 199.9 , Est Remaining: 294.1
141 201.3 , Est Remaining: 292.6
142 202.7 , Est Remaining: 291.2
143 204.1 , Est Remaining: 289.7
144 205.5 , Est Remaining: 288.2
145 206.9 , Est Remaining: 286.8
146 208.3 , Est Remaining: 285.3
147 209.7 , Est Remaining: 283.8
148 211.1 , Est Remaining: 282.4
149 212.5 , Est Remaining: 280.9
150 213.9 , Est Remaining: 279.5
151 215.3 , Est Remaining: 278.0
152 216.7 , Est Remaining: 276.6
153 218.1 , Est Remaining: 275.1
EVENT FAILED
153 218.4 , Est Remaining: 275.5
154 219.8 , Est Remaining: 274.1
155 221.2 , Est Remaining: 272.6
156 222.7 , Est Remaining: 271.2
157 224.1 , Est Remaining: 269.7
158 225.5 , Est Remaining: 268.3
159 226.9 , Est Remaining: 266.9
160 228.4 , Est Remaining: 265.5
161 229.8 , Est Remaining: 264.0
162 231.2 , Est Remaining: 262.6
163 232.6 , Est Remaining: 261.2
164 234.1 , Est Remaining: 259.8
165 235.5 , Est Remaining: 258.3
166 237.0 , Est Remaining: 257.0
167 238.4 , Est Remaining: 255.6
168 239.9 , Est Remaining: 254.1
EVENT FAILED
168 240.2 , Est Remaining: 254.5
169 241.6 , Est Remaining: 253.1
170 243.1 , Est Remaining: 251.7
171 244.5 , Est Remaining: 250.2
172 246.0 , Est Remaining: 248.8
173 247.4 , Est Remaining: 247.4
174 248.9 , Est Remaining: 246.0
175 250.3 , Est Remaining: 244.6
176 251.8 , Est Remaining: 243.2
177 253.2 , Est Remaining: 241.8
178 254.6 , Est Remaining: 240.3
179 256.1 , Est Remaining: 238.9
180 257.5 , Est Remaining: 237.5
181 259.0 , Est Remaining: 236.1
182 260.4 , Est Remaining: 234.7
183 261.9 , Est Remaining: 233.3
184 263.4 , Est Remaining: 231.9
185 264.9 , Est Remaining: 230.5
186 266.3 , Est Remaining: 229.1
187 267.8 , Est Remaining: 227.7
188 269.3 , Est Remaining: 226.3
189 270.7 , Est Remaining: 224.9
190 272.2 , Est Remaining: 223.5
191 273.6 , Est Remaining: 222.1
192 275.1 , Est Remaining: 220.7
193 276.6 , Est Remaining: 219.3
194 278.0 , Est Remaining: 217.8
195 279.5 , Est Remaining: 216.4
196 281.0 , Est Remaining: 215.0
197 282.4 , Est Remaining: 213.6
198 283.9 , Est Remaining: 212.2
199 285.4 , Est Remaining: 210.8
EVENT FAILED
199 285.7 , Est Remaining: 211.0
EVENT FAILED
199 286.0 , Est Remaining: 211.2
200 287.4 , Est Remaining: 209.8
201 288.8 , Est Remaining: 208.4
202 290.4 , Est Remaining: 207.0
203 291.8 , Est Remaining: 205.6
204 293.3 , Est Remaining: 204.2
EVENT FAILED
204 293.6 , Est Remaining: 204.4
205 295.1 , Est Remaining: 203.0
206 296.5 , Est Remaining: 201.5
207 298.0 , Est Remaining: 200.1
208 299.4 , Est Remaining: 198.6
209 300.9 , Est Remaining: 197.2
210 302.3 , Est Remaining: 195.8
211 303.8 , Est Remaining: 194.4
212 305.3 , Est Remaining: 192.9
213 306.7 , Est Remaining: 191.5
214 308.2 , Est Remaining: 190.1
215 309.7 , Est Remaining: 188.7
216 311.1 , Est Remaining: 187.2
217 312.6 , Est Remaining: 185.8
218 314.1 , Est Remaining: 184.4
219 315.5 , Est Remaining: 183.0
220 317.0 , Est Remaining: 181.5
221 318.5 , Est Remaining: 180.1
222 319.9 , Est Remaining: 178.7
223 321.4 , Est Remaining: 177.3
224 322.8 , Est Remaining: 175.8
225 324.3 , Est Remaining: 174.4
226 325.7 , Est Remaining: 172.9
227 327.1 , Est Remaining: 171.5
228 328.5 , Est Remaining: 170.0
229 330.0 , Est Remaining: 168.6
230 331.4 , Est Remaining: 167.1
231 332.8 , Est Remaining: 165.7
232 334.3 , Est Remaining: 164.3
233 335.7 , Est Remaining: 162.8
234 337.1 , Est Remaining: 161.4
235 338.6 , Est Remaining: 159.9
236 340.0 , Est Remaining: 158.5
237 341.4 , Est Remaining: 157.0
238 342.9 , Est Remaining: 155.6
239 344.3 , Est Remaining: 154.2
240 345.8 , Est Remaining: 152.7
241 347.2 , Est Remaining: 151.3
242 348.7 , Est Remaining: 149.8
243 350.1 , Est Remaining: 148.4
244 351.6 , Est Remaining: 147.0
245 353.0 , Est Remaining: 145.5
246 354.5 , Est Remaining: 144.1
247 355.9 , Est Remaining: 142.7
248 357.4 , Est Remaining: 141.2
249 358.9 , Est Remaining: 139.8
250 360.3 , Est Remaining: 138.4
251 361.8 , Est Remaining: 136.9
252 363.2 , Est Remaining: 135.5
253 364.7 , Est Remaining: 134.1
254 366.2 , Est Remaining: 132.6
255 367.6 , Est Remaining: 131.2
256 369.1 , Est Remaining: 129.8
257 370.6 , Est Remaining: 128.3
258 372.0 , Est Remaining: 126.9
259 373.4 , Est Remaining: 125.4
260 374.9 , Est Remaining: 124.0
261 376.4 , Est Remaining: 122.6
262 377.8 , Est Remaining: 121.1
263 379.3 , Est Remaining: 119.7
264 380.7 , Est Remaining: 118.3
265 382.2 , Est Remaining: 116.8
266 383.7 , Est Remaining: 115.4
267 385.1 , Est Remaining: 113.9
268 386.6 , Est Remaining: 112.5
269 388.0 , Est Remaining: 111.1
EVENT FAILED
269 388.3 , Est Remaining: 111.2
270 389.8 , Est Remaining: 109.7
271 391.3 , Est Remaining: 108.3
272 392.7 , Est Remaining: 106.8
273 394.2 , Est Remaining: 105.4
274 395.7 , Est Remaining: 104.0
275 397.1 , Est Remaining: 102.5
276 398.6 , Est Remaining: 101.1
277 400.1 , Est Remaining: 99.7
278 401.5 , Est Remaining: 98.2
279 403.1 , Est Remaining: 96.8
280 404.5 , Est Remaining: 95.4
281 406.0 , Est Remaining: 93.9
282 407.5 , Est Remaining: 92.5
283 409.0 , Est Remaining: 91.0
284 410.4 , Est Remaining: 89.6
285 411.9 , Est Remaining: 88.2
286 413.4 , Est Remaining: 86.7
287 414.9 , Est Remaining: 85.3
288 416.3 , Est Remaining: 83.8
289 417.8 , Est Remaining: 82.4
290 419.3 , Est Remaining: 81.0
291 420.7 , Est Remaining: 79.5
292 422.2 , Est Remaining: 78.1
293 423.7 , Est Remaining: 76.6
294 425.2 , Est Remaining: 75.2
295 426.6 , Est Remaining: 73.8
296 428.1 , Est Remaining: 72.3
297 429.6 , Est Remaining: 70.9
298 431.0 , Est Remaining: 69.4
299 432.5 , Est Remaining: 68.0
300 433.9 , Est Remaining: 66.5
301 435.4 , Est Remaining: 65.1
EVENT FAILED
301 435.9 , Est Remaining: 65.2
302 437.5 , Est Remaining: 63.7
303 438.9 , Est Remaining: 62.3
304 440.4 , Est Remaining: 60.8
305 441.8 , Est Remaining: 59.4
306 443.3 , Est Remaining: 57.9
307 444.7 , Est Remaining: 56.5
308 446.1 , Est Remaining: 55.0
309 447.5 , Est Remaining: 53.6
310 449.0 , Est Remaining: 52.1
311 450.4 , Est Remaining: 50.7
312 451.8 , Est Remaining: 49.2
313 453.2 , Est Remaining: 47.8
314 454.6 , Est Remaining: 46.3
315 456.1 , Est Remaining: 44.9
316 457.5 , Est Remaining: 43.4
317 458.9 , Est Remaining: 42.0
318 460.3 , Est Remaining: 40.5
319 461.7 , Est Remaining: 39.1
EVENT FAILED
319 462.0 , Est Remaining: 39.1
320 463.5 , Est Remaining: 37.7
321 464.9 , Est Remaining: 36.2
322 466.3 , Est Remaining: 34.8
323 467.8 , Est Remaining: 33.3
324 469.2 , Est Remaining: 31.9
325 470.6 , Est Remaining: 30.4
326 472.0 , Est Remaining: 29.0
327 473.4 , Est Remaining: 27.5
328 474.9 , Est Remaining: 26.1
329 476.3 , Est Remaining: 24.6
