Note: NumExpr detected 32 cores but "NUMEXPR_MAX_THREADS" not set, so enforcing safe limit of 8.
Using selector: EpollSelector
/n/home02/jhaefner/miniconda/envs/IC-3.7-2020-06-16/lib/python3.7/site-packages/scipy/optimize/minpack.py:808: OptimizeWarning: Covariance of the parameters could not be estimated
  category=OptimizeWarning)
Total rwfs: 346
0 0.0 , Est Remaining: 999999.9
1 1.5 , Est Remaining: 515.7
2 3.0 , Est Remaining: 509.9
3 4.5 , Est Remaining: 513.0
4 6.0 , Est Remaining: 510.3
5 7.4 , Est Remaining: 505.4
6 8.9 , Est Remaining: 504.3
7 10.4 , Est Remaining: 502.2
8 11.8 , Est Remaining: 500.1
9 13.3 , Est Remaining: 497.4
10 14.7 , Est Remaining: 495.4
11 16.2 , Est Remaining: 493.9
12 17.7 , Est Remaining: 492.1
13 19.1 , Est Remaining: 489.7
14 20.6 , Est Remaining: 488.6
15 22.1 , Est Remaining: 487.0
16 23.6 , Est Remaining: 486.0
17 25.0 , Est Remaining: 484.4
18 26.5 , Est Remaining: 483.1
19 28.0 , Est Remaining: 481.5
20 29.5 , Est Remaining: 480.0
21 30.9 , Est Remaining: 478.9
22 32.4 , Est Remaining: 477.5
23 33.9 , Est Remaining: 476.0
24 35.4 , Est Remaining: 474.4
25 36.8 , Est Remaining: 472.8
26 38.3 , Est Remaining: 471.1
27 39.7 , Est Remaining: 469.3
28 41.2 , Est Remaining: 467.5
29 42.6 , Est Remaining: 465.7
30 44.1 , Est Remaining: 464.0
31 45.5 , Est Remaining: 462.5
32 46.9 , Est Remaining: 460.7
33 48.4 , Est Remaining: 459.0
34 49.8 , Est Remaining: 457.2
35 51.3 , Est Remaining: 455.5
36 52.7 , Est Remaining: 453.7
37 54.1 , Est Remaining: 452.2
38 55.6 , Est Remaining: 450.6
39 57.0 , Est Remaining: 448.9
40 58.5 , Est Remaining: 447.3
41 59.9 , Est Remaining: 445.7
42 61.4 , Est Remaining: 444.1
43 62.7 , Est Remaining: 442.1
44 64.2 , Est Remaining: 440.6
45 65.6 , Est Remaining: 439.0
46 67.1 , Est Remaining: 437.6
47 68.6 , Est Remaining: 436.2
48 70.0 , Est Remaining: 434.6
49 71.5 , Est Remaining: 433.1
50 72.9 , Est Remaining: 431.6
51 74.4 , Est Remaining: 430.2
52 75.8 , Est Remaining: 428.8
53 77.3 , Est Remaining: 427.4
54 78.8 , Est Remaining: 426.0
55 80.2 , Est Remaining: 424.6
56 81.7 , Est Remaining: 423.1
57 83.2 , Est Remaining: 421.7
58 84.6 , Est Remaining: 420.2
59 86.1 , Est Remaining: 418.6
60 87.5 , Est Remaining: 417.1
61 88.9 , Est Remaining: 415.5
62 90.4 , Est Remaining: 413.9
63 91.8 , Est Remaining: 412.4
64 93.2 , Est Remaining: 410.9
65 94.7 , Est Remaining: 409.3
66 96.1 , Est Remaining: 407.7
67 97.5 , Est Remaining: 406.1
68 99.0 , Est Remaining: 404.6
69 100.4 , Est Remaining: 403.1
70 101.8 , Est Remaining: 401.5
71 103.3 , Est Remaining: 400.1
72 104.7 , Est Remaining: 398.6
73 106.2 , Est Remaining: 397.1
74 107.6 , Est Remaining: 395.6
75 109.1 , Est Remaining: 394.2
76 110.6 , Est Remaining: 392.7
77 112.0 , Est Remaining: 391.3
78 113.5 , Est Remaining: 389.9
79 114.9 , Est Remaining: 388.4
80 116.4 , Est Remaining: 386.9
81 117.8 , Est Remaining: 385.4
82 119.3 , Est Remaining: 384.0
EVENT FAILED
82 119.6 , Est Remaining: 385.0
83 121.0 , Est Remaining: 383.4
84 122.4 , Est Remaining: 381.9
85 123.9 , Est Remaining: 380.4
86 125.4 , Est Remaining: 379.0
87 126.8 , Est Remaining: 377.6
88 128.3 , Est Remaining: 376.1
89 129.8 , Est Remaining: 374.7
90 131.2 , Est Remaining: 373.3
91 132.7 , Est Remaining: 371.9
92 134.2 , Est Remaining: 370.5
93 135.7 , Est Remaining: 369.1
94 137.1 , Est Remaining: 367.7
95 138.6 , Est Remaining: 366.2
96 140.1 , Est Remaining: 364.8
97 141.5 , Est Remaining: 363.3
98 143.0 , Est Remaining: 361.8
99 144.4 , Est Remaining: 360.3
100 145.9 , Est Remaining: 358.9
EVENT FAILED
100 146.2 , Est Remaining: 359.7
101 147.7 , Est Remaining: 358.2
102 149.1 , Est Remaining: 356.7
103 150.7 , Est Remaining: 355.4
104 152.1 , Est Remaining: 353.9
105 153.6 , Est Remaining: 352.5
106 155.0 , Est Remaining: 351.0
107 156.5 , Est Remaining: 349.5
108 157.9 , Est Remaining: 348.0
109 159.4 , Est Remaining: 346.5
110 160.8 , Est Remaining: 345.1
111 162.3 , Est Remaining: 343.6
112 163.7 , Est Remaining: 342.1
113 165.2 , Est Remaining: 340.6
114 166.6 , Est Remaining: 339.1
115 168.1 , Est Remaining: 337.6
116 169.5 , Est Remaining: 336.1
117 170.9 , Est Remaining: 334.6
118 172.4 , Est Remaining: 333.1
119 173.8 , Est Remaining: 331.5
120 175.2 , Est Remaining: 330.0
121 176.7 , Est Remaining: 328.5
122 178.1 , Est Remaining: 326.9
123 179.5 , Est Remaining: 325.4
124 180.9 , Est Remaining: 323.9
125 182.4 , Est Remaining: 322.4
126 183.8 , Est Remaining: 320.9
127 185.3 , Est Remaining: 319.4
128 186.7 , Est Remaining: 318.0
129 188.1 , Est Remaining: 316.5
130 189.6 , Est Remaining: 315.0
131 191.1 , Est Remaining: 313.6
132 192.5 , Est Remaining: 312.1
133 194.0 , Est Remaining: 310.6
134 195.4 , Est Remaining: 309.2
EVENT FAILED
134 195.7 , Est Remaining: 309.7
135 197.2 , Est Remaining: 308.2
136 198.6 , Est Remaining: 306.7
137 200.1 , Est Remaining: 305.2
138 201.5 , Est Remaining: 303.7
139 203.0 , Est Remaining: 302.3
140 204.4 , Est Remaining: 300.8
141 205.9 , Est Remaining: 299.3
EVENT FAILED
141 206.2 , Est Remaining: 299.8
142 207.6 , Est Remaining: 298.3
143 209.1 , Est Remaining: 296.8
144 210.5 , Est Remaining: 295.3
145 212.0 , Est Remaining: 293.9
146 213.5 , Est Remaining: 292.4
147 214.9 , Est Remaining: 291.0
148 216.4 , Est Remaining: 289.5
149 217.9 , Est Remaining: 288.0
150 219.3 , Est Remaining: 286.6
151 220.8 , Est Remaining: 285.2
152 222.1 , Est Remaining: 283.5
153 223.6 , Est Remaining: 282.0
154 225.0 , Est Remaining: 280.6
155 226.5 , Est Remaining: 279.1
156 228.0 , Est Remaining: 277.6
157 229.4 , Est Remaining: 276.2
158 230.8 , Est Remaining: 274.7
159 232.3 , Est Remaining: 273.2
160 233.7 , Est Remaining: 271.7
161 235.2 , Est Remaining: 270.2
EVENT FAILED
161 235.5 , Est Remaining: 270.6
162 236.9 , Est Remaining: 269.1
163 238.4 , Est Remaining: 267.6
164 239.8 , Est Remaining: 266.2
165 241.3 , Est Remaining: 264.7
166 242.7 , Est Remaining: 263.2
167 244.2 , Est Remaining: 261.7
168 245.6 , Est Remaining: 260.2
169 247.0 , Est Remaining: 258.6
170 248.4 , Est Remaining: 257.2
171 249.8 , Est Remaining: 255.7
172 251.3 , Est Remaining: 254.2
173 252.7 , Est Remaining: 252.7
174 254.2 , Est Remaining: 251.2
175 255.6 , Est Remaining: 249.8
176 257.0 , Est Remaining: 248.3
177 258.5 , Est Remaining: 246.8
178 259.9 , Est Remaining: 245.3
179 261.4 , Est Remaining: 243.9
180 262.8 , Est Remaining: 242.4
181 264.3 , Est Remaining: 240.9
182 265.7 , Est Remaining: 239.4
183 267.1 , Est Remaining: 237.9
184 268.6 , Est Remaining: 236.5
185 270.0 , Est Remaining: 235.0
186 271.5 , Est Remaining: 233.6
187 273.0 , Est Remaining: 232.1
188 274.4 , Est Remaining: 230.6
189 275.9 , Est Remaining: 229.2
190 277.3 , Est Remaining: 227.7
191 278.8 , Est Remaining: 226.2
192 280.2 , Est Remaining: 224.8
193 281.7 , Est Remaining: 223.3
194 283.2 , Est Remaining: 221.9
195 284.6 , Est Remaining: 220.4
196 286.0 , Est Remaining: 218.9
197 287.5 , Est Remaining: 217.4
198 288.9 , Est Remaining: 216.0
199 290.3 , Est Remaining: 214.5
200 291.8 , Est Remaining: 213.0
201 293.2 , Est Remaining: 211.5
202 294.6 , Est Remaining: 210.0
203 296.2 , Est Remaining: 208.6
204 297.7 , Est Remaining: 207.2
EVENT FAILED
204 298.0 , Est Remaining: 207.4
205 299.4 , Est Remaining: 205.9
206 300.8 , Est Remaining: 204.4
207 302.2 , Est Remaining: 203.0
208 303.7 , Est Remaining: 201.5
209 305.1 , Est Remaining: 200.0
210 306.5 , Est Remaining: 198.5
211 307.9 , Est Remaining: 197.0
212 309.3 , Est Remaining: 195.5
213 310.7 , Est Remaining: 194.0
214 312.1 , Est Remaining: 192.5
215 313.5 , Est Remaining: 191.0
216 314.9 , Est Remaining: 189.5
217 316.3 , Est Remaining: 188.0
218 317.7 , Est Remaining: 186.5
219 319.1 , Est Remaining: 185.0
220 320.5 , Est Remaining: 183.5
221 321.9 , Est Remaining: 182.1
222 323.3 , Est Remaining: 180.6
223 324.6 , Est Remaining: 179.1
224 326.0 , Est Remaining: 177.6
225 327.4 , Est Remaining: 176.1
226 328.8 , Est Remaining: 174.6
227 330.2 , Est Remaining: 173.1
228 331.6 , Est Remaining: 171.6
229 333.0 , Est Remaining: 170.1
230 334.4 , Est Remaining: 168.7
231 335.8 , Est Remaining: 167.2
232 337.2 , Est Remaining: 165.7
233 338.6 , Est Remaining: 164.2
234 340.0 , Est Remaining: 162.8
235 341.5 , Est Remaining: 161.3
236 342.9 , Est Remaining: 159.8
237 344.3 , Est Remaining: 158.3
238 345.7 , Est Remaining: 156.9
239 347.1 , Est Remaining: 155.4
240 348.5 , Est Remaining: 153.9
241 349.9 , Est Remaining: 152.4
242 351.3 , Est Remaining: 151.0
243 352.7 , Est Remaining: 149.5
244 354.1 , Est Remaining: 148.0
EVENT FAILED
244 354.4 , Est Remaining: 148.2
245 355.8 , Est Remaining: 146.7
EVENT FAILED
245 356.1 , Est Remaining: 146.8
246 357.5 , Est Remaining: 145.3
247 358.8 , Est Remaining: 143.8
248 360.2 , Est Remaining: 142.3
249 361.6 , Est Remaining: 140.9
250 363.0 , Est Remaining: 139.4
251 364.3 , Est Remaining: 137.9
252 365.7 , Est Remaining: 136.4
253 367.1 , Est Remaining: 134.9
EVENT FAILED
253 367.4 , Est Remaining: 135.0
254 368.8 , Est Remaining: 133.6
255 370.1 , Est Remaining: 132.1
256 371.5 , Est Remaining: 130.6
257 372.9 , Est Remaining: 129.1
258 374.2 , Est Remaining: 127.6
259 375.6 , Est Remaining: 126.2
260 377.0 , Est Remaining: 124.7
EVENT FAILED
260 377.3 , Est Remaining: 124.8
261 378.7 , Est Remaining: 123.3
262 380.1 , Est Remaining: 121.8
263 381.4 , Est Remaining: 120.4
264 382.8 , Est Remaining: 118.9
265 384.2 , Est Remaining: 117.4
266 385.5 , Est Remaining: 116.0
267 386.9 , Est Remaining: 114.5
268 388.3 , Est Remaining: 113.0
269 389.7 , Est Remaining: 111.6
270 391.1 , Est Remaining: 110.1
271 392.5 , Est Remaining: 108.6
272 393.8 , Est Remaining: 107.1
273 395.2 , Est Remaining: 105.7
274 396.6 , Est Remaining: 104.2
275 398.1 , Est Remaining: 102.8
276 399.5 , Est Remaining: 101.3
277 400.9 , Est Remaining: 99.9
278 402.3 , Est Remaining: 98.4
279 403.7 , Est Remaining: 96.9
280 405.1 , Est Remaining: 95.5
281 406.5 , Est Remaining: 94.0
282 407.9 , Est Remaining: 92.6
283 409.3 , Est Remaining: 91.1
284 410.8 , Est Remaining: 89.7
285 412.2 , Est Remaining: 88.2
286 413.6 , Est Remaining: 86.8
287 415.0 , Est Remaining: 85.3
288 416.4 , Est Remaining: 83.9
289 417.8 , Est Remaining: 82.4
290 419.2 , Est Remaining: 81.0
291 420.7 , Est Remaining: 79.5
292 422.1 , Est Remaining: 78.1
293 423.5 , Est Remaining: 76.6
294 424.9 , Est Remaining: 75.1
295 426.3 , Est Remaining: 73.7
EVENT FAILED
295 426.6 , Est Remaining: 73.8
296 428.0 , Est Remaining: 72.3
297 429.4 , Est Remaining: 70.9
298 430.9 , Est Remaining: 69.4
299 432.3 , Est Remaining: 68.0
300 433.7 , Est Remaining: 66.5
301 435.1 , Est Remaining: 65.0
302 436.7 , Est Remaining: 63.6
303 438.1 , Est Remaining: 62.2
304 439.5 , Est Remaining: 60.7
305 440.9 , Est Remaining: 59.3
306 442.3 , Est Remaining: 57.8
307 443.7 , Est Remaining: 56.4
308 445.0 , Est Remaining: 54.9
309 446.4 , Est Remaining: 53.5
310 447.8 , Est Remaining: 52.0
311 449.2 , Est Remaining: 50.5
312 450.5 , Est Remaining: 49.1
313 451.9 , Est Remaining: 47.6
314 453.3 , Est Remaining: 46.2
EVENT FAILED
314 453.6 , Est Remaining: 46.2
315 454.9 , Est Remaining: 44.8
316 456.3 , Est Remaining: 43.3
317 457.7 , Est Remaining: 41.9
318 459.0 , Est Remaining: 40.4
319 460.4 , Est Remaining: 39.0
320 461.8 , Est Remaining: 37.5
321 463.1 , Est Remaining: 36.1
322 464.5 , Est Remaining: 34.6
EVENT FAILED
322 464.8 , Est Remaining: 34.6
323 466.1 , Est Remaining: 33.2
324 467.5 , Est Remaining: 31.7
325 468.8 , Est Remaining: 30.3
326 470.2 , Est Remaining: 28.8
327 471.6 , Est Remaining: 27.4
328 472.9 , Est Remaining: 26.0
329 474.3 , Est Remaining: 24.5
330 475.6 , Est Remaining: 23.1
331 477.0 , Est Remaining: 21.6
332 478.3 , Est Remaining: 20.2
