Note: NumExpr detected 32 cores but "NUMEXPR_MAX_THREADS" not set, so enforcing safe limit of 8.
Using selector: EpollSelector
/n/home02/jhaefner/miniconda/envs/IC-3.7-2020-06-16/lib/python3.7/site-packages/scipy/optimize/minpack.py:808: OptimizeWarning: Covariance of the parameters could not be estimated
  category=OptimizeWarning)
Total rwfs: 346
0 0.0 , Est Remaining: 999999.9
1 1.5 , Est Remaining: 513.0
2 3.0 , Est Remaining: 510.8
3 4.5 , Est Remaining: 511.1
4 5.9 , Est Remaining: 505.7
5 7.4 , Est Remaining: 501.4
6 8.8 , Est Remaining: 498.6
7 10.2 , Est Remaining: 495.4
8 11.7 , Est Remaining: 493.8
EVENT FAILED
8 12.0 , Est Remaining: 507.2
9 13.4 , Est Remaining: 503.0
10 14.9 , Est Remaining: 499.8
11 16.3 , Est Remaining: 496.8
12 17.8 , Est Remaining: 494.1
13 19.2 , Est Remaining: 492.3
14 20.7 , Est Remaining: 490.1
15 22.1 , Est Remaining: 487.7
16 23.5 , Est Remaining: 485.4
17 24.9 , Est Remaining: 482.8
18 26.4 , Est Remaining: 480.6
19 27.8 , Est Remaining: 478.9
20 29.3 , Est Remaining: 477.2
21 30.7 , Est Remaining: 475.3
22 32.1 , Est Remaining: 472.9
23 33.5 , Est Remaining: 470.8
24 34.9 , Est Remaining: 468.8
25 36.4 , Est Remaining: 466.9
26 37.8 , Est Remaining: 464.9
27 39.2 , Est Remaining: 463.3
28 40.6 , Est Remaining: 461.6
29 42.1 , Est Remaining: 460.0
30 43.5 , Est Remaining: 458.5
31 45.0 , Est Remaining: 456.9
32 46.4 , Est Remaining: 455.3
33 47.8 , Est Remaining: 453.8
34 49.3 , Est Remaining: 452.5
35 50.8 , Est Remaining: 451.3
36 52.2 , Est Remaining: 449.8
37 53.7 , Est Remaining: 448.2
38 55.1 , Est Remaining: 446.5
39 56.5 , Est Remaining: 445.0
40 58.0 , Est Remaining: 443.4
41 59.4 , Est Remaining: 441.9
42 60.9 , Est Remaining: 440.5
43 62.3 , Est Remaining: 439.1
44 63.8 , Est Remaining: 437.6
45 65.2 , Est Remaining: 436.1
46 66.7 , Est Remaining: 434.7
47 68.1 , Est Remaining: 433.2
48 69.5 , Est Remaining: 431.8
49 71.0 , Est Remaining: 430.4
50 72.5 , Est Remaining: 429.0
51 73.9 , Est Remaining: 427.5
52 75.4 , Est Remaining: 426.1
53 76.8 , Est Remaining: 424.7
54 78.3 , Est Remaining: 423.3
55 79.7 , Est Remaining: 421.8
56 81.2 , Est Remaining: 420.4
57 82.6 , Est Remaining: 419.0
58 84.1 , Est Remaining: 417.6
59 85.6 , Est Remaining: 416.3
60 87.1 , Est Remaining: 415.1
61 88.5 , Est Remaining: 413.7
62 90.0 , Est Remaining: 412.3
63 91.5 , Est Remaining: 410.8
64 92.9 , Est Remaining: 409.4
65 94.4 , Est Remaining: 407.9
66 95.8 , Est Remaining: 406.6
67 97.3 , Est Remaining: 405.2
68 98.8 , Est Remaining: 403.8
69 100.2 , Est Remaining: 402.4
70 101.7 , Est Remaining: 401.0
71 103.2 , Est Remaining: 399.5
72 104.6 , Est Remaining: 398.1
73 106.1 , Est Remaining: 396.6
74 107.5 , Est Remaining: 395.3
75 109.0 , Est Remaining: 393.9
76 110.5 , Est Remaining: 392.5
77 111.9 , Est Remaining: 391.0
78 113.4 , Est Remaining: 389.6
79 114.9 , Est Remaining: 388.3
80 116.4 , Est Remaining: 386.9
81 117.8 , Est Remaining: 385.5
82 119.3 , Est Remaining: 384.1
83 120.8 , Est Remaining: 382.7
84 122.2 , Est Remaining: 381.3
85 123.7 , Est Remaining: 379.8
86 125.2 , Est Remaining: 378.4
87 126.6 , Est Remaining: 377.0
88 128.1 , Est Remaining: 375.6
89 129.6 , Est Remaining: 374.1
90 131.0 , Est Remaining: 372.7
91 132.5 , Est Remaining: 371.2
EVENT FAILED
91 132.8 , Est Remaining: 372.1
92 134.3 , Est Remaining: 370.7
93 135.7 , Est Remaining: 369.3
EVENT FAILED
93 136.0 , Est Remaining: 370.1
94 137.5 , Est Remaining: 368.6
95 138.9 , Est Remaining: 367.1
96 140.4 , Est Remaining: 365.6
EVENT FAILED
96 140.7 , Est Remaining: 366.4
97 142.2 , Est Remaining: 364.9
98 143.6 , Est Remaining: 363.4
99 145.0 , Est Remaining: 361.8
100 146.4 , Est Remaining: 360.3
101 147.9 , Est Remaining: 358.7
102 149.3 , Est Remaining: 357.2
103 150.8 , Est Remaining: 355.8
104 152.2 , Est Remaining: 354.2
105 153.7 , Est Remaining: 352.7
106 155.1 , Est Remaining: 351.1
107 156.5 , Est Remaining: 349.5
108 157.9 , Est Remaining: 347.9
EVENT FAILED
108 158.2 , Est Remaining: 348.5
109 159.6 , Est Remaining: 346.9
110 161.0 , Est Remaining: 345.4
111 162.4 , Est Remaining: 343.8
112 163.8 , Est Remaining: 342.2
EVENT FAILED
112 164.1 , Est Remaining: 342.9
113 165.5 , Est Remaining: 341.3
114 166.9 , Est Remaining: 339.7
115 168.3 , Est Remaining: 338.2
116 169.8 , Est Remaining: 336.6
117 171.2 , Est Remaining: 335.0
118 172.6 , Est Remaining: 333.4
119 174.0 , Est Remaining: 331.8
120 175.4 , Est Remaining: 330.3
121 176.8 , Est Remaining: 328.7
122 178.2 , Est Remaining: 327.1
123 179.6 , Est Remaining: 325.6
124 181.0 , Est Remaining: 324.0
125 182.4 , Est Remaining: 322.5
126 183.8 , Est Remaining: 320.9
127 185.2 , Est Remaining: 319.4
128 186.6 , Est Remaining: 317.8
129 188.0 , Est Remaining: 316.3
130 189.4 , Est Remaining: 314.7
131 190.8 , Est Remaining: 313.1
132 192.2 , Est Remaining: 311.6
133 193.6 , Est Remaining: 310.1
134 195.0 , Est Remaining: 308.5
135 196.4 , Est Remaining: 307.0
136 197.8 , Est Remaining: 305.5
137 199.2 , Est Remaining: 303.9
138 200.6 , Est Remaining: 302.4
139 202.0 , Est Remaining: 300.8
140 203.4 , Est Remaining: 299.3
141 204.8 , Est Remaining: 297.8
142 206.2 , Est Remaining: 296.3
143 207.6 , Est Remaining: 294.8
144 209.0 , Est Remaining: 293.2
145 210.4 , Est Remaining: 291.7
146 211.8 , Est Remaining: 290.2
147 213.2 , Est Remaining: 288.7
148 214.7 , Est Remaining: 287.2
149 216.1 , Est Remaining: 285.7
150 217.5 , Est Remaining: 284.2
151 218.9 , Est Remaining: 282.7
152 220.3 , Est Remaining: 281.1
153 221.7 , Est Remaining: 279.7
154 223.1 , Est Remaining: 278.2
155 224.5 , Est Remaining: 276.6
156 225.9 , Est Remaining: 275.1
157 227.3 , Est Remaining: 273.6
158 228.7 , Est Remaining: 272.1
159 230.1 , Est Remaining: 270.6
160 231.5 , Est Remaining: 269.1
161 233.0 , Est Remaining: 267.7
162 234.4 , Est Remaining: 266.2
163 235.8 , Est Remaining: 264.7
EVENT FAILED
163 236.1 , Est Remaining: 265.1
164 237.5 , Est Remaining: 263.6
165 239.0 , Est Remaining: 262.1
166 240.4 , Est Remaining: 260.7
167 241.8 , Est Remaining: 259.2
168 243.3 , Est Remaining: 257.7
169 244.7 , Est Remaining: 256.3
170 246.2 , Est Remaining: 254.8
171 247.6 , Est Remaining: 253.4
172 249.1 , Est Remaining: 252.0
173 250.5 , Est Remaining: 250.5
174 251.9 , Est Remaining: 249.1
175 253.4 , Est Remaining: 247.6
EVENT FAILED
175 253.7 , Est Remaining: 247.9
176 255.2 , Est Remaining: 246.5
177 256.6 , Est Remaining: 245.0
178 258.1 , Est Remaining: 243.6
179 259.5 , Est Remaining: 242.1
180 261.0 , Est Remaining: 240.7
181 262.4 , Est Remaining: 239.2
182 263.9 , Est Remaining: 237.8
183 265.4 , Est Remaining: 236.4
184 266.8 , Est Remaining: 234.9
185 268.3 , Est Remaining: 233.5
186 269.7 , Est Remaining: 232.0
187 271.2 , Est Remaining: 230.6
188 272.7 , Est Remaining: 229.2
189 274.1 , Est Remaining: 227.7
190 275.6 , Est Remaining: 226.3
191 277.0 , Est Remaining: 224.8
192 278.5 , Est Remaining: 223.3
193 279.9 , Est Remaining: 221.9
194 281.3 , Est Remaining: 220.4
EVENT FAILED
194 281.6 , Est Remaining: 220.7
195 283.1 , Est Remaining: 219.2
196 284.5 , Est Remaining: 217.8
197 286.0 , Est Remaining: 216.3
198 287.4 , Est Remaining: 214.9
199 288.8 , Est Remaining: 213.4
200 290.3 , Est Remaining: 211.9
201 291.7 , Est Remaining: 210.5
202 293.2 , Est Remaining: 209.0
203 294.7 , Est Remaining: 207.6
204 296.2 , Est Remaining: 206.2
205 297.6 , Est Remaining: 204.7
206 299.1 , Est Remaining: 203.3
207 300.5 , Est Remaining: 201.8
208 302.0 , Est Remaining: 200.4
209 303.4 , Est Remaining: 198.9
210 304.8 , Est Remaining: 197.4
EVENT FAILED
210 305.1 , Est Remaining: 197.6
EVENT FAILED
210 305.4 , Est Remaining: 197.8
211 306.9 , Est Remaining: 196.3
212 308.3 , Est Remaining: 194.9
213 309.7 , Est Remaining: 193.4
214 311.2 , Est Remaining: 191.9
215 312.6 , Est Remaining: 190.5
216 314.1 , Est Remaining: 189.0
217 315.5 , Est Remaining: 187.6
218 317.0 , Est Remaining: 186.1
219 318.4 , Est Remaining: 184.7
220 319.9 , Est Remaining: 183.2
221 321.3 , Est Remaining: 181.7
222 322.7 , Est Remaining: 180.3
223 324.2 , Est Remaining: 178.8
224 325.6 , Est Remaining: 177.3
225 327.0 , Est Remaining: 175.9
226 328.5 , Est Remaining: 174.4
227 329.9 , Est Remaining: 172.9
228 331.3 , Est Remaining: 171.5
229 332.8 , Est Remaining: 170.0
230 334.2 , Est Remaining: 168.6
231 335.6 , Est Remaining: 167.1
232 337.0 , Est Remaining: 165.6
233 338.5 , Est Remaining: 164.2
234 339.9 , Est Remaining: 162.7
235 341.3 , Est Remaining: 161.2
236 342.8 , Est Remaining: 159.8
237 344.2 , Est Remaining: 158.3
238 345.6 , Est Remaining: 156.8
239 347.1 , Est Remaining: 155.4
240 348.5 , Est Remaining: 153.9
241 349.9 , Est Remaining: 152.5
242 351.4 , Est Remaining: 151.0
243 352.8 , Est Remaining: 149.6
244 354.3 , Est Remaining: 148.1
245 355.7 , Est Remaining: 146.6
246 357.1 , Est Remaining: 145.2
247 358.5 , Est Remaining: 143.7
248 360.0 , Est Remaining: 142.2
EVENT FAILED
248 360.3 , Est Remaining: 142.4
249 361.7 , Est Remaining: 140.9
250 363.2 , Est Remaining: 139.5
251 364.6 , Est Remaining: 138.0
252 366.1 , Est Remaining: 136.6
253 367.5 , Est Remaining: 135.1
254 368.9 , Est Remaining: 133.6
255 370.4 , Est Remaining: 132.2
256 371.8 , Est Remaining: 130.7
257 373.3 , Est Remaining: 129.3
258 374.7 , Est Remaining: 127.8
259 376.2 , Est Remaining: 126.4
260 377.6 , Est Remaining: 124.9
261 379.0 , Est Remaining: 123.4
262 380.5 , Est Remaining: 122.0
263 381.9 , Est Remaining: 120.5
264 383.4 , Est Remaining: 119.1
265 384.9 , Est Remaining: 117.6
266 386.3 , Est Remaining: 116.2
267 387.7 , Est Remaining: 114.7
268 389.2 , Est Remaining: 113.3
EVENT FAILED
268 389.5 , Est Remaining: 113.4
269 391.0 , Est Remaining: 111.9
270 392.4 , Est Remaining: 110.5
271 393.9 , Est Remaining: 109.0
272 395.4 , Est Remaining: 107.6
273 396.8 , Est Remaining: 106.1
274 398.3 , Est Remaining: 104.7
275 399.8 , Est Remaining: 103.2
276 401.2 , Est Remaining: 101.8
277 402.7 , Est Remaining: 100.3
278 404.4 , Est Remaining: 98.9
279 405.9 , Est Remaining: 97.5
280 407.4 , Est Remaining: 96.0
281 408.8 , Est Remaining: 94.6
282 410.3 , Est Remaining: 93.1
283 411.7 , Est Remaining: 91.7
284 413.2 , Est Remaining: 90.2
285 414.7 , Est Remaining: 88.8
286 416.1 , Est Remaining: 87.3
287 417.6 , Est Remaining: 85.8
288 419.0 , Est Remaining: 84.4
289 420.5 , Est Remaining: 82.9
290 421.9 , Est Remaining: 81.5
291 423.4 , Est Remaining: 80.0
292 425.0 , Est Remaining: 78.6
293 426.5 , Est Remaining: 77.1
294 427.9 , Est Remaining: 75.7
295 429.4 , Est Remaining: 74.2
296 430.8 , Est Remaining: 72.8
297 432.3 , Est Remaining: 71.3
298 433.7 , Est Remaining: 69.9
299 435.2 , Est Remaining: 68.4
300 436.8 , Est Remaining: 67.0
301 438.2 , Est Remaining: 65.5
302 439.6 , Est Remaining: 64.1
303 441.1 , Est Remaining: 62.6
304 442.5 , Est Remaining: 61.1
305 444.0 , Est Remaining: 59.7
306 445.4 , Est Remaining: 58.2
307 446.8 , Est Remaining: 56.8
EVENT FAILED
307 447.1 , Est Remaining: 56.8
308 448.5 , Est Remaining: 55.3
309 449.9 , Est Remaining: 53.9
310 451.3 , Est Remaining: 52.4
311 452.8 , Est Remaining: 51.0
312 454.2 , Est Remaining: 49.5
313 455.6 , Est Remaining: 48.0
314 457.0 , Est Remaining: 46.6
315 458.4 , Est Remaining: 45.1
316 459.9 , Est Remaining: 43.7
317 461.2 , Est Remaining: 42.2
318 462.7 , Est Remaining: 40.7
319 464.1 , Est Remaining: 39.3
320 465.5 , Est Remaining: 37.8
321 466.8 , Est Remaining: 36.4
322 468.3 , Est Remaining: 34.9
323 469.6 , Est Remaining: 33.4
324 471.0 , Est Remaining: 32.0
325 472.4 , Est Remaining: 30.5
EVENT FAILED
325 472.8 , Est Remaining: 30.5
326 474.2 , Est Remaining: 29.1
327 475.6 , Est Remaining: 27.6
328 476.9 , Est Remaining: 26.2
329 478.3 , Est Remaining: 24.7
330 479.7 , Est Remaining: 23.3
