Note: NumExpr detected 32 cores but "NUMEXPR_MAX_THREADS" not set, so enforcing safe limit of 8.
Using selector: EpollSelector
/n/home02/jhaefner/miniconda/envs/IC-3.7-2020-06-16/lib/python3.7/site-packages/scipy/optimize/minpack.py:808: OptimizeWarning: Covariance of the parameters could not be estimated
  category=OptimizeWarning)
Total rwfs: 346
0 0.0 , Est Remaining: 999999.9
1 1.3 , Est Remaining: 454.3
EVENT FAILED
1 1.7 , Est Remaining: 571.9
2 3.0 , Est Remaining: 511.4
3 4.3 , Est Remaining: 492.6
4 5.6 , Est Remaining: 480.8
5 6.9 , Est Remaining: 471.3
EVENT FAILED
5 7.3 , Est Remaining: 499.0
6 8.6 , Est Remaining: 489.0
7 9.9 , Est Remaining: 480.7
8 11.2 , Est Remaining: 475.0
9 12.5 , Est Remaining: 469.3
10 13.8 , Est Remaining: 464.3
11 15.1 , Est Remaining: 459.7
12 16.4 , Est Remaining: 456.1
13 17.7 , Est Remaining: 452.6
14 18.9 , Est Remaining: 449.0
15 20.2 , Est Remaining: 446.3
EVENT FAILED
15 20.6 , Est Remaining: 453.5
16 21.9 , Est Remaining: 450.7
17 23.1 , Est Remaining: 447.5
18 24.4 , Est Remaining: 444.7
19 25.7 , Est Remaining: 442.2
20 27.0 , Est Remaining: 439.7
21 28.3 , Est Remaining: 437.4
22 29.6 , Est Remaining: 435.2
23 30.8 , Est Remaining: 432.9
24 32.1 , Est Remaining: 431.2
25 33.4 , Est Remaining: 429.3
26 34.7 , Est Remaining: 427.5
27 36.0 , Est Remaining: 425.8
28 37.4 , Est Remaining: 424.2
29 38.7 , Est Remaining: 422.6
30 40.0 , Est Remaining: 421.2
31 41.3 , Est Remaining: 419.2
32 42.5 , Est Remaining: 417.4
EVENT FAILED
32 42.8 , Est Remaining: 420.4
33 44.2 , Est Remaining: 418.9
34 45.5 , Est Remaining: 417.2
35 46.8 , Est Remaining: 415.5
36 48.1 , Est Remaining: 414.1
37 49.4 , Est Remaining: 412.7
38 50.7 , Est Remaining: 411.0
39 52.0 , Est Remaining: 409.3
40 53.3 , Est Remaining: 407.8
41 54.6 , Est Remaining: 406.3
42 55.9 , Est Remaining: 404.8
43 57.2 , Est Remaining: 403.4
44 58.5 , Est Remaining: 401.8
45 59.9 , Est Remaining: 400.4
46 61.2 , Est Remaining: 398.9
47 62.5 , Est Remaining: 397.3
48 63.8 , Est Remaining: 395.8
49 65.1 , Est Remaining: 394.3
EVENT FAILED
49 65.4 , Est Remaining: 396.3
50 66.7 , Est Remaining: 394.7
51 68.0 , Est Remaining: 393.4
52 69.4 , Est Remaining: 392.1
53 70.6 , Est Remaining: 390.4
54 71.9 , Est Remaining: 389.0
55 73.3 , Est Remaining: 387.7
56 74.6 , Est Remaining: 386.2
57 75.9 , Est Remaining: 384.7
58 77.2 , Est Remaining: 383.4
59 78.5 , Est Remaining: 382.0
60 79.9 , Est Remaining: 380.6
61 81.2 , Est Remaining: 379.3
62 82.5 , Est Remaining: 377.9
63 83.8 , Est Remaining: 376.6
64 85.2 , Est Remaining: 375.4
65 86.5 , Est Remaining: 374.0
66 87.8 , Est Remaining: 372.7
67 89.2 , Est Remaining: 371.4
68 90.5 , Est Remaining: 370.1
69 91.9 , Est Remaining: 368.8
70 93.2 , Est Remaining: 367.6
71 94.6 , Est Remaining: 366.3
EVENT FAILED
71 95.0 , Est Remaining: 368.0
72 96.4 , Est Remaining: 366.8
73 97.8 , Est Remaining: 365.6
74 99.1 , Est Remaining: 364.4
75 100.5 , Est Remaining: 363.0
76 101.8 , Est Remaining: 361.7
77 103.2 , Est Remaining: 360.4
78 104.5 , Est Remaining: 359.1
79 105.9 , Est Remaining: 357.8
80 107.2 , Est Remaining: 356.5
81 108.6 , Est Remaining: 355.3
82 109.9 , Est Remaining: 353.9
83 111.3 , Est Remaining: 352.6
84 112.6 , Est Remaining: 351.3
85 114.0 , Est Remaining: 350.0
86 115.3 , Est Remaining: 348.6
87 116.7 , Est Remaining: 347.3
88 118.0 , Est Remaining: 346.0
89 119.3 , Est Remaining: 344.6
90 120.7 , Est Remaining: 343.3
91 122.0 , Est Remaining: 342.0
92 123.4 , Est Remaining: 340.6
93 124.7 , Est Remaining: 339.4
94 126.1 , Est Remaining: 338.1
95 127.4 , Est Remaining: 336.7
96 128.8 , Est Remaining: 335.3
97 130.1 , Est Remaining: 334.0
98 131.4 , Est Remaining: 332.6
99 132.8 , Est Remaining: 331.3
100 134.1 , Est Remaining: 330.0
101 135.4 , Est Remaining: 328.4
102 136.7 , Est Remaining: 327.0
103 138.1 , Est Remaining: 325.8
104 139.5 , Est Remaining: 324.5
105 140.8 , Est Remaining: 323.2
106 142.2 , Est Remaining: 321.9
107 143.5 , Est Remaining: 320.5
108 144.8 , Est Remaining: 319.2
109 146.2 , Est Remaining: 317.9
110 147.5 , Est Remaining: 316.5
111 148.9 , Est Remaining: 315.2
112 150.2 , Est Remaining: 313.9
113 151.6 , Est Remaining: 312.5
114 152.9 , Est Remaining: 311.2
115 154.3 , Est Remaining: 309.9
116 155.6 , Est Remaining: 308.6
117 157.0 , Est Remaining: 307.3
118 158.3 , Est Remaining: 306.0
119 159.7 , Est Remaining: 304.6
120 161.1 , Est Remaining: 303.3
121 162.4 , Est Remaining: 302.0
122 163.7 , Est Remaining: 300.6
123 165.1 , Est Remaining: 299.3
124 166.4 , Est Remaining: 298.0
125 167.8 , Est Remaining: 296.6
126 169.1 , Est Remaining: 295.3
127 170.5 , Est Remaining: 294.0
128 171.8 , Est Remaining: 292.6
129 173.1 , Est Remaining: 291.3
130 174.5 , Est Remaining: 289.9
131 175.8 , Est Remaining: 288.6
132 177.2 , Est Remaining: 287.2
133 178.5 , Est Remaining: 285.9
134 179.9 , Est Remaining: 284.5
135 181.2 , Est Remaining: 283.2
136 182.6 , Est Remaining: 281.9
137 183.9 , Est Remaining: 280.6
138 185.3 , Est Remaining: 279.3
139 186.7 , Est Remaining: 278.0
140 188.0 , Est Remaining: 276.6
141 189.3 , Est Remaining: 275.3
142 190.7 , Est Remaining: 273.9
143 192.0 , Est Remaining: 272.6
144 193.4 , Est Remaining: 271.2
145 194.7 , Est Remaining: 269.9
146 196.0 , Est Remaining: 268.5
147 197.4 , Est Remaining: 267.2
148 198.7 , Est Remaining: 265.9
149 200.1 , Est Remaining: 264.5
EVENT FAILED
149 200.4 , Est Remaining: 264.9
150 201.8 , Est Remaining: 263.7
151 203.1 , Est Remaining: 262.3
152 204.5 , Est Remaining: 261.0
153 205.8 , Est Remaining: 259.6
154 207.2 , Est Remaining: 258.3
155 208.5 , Est Remaining: 256.9
156 209.9 , Est Remaining: 255.6
157 211.2 , Est Remaining: 254.3
158 212.6 , Est Remaining: 252.9
159 213.9 , Est Remaining: 251.6
160 215.3 , Est Remaining: 250.3
161 216.6 , Est Remaining: 248.9
162 218.0 , Est Remaining: 247.6
163 219.4 , Est Remaining: 246.3
164 220.7 , Est Remaining: 244.9
165 222.0 , Est Remaining: 243.6
166 223.4 , Est Remaining: 242.2
EVENT FAILED
166 223.7 , Est Remaining: 242.5
167 225.0 , Est Remaining: 241.2
168 226.4 , Est Remaining: 239.8
169 227.7 , Est Remaining: 238.5
170 229.0 , Est Remaining: 237.1
171 230.4 , Est Remaining: 235.8
172 231.8 , Est Remaining: 234.5
173 233.1 , Est Remaining: 233.1
174 234.5 , Est Remaining: 231.8
175 235.8 , Est Remaining: 230.4
176 237.2 , Est Remaining: 229.1
177 238.5 , Est Remaining: 227.7
178 239.9 , Est Remaining: 226.4
179 241.2 , Est Remaining: 225.0
180 242.5 , Est Remaining: 223.7
EVENT FAILED
180 242.9 , Est Remaining: 224.0
181 244.2 , Est Remaining: 222.6
182 245.6 , Est Remaining: 221.3
EVENT FAILED
182 245.9 , Est Remaining: 221.6
183 247.2 , Est Remaining: 220.2
184 248.6 , Est Remaining: 218.9
185 249.9 , Est Remaining: 217.5
186 251.2 , Est Remaining: 216.1
187 252.6 , Est Remaining: 214.8
188 253.9 , Est Remaining: 213.4
189 255.2 , Est Remaining: 212.0
190 256.6 , Est Remaining: 210.7
191 257.9 , Est Remaining: 209.3
192 259.3 , Est Remaining: 207.9
193 260.6 , Est Remaining: 206.6
194 262.0 , Est Remaining: 205.2
195 263.3 , Est Remaining: 203.9
196 264.7 , Est Remaining: 202.5
197 266.0 , Est Remaining: 201.2
198 267.3 , Est Remaining: 199.8
199 268.7 , Est Remaining: 198.5
200 270.0 , Est Remaining: 197.1
201 271.4 , Est Remaining: 195.8
202 272.7 , Est Remaining: 194.4
203 274.1 , Est Remaining: 193.1
204 275.5 , Est Remaining: 191.8
205 276.8 , Est Remaining: 190.4
206 278.2 , Est Remaining: 189.1
207 279.5 , Est Remaining: 187.7
208 280.9 , Est Remaining: 186.4
209 282.2 , Est Remaining: 185.0
210 283.6 , Est Remaining: 183.6
211 284.9 , Est Remaining: 182.3
212 286.2 , Est Remaining: 180.9
213 287.6 , Est Remaining: 179.6
214 288.9 , Est Remaining: 178.2
215 290.3 , Est Remaining: 176.9
216 291.6 , Est Remaining: 175.5
217 293.0 , Est Remaining: 174.2
218 294.3 , Est Remaining: 172.8
EVENT FAILED
218 294.6 , Est Remaining: 173.0
219 296.0 , Est Remaining: 171.6
220 297.3 , Est Remaining: 170.3
221 298.6 , Est Remaining: 168.9
222 300.0 , Est Remaining: 167.6
223 301.3 , Est Remaining: 166.2
224 302.7 , Est Remaining: 164.8
225 304.0 , Est Remaining: 163.5
226 305.4 , Est Remaining: 162.1
227 306.7 , Est Remaining: 160.8
228 308.0 , Est Remaining: 159.4
229 309.4 , Est Remaining: 158.1
EVENT FAILED
229 309.7 , Est Remaining: 158.2
230 311.0 , Est Remaining: 156.9
231 312.4 , Est Remaining: 155.5
232 313.7 , Est Remaining: 154.2
233 315.0 , Est Remaining: 152.8
234 316.4 , Est Remaining: 151.4
235 317.7 , Est Remaining: 150.1
236 319.0 , Est Remaining: 148.7
237 320.4 , Est Remaining: 147.3
238 321.7 , Est Remaining: 146.0
239 323.0 , Est Remaining: 144.6
240 324.4 , Est Remaining: 143.3
241 325.7 , Est Remaining: 141.9
242 327.0 , Est Remaining: 140.5
243 328.4 , Est Remaining: 139.2
244 329.7 , Est Remaining: 137.8
245 331.1 , Est Remaining: 136.5
246 332.4 , Est Remaining: 135.1
247 333.7 , Est Remaining: 133.8
248 335.1 , Est Remaining: 132.4
249 336.4 , Est Remaining: 131.1
250 337.7 , Est Remaining: 129.7
251 339.1 , Est Remaining: 128.3
252 340.4 , Est Remaining: 127.0
253 341.7 , Est Remaining: 125.6
254 343.1 , Est Remaining: 124.3
255 344.4 , Est Remaining: 122.9
256 345.8 , Est Remaining: 121.6
257 347.1 , Est Remaining: 120.2
258 348.4 , Est Remaining: 118.8
259 349.8 , Est Remaining: 117.5
260 351.1 , Est Remaining: 116.1
261 352.4 , Est Remaining: 114.8
262 353.8 , Est Remaining: 113.4
263 355.1 , Est Remaining: 112.1
264 356.4 , Est Remaining: 110.7
265 357.8 , Est Remaining: 109.4
266 359.1 , Est Remaining: 108.0
267 360.4 , Est Remaining: 106.6
268 361.8 , Est Remaining: 105.3
269 363.1 , Est Remaining: 103.9
270 364.4 , Est Remaining: 102.6
271 365.8 , Est Remaining: 101.2
272 367.1 , Est Remaining: 99.9
273 368.5 , Est Remaining: 98.5
274 369.8 , Est Remaining: 97.2
275 371.1 , Est Remaining: 95.8
276 372.5 , Est Remaining: 94.5
277 373.8 , Est Remaining: 93.1
278 375.2 , Est Remaining: 91.8
279 376.5 , Est Remaining: 90.4
280 377.8 , Est Remaining: 89.1
281 379.2 , Est Remaining: 87.7
282 380.5 , Est Remaining: 86.4
283 381.8 , Est Remaining: 85.0
284 383.2 , Est Remaining: 83.7
285 384.5 , Est Remaining: 82.3
286 385.9 , Est Remaining: 81.0
287 387.2 , Est Remaining: 79.6
288 388.6 , Est Remaining: 78.2
289 389.9 , Est Remaining: 76.9
290 391.2 , Est Remaining: 75.5
291 392.5 , Est Remaining: 74.2
292 393.9 , Est Remaining: 72.8
293 395.2 , Est Remaining: 71.5
294 396.5 , Est Remaining: 70.1
295 397.9 , Est Remaining: 68.8
296 399.2 , Est Remaining: 67.4
297 400.5 , Est Remaining: 66.1
298 401.8 , Est Remaining: 64.7
299 403.2 , Est Remaining: 63.4
300 404.5 , Est Remaining: 62.0
301 405.8 , Est Remaining: 60.7
302 407.3 , Est Remaining: 59.3
303 408.6 , Est Remaining: 58.0
304 410.0 , Est Remaining: 56.6
305 411.3 , Est Remaining: 55.3
306 412.6 , Est Remaining: 53.9
307 414.0 , Est Remaining: 52.6
308 415.3 , Est Remaining: 51.2
309 416.6 , Est Remaining: 49.9
310 418.0 , Est Remaining: 48.5
311 419.3 , Est Remaining: 47.2
312 420.6 , Est Remaining: 45.8
313 422.0 , Est Remaining: 44.5
314 423.3 , Est Remaining: 43.1
315 424.7 , Est Remaining: 41.8
316 426.0 , Est Remaining: 40.4
317 427.3 , Est Remaining: 39.1
318 428.7 , Est Remaining: 37.7
319 430.0 , Est Remaining: 36.4
320 431.3 , Est Remaining: 35.0
321 432.7 , Est Remaining: 33.7
322 434.0 , Est Remaining: 32.3
323 435.3 , Est Remaining: 31.0
324 436.6 , Est Remaining: 29.6
325 437.9 , Est Remaining: 28.3
326 439.2 , Est Remaining: 26.9
EVENT FAILED
326 439.6 , Est Remaining: 27.0
327 440.9 , Est Remaining: 25.6
EVENT FAILED
327 441.7 , Est Remaining: 25.7
328 443.1 , Est Remaining: 24.3
329 444.4 , Est Remaining: 23.0
330 445.7 , Est Remaining: 21.6
331 447.0 , Est Remaining: 20.3
