Note: NumExpr detected 32 cores but "NUMEXPR_MAX_THREADS" not set, so enforcing safe limit of 8.
Using selector: EpollSelector
/n/home02/jhaefner/miniconda/envs/IC-3.7-2020-06-16/lib/python3.7/site-packages/scipy/optimize/minpack.py:808: OptimizeWarning: Covariance of the parameters could not be estimated
  category=OptimizeWarning)
Total rwfs: 346
0 0.0 , Est Remaining: 999999.9
1 1.5 , Est Remaining: 521.6
2 3.0 , Est Remaining: 519.1
3 4.5 , Est Remaining: 519.4
4 6.0 , Est Remaining: 516.1
5 7.5 , Est Remaining: 510.6
6 9.0 , Est Remaining: 509.6
7 10.5 , Est Remaining: 507.1
8 11.9 , Est Remaining: 504.4
9 13.4 , Est Remaining: 502.1
10 14.9 , Est Remaining: 499.8
11 16.3 , Est Remaining: 497.6
12 17.9 , Est Remaining: 496.9
13 19.3 , Est Remaining: 495.7
14 20.7 , Est Remaining: 491.7
15 22.2 , Est Remaining: 490.0
16 23.7 , Est Remaining: 488.9
17 25.2 , Est Remaining: 487.5
18 26.7 , Est Remaining: 486.6
19 28.2 , Est Remaining: 485.6
20 29.7 , Est Remaining: 484.2
21 31.2 , Est Remaining: 482.9
22 32.7 , Est Remaining: 481.2
EVENT FAILED
22 33.0 , Est Remaining: 485.7
23 34.4 , Est Remaining: 483.6
24 35.9 , Est Remaining: 481.4
EVENT FAILED
24 36.2 , Est Remaining: 485.6
25 37.6 , Est Remaining: 483.1
26 39.1 , Est Remaining: 481.0
27 40.5 , Est Remaining: 478.9
28 42.0 , Est Remaining: 476.6
29 43.4 , Est Remaining: 474.5
30 44.9 , Est Remaining: 472.6
31 46.3 , Est Remaining: 470.5
32 47.8 , Est Remaining: 468.6
33 49.2 , Est Remaining: 466.7
34 50.6 , Est Remaining: 464.7
35 52.1 , Est Remaining: 462.9
36 53.5 , Est Remaining: 461.1
37 55.0 , Est Remaining: 459.3
38 56.4 , Est Remaining: 457.5
39 57.9 , Est Remaining: 455.7
40 59.4 , Est Remaining: 454.0
41 60.8 , Est Remaining: 452.2
42 62.2 , Est Remaining: 450.5
43 63.7 , Est Remaining: 448.7
44 65.2 , Est Remaining: 447.2
45 66.6 , Est Remaining: 445.6
46 68.1 , Est Remaining: 444.1
47 69.6 , Est Remaining: 442.6
48 71.0 , Est Remaining: 441.0
49 72.5 , Est Remaining: 439.5
50 74.0 , Est Remaining: 437.9
51 75.4 , Est Remaining: 436.0
52 76.8 , Est Remaining: 434.4
53 78.3 , Est Remaining: 432.8
54 79.7 , Est Remaining: 431.2
EVENT FAILED
54 80.1 , Est Remaining: 432.9
55 81.5 , Est Remaining: 431.3
56 83.0 , Est Remaining: 429.6
57 84.4 , Est Remaining: 428.0
58 85.9 , Est Remaining: 426.4
59 87.3 , Est Remaining: 424.9
60 88.8 , Est Remaining: 423.2
61 90.3 , Est Remaining: 421.7
62 91.7 , Est Remaining: 420.0
63 93.2 , Est Remaining: 418.5
64 94.6 , Est Remaining: 416.9
65 96.1 , Est Remaining: 415.4
66 97.5 , Est Remaining: 413.8
67 99.0 , Est Remaining: 412.2
68 100.4 , Est Remaining: 410.7
69 101.9 , Est Remaining: 409.2
70 103.4 , Est Remaining: 407.7
71 104.9 , Est Remaining: 406.2
72 106.3 , Est Remaining: 404.7
73 107.8 , Est Remaining: 403.0
74 109.2 , Est Remaining: 401.5
75 110.7 , Est Remaining: 399.9
76 112.1 , Est Remaining: 398.3
77 113.6 , Est Remaining: 396.7
78 115.0 , Est Remaining: 395.2
79 116.4 , Est Remaining: 393.5
80 117.9 , Est Remaining: 391.9
81 119.3 , Est Remaining: 390.4
82 120.8 , Est Remaining: 388.8
83 122.2 , Est Remaining: 387.2
84 123.7 , Est Remaining: 385.8
85 125.1 , Est Remaining: 384.2
86 126.6 , Est Remaining: 382.7
87 128.0 , Est Remaining: 381.2
EVENT FAILED
87 128.3 , Est Remaining: 382.1
88 129.8 , Est Remaining: 380.5
89 131.2 , Est Remaining: 379.0
90 132.7 , Est Remaining: 377.4
91 134.2 , Est Remaining: 375.9
92 135.6 , Est Remaining: 374.4
93 137.1 , Est Remaining: 372.9
94 138.5 , Est Remaining: 371.3
95 140.0 , Est Remaining: 369.8
96 141.4 , Est Remaining: 368.2
97 142.9 , Est Remaining: 366.7
98 144.3 , Est Remaining: 365.2
99 145.8 , Est Remaining: 363.7
100 147.2 , Est Remaining: 362.1
101 148.6 , Est Remaining: 360.6
102 150.1 , Est Remaining: 359.1
103 151.6 , Est Remaining: 357.7
104 153.1 , Est Remaining: 356.2
105 154.6 , Est Remaining: 354.7
106 156.0 , Est Remaining: 353.2
107 157.4 , Est Remaining: 351.7
108 158.9 , Est Remaining: 350.2
109 160.4 , Est Remaining: 348.7
110 161.9 , Est Remaining: 347.3
111 163.3 , Est Remaining: 345.8
112 164.8 , Est Remaining: 344.3
113 166.2 , Est Remaining: 342.8
114 167.7 , Est Remaining: 341.3
115 169.2 , Est Remaining: 339.8
116 170.7 , Est Remaining: 338.4
117 172.1 , Est Remaining: 336.8
118 173.6 , Est Remaining: 335.3
EVENT FAILED
118 173.9 , Est Remaining: 335.9
119 175.3 , Est Remaining: 334.4
120 176.7 , Est Remaining: 332.9
121 178.2 , Est Remaining: 331.4
122 179.6 , Est Remaining: 329.8
123 181.1 , Est Remaining: 328.3
124 182.5 , Est Remaining: 326.8
125 184.0 , Est Remaining: 325.3
126 185.4 , Est Remaining: 323.7
127 186.8 , Est Remaining: 322.2
128 188.3 , Est Remaining: 320.6
129 189.7 , Est Remaining: 319.1
130 191.1 , Est Remaining: 317.6
131 192.6 , Est Remaining: 316.0
132 194.0 , Est Remaining: 314.5
133 195.4 , Est Remaining: 313.0
134 196.9 , Est Remaining: 311.4
135 198.3 , Est Remaining: 309.9
136 199.7 , Est Remaining: 308.4
137 201.1 , Est Remaining: 306.9
138 202.6 , Est Remaining: 305.3
139 204.0 , Est Remaining: 303.8
140 205.4 , Est Remaining: 302.2
141 206.8 , Est Remaining: 300.7
142 208.3 , Est Remaining: 299.2
143 209.7 , Est Remaining: 297.6
144 211.1 , Est Remaining: 296.1
145 212.5 , Est Remaining: 294.5
146 213.9 , Est Remaining: 293.0
147 215.3 , Est Remaining: 291.4
148 216.7 , Est Remaining: 289.9
149 218.1 , Est Remaining: 288.4
150 219.5 , Est Remaining: 286.8
151 220.9 , Est Remaining: 285.3
152 222.4 , Est Remaining: 283.8
153 223.8 , Est Remaining: 282.3
154 225.2 , Est Remaining: 280.8
155 226.6 , Est Remaining: 279.2
EVENT FAILED
155 226.9 , Est Remaining: 279.6
156 228.4 , Est Remaining: 278.1
157 229.8 , Est Remaining: 276.6
158 231.2 , Est Remaining: 275.2
159 232.7 , Est Remaining: 273.6
160 234.1 , Est Remaining: 272.2
161 235.5 , Est Remaining: 270.7
162 237.0 , Est Remaining: 269.1
163 238.4 , Est Remaining: 267.6
164 239.8 , Est Remaining: 266.1
165 241.2 , Est Remaining: 264.6
166 242.7 , Est Remaining: 263.1
167 244.1 , Est Remaining: 261.6
168 245.5 , Est Remaining: 260.1
169 247.0 , Est Remaining: 258.6
170 248.4 , Est Remaining: 257.1
EVENT FAILED
170 248.7 , Est Remaining: 257.5
171 250.1 , Est Remaining: 256.0
172 251.6 , Est Remaining: 254.5
173 253.0 , Est Remaining: 253.0
EVENT FAILED
173 253.3 , Est Remaining: 253.3
174 254.7 , Est Remaining: 251.8
175 256.2 , Est Remaining: 250.3
176 257.6 , Est Remaining: 248.9
177 259.1 , Est Remaining: 247.4
178 260.5 , Est Remaining: 245.9
179 262.0 , Est Remaining: 244.4
180 263.4 , Est Remaining: 242.9
181 264.9 , Est Remaining: 241.4
182 266.3 , Est Remaining: 240.0
EVENT FAILED
182 266.6 , Est Remaining: 240.2
183 268.0 , Est Remaining: 238.7
184 269.5 , Est Remaining: 237.2
185 270.9 , Est Remaining: 235.7
186 272.3 , Est Remaining: 234.2
187 273.7 , Est Remaining: 232.7
188 275.1 , Est Remaining: 231.2
189 276.6 , Est Remaining: 229.8
190 278.0 , Est Remaining: 228.3
191 279.5 , Est Remaining: 226.8
192 280.9 , Est Remaining: 225.3
193 282.4 , Est Remaining: 223.9
194 283.8 , Est Remaining: 222.4
195 285.3 , Est Remaining: 220.9
196 286.7 , Est Remaining: 219.4
197 288.2 , Est Remaining: 218.0
198 289.6 , Est Remaining: 216.5
199 291.0 , Est Remaining: 215.0
200 292.5 , Est Remaining: 213.5
201 293.9 , Est Remaining: 212.0
202 295.3 , Est Remaining: 210.5
203 296.9 , Est Remaining: 209.2
204 298.4 , Est Remaining: 207.7
205 299.8 , Est Remaining: 206.2
206 301.3 , Est Remaining: 204.7
207 302.8 , Est Remaining: 203.3
208 304.2 , Est Remaining: 201.8
209 305.7 , Est Remaining: 200.4
210 307.1 , Est Remaining: 198.9
211 308.5 , Est Remaining: 197.4
212 310.0 , Est Remaining: 195.9
213 311.4 , Est Remaining: 194.5
214 312.9 , Est Remaining: 193.0
215 314.3 , Est Remaining: 191.5
216 315.8 , Est Remaining: 190.0
217 317.2 , Est Remaining: 188.6
218 318.6 , Est Remaining: 187.1
219 320.1 , Est Remaining: 185.6
220 321.5 , Est Remaining: 184.1
221 323.0 , Est Remaining: 182.7
222 324.4 , Est Remaining: 181.2
223 325.9 , Est Remaining: 179.7
224 327.3 , Est Remaining: 178.3
225 328.7 , Est Remaining: 176.8
226 330.2 , Est Remaining: 175.3
227 331.6 , Est Remaining: 173.8
228 333.1 , Est Remaining: 172.4
229 334.5 , Est Remaining: 170.9
230 335.9 , Est Remaining: 169.4
231 337.4 , Est Remaining: 168.0
EVENT FAILED
231 337.7 , Est Remaining: 168.1
232 339.1 , Est Remaining: 166.6
233 340.6 , Est Remaining: 165.2
234 342.0 , Est Remaining: 163.7
EVENT FAILED
234 342.3 , Est Remaining: 163.9
235 343.8 , Est Remaining: 162.4
236 345.2 , Est Remaining: 160.9
237 346.7 , Est Remaining: 159.4
238 348.1 , Est Remaining: 158.0
239 349.5 , Est Remaining: 156.5
240 351.0 , Est Remaining: 155.0
241 352.4 , Est Remaining: 153.6
242 353.9 , Est Remaining: 152.1
243 355.3 , Est Remaining: 150.6
244 356.7 , Est Remaining: 149.1
245 358.2 , Est Remaining: 147.7
246 359.6 , Est Remaining: 146.2
247 361.1 , Est Remaining: 144.7
248 362.5 , Est Remaining: 143.3
249 364.0 , Est Remaining: 141.8
250 365.4 , Est Remaining: 140.3
251 366.9 , Est Remaining: 138.9
252 368.3 , Est Remaining: 137.4
253 369.8 , Est Remaining: 135.9
254 371.3 , Est Remaining: 134.5
255 372.7 , Est Remaining: 133.0
256 374.2 , Est Remaining: 131.5
257 375.6 , Est Remaining: 130.1
258 377.1 , Est Remaining: 128.6
259 378.5 , Est Remaining: 127.2
260 380.0 , Est Remaining: 125.7
261 381.5 , Est Remaining: 124.2
262 382.9 , Est Remaining: 122.8
263 384.4 , Est Remaining: 121.3
264 385.8 , Est Remaining: 119.8
265 387.3 , Est Remaining: 118.4
266 388.8 , Est Remaining: 116.9
267 390.2 , Est Remaining: 115.5
268 391.7 , Est Remaining: 114.0
269 393.1 , Est Remaining: 112.5
270 394.6 , Est Remaining: 111.1
271 396.1 , Est Remaining: 109.6
272 397.5 , Est Remaining: 108.2
273 399.0 , Est Remaining: 106.7
274 400.5 , Est Remaining: 105.2
275 401.9 , Est Remaining: 103.8
276 403.4 , Est Remaining: 102.3
277 404.9 , Est Remaining: 100.9
278 406.4 , Est Remaining: 99.4
279 407.9 , Est Remaining: 97.9
280 409.3 , Est Remaining: 96.5
EVENT FAILED
280 409.6 , Est Remaining: 96.6
281 411.1 , Est Remaining: 95.1
282 412.6 , Est Remaining: 93.6
283 414.0 , Est Remaining: 92.2
284 415.5 , Est Remaining: 90.7
285 416.9 , Est Remaining: 89.2
286 418.4 , Est Remaining: 87.8
287 419.9 , Est Remaining: 86.3
288 421.3 , Est Remaining: 84.9
289 422.8 , Est Remaining: 83.4
290 424.3 , Est Remaining: 81.9
291 425.8 , Est Remaining: 80.5
292 427.2 , Est Remaining: 79.0
293 428.7 , Est Remaining: 77.5
294 430.1 , Est Remaining: 76.1
295 431.6 , Est Remaining: 74.6
296 433.1 , Est Remaining: 73.2
297 434.5 , Est Remaining: 71.7
298 436.0 , Est Remaining: 70.2
299 437.4 , Est Remaining: 68.8
300 438.9 , Est Remaining: 67.3
301 440.3 , Est Remaining: 65.8
302 442.0 , Est Remaining: 64.4
303 443.5 , Est Remaining: 62.9
304 444.9 , Est Remaining: 61.5
305 446.4 , Est Remaining: 60.0
306 447.9 , Est Remaining: 58.5
307 449.3 , Est Remaining: 57.1
308 450.8 , Est Remaining: 55.6
309 452.2 , Est Remaining: 54.1
310 453.7 , Est Remaining: 52.7
311 455.1 , Est Remaining: 51.2
312 456.6 , Est Remaining: 49.8
313 458.0 , Est Remaining: 48.3
314 459.4 , Est Remaining: 46.8
315 460.9 , Est Remaining: 45.4
316 462.3 , Est Remaining: 43.9
317 463.7 , Est Remaining: 42.4
318 465.1 , Est Remaining: 40.9
319 466.5 , Est Remaining: 39.5
320 467.9 , Est Remaining: 38.0
321 469.3 , Est Remaining: 36.5
322 470.7 , Est Remaining: 35.1
323 472.0 , Est Remaining: 33.6
324 473.4 , Est Remaining: 32.1
325 474.8 , Est Remaining: 30.7
326 476.2 , Est Remaining: 29.2
327 477.6 , Est Remaining: 27.7
EVENT FAILED
327 477.9 , Est Remaining: 27.8
328 479.3 , Est Remaining: 26.3
329 480.6 , Est Remaining: 24.8
330 482.0 , Est Remaining: 23.4
331 483.4 , Est Remaining: 21.9
332 484.8 , Est Remaining: 20.4
