Note: NumExpr detected 32 cores but "NUMEXPR_MAX_THREADS" not set, so enforcing safe limit of 8.
Using selector: EpollSelector
/n/home02/jhaefner/miniconda/envs/IC-3.7-2020-06-16/lib/python3.7/site-packages/scipy/optimize/minpack.py:808: OptimizeWarning: Covariance of the parameters could not be estimated
  category=OptimizeWarning)
Total rwfs: 346
0 0.0 , Est Remaining: 999999.9
1 1.5 , Est Remaining: 505.1
2 2.9 , Est Remaining: 500.1
3 4.4 , Est Remaining: 499.8
4 5.8 , Est Remaining: 495.5
5 7.2 , Est Remaining: 492.3
6 8.6 , Est Remaining: 489.5
7 10.1 , Est Remaining: 488.3
8 11.5 , Est Remaining: 487.7
9 13.0 , Est Remaining: 486.9
10 14.4 , Est Remaining: 485.5
11 15.9 , Est Remaining: 483.3
12 17.3 , Est Remaining: 481.7
13 18.7 , Est Remaining: 479.8
14 20.2 , Est Remaining: 478.8
15 21.6 , Est Remaining: 476.5
16 23.0 , Est Remaining: 475.3
17 24.5 , Est Remaining: 473.7
18 25.9 , Est Remaining: 471.9
19 27.3 , Est Remaining: 470.0
20 28.8 , Est Remaining: 468.8
21 30.2 , Est Remaining: 467.0
22 31.6 , Est Remaining: 465.2
23 33.0 , Est Remaining: 463.6
24 34.4 , Est Remaining: 461.7
EVENT FAILED
24 34.7 , Est Remaining: 465.8
25 36.1 , Est Remaining: 464.1
26 37.6 , Est Remaining: 462.7
27 39.0 , Est Remaining: 461.0
28 40.4 , Est Remaining: 459.4
29 41.9 , Est Remaining: 457.6
30 43.3 , Est Remaining: 455.8
31 44.7 , Est Remaining: 454.3
32 46.1 , Est Remaining: 452.6
33 47.5 , Est Remaining: 450.9
34 49.0 , Est Remaining: 449.2
35 50.4 , Est Remaining: 447.6
36 51.8 , Est Remaining: 446.0
37 53.2 , Est Remaining: 444.3
38 54.6 , Est Remaining: 442.7
39 56.0 , Est Remaining: 441.2
40 57.5 , Est Remaining: 439.6
41 58.9 , Est Remaining: 438.1
42 60.3 , Est Remaining: 436.5
43 61.8 , Est Remaining: 435.2
44 63.2 , Est Remaining: 433.7
45 64.6 , Est Remaining: 432.2
46 66.1 , Est Remaining: 430.9
47 67.5 , Est Remaining: 429.4
48 68.9 , Est Remaining: 427.9
49 70.4 , Est Remaining: 426.6
50 71.8 , Est Remaining: 425.0
51 73.2 , Est Remaining: 423.6
52 74.7 , Est Remaining: 422.1
53 76.1 , Est Remaining: 420.6
54 77.5 , Est Remaining: 419.0
55 78.9 , Est Remaining: 417.4
56 80.3 , Est Remaining: 415.8
57 81.7 , Est Remaining: 414.1
58 83.1 , Est Remaining: 412.6
59 84.5 , Est Remaining: 411.2
60 85.9 , Est Remaining: 409.5
61 87.3 , Est Remaining: 407.9
62 88.7 , Est Remaining: 406.4
63 90.1 , Est Remaining: 404.9
64 91.5 , Est Remaining: 403.4
65 92.9 , Est Remaining: 401.8
66 94.4 , Est Remaining: 400.3
67 95.8 , Est Remaining: 398.9
68 97.2 , Est Remaining: 397.5
69 98.7 , Est Remaining: 396.1
70 100.1 , Est Remaining: 394.7
71 101.5 , Est Remaining: 393.2
72 103.0 , Est Remaining: 391.8
73 104.4 , Est Remaining: 390.3
74 105.8 , Est Remaining: 389.0
75 107.3 , Est Remaining: 387.5
76 108.7 , Est Remaining: 386.1
77 110.1 , Est Remaining: 384.6
78 111.5 , Est Remaining: 383.2
79 112.9 , Est Remaining: 381.7
80 114.4 , Est Remaining: 380.2
81 115.8 , Est Remaining: 378.9
82 117.2 , Est Remaining: 377.5
83 118.7 , Est Remaining: 376.0
84 120.1 , Est Remaining: 374.5
85 121.5 , Est Remaining: 373.0
86 122.9 , Est Remaining: 371.6
87 124.4 , Est Remaining: 370.2
88 125.6 , Est Remaining: 368.4
89 127.1 , Est Remaining: 366.9
90 128.5 , Est Remaining: 365.5
91 130.0 , Est Remaining: 364.2
92 131.4 , Est Remaining: 362.8
93 132.8 , Est Remaining: 361.3
94 134.2 , Est Remaining: 359.9
EVENT FAILED
94 134.6 , Est Remaining: 360.7
95 136.0 , Est Remaining: 359.4
96 137.5 , Est Remaining: 358.0
97 138.9 , Est Remaining: 356.5
98 140.3 , Est Remaining: 355.2
EVENT FAILED
98 140.6 , Est Remaining: 355.9
EVENT FAILED
98 141.0 , Est Remaining: 356.7
99 142.4 , Est Remaining: 355.2
100 143.8 , Est Remaining: 353.8
101 145.2 , Est Remaining: 352.3
102 146.7 , Est Remaining: 350.9
103 148.2 , Est Remaining: 349.7
104 149.6 , Est Remaining: 348.2
105 151.1 , Est Remaining: 346.8
106 152.6 , Est Remaining: 345.4
107 154.0 , Est Remaining: 344.0
108 155.4 , Est Remaining: 342.5
109 156.9 , Est Remaining: 341.1
110 158.3 , Est Remaining: 339.6
111 159.7 , Est Remaining: 338.1
112 161.1 , Est Remaining: 336.6
113 162.6 , Est Remaining: 335.2
114 163.9 , Est Remaining: 333.6
115 165.4 , Est Remaining: 332.2
116 166.8 , Est Remaining: 330.7
117 168.2 , Est Remaining: 329.2
118 169.6 , Est Remaining: 327.8
119 171.0 , Est Remaining: 326.3
120 172.5 , Est Remaining: 324.8
121 173.9 , Est Remaining: 323.3
122 175.3 , Est Remaining: 321.8
123 176.7 , Est Remaining: 320.4
124 178.1 , Est Remaining: 318.9
125 179.6 , Est Remaining: 317.5
126 181.0 , Est Remaining: 316.0
127 182.4 , Est Remaining: 314.5
128 183.8 , Est Remaining: 313.1
129 185.2 , Est Remaining: 311.6
130 186.7 , Est Remaining: 310.1
131 188.1 , Est Remaining: 308.7
132 189.5 , Est Remaining: 307.2
133 190.9 , Est Remaining: 305.7
134 192.3 , Est Remaining: 304.3
135 193.8 , Est Remaining: 302.8
136 195.2 , Est Remaining: 301.4
137 196.6 , Est Remaining: 300.0
138 198.0 , Est Remaining: 298.5
139 199.5 , Est Remaining: 297.0
140 200.9 , Est Remaining: 295.6
141 202.3 , Est Remaining: 294.1
142 203.7 , Est Remaining: 292.7
143 205.1 , Est Remaining: 291.2
144 206.6 , Est Remaining: 289.7
145 208.0 , Est Remaining: 288.3
146 209.4 , Est Remaining: 286.8
147 210.8 , Est Remaining: 285.4
148 212.2 , Est Remaining: 283.9
149 213.7 , Est Remaining: 282.5
150 215.1 , Est Remaining: 281.0
151 216.5 , Est Remaining: 279.6
152 218.0 , Est Remaining: 278.2
153 219.4 , Est Remaining: 276.8
154 220.8 , Est Remaining: 275.3
155 222.3 , Est Remaining: 273.9
156 223.7 , Est Remaining: 272.5
157 225.2 , Est Remaining: 271.1
158 226.7 , Est Remaining: 269.7
159 228.1 , Est Remaining: 268.3
160 229.5 , Est Remaining: 266.8
161 231.0 , Est Remaining: 265.4
162 232.4 , Est Remaining: 264.0
163 233.9 , Est Remaining: 262.6
164 235.3 , Est Remaining: 261.1
165 236.7 , Est Remaining: 259.7
166 238.1 , Est Remaining: 258.2
EVENT FAILED
166 238.4 , Est Remaining: 258.5
167 239.9 , Est Remaining: 257.1
168 241.3 , Est Remaining: 255.7
EVENT FAILED
168 241.6 , Est Remaining: 256.0
169 243.1 , Est Remaining: 254.6
170 244.5 , Est Remaining: 253.1
171 245.9 , Est Remaining: 251.7
172 247.4 , Est Remaining: 250.3
173 248.8 , Est Remaining: 248.8
174 250.3 , Est Remaining: 247.4
175 251.7 , Est Remaining: 246.0
176 253.2 , Est Remaining: 244.5
177 254.6 , Est Remaining: 243.1
EVENT FAILED
177 255.0 , Est Remaining: 243.4
178 256.4 , Est Remaining: 242.0
179 257.8 , Est Remaining: 240.6
180 259.3 , Est Remaining: 239.1
181 260.7 , Est Remaining: 237.7
182 262.2 , Est Remaining: 236.3
183 263.6 , Est Remaining: 234.8
184 265.1 , Est Remaining: 233.4
185 266.5 , Est Remaining: 232.0
186 268.0 , Est Remaining: 230.5
187 269.4 , Est Remaining: 229.1
188 270.9 , Est Remaining: 227.7
189 272.4 , Est Remaining: 226.3
190 273.8 , Est Remaining: 224.8
191 275.3 , Est Remaining: 223.4
192 276.7 , Est Remaining: 221.9
193 278.1 , Est Remaining: 220.5
194 279.5 , Est Remaining: 219.0
195 280.9 , Est Remaining: 217.6
196 282.4 , Est Remaining: 216.1
197 283.8 , Est Remaining: 214.7
198 285.2 , Est Remaining: 213.2
199 286.6 , Est Remaining: 211.7
200 288.1 , Est Remaining: 210.3
201 289.4 , Est Remaining: 208.8
202 290.8 , Est Remaining: 207.3
203 292.4 , Est Remaining: 206.0
204 293.8 , Est Remaining: 204.5
205 295.2 , Est Remaining: 203.0
206 296.6 , Est Remaining: 201.6
207 298.0 , Est Remaining: 200.1
208 299.5 , Est Remaining: 198.7
209 300.9 , Est Remaining: 197.2
EVENT FAILED
209 301.2 , Est Remaining: 197.4
210 302.6 , Est Remaining: 196.0
211 304.0 , Est Remaining: 194.5
212 305.5 , Est Remaining: 193.1
213 306.9 , Est Remaining: 191.6
214 308.3 , Est Remaining: 190.2
215 309.7 , Est Remaining: 188.7
216 311.2 , Est Remaining: 187.3
217 312.6 , Est Remaining: 185.8
218 314.1 , Est Remaining: 184.4
219 315.5 , Est Remaining: 183.0
220 317.0 , Est Remaining: 181.5
221 318.4 , Est Remaining: 180.1
222 319.8 , Est Remaining: 178.6
223 321.2 , Est Remaining: 177.2
224 322.6 , Est Remaining: 175.7
225 324.0 , Est Remaining: 174.3
226 325.4 , Est Remaining: 172.8
227 326.8 , Est Remaining: 171.3
228 328.2 , Est Remaining: 169.9
229 329.6 , Est Remaining: 168.4
230 331.1 , Est Remaining: 167.0
231 332.4 , Est Remaining: 165.5
232 333.8 , Est Remaining: 164.0
233 335.2 , Est Remaining: 162.6
234 336.6 , Est Remaining: 161.1
235 338.0 , Est Remaining: 159.6
236 339.3 , Est Remaining: 158.2
237 340.7 , Est Remaining: 156.7
238 342.1 , Est Remaining: 155.2
239 343.5 , Est Remaining: 153.8
EVENT FAILED
239 343.8 , Est Remaining: 153.9
240 345.2 , Est Remaining: 152.4
241 346.5 , Est Remaining: 151.0
242 347.9 , Est Remaining: 149.5
243 349.3 , Est Remaining: 148.1
244 350.6 , Est Remaining: 146.6
245 352.0 , Est Remaining: 145.1
246 353.4 , Est Remaining: 143.7
247 354.7 , Est Remaining: 142.2
248 356.1 , Est Remaining: 140.7
249 357.5 , Est Remaining: 139.3
250 358.8 , Est Remaining: 137.8
251 360.2 , Est Remaining: 136.3
252 361.6 , Est Remaining: 134.9
253 362.9 , Est Remaining: 133.4
254 364.3 , Est Remaining: 131.9
255 365.6 , Est Remaining: 130.5
256 367.0 , Est Remaining: 129.0
257 368.4 , Est Remaining: 127.6
258 369.8 , Est Remaining: 126.1
259 371.1 , Est Remaining: 124.7
260 372.5 , Est Remaining: 123.2
261 373.9 , Est Remaining: 121.8
262 375.3 , Est Remaining: 120.3
263 376.7 , Est Remaining: 118.9
264 378.1 , Est Remaining: 117.4
265 379.4 , Est Remaining: 116.0
266 380.8 , Est Remaining: 114.5
267 382.1 , Est Remaining: 113.1
268 383.5 , Est Remaining: 111.6
269 384.8 , Est Remaining: 110.2
270 386.2 , Est Remaining: 108.7
271 387.5 , Est Remaining: 107.2
272 388.9 , Est Remaining: 105.8
273 390.2 , Est Remaining: 104.3
274 391.5 , Est Remaining: 102.9
275 392.9 , Est Remaining: 101.4
276 394.2 , Est Remaining: 100.0
277 395.6 , Est Remaining: 98.5
278 396.9 , Est Remaining: 97.1
279 398.3 , Est Remaining: 95.6
280 399.6 , Est Remaining: 94.2
281 401.0 , Est Remaining: 92.8
282 402.3 , Est Remaining: 91.3
283 403.7 , Est Remaining: 89.9
284 405.1 , Est Remaining: 88.4
285 406.4 , Est Remaining: 87.0
286 407.8 , Est Remaining: 85.6
287 409.2 , Est Remaining: 84.1
288 410.5 , Est Remaining: 82.7
289 411.9 , Est Remaining: 81.2
290 413.2 , Est Remaining: 79.8
291 414.6 , Est Remaining: 78.4
292 415.9 , Est Remaining: 76.9
293 417.3 , Est Remaining: 75.5
294 418.6 , Est Remaining: 74.0
295 420.0 , Est Remaining: 72.6
296 421.4 , Est Remaining: 71.2
297 422.7 , Est Remaining: 69.7
298 424.1 , Est Remaining: 68.3
299 425.4 , Est Remaining: 66.9
300 426.8 , Est Remaining: 65.4
301 428.2 , Est Remaining: 64.0
302 429.7 , Est Remaining: 62.6
303 431.1 , Est Remaining: 61.2
304 432.5 , Est Remaining: 59.7
305 433.8 , Est Remaining: 58.3
306 435.2 , Est Remaining: 56.9
307 436.6 , Est Remaining: 55.5
308 438.0 , Est Remaining: 54.0
309 439.4 , Est Remaining: 52.6
310 440.8 , Est Remaining: 51.2
311 442.1 , Est Remaining: 49.8
312 443.5 , Est Remaining: 48.3
313 444.9 , Est Remaining: 46.9
314 446.2 , Est Remaining: 45.5
315 447.6 , Est Remaining: 44.1
316 449.0 , Est Remaining: 42.6
317 450.4 , Est Remaining: 41.2
318 451.8 , Est Remaining: 39.8
319 453.2 , Est Remaining: 38.4
320 454.6 , Est Remaining: 36.9
321 456.0 , Est Remaining: 35.5
322 457.4 , Est Remaining: 34.1
323 458.8 , Est Remaining: 32.7
324 460.2 , Est Remaining: 31.2
325 461.6 , Est Remaining: 29.8
326 463.0 , Est Remaining: 28.4
327 464.3 , Est Remaining: 27.0
328 465.7 , Est Remaining: 25.6
329 467.1 , Est Remaining: 24.1
330 468.4 , Est Remaining: 22.7
331 469.8 , Est Remaining: 21.3
332 471.1 , Est Remaining: 19.9
333 472.5 , Est Remaining: 18.4
334 473.8 , Est Remaining: 17.0
335 475.2 , Est Remaining: 15.6
336 476.5 , Est Remaining: 14.2
