Note: NumExpr detected 32 cores but "NUMEXPR_MAX_THREADS" not set, so enforcing safe limit of 8.
Using selector: EpollSelector
/n/home02/jhaefner/miniconda/envs/IC-3.7-2020-06-16/lib/python3.7/site-packages/scipy/optimize/minpack.py:808: OptimizeWarning: Covariance of the parameters could not be estimated
  category=OptimizeWarning)
Total rwfs: 346
0 0.0 , Est Remaining: 999999.9
EVENT FAILED
0 0.4 , Est Remaining: 999999.9
1 1.8 , Est Remaining: 615.6
2 3.2 , Est Remaining: 553.4
EVENT FAILED
2 3.5 , Est Remaining: 606.4
3 5.0 , Est Remaining: 574.6
4 6.5 , Est Remaining: 553.2
5 7.9 , Est Remaining: 538.3
6 9.3 , Est Remaining: 527.6
7 10.7 , Est Remaining: 518.7
8 12.2 , Est Remaining: 513.5
9 13.6 , Est Remaining: 507.4
10 15.0 , Est Remaining: 502.6
11 16.4 , Est Remaining: 498.1
12 17.8 , Est Remaining: 494.9
13 19.2 , Est Remaining: 491.5
14 20.6 , Est Remaining: 489.1
15 22.0 , Est Remaining: 486.5
16 23.4 , Est Remaining: 483.6
17 24.8 , Est Remaining: 480.7
18 26.2 , Est Remaining: 477.9
19 27.6 , Est Remaining: 474.7
20 28.9 , Est Remaining: 471.6
21 30.3 , Est Remaining: 468.8
22 31.6 , Est Remaining: 466.1
23 33.0 , Est Remaining: 463.6
24 34.3 , Est Remaining: 460.8
25 35.7 , Est Remaining: 458.2
26 37.0 , Est Remaining: 455.7
27 38.4 , Est Remaining: 453.4
28 39.7 , Est Remaining: 450.9
29 41.0 , Est Remaining: 448.7
30 42.4 , Est Remaining: 446.5
31 43.7 , Est Remaining: 444.3
32 45.0 , Est Remaining: 442.0
33 46.4 , Est Remaining: 440.0
34 47.7 , Est Remaining: 438.0
35 49.1 , Est Remaining: 435.9
36 50.4 , Est Remaining: 433.8
37 51.7 , Est Remaining: 431.8
38 53.1 , Est Remaining: 430.6
39 54.5 , Est Remaining: 428.7
40 55.7 , Est Remaining: 426.1
41 57.0 , Est Remaining: 424.3
42 58.4 , Est Remaining: 422.5
43 59.7 , Est Remaining: 420.6
44 61.0 , Est Remaining: 418.8
45 62.3 , Est Remaining: 417.0
46 63.7 , Est Remaining: 415.1
47 65.0 , Est Remaining: 413.3
48 66.3 , Est Remaining: 411.5
49 67.6 , Est Remaining: 409.7
50 68.9 , Est Remaining: 408.0
51 70.2 , Est Remaining: 406.3
52 71.5 , Est Remaining: 404.4
53 72.8 , Est Remaining: 402.7
54 74.2 , Est Remaining: 401.0
55 75.5 , Est Remaining: 399.3
56 76.8 , Est Remaining: 397.5
57 78.1 , Est Remaining: 395.8
58 79.4 , Est Remaining: 394.1
59 80.7 , Est Remaining: 392.4
60 82.0 , Est Remaining: 390.8
61 83.3 , Est Remaining: 389.1
62 84.6 , Est Remaining: 387.4
63 85.9 , Est Remaining: 385.8
64 87.2 , Est Remaining: 384.2
65 88.5 , Est Remaining: 382.6
66 89.8 , Est Remaining: 381.0
67 91.1 , Est Remaining: 379.4
68 92.4 , Est Remaining: 377.7
69 93.7 , Est Remaining: 376.2
70 95.0 , Est Remaining: 374.7
71 96.4 , Est Remaining: 373.2
72 97.7 , Est Remaining: 371.7
73 99.0 , Est Remaining: 370.2
74 100.3 , Est Remaining: 368.7
75 101.6 , Est Remaining: 367.3
76 103.0 , Est Remaining: 365.9
77 104.3 , Est Remaining: 364.5
78 105.7 , Est Remaining: 363.1
79 107.0 , Est Remaining: 361.7
80 108.4 , Est Remaining: 360.3
81 109.7 , Est Remaining: 359.0
EVENT FAILED
81 110.0 , Est Remaining: 360.0
82 111.4 , Est Remaining: 358.7
83 112.8 , Est Remaining: 357.3
84 114.1 , Est Remaining: 356.0
85 115.5 , Est Remaining: 354.7
86 116.9 , Est Remaining: 353.4
87 118.3 , Est Remaining: 352.1
88 119.7 , Est Remaining: 350.8
89 121.0 , Est Remaining: 349.5
90 122.4 , Est Remaining: 348.3
91 123.8 , Est Remaining: 347.0
92 125.2 , Est Remaining: 345.7
93 126.6 , Est Remaining: 344.5
94 128.0 , Est Remaining: 343.2
95 129.4 , Est Remaining: 342.0
96 130.8 , Est Remaining: 340.7
97 132.2 , Est Remaining: 339.4
98 133.6 , Est Remaining: 338.2
99 135.0 , Est Remaining: 336.9
100 136.4 , Est Remaining: 335.7
101 137.8 , Est Remaining: 334.4
102 139.3 , Est Remaining: 333.3
103 140.7 , Est Remaining: 332.0
EVENT FAILED
103 141.1 , Est Remaining: 332.8
104 142.4 , Est Remaining: 331.5
105 143.8 , Est Remaining: 330.2
106 145.3 , Est Remaining: 328.9
107 146.7 , Est Remaining: 327.7
108 148.1 , Est Remaining: 326.4
109 149.6 , Est Remaining: 325.2
110 151.0 , Est Remaining: 323.9
EVENT FAILED
110 151.3 , Est Remaining: 324.6
EVENT FAILED
110 151.6 , Est Remaining: 325.2
111 153.0 , Est Remaining: 323.9
112 154.4 , Est Remaining: 322.6
113 155.8 , Est Remaining: 321.3
114 157.3 , Est Remaining: 320.0
115 158.7 , Est Remaining: 318.7
116 160.1 , Est Remaining: 317.4
117 161.5 , Est Remaining: 316.1
118 162.9 , Est Remaining: 314.8
119 164.4 , Est Remaining: 313.5
120 165.8 , Est Remaining: 312.2
121 167.2 , Est Remaining: 310.9
122 168.6 , Est Remaining: 309.6
123 170.0 , Est Remaining: 308.2
124 171.4 , Est Remaining: 306.9
125 172.9 , Est Remaining: 305.6
126 174.3 , Est Remaining: 304.3
127 175.7 , Est Remaining: 303.0
128 177.2 , Est Remaining: 301.8
129 178.6 , Est Remaining: 300.5
130 180.0 , Est Remaining: 299.2
131 181.5 , Est Remaining: 297.8
132 182.9 , Est Remaining: 296.5
133 184.4 , Est Remaining: 295.2
134 185.8 , Est Remaining: 294.0
135 187.2 , Est Remaining: 292.7
136 188.7 , Est Remaining: 291.3
137 190.1 , Est Remaining: 290.0
138 191.5 , Est Remaining: 288.6
139 192.9 , Est Remaining: 287.3
140 194.3 , Est Remaining: 285.9
141 195.7 , Est Remaining: 284.6
142 197.2 , Est Remaining: 283.2
143 198.6 , Est Remaining: 281.9
144 200.0 , Est Remaining: 280.5
EVENT FAILED
144 200.3 , Est Remaining: 281.0
145 201.7 , Est Remaining: 279.6
146 203.2 , Est Remaining: 278.3
147 204.6 , Est Remaining: 276.9
148 206.0 , Est Remaining: 275.6
149 207.4 , Est Remaining: 274.2
150 208.8 , Est Remaining: 272.9
151 210.2 , Est Remaining: 271.5
152 211.7 , Est Remaining: 270.1
153 213.1 , Est Remaining: 268.8
154 214.5 , Est Remaining: 267.4
155 215.9 , Est Remaining: 266.1
156 217.4 , Est Remaining: 264.8
157 218.8 , Est Remaining: 263.4
158 220.2 , Est Remaining: 262.0
159 221.6 , Est Remaining: 260.7
160 223.1 , Est Remaining: 259.3
161 224.5 , Est Remaining: 257.9
162 225.9 , Est Remaining: 256.6
163 227.3 , Est Remaining: 255.2
164 228.7 , Est Remaining: 253.8
165 230.1 , Est Remaining: 252.4
166 231.5 , Est Remaining: 251.1
167 232.9 , Est Remaining: 249.7
168 234.3 , Est Remaining: 248.3
169 235.8 , Est Remaining: 246.9
170 237.2 , Est Remaining: 245.6
171 238.6 , Est Remaining: 244.2
172 240.0 , Est Remaining: 242.8
173 241.3 , Est Remaining: 241.3
174 242.7 , Est Remaining: 240.0
175 244.2 , Est Remaining: 238.6
176 245.6 , Est Remaining: 237.2
177 247.1 , Est Remaining: 235.9
178 248.5 , Est Remaining: 234.5
179 249.9 , Est Remaining: 233.2
180 251.4 , Est Remaining: 231.8
181 252.8 , Est Remaining: 230.5
182 254.2 , Est Remaining: 229.1
EVENT FAILED
182 254.5 , Est Remaining: 229.4
183 256.0 , Est Remaining: 228.0
184 257.4 , Est Remaining: 226.6
185 258.8 , Est Remaining: 225.3
EVENT FAILED
185 259.1 , Est Remaining: 225.5
186 260.6 , Est Remaining: 224.1
187 262.0 , Est Remaining: 222.8
188 263.4 , Est Remaining: 221.4
189 264.8 , Est Remaining: 220.0
190 266.2 , Est Remaining: 218.6
191 267.7 , Est Remaining: 217.2
192 269.1 , Est Remaining: 215.8
193 270.5 , Est Remaining: 214.4
194 271.9 , Est Remaining: 213.1
195 273.3 , Est Remaining: 211.7
196 274.8 , Est Remaining: 210.3
197 276.2 , Est Remaining: 208.9
198 277.7 , Est Remaining: 207.5
199 279.1 , Est Remaining: 206.2
200 280.6 , Est Remaining: 204.8
201 282.0 , Est Remaining: 203.5
202 283.6 , Est Remaining: 202.2
203 285.1 , Est Remaining: 200.8
204 286.5 , Est Remaining: 199.5
205 288.0 , Est Remaining: 198.1
206 289.5 , Est Remaining: 196.7
207 290.9 , Est Remaining: 195.4
208 292.4 , Est Remaining: 194.0
209 293.8 , Est Remaining: 192.6
210 295.2 , Est Remaining: 191.2
211 296.6 , Est Remaining: 189.8
EVENT FAILED
211 296.9 , Est Remaining: 190.0
212 298.4 , Est Remaining: 188.6
213 299.8 , Est Remaining: 187.2
214 301.2 , Est Remaining: 185.8
215 302.7 , Est Remaining: 184.4
216 304.1 , Est Remaining: 183.0
EVENT FAILED
216 305.0 , Est Remaining: 183.6
217 306.4 , Est Remaining: 182.2
218 307.9 , Est Remaining: 180.8
219 309.3 , Est Remaining: 179.4
220 310.7 , Est Remaining: 178.0
221 312.1 , Est Remaining: 176.6
222 313.6 , Est Remaining: 175.2
223 315.0 , Est Remaining: 173.7
224 316.4 , Est Remaining: 172.4
225 317.9 , Est Remaining: 171.0
226 319.3 , Est Remaining: 169.6
227 320.8 , Est Remaining: 168.2
228 322.2 , Est Remaining: 166.8
229 323.6 , Est Remaining: 165.4
230 325.1 , Est Remaining: 164.0
231 326.5 , Est Remaining: 162.5
232 327.9 , Est Remaining: 161.1
233 329.3 , Est Remaining: 159.7
234 330.7 , Est Remaining: 158.3
235 332.1 , Est Remaining: 156.9
236 333.5 , Est Remaining: 155.5
EVENT FAILED
236 333.8 , Est Remaining: 155.6
237 335.2 , Est Remaining: 154.2
238 336.7 , Est Remaining: 152.8
239 338.1 , Est Remaining: 151.4
240 339.5 , Est Remaining: 149.9
241 340.9 , Est Remaining: 148.5
242 342.3 , Est Remaining: 147.1
243 343.7 , Est Remaining: 145.7
244 345.1 , Est Remaining: 144.2
245 346.4 , Est Remaining: 142.8
246 347.9 , Est Remaining: 141.4
247 349.3 , Est Remaining: 140.0
248 350.7 , Est Remaining: 138.6
249 352.1 , Est Remaining: 137.2
250 353.6 , Est Remaining: 135.8
251 355.0 , Est Remaining: 134.4
252 356.5 , Est Remaining: 133.0
253 357.9 , Est Remaining: 131.6
254 359.3 , Est Remaining: 130.2
255 360.8 , Est Remaining: 128.7
256 362.2 , Est Remaining: 127.3
257 363.6 , Est Remaining: 125.9
258 365.1 , Est Remaining: 124.5
259 366.5 , Est Remaining: 123.1
260 367.9 , Est Remaining: 121.7
261 369.3 , Est Remaining: 120.3
262 370.8 , Est Remaining: 118.9
263 372.2 , Est Remaining: 117.5
264 373.7 , Est Remaining: 116.1
265 375.1 , Est Remaining: 114.7
266 376.5 , Est Remaining: 113.2
267 378.0 , Est Remaining: 111.8
268 379.4 , Est Remaining: 110.4
269 380.8 , Est Remaining: 109.0
270 382.3 , Est Remaining: 107.6
271 383.7 , Est Remaining: 106.2
272 385.1 , Est Remaining: 104.8
273 386.5 , Est Remaining: 103.4
274 387.9 , Est Remaining: 101.9
275 389.3 , Est Remaining: 100.5
276 390.8 , Est Remaining: 99.1
277 392.2 , Est Remaining: 97.7
EVENT FAILED
277 392.5 , Est Remaining: 97.8
278 393.9 , Est Remaining: 96.3
279 395.3 , Est Remaining: 94.9
280 396.7 , Est Remaining: 93.5
281 398.1 , Est Remaining: 92.1
282 399.6 , Est Remaining: 90.7
283 401.0 , Est Remaining: 89.3
284 402.4 , Est Remaining: 87.8
EVENT FAILED
284 402.7 , Est Remaining: 87.9
285 404.1 , Est Remaining: 86.5
286 405.5 , Est Remaining: 85.1
287 406.9 , Est Remaining: 83.7
288 408.4 , Est Remaining: 82.2
289 409.8 , Est Remaining: 80.8
290 411.2 , Est Remaining: 79.4
291 412.6 , Est Remaining: 78.0
292 414.0 , Est Remaining: 76.6
293 415.4 , Est Remaining: 75.1
294 416.8 , Est Remaining: 73.7
295 418.2 , Est Remaining: 72.3
296 419.6 , Est Remaining: 70.9
297 421.0 , Est Remaining: 69.5
298 422.4 , Est Remaining: 68.0
299 423.8 , Est Remaining: 66.6
300 425.3 , Est Remaining: 65.2
301 426.7 , Est Remaining: 63.8
302 428.3 , Est Remaining: 62.4
303 429.7 , Est Remaining: 61.0
304 431.1 , Est Remaining: 59.6
305 432.5 , Est Remaining: 58.1
306 433.9 , Est Remaining: 56.7
307 435.3 , Est Remaining: 55.3
308 436.7 , Est Remaining: 53.9
309 438.1 , Est Remaining: 52.5
310 439.5 , Est Remaining: 51.0
311 441.0 , Est Remaining: 49.6
312 442.4 , Est Remaining: 48.2
313 443.8 , Est Remaining: 46.8
314 445.2 , Est Remaining: 45.4
315 446.6 , Est Remaining: 44.0
316 448.0 , Est Remaining: 42.5
317 449.4 , Est Remaining: 41.1
318 450.8 , Est Remaining: 39.7
319 452.2 , Est Remaining: 38.3
320 453.7 , Est Remaining: 36.9
321 455.1 , Est Remaining: 35.4
322 456.5 , Est Remaining: 34.0
323 457.9 , Est Remaining: 32.6
324 459.4 , Est Remaining: 31.2
325 460.8 , Est Remaining: 29.8
326 462.3 , Est Remaining: 28.4
327 463.7 , Est Remaining: 26.9
328 465.2 , Est Remaining: 25.5
329 466.6 , Est Remaining: 24.1
330 468.0 , Est Remaining: 22.7
331 469.5 , Est Remaining: 21.3
