Note: NumExpr detected 32 cores but "NUMEXPR_MAX_THREADS" not set, so enforcing safe limit of 8.
Using selector: EpollSelector
/n/home02/jhaefner/miniconda/envs/IC-3.7-2020-06-16/lib/python3.7/site-packages/scipy/optimize/minpack.py:808: OptimizeWarning: Covariance of the parameters could not be estimated
  category=OptimizeWarning)
Total rwfs: 346
0 0.0 , Est Remaining: 999999.9
1 1.5 , Est Remaining: 521.1
2 3.0 , Est Remaining: 509.3
3 4.4 , Est Remaining: 508.5
4 5.9 , Est Remaining: 503.5
5 7.4 , Est Remaining: 501.6
6 8.8 , Est Remaining: 498.8
7 10.3 , Est Remaining: 496.7
8 11.7 , Est Remaining: 494.5
9 13.1 , Est Remaining: 491.4
10 14.6 , Est Remaining: 488.9
11 16.0 , Est Remaining: 487.2
12 17.5 , Est Remaining: 485.8
13 18.9 , Est Remaining: 484.0
14 20.3 , Est Remaining: 482.2
15 21.8 , Est Remaining: 480.1
16 23.2 , Est Remaining: 478.3
17 24.6 , Est Remaining: 476.5
18 26.1 , Est Remaining: 474.7
19 27.5 , Est Remaining: 473.3
20 28.9 , Est Remaining: 471.6
21 30.4 , Est Remaining: 470.1
22 31.9 , Est Remaining: 469.3
23 33.3 , Est Remaining: 468.1
24 34.8 , Est Remaining: 466.5
25 36.2 , Est Remaining: 465.0
26 37.7 , Est Remaining: 463.5
27 39.1 , Est Remaining: 462.0
28 40.6 , Est Remaining: 460.6
29 42.0 , Est Remaining: 459.2
30 43.5 , Est Remaining: 457.8
31 44.9 , Est Remaining: 456.3
32 46.4 , Est Remaining: 454.9
33 47.8 , Est Remaining: 453.5
34 49.2 , Est Remaining: 451.8
35 50.7 , Est Remaining: 450.5
36 52.1 , Est Remaining: 449.0
37 53.6 , Est Remaining: 447.5
38 55.1 , Est Remaining: 446.2
39 56.5 , Est Remaining: 445.0
40 58.0 , Est Remaining: 443.9
41 59.5 , Est Remaining: 442.8
42 61.0 , Est Remaining: 441.5
43 62.5 , Est Remaining: 440.2
44 63.9 , Est Remaining: 438.7
45 65.4 , Est Remaining: 437.3
46 66.8 , Est Remaining: 435.9
47 68.3 , Est Remaining: 434.6
48 69.8 , Est Remaining: 433.1
49 71.2 , Est Remaining: 431.8
50 72.7 , Est Remaining: 430.3
51 74.2 , Est Remaining: 429.0
52 75.6 , Est Remaining: 427.6
53 77.1 , Est Remaining: 426.1
EVENT FAILED
53 77.4 , Est Remaining: 427.8
54 78.8 , Est Remaining: 426.3
55 80.3 , Est Remaining: 424.7
56 81.7 , Est Remaining: 423.2
57 83.2 , Est Remaining: 421.7
58 84.6 , Est Remaining: 420.2
59 86.1 , Est Remaining: 418.7
EVENT FAILED
59 86.4 , Est Remaining: 420.2
60 87.8 , Est Remaining: 418.7
61 89.3 , Est Remaining: 417.1
62 90.7 , Est Remaining: 415.6
63 92.2 , Est Remaining: 414.1
64 93.6 , Est Remaining: 412.6
65 95.1 , Est Remaining: 411.1
66 96.5 , Est Remaining: 409.6
67 98.0 , Est Remaining: 408.0
68 99.4 , Est Remaining: 406.5
69 100.9 , Est Remaining: 405.0
70 102.3 , Est Remaining: 403.5
71 103.8 , Est Remaining: 402.1
72 105.3 , Est Remaining: 400.6
73 106.7 , Est Remaining: 399.1
74 108.2 , Est Remaining: 397.7
75 109.7 , Est Remaining: 396.3
76 111.1 , Est Remaining: 394.8
77 112.6 , Est Remaining: 393.3
78 114.0 , Est Remaining: 391.8
79 115.5 , Est Remaining: 390.3
80 116.9 , Est Remaining: 388.7
81 118.4 , Est Remaining: 387.2
82 119.8 , Est Remaining: 385.7
83 121.2 , Est Remaining: 384.2
84 122.7 , Est Remaining: 382.7
85 124.1 , Est Remaining: 381.1
86 125.6 , Est Remaining: 379.6
87 127.0 , Est Remaining: 378.1
88 128.5 , Est Remaining: 376.6
89 129.9 , Est Remaining: 375.1
90 131.3 , Est Remaining: 373.6
91 132.8 , Est Remaining: 372.1
92 134.2 , Est Remaining: 370.6
93 135.7 , Est Remaining: 369.1
94 137.1 , Est Remaining: 367.6
95 138.6 , Est Remaining: 366.1
96 140.0 , Est Remaining: 364.7
EVENT FAILED
96 140.3 , Est Remaining: 365.5
97 141.8 , Est Remaining: 363.9
98 143.2 , Est Remaining: 362.4
99 144.6 , Est Remaining: 360.9
100 146.1 , Est Remaining: 359.3
101 147.5 , Est Remaining: 357.8
102 148.9 , Est Remaining: 356.3
EVENT FAILED
102 149.2 , Est Remaining: 357.0
103 150.8 , Est Remaining: 355.7
104 152.2 , Est Remaining: 354.2
105 153.7 , Est Remaining: 352.7
106 155.1 , Est Remaining: 351.2
107 156.6 , Est Remaining: 349.7
EVENT FAILED
107 156.9 , Est Remaining: 350.4
108 158.3 , Est Remaining: 348.9
109 159.8 , Est Remaining: 347.4
110 161.3 , Est Remaining: 346.0
111 162.7 , Est Remaining: 344.5
112 164.2 , Est Remaining: 343.0
113 165.6 , Est Remaining: 341.5
114 167.1 , Est Remaining: 340.0
115 168.5 , Est Remaining: 338.5
116 170.0 , Est Remaining: 337.0
117 171.4 , Est Remaining: 335.5
118 172.9 , Est Remaining: 334.0
119 174.3 , Est Remaining: 332.5
120 175.7 , Est Remaining: 330.9
121 177.2 , Est Remaining: 329.4
122 178.6 , Est Remaining: 327.9
123 180.1 , Est Remaining: 326.4
124 181.5 , Est Remaining: 324.9
125 182.9 , Est Remaining: 323.4
126 184.4 , Est Remaining: 322.0
127 185.9 , Est Remaining: 320.5
128 187.3 , Est Remaining: 319.0
129 188.8 , Est Remaining: 317.6
130 190.2 , Est Remaining: 316.1
131 191.7 , Est Remaining: 314.7
132 193.2 , Est Remaining: 313.2
133 194.7 , Est Remaining: 311.8
134 196.2 , Est Remaining: 310.4
135 197.6 , Est Remaining: 308.9
136 199.1 , Est Remaining: 307.5
137 200.6 , Est Remaining: 306.0
138 202.0 , Est Remaining: 304.5
139 203.5 , Est Remaining: 303.0
140 204.9 , Est Remaining: 301.6
141 206.4 , Est Remaining: 300.1
142 207.8 , Est Remaining: 298.6
143 209.2 , Est Remaining: 297.0
144 210.6 , Est Remaining: 295.5
145 212.0 , Est Remaining: 293.9
146 213.4 , Est Remaining: 292.4
147 214.9 , Est Remaining: 290.9
148 216.3 , Est Remaining: 289.3
149 217.6 , Est Remaining: 287.7
150 219.0 , Est Remaining: 286.2
151 220.4 , Est Remaining: 284.6
152 221.8 , Est Remaining: 283.1
153 223.2 , Est Remaining: 281.5
154 224.5 , Est Remaining: 280.0
155 225.9 , Est Remaining: 278.4
156 227.3 , Est Remaining: 276.8
157 228.6 , Est Remaining: 275.2
158 230.0 , Est Remaining: 273.7
159 231.4 , Est Remaining: 272.1
EVENT FAILED
159 231.7 , Est Remaining: 272.5
160 233.0 , Est Remaining: 270.9
161 234.4 , Est Remaining: 269.3
162 235.7 , Est Remaining: 267.7
163 237.1 , Est Remaining: 266.1
164 238.4 , Est Remaining: 264.6
165 239.7 , Est Remaining: 263.0
166 241.1 , Est Remaining: 261.4
167 242.4 , Est Remaining: 259.8
168 243.8 , Est Remaining: 258.3
169 245.1 , Est Remaining: 256.7
170 246.4 , Est Remaining: 255.1
171 247.8 , Est Remaining: 253.6
172 249.1 , Est Remaining: 252.0
173 250.5 , Est Remaining: 250.5
174 251.8 , Est Remaining: 248.9
175 253.1 , Est Remaining: 247.3
176 254.5 , Est Remaining: 245.8
177 255.8 , Est Remaining: 244.3
178 257.1 , Est Remaining: 242.7
EVENT FAILED
178 257.4 , Est Remaining: 243.0
179 258.8 , Est Remaining: 241.4
180 260.1 , Est Remaining: 239.9
181 261.5 , Est Remaining: 238.4
182 262.8 , Est Remaining: 236.8
183 264.1 , Est Remaining: 235.3
184 265.5 , Est Remaining: 233.8
185 266.8 , Est Remaining: 232.2
186 268.2 , Est Remaining: 230.7
187 269.5 , Est Remaining: 229.2
188 270.9 , Est Remaining: 227.7
189 272.2 , Est Remaining: 226.1
190 273.6 , Est Remaining: 224.6
191 274.9 , Est Remaining: 223.1
192 276.2 , Est Remaining: 221.6
193 277.6 , Est Remaining: 220.0
194 278.9 , Est Remaining: 218.5
195 280.3 , Est Remaining: 217.0
196 281.6 , Est Remaining: 215.5
197 283.0 , Est Remaining: 214.0
198 284.3 , Est Remaining: 212.5
199 285.6 , Est Remaining: 211.0
200 287.0 , Est Remaining: 209.5
201 288.3 , Est Remaining: 208.0
202 289.7 , Est Remaining: 206.5
203 291.1 , Est Remaining: 205.1
204 292.4 , Est Remaining: 203.6
205 293.8 , Est Remaining: 202.1
206 295.1 , Est Remaining: 200.6
207 296.5 , Est Remaining: 199.1
208 297.8 , Est Remaining: 197.6
209 299.2 , Est Remaining: 196.1
210 300.6 , Est Remaining: 194.7
211 301.9 , Est Remaining: 193.2
212 303.3 , Est Remaining: 191.7
213 304.6 , Est Remaining: 190.2
214 306.0 , Est Remaining: 188.7
215 307.3 , Est Remaining: 187.3
216 308.7 , Est Remaining: 185.8
217 310.1 , Est Remaining: 184.3
EVENT FAILED
217 310.4 , Est Remaining: 184.5
218 311.8 , Est Remaining: 183.1
219 313.2 , Est Remaining: 181.6
220 314.6 , Est Remaining: 180.2
221 316.0 , Est Remaining: 178.7
222 317.4 , Est Remaining: 177.3
223 318.8 , Est Remaining: 175.8
224 320.2 , Est Remaining: 174.4
225 321.6 , Est Remaining: 172.9
226 322.9 , Est Remaining: 171.4
227 324.3 , Est Remaining: 170.0
228 325.7 , Est Remaining: 168.6
EVENT FAILED
228 326.0 , Est Remaining: 168.7
EVENT FAILED
228 326.3 , Est Remaining: 168.9
229 327.7 , Est Remaining: 167.4
230 329.1 , Est Remaining: 166.0
231 330.6 , Est Remaining: 164.6
232 332.0 , Est Remaining: 163.1
EVENT FAILED
232 332.3 , Est Remaining: 163.3
233 333.7 , Est Remaining: 161.9
EVENT FAILED
233 334.0 , Est Remaining: 162.0
234 335.5 , Est Remaining: 160.6
235 336.9 , Est Remaining: 159.1
236 338.4 , Est Remaining: 157.7
237 339.8 , Est Remaining: 156.3
238 341.3 , Est Remaining: 154.9
239 342.7 , Est Remaining: 153.4
240 344.2 , Est Remaining: 152.0
241 345.6 , Est Remaining: 150.6
242 347.1 , Est Remaining: 149.1
243 348.5 , Est Remaining: 147.7
244 349.9 , Est Remaining: 146.3
245 351.4 , Est Remaining: 144.9
246 352.9 , Est Remaining: 143.4
247 354.3 , Est Remaining: 142.0
248 355.8 , Est Remaining: 140.6
249 357.3 , Est Remaining: 139.2
250 358.7 , Est Remaining: 137.7
251 360.2 , Est Remaining: 136.3
252 361.6 , Est Remaining: 134.9
253 363.1 , Est Remaining: 133.5
254 364.5 , Est Remaining: 132.0
255 366.0 , Est Remaining: 130.6
EVENT FAILED
255 366.3 , Est Remaining: 130.7
256 367.8 , Est Remaining: 129.3
257 369.2 , Est Remaining: 127.9
258 370.7 , Est Remaining: 126.4
259 372.1 , Est Remaining: 125.0
260 373.6 , Est Remaining: 123.6
261 375.1 , Est Remaining: 122.1
262 376.5 , Est Remaining: 120.7
263 378.0 , Est Remaining: 119.3
264 379.4 , Est Remaining: 117.8
265 380.9 , Est Remaining: 116.4
266 382.3 , Est Remaining: 115.0
267 383.7 , Est Remaining: 113.5
268 385.2 , Est Remaining: 112.1
269 386.6 , Est Remaining: 110.7
270 388.1 , Est Remaining: 109.2
271 389.5 , Est Remaining: 107.8
272 390.9 , Est Remaining: 106.4
273 392.4 , Est Remaining: 104.9
274 393.8 , Est Remaining: 103.5
275 395.3 , Est Remaining: 102.1
276 396.7 , Est Remaining: 100.6
277 398.1 , Est Remaining: 99.2
278 399.6 , Est Remaining: 97.7
279 401.0 , Est Remaining: 96.3
280 402.4 , Est Remaining: 94.9
281 403.8 , Est Remaining: 93.4
282 405.2 , Est Remaining: 92.0
EVENT FAILED
282 405.5 , Est Remaining: 92.0
283 406.9 , Est Remaining: 90.6
284 408.4 , Est Remaining: 89.2
285 409.8 , Est Remaining: 87.7
286 411.3 , Est Remaining: 86.3
287 412.7 , Est Remaining: 84.8
288 414.1 , Est Remaining: 83.4
289 415.6 , Est Remaining: 82.0
290 417.0 , Est Remaining: 80.5
291 418.4 , Est Remaining: 79.1
292 419.8 , Est Remaining: 77.6
293 421.3 , Est Remaining: 76.2
294 422.7 , Est Remaining: 74.8
295 424.1 , Est Remaining: 73.3
296 425.6 , Est Remaining: 71.9
297 427.0 , Est Remaining: 70.5
298 428.4 , Est Remaining: 69.0
299 429.9 , Est Remaining: 67.6
300 431.3 , Est Remaining: 66.1
301 432.8 , Est Remaining: 64.7
302 434.4 , Est Remaining: 63.3
303 435.9 , Est Remaining: 61.9
304 437.4 , Est Remaining: 60.4
305 438.8 , Est Remaining: 59.0
306 440.3 , Est Remaining: 57.6
307 441.7 , Est Remaining: 56.1
308 443.1 , Est Remaining: 54.7
309 444.6 , Est Remaining: 53.2
310 446.0 , Est Remaining: 51.8
311 447.5 , Est Remaining: 50.4
312 449.0 , Est Remaining: 48.9
313 450.4 , Est Remaining: 47.5
314 451.9 , Est Remaining: 46.1
315 453.4 , Est Remaining: 44.6
316 454.8 , Est Remaining: 43.2
317 456.3 , Est Remaining: 41.7
318 457.8 , Est Remaining: 40.3
319 459.2 , Est Remaining: 38.9
320 460.7 , Est Remaining: 37.4
321 462.2 , Est Remaining: 36.0
322 463.7 , Est Remaining: 34.6
EVENT FAILED
322 464.0 , Est Remaining: 34.6
323 465.4 , Est Remaining: 33.1
324 466.9 , Est Remaining: 31.7
325 468.4 , Est Remaining: 30.3
326 469.9 , Est Remaining: 28.8
327 471.3 , Est Remaining: 27.4
328 472.8 , Est Remaining: 25.9
329 474.3 , Est Remaining: 24.5
330 475.7 , Est Remaining: 23.1
