Note: NumExpr detected 32 cores but "NUMEXPR_MAX_THREADS" not set, so enforcing safe limit of 8.
Using selector: EpollSelector
/n/home02/jhaefner/miniconda/envs/IC-3.7-2020-06-16/lib/python3.7/site-packages/scipy/optimize/minpack.py:808: OptimizeWarning: Covariance of the parameters could not be estimated
  category=OptimizeWarning)
Total rwfs: 346
0 0.0 , Est Remaining: 999999.9
1 1.4 , Est Remaining: 473.2
EVENT FAILED
1 1.7 , Est Remaining: 586.9
2 3.1 , Est Remaining: 524.9
3 4.4 , Est Remaining: 506.3
4 5.8 , Est Remaining: 493.3
5 7.1 , Est Remaining: 486.2
6 8.5 , Est Remaining: 479.7
7 9.8 , Est Remaining: 474.6
8 11.1 , Est Remaining: 470.6
9 12.5 , Est Remaining: 467.5
10 13.8 , Est Remaining: 464.5
11 15.2 , Est Remaining: 462.1
12 16.5 , Est Remaining: 460.3
13 17.9 , Est Remaining: 458.4
14 19.2 , Est Remaining: 456.3
15 20.6 , Est Remaining: 454.4
16 21.9 , Est Remaining: 452.5
17 23.3 , Est Remaining: 450.6
18 24.6 , Est Remaining: 449.0
19 26.0 , Est Remaining: 447.3
20 27.3 , Est Remaining: 445.5
21 28.7 , Est Remaining: 444.0
22 30.1 , Est Remaining: 442.6
23 31.4 , Est Remaining: 441.0
24 32.7 , Est Remaining: 439.4
25 34.1 , Est Remaining: 438.0
26 35.5 , Est Remaining: 436.4
27 36.8 , Est Remaining: 434.7
28 38.1 , Est Remaining: 433.0
29 39.5 , Est Remaining: 431.3
30 40.8 , Est Remaining: 429.9
31 42.1 , Est Remaining: 428.2
32 43.5 , Est Remaining: 426.6
33 44.8 , Est Remaining: 425.1
34 46.1 , Est Remaining: 423.4
35 47.5 , Est Remaining: 421.9
36 48.8 , Est Remaining: 420.4
37 50.2 , Est Remaining: 419.1
38 51.5 , Est Remaining: 417.8
39 52.9 , Est Remaining: 416.3
40 54.2 , Est Remaining: 414.8
41 55.6 , Est Remaining: 413.4
42 56.9 , Est Remaining: 412.0
43 58.2 , Est Remaining: 410.4
44 59.6 , Est Remaining: 409.0
45 60.9 , Est Remaining: 407.5
46 62.3 , Est Remaining: 406.1
47 63.6 , Est Remaining: 404.7
48 64.9 , Est Remaining: 403.2
49 66.3 , Est Remaining: 401.9
50 67.7 , Est Remaining: 400.5
51 69.0 , Est Remaining: 399.2
52 70.4 , Est Remaining: 397.8
53 71.7 , Est Remaining: 396.5
54 73.1 , Est Remaining: 395.1
55 74.4 , Est Remaining: 393.7
56 75.8 , Est Remaining: 392.3
57 77.1 , Est Remaining: 391.0
58 78.5 , Est Remaining: 389.6
59 79.8 , Est Remaining: 388.1
60 81.1 , Est Remaining: 386.7
61 82.5 , Est Remaining: 385.2
62 83.8 , Est Remaining: 384.0
63 85.2 , Est Remaining: 382.6
64 86.5 , Est Remaining: 381.3
65 87.9 , Est Remaining: 379.9
66 89.2 , Est Remaining: 378.5
67 90.6 , Est Remaining: 377.2
68 91.9 , Est Remaining: 375.7
69 93.2 , Est Remaining: 374.3
70 94.6 , Est Remaining: 372.9
71 95.9 , Est Remaining: 371.5
72 97.3 , Est Remaining: 370.1
73 98.6 , Est Remaining: 368.7
74 99.9 , Est Remaining: 367.2
75 101.3 , Est Remaining: 365.9
76 102.6 , Est Remaining: 364.4
77 103.9 , Est Remaining: 363.0
78 105.2 , Est Remaining: 361.6
79 106.5 , Est Remaining: 360.1
80 107.9 , Est Remaining: 358.6
81 109.2 , Est Remaining: 357.2
82 110.5 , Est Remaining: 355.8
83 111.8 , Est Remaining: 354.4
84 113.2 , Est Remaining: 353.0
85 114.5 , Est Remaining: 351.6
86 115.8 , Est Remaining: 350.1
87 117.1 , Est Remaining: 348.7
88 118.5 , Est Remaining: 347.3
89 119.8 , Est Remaining: 346.0
90 121.2 , Est Remaining: 344.6
91 122.5 , Est Remaining: 343.3
92 123.9 , Est Remaining: 342.0
93 125.2 , Est Remaining: 340.7
94 126.6 , Est Remaining: 339.3
95 127.9 , Est Remaining: 338.0
96 129.3 , Est Remaining: 336.7
97 130.6 , Est Remaining: 335.4
98 132.0 , Est Remaining: 334.0
99 133.3 , Est Remaining: 332.7
EVENT FAILED
99 133.6 , Est Remaining: 333.4
100 135.0 , Est Remaining: 332.0
101 136.3 , Est Remaining: 330.6
102 137.6 , Est Remaining: 329.2
103 139.0 , Est Remaining: 328.0
104 140.4 , Est Remaining: 326.6
105 141.7 , Est Remaining: 325.2
106 143.0 , Est Remaining: 323.8
107 144.4 , Est Remaining: 322.5
108 145.7 , Est Remaining: 321.1
109 147.0 , Est Remaining: 319.7
110 148.4 , Est Remaining: 318.3
111 149.7 , Est Remaining: 316.9
112 151.0 , Est Remaining: 315.6
113 152.4 , Est Remaining: 314.2
114 153.7 , Est Remaining: 312.9
115 155.1 , Est Remaining: 311.5
116 156.4 , Est Remaining: 310.2
117 157.8 , Est Remaining: 308.8
118 159.1 , Est Remaining: 307.5
119 160.5 , Est Remaining: 306.1
120 161.8 , Est Remaining: 304.8
121 163.2 , Est Remaining: 303.4
122 164.5 , Est Remaining: 302.1
123 165.9 , Est Remaining: 300.7
124 167.2 , Est Remaining: 299.4
125 168.6 , Est Remaining: 298.1
126 169.9 , Est Remaining: 296.7
127 171.3 , Est Remaining: 295.4
128 172.6 , Est Remaining: 294.0
129 174.0 , Est Remaining: 292.7
130 175.3 , Est Remaining: 291.3
131 176.7 , Est Remaining: 290.0
132 178.1 , Est Remaining: 288.7
133 179.4 , Est Remaining: 287.3
134 180.8 , Est Remaining: 286.0
135 182.2 , Est Remaining: 284.7
136 183.5 , Est Remaining: 283.4
137 184.9 , Est Remaining: 282.1
138 186.2 , Est Remaining: 280.7
139 187.6 , Est Remaining: 279.4
140 189.0 , Est Remaining: 278.0
141 190.3 , Est Remaining: 276.7
142 191.7 , Est Remaining: 275.4
143 193.0 , Est Remaining: 274.0
144 194.4 , Est Remaining: 272.7
145 195.8 , Est Remaining: 271.4
146 197.1 , Est Remaining: 270.0
147 198.4 , Est Remaining: 268.6
148 199.8 , Est Remaining: 267.3
149 201.1 , Est Remaining: 265.9
150 202.5 , Est Remaining: 264.6
151 203.8 , Est Remaining: 263.2
152 205.2 , Est Remaining: 261.9
153 206.5 , Est Remaining: 260.5
154 207.9 , Est Remaining: 259.2
155 209.2 , Est Remaining: 257.8
156 210.6 , Est Remaining: 256.4
157 211.9 , Est Remaining: 255.1
158 213.2 , Est Remaining: 253.7
159 214.6 , Est Remaining: 252.4
160 215.9 , Est Remaining: 251.0
161 217.3 , Est Remaining: 249.7
162 218.6 , Est Remaining: 248.3
163 220.0 , Est Remaining: 246.9
164 221.3 , Est Remaining: 245.6
165 222.6 , Est Remaining: 244.2
166 224.0 , Est Remaining: 242.9
167 225.3 , Est Remaining: 241.5
168 226.7 , Est Remaining: 240.2
169 228.0 , Est Remaining: 238.8
170 229.4 , Est Remaining: 237.5
171 230.7 , Est Remaining: 236.1
172 232.1 , Est Remaining: 234.8
173 233.4 , Est Remaining: 233.4
174 234.8 , Est Remaining: 232.1
175 236.1 , Est Remaining: 230.7
176 237.4 , Est Remaining: 229.3
177 238.8 , Est Remaining: 228.0
178 240.1 , Est Remaining: 226.6
179 241.4 , Est Remaining: 225.3
180 242.8 , Est Remaining: 223.9
181 244.1 , Est Remaining: 222.5
182 245.5 , Est Remaining: 221.2
183 246.8 , Est Remaining: 219.8
184 248.1 , Est Remaining: 218.5
185 249.5 , Est Remaining: 217.1
186 250.8 , Est Remaining: 215.7
187 252.1 , Est Remaining: 214.4
188 253.5 , Est Remaining: 213.0
189 254.8 , Est Remaining: 211.6
190 256.1 , Est Remaining: 210.3
191 257.4 , Est Remaining: 208.9
192 258.7 , Est Remaining: 207.5
193 260.1 , Est Remaining: 206.2
194 261.4 , Est Remaining: 204.8
195 262.7 , Est Remaining: 203.5
196 264.1 , Est Remaining: 202.1
197 265.4 , Est Remaining: 200.8
198 266.8 , Est Remaining: 199.4
199 268.1 , Est Remaining: 198.0
200 269.4 , Est Remaining: 196.7
EVENT FAILED
200 269.7 , Est Remaining: 196.9
201 271.1 , Est Remaining: 195.5
202 272.4 , Est Remaining: 194.2
203 273.9 , Est Remaining: 192.9
204 275.2 , Est Remaining: 191.5
205 276.5 , Est Remaining: 190.2
206 277.8 , Est Remaining: 188.8
207 279.2 , Est Remaining: 187.5
208 280.5 , Est Remaining: 186.1
209 281.9 , Est Remaining: 184.8
210 283.2 , Est Remaining: 183.4
211 284.5 , Est Remaining: 182.0
212 285.9 , Est Remaining: 180.7
213 287.2 , Est Remaining: 179.3
214 288.6 , Est Remaining: 178.0
215 289.9 , Est Remaining: 176.6
216 291.2 , Est Remaining: 175.3
217 292.6 , Est Remaining: 173.9
218 293.9 , Est Remaining: 172.6
219 295.3 , Est Remaining: 171.2
220 296.6 , Est Remaining: 169.9
221 298.0 , Est Remaining: 168.5
222 299.3 , Est Remaining: 167.2
223 300.7 , Est Remaining: 165.8
224 302.0 , Est Remaining: 164.5
225 303.4 , Est Remaining: 163.1
226 304.7 , Est Remaining: 161.8
227 306.1 , Est Remaining: 160.4
228 307.4 , Est Remaining: 159.1
229 308.8 , Est Remaining: 157.8
230 310.1 , Est Remaining: 156.4
231 311.4 , Est Remaining: 155.0
232 312.8 , Est Remaining: 153.7
233 314.1 , Est Remaining: 152.3
234 315.4 , Est Remaining: 151.0
235 316.8 , Est Remaining: 149.6
236 318.1 , Est Remaining: 148.3
237 319.4 , Est Remaining: 146.9
238 320.8 , Est Remaining: 145.6
239 322.1 , Est Remaining: 144.2
240 323.4 , Est Remaining: 142.8
241 324.8 , Est Remaining: 141.5
242 326.1 , Est Remaining: 140.1
243 327.4 , Est Remaining: 138.8
244 328.7 , Est Remaining: 137.4
245 330.1 , Est Remaining: 136.1
246 331.4 , Est Remaining: 134.7
247 332.7 , Est Remaining: 133.4
248 334.1 , Est Remaining: 132.0
249 335.4 , Est Remaining: 130.7
EVENT FAILED
249 336.3 , Est Remaining: 131.0
250 337.6 , Est Remaining: 129.6
251 339.0 , Est Remaining: 128.3
252 340.3 , Est Remaining: 126.9
253 341.6 , Est Remaining: 125.6
254 343.0 , Est Remaining: 124.2
255 344.3 , Est Remaining: 122.9
256 345.7 , Est Remaining: 121.5
257 347.0 , Est Remaining: 120.2
258 348.3 , Est Remaining: 118.8
259 349.7 , Est Remaining: 117.5
260 351.0 , Est Remaining: 116.1
261 352.3 , Est Remaining: 114.7
262 353.7 , Est Remaining: 113.4
263 355.0 , Est Remaining: 112.0
264 356.4 , Est Remaining: 110.7
265 357.7 , Est Remaining: 109.3
266 359.0 , Est Remaining: 108.0
267 360.4 , Est Remaining: 106.6
268 361.7 , Est Remaining: 105.3
269 363.1 , Est Remaining: 103.9
270 364.4 , Est Remaining: 102.6
271 365.8 , Est Remaining: 101.2
272 367.1 , Est Remaining: 99.9
273 368.5 , Est Remaining: 98.5
274 369.8 , Est Remaining: 97.2
275 371.2 , Est Remaining: 95.8
276 372.5 , Est Remaining: 94.5
277 373.9 , Est Remaining: 93.1
278 375.2 , Est Remaining: 91.8
279 376.6 , Est Remaining: 90.4
280 377.9 , Est Remaining: 89.1
281 379.3 , Est Remaining: 87.7
282 380.6 , Est Remaining: 86.4
283 381.9 , Est Remaining: 85.0
284 383.3 , Est Remaining: 83.7
285 384.6 , Est Remaining: 82.3
286 386.0 , Est Remaining: 81.0
287 387.3 , Est Remaining: 79.6
288 388.7 , Est Remaining: 78.3
289 390.0 , Est Remaining: 76.9
290 391.4 , Est Remaining: 75.6
291 392.7 , Est Remaining: 74.2
292 394.1 , Est Remaining: 72.9
293 395.4 , Est Remaining: 71.5
294 396.8 , Est Remaining: 70.2
295 398.1 , Est Remaining: 68.8
296 399.4 , Est Remaining: 67.5
297 400.8 , Est Remaining: 66.1
298 402.2 , Est Remaining: 64.8
299 403.5 , Est Remaining: 63.4
300 404.9 , Est Remaining: 62.1
EVENT FAILED
300 405.2 , Est Remaining: 62.1
301 406.5 , Est Remaining: 60.8
302 408.0 , Est Remaining: 59.4
303 409.3 , Est Remaining: 58.1
304 410.6 , Est Remaining: 56.7
305 412.0 , Est Remaining: 55.4
306 413.3 , Est Remaining: 54.0
307 414.7 , Est Remaining: 52.7
EVENT FAILED
307 415.0 , Est Remaining: 52.7
308 416.3 , Est Remaining: 51.4
309 417.6 , Est Remaining: 50.0
310 419.0 , Est Remaining: 48.7
EVENT FAILED
310 419.3 , Est Remaining: 48.7
311 420.6 , Est Remaining: 47.3
312 421.9 , Est Remaining: 46.0
313 423.3 , Est Remaining: 44.6
314 424.6 , Est Remaining: 43.3
315 425.9 , Est Remaining: 41.9
316 427.3 , Est Remaining: 40.6
317 428.6 , Est Remaining: 39.2
318 429.9 , Est Remaining: 37.9
319 431.2 , Est Remaining: 36.5
320 432.5 , Est Remaining: 35.1
321 433.9 , Est Remaining: 33.8
322 435.2 , Est Remaining: 32.4
EVENT FAILED
322 435.5 , Est Remaining: 32.5
323 436.8 , Est Remaining: 31.1
324 438.1 , Est Remaining: 29.7
325 439.4 , Est Remaining: 28.4
326 440.8 , Est Remaining: 27.0
327 442.1 , Est Remaining: 25.7
328 443.4 , Est Remaining: 24.3
329 444.7 , Est Remaining: 23.0
330 446.0 , Est Remaining: 21.6
331 447.3 , Est Remaining: 20.3
332 448.6 , Est Remaining: 18.9
333 449.9 , Est Remaining: 17.6
334 451.2 , Est Remaining: 16.2
EVENT FAILED
334 451.5 , Est Remaining: 16.2
335 452.8 , Est Remaining: 14.9
336 454.1 , Est Remaining: 13.5
