Note: NumExpr detected 32 cores but "NUMEXPR_MAX_THREADS" not set, so enforcing safe limit of 8.
Using selector: EpollSelector
/n/home02/jhaefner/miniconda/envs/IC-3.7-2020-06-16/lib/python3.7/site-packages/scipy/optimize/minpack.py:808: OptimizeWarning: Covariance of the parameters could not be estimated
  category=OptimizeWarning)
Total rwfs: 346
0 0.0 , Est Remaining: 999999.9
1 1.4 , Est Remaining: 486.4
2 2.8 , Est Remaining: 483.0
3 4.2 , Est Remaining: 483.7
4 5.6 , Est Remaining: 479.4
5 7.0 , Est Remaining: 478.7
6 8.4 , Est Remaining: 477.2
7 9.8 , Est Remaining: 475.6
EVENT FAILED
7 10.1 , Est Remaining: 490.7
8 11.5 , Est Remaining: 486.6
9 12.9 , Est Remaining: 483.4
10 14.3 , Est Remaining: 481.1
11 15.8 , Est Remaining: 479.7
12 17.2 , Est Remaining: 478.6
13 18.6 , Est Remaining: 476.5
14 20.0 , Est Remaining: 474.9
15 21.4 , Est Remaining: 472.9
16 22.8 , Est Remaining: 471.1
17 24.1 , Est Remaining: 466.5
18 25.5 , Est Remaining: 464.9
19 26.9 , Est Remaining: 462.9
20 28.3 , Est Remaining: 461.5
21 29.7 , Est Remaining: 460.0
22 31.1 , Est Remaining: 458.6
23 32.5 , Est Remaining: 456.8
24 33.9 , Est Remaining: 455.3
25 35.3 , Est Remaining: 453.9
26 36.7 , Est Remaining: 452.3
27 38.2 , Est Remaining: 451.1
28 39.6 , Est Remaining: 449.8
29 41.0 , Est Remaining: 448.4
30 42.4 , Est Remaining: 447.1
31 43.9 , Est Remaining: 445.7
32 45.3 , Est Remaining: 444.4
33 46.7 , Est Remaining: 443.2
34 48.1 , Est Remaining: 441.8
35 49.6 , Est Remaining: 440.7
36 51.1 , Est Remaining: 439.6
37 52.5 , Est Remaining: 438.4
38 53.9 , Est Remaining: 437.0
39 55.4 , Est Remaining: 435.8
40 56.8 , Est Remaining: 434.5
41 58.2 , Est Remaining: 433.1
42 59.7 , Est Remaining: 431.8
43 61.1 , Est Remaining: 430.5
44 62.5 , Est Remaining: 429.0
45 63.9 , Est Remaining: 427.6
46 65.4 , Est Remaining: 426.3
47 66.8 , Est Remaining: 424.9
48 68.2 , Est Remaining: 423.4
EVENT FAILED
48 68.5 , Est Remaining: 425.3
49 69.9 , Est Remaining: 423.9
50 71.4 , Est Remaining: 422.5
51 72.8 , Est Remaining: 421.1
52 74.2 , Est Remaining: 419.8
53 75.7 , Est Remaining: 418.4
54 77.1 , Est Remaining: 416.9
55 78.5 , Est Remaining: 415.3
56 79.9 , Est Remaining: 413.8
57 81.3 , Est Remaining: 412.3
58 82.7 , Est Remaining: 410.8
EVENT FAILED
58 83.0 , Est Remaining: 412.3
59 84.5 , Est Remaining: 411.1
60 85.9 , Est Remaining: 409.7
61 87.4 , Est Remaining: 408.3
62 88.8 , Est Remaining: 406.8
63 90.2 , Est Remaining: 405.3
64 91.6 , Est Remaining: 403.8
65 93.1 , Est Remaining: 402.4
66 94.5 , Est Remaining: 400.9
67 95.9 , Est Remaining: 399.5
68 97.4 , Est Remaining: 398.0
69 98.8 , Est Remaining: 396.6
70 100.2 , Est Remaining: 395.2
71 101.6 , Est Remaining: 393.7
72 103.1 , Est Remaining: 392.3
73 104.6 , Est Remaining: 391.1
74 106.0 , Est Remaining: 389.7
75 107.5 , Est Remaining: 388.4
76 108.9 , Est Remaining: 386.9
77 110.3 , Est Remaining: 385.4
78 111.8 , Est Remaining: 384.0
79 113.2 , Est Remaining: 382.5
80 114.6 , Est Remaining: 381.1
81 116.0 , Est Remaining: 379.7
82 117.5 , Est Remaining: 378.2
83 118.9 , Est Remaining: 376.7
84 120.3 , Est Remaining: 375.2
85 121.7 , Est Remaining: 373.7
86 123.1 , Est Remaining: 372.2
87 124.5 , Est Remaining: 370.7
88 125.9 , Est Remaining: 369.2
89 127.4 , Est Remaining: 367.8
90 128.8 , Est Remaining: 366.3
91 130.2 , Est Remaining: 364.8
EVENT FAILED
91 130.5 , Est Remaining: 365.7
92 131.9 , Est Remaining: 364.2
93 133.3 , Est Remaining: 362.5
94 134.7 , Est Remaining: 361.1
95 136.1 , Est Remaining: 359.7
96 137.6 , Est Remaining: 358.2
97 139.0 , Est Remaining: 356.8
98 140.4 , Est Remaining: 355.4
99 141.9 , Est Remaining: 354.0
100 143.3 , Est Remaining: 352.5
101 144.7 , Est Remaining: 351.1
102 146.2 , Est Remaining: 349.6
103 147.7 , Est Remaining: 348.4
104 149.1 , Est Remaining: 346.9
105 150.5 , Est Remaining: 345.5
106 152.0 , Est Remaining: 344.1
107 153.4 , Est Remaining: 342.6
108 154.8 , Est Remaining: 341.2
109 156.3 , Est Remaining: 339.8
110 157.7 , Est Remaining: 338.4
111 159.1 , Est Remaining: 336.9
112 160.6 , Est Remaining: 335.5
113 162.0 , Est Remaining: 334.1
114 163.5 , Est Remaining: 332.7
115 164.9 , Est Remaining: 331.3
116 166.4 , Est Remaining: 329.9
117 167.9 , Est Remaining: 328.5
118 169.3 , Est Remaining: 327.2
119 170.8 , Est Remaining: 325.8
120 172.2 , Est Remaining: 324.4
121 173.7 , Est Remaining: 323.0
122 175.2 , Est Remaining: 321.6
123 176.6 , Est Remaining: 320.2
124 178.1 , Est Remaining: 318.8
125 179.5 , Est Remaining: 317.4
126 181.0 , Est Remaining: 316.0
127 182.4 , Est Remaining: 314.5
128 183.8 , Est Remaining: 313.1
129 185.3 , Est Remaining: 311.7
130 186.7 , Est Remaining: 310.2
131 188.1 , Est Remaining: 308.7
132 189.5 , Est Remaining: 307.2
133 190.9 , Est Remaining: 305.7
134 192.3 , Est Remaining: 304.3
135 193.7 , Est Remaining: 302.8
136 195.1 , Est Remaining: 301.3
137 196.6 , Est Remaining: 299.9
138 198.0 , Est Remaining: 298.4
139 199.4 , Est Remaining: 297.0
140 200.9 , Est Remaining: 295.6
141 202.3 , Est Remaining: 294.1
142 203.7 , Est Remaining: 292.7
143 205.2 , Est Remaining: 291.3
144 206.6 , Est Remaining: 289.8
145 208.1 , Est Remaining: 288.4
146 209.5 , Est Remaining: 287.0
147 211.0 , Est Remaining: 285.6
148 212.4 , Est Remaining: 284.2
149 213.9 , Est Remaining: 282.8
150 215.3 , Est Remaining: 281.3
151 216.8 , Est Remaining: 279.9
EVENT FAILED
151 217.1 , Est Remaining: 280.3
152 218.5 , Est Remaining: 278.9
153 220.0 , Est Remaining: 277.5
154 221.4 , Est Remaining: 276.0
155 222.9 , Est Remaining: 274.6
156 224.3 , Est Remaining: 273.2
157 225.7 , Est Remaining: 271.7
158 227.2 , Est Remaining: 270.3
159 228.6 , Est Remaining: 268.9
160 230.1 , Est Remaining: 267.4
EVENT FAILED
160 230.4 , Est Remaining: 267.8
161 231.8 , Est Remaining: 266.4
162 233.3 , Est Remaining: 264.9
163 234.7 , Est Remaining: 263.5
164 236.2 , Est Remaining: 262.1
165 237.6 , Est Remaining: 260.7
166 239.1 , Est Remaining: 259.2
167 240.5 , Est Remaining: 257.8
168 242.0 , Est Remaining: 256.4
169 243.4 , Est Remaining: 254.9
170 244.9 , Est Remaining: 253.5
171 246.3 , Est Remaining: 252.1
172 247.7 , Est Remaining: 250.6
173 249.2 , Est Remaining: 249.2
174 250.6 , Est Remaining: 247.7
175 252.0 , Est Remaining: 246.2
176 253.4 , Est Remaining: 244.8
177 254.9 , Est Remaining: 243.4
178 256.3 , Est Remaining: 241.9
EVENT FAILED
178 256.6 , Est Remaining: 242.2
179 258.0 , Est Remaining: 240.7
180 259.5 , Est Remaining: 239.3
181 260.9 , Est Remaining: 237.9
182 262.4 , Est Remaining: 236.4
183 263.8 , Est Remaining: 235.0
184 265.3 , Est Remaining: 233.6
185 266.7 , Est Remaining: 232.1
186 268.2 , Est Remaining: 230.7
187 269.6 , Est Remaining: 229.3
188 271.2 , Est Remaining: 227.9
189 272.6 , Est Remaining: 226.5
190 274.1 , Est Remaining: 225.0
191 275.5 , Est Remaining: 223.6
192 277.0 , Est Remaining: 222.2
193 278.4 , Est Remaining: 220.7
194 279.9 , Est Remaining: 219.3
195 281.3 , Est Remaining: 217.8
196 282.7 , Est Remaining: 216.3
197 284.1 , Est Remaining: 214.9
198 285.5 , Est Remaining: 213.4
199 287.2 , Est Remaining: 212.1
200 288.6 , Est Remaining: 210.7
201 290.1 , Est Remaining: 209.3
202 291.6 , Est Remaining: 207.9
203 293.0 , Est Remaining: 206.4
204 294.5 , Est Remaining: 205.0
205 295.9 , Est Remaining: 203.5
206 297.3 , Est Remaining: 202.1
207 298.8 , Est Remaining: 200.6
208 300.2 , Est Remaining: 199.2
209 301.6 , Est Remaining: 197.7
210 303.1 , Est Remaining: 196.3
EVENT FAILED
210 303.4 , Est Remaining: 196.5
211 304.8 , Est Remaining: 195.0
212 306.2 , Est Remaining: 193.6
213 307.6 , Est Remaining: 192.1
214 309.1 , Est Remaining: 190.7
215 310.5 , Est Remaining: 189.2
216 311.9 , Est Remaining: 187.7
217 313.3 , Est Remaining: 186.3
218 314.8 , Est Remaining: 184.8
219 316.2 , Est Remaining: 183.4
220 317.6 , Est Remaining: 181.9
221 319.0 , Est Remaining: 180.4
222 320.4 , Est Remaining: 179.0
223 321.8 , Est Remaining: 177.5
224 323.3 , Est Remaining: 176.1
225 324.7 , Est Remaining: 174.6
226 326.2 , Est Remaining: 173.2
227 327.6 , Est Remaining: 171.7
228 329.0 , Est Remaining: 170.3
229 330.5 , Est Remaining: 168.8
230 331.9 , Est Remaining: 167.4
231 333.3 , Est Remaining: 165.9
232 334.7 , Est Remaining: 164.5
233 336.2 , Est Remaining: 163.0
234 337.6 , Est Remaining: 161.6
235 339.0 , Est Remaining: 160.1
236 340.4 , Est Remaining: 158.7
237 341.8 , Est Remaining: 157.2
EVENT FAILED
237 342.1 , Est Remaining: 157.3
238 343.6 , Est Remaining: 155.9
239 345.0 , Est Remaining: 154.5
240 346.4 , Est Remaining: 153.0
241 347.9 , Est Remaining: 151.6
242 349.3 , Est Remaining: 150.1
243 350.8 , Est Remaining: 148.7
244 352.2 , Est Remaining: 147.2
245 353.7 , Est Remaining: 145.8
246 355.1 , Est Remaining: 144.4
247 356.5 , Est Remaining: 142.9
248 358.0 , Est Remaining: 141.5
249 359.4 , Est Remaining: 140.0
250 360.8 , Est Remaining: 138.6
251 362.2 , Est Remaining: 137.1
252 363.6 , Est Remaining: 135.6
253 365.0 , Est Remaining: 134.2
254 366.4 , Est Remaining: 132.7
255 367.8 , Est Remaining: 131.3
256 369.2 , Est Remaining: 129.8
257 370.6 , Est Remaining: 128.3
258 372.0 , Est Remaining: 126.9
259 373.4 , Est Remaining: 125.4
260 374.8 , Est Remaining: 124.0
261 376.2 , Est Remaining: 122.5
262 377.5 , Est Remaining: 121.0
263 378.9 , Est Remaining: 119.6
264 380.3 , Est Remaining: 118.1
265 381.7 , Est Remaining: 116.7
266 383.1 , Est Remaining: 115.2
267 384.5 , Est Remaining: 113.8
268 385.9 , Est Remaining: 112.3
269 387.3 , Est Remaining: 110.9
270 388.7 , Est Remaining: 109.4
271 390.0 , Est Remaining: 107.9
272 391.4 , Est Remaining: 106.5
273 392.8 , Est Remaining: 105.0
274 394.2 , Est Remaining: 103.6
275 395.5 , Est Remaining: 102.1
276 396.9 , Est Remaining: 100.7
277 398.3 , Est Remaining: 99.2
278 399.7 , Est Remaining: 97.8
279 401.1 , Est Remaining: 96.3
280 402.4 , Est Remaining: 94.9
281 403.8 , Est Remaining: 93.4
282 405.2 , Est Remaining: 92.0
283 406.6 , Est Remaining: 90.5
284 407.9 , Est Remaining: 89.1
285 409.3 , Est Remaining: 87.6
286 410.7 , Est Remaining: 86.2
287 412.0 , Est Remaining: 84.7
288 413.4 , Est Remaining: 83.2
289 414.7 , Est Remaining: 81.8
290 416.1 , Est Remaining: 80.3
291 417.4 , Est Remaining: 78.9
292 418.8 , Est Remaining: 77.4
293 420.1 , Est Remaining: 76.0
294 421.5 , Est Remaining: 74.6
295 422.9 , Est Remaining: 73.1
296 424.2 , Est Remaining: 71.7
297 425.6 , Est Remaining: 70.2
298 426.9 , Est Remaining: 68.8
299 428.3 , Est Remaining: 67.3
300 429.7 , Est Remaining: 65.9
301 431.0 , Est Remaining: 64.4
302 432.5 , Est Remaining: 63.0
303 433.9 , Est Remaining: 61.6
EVENT FAILED
303 434.2 , Est Remaining: 61.6
304 435.5 , Est Remaining: 60.2
305 436.9 , Est Remaining: 58.7
306 438.3 , Est Remaining: 57.3
307 439.6 , Est Remaining: 55.8
308 441.0 , Est Remaining: 54.4
309 442.4 , Est Remaining: 53.0
310 443.7 , Est Remaining: 51.5
311 445.1 , Est Remaining: 50.1
312 446.5 , Est Remaining: 48.7
313 447.8 , Est Remaining: 47.2
314 449.2 , Est Remaining: 45.8
315 450.6 , Est Remaining: 44.3
EVENT FAILED
315 450.9 , Est Remaining: 44.4
316 452.2 , Est Remaining: 42.9
317 453.6 , Est Remaining: 41.5
318 455.0 , Est Remaining: 40.1
319 456.3 , Est Remaining: 38.6
320 457.7 , Est Remaining: 37.2
321 459.1 , Est Remaining: 35.8
EVENT FAILED
321 459.4 , Est Remaining: 35.8
322 460.8 , Est Remaining: 34.3
323 462.1 , Est Remaining: 32.9
324 463.5 , Est Remaining: 31.5
325 464.8 , Est Remaining: 30.0
326 466.2 , Est Remaining: 28.6
327 467.6 , Est Remaining: 27.2
328 469.0 , Est Remaining: 25.7
329 470.4 , Est Remaining: 24.3
330 471.8 , Est Remaining: 22.9
331 473.2 , Est Remaining: 21.4
332 474.5 , Est Remaining: 20.0
EVENT FAILED
332 474.8 , Est Remaining: 20.0
