Note: NumExpr detected 32 cores but "NUMEXPR_MAX_THREADS" not set, so enforcing safe limit of 8.
Using selector: EpollSelector
/n/home02/jhaefner/miniconda/envs/IC-3.7-2020-06-16/lib/python3.7/site-packages/scipy/optimize/minpack.py:808: OptimizeWarning: Covariance of the parameters could not be estimated
  category=OptimizeWarning)
Total rwfs: 346
0 0.0 , Est Remaining: 999999.9
1 1.3 , Est Remaining: 463.5
2 2.7 , Est Remaining: 462.6
3 4.0 , Est Remaining: 462.3
4 5.4 , Est Remaining: 458.0
5 6.7 , Est Remaining: 456.4
6 8.0 , Est Remaining: 454.6
7 9.3 , Est Remaining: 451.3
8 10.6 , Est Remaining: 448.3
9 11.9 , Est Remaining: 445.5
10 13.2 , Est Remaining: 443.7
11 14.5 , Est Remaining: 441.7
12 15.8 , Est Remaining: 440.1
13 17.1 , Est Remaining: 438.5
14 18.4 , Est Remaining: 436.7
15 19.7 , Est Remaining: 434.9
16 21.0 , Est Remaining: 433.5
17 22.3 , Est Remaining: 431.9
18 23.6 , Est Remaining: 430.6
19 24.9 , Est Remaining: 428.9
20 26.2 , Est Remaining: 427.5
21 27.5 , Est Remaining: 426.1
22 28.8 , Est Remaining: 424.9
23 30.1 , Est Remaining: 423.4
24 31.5 , Est Remaining: 422.0
25 32.8 , Est Remaining: 420.6
26 34.1 , Est Remaining: 419.1
27 35.3 , Est Remaining: 417.6
28 36.7 , Est Remaining: 416.3
29 37.9 , Est Remaining: 414.8
30 39.2 , Est Remaining: 413.4
31 40.5 , Est Remaining: 412.0
32 41.8 , Est Remaining: 410.6
33 43.1 , Est Remaining: 409.1
34 44.4 , Est Remaining: 407.7
35 45.7 , Est Remaining: 406.5
36 47.1 , Est Remaining: 405.2
37 48.4 , Est Remaining: 403.8
38 49.7 , Est Remaining: 402.7
39 51.0 , Est Remaining: 401.4
40 52.3 , Est Remaining: 400.0
41 53.6 , Est Remaining: 398.8
42 54.9 , Est Remaining: 397.6
43 56.2 , Est Remaining: 396.3
44 57.6 , Est Remaining: 395.1
45 58.9 , Est Remaining: 394.1
46 60.3 , Est Remaining: 393.0
47 61.6 , Est Remaining: 391.8
48 62.9 , Est Remaining: 390.7
49 64.3 , Est Remaining: 389.6
50 65.6 , Est Remaining: 388.3
51 66.9 , Est Remaining: 387.1
52 68.3 , Est Remaining: 385.9
EVENT FAILED
52 68.6 , Est Remaining: 387.6
53 69.9 , Est Remaining: 386.3
54 71.2 , Est Remaining: 385.0
55 72.5 , Est Remaining: 383.8
56 73.9 , Est Remaining: 382.5
57 75.2 , Est Remaining: 381.3
58 76.6 , Est Remaining: 380.1
59 77.9 , Est Remaining: 378.9
60 79.2 , Est Remaining: 377.6
61 80.6 , Est Remaining: 376.4
62 81.9 , Est Remaining: 375.0
63 83.2 , Est Remaining: 373.8
64 84.5 , Est Remaining: 372.5
65 85.9 , Est Remaining: 371.3
66 87.2 , Est Remaining: 370.1
67 88.6 , Est Remaining: 368.8
68 89.9 , Est Remaining: 367.5
69 91.2 , Est Remaining: 366.3
70 92.6 , Est Remaining: 365.0
EVENT FAILED
70 92.9 , Est Remaining: 366.2
71 94.2 , Est Remaining: 364.9
72 95.5 , Est Remaining: 363.6
73 96.9 , Est Remaining: 362.3
74 98.2 , Est Remaining: 361.0
75 99.5 , Est Remaining: 359.7
76 100.9 , Est Remaining: 358.4
77 102.2 , Est Remaining: 357.1
78 103.6 , Est Remaining: 355.8
79 104.9 , Est Remaining: 354.5
80 106.2 , Est Remaining: 353.3
81 107.6 , Est Remaining: 351.9
82 108.9 , Est Remaining: 350.6
83 110.2 , Est Remaining: 349.3
EVENT FAILED
83 110.5 , Est Remaining: 350.2
84 111.8 , Est Remaining: 348.8
85 113.2 , Est Remaining: 347.5
86 114.5 , Est Remaining: 346.2
87 115.8 , Est Remaining: 344.9
88 117.2 , Est Remaining: 343.5
89 118.5 , Est Remaining: 342.2
90 119.8 , Est Remaining: 340.9
91 121.2 , Est Remaining: 339.6
92 122.5 , Est Remaining: 338.2
93 123.8 , Est Remaining: 336.9
94 125.2 , Est Remaining: 335.5
95 126.5 , Est Remaining: 334.2
96 127.8 , Est Remaining: 332.9
97 129.2 , Est Remaining: 331.6
98 130.5 , Est Remaining: 330.3
99 131.8 , Est Remaining: 328.9
100 133.2 , Est Remaining: 327.6
101 134.5 , Est Remaining: 326.3
102 135.8 , Est Remaining: 324.9
103 137.2 , Est Remaining: 323.7
104 138.5 , Est Remaining: 322.4
105 139.9 , Est Remaining: 321.0
106 141.2 , Est Remaining: 319.7
107 142.5 , Est Remaining: 318.3
108 143.8 , Est Remaining: 317.0
109 145.2 , Est Remaining: 315.6
110 146.5 , Est Remaining: 314.3
111 147.8 , Est Remaining: 313.0
112 149.2 , Est Remaining: 311.6
113 150.5 , Est Remaining: 310.3
114 151.8 , Est Remaining: 309.0
115 153.2 , Est Remaining: 307.7
116 154.5 , Est Remaining: 306.3
117 155.8 , Est Remaining: 305.0
118 157.2 , Est Remaining: 303.7
119 158.5 , Est Remaining: 302.4
120 159.8 , Est Remaining: 301.0
121 161.2 , Est Remaining: 299.7
122 162.5 , Est Remaining: 298.3
123 163.8 , Est Remaining: 297.0
124 165.1 , Est Remaining: 295.6
125 166.3 , Est Remaining: 294.1
126 167.7 , Est Remaining: 292.7
127 169.0 , Est Remaining: 291.4
128 170.3 , Est Remaining: 290.0
129 171.6 , Est Remaining: 288.7
130 172.9 , Est Remaining: 287.4
131 174.3 , Est Remaining: 286.0
132 175.6 , Est Remaining: 284.7
133 176.9 , Est Remaining: 283.4
134 178.2 , Est Remaining: 282.0
135 179.6 , Est Remaining: 280.6
136 180.9 , Est Remaining: 279.3
137 182.2 , Est Remaining: 278.0
138 183.5 , Est Remaining: 276.6
139 184.9 , Est Remaining: 275.3
140 186.2 , Est Remaining: 274.0
141 187.5 , Est Remaining: 272.6
142 188.9 , Est Remaining: 271.3
143 190.2 , Est Remaining: 270.0
144 191.5 , Est Remaining: 268.7
145 192.9 , Est Remaining: 267.3
146 194.2 , Est Remaining: 266.0
147 195.5 , Est Remaining: 264.7
148 196.8 , Est Remaining: 263.3
149 198.2 , Est Remaining: 262.0
150 199.5 , Est Remaining: 260.7
EVENT FAILED
150 199.8 , Est Remaining: 261.1
151 201.1 , Est Remaining: 259.7
152 202.5 , Est Remaining: 258.4
153 203.8 , Est Remaining: 257.1
154 205.1 , Est Remaining: 255.8
155 206.5 , Est Remaining: 254.4
156 207.8 , Est Remaining: 253.1
157 209.2 , Est Remaining: 251.8
158 210.5 , Est Remaining: 250.4
159 211.8 , Est Remaining: 249.1
160 213.2 , Est Remaining: 247.8
161 214.5 , Est Remaining: 246.5
162 215.8 , Est Remaining: 245.1
163 217.1 , Est Remaining: 243.8
164 218.5 , Est Remaining: 242.4
165 219.8 , Est Remaining: 241.1
166 221.1 , Est Remaining: 239.7
167 222.4 , Est Remaining: 238.4
168 223.7 , Est Remaining: 237.0
169 225.0 , Est Remaining: 235.7
170 226.4 , Est Remaining: 234.3
171 227.7 , Est Remaining: 233.0
172 229.0 , Est Remaining: 231.6
173 230.3 , Est Remaining: 230.3
174 231.6 , Est Remaining: 228.9
175 232.9 , Est Remaining: 227.6
176 234.2 , Est Remaining: 226.2
177 235.6 , Est Remaining: 224.9
178 236.9 , Est Remaining: 223.6
179 238.2 , Est Remaining: 222.2
180 239.5 , Est Remaining: 220.9
181 240.8 , Est Remaining: 219.5
182 242.1 , Est Remaining: 218.2
EVENT FAILED
182 242.4 , Est Remaining: 218.5
183 243.8 , Est Remaining: 217.1
184 245.1 , Est Remaining: 215.8
185 246.4 , Est Remaining: 214.4
186 247.7 , Est Remaining: 213.1
187 249.0 , Est Remaining: 211.8
188 250.4 , Est Remaining: 210.4
189 251.7 , Est Remaining: 209.1
190 253.0 , Est Remaining: 207.7
191 254.3 , Est Remaining: 206.4
192 255.6 , Est Remaining: 205.0
193 256.9 , Est Remaining: 203.7
194 258.2 , Est Remaining: 202.3
195 259.5 , Est Remaining: 200.9
196 260.8 , Est Remaining: 199.6
197 262.1 , Est Remaining: 198.2
198 263.4 , Est Remaining: 196.9
199 264.7 , Est Remaining: 195.5
200 266.0 , Est Remaining: 194.2
201 267.3 , Est Remaining: 192.9
202 268.6 , Est Remaining: 191.5
203 270.1 , Est Remaining: 190.2
204 271.4 , Est Remaining: 188.9
205 272.7 , Est Remaining: 187.6
206 274.0 , Est Remaining: 186.2
207 275.4 , Est Remaining: 184.9
208 276.7 , Est Remaining: 183.6
209 278.0 , Est Remaining: 182.3
210 279.4 , Est Remaining: 180.9
211 280.7 , Est Remaining: 179.6
212 282.0 , Est Remaining: 178.3
213 283.4 , Est Remaining: 176.9
214 284.7 , Est Remaining: 175.6
215 286.0 , Est Remaining: 174.3
216 287.3 , Est Remaining: 172.9
217 288.6 , Est Remaining: 171.6
218 289.9 , Est Remaining: 170.2
219 291.3 , Est Remaining: 168.9
220 292.6 , Est Remaining: 167.6
221 293.9 , Est Remaining: 166.2
222 295.2 , Est Remaining: 164.9
223 296.5 , Est Remaining: 163.5
224 297.8 , Est Remaining: 162.2
225 299.1 , Est Remaining: 160.9
226 300.4 , Est Remaining: 159.5
227 301.7 , Est Remaining: 158.2
228 303.0 , Est Remaining: 156.8
229 304.3 , Est Remaining: 155.5
230 305.7 , Est Remaining: 154.2
231 307.0 , Est Remaining: 152.8
EVENT FAILED
231 307.3 , Est Remaining: 153.0
232 308.6 , Est Remaining: 151.6
233 309.9 , Est Remaining: 150.3
EVENT FAILED
233 310.2 , Est Remaining: 150.4
234 311.5 , Est Remaining: 149.1
235 312.8 , Est Remaining: 147.8
236 314.2 , Est Remaining: 146.4
237 315.5 , Est Remaining: 145.1
238 316.8 , Est Remaining: 143.8
239 318.1 , Est Remaining: 142.4
240 319.4 , Est Remaining: 141.1
EVENT FAILED
240 319.7 , Est Remaining: 141.2
241 321.1 , Est Remaining: 139.9
242 322.4 , Est Remaining: 138.5
243 323.7 , Est Remaining: 137.2
244 325.0 , Est Remaining: 135.9
245 326.4 , Est Remaining: 134.5
246 327.7 , Est Remaining: 133.2
247 329.0 , Est Remaining: 131.9
EVENT FAILED
247 329.3 , Est Remaining: 132.0
248 330.6 , Est Remaining: 130.7
249 331.9 , Est Remaining: 129.3
250 333.3 , Est Remaining: 128.0
251 334.6 , Est Remaining: 126.6
252 335.9 , Est Remaining: 125.3
EVENT FAILED
252 336.2 , Est Remaining: 125.4
253 337.5 , Est Remaining: 124.1
254 338.9 , Est Remaining: 122.7
255 340.2 , Est Remaining: 121.4
256 341.5 , Est Remaining: 120.1
257 342.8 , Est Remaining: 118.7
258 344.2 , Est Remaining: 117.4
EVENT FAILED
258 344.5 , Est Remaining: 117.5
259 345.8 , Est Remaining: 116.2
260 347.1 , Est Remaining: 114.8
261 348.5 , Est Remaining: 113.5
262 349.8 , Est Remaining: 112.1
263 351.1 , Est Remaining: 110.8
264 352.5 , Est Remaining: 109.5
EVENT FAILED
264 352.8 , Est Remaining: 109.6
265 354.1 , Est Remaining: 108.2
266 355.4 , Est Remaining: 106.9
267 356.8 , Est Remaining: 105.6
268 358.1 , Est Remaining: 104.2
269 359.4 , Est Remaining: 102.9
270 360.7 , Est Remaining: 101.5
271 362.1 , Est Remaining: 100.2
272 363.4 , Est Remaining: 98.9
273 364.7 , Est Remaining: 97.5
EVENT FAILED
273 365.0 , Est Remaining: 97.6
274 366.3 , Est Remaining: 96.3
275 367.6 , Est Remaining: 94.9
276 369.0 , Est Remaining: 93.6
277 370.3 , Est Remaining: 92.2
278 371.6 , Est Remaining: 90.9
279 372.9 , Est Remaining: 89.6
280 374.2 , Est Remaining: 88.2
281 375.6 , Est Remaining: 86.9
282 376.9 , Est Remaining: 85.5
283 378.2 , Est Remaining: 84.2
284 379.5 , Est Remaining: 82.9
285 380.8 , Est Remaining: 81.5
286 382.2 , Est Remaining: 80.2
287 383.5 , Est Remaining: 78.8
288 384.9 , Est Remaining: 77.5
289 386.3 , Est Remaining: 76.2
290 387.6 , Est Remaining: 74.8
291 388.9 , Est Remaining: 73.5
292 390.3 , Est Remaining: 72.2
293 391.6 , Est Remaining: 70.8
294 392.9 , Est Remaining: 69.5
295 394.2 , Est Remaining: 68.2
296 395.6 , Est Remaining: 66.8
297 396.9 , Est Remaining: 65.5
298 398.2 , Est Remaining: 64.1
299 399.6 , Est Remaining: 62.8
300 400.9 , Est Remaining: 61.5
301 402.3 , Est Remaining: 60.2
302 403.7 , Est Remaining: 58.8
303 405.0 , Est Remaining: 57.5
304 406.3 , Est Remaining: 56.1
305 407.6 , Est Remaining: 54.8
306 409.0 , Est Remaining: 53.5
307 410.3 , Est Remaining: 52.1
308 411.6 , Est Remaining: 50.8
309 412.9 , Est Remaining: 49.4
310 414.2 , Est Remaining: 48.1
311 415.6 , Est Remaining: 46.8
EVENT FAILED
311 415.9 , Est Remaining: 46.8
312 417.2 , Est Remaining: 45.5
313 418.5 , Est Remaining: 44.1
314 419.8 , Est Remaining: 42.8
315 421.2 , Est Remaining: 41.4
316 422.5 , Est Remaining: 40.1
317 423.8 , Est Remaining: 38.8
318 425.1 , Est Remaining: 37.4
319 426.5 , Est Remaining: 36.1
320 427.8 , Est Remaining: 34.8
321 429.1 , Est Remaining: 33.4
322 430.5 , Est Remaining: 32.1
323 431.8 , Est Remaining: 30.7
324 433.1 , Est Remaining: 29.4
325 434.5 , Est Remaining: 28.1
326 435.8 , Est Remaining: 26.7
327 437.1 , Est Remaining: 25.4
328 438.4 , Est Remaining: 24.1
329 439.8 , Est Remaining: 22.7
330 441.1 , Est Remaining: 21.4
331 442.4 , Est Remaining: 20.0
