Note: NumExpr detected 32 cores but "NUMEXPR_MAX_THREADS" not set, so enforcing safe limit of 8.
Using selector: EpollSelector
/n/home02/jhaefner/miniconda/envs/IC-3.7-2020-06-16/lib/python3.7/site-packages/scipy/optimize/minpack.py:808: OptimizeWarning: Covariance of the parameters could not be estimated
  category=OptimizeWarning)
Total rwfs: 346
0 0.0 , Est Remaining: 999999.9
1 1.4 , Est Remaining: 484.7
2 2.8 , Est Remaining: 481.9
3 4.2 , Est Remaining: 482.6
4 5.6 , Est Remaining: 479.8
EVENT FAILED
4 5.9 , Est Remaining: 505.8
5 7.3 , Est Remaining: 495.8
6 8.7 , Est Remaining: 490.3
7 10.0 , Est Remaining: 486.1
8 11.4 , Est Remaining: 483.6
9 12.8 , Est Remaining: 480.3
10 14.2 , Est Remaining: 477.1
11 15.6 , Est Remaining: 473.8
12 16.9 , Est Remaining: 471.5
13 18.3 , Est Remaining: 468.9
14 19.7 , Est Remaining: 467.1
15 21.1 , Est Remaining: 465.7
16 22.5 , Est Remaining: 463.8
17 23.9 , Est Remaining: 461.6
18 25.2 , Est Remaining: 459.6
19 26.6 , Est Remaining: 457.7
20 28.0 , Est Remaining: 455.7
21 29.3 , Est Remaining: 453.8
EVENT FAILED
21 29.6 , Est Remaining: 458.4
22 31.0 , Est Remaining: 456.3
23 32.4 , Est Remaining: 454.3
24 33.7 , Est Remaining: 452.2
25 35.1 , Est Remaining: 450.4
26 36.4 , Est Remaining: 448.5
27 37.8 , Est Remaining: 447.1
28 39.2 , Est Remaining: 445.4
29 40.6 , Est Remaining: 443.6
30 42.0 , Est Remaining: 441.9
31 43.3 , Est Remaining: 440.3
32 44.7 , Est Remaining: 438.6
33 46.1 , Est Remaining: 436.9
34 47.4 , Est Remaining: 435.3
35 48.8 , Est Remaining: 433.7
36 50.2 , Est Remaining: 432.0
37 51.5 , Est Remaining: 430.4
38 52.9 , Est Remaining: 428.8
39 54.3 , Est Remaining: 427.2
40 55.6 , Est Remaining: 425.7
41 57.0 , Est Remaining: 424.1
42 58.4 , Est Remaining: 422.7
43 59.8 , Est Remaining: 421.2
44 61.1 , Est Remaining: 419.7
45 62.5 , Est Remaining: 418.2
46 63.9 , Est Remaining: 416.7
47 65.3 , Est Remaining: 415.2
48 66.6 , Est Remaining: 413.8
49 68.0 , Est Remaining: 412.2
50 69.4 , Est Remaining: 410.7
51 70.7 , Est Remaining: 409.2
52 72.1 , Est Remaining: 407.7
53 73.5 , Est Remaining: 406.2
54 74.8 , Est Remaining: 404.6
55 76.2 , Est Remaining: 403.1
56 77.6 , Est Remaining: 401.7
57 78.9 , Est Remaining: 400.2
58 80.3 , Est Remaining: 398.7
59 81.7 , Est Remaining: 397.3
60 83.1 , Est Remaining: 395.9
61 84.5 , Est Remaining: 394.6
62 85.8 , Est Remaining: 393.1
63 87.2 , Est Remaining: 391.6
64 88.6 , Est Remaining: 390.2
65 89.9 , Est Remaining: 388.8
66 91.3 , Est Remaining: 387.4
67 92.7 , Est Remaining: 385.9
68 94.0 , Est Remaining: 384.5
69 95.4 , Est Remaining: 383.0
70 96.8 , Est Remaining: 381.7
71 98.2 , Est Remaining: 380.2
72 99.5 , Est Remaining: 378.8
73 100.9 , Est Remaining: 377.4
74 102.3 , Est Remaining: 376.0
75 103.7 , Est Remaining: 374.6
76 105.1 , Est Remaining: 373.2
77 106.4 , Est Remaining: 371.8
78 107.8 , Est Remaining: 370.4
79 109.2 , Est Remaining: 369.0
80 110.5 , Est Remaining: 367.6
81 111.9 , Est Remaining: 366.2
82 113.3 , Est Remaining: 364.8
83 114.7 , Est Remaining: 363.4
84 116.1 , Est Remaining: 362.0
85 117.4 , Est Remaining: 360.6
86 118.8 , Est Remaining: 359.2
87 120.2 , Est Remaining: 357.8
88 121.5 , Est Remaining: 356.3
89 122.9 , Est Remaining: 354.9
90 124.3 , Est Remaining: 353.4
91 125.6 , Est Remaining: 352.0
92 127.0 , Est Remaining: 350.5
93 128.3 , Est Remaining: 349.1
EVENT FAILED
93 128.6 , Est Remaining: 349.9
EVENT FAILED
93 128.9 , Est Remaining: 350.7
94 130.3 , Est Remaining: 349.3
95 131.7 , Est Remaining: 347.9
96 133.1 , Est Remaining: 346.5
EVENT FAILED
96 133.4 , Est Remaining: 347.3
97 134.7 , Est Remaining: 345.8
98 136.1 , Est Remaining: 344.4
99 137.5 , Est Remaining: 343.0
100 138.9 , Est Remaining: 341.6
101 140.2 , Est Remaining: 340.2
102 141.6 , Est Remaining: 338.7
103 143.0 , Est Remaining: 337.4
104 144.4 , Est Remaining: 336.0
105 145.8 , Est Remaining: 334.6
106 147.2 , Est Remaining: 333.2
107 148.5 , Est Remaining: 331.8
108 149.9 , Est Remaining: 330.4
109 151.3 , Est Remaining: 328.9
110 152.7 , Est Remaining: 327.5
111 154.0 , Est Remaining: 326.1
112 155.4 , Est Remaining: 324.7
113 156.8 , Est Remaining: 323.3
114 158.2 , Est Remaining: 321.9
115 159.6 , Est Remaining: 320.5
116 160.9 , Est Remaining: 319.1
117 162.3 , Est Remaining: 317.7
118 163.7 , Est Remaining: 316.3
119 165.1 , Est Remaining: 314.9
120 166.4 , Est Remaining: 313.4
121 167.8 , Est Remaining: 312.0
122 169.2 , Est Remaining: 310.6
123 170.5 , Est Remaining: 309.2
124 171.9 , Est Remaining: 307.8
125 173.3 , Est Remaining: 306.4
126 174.6 , Est Remaining: 304.9
127 176.0 , Est Remaining: 303.5
128 177.3 , Est Remaining: 302.0
129 178.7 , Est Remaining: 300.6
130 180.1 , Est Remaining: 299.2
131 181.4 , Est Remaining: 297.7
132 182.8 , Est Remaining: 296.3
133 184.1 , Est Remaining: 294.9
134 185.5 , Est Remaining: 293.5
135 186.8 , Est Remaining: 292.0
136 188.2 , Est Remaining: 290.6
137 189.6 , Est Remaining: 289.3
138 191.0 , Est Remaining: 287.8
EVENT FAILED
138 191.3 , Est Remaining: 288.3
EVENT FAILED
138 191.6 , Est Remaining: 288.8
139 192.8 , Est Remaining: 287.1
140 194.2 , Est Remaining: 285.7
141 195.5 , Est Remaining: 284.3
142 196.9 , Est Remaining: 282.9
143 198.3 , Est Remaining: 281.5
EVENT FAILED
143 198.6 , Est Remaining: 281.9
144 200.0 , Est Remaining: 280.5
145 201.3 , Est Remaining: 279.1
146 202.7 , Est Remaining: 277.7
147 204.1 , Est Remaining: 276.3
148 205.5 , Est Remaining: 274.9
149 206.8 , Est Remaining: 273.5
150 208.2 , Est Remaining: 272.1
151 209.6 , Est Remaining: 270.7
152 211.0 , Est Remaining: 269.3
153 212.4 , Est Remaining: 267.9
154 213.7 , Est Remaining: 266.5
155 215.1 , Est Remaining: 265.1
156 216.5 , Est Remaining: 263.7
157 217.8 , Est Remaining: 262.2
158 219.2 , Est Remaining: 260.8
EVENT FAILED
158 219.5 , Est Remaining: 261.2
159 220.9 , Est Remaining: 259.8
160 222.2 , Est Remaining: 258.4
161 223.6 , Est Remaining: 257.0
162 225.0 , Est Remaining: 255.6
163 226.4 , Est Remaining: 254.2
164 227.8 , Est Remaining: 252.8
165 229.1 , Est Remaining: 251.4
166 230.5 , Est Remaining: 249.9
167 231.9 , Est Remaining: 248.5
168 233.3 , Est Remaining: 247.1
169 234.6 , Est Remaining: 245.7
170 236.0 , Est Remaining: 244.3
171 237.4 , Est Remaining: 242.9
172 238.8 , Est Remaining: 241.5
173 240.1 , Est Remaining: 240.1
174 241.5 , Est Remaining: 238.7
175 242.8 , Est Remaining: 237.3
176 244.2 , Est Remaining: 235.9
177 245.6 , Est Remaining: 234.5
178 247.0 , Est Remaining: 233.1
179 248.3 , Est Remaining: 231.7
180 249.7 , Est Remaining: 230.3
181 251.1 , Est Remaining: 228.9
182 252.4 , Est Remaining: 227.5
183 253.8 , Est Remaining: 226.1
184 255.1 , Est Remaining: 224.6
185 256.5 , Est Remaining: 223.2
186 257.9 , Est Remaining: 221.8
187 259.2 , Est Remaining: 220.4
188 260.6 , Est Remaining: 219.0
189 261.9 , Est Remaining: 217.6
190 263.3 , Est Remaining: 216.2
191 264.7 , Est Remaining: 214.8
192 266.0 , Est Remaining: 213.4
193 267.4 , Est Remaining: 212.0
194 268.7 , Est Remaining: 210.6
195 270.1 , Est Remaining: 209.2
196 271.4 , Est Remaining: 207.7
197 272.8 , Est Remaining: 206.3
198 274.2 , Est Remaining: 204.9
199 275.5 , Est Remaining: 203.5
200 276.9 , Est Remaining: 202.1
201 278.2 , Est Remaining: 200.7
202 279.6 , Est Remaining: 199.3
203 281.1 , Est Remaining: 198.0
204 282.5 , Est Remaining: 196.6
205 283.8 , Est Remaining: 195.2
206 285.2 , Est Remaining: 193.8
207 286.6 , Est Remaining: 192.4
208 287.9 , Est Remaining: 191.0
209 289.3 , Est Remaining: 189.6
210 290.7 , Est Remaining: 188.2
211 292.0 , Est Remaining: 186.8
212 293.5 , Est Remaining: 185.5
213 294.8 , Est Remaining: 184.1
214 296.2 , Est Remaining: 182.7
215 297.5 , Est Remaining: 181.3
216 298.9 , Est Remaining: 179.9
217 300.3 , Est Remaining: 178.5
218 301.6 , Est Remaining: 177.1
219 303.0 , Est Remaining: 175.7
220 304.3 , Est Remaining: 174.3
221 305.7 , Est Remaining: 172.9
222 307.1 , Est Remaining: 171.5
223 308.4 , Est Remaining: 170.1
224 309.8 , Est Remaining: 168.7
225 311.2 , Est Remaining: 167.3
226 312.5 , Est Remaining: 165.9
227 313.9 , Est Remaining: 164.5
228 315.2 , Est Remaining: 163.1
229 316.6 , Est Remaining: 161.8
230 318.0 , Est Remaining: 160.4
231 319.3 , Est Remaining: 159.0
232 320.7 , Est Remaining: 157.6
233 322.1 , Est Remaining: 156.2
234 323.5 , Est Remaining: 154.8
235 324.8 , Est Remaining: 153.4
236 326.2 , Est Remaining: 152.0
237 327.6 , Est Remaining: 150.7
238 328.9 , Est Remaining: 149.3
239 330.3 , Est Remaining: 147.9
240 331.7 , Est Remaining: 146.5
241 333.0 , Est Remaining: 145.1
242 334.4 , Est Remaining: 143.7
243 335.8 , Est Remaining: 142.3
244 337.1 , Est Remaining: 140.9
245 338.5 , Est Remaining: 139.5
246 339.9 , Est Remaining: 138.2
247 341.2 , Est Remaining: 136.8
248 342.6 , Est Remaining: 135.4
249 344.0 , Est Remaining: 134.0
250 345.4 , Est Remaining: 132.6
251 346.8 , Est Remaining: 131.3
252 348.2 , Est Remaining: 129.9
253 349.5 , Est Remaining: 128.5
254 350.9 , Est Remaining: 127.1
255 352.3 , Est Remaining: 125.7
256 353.7 , Est Remaining: 124.3
257 355.1 , Est Remaining: 123.0
258 356.4 , Est Remaining: 121.6
259 357.8 , Est Remaining: 120.2
260 359.2 , Est Remaining: 118.8
261 360.6 , Est Remaining: 117.4
262 361.9 , Est Remaining: 116.0
263 363.3 , Est Remaining: 114.7
264 364.7 , Est Remaining: 113.3
265 366.1 , Est Remaining: 111.9
266 367.4 , Est Remaining: 110.5
267 368.8 , Est Remaining: 109.1
268 370.2 , Est Remaining: 107.7
269 371.6 , Est Remaining: 106.4
270 372.9 , Est Remaining: 105.0
271 374.3 , Est Remaining: 103.6
272 375.7 , Est Remaining: 102.2
273 377.0 , Est Remaining: 100.8
274 378.4 , Est Remaining: 99.4
275 379.7 , Est Remaining: 98.0
276 381.1 , Est Remaining: 96.6
277 382.4 , Est Remaining: 95.3
278 383.8 , Est Remaining: 93.9
279 385.2 , Est Remaining: 92.5
280 386.6 , Est Remaining: 91.1
EVENT FAILED
280 386.9 , Est Remaining: 91.2
281 388.2 , Est Remaining: 89.8
282 389.6 , Est Remaining: 88.4
EVENT FAILED
282 389.9 , Est Remaining: 88.5
283 391.3 , Est Remaining: 87.1
284 392.7 , Est Remaining: 85.7
285 394.0 , Est Remaining: 84.3
286 395.4 , Est Remaining: 82.9
287 396.8 , Est Remaining: 81.6
288 398.1 , Est Remaining: 80.2
289 399.5 , Est Remaining: 78.8
290 400.8 , Est Remaining: 77.4
291 402.2 , Est Remaining: 76.0
292 403.5 , Est Remaining: 74.6
293 404.9 , Est Remaining: 73.2
294 406.3 , Est Remaining: 71.9
295 407.6 , Est Remaining: 70.5
296 409.0 , Est Remaining: 69.1
297 410.4 , Est Remaining: 67.7
298 411.7 , Est Remaining: 66.3
299 413.1 , Est Remaining: 64.9
300 414.5 , Est Remaining: 63.6
301 415.8 , Est Remaining: 62.2
302 417.3 , Est Remaining: 60.8
303 418.7 , Est Remaining: 59.4
EVENT FAILED
303 419.0 , Est Remaining: 59.5
304 420.3 , Est Remaining: 58.1
305 421.6 , Est Remaining: 56.7
306 422.9 , Est Remaining: 55.3
307 424.3 , Est Remaining: 53.9
308 425.6 , Est Remaining: 52.5
309 427.0 , Est Remaining: 51.1
310 428.3 , Est Remaining: 49.7
311 429.6 , Est Remaining: 48.4
312 431.0 , Est Remaining: 47.0
313 432.3 , Est Remaining: 45.6
314 433.7 , Est Remaining: 44.2
315 435.0 , Est Remaining: 42.8
316 436.3 , Est Remaining: 41.4
317 437.7 , Est Remaining: 40.0
318 439.0 , Est Remaining: 38.7
319 440.4 , Est Remaining: 37.3
320 441.7 , Est Remaining: 35.9
321 443.1 , Est Remaining: 34.5
322 444.4 , Est Remaining: 33.1
323 445.7 , Est Remaining: 31.7
324 447.0 , Est Remaining: 30.4
EVENT FAILED
324 447.3 , Est Remaining: 30.4
325 448.6 , Est Remaining: 29.0
326 450.0 , Est Remaining: 27.6
327 451.3 , Est Remaining: 26.2
EVENT FAILED
327 451.6 , Est Remaining: 26.2
328 452.9 , Est Remaining: 24.9
329 454.2 , Est Remaining: 23.5
330 455.5 , Est Remaining: 22.1
331 456.8 , Est Remaining: 20.7
