Note: NumExpr detected 32 cores but "NUMEXPR_MAX_THREADS" not set, so enforcing safe limit of 8.
Using selector: EpollSelector
/n/home02/jhaefner/miniconda/envs/IC-3.7-2020-06-16/lib/python3.7/site-packages/scipy/optimize/minpack.py:808: OptimizeWarning: Covariance of the parameters could not be estimated
  category=OptimizeWarning)
Total rwfs: 346
0 0.0 , Est Remaining: 999999.9
1 1.4 , Est Remaining: 471.1
2 2.7 , Est Remaining: 469.4
3 4.1 , Est Remaining: 469.3
4 5.4 , Est Remaining: 464.6
5 6.8 , Est Remaining: 461.5
EVENT FAILED
5 7.1 , Est Remaining: 483.3
6 8.4 , Est Remaining: 476.6
7 9.7 , Est Remaining: 470.8
8 11.0 , Est Remaining: 466.7
EVENT FAILED
8 11.3 , Est Remaining: 479.4
9 12.7 , Est Remaining: 474.3
10 14.0 , Est Remaining: 469.9
11 15.3 , Est Remaining: 466.4
EVENT FAILED
11 15.6 , Est Remaining: 476.0
12 17.0 , Est Remaining: 472.5
13 18.3 , Est Remaining: 469.1
14 19.7 , Est Remaining: 466.3
15 21.0 , Est Remaining: 463.8
16 22.4 , Est Remaining: 461.3
17 23.7 , Est Remaining: 458.8
18 25.1 , Est Remaining: 456.5
19 26.4 , Est Remaining: 454.4
20 27.7 , Est Remaining: 452.2
21 29.1 , Est Remaining: 450.3
22 30.5 , Est Remaining: 448.5
23 31.8 , Est Remaining: 446.8
24 33.2 , Est Remaining: 445.0
25 34.5 , Est Remaining: 443.0
26 35.8 , Est Remaining: 441.1
27 37.2 , Est Remaining: 439.2
28 38.5 , Est Remaining: 437.5
29 39.9 , Est Remaining: 435.7
30 41.2 , Est Remaining: 434.1
31 42.6 , Est Remaining: 432.5
32 43.9 , Est Remaining: 430.8
33 45.2 , Est Remaining: 429.0
34 46.6 , Est Remaining: 427.3
35 47.9 , Est Remaining: 425.5
36 49.2 , Est Remaining: 423.9
37 50.6 , Est Remaining: 422.3
38 51.9 , Est Remaining: 420.6
39 53.2 , Est Remaining: 419.1
40 54.6 , Est Remaining: 417.6
41 55.9 , Est Remaining: 416.0
42 57.3 , Est Remaining: 414.5
43 58.6 , Est Remaining: 413.0
44 60.0 , Est Remaining: 411.6
45 61.3 , Est Remaining: 410.1
46 62.7 , Est Remaining: 408.6
47 64.0 , Est Remaining: 407.2
48 65.3 , Est Remaining: 405.7
49 66.7 , Est Remaining: 404.2
50 68.0 , Est Remaining: 402.7
51 69.3 , Est Remaining: 401.1
52 70.7 , Est Remaining: 399.7
53 72.0 , Est Remaining: 398.3
54 73.4 , Est Remaining: 396.8
55 74.7 , Est Remaining: 395.3
56 76.1 , Est Remaining: 393.9
57 77.4 , Est Remaining: 392.4
58 78.8 , Est Remaining: 391.1
59 80.1 , Est Remaining: 389.6
60 81.4 , Est Remaining: 388.2
61 82.8 , Est Remaining: 386.7
62 84.1 , Est Remaining: 385.3
63 85.5 , Est Remaining: 383.9
64 86.8 , Est Remaining: 382.5
65 88.1 , Est Remaining: 381.0
66 89.5 , Est Remaining: 379.6
67 90.8 , Est Remaining: 378.1
68 92.1 , Est Remaining: 376.7
69 93.5 , Est Remaining: 375.3
70 94.8 , Est Remaining: 373.9
71 96.2 , Est Remaining: 372.5
72 97.5 , Est Remaining: 371.1
73 98.9 , Est Remaining: 369.8
74 100.2 , Est Remaining: 368.4
75 101.6 , Est Remaining: 367.0
76 102.9 , Est Remaining: 365.6
77 104.3 , Est Remaining: 364.2
78 105.6 , Est Remaining: 362.9
79 107.0 , Est Remaining: 361.5
80 108.3 , Est Remaining: 360.1
81 109.6 , Est Remaining: 358.7
82 111.0 , Est Remaining: 357.3
83 112.3 , Est Remaining: 355.9
84 113.7 , Est Remaining: 354.5
85 115.0 , Est Remaining: 353.2
86 116.4 , Est Remaining: 351.8
87 117.7 , Est Remaining: 350.4
88 119.0 , Est Remaining: 349.0
89 120.4 , Est Remaining: 347.6
90 121.7 , Est Remaining: 346.2
91 123.0 , Est Remaining: 344.8
92 124.4 , Est Remaining: 343.4
93 125.7 , Est Remaining: 342.0
94 127.1 , Est Remaining: 340.7
95 128.4 , Est Remaining: 339.3
96 129.8 , Est Remaining: 337.9
97 131.1 , Est Remaining: 336.5
98 132.5 , Est Remaining: 335.2
99 133.8 , Est Remaining: 333.8
100 135.1 , Est Remaining: 332.5
101 136.5 , Est Remaining: 331.1
102 137.9 , Est Remaining: 329.8
103 139.3 , Est Remaining: 328.6
104 140.6 , Est Remaining: 327.2
105 142.0 , Est Remaining: 325.9
106 143.3 , Est Remaining: 324.5
107 144.7 , Est Remaining: 323.2
108 146.1 , Est Remaining: 321.9
EVENT FAILED
108 146.4 , Est Remaining: 322.6
109 147.7 , Est Remaining: 321.2
110 149.1 , Est Remaining: 319.8
111 150.4 , Est Remaining: 318.4
112 151.7 , Est Remaining: 317.0
113 153.1 , Est Remaining: 315.7
114 154.4 , Est Remaining: 314.3
115 155.8 , Est Remaining: 312.9
116 157.1 , Est Remaining: 311.6
117 158.5 , Est Remaining: 310.2
118 159.8 , Est Remaining: 308.8
119 161.2 , Est Remaining: 307.5
120 162.6 , Est Remaining: 306.1
121 163.9 , Est Remaining: 304.8
122 165.3 , Est Remaining: 303.4
123 166.6 , Est Remaining: 302.1
124 168.0 , Est Remaining: 300.7
125 169.3 , Est Remaining: 299.4
126 170.7 , Est Remaining: 298.0
127 172.0 , Est Remaining: 296.7
128 173.4 , Est Remaining: 295.3
129 174.7 , Est Remaining: 293.9
EVENT FAILED
129 175.0 , Est Remaining: 294.4
130 176.4 , Est Remaining: 293.0
131 177.7 , Est Remaining: 291.6
132 179.0 , Est Remaining: 290.2
133 180.4 , Est Remaining: 288.9
134 181.7 , Est Remaining: 287.4
135 183.0 , Est Remaining: 286.1
136 184.4 , Est Remaining: 284.7
137 185.7 , Est Remaining: 283.3
138 187.0 , Est Remaining: 281.9
139 188.4 , Est Remaining: 280.6
140 189.7 , Est Remaining: 279.2
141 191.1 , Est Remaining: 277.8
142 192.4 , Est Remaining: 276.4
143 193.8 , Est Remaining: 275.1
144 195.1 , Est Remaining: 273.7
145 196.5 , Est Remaining: 272.3
146 197.8 , Est Remaining: 271.0
147 199.1 , Est Remaining: 269.6
148 200.5 , Est Remaining: 268.2
149 201.8 , Est Remaining: 266.8
150 203.2 , Est Remaining: 265.5
151 204.5 , Est Remaining: 264.1
152 205.8 , Est Remaining: 262.7
153 207.2 , Est Remaining: 261.3
154 208.5 , Est Remaining: 260.0
155 209.9 , Est Remaining: 258.6
156 211.2 , Est Remaining: 257.2
157 212.5 , Est Remaining: 255.9
158 213.9 , Est Remaining: 254.5
159 215.2 , Est Remaining: 253.1
160 216.6 , Est Remaining: 251.8
161 217.9 , Est Remaining: 250.4
162 219.3 , Est Remaining: 249.1
163 220.6 , Est Remaining: 247.7
164 222.0 , Est Remaining: 246.3
165 223.3 , Est Remaining: 245.0
166 224.7 , Est Remaining: 243.6
167 226.0 , Est Remaining: 242.3
168 227.4 , Est Remaining: 240.9
169 228.7 , Est Remaining: 239.5
170 230.1 , Est Remaining: 238.2
171 231.4 , Est Remaining: 236.8
172 232.8 , Est Remaining: 235.5
173 234.1 , Est Remaining: 234.1
174 235.4 , Est Remaining: 232.7
175 236.8 , Est Remaining: 231.4
176 238.1 , Est Remaining: 230.0
177 239.4 , Est Remaining: 228.6
178 240.8 , Est Remaining: 227.2
179 242.1 , Est Remaining: 225.9
180 243.5 , Est Remaining: 224.5
181 244.8 , Est Remaining: 223.1
182 246.1 , Est Remaining: 221.8
183 247.5 , Est Remaining: 220.4
184 248.8 , Est Remaining: 219.1
185 250.2 , Est Remaining: 217.7
186 251.5 , Est Remaining: 216.4
187 252.9 , Est Remaining: 215.0
188 254.2 , Est Remaining: 213.7
189 255.6 , Est Remaining: 212.3
190 256.9 , Est Remaining: 210.9
191 258.2 , Est Remaining: 209.6
192 259.6 , Est Remaining: 208.2
193 260.9 , Est Remaining: 206.8
194 262.2 , Est Remaining: 205.5
195 263.6 , Est Remaining: 204.1
196 264.9 , Est Remaining: 202.7
197 266.2 , Est Remaining: 201.4
198 267.6 , Est Remaining: 200.0
199 268.9 , Est Remaining: 198.7
200 270.3 , Est Remaining: 197.3
201 271.6 , Est Remaining: 195.9
202 272.9 , Est Remaining: 194.6
203 274.4 , Est Remaining: 193.3
204 275.7 , Est Remaining: 191.9
205 277.0 , Est Remaining: 190.5
206 278.4 , Est Remaining: 189.2
207 279.7 , Est Remaining: 187.8
EVENT FAILED
207 280.0 , Est Remaining: 188.0
208 281.3 , Est Remaining: 186.7
209 282.7 , Est Remaining: 185.3
210 284.1 , Est Remaining: 184.0
211 285.4 , Est Remaining: 182.6
212 286.8 , Est Remaining: 181.3
213 288.1 , Est Remaining: 179.9
EVENT FAILED
213 288.7 , Est Remaining: 180.3
214 290.0 , Est Remaining: 178.9
215 291.4 , Est Remaining: 177.5
216 292.7 , Est Remaining: 176.2
217 294.0 , Est Remaining: 174.8
218 295.4 , Est Remaining: 173.4
219 296.7 , Est Remaining: 172.1
220 298.1 , Est Remaining: 170.7
221 299.4 , Est Remaining: 169.3
222 300.7 , Est Remaining: 168.0
223 302.1 , Est Remaining: 166.6
224 303.4 , Est Remaining: 165.3
225 304.8 , Est Remaining: 163.9
226 306.1 , Est Remaining: 162.5
227 307.4 , Est Remaining: 161.2
228 308.8 , Est Remaining: 159.8
229 310.1 , Est Remaining: 158.5
230 311.5 , Est Remaining: 157.1
231 312.8 , Est Remaining: 155.7
232 314.2 , Est Remaining: 154.4
233 315.5 , Est Remaining: 153.0
234 316.9 , Est Remaining: 151.7
235 318.2 , Est Remaining: 150.3
236 319.6 , Est Remaining: 149.0
237 320.9 , Est Remaining: 147.6
238 322.2 , Est Remaining: 146.2
239 323.5 , Est Remaining: 144.8
240 324.9 , Est Remaining: 143.5
241 326.2 , Est Remaining: 142.1
242 327.5 , Est Remaining: 140.7
243 328.8 , Est Remaining: 139.4
244 330.2 , Est Remaining: 138.0
245 331.5 , Est Remaining: 136.7
246 332.8 , Est Remaining: 135.3
247 334.2 , Est Remaining: 133.9
248 335.5 , Est Remaining: 132.6
249 336.8 , Est Remaining: 131.2
250 338.1 , Est Remaining: 129.8
251 339.5 , Est Remaining: 128.5
252 340.8 , Est Remaining: 127.1
253 342.1 , Est Remaining: 125.8
254 343.5 , Est Remaining: 124.4
255 344.8 , Est Remaining: 123.1
256 346.2 , Est Remaining: 121.7
257 347.5 , Est Remaining: 120.3
258 348.9 , Est Remaining: 119.0
259 350.2 , Est Remaining: 117.6
260 351.6 , Est Remaining: 116.3
261 352.9 , Est Remaining: 114.9
262 354.2 , Est Remaining: 113.6
263 355.6 , Est Remaining: 112.2
264 356.9 , Est Remaining: 110.9
265 358.3 , Est Remaining: 109.5
266 359.6 , Est Remaining: 108.1
267 360.9 , Est Remaining: 106.8
268 362.3 , Est Remaining: 105.4
269 363.6 , Est Remaining: 104.1
270 365.0 , Est Remaining: 102.7
271 366.3 , Est Remaining: 101.4
272 367.6 , Est Remaining: 100.0
273 369.0 , Est Remaining: 98.7
274 370.3 , Est Remaining: 97.3
EVENT FAILED
274 370.6 , Est Remaining: 97.4
275 372.0 , Est Remaining: 96.0
276 373.3 , Est Remaining: 94.7
277 374.7 , Est Remaining: 93.3
278 376.0 , Est Remaining: 92.0
279 377.4 , Est Remaining: 90.6
280 378.7 , Est Remaining: 89.3
281 380.0 , Est Remaining: 87.9
282 381.4 , Est Remaining: 86.6
283 382.7 , Est Remaining: 85.2
284 384.0 , Est Remaining: 83.8
285 385.3 , Est Remaining: 82.5
286 386.6 , Est Remaining: 81.1
287 388.0 , Est Remaining: 79.8
288 389.3 , Est Remaining: 78.4
289 390.6 , Est Remaining: 77.0
290 391.9 , Est Remaining: 75.7
291 393.2 , Est Remaining: 74.3
292 394.5 , Est Remaining: 73.0
293 395.8 , Est Remaining: 71.6
294 397.0 , Est Remaining: 70.2
295 398.3 , Est Remaining: 68.9
296 399.6 , Est Remaining: 67.5
297 401.0 , Est Remaining: 66.2
298 402.3 , Est Remaining: 64.8
299 403.6 , Est Remaining: 63.4
300 404.9 , Est Remaining: 62.1
301 406.2 , Est Remaining: 60.7
302 407.6 , Est Remaining: 59.4
303 408.9 , Est Remaining: 58.0
304 410.2 , Est Remaining: 56.7
305 411.5 , Est Remaining: 55.3
306 412.8 , Est Remaining: 54.0
307 414.1 , Est Remaining: 52.6
308 415.4 , Est Remaining: 51.2
309 416.6 , Est Remaining: 49.9
310 417.9 , Est Remaining: 48.5
311 419.2 , Est Remaining: 47.2
312 420.5 , Est Remaining: 45.8
313 421.8 , Est Remaining: 44.5
EVENT FAILED
313 422.1 , Est Remaining: 44.5
314 423.4 , Est Remaining: 43.1
315 424.7 , Est Remaining: 41.8
316 426.0 , Est Remaining: 40.4
317 427.3 , Est Remaining: 39.1
318 428.6 , Est Remaining: 37.7
319 429.9 , Est Remaining: 36.4
320 431.2 , Est Remaining: 35.0
321 432.5 , Est Remaining: 33.7
322 433.9 , Est Remaining: 32.3
323 435.2 , Est Remaining: 31.0
324 436.5 , Est Remaining: 29.6
325 437.8 , Est Remaining: 28.3
326 439.1 , Est Remaining: 26.9
327 440.4 , Est Remaining: 25.6
328 441.7 , Est Remaining: 24.2
329 443.0 , Est Remaining: 22.9
330 444.3 , Est Remaining: 21.5
331 445.6 , Est Remaining: 20.2
332 446.8 , Est Remaining: 18.8
333 448.1 , Est Remaining: 17.5
EVENT FAILED
333 448.4 , Est Remaining: 17.5
EVENT FAILED
333 448.7 , Est Remaining: 17.5
334 450.0 , Est Remaining: 16.2
