Note: NumExpr detected 32 cores but "NUMEXPR_MAX_THREADS" not set, so enforcing safe limit of 8.
Using selector: EpollSelector
/n/home02/jhaefner/miniconda/envs/IC-3.7-2020-06-16/lib/python3.7/site-packages/scipy/optimize/minpack.py:808: OptimizeWarning: Covariance of the parameters could not be estimated
  category=OptimizeWarning)
Total rwfs: 346
0 0.0 , Est Remaining: 999999.9
1 1.5 , Est Remaining: 518.2
2 3.0 , Est Remaining: 511.5
3 4.5 , Est Remaining: 512.3
4 5.9 , Est Remaining: 508.6
5 7.4 , Est Remaining: 506.0
6 8.9 , Est Remaining: 503.8
EVENT FAILED
6 9.2 , Est Remaining: 521.7
7 10.7 , Est Remaining: 515.8
8 12.1 , Est Remaining: 511.9
9 13.6 , Est Remaining: 507.7
10 15.0 , Est Remaining: 504.5
EVENT FAILED
10 15.3 , Est Remaining: 515.4
11 16.8 , Est Remaining: 511.1
12 18.2 , Est Remaining: 507.5
13 19.7 , Est Remaining: 503.9
14 21.1 , Est Remaining: 501.4
15 22.6 , Est Remaining: 498.3
16 24.0 , Est Remaining: 495.4
17 25.5 , Est Remaining: 492.8
18 26.9 , Est Remaining: 490.3
19 28.4 , Est Remaining: 488.3
20 29.8 , Est Remaining: 486.2
21 31.3 , Est Remaining: 484.2
22 32.7 , Est Remaining: 481.8
23 34.2 , Est Remaining: 479.6
24 35.6 , Est Remaining: 477.6
25 37.0 , Est Remaining: 475.7
26 38.5 , Est Remaining: 473.7
27 39.9 , Est Remaining: 471.7
EVENT FAILED
27 40.2 , Est Remaining: 475.4
28 41.7 , Est Remaining: 473.2
29 43.1 , Est Remaining: 471.3
30 44.6 , Est Remaining: 469.4
31 46.0 , Est Remaining: 467.2
32 47.4 , Est Remaining: 465.5
33 48.9 , Est Remaining: 463.8
34 50.3 , Est Remaining: 462.0
35 51.8 , Est Remaining: 460.3
EVENT FAILED
35 52.1 , Est Remaining: 463.0
36 53.5 , Est Remaining: 461.1
37 55.0 , Est Remaining: 459.2
EVENT FAILED
37 55.3 , Est Remaining: 461.7
38 56.7 , Est Remaining: 459.9
39 58.2 , Est Remaining: 458.1
EVENT FAILED
39 58.5 , Est Remaining: 460.5
40 59.9 , Est Remaining: 458.6
41 61.4 , Est Remaining: 456.8
42 62.9 , Est Remaining: 455.0
43 64.3 , Est Remaining: 453.2
44 65.8 , Est Remaining: 451.5
45 67.3 , Est Remaining: 449.8
46 68.7 , Est Remaining: 448.1
47 70.2 , Est Remaining: 446.4
48 71.6 , Est Remaining: 444.7
49 73.1 , Est Remaining: 443.1
50 74.6 , Est Remaining: 441.4
51 76.0 , Est Remaining: 439.8
52 77.5 , Est Remaining: 438.1
EVENT FAILED
52 77.8 , Est Remaining: 439.9
53 79.3 , Est Remaining: 438.2
54 80.7 , Est Remaining: 436.5
55 82.2 , Est Remaining: 434.8
EVENT FAILED
55 82.5 , Est Remaining: 436.4
56 83.9 , Est Remaining: 434.6
57 85.4 , Est Remaining: 432.9
58 86.8 , Est Remaining: 431.2
EVENT FAILED
58 87.1 , Est Remaining: 432.7
59 88.6 , Est Remaining: 430.8
60 90.0 , Est Remaining: 429.1
61 91.5 , Est Remaining: 427.4
62 92.9 , Est Remaining: 425.6
63 94.3 , Est Remaining: 423.8
64 95.8 , Est Remaining: 422.1
65 97.2 , Est Remaining: 420.2
66 98.7 , Est Remaining: 418.5
67 100.1 , Est Remaining: 416.7
68 101.5 , Est Remaining: 415.0
69 103.0 , Est Remaining: 413.3
70 104.4 , Est Remaining: 411.7
71 105.9 , Est Remaining: 410.0
72 107.3 , Est Remaining: 408.3
73 108.8 , Est Remaining: 406.7
74 110.2 , Est Remaining: 405.0
75 111.6 , Est Remaining: 403.4
76 113.1 , Est Remaining: 401.7
77 114.5 , Est Remaining: 400.0
78 115.9 , Est Remaining: 398.3
79 117.4 , Est Remaining: 396.6
80 118.8 , Est Remaining: 395.0
81 120.2 , Est Remaining: 393.4
82 121.7 , Est Remaining: 391.7
83 123.1 , Est Remaining: 390.0
84 124.5 , Est Remaining: 388.4
85 126.0 , Est Remaining: 386.8
86 127.4 , Est Remaining: 385.2
87 128.9 , Est Remaining: 383.6
88 130.3 , Est Remaining: 382.1
89 131.8 , Est Remaining: 380.6
90 133.3 , Est Remaining: 379.0
91 134.7 , Est Remaining: 377.5
92 136.2 , Est Remaining: 376.0
93 137.6 , Est Remaining: 374.5
94 139.1 , Est Remaining: 372.8
95 140.5 , Est Remaining: 371.3
96 141.9 , Est Remaining: 369.6
97 143.4 , Est Remaining: 368.0
98 144.8 , Est Remaining: 366.4
99 146.3 , Est Remaining: 364.9
100 147.6 , Est Remaining: 363.0
101 149.0 , Est Remaining: 361.5
102 150.5 , Est Remaining: 360.0
103 152.0 , Est Remaining: 358.7
104 153.5 , Est Remaining: 357.1
105 154.9 , Est Remaining: 355.6
106 156.4 , Est Remaining: 354.0
107 157.8 , Est Remaining: 352.5
108 159.2 , Est Remaining: 350.9
109 160.7 , Est Remaining: 349.4
EVENT FAILED
109 161.0 , Est Remaining: 350.0
110 162.4 , Est Remaining: 348.5
111 163.9 , Est Remaining: 346.9
112 165.3 , Est Remaining: 345.4
113 166.8 , Est Remaining: 343.9
114 168.2 , Est Remaining: 342.3
115 169.7 , Est Remaining: 340.8
116 171.1 , Est Remaining: 339.2
117 172.5 , Est Remaining: 337.7
118 174.0 , Est Remaining: 336.2
119 175.4 , Est Remaining: 334.6
120 176.9 , Est Remaining: 333.1
121 178.3 , Est Remaining: 331.6
122 179.7 , Est Remaining: 330.0
123 181.2 , Est Remaining: 328.4
124 182.6 , Est Remaining: 326.9
125 184.0 , Est Remaining: 325.3
126 185.4 , Est Remaining: 323.8
127 186.9 , Est Remaining: 322.2
128 188.3 , Est Remaining: 320.7
129 189.7 , Est Remaining: 319.2
130 191.2 , Est Remaining: 317.7
131 192.6 , Est Remaining: 316.2
132 194.1 , Est Remaining: 314.7
133 195.6 , Est Remaining: 313.2
134 197.0 , Est Remaining: 311.7
135 198.5 , Est Remaining: 310.2
136 199.9 , Est Remaining: 308.7
137 201.4 , Est Remaining: 307.2
138 202.8 , Est Remaining: 305.7
139 204.2 , Est Remaining: 304.1
140 205.7 , Est Remaining: 302.6
141 207.1 , Est Remaining: 301.1
142 208.5 , Est Remaining: 299.6
143 210.0 , Est Remaining: 298.1
144 211.4 , Est Remaining: 296.6
145 212.8 , Est Remaining: 295.0
146 214.3 , Est Remaining: 293.5
147 215.7 , Est Remaining: 292.0
148 217.1 , Est Remaining: 290.5
149 218.5 , Est Remaining: 288.9
150 220.0 , Est Remaining: 287.5
151 221.4 , Est Remaining: 286.0
152 222.9 , Est Remaining: 284.4
153 224.3 , Est Remaining: 282.9
154 225.7 , Est Remaining: 281.4
155 227.2 , Est Remaining: 279.9
156 228.6 , Est Remaining: 278.4
157 230.0 , Est Remaining: 276.9
158 231.5 , Est Remaining: 275.4
159 232.9 , Est Remaining: 273.9
160 234.3 , Est Remaining: 272.4
161 235.8 , Est Remaining: 270.9
162 237.2 , Est Remaining: 269.4
163 238.7 , Est Remaining: 268.0
EVENT FAILED
163 239.0 , Est Remaining: 268.3
164 240.4 , Est Remaining: 266.8
165 241.8 , Est Remaining: 265.3
166 243.3 , Est Remaining: 263.8
167 244.7 , Est Remaining: 262.3
168 246.2 , Est Remaining: 260.8
169 247.6 , Est Remaining: 259.3
170 249.1 , Est Remaining: 257.9
171 250.5 , Est Remaining: 256.4
172 252.0 , Est Remaining: 254.9
173 253.4 , Est Remaining: 253.4
174 254.9 , Est Remaining: 251.9
175 256.3 , Est Remaining: 250.5
176 257.8 , Est Remaining: 249.0
177 259.2 , Est Remaining: 247.5
178 260.7 , Est Remaining: 246.0
179 262.1 , Est Remaining: 244.5
180 263.6 , Est Remaining: 243.1
181 265.0 , Est Remaining: 241.6
182 266.4 , Est Remaining: 240.1
183 267.8 , Est Remaining: 238.6
184 269.3 , Est Remaining: 237.1
185 270.7 , Est Remaining: 235.6
186 272.1 , Est Remaining: 234.1
187 273.6 , Est Remaining: 232.6
188 275.0 , Est Remaining: 231.2
189 276.5 , Est Remaining: 229.7
190 277.9 , Est Remaining: 228.2
191 279.4 , Est Remaining: 226.7
192 280.9 , Est Remaining: 225.3
193 282.4 , Est Remaining: 223.8
194 283.9 , Est Remaining: 222.4
195 285.3 , Est Remaining: 221.0
196 286.8 , Est Remaining: 219.5
197 288.3 , Est Remaining: 218.1
198 289.7 , Est Remaining: 216.6
199 291.2 , Est Remaining: 215.1
200 292.7 , Est Remaining: 213.7
201 294.1 , Est Remaining: 212.2
202 295.6 , Est Remaining: 210.7
203 297.2 , Est Remaining: 209.3
204 298.6 , Est Remaining: 207.9
205 300.1 , Est Remaining: 206.4
206 301.5 , Est Remaining: 204.9
207 303.0 , Est Remaining: 203.4
208 304.4 , Est Remaining: 202.0
209 305.9 , Est Remaining: 200.5
210 307.4 , Est Remaining: 199.1
211 308.8 , Est Remaining: 197.6
212 310.3 , Est Remaining: 196.1
213 311.8 , Est Remaining: 194.7
214 313.2 , Est Remaining: 193.2
215 314.7 , Est Remaining: 191.7
216 316.1 , Est Remaining: 190.3
217 317.6 , Est Remaining: 188.8
218 319.0 , Est Remaining: 187.3
219 320.4 , Est Remaining: 185.8
EVENT FAILED
219 320.8 , Est Remaining: 186.0
220 322.2 , Est Remaining: 184.5
221 323.6 , Est Remaining: 183.1
222 325.1 , Est Remaining: 181.6
EVENT FAILED
222 325.4 , Est Remaining: 181.8
223 326.8 , Est Remaining: 180.3
224 328.2 , Est Remaining: 178.8
225 329.7 , Est Remaining: 177.3
226 331.1 , Est Remaining: 175.8
227 332.5 , Est Remaining: 174.3
228 333.9 , Est Remaining: 172.8
229 335.3 , Est Remaining: 171.3
230 336.7 , Est Remaining: 169.8
231 338.1 , Est Remaining: 168.3
232 339.5 , Est Remaining: 166.8
233 340.9 , Est Remaining: 165.4
234 342.4 , Est Remaining: 163.9
235 343.7 , Est Remaining: 162.3
236 345.1 , Est Remaining: 160.9
237 346.5 , Est Remaining: 159.4
238 348.0 , Est Remaining: 157.9
239 349.4 , Est Remaining: 156.4
240 350.8 , Est Remaining: 154.9
241 352.2 , Est Remaining: 153.4
242 353.6 , Est Remaining: 152.0
243 355.0 , Est Remaining: 150.5
244 356.4 , Est Remaining: 149.0
245 357.8 , Est Remaining: 147.5
246 359.2 , Est Remaining: 146.0
247 360.6 , Est Remaining: 144.5
248 362.0 , Est Remaining: 143.1
249 363.4 , Est Remaining: 141.6
250 364.8 , Est Remaining: 140.1
251 366.3 , Est Remaining: 138.6
252 367.7 , Est Remaining: 137.1
253 369.1 , Est Remaining: 135.7
254 370.4 , Est Remaining: 134.2
255 371.8 , Est Remaining: 132.7
256 373.2 , Est Remaining: 131.2
257 374.6 , Est Remaining: 129.7
258 376.0 , Est Remaining: 128.2
259 377.4 , Est Remaining: 126.8
260 378.8 , Est Remaining: 125.3
261 380.2 , Est Remaining: 123.8
262 381.6 , Est Remaining: 122.3
263 382.9 , Est Remaining: 120.9
264 384.3 , Est Remaining: 119.4
265 385.7 , Est Remaining: 117.9
266 387.1 , Est Remaining: 116.4
267 388.4 , Est Remaining: 114.9
268 389.8 , Est Remaining: 113.5
269 391.2 , Est Remaining: 112.0
270 392.6 , Est Remaining: 110.5
271 394.0 , Est Remaining: 109.0
272 395.4 , Est Remaining: 107.6
273 396.7 , Est Remaining: 106.1
274 398.1 , Est Remaining: 104.6
275 399.5 , Est Remaining: 103.1
276 400.9 , Est Remaining: 101.7
277 402.3 , Est Remaining: 100.2
278 403.6 , Est Remaining: 98.7
279 405.0 , Est Remaining: 97.3
280 406.5 , Est Remaining: 95.8
281 407.9 , Est Remaining: 94.3
282 409.3 , Est Remaining: 92.9
283 410.7 , Est Remaining: 91.4
284 412.1 , Est Remaining: 90.0
285 413.5 , Est Remaining: 88.5
286 414.9 , Est Remaining: 87.0
287 416.3 , Est Remaining: 85.6
288 417.7 , Est Remaining: 84.1
289 419.1 , Est Remaining: 82.7
290 420.5 , Est Remaining: 81.2
291 421.9 , Est Remaining: 79.7
292 423.4 , Est Remaining: 78.3
293 424.8 , Est Remaining: 76.8
294 426.2 , Est Remaining: 75.4
295 427.7 , Est Remaining: 73.9
296 429.1 , Est Remaining: 72.5
297 430.5 , Est Remaining: 71.0
298 432.0 , Est Remaining: 69.6
299 433.4 , Est Remaining: 68.1
300 434.8 , Est Remaining: 66.7
301 436.2 , Est Remaining: 65.2
302 437.8 , Est Remaining: 63.8
303 439.2 , Est Remaining: 62.3
304 440.7 , Est Remaining: 60.9
305 442.1 , Est Remaining: 59.4
EVENT FAILED
305 442.4 , Est Remaining: 59.5
EVENT FAILED
305 442.7 , Est Remaining: 59.5
306 444.1 , Est Remaining: 58.1
307 445.6 , Est Remaining: 56.6
308 447.0 , Est Remaining: 55.1
309 448.4 , Est Remaining: 53.7
310 449.8 , Est Remaining: 52.2
311 451.2 , Est Remaining: 50.8
312 452.6 , Est Remaining: 49.3
313 454.1 , Est Remaining: 47.9
314 455.5 , Est Remaining: 46.4
315 456.9 , Est Remaining: 45.0
316 458.3 , Est Remaining: 43.5
317 459.7 , Est Remaining: 42.1
318 461.1 , Est Remaining: 40.6
319 462.5 , Est Remaining: 39.1
320 463.9 , Est Remaining: 37.7
321 465.3 , Est Remaining: 36.2
322 466.7 , Est Remaining: 34.8
323 468.1 , Est Remaining: 33.3
324 469.5 , Est Remaining: 31.9
325 470.9 , Est Remaining: 30.4
326 472.3 , Est Remaining: 29.0
327 473.7 , Est Remaining: 27.5
328 475.0 , Est Remaining: 26.1
329 476.4 , Est Remaining: 24.6
330 477.8 , Est Remaining: 23.2
