Note: NumExpr detected 32 cores but "NUMEXPR_MAX_THREADS" not set, so enforcing safe limit of 8.
Using selector: EpollSelector
/n/home02/jhaefner/miniconda/envs/IC-3.7-2020-06-16/lib/python3.7/site-packages/scipy/optimize/minpack.py:808: OptimizeWarning: Covariance of the parameters could not be estimated
  category=OptimizeWarning)
Total rwfs: 346
0 0.0 , Est Remaining: 999999.9
1 1.4 , Est Remaining: 490.9
2 2.8 , Est Remaining: 486.3
3 4.2 , Est Remaining: 483.9
4 5.6 , Est Remaining: 479.0
5 7.0 , Est Remaining: 476.2
6 8.4 , Est Remaining: 473.5
7 9.7 , Est Remaining: 470.2
8 11.1 , Est Remaining: 467.5
9 12.4 , Est Remaining: 465.5
10 13.8 , Est Remaining: 463.5
EVENT FAILED
10 14.1 , Est Remaining: 474.0
11 15.5 , Est Remaining: 470.9
12 16.8 , Est Remaining: 468.5
13 18.2 , Est Remaining: 465.7
EVENT FAILED
13 18.5 , Est Remaining: 473.7
14 19.9 , Est Remaining: 471.3
15 21.3 , Est Remaining: 469.5
16 22.7 , Est Remaining: 467.2
17 24.0 , Est Remaining: 464.6
18 25.4 , Est Remaining: 462.5
19 26.8 , Est Remaining: 460.4
20 28.1 , Est Remaining: 458.4
21 29.5 , Est Remaining: 456.4
22 30.9 , Est Remaining: 454.6
23 32.2 , Est Remaining: 452.7
24 33.6 , Est Remaining: 451.2
25 35.0 , Est Remaining: 449.5
26 36.4 , Est Remaining: 447.8
27 37.8 , Est Remaining: 446.1
28 39.1 , Est Remaining: 444.2
29 40.5 , Est Remaining: 442.6
30 41.9 , Est Remaining: 441.0
31 43.2 , Est Remaining: 439.3
32 44.5 , Est Remaining: 437.1
33 45.9 , Est Remaining: 435.5
34 47.3 , Est Remaining: 433.9
35 48.6 , Est Remaining: 432.2
36 50.0 , Est Remaining: 430.5
37 51.4 , Est Remaining: 428.9
38 52.7 , Est Remaining: 427.3
39 54.1 , Est Remaining: 425.8
EVENT FAILED
39 54.4 , Est Remaining: 428.3
40 55.8 , Est Remaining: 426.7
41 57.1 , Est Remaining: 425.1
42 58.5 , Est Remaining: 423.5
43 59.9 , Est Remaining: 421.9
44 61.2 , Est Remaining: 420.3
45 62.6 , Est Remaining: 418.6
46 64.0 , Est Remaining: 417.2
47 65.3 , Est Remaining: 415.7
48 66.7 , Est Remaining: 414.1
49 68.1 , Est Remaining: 412.7
50 69.5 , Est Remaining: 411.1
51 70.8 , Est Remaining: 409.6
52 72.2 , Est Remaining: 408.1
53 73.5 , Est Remaining: 406.6
54 74.9 , Est Remaining: 405.1
55 76.3 , Est Remaining: 403.6
56 77.7 , Est Remaining: 402.2
57 79.0 , Est Remaining: 400.7
58 80.4 , Est Remaining: 399.3
59 81.8 , Est Remaining: 397.8
60 83.2 , Est Remaining: 396.4
61 84.5 , Est Remaining: 394.9
62 85.9 , Est Remaining: 393.4
63 87.3 , Est Remaining: 392.0
64 88.6 , Est Remaining: 390.5
65 90.0 , Est Remaining: 389.0
66 91.4 , Est Remaining: 387.6
67 92.7 , Est Remaining: 386.1
68 94.1 , Est Remaining: 384.7
69 95.5 , Est Remaining: 383.2
70 96.8 , Est Remaining: 381.8
71 98.2 , Est Remaining: 380.3
72 99.5 , Est Remaining: 378.8
73 100.9 , Est Remaining: 377.4
74 102.3 , Est Remaining: 375.9
75 103.6 , Est Remaining: 374.5
76 105.0 , Est Remaining: 373.1
77 106.4 , Est Remaining: 371.8
78 107.8 , Est Remaining: 370.3
79 109.1 , Est Remaining: 368.9
80 110.5 , Est Remaining: 367.4
81 111.9 , Est Remaining: 366.0
82 113.2 , Est Remaining: 364.6
83 114.6 , Est Remaining: 363.1
84 116.0 , Est Remaining: 361.7
85 117.3 , Est Remaining: 360.3
86 118.7 , Est Remaining: 358.9
87 120.1 , Est Remaining: 357.4
88 121.4 , Est Remaining: 356.0
89 122.8 , Est Remaining: 354.5
90 124.1 , Est Remaining: 353.1
91 125.5 , Est Remaining: 351.7
92 126.9 , Est Remaining: 350.2
93 128.2 , Est Remaining: 348.8
94 129.6 , Est Remaining: 347.4
95 130.9 , Est Remaining: 345.9
96 132.3 , Est Remaining: 344.5
97 133.7 , Est Remaining: 343.1
98 135.0 , Est Remaining: 341.7
99 136.4 , Est Remaining: 340.2
100 137.7 , Est Remaining: 338.8
EVENT FAILED
100 138.1 , Est Remaining: 339.6
101 139.4 , Est Remaining: 338.2
102 140.8 , Est Remaining: 336.8
103 142.2 , Est Remaining: 335.6
104 143.6 , Est Remaining: 334.2
105 145.0 , Est Remaining: 332.8
EVENT FAILED
105 145.3 , Est Remaining: 333.5
106 146.7 , Est Remaining: 332.0
107 148.0 , Est Remaining: 330.6
108 149.4 , Est Remaining: 329.1
109 150.7 , Est Remaining: 327.7
110 152.1 , Est Remaining: 326.2
111 153.4 , Est Remaining: 324.8
112 154.8 , Est Remaining: 323.3
113 156.1 , Est Remaining: 321.9
114 157.5 , Est Remaining: 320.5
115 158.9 , Est Remaining: 319.1
116 160.2 , Est Remaining: 317.7
117 161.6 , Est Remaining: 316.3
EVENT FAILED
117 161.9 , Est Remaining: 316.9
118 163.3 , Est Remaining: 315.4
119 164.6 , Est Remaining: 314.0
120 166.0 , Est Remaining: 312.6
121 167.3 , Est Remaining: 311.2
122 168.7 , Est Remaining: 309.8
123 170.1 , Est Remaining: 308.4
EVENT FAILED
123 170.4 , Est Remaining: 308.9
124 171.8 , Est Remaining: 307.5
125 173.1 , Est Remaining: 306.1
126 174.5 , Est Remaining: 304.7
127 175.9 , Est Remaining: 303.3
EVENT FAILED
127 176.2 , Est Remaining: 303.8
128 177.5 , Est Remaining: 302.4
129 178.9 , Est Remaining: 300.9
130 180.3 , Est Remaining: 299.5
131 181.6 , Est Remaining: 298.1
132 183.0 , Est Remaining: 296.7
133 184.3 , Est Remaining: 295.2
134 185.7 , Est Remaining: 293.8
135 187.1 , Est Remaining: 292.4
136 188.4 , Est Remaining: 291.0
137 189.8 , Est Remaining: 289.6
138 191.2 , Est Remaining: 288.1
139 192.5 , Est Remaining: 286.7
140 193.9 , Est Remaining: 285.3
141 195.2 , Est Remaining: 283.8
142 196.6 , Est Remaining: 282.4
143 198.0 , Est Remaining: 281.0
144 199.3 , Est Remaining: 279.6
145 200.7 , Est Remaining: 278.1
146 202.0 , Est Remaining: 276.7
147 203.4 , Est Remaining: 275.3
148 204.7 , Est Remaining: 273.9
149 206.1 , Est Remaining: 272.5
150 207.4 , Est Remaining: 271.1
151 208.8 , Est Remaining: 269.7
152 210.2 , Est Remaining: 268.2
153 211.5 , Est Remaining: 266.8
154 212.9 , Est Remaining: 265.4
155 214.3 , Est Remaining: 264.0
156 215.6 , Est Remaining: 262.6
157 217.0 , Est Remaining: 261.2
158 218.4 , Est Remaining: 259.8
EVENT FAILED
158 218.7 , Est Remaining: 260.2
159 220.0 , Est Remaining: 258.8
160 221.4 , Est Remaining: 257.4
161 222.7 , Est Remaining: 256.0
162 224.1 , Est Remaining: 254.5
163 225.5 , Est Remaining: 253.1
164 226.8 , Est Remaining: 251.7
165 228.2 , Est Remaining: 250.3
166 229.6 , Est Remaining: 248.9
167 230.9 , Est Remaining: 247.5
168 232.3 , Est Remaining: 246.1
169 233.7 , Est Remaining: 244.7
170 235.0 , Est Remaining: 243.3
EVENT FAILED
170 235.3 , Est Remaining: 243.6
171 236.7 , Est Remaining: 242.2
172 238.0 , Est Remaining: 240.8
173 239.4 , Est Remaining: 239.4
174 240.7 , Est Remaining: 238.0
175 242.1 , Est Remaining: 236.6
176 243.5 , Est Remaining: 235.2
177 244.8 , Est Remaining: 233.8
178 246.2 , Est Remaining: 232.3
179 247.5 , Est Remaining: 230.9
180 248.9 , Est Remaining: 229.5
181 250.2 , Est Remaining: 228.1
182 251.6 , Est Remaining: 226.7
183 253.0 , Est Remaining: 225.3
184 254.3 , Est Remaining: 223.9
185 255.7 , Est Remaining: 222.5
EVENT FAILED
185 256.0 , Est Remaining: 222.8
186 257.4 , Est Remaining: 221.4
187 258.7 , Est Remaining: 220.0
188 260.1 , Est Remaining: 218.6
189 261.4 , Est Remaining: 217.2
190 262.8 , Est Remaining: 215.8
191 264.2 , Est Remaining: 214.4
192 265.5 , Est Remaining: 213.0
193 266.8 , Est Remaining: 211.5
194 268.2 , Est Remaining: 210.1
195 269.5 , Est Remaining: 208.7
196 270.9 , Est Remaining: 207.3
197 272.2 , Est Remaining: 205.9
198 273.6 , Est Remaining: 204.5
199 275.0 , Est Remaining: 203.1
200 276.3 , Est Remaining: 201.7
201 277.7 , Est Remaining: 200.3
202 279.0 , Est Remaining: 198.9
203 280.5 , Est Remaining: 197.6
204 281.9 , Est Remaining: 196.2
205 283.2 , Est Remaining: 194.8
206 284.6 , Est Remaining: 193.4
207 285.9 , Est Remaining: 192.0
208 287.3 , Est Remaining: 190.6
209 288.6 , Est Remaining: 189.2
210 290.0 , Est Remaining: 187.8
211 291.3 , Est Remaining: 186.4
212 292.7 , Est Remaining: 185.0
213 294.1 , Est Remaining: 183.6
214 295.4 , Est Remaining: 182.2
215 296.8 , Est Remaining: 180.8
216 298.1 , Est Remaining: 179.4
217 299.5 , Est Remaining: 178.0
218 300.8 , Est Remaining: 176.6
219 302.1 , Est Remaining: 175.2
220 303.5 , Est Remaining: 173.8
221 304.8 , Est Remaining: 172.4
222 306.2 , Est Remaining: 171.0
223 307.5 , Est Remaining: 169.6
224 308.9 , Est Remaining: 168.2
225 310.2 , Est Remaining: 166.8
226 311.5 , Est Remaining: 165.4
227 312.9 , Est Remaining: 164.0
228 314.2 , Est Remaining: 162.6
229 315.6 , Est Remaining: 161.2
230 317.0 , Est Remaining: 159.9
231 318.3 , Est Remaining: 158.5
232 319.7 , Est Remaining: 157.1
233 321.0 , Est Remaining: 155.7
234 322.4 , Est Remaining: 154.3
235 323.7 , Est Remaining: 152.9
236 325.1 , Est Remaining: 151.5
237 326.4 , Est Remaining: 150.1
238 327.8 , Est Remaining: 148.7
239 329.1 , Est Remaining: 147.4
240 330.5 , Est Remaining: 146.0
241 331.9 , Est Remaining: 144.6
242 333.2 , Est Remaining: 143.2
243 334.6 , Est Remaining: 141.8
244 335.9 , Est Remaining: 140.4
245 337.3 , Est Remaining: 139.0
246 338.6 , Est Remaining: 137.7
247 340.0 , Est Remaining: 136.3
248 341.4 , Est Remaining: 134.9
249 342.7 , Est Remaining: 133.5
250 344.1 , Est Remaining: 132.1
251 345.4 , Est Remaining: 130.7
252 346.8 , Est Remaining: 129.4
253 348.2 , Est Remaining: 128.0
254 349.5 , Est Remaining: 126.6
255 350.9 , Est Remaining: 125.2
256 352.2 , Est Remaining: 123.8
257 353.5 , Est Remaining: 122.4
EVENT FAILED
257 353.8 , Est Remaining: 122.5
258 355.1 , Est Remaining: 121.1
259 356.4 , Est Remaining: 119.7
260 357.8 , Est Remaining: 118.3
261 359.1 , Est Remaining: 117.0
262 360.5 , Est Remaining: 115.6
263 361.8 , Est Remaining: 114.2
264 363.2 , Est Remaining: 112.8
EVENT FAILED
264 363.5 , Est Remaining: 112.9
265 364.8 , Est Remaining: 111.5
266 366.2 , Est Remaining: 110.1
267 367.5 , Est Remaining: 108.7
268 368.8 , Est Remaining: 107.3
269 370.2 , Est Remaining: 106.0
270 371.5 , Est Remaining: 104.6
271 372.8 , Est Remaining: 103.2
272 374.2 , Est Remaining: 101.8
273 375.5 , Est Remaining: 100.4
274 376.9 , Est Remaining: 99.0
275 378.3 , Est Remaining: 97.7
276 379.6 , Est Remaining: 96.3
277 381.0 , Est Remaining: 94.9
278 382.3 , Est Remaining: 93.5
279 383.7 , Est Remaining: 92.1
280 385.0 , Est Remaining: 90.8
281 386.4 , Est Remaining: 89.4
282 387.8 , Est Remaining: 88.0
283 389.1 , Est Remaining: 86.6
284 390.4 , Est Remaining: 85.2
285 391.8 , Est Remaining: 83.9
286 393.1 , Est Remaining: 82.5
287 394.5 , Est Remaining: 81.1
288 395.8 , Est Remaining: 79.7
289 397.1 , Est Remaining: 78.3
290 398.5 , Est Remaining: 76.9
291 399.8 , Est Remaining: 75.6
292 401.1 , Est Remaining: 74.2
293 402.5 , Est Remaining: 72.8
294 403.8 , Est Remaining: 71.4
295 405.2 , Est Remaining: 70.0
296 406.5 , Est Remaining: 68.7
297 407.8 , Est Remaining: 67.3
298 409.2 , Est Remaining: 65.9
299 410.5 , Est Remaining: 64.5
300 411.8 , Est Remaining: 63.1
301 413.2 , Est Remaining: 61.8
302 414.6 , Est Remaining: 60.4
303 416.0 , Est Remaining: 59.0
304 417.3 , Est Remaining: 57.7
305 418.6 , Est Remaining: 56.3
306 420.0 , Est Remaining: 54.9
307 421.3 , Est Remaining: 53.5
308 422.6 , Est Remaining: 52.1
309 423.8 , Est Remaining: 50.8
310 425.1 , Est Remaining: 49.4
311 426.4 , Est Remaining: 48.0
312 427.7 , Est Remaining: 46.6
313 428.9 , Est Remaining: 45.2
314 430.2 , Est Remaining: 43.8
315 431.5 , Est Remaining: 42.5
316 432.7 , Est Remaining: 41.1
317 434.0 , Est Remaining: 39.7
318 435.3 , Est Remaining: 38.3
319 436.6 , Est Remaining: 37.0
320 437.8 , Est Remaining: 35.6
321 439.1 , Est Remaining: 34.2
322 440.3 , Est Remaining: 32.8
323 441.6 , Est Remaining: 31.4
324 442.9 , Est Remaining: 30.1
325 444.2 , Est Remaining: 28.7
326 445.4 , Est Remaining: 27.3
327 446.7 , Est Remaining: 26.0
328 448.0 , Est Remaining: 24.6
329 449.2 , Est Remaining: 23.2
330 450.5 , Est Remaining: 21.8
331 451.7 , Est Remaining: 20.5
332 453.0 , Est Remaining: 19.1
