Note: NumExpr detected 32 cores but "NUMEXPR_MAX_THREADS" not set, so enforcing safe limit of 8.
Using selector: EpollSelector
/n/home02/jhaefner/miniconda/envs/IC-3.7-2020-06-16/lib/python3.7/site-packages/scipy/optimize/minpack.py:808: OptimizeWarning: Covariance of the parameters could not be estimated
  category=OptimizeWarning)
Total rwfs: 346
0 0.0 , Est Remaining: 999999.9
1 1.4 , Est Remaining: 476.0
2 2.7 , Est Remaining: 471.2
3 4.1 , Est Remaining: 471.2
4 5.5 , Est Remaining: 468.8
5 6.8 , Est Remaining: 465.9
6 8.2 , Est Remaining: 463.1
7 9.5 , Est Remaining: 460.0
8 10.9 , Est Remaining: 458.8
9 12.2 , Est Remaining: 457.1
10 13.6 , Est Remaining: 455.3
11 14.9 , Est Remaining: 453.2
12 16.2 , Est Remaining: 451.0
13 17.5 , Est Remaining: 449.3
14 18.9 , Est Remaining: 447.4
EVENT FAILED
14 19.2 , Est Remaining: 454.4
EVENT FAILED
14 19.5 , Est Remaining: 461.3
EVENT FAILED
14 19.7 , Est Remaining: 468.3
15 21.1 , Est Remaining: 465.8
16 22.5 , Est Remaining: 463.2
17 23.8 , Est Remaining: 460.5
18 25.1 , Est Remaining: 458.2
19 26.5 , Est Remaining: 456.0
20 27.8 , Est Remaining: 453.8
21 29.2 , Est Remaining: 451.6
22 30.5 , Est Remaining: 449.6
23 31.9 , Est Remaining: 447.8
24 33.2 , Est Remaining: 446.0
25 34.6 , Est Remaining: 444.2
26 35.9 , Est Remaining: 442.2
27 37.3 , Est Remaining: 440.7
28 38.7 , Est Remaining: 439.1
29 40.0 , Est Remaining: 437.4
30 41.4 , Est Remaining: 436.1
31 42.7 , Est Remaining: 434.3
32 44.1 , Est Remaining: 432.8
33 45.5 , Est Remaining: 431.2
34 46.8 , Est Remaining: 429.7
35 48.2 , Est Remaining: 428.0
36 49.5 , Est Remaining: 426.4
37 50.9 , Est Remaining: 424.7
38 52.2 , Est Remaining: 423.1
39 53.5 , Est Remaining: 421.5
40 54.9 , Est Remaining: 419.8
41 56.2 , Est Remaining: 418.2
42 57.6 , Est Remaining: 416.6
43 58.9 , Est Remaining: 415.0
44 60.2 , Est Remaining: 413.4
45 61.6 , Est Remaining: 411.9
46 62.9 , Est Remaining: 410.2
47 64.3 , Est Remaining: 408.7
48 65.6 , Est Remaining: 407.3
49 67.0 , Est Remaining: 405.9
50 68.3 , Est Remaining: 404.4
51 69.6 , Est Remaining: 402.8
52 71.0 , Est Remaining: 401.2
53 72.3 , Est Remaining: 399.7
54 73.6 , Est Remaining: 398.2
55 75.0 , Est Remaining: 396.6
56 76.3 , Est Remaining: 395.1
57 77.6 , Est Remaining: 393.6
58 79.0 , Est Remaining: 392.1
59 80.3 , Est Remaining: 390.6
60 81.7 , Est Remaining: 389.2
61 83.0 , Est Remaining: 387.7
62 84.3 , Est Remaining: 386.3
63 85.7 , Est Remaining: 384.9
64 87.0 , Est Remaining: 383.4
65 88.4 , Est Remaining: 382.0
66 89.7 , Est Remaining: 380.5
67 91.0 , Est Remaining: 379.1
68 92.4 , Est Remaining: 377.6
69 93.7 , Est Remaining: 376.2
70 95.0 , Est Remaining: 374.7
71 96.4 , Est Remaining: 373.3
72 97.7 , Est Remaining: 371.8
73 99.0 , Est Remaining: 370.4
74 100.4 , Est Remaining: 368.9
75 101.7 , Est Remaining: 367.5
76 103.1 , Est Remaining: 366.2
77 104.4 , Est Remaining: 364.7
78 105.7 , Est Remaining: 363.3
79 107.1 , Est Remaining: 361.8
80 108.4 , Est Remaining: 360.5
81 109.7 , Est Remaining: 359.0
82 111.1 , Est Remaining: 357.6
83 112.4 , Est Remaining: 356.2
84 113.8 , Est Remaining: 354.8
85 115.0 , Est Remaining: 353.2
86 116.4 , Est Remaining: 351.8
87 117.7 , Est Remaining: 350.4
88 119.0 , Est Remaining: 349.0
89 120.4 , Est Remaining: 347.6
90 121.7 , Est Remaining: 346.2
91 123.0 , Est Remaining: 344.8
92 124.4 , Est Remaining: 343.4
93 125.7 , Est Remaining: 342.1
94 127.1 , Est Remaining: 340.7
95 128.4 , Est Remaining: 339.3
96 129.8 , Est Remaining: 337.9
97 131.1 , Est Remaining: 336.6
98 132.5 , Est Remaining: 335.3
99 133.8 , Est Remaining: 333.9
100 135.2 , Est Remaining: 332.5
101 136.5 , Est Remaining: 331.1
102 137.8 , Est Remaining: 329.7
103 139.3 , Est Remaining: 328.6
104 140.6 , Est Remaining: 327.2
105 142.0 , Est Remaining: 325.9
106 143.3 , Est Remaining: 324.5
EVENT FAILED
106 143.6 , Est Remaining: 325.2
107 144.9 , Est Remaining: 323.7
108 146.3 , Est Remaining: 322.4
109 147.6 , Est Remaining: 321.0
110 149.0 , Est Remaining: 319.6
111 150.3 , Est Remaining: 318.2
112 151.6 , Est Remaining: 316.8
113 153.0 , Est Remaining: 315.4
114 154.3 , Est Remaining: 314.0
115 155.6 , Est Remaining: 312.6
116 157.0 , Est Remaining: 311.3
117 158.3 , Est Remaining: 309.9
118 159.7 , Est Remaining: 308.5
119 161.0 , Est Remaining: 307.1
120 162.4 , Est Remaining: 305.8
121 163.7 , Est Remaining: 304.4
122 165.0 , Est Remaining: 303.0
123 166.4 , Est Remaining: 301.6
124 167.7 , Est Remaining: 300.3
125 169.0 , Est Remaining: 298.9
126 170.4 , Est Remaining: 297.5
127 171.7 , Est Remaining: 296.1
128 173.1 , Est Remaining: 294.7
129 174.4 , Est Remaining: 293.4
EVENT FAILED
129 174.7 , Est Remaining: 293.9
130 176.0 , Est Remaining: 292.5
131 177.4 , Est Remaining: 291.1
132 178.7 , Est Remaining: 289.7
133 180.1 , Est Remaining: 288.4
134 181.4 , Est Remaining: 287.0
135 182.8 , Est Remaining: 285.6
136 184.1 , Est Remaining: 284.3
137 185.5 , Est Remaining: 282.9
138 186.8 , Est Remaining: 281.6
139 188.2 , Est Remaining: 280.2
140 189.5 , Est Remaining: 278.8
141 190.8 , Est Remaining: 277.5
142 192.2 , Est Remaining: 276.1
143 193.5 , Est Remaining: 274.7
144 194.9 , Est Remaining: 273.3
145 196.2 , Est Remaining: 272.0
146 197.5 , Est Remaining: 270.6
147 198.9 , Est Remaining: 269.2
148 200.2 , Est Remaining: 267.9
149 201.5 , Est Remaining: 266.5
150 202.9 , Est Remaining: 265.1
151 204.2 , Est Remaining: 263.7
152 205.5 , Est Remaining: 262.3
153 206.9 , Est Remaining: 260.9
154 208.2 , Est Remaining: 259.6
155 209.5 , Est Remaining: 258.2
156 210.9 , Est Remaining: 256.8
157 212.2 , Est Remaining: 255.4
158 213.5 , Est Remaining: 254.1
159 214.9 , Est Remaining: 252.7
160 216.2 , Est Remaining: 251.4
161 217.6 , Est Remaining: 250.0
162 218.9 , Est Remaining: 248.6
163 220.3 , Est Remaining: 247.3
164 221.6 , Est Remaining: 245.9
165 223.0 , Est Remaining: 244.6
166 224.3 , Est Remaining: 243.2
167 225.7 , Est Remaining: 241.9
168 227.0 , Est Remaining: 240.5
169 228.4 , Est Remaining: 239.2
170 229.7 , Est Remaining: 237.8
171 231.0 , Est Remaining: 236.4
172 232.4 , Est Remaining: 235.1
173 233.7 , Est Remaining: 233.7
174 235.1 , Est Remaining: 232.4
175 236.4 , Est Remaining: 231.0
EVENT FAILED
175 236.7 , Est Remaining: 231.3
176 238.1 , Est Remaining: 229.9
177 239.4 , Est Remaining: 228.6
178 240.7 , Est Remaining: 227.2
179 242.1 , Est Remaining: 225.9
180 243.4 , Est Remaining: 224.5
181 244.8 , Est Remaining: 223.2
EVENT FAILED
181 245.1 , Est Remaining: 223.5
182 246.5 , Est Remaining: 222.1
183 247.8 , Est Remaining: 220.7
184 249.1 , Est Remaining: 219.3
185 250.5 , Est Remaining: 218.0
EVENT FAILED
185 250.8 , Est Remaining: 218.2
186 252.1 , Est Remaining: 216.9
187 253.4 , Est Remaining: 215.5
188 254.8 , Est Remaining: 214.1
189 256.1 , Est Remaining: 212.7
190 257.4 , Est Remaining: 211.4
191 258.7 , Est Remaining: 210.0
192 260.1 , Est Remaining: 208.6
193 261.4 , Est Remaining: 207.2
194 262.7 , Est Remaining: 205.9
195 264.1 , Est Remaining: 204.5
196 265.4 , Est Remaining: 203.1
197 266.8 , Est Remaining: 201.8
198 268.1 , Est Remaining: 200.4
199 269.4 , Est Remaining: 199.0
200 270.8 , Est Remaining: 197.7
201 272.1 , Est Remaining: 196.3
202 273.5 , Est Remaining: 194.9
203 274.9 , Est Remaining: 193.6
204 276.3 , Est Remaining: 192.3
205 277.6 , Est Remaining: 190.9
206 278.9 , Est Remaining: 189.6
207 280.3 , Est Remaining: 188.2
208 281.6 , Est Remaining: 186.8
209 283.0 , Est Remaining: 185.5
210 284.3 , Est Remaining: 184.1
211 285.7 , Est Remaining: 182.8
212 287.0 , Est Remaining: 181.4
213 288.3 , Est Remaining: 180.0
214 289.7 , Est Remaining: 178.7
215 291.1 , Est Remaining: 177.3
216 292.4 , Est Remaining: 176.0
EVENT FAILED
216 292.7 , Est Remaining: 176.2
217 294.1 , Est Remaining: 174.8
218 295.4 , Est Remaining: 173.5
219 296.8 , Est Remaining: 172.1
220 298.1 , Est Remaining: 170.8
221 299.5 , Est Remaining: 169.4
EVENT FAILED
221 299.8 , Est Remaining: 169.6
222 301.2 , Est Remaining: 168.2
223 302.5 , Est Remaining: 166.9
224 303.9 , Est Remaining: 165.5
225 305.3 , Est Remaining: 164.2
226 306.6 , Est Remaining: 162.8
227 308.0 , Est Remaining: 161.4
228 309.3 , Est Remaining: 160.1
229 310.7 , Est Remaining: 158.7
230 312.0 , Est Remaining: 157.4
231 313.4 , Est Remaining: 156.0
232 314.7 , Est Remaining: 154.6
233 316.1 , Est Remaining: 153.3
234 317.4 , Est Remaining: 151.9
235 318.8 , Est Remaining: 150.6
236 320.1 , Est Remaining: 149.2
237 321.5 , Est Remaining: 147.9
238 322.8 , Est Remaining: 146.5
239 324.2 , Est Remaining: 145.1
EVENT FAILED
239 324.5 , Est Remaining: 145.3
EVENT FAILED
239 324.8 , Est Remaining: 145.4
240 326.1 , Est Remaining: 144.0
241 327.5 , Est Remaining: 142.7
242 328.9 , Est Remaining: 141.3
243 330.2 , Est Remaining: 140.0
244 331.6 , Est Remaining: 138.6
245 333.0 , Est Remaining: 137.3
246 334.3 , Est Remaining: 135.9
247 335.6 , Est Remaining: 134.5
EVENT FAILED
247 335.9 , Est Remaining: 134.6
248 337.3 , Est Remaining: 133.3
249 338.7 , Est Remaining: 131.9
250 340.0 , Est Remaining: 130.6
251 341.4 , Est Remaining: 129.2
252 342.7 , Est Remaining: 127.8
EVENT FAILED
252 343.0 , Est Remaining: 127.9
253 344.4 , Est Remaining: 126.6
EVENT FAILED
253 344.7 , Est Remaining: 126.7
254 346.0 , Est Remaining: 125.3
255 347.4 , Est Remaining: 124.0
256 348.7 , Est Remaining: 122.6
257 350.1 , Est Remaining: 121.2
258 351.4 , Est Remaining: 119.9
259 352.7 , Est Remaining: 118.5
260 354.1 , Est Remaining: 117.1
261 355.4 , Est Remaining: 115.8
262 356.8 , Est Remaining: 114.4
263 358.1 , Est Remaining: 113.0
264 359.5 , Est Remaining: 111.7
265 360.8 , Est Remaining: 110.3
266 362.1 , Est Remaining: 108.9
267 363.5 , Est Remaining: 107.5
268 364.8 , Est Remaining: 106.2
269 366.2 , Est Remaining: 104.8
270 367.5 , Est Remaining: 103.5
271 368.9 , Est Remaining: 102.1
272 370.2 , Est Remaining: 100.7
273 371.6 , Est Remaining: 99.4
274 372.9 , Est Remaining: 98.0
275 374.3 , Est Remaining: 96.6
276 375.6 , Est Remaining: 95.3
277 377.0 , Est Remaining: 93.9
278 378.3 , Est Remaining: 92.5
279 379.7 , Est Remaining: 91.2
280 381.0 , Est Remaining: 89.8
281 382.4 , Est Remaining: 88.5
282 383.7 , Est Remaining: 87.1
283 385.0 , Est Remaining: 85.7
284 386.4 , Est Remaining: 84.4
285 387.7 , Est Remaining: 83.0
286 389.1 , Est Remaining: 81.6
287 390.4 , Est Remaining: 80.3
288 391.7 , Est Remaining: 78.9
289 393.1 , Est Remaining: 77.5
290 394.4 , Est Remaining: 76.2
291 395.7 , Est Remaining: 74.8
292 397.1 , Est Remaining: 73.4
293 398.4 , Est Remaining: 72.1
294 399.8 , Est Remaining: 70.7
295 401.1 , Est Remaining: 69.3
296 402.4 , Est Remaining: 68.0
297 403.8 , Est Remaining: 66.6
298 405.1 , Est Remaining: 65.2
299 406.4 , Est Remaining: 63.9
300 407.8 , Est Remaining: 62.5
301 409.1 , Est Remaining: 61.2
302 410.5 , Est Remaining: 59.8
303 411.8 , Est Remaining: 58.4
304 413.1 , Est Remaining: 57.1
305 414.5 , Est Remaining: 55.7
306 415.8 , Est Remaining: 54.4
307 417.1 , Est Remaining: 53.0
308 418.4 , Est Remaining: 51.6
309 419.8 , Est Remaining: 50.3
310 421.1 , Est Remaining: 48.9
311 422.4 , Est Remaining: 47.5
312 423.8 , Est Remaining: 46.2
313 425.1 , Est Remaining: 44.8
314 426.4 , Est Remaining: 43.5
315 427.7 , Est Remaining: 42.1
316 429.0 , Est Remaining: 40.7
317 430.3 , Est Remaining: 39.4
318 431.6 , Est Remaining: 38.0
319 432.9 , Est Remaining: 36.6
320 434.2 , Est Remaining: 35.3
321 435.5 , Est Remaining: 33.9
322 436.8 , Est Remaining: 32.6
EVENT FAILED
322 437.0 , Est Remaining: 32.6
323 438.3 , Est Remaining: 31.2
324 439.6 , Est Remaining: 29.8
325 440.9 , Est Remaining: 28.5
326 442.2 , Est Remaining: 27.1
327 443.4 , Est Remaining: 25.8
328 444.8 , Est Remaining: 24.4
329 446.0 , Est Remaining: 23.0
