Note: NumExpr detected 32 cores but "NUMEXPR_MAX_THREADS" not set, so enforcing safe limit of 8.
Using selector: EpollSelector
/n/home02/jhaefner/miniconda/envs/IC-3.7-2020-06-16/lib/python3.7/site-packages/scipy/optimize/minpack.py:808: OptimizeWarning: Covariance of the parameters could not be estimated
  category=OptimizeWarning)
Total rwfs: 346
0 0.0 , Est Remaining: 999999.9
1 1.5 , Est Remaining: 529.5
2 3.0 , Est Remaining: 520.1
3 4.5 , Est Remaining: 518.1
4 6.0 , Est Remaining: 514.3
EVENT FAILED
4 6.3 , Est Remaining: 542.2
5 7.8 , Est Remaining: 533.8
6 9.3 , Est Remaining: 527.4
7 10.8 , Est Remaining: 522.1
8 12.3 , Est Remaining: 519.5
9 13.8 , Est Remaining: 515.9
10 15.3 , Est Remaining: 513.5
11 16.8 , Est Remaining: 510.5
12 18.2 , Est Remaining: 507.7
13 19.7 , Est Remaining: 505.7
14 21.2 , Est Remaining: 503.6
15 22.7 , Est Remaining: 501.1
16 24.2 , Est Remaining: 498.9
17 25.7 , Est Remaining: 496.9
18 27.1 , Est Remaining: 494.4
19 28.6 , Est Remaining: 492.1
20 30.0 , Est Remaining: 489.7
21 31.5 , Est Remaining: 487.4
22 33.0 , Est Remaining: 485.3
23 34.4 , Est Remaining: 483.6
24 35.9 , Est Remaining: 481.6
25 37.4 , Est Remaining: 479.6
26 38.8 , Est Remaining: 477.7
27 40.3 , Est Remaining: 475.8
28 41.7 , Est Remaining: 474.0
29 43.2 , Est Remaining: 472.3
30 44.7 , Est Remaining: 470.5
31 46.1 , Est Remaining: 468.7
32 47.6 , Est Remaining: 467.0
33 49.0 , Est Remaining: 465.2
EVENT FAILED
33 49.4 , Est Remaining: 468.1
34 50.8 , Est Remaining: 466.1
35 52.2 , Est Remaining: 464.0
36 53.7 , Est Remaining: 462.1
37 55.1 , Est Remaining: 460.2
38 56.5 , Est Remaining: 458.2
39 58.0 , Est Remaining: 456.3
40 59.4 , Est Remaining: 454.4
41 60.9 , Est Remaining: 452.7
42 62.3 , Est Remaining: 450.8
43 63.7 , Est Remaining: 449.0
44 65.2 , Est Remaining: 447.3
45 66.6 , Est Remaining: 445.4
46 68.1 , Est Remaining: 443.9
47 69.5 , Est Remaining: 442.2
48 70.9 , Est Remaining: 440.4
49 72.4 , Est Remaining: 438.6
50 73.8 , Est Remaining: 436.8
51 75.2 , Est Remaining: 435.1
52 76.7 , Est Remaining: 433.4
53 78.1 , Est Remaining: 431.7
54 79.5 , Est Remaining: 430.1
55 81.0 , Est Remaining: 428.6
56 82.5 , Est Remaining: 427.0
57 83.9 , Est Remaining: 425.4
58 85.4 , Est Remaining: 423.8
59 86.8 , Est Remaining: 422.3
60 88.3 , Est Remaining: 420.7
61 89.7 , Est Remaining: 419.1
62 91.1 , Est Remaining: 417.5
63 92.6 , Est Remaining: 416.0
64 94.0 , Est Remaining: 414.4
65 95.5 , Est Remaining: 412.9
66 96.9 , Est Remaining: 411.3
67 98.4 , Est Remaining: 409.7
68 99.8 , Est Remaining: 408.1
69 101.3 , Est Remaining: 406.6
70 102.7 , Est Remaining: 405.0
71 104.2 , Est Remaining: 403.5
72 105.6 , Est Remaining: 401.8
73 107.0 , Est Remaining: 400.3
74 108.5 , Est Remaining: 398.7
75 109.9 , Est Remaining: 397.1
76 111.3 , Est Remaining: 395.6
77 112.8 , Est Remaining: 394.0
78 114.2 , Est Remaining: 392.5
79 115.7 , Est Remaining: 391.0
80 117.1 , Est Remaining: 389.5
81 118.6 , Est Remaining: 388.1
82 120.1 , Est Remaining: 386.7
83 121.6 , Est Remaining: 385.2
84 123.0 , Est Remaining: 383.7
85 124.5 , Est Remaining: 382.2
86 126.0 , Est Remaining: 380.8
87 127.4 , Est Remaining: 379.4
88 128.9 , Est Remaining: 377.9
89 130.3 , Est Remaining: 376.3
90 131.8 , Est Remaining: 374.8
91 133.2 , Est Remaining: 373.3
92 134.7 , Est Remaining: 371.8
93 136.1 , Est Remaining: 370.3
94 137.6 , Est Remaining: 368.8
95 139.0 , Est Remaining: 367.2
96 140.4 , Est Remaining: 365.7
97 141.9 , Est Remaining: 364.2
98 143.3 , Est Remaining: 362.7
99 144.8 , Est Remaining: 361.2
100 146.2 , Est Remaining: 359.6
101 147.6 , Est Remaining: 358.1
102 149.1 , Est Remaining: 356.6
103 150.6 , Est Remaining: 355.4
104 152.1 , Est Remaining: 353.9
105 153.5 , Est Remaining: 352.4
106 155.0 , Est Remaining: 350.9
107 156.4 , Est Remaining: 349.4
EVENT FAILED
107 156.7 , Est Remaining: 350.1
108 158.2 , Est Remaining: 348.6
109 159.6 , Est Remaining: 347.1
110 161.1 , Est Remaining: 345.6
111 162.5 , Est Remaining: 344.1
112 164.0 , Est Remaining: 342.6
113 165.4 , Est Remaining: 341.1
114 166.9 , Est Remaining: 339.7
EVENT FAILED
114 167.2 , Est Remaining: 340.3
115 168.7 , Est Remaining: 338.8
116 170.1 , Est Remaining: 337.4
117 171.6 , Est Remaining: 335.9
118 173.1 , Est Remaining: 334.4
119 174.5 , Est Remaining: 332.9
120 175.9 , Est Remaining: 331.4
EVENT FAILED
120 176.2 , Est Remaining: 331.9
121 177.7 , Est Remaining: 330.4
122 179.1 , Est Remaining: 328.9
123 180.6 , Est Remaining: 327.4
124 182.0 , Est Remaining: 325.9
125 183.4 , Est Remaining: 324.3
126 184.9 , Est Remaining: 322.8
127 186.3 , Est Remaining: 321.2
128 187.7 , Est Remaining: 319.6
129 189.1 , Est Remaining: 318.1
130 190.5 , Est Remaining: 316.5
131 191.9 , Est Remaining: 315.0
132 193.3 , Est Remaining: 313.4
EVENT FAILED
132 193.6 , Est Remaining: 313.9
133 195.0 , Est Remaining: 312.4
134 196.5 , Est Remaining: 310.8
135 197.9 , Est Remaining: 309.3
136 199.3 , Est Remaining: 307.7
137 200.6 , Est Remaining: 306.1
138 202.0 , Est Remaining: 304.5
139 203.4 , Est Remaining: 302.9
140 204.8 , Est Remaining: 301.3
141 206.2 , Est Remaining: 299.8
142 207.5 , Est Remaining: 298.2
EVENT FAILED
142 207.8 , Est Remaining: 298.6
143 209.2 , Est Remaining: 297.0
144 210.6 , Est Remaining: 295.4
145 212.0 , Est Remaining: 293.8
146 213.4 , Est Remaining: 292.3
147 214.7 , Est Remaining: 290.7
148 216.1 , Est Remaining: 289.1
149 217.4 , Est Remaining: 287.5
150 218.8 , Est Remaining: 285.9
151 220.2 , Est Remaining: 284.3
152 221.5 , Est Remaining: 282.7
153 222.9 , Est Remaining: 281.1
154 224.2 , Est Remaining: 279.5
155 225.6 , Est Remaining: 278.0
156 227.0 , Est Remaining: 276.4
157 228.3 , Est Remaining: 274.9
158 229.7 , Est Remaining: 273.3
159 231.0 , Est Remaining: 271.7
160 232.4 , Est Remaining: 270.2
161 233.7 , Est Remaining: 268.6
162 235.1 , Est Remaining: 267.0
163 236.4 , Est Remaining: 265.4
164 237.8 , Est Remaining: 263.9
165 239.2 , Est Remaining: 262.3
166 240.5 , Est Remaining: 260.8
167 241.9 , Est Remaining: 259.3
168 243.2 , Est Remaining: 257.7
169 244.6 , Est Remaining: 256.2
170 245.9 , Est Remaining: 254.6
171 247.3 , Est Remaining: 253.1
172 248.6 , Est Remaining: 251.5
EVENT FAILED
172 248.9 , Est Remaining: 251.8
173 250.3 , Est Remaining: 250.3
174 251.7 , Est Remaining: 248.8
175 253.0 , Est Remaining: 247.2
176 254.4 , Est Remaining: 245.7
177 255.8 , Est Remaining: 244.2
178 257.1 , Est Remaining: 242.7
179 258.5 , Est Remaining: 241.2
180 259.9 , Est Remaining: 239.6
181 261.2 , Est Remaining: 238.1
182 262.6 , Est Remaining: 236.6
183 264.0 , Est Remaining: 235.1
184 265.3 , Est Remaining: 233.6
185 266.7 , Est Remaining: 232.1
186 268.1 , Est Remaining: 230.6
187 269.5 , Est Remaining: 229.1
188 270.8 , Est Remaining: 227.6
189 272.2 , Est Remaining: 226.1
190 273.6 , Est Remaining: 224.6
191 274.9 , Est Remaining: 223.1
192 276.3 , Est Remaining: 221.6
193 277.7 , Est Remaining: 220.1
194 279.0 , Est Remaining: 218.6
195 280.4 , Est Remaining: 217.1
196 281.8 , Est Remaining: 215.6
197 283.1 , Est Remaining: 214.2
198 284.6 , Est Remaining: 212.7
199 286.0 , Est Remaining: 211.2
200 287.3 , Est Remaining: 209.8
201 288.7 , Est Remaining: 208.3
202 290.1 , Est Remaining: 206.8
203 291.6 , Est Remaining: 205.4
EVENT FAILED
203 291.9 , Est Remaining: 205.6
204 293.2 , Est Remaining: 204.1
205 294.6 , Est Remaining: 202.6
206 296.0 , Est Remaining: 201.2
207 297.4 , Est Remaining: 199.7
208 298.8 , Est Remaining: 198.2
209 300.1 , Est Remaining: 196.7
210 301.5 , Est Remaining: 195.3
211 302.9 , Est Remaining: 193.8
212 304.3 , Est Remaining: 192.3
213 305.7 , Est Remaining: 190.9
214 307.1 , Est Remaining: 189.4
215 308.4 , Est Remaining: 187.9
216 309.8 , Est Remaining: 186.5
217 311.2 , Est Remaining: 185.0
218 312.6 , Est Remaining: 183.5
219 314.0 , Est Remaining: 182.1
220 315.3 , Est Remaining: 180.6
221 316.7 , Est Remaining: 179.1
222 318.1 , Est Remaining: 177.7
223 319.5 , Est Remaining: 176.2
224 320.8 , Est Remaining: 174.7
225 322.2 , Est Remaining: 173.3
226 323.6 , Est Remaining: 171.8
227 324.9 , Est Remaining: 170.3
228 326.3 , Est Remaining: 168.9
229 327.7 , Est Remaining: 167.4
230 329.1 , Est Remaining: 166.0
231 330.5 , Est Remaining: 164.5
232 331.8 , Est Remaining: 163.1
233 333.2 , Est Remaining: 161.6
234 334.6 , Est Remaining: 160.1
235 336.0 , Est Remaining: 158.7
236 337.4 , Est Remaining: 157.2
237 338.7 , Est Remaining: 155.8
238 340.1 , Est Remaining: 154.3
239 341.5 , Est Remaining: 152.9
240 342.9 , Est Remaining: 151.4
241 344.2 , Est Remaining: 150.0
242 345.6 , Est Remaining: 148.5
243 347.0 , Est Remaining: 147.1
244 348.4 , Est Remaining: 145.6
245 349.7 , Est Remaining: 144.2
246 351.1 , Est Remaining: 142.7
247 352.5 , Est Remaining: 141.3
248 353.9 , Est Remaining: 139.8
249 355.3 , Est Remaining: 138.4
250 356.6 , Est Remaining: 137.0
251 358.0 , Est Remaining: 135.5
252 359.4 , Est Remaining: 134.1
253 360.8 , Est Remaining: 132.6
254 362.2 , Est Remaining: 131.2
255 363.5 , Est Remaining: 129.7
256 364.9 , Est Remaining: 128.3
257 366.3 , Est Remaining: 126.8
258 367.6 , Est Remaining: 125.4
259 368.9 , Est Remaining: 123.9
EVENT FAILED
259 369.2 , Est Remaining: 124.0
260 370.6 , Est Remaining: 122.6
261 372.0 , Est Remaining: 121.1
262 373.4 , Est Remaining: 119.7
263 374.7 , Est Remaining: 118.3
264 376.1 , Est Remaining: 116.8
265 377.5 , Est Remaining: 115.4
266 378.9 , Est Remaining: 113.9
267 380.3 , Est Remaining: 112.5
268 381.6 , Est Remaining: 111.1
269 383.0 , Est Remaining: 109.6
270 384.4 , Est Remaining: 108.2
271 385.7 , Est Remaining: 106.8
272 387.1 , Est Remaining: 105.3
273 388.5 , Est Remaining: 103.9
274 389.9 , Est Remaining: 102.5
275 391.3 , Est Remaining: 101.0
276 392.7 , Est Remaining: 99.6
277 394.0 , Est Remaining: 98.1
278 395.4 , Est Remaining: 96.7
279 396.8 , Est Remaining: 95.3
280 398.1 , Est Remaining: 93.8
281 399.5 , Est Remaining: 92.4
282 400.9 , Est Remaining: 91.0
283 402.3 , Est Remaining: 89.5
284 403.7 , Est Remaining: 88.1
285 405.0 , Est Remaining: 86.7
286 406.4 , Est Remaining: 85.3
EVENT FAILED
286 406.7 , Est Remaining: 85.3
287 408.1 , Est Remaining: 83.9
288 409.5 , Est Remaining: 82.5
289 410.9 , Est Remaining: 81.1
290 412.3 , Est Remaining: 79.6
291 413.7 , Est Remaining: 78.2
292 415.1 , Est Remaining: 76.8
293 416.5 , Est Remaining: 75.3
294 417.9 , Est Remaining: 73.9
295 419.3 , Est Remaining: 72.5
296 420.7 , Est Remaining: 71.1
297 422.1 , Est Remaining: 69.6
298 423.5 , Est Remaining: 68.2
299 424.9 , Est Remaining: 66.8
300 426.3 , Est Remaining: 65.4
301 427.7 , Est Remaining: 63.9
302 429.3 , Est Remaining: 62.5
303 430.7 , Est Remaining: 61.1
304 432.0 , Est Remaining: 59.7
305 433.4 , Est Remaining: 58.3
306 434.8 , Est Remaining: 56.8
307 436.2 , Est Remaining: 55.4
308 437.6 , Est Remaining: 54.0
309 438.9 , Est Remaining: 52.6
310 440.3 , Est Remaining: 51.1
311 441.7 , Est Remaining: 49.7
312 443.0 , Est Remaining: 48.3
313 444.4 , Est Remaining: 46.9
314 445.8 , Est Remaining: 45.4
EVENT FAILED
314 446.1 , Est Remaining: 45.5
315 447.4 , Est Remaining: 44.0
316 448.8 , Est Remaining: 42.6
317 450.2 , Est Remaining: 41.2
318 451.5 , Est Remaining: 39.8
319 452.9 , Est Remaining: 38.3
320 454.3 , Est Remaining: 36.9
321 455.6 , Est Remaining: 35.5
322 457.0 , Est Remaining: 34.1
323 458.3 , Est Remaining: 32.6
324 459.7 , Est Remaining: 31.2
325 461.0 , Est Remaining: 29.8
326 462.4 , Est Remaining: 28.4
327 463.8 , Est Remaining: 26.9
328 465.1 , Est Remaining: 25.5
329 466.5 , Est Remaining: 24.1
330 467.8 , Est Remaining: 22.7
331 469.2 , Est Remaining: 21.3
332 470.5 , Est Remaining: 19.8
333 471.9 , Est Remaining: 18.4
