Note: NumExpr detected 32 cores but "NUMEXPR_MAX_THREADS" not set, so enforcing safe limit of 8.
Using selector: EpollSelector
/n/home02/jhaefner/miniconda/envs/IC-3.7-2020-06-16/lib/python3.7/site-packages/scipy/optimize/minpack.py:808: OptimizeWarning: Covariance of the parameters could not be estimated
  category=OptimizeWarning)
Total rwfs: 346
0 0.0 , Est Remaining: 999999.9
1 1.4 , Est Remaining: 498.2
2 2.9 , Est Remaining: 500.8
3 4.4 , Est Remaining: 501.2
4 5.8 , Est Remaining: 496.2
5 7.2 , Est Remaining: 494.4
6 8.7 , Est Remaining: 492.1
7 10.1 , Est Remaining: 489.0
8 11.5 , Est Remaining: 486.9
9 12.9 , Est Remaining: 484.3
10 14.2 , Est Remaining: 478.5
11 15.7 , Est Remaining: 478.2
12 17.2 , Est Remaining: 477.6
13 18.6 , Est Remaining: 476.6
14 20.1 , Est Remaining: 475.7
15 21.5 , Est Remaining: 474.8
16 23.0 , Est Remaining: 473.7
17 24.4 , Est Remaining: 472.8
18 25.9 , Est Remaining: 471.7
19 27.3 , Est Remaining: 470.4
20 28.8 , Est Remaining: 469.6
21 30.3 , Est Remaining: 468.3
22 31.7 , Est Remaining: 467.1
23 33.2 , Est Remaining: 465.7
24 34.6 , Est Remaining: 464.2
25 36.1 , Est Remaining: 463.0
EVENT FAILED
25 36.9 , Est Remaining: 474.2
26 38.4 , Est Remaining: 472.1
27 39.8 , Est Remaining: 470.1
28 41.2 , Est Remaining: 467.9
29 42.6 , Est Remaining: 465.9
30 44.1 , Est Remaining: 464.2
31 45.5 , Est Remaining: 462.5
32 47.0 , Est Remaining: 460.7
33 48.4 , Est Remaining: 459.1
34 49.9 , Est Remaining: 457.5
35 51.3 , Est Remaining: 455.9
36 52.7 , Est Remaining: 454.2
37 54.2 , Est Remaining: 452.7
38 55.6 , Est Remaining: 451.0
39 57.1 , Est Remaining: 449.4
40 58.5 , Est Remaining: 447.9
41 60.0 , Est Remaining: 446.4
42 61.5 , Est Remaining: 444.8
43 62.9 , Est Remaining: 443.4
44 64.4 , Est Remaining: 441.9
45 65.8 , Est Remaining: 440.4
EVENT FAILED
45 66.1 , Est Remaining: 442.4
46 67.6 , Est Remaining: 441.0
47 69.1 , Est Remaining: 439.4
48 70.5 , Est Remaining: 437.9
EVENT FAILED
48 70.8 , Est Remaining: 439.7
49 72.3 , Est Remaining: 438.0
50 73.7 , Est Remaining: 436.4
51 75.2 , Est Remaining: 434.8
52 76.6 , Est Remaining: 433.0
53 78.0 , Est Remaining: 431.4
54 79.5 , Est Remaining: 429.8
55 80.9 , Est Remaining: 428.2
56 82.4 , Est Remaining: 426.5
57 83.8 , Est Remaining: 425.1
58 85.3 , Est Remaining: 423.5
59 86.7 , Est Remaining: 422.0
60 88.2 , Est Remaining: 420.4
61 89.6 , Est Remaining: 418.6
62 91.0 , Est Remaining: 416.9
63 92.5 , Est Remaining: 415.3
64 93.9 , Est Remaining: 413.7
65 95.3 , Est Remaining: 412.1
66 96.7 , Est Remaining: 410.4
67 98.2 , Est Remaining: 408.8
68 99.6 , Est Remaining: 407.0
69 101.0 , Est Remaining: 405.4
70 102.4 , Est Remaining: 403.7
71 103.7 , Est Remaining: 401.5
72 105.1 , Est Remaining: 399.9
73 106.5 , Est Remaining: 398.4
74 108.0 , Est Remaining: 396.9
75 109.4 , Est Remaining: 395.3
76 110.9 , Est Remaining: 393.8
77 112.3 , Est Remaining: 392.4
78 113.8 , Est Remaining: 390.9
79 115.2 , Est Remaining: 389.4
80 116.7 , Est Remaining: 387.9
81 118.1 , Est Remaining: 386.4
82 119.6 , Est Remaining: 384.9
83 121.0 , Est Remaining: 383.5
84 122.5 , Est Remaining: 382.1
85 124.0 , Est Remaining: 380.6
86 125.4 , Est Remaining: 379.2
87 126.9 , Est Remaining: 377.7
88 128.3 , Est Remaining: 376.2
89 129.7 , Est Remaining: 374.7
90 131.2 , Est Remaining: 373.1
91 132.5 , Est Remaining: 371.3
92 134.0 , Est Remaining: 369.8
93 135.4 , Est Remaining: 368.4
94 136.9 , Est Remaining: 367.0
EVENT FAILED
94 137.2 , Est Remaining: 367.8
95 138.6 , Est Remaining: 366.3
96 140.1 , Est Remaining: 364.8
97 141.5 , Est Remaining: 363.3
98 143.0 , Est Remaining: 361.8
99 144.4 , Est Remaining: 360.3
100 145.9 , Est Remaining: 358.8
101 147.3 , Est Remaining: 357.3
102 148.8 , Est Remaining: 355.9
103 150.3 , Est Remaining: 354.6
104 151.8 , Est Remaining: 353.1
105 153.2 , Est Remaining: 351.6
106 154.6 , Est Remaining: 350.1
107 156.1 , Est Remaining: 348.6
108 157.5 , Est Remaining: 347.1
109 159.0 , Est Remaining: 345.6
110 160.4 , Est Remaining: 344.2
111 161.9 , Est Remaining: 342.7
112 163.3 , Est Remaining: 341.2
113 164.8 , Est Remaining: 339.8
114 166.3 , Est Remaining: 338.3
115 167.7 , Est Remaining: 336.9
116 169.2 , Est Remaining: 335.4
117 170.6 , Est Remaining: 333.9
118 172.1 , Est Remaining: 332.5
119 173.5 , Est Remaining: 331.0
120 175.0 , Est Remaining: 329.6
121 176.4 , Est Remaining: 328.1
122 177.9 , Est Remaining: 326.6
123 179.3 , Est Remaining: 325.1
124 180.8 , Est Remaining: 323.6
EVENT FAILED
124 181.1 , Est Remaining: 324.1
125 182.5 , Est Remaining: 322.6
126 183.9 , Est Remaining: 321.2
127 185.4 , Est Remaining: 319.6
128 186.7 , Est Remaining: 318.1
129 188.2 , Est Remaining: 316.5
130 189.6 , Est Remaining: 315.0
131 191.0 , Est Remaining: 313.4
132 192.4 , Est Remaining: 311.9
133 193.8 , Est Remaining: 310.3
134 195.2 , Est Remaining: 308.8
135 196.6 , Est Remaining: 307.3
136 198.0 , Est Remaining: 305.7
137 199.4 , Est Remaining: 304.2
138 200.8 , Est Remaining: 302.6
139 202.1 , Est Remaining: 301.0
140 203.5 , Est Remaining: 299.5
141 204.9 , Est Remaining: 297.9
142 206.3 , Est Remaining: 296.3
143 207.6 , Est Remaining: 294.8
144 209.0 , Est Remaining: 293.2
145 210.4 , Est Remaining: 291.6
EVENT FAILED
145 210.7 , Est Remaining: 292.1
146 212.1 , Est Remaining: 290.5
147 213.4 , Est Remaining: 288.9
148 214.8 , Est Remaining: 287.4
149 216.2 , Est Remaining: 285.8
150 217.6 , Est Remaining: 284.3
151 218.9 , Est Remaining: 282.7
152 220.3 , Est Remaining: 281.2
153 221.7 , Est Remaining: 279.7
154 223.0 , Est Remaining: 278.0
155 224.4 , Est Remaining: 276.5
156 225.8 , Est Remaining: 275.0
157 227.1 , Est Remaining: 273.4
158 228.5 , Est Remaining: 271.9
159 229.9 , Est Remaining: 270.4
160 231.3 , Est Remaining: 268.9
161 232.7 , Est Remaining: 267.4
162 234.1 , Est Remaining: 265.8
163 235.4 , Est Remaining: 264.3
164 236.8 , Est Remaining: 262.8
165 238.2 , Est Remaining: 261.3
166 239.6 , Est Remaining: 259.8
167 241.0 , Est Remaining: 258.3
168 242.4 , Est Remaining: 256.8
169 243.8 , Est Remaining: 255.4
170 245.2 , Est Remaining: 253.9
171 246.6 , Est Remaining: 252.4
172 248.0 , Est Remaining: 250.8
173 249.3 , Est Remaining: 249.3
174 250.7 , Est Remaining: 247.8
175 252.1 , Est Remaining: 246.3
176 253.5 , Est Remaining: 244.8
177 254.8 , Est Remaining: 243.3
178 256.2 , Est Remaining: 241.8
179 257.6 , Est Remaining: 240.3
180 259.0 , Est Remaining: 238.8
181 260.3 , Est Remaining: 237.3
EVENT FAILED
181 260.6 , Est Remaining: 237.6
182 262.0 , Est Remaining: 236.1
183 263.4 , Est Remaining: 234.6
184 264.7 , Est Remaining: 233.1
185 266.1 , Est Remaining: 231.6
186 267.5 , Est Remaining: 230.1
187 268.9 , Est Remaining: 228.6
188 270.3 , Est Remaining: 227.1
189 271.6 , Est Remaining: 225.6
190 273.0 , Est Remaining: 224.1
191 274.4 , Est Remaining: 222.7
192 275.8 , Est Remaining: 221.2
193 277.1 , Est Remaining: 219.7
194 278.5 , Est Remaining: 218.2
195 279.9 , Est Remaining: 216.8
196 281.3 , Est Remaining: 215.3
197 282.7 , Est Remaining: 213.8
198 284.1 , Est Remaining: 212.4
199 285.6 , Est Remaining: 210.9
200 287.0 , Est Remaining: 209.5
EVENT FAILED
200 287.3 , Est Remaining: 209.7
201 288.7 , Est Remaining: 208.3
202 290.1 , Est Remaining: 206.8
203 291.7 , Est Remaining: 205.5
204 293.1 , Est Remaining: 204.0
205 294.5 , Est Remaining: 202.6
206 295.9 , Est Remaining: 201.1
EVENT FAILED
206 296.2 , Est Remaining: 201.3
207 297.6 , Est Remaining: 199.9
208 299.0 , Est Remaining: 198.4
209 300.5 , Est Remaining: 197.0
210 301.9 , Est Remaining: 195.5
211 303.3 , Est Remaining: 194.1
212 304.7 , Est Remaining: 192.6
213 306.2 , Est Remaining: 191.2
214 307.6 , Est Remaining: 189.7
215 309.0 , Est Remaining: 188.3
216 310.4 , Est Remaining: 186.8
217 311.9 , Est Remaining: 185.4
218 313.3 , Est Remaining: 184.0
219 314.7 , Est Remaining: 182.5
220 316.2 , Est Remaining: 181.1
221 317.6 , Est Remaining: 179.7
222 319.1 , Est Remaining: 178.2
223 320.5 , Est Remaining: 176.8
224 321.9 , Est Remaining: 175.3
225 323.4 , Est Remaining: 173.9
226 324.8 , Est Remaining: 172.5
227 326.2 , Est Remaining: 171.0
228 327.6 , Est Remaining: 169.6
229 329.1 , Est Remaining: 168.1
230 330.4 , Est Remaining: 166.7
231 331.8 , Est Remaining: 165.2
232 333.2 , Est Remaining: 163.7
233 334.6 , Est Remaining: 162.3
234 335.9 , Est Remaining: 160.8
235 337.3 , Est Remaining: 159.3
236 338.7 , Est Remaining: 157.9
237 340.2 , Est Remaining: 156.4
238 341.6 , Est Remaining: 155.0
239 343.0 , Est Remaining: 153.6
240 344.5 , Est Remaining: 152.1
241 345.9 , Est Remaining: 150.7
242 347.4 , Est Remaining: 149.3
243 348.8 , Est Remaining: 147.8
244 350.3 , Est Remaining: 146.4
245 351.7 , Est Remaining: 145.0
246 353.1 , Est Remaining: 143.6
247 354.6 , Est Remaining: 142.1
248 356.0 , Est Remaining: 140.7
249 357.4 , Est Remaining: 139.2
250 358.9 , Est Remaining: 137.8
251 360.4 , Est Remaining: 136.4
252 361.8 , Est Remaining: 135.0
253 363.2 , Est Remaining: 133.5
254 364.7 , Est Remaining: 132.1
255 366.1 , Est Remaining: 130.6
256 367.5 , Est Remaining: 129.2
257 368.9 , Est Remaining: 127.8
258 370.4 , Est Remaining: 126.3
259 371.8 , Est Remaining: 124.9
260 373.2 , Est Remaining: 123.4
261 374.6 , Est Remaining: 122.0
262 376.0 , Est Remaining: 120.6
EVENT FAILED
262 376.3 , Est Remaining: 120.7
263 377.8 , Est Remaining: 119.2
264 379.2 , Est Remaining: 117.8
265 380.6 , Est Remaining: 116.3
266 382.0 , Est Remaining: 114.9
267 383.4 , Est Remaining: 113.4
268 384.8 , Est Remaining: 112.0
269 386.2 , Est Remaining: 110.6
270 387.6 , Est Remaining: 109.1
271 389.0 , Est Remaining: 107.7
272 390.4 , Est Remaining: 106.2
273 391.8 , Est Remaining: 104.8
274 393.2 , Est Remaining: 103.3
275 394.5 , Est Remaining: 101.9
EVENT FAILED
275 394.9 , Est Remaining: 101.9
276 396.3 , Est Remaining: 100.5
277 397.7 , Est Remaining: 99.1
278 399.1 , Est Remaining: 97.6
279 400.6 , Est Remaining: 96.2
280 402.0 , Est Remaining: 94.8
281 403.5 , Est Remaining: 93.3
282 404.9 , Est Remaining: 91.9
283 406.4 , Est Remaining: 90.5
284 407.9 , Est Remaining: 89.0
285 409.3 , Est Remaining: 87.6
286 410.8 , Est Remaining: 86.2
287 412.3 , Est Remaining: 84.7
288 413.7 , Est Remaining: 83.3
289 415.1 , Est Remaining: 81.9
290 416.6 , Est Remaining: 80.5
291 418.1 , Est Remaining: 79.0
292 419.5 , Est Remaining: 77.6
293 421.0 , Est Remaining: 76.1
294 422.4 , Est Remaining: 74.7
295 423.8 , Est Remaining: 73.3
EVENT FAILED
295 424.1 , Est Remaining: 73.3
296 425.6 , Est Remaining: 71.9
297 427.0 , Est Remaining: 70.5
298 428.5 , Est Remaining: 69.0
299 429.9 , Est Remaining: 67.6
300 431.4 , Est Remaining: 66.1
301 432.8 , Est Remaining: 64.7
302 434.3 , Est Remaining: 63.3
303 435.8 , Est Remaining: 61.8
304 437.2 , Est Remaining: 60.4
305 438.7 , Est Remaining: 59.0
306 440.1 , Est Remaining: 57.5
307 441.5 , Est Remaining: 56.1
308 443.0 , Est Remaining: 54.7
309 444.4 , Est Remaining: 53.2
EVENT FAILED
309 444.7 , Est Remaining: 53.2
310 446.1 , Est Remaining: 51.8
311 447.5 , Est Remaining: 50.4
312 449.0 , Est Remaining: 48.9
EVENT FAILED
312 449.3 , Est Remaining: 49.0
EVENT FAILED
312 449.6 , Est Remaining: 49.0
313 451.0 , Est Remaining: 47.5
314 452.4 , Est Remaining: 46.1
315 453.8 , Est Remaining: 44.7
316 455.2 , Est Remaining: 43.2
317 456.6 , Est Remaining: 41.8
318 458.0 , Est Remaining: 40.3
319 459.4 , Est Remaining: 38.9
320 460.8 , Est Remaining: 37.4
321 462.2 , Est Remaining: 36.0
322 463.6 , Est Remaining: 34.6
323 464.9 , Est Remaining: 33.1
324 466.4 , Est Remaining: 31.7
325 467.8 , Est Remaining: 30.2
326 469.2 , Est Remaining: 28.8
327 470.5 , Est Remaining: 27.3
328 471.9 , Est Remaining: 25.9
329 473.2 , Est Remaining: 24.5
330 474.6 , Est Remaining: 23.0
