Note: NumExpr detected 32 cores but "NUMEXPR_MAX_THREADS" not set, so enforcing safe limit of 8.
Using selector: EpollSelector
/n/home02/jhaefner/miniconda/envs/IC-3.7-2020-06-16/lib/python3.7/site-packages/scipy/optimize/minpack.py:808: OptimizeWarning: Covariance of the parameters could not be estimated
  category=OptimizeWarning)
Total rwfs: 346
0 0.0 , Est Remaining: 999999.9
1 1.7 , Est Remaining: 598.7
2 3.4 , Est Remaining: 592.7
3 5.2 , Est Remaining: 594.9
4 6.9 , Est Remaining: 590.1
5 8.6 , Est Remaining: 585.8
6 10.3 , Est Remaining: 585.7
7 12.0 , Est Remaining: 583.1
8 13.7 , Est Remaining: 579.4
9 15.3 , Est Remaining: 574.6
10 17.0 , Est Remaining: 572.2
11 18.8 , Est Remaining: 571.1
12 20.5 , Est Remaining: 569.8
13 22.2 , Est Remaining: 568.4
14 23.9 , Est Remaining: 566.3
15 25.5 , Est Remaining: 563.8
16 27.2 , Est Remaining: 561.4
17 28.9 , Est Remaining: 559.8
18 30.6 , Est Remaining: 557.9
19 32.3 , Est Remaining: 556.5
20 34.1 , Est Remaining: 555.2
21 35.7 , Est Remaining: 553.3
22 37.4 , Est Remaining: 551.1
23 39.1 , Est Remaining: 548.9
24 40.8 , Est Remaining: 547.2
25 42.5 , Est Remaining: 545.7
26 44.2 , Est Remaining: 543.8
27 45.9 , Est Remaining: 542.0
28 47.6 , Est Remaining: 540.1
29 49.2 , Est Remaining: 538.3
30 50.9 , Est Remaining: 536.2
EVENT FAILED
30 51.2 , Est Remaining: 539.4
31 53.0 , Est Remaining: 538.1
32 54.7 , Est Remaining: 536.3
33 56.3 , Est Remaining: 534.3
34 58.0 , Est Remaining: 532.3
35 59.7 , Est Remaining: 530.3
36 61.3 , Est Remaining: 528.3
37 63.0 , Est Remaining: 526.3
38 64.7 , Est Remaining: 524.5
39 66.4 , Est Remaining: 522.4
40 68.1 , Est Remaining: 520.7
41 69.7 , Est Remaining: 518.7
42 71.4 , Est Remaining: 516.8
43 73.1 , Est Remaining: 514.9
44 74.7 , Est Remaining: 513.0
45 76.4 , Est Remaining: 511.1
46 78.1 , Est Remaining: 509.3
47 79.8 , Est Remaining: 507.6
48 81.5 , Est Remaining: 505.8
49 83.1 , Est Remaining: 503.9
50 84.8 , Est Remaining: 502.2
51 86.5 , Est Remaining: 500.5
52 88.2 , Est Remaining: 498.6
53 89.9 , Est Remaining: 496.8
54 91.6 , Est Remaining: 495.1
55 93.2 , Est Remaining: 493.3
56 94.9 , Est Remaining: 491.6
57 96.6 , Est Remaining: 489.8
58 98.3 , Est Remaining: 488.1
59 100.0 , Est Remaining: 486.3
60 101.7 , Est Remaining: 484.8
61 103.4 , Est Remaining: 483.0
62 105.1 , Est Remaining: 481.4
63 106.8 , Est Remaining: 479.7
EVENT FAILED
63 107.1 , Est Remaining: 481.1
64 108.8 , Est Remaining: 479.3
65 110.5 , Est Remaining: 477.5
66 112.1 , Est Remaining: 475.7
67 113.8 , Est Remaining: 474.0
68 115.5 , Est Remaining: 472.4
69 117.2 , Est Remaining: 470.6
70 118.9 , Est Remaining: 468.7
71 120.5 , Est Remaining: 466.9
72 122.2 , Est Remaining: 465.2
EVENT FAILED
72 122.5 , Est Remaining: 466.3
73 124.2 , Est Remaining: 464.7
74 125.9 , Est Remaining: 462.9
75 127.6 , Est Remaining: 461.2
76 129.3 , Est Remaining: 459.3
77 131.0 , Est Remaining: 457.5
78 132.6 , Est Remaining: 455.7
79 134.3 , Est Remaining: 453.9
80 136.0 , Est Remaining: 452.2
81 137.7 , Est Remaining: 450.4
82 139.4 , Est Remaining: 448.6
83 141.0 , Est Remaining: 446.9
84 142.7 , Est Remaining: 445.1
85 144.4 , Est Remaining: 443.3
86 146.0 , Est Remaining: 441.5
87 147.7 , Est Remaining: 439.7
88 149.4 , Est Remaining: 437.9
89 151.0 , Est Remaining: 436.2
90 152.7 , Est Remaining: 434.4
91 154.4 , Est Remaining: 432.7
92 156.1 , Est Remaining: 431.1
93 157.8 , Est Remaining: 429.3
94 159.5 , Est Remaining: 427.5
95 161.1 , Est Remaining: 425.7
96 162.8 , Est Remaining: 424.0
97 164.5 , Est Remaining: 422.2
98 166.1 , Est Remaining: 420.4
99 167.8 , Est Remaining: 418.5
100 169.4 , Est Remaining: 416.7
101 171.0 , Est Remaining: 414.8
102 172.6 , Est Remaining: 413.0
103 174.4 , Est Remaining: 411.3
104 176.0 , Est Remaining: 409.5
105 177.6 , Est Remaining: 407.7
106 179.2 , Est Remaining: 405.8
107 180.8 , Est Remaining: 403.9
108 182.5 , Est Remaining: 402.1
109 184.1 , Est Remaining: 400.3
110 185.7 , Est Remaining: 398.4
111 187.3 , Est Remaining: 396.6
112 188.9 , Est Remaining: 394.7
113 190.5 , Est Remaining: 392.9
114 192.2 , Est Remaining: 391.0
115 193.7 , Est Remaining: 389.2
116 195.3 , Est Remaining: 387.3
117 196.9 , Est Remaining: 385.5
118 198.5 , Est Remaining: 383.6
119 200.1 , Est Remaining: 381.7
EVENT FAILED
119 200.4 , Est Remaining: 382.2
120 202.0 , Est Remaining: 380.4
EVENT FAILED
120 202.3 , Est Remaining: 381.0
121 203.9 , Est Remaining: 379.1
122 205.5 , Est Remaining: 377.2
123 207.0 , Est Remaining: 375.3
124 208.6 , Est Remaining: 373.5
125 210.2 , Est Remaining: 371.6
126 211.7 , Est Remaining: 369.7
127 213.3 , Est Remaining: 367.8
128 214.9 , Est Remaining: 366.0
129 216.5 , Est Remaining: 364.1
130 218.0 , Est Remaining: 362.3
131 219.6 , Est Remaining: 360.4
132 221.1 , Est Remaining: 358.5
133 222.7 , Est Remaining: 356.7
134 224.3 , Est Remaining: 354.8
135 225.9 , Est Remaining: 353.0
136 227.4 , Est Remaining: 351.2
137 229.0 , Est Remaining: 349.3
138 230.5 , Est Remaining: 347.5
139 232.1 , Est Remaining: 345.6
140 233.7 , Est Remaining: 343.9
141 235.3 , Est Remaining: 342.0
142 236.8 , Est Remaining: 340.2
143 238.4 , Est Remaining: 338.4
144 239.9 , Est Remaining: 336.6
145 241.5 , Est Remaining: 334.8
EVENT FAILED
145 241.8 , Est Remaining: 335.2
146 243.4 , Est Remaining: 333.4
147 244.9 , Est Remaining: 331.6
EVENT FAILED
147 245.3 , Est Remaining: 332.1
148 246.9 , Est Remaining: 330.3
149 248.5 , Est Remaining: 328.5
150 250.0 , Est Remaining: 326.7
151 251.6 , Est Remaining: 324.9
152 253.1 , Est Remaining: 323.1
153 254.7 , Est Remaining: 321.3
154 256.2 , Est Remaining: 319.5
155 257.8 , Est Remaining: 317.7
156 259.4 , Est Remaining: 315.9
157 261.0 , Est Remaining: 314.2
158 262.6 , Est Remaining: 312.5
159 264.2 , Est Remaining: 310.8
160 265.8 , Est Remaining: 309.0
161 267.4 , Est Remaining: 307.3
162 269.0 , Est Remaining: 305.6
163 270.7 , Est Remaining: 303.9
164 272.3 , Est Remaining: 302.2
165 273.9 , Est Remaining: 300.5
166 275.6 , Est Remaining: 298.8
167 277.2 , Est Remaining: 297.1
168 278.8 , Est Remaining: 295.4
169 280.5 , Est Remaining: 293.7
170 282.1 , Est Remaining: 292.1
171 283.8 , Est Remaining: 290.4
172 285.5 , Est Remaining: 288.8
173 287.1 , Est Remaining: 287.1
174 288.8 , Est Remaining: 285.4
175 290.4 , Est Remaining: 283.8
176 292.1 , Est Remaining: 282.2
177 293.8 , Est Remaining: 280.6
178 295.5 , Est Remaining: 278.9
179 297.2 , Est Remaining: 277.3
180 298.9 , Est Remaining: 275.6
181 300.6 , Est Remaining: 274.0
182 302.2 , Est Remaining: 272.4
183 304.0 , Est Remaining: 270.7
184 305.6 , Est Remaining: 269.1
185 307.3 , Est Remaining: 267.4
186 308.9 , Est Remaining: 265.8
187 310.6 , Est Remaining: 264.1
188 312.3 , Est Remaining: 262.5
189 314.0 , Est Remaining: 260.8
190 315.7 , Est Remaining: 259.2
191 317.4 , Est Remaining: 257.6
192 319.0 , Est Remaining: 255.9
193 320.7 , Est Remaining: 254.3
194 322.4 , Est Remaining: 252.6
195 324.1 , Est Remaining: 251.0
196 325.8 , Est Remaining: 249.3
197 327.5 , Est Remaining: 247.7
198 329.2 , Est Remaining: 246.1
199 330.9 , Est Remaining: 244.4
200 332.6 , Est Remaining: 242.8
201 334.3 , Est Remaining: 241.1
202 336.0 , Est Remaining: 239.5
203 337.7 , Est Remaining: 237.9
204 339.4 , Est Remaining: 236.3
205 341.1 , Est Remaining: 234.6
206 342.8 , Est Remaining: 232.9
207 344.5 , Est Remaining: 231.3
208 346.1 , Est Remaining: 229.7
209 347.8 , Est Remaining: 228.0
210 349.5 , Est Remaining: 226.3
211 351.2 , Est Remaining: 224.7
212 352.9 , Est Remaining: 223.1
213 354.6 , Est Remaining: 221.4
EVENT FAILED
213 354.9 , Est Remaining: 221.6
214 356.6 , Est Remaining: 219.9
215 358.2 , Est Remaining: 218.3
EVENT FAILED
215 358.6 , Est Remaining: 218.5
216 360.2 , Est Remaining: 216.8
217 361.9 , Est Remaining: 215.2
218 363.6 , Est Remaining: 213.5
219 365.3 , Est Remaining: 211.8
220 367.0 , Est Remaining: 210.2
221 368.7 , Est Remaining: 208.5
222 370.3 , Est Remaining: 206.9
223 372.0 , Est Remaining: 205.2
224 373.7 , Est Remaining: 203.5
225 375.4 , Est Remaining: 201.9
226 377.0 , Est Remaining: 200.2
227 378.7 , Est Remaining: 198.6
228 380.4 , Est Remaining: 196.9
229 382.1 , Est Remaining: 195.2
230 383.8 , Est Remaining: 193.6
231 385.5 , Est Remaining: 191.9
232 387.2 , Est Remaining: 190.3
233 388.9 , Est Remaining: 188.6
234 390.5 , Est Remaining: 186.9
235 392.2 , Est Remaining: 185.2
236 393.9 , Est Remaining: 183.6
237 395.5 , Est Remaining: 181.9
238 397.2 , Est Remaining: 180.2
239 398.9 , Est Remaining: 178.6
240 400.6 , Est Remaining: 176.9
241 402.3 , Est Remaining: 175.3
242 403.9 , Est Remaining: 173.6
243 405.6 , Est Remaining: 171.9
244 407.3 , Est Remaining: 170.3
245 409.0 , Est Remaining: 168.6
246 410.7 , Est Remaining: 166.9
247 412.3 , Est Remaining: 165.3
248 414.0 , Est Remaining: 163.6
249 415.7 , Est Remaining: 161.9
250 417.4 , Est Remaining: 160.3
251 419.1 , Est Remaining: 158.6
252 420.8 , Est Remaining: 157.0
253 422.4 , Est Remaining: 155.3
254 424.1 , Est Remaining: 153.6
255 425.8 , Est Remaining: 152.0
256 427.5 , Est Remaining: 150.3
257 429.1 , Est Remaining: 148.6
258 430.8 , Est Remaining: 146.9
259 432.5 , Est Remaining: 145.3
260 434.2 , Est Remaining: 143.6
261 435.9 , Est Remaining: 142.0
262 437.6 , Est Remaining: 140.3
263 439.2 , Est Remaining: 138.6
264 440.9 , Est Remaining: 137.0
265 442.6 , Est Remaining: 135.3
266 444.4 , Est Remaining: 133.6
267 446.0 , Est Remaining: 132.0
268 447.7 , Est Remaining: 130.3
269 449.4 , Est Remaining: 128.6
270 451.1 , Est Remaining: 127.0
271 452.8 , Est Remaining: 125.3
272 454.5 , Est Remaining: 123.6
273 456.1 , Est Remaining: 122.0
274 457.6 , Est Remaining: 120.3
275 459.3 , Est Remaining: 118.6
276 461.0 , Est Remaining: 116.9
277 462.7 , Est Remaining: 115.3
278 464.4 , Est Remaining: 113.6
279 466.0 , Est Remaining: 111.9
280 467.7 , Est Remaining: 110.2
281 469.3 , Est Remaining: 108.6
282 471.0 , Est Remaining: 106.9
283 472.6 , Est Remaining: 105.2
284 474.3 , Est Remaining: 103.5
285 475.9 , Est Remaining: 101.9
286 477.6 , Est Remaining: 100.2
287 479.3 , Est Remaining: 98.5
288 480.9 , Est Remaining: 96.8
289 482.6 , Est Remaining: 95.2
290 484.2 , Est Remaining: 93.5
291 485.8 , Est Remaining: 91.8
292 487.5 , Est Remaining: 90.1
293 489.1 , Est Remaining: 88.5
294 490.8 , Est Remaining: 86.8
295 492.4 , Est Remaining: 85.1
296 494.0 , Est Remaining: 83.4
EVENT FAILED
296 494.3 , Est Remaining: 83.5
297 495.9 , Est Remaining: 81.8
298 497.5 , Est Remaining: 80.1
299 499.2 , Est Remaining: 78.5
300 500.8 , Est Remaining: 76.8
301 502.4 , Est Remaining: 75.1
302 504.2 , Est Remaining: 73.5
303 505.8 , Est Remaining: 71.8
304 507.4 , Est Remaining: 70.1
305 509.0 , Est Remaining: 68.4
306 510.7 , Est Remaining: 66.8
307 512.3 , Est Remaining: 65.1
308 514.0 , Est Remaining: 63.4
309 515.6 , Est Remaining: 61.7
310 517.2 , Est Remaining: 60.1
311 518.8 , Est Remaining: 58.4
EVENT FAILED
311 519.2 , Est Remaining: 58.4
EVENT FAILED
311 519.5 , Est Remaining: 58.5
312 521.1 , Est Remaining: 56.8
313 522.7 , Est Remaining: 55.1
314 524.4 , Est Remaining: 53.4
315 526.0 , Est Remaining: 51.8
316 527.6 , Est Remaining: 50.1
EVENT FAILED
316 527.9 , Est Remaining: 50.1
317 529.5 , Est Remaining: 48.4
318 531.2 , Est Remaining: 46.8
319 532.8 , Est Remaining: 45.1
320 534.4 , Est Remaining: 43.4
321 536.0 , Est Remaining: 41.7
322 537.7 , Est Remaining: 40.1
323 539.3 , Est Remaining: 38.4
324 540.9 , Est Remaining: 36.7
325 542.5 , Est Remaining: 35.1
326 544.2 , Est Remaining: 33.4
327 545.8 , Est Remaining: 31.7
328 547.4 , Est Remaining: 30.0
EVENT FAILED
328 547.7 , Est Remaining: 30.1
329 549.4 , Est Remaining: 28.4
330 551.0 , Est Remaining: 26.7
331 552.6 , Est Remaining: 25.0
