Note: NumExpr detected 32 cores but "NUMEXPR_MAX_THREADS" not set, so enforcing safe limit of 8.
Using selector: EpollSelector
/n/home02/jhaefner/miniconda/envs/IC-3.7-2020-06-16/lib/python3.7/site-packages/scipy/optimize/minpack.py:808: OptimizeWarning: Covariance of the parameters could not be estimated
  category=OptimizeWarning)
Total rwfs: 346
0 0.0 , Est Remaining: 999999.9
1 1.4 , Est Remaining: 489.5
2 2.8 , Est Remaining: 485.7
3 4.3 , Est Remaining: 487.1
4 5.7 , Est Remaining: 484.0
5 7.1 , Est Remaining: 481.4
6 8.4 , Est Remaining: 478.1
7 9.8 , Est Remaining: 475.0
8 11.2 , Est Remaining: 472.9
9 12.6 , Est Remaining: 470.8
10 14.0 , Est Remaining: 469.1
11 15.3 , Est Remaining: 467.4
12 16.7 , Est Remaining: 465.6
13 18.1 , Est Remaining: 463.9
14 19.5 , Est Remaining: 462.0
15 20.8 , Est Remaining: 459.9
16 22.2 , Est Remaining: 458.2
17 23.6 , Est Remaining: 456.4
18 25.0 , Est Remaining: 454.8
19 26.3 , Est Remaining: 452.9
20 27.7 , Est Remaining: 451.7
21 29.1 , Est Remaining: 450.5
22 30.5 , Est Remaining: 449.4
EVENT FAILED
22 30.8 , Est Remaining: 453.9
23 32.2 , Est Remaining: 452.2
24 33.6 , Est Remaining: 450.5
25 35.0 , Est Remaining: 448.9
26 36.3 , Est Remaining: 447.2
27 37.7 , Est Remaining: 445.8
28 39.1 , Est Remaining: 444.2
29 40.5 , Est Remaining: 442.7
30 41.9 , Est Remaining: 441.3
31 43.3 , Est Remaining: 439.8
32 44.7 , Est Remaining: 438.3
33 46.1 , Est Remaining: 436.9
34 47.4 , Est Remaining: 435.3
35 48.8 , Est Remaining: 434.0
36 50.3 , Est Remaining: 432.8
37 51.7 , Est Remaining: 431.5
38 53.1 , Est Remaining: 430.2
39 54.5 , Est Remaining: 429.0
40 55.9 , Est Remaining: 427.8
41 57.3 , Est Remaining: 426.6
42 58.8 , Est Remaining: 425.3
43 60.1 , Est Remaining: 423.8
44 61.5 , Est Remaining: 422.3
45 62.9 , Est Remaining: 420.9
46 64.3 , Est Remaining: 419.5
47 65.7 , Est Remaining: 418.1
48 67.1 , Est Remaining: 416.9
49 68.6 , Est Remaining: 415.5
50 70.0 , Est Remaining: 414.3
51 71.4 , Est Remaining: 412.9
52 72.8 , Est Remaining: 411.6
53 74.2 , Est Remaining: 410.2
54 75.6 , Est Remaining: 408.7
55 77.0 , Est Remaining: 407.2
56 78.4 , Est Remaining: 405.9
57 79.8 , Est Remaining: 404.4
58 81.2 , Est Remaining: 403.0
59 82.6 , Est Remaining: 401.6
60 84.0 , Est Remaining: 400.2
61 85.4 , Est Remaining: 398.8
62 86.8 , Est Remaining: 397.4
63 88.2 , Est Remaining: 396.0
64 89.6 , Est Remaining: 394.6
EVENT FAILED
64 89.9 , Est Remaining: 396.0
65 91.3 , Est Remaining: 394.5
66 92.6 , Est Remaining: 393.0
67 94.0 , Est Remaining: 391.6
68 95.4 , Est Remaining: 390.1
69 96.8 , Est Remaining: 388.7
70 98.2 , Est Remaining: 387.3
71 99.7 , Est Remaining: 386.0
72 101.1 , Est Remaining: 384.6
73 102.5 , Est Remaining: 383.4
74 103.9 , Est Remaining: 382.0
75 105.4 , Est Remaining: 380.8
76 106.8 , Est Remaining: 379.5
77 108.3 , Est Remaining: 378.2
78 109.7 , Est Remaining: 376.9
79 111.1 , Est Remaining: 375.6
80 112.6 , Est Remaining: 374.3
81 114.0 , Est Remaining: 373.0
82 115.4 , Est Remaining: 371.6
83 116.9 , Est Remaining: 370.3
84 118.3 , Est Remaining: 369.0
85 119.7 , Est Remaining: 367.7
86 121.2 , Est Remaining: 366.3
EVENT FAILED
86 121.5 , Est Remaining: 367.2
87 122.9 , Est Remaining: 365.9
88 124.3 , Est Remaining: 364.6
89 125.8 , Est Remaining: 363.2
EVENT FAILED
89 126.1 , Est Remaining: 364.1
90 127.5 , Est Remaining: 362.7
EVENT FAILED
90 127.8 , Est Remaining: 363.6
EVENT FAILED
90 128.1 , Est Remaining: 364.5
91 129.6 , Est Remaining: 363.1
92 131.0 , Est Remaining: 361.7
93 132.5 , Est Remaining: 360.4
94 133.9 , Est Remaining: 358.9
95 135.3 , Est Remaining: 357.5
96 136.7 , Est Remaining: 356.0
97 138.2 , Est Remaining: 354.7
98 139.6 , Est Remaining: 353.2
99 141.0 , Est Remaining: 351.8
100 142.5 , Est Remaining: 350.5
EVENT FAILED
100 142.8 , Est Remaining: 351.2
101 144.2 , Est Remaining: 349.8
102 145.6 , Est Remaining: 348.3
103 147.1 , Est Remaining: 347.1
104 148.6 , Est Remaining: 345.7
105 150.0 , Est Remaining: 344.2
106 151.4 , Est Remaining: 342.8
107 152.8 , Est Remaining: 341.4
108 154.3 , Est Remaining: 340.0
109 155.7 , Est Remaining: 338.5
110 157.1 , Est Remaining: 337.1
111 158.6 , Est Remaining: 335.7
112 160.0 , Est Remaining: 334.4
113 161.5 , Est Remaining: 333.0
114 163.0 , Est Remaining: 331.6
115 164.4 , Est Remaining: 330.2
116 165.8 , Est Remaining: 328.8
117 167.3 , Est Remaining: 327.4
EVENT FAILED
117 167.6 , Est Remaining: 328.0
118 169.0 , Est Remaining: 326.5
119 170.5 , Est Remaining: 325.2
120 171.9 , Est Remaining: 323.7
121 173.3 , Est Remaining: 322.3
122 174.7 , Est Remaining: 320.8
123 176.2 , Est Remaining: 319.4
124 177.6 , Est Remaining: 317.9
125 179.0 , Est Remaining: 316.5
126 180.4 , Est Remaining: 315.1
127 181.9 , Est Remaining: 313.6
128 183.2 , Est Remaining: 312.0
129 184.6 , Est Remaining: 310.5
130 186.0 , Est Remaining: 309.1
131 187.4 , Est Remaining: 307.6
132 188.9 , Est Remaining: 306.2
133 190.3 , Est Remaining: 304.8
134 191.8 , Est Remaining: 303.4
135 193.3 , Est Remaining: 302.1
136 194.7 , Est Remaining: 300.7
137 196.2 , Est Remaining: 299.3
138 197.7 , Est Remaining: 297.9
139 199.1 , Est Remaining: 296.6
140 200.6 , Est Remaining: 295.2
141 202.1 , Est Remaining: 293.8
142 203.5 , Est Remaining: 292.4
143 205.0 , Est Remaining: 291.0
144 206.4 , Est Remaining: 289.6
145 207.9 , Est Remaining: 288.2
146 209.4 , Est Remaining: 286.8
147 210.9 , Est Remaining: 285.4
148 212.3 , Est Remaining: 284.1
149 213.8 , Est Remaining: 282.6
150 215.2 , Est Remaining: 281.2
151 216.7 , Est Remaining: 279.8
152 218.1 , Est Remaining: 278.4
153 219.6 , Est Remaining: 277.0
154 221.0 , Est Remaining: 275.6
155 222.5 , Est Remaining: 274.2
156 223.9 , Est Remaining: 272.7
157 225.4 , Est Remaining: 271.3
158 226.8 , Est Remaining: 269.8
159 228.2 , Est Remaining: 268.4
160 229.7 , Est Remaining: 267.0
161 231.1 , Est Remaining: 265.6
162 232.5 , Est Remaining: 264.1
163 233.9 , Est Remaining: 262.7
164 235.4 , Est Remaining: 261.2
165 236.8 , Est Remaining: 259.8
166 238.3 , Est Remaining: 258.4
167 239.7 , Est Remaining: 256.9
168 241.1 , Est Remaining: 255.5
169 242.5 , Est Remaining: 254.0
170 244.0 , Est Remaining: 252.6
171 245.4 , Est Remaining: 251.1
172 246.8 , Est Remaining: 249.7
173 248.3 , Est Remaining: 248.3
174 249.7 , Est Remaining: 246.8
175 251.1 , Est Remaining: 245.4
176 252.6 , Est Remaining: 244.0
177 254.1 , Est Remaining: 242.6
178 255.5 , Est Remaining: 241.1
179 256.9 , Est Remaining: 239.7
180 258.4 , Est Remaining: 238.3
181 259.8 , Est Remaining: 236.8
182 261.3 , Est Remaining: 235.4
183 262.7 , Est Remaining: 234.0
184 264.2 , Est Remaining: 232.6
185 265.6 , Est Remaining: 231.2
186 267.1 , Est Remaining: 229.8
187 268.5 , Est Remaining: 228.3
188 270.0 , Est Remaining: 226.9
189 271.4 , Est Remaining: 225.5
190 272.9 , Est Remaining: 224.1
191 274.4 , Est Remaining: 222.6
192 275.8 , Est Remaining: 221.2
193 277.3 , Est Remaining: 219.8
194 278.7 , Est Remaining: 218.4
195 280.2 , Est Remaining: 216.9
196 281.6 , Est Remaining: 215.5
197 283.1 , Est Remaining: 214.1
198 284.5 , Est Remaining: 212.7
199 286.0 , Est Remaining: 211.2
200 287.4 , Est Remaining: 209.8
201 288.9 , Est Remaining: 208.4
202 290.3 , Est Remaining: 207.0
203 291.9 , Est Remaining: 205.6
204 293.3 , Est Remaining: 204.2
205 294.8 , Est Remaining: 202.8
206 296.2 , Est Remaining: 201.3
207 297.7 , Est Remaining: 199.9
208 299.1 , Est Remaining: 198.5
209 300.5 , Est Remaining: 197.0
210 302.0 , Est Remaining: 195.6
EVENT FAILED
210 302.3 , Est Remaining: 195.8
211 303.7 , Est Remaining: 194.3
212 305.2 , Est Remaining: 192.9
213 306.7 , Est Remaining: 191.5
214 308.1 , Est Remaining: 190.1
215 309.6 , Est Remaining: 188.6
216 311.0 , Est Remaining: 187.2
217 312.5 , Est Remaining: 185.8
218 313.9 , Est Remaining: 184.3
219 315.3 , Est Remaining: 182.9
220 316.8 , Est Remaining: 181.4
221 318.2 , Est Remaining: 180.0
222 319.6 , Est Remaining: 178.5
223 321.0 , Est Remaining: 177.1
224 322.5 , Est Remaining: 175.6
225 323.9 , Est Remaining: 174.2
226 325.3 , Est Remaining: 172.7
227 326.8 , Est Remaining: 171.3
228 328.2 , Est Remaining: 169.8
229 329.6 , Est Remaining: 168.4
230 331.0 , Est Remaining: 167.0
231 332.5 , Est Remaining: 165.5
232 333.9 , Est Remaining: 164.1
233 335.3 , Est Remaining: 162.6
234 336.8 , Est Remaining: 161.2
235 338.2 , Est Remaining: 159.8
236 339.7 , Est Remaining: 158.3
237 341.1 , Est Remaining: 156.9
238 342.6 , Est Remaining: 155.5
239 344.0 , Est Remaining: 154.0
240 345.5 , Est Remaining: 152.6
241 346.9 , Est Remaining: 151.1
242 348.4 , Est Remaining: 149.7
243 349.8 , Est Remaining: 148.3
244 351.2 , Est Remaining: 146.8
245 352.7 , Est Remaining: 145.4
246 354.1 , Est Remaining: 144.0
247 355.6 , Est Remaining: 142.5
248 357.0 , Est Remaining: 141.1
249 358.5 , Est Remaining: 139.7
250 359.9 , Est Remaining: 138.2
251 361.4 , Est Remaining: 136.8
252 362.8 , Est Remaining: 135.3
253 364.3 , Est Remaining: 133.9
254 365.7 , Est Remaining: 132.5
255 367.2 , Est Remaining: 131.0
EVENT FAILED
255 367.5 , Est Remaining: 131.1
256 368.9 , Est Remaining: 129.7
257 370.4 , Est Remaining: 128.3
258 371.8 , Est Remaining: 126.8
259 373.3 , Est Remaining: 125.4
260 374.7 , Est Remaining: 123.9
261 376.1 , Est Remaining: 122.5
262 377.4 , Est Remaining: 121.0
263 378.9 , Est Remaining: 119.6
264 380.4 , Est Remaining: 118.1
265 381.8 , Est Remaining: 116.7
266 383.3 , Est Remaining: 115.3
267 384.7 , Est Remaining: 113.8
268 386.2 , Est Remaining: 112.4
269 387.6 , Est Remaining: 111.0
270 389.1 , Est Remaining: 109.5
271 390.5 , Est Remaining: 108.1
272 392.0 , Est Remaining: 106.6
273 393.4 , Est Remaining: 105.2
274 394.9 , Est Remaining: 103.8
275 396.3 , Est Remaining: 102.3
276 397.8 , Est Remaining: 100.9
277 399.2 , Est Remaining: 99.4
278 400.7 , Est Remaining: 98.0
279 402.1 , Est Remaining: 96.6
280 403.6 , Est Remaining: 95.1
281 405.0 , Est Remaining: 93.7
282 406.5 , Est Remaining: 92.2
283 407.9 , Est Remaining: 90.8
284 409.3 , Est Remaining: 89.4
285 410.8 , Est Remaining: 87.9
286 412.2 , Est Remaining: 86.5
287 413.7 , Est Remaining: 85.0
288 415.1 , Est Remaining: 83.6
289 416.5 , Est Remaining: 82.2
290 418.0 , Est Remaining: 80.7
291 419.4 , Est Remaining: 79.3
292 420.8 , Est Remaining: 77.8
293 422.3 , Est Remaining: 76.4
EVENT FAILED
293 422.6 , Est Remaining: 76.4
294 424.0 , Est Remaining: 75.0
295 425.5 , Est Remaining: 73.6
296 426.9 , Est Remaining: 72.1
297 428.3 , Est Remaining: 70.7
298 429.7 , Est Remaining: 69.2
299 431.1 , Est Remaining: 67.8
EVENT FAILED
299 431.4 , Est Remaining: 67.8
300 432.8 , Est Remaining: 66.4
301 434.3 , Est Remaining: 64.9
302 435.8 , Est Remaining: 63.5
303 437.2 , Est Remaining: 62.1
304 438.6 , Est Remaining: 60.6
305 440.0 , Est Remaining: 59.2
306 441.5 , Est Remaining: 57.7
307 442.9 , Est Remaining: 56.3
308 444.2 , Est Remaining: 54.8
309 445.6 , Est Remaining: 53.4
310 447.1 , Est Remaining: 51.9
311 448.4 , Est Remaining: 50.5
312 449.8 , Est Remaining: 49.0
313 451.2 , Est Remaining: 47.6
314 452.6 , Est Remaining: 46.1
315 453.9 , Est Remaining: 44.7
316 455.3 , Est Remaining: 43.2
317 456.7 , Est Remaining: 41.8
318 458.1 , Est Remaining: 40.3
319 459.5 , Est Remaining: 38.9
EVENT FAILED
319 460.6 , Est Remaining: 39.0
320 462.0 , Est Remaining: 37.5
321 463.4 , Est Remaining: 36.1
322 464.7 , Est Remaining: 34.6
323 466.1 , Est Remaining: 33.2
324 467.5 , Est Remaining: 31.7
325 468.9 , Est Remaining: 30.3
326 470.2 , Est Remaining: 28.8
327 471.6 , Est Remaining: 27.4
328 473.0 , Est Remaining: 26.0
329 474.4 , Est Remaining: 24.5
330 475.7 , Est Remaining: 23.1
331 477.1 , Est Remaining: 21.6
332 478.5 , Est Remaining: 20.2
