Note: NumExpr detected 32 cores but "NUMEXPR_MAX_THREADS" not set, so enforcing safe limit of 8.
Using selector: EpollSelector
/n/home02/jhaefner/miniconda/envs/IC-3.7-2020-06-16/lib/python3.7/site-packages/scipy/optimize/minpack.py:808: OptimizeWarning: Covariance of the parameters could not be estimated
  category=OptimizeWarning)
Total rwfs: 346
0 0.0 , Est Remaining: 999999.9
1 1.5 , Est Remaining: 503.3
2 2.9 , Est Remaining: 502.6
3 4.4 , Est Remaining: 503.7
4 5.9 , Est Remaining: 501.2
EVENT FAILED
4 6.2 , Est Remaining: 531.4
5 7.7 , Est Remaining: 522.8
6 9.1 , Est Remaining: 513.3
7 10.5 , Est Remaining: 508.3
8 11.9 , Est Remaining: 504.5
9 13.4 , Est Remaining: 503.1
10 14.9 , Est Remaining: 501.4
11 16.4 , Est Remaining: 498.9
12 17.9 , Est Remaining: 496.8
13 19.3 , Est Remaining: 494.6
14 20.8 , Est Remaining: 492.6
15 22.2 , Est Remaining: 491.0
16 23.7 , Est Remaining: 489.1
17 25.2 , Est Remaining: 487.3
18 26.6 , Est Remaining: 485.6
19 28.1 , Est Remaining: 484.0
20 29.6 , Est Remaining: 482.5
21 31.1 , Est Remaining: 480.8
22 32.5 , Est Remaining: 478.9
23 33.9 , Est Remaining: 476.5
24 35.4 , Est Remaining: 474.4
25 36.8 , Est Remaining: 472.7
26 38.2 , Est Remaining: 470.5
27 39.7 , Est Remaining: 468.7
28 41.1 , Est Remaining: 467.1
29 42.6 , Est Remaining: 465.4
30 44.0 , Est Remaining: 463.6
EVENT FAILED
30 44.3 , Est Remaining: 466.8
31 45.8 , Est Remaining: 465.3
32 47.3 , Est Remaining: 463.7
33 48.7 , Est Remaining: 462.1
34 50.2 , Est Remaining: 460.4
35 51.7 , Est Remaining: 459.0
36 53.1 , Est Remaining: 457.2
37 54.6 , Est Remaining: 455.6
38 56.0 , Est Remaining: 453.8
39 57.5 , Est Remaining: 452.3
40 58.9 , Est Remaining: 450.5
41 60.3 , Est Remaining: 448.9
42 61.8 , Est Remaining: 447.3
43 63.2 , Est Remaining: 445.6
44 64.7 , Est Remaining: 444.0
45 66.2 , Est Remaining: 442.5
46 67.6 , Est Remaining: 440.9
47 69.0 , Est Remaining: 439.3
48 70.5 , Est Remaining: 437.7
49 72.0 , Est Remaining: 436.2
50 73.4 , Est Remaining: 434.7
51 74.9 , Est Remaining: 433.3
52 76.4 , Est Remaining: 431.7
53 77.8 , Est Remaining: 430.3
54 79.3 , Est Remaining: 428.8
55 80.7 , Est Remaining: 427.2
56 82.2 , Est Remaining: 425.6
57 83.7 , Est Remaining: 424.1
58 85.1 , Est Remaining: 422.6
59 86.6 , Est Remaining: 421.1
60 88.0 , Est Remaining: 419.6
61 89.5 , Est Remaining: 418.1
62 91.0 , Est Remaining: 416.6
63 92.4 , Est Remaining: 415.1
EVENT FAILED
63 92.7 , Est Remaining: 416.5
64 94.1 , Est Remaining: 414.8
65 95.6 , Est Remaining: 413.2
66 97.0 , Est Remaining: 411.6
EVENT FAILED
66 97.3 , Est Remaining: 412.9
67 98.8 , Est Remaining: 411.2
68 100.2 , Est Remaining: 409.6
69 101.6 , Est Remaining: 408.0
70 103.1 , Est Remaining: 406.3
71 104.6 , Est Remaining: 405.0
72 106.0 , Est Remaining: 403.4
73 107.4 , Est Remaining: 401.8
74 108.9 , Est Remaining: 400.3
75 110.3 , Est Remaining: 398.7
76 111.8 , Est Remaining: 397.1
77 113.3 , Est Remaining: 395.7
78 114.7 , Est Remaining: 394.1
79 116.2 , Est Remaining: 392.6
80 117.6 , Est Remaining: 391.1
81 119.1 , Est Remaining: 389.7
82 120.6 , Est Remaining: 388.1
83 122.0 , Est Remaining: 386.6
84 123.5 , Est Remaining: 385.2
85 125.0 , Est Remaining: 383.7
86 126.4 , Est Remaining: 382.1
87 127.8 , Est Remaining: 380.6
88 129.3 , Est Remaining: 379.1
89 130.7 , Est Remaining: 377.5
90 132.2 , Est Remaining: 376.0
91 133.6 , Est Remaining: 374.4
92 135.1 , Est Remaining: 372.9
93 136.5 , Est Remaining: 371.4
94 137.9 , Est Remaining: 369.8
95 139.4 , Est Remaining: 368.2
96 140.8 , Est Remaining: 366.8
97 142.3 , Est Remaining: 365.2
98 143.7 , Est Remaining: 363.7
99 145.1 , Est Remaining: 362.1
100 146.6 , Est Remaining: 360.6
101 148.0 , Est Remaining: 359.1
102 149.5 , Est Remaining: 357.6
103 151.0 , Est Remaining: 356.3
104 152.4 , Est Remaining: 354.7
105 153.9 , Est Remaining: 353.2
106 155.4 , Est Remaining: 351.8
107 156.8 , Est Remaining: 350.3
108 158.3 , Est Remaining: 348.8
109 159.7 , Est Remaining: 347.3
110 161.2 , Est Remaining: 345.9
111 162.7 , Est Remaining: 344.4
112 164.1 , Est Remaining: 342.9
113 165.6 , Est Remaining: 341.5
114 167.1 , Est Remaining: 340.0
EVENT FAILED
114 167.4 , Est Remaining: 340.6
115 168.8 , Est Remaining: 339.1
116 170.3 , Est Remaining: 337.7
117 171.8 , Est Remaining: 336.2
118 173.2 , Est Remaining: 334.7
119 174.7 , Est Remaining: 333.2
120 176.1 , Est Remaining: 331.7
121 177.6 , Est Remaining: 330.2
122 179.0 , Est Remaining: 328.7
123 180.4 , Est Remaining: 327.1
124 181.9 , Est Remaining: 325.6
125 183.3 , Est Remaining: 324.1
126 184.7 , Est Remaining: 322.5
127 186.1 , Est Remaining: 321.0
128 187.5 , Est Remaining: 319.4
129 188.9 , Est Remaining: 317.8
130 190.3 , Est Remaining: 316.2
131 191.7 , Est Remaining: 314.7
132 193.1 , Est Remaining: 313.1
133 194.5 , Est Remaining: 311.5
134 195.9 , Est Remaining: 309.9
135 197.3 , Est Remaining: 308.4
136 198.7 , Est Remaining: 306.8
137 200.1 , Est Remaining: 305.2
138 201.5 , Est Remaining: 303.6
139 202.8 , Est Remaining: 302.1
140 204.2 , Est Remaining: 300.5
141 205.6 , Est Remaining: 298.9
142 207.0 , Est Remaining: 297.4
EVENT FAILED
142 207.3 , Est Remaining: 297.8
143 208.7 , Est Remaining: 296.3
144 210.1 , Est Remaining: 294.7
145 211.5 , Est Remaining: 293.1
146 212.9 , Est Remaining: 291.6
147 214.3 , Est Remaining: 290.1
148 215.7 , Est Remaining: 288.5
149 217.1 , Est Remaining: 287.0
150 218.4 , Est Remaining: 285.4
151 219.8 , Est Remaining: 283.9
152 221.2 , Est Remaining: 282.4
153 222.6 , Est Remaining: 280.8
154 224.0 , Est Remaining: 279.3
155 225.4 , Est Remaining: 277.8
156 226.8 , Est Remaining: 276.3
157 228.2 , Est Remaining: 274.7
158 229.6 , Est Remaining: 273.2
159 231.0 , Est Remaining: 271.7
160 232.4 , Est Remaining: 270.1
161 233.8 , Est Remaining: 268.6
EVENT FAILED
161 234.1 , Est Remaining: 269.0
162 235.3 , Est Remaining: 267.3
163 236.7 , Est Remaining: 265.8
164 238.1 , Est Remaining: 264.3
165 239.5 , Est Remaining: 262.8
166 240.9 , Est Remaining: 261.3
167 242.3 , Est Remaining: 259.7
168 243.8 , Est Remaining: 258.3
169 245.1 , Est Remaining: 256.7
170 246.5 , Est Remaining: 255.2
171 247.9 , Est Remaining: 253.7
172 249.3 , Est Remaining: 252.2
173 250.6 , Est Remaining: 250.6
174 252.0 , Est Remaining: 249.1
175 253.4 , Est Remaining: 247.6
176 254.8 , Est Remaining: 246.1
177 256.2 , Est Remaining: 244.6
178 257.6 , Est Remaining: 243.1
179 258.9 , Est Remaining: 241.6
180 260.3 , Est Remaining: 240.1
181 261.7 , Est Remaining: 238.6
182 263.1 , Est Remaining: 237.1
183 264.5 , Est Remaining: 235.6
184 265.9 , Est Remaining: 234.1
185 267.3 , Est Remaining: 232.6
186 268.7 , Est Remaining: 231.2
187 270.1 , Est Remaining: 229.7
188 271.5 , Est Remaining: 228.2
189 272.9 , Est Remaining: 226.7
190 274.4 , Est Remaining: 225.3
191 275.8 , Est Remaining: 223.8
192 277.2 , Est Remaining: 222.3
193 278.6 , Est Remaining: 220.9
194 280.0 , Est Remaining: 219.4
EVENT FAILED
194 280.3 , Est Remaining: 219.6
195 281.7 , Est Remaining: 218.2
196 283.2 , Est Remaining: 216.7
197 284.6 , Est Remaining: 215.3
198 286.1 , Est Remaining: 213.8
199 287.5 , Est Remaining: 212.4
200 288.9 , Est Remaining: 210.9
201 290.4 , Est Remaining: 209.5
202 291.8 , Est Remaining: 208.0
203 293.4 , Est Remaining: 206.7
204 294.8 , Est Remaining: 205.2
EVENT FAILED
204 295.1 , Est Remaining: 205.4
205 296.5 , Est Remaining: 203.9
206 298.0 , Est Remaining: 202.5
207 299.4 , Est Remaining: 201.1
208 300.9 , Est Remaining: 199.6
209 302.3 , Est Remaining: 198.2
210 303.7 , Est Remaining: 196.7
211 305.2 , Est Remaining: 195.2
212 306.6 , Est Remaining: 193.8
213 308.0 , Est Remaining: 192.3
214 309.5 , Est Remaining: 190.9
215 310.9 , Est Remaining: 189.4
216 312.4 , Est Remaining: 188.0
217 313.8 , Est Remaining: 186.6
218 315.3 , Est Remaining: 185.1
219 316.7 , Est Remaining: 183.7
220 318.2 , Est Remaining: 182.2
221 319.6 , Est Remaining: 180.8
222 321.1 , Est Remaining: 179.4
223 322.6 , Est Remaining: 177.9
224 324.0 , Est Remaining: 176.5
225 325.5 , Est Remaining: 175.0
226 327.0 , Est Remaining: 173.6
227 328.4 , Est Remaining: 172.2
228 329.9 , Est Remaining: 170.7
229 331.3 , Est Remaining: 169.3
230 332.8 , Est Remaining: 167.8
231 334.2 , Est Remaining: 166.4
232 335.6 , Est Remaining: 164.9
233 337.1 , Est Remaining: 163.5
234 338.5 , Est Remaining: 162.0
235 339.9 , Est Remaining: 160.6
236 341.4 , Est Remaining: 159.1
237 342.8 , Est Remaining: 157.6
238 344.2 , Est Remaining: 156.2
239 345.7 , Est Remaining: 154.8
240 347.1 , Est Remaining: 153.3
241 348.5 , Est Remaining: 151.9
242 350.0 , Est Remaining: 150.4
243 351.4 , Est Remaining: 149.0
244 352.9 , Est Remaining: 147.5
245 354.3 , Est Remaining: 146.1
246 355.8 , Est Remaining: 144.6
247 357.2 , Est Remaining: 143.2
248 358.7 , Est Remaining: 141.7
249 360.1 , Est Remaining: 140.3
250 361.6 , Est Remaining: 138.9
251 363.0 , Est Remaining: 137.4
252 364.5 , Est Remaining: 136.0
EVENT FAILED
252 364.8 , Est Remaining: 136.1
253 366.3 , Est Remaining: 134.6
254 367.7 , Est Remaining: 133.2
255 369.1 , Est Remaining: 131.7
256 370.6 , Est Remaining: 130.3
257 372.0 , Est Remaining: 128.8
258 373.5 , Est Remaining: 127.4
259 374.9 , Est Remaining: 125.9
260 376.4 , Est Remaining: 124.5
261 377.8 , Est Remaining: 123.0
262 379.2 , Est Remaining: 121.6
263 380.7 , Est Remaining: 120.1
264 382.1 , Est Remaining: 118.7
265 383.5 , Est Remaining: 117.2
266 384.9 , Est Remaining: 115.8
267 386.3 , Est Remaining: 114.3
268 387.7 , Est Remaining: 112.8
269 389.1 , Est Remaining: 111.4
270 390.6 , Est Remaining: 109.9
271 392.0 , Est Remaining: 108.5
272 393.4 , Est Remaining: 107.0
273 394.9 , Est Remaining: 105.6
274 396.3 , Est Remaining: 104.1
275 397.8 , Est Remaining: 102.7
276 399.2 , Est Remaining: 101.2
277 400.7 , Est Remaining: 99.8
278 402.1 , Est Remaining: 98.4
279 403.6 , Est Remaining: 96.9
280 405.0 , Est Remaining: 95.5
281 406.5 , Est Remaining: 94.0
282 407.9 , Est Remaining: 92.6
283 409.4 , Est Remaining: 91.1
284 410.8 , Est Remaining: 89.7
285 412.3 , Est Remaining: 88.2
286 413.7 , Est Remaining: 86.8
287 415.2 , Est Remaining: 85.4
288 416.6 , Est Remaining: 83.9
289 418.1 , Est Remaining: 82.5
290 419.5 , Est Remaining: 81.0
291 421.0 , Est Remaining: 79.6
292 422.4 , Est Remaining: 78.1
293 423.8 , Est Remaining: 76.7
294 425.3 , Est Remaining: 75.2
295 426.7 , Est Remaining: 73.8
296 428.2 , Est Remaining: 72.3
297 429.6 , Est Remaining: 70.9
298 431.0 , Est Remaining: 69.4
299 432.5 , Est Remaining: 68.0
300 433.9 , Est Remaining: 66.5
301 435.3 , Est Remaining: 65.1
302 437.0 , Est Remaining: 63.7
303 438.4 , Est Remaining: 62.2
304 439.9 , Est Remaining: 60.8
305 441.3 , Est Remaining: 59.3
306 442.8 , Est Remaining: 57.9
307 444.2 , Est Remaining: 56.4
308 445.7 , Est Remaining: 55.0
309 447.2 , Est Remaining: 53.5
310 448.6 , Est Remaining: 52.1
311 450.1 , Est Remaining: 50.6
312 451.5 , Est Remaining: 49.2
313 452.9 , Est Remaining: 47.7
314 454.3 , Est Remaining: 46.3
315 455.8 , Est Remaining: 44.9
316 457.2 , Est Remaining: 43.4
317 458.7 , Est Remaining: 42.0
318 460.1 , Est Remaining: 40.5
319 461.6 , Est Remaining: 39.1
320 463.0 , Est Remaining: 37.6
321 464.5 , Est Remaining: 36.2
322 465.9 , Est Remaining: 34.7
323 467.3 , Est Remaining: 33.3
324 468.8 , Est Remaining: 31.8
325 470.2 , Est Remaining: 30.4
326 471.7 , Est Remaining: 28.9
327 473.1 , Est Remaining: 27.5
328 474.5 , Est Remaining: 26.0
329 476.0 , Est Remaining: 24.6
330 477.4 , Est Remaining: 23.1
331 478.8 , Est Remaining: 21.7
332 480.2 , Est Remaining: 20.3
333 481.6 , Est Remaining: 18.8
334 483.0 , Est Remaining: 17.4
335 484.4 , Est Remaining: 15.9
