Note: NumExpr detected 32 cores but "NUMEXPR_MAX_THREADS" not set, so enforcing safe limit of 8.
Using selector: EpollSelector
/n/home02/jhaefner/miniconda/envs/IC-3.7-2020-06-16/lib/python3.7/site-packages/scipy/optimize/minpack.py:808: OptimizeWarning: Covariance of the parameters could not be estimated
  category=OptimizeWarning)
Total rwfs: 346
0 0.0 , Est Remaining: 999999.9
1 1.5 , Est Remaining: 506.0
2 2.9 , Est Remaining: 502.5
3 4.4 , Est Remaining: 504.6
4 5.8 , Est Remaining: 499.9
5 7.3 , Est Remaining: 495.8
6 8.7 , Est Remaining: 492.1
EVENT FAILED
6 9.0 , Est Remaining: 510.2
7 10.4 , Est Remaining: 504.2
8 11.8 , Est Remaining: 499.4
9 13.2 , Est Remaining: 495.0
10 14.6 , Est Remaining: 492.0
11 16.0 , Est Remaining: 488.7
12 17.5 , Est Remaining: 486.2
13 18.9 , Est Remaining: 483.4
14 20.3 , Est Remaining: 481.3
15 21.7 , Est Remaining: 478.9
16 23.1 , Est Remaining: 476.9
17 24.5 , Est Remaining: 474.8
18 26.0 , Est Remaining: 472.9
19 27.4 , Est Remaining: 471.0
20 28.8 , Est Remaining: 469.5
21 30.2 , Est Remaining: 467.8
22 31.7 , Est Remaining: 466.3
23 33.1 , Est Remaining: 464.9
24 34.5 , Est Remaining: 463.4
25 36.0 , Est Remaining: 461.9
26 37.4 , Est Remaining: 460.6
27 38.9 , Est Remaining: 459.1
28 40.3 , Est Remaining: 457.7
29 41.7 , Est Remaining: 456.3
30 43.2 , Est Remaining: 455.0
31 44.6 , Est Remaining: 453.6
32 46.1 , Est Remaining: 452.2
33 47.5 , Est Remaining: 450.7
34 49.0 , Est Remaining: 449.3
35 50.5 , Est Remaining: 448.3
36 51.9 , Est Remaining: 447.0
37 53.3 , Est Remaining: 445.3
38 54.8 , Est Remaining: 444.0
39 56.2 , Est Remaining: 442.5
40 57.7 , Est Remaining: 441.1
41 59.1 , Est Remaining: 439.7
EVENT FAILED
41 59.4 , Est Remaining: 442.1
42 60.9 , Est Remaining: 440.7
43 62.3 , Est Remaining: 439.2
44 63.8 , Est Remaining: 437.8
45 65.3 , Est Remaining: 436.5
46 66.7 , Est Remaining: 435.0
47 68.1 , Est Remaining: 433.5
48 69.6 , Est Remaining: 432.2
49 71.0 , Est Remaining: 430.6
50 72.5 , Est Remaining: 429.1
51 73.9 , Est Remaining: 427.7
52 75.4 , Est Remaining: 426.1
53 76.8 , Est Remaining: 424.6
EVENT FAILED
53 77.1 , Est Remaining: 426.3
54 78.6 , Est Remaining: 424.8
55 80.0 , Est Remaining: 423.3
56 81.5 , Est Remaining: 421.9
57 82.9 , Est Remaining: 420.3
58 84.3 , Est Remaining: 418.8
59 85.8 , Est Remaining: 417.4
60 87.2 , Est Remaining: 415.8
61 88.7 , Est Remaining: 414.2
62 90.1 , Est Remaining: 412.8
63 91.5 , Est Remaining: 411.2
64 93.0 , Est Remaining: 409.7
65 94.4 , Est Remaining: 408.2
66 95.8 , Est Remaining: 406.6
67 97.3 , Est Remaining: 405.0
68 98.7 , Est Remaining: 403.5
69 100.1 , Est Remaining: 401.9
70 101.5 , Est Remaining: 400.3
71 103.0 , Est Remaining: 398.8
72 104.4 , Est Remaining: 397.3
EVENT FAILED
72 104.7 , Est Remaining: 398.5
73 106.1 , Est Remaining: 397.0
74 107.4 , Est Remaining: 394.9
75 108.8 , Est Remaining: 393.3
76 110.3 , Est Remaining: 391.7
77 111.7 , Est Remaining: 390.3
78 113.2 , Est Remaining: 388.8
79 114.6 , Est Remaining: 387.4
80 116.1 , Est Remaining: 386.0
81 117.5 , Est Remaining: 384.5
82 119.0 , Est Remaining: 383.0
83 120.4 , Est Remaining: 381.5
84 121.9 , Est Remaining: 380.1
85 123.3 , Est Remaining: 378.6
86 124.8 , Est Remaining: 377.2
87 126.2 , Est Remaining: 375.8
88 127.7 , Est Remaining: 374.3
EVENT FAILED
88 128.0 , Est Remaining: 375.2
89 129.3 , Est Remaining: 373.5
90 130.8 , Est Remaining: 372.0
91 132.2 , Est Remaining: 370.5
92 133.7 , Est Remaining: 369.1
93 135.1 , Est Remaining: 367.6
94 136.6 , Est Remaining: 366.2
95 138.0 , Est Remaining: 364.7
96 139.5 , Est Remaining: 363.2
97 140.9 , Est Remaining: 361.7
98 142.3 , Est Remaining: 360.1
99 143.7 , Est Remaining: 358.6
100 145.2 , Est Remaining: 357.1
101 146.6 , Est Remaining: 355.6
EVENT FAILED
101 146.9 , Est Remaining: 356.3
102 148.3 , Est Remaining: 354.9
103 149.9 , Est Remaining: 353.5
104 151.3 , Est Remaining: 352.0
105 152.7 , Est Remaining: 350.5
106 154.1 , Est Remaining: 349.0
107 155.6 , Est Remaining: 347.5
108 157.0 , Est Remaining: 346.0
109 158.4 , Est Remaining: 344.5
110 159.9 , Est Remaining: 343.0
111 161.3 , Est Remaining: 341.5
112 162.8 , Est Remaining: 340.0
113 164.2 , Est Remaining: 338.6
114 165.6 , Est Remaining: 337.1
115 167.1 , Est Remaining: 335.6
116 168.5 , Est Remaining: 334.1
117 169.9 , Est Remaining: 332.6
118 171.4 , Est Remaining: 331.2
119 172.9 , Est Remaining: 329.7
120 174.3 , Est Remaining: 328.3
121 175.7 , Est Remaining: 326.8
122 177.2 , Est Remaining: 325.3
123 178.6 , Est Remaining: 323.8
124 180.0 , Est Remaining: 322.3
125 181.5 , Est Remaining: 320.9
126 182.9 , Est Remaining: 319.4
127 184.4 , Est Remaining: 317.9
128 185.8 , Est Remaining: 316.5
129 187.3 , Est Remaining: 315.0
130 188.7 , Est Remaining: 313.5
131 190.1 , Est Remaining: 312.0
132 191.5 , Est Remaining: 310.5
133 193.0 , Est Remaining: 309.0
134 194.4 , Est Remaining: 307.6
135 195.9 , Est Remaining: 306.2
EVENT FAILED
135 196.2 , Est Remaining: 306.7
136 197.6 , Est Remaining: 305.2
137 199.1 , Est Remaining: 303.7
138 200.5 , Est Remaining: 302.2
139 202.0 , Est Remaining: 300.8
140 203.4 , Est Remaining: 299.3
141 204.9 , Est Remaining: 297.9
142 206.3 , Est Remaining: 296.4
143 207.8 , Est Remaining: 295.0
144 209.2 , Est Remaining: 293.5
145 210.7 , Est Remaining: 292.0
146 212.1 , Est Remaining: 290.6
147 213.6 , Est Remaining: 289.1
148 215.0 , Est Remaining: 287.7
149 216.5 , Est Remaining: 286.2
150 217.9 , Est Remaining: 284.7
151 219.4 , Est Remaining: 283.3
152 220.8 , Est Remaining: 281.8
153 222.3 , Est Remaining: 280.4
154 223.7 , Est Remaining: 278.9
155 225.2 , Est Remaining: 277.4
EVENT FAILED
155 225.5 , Est Remaining: 277.8
156 226.9 , Est Remaining: 276.4
157 228.4 , Est Remaining: 274.9
158 229.8 , Est Remaining: 273.5
159 231.3 , Est Remaining: 272.0
160 232.7 , Est Remaining: 270.5
161 234.2 , Est Remaining: 269.1
162 235.6 , Est Remaining: 267.6
163 237.0 , Est Remaining: 266.1
164 238.5 , Est Remaining: 264.7
165 239.9 , Est Remaining: 263.2
166 241.4 , Est Remaining: 261.7
167 242.8 , Est Remaining: 260.3
168 244.3 , Est Remaining: 258.8
169 245.7 , Est Remaining: 257.3
170 247.1 , Est Remaining: 255.9
171 248.6 , Est Remaining: 254.4
172 250.0 , Est Remaining: 252.9
173 251.4 , Est Remaining: 251.4
174 252.8 , Est Remaining: 249.9
EVENT FAILED
174 253.1 , Est Remaining: 250.2
175 254.5 , Est Remaining: 248.7
176 256.0 , Est Remaining: 247.2
177 257.4 , Est Remaining: 245.8
178 258.8 , Est Remaining: 244.3
179 260.2 , Est Remaining: 242.8
180 261.6 , Est Remaining: 241.3
181 263.1 , Est Remaining: 239.8
182 264.5 , Est Remaining: 238.3
183 265.9 , Est Remaining: 236.8
184 267.3 , Est Remaining: 235.4
185 268.7 , Est Remaining: 233.9
186 270.1 , Est Remaining: 232.4
EVENT FAILED
186 270.4 , Est Remaining: 232.6
187 271.8 , Est Remaining: 231.1
188 273.2 , Est Remaining: 229.6
189 274.6 , Est Remaining: 228.1
190 276.0 , Est Remaining: 226.6
191 277.4 , Est Remaining: 225.1
192 278.8 , Est Remaining: 223.6
193 280.2 , Est Remaining: 222.1
194 281.6 , Est Remaining: 220.6
195 283.0 , Est Remaining: 219.1
196 284.3 , Est Remaining: 217.6
197 285.7 , Est Remaining: 216.1
198 287.1 , Est Remaining: 214.6
199 288.5 , Est Remaining: 213.1
200 289.8 , Est Remaining: 211.6
201 291.2 , Est Remaining: 210.1
202 292.6 , Est Remaining: 208.6
EVENT FAILED
202 293.0 , Est Remaining: 208.9
203 294.3 , Est Remaining: 207.3
204 295.7 , Est Remaining: 205.8
205 297.1 , Est Remaining: 204.3
206 298.5 , Est Remaining: 202.8
207 299.8 , Est Remaining: 201.3
208 301.2 , Est Remaining: 199.8
209 302.6 , Est Remaining: 198.3
210 303.9 , Est Remaining: 196.8
211 305.3 , Est Remaining: 195.3
212 306.7 , Est Remaining: 193.8
213 308.0 , Est Remaining: 192.3
214 309.4 , Est Remaining: 190.9
215 310.8 , Est Remaining: 189.4
216 312.1 , Est Remaining: 187.9
217 313.5 , Est Remaining: 186.4
218 314.9 , Est Remaining: 184.9
219 316.3 , Est Remaining: 183.4
220 317.6 , Est Remaining: 181.9
221 319.0 , Est Remaining: 180.4
222 320.4 , Est Remaining: 179.0
223 321.8 , Est Remaining: 177.5
224 323.1 , Est Remaining: 176.0
225 324.5 , Est Remaining: 174.5
226 325.9 , Est Remaining: 173.0
227 327.3 , Est Remaining: 171.6
228 328.7 , Est Remaining: 170.1
229 330.1 , Est Remaining: 168.6
230 331.5 , Est Remaining: 167.2
231 332.9 , Est Remaining: 165.7
232 334.3 , Est Remaining: 164.2
233 335.7 , Est Remaining: 162.8
234 337.1 , Est Remaining: 161.3
235 338.5 , Est Remaining: 159.9
236 339.9 , Est Remaining: 158.4
237 341.3 , Est Remaining: 157.0
238 342.7 , Est Remaining: 155.5
239 344.1 , Est Remaining: 154.0
240 345.5 , Est Remaining: 152.6
241 346.9 , Est Remaining: 151.2
242 348.3 , Est Remaining: 149.7
243 349.7 , Est Remaining: 148.2
EVENT FAILED
243 350.1 , Est Remaining: 148.4
244 351.5 , Est Remaining: 146.9
245 352.9 , Est Remaining: 145.5
246 354.3 , Est Remaining: 144.0
247 355.8 , Est Remaining: 142.6
248 357.2 , Est Remaining: 141.2
249 358.6 , Est Remaining: 139.7
EVENT FAILED
249 358.9 , Est Remaining: 139.8
250 360.4 , Est Remaining: 138.4
251 361.8 , Est Remaining: 136.9
252 363.2 , Est Remaining: 135.5
253 364.6 , Est Remaining: 134.0
254 366.0 , Est Remaining: 132.6
255 367.5 , Est Remaining: 131.1
256 368.9 , Est Remaining: 129.7
257 370.3 , Est Remaining: 128.2
258 371.8 , Est Remaining: 126.8
259 373.2 , Est Remaining: 125.4
260 374.7 , Est Remaining: 123.9
261 376.1 , Est Remaining: 122.5
262 377.6 , Est Remaining: 121.1
263 379.0 , Est Remaining: 119.6
264 380.5 , Est Remaining: 118.2
265 381.9 , Est Remaining: 116.7
266 383.4 , Est Remaining: 115.3
267 384.8 , Est Remaining: 113.9
268 386.3 , Est Remaining: 112.4
269 387.7 , Est Remaining: 111.0
270 389.2 , Est Remaining: 109.6
271 390.7 , Est Remaining: 108.1
272 392.1 , Est Remaining: 106.7
273 393.6 , Est Remaining: 105.3
274 395.1 , Est Remaining: 103.8
275 396.5 , Est Remaining: 102.4
276 398.0 , Est Remaining: 100.9
277 399.5 , Est Remaining: 99.5
278 400.9 , Est Remaining: 98.1
279 402.4 , Est Remaining: 96.6
280 403.8 , Est Remaining: 95.2
281 405.3 , Est Remaining: 93.8
282 406.8 , Est Remaining: 92.3
283 408.2 , Est Remaining: 90.9
284 409.7 , Est Remaining: 89.5
285 411.2 , Est Remaining: 88.0
286 412.6 , Est Remaining: 86.6
287 414.1 , Est Remaining: 85.1
288 415.5 , Est Remaining: 83.7
289 417.0 , Est Remaining: 82.2
290 418.4 , Est Remaining: 80.8
291 419.8 , Est Remaining: 79.4
292 421.3 , Est Remaining: 77.9
293 422.7 , Est Remaining: 76.5
294 424.2 , Est Remaining: 75.0
295 425.6 , Est Remaining: 73.6
296 427.1 , Est Remaining: 72.1
297 428.6 , Est Remaining: 70.7
298 430.0 , Est Remaining: 69.3
299 431.5 , Est Remaining: 67.8
300 433.0 , Est Remaining: 66.4
301 434.5 , Est Remaining: 65.0
302 436.1 , Est Remaining: 63.5
303 437.6 , Est Remaining: 62.1
304 439.0 , Est Remaining: 60.7
305 440.5 , Est Remaining: 59.2
306 441.9 , Est Remaining: 57.8
307 443.4 , Est Remaining: 56.3
308 444.8 , Est Remaining: 54.9
309 446.2 , Est Remaining: 53.4
EVENT FAILED
309 446.5 , Est Remaining: 53.5
310 447.9 , Est Remaining: 52.0
311 449.3 , Est Remaining: 50.6
312 450.7 , Est Remaining: 49.1
313 452.2 , Est Remaining: 47.7
EVENT FAILED
313 452.5 , Est Remaining: 47.7
314 453.9 , Est Remaining: 46.3
EVENT FAILED
314 454.2 , Est Remaining: 46.3
315 455.6 , Est Remaining: 44.8
316 457.0 , Est Remaining: 43.4
317 458.4 , Est Remaining: 41.9
318 459.8 , Est Remaining: 40.5
319 461.2 , Est Remaining: 39.0
320 462.6 , Est Remaining: 37.6
321 464.0 , Est Remaining: 36.1
322 465.4 , Est Remaining: 34.7
323 466.7 , Est Remaining: 33.2
324 468.1 , Est Remaining: 31.8
325 469.5 , Est Remaining: 30.3
326 470.8 , Est Remaining: 28.9
327 472.2 , Est Remaining: 27.4
328 473.6 , Est Remaining: 26.0
329 474.9 , Est Remaining: 24.5
