Note: NumExpr detected 32 cores but "NUMEXPR_MAX_THREADS" not set, so enforcing safe limit of 8.
Using selector: EpollSelector
/n/home02/jhaefner/miniconda/envs/IC-3.7-2020-06-16/lib/python3.7/site-packages/scipy/optimize/minpack.py:808: OptimizeWarning: Covariance of the parameters could not be estimated
  category=OptimizeWarning)
Total rwfs: 346
0 0.0 , Est Remaining: 999999.9
1 1.5 , Est Remaining: 518.6
2 3.0 , Est Remaining: 511.7
3 4.5 , Est Remaining: 515.2
4 6.0 , Est Remaining: 511.7
5 7.5 , Est Remaining: 508.1
6 8.9 , Est Remaining: 505.5
7 10.4 , Est Remaining: 502.9
8 11.9 , Est Remaining: 501.0
9 13.3 , Est Remaining: 497.4
10 14.8 , Est Remaining: 495.8
11 16.2 , Est Remaining: 494.3
12 17.7 , Est Remaining: 491.9
13 19.1 , Est Remaining: 489.8
14 20.6 , Est Remaining: 487.9
15 22.0 , Est Remaining: 485.5
16 23.4 , Est Remaining: 483.5
17 24.9 , Est Remaining: 481.7
18 26.3 , Est Remaining: 479.8
19 27.8 , Est Remaining: 478.5
20 29.3 , Est Remaining: 476.9
21 30.7 , Est Remaining: 475.3
EVENT FAILED
21 31.0 , Est Remaining: 480.1
22 32.4 , Est Remaining: 477.7
23 33.9 , Est Remaining: 475.6
24 35.3 , Est Remaining: 473.6
25 36.7 , Est Remaining: 471.8
26 38.2 , Est Remaining: 469.9
27 39.6 , Est Remaining: 468.0
28 41.1 , Est Remaining: 466.3
29 42.5 , Est Remaining: 464.4
30 43.9 , Est Remaining: 462.9
31 45.4 , Est Remaining: 461.3
32 46.8 , Est Remaining: 459.7
33 48.3 , Est Remaining: 458.1
34 49.8 , Est Remaining: 456.7
35 51.2 , Est Remaining: 455.4
36 52.7 , Est Remaining: 453.8
37 54.1 , Est Remaining: 452.2
38 55.6 , Est Remaining: 450.6
39 57.0 , Est Remaining: 449.0
40 58.5 , Est Remaining: 447.4
41 59.9 , Est Remaining: 445.8
42 61.4 , Est Remaining: 444.2
43 62.8 , Est Remaining: 442.6
44 64.3 , Est Remaining: 441.2
45 65.7 , Est Remaining: 439.5
46 67.2 , Est Remaining: 438.0
47 68.6 , Est Remaining: 436.4
48 70.0 , Est Remaining: 434.7
49 71.5 , Est Remaining: 433.1
50 72.9 , Est Remaining: 431.6
51 74.4 , Est Remaining: 430.1
52 75.8 , Est Remaining: 428.5
53 77.2 , Est Remaining: 427.0
54 78.7 , Est Remaining: 425.4
55 80.1 , Est Remaining: 423.8
56 81.5 , Est Remaining: 422.2
57 83.0 , Est Remaining: 420.7
58 84.4 , Est Remaining: 419.3
59 85.9 , Est Remaining: 417.8
60 87.3 , Est Remaining: 416.3
61 88.8 , Est Remaining: 414.8
62 90.2 , Est Remaining: 413.3
63 91.7 , Est Remaining: 411.7
64 93.1 , Est Remaining: 410.2
65 94.5 , Est Remaining: 408.7
66 96.0 , Est Remaining: 407.2
67 97.4 , Est Remaining: 405.7
68 98.9 , Est Remaining: 404.2
69 100.3 , Est Remaining: 402.8
70 101.8 , Est Remaining: 401.3
71 103.2 , Est Remaining: 399.9
72 104.7 , Est Remaining: 398.4
73 106.1 , Est Remaining: 396.9
74 107.6 , Est Remaining: 395.5
75 109.1 , Est Remaining: 394.1
76 110.6 , Est Remaining: 392.8
77 112.0 , Est Remaining: 391.3
78 113.5 , Est Remaining: 389.9
79 114.9 , Est Remaining: 388.5
80 116.4 , Est Remaining: 387.0
EVENT FAILED
80 116.7 , Est Remaining: 388.0
81 118.1 , Est Remaining: 386.5
82 119.6 , Est Remaining: 385.0
83 121.0 , Est Remaining: 383.6
84 122.5 , Est Remaining: 382.1
85 123.9 , Est Remaining: 380.6
86 125.4 , Est Remaining: 379.1
87 126.8 , Est Remaining: 377.6
88 128.3 , Est Remaining: 376.2
89 129.8 , Est Remaining: 374.7
90 131.2 , Est Remaining: 373.2
91 132.6 , Est Remaining: 371.7
92 134.1 , Est Remaining: 370.3
93 135.6 , Est Remaining: 368.9
EVENT FAILED
93 135.9 , Est Remaining: 369.7
94 137.3 , Est Remaining: 368.2
95 138.8 , Est Remaining: 366.6
96 140.2 , Est Remaining: 365.2
97 141.7 , Est Remaining: 363.6
EVENT FAILED
97 142.0 , Est Remaining: 364.5
98 143.4 , Est Remaining: 362.9
99 144.9 , Est Remaining: 361.4
100 146.3 , Est Remaining: 359.9
101 147.7 , Est Remaining: 358.3
102 149.2 , Est Remaining: 356.8
103 150.7 , Est Remaining: 355.5
104 152.1 , Est Remaining: 354.0
105 153.6 , Est Remaining: 352.5
106 155.0 , Est Remaining: 351.0
107 156.5 , Est Remaining: 349.5
108 157.9 , Est Remaining: 348.0
109 159.4 , Est Remaining: 346.6
110 160.8 , Est Remaining: 345.1
111 162.3 , Est Remaining: 343.6
EVENT FAILED
111 162.6 , Est Remaining: 344.3
112 164.1 , Est Remaining: 342.8
113 165.5 , Est Remaining: 341.3
114 167.0 , Est Remaining: 339.8
115 168.4 , Est Remaining: 338.3
116 169.9 , Est Remaining: 336.9
117 171.4 , Est Remaining: 335.4
118 172.8 , Est Remaining: 334.0
119 174.3 , Est Remaining: 332.5
120 175.8 , Est Remaining: 331.1
121 177.2 , Est Remaining: 329.6
122 178.7 , Est Remaining: 328.1
123 180.1 , Est Remaining: 326.6
124 181.6 , Est Remaining: 325.1
125 183.0 , Est Remaining: 323.6
126 184.5 , Est Remaining: 322.1
127 185.9 , Est Remaining: 320.6
128 187.4 , Est Remaining: 319.1
129 188.8 , Est Remaining: 317.6
130 190.3 , Est Remaining: 316.1
131 191.7 , Est Remaining: 314.6
132 193.2 , Est Remaining: 313.1
133 194.6 , Est Remaining: 311.7
134 196.1 , Est Remaining: 310.2
135 197.5 , Est Remaining: 308.7
136 199.0 , Est Remaining: 307.2
137 200.4 , Est Remaining: 305.7
138 201.9 , Est Remaining: 304.3
139 203.3 , Est Remaining: 302.8
140 204.8 , Est Remaining: 301.3
141 206.2 , Est Remaining: 299.8
142 207.7 , Est Remaining: 298.3
143 209.1 , Est Remaining: 296.8
144 210.5 , Est Remaining: 295.3
145 212.0 , Est Remaining: 293.8
146 213.4 , Est Remaining: 292.4
147 214.9 , Est Remaining: 290.9
148 216.3 , Est Remaining: 289.4
149 217.8 , Est Remaining: 287.9
150 219.2 , Est Remaining: 286.4
151 220.6 , Est Remaining: 284.9
152 222.1 , Est Remaining: 283.5
153 223.6 , Est Remaining: 282.0
154 225.0 , Est Remaining: 280.5
155 226.5 , Est Remaining: 279.1
156 227.9 , Est Remaining: 277.6
157 229.4 , Est Remaining: 276.1
158 230.8 , Est Remaining: 274.6
159 232.2 , Est Remaining: 273.1
160 233.7 , Est Remaining: 271.6
161 235.1 , Est Remaining: 270.2
162 236.6 , Est Remaining: 268.7
163 238.0 , Est Remaining: 267.2
164 239.5 , Est Remaining: 265.8
165 240.9 , Est Remaining: 264.3
166 242.4 , Est Remaining: 262.8
167 243.8 , Est Remaining: 261.3
168 245.3 , Est Remaining: 259.9
169 246.7 , Est Remaining: 258.4
170 248.1 , Est Remaining: 256.9
171 249.6 , Est Remaining: 255.4
172 251.0 , Est Remaining: 253.9
173 252.4 , Est Remaining: 252.4
174 253.9 , Est Remaining: 251.0
175 255.3 , Est Remaining: 249.5
176 256.8 , Est Remaining: 248.0
177 258.2 , Est Remaining: 246.5
178 259.7 , Est Remaining: 245.1
EVENT FAILED
178 260.0 , Est Remaining: 245.4
179 261.4 , Est Remaining: 243.9
180 262.9 , Est Remaining: 242.4
181 264.3 , Est Remaining: 241.0
182 265.8 , Est Remaining: 239.5
183 267.2 , Est Remaining: 238.0
184 268.7 , Est Remaining: 236.6
185 270.2 , Est Remaining: 235.1
186 271.6 , Est Remaining: 233.6
187 273.1 , Est Remaining: 232.2
188 274.5 , Est Remaining: 230.7
189 275.9 , Est Remaining: 229.2
190 277.4 , Est Remaining: 227.7
191 278.8 , Est Remaining: 226.2
192 280.2 , Est Remaining: 224.8
193 281.7 , Est Remaining: 223.3
194 283.1 , Est Remaining: 221.8
195 284.6 , Est Remaining: 220.4
196 286.0 , Est Remaining: 218.9
197 287.5 , Est Remaining: 217.4
198 288.9 , Est Remaining: 216.0
199 290.4 , Est Remaining: 214.5
200 291.8 , Est Remaining: 213.0
EVENT FAILED
200 292.1 , Est Remaining: 213.2
201 293.6 , Est Remaining: 211.8
202 295.0 , Est Remaining: 210.3
203 296.6 , Est Remaining: 208.9
204 298.0 , Est Remaining: 207.4
205 299.5 , Est Remaining: 206.0
EVENT FAILED
205 299.8 , Est Remaining: 206.2
206 301.2 , Est Remaining: 204.7
207 302.7 , Est Remaining: 203.3
208 304.2 , Est Remaining: 201.8
EVENT FAILED
208 304.5 , Est Remaining: 202.0
209 305.9 , Est Remaining: 200.5
210 307.4 , Est Remaining: 199.1
211 308.9 , Est Remaining: 197.6
212 310.3 , Est Remaining: 196.1
213 311.8 , Est Remaining: 194.7
214 313.2 , Est Remaining: 193.2
215 314.7 , Est Remaining: 191.7
216 316.2 , Est Remaining: 190.3
217 317.6 , Est Remaining: 188.8
218 319.1 , Est Remaining: 187.3
219 320.5 , Est Remaining: 185.9
220 322.0 , Est Remaining: 184.4
221 323.5 , Est Remaining: 183.0
222 324.9 , Est Remaining: 181.5
223 326.4 , Est Remaining: 180.0
224 327.9 , Est Remaining: 178.6
225 329.3 , Est Remaining: 177.1
226 330.8 , Est Remaining: 175.6
227 332.2 , Est Remaining: 174.2
EVENT FAILED
227 332.5 , Est Remaining: 174.3
228 334.0 , Est Remaining: 172.8
229 335.4 , Est Remaining: 171.4
230 336.9 , Est Remaining: 169.9
231 338.3 , Est Remaining: 168.4
232 339.7 , Est Remaining: 166.9
233 341.2 , Est Remaining: 165.5
234 342.6 , Est Remaining: 164.0
235 344.1 , Est Remaining: 162.5
236 345.5 , Est Remaining: 161.1
237 347.0 , Est Remaining: 159.6
238 348.5 , Est Remaining: 158.1
239 349.9 , Est Remaining: 156.7
240 351.4 , Est Remaining: 155.2
241 352.8 , Est Remaining: 153.7
242 354.3 , Est Remaining: 152.2
243 355.7 , Est Remaining: 150.8
244 357.1 , Est Remaining: 149.3
245 358.6 , Est Remaining: 147.8
246 360.0 , Est Remaining: 146.3
247 361.4 , Est Remaining: 144.9
248 362.9 , Est Remaining: 143.4
249 364.3 , Est Remaining: 141.9
250 365.7 , Est Remaining: 140.4
251 367.1 , Est Remaining: 138.9
252 368.5 , Est Remaining: 137.5
253 369.9 , Est Remaining: 136.0
254 371.3 , Est Remaining: 134.5
255 372.7 , Est Remaining: 133.0
256 374.1 , Est Remaining: 131.5
257 375.5 , Est Remaining: 130.0
258 376.9 , Est Remaining: 128.6
259 378.3 , Est Remaining: 127.1
260 379.7 , Est Remaining: 125.6
261 381.1 , Est Remaining: 124.1
262 382.5 , Est Remaining: 122.6
263 383.9 , Est Remaining: 121.2
264 385.3 , Est Remaining: 119.7
265 386.7 , Est Remaining: 118.2
266 388.0 , Est Remaining: 116.7
267 389.4 , Est Remaining: 115.2
268 390.8 , Est Remaining: 113.7
269 392.2 , Est Remaining: 112.3
270 393.6 , Est Remaining: 110.8
271 395.0 , Est Remaining: 109.3
272 396.3 , Est Remaining: 107.8
273 397.7 , Est Remaining: 106.3
274 399.1 , Est Remaining: 104.9
275 400.5 , Est Remaining: 103.4
276 401.9 , Est Remaining: 101.9
277 403.3 , Est Remaining: 100.5
278 404.7 , Est Remaining: 99.0
279 406.1 , Est Remaining: 97.5
280 407.5 , Est Remaining: 96.1
281 408.9 , Est Remaining: 94.6
282 410.3 , Est Remaining: 93.1
283 411.7 , Est Remaining: 91.7
284 413.1 , Est Remaining: 90.2
285 414.5 , Est Remaining: 88.7
286 415.9 , Est Remaining: 87.3
287 417.3 , Est Remaining: 85.8
288 418.7 , Est Remaining: 84.3
289 420.1 , Est Remaining: 82.9
290 421.5 , Est Remaining: 81.4
291 422.9 , Est Remaining: 79.9
292 424.3 , Est Remaining: 78.5
293 425.7 , Est Remaining: 77.0
294 427.1 , Est Remaining: 75.5
295 428.5 , Est Remaining: 74.1
296 429.9 , Est Remaining: 72.6
297 431.3 , Est Remaining: 71.2
298 432.7 , Est Remaining: 69.7
299 434.1 , Est Remaining: 68.2
300 435.5 , Est Remaining: 66.8
301 436.9 , Est Remaining: 65.3
302 438.5 , Est Remaining: 63.9
303 439.9 , Est Remaining: 62.4
304 441.3 , Est Remaining: 61.0
305 442.7 , Est Remaining: 59.5
306 444.1 , Est Remaining: 58.0
307 445.4 , Est Remaining: 56.6
308 446.8 , Est Remaining: 55.1
309 448.3 , Est Remaining: 53.7
310 449.7 , Est Remaining: 52.2
311 451.1 , Est Remaining: 50.8
312 452.5 , Est Remaining: 49.3
313 453.9 , Est Remaining: 47.9
314 455.3 , Est Remaining: 46.4
315 456.7 , Est Remaining: 44.9
316 458.1 , Est Remaining: 43.5
317 459.5 , Est Remaining: 42.0
318 460.8 , Est Remaining: 40.6
319 462.2 , Est Remaining: 39.1
EVENT FAILED
319 462.5 , Est Remaining: 39.1
320 463.9 , Est Remaining: 37.7
321 465.3 , Est Remaining: 36.2
322 466.6 , Est Remaining: 34.8
323 468.0 , Est Remaining: 33.3
324 469.3 , Est Remaining: 31.9
325 470.7 , Est Remaining: 30.4
326 472.0 , Est Remaining: 29.0
327 473.3 , Est Remaining: 27.5
328 474.7 , Est Remaining: 26.0
329 476.0 , Est Remaining: 24.6
330 477.4 , Est Remaining: 23.1
331 478.7 , Est Remaining: 21.7
332 480.1 , Est Remaining: 20.2
333 481.4 , Est Remaining: 18.8
334 482.8 , Est Remaining: 17.3
