Note: NumExpr detected 32 cores but "NUMEXPR_MAX_THREADS" not set, so enforcing safe limit of 8.
Using selector: EpollSelector
/n/home02/jhaefner/miniconda/envs/IC-3.7-2020-06-16/lib/python3.7/site-packages/scipy/optimize/minpack.py:808: OptimizeWarning: Covariance of the parameters could not be estimated
  category=OptimizeWarning)
Total rwfs: 346
0 0.0 , Est Remaining: 999999.9
EVENT FAILED
0 0.3 , Est Remaining: 999999.9
1 1.6 , Est Remaining: 567.3
2 3.0 , Est Remaining: 512.5
3 4.3 , Est Remaining: 496.2
EVENT FAILED
3 4.7 , Est Remaining: 536.3
4 6.0 , Est Remaining: 513.4
5 7.3 , Est Remaining: 499.7
6 8.7 , Est Remaining: 491.8
7 10.0 , Est Remaining: 484.3
EVENT FAILED
7 10.3 , Est Remaining: 499.2
8 11.6 , Est Remaining: 491.6
9 13.0 , Est Remaining: 485.2
10 14.3 , Est Remaining: 480.0
11 15.6 , Est Remaining: 475.4
12 17.0 , Est Remaining: 471.9
13 18.3 , Est Remaining: 468.5
14 19.6 , Est Remaining: 465.3
15 20.9 , Est Remaining: 462.2
16 22.3 , Est Remaining: 459.5
17 23.6 , Est Remaining: 456.9
18 25.0 , Est Remaining: 454.7
19 26.3 , Est Remaining: 452.3
20 27.6 , Est Remaining: 450.4
21 29.0 , Est Remaining: 448.2
22 30.3 , Est Remaining: 446.3
23 31.7 , Est Remaining: 444.6
24 33.0 , Est Remaining: 443.0
25 34.4 , Est Remaining: 441.3
EVENT FAILED
25 34.7 , Est Remaining: 445.1
26 36.0 , Est Remaining: 442.9
27 37.3 , Est Remaining: 441.1
28 38.7 , Est Remaining: 439.1
29 40.0 , Est Remaining: 437.2
EVENT FAILED
29 40.9 , Est Remaining: 447.4
30 42.3 , Est Remaining: 445.3
31 43.6 , Est Remaining: 443.2
32 45.0 , Est Remaining: 441.2
33 46.3 , Est Remaining: 439.1
34 47.6 , Est Remaining: 437.0
35 49.0 , Est Remaining: 435.0
36 50.3 , Est Remaining: 433.0
37 51.6 , Est Remaining: 431.0
38 52.9 , Est Remaining: 429.1
39 54.3 , Est Remaining: 427.1
40 55.6 , Est Remaining: 425.2
41 56.9 , Est Remaining: 423.4
42 58.3 , Est Remaining: 421.7
43 59.6 , Est Remaining: 420.0
EVENT FAILED
43 59.9 , Est Remaining: 422.1
44 61.2 , Est Remaining: 420.3
45 62.5 , Est Remaining: 418.3
46 63.8 , Est Remaining: 416.4
47 65.2 , Est Remaining: 414.6
48 66.5 , Est Remaining: 412.9
49 67.8 , Est Remaining: 411.1
50 69.1 , Est Remaining: 409.3
51 70.5 , Est Remaining: 407.6
52 71.8 , Est Remaining: 406.1
53 73.1 , Est Remaining: 404.4
54 74.5 , Est Remaining: 402.7
55 75.8 , Est Remaining: 401.1
56 77.1 , Est Remaining: 399.5
57 78.5 , Est Remaining: 397.9
58 79.8 , Est Remaining: 396.3
59 81.1 , Est Remaining: 394.7
60 82.5 , Est Remaining: 393.1
61 83.8 , Est Remaining: 391.5
EVENT FAILED
61 84.1 , Est Remaining: 392.9
62 85.4 , Est Remaining: 391.2
63 86.8 , Est Remaining: 389.7
64 88.1 , Est Remaining: 388.2
65 89.4 , Est Remaining: 386.7
66 90.8 , Est Remaining: 385.1
67 92.1 , Est Remaining: 383.5
68 93.4 , Est Remaining: 382.0
69 94.8 , Est Remaining: 380.5
70 96.1 , Est Remaining: 379.0
71 97.5 , Est Remaining: 377.6
72 98.8 , Est Remaining: 376.1
73 100.2 , Est Remaining: 374.6
74 101.5 , Est Remaining: 373.1
75 102.9 , Est Remaining: 371.7
76 104.2 , Est Remaining: 370.3
EVENT FAILED
76 104.5 , Est Remaining: 371.3
77 105.9 , Est Remaining: 369.8
78 107.2 , Est Remaining: 368.3
79 108.5 , Est Remaining: 366.8
80 109.9 , Est Remaining: 365.3
81 111.2 , Est Remaining: 363.9
82 112.6 , Est Remaining: 362.4
83 113.9 , Est Remaining: 360.9
84 115.3 , Est Remaining: 359.5
85 116.6 , Est Remaining: 358.0
86 117.9 , Est Remaining: 356.4
87 119.2 , Est Remaining: 354.9
88 120.6 , Est Remaining: 353.5
89 121.9 , Est Remaining: 352.0
90 123.2 , Est Remaining: 350.5
91 124.6 , Est Remaining: 349.0
92 125.9 , Est Remaining: 347.6
93 127.1 , Est Remaining: 345.7
94 128.4 , Est Remaining: 344.3
95 129.7 , Est Remaining: 342.8
96 131.1 , Est Remaining: 341.3
97 132.4 , Est Remaining: 339.9
98 133.8 , Est Remaining: 338.5
99 135.1 , Est Remaining: 337.1
100 136.4 , Est Remaining: 335.7
101 137.8 , Est Remaining: 334.3
102 139.1 , Est Remaining: 332.8
103 140.6 , Est Remaining: 331.6
104 141.9 , Est Remaining: 330.2
105 143.3 , Est Remaining: 328.8
106 144.6 , Est Remaining: 327.4
107 145.9 , Est Remaining: 326.0
108 147.3 , Est Remaining: 324.6
109 148.6 , Est Remaining: 323.1
110 149.9 , Est Remaining: 321.7
111 151.3 , Est Remaining: 320.3
112 152.6 , Est Remaining: 318.9
113 154.0 , Est Remaining: 317.5
114 155.3 , Est Remaining: 316.1
115 156.7 , Est Remaining: 314.7
116 158.0 , Est Remaining: 313.3
117 159.3 , Est Remaining: 311.9
118 160.7 , Est Remaining: 310.5
119 162.0 , Est Remaining: 309.1
EVENT FAILED
119 162.3 , Est Remaining: 309.6
120 163.7 , Est Remaining: 308.3
121 165.0 , Est Remaining: 306.9
122 166.4 , Est Remaining: 305.5
EVENT FAILED
122 166.7 , Est Remaining: 306.0
123 168.0 , Est Remaining: 304.6
124 169.3 , Est Remaining: 303.2
125 170.7 , Est Remaining: 301.8
126 172.0 , Est Remaining: 300.4
127 173.4 , Est Remaining: 299.0
128 174.7 , Est Remaining: 297.6
129 176.1 , Est Remaining: 296.2
130 177.4 , Est Remaining: 294.8
131 178.8 , Est Remaining: 293.4
132 180.1 , Est Remaining: 292.0
133 181.5 , Est Remaining: 290.6
134 182.8 , Est Remaining: 289.2
135 184.1 , Est Remaining: 287.8
136 185.5 , Est Remaining: 286.4
137 186.8 , Est Remaining: 285.0
138 188.1 , Est Remaining: 283.6
139 189.5 , Est Remaining: 282.2
140 190.8 , Est Remaining: 280.7
141 192.1 , Est Remaining: 279.3
142 193.5 , Est Remaining: 277.9
143 194.8 , Est Remaining: 276.5
144 196.1 , Est Remaining: 275.1
145 197.4 , Est Remaining: 273.7
146 198.8 , Est Remaining: 272.3
147 200.1 , Est Remaining: 270.9
148 201.4 , Est Remaining: 269.5
149 202.7 , Est Remaining: 268.0
150 204.1 , Est Remaining: 266.6
151 205.4 , Est Remaining: 265.3
152 206.7 , Est Remaining: 263.8
153 208.0 , Est Remaining: 262.4
154 209.4 , Est Remaining: 261.1
155 210.7 , Est Remaining: 259.7
156 212.0 , Est Remaining: 258.3
157 213.4 , Est Remaining: 256.9
158 214.7 , Est Remaining: 255.5
159 216.0 , Est Remaining: 254.1
160 217.4 , Est Remaining: 252.7
161 218.7 , Est Remaining: 251.3
162 220.1 , Est Remaining: 249.9
163 221.4 , Est Remaining: 248.6
164 222.7 , Est Remaining: 247.2
165 224.1 , Est Remaining: 245.8
166 225.4 , Est Remaining: 244.5
167 226.8 , Est Remaining: 243.1
168 228.1 , Est Remaining: 241.7
169 229.5 , Est Remaining: 240.3
EVENT FAILED
169 229.8 , Est Remaining: 240.6
170 231.1 , Est Remaining: 239.3
171 232.4 , Est Remaining: 237.9
172 233.7 , Est Remaining: 236.5
173 235.1 , Est Remaining: 235.1
174 236.4 , Est Remaining: 233.7
175 237.8 , Est Remaining: 232.3
176 239.1 , Est Remaining: 231.0
177 240.4 , Est Remaining: 229.6
178 241.8 , Est Remaining: 228.2
179 243.1 , Est Remaining: 226.8
180 244.4 , Est Remaining: 225.4
181 245.8 , Est Remaining: 224.0
182 247.1 , Est Remaining: 222.7
183 248.4 , Est Remaining: 221.3
184 249.8 , Est Remaining: 219.9
185 251.1 , Est Remaining: 218.5
186 252.4 , Est Remaining: 217.1
187 253.7 , Est Remaining: 215.7
188 255.1 , Est Remaining: 214.4
189 256.4 , Est Remaining: 213.0
EVENT FAILED
189 256.7 , Est Remaining: 213.2
190 258.0 , Est Remaining: 211.8
191 259.3 , Est Remaining: 210.5
192 260.7 , Est Remaining: 209.1
193 262.0 , Est Remaining: 207.7
EVENT FAILED
193 262.9 , Est Remaining: 208.4
194 264.3 , Est Remaining: 207.0
195 265.6 , Est Remaining: 205.6
196 266.9 , Est Remaining: 204.2
197 268.2 , Est Remaining: 202.8
198 269.5 , Est Remaining: 201.4
199 270.8 , Est Remaining: 200.0
200 272.1 , Est Remaining: 198.6
201 273.4 , Est Remaining: 197.2
202 274.8 , Est Remaining: 195.9
203 276.2 , Est Remaining: 194.5
204 277.4 , Est Remaining: 193.1
205 278.8 , Est Remaining: 191.7
206 280.1 , Est Remaining: 190.4
207 281.4 , Est Remaining: 189.0
208 282.8 , Est Remaining: 187.6
209 284.1 , Est Remaining: 186.3
210 285.5 , Est Remaining: 184.9
211 286.8 , Est Remaining: 183.5
212 288.2 , Est Remaining: 182.1
213 289.5 , Est Remaining: 180.8
214 290.8 , Est Remaining: 179.4
215 292.1 , Est Remaining: 178.0
216 293.5 , Est Remaining: 176.6
217 294.8 , Est Remaining: 175.2
218 296.1 , Est Remaining: 173.9
219 297.4 , Est Remaining: 172.5
220 298.8 , Est Remaining: 171.1
221 300.1 , Est Remaining: 169.7
222 301.4 , Est Remaining: 168.4
EVENT FAILED
222 301.7 , Est Remaining: 168.5
223 303.1 , Est Remaining: 167.2
224 304.4 , Est Remaining: 165.8
225 305.7 , Est Remaining: 164.4
226 307.1 , Est Remaining: 163.0
227 308.4 , Est Remaining: 161.7
228 309.8 , Est Remaining: 160.3
229 311.1 , Est Remaining: 158.9
230 312.4 , Est Remaining: 157.6
231 313.7 , Est Remaining: 156.2
232 315.1 , Est Remaining: 154.8
233 316.4 , Est Remaining: 153.5
234 317.7 , Est Remaining: 152.1
235 319.1 , Est Remaining: 150.7
236 320.4 , Est Remaining: 149.3
EVENT FAILED
236 320.8 , Est Remaining: 149.5
237 322.1 , Est Remaining: 148.2
238 323.4 , Est Remaining: 146.8
239 324.8 , Est Remaining: 145.4
240 326.1 , Est Remaining: 144.0
241 327.4 , Est Remaining: 142.6
242 328.7 , Est Remaining: 141.3
243 330.0 , Est Remaining: 139.9
244 331.3 , Est Remaining: 138.5
245 332.6 , Est Remaining: 137.1
246 334.0 , Est Remaining: 135.8
247 335.3 , Est Remaining: 134.4
248 336.6 , Est Remaining: 133.0
249 337.9 , Est Remaining: 131.6
250 339.2 , Est Remaining: 130.3
251 340.5 , Est Remaining: 128.9
252 341.8 , Est Remaining: 127.5
253 343.2 , Est Remaining: 126.1
254 344.5 , Est Remaining: 124.8
255 345.8 , Est Remaining: 123.4
256 347.1 , Est Remaining: 122.0
257 348.4 , Est Remaining: 120.7
258 349.8 , Est Remaining: 119.3
259 351.1 , Est Remaining: 117.9
260 352.4 , Est Remaining: 116.6
EVENT FAILED
260 353.4 , Est Remaining: 116.9
261 354.7 , Est Remaining: 115.5
262 356.0 , Est Remaining: 114.1
263 357.3 , Est Remaining: 112.8
264 358.7 , Est Remaining: 111.4
EVENT FAILED
264 359.0 , Est Remaining: 111.5
265 360.3 , Est Remaining: 110.1
266 361.6 , Est Remaining: 108.8
267 362.9 , Est Remaining: 107.4
268 364.2 , Est Remaining: 106.0
269 365.5 , Est Remaining: 104.6
270 366.8 , Est Remaining: 103.3
271 368.2 , Est Remaining: 101.9
272 369.5 , Est Remaining: 100.5
273 370.8 , Est Remaining: 99.1
274 372.1 , Est Remaining: 97.8
275 373.4 , Est Remaining: 96.4
276 374.7 , Est Remaining: 95.0
EVENT FAILED
276 375.0 , Est Remaining: 95.1
277 376.3 , Est Remaining: 93.7
278 377.7 , Est Remaining: 92.4
279 379.0 , Est Remaining: 91.0
280 380.3 , Est Remaining: 89.6
281 381.6 , Est Remaining: 88.3
282 382.9 , Est Remaining: 86.9
283 384.3 , Est Remaining: 85.5
284 385.6 , Est Remaining: 84.2
285 386.9 , Est Remaining: 82.8
286 388.2 , Est Remaining: 81.4
287 389.5 , Est Remaining: 80.1
288 390.8 , Est Remaining: 78.7
289 392.1 , Est Remaining: 77.3
290 393.5 , Est Remaining: 76.0
291 394.8 , Est Remaining: 74.6
292 396.1 , Est Remaining: 73.2
293 397.4 , Est Remaining: 71.9
294 398.7 , Est Remaining: 70.5
295 400.1 , Est Remaining: 69.2
296 401.4 , Est Remaining: 67.8
297 402.7 , Est Remaining: 66.4
298 404.0 , Est Remaining: 65.1
299 405.4 , Est Remaining: 63.7
300 406.7 , Est Remaining: 62.4
301 408.1 , Est Remaining: 61.0
302 409.5 , Est Remaining: 59.7
303 410.8 , Est Remaining: 58.3
304 412.1 , Est Remaining: 56.9
305 413.4 , Est Remaining: 55.6
EVENT FAILED
305 413.7 , Est Remaining: 55.6
306 415.1 , Est Remaining: 54.3
307 416.4 , Est Remaining: 52.9
308 417.7 , Est Remaining: 51.5
309 419.1 , Est Remaining: 50.2
310 420.4 , Est Remaining: 48.8
311 421.7 , Est Remaining: 47.5
312 423.0 , Est Remaining: 46.1
313 424.3 , Est Remaining: 44.7
314 425.7 , Est Remaining: 43.4
315 427.0 , Est Remaining: 42.0
316 428.3 , Est Remaining: 40.7
317 429.6 , Est Remaining: 39.3
318 430.9 , Est Remaining: 37.9
319 432.2 , Est Remaining: 36.6
320 433.5 , Est Remaining: 35.2
321 434.8 , Est Remaining: 33.9
322 436.1 , Est Remaining: 32.5
323 437.4 , Est Remaining: 31.1
324 438.8 , Est Remaining: 29.8
325 440.0 , Est Remaining: 28.4
326 441.4 , Est Remaining: 27.1
