Note: NumExpr detected 32 cores but "NUMEXPR_MAX_THREADS" not set, so enforcing safe limit of 8.
Using selector: EpollSelector
/n/home02/jhaefner/miniconda/envs/IC-3.7-2020-06-16/lib/python3.7/site-packages/scipy/optimize/minpack.py:808: OptimizeWarning: Covariance of the parameters could not be estimated
  category=OptimizeWarning)
Total rwfs: 346
0 0.0 , Est Remaining: 999999.9
1 1.4 , Est Remaining: 496.4
2 2.9 , Est Remaining: 492.1
3 4.3 , Est Remaining: 490.6
4 5.7 , Est Remaining: 488.5
5 7.1 , Est Remaining: 484.1
6 8.5 , Est Remaining: 482.2
7 9.9 , Est Remaining: 479.0
8 11.3 , Est Remaining: 476.8
9 12.7 , Est Remaining: 474.7
10 14.1 , Est Remaining: 473.4
11 15.5 , Est Remaining: 471.6
12 16.9 , Est Remaining: 470.1
13 18.3 , Est Remaining: 468.7
14 19.7 , Est Remaining: 467.0
15 21.1 , Est Remaining: 465.5
16 22.5 , Est Remaining: 464.2
17 23.9 , Est Remaining: 462.6
18 25.3 , Est Remaining: 460.9
19 26.7 , Est Remaining: 459.5
20 28.1 , Est Remaining: 458.1
21 29.5 , Est Remaining: 457.0
22 30.9 , Est Remaining: 455.5
23 32.3 , Est Remaining: 454.2
24 33.8 , Est Remaining: 452.9
25 35.1 , Est Remaining: 450.9
26 36.5 , Est Remaining: 449.8
27 38.0 , Est Remaining: 448.5
28 39.4 , Est Remaining: 447.2
29 40.8 , Est Remaining: 446.2
30 42.2 , Est Remaining: 444.9
31 43.7 , Est Remaining: 443.6
32 45.1 , Est Remaining: 442.4
33 46.5 , Est Remaining: 441.2
34 47.9 , Est Remaining: 439.9
35 49.4 , Est Remaining: 438.6
36 50.8 , Est Remaining: 437.4
37 52.2 , Est Remaining: 436.0
38 53.6 , Est Remaining: 434.7
39 55.1 , Est Remaining: 433.5
40 56.5 , Est Remaining: 432.3
41 58.0 , Est Remaining: 431.2
42 59.4 , Est Remaining: 429.9
43 60.8 , Est Remaining: 428.6
44 62.3 , Est Remaining: 427.4
45 63.7 , Est Remaining: 426.1
46 65.1 , Est Remaining: 424.8
47 66.6 , Est Remaining: 423.6
48 68.0 , Est Remaining: 422.3
49 69.4 , Est Remaining: 420.9
50 70.9 , Est Remaining: 419.6
51 72.3 , Est Remaining: 418.4
52 73.8 , Est Remaining: 417.1
53 75.2 , Est Remaining: 415.7
54 76.6 , Est Remaining: 414.4
55 78.0 , Est Remaining: 412.9
56 79.5 , Est Remaining: 411.5
57 80.9 , Est Remaining: 410.0
58 82.3 , Est Remaining: 408.6
59 83.7 , Est Remaining: 407.2
60 85.1 , Est Remaining: 405.8
61 86.6 , Est Remaining: 404.4
62 88.0 , Est Remaining: 403.0
63 89.4 , Est Remaining: 401.6
64 90.8 , Est Remaining: 400.2
65 92.2 , Est Remaining: 398.8
66 93.7 , Est Remaining: 397.4
67 95.1 , Est Remaining: 396.1
68 96.6 , Est Remaining: 394.8
69 98.0 , Est Remaining: 393.5
70 99.5 , Est Remaining: 392.2
71 100.9 , Est Remaining: 391.0
72 102.4 , Est Remaining: 389.8
73 103.9 , Est Remaining: 388.5
74 105.4 , Est Remaining: 387.3
75 106.8 , Est Remaining: 386.1
76 108.3 , Est Remaining: 384.8
77 109.8 , Est Remaining: 383.5
78 111.2 , Est Remaining: 382.1
79 112.7 , Est Remaining: 380.8
80 114.1 , Est Remaining: 379.4
81 115.6 , Est Remaining: 378.1
82 117.0 , Est Remaining: 376.8
83 118.5 , Est Remaining: 375.4
84 119.9 , Est Remaining: 374.0
85 121.4 , Est Remaining: 372.7
86 122.8 , Est Remaining: 371.3
87 124.3 , Est Remaining: 369.9
88 125.7 , Est Remaining: 368.5
89 127.1 , Est Remaining: 367.2
90 128.6 , Est Remaining: 365.8
91 130.1 , Est Remaining: 364.5
92 131.5 , Est Remaining: 363.1
93 133.0 , Est Remaining: 361.7
94 134.4 , Est Remaining: 360.4
95 135.9 , Est Remaining: 359.0
96 137.3 , Est Remaining: 357.6
97 138.8 , Est Remaining: 356.2
98 140.2 , Est Remaining: 354.8
99 141.6 , Est Remaining: 353.4
100 143.1 , Est Remaining: 352.0
101 144.5 , Est Remaining: 350.6
102 146.0 , Est Remaining: 349.2
103 147.5 , Est Remaining: 348.0
104 149.0 , Est Remaining: 346.6
105 150.4 , Est Remaining: 345.2
106 151.9 , Est Remaining: 343.9
107 153.3 , Est Remaining: 342.5
108 154.8 , Est Remaining: 341.1
109 156.3 , Est Remaining: 339.8
110 157.7 , Est Remaining: 338.4
111 159.2 , Est Remaining: 337.0
112 160.7 , Est Remaining: 335.7
113 162.1 , Est Remaining: 334.3
114 163.6 , Est Remaining: 332.9
115 165.0 , Est Remaining: 331.5
116 166.5 , Est Remaining: 330.1
117 167.9 , Est Remaining: 328.7
118 169.4 , Est Remaining: 327.3
119 170.9 , Est Remaining: 326.0
120 172.3 , Est Remaining: 324.5
121 173.8 , Est Remaining: 323.1
122 175.2 , Est Remaining: 321.7
123 176.7 , Est Remaining: 320.4
124 178.2 , Est Remaining: 319.0
125 179.6 , Est Remaining: 317.6
EVENT FAILED
125 179.9 , Est Remaining: 318.1
126 181.4 , Est Remaining: 316.7
127 182.9 , Est Remaining: 315.4
128 184.4 , Est Remaining: 314.0
129 185.8 , Est Remaining: 312.6
130 187.3 , Est Remaining: 311.2
131 188.8 , Est Remaining: 309.8
132 190.3 , Est Remaining: 308.4
EVENT FAILED
132 190.6 , Est Remaining: 308.9
133 192.0 , Est Remaining: 307.5
134 193.5 , Est Remaining: 306.1
135 194.9 , Est Remaining: 304.6
136 196.4 , Est Remaining: 303.2
137 197.8 , Est Remaining: 301.8
138 199.3 , Est Remaining: 300.4
139 200.8 , Est Remaining: 299.0
140 202.2 , Est Remaining: 297.5
141 203.7 , Est Remaining: 296.1
142 205.1 , Est Remaining: 294.7
143 206.6 , Est Remaining: 293.3
144 208.0 , Est Remaining: 291.8
145 209.5 , Est Remaining: 290.4
146 211.0 , Est Remaining: 289.0
147 212.4 , Est Remaining: 287.6
148 213.9 , Est Remaining: 286.2
EVENT FAILED
148 214.2 , Est Remaining: 286.6
149 215.6 , Est Remaining: 285.1
150 217.1 , Est Remaining: 283.7
151 218.5 , Est Remaining: 282.2
152 220.0 , Est Remaining: 280.8
153 221.5 , Est Remaining: 279.4
154 223.0 , Est Remaining: 278.0
155 224.4 , Est Remaining: 276.5
156 225.9 , Est Remaining: 275.1
157 227.3 , Est Remaining: 273.6
158 228.8 , Est Remaining: 272.2
159 230.2 , Est Remaining: 270.8
160 231.7 , Est Remaining: 269.3
161 233.1 , Est Remaining: 267.9
162 234.6 , Est Remaining: 266.5
163 236.1 , Est Remaining: 265.0
164 237.5 , Est Remaining: 263.6
165 239.0 , Est Remaining: 262.2
166 240.5 , Est Remaining: 260.7
167 241.9 , Est Remaining: 259.3
168 243.4 , Est Remaining: 257.9
169 244.8 , Est Remaining: 256.4
170 246.3 , Est Remaining: 254.9
171 247.7 , Est Remaining: 253.5
172 249.2 , Est Remaining: 252.0
EVENT FAILED
172 249.5 , Est Remaining: 252.4
173 250.9 , Est Remaining: 250.9
174 252.4 , Est Remaining: 249.5
EVENT FAILED
174 252.7 , Est Remaining: 249.8
175 254.2 , Est Remaining: 248.4
176 255.7 , Est Remaining: 246.9
177 257.1 , Est Remaining: 245.5
178 258.6 , Est Remaining: 244.1
179 260.1 , Est Remaining: 242.6
180 261.5 , Est Remaining: 241.2
181 263.0 , Est Remaining: 239.7
182 264.4 , Est Remaining: 238.3
183 265.9 , Est Remaining: 236.8
184 267.4 , Est Remaining: 235.4
185 268.8 , Est Remaining: 233.9
186 270.3 , Est Remaining: 232.5
187 271.7 , Est Remaining: 231.1
188 273.2 , Est Remaining: 229.6
189 274.7 , Est Remaining: 228.2
190 276.1 , Est Remaining: 226.7
191 277.5 , Est Remaining: 225.2
192 279.0 , Est Remaining: 223.8
193 280.5 , Est Remaining: 222.4
194 282.0 , Est Remaining: 220.9
EVENT FAILED
194 282.3 , Est Remaining: 221.2
195 283.8 , Est Remaining: 219.7
196 285.2 , Est Remaining: 218.3
197 286.7 , Est Remaining: 216.8
198 288.1 , Est Remaining: 215.4
199 289.6 , Est Remaining: 213.9
200 291.0 , Est Remaining: 212.4
201 292.4 , Est Remaining: 211.0
202 293.9 , Est Remaining: 209.5
203 295.4 , Est Remaining: 208.1
204 296.9 , Est Remaining: 206.7
205 298.3 , Est Remaining: 205.2
206 299.8 , Est Remaining: 203.8
207 301.3 , Est Remaining: 202.3
208 302.7 , Est Remaining: 200.9
209 304.2 , Est Remaining: 199.4
210 305.7 , Est Remaining: 197.9
211 307.1 , Est Remaining: 196.5
212 308.6 , Est Remaining: 195.0
213 310.0 , Est Remaining: 193.6
214 311.5 , Est Remaining: 192.1
215 313.0 , Est Remaining: 190.7
216 314.4 , Est Remaining: 189.2
217 315.9 , Est Remaining: 187.8
218 317.4 , Est Remaining: 186.3
219 318.8 , Est Remaining: 184.9
220 320.3 , Est Remaining: 183.4
221 321.8 , Est Remaining: 182.0
222 323.2 , Est Remaining: 180.5
223 324.7 , Est Remaining: 179.1
224 326.1 , Est Remaining: 177.6
225 327.6 , Est Remaining: 176.2
226 329.1 , Est Remaining: 174.7
227 330.5 , Est Remaining: 173.3
228 332.0 , Est Remaining: 171.8
229 333.4 , Est Remaining: 170.4
230 334.9 , Est Remaining: 168.9
231 336.4 , Est Remaining: 167.5
232 337.9 , Est Remaining: 166.0
233 339.4 , Est Remaining: 164.6
234 340.9 , Est Remaining: 163.2
EVENT FAILED
234 341.2 , Est Remaining: 163.3
235 342.6 , Est Remaining: 161.8
236 344.1 , Est Remaining: 160.4
237 345.5 , Est Remaining: 158.9
238 347.0 , Est Remaining: 157.5
239 348.4 , Est Remaining: 156.0
240 349.9 , Est Remaining: 154.5
241 351.3 , Est Remaining: 153.1
242 352.8 , Est Remaining: 151.6
243 354.2 , Est Remaining: 150.1
244 355.7 , Est Remaining: 148.7
245 357.1 , Est Remaining: 147.2
246 358.6 , Est Remaining: 145.8
247 360.0 , Est Remaining: 144.3
EVENT FAILED
247 360.3 , Est Remaining: 144.4
248 361.8 , Est Remaining: 143.0
249 363.2 , Est Remaining: 141.5
250 364.7 , Est Remaining: 140.0
251 366.1 , Est Remaining: 138.6
252 367.6 , Est Remaining: 137.1
253 369.0 , Est Remaining: 135.7
254 370.5 , Est Remaining: 134.2
255 371.9 , Est Remaining: 132.7
256 373.4 , Est Remaining: 131.3
257 374.9 , Est Remaining: 129.8
258 376.3 , Est Remaining: 128.4
259 377.8 , Est Remaining: 126.9
260 379.2 , Est Remaining: 125.4
261 380.7 , Est Remaining: 124.0
262 382.1 , Est Remaining: 122.5
263 383.6 , Est Remaining: 121.1
264 385.1 , Est Remaining: 119.6
265 386.5 , Est Remaining: 118.2
266 388.0 , Est Remaining: 116.7
267 389.5 , Est Remaining: 115.2
268 390.9 , Est Remaining: 113.8
269 392.4 , Est Remaining: 112.3
270 393.8 , Est Remaining: 110.9
271 395.3 , Est Remaining: 109.4
272 396.8 , Est Remaining: 107.9
273 398.2 , Est Remaining: 106.5
274 399.6 , Est Remaining: 105.0
275 401.0 , Est Remaining: 103.5
276 402.4 , Est Remaining: 102.1
277 403.9 , Est Remaining: 100.6
278 405.3 , Est Remaining: 99.1
279 406.7 , Est Remaining: 97.7
280 408.1 , Est Remaining: 96.2
281 409.5 , Est Remaining: 94.7
282 410.9 , Est Remaining: 93.3
283 412.4 , Est Remaining: 91.8
284 413.8 , Est Remaining: 90.3
285 415.2 , Est Remaining: 88.9
286 416.7 , Est Remaining: 87.4
287 418.1 , Est Remaining: 85.9
288 419.5 , Est Remaining: 84.5
289 420.9 , Est Remaining: 83.0
290 422.3 , Est Remaining: 81.6
291 423.6 , Est Remaining: 80.1
292 425.0 , Est Remaining: 78.6
EVENT FAILED
292 425.3 , Est Remaining: 78.7
293 426.7 , Est Remaining: 77.2
294 428.1 , Est Remaining: 75.7
295 429.5 , Est Remaining: 74.2
296 430.9 , Est Remaining: 72.8
297 432.3 , Est Remaining: 71.3
298 433.7 , Est Remaining: 69.9
299 435.1 , Est Remaining: 68.4
300 436.4 , Est Remaining: 66.9
301 437.8 , Est Remaining: 65.5
302 439.4 , Est Remaining: 64.0
303 440.8 , Est Remaining: 62.6
304 442.1 , Est Remaining: 61.1
305 443.5 , Est Remaining: 59.6
306 444.9 , Est Remaining: 58.2
307 446.3 , Est Remaining: 56.7
308 447.7 , Est Remaining: 55.2
309 449.1 , Est Remaining: 53.8
310 450.5 , Est Remaining: 52.3
311 451.9 , Est Remaining: 50.9
312 453.3 , Est Remaining: 49.4
313 454.7 , Est Remaining: 47.9
314 456.1 , Est Remaining: 46.5
315 457.5 , Est Remaining: 45.0
316 458.9 , Est Remaining: 43.6
317 460.3 , Est Remaining: 42.1
318 461.6 , Est Remaining: 40.6
319 463.0 , Est Remaining: 39.2
320 464.4 , Est Remaining: 37.7
321 465.8 , Est Remaining: 36.3
322 467.2 , Est Remaining: 34.8
323 468.6 , Est Remaining: 33.4
324 470.0 , Est Remaining: 31.9
325 471.4 , Est Remaining: 30.5
326 472.7 , Est Remaining: 29.0
327 474.1 , Est Remaining: 27.5
328 475.5 , Est Remaining: 26.1
329 476.9 , Est Remaining: 24.6
330 478.2 , Est Remaining: 23.2
331 479.6 , Est Remaining: 21.7
332 481.0 , Est Remaining: 20.3
333 482.4 , Est Remaining: 18.8
334 483.7 , Est Remaining: 17.4
335 485.1 , Est Remaining: 15.9
EVENT FAILED
335 485.4 , Est Remaining: 15.9
EVENT FAILED
