Note: NumExpr detected 32 cores but "NUMEXPR_MAX_THREADS" not set, so enforcing safe limit of 8.
Using selector: EpollSelector
/n/home02/jhaefner/miniconda/envs/IC-3.7-2020-06-16/lib/python3.7/site-packages/scipy/optimize/minpack.py:808: OptimizeWarning: Covariance of the parameters could not be estimated
  category=OptimizeWarning)
Total rwfs: 346
0 0.0 , Est Remaining: 999999.9
1 1.4 , Est Remaining: 483.0
2 2.8 , Est Remaining: 481.4
3 4.2 , Est Remaining: 480.6
4 5.6 , Est Remaining: 476.0
5 6.9 , Est Remaining: 473.2
6 8.3 , Est Remaining: 472.3
7 9.7 , Est Remaining: 469.4
8 11.1 , Est Remaining: 467.4
9 12.4 , Est Remaining: 464.8
10 13.8 , Est Remaining: 462.7
11 15.1 , Est Remaining: 460.5
12 16.5 , Est Remaining: 458.6
13 17.8 , Est Remaining: 456.9
14 19.2 , Est Remaining: 454.9
15 20.5 , Est Remaining: 452.8
16 21.9 , Est Remaining: 451.1
17 23.2 , Est Remaining: 449.4
18 24.6 , Est Remaining: 447.6
19 25.9 , Est Remaining: 446.0
20 27.3 , Est Remaining: 444.2
21 28.6 , Est Remaining: 442.7
22 29.9 , Est Remaining: 440.9
23 31.3 , Est Remaining: 439.5
24 32.7 , Est Remaining: 438.2
25 34.0 , Est Remaining: 436.8
26 35.4 , Est Remaining: 435.2
27 36.7 , Est Remaining: 433.8
28 38.1 , Est Remaining: 432.6
29 39.4 , Est Remaining: 431.1
30 40.8 , Est Remaining: 429.6
EVENT FAILED
30 41.3 , Est Remaining: 435.2
31 42.7 , Est Remaining: 433.8
32 44.0 , Est Remaining: 432.1
33 45.4 , Est Remaining: 430.5
34 46.7 , Est Remaining: 429.0
35 48.1 , Est Remaining: 427.4
36 49.4 , Est Remaining: 425.8
37 50.8 , Est Remaining: 424.2
38 52.2 , Est Remaining: 422.7
39 53.5 , Est Remaining: 421.1
40 54.8 , Est Remaining: 419.5
41 56.2 , Est Remaining: 417.9
42 57.5 , Est Remaining: 416.4
43 58.9 , Est Remaining: 415.0
44 60.2 , Est Remaining: 413.5
45 61.6 , Est Remaining: 411.9
46 62.9 , Est Remaining: 410.4
EVENT FAILED
46 63.2 , Est Remaining: 412.4
47 64.6 , Est Remaining: 410.8
48 65.9 , Est Remaining: 409.2
49 67.3 , Est Remaining: 407.7
50 68.6 , Est Remaining: 406.2
51 70.0 , Est Remaining: 404.8
52 71.3 , Est Remaining: 403.3
53 72.7 , Est Remaining: 401.8
54 74.0 , Est Remaining: 400.4
55 75.4 , Est Remaining: 399.0
56 76.8 , Est Remaining: 397.6
57 78.1 , Est Remaining: 396.1
58 79.5 , Est Remaining: 394.7
59 80.8 , Est Remaining: 393.2
60 82.2 , Est Remaining: 391.7
61 83.5 , Est Remaining: 390.2
EVENT FAILED
61 83.8 , Est Remaining: 391.6
62 85.2 , Est Remaining: 390.1
63 86.5 , Est Remaining: 388.7
64 87.9 , Est Remaining: 387.3
65 89.2 , Est Remaining: 385.8
66 90.6 , Est Remaining: 384.4
67 92.0 , Est Remaining: 382.9
68 93.3 , Est Remaining: 381.5
69 94.7 , Est Remaining: 380.1
70 96.1 , Est Remaining: 378.7
71 97.4 , Est Remaining: 377.4
72 98.8 , Est Remaining: 376.0
73 100.2 , Est Remaining: 374.6
74 101.5 , Est Remaining: 373.2
75 102.9 , Est Remaining: 371.9
76 104.3 , Est Remaining: 370.5
77 105.7 , Est Remaining: 369.1
78 107.0 , Est Remaining: 367.8
EVENT FAILED
78 107.3 , Est Remaining: 368.8
79 108.7 , Est Remaining: 367.4
80 110.1 , Est Remaining: 366.0
81 111.5 , Est Remaining: 364.6
82 112.8 , Est Remaining: 363.2
83 114.2 , Est Remaining: 361.8
84 115.6 , Est Remaining: 360.4
85 116.9 , Est Remaining: 359.0
86 118.3 , Est Remaining: 357.7
87 119.7 , Est Remaining: 356.3
88 121.0 , Est Remaining: 354.9
89 122.4 , Est Remaining: 353.5
90 123.8 , Est Remaining: 352.1
91 125.1 , Est Remaining: 350.7
92 126.5 , Est Remaining: 349.2
93 127.9 , Est Remaining: 347.9
94 129.3 , Est Remaining: 346.6
95 130.6 , Est Remaining: 345.2
96 132.0 , Est Remaining: 343.8
97 133.4 , Est Remaining: 342.4
98 134.8 , Est Remaining: 341.1
99 136.2 , Est Remaining: 339.7
100 137.5 , Est Remaining: 338.3
101 138.9 , Est Remaining: 336.9
102 140.3 , Est Remaining: 335.5
103 141.6 , Est Remaining: 334.1
104 143.0 , Est Remaining: 332.7
105 144.4 , Est Remaining: 331.3
106 145.7 , Est Remaining: 329.9
107 147.1 , Est Remaining: 328.5
108 148.5 , Est Remaining: 327.1
109 149.8 , Est Remaining: 325.7
110 151.2 , Est Remaining: 324.3
111 152.5 , Est Remaining: 322.9
112 153.9 , Est Remaining: 321.5
113 155.3 , Est Remaining: 320.1
114 156.5 , Est Remaining: 318.4
115 157.8 , Est Remaining: 317.0
116 159.2 , Est Remaining: 315.6
117 160.6 , Est Remaining: 314.2
118 161.9 , Est Remaining: 312.8
119 163.3 , Est Remaining: 311.5
120 164.6 , Est Remaining: 310.1
121 166.0 , Est Remaining: 308.7
122 167.4 , Est Remaining: 307.3
123 168.7 , Est Remaining: 305.9
124 170.1 , Est Remaining: 304.6
125 171.5 , Est Remaining: 303.2
126 172.8 , Est Remaining: 301.8
127 174.2 , Est Remaining: 300.4
128 175.6 , Est Remaining: 299.0
129 176.9 , Est Remaining: 297.6
130 178.3 , Est Remaining: 296.2
131 179.7 , Est Remaining: 294.9
132 181.0 , Est Remaining: 293.5
133 182.4 , Est Remaining: 292.1
134 183.8 , Est Remaining: 290.7
135 185.1 , Est Remaining: 289.4
136 186.5 , Est Remaining: 288.0
137 187.9 , Est Remaining: 286.6
138 189.2 , Est Remaining: 285.2
139 190.6 , Est Remaining: 283.8
140 191.9 , Est Remaining: 282.4
141 193.3 , Est Remaining: 281.0
142 194.6 , Est Remaining: 279.6
143 196.0 , Est Remaining: 278.2
144 197.3 , Est Remaining: 276.8
145 198.7 , Est Remaining: 275.4
146 200.1 , Est Remaining: 274.0
147 201.4 , Est Remaining: 272.6
148 202.8 , Est Remaining: 271.3
149 204.1 , Est Remaining: 269.9
150 205.5 , Est Remaining: 268.5
151 206.8 , Est Remaining: 267.1
EVENT FAILED
151 207.1 , Est Remaining: 267.5
152 208.5 , Est Remaining: 266.1
153 209.9 , Est Remaining: 264.7
154 211.2 , Est Remaining: 263.3
155 212.6 , Est Remaining: 262.0
156 213.9 , Est Remaining: 260.6
157 215.3 , Est Remaining: 259.2
158 216.7 , Est Remaining: 257.8
159 218.1 , Est Remaining: 256.5
160 219.4 , Est Remaining: 255.1
161 220.8 , Est Remaining: 253.7
162 222.2 , Est Remaining: 252.3
163 223.5 , Est Remaining: 250.9
EVENT FAILED
163 223.8 , Est Remaining: 251.3
164 225.2 , Est Remaining: 249.9
165 226.6 , Est Remaining: 248.5
166 227.9 , Est Remaining: 247.2
167 229.3 , Est Remaining: 245.8
168 230.7 , Est Remaining: 244.4
169 232.0 , Est Remaining: 243.0
170 233.4 , Est Remaining: 241.6
171 234.8 , Est Remaining: 240.3
172 236.1 , Est Remaining: 238.9
173 237.5 , Est Remaining: 237.5
174 238.9 , Est Remaining: 236.1
175 240.3 , Est Remaining: 234.8
176 241.6 , Est Remaining: 233.4
177 243.0 , Est Remaining: 232.0
178 244.3 , Est Remaining: 230.6
179 245.7 , Est Remaining: 229.2
180 247.1 , Est Remaining: 227.9
181 248.4 , Est Remaining: 226.5
182 249.8 , Est Remaining: 225.1
183 251.1 , Est Remaining: 223.7
184 252.5 , Est Remaining: 222.3
185 253.8 , Est Remaining: 220.9
186 255.2 , Est Remaining: 219.5
187 256.5 , Est Remaining: 218.1
188 257.9 , Est Remaining: 216.7
189 259.3 , Est Remaining: 215.4
190 260.6 , Est Remaining: 214.0
191 262.0 , Est Remaining: 212.6
EVENT FAILED
191 262.5 , Est Remaining: 213.0
192 263.9 , Est Remaining: 211.6
193 265.2 , Est Remaining: 210.3
194 266.6 , Est Remaining: 208.9
195 268.0 , Est Remaining: 207.5
196 269.3 , Est Remaining: 206.1
197 270.6 , Est Remaining: 204.7
198 272.0 , Est Remaining: 203.3
199 273.3 , Est Remaining: 201.9
200 274.7 , Est Remaining: 200.5
201 276.0 , Est Remaining: 199.1
202 277.4 , Est Remaining: 197.8
203 278.9 , Est Remaining: 196.4
204 280.2 , Est Remaining: 195.0
205 281.5 , Est Remaining: 193.7
206 282.9 , Est Remaining: 192.3
207 284.2 , Est Remaining: 190.9
208 285.6 , Est Remaining: 189.5
209 286.9 , Est Remaining: 188.1
210 288.3 , Est Remaining: 186.7
211 289.6 , Est Remaining: 185.3
212 290.9 , Est Remaining: 183.9
213 292.3 , Est Remaining: 182.5
214 293.6 , Est Remaining: 181.1
215 294.9 , Est Remaining: 179.7
216 296.3 , Est Remaining: 178.3
217 297.6 , Est Remaining: 176.9
218 299.0 , Est Remaining: 175.5
219 300.3 , Est Remaining: 174.2
220 301.7 , Est Remaining: 172.8
221 303.0 , Est Remaining: 171.4
222 304.4 , Est Remaining: 170.0
EVENT FAILED
222 304.7 , Est Remaining: 170.2
223 306.0 , Est Remaining: 168.8
224 307.4 , Est Remaining: 167.4
225 308.7 , Est Remaining: 166.0
226 310.1 , Est Remaining: 164.6
227 311.4 , Est Remaining: 163.3
228 312.8 , Est Remaining: 161.9
EVENT FAILED
228 313.1 , Est Remaining: 162.0
229 314.5 , Est Remaining: 160.7
230 315.8 , Est Remaining: 159.3
231 317.2 , Est Remaining: 157.9
232 318.6 , Est Remaining: 156.5
233 319.9 , Est Remaining: 155.1
234 321.2 , Est Remaining: 153.7
235 322.5 , Est Remaining: 152.4
236 323.9 , Est Remaining: 151.0
237 325.2 , Est Remaining: 149.6
238 326.6 , Est Remaining: 148.2
239 327.9 , Est Remaining: 146.8
240 329.3 , Est Remaining: 145.4
241 330.6 , Est Remaining: 144.0
242 332.0 , Est Remaining: 142.7
243 333.3 , Est Remaining: 141.3
244 334.7 , Est Remaining: 139.9
245 336.0 , Est Remaining: 138.5
246 337.4 , Est Remaining: 137.1
247 338.7 , Est Remaining: 135.8
248 340.1 , Est Remaining: 134.4
EVENT FAILED
248 340.4 , Est Remaining: 134.5
249 341.7 , Est Remaining: 133.1
250 343.1 , Est Remaining: 131.7
251 344.4 , Est Remaining: 130.4
252 345.8 , Est Remaining: 129.0
253 347.1 , Est Remaining: 127.6
254 348.5 , Est Remaining: 126.2
255 349.9 , Est Remaining: 124.9
EVENT FAILED
255 350.2 , Est Remaining: 125.0
256 351.5 , Est Remaining: 123.6
257 352.9 , Est Remaining: 122.2
258 354.2 , Est Remaining: 120.8
259 355.6 , Est Remaining: 119.4
260 357.0 , Est Remaining: 118.1
261 358.3 , Est Remaining: 116.7
262 359.7 , Est Remaining: 115.3
263 361.1 , Est Remaining: 113.9
264 362.4 , Est Remaining: 112.6
265 363.8 , Est Remaining: 111.2
266 365.1 , Est Remaining: 109.8
267 366.5 , Est Remaining: 108.4
268 367.8 , Est Remaining: 107.1
269 369.2 , Est Remaining: 105.7
270 370.6 , Est Remaining: 104.3
271 371.9 , Est Remaining: 102.9
272 373.3 , Est Remaining: 101.6
273 374.6 , Est Remaining: 100.2
274 376.0 , Est Remaining: 98.8
275 377.4 , Est Remaining: 97.4
276 378.7 , Est Remaining: 96.1
277 380.1 , Est Remaining: 94.7
278 381.4 , Est Remaining: 93.3
279 382.8 , Est Remaining: 91.9
280 384.1 , Est Remaining: 90.5
281 385.5 , Est Remaining: 89.2
282 386.8 , Est Remaining: 87.8
283 388.2 , Est Remaining: 86.4
284 389.6 , Est Remaining: 85.0
285 390.9 , Est Remaining: 83.7
286 392.3 , Est Remaining: 82.3
287 393.7 , Est Remaining: 80.9
288 395.0 , Est Remaining: 79.5
289 396.3 , Est Remaining: 78.2
290 397.7 , Est Remaining: 76.8
291 399.0 , Est Remaining: 75.4
292 400.4 , Est Remaining: 74.0
293 401.7 , Est Remaining: 72.7
294 403.0 , Est Remaining: 71.3
295 404.3 , Est Remaining: 69.9
296 405.7 , Est Remaining: 68.5
297 407.0 , Est Remaining: 67.1
298 408.3 , Est Remaining: 65.8
299 409.6 , Est Remaining: 64.4
300 410.9 , Est Remaining: 63.0
301 412.2 , Est Remaining: 61.6
302 413.7 , Est Remaining: 60.3
303 415.0 , Est Remaining: 58.9
304 416.3 , Est Remaining: 57.5
EVENT FAILED
304 416.6 , Est Remaining: 57.6
305 417.9 , Est Remaining: 56.2
306 419.2 , Est Remaining: 54.8
307 420.5 , Est Remaining: 53.4
308 421.8 , Est Remaining: 52.0
309 423.1 , Est Remaining: 50.7
310 424.4 , Est Remaining: 49.3
311 425.7 , Est Remaining: 47.9
312 427.0 , Est Remaining: 46.5
313 428.3 , Est Remaining: 45.2
314 429.5 , Est Remaining: 43.8
315 430.8 , Est Remaining: 42.4
EVENT FAILED
315 431.1 , Est Remaining: 42.4
316 432.3 , Est Remaining: 41.0
317 433.6 , Est Remaining: 39.7
318 434.9 , Est Remaining: 38.3
319 436.2 , Est Remaining: 36.9
320 437.5 , Est Remaining: 35.5
EVENT FAILED
320 437.8 , Est Remaining: 35.6
EVENT FAILED
320 438.1 , Est Remaining: 35.6
321 439.3 , Est Remaining: 34.2
322 440.6 , Est Remaining: 32.8
323 441.9 , Est Remaining: 31.5
324 443.2 , Est Remaining: 30.1
325 444.4 , Est Remaining: 28.7
EVENT FAILED
325 444.7 , Est Remaining: 28.7
326 446.0 , Est Remaining: 27.4
327 447.3 , Est Remaining: 26.0
328 448.5 , Est Remaining: 24.6
329 449.8 , Est Remaining: 23.2
