Note: NumExpr detected 32 cores but "NUMEXPR_MAX_THREADS" not set, so enforcing safe limit of 8.
Using selector: EpollSelector
/n/home02/jhaefner/miniconda/envs/IC-3.7-2020-06-16/lib/python3.7/site-packages/scipy/optimize/minpack.py:808: OptimizeWarning: Covariance of the parameters could not be estimated
  category=OptimizeWarning)
Total rwfs: 346
0 0.0 , Est Remaining: 999999.9
1 1.4 , Est Remaining: 484.8
2 2.8 , Est Remaining: 486.8
3 4.2 , Est Remaining: 484.0
4 5.6 , Est Remaining: 479.1
5 7.0 , Est Remaining: 477.7
6 8.4 , Est Remaining: 475.4
7 9.7 , Est Remaining: 472.0
8 11.1 , Est Remaining: 469.7
9 12.5 , Est Remaining: 467.6
10 13.8 , Est Remaining: 464.5
11 15.1 , Est Remaining: 461.2
12 16.5 , Est Remaining: 458.6
13 17.8 , Est Remaining: 456.0
14 19.1 , Est Remaining: 454.0
15 20.5 , Est Remaining: 452.2
16 21.8 , Est Remaining: 450.2
17 23.2 , Est Remaining: 448.4
18 24.5 , Est Remaining: 446.5
19 25.8 , Est Remaining: 444.6
20 27.2 , Est Remaining: 442.8
21 28.5 , Est Remaining: 441.3
22 29.9 , Est Remaining: 439.7
23 31.2 , Est Remaining: 438.1
24 32.5 , Est Remaining: 436.6
25 33.9 , Est Remaining: 435.4
26 35.2 , Est Remaining: 433.8
27 36.6 , Est Remaining: 432.4
28 37.9 , Est Remaining: 430.8
29 39.2 , Est Remaining: 429.0
30 40.6 , Est Remaining: 427.4
31 41.9 , Est Remaining: 425.8
32 43.2 , Est Remaining: 424.2
33 44.5 , Est Remaining: 422.4
34 45.9 , Est Remaining: 420.9
35 47.2 , Est Remaining: 419.3
36 48.5 , Est Remaining: 417.8
37 49.8 , Est Remaining: 416.3
38 51.2 , Est Remaining: 414.7
39 52.5 , Est Remaining: 413.3
40 53.8 , Est Remaining: 411.9
41 55.2 , Est Remaining: 410.6
42 56.5 , Est Remaining: 409.1
43 57.8 , Est Remaining: 407.5
44 59.2 , Est Remaining: 406.0
45 60.5 , Est Remaining: 404.5
46 61.8 , Est Remaining: 402.9
47 63.1 , Est Remaining: 401.4
48 64.4 , Est Remaining: 399.9
49 65.7 , Est Remaining: 398.4
50 67.0 , Est Remaining: 396.9
51 68.4 , Est Remaining: 395.5
52 69.7 , Est Remaining: 394.0
53 71.0 , Est Remaining: 392.6
54 72.4 , Est Remaining: 391.3
55 73.7 , Est Remaining: 390.0
56 75.0 , Est Remaining: 388.6
EVENT FAILED
56 75.3 , Est Remaining: 390.2
57 76.7 , Est Remaining: 388.7
58 78.0 , Est Remaining: 387.4
59 79.3 , Est Remaining: 385.9
60 80.7 , Est Remaining: 384.5
61 82.0 , Est Remaining: 383.1
62 83.3 , Est Remaining: 381.8
63 84.7 , Est Remaining: 380.5
64 86.1 , Est Remaining: 379.2
65 87.4 , Est Remaining: 378.0
66 88.8 , Est Remaining: 376.6
67 90.1 , Est Remaining: 375.3
68 91.5 , Est Remaining: 374.1
69 92.9 , Est Remaining: 372.8
70 94.2 , Est Remaining: 371.5
71 95.6 , Est Remaining: 370.2
72 96.9 , Est Remaining: 368.9
73 98.3 , Est Remaining: 367.6
74 99.7 , Est Remaining: 366.4
75 101.1 , Est Remaining: 365.2
76 102.4 , Est Remaining: 364.0
77 103.8 , Est Remaining: 362.7
78 105.2 , Est Remaining: 361.6
79 106.6 , Est Remaining: 360.4
EVENT FAILED
79 107.0 , Est Remaining: 361.6
80 108.4 , Est Remaining: 360.3
81 109.8 , Est Remaining: 359.1
82 111.1 , Est Remaining: 357.8
83 112.5 , Est Remaining: 356.6
84 113.9 , Est Remaining: 355.3
85 115.3 , Est Remaining: 354.1
86 116.7 , Est Remaining: 352.8
87 118.1 , Est Remaining: 351.5
88 119.5 , Est Remaining: 350.3
89 120.9 , Est Remaining: 349.0
90 122.3 , Est Remaining: 347.8
91 123.7 , Est Remaining: 346.5
92 125.1 , Est Remaining: 345.3
93 126.5 , Est Remaining: 344.1
94 127.9 , Est Remaining: 342.8
95 129.3 , Est Remaining: 341.6
96 130.7 , Est Remaining: 340.5
97 132.2 , Est Remaining: 339.2
98 133.6 , Est Remaining: 338.0
99 135.0 , Est Remaining: 336.7
100 136.4 , Est Remaining: 335.5
101 137.8 , Est Remaining: 334.2
102 139.2 , Est Remaining: 332.9
103 140.7 , Est Remaining: 331.9
104 142.1 , Est Remaining: 330.6
105 143.5 , Est Remaining: 329.4
106 144.9 , Est Remaining: 328.1
107 146.3 , Est Remaining: 326.8
108 147.7 , Est Remaining: 325.5
109 149.1 , Est Remaining: 324.2
110 150.5 , Est Remaining: 322.9
111 151.9 , Est Remaining: 321.7
112 153.3 , Est Remaining: 320.4
113 154.8 , Est Remaining: 319.1
114 156.2 , Est Remaining: 317.8
115 157.6 , Est Remaining: 316.6
116 159.0 , Est Remaining: 315.3
117 160.4 , Est Remaining: 313.9
118 161.8 , Est Remaining: 312.7
119 163.3 , Est Remaining: 311.4
120 164.7 , Est Remaining: 310.2
121 166.1 , Est Remaining: 308.9
122 167.6 , Est Remaining: 307.7
123 169.0 , Est Remaining: 306.4
124 170.4 , Est Remaining: 305.1
125 171.8 , Est Remaining: 303.8
126 173.3 , Est Remaining: 302.5
127 174.7 , Est Remaining: 301.2
128 176.1 , Est Remaining: 300.0
129 177.6 , Est Remaining: 298.7
130 179.0 , Est Remaining: 297.4
131 180.5 , Est Remaining: 296.2
132 181.9 , Est Remaining: 294.9
133 183.3 , Est Remaining: 293.6
134 184.8 , Est Remaining: 292.3
135 186.2 , Est Remaining: 291.0
136 187.6 , Est Remaining: 289.7
137 189.1 , Est Remaining: 288.4
138 190.5 , Est Remaining: 287.1
139 191.9 , Est Remaining: 285.8
140 193.4 , Est Remaining: 284.5
141 194.8 , Est Remaining: 283.2
142 196.3 , Est Remaining: 281.9
143 197.7 , Est Remaining: 280.6
144 199.1 , Est Remaining: 279.3
145 200.5 , Est Remaining: 278.0
146 201.9 , Est Remaining: 276.6
147 203.4 , Est Remaining: 275.3
EVENT FAILED
147 203.7 , Est Remaining: 275.7
148 205.1 , Est Remaining: 274.4
149 206.5 , Est Remaining: 273.1
150 208.0 , Est Remaining: 271.7
151 209.4 , Est Remaining: 270.4
152 210.8 , Est Remaining: 269.1
153 212.2 , Est Remaining: 267.7
154 213.7 , Est Remaining: 266.4
155 215.1 , Est Remaining: 265.0
156 216.5 , Est Remaining: 263.7
157 217.9 , Est Remaining: 262.3
158 219.3 , Est Remaining: 261.0
159 220.8 , Est Remaining: 259.7
160 222.2 , Est Remaining: 258.3
161 223.6 , Est Remaining: 257.0
162 225.1 , Est Remaining: 255.7
163 226.6 , Est Remaining: 254.3
164 228.0 , Est Remaining: 253.0
165 229.4 , Est Remaining: 251.7
166 230.9 , Est Remaining: 250.3
167 232.3 , Est Remaining: 249.0
168 233.8 , Est Remaining: 247.7
169 235.2 , Est Remaining: 246.4
170 236.7 , Est Remaining: 245.0
171 238.1 , Est Remaining: 243.7
172 239.6 , Est Remaining: 242.4
173 241.0 , Est Remaining: 241.0
174 242.5 , Est Remaining: 239.7
175 244.0 , Est Remaining: 238.4
176 245.4 , Est Remaining: 237.0
177 246.8 , Est Remaining: 235.7
178 248.3 , Est Remaining: 234.3
179 249.7 , Est Remaining: 233.0
180 251.1 , Est Remaining: 231.6
181 252.6 , Est Remaining: 230.3
182 254.0 , Est Remaining: 228.9
183 255.5 , Est Remaining: 227.5
184 256.9 , Est Remaining: 226.2
185 258.3 , Est Remaining: 224.8
186 259.7 , Est Remaining: 223.4
187 261.2 , Est Remaining: 222.1
188 262.6 , Est Remaining: 220.7
189 264.1 , Est Remaining: 219.3
190 265.5 , Est Remaining: 218.0
191 266.9 , Est Remaining: 216.6
192 268.3 , Est Remaining: 215.2
193 269.7 , Est Remaining: 213.8
194 271.1 , Est Remaining: 212.4
195 272.5 , Est Remaining: 211.0
196 273.9 , Est Remaining: 209.7
197 275.4 , Est Remaining: 208.3
198 276.8 , Est Remaining: 206.9
199 278.3 , Est Remaining: 205.6
200 279.7 , Est Remaining: 204.2
201 281.2 , Est Remaining: 202.8
202 282.6 , Est Remaining: 201.5
203 284.2 , Est Remaining: 200.2
204 285.7 , Est Remaining: 198.8
205 287.1 , Est Remaining: 197.5
206 288.6 , Est Remaining: 196.1
207 290.0 , Est Remaining: 194.7
208 291.5 , Est Remaining: 193.4
209 292.9 , Est Remaining: 192.0
210 294.4 , Est Remaining: 190.6
211 295.8 , Est Remaining: 189.3
212 297.3 , Est Remaining: 187.9
213 298.7 , Est Remaining: 186.5
214 300.2 , Est Remaining: 185.2
215 301.6 , Est Remaining: 183.8
216 303.1 , Est Remaining: 182.4
217 304.5 , Est Remaining: 181.0
218 305.9 , Est Remaining: 179.6
219 307.3 , Est Remaining: 178.2
220 308.8 , Est Remaining: 176.8
221 310.2 , Est Remaining: 175.4
222 311.6 , Est Remaining: 174.1
223 313.0 , Est Remaining: 172.7
224 314.4 , Est Remaining: 171.3
225 315.8 , Est Remaining: 169.9
226 317.3 , Est Remaining: 168.5
227 318.7 , Est Remaining: 167.1
228 320.1 , Est Remaining: 165.7
229 321.6 , Est Remaining: 164.3
230 323.0 , Est Remaining: 162.9
231 324.4 , Est Remaining: 161.5
232 325.8 , Est Remaining: 160.1
233 327.3 , Est Remaining: 158.7
234 328.7 , Est Remaining: 157.3
235 330.1 , Est Remaining: 155.9
236 331.6 , Est Remaining: 154.5
237 333.0 , Est Remaining: 153.2
238 334.5 , Est Remaining: 151.8
239 335.9 , Est Remaining: 150.4
240 337.4 , Est Remaining: 149.0
241 338.8 , Est Remaining: 147.6
EVENT FAILED
241 339.1 , Est Remaining: 147.7
242 340.6 , Est Remaining: 146.4
243 342.0 , Est Remaining: 145.0
244 343.4 , Est Remaining: 143.6
245 344.9 , Est Remaining: 142.2
246 346.4 , Est Remaining: 140.8
247 347.8 , Est Remaining: 139.4
248 349.3 , Est Remaining: 138.0
249 350.7 , Est Remaining: 136.6
250 352.2 , Est Remaining: 135.2
251 353.6 , Est Remaining: 133.8
252 355.0 , Est Remaining: 132.4
253 356.5 , Est Remaining: 131.0
254 357.9 , Est Remaining: 129.6
255 359.4 , Est Remaining: 128.3
256 360.8 , Est Remaining: 126.9
257 362.3 , Est Remaining: 125.5
258 363.7 , Est Remaining: 124.0
259 365.1 , Est Remaining: 122.6
260 366.5 , Est Remaining: 121.2
261 367.9 , Est Remaining: 119.8
262 369.4 , Est Remaining: 118.4
263 370.8 , Est Remaining: 117.0
264 372.2 , Est Remaining: 115.6
265 373.6 , Est Remaining: 114.2
EVENT FAILED
265 373.9 , Est Remaining: 114.3
266 375.3 , Est Remaining: 112.9
267 376.8 , Est Remaining: 111.5
268 378.2 , Est Remaining: 110.1
269 379.6 , Est Remaining: 108.7
270 381.1 , Est Remaining: 107.3
271 382.5 , Est Remaining: 105.9
272 383.9 , Est Remaining: 104.5
EVENT FAILED
272 384.2 , Est Remaining: 104.5
273 385.7 , Est Remaining: 103.1
274 387.1 , Est Remaining: 101.7
275 388.6 , Est Remaining: 100.3
EVENT FAILED
275 388.9 , Est Remaining: 100.4
276 390.4 , Est Remaining: 99.0
277 391.8 , Est Remaining: 97.6
278 393.2 , Est Remaining: 96.2
279 394.6 , Est Remaining: 94.8
280 396.0 , Est Remaining: 93.4
281 397.5 , Est Remaining: 91.9
282 398.8 , Est Remaining: 90.5
283 400.2 , Est Remaining: 89.1
284 401.7 , Est Remaining: 87.7
285 403.1 , Est Remaining: 86.3
286 404.5 , Est Remaining: 84.9
287 405.9 , Est Remaining: 83.4
288 407.3 , Est Remaining: 82.0
289 408.8 , Est Remaining: 80.6
290 410.2 , Est Remaining: 79.2
291 411.6 , Est Remaining: 77.8
EVENT FAILED
291 411.9 , Est Remaining: 77.9
292 413.4 , Est Remaining: 76.4
293 414.8 , Est Remaining: 75.0
294 416.3 , Est Remaining: 73.6
295 417.7 , Est Remaining: 72.2
296 419.1 , Est Remaining: 70.8
297 420.6 , Est Remaining: 69.4
298 422.0 , Est Remaining: 68.0
299 423.5 , Est Remaining: 66.6
300 424.9 , Est Remaining: 65.2
301 426.4 , Est Remaining: 63.7
302 428.0 , Est Remaining: 62.4
303 429.4 , Est Remaining: 60.9
304 430.8 , Est Remaining: 59.5
305 432.3 , Est Remaining: 58.1
306 433.7 , Est Remaining: 56.7
307 435.2 , Est Remaining: 55.3
308 436.7 , Est Remaining: 53.9
309 438.1 , Est Remaining: 52.5
310 439.6 , Est Remaining: 51.0
311 441.0 , Est Remaining: 49.6
312 442.5 , Est Remaining: 48.2
313 443.9 , Est Remaining: 46.8
314 445.4 , Est Remaining: 45.4
315 446.9 , Est Remaining: 44.0
316 448.3 , Est Remaining: 42.6
317 449.8 , Est Remaining: 41.1
318 451.2 , Est Remaining: 39.7
319 452.6 , Est Remaining: 38.3
320 454.1 , Est Remaining: 36.9
321 455.5 , Est Remaining: 35.5
322 456.9 , Est Remaining: 34.1
323 458.3 , Est Remaining: 32.6
EVENT FAILED
323 458.6 , Est Remaining: 32.7
324 460.0 , Est Remaining: 31.2
325 461.4 , Est Remaining: 29.8
326 462.8 , Est Remaining: 28.4
327 464.2 , Est Remaining: 27.0
328 465.6 , Est Remaining: 25.6
329 467.1 , Est Remaining: 24.1
330 468.5 , Est Remaining: 22.7
331 469.9 , Est Remaining: 21.3
332 471.3 , Est Remaining: 19.9
333 472.6 , Est Remaining: 18.5
EVENT FAILED
333 473.0 , Est Remaining: 18.5
334 474.4 , Est Remaining: 17.0
335 475.8 , Est Remaining: 15.6
