Note: NumExpr detected 32 cores but "NUMEXPR_MAX_THREADS" not set, so enforcing safe limit of 8.
Using selector: EpollSelector
/n/home02/jhaefner/miniconda/envs/IC-3.7-2020-06-16/lib/python3.7/site-packages/scipy/optimize/minpack.py:808: OptimizeWarning: Covariance of the parameters could not be estimated
  category=OptimizeWarning)
Total rwfs: 346
0 0.0 , Est Remaining: 999999.9
1 1.5 , Est Remaining: 517.0
2 3.0 , Est Remaining: 512.7
3 4.5 , Est Remaining: 512.0
4 6.0 , Est Remaining: 509.4
5 7.4 , Est Remaining: 507.3
6 8.9 , Est Remaining: 504.6
7 10.3 , Est Remaining: 501.2
8 11.8 , Est Remaining: 498.9
9 13.2 , Est Remaining: 496.1
10 14.7 , Est Remaining: 494.1
11 16.2 , Est Remaining: 492.0
12 17.6 , Est Remaining: 489.7
13 19.0 , Est Remaining: 487.5
14 20.5 , Est Remaining: 485.3
15 21.9 , Est Remaining: 483.5
16 23.3 , Est Remaining: 481.4
17 24.8 , Est Remaining: 479.4
18 26.2 , Est Remaining: 477.8
19 27.7 , Est Remaining: 476.2
20 29.1 , Est Remaining: 475.0
21 30.6 , Est Remaining: 473.4
22 32.0 , Est Remaining: 471.5
23 33.5 , Est Remaining: 469.8
24 34.9 , Est Remaining: 467.9
25 36.3 , Est Remaining: 466.3
26 37.8 , Est Remaining: 464.8
27 39.2 , Est Remaining: 463.1
28 40.6 , Est Remaining: 461.6
29 42.1 , Est Remaining: 459.9
30 43.5 , Est Remaining: 458.2
31 44.9 , Est Remaining: 456.7
32 46.4 , Est Remaining: 455.1
33 47.8 , Est Remaining: 453.5
34 49.3 , Est Remaining: 452.2
35 50.8 , Est Remaining: 451.0
36 52.2 , Est Remaining: 449.7
37 53.7 , Est Remaining: 448.2
38 55.1 , Est Remaining: 446.6
39 56.6 , Est Remaining: 445.2
40 58.0 , Est Remaining: 443.8
41 59.4 , Est Remaining: 442.1
42 60.9 , Est Remaining: 440.7
43 62.3 , Est Remaining: 439.1
44 63.8 , Est Remaining: 437.6
45 65.2 , Est Remaining: 436.1
46 66.7 , Est Remaining: 434.8
47 68.1 , Est Remaining: 433.3
48 69.5 , Est Remaining: 431.8
49 71.0 , Est Remaining: 430.2
50 72.4 , Est Remaining: 428.7
EVENT FAILED
50 72.7 , Est Remaining: 430.5
51 74.2 , Est Remaining: 429.0
52 75.6 , Est Remaining: 427.4
53 77.0 , Est Remaining: 425.9
54 78.5 , Est Remaining: 424.3
55 79.9 , Est Remaining: 422.8
56 81.3 , Est Remaining: 421.2
57 82.8 , Est Remaining: 419.7
58 84.2 , Est Remaining: 418.0
59 85.6 , Est Remaining: 416.6
60 87.1 , Est Remaining: 415.2
61 88.6 , Est Remaining: 413.7
62 90.0 , Est Remaining: 412.4
63 91.5 , Est Remaining: 411.0
64 92.9 , Est Remaining: 409.6
65 94.4 , Est Remaining: 408.1
66 95.9 , Est Remaining: 406.8
67 97.3 , Est Remaining: 405.3
68 98.8 , Est Remaining: 403.8
69 100.2 , Est Remaining: 402.3
70 101.7 , Est Remaining: 401.0
71 103.2 , Est Remaining: 399.6
72 104.6 , Est Remaining: 398.3
73 106.1 , Est Remaining: 396.7
74 107.5 , Est Remaining: 395.2
75 108.9 , Est Remaining: 393.6
76 110.4 , Est Remaining: 392.1
77 111.8 , Est Remaining: 390.6
78 113.3 , Est Remaining: 389.2
79 114.7 , Est Remaining: 387.7
80 116.1 , Est Remaining: 386.2
81 117.6 , Est Remaining: 384.7
82 119.0 , Est Remaining: 383.2
83 120.4 , Est Remaining: 381.7
84 121.9 , Est Remaining: 380.2
85 123.3 , Est Remaining: 378.7
86 124.8 , Est Remaining: 377.2
87 126.2 , Est Remaining: 375.7
88 127.7 , Est Remaining: 374.3
89 129.1 , Est Remaining: 372.8
90 130.5 , Est Remaining: 371.3
91 132.0 , Est Remaining: 369.8
92 133.4 , Est Remaining: 368.4
93 134.9 , Est Remaining: 366.9
94 136.4 , Est Remaining: 365.6
95 137.8 , Est Remaining: 364.1
96 139.2 , Est Remaining: 362.6
97 140.7 , Est Remaining: 361.1
98 142.2 , Est Remaining: 359.7
99 143.6 , Est Remaining: 358.3
100 145.1 , Est Remaining: 356.9
101 146.5 , Est Remaining: 355.4
102 148.0 , Est Remaining: 354.0
103 149.5 , Est Remaining: 352.7
104 151.0 , Est Remaining: 351.3
105 152.4 , Est Remaining: 349.8
106 153.8 , Est Remaining: 348.3
107 155.3 , Est Remaining: 346.9
108 156.7 , Est Remaining: 345.4
109 158.2 , Est Remaining: 343.9
110 159.6 , Est Remaining: 342.5
111 161.1 , Est Remaining: 341.1
112 162.6 , Est Remaining: 339.6
113 164.0 , Est Remaining: 338.2
114 165.5 , Est Remaining: 336.8
115 166.9 , Est Remaining: 335.3
116 168.4 , Est Remaining: 333.8
117 169.8 , Est Remaining: 332.4
118 171.3 , Est Remaining: 330.9
119 172.7 , Est Remaining: 329.5
120 174.1 , Est Remaining: 328.0
121 175.6 , Est Remaining: 326.5
122 177.0 , Est Remaining: 325.1
EVENT FAILED
122 177.3 , Est Remaining: 325.6
123 178.8 , Est Remaining: 324.1
124 180.2 , Est Remaining: 322.6
125 181.6 , Est Remaining: 321.1
126 183.1 , Est Remaining: 319.7
127 184.5 , Est Remaining: 318.2
128 186.0 , Est Remaining: 316.7
129 187.5 , Est Remaining: 315.4
130 188.9 , Est Remaining: 313.9
EVENT FAILED
130 189.2 , Est Remaining: 314.4
131 190.7 , Est Remaining: 312.9
132 192.1 , Est Remaining: 311.5
EVENT FAILED
132 192.4 , Est Remaining: 312.0
133 193.9 , Est Remaining: 310.5
134 195.3 , Est Remaining: 309.0
135 196.8 , Est Remaining: 307.6
136 198.2 , Est Remaining: 306.1
137 199.7 , Est Remaining: 304.6
138 201.1 , Est Remaining: 303.2
139 202.6 , Est Remaining: 301.7
140 204.0 , Est Remaining: 300.2
141 205.5 , Est Remaining: 298.7
142 206.9 , Est Remaining: 297.3
143 208.4 , Est Remaining: 295.8
144 209.8 , Est Remaining: 294.3
145 211.3 , Est Remaining: 292.9
146 212.7 , Est Remaining: 291.4
147 214.2 , Est Remaining: 289.9
148 215.6 , Est Remaining: 288.4
149 217.0 , Est Remaining: 287.0
150 218.4 , Est Remaining: 285.4
151 219.9 , Est Remaining: 283.9
152 221.3 , Est Remaining: 282.5
153 222.8 , Est Remaining: 281.0
154 224.2 , Est Remaining: 279.5
155 225.7 , Est Remaining: 278.1
156 227.1 , Est Remaining: 276.6
157 228.6 , Est Remaining: 275.2
158 230.0 , Est Remaining: 273.7
159 231.5 , Est Remaining: 272.3
160 232.9 , Est Remaining: 270.8
161 234.4 , Est Remaining: 269.3
162 235.8 , Est Remaining: 267.8
163 237.3 , Est Remaining: 266.4
164 238.7 , Est Remaining: 264.9
EVENT FAILED
164 239.0 , Est Remaining: 265.2
165 240.5 , Est Remaining: 263.8
166 241.9 , Est Remaining: 262.3
167 243.4 , Est Remaining: 260.9
168 244.8 , Est Remaining: 259.4
169 246.3 , Est Remaining: 257.9
170 247.7 , Est Remaining: 256.5
171 249.1 , Est Remaining: 255.0
172 250.6 , Est Remaining: 253.5
173 252.0 , Est Remaining: 252.0
174 253.5 , Est Remaining: 250.5
175 254.9 , Est Remaining: 249.1
176 256.4 , Est Remaining: 247.6
177 257.8 , Est Remaining: 246.1
178 259.2 , Est Remaining: 244.7
179 260.6 , Est Remaining: 243.2
180 262.1 , Est Remaining: 241.7
181 263.5 , Est Remaining: 240.2
182 264.9 , Est Remaining: 238.7
183 266.4 , Est Remaining: 237.3
184 267.8 , Est Remaining: 235.8
185 269.3 , Est Remaining: 234.3
186 270.7 , Est Remaining: 232.9
187 272.2 , Est Remaining: 231.4
188 273.6 , Est Remaining: 230.0
189 275.1 , Est Remaining: 228.5
190 276.5 , Est Remaining: 227.0
191 277.9 , Est Remaining: 225.6
192 279.4 , Est Remaining: 224.1
193 280.8 , Est Remaining: 222.6
194 282.3 , Est Remaining: 221.2
195 283.8 , Est Remaining: 219.7
196 285.2 , Est Remaining: 218.2
197 286.6 , Est Remaining: 216.8
198 288.0 , Est Remaining: 215.3
199 289.5 , Est Remaining: 213.8
200 290.9 , Est Remaining: 212.4
201 292.3 , Est Remaining: 210.9
202 293.7 , Est Remaining: 209.4
203 295.3 , Est Remaining: 208.0
204 296.7 , Est Remaining: 206.5
205 298.1 , Est Remaining: 205.0
206 299.5 , Est Remaining: 203.6
207 301.0 , Est Remaining: 202.1
208 302.4 , Est Remaining: 200.6
209 303.8 , Est Remaining: 199.2
210 305.3 , Est Remaining: 197.7
211 306.7 , Est Remaining: 196.2
212 308.2 , Est Remaining: 194.8
213 309.6 , Est Remaining: 193.3
214 311.0 , Est Remaining: 191.9
215 312.5 , Est Remaining: 190.4
216 314.0 , Est Remaining: 189.0
217 315.4 , Est Remaining: 187.5
218 316.9 , Est Remaining: 186.1
219 318.4 , Est Remaining: 184.6
220 319.8 , Est Remaining: 183.2
221 321.3 , Est Remaining: 181.7
222 322.7 , Est Remaining: 180.3
223 324.2 , Est Remaining: 178.8
224 325.6 , Est Remaining: 177.4
225 327.1 , Est Remaining: 175.9
226 328.5 , Est Remaining: 174.4
227 330.0 , Est Remaining: 173.0
228 331.5 , Est Remaining: 171.5
229 332.9 , Est Remaining: 170.1
230 334.4 , Est Remaining: 168.6
231 335.8 , Est Remaining: 167.2
232 337.2 , Est Remaining: 165.7
233 338.7 , Est Remaining: 164.3
234 340.1 , Est Remaining: 162.8
235 341.6 , Est Remaining: 161.3
236 343.0 , Est Remaining: 159.9
237 344.4 , Est Remaining: 158.4
238 345.9 , Est Remaining: 157.0
239 347.3 , Est Remaining: 155.5
240 348.8 , Est Remaining: 154.0
241 350.2 , Est Remaining: 152.6
242 351.7 , Est Remaining: 151.1
243 353.1 , Est Remaining: 149.7
244 354.6 , Est Remaining: 148.2
245 356.0 , Est Remaining: 146.8
246 357.5 , Est Remaining: 145.3
247 358.9 , Est Remaining: 143.9
248 360.4 , Est Remaining: 142.4
249 361.8 , Est Remaining: 141.0
250 363.3 , Est Remaining: 139.5
251 364.8 , Est Remaining: 138.1
252 366.2 , Est Remaining: 136.6
253 367.6 , Est Remaining: 135.1
254 369.1 , Est Remaining: 133.7
255 370.5 , Est Remaining: 132.2
256 371.9 , Est Remaining: 130.8
257 373.4 , Est Remaining: 129.3
258 374.8 , Est Remaining: 127.8
259 376.3 , Est Remaining: 126.4
260 377.7 , Est Remaining: 124.9
261 379.1 , Est Remaining: 123.5
262 380.6 , Est Remaining: 122.0
263 382.0 , Est Remaining: 120.6
264 383.5 , Est Remaining: 119.1
265 384.9 , Est Remaining: 117.6
266 386.3 , Est Remaining: 116.2
267 387.7 , Est Remaining: 114.7
268 389.1 , Est Remaining: 113.2
269 390.5 , Est Remaining: 111.8
270 392.0 , Est Remaining: 110.3
271 393.4 , Est Remaining: 108.9
272 394.8 , Est Remaining: 107.4
273 396.2 , Est Remaining: 105.9
274 397.6 , Est Remaining: 104.5
275 399.0 , Est Remaining: 103.0
276 400.4 , Est Remaining: 101.5
277 401.8 , Est Remaining: 100.1
278 403.2 , Est Remaining: 98.6
279 404.5 , Est Remaining: 97.1
280 405.9 , Est Remaining: 95.7
281 407.3 , Est Remaining: 94.2
282 408.7 , Est Remaining: 92.8
283 410.1 , Est Remaining: 91.3
284 411.5 , Est Remaining: 89.8
285 412.8 , Est Remaining: 88.4
286 414.2 , Est Remaining: 86.9
287 415.6 , Est Remaining: 85.4
288 417.0 , Est Remaining: 84.0
289 418.4 , Est Remaining: 82.5
290 419.7 , Est Remaining: 81.1
291 421.1 , Est Remaining: 79.6
292 422.5 , Est Remaining: 78.1
293 423.9 , Est Remaining: 76.7
294 425.3 , Est Remaining: 75.2
295 426.7 , Est Remaining: 73.8
296 428.1 , Est Remaining: 72.3
297 429.5 , Est Remaining: 70.9
298 430.9 , Est Remaining: 69.4
299 432.3 , Est Remaining: 67.9
300 433.6 , Est Remaining: 66.5
301 435.0 , Est Remaining: 65.0
302 436.5 , Est Remaining: 63.6
303 437.9 , Est Remaining: 62.1
304 439.3 , Est Remaining: 60.7
305 440.7 , Est Remaining: 59.2
306 442.0 , Est Remaining: 57.8
307 443.4 , Est Remaining: 56.3
308 444.8 , Est Remaining: 54.9
309 446.2 , Est Remaining: 53.4
310 447.6 , Est Remaining: 52.0
311 449.0 , Est Remaining: 50.5
312 450.3 , Est Remaining: 49.1
313 451.7 , Est Remaining: 47.6
314 453.1 , Est Remaining: 46.2
315 454.5 , Est Remaining: 44.7
316 455.9 , Est Remaining: 43.3
317 457.3 , Est Remaining: 41.8
318 458.7 , Est Remaining: 40.4
319 460.1 , Est Remaining: 38.9
320 461.5 , Est Remaining: 37.5
321 462.9 , Est Remaining: 36.1
322 464.3 , Est Remaining: 34.6
323 465.7 , Est Remaining: 33.2
324 467.2 , Est Remaining: 31.7
325 468.6 , Est Remaining: 30.3
326 470.0 , Est Remaining: 28.8
327 471.4 , Est Remaining: 27.4
328 472.9 , Est Remaining: 25.9
329 474.3 , Est Remaining: 24.5
330 475.7 , Est Remaining: 23.1
331 477.1 , Est Remaining: 21.6
332 478.5 , Est Remaining: 20.2
333 479.9 , Est Remaining: 18.7
334 481.2 , Est Remaining: 17.3
335 482.6 , Est Remaining: 15.8
336 484.0 , Est Remaining: 14.4
337 485.3 , Est Remaining: 13.0
338 486.7 , Est Remaining: 11.5
EVENT FAILED
338 487.0 , Est Remaining: 11.5
339 488.3 , Est Remaining: 10.1
