Note: NumExpr detected 32 cores but "NUMEXPR_MAX_THREADS" not set, so enforcing safe limit of 8.
Using selector: EpollSelector
/n/home02/jhaefner/miniconda/envs/IC-3.7-2020-06-16/lib/python3.7/site-packages/scipy/optimize/minpack.py:808: OptimizeWarning: Covariance of the parameters could not be estimated
  category=OptimizeWarning)
Total rwfs: 346
0 0.0 , Est Remaining: 999999.9
1 1.3 , Est Remaining: 457.2
2 2.6 , Est Remaining: 453.5
3 4.0 , Est Remaining: 452.5
4 5.3 , Est Remaining: 450.4
5 6.6 , Est Remaining: 448.0
6 7.9 , Est Remaining: 447.4
7 9.2 , Est Remaining: 445.6
8 10.5 , Est Remaining: 444.6
9 11.8 , Est Remaining: 443.1
10 13.2 , Est Remaining: 442.1
11 14.5 , Est Remaining: 440.6
12 15.8 , Est Remaining: 439.5
13 17.1 , Est Remaining: 438.4
14 18.4 , Est Remaining: 437.3
15 19.8 , Est Remaining: 436.2
16 21.1 , Est Remaining: 435.5
17 22.4 , Est Remaining: 434.5
18 23.8 , Est Remaining: 433.3
19 25.1 , Est Remaining: 432.1
20 26.4 , Est Remaining: 431.0
21 27.8 , Est Remaining: 429.7
22 29.1 , Est Remaining: 428.5
23 30.4 , Est Remaining: 427.2
24 31.7 , Est Remaining: 425.9
25 33.1 , Est Remaining: 424.7
26 34.4 , Est Remaining: 423.5
27 35.8 , Est Remaining: 422.5
28 37.0 , Est Remaining: 419.7
29 38.3 , Est Remaining: 418.6
30 39.6 , Est Remaining: 417.5
31 41.0 , Est Remaining: 416.4
32 42.3 , Est Remaining: 415.4
33 43.7 , Est Remaining: 414.2
34 45.0 , Est Remaining: 413.3
EVENT FAILED
34 45.3 , Est Remaining: 416.0
35 46.7 , Est Remaining: 414.7
36 48.0 , Est Remaining: 413.4
37 49.3 , Est Remaining: 412.0
38 50.7 , Est Remaining: 410.7
39 52.0 , Est Remaining: 409.4
40 53.3 , Est Remaining: 408.1
41 54.7 , Est Remaining: 406.8
EVENT FAILED
41 55.0 , Est Remaining: 409.0
42 56.3 , Est Remaining: 407.6
43 57.6 , Est Remaining: 406.2
44 59.0 , Est Remaining: 405.0
45 60.3 , Est Remaining: 403.6
46 61.7 , Est Remaining: 402.4
47 63.0 , Est Remaining: 401.0
48 64.4 , Est Remaining: 399.7
49 65.7 , Est Remaining: 398.2
50 67.0 , Est Remaining: 396.9
51 68.4 , Est Remaining: 395.8
52 69.8 , Est Remaining: 394.5
53 71.1 , Est Remaining: 393.2
54 72.5 , Est Remaining: 391.9
55 73.8 , Est Remaining: 390.5
56 75.2 , Est Remaining: 389.2
57 76.5 , Est Remaining: 387.9
58 77.8 , Est Remaining: 386.6
59 79.2 , Est Remaining: 385.2
60 80.5 , Est Remaining: 383.8
61 81.9 , Est Remaining: 382.5
62 83.2 , Est Remaining: 381.2
63 84.6 , Est Remaining: 379.8
64 85.9 , Est Remaining: 378.5
65 87.2 , Est Remaining: 377.1
66 88.6 , Est Remaining: 375.7
67 89.9 , Est Remaining: 374.4
68 91.2 , Est Remaining: 373.0
69 92.6 , Est Remaining: 371.6
70 93.9 , Est Remaining: 370.1
71 95.2 , Est Remaining: 368.8
72 96.5 , Est Remaining: 367.4
73 97.9 , Est Remaining: 365.9
74 99.2 , Est Remaining: 364.5
75 100.5 , Est Remaining: 363.1
76 101.8 , Est Remaining: 361.8
77 103.1 , Est Remaining: 360.3
78 104.5 , Est Remaining: 358.9
79 105.8 , Est Remaining: 357.6
80 107.1 , Est Remaining: 356.2
81 108.4 , Est Remaining: 354.8
82 109.8 , Est Remaining: 353.3
83 111.1 , Est Remaining: 352.0
84 112.4 , Est Remaining: 350.6
85 113.7 , Est Remaining: 349.2
86 115.0 , Est Remaining: 347.7
87 116.3 , Est Remaining: 346.3
88 117.6 , Est Remaining: 344.9
89 119.0 , Est Remaining: 343.5
90 120.3 , Est Remaining: 342.1
91 121.6 , Est Remaining: 340.8
92 123.0 , Est Remaining: 339.5
93 124.3 , Est Remaining: 338.1
94 125.6 , Est Remaining: 336.8
95 127.0 , Est Remaining: 335.4
96 128.3 , Est Remaining: 334.1
97 129.6 , Est Remaining: 332.7
98 130.9 , Est Remaining: 331.3
99 132.3 , Est Remaining: 330.0
100 133.6 , Est Remaining: 328.6
101 134.9 , Est Remaining: 327.3
102 136.2 , Est Remaining: 325.9
103 137.6 , Est Remaining: 324.7
104 139.0 , Est Remaining: 323.4
105 140.3 , Est Remaining: 322.0
106 141.6 , Est Remaining: 320.6
107 142.9 , Est Remaining: 319.3
108 144.3 , Est Remaining: 317.9
109 145.6 , Est Remaining: 316.5
110 146.9 , Est Remaining: 315.2
111 148.2 , Est Remaining: 313.8
112 149.5 , Est Remaining: 312.4
113 150.9 , Est Remaining: 311.1
114 152.2 , Est Remaining: 309.7
115 153.5 , Est Remaining: 308.3
116 154.8 , Est Remaining: 307.0
117 156.1 , Est Remaining: 305.6
118 157.4 , Est Remaining: 304.2
119 158.8 , Est Remaining: 302.9
120 160.1 , Est Remaining: 301.5
121 161.4 , Est Remaining: 300.2
122 162.7 , Est Remaining: 298.8
123 164.1 , Est Remaining: 297.4
124 165.4 , Est Remaining: 296.1
125 166.7 , Est Remaining: 294.7
126 168.0 , Est Remaining: 293.3
127 169.3 , Est Remaining: 292.0
128 170.6 , Est Remaining: 290.6
129 171.9 , Est Remaining: 289.2
130 173.3 , Est Remaining: 287.9
131 174.6 , Est Remaining: 286.6
132 175.9 , Est Remaining: 285.2
133 177.3 , Est Remaining: 283.9
134 178.6 , Est Remaining: 282.6
135 180.0 , Est Remaining: 281.3
136 181.3 , Est Remaining: 279.9
137 182.6 , Est Remaining: 278.6
138 184.0 , Est Remaining: 277.3
139 185.3 , Est Remaining: 275.9
140 186.6 , Est Remaining: 274.6
141 188.0 , Est Remaining: 273.3
142 189.3 , Est Remaining: 271.9
143 190.6 , Est Remaining: 270.6
144 192.0 , Est Remaining: 269.3
145 193.3 , Est Remaining: 268.0
146 194.6 , Est Remaining: 266.6
147 196.0 , Est Remaining: 265.3
148 197.3 , Est Remaining: 264.0
149 198.6 , Est Remaining: 262.6
150 199.9 , Est Remaining: 261.3
151 201.3 , Est Remaining: 259.9
152 202.6 , Est Remaining: 258.6
153 203.9 , Est Remaining: 257.2
154 205.3 , Est Remaining: 255.9
EVENT FAILED
154 205.6 , Est Remaining: 256.3
155 206.9 , Est Remaining: 254.9
156 208.2 , Est Remaining: 253.6
157 209.6 , Est Remaining: 252.3
158 210.9 , Est Remaining: 250.9
159 212.2 , Est Remaining: 249.6
160 213.5 , Est Remaining: 248.2
161 214.9 , Est Remaining: 246.9
162 216.2 , Est Remaining: 245.6
163 217.5 , Est Remaining: 244.2
164 218.9 , Est Remaining: 242.9
165 220.2 , Est Remaining: 241.5
166 221.5 , Est Remaining: 240.2
167 222.9 , Est Remaining: 238.9
168 224.2 , Est Remaining: 237.5
169 225.5 , Est Remaining: 236.2
170 226.9 , Est Remaining: 234.9
171 228.2 , Est Remaining: 233.5
172 229.5 , Est Remaining: 232.2
173 230.9 , Est Remaining: 230.9
174 232.2 , Est Remaining: 229.6
175 233.6 , Est Remaining: 228.2
176 234.9 , Est Remaining: 226.9
177 236.2 , Est Remaining: 225.6
178 237.6 , Est Remaining: 224.2
179 238.9 , Est Remaining: 222.9
180 240.2 , Est Remaining: 221.6
181 241.6 , Est Remaining: 220.2
182 242.9 , Est Remaining: 218.9
183 244.2 , Est Remaining: 217.5
184 245.6 , Est Remaining: 216.2
185 246.9 , Est Remaining: 214.9
186 248.2 , Est Remaining: 213.5
187 249.6 , Est Remaining: 212.2
188 250.9 , Est Remaining: 210.9
189 252.2 , Est Remaining: 209.5
190 253.6 , Est Remaining: 208.2
EVENT FAILED
190 253.9 , Est Remaining: 208.5
191 255.2 , Est Remaining: 207.1
192 256.5 , Est Remaining: 205.8
193 257.9 , Est Remaining: 204.4
194 259.2 , Est Remaining: 203.1
195 260.5 , Est Remaining: 201.8
196 261.9 , Est Remaining: 200.4
197 263.2 , Est Remaining: 199.1
198 264.5 , Est Remaining: 197.7
199 265.9 , Est Remaining: 196.4
EVENT FAILED
199 266.2 , Est Remaining: 196.6
200 267.5 , Est Remaining: 195.3
201 268.8 , Est Remaining: 193.9
202 270.2 , Est Remaining: 192.6
203 271.6 , Est Remaining: 191.3
204 273.0 , Est Remaining: 190.0
205 274.3 , Est Remaining: 188.7
EVENT FAILED
205 274.6 , Est Remaining: 188.9
206 275.9 , Est Remaining: 187.5
207 277.3 , Est Remaining: 186.2
208 278.6 , Est Remaining: 184.9
209 280.0 , Est Remaining: 183.5
210 281.3 , Est Remaining: 182.2
211 282.6 , Est Remaining: 180.8
212 284.0 , Est Remaining: 179.5
213 285.3 , Est Remaining: 178.1
214 286.6 , Est Remaining: 176.8
215 288.0 , Est Remaining: 175.4
216 289.3 , Est Remaining: 174.1
217 290.6 , Est Remaining: 172.8
218 291.9 , Est Remaining: 171.4
219 293.3 , Est Remaining: 170.1
220 294.6 , Est Remaining: 168.7
EVENT FAILED
220 294.9 , Est Remaining: 168.9
221 296.2 , Est Remaining: 167.6
222 297.6 , Est Remaining: 166.2
223 298.9 , Est Remaining: 164.9
224 300.3 , Est Remaining: 163.5
225 301.6 , Est Remaining: 162.2
226 302.9 , Est Remaining: 160.9
227 304.3 , Est Remaining: 159.5
228 305.6 , Est Remaining: 158.2
229 307.0 , Est Remaining: 156.8
230 308.3 , Est Remaining: 155.5
231 309.6 , Est Remaining: 154.2
232 311.0 , Est Remaining: 152.8
233 312.3 , Est Remaining: 151.5
234 313.7 , Est Remaining: 150.1
235 315.0 , Est Remaining: 148.8
236 316.3 , Est Remaining: 147.4
237 317.7 , Est Remaining: 146.1
238 319.0 , Est Remaining: 144.7
239 320.3 , Est Remaining: 143.4
240 321.7 , Est Remaining: 142.1
241 323.0 , Est Remaining: 140.7
EVENT FAILED
241 323.3 , Est Remaining: 140.9
242 324.6 , Est Remaining: 139.5
243 326.0 , Est Remaining: 138.2
244 327.3 , Est Remaining: 136.8
245 328.6 , Est Remaining: 135.5
246 330.0 , Est Remaining: 134.1
247 331.3 , Est Remaining: 132.8
248 332.6 , Est Remaining: 131.5
249 334.0 , Est Remaining: 130.1
250 335.3 , Est Remaining: 128.8
251 336.7 , Est Remaining: 127.4
252 338.0 , Est Remaining: 126.1
253 339.3 , Est Remaining: 124.7
254 340.7 , Est Remaining: 123.4
255 342.0 , Est Remaining: 122.0
256 343.3 , Est Remaining: 120.7
257 344.7 , Est Remaining: 119.4
258 346.0 , Est Remaining: 118.0
259 347.3 , Est Remaining: 116.7
260 348.7 , Est Remaining: 115.3
261 350.0 , Est Remaining: 114.0
262 351.3 , Est Remaining: 112.6
263 352.6 , Est Remaining: 111.3
264 354.0 , Est Remaining: 109.9
265 355.3 , Est Remaining: 108.6
266 356.6 , Est Remaining: 107.3
267 357.9 , Est Remaining: 105.9
268 359.3 , Est Remaining: 104.6
269 360.6 , Est Remaining: 103.2
270 361.9 , Est Remaining: 101.9
271 363.3 , Est Remaining: 100.5
272 364.6 , Est Remaining: 99.2
273 365.9 , Est Remaining: 97.8
274 367.3 , Est Remaining: 96.5
275 368.6 , Est Remaining: 95.2
EVENT FAILED
275 368.9 , Est Remaining: 95.2
276 370.2 , Est Remaining: 93.9
277 371.6 , Est Remaining: 92.6
278 372.9 , Est Remaining: 91.2
279 374.2 , Est Remaining: 89.9
280 375.6 , Est Remaining: 88.5
281 376.9 , Est Remaining: 87.2
282 378.2 , Est Remaining: 85.8
283 379.6 , Est Remaining: 84.5
284 380.9 , Est Remaining: 83.2
285 382.2 , Est Remaining: 81.8
286 383.5 , Est Remaining: 80.5
287 384.8 , Est Remaining: 79.1
288 386.2 , Est Remaining: 77.8
289 387.5 , Est Remaining: 76.4
290 388.8 , Est Remaining: 75.1
291 390.1 , Est Remaining: 73.7
292 391.5 , Est Remaining: 72.4
293 392.8 , Est Remaining: 71.0
294 394.1 , Est Remaining: 69.7
295 395.4 , Est Remaining: 68.4
296 396.7 , Est Remaining: 67.0
297 398.1 , Est Remaining: 65.7
298 399.4 , Est Remaining: 64.3
299 400.7 , Est Remaining: 63.0
300 402.0 , Est Remaining: 61.6
301 403.3 , Est Remaining: 60.3
302 404.8 , Est Remaining: 59.0
303 406.1 , Est Remaining: 57.6
304 407.4 , Est Remaining: 56.3
305 408.7 , Est Remaining: 54.9
306 410.0 , Est Remaining: 53.6
307 411.4 , Est Remaining: 52.3
308 412.7 , Est Remaining: 50.9
309 414.0 , Est Remaining: 49.6
310 415.3 , Est Remaining: 48.2
311 416.6 , Est Remaining: 46.9
312 418.0 , Est Remaining: 45.5
313 419.3 , Est Remaining: 44.2
314 420.6 , Est Remaining: 42.9
315 421.9 , Est Remaining: 41.5
316 423.3 , Est Remaining: 40.2
317 424.6 , Est Remaining: 38.8
318 425.9 , Est Remaining: 37.5
319 427.2 , Est Remaining: 36.2
320 428.5 , Est Remaining: 34.8
321 429.8 , Est Remaining: 33.5
322 431.2 , Est Remaining: 32.1
323 432.5 , Est Remaining: 30.8
324 433.8 , Est Remaining: 29.5
325 435.2 , Est Remaining: 28.1
326 436.5 , Est Remaining: 26.8
327 437.8 , Est Remaining: 25.4
328 439.1 , Est Remaining: 24.1
329 440.5 , Est Remaining: 22.8
330 441.8 , Est Remaining: 21.4
331 443.1 , Est Remaining: 20.1
332 444.5 , Est Remaining: 18.7
333 445.8 , Est Remaining: 17.4
EVENT FAILED
333 446.1 , Est Remaining: 17.4
334 447.4 , Est Remaining: 16.1
335 448.7 , Est Remaining: 14.7
