Note: NumExpr detected 32 cores but "NUMEXPR_MAX_THREADS" not set, so enforcing safe limit of 8.
Using selector: EpollSelector
/n/home02/jhaefner/miniconda/envs/IC-3.7-2020-06-16/lib/python3.7/site-packages/scipy/optimize/minpack.py:808: OptimizeWarning: Covariance of the parameters could not be estimated
  category=OptimizeWarning)
Total rwfs: 346
0 0.0 , Est Remaining: 999999.9
1 1.5 , Est Remaining: 502.2
2 2.9 , Est Remaining: 503.3
3 4.4 , Est Remaining: 502.9
4 5.8 , Est Remaining: 498.8
5 7.3 , Est Remaining: 498.5
6 8.8 , Est Remaining: 497.4
EVENT FAILED
6 9.1 , Est Remaining: 514.9
7 10.5 , Est Remaining: 510.1
8 12.0 , Est Remaining: 507.1
EVENT FAILED
8 12.3 , Est Remaining: 520.0
9 13.8 , Est Remaining: 514.9
10 15.2 , Est Remaining: 511.5
11 16.7 , Est Remaining: 508.5
12 18.2 , Est Remaining: 505.5
13 19.6 , Est Remaining: 502.1
14 21.0 , Est Remaining: 499.1
15 22.5 , Est Remaining: 496.8
16 24.0 , Est Remaining: 494.2
17 25.4 , Est Remaining: 491.8
18 26.9 , Est Remaining: 489.5
19 28.3 , Est Remaining: 487.2
20 29.8 , Est Remaining: 485.3
21 31.2 , Est Remaining: 483.6
22 32.8 , Est Remaining: 482.3
23 34.2 , Est Remaining: 480.5
24 35.7 , Est Remaining: 478.6
25 37.1 , Est Remaining: 476.7
26 38.6 , Est Remaining: 474.9
27 40.0 , Est Remaining: 473.0
28 41.5 , Est Remaining: 471.1
29 42.9 , Est Remaining: 469.1
30 44.4 , Est Remaining: 467.2
EVENT FAILED
30 44.7 , Est Remaining: 470.4
31 46.1 , Est Remaining: 468.3
32 47.5 , Est Remaining: 466.4
33 49.0 , Est Remaining: 464.6
34 50.4 , Est Remaining: 462.9
35 51.9 , Est Remaining: 461.2
36 53.4 , Est Remaining: 459.7
37 54.8 , Est Remaining: 458.1
38 56.3 , Est Remaining: 456.5
39 57.8 , Est Remaining: 455.0
40 59.3 , Est Remaining: 453.7
41 60.8 , Est Remaining: 452.2
42 62.3 , Est Remaining: 450.6
43 63.7 , Est Remaining: 449.1
44 65.2 , Est Remaining: 447.7
45 66.7 , Est Remaining: 446.1
46 68.1 , Est Remaining: 444.4
47 69.6 , Est Remaining: 442.8
48 71.1 , Est Remaining: 441.1
49 72.5 , Est Remaining: 439.5
50 74.0 , Est Remaining: 437.9
51 75.4 , Est Remaining: 436.3
52 76.9 , Est Remaining: 434.6
53 78.3 , Est Remaining: 432.9
54 79.8 , Est Remaining: 431.4
55 81.2 , Est Remaining: 429.7
56 82.6 , Est Remaining: 428.0
57 84.1 , Est Remaining: 426.4
58 85.6 , Est Remaining: 424.8
59 87.0 , Est Remaining: 423.1
60 88.4 , Est Remaining: 421.4
61 89.8 , Est Remaining: 419.8
62 91.3 , Est Remaining: 418.2
63 92.7 , Est Remaining: 416.6
EVENT FAILED
63 93.1 , Est Remaining: 418.1
EVENT FAILED
63 93.4 , Est Remaining: 419.5
64 94.8 , Est Remaining: 417.9
65 96.3 , Est Remaining: 416.3
66 97.8 , Est Remaining: 414.8
67 99.3 , Est Remaining: 413.3
68 100.7 , Est Remaining: 411.8
69 102.2 , Est Remaining: 410.3
70 103.7 , Est Remaining: 408.7
71 105.1 , Est Remaining: 407.2
72 106.6 , Est Remaining: 405.6
73 108.0 , Est Remaining: 404.0
74 109.5 , Est Remaining: 402.3
75 110.9 , Est Remaining: 400.7
76 112.3 , Est Remaining: 399.1
77 113.8 , Est Remaining: 397.5
78 115.2 , Est Remaining: 395.8
EVENT FAILED
78 115.5 , Est Remaining: 397.0
79 116.8 , Est Remaining: 394.9
80 118.3 , Est Remaining: 393.3
81 119.7 , Est Remaining: 391.8
82 121.2 , Est Remaining: 390.1
83 122.6 , Est Remaining: 388.5
84 124.0 , Est Remaining: 386.9
85 125.5 , Est Remaining: 385.3
86 126.9 , Est Remaining: 383.6
87 128.3 , Est Remaining: 382.0
88 129.8 , Est Remaining: 380.5
89 131.2 , Est Remaining: 378.8
90 132.6 , Est Remaining: 377.3
91 134.1 , Est Remaining: 375.7
92 135.5 , Est Remaining: 374.1
93 137.0 , Est Remaining: 372.6
94 138.4 , Est Remaining: 371.0
95 139.8 , Est Remaining: 369.5
96 141.3 , Est Remaining: 367.9
97 142.7 , Est Remaining: 366.4
98 144.2 , Est Remaining: 364.9
99 145.6 , Est Remaining: 363.3
100 147.1 , Est Remaining: 361.8
101 148.5 , Est Remaining: 360.3
102 150.0 , Est Remaining: 358.8
EVENT FAILED
102 150.3 , Est Remaining: 359.6
103 151.8 , Est Remaining: 358.2
104 153.3 , Est Remaining: 356.7
105 154.7 , Est Remaining: 355.2
106 156.2 , Est Remaining: 353.6
107 157.6 , Est Remaining: 352.1
108 159.1 , Est Remaining: 350.6
109 160.6 , Est Remaining: 349.1
EVENT FAILED
109 160.9 , Est Remaining: 349.8
110 162.3 , Est Remaining: 348.3
111 163.8 , Est Remaining: 346.8
112 165.3 , Est Remaining: 345.3
113 166.7 , Est Remaining: 343.7
114 168.2 , Est Remaining: 342.2
115 169.6 , Est Remaining: 340.7
116 171.0 , Est Remaining: 339.1
117 172.5 , Est Remaining: 337.6
EVENT FAILED
117 172.8 , Est Remaining: 338.2
EVENT FAILED
117 173.1 , Est Remaining: 338.9
118 174.6 , Est Remaining: 337.4
119 176.1 , Est Remaining: 335.8
120 177.5 , Est Remaining: 334.3
121 179.0 , Est Remaining: 332.8
122 180.4 , Est Remaining: 331.2
123 181.8 , Est Remaining: 329.7
124 183.2 , Est Remaining: 328.1
125 184.7 , Est Remaining: 326.5
126 186.1 , Est Remaining: 324.9
127 187.5 , Est Remaining: 323.4
128 189.0 , Est Remaining: 321.8
129 190.4 , Est Remaining: 320.3
130 191.8 , Est Remaining: 318.7
131 193.2 , Est Remaining: 317.1
132 194.6 , Est Remaining: 315.5
133 196.0 , Est Remaining: 313.9
134 197.4 , Est Remaining: 312.3
135 198.8 , Est Remaining: 310.7
136 200.2 , Est Remaining: 309.2
EVENT FAILED
136 200.5 , Est Remaining: 309.6
137 201.9 , Est Remaining: 308.1
138 203.4 , Est Remaining: 306.5
139 204.8 , Est Remaining: 304.9
140 206.2 , Est Remaining: 303.4
141 207.6 , Est Remaining: 301.8
142 209.0 , Est Remaining: 300.3
143 210.4 , Est Remaining: 298.7
144 211.8 , Est Remaining: 297.2
145 213.3 , Est Remaining: 295.6
146 214.7 , Est Remaining: 294.1
147 216.1 , Est Remaining: 292.5
148 217.5 , Est Remaining: 290.9
149 218.9 , Est Remaining: 289.4
150 220.3 , Est Remaining: 287.8
151 221.6 , Est Remaining: 286.2
152 223.1 , Est Remaining: 284.7
153 224.5 , Est Remaining: 283.1
154 225.9 , Est Remaining: 281.6
155 227.2 , Est Remaining: 280.0
156 228.6 , Est Remaining: 278.5
157 230.0 , Est Remaining: 276.9
158 231.4 , Est Remaining: 275.3
159 232.8 , Est Remaining: 273.8
160 234.2 , Est Remaining: 272.2
161 235.5 , Est Remaining: 270.7
162 236.9 , Est Remaining: 269.1
163 238.3 , Est Remaining: 267.6
164 239.7 , Est Remaining: 266.0
165 241.1 , Est Remaining: 264.4
166 242.4 , Est Remaining: 262.9
167 243.8 , Est Remaining: 261.3
168 245.2 , Est Remaining: 259.8
169 246.6 , Est Remaining: 258.3
170 248.0 , Est Remaining: 256.7
171 249.3 , Est Remaining: 255.2
172 250.7 , Est Remaining: 253.6
173 252.1 , Est Remaining: 252.1
174 253.5 , Est Remaining: 250.5
175 254.9 , Est Remaining: 249.0
176 256.2 , Est Remaining: 247.5
177 257.6 , Est Remaining: 246.0
178 259.0 , Est Remaining: 244.5
179 260.4 , Est Remaining: 242.9
180 261.8 , Est Remaining: 241.4
181 263.2 , Est Remaining: 239.9
182 264.5 , Est Remaining: 238.4
EVENT FAILED
182 264.8 , Est Remaining: 238.6
183 266.2 , Est Remaining: 237.1
184 267.6 , Est Remaining: 235.6
185 269.0 , Est Remaining: 234.1
186 270.4 , Est Remaining: 232.6
187 271.8 , Est Remaining: 231.1
188 273.1 , Est Remaining: 229.6
189 274.6 , Est Remaining: 228.1
190 276.0 , Est Remaining: 226.6
191 277.4 , Est Remaining: 225.1
192 278.8 , Est Remaining: 223.6
193 280.2 , Est Remaining: 222.1
194 281.6 , Est Remaining: 220.6
195 283.1 , Est Remaining: 219.2
196 284.5 , Est Remaining: 217.7
197 285.9 , Est Remaining: 216.2
198 287.3 , Est Remaining: 214.7
199 288.7 , Est Remaining: 213.3
200 290.1 , Est Remaining: 211.8
201 291.6 , Est Remaining: 210.3
202 293.0 , Est Remaining: 208.9
203 294.6 , Est Remaining: 207.5
204 296.0 , Est Remaining: 206.0
205 297.4 , Est Remaining: 204.6
206 298.9 , Est Remaining: 203.1
207 300.3 , Est Remaining: 201.6
208 301.7 , Est Remaining: 200.2
209 303.1 , Est Remaining: 198.7
210 304.5 , Est Remaining: 197.2
211 306.0 , Est Remaining: 195.8
212 307.4 , Est Remaining: 194.3
213 308.8 , Est Remaining: 192.8
214 310.3 , Est Remaining: 191.4
215 311.7 , Est Remaining: 189.9
216 313.2 , Est Remaining: 188.5
217 314.6 , Est Remaining: 187.0
218 316.0 , Est Remaining: 185.6
219 317.5 , Est Remaining: 184.1
220 318.9 , Est Remaining: 182.6
221 320.3 , Est Remaining: 181.2
222 321.8 , Est Remaining: 179.7
223 323.2 , Est Remaining: 178.3
224 324.6 , Est Remaining: 176.8
225 326.1 , Est Remaining: 175.3
226 327.5 , Est Remaining: 173.9
227 328.9 , Est Remaining: 172.4
228 330.3 , Est Remaining: 171.0
229 331.8 , Est Remaining: 169.5
230 333.2 , Est Remaining: 168.1
231 334.7 , Est Remaining: 166.6
232 336.1 , Est Remaining: 165.1
233 337.5 , Est Remaining: 163.7
234 339.0 , Est Remaining: 162.2
235 340.4 , Est Remaining: 160.8
236 341.9 , Est Remaining: 159.4
237 343.4 , Est Remaining: 157.9
238 344.8 , Est Remaining: 156.5
239 346.2 , Est Remaining: 155.0
240 347.7 , Est Remaining: 153.6
241 349.1 , Est Remaining: 152.1
242 350.6 , Est Remaining: 150.7
243 352.0 , Est Remaining: 149.2
244 353.5 , Est Remaining: 147.8
245 354.9 , Est Remaining: 146.3
246 356.4 , Est Remaining: 144.9
247 357.8 , Est Remaining: 143.4
248 359.3 , Est Remaining: 142.0
249 360.8 , Est Remaining: 140.5
250 362.2 , Est Remaining: 139.1
251 363.7 , Est Remaining: 137.7
252 365.2 , Est Remaining: 136.2
253 366.6 , Est Remaining: 134.8
254 368.1 , Est Remaining: 133.3
255 369.5 , Est Remaining: 131.9
256 371.0 , Est Remaining: 130.4
257 372.5 , Est Remaining: 129.0
258 373.9 , Est Remaining: 127.5
259 375.4 , Est Remaining: 126.1
260 376.9 , Est Remaining: 124.7
261 378.3 , Est Remaining: 123.2
262 379.8 , Est Remaining: 121.8
263 381.2 , Est Remaining: 120.3
264 382.7 , Est Remaining: 118.9
265 384.1 , Est Remaining: 117.4
266 385.6 , Est Remaining: 116.0
EVENT FAILED
266 385.9 , Est Remaining: 116.1
267 387.4 , Est Remaining: 114.6
268 388.8 , Est Remaining: 113.2
269 390.2 , Est Remaining: 111.7
270 391.7 , Est Remaining: 110.3
271 393.1 , Est Remaining: 108.8
272 394.6 , Est Remaining: 107.3
273 396.0 , Est Remaining: 105.9
274 397.5 , Est Remaining: 104.5
275 399.0 , Est Remaining: 103.0
276 400.4 , Est Remaining: 101.6
277 401.9 , Est Remaining: 100.1
278 403.4 , Est Remaining: 98.7
279 404.9 , Est Remaining: 97.2
280 406.3 , Est Remaining: 95.8
281 407.8 , Est Remaining: 94.3
282 409.2 , Est Remaining: 92.9
283 410.7 , Est Remaining: 91.4
EVENT FAILED
283 411.0 , Est Remaining: 91.5
284 412.5 , Est Remaining: 90.0
285 413.9 , Est Remaining: 88.6
286 415.4 , Est Remaining: 87.1
287 416.9 , Est Remaining: 85.7
288 418.3 , Est Remaining: 84.2
289 419.8 , Est Remaining: 82.8
290 421.3 , Est Remaining: 81.3
291 422.7 , Est Remaining: 79.9
292 424.2 , Est Remaining: 78.4
293 425.6 , Est Remaining: 77.0
294 427.1 , Est Remaining: 75.5
295 428.6 , Est Remaining: 74.1
296 430.0 , Est Remaining: 72.6
297 431.5 , Est Remaining: 71.2
298 433.0 , Est Remaining: 69.7
299 434.4 , Est Remaining: 68.3
300 435.9 , Est Remaining: 66.8
301 437.3 , Est Remaining: 65.4
302 438.9 , Est Remaining: 63.9
303 440.4 , Est Remaining: 62.5
304 441.8 , Est Remaining: 61.0
305 443.3 , Est Remaining: 59.6
306 444.7 , Est Remaining: 58.1
307 446.2 , Est Remaining: 56.7
308 447.6 , Est Remaining: 55.2
309 449.1 , Est Remaining: 53.8
310 450.5 , Est Remaining: 52.3
311 451.9 , Est Remaining: 50.9
312 453.4 , Est Remaining: 49.4
313 454.8 , Est Remaining: 47.9
EVENT FAILED
313 455.1 , Est Remaining: 48.0
314 456.5 , Est Remaining: 46.5
315 458.0 , Est Remaining: 45.1
316 459.4 , Est Remaining: 43.6
317 460.9 , Est Remaining: 42.2
318 462.3 , Est Remaining: 40.7
319 463.7 , Est Remaining: 39.3
320 465.2 , Est Remaining: 37.8
321 466.6 , Est Remaining: 36.3
322 468.0 , Est Remaining: 34.9
323 469.5 , Est Remaining: 33.4
324 470.9 , Est Remaining: 32.0
325 472.3 , Est Remaining: 30.5
326 473.8 , Est Remaining: 29.1
327 475.2 , Est Remaining: 27.6
328 476.6 , Est Remaining: 26.2
329 478.0 , Est Remaining: 24.7
330 479.5 , Est Remaining: 23.2
