Note: NumExpr detected 32 cores but "NUMEXPR_MAX_THREADS" not set, so enforcing safe limit of 8.
Using selector: EpollSelector
/n/home02/jhaefner/miniconda/envs/IC-3.7-2020-06-16/lib/python3.7/site-packages/scipy/optimize/minpack.py:808: OptimizeWarning: Covariance of the parameters could not be estimated
  category=OptimizeWarning)
Total rwfs: 346
0 0.0 , Est Remaining: 999999.9
1 1.5 , Est Remaining: 524.0
2 3.0 , Est Remaining: 517.7
3 4.5 , Est Remaining: 517.8
EVENT FAILED
3 4.9 , Est Remaining: 558.0
EVENT FAILED
3 5.2 , Est Remaining: 595.8
4 6.7 , Est Remaining: 568.6
5 8.1 , Est Remaining: 551.4
6 9.5 , Est Remaining: 539.6
7 10.9 , Est Remaining: 530.2
8 12.4 , Est Remaining: 524.7
EVENT FAILED
8 12.7 , Est Remaining: 538.5
9 14.2 , Est Remaining: 531.6
10 15.7 , Est Remaining: 525.9
11 17.1 , Est Remaining: 521.2
12 18.6 , Est Remaining: 516.5
13 20.0 , Est Remaining: 511.9
14 21.4 , Est Remaining: 508.1
15 22.9 , Est Remaining: 504.5
16 24.3 , Est Remaining: 501.1
17 25.7 , Est Remaining: 497.7
18 27.2 , Est Remaining: 495.3
19 28.6 , Est Remaining: 492.6
20 30.0 , Est Remaining: 489.7
21 31.5 , Est Remaining: 486.8
22 32.9 , Est Remaining: 484.4
23 34.3 , Est Remaining: 481.9
24 35.7 , Est Remaining: 479.6
25 37.2 , Est Remaining: 477.3
26 38.6 , Est Remaining: 475.1
EVENT FAILED
26 38.9 , Est Remaining: 478.8
27 40.3 , Est Remaining: 476.5
28 41.8 , Est Remaining: 474.4
29 43.2 , Est Remaining: 472.4
30 44.6 , Est Remaining: 470.3
31 46.1 , Est Remaining: 468.2
32 47.5 , Est Remaining: 466.5
33 49.0 , Est Remaining: 464.9
34 50.5 , Est Remaining: 463.2
35 51.9 , Est Remaining: 461.3
36 53.3 , Est Remaining: 459.3
37 54.8 , Est Remaining: 457.3
38 56.2 , Est Remaining: 455.5
39 57.6 , Est Remaining: 453.8
40 59.1 , Est Remaining: 452.0
41 60.5 , Est Remaining: 450.2
42 61.9 , Est Remaining: 448.4
43 63.4 , Est Remaining: 446.6
44 64.8 , Est Remaining: 444.7
45 66.2 , Est Remaining: 442.9
46 67.6 , Est Remaining: 441.1
47 69.1 , Est Remaining: 439.7
48 70.6 , Est Remaining: 438.2
49 72.0 , Est Remaining: 436.5
50 73.5 , Est Remaining: 434.9
51 74.9 , Est Remaining: 433.3
52 76.4 , Est Remaining: 431.7
53 77.8 , Est Remaining: 430.0
54 79.2 , Est Remaining: 428.3
55 80.6 , Est Remaining: 426.7
56 82.1 , Est Remaining: 425.1
57 83.5 , Est Remaining: 423.5
58 85.0 , Est Remaining: 421.9
59 86.4 , Est Remaining: 420.2
60 87.8 , Est Remaining: 418.6
61 89.3 , Est Remaining: 417.0
62 90.7 , Est Remaining: 415.4
63 92.1 , Est Remaining: 413.8
64 93.6 , Est Remaining: 412.3
65 95.0 , Est Remaining: 410.8
66 96.5 , Est Remaining: 409.2
67 97.9 , Est Remaining: 407.8
68 99.4 , Est Remaining: 406.3
69 100.8 , Est Remaining: 404.8
70 102.3 , Est Remaining: 403.3
71 103.7 , Est Remaining: 401.8
72 105.2 , Est Remaining: 400.2
73 106.6 , Est Remaining: 398.8
74 108.1 , Est Remaining: 397.2
75 109.5 , Est Remaining: 395.8
76 111.0 , Est Remaining: 394.3
77 112.5 , Est Remaining: 392.9
78 113.9 , Est Remaining: 391.4
79 115.4 , Est Remaining: 389.9
80 116.8 , Est Remaining: 388.4
81 118.3 , Est Remaining: 387.0
82 119.8 , Est Remaining: 385.6
83 121.2 , Est Remaining: 384.2
84 122.7 , Est Remaining: 382.7
85 124.1 , Est Remaining: 381.2
86 125.6 , Est Remaining: 379.7
87 127.0 , Est Remaining: 378.1
88 128.4 , Est Remaining: 376.6
89 129.9 , Est Remaining: 375.1
90 131.4 , Est Remaining: 373.6
91 132.8 , Est Remaining: 372.2
92 134.2 , Est Remaining: 370.6
93 135.7 , Est Remaining: 369.2
94 137.2 , Est Remaining: 367.7
95 138.6 , Est Remaining: 366.1
96 140.0 , Est Remaining: 364.5
97 141.4 , Est Remaining: 363.0
98 142.8 , Est Remaining: 361.4
99 144.2 , Est Remaining: 359.9
100 145.6 , Est Remaining: 358.3
101 147.1 , Est Remaining: 356.7
102 148.5 , Est Remaining: 355.1
103 149.9 , Est Remaining: 353.7
104 151.3 , Est Remaining: 352.1
105 152.7 , Est Remaining: 350.5
106 154.1 , Est Remaining: 348.9
107 155.5 , Est Remaining: 347.2
108 156.8 , Est Remaining: 345.6
109 158.2 , Est Remaining: 344.0
110 159.6 , Est Remaining: 342.4
111 160.9 , Est Remaining: 340.7
112 162.3 , Est Remaining: 339.1
113 163.7 , Est Remaining: 337.5
114 165.1 , Est Remaining: 335.9
115 166.4 , Est Remaining: 334.3
116 167.8 , Est Remaining: 332.7
117 169.2 , Est Remaining: 331.1
118 170.6 , Est Remaining: 329.5
119 171.9 , Est Remaining: 327.9
120 173.3 , Est Remaining: 326.3
121 174.7 , Est Remaining: 324.8
122 176.0 , Est Remaining: 323.2
123 177.4 , Est Remaining: 321.6
124 178.7 , Est Remaining: 320.0
125 180.1 , Est Remaining: 318.5
126 181.5 , Est Remaining: 316.9
127 182.9 , Est Remaining: 315.3
128 184.2 , Est Remaining: 313.8
129 185.6 , Est Remaining: 312.2
130 186.9 , Est Remaining: 310.6
131 188.3 , Est Remaining: 309.0
132 189.6 , Est Remaining: 307.4
133 191.0 , Est Remaining: 305.8
134 192.3 , Est Remaining: 304.3
135 193.7 , Est Remaining: 302.7
136 195.0 , Est Remaining: 301.1
EVENT FAILED
136 195.3 , Est Remaining: 301.6
EVENT FAILED
136 195.6 , Est Remaining: 302.0
137 196.9 , Est Remaining: 300.5
138 198.3 , Est Remaining: 298.9
139 199.6 , Est Remaining: 297.3
140 201.0 , Est Remaining: 295.7
141 202.3 , Est Remaining: 294.1
142 203.6 , Est Remaining: 292.5
143 205.0 , Est Remaining: 291.0
144 206.3 , Est Remaining: 289.4
145 207.6 , Est Remaining: 287.8
146 209.0 , Est Remaining: 286.3
147 210.3 , Est Remaining: 284.8
148 211.7 , Est Remaining: 283.2
149 213.0 , Est Remaining: 281.7
150 214.4 , Est Remaining: 280.1
151 215.7 , Est Remaining: 278.6
152 217.1 , Est Remaining: 277.0
153 218.4 , Est Remaining: 275.5
154 219.7 , Est Remaining: 274.0
155 221.1 , Est Remaining: 272.4
156 222.4 , Est Remaining: 270.9
157 223.8 , Est Remaining: 269.4
158 225.1 , Est Remaining: 267.8
159 226.4 , Est Remaining: 266.3
EVENT FAILED
159 226.7 , Est Remaining: 266.7
160 228.1 , Est Remaining: 265.1
161 229.4 , Est Remaining: 263.6
162 230.7 , Est Remaining: 262.1
163 232.0 , Est Remaining: 260.5
164 233.4 , Est Remaining: 259.0
165 234.7 , Est Remaining: 257.5
166 236.0 , Est Remaining: 255.9
167 237.3 , Est Remaining: 254.4
168 238.7 , Est Remaining: 252.9
169 240.0 , Est Remaining: 251.4
170 241.3 , Est Remaining: 249.9
171 242.7 , Est Remaining: 248.3
172 244.0 , Est Remaining: 246.8
173 245.3 , Est Remaining: 245.3
174 246.7 , Est Remaining: 243.9
175 248.0 , Est Remaining: 242.4
176 249.4 , Est Remaining: 240.9
177 250.7 , Est Remaining: 239.4
178 252.0 , Est Remaining: 237.9
179 253.4 , Est Remaining: 236.4
180 254.8 , Est Remaining: 235.0
181 256.2 , Est Remaining: 233.5
182 257.5 , Est Remaining: 232.1
183 258.9 , Est Remaining: 230.6
184 260.3 , Est Remaining: 229.2
185 261.7 , Est Remaining: 227.7
186 263.0 , Est Remaining: 226.2
187 264.4 , Est Remaining: 224.8
188 265.8 , Est Remaining: 223.4
189 267.2 , Est Remaining: 222.0
190 268.6 , Est Remaining: 220.6
191 270.0 , Est Remaining: 219.1
192 271.5 , Est Remaining: 217.7
193 272.9 , Est Remaining: 216.3
194 274.3 , Est Remaining: 214.9
195 275.7 , Est Remaining: 213.5
196 277.2 , Est Remaining: 212.1
197 278.6 , Est Remaining: 210.7
198 280.0 , Est Remaining: 209.3
199 281.4 , Est Remaining: 207.9
200 282.9 , Est Remaining: 206.5
201 284.3 , Est Remaining: 205.1
202 285.7 , Est Remaining: 203.7
203 287.3 , Est Remaining: 202.4
204 288.7 , Est Remaining: 200.9
205 290.1 , Est Remaining: 199.5
206 291.5 , Est Remaining: 198.1
207 293.0 , Est Remaining: 196.7
208 294.4 , Est Remaining: 195.3
209 295.8 , Est Remaining: 193.9
210 297.3 , Est Remaining: 192.5
211 298.7 , Est Remaining: 191.1
212 300.2 , Est Remaining: 189.7
213 301.7 , Est Remaining: 188.4
214 303.1 , Est Remaining: 187.0
215 304.6 , Est Remaining: 185.6
216 306.0 , Est Remaining: 184.2
217 307.5 , Est Remaining: 182.8
218 308.9 , Est Remaining: 181.4
219 310.4 , Est Remaining: 180.0
EVENT FAILED
219 310.7 , Est Remaining: 180.2
220 312.2 , Est Remaining: 178.8
221 313.6 , Est Remaining: 177.4
222 315.1 , Est Remaining: 176.0
223 316.5 , Est Remaining: 174.6
224 318.0 , Est Remaining: 173.2
225 319.4 , Est Remaining: 171.8
226 320.9 , Est Remaining: 170.4
227 322.3 , Est Remaining: 169.0
228 323.8 , Est Remaining: 167.6
229 325.3 , Est Remaining: 166.2
230 326.7 , Est Remaining: 164.8
231 328.2 , Est Remaining: 163.4
EVENT FAILED
231 328.5 , Est Remaining: 163.5
232 329.9 , Est Remaining: 162.1
233 331.4 , Est Remaining: 160.7
234 332.8 , Est Remaining: 159.3
235 334.3 , Est Remaining: 157.9
236 335.7 , Est Remaining: 156.5
237 337.2 , Est Remaining: 155.1
238 338.6 , Est Remaining: 153.7
239 340.1 , Est Remaining: 152.3
240 341.5 , Est Remaining: 150.8
241 343.0 , Est Remaining: 149.4
242 344.4 , Est Remaining: 148.0
243 345.9 , Est Remaining: 146.6
244 347.4 , Est Remaining: 145.2
245 348.8 , Est Remaining: 143.8
246 350.3 , Est Remaining: 142.4
247 351.8 , Est Remaining: 141.0
248 353.2 , Est Remaining: 139.6
249 354.7 , Est Remaining: 138.2
250 356.1 , Est Remaining: 136.8
251 357.6 , Est Remaining: 135.3
252 359.0 , Est Remaining: 133.9
253 360.5 , Est Remaining: 132.5
254 361.9 , Est Remaining: 131.1
255 363.3 , Est Remaining: 129.7
256 364.8 , Est Remaining: 128.2
EVENT FAILED
256 365.1 , Est Remaining: 128.3
257 366.5 , Est Remaining: 126.9
258 368.0 , Est Remaining: 125.5
259 369.4 , Est Remaining: 124.1
260 370.9 , Est Remaining: 122.7
261 372.3 , Est Remaining: 121.2
262 373.7 , Est Remaining: 119.8
263 375.2 , Est Remaining: 118.4
264 376.6 , Est Remaining: 117.0
265 378.0 , Est Remaining: 115.5
266 379.5 , Est Remaining: 114.1
267 380.9 , Est Remaining: 112.7
268 382.3 , Est Remaining: 111.3
269 383.8 , Est Remaining: 109.8
270 385.2 , Est Remaining: 108.4
271 386.6 , Est Remaining: 107.0
272 388.1 , Est Remaining: 105.6
273 389.5 , Est Remaining: 104.2
274 391.0 , Est Remaining: 102.7
275 392.4 , Est Remaining: 101.3
276 393.9 , Est Remaining: 99.9
277 395.3 , Est Remaining: 98.5
278 396.7 , Est Remaining: 97.0
279 398.2 , Est Remaining: 95.6
280 399.6 , Est Remaining: 94.2
281 401.1 , Est Remaining: 92.8
282 402.5 , Est Remaining: 91.4
283 404.0 , Est Remaining: 89.9
284 405.4 , Est Remaining: 88.5
285 406.9 , Est Remaining: 87.1
286 408.3 , Est Remaining: 85.7
287 409.8 , Est Remaining: 84.2
288 411.2 , Est Remaining: 82.8
EVENT FAILED
288 411.6 , Est Remaining: 82.9
289 413.0 , Est Remaining: 81.5
290 414.4 , Est Remaining: 80.0
291 415.9 , Est Remaining: 78.6
292 417.3 , Est Remaining: 77.2
293 418.8 , Est Remaining: 75.7
294 420.2 , Est Remaining: 74.3
295 421.7 , Est Remaining: 72.9
296 423.2 , Est Remaining: 71.5
297 424.6 , Est Remaining: 70.1
298 426.1 , Est Remaining: 68.6
299 427.5 , Est Remaining: 67.2
300 429.0 , Est Remaining: 65.8
301 430.4 , Est Remaining: 64.3
302 432.0 , Est Remaining: 62.9
303 433.5 , Est Remaining: 61.5
304 434.9 , Est Remaining: 60.1
305 436.3 , Est Remaining: 58.7
306 437.7 , Est Remaining: 57.2
307 439.2 , Est Remaining: 55.8
308 440.6 , Est Remaining: 54.4
309 442.0 , Est Remaining: 52.9
310 443.4 , Est Remaining: 51.5
311 444.8 , Est Remaining: 50.1
312 446.2 , Est Remaining: 48.6
313 447.7 , Est Remaining: 47.2
314 449.0 , Est Remaining: 45.8
315 450.5 , Est Remaining: 44.3
316 451.9 , Est Remaining: 42.9
317 453.3 , Est Remaining: 41.5
318 454.7 , Est Remaining: 40.0
319 456.2 , Est Remaining: 38.6
320 457.6 , Est Remaining: 37.2
321 459.0 , Est Remaining: 35.7
322 460.4 , Est Remaining: 34.3
323 461.8 , Est Remaining: 32.9
324 463.2 , Est Remaining: 31.4
325 464.6 , Est Remaining: 30.0
EVENT FAILED
325 464.9 , Est Remaining: 30.0
326 466.3 , Est Remaining: 28.6
327 467.7 , Est Remaining: 27.2
328 469.1 , Est Remaining: 25.7
329 470.5 , Est Remaining: 24.3
330 471.9 , Est Remaining: 22.9
331 473.3 , Est Remaining: 21.4
332 474.7 , Est Remaining: 20.0
333 476.1 , Est Remaining: 18.6
