Note: NumExpr detected 32 cores but "NUMEXPR_MAX_THREADS" not set, so enforcing safe limit of 8.
Using selector: EpollSelector
/n/home02/jhaefner/miniconda/envs/IC-3.7-2020-06-16/lib/python3.7/site-packages/scipy/optimize/minpack.py:808: OptimizeWarning: Covariance of the parameters could not be estimated
  category=OptimizeWarning)
Total rwfs: 346
0 0.0 , Est Remaining: 999999.9
1 1.4 , Est Remaining: 476.0
2 2.8 , Est Remaining: 476.1
3 4.2 , Est Remaining: 475.3
4 5.5 , Est Remaining: 470.9
5 6.7 , Est Remaining: 459.2
6 8.0 , Est Remaining: 454.3
7 9.4 , Est Remaining: 453.8
8 10.7 , Est Remaining: 453.2
9 12.1 , Est Remaining: 451.9
10 13.4 , Est Remaining: 450.9
11 14.8 , Est Remaining: 450.2
12 16.2 , Est Remaining: 450.0
13 17.5 , Est Remaining: 449.0
EVENT FAILED
13 17.8 , Est Remaining: 456.7
14 19.2 , Est Remaining: 454.9
15 20.5 , Est Remaining: 453.4
16 21.9 , Est Remaining: 451.5
17 23.2 , Est Remaining: 449.7
18 24.6 , Est Remaining: 448.0
19 25.9 , Est Remaining: 446.3
20 27.3 , Est Remaining: 444.8
21 28.7 , Est Remaining: 443.5
22 30.0 , Est Remaining: 442.3
23 31.4 , Est Remaining: 440.8
24 32.6 , Est Remaining: 437.3
25 33.9 , Est Remaining: 435.8
26 35.3 , Est Remaining: 434.4
27 36.7 , Est Remaining: 433.0
28 38.0 , Est Remaining: 431.7
29 39.4 , Est Remaining: 430.3
30 40.7 , Est Remaining: 428.9
31 42.1 , Est Remaining: 427.3
32 43.4 , Est Remaining: 426.1
33 44.8 , Est Remaining: 424.7
34 46.1 , Est Remaining: 423.2
35 47.5 , Est Remaining: 421.8
36 48.8 , Est Remaining: 420.4
37 50.2 , Est Remaining: 419.1
38 51.5 , Est Remaining: 417.8
39 52.9 , Est Remaining: 416.5
40 54.3 , Est Remaining: 415.1
EVENT FAILED
40 54.6 , Est Remaining: 417.3
41 55.9 , Est Remaining: 415.8
42 57.2 , Est Remaining: 414.4
43 58.6 , Est Remaining: 412.9
44 59.9 , Est Remaining: 411.5
45 61.3 , Est Remaining: 410.1
46 62.7 , Est Remaining: 408.8
47 64.0 , Est Remaining: 407.4
48 65.4 , Est Remaining: 406.1
49 66.8 , Est Remaining: 404.6
50 68.1 , Est Remaining: 403.3
51 69.5 , Est Remaining: 401.9
52 70.8 , Est Remaining: 400.5
53 72.2 , Est Remaining: 399.1
54 73.5 , Est Remaining: 397.7
55 74.9 , Est Remaining: 396.3
56 76.3 , Est Remaining: 394.9
57 77.6 , Est Remaining: 393.5
58 78.9 , Est Remaining: 392.0
59 80.3 , Est Remaining: 390.6
60 81.7 , Est Remaining: 389.2
61 83.0 , Est Remaining: 387.8
62 84.3 , Est Remaining: 386.4
63 85.7 , Est Remaining: 385.0
64 87.1 , Est Remaining: 383.7
65 88.4 , Est Remaining: 382.2
66 89.8 , Est Remaining: 380.8
67 91.1 , Est Remaining: 379.4
68 92.5 , Est Remaining: 378.1
69 93.8 , Est Remaining: 376.6
70 95.2 , Est Remaining: 375.3
71 96.5 , Est Remaining: 373.9
72 97.9 , Est Remaining: 372.4
73 99.2 , Est Remaining: 371.0
74 100.6 , Est Remaining: 369.7
75 102.0 , Est Remaining: 368.4
76 103.3 , Est Remaining: 367.1
77 104.7 , Est Remaining: 365.8
78 106.1 , Est Remaining: 364.4
79 107.4 , Est Remaining: 363.1
80 108.8 , Est Remaining: 361.8
81 110.1 , Est Remaining: 360.3
82 111.5 , Est Remaining: 358.9
83 112.8 , Est Remaining: 357.5
84 114.2 , Est Remaining: 356.2
85 115.6 , Est Remaining: 354.8
86 116.9 , Est Remaining: 353.5
87 118.3 , Est Remaining: 352.1
88 119.7 , Est Remaining: 350.8
89 121.0 , Est Remaining: 349.5
90 122.4 , Est Remaining: 348.1
91 123.7 , Est Remaining: 346.7
92 125.1 , Est Remaining: 345.4
93 126.5 , Est Remaining: 344.0
EVENT FAILED
93 126.7 , Est Remaining: 344.8
94 128.1 , Est Remaining: 343.4
EVENT FAILED
94 128.4 , Est Remaining: 344.2
95 129.8 , Est Remaining: 342.9
96 131.1 , Est Remaining: 341.5
97 132.5 , Est Remaining: 340.1
98 133.9 , Est Remaining: 338.8
99 135.2 , Est Remaining: 337.4
100 136.6 , Est Remaining: 336.1
101 138.0 , Est Remaining: 334.7
102 139.4 , Est Remaining: 333.4
103 140.8 , Est Remaining: 332.1
104 142.2 , Est Remaining: 330.8
105 143.5 , Est Remaining: 329.4
106 144.9 , Est Remaining: 328.1
107 146.3 , Est Remaining: 326.7
108 147.6 , Est Remaining: 325.3
109 149.0 , Est Remaining: 324.0
110 150.4 , Est Remaining: 322.6
111 151.8 , Est Remaining: 321.3
112 153.1 , Est Remaining: 320.0
113 154.5 , Est Remaining: 318.6
114 155.9 , Est Remaining: 317.3
115 157.3 , Est Remaining: 315.9
116 158.6 , Est Remaining: 314.6
117 160.0 , Est Remaining: 313.2
118 161.4 , Est Remaining: 311.8
119 162.7 , Est Remaining: 310.4
120 164.1 , Est Remaining: 309.1
121 165.5 , Est Remaining: 307.7
122 166.8 , Est Remaining: 306.3
123 168.2 , Est Remaining: 304.9
124 169.5 , Est Remaining: 303.5
125 170.9 , Est Remaining: 302.1
126 172.2 , Est Remaining: 300.7
127 173.6 , Est Remaining: 299.3
128 174.9 , Est Remaining: 297.9
129 176.3 , Est Remaining: 296.6
130 177.7 , Est Remaining: 295.2
131 179.0 , Est Remaining: 293.8
132 180.4 , Est Remaining: 292.4
133 181.7 , Est Remaining: 291.0
134 183.0 , Est Remaining: 289.6
135 184.4 , Est Remaining: 288.2
136 185.7 , Est Remaining: 286.8
137 187.1 , Est Remaining: 285.4
138 188.4 , Est Remaining: 284.0
139 189.8 , Est Remaining: 282.6
140 191.1 , Est Remaining: 281.2
141 192.5 , Est Remaining: 279.8
142 193.8 , Est Remaining: 278.4
143 195.2 , Est Remaining: 277.0
144 196.5 , Est Remaining: 275.7
145 197.9 , Est Remaining: 274.3
146 199.2 , Est Remaining: 272.9
147 200.6 , Est Remaining: 271.5
148 201.9 , Est Remaining: 270.1
149 203.3 , Est Remaining: 268.7
150 204.6 , Est Remaining: 267.3
151 206.0 , Est Remaining: 266.0
152 207.3 , Est Remaining: 264.6
153 208.7 , Est Remaining: 263.2
154 210.0 , Est Remaining: 261.8
155 211.4 , Est Remaining: 260.4
156 212.7 , Est Remaining: 259.1
157 214.1 , Est Remaining: 257.7
158 215.4 , Est Remaining: 256.3
159 216.8 , Est Remaining: 254.9
160 218.1 , Est Remaining: 253.6
161 219.5 , Est Remaining: 252.2
162 220.8 , Est Remaining: 250.8
163 222.2 , Est Remaining: 249.4
164 223.5 , Est Remaining: 248.0
165 224.9 , Est Remaining: 246.7
166 226.2 , Est Remaining: 245.3
167 227.6 , Est Remaining: 244.0
168 229.0 , Est Remaining: 242.6
169 230.3 , Est Remaining: 241.2
170 231.7 , Est Remaining: 239.8
171 233.0 , Est Remaining: 238.5
172 234.4 , Est Remaining: 237.1
173 235.7 , Est Remaining: 235.7
174 237.1 , Est Remaining: 234.3
175 238.4 , Est Remaining: 233.0
176 239.8 , Est Remaining: 231.6
177 241.1 , Est Remaining: 230.2
178 242.5 , Est Remaining: 228.9
179 243.8 , Est Remaining: 227.5
180 245.2 , Est Remaining: 226.1
181 246.5 , Est Remaining: 224.7
182 247.8 , Est Remaining: 223.3
183 249.2 , Est Remaining: 221.9
EVENT FAILED
183 249.5 , Est Remaining: 222.2
184 250.8 , Est Remaining: 220.8
185 252.1 , Est Remaining: 219.4
186 253.5 , Est Remaining: 218.0
187 254.8 , Est Remaining: 216.6
188 256.1 , Est Remaining: 215.3
189 257.5 , Est Remaining: 213.9
190 258.8 , Est Remaining: 212.5
191 260.1 , Est Remaining: 211.1
192 261.5 , Est Remaining: 209.7
193 262.8 , Est Remaining: 208.3
194 264.1 , Est Remaining: 206.9
195 265.4 , Est Remaining: 205.5
EVENT FAILED
195 265.7 , Est Remaining: 205.8
196 267.1 , Est Remaining: 204.4
197 268.4 , Est Remaining: 203.0
198 269.7 , Est Remaining: 201.6
199 271.1 , Est Remaining: 200.2
200 272.4 , Est Remaining: 198.8
201 273.7 , Est Remaining: 197.5
202 275.0 , Est Remaining: 196.1
203 276.5 , Est Remaining: 194.8
204 277.8 , Est Remaining: 193.4
EVENT FAILED
204 278.1 , Est Remaining: 193.6
205 279.4 , Est Remaining: 192.2
206 280.8 , Est Remaining: 190.8
207 282.1 , Est Remaining: 189.4
208 283.4 , Est Remaining: 188.0
209 284.7 , Est Remaining: 186.6
210 286.1 , Est Remaining: 185.3
211 287.4 , Est Remaining: 183.9
212 288.7 , Est Remaining: 182.5
213 290.1 , Est Remaining: 181.1
EVENT FAILED
213 290.4 , Est Remaining: 181.3
214 291.7 , Est Remaining: 179.9
215 293.0 , Est Remaining: 178.5
216 294.4 , Est Remaining: 177.2
217 295.7 , Est Remaining: 175.8
218 297.0 , Est Remaining: 174.4
219 298.4 , Est Remaining: 173.0
220 299.7 , Est Remaining: 171.6
221 301.0 , Est Remaining: 170.3
222 302.3 , Est Remaining: 168.9
223 303.7 , Est Remaining: 167.5
224 305.0 , Est Remaining: 166.1
225 306.4 , Est Remaining: 164.7
226 307.7 , Est Remaining: 163.4
227 309.0 , Est Remaining: 162.0
228 310.4 , Est Remaining: 160.6
EVENT FAILED
228 310.7 , Est Remaining: 160.8
229 312.0 , Est Remaining: 159.4
230 313.3 , Est Remaining: 158.0
231 314.7 , Est Remaining: 156.7
232 316.0 , Est Remaining: 155.3
233 317.3 , Est Remaining: 153.9
234 318.7 , Est Remaining: 152.5
235 320.0 , Est Remaining: 151.2
236 321.3 , Est Remaining: 149.8
237 322.7 , Est Remaining: 148.4
238 324.0 , Est Remaining: 147.0
239 325.3 , Est Remaining: 145.7
240 326.7 , Est Remaining: 144.3
241 328.0 , Est Remaining: 142.9
242 329.3 , Est Remaining: 141.5
243 330.7 , Est Remaining: 140.2
244 332.0 , Est Remaining: 138.8
EVENT FAILED
244 332.3 , Est Remaining: 138.9
245 333.6 , Est Remaining: 137.5
246 335.0 , Est Remaining: 136.2
247 336.3 , Est Remaining: 134.8
248 337.7 , Est Remaining: 133.4
249 339.0 , Est Remaining: 132.1
250 340.3 , Est Remaining: 130.7
251 341.6 , Est Remaining: 129.3
252 343.0 , Est Remaining: 127.9
253 344.3 , Est Remaining: 126.6
254 345.7 , Est Remaining: 125.2
255 347.0 , Est Remaining: 123.8
256 348.3 , Est Remaining: 122.5
257 349.7 , Est Remaining: 121.1
258 351.0 , Est Remaining: 119.7
259 352.4 , Est Remaining: 118.4
260 353.7 , Est Remaining: 117.0
261 355.1 , Est Remaining: 115.6
262 356.4 , Est Remaining: 114.3
263 357.8 , Est Remaining: 112.9
264 359.1 , Est Remaining: 111.5
265 360.4 , Est Remaining: 110.2
266 361.8 , Est Remaining: 108.8
267 363.1 , Est Remaining: 107.4
268 364.4 , Est Remaining: 106.1
269 365.8 , Est Remaining: 104.7
270 367.1 , Est Remaining: 103.3
271 368.4 , Est Remaining: 102.0
272 369.7 , Est Remaining: 100.6
273 371.1 , Est Remaining: 99.2
274 372.4 , Est Remaining: 97.9
275 373.7 , Est Remaining: 96.5
276 375.1 , Est Remaining: 95.1
277 376.4 , Est Remaining: 93.8
278 377.7 , Est Remaining: 92.4
279 379.0 , Est Remaining: 91.0
280 380.4 , Est Remaining: 89.7
281 381.7 , Est Remaining: 88.3
282 383.0 , Est Remaining: 86.9
283 384.4 , Est Remaining: 85.6
284 385.7 , Est Remaining: 84.2
EVENT FAILED
284 386.0 , Est Remaining: 84.3
285 387.3 , Est Remaining: 82.9
286 388.6 , Est Remaining: 81.5
287 390.0 , Est Remaining: 80.2
288 391.3 , Est Remaining: 78.8
289 392.6 , Est Remaining: 77.4
290 393.9 , Est Remaining: 76.1
291 395.3 , Est Remaining: 74.7
292 396.6 , Est Remaining: 73.3
EVENT FAILED
292 396.9 , Est Remaining: 73.4
293 398.2 , Est Remaining: 72.0
294 399.5 , Est Remaining: 70.7
295 400.8 , Est Remaining: 69.3
296 402.2 , Est Remaining: 67.9
297 403.5 , Est Remaining: 66.6
298 404.8 , Est Remaining: 65.2
299 406.1 , Est Remaining: 63.8
300 407.5 , Est Remaining: 62.5
EVENT FAILED
300 407.8 , Est Remaining: 62.5
301 409.1 , Est Remaining: 61.2
302 410.6 , Est Remaining: 59.8
303 411.9 , Est Remaining: 58.5
304 413.2 , Est Remaining: 57.1
305 414.5 , Est Remaining: 55.7
306 415.9 , Est Remaining: 54.4
307 417.2 , Est Remaining: 53.0
308 418.5 , Est Remaining: 51.6
309 419.9 , Est Remaining: 50.3
310 421.2 , Est Remaining: 48.9
311 422.5 , Est Remaining: 47.6
312 423.9 , Est Remaining: 46.2
313 425.2 , Est Remaining: 44.8
314 426.4 , Est Remaining: 43.5
315 427.7 , Est Remaining: 42.1
316 429.1 , Est Remaining: 40.7
317 430.4 , Est Remaining: 39.4
318 431.8 , Est Remaining: 38.0
319 433.1 , Est Remaining: 36.7
320 434.5 , Est Remaining: 35.3
321 435.8 , Est Remaining: 33.9
322 437.2 , Est Remaining: 32.6
323 438.5 , Est Remaining: 31.2
324 439.8 , Est Remaining: 29.9
325 441.2 , Est Remaining: 28.5
326 442.5 , Est Remaining: 27.2
327 443.9 , Est Remaining: 25.8
328 445.2 , Est Remaining: 24.4
329 446.5 , Est Remaining: 23.1
330 447.9 , Est Remaining: 21.7
331 449.2 , Est Remaining: 20.4
332 450.5 , Est Remaining: 19.0
