Note: NumExpr detected 32 cores but "NUMEXPR_MAX_THREADS" not set, so enforcing safe limit of 8.
Using selector: EpollSelector
/n/home02/jhaefner/miniconda/envs/IC-3.7-2020-06-16/lib/python3.7/site-packages/scipy/optimize/minpack.py:808: OptimizeWarning: Covariance of the parameters could not be estimated
  category=OptimizeWarning)
Total rwfs: 346
0 0.0 , Est Remaining: 999999.9
1 1.4 , Est Remaining: 486.5
2 2.8 , Est Remaining: 481.3
3 4.2 , Est Remaining: 478.5
4 5.5 , Est Remaining: 473.2
5 6.9 , Est Remaining: 470.0
6 8.2 , Est Remaining: 466.7
7 9.6 , Est Remaining: 464.3
8 10.9 , Est Remaining: 462.1
9 12.3 , Est Remaining: 459.5
10 13.6 , Est Remaining: 457.5
11 15.0 , Est Remaining: 455.7
12 16.3 , Est Remaining: 454.2
13 17.7 , Est Remaining: 452.3
14 19.0 , Est Remaining: 450.7
15 20.3 , Est Remaining: 448.9
16 21.7 , Est Remaining: 447.5
17 23.0 , Est Remaining: 445.9
18 24.4 , Est Remaining: 444.2
19 25.7 , Est Remaining: 442.6
20 27.1 , Est Remaining: 441.1
21 28.4 , Est Remaining: 439.9
22 29.8 , Est Remaining: 438.4
23 31.1 , Est Remaining: 436.8
24 32.4 , Est Remaining: 435.3
25 33.8 , Est Remaining: 433.9
26 35.1 , Est Remaining: 432.5
27 36.5 , Est Remaining: 431.1
28 37.9 , Est Remaining: 430.0
29 39.2 , Est Remaining: 428.5
30 40.5 , Est Remaining: 427.0
31 41.9 , Est Remaining: 425.5
32 43.2 , Est Remaining: 424.0
33 44.6 , Est Remaining: 422.6
34 45.9 , Est Remaining: 421.3
35 47.3 , Est Remaining: 420.0
36 48.6 , Est Remaining: 418.6
37 50.0 , Est Remaining: 417.4
38 51.3 , Est Remaining: 416.0
39 52.7 , Est Remaining: 414.7
40 54.0 , Est Remaining: 413.3
41 55.4 , Est Remaining: 411.8
42 56.7 , Est Remaining: 410.5
43 58.1 , Est Remaining: 409.1
44 59.4 , Est Remaining: 407.6
45 60.7 , Est Remaining: 406.2
46 62.1 , Est Remaining: 404.9
47 63.4 , Est Remaining: 403.5
48 64.8 , Est Remaining: 402.2
49 66.1 , Est Remaining: 400.8
50 67.5 , Est Remaining: 399.4
51 68.8 , Est Remaining: 398.1
52 70.2 , Est Remaining: 396.7
EVENT FAILED
52 70.5 , Est Remaining: 398.4
53 71.8 , Est Remaining: 396.8
54 73.1 , Est Remaining: 395.4
55 74.4 , Est Remaining: 393.9
56 75.8 , Est Remaining: 392.5
57 77.1 , Est Remaining: 391.1
58 78.5 , Est Remaining: 389.7
59 79.8 , Est Remaining: 388.3
60 81.2 , Est Remaining: 387.0
61 82.6 , Est Remaining: 385.7
62 83.9 , Est Remaining: 384.4
63 85.3 , Est Remaining: 383.0
64 86.6 , Est Remaining: 381.7
65 88.0 , Est Remaining: 380.3
66 89.3 , Est Remaining: 378.9
67 90.7 , Est Remaining: 377.6
68 92.0 , Est Remaining: 376.2
69 93.4 , Est Remaining: 374.9
70 94.7 , Est Remaining: 373.5
71 96.1 , Est Remaining: 372.1
72 97.4 , Est Remaining: 370.7
73 98.8 , Est Remaining: 369.3
74 100.1 , Est Remaining: 368.0
75 101.5 , Est Remaining: 366.6
76 102.8 , Est Remaining: 365.2
77 104.1 , Est Remaining: 363.8
78 105.5 , Est Remaining: 362.4
79 106.8 , Est Remaining: 361.1
80 108.2 , Est Remaining: 359.7
81 109.5 , Est Remaining: 358.3
82 110.9 , Est Remaining: 356.9
83 112.2 , Est Remaining: 355.5
84 113.5 , Est Remaining: 354.1
85 114.9 , Est Remaining: 352.7
86 116.2 , Est Remaining: 351.3
87 117.6 , Est Remaining: 350.0
88 118.9 , Est Remaining: 348.6
89 120.2 , Est Remaining: 347.2
90 121.6 , Est Remaining: 345.8
91 122.9 , Est Remaining: 344.4
92 124.2 , Est Remaining: 343.0
93 125.6 , Est Remaining: 341.6
94 126.9 , Est Remaining: 340.2
95 128.2 , Est Remaining: 338.7
96 129.5 , Est Remaining: 337.4
97 130.9 , Est Remaining: 336.0
98 132.2 , Est Remaining: 334.6
99 133.6 , Est Remaining: 333.3
100 134.9 , Est Remaining: 331.9
101 136.3 , Est Remaining: 330.6
102 137.6 , Est Remaining: 329.2
103 139.0 , Est Remaining: 328.0
104 140.4 , Est Remaining: 326.7
105 141.7 , Est Remaining: 325.3
106 143.1 , Est Remaining: 324.0
107 144.5 , Est Remaining: 322.7
108 145.8 , Est Remaining: 321.3
109 147.2 , Est Remaining: 320.0
110 148.5 , Est Remaining: 318.7
111 149.9 , Est Remaining: 317.3
EVENT FAILED
111 150.2 , Est Remaining: 318.0
112 151.5 , Est Remaining: 316.6
113 152.9 , Est Remaining: 315.3
114 154.3 , Est Remaining: 314.0
115 155.6 , Est Remaining: 312.6
116 157.0 , Est Remaining: 311.3
117 158.3 , Est Remaining: 309.9
118 159.7 , Est Remaining: 308.6
EVENT FAILED
118 160.0 , Est Remaining: 309.2
119 161.4 , Est Remaining: 307.8
120 162.7 , Est Remaining: 306.5
121 164.1 , Est Remaining: 305.1
122 165.4 , Est Remaining: 303.8
123 166.8 , Est Remaining: 302.4
124 168.2 , Est Remaining: 301.1
125 169.5 , Est Remaining: 299.7
126 170.9 , Est Remaining: 298.4
127 172.3 , Est Remaining: 297.0
128 173.6 , Est Remaining: 295.7
129 175.0 , Est Remaining: 294.3
130 176.3 , Est Remaining: 293.0
131 177.7 , Est Remaining: 291.6
132 179.0 , Est Remaining: 290.2
133 180.4 , Est Remaining: 288.8
134 181.7 , Est Remaining: 287.5
135 183.0 , Est Remaining: 286.1
136 184.4 , Est Remaining: 284.7
137 185.7 , Est Remaining: 283.3
138 187.1 , Est Remaining: 281.9
139 188.4 , Est Remaining: 280.6
140 189.7 , Est Remaining: 279.2
141 191.1 , Est Remaining: 277.8
142 192.4 , Est Remaining: 276.5
143 193.8 , Est Remaining: 275.1
144 195.1 , Est Remaining: 273.7
145 196.5 , Est Remaining: 272.4
146 197.8 , Est Remaining: 271.0
147 199.2 , Est Remaining: 269.7
148 200.5 , Est Remaining: 268.3
149 201.9 , Est Remaining: 266.9
150 203.2 , Est Remaining: 265.6
151 204.6 , Est Remaining: 264.2
152 205.9 , Est Remaining: 262.8
153 207.3 , Est Remaining: 261.5
154 208.6 , Est Remaining: 260.1
155 210.0 , Est Remaining: 258.7
156 211.3 , Est Remaining: 257.4
157 212.6 , Est Remaining: 256.0
158 214.0 , Est Remaining: 254.6
159 215.3 , Est Remaining: 253.2
160 216.6 , Est Remaining: 251.8
161 218.0 , Est Remaining: 250.5
162 219.3 , Est Remaining: 249.1
163 220.6 , Est Remaining: 247.7
164 222.0 , Est Remaining: 246.3
165 223.3 , Est Remaining: 245.0
166 224.7 , Est Remaining: 243.6
167 226.0 , Est Remaining: 242.3
168 227.3 , Est Remaining: 240.9
169 228.7 , Est Remaining: 239.5
170 230.0 , Est Remaining: 238.1
171 231.4 , Est Remaining: 236.8
172 232.6 , Est Remaining: 235.3
173 233.9 , Est Remaining: 233.9
174 235.3 , Est Remaining: 232.5
175 236.6 , Est Remaining: 231.2
176 237.9 , Est Remaining: 229.8
177 239.3 , Est Remaining: 228.5
178 240.6 , Est Remaining: 227.1
179 242.0 , Est Remaining: 225.8
180 243.3 , Est Remaining: 224.3
181 244.6 , Est Remaining: 223.0
182 245.9 , Est Remaining: 221.6
183 247.3 , Est Remaining: 220.3
184 248.6 , Est Remaining: 218.9
185 250.0 , Est Remaining: 217.6
186 251.3 , Est Remaining: 216.2
187 252.7 , Est Remaining: 214.8
188 254.0 , Est Remaining: 213.5
189 255.4 , Est Remaining: 212.1
190 256.7 , Est Remaining: 210.8
191 258.1 , Est Remaining: 209.4
192 259.4 , Est Remaining: 208.1
193 260.8 , Est Remaining: 206.7
194 262.1 , Est Remaining: 205.4
195 263.5 , Est Remaining: 204.0
196 264.8 , Est Remaining: 202.7
197 266.2 , Est Remaining: 201.3
198 267.5 , Est Remaining: 200.0
199 268.9 , Est Remaining: 198.6
200 270.2 , Est Remaining: 197.3
201 271.6 , Est Remaining: 195.9
202 272.9 , Est Remaining: 194.6
203 274.4 , Est Remaining: 193.3
204 275.7 , Est Remaining: 191.9
205 277.0 , Est Remaining: 190.5
206 278.4 , Est Remaining: 189.2
207 279.7 , Est Remaining: 187.8
208 281.0 , Est Remaining: 186.5
209 282.4 , Est Remaining: 185.1
210 283.7 , Est Remaining: 183.8
211 285.1 , Est Remaining: 182.4
212 286.5 , Est Remaining: 181.1
213 287.8 , Est Remaining: 179.7
214 289.2 , Est Remaining: 178.4
215 290.5 , Est Remaining: 177.0
216 291.9 , Est Remaining: 175.7
217 293.2 , Est Remaining: 174.3
218 294.5 , Est Remaining: 172.9
219 295.9 , Est Remaining: 171.6
220 297.2 , Est Remaining: 170.2
221 298.6 , Est Remaining: 168.9
222 299.9 , Est Remaining: 167.5
223 301.2 , Est Remaining: 166.2
224 302.6 , Est Remaining: 164.8
225 303.9 , Est Remaining: 163.4
226 305.2 , Est Remaining: 162.1
227 306.6 , Est Remaining: 160.7
228 307.9 , Est Remaining: 159.4
229 309.3 , Est Remaining: 158.0
230 310.6 , Est Remaining: 156.7
231 312.0 , Est Remaining: 155.3
232 313.3 , Est Remaining: 154.0
233 314.7 , Est Remaining: 152.6
234 316.0 , Est Remaining: 151.3
235 317.4 , Est Remaining: 149.9
236 318.7 , Est Remaining: 148.5
237 320.0 , Est Remaining: 147.2
238 321.4 , Est Remaining: 145.8
239 322.7 , Est Remaining: 144.5
240 324.1 , Est Remaining: 143.1
241 325.4 , Est Remaining: 141.8
242 326.8 , Est Remaining: 140.4
243 328.1 , Est Remaining: 139.1
244 329.5 , Est Remaining: 137.7
245 330.8 , Est Remaining: 136.4
246 332.2 , Est Remaining: 135.0
247 333.6 , Est Remaining: 133.7
248 334.9 , Est Remaining: 132.3
249 336.3 , Est Remaining: 131.0
250 337.6 , Est Remaining: 129.7
251 339.0 , Est Remaining: 128.3
252 340.3 , Est Remaining: 127.0
253 341.7 , Est Remaining: 125.6
254 343.0 , Est Remaining: 124.3
255 344.4 , Est Remaining: 122.9
256 345.8 , Est Remaining: 121.6
257 347.1 , Est Remaining: 120.2
258 348.5 , Est Remaining: 118.9
259 349.8 , Est Remaining: 117.5
260 351.2 , Est Remaining: 116.2
261 352.5 , Est Remaining: 114.8
262 353.9 , Est Remaining: 113.5
263 355.2 , Est Remaining: 112.1
264 356.6 , Est Remaining: 110.7
265 357.9 , Est Remaining: 109.4
266 359.3 , Est Remaining: 108.0
267 360.6 , Est Remaining: 106.7
268 362.0 , Est Remaining: 105.3
269 363.3 , Est Remaining: 104.0
270 364.7 , Est Remaining: 102.6
271 366.0 , Est Remaining: 101.3
272 367.3 , Est Remaining: 99.9
273 368.7 , Est Remaining: 98.6
274 370.0 , Est Remaining: 97.2
275 371.4 , Est Remaining: 95.9
276 372.7 , Est Remaining: 94.5
277 374.1 , Est Remaining: 93.2
278 375.4 , Est Remaining: 91.8
279 376.8 , Est Remaining: 90.5
280 378.1 , Est Remaining: 89.1
281 379.4 , Est Remaining: 87.8
282 380.8 , Est Remaining: 86.4
283 382.1 , Est Remaining: 85.1
284 383.4 , Est Remaining: 83.7
285 384.8 , Est Remaining: 82.4
286 386.1 , Est Remaining: 81.0
287 387.5 , Est Remaining: 79.7
288 388.8 , Est Remaining: 78.3
289 390.1 , Est Remaining: 76.9
290 391.5 , Est Remaining: 75.6
291 392.8 , Est Remaining: 74.2
292 394.2 , Est Remaining: 72.9
293 395.5 , Est Remaining: 71.5
294 396.9 , Est Remaining: 70.2
295 398.2 , Est Remaining: 68.8
296 399.6 , Est Remaining: 67.5
297 400.9 , Est Remaining: 66.1
298 402.3 , Est Remaining: 64.8
299 403.6 , Est Remaining: 63.4
300 405.0 , Est Remaining: 62.1
301 406.3 , Est Remaining: 60.7
302 407.8 , Est Remaining: 59.4
EVENT FAILED
302 408.1 , Est Remaining: 59.5
303 409.5 , Est Remaining: 58.1
304 410.8 , Est Remaining: 56.8
305 412.1 , Est Remaining: 55.4
306 413.5 , Est Remaining: 54.0
307 414.8 , Est Remaining: 52.7
308 416.1 , Est Remaining: 51.3
309 417.5 , Est Remaining: 50.0
310 418.8 , Est Remaining: 48.6
311 420.2 , Est Remaining: 47.3
312 421.5 , Est Remaining: 45.9
313 422.8 , Est Remaining: 44.6
314 424.1 , Est Remaining: 43.2
315 425.5 , Est Remaining: 41.9
316 426.8 , Est Remaining: 40.5
317 428.1 , Est Remaining: 39.2
318 429.4 , Est Remaining: 37.8
EVENT FAILED
318 429.7 , Est Remaining: 37.8
319 431.0 , Est Remaining: 36.5
320 432.3 , Est Remaining: 35.1
321 433.6 , Est Remaining: 33.8
322 435.0 , Est Remaining: 32.4
323 436.3 , Est Remaining: 31.1
324 437.6 , Est Remaining: 29.7
325 438.9 , Est Remaining: 28.4
326 440.2 , Est Remaining: 27.0
327 441.5 , Est Remaining: 25.7
328 442.8 , Est Remaining: 24.3
329 444.1 , Est Remaining: 22.9
330 445.4 , Est Remaining: 21.6
331 446.7 , Est Remaining: 20.2
332 448.0 , Est Remaining: 18.9
333 449.3 , Est Remaining: 17.5
334 450.6 , Est Remaining: 16.2
335 451.8 , Est Remaining: 14.8
336 453.1 , Est Remaining: 13.5
337 454.4 , Est Remaining: 12.1
338 455.7 , Est Remaining: 10.8
339 456.9 , Est Remaining: 9.4
340 458.2 , Est Remaining: 8.1
