Note: NumExpr detected 32 cores but "NUMEXPR_MAX_THREADS" not set, so enforcing safe limit of 8.
Using selector: EpollSelector
/n/home02/jhaefner/miniconda/envs/IC-3.7-2020-06-16/lib/python3.7/site-packages/scipy/optimize/minpack.py:808: OptimizeWarning: Covariance of the parameters could not be estimated
  category=OptimizeWarning)
Total rwfs: 346
0 0.0 , Est Remaining: 999999.9
1 1.5 , Est Remaining: 502.3
2 2.9 , Est Remaining: 499.9
3 4.4 , Est Remaining: 499.4
4 5.8 , Est Remaining: 492.7
5 7.2 , Est Remaining: 487.9
6 8.6 , Est Remaining: 484.6
7 9.9 , Est Remaining: 481.6
8 11.3 , Est Remaining: 478.7
9 12.7 , Est Remaining: 475.1
EVENT FAILED
9 13.0 , Est Remaining: 486.6
10 14.4 , Est Remaining: 482.8
11 15.7 , Est Remaining: 479.3
12 17.1 , Est Remaining: 476.2
13 18.5 , Est Remaining: 473.2
14 19.8 , Est Remaining: 470.2
15 21.2 , Est Remaining: 467.2
16 22.5 , Est Remaining: 464.7
EVENT FAILED
16 22.8 , Est Remaining: 470.8
17 24.2 , Est Remaining: 467.9
18 25.5 , Est Remaining: 464.9
19 26.8 , Est Remaining: 462.1
20 28.2 , Est Remaining: 459.4
21 29.5 , Est Remaining: 457.1
22 30.9 , Est Remaining: 454.6
23 32.2 , Est Remaining: 452.5
24 33.6 , Est Remaining: 450.5
25 34.9 , Est Remaining: 448.4
26 36.3 , Est Remaining: 446.3
27 37.6 , Est Remaining: 444.2
28 38.9 , Est Remaining: 442.2
29 40.3 , Est Remaining: 440.1
30 41.6 , Est Remaining: 438.3
31 42.9 , Est Remaining: 436.4
32 44.3 , Est Remaining: 434.5
EVENT FAILED
32 44.6 , Est Remaining: 437.5
33 45.9 , Est Remaining: 435.7
34 47.3 , Est Remaining: 433.6
35 48.6 , Est Remaining: 431.8
36 49.9 , Est Remaining: 429.9
37 51.3 , Est Remaining: 428.2
38 52.6 , Est Remaining: 426.5
39 54.0 , Est Remaining: 424.8
40 55.3 , Est Remaining: 423.0
41 56.6 , Est Remaining: 421.3
42 58.0 , Est Remaining: 419.6
43 59.3 , Est Remaining: 417.8
44 60.6 , Est Remaining: 416.2
45 62.0 , Est Remaining: 414.6
46 63.3 , Est Remaining: 413.0
47 64.7 , Est Remaining: 411.4
48 66.0 , Est Remaining: 409.8
49 67.3 , Est Remaining: 408.2
50 68.7 , Est Remaining: 406.7
51 70.0 , Est Remaining: 405.1
52 71.4 , Est Remaining: 403.5
53 72.7 , Est Remaining: 401.9
54 74.1 , Est Remaining: 400.4
55 75.4 , Est Remaining: 398.8
56 76.7 , Est Remaining: 397.4
57 78.1 , Est Remaining: 395.9
58 79.5 , Est Remaining: 394.5
59 80.8 , Est Remaining: 393.0
60 82.2 , Est Remaining: 391.6
61 83.5 , Est Remaining: 390.2
62 84.9 , Est Remaining: 388.8
63 86.2 , Est Remaining: 387.4
64 87.6 , Est Remaining: 386.0
65 89.0 , Est Remaining: 384.6
66 90.3 , Est Remaining: 383.2
67 91.7 , Est Remaining: 381.9
68 93.1 , Est Remaining: 380.5
69 94.4 , Est Remaining: 379.2
70 95.8 , Est Remaining: 377.9
71 97.2 , Est Remaining: 376.6
72 98.6 , Est Remaining: 375.3
73 100.0 , Est Remaining: 373.9
74 101.4 , Est Remaining: 372.7
75 102.8 , Est Remaining: 371.5
76 104.2 , Est Remaining: 370.3
77 105.6 , Est Remaining: 369.1
78 107.1 , Est Remaining: 367.9
79 108.5 , Est Remaining: 366.7
80 109.9 , Est Remaining: 365.5
81 111.4 , Est Remaining: 364.3
82 112.8 , Est Remaining: 363.2
83 114.3 , Est Remaining: 362.0
84 115.7 , Est Remaining: 360.9
85 117.1 , Est Remaining: 359.7
86 118.6 , Est Remaining: 358.5
87 120.0 , Est Remaining: 357.4
88 121.5 , Est Remaining: 356.2
89 122.9 , Est Remaining: 355.0
90 124.4 , Est Remaining: 353.8
91 125.8 , Est Remaining: 352.5
92 127.2 , Est Remaining: 351.3
93 128.7 , Est Remaining: 350.1
94 130.1 , Est Remaining: 348.9
95 131.6 , Est Remaining: 347.7
96 133.1 , Est Remaining: 346.5
97 134.5 , Est Remaining: 345.3
98 136.0 , Est Remaining: 344.2
99 137.5 , Est Remaining: 343.0
100 138.9 , Est Remaining: 341.7
101 140.4 , Est Remaining: 340.5
102 141.8 , Est Remaining: 339.3
103 143.4 , Est Remaining: 338.3
104 144.8 , Est Remaining: 337.0
105 146.3 , Est Remaining: 335.7
106 147.7 , Est Remaining: 334.5
107 149.2 , Est Remaining: 333.2
108 150.7 , Est Remaining: 332.0
109 152.0 , Est Remaining: 330.4
110 153.4 , Est Remaining: 329.2
111 154.9 , Est Remaining: 327.9
112 156.3 , Est Remaining: 326.6
113 157.8 , Est Remaining: 325.3
114 159.2 , Est Remaining: 324.0
115 160.6 , Est Remaining: 322.7
116 162.1 , Est Remaining: 321.4
117 163.6 , Est Remaining: 320.2
118 165.0 , Est Remaining: 318.9
119 166.4 , Est Remaining: 317.5
120 167.9 , Est Remaining: 316.2
121 169.3 , Est Remaining: 314.9
122 170.7 , Est Remaining: 313.5
123 172.2 , Est Remaining: 312.2
124 173.6 , Est Remaining: 310.8
125 175.1 , Est Remaining: 309.5
EVENT FAILED
125 175.4 , Est Remaining: 310.1
126 176.8 , Est Remaining: 308.7
127 178.3 , Est Remaining: 307.4
128 179.7 , Est Remaining: 306.0
129 181.1 , Est Remaining: 304.7
130 182.6 , Est Remaining: 303.3
131 184.0 , Est Remaining: 302.0
132 185.4 , Est Remaining: 300.6
133 186.9 , Est Remaining: 299.3
134 188.3 , Est Remaining: 297.9
135 189.7 , Est Remaining: 296.6
136 191.2 , Est Remaining: 295.2
137 192.6 , Est Remaining: 293.9
138 194.1 , Est Remaining: 292.5
139 195.5 , Est Remaining: 291.1
140 196.9 , Est Remaining: 289.8
141 198.4 , Est Remaining: 288.4
142 199.8 , Est Remaining: 287.1
143 201.3 , Est Remaining: 285.8
144 202.7 , Est Remaining: 284.4
145 204.2 , Est Remaining: 283.0
146 205.6 , Est Remaining: 281.7
147 207.1 , Est Remaining: 280.4
148 208.6 , Est Remaining: 279.1
149 210.0 , Est Remaining: 277.7
150 211.5 , Est Remaining: 276.3
151 212.9 , Est Remaining: 275.0
152 214.4 , Est Remaining: 273.6
153 215.9 , Est Remaining: 272.3
154 217.3 , Est Remaining: 270.9
155 218.8 , Est Remaining: 269.6
156 220.2 , Est Remaining: 268.2
157 221.7 , Est Remaining: 266.8
158 223.1 , Est Remaining: 265.5
EVENT FAILED
158 223.5 , Est Remaining: 265.9
159 224.9 , Est Remaining: 264.5
160 226.4 , Est Remaining: 263.1
161 227.8 , Est Remaining: 261.7
162 229.2 , Est Remaining: 260.4
163 230.7 , Est Remaining: 259.0
164 232.2 , Est Remaining: 257.7
165 233.7 , Est Remaining: 256.3
166 235.1 , Est Remaining: 255.0
167 236.6 , Est Remaining: 253.6
168 238.1 , Est Remaining: 252.2
169 239.5 , Est Remaining: 250.9
170 241.0 , Est Remaining: 249.5
171 242.5 , Est Remaining: 248.1
172 243.9 , Est Remaining: 246.7
173 245.4 , Est Remaining: 245.4
EVENT FAILED
173 245.7 , Est Remaining: 245.7
174 247.1 , Est Remaining: 244.3
175 248.6 , Est Remaining: 242.9
176 250.1 , Est Remaining: 241.5
177 251.5 , Est Remaining: 240.2
178 253.0 , Est Remaining: 238.8
179 254.4 , Est Remaining: 237.4
180 255.9 , Est Remaining: 236.0
181 257.3 , Est Remaining: 234.6
182 258.8 , Est Remaining: 233.2
183 260.3 , Est Remaining: 231.8
184 261.7 , Est Remaining: 230.4
185 263.2 , Est Remaining: 229.0
186 264.6 , Est Remaining: 227.6
187 266.1 , Est Remaining: 226.3
188 267.5 , Est Remaining: 224.8
189 269.0 , Est Remaining: 223.4
190 270.4 , Est Remaining: 222.0
191 271.8 , Est Remaining: 220.6
192 273.2 , Est Remaining: 219.2
EVENT FAILED
192 273.6 , Est Remaining: 219.4
193 275.0 , Est Remaining: 218.0
194 276.5 , Est Remaining: 216.6
195 278.0 , Est Remaining: 215.2
196 279.4 , Est Remaining: 213.8
197 280.9 , Est Remaining: 212.4
198 282.4 , Est Remaining: 211.1
199 283.9 , Est Remaining: 209.7
200 285.3 , Est Remaining: 208.3
201 286.8 , Est Remaining: 206.9
202 288.3 , Est Remaining: 205.5
203 289.9 , Est Remaining: 204.2
204 291.4 , Est Remaining: 202.8
205 292.8 , Est Remaining: 201.4
206 294.3 , Est Remaining: 200.0
207 295.8 , Est Remaining: 198.6
208 297.3 , Est Remaining: 197.2
209 298.7 , Est Remaining: 195.8
210 300.2 , Est Remaining: 194.4
211 301.6 , Est Remaining: 193.0
212 303.1 , Est Remaining: 191.6
213 304.5 , Est Remaining: 190.2
214 306.0 , Est Remaining: 188.7
215 307.5 , Est Remaining: 187.3
216 308.9 , Est Remaining: 185.9
217 310.4 , Est Remaining: 184.5
218 311.8 , Est Remaining: 183.1
219 313.3 , Est Remaining: 181.7
220 314.8 , Est Remaining: 180.3
221 316.2 , Est Remaining: 178.9
222 317.7 , Est Remaining: 177.4
223 319.1 , Est Remaining: 176.0
224 320.6 , Est Remaining: 174.6
225 322.0 , Est Remaining: 173.2
226 323.5 , Est Remaining: 171.8
227 324.9 , Est Remaining: 170.3
228 326.4 , Est Remaining: 168.9
229 327.8 , Est Remaining: 167.5
230 329.3 , Est Remaining: 166.1
231 330.7 , Est Remaining: 164.7
232 332.2 , Est Remaining: 163.2
EVENT FAILED
232 332.5 , Est Remaining: 163.4
233 333.9 , Est Remaining: 162.0
234 335.4 , Est Remaining: 160.5
235 336.8 , Est Remaining: 159.1
236 338.3 , Est Remaining: 157.7
237 339.7 , Est Remaining: 156.3
238 341.2 , Est Remaining: 154.8
239 342.6 , Est Remaining: 153.4
240 344.1 , Est Remaining: 152.0
241 345.5 , Est Remaining: 150.5
242 347.0 , Est Remaining: 149.1
243 348.4 , Est Remaining: 147.7
244 349.9 , Est Remaining: 146.3
245 351.3 , Est Remaining: 144.8
246 352.8 , Est Remaining: 143.4
247 354.2 , Est Remaining: 142.0
248 355.6 , Est Remaining: 140.5
249 357.1 , Est Remaining: 139.1
250 358.5 , Est Remaining: 137.7
251 359.9 , Est Remaining: 136.2
252 361.4 , Est Remaining: 134.8
253 362.8 , Est Remaining: 133.4
254 364.2 , Est Remaining: 131.9
255 365.7 , Est Remaining: 130.5
256 367.1 , Est Remaining: 129.1
257 368.5 , Est Remaining: 127.6
258 370.0 , Est Remaining: 126.2
259 371.4 , Est Remaining: 124.8
260 372.9 , Est Remaining: 123.3
261 374.3 , Est Remaining: 121.9
262 375.7 , Est Remaining: 120.5
263 377.2 , Est Remaining: 119.0
264 378.7 , Est Remaining: 117.6
265 380.1 , Est Remaining: 116.2
266 381.6 , Est Remaining: 114.8
267 383.0 , Est Remaining: 113.3
268 384.5 , Est Remaining: 111.9
269 386.0 , Est Remaining: 110.5
270 387.4 , Est Remaining: 109.1
271 388.9 , Est Remaining: 107.6
272 390.3 , Est Remaining: 106.2
273 391.8 , Est Remaining: 104.8
274 393.2 , Est Remaining: 103.3
275 394.7 , Est Remaining: 101.9
276 396.1 , Est Remaining: 100.5
277 397.6 , Est Remaining: 99.0
278 399.0 , Est Remaining: 97.6
279 400.5 , Est Remaining: 96.2
280 402.0 , Est Remaining: 94.8
281 403.5 , Est Remaining: 93.3
282 404.9 , Est Remaining: 91.9
283 406.4 , Est Remaining: 90.5
EVENT FAILED
283 406.7 , Est Remaining: 90.5
284 408.1 , Est Remaining: 89.1
285 409.6 , Est Remaining: 87.7
286 411.0 , Est Remaining: 86.2
287 412.5 , Est Remaining: 84.8
288 413.9 , Est Remaining: 83.4
289 415.4 , Est Remaining: 81.9
290 416.9 , Est Remaining: 80.5
291 418.3 , Est Remaining: 79.1
292 419.8 , Est Remaining: 77.6
293 421.3 , Est Remaining: 76.2
294 422.7 , Est Remaining: 74.8
295 424.2 , Est Remaining: 73.3
296 425.6 , Est Remaining: 71.9
297 427.1 , Est Remaining: 70.5
298 428.5 , Est Remaining: 69.0
299 430.0 , Est Remaining: 67.6
300 431.4 , Est Remaining: 66.2
301 432.9 , Est Remaining: 64.7
302 434.5 , Est Remaining: 63.3
303 436.0 , Est Remaining: 61.9
304 437.4 , Est Remaining: 60.4
305 438.9 , Est Remaining: 59.0
306 440.3 , Est Remaining: 57.6
307 441.8 , Est Remaining: 56.1
308 443.3 , Est Remaining: 54.7
309 444.7 , Est Remaining: 53.3
310 446.2 , Est Remaining: 51.8
311 447.7 , Est Remaining: 50.4
312 449.1 , Est Remaining: 48.9
313 450.6 , Est Remaining: 47.5
314 452.0 , Est Remaining: 46.1
315 453.5 , Est Remaining: 44.6
316 454.9 , Est Remaining: 43.2
317 456.4 , Est Remaining: 41.8
318 457.8 , Est Remaining: 40.3
319 459.3 , Est Remaining: 38.9
320 460.7 , Est Remaining: 37.4
321 462.1 , Est Remaining: 36.0
322 463.6 , Est Remaining: 34.6
323 465.0 , Est Remaining: 33.1
324 466.4 , Est Remaining: 31.7
325 467.8 , Est Remaining: 30.2
326 469.3 , Est Remaining: 28.8
327 470.7 , Est Remaining: 27.3
328 472.1 , Est Remaining: 25.9
329 473.5 , Est Remaining: 24.5
330 474.9 , Est Remaining: 23.0
331 476.3 , Est Remaining: 21.6
332 477.7 , Est Remaining: 20.1
333 479.1 , Est Remaining: 18.7
334 480.5 , Est Remaining: 17.3
335 482.0 , Est Remaining: 15.8
336 483.4 , Est Remaining: 14.4
