Note: NumExpr detected 32 cores but "NUMEXPR_MAX_THREADS" not set, so enforcing safe limit of 8.
Using selector: EpollSelector
/n/home02/jhaefner/miniconda/envs/IC-3.7-2020-06-16/lib/python3.7/site-packages/scipy/optimize/minpack.py:808: OptimizeWarning: Covariance of the parameters could not be estimated
  category=OptimizeWarning)
Total rwfs: 346
0 0.0 , Est Remaining: 999999.9
1 1.4 , Est Remaining: 489.1
2 2.8 , Est Remaining: 486.3
3 4.3 , Est Remaining: 487.8
4 5.7 , Est Remaining: 485.1
5 7.1 , Est Remaining: 481.6
6 8.5 , Est Remaining: 480.1
7 9.9 , Est Remaining: 479.0
8 11.3 , Est Remaining: 476.9
9 12.7 , Est Remaining: 475.2
10 14.1 , Est Remaining: 474.4
11 15.6 , Est Remaining: 473.9
12 17.0 , Est Remaining: 473.1
13 18.4 , Est Remaining: 471.2
14 19.8 , Est Remaining: 469.8
15 21.2 , Est Remaining: 468.6
16 22.7 , Est Remaining: 467.5
EVENT FAILED
16 23.0 , Est Remaining: 473.9
17 24.4 , Est Remaining: 472.5
18 25.9 , Est Remaining: 471.2
19 27.3 , Est Remaining: 469.9
20 28.7 , Est Remaining: 468.3
21 30.2 , Est Remaining: 467.7
22 31.7 , Est Remaining: 466.7
23 33.2 , Est Remaining: 465.6
24 34.6 , Est Remaining: 464.4
25 36.1 , Est Remaining: 463.1
26 37.5 , Est Remaining: 461.7
27 39.0 , Est Remaining: 460.3
28 40.4 , Est Remaining: 458.9
29 41.8 , Est Remaining: 457.4
30 43.3 , Est Remaining: 456.0
EVENT FAILED
30 43.6 , Est Remaining: 459.3
31 45.0 , Est Remaining: 457.7
32 46.5 , Est Remaining: 456.3
33 47.9 , Est Remaining: 454.8
34 49.4 , Est Remaining: 453.1
35 50.8 , Est Remaining: 451.6
EVENT FAILED
35 51.1 , Est Remaining: 454.3
36 52.6 , Est Remaining: 452.8
37 54.0 , Est Remaining: 451.3
38 55.5 , Est Remaining: 449.9
39 57.0 , Est Remaining: 448.7
40 58.5 , Est Remaining: 447.4
41 59.9 , Est Remaining: 445.9
42 61.4 , Est Remaining: 444.4
43 62.8 , Est Remaining: 442.8
44 64.3 , Est Remaining: 441.3
45 65.7 , Est Remaining: 439.7
46 67.2 , Est Remaining: 438.1
47 68.6 , Est Remaining: 436.5
48 70.1 , Est Remaining: 434.9
49 71.5 , Est Remaining: 433.3
50 72.9 , Est Remaining: 431.8
51 74.4 , Est Remaining: 430.2
52 75.8 , Est Remaining: 428.6
53 77.2 , Est Remaining: 427.0
54 78.7 , Est Remaining: 425.5
55 80.1 , Est Remaining: 424.0
EVENT FAILED
55 80.4 , Est Remaining: 425.6
56 81.9 , Est Remaining: 424.3
57 83.4 , Est Remaining: 422.8
58 84.8 , Est Remaining: 421.3
59 86.3 , Est Remaining: 419.9
60 87.8 , Est Remaining: 418.3
61 89.2 , Est Remaining: 416.8
62 90.7 , Est Remaining: 415.4
63 92.1 , Est Remaining: 413.7
64 93.6 , Est Remaining: 412.2
65 95.0 , Est Remaining: 410.8
66 96.5 , Est Remaining: 409.3
67 97.9 , Est Remaining: 407.8
68 99.4 , Est Remaining: 406.4
69 100.8 , Est Remaining: 404.8
70 102.3 , Est Remaining: 403.5
71 103.8 , Est Remaining: 401.9
72 105.2 , Est Remaining: 400.5
73 106.7 , Est Remaining: 399.0
74 108.1 , Est Remaining: 397.4
75 109.6 , Est Remaining: 395.9
76 111.0 , Est Remaining: 394.4
77 112.5 , Est Remaining: 392.9
78 113.9 , Est Remaining: 391.4
79 115.4 , Est Remaining: 389.9
80 116.8 , Est Remaining: 388.4
81 118.3 , Est Remaining: 386.9
82 119.7 , Est Remaining: 385.4
83 121.2 , Est Remaining: 383.9
84 122.6 , Est Remaining: 382.4
85 124.1 , Est Remaining: 380.9
86 125.5 , Est Remaining: 379.4
87 127.0 , Est Remaining: 378.0
88 128.5 , Est Remaining: 376.6
89 129.9 , Est Remaining: 375.2
90 131.4 , Est Remaining: 373.7
91 132.9 , Est Remaining: 372.3
92 134.3 , Est Remaining: 370.8
93 135.8 , Est Remaining: 369.3
94 137.2 , Est Remaining: 367.9
95 138.7 , Est Remaining: 366.4
96 140.1 , Est Remaining: 364.9
97 141.6 , Est Remaining: 363.4
98 143.0 , Est Remaining: 362.0
99 144.5 , Est Remaining: 360.5
100 145.9 , Est Remaining: 359.0
101 147.4 , Est Remaining: 357.4
EVENT FAILED
101 147.7 , Est Remaining: 358.2
102 149.1 , Est Remaining: 356.7
EVENT FAILED
102 149.4 , Est Remaining: 357.5
103 151.0 , Est Remaining: 356.2
104 152.5 , Est Remaining: 354.7
105 153.9 , Est Remaining: 353.3
106 155.4 , Est Remaining: 351.8
107 156.9 , Est Remaining: 350.4
108 158.3 , Est Remaining: 349.0
109 159.8 , Est Remaining: 347.5
110 161.3 , Est Remaining: 346.1
111 162.8 , Est Remaining: 344.6
112 164.2 , Est Remaining: 343.1
113 165.7 , Est Remaining: 341.6
114 167.1 , Est Remaining: 340.1
115 168.6 , Est Remaining: 338.7
116 170.1 , Est Remaining: 337.2
117 171.5 , Est Remaining: 335.7
118 173.0 , Est Remaining: 334.3
119 174.4 , Est Remaining: 332.7
120 175.8 , Est Remaining: 331.1
121 177.2 , Est Remaining: 329.5
122 178.6 , Est Remaining: 328.0
123 180.0 , Est Remaining: 326.4
124 181.4 , Est Remaining: 324.9
125 182.8 , Est Remaining: 323.3
126 184.3 , Est Remaining: 321.7
127 185.6 , Est Remaining: 320.1
EVENT FAILED
127 186.0 , Est Remaining: 320.7
128 187.4 , Est Remaining: 319.1
129 188.8 , Est Remaining: 317.6
130 190.2 , Est Remaining: 316.0
131 191.6 , Est Remaining: 314.5
132 193.0 , Est Remaining: 312.9
133 194.4 , Est Remaining: 311.4
134 195.8 , Est Remaining: 309.8
135 197.2 , Est Remaining: 308.3
136 198.6 , Est Remaining: 306.7
137 200.1 , Est Remaining: 305.2
138 201.5 , Est Remaining: 303.7
139 202.9 , Est Remaining: 302.1
140 204.3 , Est Remaining: 300.6
141 205.7 , Est Remaining: 299.1
142 207.1 , Est Remaining: 297.5
143 208.5 , Est Remaining: 296.0
144 209.9 , Est Remaining: 294.5
145 211.3 , Est Remaining: 293.0
146 212.7 , Est Remaining: 291.4
147 214.2 , Est Remaining: 289.9
148 215.6 , Est Remaining: 288.4
149 217.0 , Est Remaining: 286.9
150 218.4 , Est Remaining: 285.4
151 219.8 , Est Remaining: 283.9
152 221.2 , Est Remaining: 282.3
153 222.6 , Est Remaining: 280.8
154 224.0 , Est Remaining: 279.2
155 225.4 , Est Remaining: 277.7
156 226.8 , Est Remaining: 276.2
157 228.2 , Est Remaining: 274.7
158 229.6 , Est Remaining: 273.2
EVENT FAILED
158 229.9 , Est Remaining: 273.6
EVENT FAILED
158 230.2 , Est Remaining: 273.9
EVENT FAILED
158 230.5 , Est Remaining: 274.3
159 231.9 , Est Remaining: 272.7
160 233.3 , Est Remaining: 271.2
161 234.7 , Est Remaining: 269.6
162 236.0 , Est Remaining: 268.1
EVENT FAILED
162 236.3 , Est Remaining: 268.4
163 237.7 , Est Remaining: 266.9
164 239.1 , Est Remaining: 265.4
165 240.5 , Est Remaining: 263.8
166 241.9 , Est Remaining: 262.3
167 243.3 , Est Remaining: 260.8
168 244.7 , Est Remaining: 259.3
169 246.1 , Est Remaining: 257.7
170 247.5 , Est Remaining: 256.2
171 248.9 , Est Remaining: 254.7
172 250.5 , Est Remaining: 253.5
173 251.9 , Est Remaining: 251.9
174 253.3 , Est Remaining: 250.4
175 254.7 , Est Remaining: 248.9
176 256.1 , Est Remaining: 247.4
EVENT FAILED
176 256.4 , Est Remaining: 247.7
177 257.8 , Est Remaining: 246.1
178 259.2 , Est Remaining: 244.6
179 260.5 , Est Remaining: 243.1
180 261.9 , Est Remaining: 241.5
181 263.3 , Est Remaining: 240.0
182 264.7 , Est Remaining: 238.5
183 266.1 , Est Remaining: 237.0
184 267.5 , Est Remaining: 235.5
185 268.9 , Est Remaining: 234.0
186 270.3 , Est Remaining: 232.5
187 271.7 , Est Remaining: 231.0
188 273.1 , Est Remaining: 229.5
189 274.5 , Est Remaining: 228.0
190 275.9 , Est Remaining: 226.5
191 277.3 , Est Remaining: 225.1
192 278.7 , Est Remaining: 223.6
193 280.2 , Est Remaining: 222.1
194 281.6 , Est Remaining: 220.6
195 283.0 , Est Remaining: 219.2
196 284.4 , Est Remaining: 217.7
197 285.9 , Est Remaining: 216.2
198 287.3 , Est Remaining: 214.7
199 288.7 , Est Remaining: 213.3
200 290.1 , Est Remaining: 211.8
201 291.6 , Est Remaining: 210.3
202 293.1 , Est Remaining: 208.9
203 294.5 , Est Remaining: 207.5
204 296.0 , Est Remaining: 206.0
205 297.4 , Est Remaining: 204.5
206 298.8 , Est Remaining: 203.1
207 300.2 , Est Remaining: 201.6
208 301.7 , Est Remaining: 200.1
209 303.1 , Est Remaining: 198.7
210 304.6 , Est Remaining: 197.2
211 306.0 , Est Remaining: 195.8
212 307.4 , Est Remaining: 194.3
213 308.9 , Est Remaining: 192.9
214 310.3 , Est Remaining: 191.4
215 311.7 , Est Remaining: 189.9
216 313.2 , Est Remaining: 188.5
217 314.7 , Est Remaining: 187.1
218 316.1 , Est Remaining: 185.6
219 317.6 , Est Remaining: 184.2
220 319.0 , Est Remaining: 182.7
221 320.5 , Est Remaining: 181.3
222 322.0 , Est Remaining: 179.8
223 323.4 , Est Remaining: 178.4
224 324.9 , Est Remaining: 176.9
225 326.3 , Est Remaining: 175.5
226 327.8 , Est Remaining: 174.0
227 329.2 , Est Remaining: 172.6
228 330.7 , Est Remaining: 171.1
229 332.1 , Est Remaining: 169.7
230 333.6 , Est Remaining: 168.2
231 335.0 , Est Remaining: 166.8
232 336.5 , Est Remaining: 165.3
233 337.9 , Est Remaining: 163.9
234 339.4 , Est Remaining: 162.4
235 340.8 , Est Remaining: 161.0
236 342.3 , Est Remaining: 159.5
237 343.8 , Est Remaining: 158.1
238 345.2 , Est Remaining: 156.7
239 346.7 , Est Remaining: 155.2
240 348.1 , Est Remaining: 153.8
241 349.6 , Est Remaining: 152.3
242 351.1 , Est Remaining: 150.9
243 352.5 , Est Remaining: 149.4
244 354.0 , Est Remaining: 148.0
245 355.4 , Est Remaining: 146.5
EVENT FAILED
245 355.7 , Est Remaining: 146.6
246 357.2 , Est Remaining: 145.2
247 358.6 , Est Remaining: 143.7
248 360.1 , Est Remaining: 142.3
249 361.5 , Est Remaining: 140.8
250 363.0 , Est Remaining: 139.4
251 364.4 , Est Remaining: 137.9
252 365.9 , Est Remaining: 136.5
253 367.3 , Est Remaining: 135.0
254 368.8 , Est Remaining: 133.6
255 370.3 , Est Remaining: 132.1
256 371.7 , Est Remaining: 130.7
EVENT FAILED
256 372.0 , Est Remaining: 130.8
257 373.5 , Est Remaining: 129.3
EVENT FAILED
257 373.8 , Est Remaining: 129.5
258 375.2 , Est Remaining: 128.0
259 376.7 , Est Remaining: 126.5
260 378.1 , Est Remaining: 125.1
261 379.5 , Est Remaining: 123.6
262 381.0 , Est Remaining: 122.1
263 382.4 , Est Remaining: 120.7
264 383.9 , Est Remaining: 119.2
265 385.3 , Est Remaining: 117.8
EVENT FAILED
265 385.6 , Est Remaining: 117.9
266 387.1 , Est Remaining: 116.4
267 388.5 , Est Remaining: 115.0
268 390.0 , Est Remaining: 113.5
269 391.4 , Est Remaining: 112.0
270 392.9 , Est Remaining: 110.6
271 394.3 , Est Remaining: 109.1
272 395.7 , Est Remaining: 107.7
273 397.2 , Est Remaining: 106.2
274 398.6 , Est Remaining: 104.7
275 400.1 , Est Remaining: 103.3
276 401.5 , Est Remaining: 101.8
277 402.9 , Est Remaining: 100.4
278 404.4 , Est Remaining: 98.9
279 405.8 , Est Remaining: 97.5
280 407.3 , Est Remaining: 96.0
281 408.7 , Est Remaining: 94.5
282 410.2 , Est Remaining: 93.1
283 411.6 , Est Remaining: 91.6
284 413.0 , Est Remaining: 90.2
285 414.5 , Est Remaining: 88.7
286 415.9 , Est Remaining: 87.3
287 417.4 , Est Remaining: 85.8
288 418.8 , Est Remaining: 84.3
289 420.2 , Est Remaining: 82.9
290 421.7 , Est Remaining: 81.4
291 423.1 , Est Remaining: 80.0
292 424.5 , Est Remaining: 78.5
293 426.0 , Est Remaining: 77.1
294 427.4 , Est Remaining: 75.6
295 428.8 , Est Remaining: 74.1
296 430.3 , Est Remaining: 72.7
297 431.7 , Est Remaining: 71.2
298 433.2 , Est Remaining: 69.8
299 434.6 , Est Remaining: 68.3
300 436.0 , Est Remaining: 66.9
301 437.5 , Est Remaining: 65.4
302 439.1 , Est Remaining: 64.0
EVENT FAILED
302 439.4 , Est Remaining: 64.0
303 440.9 , Est Remaining: 62.6
304 442.3 , Est Remaining: 61.1
305 443.7 , Est Remaining: 59.6
306 445.2 , Est Remaining: 58.2
307 446.6 , Est Remaining: 56.7
308 448.1 , Est Remaining: 55.3
309 449.5 , Est Remaining: 53.8
310 451.0 , Est Remaining: 52.4
311 452.4 , Est Remaining: 50.9
312 453.9 , Est Remaining: 49.5
313 455.3 , Est Remaining: 48.0
314 456.8 , Est Remaining: 46.6
EVENT FAILED
314 457.1 , Est Remaining: 46.6
315 458.6 , Est Remaining: 45.1
316 460.0 , Est Remaining: 43.7
317 461.4 , Est Remaining: 42.2
318 462.9 , Est Remaining: 40.8
319 464.3 , Est Remaining: 39.3
320 465.8 , Est Remaining: 37.8
321 467.3 , Est Remaining: 36.4
322 468.7 , Est Remaining: 34.9
323 470.2 , Est Remaining: 33.5
324 471.7 , Est Remaining: 32.0
EVENT FAILED
324 472.0 , Est Remaining: 32.0
325 473.4 , Est Remaining: 30.6
326 474.9 , Est Remaining: 29.1
