Note: NumExpr detected 32 cores but "NUMEXPR_MAX_THREADS" not set, so enforcing safe limit of 8.
Using selector: EpollSelector
/n/home02/jhaefner/miniconda/envs/IC-3.7-2020-06-16/lib/python3.7/site-packages/scipy/optimize/minpack.py:808: OptimizeWarning: Covariance of the parameters could not be estimated
  category=OptimizeWarning)
Total rwfs: 346
0 0.0 , Est Remaining: 999999.9
1 1.3 , Est Remaining: 453.7
2 2.6 , Est Remaining: 450.3
3 3.9 , Est Remaining: 448.3
4 5.2 , Est Remaining: 446.9
5 6.5 , Est Remaining: 445.0
6 7.8 , Est Remaining: 444.0
7 9.1 , Est Remaining: 442.6
EVENT FAILED
7 9.4 , Est Remaining: 457.2
8 10.7 , Est Remaining: 453.7
9 12.0 , Est Remaining: 450.6
10 13.3 , Est Remaining: 448.4
11 14.6 , Est Remaining: 445.6
12 15.9 , Est Remaining: 443.3
13 17.2 , Est Remaining: 441.1
14 18.5 , Est Remaining: 439.6
15 19.8 , Est Remaining: 437.8
16 21.1 , Est Remaining: 435.7
17 22.4 , Est Remaining: 434.1
18 23.8 , Est Remaining: 432.9
19 25.1 , Est Remaining: 431.5
20 26.4 , Est Remaining: 430.2
21 27.7 , Est Remaining: 428.7
22 29.0 , Est Remaining: 427.2
23 30.3 , Est Remaining: 426.0
24 31.7 , Est Remaining: 424.7
25 33.0 , Est Remaining: 423.4
26 34.3 , Est Remaining: 422.0
27 35.6 , Est Remaining: 420.7
28 36.9 , Est Remaining: 419.3
29 38.2 , Est Remaining: 418.0
30 39.6 , Est Remaining: 416.6
31 40.9 , Est Remaining: 415.3
32 42.2 , Est Remaining: 414.0
33 43.5 , Est Remaining: 413.1
34 44.9 , Est Remaining: 411.8
35 46.2 , Est Remaining: 410.6
36 47.5 , Est Remaining: 409.4
37 48.9 , Est Remaining: 408.0
38 50.2 , Est Remaining: 406.7
39 51.5 , Est Remaining: 405.7
40 52.8 , Est Remaining: 404.3
41 54.2 , Est Remaining: 403.1
42 55.5 , Est Remaining: 401.9
43 56.8 , Est Remaining: 400.6
44 58.2 , Est Remaining: 399.4
45 59.5 , Est Remaining: 398.3
46 60.9 , Est Remaining: 397.1
47 62.2 , Est Remaining: 395.8
48 63.6 , Est Remaining: 394.6
49 64.9 , Est Remaining: 393.3
50 66.2 , Est Remaining: 392.0
51 67.5 , Est Remaining: 390.7
52 68.9 , Est Remaining: 389.4
53 70.2 , Est Remaining: 388.1
54 71.5 , Est Remaining: 386.8
55 72.8 , Est Remaining: 385.4
56 74.2 , Est Remaining: 384.1
57 75.5 , Est Remaining: 382.8
58 76.9 , Est Remaining: 381.6
59 78.2 , Est Remaining: 380.3
60 79.5 , Est Remaining: 379.0
61 80.8 , Est Remaining: 377.7
62 82.2 , Est Remaining: 376.4
63 83.5 , Est Remaining: 375.1
64 84.8 , Est Remaining: 373.8
65 86.2 , Est Remaining: 372.5
66 87.5 , Est Remaining: 371.2
67 88.9 , Est Remaining: 370.0
68 90.2 , Est Remaining: 368.8
69 91.5 , Est Remaining: 367.5
70 92.9 , Est Remaining: 366.2
71 94.2 , Est Remaining: 364.8
72 95.5 , Est Remaining: 363.6
73 96.9 , Est Remaining: 362.2
74 98.2 , Est Remaining: 360.9
75 99.5 , Est Remaining: 359.7
76 100.9 , Est Remaining: 358.4
77 102.2 , Est Remaining: 357.1
78 103.6 , Est Remaining: 355.8
79 104.9 , Est Remaining: 354.5
80 106.2 , Est Remaining: 353.2
81 107.6 , Est Remaining: 351.9
82 108.9 , Est Remaining: 350.6
83 110.2 , Est Remaining: 349.3
84 111.6 , Est Remaining: 348.0
85 112.9 , Est Remaining: 346.7
86 114.2 , Est Remaining: 345.3
87 115.6 , Est Remaining: 344.0
88 116.9 , Est Remaining: 342.7
89 118.2 , Est Remaining: 341.4
90 119.5 , Est Remaining: 340.0
91 120.9 , Est Remaining: 338.7
92 122.2 , Est Remaining: 337.4
93 123.5 , Est Remaining: 336.1
94 124.9 , Est Remaining: 334.7
95 126.2 , Est Remaining: 333.4
96 127.5 , Est Remaining: 332.1
97 128.8 , Est Remaining: 330.7
98 130.2 , Est Remaining: 329.4
99 131.5 , Est Remaining: 328.1
100 132.9 , Est Remaining: 326.8
101 134.2 , Est Remaining: 325.5
102 135.5 , Est Remaining: 324.2
103 137.0 , Est Remaining: 323.1
104 138.3 , Est Remaining: 321.8
105 139.6 , Est Remaining: 320.5
106 141.0 , Est Remaining: 319.2
107 142.3 , Est Remaining: 317.9
108 143.7 , Est Remaining: 316.6
109 145.0 , Est Remaining: 315.3
110 146.3 , Est Remaining: 314.0
111 147.7 , Est Remaining: 312.6
112 149.0 , Est Remaining: 311.3
113 150.3 , Est Remaining: 310.0
114 151.7 , Est Remaining: 308.7
115 153.0 , Est Remaining: 307.4
116 154.4 , Est Remaining: 306.1
117 155.7 , Est Remaining: 304.7
118 157.0 , Est Remaining: 303.4
119 158.4 , Est Remaining: 302.1
120 159.7 , Est Remaining: 300.8
121 161.1 , Est Remaining: 299.5
122 162.4 , Est Remaining: 298.2
123 163.8 , Est Remaining: 296.9
124 165.1 , Est Remaining: 295.6
125 166.5 , Est Remaining: 294.3
126 167.8 , Est Remaining: 293.0
EVENT FAILED
126 168.1 , Est Remaining: 293.5
127 169.4 , Est Remaining: 292.2
128 170.8 , Est Remaining: 290.9
129 172.1 , Est Remaining: 289.5
130 173.5 , Est Remaining: 288.2
131 174.8 , Est Remaining: 286.9
132 176.1 , Est Remaining: 285.5
133 177.5 , Est Remaining: 284.2
134 178.8 , Est Remaining: 282.9
135 180.1 , Est Remaining: 281.6
136 181.5 , Est Remaining: 280.2
137 182.8 , Est Remaining: 278.9
EVENT FAILED
137 183.1 , Est Remaining: 279.4
138 184.5 , Est Remaining: 278.0
139 185.8 , Est Remaining: 276.7
140 187.2 , Est Remaining: 275.4
141 188.5 , Est Remaining: 274.1
142 189.9 , Est Remaining: 272.8
143 191.2 , Est Remaining: 271.4
144 192.6 , Est Remaining: 270.1
145 193.9 , Est Remaining: 268.8
146 195.2 , Est Remaining: 267.4
147 196.6 , Est Remaining: 266.1
148 197.9 , Est Remaining: 264.8
149 199.2 , Est Remaining: 263.4
150 200.5 , Est Remaining: 262.0
151 201.9 , Est Remaining: 260.7
152 203.2 , Est Remaining: 259.3
153 204.5 , Est Remaining: 258.0
154 205.8 , Est Remaining: 256.6
155 207.2 , Est Remaining: 255.3
156 208.5 , Est Remaining: 253.9
157 209.8 , Est Remaining: 252.6
158 211.1 , Est Remaining: 251.2
159 212.5 , Est Remaining: 249.9
160 213.8 , Est Remaining: 248.5
EVENT FAILED
160 214.1 , Est Remaining: 248.9
161 215.4 , Est Remaining: 247.5
162 216.8 , Est Remaining: 246.2
163 218.1 , Est Remaining: 244.9
164 219.4 , Est Remaining: 243.5
165 220.7 , Est Remaining: 242.1
166 222.1 , Est Remaining: 240.8
167 223.4 , Est Remaining: 239.4
168 224.7 , Est Remaining: 238.1
169 226.0 , Est Remaining: 236.7
170 227.3 , Est Remaining: 235.4
EVENT FAILED
170 227.6 , Est Remaining: 235.7
171 229.0 , Est Remaining: 234.3
172 230.3 , Est Remaining: 232.9
173 231.6 , Est Remaining: 231.6
174 232.9 , Est Remaining: 230.2
175 234.2 , Est Remaining: 228.9
176 235.5 , Est Remaining: 227.5
177 236.9 , Est Remaining: 226.2
178 238.2 , Est Remaining: 224.8
179 239.5 , Est Remaining: 223.5
180 240.8 , Est Remaining: 222.1
181 242.2 , Est Remaining: 220.8
182 243.5 , Est Remaining: 219.4
183 244.8 , Est Remaining: 218.1
184 246.1 , Est Remaining: 216.7
185 247.5 , Est Remaining: 215.4
186 248.8 , Est Remaining: 214.0
187 250.1 , Est Remaining: 212.6
188 251.4 , Est Remaining: 211.3
189 252.7 , Est Remaining: 209.9
190 254.0 , Est Remaining: 208.6
191 255.3 , Est Remaining: 207.2
192 256.6 , Est Remaining: 205.8
193 258.0 , Est Remaining: 204.5
194 259.3 , Est Remaining: 203.1
195 260.6 , Est Remaining: 201.8
196 261.9 , Est Remaining: 200.4
197 263.2 , Est Remaining: 199.0
198 264.5 , Est Remaining: 197.7
199 265.8 , Est Remaining: 196.3
200 267.1 , Est Remaining: 195.0
201 268.4 , Est Remaining: 193.6
202 269.8 , Est Remaining: 192.3
203 271.2 , Est Remaining: 191.0
204 272.5 , Est Remaining: 189.7
205 273.8 , Est Remaining: 188.3
206 275.1 , Est Remaining: 187.0
207 276.4 , Est Remaining: 185.6
208 277.8 , Est Remaining: 184.3
209 279.1 , Est Remaining: 183.0
210 280.5 , Est Remaining: 181.6
211 281.8 , Est Remaining: 180.3
212 283.1 , Est Remaining: 178.9
213 284.4 , Est Remaining: 177.6
214 285.7 , Est Remaining: 176.3
215 287.1 , Est Remaining: 174.9
216 288.4 , Est Remaining: 173.6
217 289.7 , Est Remaining: 172.2
218 291.1 , Est Remaining: 170.9
219 292.4 , Est Remaining: 169.6
220 293.7 , Est Remaining: 168.2
221 295.1 , Est Remaining: 166.9
222 296.4 , Est Remaining: 165.6
223 297.7 , Est Remaining: 164.2
224 299.1 , Est Remaining: 162.9
225 300.4 , Est Remaining: 161.6
226 301.8 , Est Remaining: 160.2
227 303.1 , Est Remaining: 158.9
228 304.4 , Est Remaining: 157.5
229 305.7 , Est Remaining: 156.2
230 307.1 , Est Remaining: 154.9
231 308.4 , Est Remaining: 153.5
EVENT FAILED
231 308.7 , Est Remaining: 153.7
232 310.1 , Est Remaining: 152.4
233 311.4 , Est Remaining: 151.0
EVENT FAILED
233 311.7 , Est Remaining: 151.2
EVENT FAILED
233 312.0 , Est Remaining: 151.3
234 313.3 , Est Remaining: 150.0
235 314.7 , Est Remaining: 148.6
236 316.0 , Est Remaining: 147.3
237 317.3 , Est Remaining: 145.9
238 318.7 , Est Remaining: 144.6
239 320.0 , Est Remaining: 143.3
240 321.3 , Est Remaining: 141.9
241 322.7 , Est Remaining: 140.6
242 324.0 , Est Remaining: 139.2
243 325.3 , Est Remaining: 137.9
244 326.7 , Est Remaining: 136.6
245 328.0 , Est Remaining: 135.2
246 329.3 , Est Remaining: 133.9
247 330.7 , Est Remaining: 132.5
248 332.0 , Est Remaining: 131.2
249 333.4 , Est Remaining: 129.9
250 334.7 , Est Remaining: 128.5
251 336.1 , Est Remaining: 127.2
252 337.4 , Est Remaining: 125.9
253 338.7 , Est Remaining: 124.5
254 340.1 , Est Remaining: 123.2
255 341.4 , Est Remaining: 121.8
256 342.8 , Est Remaining: 120.5
257 344.1 , Est Remaining: 119.2
258 345.5 , Est Remaining: 117.8
259 346.8 , Est Remaining: 116.5
260 348.2 , Est Remaining: 115.2
261 349.5 , Est Remaining: 113.8
262 350.9 , Est Remaining: 112.5
263 352.2 , Est Remaining: 111.2
264 353.6 , Est Remaining: 109.8
EVENT FAILED
264 354.3 , Est Remaining: 110.1
265 355.7 , Est Remaining: 108.7
266 357.0 , Est Remaining: 107.4
267 358.3 , Est Remaining: 106.0
268 359.6 , Est Remaining: 104.7
269 360.9 , Est Remaining: 103.3
270 362.3 , Est Remaining: 102.0
271 363.6 , Est Remaining: 100.6
272 364.9 , Est Remaining: 99.3
273 366.2 , Est Remaining: 97.9
274 367.6 , Est Remaining: 96.6
275 368.9 , Est Remaining: 95.2
276 370.2 , Est Remaining: 93.9
277 371.5 , Est Remaining: 92.5
278 372.8 , Est Remaining: 91.2
279 374.1 , Est Remaining: 89.8
280 375.5 , Est Remaining: 88.5
281 376.8 , Est Remaining: 87.2
282 378.1 , Est Remaining: 85.8
283 379.4 , Est Remaining: 84.5
284 380.8 , Est Remaining: 83.1
285 382.1 , Est Remaining: 81.8
286 383.4 , Est Remaining: 80.4
287 384.7 , Est Remaining: 79.1
288 386.1 , Est Remaining: 77.7
289 387.4 , Est Remaining: 76.4
290 388.7 , Est Remaining: 75.1
291 390.0 , Est Remaining: 73.7
292 391.3 , Est Remaining: 72.4
293 392.6 , Est Remaining: 71.0
294 394.0 , Est Remaining: 69.7
295 395.3 , Est Remaining: 68.3
296 396.6 , Est Remaining: 67.0
297 397.9 , Est Remaining: 65.6
298 399.2 , Est Remaining: 64.3
299 400.5 , Est Remaining: 62.9
300 401.7 , Est Remaining: 61.6
301 403.0 , Est Remaining: 60.3
302 404.5 , Est Remaining: 58.9
303 405.8 , Est Remaining: 57.6
304 407.1 , Est Remaining: 56.2
305 408.4 , Est Remaining: 54.9
306 409.7 , Est Remaining: 53.6
307 411.0 , Est Remaining: 52.2
308 412.4 , Est Remaining: 50.9
309 413.7 , Est Remaining: 49.5
310 415.0 , Est Remaining: 48.2
311 416.3 , Est Remaining: 46.9
312 417.7 , Est Remaining: 45.5
313 419.0 , Est Remaining: 44.2
314 420.3 , Est Remaining: 42.8
315 421.7 , Est Remaining: 41.5
316 423.0 , Est Remaining: 40.2
317 424.4 , Est Remaining: 38.8
318 425.7 , Est Remaining: 37.5
319 427.0 , Est Remaining: 36.1
320 428.4 , Est Remaining: 34.8
EVENT FAILED
320 428.7 , Est Remaining: 34.8
321 430.0 , Est Remaining: 33.5
322 431.3 , Est Remaining: 32.1
323 432.7 , Est Remaining: 30.8
324 434.0 , Est Remaining: 29.5
325 435.3 , Est Remaining: 28.1
326 436.7 , Est Remaining: 26.8
327 438.0 , Est Remaining: 25.4
328 439.3 , Est Remaining: 24.1
329 440.6 , Est Remaining: 22.8
330 442.0 , Est Remaining: 21.4
331 443.3 , Est Remaining: 20.1
332 444.6 , Est Remaining: 18.7
333 445.9 , Est Remaining: 17.4
334 447.2 , Est Remaining: 16.1
335 448.5 , Est Remaining: 14.7
