Note: NumExpr detected 32 cores but "NUMEXPR_MAX_THREADS" not set, so enforcing safe limit of 8.
Using selector: EpollSelector
/n/home02/jhaefner/miniconda/envs/IC-3.7-2020-06-16/lib/python3.7/site-packages/scipy/optimize/minpack.py:808: OptimizeWarning: Covariance of the parameters could not be estimated
  category=OptimizeWarning)
Total rwfs: 346
0 0.0 , Est Remaining: 999999.9
1 1.4 , Est Remaining: 484.8
2 2.8 , Est Remaining: 482.6
3 4.3 , Est Remaining: 486.3
4 5.6 , Est Remaining: 481.0
5 7.0 , Est Remaining: 480.3
6 8.4 , Est Remaining: 478.5
7 9.8 , Est Remaining: 476.4
8 11.2 , Est Remaining: 474.6
9 12.6 , Est Remaining: 473.6
10 14.0 , Est Remaining: 471.4
11 15.4 , Est Remaining: 469.5
12 16.8 , Est Remaining: 467.9
13 18.2 , Est Remaining: 466.6
14 19.6 , Est Remaining: 465.4
15 21.0 , Est Remaining: 463.8
16 22.4 , Est Remaining: 462.3
17 23.8 , Est Remaining: 460.8
18 25.2 , Est Remaining: 459.8
19 26.7 , Est Remaining: 458.8
20 28.1 , Est Remaining: 457.6
21 29.5 , Est Remaining: 456.4
22 30.9 , Est Remaining: 455.0
23 32.3 , Est Remaining: 453.9
24 33.8 , Est Remaining: 453.0
25 35.2 , Est Remaining: 451.9
26 36.6 , Est Remaining: 450.8
27 38.0 , Est Remaining: 449.5
28 39.5 , Est Remaining: 448.2
EVENT FAILED
28 39.8 , Est Remaining: 451.7
29 41.2 , Est Remaining: 450.5
30 42.7 , Est Remaining: 449.4
31 44.1 , Est Remaining: 448.3
32 45.6 , Est Remaining: 447.0
33 47.0 , Est Remaining: 445.8
34 48.5 , Est Remaining: 444.8
35 49.9 , Est Remaining: 443.6
36 51.4 , Est Remaining: 442.4
37 52.8 , Est Remaining: 441.0
38 54.2 , Est Remaining: 439.5
39 55.6 , Est Remaining: 438.0
40 57.1 , Est Remaining: 436.7
41 58.5 , Est Remaining: 435.3
42 60.0 , Est Remaining: 434.1
43 61.4 , Est Remaining: 432.7
44 62.9 , Est Remaining: 431.4
EVENT FAILED
44 63.2 , Est Remaining: 433.5
45 64.6 , Est Remaining: 432.1
46 66.0 , Est Remaining: 430.6
47 67.4 , Est Remaining: 429.0
48 68.9 , Est Remaining: 427.6
49 70.3 , Est Remaining: 426.1
50 71.7 , Est Remaining: 424.6
51 73.1 , Est Remaining: 423.1
52 74.6 , Est Remaining: 421.6
EVENT FAILED
52 74.9 , Est Remaining: 423.4
53 76.3 , Est Remaining: 421.9
54 77.7 , Est Remaining: 420.3
55 79.1 , Est Remaining: 418.8
56 80.6 , Est Remaining: 417.3
57 82.0 , Est Remaining: 415.9
58 83.5 , Est Remaining: 414.5
59 84.9 , Est Remaining: 413.0
60 86.3 , Est Remaining: 411.5
61 87.8 , Est Remaining: 410.0
62 89.2 , Est Remaining: 408.6
63 90.6 , Est Remaining: 407.1
64 92.0 , Est Remaining: 405.6
65 93.5 , Est Remaining: 404.1
66 94.9 , Est Remaining: 402.7
67 96.4 , Est Remaining: 401.2
68 97.8 , Est Remaining: 399.7
69 99.2 , Est Remaining: 398.3
70 100.6 , Est Remaining: 396.8
71 102.1 , Est Remaining: 395.4
72 103.5 , Est Remaining: 394.0
73 105.0 , Est Remaining: 392.5
74 106.4 , Est Remaining: 391.0
75 107.8 , Est Remaining: 389.5
76 109.2 , Est Remaining: 388.1
77 110.7 , Est Remaining: 386.6
78 112.1 , Est Remaining: 385.1
EVENT FAILED
78 112.4 , Est Remaining: 386.2
79 113.8 , Est Remaining: 384.7
80 115.2 , Est Remaining: 383.2
81 116.7 , Est Remaining: 381.7
82 118.1 , Est Remaining: 380.2
83 119.5 , Est Remaining: 378.7
84 121.0 , Est Remaining: 377.3
85 122.4 , Est Remaining: 375.8
86 123.8 , Est Remaining: 374.4
87 125.3 , Est Remaining: 372.9
88 126.7 , Est Remaining: 371.5
89 128.2 , Est Remaining: 370.1
90 129.6 , Est Remaining: 368.7
91 131.1 , Est Remaining: 367.3
92 132.5 , Est Remaining: 365.9
93 134.0 , Est Remaining: 364.6
94 135.5 , Est Remaining: 363.1
95 136.9 , Est Remaining: 361.8
96 138.4 , Est Remaining: 360.3
97 139.8 , Est Remaining: 358.8
98 141.2 , Est Remaining: 357.3
99 142.6 , Est Remaining: 355.9
100 144.1 , Est Remaining: 354.4
101 145.5 , Est Remaining: 352.9
102 146.9 , Est Remaining: 351.5
103 148.5 , Est Remaining: 350.2
104 149.9 , Est Remaining: 348.8
105 151.3 , Est Remaining: 347.4
106 152.8 , Est Remaining: 345.9
107 154.2 , Est Remaining: 344.4
EVENT FAILED
107 154.5 , Est Remaining: 345.1
108 156.0 , Est Remaining: 343.7
109 157.4 , Est Remaining: 342.2
EVENT FAILED
109 157.7 , Est Remaining: 342.9
110 159.1 , Est Remaining: 341.4
111 160.6 , Est Remaining: 340.0
112 162.1 , Est Remaining: 338.6
113 163.5 , Est Remaining: 337.2
114 165.0 , Est Remaining: 335.8
115 166.4 , Est Remaining: 334.3
116 167.9 , Est Remaining: 332.9
117 169.3 , Est Remaining: 331.4
118 170.8 , Est Remaining: 330.0
119 172.2 , Est Remaining: 328.5
120 173.7 , Est Remaining: 327.1
121 175.1 , Est Remaining: 325.6
122 176.6 , Est Remaining: 324.2
123 178.0 , Est Remaining: 322.7
124 179.4 , Est Remaining: 321.2
125 180.9 , Est Remaining: 319.8
126 182.3 , Est Remaining: 318.3
EVENT FAILED
126 182.6 , Est Remaining: 318.8
127 184.0 , Est Remaining: 317.4
128 185.5 , Est Remaining: 316.0
129 187.0 , Est Remaining: 314.5
130 188.4 , Est Remaining: 313.1
131 189.9 , Est Remaining: 311.6
132 191.3 , Est Remaining: 310.1
133 192.8 , Est Remaining: 308.7
EVENT FAILED
133 193.1 , Est Remaining: 309.2
134 194.5 , Est Remaining: 307.8
135 196.0 , Est Remaining: 306.4
136 197.5 , Est Remaining: 305.0
137 199.0 , Est Remaining: 303.5
138 200.4 , Est Remaining: 302.1
139 201.9 , Est Remaining: 300.7
140 203.3 , Est Remaining: 299.2
141 204.8 , Est Remaining: 297.8
142 206.3 , Est Remaining: 296.3
143 207.7 , Est Remaining: 294.9
144 209.2 , Est Remaining: 293.5
145 210.7 , Est Remaining: 292.1
146 212.1 , Est Remaining: 290.6
147 213.6 , Est Remaining: 289.2
148 215.1 , Est Remaining: 287.7
149 216.5 , Est Remaining: 286.3
150 218.0 , Est Remaining: 284.8
151 219.4 , Est Remaining: 283.3
152 220.8 , Est Remaining: 281.9
153 222.3 , Est Remaining: 280.4
154 223.7 , Est Remaining: 278.9
155 225.1 , Est Remaining: 277.4
156 226.6 , Est Remaining: 276.0
EVENT FAILED
156 226.9 , Est Remaining: 276.3
157 228.3 , Est Remaining: 274.9
158 229.8 , Est Remaining: 273.4
159 231.2 , Est Remaining: 272.0
160 232.7 , Est Remaining: 270.5
161 234.1 , Est Remaining: 269.0
162 235.6 , Est Remaining: 267.6
163 237.0 , Est Remaining: 266.1
164 238.5 , Est Remaining: 264.6
165 239.9 , Est Remaining: 263.2
166 241.3 , Est Remaining: 261.7
167 242.8 , Est Remaining: 260.2
168 244.2 , Est Remaining: 258.7
169 245.6 , Est Remaining: 257.2
170 247.0 , Est Remaining: 255.8
171 248.5 , Est Remaining: 254.3
172 249.9 , Est Remaining: 252.8
173 251.3 , Est Remaining: 251.3
174 252.7 , Est Remaining: 249.8
175 254.2 , Est Remaining: 248.4
176 255.6 , Est Remaining: 246.9
177 257.0 , Est Remaining: 245.4
178 258.4 , Est Remaining: 243.9
179 259.9 , Est Remaining: 242.4
180 261.3 , Est Remaining: 241.0
181 262.7 , Est Remaining: 239.5
182 264.1 , Est Remaining: 238.0
183 265.5 , Est Remaining: 236.5
184 266.9 , Est Remaining: 235.0
185 268.3 , Est Remaining: 233.5
EVENT FAILED
185 268.6 , Est Remaining: 233.8
186 270.1 , Est Remaining: 232.3
187 271.5 , Est Remaining: 230.9
188 272.9 , Est Remaining: 229.4
189 274.4 , Est Remaining: 227.9
190 275.8 , Est Remaining: 226.4
191 277.2 , Est Remaining: 224.9
192 278.6 , Est Remaining: 223.5
193 280.0 , Est Remaining: 222.0
194 281.4 , Est Remaining: 220.5
195 282.9 , Est Remaining: 219.0
196 284.3 , Est Remaining: 217.6
197 285.7 , Est Remaining: 216.1
198 287.1 , Est Remaining: 214.6
199 288.5 , Est Remaining: 213.1
200 289.9 , Est Remaining: 211.7
201 291.4 , Est Remaining: 210.2
202 292.9 , Est Remaining: 208.8
203 294.2 , Est Remaining: 207.3
204 295.6 , Est Remaining: 205.8
205 297.0 , Est Remaining: 204.3
206 298.5 , Est Remaining: 202.8
207 299.9 , Est Remaining: 201.4
208 301.3 , Est Remaining: 199.9
209 302.7 , Est Remaining: 198.4
210 304.1 , Est Remaining: 196.9
211 305.5 , Est Remaining: 195.4
212 306.9 , Est Remaining: 194.0
EVENT FAILED
212 307.2 , Est Remaining: 194.1
213 308.5 , Est Remaining: 192.7
214 309.9 , Est Remaining: 191.2
EVENT FAILED
214 310.2 , Est Remaining: 191.4
215 311.6 , Est Remaining: 189.9
216 313.0 , Est Remaining: 188.4
217 314.3 , Est Remaining: 186.9
EVENT FAILED
217 314.7 , Est Remaining: 187.1
218 316.0 , Est Remaining: 185.5
219 317.4 , Est Remaining: 184.0
220 318.7 , Est Remaining: 182.5
221 320.0 , Est Remaining: 181.0
222 321.4 , Est Remaining: 179.5
223 322.7 , Est Remaining: 178.0
224 324.1 , Est Remaining: 176.5
225 325.5 , Est Remaining: 175.0
226 326.8 , Est Remaining: 173.5
227 328.2 , Est Remaining: 172.0
228 329.6 , Est Remaining: 170.6
229 330.9 , Est Remaining: 169.1
230 332.3 , Est Remaining: 167.6
231 333.7 , Est Remaining: 166.1
232 335.1 , Est Remaining: 164.7
233 336.5 , Est Remaining: 163.2
234 337.9 , Est Remaining: 161.7
235 339.2 , Est Remaining: 160.2
236 340.6 , Est Remaining: 158.8
EVENT FAILED
236 340.9 , Est Remaining: 158.9
237 342.3 , Est Remaining: 157.4
238 343.7 , Est Remaining: 156.0
239 345.1 , Est Remaining: 154.5
240 346.4 , Est Remaining: 153.0
241 347.8 , Est Remaining: 151.5
242 349.2 , Est Remaining: 150.1
243 350.6 , Est Remaining: 148.6
244 352.0 , Est Remaining: 147.1
245 353.4 , Est Remaining: 145.7
246 354.8 , Est Remaining: 144.2
247 356.1 , Est Remaining: 142.7
248 357.5 , Est Remaining: 141.3
249 358.9 , Est Remaining: 139.8
250 360.3 , Est Remaining: 138.4
251 361.7 , Est Remaining: 136.9
252 363.1 , Est Remaining: 135.4
253 364.5 , Est Remaining: 134.0
254 365.9 , Est Remaining: 132.5
255 367.3 , Est Remaining: 131.1
256 368.7 , Est Remaining: 129.6
257 370.1 , Est Remaining: 128.2
258 371.5 , Est Remaining: 126.7
259 372.9 , Est Remaining: 125.3
260 374.3 , Est Remaining: 123.8
261 375.7 , Est Remaining: 122.3
262 377.1 , Est Remaining: 120.9
263 378.5 , Est Remaining: 119.4
264 379.9 , Est Remaining: 118.0
265 381.3 , Est Remaining: 116.6
266 382.7 , Est Remaining: 115.1
267 384.1 , Est Remaining: 113.7
268 385.5 , Est Remaining: 112.2
269 386.9 , Est Remaining: 110.8
270 388.4 , Est Remaining: 109.3
271 389.8 , Est Remaining: 107.9
272 391.2 , Est Remaining: 106.4
273 392.6 , Est Remaining: 105.0
274 394.0 , Est Remaining: 103.5
275 395.4 , Est Remaining: 102.1
276 396.8 , Est Remaining: 100.6
277 398.3 , Est Remaining: 99.2
278 399.8 , Est Remaining: 97.8
279 401.2 , Est Remaining: 96.3
280 402.7 , Est Remaining: 94.9
281 404.1 , Est Remaining: 93.5
282 405.6 , Est Remaining: 92.1
283 407.1 , Est Remaining: 90.6
284 408.6 , Est Remaining: 89.2
285 410.0 , Est Remaining: 87.8
286 411.5 , Est Remaining: 86.3
287 413.0 , Est Remaining: 84.9
288 414.4 , Est Remaining: 83.5
289 415.9 , Est Remaining: 82.0
290 417.4 , Est Remaining: 80.6
291 418.8 , Est Remaining: 79.2
292 420.3 , Est Remaining: 77.7
293 421.7 , Est Remaining: 76.3
294 423.2 , Est Remaining: 74.9
295 424.7 , Est Remaining: 73.4
296 426.1 , Est Remaining: 72.0
297 427.6 , Est Remaining: 70.5
298 429.1 , Est Remaining: 69.1
299 430.5 , Est Remaining: 67.7
300 432.0 , Est Remaining: 66.2
301 433.5 , Est Remaining: 64.8
302 435.1 , Est Remaining: 63.4
303 436.6 , Est Remaining: 62.0
304 438.1 , Est Remaining: 60.5
305 439.6 , Est Remaining: 59.1
306 441.1 , Est Remaining: 57.7
307 442.6 , Est Remaining: 56.2
308 444.0 , Est Remaining: 54.8
309 445.5 , Est Remaining: 53.3
310 447.0 , Est Remaining: 51.9
311 448.5 , Est Remaining: 50.5
312 449.9 , Est Remaining: 49.0
313 451.4 , Est Remaining: 47.6
314 452.9 , Est Remaining: 46.2
315 454.4 , Est Remaining: 44.7
316 455.8 , Est Remaining: 43.3
317 457.3 , Est Remaining: 41.8
318 458.7 , Est Remaining: 40.4
319 460.1 , Est Remaining: 38.9
320 461.6 , Est Remaining: 37.5
321 463.0 , Est Remaining: 36.1
322 464.5 , Est Remaining: 34.6
323 465.9 , Est Remaining: 33.2
324 467.4 , Est Remaining: 31.7
325 468.8 , Est Remaining: 30.3
326 470.2 , Est Remaining: 28.8
327 471.6 , Est Remaining: 27.4
328 473.0 , Est Remaining: 26.0
329 474.4 , Est Remaining: 24.5
330 475.8 , Est Remaining: 23.1
EVENT FAILED
330 476.1 , Est Remaining: 23.1
