Note: NumExpr detected 32 cores but "NUMEXPR_MAX_THREADS" not set, so enforcing safe limit of 8.
Using selector: EpollSelector
/n/home02/jhaefner/miniconda/envs/IC-3.7-2020-06-16/lib/python3.7/site-packages/scipy/optimize/minpack.py:808: OptimizeWarning: Covariance of the parameters could not be estimated
  category=OptimizeWarning)
Total rwfs: 346
0 0.0 , Est Remaining: 999999.9
1 1.4 , Est Remaining: 478.5
2 2.8 , Est Remaining: 473.6
3 4.1 , Est Remaining: 472.1
4 5.5 , Est Remaining: 466.7
5 6.8 , Est Remaining: 463.4
6 8.1 , Est Remaining: 460.9
7 9.5 , Est Remaining: 459.2
8 10.8 , Est Remaining: 457.1
9 12.1 , Est Remaining: 454.4
10 13.4 , Est Remaining: 451.7
11 14.8 , Est Remaining: 449.6
12 16.1 , Est Remaining: 448.0
13 17.4 , Est Remaining: 446.5
14 18.8 , Est Remaining: 445.1
15 20.1 , Est Remaining: 443.4
16 21.4 , Est Remaining: 441.7
17 22.7 , Est Remaining: 439.9
18 24.0 , Est Remaining: 438.2
19 25.4 , Est Remaining: 436.5
20 26.7 , Est Remaining: 435.0
21 28.0 , Est Remaining: 433.6
22 29.3 , Est Remaining: 432.2
23 30.7 , Est Remaining: 430.8
EVENT FAILED
23 31.0 , Est Remaining: 434.9
EVENT FAILED
23 31.3 , Est Remaining: 439.4
24 32.6 , Est Remaining: 437.7
25 33.9 , Est Remaining: 435.9
26 35.3 , Est Remaining: 434.2
27 36.6 , Est Remaining: 432.3
28 37.9 , Est Remaining: 430.6
29 39.2 , Est Remaining: 429.0
30 40.6 , Est Remaining: 427.3
31 41.9 , Est Remaining: 425.6
32 43.2 , Est Remaining: 423.9
33 44.5 , Est Remaining: 422.5
34 45.9 , Est Remaining: 420.8
35 47.2 , Est Remaining: 419.2
36 48.5 , Est Remaining: 417.6
37 49.8 , Est Remaining: 416.1
38 51.1 , Est Remaining: 414.5
39 52.5 , Est Remaining: 412.9
40 53.8 , Est Remaining: 411.2
41 55.1 , Est Remaining: 409.7
42 56.4 , Est Remaining: 408.1
43 57.7 , Est Remaining: 406.6
44 59.0 , Est Remaining: 405.3
45 60.4 , Est Remaining: 404.0
46 61.7 , Est Remaining: 402.5
47 63.0 , Est Remaining: 401.1
48 64.4 , Est Remaining: 399.7
49 65.7 , Est Remaining: 398.2
50 67.0 , Est Remaining: 396.8
51 68.4 , Est Remaining: 395.4
52 69.7 , Est Remaining: 394.1
53 71.1 , Est Remaining: 392.8
54 72.4 , Est Remaining: 391.5
55 73.7 , Est Remaining: 390.2
56 75.1 , Est Remaining: 388.9
57 76.5 , Est Remaining: 387.7
58 77.8 , Est Remaining: 386.5
59 79.2 , Est Remaining: 385.4
60 80.6 , Est Remaining: 384.2
EVENT FAILED
60 80.9 , Est Remaining: 385.6
61 82.3 , Est Remaining: 384.4
62 83.6 , Est Remaining: 383.1
63 85.0 , Est Remaining: 381.9
EVENT FAILED
63 85.3 , Est Remaining: 383.3
64 86.7 , Est Remaining: 382.0
65 88.1 , Est Remaining: 380.9
66 89.5 , Est Remaining: 379.7
EVENT FAILED
66 89.8 , Est Remaining: 381.0
67 91.2 , Est Remaining: 379.8
68 92.6 , Est Remaining: 378.6
69 94.0 , Est Remaining: 377.4
70 95.4 , Est Remaining: 376.3
71 96.9 , Est Remaining: 375.2
72 98.3 , Est Remaining: 374.0
73 99.7 , Est Remaining: 372.8
74 101.1 , Est Remaining: 371.6
75 102.5 , Est Remaining: 370.5
76 104.0 , Est Remaining: 369.4
77 105.4 , Est Remaining: 368.4
78 106.9 , Est Remaining: 367.2
EVENT FAILED
78 107.2 , Est Remaining: 368.3
79 108.6 , Est Remaining: 367.1
80 110.1 , Est Remaining: 365.9
81 111.5 , Est Remaining: 364.8
82 113.0 , Est Remaining: 363.7
83 114.4 , Est Remaining: 362.5
84 115.8 , Est Remaining: 361.3
85 117.3 , Est Remaining: 360.1
86 118.7 , Est Remaining: 358.8
87 120.1 , Est Remaining: 357.6
88 121.5 , Est Remaining: 356.3
89 122.9 , Est Remaining: 355.0
90 124.4 , Est Remaining: 353.8
91 125.8 , Est Remaining: 352.6
92 127.3 , Est Remaining: 351.4
93 128.7 , Est Remaining: 350.2
94 130.1 , Est Remaining: 348.8
95 131.5 , Est Remaining: 347.5
96 133.0 , Est Remaining: 346.2
97 134.4 , Est Remaining: 345.0
98 135.8 , Est Remaining: 343.7
99 137.3 , Est Remaining: 342.5
100 138.7 , Est Remaining: 341.2
101 140.1 , Est Remaining: 339.9
102 141.5 , Est Remaining: 338.6
103 143.0 , Est Remaining: 337.4
104 144.5 , Est Remaining: 336.1
EVENT FAILED
104 144.8 , Est Remaining: 336.8
105 146.2 , Est Remaining: 335.5
106 147.6 , Est Remaining: 334.2
107 149.0 , Est Remaining: 332.9
108 150.5 , Est Remaining: 331.6
109 151.9 , Est Remaining: 330.2
110 153.3 , Est Remaining: 328.9
111 154.7 , Est Remaining: 327.5
112 156.1 , Est Remaining: 326.1
113 157.5 , Est Remaining: 324.7
114 158.9 , Est Remaining: 323.4
115 160.3 , Est Remaining: 322.1
116 161.8 , Est Remaining: 320.8
117 163.2 , Est Remaining: 319.5
118 164.7 , Est Remaining: 318.2
119 166.1 , Est Remaining: 316.9
120 167.6 , Est Remaining: 315.6
121 169.0 , Est Remaining: 314.2
122 170.4 , Est Remaining: 312.9
123 171.9 , Est Remaining: 311.6
124 173.3 , Est Remaining: 310.3
125 174.8 , Est Remaining: 309.0
126 176.3 , Est Remaining: 307.7
127 177.7 , Est Remaining: 306.4
128 179.1 , Est Remaining: 305.1
EVENT FAILED
128 179.4 , Est Remaining: 305.6
129 180.8 , Est Remaining: 304.2
130 182.3 , Est Remaining: 302.9
131 183.7 , Est Remaining: 301.5
132 185.2 , Est Remaining: 300.2
133 186.6 , Est Remaining: 298.9
134 188.1 , Est Remaining: 297.5
135 189.5 , Est Remaining: 296.2
136 190.9 , Est Remaining: 294.8
137 192.4 , Est Remaining: 293.5
138 193.8 , Est Remaining: 292.1
139 195.2 , Est Remaining: 290.7
140 196.7 , Est Remaining: 289.4
141 198.1 , Est Remaining: 288.0
142 199.5 , Est Remaining: 286.7
143 201.0 , Est Remaining: 285.3
144 202.4 , Est Remaining: 283.9
EVENT FAILED
144 202.7 , Est Remaining: 284.3
145 204.1 , Est Remaining: 282.9
146 205.5 , Est Remaining: 281.6
EVENT FAILED
146 205.8 , Est Remaining: 282.0
147 207.3 , Est Remaining: 280.6
148 208.7 , Est Remaining: 279.2
149 210.1 , Est Remaining: 277.8
150 211.6 , Est Remaining: 276.4
151 213.0 , Est Remaining: 275.1
152 214.4 , Est Remaining: 273.7
153 215.8 , Est Remaining: 272.3
154 217.3 , Est Remaining: 270.9
155 218.7 , Est Remaining: 269.4
156 220.1 , Est Remaining: 268.1
157 221.5 , Est Remaining: 266.7
158 222.9 , Est Remaining: 265.3
159 224.4 , Est Remaining: 263.9
160 225.8 , Est Remaining: 262.5
161 227.2 , Est Remaining: 261.1
162 228.6 , Est Remaining: 259.7
163 230.0 , Est Remaining: 258.2
164 231.4 , Est Remaining: 256.8
165 232.9 , Est Remaining: 255.4
166 234.3 , Est Remaining: 254.0
167 235.7 , Est Remaining: 252.7
168 237.1 , Est Remaining: 251.3
169 238.6 , Est Remaining: 249.9
170 240.0 , Est Remaining: 248.5
171 241.4 , Est Remaining: 247.1
172 242.9 , Est Remaining: 245.7
173 244.4 , Est Remaining: 244.4
174 245.8 , Est Remaining: 243.0
175 247.2 , Est Remaining: 241.6
176 248.7 , Est Remaining: 240.2
177 250.1 , Est Remaining: 238.8
178 251.5 , Est Remaining: 237.4
179 253.0 , Est Remaining: 236.0
180 254.4 , Est Remaining: 234.6
181 255.9 , Est Remaining: 233.3
182 257.3 , Est Remaining: 231.9
183 258.8 , Est Remaining: 230.5
184 260.2 , Est Remaining: 229.1
185 261.6 , Est Remaining: 227.7
186 263.0 , Est Remaining: 226.3
187 264.4 , Est Remaining: 224.8
188 265.9 , Est Remaining: 223.4
189 267.3 , Est Remaining: 222.0
190 268.7 , Est Remaining: 220.6
191 270.1 , Est Remaining: 219.2
192 271.5 , Est Remaining: 217.8
193 273.0 , Est Remaining: 216.4
194 274.4 , Est Remaining: 215.0
195 275.8 , Est Remaining: 213.5
196 277.2 , Est Remaining: 212.1
197 278.6 , Est Remaining: 210.8
198 280.1 , Est Remaining: 209.3
199 281.5 , Est Remaining: 207.9
200 282.9 , Est Remaining: 206.5
201 284.4 , Est Remaining: 205.1
202 285.8 , Est Remaining: 203.7
203 287.3 , Est Remaining: 202.4
204 288.7 , Est Remaining: 201.0
205 290.1 , Est Remaining: 199.5
206 291.5 , Est Remaining: 198.1
207 293.0 , Est Remaining: 196.7
208 294.4 , Est Remaining: 195.3
209 295.8 , Est Remaining: 193.9
210 297.2 , Est Remaining: 192.5
211 298.7 , Est Remaining: 191.1
212 300.1 , Est Remaining: 189.7
213 301.5 , Est Remaining: 188.3
EVENT FAILED
213 301.8 , Est Remaining: 188.5
214 303.2 , Est Remaining: 187.0
215 304.6 , Est Remaining: 185.6
EVENT FAILED
215 304.9 , Est Remaining: 185.8
216 306.4 , Est Remaining: 184.4
217 307.8 , Est Remaining: 183.0
218 309.2 , Est Remaining: 181.6
219 310.6 , Est Remaining: 180.1
220 312.1 , Est Remaining: 178.7
221 313.5 , Est Remaining: 177.3
222 314.9 , Est Remaining: 175.9
223 316.3 , Est Remaining: 174.5
224 317.7 , Est Remaining: 173.1
225 319.2 , Est Remaining: 171.7
226 320.6 , Est Remaining: 170.2
227 322.0 , Est Remaining: 168.8
228 323.4 , Est Remaining: 167.4
229 324.9 , Est Remaining: 166.0
230 326.3 , Est Remaining: 164.6
231 327.7 , Est Remaining: 163.2
EVENT FAILED
231 328.0 , Est Remaining: 163.3
232 329.5 , Est Remaining: 161.9
233 330.9 , Est Remaining: 160.5
234 332.3 , Est Remaining: 159.1
235 333.8 , Est Remaining: 157.6
236 335.2 , Est Remaining: 156.2
237 336.6 , Est Remaining: 154.8
238 338.0 , Est Remaining: 153.4
239 339.5 , Est Remaining: 152.0
240 340.9 , Est Remaining: 150.6
241 342.4 , Est Remaining: 149.2
242 343.9 , Est Remaining: 147.8
243 345.3 , Est Remaining: 146.4
244 346.7 , Est Remaining: 144.9
245 348.1 , Est Remaining: 143.5
246 349.6 , Est Remaining: 142.1
247 351.0 , Est Remaining: 140.7
248 352.4 , Est Remaining: 139.2
249 353.8 , Est Remaining: 137.8
250 355.2 , Est Remaining: 136.4
251 356.7 , Est Remaining: 135.0
252 358.1 , Est Remaining: 133.6
253 359.5 , Est Remaining: 132.2
254 360.9 , Est Remaining: 130.7
255 362.4 , Est Remaining: 129.3
256 363.8 , Est Remaining: 127.9
257 365.2 , Est Remaining: 126.5
258 366.7 , Est Remaining: 125.1
259 368.1 , Est Remaining: 123.6
260 369.5 , Est Remaining: 122.2
261 370.9 , Est Remaining: 120.8
262 372.4 , Est Remaining: 119.4
263 373.8 , Est Remaining: 118.0
264 375.2 , Est Remaining: 116.6
265 376.7 , Est Remaining: 115.1
266 378.1 , Est Remaining: 113.7
267 379.5 , Est Remaining: 112.3
EVENT FAILED
267 379.8 , Est Remaining: 112.4
268 381.3 , Est Remaining: 111.0
269 382.7 , Est Remaining: 109.5
270 384.1 , Est Remaining: 108.1
271 385.6 , Est Remaining: 106.7
EVENT FAILED
271 385.9 , Est Remaining: 106.8
272 387.3 , Est Remaining: 105.4
273 388.7 , Est Remaining: 103.9
274 390.1 , Est Remaining: 102.5
275 391.5 , Est Remaining: 101.1
276 393.0 , Est Remaining: 99.7
277 394.4 , Est Remaining: 98.2
278 395.8 , Est Remaining: 96.8
279 397.2 , Est Remaining: 95.4
280 398.7 , Est Remaining: 94.0
281 400.1 , Est Remaining: 92.5
282 401.5 , Est Remaining: 91.1
283 402.9 , Est Remaining: 89.7
284 404.3 , Est Remaining: 88.3
285 405.8 , Est Remaining: 86.8
286 407.2 , Est Remaining: 85.4
287 408.6 , Est Remaining: 84.0
288 410.0 , Est Remaining: 82.6
289 411.5 , Est Remaining: 81.2
290 412.9 , Est Remaining: 79.7
291 414.3 , Est Remaining: 78.3
292 415.7 , Est Remaining: 76.9
293 417.1 , Est Remaining: 75.5
294 418.5 , Est Remaining: 74.0
295 419.9 , Est Remaining: 72.6
296 421.3 , Est Remaining: 71.2
297 422.7 , Est Remaining: 69.7
298 424.1 , Est Remaining: 68.3
299 425.6 , Est Remaining: 66.9
300 427.0 , Est Remaining: 65.5
301 428.4 , Est Remaining: 64.0
302 430.0 , Est Remaining: 62.6
303 431.4 , Est Remaining: 61.2
304 432.8 , Est Remaining: 59.8
305 434.2 , Est Remaining: 58.4
306 435.7 , Est Remaining: 56.9
307 437.1 , Est Remaining: 55.5
308 438.5 , Est Remaining: 54.1
309 440.0 , Est Remaining: 52.7
310 441.4 , Est Remaining: 51.3
311 442.8 , Est Remaining: 49.8
312 444.2 , Est Remaining: 48.4
313 445.6 , Est Remaining: 47.0
314 447.1 , Est Remaining: 45.6
315 448.5 , Est Remaining: 44.1
316 449.9 , Est Remaining: 42.7
317 451.3 , Est Remaining: 41.3
318 452.7 , Est Remaining: 39.9
319 454.1 , Est Remaining: 38.4
320 455.5 , Est Remaining: 37.0
321 456.9 , Est Remaining: 35.6
322 458.3 , Est Remaining: 34.2
323 459.7 , Est Remaining: 32.7
324 461.1 , Est Remaining: 31.3
325 462.5 , Est Remaining: 29.9
326 463.9 , Est Remaining: 28.5
327 465.3 , Est Remaining: 27.0
328 466.7 , Est Remaining: 25.6
329 468.1 , Est Remaining: 24.2
330 469.5 , Est Remaining: 22.8
