Note: NumExpr detected 32 cores but "NUMEXPR_MAX_THREADS" not set, so enforcing safe limit of 8.
Using selector: EpollSelector
/n/home02/jhaefner/miniconda/envs/IC-3.7-2020-06-16/lib/python3.7/site-packages/scipy/optimize/minpack.py:808: OptimizeWarning: Covariance of the parameters could not be estimated
  category=OptimizeWarning)
Total rwfs: 346
0 0.0 , Est Remaining: 999999.9
1 1.4 , Est Remaining: 499.3
2 2.9 , Est Remaining: 502.0
3 4.4 , Est Remaining: 506.1
4 5.9 , Est Remaining: 503.1
5 7.4 , Est Remaining: 502.3
6 8.8 , Est Remaining: 499.8
7 10.3 , Est Remaining: 497.7
8 11.7 , Est Remaining: 495.4
9 13.2 , Est Remaining: 492.6
10 14.6 , Est Remaining: 490.3
11 16.0 , Est Remaining: 488.1
12 17.5 , Est Remaining: 486.5
13 19.0 , Est Remaining: 485.5
14 20.4 , Est Remaining: 483.7
15 21.8 , Est Remaining: 481.9
16 23.3 , Est Remaining: 480.1
17 24.7 , Est Remaining: 478.4
18 26.2 , Est Remaining: 476.9
EVENT FAILED
18 26.5 , Est Remaining: 482.7
19 27.9 , Est Remaining: 480.8
20 29.4 , Est Remaining: 478.7
21 30.8 , Est Remaining: 477.1
22 32.3 , Est Remaining: 475.9
23 33.8 , Est Remaining: 474.1
24 35.2 , Est Remaining: 472.3
25 36.6 , Est Remaining: 470.6
26 38.1 , Est Remaining: 468.8
27 39.5 , Est Remaining: 467.2
28 41.0 , Est Remaining: 465.3
29 42.4 , Est Remaining: 463.7
30 43.9 , Est Remaining: 462.1
31 45.3 , Est Remaining: 460.8
32 46.8 , Est Remaining: 459.5
33 48.3 , Est Remaining: 458.1
34 49.8 , Est Remaining: 456.7
35 51.2 , Est Remaining: 455.4
36 52.7 , Est Remaining: 454.1
37 54.2 , Est Remaining: 452.6
38 55.7 , Est Remaining: 451.2
39 57.1 , Est Remaining: 449.8
40 58.6 , Est Remaining: 448.4
EVENT FAILED
40 58.9 , Est Remaining: 450.8
41 60.4 , Est Remaining: 449.2
42 61.8 , Est Remaining: 447.5
43 63.3 , Est Remaining: 445.9
44 64.7 , Est Remaining: 444.3
45 66.2 , Est Remaining: 442.8
46 67.6 , Est Remaining: 441.2
47 69.1 , Est Remaining: 439.6
48 70.6 , Est Remaining: 438.0
49 72.0 , Est Remaining: 436.5
50 73.5 , Est Remaining: 434.9
51 74.9 , Est Remaining: 433.5
52 76.4 , Est Remaining: 431.9
53 77.9 , Est Remaining: 430.5
54 79.3 , Est Remaining: 429.0
55 80.8 , Est Remaining: 427.5
56 82.3 , Est Remaining: 426.0
57 83.7 , Est Remaining: 424.6
58 85.2 , Est Remaining: 423.2
59 86.7 , Est Remaining: 421.7
60 88.1 , Est Remaining: 420.1
61 89.6 , Est Remaining: 418.7
62 91.1 , Est Remaining: 417.2
63 92.5 , Est Remaining: 415.7
64 94.0 , Est Remaining: 414.1
65 95.4 , Est Remaining: 412.5
66 96.9 , Est Remaining: 411.0
67 98.3 , Est Remaining: 409.4
68 99.8 , Est Remaining: 407.9
69 101.2 , Est Remaining: 406.3
70 102.7 , Est Remaining: 404.9
71 104.2 , Est Remaining: 403.6
72 105.6 , Est Remaining: 402.0
73 107.1 , Est Remaining: 400.5
74 108.5 , Est Remaining: 398.9
75 110.0 , Est Remaining: 397.4
76 111.4 , Est Remaining: 395.8
77 112.8 , Est Remaining: 394.2
78 114.3 , Est Remaining: 392.6
79 115.7 , Est Remaining: 391.1
80 117.1 , Est Remaining: 389.5
81 118.6 , Est Remaining: 388.0
82 120.0 , Est Remaining: 386.4
83 121.4 , Est Remaining: 384.8
84 122.9 , Est Remaining: 383.3
85 124.3 , Est Remaining: 381.8
86 125.8 , Est Remaining: 380.3
87 127.2 , Est Remaining: 378.8
88 128.7 , Est Remaining: 377.3
89 130.2 , Est Remaining: 375.8
90 131.6 , Est Remaining: 374.3
91 133.1 , Est Remaining: 372.9
92 134.6 , Est Remaining: 371.5
93 136.0 , Est Remaining: 370.0
94 137.5 , Est Remaining: 368.5
95 139.0 , Est Remaining: 367.1
96 140.4 , Est Remaining: 365.7
97 141.9 , Est Remaining: 364.3
98 143.4 , Est Remaining: 362.9
99 144.9 , Est Remaining: 361.5
100 146.4 , Est Remaining: 360.0
EVENT FAILED
100 146.7 , Est Remaining: 360.8
101 148.1 , Est Remaining: 359.3
102 149.6 , Est Remaining: 357.9
103 151.2 , Est Remaining: 356.6
104 152.6 , Est Remaining: 355.1
EVENT FAILED
104 152.9 , Est Remaining: 355.9
105 154.4 , Est Remaining: 354.4
106 155.8 , Est Remaining: 352.8
107 157.3 , Est Remaining: 351.3
108 158.7 , Est Remaining: 349.8
109 160.2 , Est Remaining: 348.2
110 161.6 , Est Remaining: 346.7
111 163.1 , Est Remaining: 345.2
112 164.6 , Est Remaining: 343.8
113 166.0 , Est Remaining: 342.4
114 167.5 , Est Remaining: 340.9
115 168.9 , Est Remaining: 339.4
116 170.4 , Est Remaining: 337.9
117 171.9 , Est Remaining: 336.4
118 173.4 , Est Remaining: 335.0
119 174.8 , Est Remaining: 333.5
120 176.3 , Est Remaining: 332.0
EVENT FAILED
120 176.6 , Est Remaining: 332.6
121 178.1 , Est Remaining: 331.1
122 179.5 , Est Remaining: 329.6
123 181.0 , Est Remaining: 328.1
124 182.4 , Est Remaining: 326.6
125 183.9 , Est Remaining: 325.1
126 185.3 , Est Remaining: 323.6
EVENT FAILED
126 185.6 , Est Remaining: 324.1
127 187.1 , Est Remaining: 322.6
128 188.5 , Est Remaining: 321.1
129 190.0 , Est Remaining: 319.6
130 191.4 , Est Remaining: 318.1
EVENT FAILED
130 191.8 , Est Remaining: 318.6
131 193.2 , Est Remaining: 317.1
132 194.6 , Est Remaining: 315.6
133 196.1 , Est Remaining: 314.0
134 197.5 , Est Remaining: 312.5
135 199.0 , Est Remaining: 311.0
136 200.4 , Est Remaining: 309.5
137 201.9 , Est Remaining: 307.9
EVENT FAILED
137 202.2 , Est Remaining: 308.4
138 203.6 , Est Remaining: 306.9
139 205.0 , Est Remaining: 305.3
140 206.5 , Est Remaining: 303.8
141 207.9 , Est Remaining: 302.2
142 209.3 , Est Remaining: 300.7
143 210.8 , Est Remaining: 299.2
144 212.2 , Est Remaining: 297.6
145 213.6 , Est Remaining: 296.1
146 215.1 , Est Remaining: 294.6
147 216.5 , Est Remaining: 293.1
148 217.9 , Est Remaining: 291.5
149 219.3 , Est Remaining: 290.0
150 220.7 , Est Remaining: 288.4
151 222.1 , Est Remaining: 286.8
152 223.5 , Est Remaining: 285.3
153 224.9 , Est Remaining: 283.7
154 226.3 , Est Remaining: 282.2
155 227.7 , Est Remaining: 280.6
156 229.1 , Est Remaining: 279.0
157 230.5 , Est Remaining: 277.5
158 231.9 , Est Remaining: 275.9
159 233.2 , Est Remaining: 274.3
160 234.6 , Est Remaining: 272.8
161 236.0 , Est Remaining: 271.2
162 237.4 , Est Remaining: 269.6
163 238.8 , Est Remaining: 268.1
164 240.2 , Est Remaining: 266.5
165 241.6 , Est Remaining: 265.0
166 243.0 , Est Remaining: 263.4
167 244.3 , Est Remaining: 261.9
168 245.7 , Est Remaining: 260.4
169 247.1 , Est Remaining: 258.8
170 248.5 , Est Remaining: 257.3
171 249.9 , Est Remaining: 255.7
EVENT FAILED
171 250.2 , Est Remaining: 256.0
172 251.6 , Est Remaining: 254.5
173 253.0 , Est Remaining: 253.0
174 254.3 , Est Remaining: 251.4
175 255.7 , Est Remaining: 249.9
176 257.1 , Est Remaining: 248.4
177 258.5 , Est Remaining: 246.8
178 259.9 , Est Remaining: 245.3
179 261.3 , Est Remaining: 243.8
180 262.7 , Est Remaining: 242.2
181 264.1 , Est Remaining: 240.7
182 265.4 , Est Remaining: 239.2
183 266.8 , Est Remaining: 237.7
184 268.2 , Est Remaining: 236.1
185 269.6 , Est Remaining: 234.6
186 271.0 , Est Remaining: 233.1
187 272.3 , Est Remaining: 231.6
188 273.7 , Est Remaining: 230.1
189 275.1 , Est Remaining: 228.5
190 276.5 , Est Remaining: 227.0
191 277.9 , Est Remaining: 225.5
192 279.3 , Est Remaining: 224.0
193 280.6 , Est Remaining: 222.5
194 282.0 , Est Remaining: 221.0
195 283.4 , Est Remaining: 219.5
196 284.8 , Est Remaining: 218.0
197 286.2 , Est Remaining: 216.5
198 287.6 , Est Remaining: 215.0
199 289.0 , Est Remaining: 213.5
200 290.4 , Est Remaining: 212.0
201 291.7 , Est Remaining: 210.4
202 293.1 , Est Remaining: 208.9
203 294.6 , Est Remaining: 207.5
204 296.0 , Est Remaining: 206.0
205 297.3 , Est Remaining: 204.5
206 298.7 , Est Remaining: 203.0
207 300.1 , Est Remaining: 201.5
208 301.5 , Est Remaining: 200.0
209 302.9 , Est Remaining: 198.6
210 304.3 , Est Remaining: 197.1
211 305.7 , Est Remaining: 195.6
212 307.1 , Est Remaining: 194.1
EVENT FAILED
212 307.4 , Est Remaining: 194.3
213 308.8 , Est Remaining: 192.8
214 310.2 , Est Remaining: 191.4
215 311.5 , Est Remaining: 189.8
216 312.9 , Est Remaining: 188.3
217 314.4 , Est Remaining: 186.9
218 315.8 , Est Remaining: 185.4
EVENT FAILED
218 316.1 , Est Remaining: 185.6
219 317.5 , Est Remaining: 184.1
220 318.9 , Est Remaining: 182.7
221 320.4 , Est Remaining: 181.2
222 321.8 , Est Remaining: 179.7
223 323.2 , Est Remaining: 178.3
224 324.6 , Est Remaining: 176.8
225 326.1 , Est Remaining: 175.4
226 327.5 , Est Remaining: 173.9
227 328.9 , Est Remaining: 172.4
228 330.4 , Est Remaining: 171.0
229 331.8 , Est Remaining: 169.5
230 333.2 , Est Remaining: 168.1
231 334.7 , Est Remaining: 166.6
232 336.1 , Est Remaining: 165.2
233 337.5 , Est Remaining: 163.7
EVENT FAILED
233 337.9 , Est Remaining: 163.9
234 339.3 , Est Remaining: 162.4
235 340.7 , Est Remaining: 160.9
236 342.2 , Est Remaining: 159.5
237 343.7 , Est Remaining: 158.1
238 345.1 , Est Remaining: 156.6
239 346.6 , Est Remaining: 155.2
240 348.0 , Est Remaining: 153.7
241 349.5 , Est Remaining: 152.3
242 350.9 , Est Remaining: 150.8
243 352.4 , Est Remaining: 149.4
244 353.8 , Est Remaining: 147.9
245 355.3 , Est Remaining: 146.5
246 356.7 , Est Remaining: 145.0
247 358.2 , Est Remaining: 143.6
248 359.6 , Est Remaining: 142.1
249 361.1 , Est Remaining: 140.7
250 362.5 , Est Remaining: 139.2
251 364.0 , Est Remaining: 137.8
252 365.5 , Est Remaining: 136.3
253 366.9 , Est Remaining: 134.9
254 368.4 , Est Remaining: 133.4
255 369.8 , Est Remaining: 132.0
256 371.3 , Est Remaining: 130.5
257 372.8 , Est Remaining: 129.1
258 374.2 , Est Remaining: 127.6
259 375.7 , Est Remaining: 126.2
260 377.2 , Est Remaining: 124.8
261 378.6 , Est Remaining: 123.3
262 380.1 , Est Remaining: 121.9
263 381.6 , Est Remaining: 120.4
264 383.1 , Est Remaining: 119.0
265 384.5 , Est Remaining: 117.5
266 386.0 , Est Remaining: 116.1
267 387.5 , Est Remaining: 114.6
268 388.9 , Est Remaining: 113.2
269 390.4 , Est Remaining: 111.8
270 391.9 , Est Remaining: 110.3
271 393.3 , Est Remaining: 108.9
272 394.8 , Est Remaining: 107.4
273 396.3 , Est Remaining: 106.0
274 397.7 , Est Remaining: 104.5
275 399.2 , Est Remaining: 103.1
276 400.6 , Est Remaining: 101.6
277 402.1 , Est Remaining: 100.2
278 403.6 , Est Remaining: 98.7
279 405.0 , Est Remaining: 97.3
280 406.5 , Est Remaining: 95.8
281 407.9 , Est Remaining: 94.4
282 409.4 , Est Remaining: 92.9
283 410.7 , Est Remaining: 91.4
284 412.2 , Est Remaining: 90.0
285 413.6 , Est Remaining: 88.5
286 415.1 , Est Remaining: 87.1
287 416.5 , Est Remaining: 85.6
288 418.0 , Est Remaining: 84.2
289 419.4 , Est Remaining: 82.7
290 420.9 , Est Remaining: 81.3
291 422.4 , Est Remaining: 79.8
292 423.8 , Est Remaining: 78.4
293 425.3 , Est Remaining: 76.9
294 426.7 , Est Remaining: 75.5
295 428.2 , Est Remaining: 74.0
296 429.6 , Est Remaining: 72.6
297 431.1 , Est Remaining: 71.1
298 432.5 , Est Remaining: 69.7
299 434.0 , Est Remaining: 68.2
300 435.4 , Est Remaining: 66.8
301 436.9 , Est Remaining: 65.3
302 438.5 , Est Remaining: 63.9
303 439.9 , Est Remaining: 62.4
304 441.3 , Est Remaining: 61.0
305 442.8 , Est Remaining: 59.5
306 444.2 , Est Remaining: 58.1
307 445.7 , Est Remaining: 56.6
308 447.1 , Est Remaining: 55.2
309 448.6 , Est Remaining: 53.7
310 450.0 , Est Remaining: 52.3
311 451.4 , Est Remaining: 50.8
312 452.9 , Est Remaining: 49.4
313 454.4 , Est Remaining: 47.9
314 455.8 , Est Remaining: 46.5
315 457.3 , Est Remaining: 45.0
316 458.7 , Est Remaining: 43.6
317 460.2 , Est Remaining: 42.1
318 461.7 , Est Remaining: 40.6
319 463.1 , Est Remaining: 39.2
320 464.6 , Est Remaining: 37.7
321 466.0 , Est Remaining: 36.3
322 467.5 , Est Remaining: 34.8
323 469.0 , Est Remaining: 33.4
324 470.4 , Est Remaining: 31.9
325 471.9 , Est Remaining: 30.5
326 473.3 , Est Remaining: 29.0
327 474.7 , Est Remaining: 27.6
328 476.2 , Est Remaining: 26.1
329 477.6 , Est Remaining: 24.7
330 479.0 , Est Remaining: 23.2
331 480.5 , Est Remaining: 21.8
332 481.9 , Est Remaining: 20.3
333 483.3 , Est Remaining: 18.9
EVENT FAILED
