Note: NumExpr detected 32 cores but "NUMEXPR_MAX_THREADS" not set, so enforcing safe limit of 8.
Using selector: EpollSelector
/n/home02/jhaefner/miniconda/envs/IC-3.7-2020-06-16/lib/python3.7/site-packages/scipy/optimize/minpack.py:808: OptimizeWarning: Covariance of the parameters could not be estimated
  category=OptimizeWarning)
Total rwfs: 346
0 0.0 , Est Remaining: 999999.9
1 1.5 , Est Remaining: 501.8
2 2.9 , Est Remaining: 500.2
3 4.4 , Est Remaining: 502.1
4 5.8 , Est Remaining: 497.0
5 7.3 , Est Remaining: 494.9
6 8.7 , Est Remaining: 491.9
EVENT FAILED
6 9.0 , Est Remaining: 509.6
7 10.4 , Est Remaining: 503.4
8 11.8 , Est Remaining: 498.1
9 13.2 , Est Remaining: 495.6
10 14.7 , Est Remaining: 492.8
EVENT FAILED
10 15.0 , Est Remaining: 503.5
11 16.4 , Est Remaining: 500.0
12 17.9 , Est Remaining: 497.1
13 19.3 , Est Remaining: 493.4
14 20.7 , Est Remaining: 490.5
15 22.1 , Est Remaining: 488.1
16 23.6 , Est Remaining: 486.1
17 25.0 , Est Remaining: 483.8
18 26.4 , Est Remaining: 481.8
19 27.9 , Est Remaining: 480.0
20 29.3 , Est Remaining: 478.3
21 30.8 , Est Remaining: 476.6
22 32.3 , Est Remaining: 475.0
23 33.7 , Est Remaining: 473.4
24 35.2 , Est Remaining: 471.6
25 36.6 , Est Remaining: 470.0
26 38.1 , Est Remaining: 468.4
27 39.5 , Est Remaining: 466.7
28 41.0 , Est Remaining: 465.3
29 42.4 , Est Remaining: 463.8
30 43.9 , Est Remaining: 462.1
31 45.2 , Est Remaining: 459.1
32 46.6 , Est Remaining: 457.3
33 48.0 , Est Remaining: 455.5
34 49.5 , Est Remaining: 453.9
35 50.9 , Est Remaining: 452.4
36 52.3 , Est Remaining: 450.6
37 53.8 , Est Remaining: 449.0
38 55.2 , Est Remaining: 447.2
39 56.6 , Est Remaining: 445.4
EVENT FAILED
39 56.9 , Est Remaining: 447.8
40 58.3 , Est Remaining: 446.2
41 59.8 , Est Remaining: 444.6
42 61.2 , Est Remaining: 442.9
43 62.6 , Est Remaining: 441.1
44 64.0 , Est Remaining: 439.4
45 65.4 , Est Remaining: 437.7
46 66.9 , Est Remaining: 436.0
47 68.3 , Est Remaining: 434.4
48 69.7 , Est Remaining: 432.8
49 71.1 , Est Remaining: 431.2
EVENT FAILED
49 71.4 , Est Remaining: 433.0
EVENT FAILED
49 71.7 , Est Remaining: 434.9
50 73.2 , Est Remaining: 433.2
51 74.6 , Est Remaining: 431.6
52 76.0 , Est Remaining: 430.0
53 77.5 , Est Remaining: 428.2
54 78.9 , Est Remaining: 426.5
55 80.3 , Est Remaining: 424.9
56 81.7 , Est Remaining: 423.2
57 83.1 , Est Remaining: 421.5
58 84.6 , Est Remaining: 419.9
59 86.0 , Est Remaining: 418.2
60 87.4 , Est Remaining: 416.6
61 88.8 , Est Remaining: 415.0
62 90.2 , Est Remaining: 413.3
63 91.7 , Est Remaining: 411.7
64 93.1 , Est Remaining: 410.1
65 94.5 , Est Remaining: 408.5
66 95.9 , Est Remaining: 407.0
67 97.4 , Est Remaining: 405.5
68 98.8 , Est Remaining: 404.0
69 100.3 , Est Remaining: 402.5
70 101.7 , Est Remaining: 401.0
71 103.1 , Est Remaining: 399.5
72 104.6 , Est Remaining: 397.9
73 106.0 , Est Remaining: 396.4
74 107.4 , Est Remaining: 394.9
75 108.9 , Est Remaining: 393.4
76 110.3 , Est Remaining: 391.9
77 111.7 , Est Remaining: 390.3
78 113.2 , Est Remaining: 388.8
79 114.6 , Est Remaining: 387.2
80 116.0 , Est Remaining: 385.7
81 117.4 , Est Remaining: 384.2
82 118.9 , Est Remaining: 382.8
83 120.3 , Est Remaining: 381.3
84 121.8 , Est Remaining: 379.8
85 123.2 , Est Remaining: 378.2
86 124.6 , Est Remaining: 376.7
87 126.0 , Est Remaining: 375.2
88 127.5 , Est Remaining: 373.8
89 128.9 , Est Remaining: 372.3
90 130.4 , Est Remaining: 370.8
91 131.8 , Est Remaining: 369.2
92 133.2 , Est Remaining: 367.7
93 134.6 , Est Remaining: 366.2
94 136.0 , Est Remaining: 364.7
EVENT FAILED
94 136.3 , Est Remaining: 365.5
95 137.7 , Est Remaining: 363.9
96 139.2 , Est Remaining: 362.5
97 140.6 , Est Remaining: 361.0
98 142.0 , Est Remaining: 359.5
99 143.5 , Est Remaining: 357.9
100 144.9 , Est Remaining: 356.4
101 146.3 , Est Remaining: 354.8
102 147.7 , Est Remaining: 353.3
103 149.2 , Est Remaining: 352.0
104 150.6 , Est Remaining: 350.4
105 152.0 , Est Remaining: 348.9
106 153.4 , Est Remaining: 347.4
107 154.8 , Est Remaining: 345.9
108 156.2 , Est Remaining: 344.3
109 157.6 , Est Remaining: 342.8
110 159.1 , Est Remaining: 341.3
111 160.5 , Est Remaining: 339.7
112 161.9 , Est Remaining: 338.2
113 163.3 , Est Remaining: 336.7
114 164.7 , Est Remaining: 335.2
115 166.1 , Est Remaining: 333.7
116 167.5 , Est Remaining: 332.1
117 168.9 , Est Remaining: 330.5
EVENT FAILED
117 169.2 , Est Remaining: 331.1
118 170.6 , Est Remaining: 329.5
119 172.0 , Est Remaining: 328.0
120 173.4 , Est Remaining: 326.5
EVENT FAILED
120 173.7 , Est Remaining: 327.1
121 175.0 , Est Remaining: 325.5
122 176.4 , Est Remaining: 323.9
123 177.8 , Est Remaining: 322.4
124 179.2 , Est Remaining: 320.9
125 180.6 , Est Remaining: 319.3
126 182.0 , Est Remaining: 317.8
127 183.4 , Est Remaining: 316.3
128 184.8 , Est Remaining: 314.8
EVENT FAILED
128 185.1 , Est Remaining: 315.3
129 186.5 , Est Remaining: 313.8
130 187.9 , Est Remaining: 312.3
131 189.3 , Est Remaining: 310.7
132 190.7 , Est Remaining: 309.2
133 192.1 , Est Remaining: 307.6
134 193.5 , Est Remaining: 306.1
135 194.9 , Est Remaining: 304.6
136 196.3 , Est Remaining: 303.0
137 197.6 , Est Remaining: 301.5
138 199.0 , Est Remaining: 300.0
139 200.4 , Est Remaining: 298.5
140 201.8 , Est Remaining: 297.0
141 203.2 , Est Remaining: 295.4
142 204.6 , Est Remaining: 293.9
143 205.9 , Est Remaining: 292.3
144 207.3 , Est Remaining: 290.8
145 208.7 , Est Remaining: 289.3
146 210.0 , Est Remaining: 287.7
147 211.4 , Est Remaining: 286.2
148 212.8 , Est Remaining: 284.7
149 214.2 , Est Remaining: 283.2
150 215.5 , Est Remaining: 281.6
151 216.9 , Est Remaining: 280.1
152 218.3 , Est Remaining: 278.6
153 219.7 , Est Remaining: 277.1
154 221.0 , Est Remaining: 275.6
155 222.4 , Est Remaining: 274.0
EVENT FAILED
155 222.7 , Est Remaining: 274.4
156 224.1 , Est Remaining: 272.9
157 225.4 , Est Remaining: 271.4
158 226.8 , Est Remaining: 269.9
159 228.2 , Est Remaining: 268.4
160 229.6 , Est Remaining: 266.9
161 231.0 , Est Remaining: 265.4
162 232.3 , Est Remaining: 263.9
EVENT FAILED
162 232.6 , Est Remaining: 264.2
163 234.0 , Est Remaining: 262.7
164 235.4 , Est Remaining: 261.2
165 236.8 , Est Remaining: 259.7
166 238.1 , Est Remaining: 258.2
EVENT FAILED
166 238.4 , Est Remaining: 258.5
167 239.8 , Est Remaining: 257.0
168 241.2 , Est Remaining: 255.5
169 242.6 , Est Remaining: 254.1
170 244.0 , Est Remaining: 252.6
171 245.4 , Est Remaining: 251.1
172 246.8 , Est Remaining: 249.6
173 248.1 , Est Remaining: 248.1
174 249.5 , Est Remaining: 246.7
175 250.9 , Est Remaining: 245.2
176 252.3 , Est Remaining: 243.7
177 253.7 , Est Remaining: 242.3
178 255.1 , Est Remaining: 240.8
179 256.5 , Est Remaining: 239.3
180 257.9 , Est Remaining: 237.8
181 259.3 , Est Remaining: 236.4
182 260.7 , Est Remaining: 234.9
183 262.1 , Est Remaining: 233.5
184 263.5 , Est Remaining: 232.0
185 264.9 , Est Remaining: 230.5
186 266.3 , Est Remaining: 229.0
187 267.7 , Est Remaining: 227.6
188 269.0 , Est Remaining: 226.1
189 270.4 , Est Remaining: 224.6
190 271.8 , Est Remaining: 223.2
191 273.2 , Est Remaining: 221.7
192 274.6 , Est Remaining: 220.3
193 276.0 , Est Remaining: 218.8
194 277.4 , Est Remaining: 217.3
195 278.8 , Est Remaining: 215.9
196 280.2 , Est Remaining: 214.4
197 281.6 , Est Remaining: 213.0
198 283.0 , Est Remaining: 211.5
199 284.5 , Est Remaining: 210.1
200 285.9 , Est Remaining: 208.7
201 287.3 , Est Remaining: 207.3
202 288.7 , Est Remaining: 205.8
EVENT FAILED
202 289.2 , Est Remaining: 206.1
203 290.6 , Est Remaining: 204.7
204 292.0 , Est Remaining: 203.3
205 293.4 , Est Remaining: 201.8
206 294.9 , Est Remaining: 200.4
207 296.3 , Est Remaining: 199.0
208 297.7 , Est Remaining: 197.5
209 299.2 , Est Remaining: 196.1
210 300.6 , Est Remaining: 194.7
211 302.0 , Est Remaining: 193.2
212 303.5 , Est Remaining: 191.8
213 304.9 , Est Remaining: 190.4
214 306.3 , Est Remaining: 189.0
215 307.8 , Est Remaining: 187.5
216 309.2 , Est Remaining: 186.1
217 310.6 , Est Remaining: 184.6
218 312.1 , Est Remaining: 183.2
219 313.5 , Est Remaining: 181.8
220 315.0 , Est Remaining: 180.4
221 316.4 , Est Remaining: 179.0
222 317.8 , Est Remaining: 177.5
223 319.3 , Est Remaining: 176.1
224 320.7 , Est Remaining: 174.7
225 322.1 , Est Remaining: 173.2
226 323.6 , Est Remaining: 171.8
227 325.0 , Est Remaining: 170.4
228 326.5 , Est Remaining: 169.0
229 327.9 , Est Remaining: 167.5
230 329.4 , Est Remaining: 166.1
231 330.8 , Est Remaining: 164.7
232 332.2 , Est Remaining: 163.3
EVENT FAILED
232 332.6 , Est Remaining: 163.4
233 334.0 , Est Remaining: 162.0
234 335.4 , Est Remaining: 160.6
235 336.9 , Est Remaining: 159.1
236 338.3 , Est Remaining: 157.7
237 339.7 , Est Remaining: 156.2
238 341.1 , Est Remaining: 154.8
239 342.6 , Est Remaining: 153.4
240 344.0 , Est Remaining: 151.9
241 345.4 , Est Remaining: 150.5
242 346.8 , Est Remaining: 149.0
243 348.2 , Est Remaining: 147.6
244 349.6 , Est Remaining: 146.2
245 351.1 , Est Remaining: 144.7
246 352.5 , Est Remaining: 143.3
247 353.9 , Est Remaining: 141.8
248 355.2 , Est Remaining: 140.4
249 356.6 , Est Remaining: 138.9
250 358.1 , Est Remaining: 137.5
251 359.5 , Est Remaining: 136.1
252 360.9 , Est Remaining: 134.6
253 362.4 , Est Remaining: 133.2
254 363.8 , Est Remaining: 131.8
255 365.3 , Est Remaining: 130.4
256 366.7 , Est Remaining: 128.9
257 368.1 , Est Remaining: 127.5
258 369.6 , Est Remaining: 126.1
259 371.0 , Est Remaining: 124.6
260 372.5 , Est Remaining: 123.2
261 373.9 , Est Remaining: 121.8
262 375.3 , Est Remaining: 120.3
263 376.8 , Est Remaining: 118.9
264 378.2 , Est Remaining: 117.5
EVENT FAILED
264 378.6 , Est Remaining: 117.6
265 380.0 , Est Remaining: 116.2
266 381.4 , Est Remaining: 114.7
267 382.9 , Est Remaining: 113.3
268 384.3 , Est Remaining: 111.9
269 385.8 , Est Remaining: 110.4
270 387.2 , Est Remaining: 109.0
271 388.6 , Est Remaining: 107.6
272 390.1 , Est Remaining: 106.1
273 391.4 , Est Remaining: 104.7
274 392.8 , Est Remaining: 103.2
275 394.3 , Est Remaining: 101.8
276 395.7 , Est Remaining: 100.4
277 397.1 , Est Remaining: 98.9
278 398.6 , Est Remaining: 97.5
279 400.0 , Est Remaining: 96.1
280 401.5 , Est Remaining: 94.6
281 402.9 , Est Remaining: 93.2
282 404.3 , Est Remaining: 91.8
283 405.8 , Est Remaining: 90.3
284 407.2 , Est Remaining: 88.9
285 408.6 , Est Remaining: 87.5
286 410.0 , Est Remaining: 86.0
287 411.4 , Est Remaining: 84.6
288 412.8 , Est Remaining: 83.1
EVENT FAILED
288 413.2 , Est Remaining: 83.2
289 414.6 , Est Remaining: 81.8
290 416.0 , Est Remaining: 80.3
291 417.4 , Est Remaining: 78.9
292 418.8 , Est Remaining: 77.5
293 420.3 , Est Remaining: 76.0
294 421.7 , Est Remaining: 74.6
295 423.1 , Est Remaining: 73.1
296 424.5 , Est Remaining: 71.7
297 426.0 , Est Remaining: 70.3
298 427.4 , Est Remaining: 68.8
299 428.8 , Est Remaining: 67.4
300 430.3 , Est Remaining: 66.0
301 431.7 , Est Remaining: 64.5
302 433.3 , Est Remaining: 63.1
303 434.7 , Est Remaining: 61.7
304 436.1 , Est Remaining: 60.3
305 437.6 , Est Remaining: 58.8
306 439.0 , Est Remaining: 57.4
307 440.4 , Est Remaining: 55.9
308 441.8 , Est Remaining: 54.5
309 443.3 , Est Remaining: 53.1
310 444.7 , Est Remaining: 51.6
311 446.1 , Est Remaining: 50.2
312 447.6 , Est Remaining: 48.8
313 449.0 , Est Remaining: 47.3
314 450.5 , Est Remaining: 45.9
315 451.9 , Est Remaining: 44.5
316 453.3 , Est Remaining: 43.0
317 454.8 , Est Remaining: 41.6
318 456.2 , Est Remaining: 40.2
319 457.6 , Est Remaining: 38.7
320 459.0 , Est Remaining: 37.3
321 460.4 , Est Remaining: 35.9
322 461.9 , Est Remaining: 34.4
323 463.3 , Est Remaining: 33.0
324 464.8 , Est Remaining: 31.6
325 466.2 , Est Remaining: 30.1
326 467.6 , Est Remaining: 28.7
327 469.1 , Est Remaining: 27.3
328 470.4 , Est Remaining: 25.8
EVENT FAILED
328 470.7 , Est Remaining: 25.8
