Note: NumExpr detected 32 cores but "NUMEXPR_MAX_THREADS" not set, so enforcing safe limit of 8.
Using selector: EpollSelector
/n/home02/jhaefner/miniconda/envs/IC-3.7-2020-06-16/lib/python3.7/site-packages/scipy/optimize/minpack.py:808: OptimizeWarning: Covariance of the parameters could not be estimated
  category=OptimizeWarning)
Total rwfs: 346
0 0.0 , Est Remaining: 999999.9
1 1.4 , Est Remaining: 496.7
2 2.8 , Est Remaining: 490.1
3 4.3 , Est Remaining: 489.8
4 5.7 , Est Remaining: 486.0
5 7.1 , Est Remaining: 483.8
6 8.5 , Est Remaining: 481.5
7 9.9 , Est Remaining: 479.4
8 11.3 , Est Remaining: 477.7
EVENT FAILED
8 11.6 , Est Remaining: 492.2
9 13.0 , Est Remaining: 487.7
10 14.4 , Est Remaining: 484.8
11 15.8 , Est Remaining: 482.0
12 17.2 , Est Remaining: 479.4
13 18.6 , Est Remaining: 476.8
14 20.0 , Est Remaining: 474.5
EVENT FAILED
14 20.7 , Est Remaining: 491.6
15 22.1 , Est Remaining: 488.1
16 23.5 , Est Remaining: 485.3
17 24.9 , Est Remaining: 482.3
18 26.3 , Est Remaining: 479.4
19 27.7 , Est Remaining: 476.8
20 29.1 , Est Remaining: 474.6
21 30.5 , Est Remaining: 472.1
22 31.9 , Est Remaining: 469.9
23 33.3 , Est Remaining: 467.4
24 34.7 , Est Remaining: 465.3
25 36.1 , Est Remaining: 463.3
26 37.5 , Est Remaining: 461.4
27 38.9 , Est Remaining: 459.4
28 40.3 , Est Remaining: 457.4
29 41.7 , Est Remaining: 455.4
30 43.0 , Est Remaining: 453.4
31 44.4 , Est Remaining: 451.5
32 45.8 , Est Remaining: 449.6
33 47.2 , Est Remaining: 447.8
34 48.6 , Est Remaining: 446.1
35 50.0 , Est Remaining: 444.4
36 51.4 , Est Remaining: 442.6
37 52.8 , Est Remaining: 441.0
38 54.2 , Est Remaining: 439.3
39 55.6 , Est Remaining: 437.6
40 57.0 , Est Remaining: 435.9
41 58.4 , Est Remaining: 434.2
42 59.7 , Est Remaining: 432.4
43 61.1 , Est Remaining: 430.9
44 62.5 , Est Remaining: 429.3
45 63.9 , Est Remaining: 427.7
46 65.3 , Est Remaining: 426.1
47 66.7 , Est Remaining: 424.4
48 68.1 , Est Remaining: 422.8
49 69.5 , Est Remaining: 421.1
50 70.9 , Est Remaining: 419.8
EVENT FAILED
50 71.2 , Est Remaining: 421.8
51 72.7 , Est Remaining: 420.4
52 74.1 , Est Remaining: 418.7
53 75.4 , Est Remaining: 417.1
54 76.8 , Est Remaining: 415.5
55 78.2 , Est Remaining: 413.9
56 79.6 , Est Remaining: 412.4
57 81.0 , Est Remaining: 410.7
58 82.4 , Est Remaining: 409.1
59 83.8 , Est Remaining: 407.6
60 85.2 , Est Remaining: 406.1
61 86.6 , Est Remaining: 404.6
62 88.0 , Est Remaining: 403.0
63 89.4 , Est Remaining: 401.5
64 90.8 , Est Remaining: 399.9
65 92.2 , Est Remaining: 398.4
66 93.5 , Est Remaining: 396.8
67 94.9 , Est Remaining: 395.3
68 96.3 , Est Remaining: 393.7
69 97.7 , Est Remaining: 392.2
70 99.1 , Est Remaining: 390.7
71 100.5 , Est Remaining: 389.2
72 101.9 , Est Remaining: 387.6
73 103.3 , Est Remaining: 386.2
74 104.7 , Est Remaining: 384.7
75 106.1 , Est Remaining: 383.2
76 107.4 , Est Remaining: 381.7
77 108.8 , Est Remaining: 380.2
78 110.2 , Est Remaining: 378.7
79 111.6 , Est Remaining: 377.3
80 113.0 , Est Remaining: 375.8
81 114.4 , Est Remaining: 374.3
82 115.8 , Est Remaining: 372.8
83 117.2 , Est Remaining: 371.4
84 118.6 , Est Remaining: 369.9
85 120.0 , Est Remaining: 368.4
86 121.4 , Est Remaining: 366.9
87 122.8 , Est Remaining: 365.4
88 124.1 , Est Remaining: 364.0
89 125.5 , Est Remaining: 362.5
90 126.9 , Est Remaining: 361.0
91 128.3 , Est Remaining: 359.6
92 129.7 , Est Remaining: 358.1
93 131.1 , Est Remaining: 356.6
94 132.5 , Est Remaining: 355.2
95 133.9 , Est Remaining: 353.7
96 135.3 , Est Remaining: 352.3
97 136.7 , Est Remaining: 350.9
98 138.1 , Est Remaining: 349.4
99 139.4 , Est Remaining: 347.9
100 140.8 , Est Remaining: 346.4
EVENT FAILED
100 141.7 , Est Remaining: 348.5
EVENT FAILED
100 142.0 , Est Remaining: 349.3
101 143.4 , Est Remaining: 347.8
102 144.9 , Est Remaining: 346.5
EVENT FAILED
102 145.2 , Est Remaining: 347.3
103 146.6 , Est Remaining: 345.8
104 148.0 , Est Remaining: 344.3
105 149.4 , Est Remaining: 342.8
106 150.7 , Est Remaining: 341.3
107 152.1 , Est Remaining: 339.8
108 153.5 , Est Remaining: 338.3
109 154.9 , Est Remaining: 336.8
110 156.3 , Est Remaining: 335.2
111 157.6 , Est Remaining: 333.7
112 159.0 , Est Remaining: 332.2
113 160.4 , Est Remaining: 330.7
114 161.8 , Est Remaining: 329.2
115 163.2 , Est Remaining: 327.7
116 164.5 , Est Remaining: 326.3
117 165.9 , Est Remaining: 324.8
118 167.3 , Est Remaining: 323.3
119 168.7 , Est Remaining: 321.8
120 170.1 , Est Remaining: 320.3
121 171.5 , Est Remaining: 318.9
122 172.9 , Est Remaining: 317.4
123 174.3 , Est Remaining: 316.0
124 175.7 , Est Remaining: 314.5
125 177.1 , Est Remaining: 313.0
126 178.5 , Est Remaining: 311.6
127 179.9 , Est Remaining: 310.2
128 181.3 , Est Remaining: 308.7
129 182.6 , Est Remaining: 307.2
130 184.0 , Est Remaining: 305.8
131 185.4 , Est Remaining: 304.4
132 186.8 , Est Remaining: 302.9
133 188.2 , Est Remaining: 301.4
134 189.6 , Est Remaining: 300.0
135 191.0 , Est Remaining: 298.5
136 192.4 , Est Remaining: 297.1
137 193.8 , Est Remaining: 295.6
138 195.2 , Est Remaining: 294.2
139 196.6 , Est Remaining: 292.8
140 198.0 , Est Remaining: 291.3
EVENT FAILED
140 198.4 , Est Remaining: 291.9
141 199.8 , Est Remaining: 290.4
142 201.1 , Est Remaining: 289.0
143 202.5 , Est Remaining: 287.5
144 203.9 , Est Remaining: 286.1
145 205.3 , Est Remaining: 284.6
146 206.7 , Est Remaining: 283.1
147 208.1 , Est Remaining: 281.7
148 209.5 , Est Remaining: 280.2
149 210.8 , Est Remaining: 278.7
150 212.2 , Est Remaining: 277.3
151 213.6 , Est Remaining: 275.8
152 214.9 , Est Remaining: 274.3
153 216.3 , Est Remaining: 272.8
154 217.7 , Est Remaining: 271.4
155 219.0 , Est Remaining: 269.9
156 220.4 , Est Remaining: 268.5
157 221.8 , Est Remaining: 267.0
158 223.2 , Est Remaining: 265.6
159 224.6 , Est Remaining: 264.1
160 225.9 , Est Remaining: 262.7
EVENT FAILED
160 226.3 , Est Remaining: 263.1
161 227.7 , Est Remaining: 261.6
162 229.1 , Est Remaining: 260.2
163 230.5 , Est Remaining: 258.8
164 231.9 , Est Remaining: 257.3
165 233.3 , Est Remaining: 255.9
166 234.6 , Est Remaining: 254.4
167 236.0 , Est Remaining: 253.0
168 237.4 , Est Remaining: 251.6
169 238.8 , Est Remaining: 250.1
EVENT FAILED
169 239.2 , Est Remaining: 250.5
170 240.6 , Est Remaining: 249.0
171 242.0 , Est Remaining: 247.7
172 243.4 , Est Remaining: 246.2
173 244.8 , Est Remaining: 244.8
174 246.2 , Est Remaining: 243.3
175 247.6 , Est Remaining: 241.9
176 249.0 , Est Remaining: 240.5
177 250.3 , Est Remaining: 239.0
178 251.7 , Est Remaining: 237.6
179 253.1 , Est Remaining: 236.2
180 254.5 , Est Remaining: 234.8
181 256.0 , Est Remaining: 233.3
182 257.4 , Est Remaining: 231.9
183 258.7 , Est Remaining: 230.5
EVENT FAILED
183 259.1 , Est Remaining: 230.8
184 260.5 , Est Remaining: 229.3
185 261.8 , Est Remaining: 227.9
186 263.2 , Est Remaining: 226.4
187 264.6 , Est Remaining: 225.0
188 266.0 , Est Remaining: 223.5
189 267.4 , Est Remaining: 222.1
190 268.8 , Est Remaining: 220.7
EVENT FAILED
190 269.1 , Est Remaining: 220.9
191 270.5 , Est Remaining: 219.5
192 271.9 , Est Remaining: 218.1
193 273.2 , Est Remaining: 216.6
194 274.6 , Est Remaining: 215.2
195 275.9 , Est Remaining: 213.7
196 277.3 , Est Remaining: 212.2
197 278.7 , Est Remaining: 210.8
198 280.1 , Est Remaining: 209.4
199 281.5 , Est Remaining: 207.9
EVENT FAILED
199 281.8 , Est Remaining: 208.2
200 283.2 , Est Remaining: 206.7
201 284.6 , Est Remaining: 205.3
202 286.1 , Est Remaining: 203.9
203 287.4 , Est Remaining: 202.5
204 288.8 , Est Remaining: 201.0
205 290.2 , Est Remaining: 199.6
206 291.5 , Est Remaining: 198.1
207 292.9 , Est Remaining: 196.7
208 294.3 , Est Remaining: 195.2
209 295.7 , Est Remaining: 193.8
210 297.0 , Est Remaining: 192.4
211 298.4 , Est Remaining: 190.9
212 299.8 , Est Remaining: 189.5
213 301.1 , Est Remaining: 188.0
214 302.5 , Est Remaining: 186.6
215 303.9 , Est Remaining: 185.2
216 305.2 , Est Remaining: 183.7
217 306.6 , Est Remaining: 182.3
218 308.0 , Est Remaining: 180.8
219 309.3 , Est Remaining: 179.4
220 310.7 , Est Remaining: 177.9
221 312.1 , Est Remaining: 176.5
222 313.4 , Est Remaining: 175.1
223 314.8 , Est Remaining: 173.7
224 316.2 , Est Remaining: 172.2
225 317.6 , Est Remaining: 170.8
226 319.0 , Est Remaining: 169.4
227 320.4 , Est Remaining: 167.9
228 321.7 , Est Remaining: 166.5
229 323.1 , Est Remaining: 165.1
230 324.5 , Est Remaining: 163.7
231 325.9 , Est Remaining: 162.2
EVENT FAILED
231 326.2 , Est Remaining: 162.4
232 327.6 , Est Remaining: 161.0
233 329.0 , Est Remaining: 159.5
234 330.4 , Est Remaining: 158.1
235 331.7 , Est Remaining: 156.7
236 333.1 , Est Remaining: 155.3
237 334.5 , Est Remaining: 153.9
238 335.9 , Est Remaining: 152.4
239 337.3 , Est Remaining: 151.0
240 338.7 , Est Remaining: 149.6
241 340.1 , Est Remaining: 148.2
242 341.5 , Est Remaining: 146.7
243 342.9 , Est Remaining: 145.3
244 344.3 , Est Remaining: 143.9
245 345.6 , Est Remaining: 142.5
246 347.1 , Est Remaining: 141.1
247 348.5 , Est Remaining: 139.7
248 349.9 , Est Remaining: 138.3
249 351.3 , Est Remaining: 136.8
250 352.6 , Est Remaining: 135.4
251 354.0 , Est Remaining: 134.0
252 355.4 , Est Remaining: 132.6
253 356.8 , Est Remaining: 131.2
254 358.2 , Est Remaining: 129.7
255 359.6 , Est Remaining: 128.3
256 361.0 , Est Remaining: 126.9
257 362.4 , Est Remaining: 125.5
258 363.7 , Est Remaining: 124.1
259 365.1 , Est Remaining: 122.7
260 366.5 , Est Remaining: 121.2
261 367.9 , Est Remaining: 119.8
262 369.3 , Est Remaining: 118.4
263 370.6 , Est Remaining: 117.0
264 372.0 , Est Remaining: 115.5
265 373.4 , Est Remaining: 114.1
266 374.8 , Est Remaining: 112.7
267 376.2 , Est Remaining: 111.3
268 377.5 , Est Remaining: 109.9
269 378.9 , Est Remaining: 108.5
270 380.3 , Est Remaining: 107.0
271 381.7 , Est Remaining: 105.6
272 383.0 , Est Remaining: 104.2
273 384.4 , Est Remaining: 102.8
274 385.8 , Est Remaining: 101.4
275 387.2 , Est Remaining: 100.0
276 388.6 , Est Remaining: 98.6
277 390.0 , Est Remaining: 97.1
278 391.3 , Est Remaining: 95.7
279 392.7 , Est Remaining: 94.3
280 394.1 , Est Remaining: 92.9
281 395.5 , Est Remaining: 91.5
282 396.8 , Est Remaining: 90.1
283 398.2 , Est Remaining: 88.7
284 399.6 , Est Remaining: 87.2
285 401.0 , Est Remaining: 85.8
286 402.4 , Est Remaining: 84.4
287 403.8 , Est Remaining: 83.0
288 405.2 , Est Remaining: 81.6
289 406.6 , Est Remaining: 80.2
290 407.9 , Est Remaining: 78.8
291 409.3 , Est Remaining: 77.4
292 410.7 , Est Remaining: 76.0
293 412.1 , Est Remaining: 74.5
294 413.5 , Est Remaining: 73.1
295 414.9 , Est Remaining: 71.7
296 416.3 , Est Remaining: 70.3
297 417.6 , Est Remaining: 68.9
298 419.0 , Est Remaining: 67.5
299 420.4 , Est Remaining: 66.1
300 421.8 , Est Remaining: 64.7
301 423.2 , Est Remaining: 63.3
302 424.7 , Est Remaining: 61.9
303 426.0 , Est Remaining: 60.5
304 427.4 , Est Remaining: 59.1
305 428.8 , Est Remaining: 57.6
306 430.2 , Est Remaining: 56.2
307 431.5 , Est Remaining: 54.8
308 432.9 , Est Remaining: 53.4
309 434.2 , Est Remaining: 52.0
310 435.6 , Est Remaining: 50.6
311 437.0 , Est Remaining: 49.2
312 438.4 , Est Remaining: 47.8
313 439.7 , Est Remaining: 46.4
314 441.1 , Est Remaining: 45.0
315 442.5 , Est Remaining: 43.5
316 443.8 , Est Remaining: 42.1
317 445.1 , Est Remaining: 40.7
318 446.5 , Est Remaining: 39.3
319 447.8 , Est Remaining: 37.9
320 449.1 , Est Remaining: 36.5
321 450.4 , Est Remaining: 35.1
322 451.7 , Est Remaining: 33.7
323 453.0 , Est Remaining: 32.3
324 454.3 , Est Remaining: 30.9
325 455.6 , Est Remaining: 29.4
326 457.0 , Est Remaining: 28.0
327 458.3 , Est Remaining: 26.6
328 459.6 , Est Remaining: 25.2
329 460.9 , Est Remaining: 23.8
330 462.2 , Est Remaining: 22.4
331 463.5 , Est Remaining: 21.0
332 464.8 , Est Remaining: 19.6
