Note: NumExpr detected 32 cores but "NUMEXPR_MAX_THREADS" not set, so enforcing safe limit of 8.
Using selector: EpollSelector
/n/home02/jhaefner/miniconda/envs/IC-3.7-2020-06-16/lib/python3.7/site-packages/scipy/optimize/minpack.py:808: OptimizeWarning: Covariance of the parameters could not be estimated
  category=OptimizeWarning)
Total rwfs: 346
0 0.0 , Est Remaining: 999999.9
1 1.4 , Est Remaining: 484.4
2 2.8 , Est Remaining: 480.1
3 4.2 , Est Remaining: 480.3
4 5.6 , Est Remaining: 477.7
5 6.9 , Est Remaining: 473.3
6 8.3 , Est Remaining: 471.2
7 9.7 , Est Remaining: 468.6
8 11.0 , Est Remaining: 466.5
9 12.4 , Est Remaining: 465.2
10 13.8 , Est Remaining: 463.1
11 15.1 , Est Remaining: 460.7
12 16.5 , Est Remaining: 458.7
13 17.9 , Est Remaining: 457.4
14 19.2 , Est Remaining: 455.8
15 20.6 , Est Remaining: 453.8
16 21.9 , Est Remaining: 452.0
17 23.3 , Est Remaining: 450.0
18 24.6 , Est Remaining: 448.1
19 25.9 , Est Remaining: 446.4
20 27.3 , Est Remaining: 444.6
21 28.6 , Est Remaining: 443.3
22 30.0 , Est Remaining: 441.8
23 31.3 , Est Remaining: 440.2
24 32.7 , Est Remaining: 438.6
25 34.0 , Est Remaining: 437.0
26 35.4 , Est Remaining: 435.3
27 36.7 , Est Remaining: 433.7
28 38.0 , Est Remaining: 432.1
29 39.4 , Est Remaining: 430.4
30 40.7 , Est Remaining: 428.8
31 42.0 , Est Remaining: 427.2
32 43.4 , Est Remaining: 425.6
33 44.7 , Est Remaining: 423.9
34 46.0 , Est Remaining: 422.4
35 47.4 , Est Remaining: 421.1
36 48.7 , Est Remaining: 419.6
37 50.1 , Est Remaining: 418.2
38 51.4 , Est Remaining: 416.8
39 52.8 , Est Remaining: 415.4
40 54.1 , Est Remaining: 413.8
41 55.4 , Est Remaining: 412.4
42 56.8 , Est Remaining: 410.9
43 58.1 , Est Remaining: 409.4
44 59.4 , Est Remaining: 407.9
EVENT FAILED
44 59.7 , Est Remaining: 409.9
45 61.1 , Est Remaining: 408.5
46 62.4 , Est Remaining: 407.1
EVENT FAILED
46 62.7 , Est Remaining: 409.0
47 64.1 , Est Remaining: 407.6
48 65.4 , Est Remaining: 406.3
EVENT FAILED
48 65.8 , Est Remaining: 408.2
49 67.1 , Est Remaining: 406.7
50 68.5 , Est Remaining: 405.4
EVENT FAILED
50 68.8 , Est Remaining: 407.2
51 70.1 , Est Remaining: 405.6
EVENT FAILED
51 70.4 , Est Remaining: 407.3
52 71.8 , Est Remaining: 405.8
53 73.1 , Est Remaining: 404.1
54 74.4 , Est Remaining: 402.5
55 75.8 , Est Remaining: 400.8
56 77.1 , Est Remaining: 399.3
57 78.4 , Est Remaining: 397.7
58 79.8 , Est Remaining: 396.2
59 81.1 , Est Remaining: 394.7
60 82.5 , Est Remaining: 393.3
61 83.8 , Est Remaining: 391.7
62 85.2 , Est Remaining: 390.3
63 86.6 , Est Remaining: 388.9
64 87.9 , Est Remaining: 387.4
65 89.3 , Est Remaining: 385.9
66 90.6 , Est Remaining: 384.4
67 92.0 , Est Remaining: 383.0
68 93.3 , Est Remaining: 381.6
69 94.7 , Est Remaining: 380.1
70 96.0 , Est Remaining: 378.6
71 97.4 , Est Remaining: 377.1
72 98.7 , Est Remaining: 375.6
73 100.1 , Est Remaining: 374.2
74 101.4 , Est Remaining: 372.8
75 102.8 , Est Remaining: 371.4
76 104.1 , Est Remaining: 370.0
77 105.5 , Est Remaining: 368.5
78 106.9 , Est Remaining: 367.2
79 108.2 , Est Remaining: 365.7
80 109.6 , Est Remaining: 364.3
81 110.9 , Est Remaining: 362.8
82 112.3 , Est Remaining: 361.5
83 113.6 , Est Remaining: 360.1
84 115.0 , Est Remaining: 358.6
85 116.3 , Est Remaining: 357.2
86 117.7 , Est Remaining: 355.8
87 119.1 , Est Remaining: 354.4
88 120.4 , Est Remaining: 353.0
89 121.7 , Est Remaining: 351.6
90 123.1 , Est Remaining: 350.1
91 124.5 , Est Remaining: 348.8
92 125.8 , Est Remaining: 347.4
93 127.2 , Est Remaining: 346.1
94 128.6 , Est Remaining: 344.7
95 130.0 , Est Remaining: 343.3
96 131.3 , Est Remaining: 342.0
97 132.7 , Est Remaining: 340.6
98 134.0 , Est Remaining: 339.2
99 135.4 , Est Remaining: 337.8
100 136.7 , Est Remaining: 336.4
101 138.1 , Est Remaining: 335.0
102 139.5 , Est Remaining: 333.6
103 140.9 , Est Remaining: 332.4
104 142.2 , Est Remaining: 331.0
105 143.6 , Est Remaining: 329.6
106 145.0 , Est Remaining: 328.2
107 146.3 , Est Remaining: 326.8
108 147.7 , Est Remaining: 325.5
109 149.1 , Est Remaining: 324.1
110 150.4 , Est Remaining: 322.7
111 151.8 , Est Remaining: 321.3
EVENT FAILED
111 152.1 , Est Remaining: 322.0
112 153.4 , Est Remaining: 320.6
113 154.8 , Est Remaining: 319.1
114 156.1 , Est Remaining: 317.7
115 157.5 , Est Remaining: 316.3
116 158.8 , Est Remaining: 314.9
117 160.2 , Est Remaining: 313.5
118 161.5 , Est Remaining: 312.1
119 162.8 , Est Remaining: 310.6
120 164.2 , Est Remaining: 309.3
EVENT FAILED
120 164.5 , Est Remaining: 309.8
121 165.9 , Est Remaining: 308.4
122 167.2 , Est Remaining: 307.0
123 168.5 , Est Remaining: 305.6
124 169.9 , Est Remaining: 304.2
125 171.3 , Est Remaining: 302.8
126 172.6 , Est Remaining: 301.4
127 174.0 , Est Remaining: 300.0
128 175.3 , Est Remaining: 298.6
129 176.7 , Est Remaining: 297.2
130 178.0 , Est Remaining: 295.8
131 179.4 , Est Remaining: 294.4
132 180.7 , Est Remaining: 293.0
133 182.1 , Est Remaining: 291.6
134 183.4 , Est Remaining: 290.2
135 184.8 , Est Remaining: 288.8
136 186.1 , Est Remaining: 287.4
137 187.5 , Est Remaining: 286.0
138 188.8 , Est Remaining: 284.6
139 190.2 , Est Remaining: 283.2
140 191.5 , Est Remaining: 281.8
141 192.9 , Est Remaining: 280.4
142 194.2 , Est Remaining: 279.0
143 195.6 , Est Remaining: 277.7
144 197.0 , Est Remaining: 276.3
145 198.3 , Est Remaining: 274.9
146 199.7 , Est Remaining: 273.5
147 201.0 , Est Remaining: 272.1
148 202.4 , Est Remaining: 270.8
149 203.7 , Est Remaining: 269.4
150 205.1 , Est Remaining: 268.0
151 206.4 , Est Remaining: 266.6
152 207.8 , Est Remaining: 265.2
153 209.2 , Est Remaining: 263.8
154 210.5 , Est Remaining: 262.5
155 211.9 , Est Remaining: 261.1
156 213.2 , Est Remaining: 259.7
157 214.6 , Est Remaining: 258.3
158 215.9 , Est Remaining: 256.9
159 217.3 , Est Remaining: 255.6
160 218.7 , Est Remaining: 254.2
161 220.0 , Est Remaining: 252.8
162 221.4 , Est Remaining: 251.4
163 222.7 , Est Remaining: 250.1
164 224.1 , Est Remaining: 248.7
165 225.5 , Est Remaining: 247.3
166 226.8 , Est Remaining: 246.0
167 228.2 , Est Remaining: 244.6
168 229.6 , Est Remaining: 243.2
169 230.9 , Est Remaining: 241.9
170 232.3 , Est Remaining: 240.5
171 233.7 , Est Remaining: 239.1
172 235.0 , Est Remaining: 237.8
173 236.4 , Est Remaining: 236.4
174 237.8 , Est Remaining: 235.0
175 239.1 , Est Remaining: 233.6
176 240.5 , Est Remaining: 232.3
177 241.8 , Est Remaining: 230.9
178 243.2 , Est Remaining: 229.5
179 244.5 , Est Remaining: 228.1
180 245.9 , Est Remaining: 226.8
181 247.2 , Est Remaining: 225.4
182 248.6 , Est Remaining: 224.0
183 250.0 , Est Remaining: 222.7
184 251.3 , Est Remaining: 221.3
185 252.7 , Est Remaining: 219.9
186 254.0 , Est Remaining: 218.5
187 255.3 , Est Remaining: 217.0
188 256.6 , Est Remaining: 215.7
189 258.0 , Est Remaining: 214.3
190 259.3 , Est Remaining: 212.9
191 260.7 , Est Remaining: 211.6
EVENT FAILED
191 261.0 , Est Remaining: 211.8
192 262.3 , Est Remaining: 210.4
EVENT FAILED
192 262.6 , Est Remaining: 210.7
193 264.0 , Est Remaining: 209.3
194 265.3 , Est Remaining: 207.9
195 266.7 , Est Remaining: 206.5
196 268.1 , Est Remaining: 205.1
197 269.4 , Est Remaining: 203.8
198 270.8 , Est Remaining: 202.4
199 272.1 , Est Remaining: 201.0
200 273.5 , Est Remaining: 199.7
201 274.9 , Est Remaining: 198.3
202 276.2 , Est Remaining: 196.9
203 277.7 , Est Remaining: 195.6
204 279.1 , Est Remaining: 194.2
205 280.4 , Est Remaining: 192.9
206 281.8 , Est Remaining: 191.5
207 283.1 , Est Remaining: 190.1
208 284.5 , Est Remaining: 188.7
209 285.8 , Est Remaining: 187.4
210 287.2 , Est Remaining: 186.0
211 288.5 , Est Remaining: 184.6
212 289.9 , Est Remaining: 183.2
EVENT FAILED
212 290.2 , Est Remaining: 183.4
213 291.5 , Est Remaining: 182.0
214 292.9 , Est Remaining: 180.6
215 294.2 , Est Remaining: 179.3
216 295.5 , Est Remaining: 177.9
217 296.9 , Est Remaining: 176.5
218 298.3 , Est Remaining: 175.1
219 299.6 , Est Remaining: 173.7
220 301.0 , Est Remaining: 172.4
221 302.3 , Est Remaining: 171.0
222 303.6 , Est Remaining: 169.6
223 305.0 , Est Remaining: 168.2
224 306.3 , Est Remaining: 166.8
225 307.7 , Est Remaining: 165.5
226 309.0 , Est Remaining: 164.1
227 310.4 , Est Remaining: 162.7
228 311.7 , Est Remaining: 161.3
229 313.1 , Est Remaining: 159.9
EVENT FAILED
229 313.4 , Est Remaining: 160.1
230 314.7 , Est Remaining: 158.7
231 316.0 , Est Remaining: 157.3
232 317.4 , Est Remaining: 156.0
233 318.8 , Est Remaining: 154.6
234 320.1 , Est Remaining: 153.2
235 321.5 , Est Remaining: 151.8
236 322.8 , Est Remaining: 150.5
237 324.2 , Est Remaining: 149.1
238 325.5 , Est Remaining: 147.7
239 326.9 , Est Remaining: 146.3
240 328.2 , Est Remaining: 145.0
241 329.6 , Est Remaining: 143.6
242 330.9 , Est Remaining: 142.2
243 332.3 , Est Remaining: 140.8
244 333.6 , Est Remaining: 139.5
245 335.0 , Est Remaining: 138.1
246 336.3 , Est Remaining: 136.7
247 337.7 , Est Remaining: 135.3
248 339.0 , Est Remaining: 134.0
249 340.4 , Est Remaining: 132.6
250 341.7 , Est Remaining: 131.2
251 343.1 , Est Remaining: 129.9
252 344.4 , Est Remaining: 128.5
253 345.8 , Est Remaining: 127.1
254 347.1 , Est Remaining: 125.7
255 348.5 , Est Remaining: 124.4
EVENT FAILED
255 348.8 , Est Remaining: 124.5
256 350.1 , Est Remaining: 123.1
257 351.5 , Est Remaining: 121.7
258 352.8 , Est Remaining: 120.3
EVENT FAILED
258 353.1 , Est Remaining: 120.4
259 354.4 , Est Remaining: 119.1
260 355.8 , Est Remaining: 117.7
261 357.1 , Est Remaining: 116.3
EVENT FAILED
261 357.4 , Est Remaining: 116.4
262 358.8 , Est Remaining: 115.0
263 360.2 , Est Remaining: 113.7
264 361.5 , Est Remaining: 112.3
265 362.9 , Est Remaining: 110.9
266 364.2 , Est Remaining: 109.5
267 365.6 , Est Remaining: 108.2
268 366.9 , Est Remaining: 106.8
269 368.3 , Est Remaining: 105.4
270 369.7 , Est Remaining: 104.0
271 371.0 , Est Remaining: 102.7
272 372.3 , Est Remaining: 101.3
273 373.7 , Est Remaining: 99.9
274 375.0 , Est Remaining: 98.5
275 376.4 , Est Remaining: 97.2
276 377.7 , Est Remaining: 95.8
277 379.1 , Est Remaining: 94.4
278 380.4 , Est Remaining: 93.1
279 381.8 , Est Remaining: 91.7
EVENT FAILED
279 382.1 , Est Remaining: 91.7
280 383.4 , Est Remaining: 90.4
281 384.8 , Est Remaining: 89.0
282 386.1 , Est Remaining: 87.6
EVENT FAILED
282 386.4 , Est Remaining: 87.7
EVENT FAILED
282 386.7 , Est Remaining: 87.8
283 388.1 , Est Remaining: 86.4
284 389.4 , Est Remaining: 85.0
285 390.8 , Est Remaining: 83.6
286 392.1 , Est Remaining: 82.3
287 393.5 , Est Remaining: 80.9
288 394.8 , Est Remaining: 79.5
289 396.2 , Est Remaining: 78.1
290 397.5 , Est Remaining: 76.8
291 398.9 , Est Remaining: 75.4
292 400.2 , Est Remaining: 74.0
293 401.6 , Est Remaining: 72.6
294 402.9 , Est Remaining: 71.3
295 404.2 , Est Remaining: 69.9
296 405.6 , Est Remaining: 68.5
297 406.9 , Est Remaining: 67.1
298 408.3 , Est Remaining: 65.8
299 409.6 , Est Remaining: 64.4
300 411.0 , Est Remaining: 63.0
301 412.3 , Est Remaining: 61.6
302 413.8 , Est Remaining: 60.3
303 415.1 , Est Remaining: 58.9
304 416.5 , Est Remaining: 57.5
305 417.8 , Est Remaining: 56.2
306 419.1 , Est Remaining: 54.8
307 420.4 , Est Remaining: 53.4
308 421.7 , Est Remaining: 52.0
309 423.0 , Est Remaining: 50.7
310 424.4 , Est Remaining: 49.3
311 425.7 , Est Remaining: 47.9
312 427.0 , Est Remaining: 46.5
313 428.3 , Est Remaining: 45.2
314 429.6 , Est Remaining: 43.8
315 430.9 , Est Remaining: 42.4
316 432.2 , Est Remaining: 41.0
317 433.5 , Est Remaining: 39.7
318 434.8 , Est Remaining: 38.3
319 436.1 , Est Remaining: 36.9
320 437.4 , Est Remaining: 35.5
321 438.7 , Est Remaining: 34.2
322 440.0 , Est Remaining: 32.8
323 441.2 , Est Remaining: 31.4
324 442.5 , Est Remaining: 30.0
325 443.8 , Est Remaining: 28.7
326 445.1 , Est Remaining: 27.3
327 446.3 , Est Remaining: 25.9
328 447.6 , Est Remaining: 24.6
