Note: NumExpr detected 32 cores but "NUMEXPR_MAX_THREADS" not set, so enforcing safe limit of 8.
Using selector: EpollSelector
/n/home02/jhaefner/miniconda/envs/IC-3.7-2020-06-16/lib/python3.7/site-packages/scipy/optimize/minpack.py:808: OptimizeWarning: Covariance of the parameters could not be estimated
  category=OptimizeWarning)
Total rwfs: 346
0 0.0 , Est Remaining: 999999.9
1 1.4 , Est Remaining: 488.5
2 2.8 , Est Remaining: 485.5
3 4.2 , Est Remaining: 483.6
EVENT FAILED
3 4.5 , Est Remaining: 520.1
4 5.9 , Est Remaining: 505.7
5 7.3 , Est Remaining: 496.9
6 8.7 , Est Remaining: 490.7
7 10.0 , Est Remaining: 485.4
8 11.4 , Est Remaining: 480.0
9 12.7 , Est Remaining: 475.9
10 14.1 , Est Remaining: 472.3
11 15.4 , Est Remaining: 468.9
12 16.8 , Est Remaining: 466.5
13 18.1 , Est Remaining: 464.3
14 19.5 , Est Remaining: 461.9
15 20.8 , Est Remaining: 459.5
16 22.2 , Est Remaining: 457.1
17 23.5 , Est Remaining: 455.0
18 24.9 , Est Remaining: 453.1
19 26.2 , Est Remaining: 451.2
EVENT FAILED
19 26.5 , Est Remaining: 456.5
20 27.9 , Est Remaining: 454.4
21 29.2 , Est Remaining: 452.4
22 30.6 , Est Remaining: 450.4
23 31.9 , Est Remaining: 448.6
24 33.3 , Est Remaining: 446.9
25 34.7 , Est Remaining: 445.0
26 36.0 , Est Remaining: 443.2
27 37.4 , Est Remaining: 441.4
28 38.7 , Est Remaining: 439.6
29 40.1 , Est Remaining: 437.9
30 41.4 , Est Remaining: 436.2
31 42.8 , Est Remaining: 434.6
32 44.1 , Est Remaining: 433.0
33 45.5 , Est Remaining: 431.3
34 46.8 , Est Remaining: 429.8
35 48.2 , Est Remaining: 428.1
36 49.5 , Est Remaining: 426.5
37 50.9 , Est Remaining: 425.0
38 52.2 , Est Remaining: 423.4
39 53.6 , Est Remaining: 421.9
40 55.0 , Est Remaining: 420.4
41 56.3 , Est Remaining: 418.7
42 57.6 , Est Remaining: 417.1
43 59.0 , Est Remaining: 415.8
44 60.4 , Est Remaining: 414.4
45 61.7 , Est Remaining: 412.9
46 63.1 , Est Remaining: 411.5
47 64.5 , Est Remaining: 410.1
48 65.8 , Est Remaining: 408.7
49 67.2 , Est Remaining: 407.3
50 68.6 , Est Remaining: 406.0
51 69.9 , Est Remaining: 404.6
52 71.3 , Est Remaining: 403.1
53 72.7 , Est Remaining: 401.7
54 74.0 , Est Remaining: 400.3
55 75.4 , Est Remaining: 398.9
56 76.8 , Est Remaining: 397.5
57 78.1 , Est Remaining: 396.1
58 79.5 , Est Remaining: 394.6
59 80.8 , Est Remaining: 393.2
EVENT FAILED
59 81.1 , Est Remaining: 394.7
60 82.5 , Est Remaining: 393.3
61 83.9 , Est Remaining: 391.9
62 85.3 , Est Remaining: 390.6
EVENT FAILED
62 86.0 , Est Remaining: 394.0
63 87.4 , Est Remaining: 392.5
64 88.7 , Est Remaining: 390.9
65 90.1 , Est Remaining: 389.3
66 91.4 , Est Remaining: 387.8
67 92.8 , Est Remaining: 386.3
68 94.1 , Est Remaining: 384.8
69 95.5 , Est Remaining: 383.3
70 96.8 , Est Remaining: 381.7
71 98.2 , Est Remaining: 380.2
72 99.5 , Est Remaining: 378.6
73 100.8 , Est Remaining: 377.1
74 102.2 , Est Remaining: 375.6
75 103.5 , Est Remaining: 374.2
76 104.9 , Est Remaining: 372.7
77 106.3 , Est Remaining: 371.3
78 107.6 , Est Remaining: 369.8
EVENT FAILED
78 107.9 , Est Remaining: 370.8
79 109.3 , Est Remaining: 369.3
80 110.6 , Est Remaining: 367.9
81 112.0 , Est Remaining: 366.4
82 113.3 , Est Remaining: 364.9
83 114.7 , Est Remaining: 363.4
84 116.1 , Est Remaining: 362.0
85 117.4 , Est Remaining: 360.5
86 118.8 , Est Remaining: 359.1
87 120.1 , Est Remaining: 357.6
88 121.5 , Est Remaining: 356.2
89 122.9 , Est Remaining: 354.7
90 124.2 , Est Remaining: 353.3
91 125.6 , Est Remaining: 351.9
92 126.9 , Est Remaining: 350.5
93 128.3 , Est Remaining: 349.1
94 129.7 , Est Remaining: 347.7
95 131.0 , Est Remaining: 346.2
96 132.4 , Est Remaining: 344.8
97 133.8 , Est Remaining: 343.4
98 135.1 , Est Remaining: 342.0
99 136.5 , Est Remaining: 340.6
100 137.8 , Est Remaining: 339.1
101 139.2 , Est Remaining: 337.7
102 140.6 , Est Remaining: 336.3
103 142.0 , Est Remaining: 335.0
104 143.4 , Est Remaining: 333.6
105 144.7 , Est Remaining: 332.2
106 146.1 , Est Remaining: 330.8
107 147.4 , Est Remaining: 329.3
108 148.8 , Est Remaining: 327.9
109 150.2 , Est Remaining: 326.5
110 151.5 , Est Remaining: 325.1
111 152.9 , Est Remaining: 323.7
112 154.3 , Est Remaining: 322.4
113 155.6 , Est Remaining: 320.9
114 157.0 , Est Remaining: 319.5
115 158.4 , Est Remaining: 318.1
116 159.7 , Est Remaining: 316.7
117 161.1 , Est Remaining: 315.4
118 162.5 , Est Remaining: 314.1
119 163.9 , Est Remaining: 312.7
120 165.3 , Est Remaining: 311.3
121 166.6 , Est Remaining: 309.9
122 168.0 , Est Remaining: 308.5
123 169.4 , Est Remaining: 307.1
124 170.8 , Est Remaining: 305.7
125 172.1 , Est Remaining: 304.3
126 173.5 , Est Remaining: 302.9
127 174.9 , Est Remaining: 301.5
128 176.2 , Est Remaining: 300.1
129 177.6 , Est Remaining: 298.8
130 179.0 , Est Remaining: 297.4
131 180.3 , Est Remaining: 296.0
132 181.7 , Est Remaining: 294.6
133 183.1 , Est Remaining: 293.2
134 184.4 , Est Remaining: 291.8
135 185.8 , Est Remaining: 290.4
136 187.2 , Est Remaining: 289.0
137 188.5 , Est Remaining: 287.6
138 189.9 , Est Remaining: 286.2
139 191.2 , Est Remaining: 284.8
140 192.6 , Est Remaining: 283.4
141 194.0 , Est Remaining: 282.0
142 195.2 , Est Remaining: 280.5
143 196.6 , Est Remaining: 279.1
144 197.9 , Est Remaining: 277.7
145 199.3 , Est Remaining: 276.3
146 200.7 , Est Remaining: 274.9
147 202.0 , Est Remaining: 273.5
148 203.4 , Est Remaining: 272.1
149 204.7 , Est Remaining: 270.7
150 206.1 , Est Remaining: 269.3
151 207.4 , Est Remaining: 267.9
152 208.8 , Est Remaining: 266.5
153 210.2 , Est Remaining: 265.1
154 211.5 , Est Remaining: 263.7
155 212.9 , Est Remaining: 262.3
156 214.2 , Est Remaining: 260.9
157 215.6 , Est Remaining: 259.6
158 217.0 , Est Remaining: 258.2
159 218.4 , Est Remaining: 256.8
160 219.7 , Est Remaining: 255.4
161 221.1 , Est Remaining: 254.0
162 222.4 , Est Remaining: 252.7
163 223.8 , Est Remaining: 251.3
164 225.2 , Est Remaining: 249.9
165 226.5 , Est Remaining: 248.5
166 227.9 , Est Remaining: 247.1
167 229.3 , Est Remaining: 245.7
168 230.6 , Est Remaining: 244.4
169 232.0 , Est Remaining: 243.0
170 233.3 , Est Remaining: 241.6
171 234.7 , Est Remaining: 240.2
172 236.1 , Est Remaining: 238.8
173 237.4 , Est Remaining: 237.4
174 238.8 , Est Remaining: 236.1
175 240.2 , Est Remaining: 234.7
176 241.5 , Est Remaining: 233.3
177 242.9 , Est Remaining: 231.9
178 244.2 , Est Remaining: 230.5
179 245.6 , Est Remaining: 229.1
180 247.0 , Est Remaining: 227.8
181 248.3 , Est Remaining: 226.4
182 249.7 , Est Remaining: 225.0
183 251.0 , Est Remaining: 223.6
184 252.4 , Est Remaining: 222.2
185 253.8 , Est Remaining: 220.8
186 255.1 , Est Remaining: 219.5
187 256.5 , Est Remaining: 218.1
188 257.9 , Est Remaining: 216.7
189 259.2 , Est Remaining: 215.3
190 260.6 , Est Remaining: 214.0
191 262.0 , Est Remaining: 212.6
192 263.3 , Est Remaining: 211.2
193 264.7 , Est Remaining: 209.8
194 266.0 , Est Remaining: 208.4
195 267.4 , Est Remaining: 207.1
196 268.8 , Est Remaining: 205.7
197 270.2 , Est Remaining: 204.3
198 271.5 , Est Remaining: 203.0
199 272.9 , Est Remaining: 201.6
200 274.3 , Est Remaining: 200.2
201 275.6 , Est Remaining: 198.8
202 277.1 , Est Remaining: 197.6
203 278.5 , Est Remaining: 196.2
204 279.9 , Est Remaining: 194.8
205 281.2 , Est Remaining: 193.4
206 282.6 , Est Remaining: 192.1
207 284.0 , Est Remaining: 190.7
208 285.4 , Est Remaining: 189.4
209 286.8 , Est Remaining: 188.0
210 288.1 , Est Remaining: 186.6
211 289.5 , Est Remaining: 185.2
212 290.9 , Est Remaining: 183.9
213 292.2 , Est Remaining: 182.5
214 293.6 , Est Remaining: 181.1
215 294.9 , Est Remaining: 179.7
216 296.3 , Est Remaining: 178.3
217 297.7 , Est Remaining: 176.9
218 299.0 , Est Remaining: 175.6
EVENT FAILED
218 299.3 , Est Remaining: 175.7
219 300.7 , Est Remaining: 174.4
220 302.0 , Est Remaining: 173.0
221 303.4 , Est Remaining: 171.6
222 304.7 , Est Remaining: 170.2
223 306.1 , Est Remaining: 168.8
224 307.4 , Est Remaining: 167.4
225 308.7 , Est Remaining: 166.0
226 310.1 , Est Remaining: 164.6
EVENT FAILED
226 310.4 , Est Remaining: 164.8
227 311.7 , Est Remaining: 163.4
228 313.1 , Est Remaining: 162.0
229 314.5 , Est Remaining: 160.7
230 315.8 , Est Remaining: 159.3
231 317.2 , Est Remaining: 157.9
232 318.6 , Est Remaining: 156.5
233 319.9 , Est Remaining: 155.2
234 321.3 , Est Remaining: 153.8
235 322.7 , Est Remaining: 152.4
236 324.0 , Est Remaining: 151.0
237 325.4 , Est Remaining: 149.6
238 326.8 , Est Remaining: 148.3
239 328.1 , Est Remaining: 146.9
240 329.5 , Est Remaining: 145.5
241 330.9 , Est Remaining: 144.2
242 332.3 , Est Remaining: 142.8
243 333.6 , Est Remaining: 141.4
EVENT FAILED
243 333.9 , Est Remaining: 141.5
244 335.3 , Est Remaining: 140.2
245 336.6 , Est Remaining: 138.8
246 338.0 , Est Remaining: 137.4
247 339.4 , Est Remaining: 136.0
248 340.7 , Est Remaining: 134.6
249 342.1 , Est Remaining: 133.3
250 343.5 , Est Remaining: 131.9
251 344.8 , Est Remaining: 130.5
252 346.2 , Est Remaining: 129.1
253 347.6 , Est Remaining: 127.8
254 348.9 , Est Remaining: 126.4
EVENT FAILED
254 349.2 , Est Remaining: 126.5
255 350.6 , Est Remaining: 125.1
256 352.0 , Est Remaining: 123.7
EVENT FAILED
256 352.3 , Est Remaining: 123.8
257 353.6 , Est Remaining: 122.5
258 355.0 , Est Remaining: 121.1
EVENT FAILED
258 355.3 , Est Remaining: 121.2
259 356.7 , Est Remaining: 119.8
260 358.0 , Est Remaining: 118.4
261 359.4 , Est Remaining: 117.0
262 360.7 , Est Remaining: 115.7
263 362.1 , Est Remaining: 114.3
264 363.4 , Est Remaining: 112.9
265 364.8 , Est Remaining: 111.5
266 366.1 , Est Remaining: 110.1
267 367.5 , Est Remaining: 108.7
268 368.9 , Est Remaining: 107.4
269 370.2 , Est Remaining: 106.0
270 371.6 , Est Remaining: 104.6
271 372.9 , Est Remaining: 103.2
272 374.3 , Est Remaining: 101.8
273 375.7 , Est Remaining: 100.5
274 377.0 , Est Remaining: 99.1
EVENT FAILED
274 377.3 , Est Remaining: 99.2
275 378.7 , Est Remaining: 97.8
276 380.1 , Est Remaining: 96.4
277 381.4 , Est Remaining: 95.0
278 382.8 , Est Remaining: 93.6
279 384.1 , Est Remaining: 92.2
280 385.5 , Est Remaining: 90.9
281 386.9 , Est Remaining: 89.5
282 388.2 , Est Remaining: 88.1
283 389.6 , Est Remaining: 86.7
284 390.9 , Est Remaining: 85.3
285 392.3 , Est Remaining: 84.0
286 393.6 , Est Remaining: 82.6
287 395.0 , Est Remaining: 81.2
288 396.4 , Est Remaining: 79.8
289 397.7 , Est Remaining: 78.4
290 399.1 , Est Remaining: 77.1
291 400.4 , Est Remaining: 75.7
292 401.8 , Est Remaining: 74.3
293 403.2 , Est Remaining: 72.9
294 404.5 , Est Remaining: 71.5
295 405.9 , Est Remaining: 70.2
296 407.2 , Est Remaining: 68.8
297 408.6 , Est Remaining: 67.4
298 410.0 , Est Remaining: 66.0
299 411.3 , Est Remaining: 64.7
300 412.7 , Est Remaining: 63.3
301 414.0 , Est Remaining: 61.9
302 415.5 , Est Remaining: 60.5
303 416.9 , Est Remaining: 59.2
EVENT FAILED
303 417.2 , Est Remaining: 59.2
304 418.5 , Est Remaining: 57.8
305 419.9 , Est Remaining: 56.4
306 421.3 , Est Remaining: 55.1
307 422.6 , Est Remaining: 53.7
308 424.0 , Est Remaining: 52.3
309 425.4 , Est Remaining: 50.9
310 426.7 , Est Remaining: 49.6
311 428.1 , Est Remaining: 48.2
312 429.4 , Est Remaining: 46.8
313 430.8 , Est Remaining: 45.4
314 432.2 , Est Remaining: 44.0
315 433.5 , Est Remaining: 42.7
316 434.9 , Est Remaining: 41.3
317 436.3 , Est Remaining: 39.9
EVENT FAILED
317 436.6 , Est Remaining: 39.9
318 437.9 , Est Remaining: 38.6
319 439.2 , Est Remaining: 37.2
320 440.6 , Est Remaining: 35.8
321 442.0 , Est Remaining: 34.4
322 443.3 , Est Remaining: 33.0
323 444.7 , Est Remaining: 31.7
324 446.1 , Est Remaining: 30.3
325 447.4 , Est Remaining: 28.9
326 448.8 , Est Remaining: 27.5
327 450.1 , Est Remaining: 26.2
328 451.4 , Est Remaining: 24.8
EVENT FAILED
328 451.7 , Est Remaining: 24.8
329 453.0 , Est Remaining: 23.4
330 454.4 , Est Remaining: 22.0
