Note: NumExpr detected 32 cores but "NUMEXPR_MAX_THREADS" not set, so enforcing safe limit of 8.
Using selector: EpollSelector
/n/home02/jhaefner/miniconda/envs/IC-3.7-2020-06-16/lib/python3.7/site-packages/scipy/optimize/minpack.py:808: OptimizeWarning: Covariance of the parameters could not be estimated
  category=OptimizeWarning)
Total rwfs: 346
0 0.0 , Est Remaining: 999999.9
1 1.4 , Est Remaining: 483.5
2 2.8 , Est Remaining: 479.9
3 4.2 , Est Remaining: 481.3
4 5.6 , Est Remaining: 478.9
5 7.0 , Est Remaining: 474.4
6 8.3 , Est Remaining: 471.1
7 9.7 , Est Remaining: 468.3
8 11.1 , Est Remaining: 467.5
9 12.4 , Est Remaining: 465.2
10 13.8 , Est Remaining: 464.1
11 15.2 , Est Remaining: 461.8
12 16.5 , Est Remaining: 460.0
13 17.9 , Est Remaining: 458.0
14 19.2 , Est Remaining: 456.3
15 20.6 , Est Remaining: 455.0
16 22.0 , Est Remaining: 454.0
17 23.4 , Est Remaining: 452.3
EVENT FAILED
17 23.7 , Est Remaining: 458.0
18 25.0 , Est Remaining: 456.3
19 26.4 , Est Remaining: 454.6
20 27.8 , Est Remaining: 452.9
21 29.2 , Est Remaining: 451.2
22 30.5 , Est Remaining: 449.4
23 31.9 , Est Remaining: 447.9
24 33.3 , Est Remaining: 446.2
25 34.6 , Est Remaining: 444.4
EVENT FAILED
25 34.9 , Est Remaining: 448.2
26 36.3 , Est Remaining: 446.2
27 37.6 , Est Remaining: 444.7
28 39.0 , Est Remaining: 442.8
29 40.3 , Est Remaining: 441.0
30 41.7 , Est Remaining: 439.4
31 43.1 , Est Remaining: 437.6
32 44.4 , Est Remaining: 435.9
33 45.8 , Est Remaining: 434.3
34 47.2 , Est Remaining: 432.8
35 48.5 , Est Remaining: 431.0
36 49.9 , Est Remaining: 429.5
37 51.2 , Est Remaining: 427.9
38 52.6 , Est Remaining: 426.2
39 53.9 , Est Remaining: 424.6
EVENT FAILED
39 54.2 , Est Remaining: 427.0
40 55.6 , Est Remaining: 425.3
41 57.0 , Est Remaining: 423.8
42 58.3 , Est Remaining: 422.2
43 59.7 , Est Remaining: 420.6
44 61.1 , Est Remaining: 419.0
45 62.4 , Est Remaining: 417.5
46 63.8 , Est Remaining: 415.9
47 65.1 , Est Remaining: 414.4
48 66.5 , Est Remaining: 413.0
49 67.9 , Est Remaining: 411.5
50 69.3 , Est Remaining: 410.0
51 70.6 , Est Remaining: 408.6
52 72.0 , Est Remaining: 407.1
53 73.4 , Est Remaining: 405.6
54 74.7 , Est Remaining: 404.2
55 76.1 , Est Remaining: 402.7
56 77.5 , Est Remaining: 401.1
57 78.8 , Est Remaining: 399.7
58 80.2 , Est Remaining: 398.3
59 81.5 , Est Remaining: 396.7
60 82.9 , Est Remaining: 395.3
EVENT FAILED
60 83.2 , Est Remaining: 396.8
61 84.6 , Est Remaining: 395.3
62 86.0 , Est Remaining: 393.7
63 87.3 , Est Remaining: 392.2
64 88.7 , Est Remaining: 390.8
65 90.1 , Est Remaining: 389.3
66 91.4 , Est Remaining: 387.8
67 92.8 , Est Remaining: 386.3
68 94.1 , Est Remaining: 384.9
69 95.5 , Est Remaining: 383.4
70 96.9 , Est Remaining: 382.0
71 98.2 , Est Remaining: 380.5
EVENT FAILED
71 98.5 , Est Remaining: 381.6
72 99.9 , Est Remaining: 380.1
73 101.3 , Est Remaining: 378.7
74 102.6 , Est Remaining: 377.2
75 104.0 , Est Remaining: 375.7
76 105.3 , Est Remaining: 374.2
77 106.7 , Est Remaining: 372.7
78 108.0 , Est Remaining: 371.2
79 109.4 , Est Remaining: 369.7
80 110.7 , Est Remaining: 368.2
81 112.1 , Est Remaining: 366.7
82 113.4 , Est Remaining: 365.2
83 114.8 , Est Remaining: 363.7
84 116.1 , Est Remaining: 362.2
85 117.5 , Est Remaining: 360.8
86 118.9 , Est Remaining: 359.4
87 120.2 , Est Remaining: 358.0
88 121.6 , Est Remaining: 356.6
89 123.0 , Est Remaining: 355.1
90 124.3 , Est Remaining: 353.7
91 125.7 , Est Remaining: 352.2
92 127.0 , Est Remaining: 350.8
93 128.4 , Est Remaining: 349.3
EVENT FAILED
93 128.7 , Est Remaining: 350.1
94 130.0 , Est Remaining: 348.6
95 131.4 , Est Remaining: 347.2
96 132.8 , Est Remaining: 345.8
97 134.1 , Est Remaining: 344.3
98 135.5 , Est Remaining: 342.9
99 136.9 , Est Remaining: 341.4
100 138.2 , Est Remaining: 340.0
101 139.6 , Est Remaining: 338.6
102 140.9 , Est Remaining: 337.1
103 142.4 , Est Remaining: 335.9
104 143.7 , Est Remaining: 334.5
105 145.1 , Est Remaining: 333.0
106 146.4 , Est Remaining: 331.5
107 147.8 , Est Remaining: 330.1
108 149.2 , Est Remaining: 328.7
109 150.5 , Est Remaining: 327.3
110 151.9 , Est Remaining: 325.8
111 153.2 , Est Remaining: 324.4
112 154.6 , Est Remaining: 323.0
113 155.9 , Est Remaining: 321.5
114 157.3 , Est Remaining: 320.1
115 158.7 , Est Remaining: 318.7
116 160.0 , Est Remaining: 317.2
117 161.4 , Est Remaining: 315.9
EVENT FAILED
117 161.7 , Est Remaining: 316.4
118 163.0 , Est Remaining: 315.0
119 164.4 , Est Remaining: 313.6
120 165.8 , Est Remaining: 312.2
121 167.1 , Est Remaining: 310.7
EVENT FAILED
121 167.4 , Est Remaining: 311.3
122 168.8 , Est Remaining: 309.9
123 170.1 , Est Remaining: 308.4
124 171.5 , Est Remaining: 307.0
125 172.8 , Est Remaining: 305.6
126 174.2 , Est Remaining: 304.2
127 175.6 , Est Remaining: 302.7
128 176.9 , Est Remaining: 301.3
129 178.3 , Est Remaining: 299.9
130 179.6 , Est Remaining: 298.5
131 181.0 , Est Remaining: 297.1
132 182.4 , Est Remaining: 295.7
133 183.7 , Est Remaining: 294.2
134 185.1 , Est Remaining: 292.8
135 186.4 , Est Remaining: 291.4
136 187.8 , Est Remaining: 290.0
137 189.1 , Est Remaining: 288.6
138 190.5 , Est Remaining: 287.1
139 191.9 , Est Remaining: 285.7
140 193.2 , Est Remaining: 284.3
141 194.6 , Est Remaining: 282.9
142 195.9 , Est Remaining: 281.5
143 197.3 , Est Remaining: 280.0
144 198.6 , Est Remaining: 278.6
145 200.0 , Est Remaining: 277.2
146 201.4 , Est Remaining: 275.9
147 202.7 , Est Remaining: 274.5
148 204.1 , Est Remaining: 273.1
149 205.5 , Est Remaining: 271.7
150 206.8 , Est Remaining: 270.3
151 208.2 , Est Remaining: 268.9
152 209.6 , Est Remaining: 267.5
153 210.9 , Est Remaining: 266.0
154 212.3 , Est Remaining: 264.6
155 213.6 , Est Remaining: 263.3
156 215.0 , Est Remaining: 261.9
157 216.4 , Est Remaining: 260.5
158 217.8 , Est Remaining: 259.1
159 219.1 , Est Remaining: 257.7
160 220.5 , Est Remaining: 256.3
161 221.8 , Est Remaining: 254.9
162 223.2 , Est Remaining: 253.5
163 224.5 , Est Remaining: 252.1
164 225.9 , Est Remaining: 250.7
165 227.2 , Est Remaining: 249.3
166 228.6 , Est Remaining: 247.9
167 230.0 , Est Remaining: 246.5
168 231.3 , Est Remaining: 245.1
169 232.7 , Est Remaining: 243.7
170 234.1 , Est Remaining: 242.3
171 235.4 , Est Remaining: 240.9
172 236.8 , Est Remaining: 239.5
173 238.1 , Est Remaining: 238.1
174 239.5 , Est Remaining: 236.7
175 240.8 , Est Remaining: 235.3
176 242.2 , Est Remaining: 233.9
177 243.5 , Est Remaining: 232.5
178 244.9 , Est Remaining: 231.2
179 246.3 , Est Remaining: 229.8
180 247.6 , Est Remaining: 228.3
181 249.0 , Est Remaining: 226.9
182 250.3 , Est Remaining: 225.6
183 251.7 , Est Remaining: 224.1
184 253.0 , Est Remaining: 222.7
185 254.3 , Est Remaining: 221.4
186 255.7 , Est Remaining: 219.9
EVENT FAILED
186 256.0 , Est Remaining: 220.2
187 257.3 , Est Remaining: 218.8
188 258.7 , Est Remaining: 217.4
189 260.0 , Est Remaining: 216.0
190 261.4 , Est Remaining: 214.6
191 262.8 , Est Remaining: 213.2
EVENT FAILED
191 263.1 , Est Remaining: 213.5
192 264.4 , Est Remaining: 212.1
193 265.8 , Est Remaining: 210.7
194 267.2 , Est Remaining: 209.3
195 268.5 , Est Remaining: 207.9
196 269.9 , Est Remaining: 206.5
197 271.2 , Est Remaining: 205.2
198 272.6 , Est Remaining: 203.8
199 274.0 , Est Remaining: 202.4
200 275.3 , Est Remaining: 201.0
201 276.7 , Est Remaining: 199.6
202 278.0 , Est Remaining: 198.2
203 279.5 , Est Remaining: 196.9
204 280.8 , Est Remaining: 195.5
205 282.2 , Est Remaining: 194.1
206 283.6 , Est Remaining: 192.7
207 284.9 , Est Remaining: 191.3
208 286.3 , Est Remaining: 189.9
209 287.6 , Est Remaining: 188.5
210 289.0 , Est Remaining: 187.1
211 290.3 , Est Remaining: 185.8
212 291.7 , Est Remaining: 184.4
213 293.0 , Est Remaining: 183.0
214 294.4 , Est Remaining: 181.6
215 295.8 , Est Remaining: 180.2
216 297.1 , Est Remaining: 178.8
217 298.5 , Est Remaining: 177.4
218 299.9 , Est Remaining: 176.1
219 301.2 , Est Remaining: 174.7
220 302.6 , Est Remaining: 173.3
221 304.0 , Est Remaining: 171.9
222 305.3 , Est Remaining: 170.5
223 306.7 , Est Remaining: 169.2
224 308.0 , Est Remaining: 167.8
225 309.4 , Est Remaining: 166.4
226 310.7 , Est Remaining: 165.0
227 312.1 , Est Remaining: 163.6
228 313.4 , Est Remaining: 162.2
229 314.8 , Est Remaining: 160.8
230 316.2 , Est Remaining: 159.5
231 317.5 , Est Remaining: 158.1
EVENT FAILED
231 317.8 , Est Remaining: 158.2
232 319.2 , Est Remaining: 156.8
233 320.5 , Est Remaining: 155.5
234 321.9 , Est Remaining: 154.1
235 323.3 , Est Remaining: 152.7
236 324.6 , Est Remaining: 151.3
237 326.0 , Est Remaining: 149.9
238 327.4 , Est Remaining: 148.5
239 328.7 , Est Remaining: 147.2
240 330.1 , Est Remaining: 145.8
241 331.4 , Est Remaining: 144.4
242 332.8 , Est Remaining: 143.0
243 334.2 , Est Remaining: 141.6
244 335.5 , Est Remaining: 140.3
EVENT FAILED
244 335.8 , Est Remaining: 140.4
245 337.2 , Est Remaining: 139.0
246 338.6 , Est Remaining: 137.6
247 339.9 , Est Remaining: 136.3
248 341.3 , Est Remaining: 134.9
249 342.7 , Est Remaining: 133.5
EVENT FAILED
249 343.0 , Est Remaining: 133.6
250 344.3 , Est Remaining: 132.2
251 345.7 , Est Remaining: 130.8
252 347.1 , Est Remaining: 129.5
EVENT FAILED
252 347.4 , Est Remaining: 129.6
253 348.7 , Est Remaining: 128.2
254 350.1 , Est Remaining: 126.8
255 351.4 , Est Remaining: 125.4
256 352.8 , Est Remaining: 124.0
257 354.1 , Est Remaining: 122.6
258 355.5 , Est Remaining: 121.2
259 356.8 , Est Remaining: 119.9
260 358.2 , Est Remaining: 118.5
261 359.5 , Est Remaining: 117.1
262 360.9 , Est Remaining: 115.7
263 362.2 , Est Remaining: 114.3
264 363.6 , Est Remaining: 112.9
265 364.9 , Est Remaining: 111.5
266 366.3 , Est Remaining: 110.2
267 367.6 , Est Remaining: 108.8
268 369.0 , Est Remaining: 107.4
269 370.4 , Est Remaining: 106.0
270 371.7 , Est Remaining: 104.6
271 373.1 , Est Remaining: 103.3
272 374.4 , Est Remaining: 101.9
273 375.8 , Est Remaining: 100.5
274 377.2 , Est Remaining: 99.1
275 378.5 , Est Remaining: 97.7
276 379.9 , Est Remaining: 96.3
277 381.2 , Est Remaining: 95.0
278 382.5 , Est Remaining: 93.6
279 383.9 , Est Remaining: 92.2
280 385.2 , Est Remaining: 90.8
281 386.5 , Est Remaining: 89.4
282 387.9 , Est Remaining: 88.0
283 389.2 , Est Remaining: 86.6
284 390.5 , Est Remaining: 85.3
285 391.9 , Est Remaining: 83.9
286 393.2 , Est Remaining: 82.5
287 394.5 , Est Remaining: 81.1
288 395.9 , Est Remaining: 79.7
289 397.2 , Est Remaining: 78.3
290 398.6 , Est Remaining: 77.0
291 399.9 , Est Remaining: 75.6
292 401.2 , Est Remaining: 74.2
293 402.6 , Est Remaining: 72.8
294 403.9 , Est Remaining: 71.4
295 405.2 , Est Remaining: 70.1
296 406.5 , Est Remaining: 68.7
297 407.9 , Est Remaining: 67.3
298 409.2 , Est Remaining: 65.9
299 410.5 , Est Remaining: 64.5
300 411.8 , Est Remaining: 63.1
301 413.1 , Est Remaining: 61.8
302 414.5 , Est Remaining: 60.4
303 415.8 , Est Remaining: 59.0
304 417.1 , Est Remaining: 57.6
305 418.4 , Est Remaining: 56.2
306 419.7 , Est Remaining: 54.9
307 421.0 , Est Remaining: 53.5
308 422.3 , Est Remaining: 52.1
309 423.6 , Est Remaining: 50.7
310 424.9 , Est Remaining: 49.3
311 426.2 , Est Remaining: 48.0
312 427.5 , Est Remaining: 46.6
313 428.7 , Est Remaining: 45.2
314 430.0 , Est Remaining: 43.8
315 431.3 , Est Remaining: 42.4
316 432.6 , Est Remaining: 41.1
317 433.9 , Est Remaining: 39.7
318 435.2 , Est Remaining: 38.3
319 436.5 , Est Remaining: 36.9
320 437.7 , Est Remaining: 35.6
321 439.0 , Est Remaining: 34.2
322 440.3 , Est Remaining: 32.8
323 441.6 , Est Remaining: 31.4
324 442.9 , Est Remaining: 30.1
325 444.2 , Est Remaining: 28.7
326 445.3 , Est Remaining: 27.3
327 446.6 , Est Remaining: 26.0
328 447.9 , Est Remaining: 24.6
329 449.2 , Est Remaining: 23.2
330 450.5 , Est Remaining: 21.8
331 451.8 , Est Remaining: 20.5
