Note: NumExpr detected 32 cores but "NUMEXPR_MAX_THREADS" not set, so enforcing safe limit of 8.
Using selector: EpollSelector
/n/home02/jhaefner/miniconda/envs/IC-3.7-2020-06-16/lib/python3.7/site-packages/scipy/optimize/minpack.py:808: OptimizeWarning: Covariance of the parameters could not be estimated
  category=OptimizeWarning)
Total rwfs: 346
0 0.0 , Est Remaining: 999999.9
1 1.4 , Est Remaining: 476.6
2 2.7 , Est Remaining: 470.9
3 4.1 , Est Remaining: 470.2
4 5.5 , Est Remaining: 466.1
5 6.8 , Est Remaining: 461.9
6 8.1 , Est Remaining: 458.8
7 9.4 , Est Remaining: 457.2
8 10.8 , Est Remaining: 455.3
9 12.1 , Est Remaining: 453.2
10 13.4 , Est Remaining: 451.3
11 14.8 , Est Remaining: 449.2
12 16.1 , Est Remaining: 447.8
13 17.4 , Est Remaining: 446.1
14 18.8 , Est Remaining: 444.9
15 20.1 , Est Remaining: 443.1
16 21.4 , Est Remaining: 441.7
EVENT FAILED
16 21.7 , Est Remaining: 447.7
17 23.0 , Est Remaining: 445.8
18 24.4 , Est Remaining: 443.9
19 25.7 , Est Remaining: 442.3
20 27.0 , Est Remaining: 440.5
21 28.4 , Est Remaining: 438.8
22 29.7 , Est Remaining: 437.3
23 31.1 , Est Remaining: 436.1
24 32.4 , Est Remaining: 434.7
25 33.7 , Est Remaining: 433.1
26 35.1 , Est Remaining: 431.6
27 36.4 , Est Remaining: 430.2
28 37.7 , Est Remaining: 428.6
29 39.1 , Est Remaining: 427.3
30 40.4 , Est Remaining: 425.8
31 41.8 , Est Remaining: 424.3
32 43.1 , Est Remaining: 422.6
33 44.4 , Est Remaining: 421.4
34 45.7 , Est Remaining: 419.8
35 47.1 , Est Remaining: 418.6
36 48.5 , Est Remaining: 417.3
37 49.8 , Est Remaining: 415.9
38 51.1 , Est Remaining: 414.4
39 52.5 , Est Remaining: 413.0
40 53.8 , Est Remaining: 411.6
41 55.1 , Est Remaining: 410.2
42 56.5 , Est Remaining: 408.8
43 57.8 , Est Remaining: 407.4
44 59.1 , Est Remaining: 405.9
45 60.5 , Est Remaining: 404.6
46 61.8 , Est Remaining: 403.3
47 63.2 , Est Remaining: 401.9
48 64.5 , Est Remaining: 400.4
49 65.8 , Est Remaining: 399.0
50 67.2 , Est Remaining: 397.6
51 68.5 , Est Remaining: 396.3
52 69.9 , Est Remaining: 395.1
53 71.2 , Est Remaining: 393.9
54 72.6 , Est Remaining: 392.5
55 74.0 , Est Remaining: 391.3
56 75.3 , Est Remaining: 390.1
57 76.7 , Est Remaining: 388.9
58 78.1 , Est Remaining: 387.7
59 79.5 , Est Remaining: 386.5
60 80.9 , Est Remaining: 385.4
EVENT FAILED
60 81.2 , Est Remaining: 386.9
EVENT FAILED
60 81.5 , Est Remaining: 388.3
61 82.9 , Est Remaining: 387.1
62 84.2 , Est Remaining: 385.9
EVENT FAILED
62 84.6 , Est Remaining: 387.3
63 85.9 , Est Remaining: 386.1
64 87.3 , Est Remaining: 384.8
65 88.8 , Est Remaining: 383.7
66 90.2 , Est Remaining: 382.5
67 91.6 , Est Remaining: 381.4
EVENT FAILED
67 91.9 , Est Remaining: 382.7
68 93.3 , Est Remaining: 381.4
69 94.7 , Est Remaining: 380.3
70 96.2 , Est Remaining: 379.1
71 97.6 , Est Remaining: 377.9
72 99.0 , Est Remaining: 376.7
73 100.4 , Est Remaining: 375.5
74 101.9 , Est Remaining: 374.4
75 103.3 , Est Remaining: 373.2
76 104.8 , Est Remaining: 372.2
77 106.2 , Est Remaining: 371.1
78 107.7 , Est Remaining: 369.9
79 109.1 , Est Remaining: 368.7
EVENT FAILED
79 109.4 , Est Remaining: 369.8
80 110.8 , Est Remaining: 368.5
81 112.3 , Est Remaining: 367.3
82 113.7 , Est Remaining: 366.1
83 115.1 , Est Remaining: 364.8
84 116.6 , Est Remaining: 363.6
85 118.0 , Est Remaining: 362.4
86 119.5 , Est Remaining: 361.2
87 120.9 , Est Remaining: 359.9
88 122.4 , Est Remaining: 358.7
89 123.8 , Est Remaining: 357.6
90 125.3 , Est Remaining: 356.4
91 126.7 , Est Remaining: 355.1
92 128.2 , Est Remaining: 353.9
93 129.6 , Est Remaining: 352.7
94 131.1 , Est Remaining: 351.4
95 132.6 , Est Remaining: 350.2
96 134.0 , Est Remaining: 349.0
97 135.5 , Est Remaining: 347.8
98 136.9 , Est Remaining: 346.5
99 138.4 , Est Remaining: 345.2
100 139.8 , Est Remaining: 344.0
101 141.3 , Est Remaining: 342.7
102 142.7 , Est Remaining: 341.4
103 144.2 , Est Remaining: 340.2
104 145.6 , Est Remaining: 338.9
105 147.1 , Est Remaining: 337.5
106 148.5 , Est Remaining: 336.2
107 149.9 , Est Remaining: 334.8
108 151.3 , Est Remaining: 333.4
109 152.7 , Est Remaining: 332.0
110 154.1 , Est Remaining: 330.6
111 155.5 , Est Remaining: 329.3
112 156.9 , Est Remaining: 327.9
113 158.4 , Est Remaining: 326.6
114 159.8 , Est Remaining: 325.2
115 161.2 , Est Remaining: 323.8
116 162.6 , Est Remaining: 322.4
117 164.0 , Est Remaining: 321.1
118 165.5 , Est Remaining: 319.7
119 166.9 , Est Remaining: 318.4
120 168.3 , Est Remaining: 317.0
121 169.8 , Est Remaining: 315.7
122 171.3 , Est Remaining: 314.4
123 172.7 , Est Remaining: 313.1
124 174.2 , Est Remaining: 311.8
125 175.6 , Est Remaining: 310.5
126 177.0 , Est Remaining: 309.1
127 178.5 , Est Remaining: 307.8
128 180.0 , Est Remaining: 306.5
129 181.4 , Est Remaining: 305.2
130 182.9 , Est Remaining: 303.9
EVENT FAILED
130 183.2 , Est Remaining: 304.4
EVENT FAILED
130 183.5 , Est Remaining: 304.9
131 184.9 , Est Remaining: 303.5
132 186.4 , Est Remaining: 302.1
133 187.8 , Est Remaining: 300.8
134 189.2 , Est Remaining: 299.4
135 190.7 , Est Remaining: 298.0
136 192.1 , Est Remaining: 296.6
137 193.5 , Est Remaining: 295.3
138 195.0 , Est Remaining: 293.9
139 196.4 , Est Remaining: 292.5
140 197.9 , Est Remaining: 291.2
141 199.3 , Est Remaining: 289.8
142 200.7 , Est Remaining: 288.4
EVENT FAILED
142 201.1 , Est Remaining: 288.8
143 202.5 , Est Remaining: 287.5
EVENT FAILED
143 202.8 , Est Remaining: 287.9
144 204.2 , Est Remaining: 286.5
145 205.7 , Est Remaining: 285.1
146 207.1 , Est Remaining: 283.7
147 208.5 , Est Remaining: 282.3
148 210.0 , Est Remaining: 280.9
149 211.4 , Est Remaining: 279.5
150 212.8 , Est Remaining: 278.1
151 214.2 , Est Remaining: 276.7
152 215.7 , Est Remaining: 275.2
153 217.1 , Est Remaining: 273.8
154 218.5 , Est Remaining: 272.4
155 219.9 , Est Remaining: 271.0
156 221.4 , Est Remaining: 269.6
157 222.8 , Est Remaining: 268.2
158 224.2 , Est Remaining: 266.8
159 225.6 , Est Remaining: 265.3
160 227.0 , Est Remaining: 263.9
161 228.4 , Est Remaining: 262.5
162 229.9 , Est Remaining: 261.1
163 231.3 , Est Remaining: 259.6
164 232.7 , Est Remaining: 258.2
165 234.1 , Est Remaining: 256.8
166 235.6 , Est Remaining: 255.4
167 237.0 , Est Remaining: 254.0
168 238.4 , Est Remaining: 252.6
169 239.9 , Est Remaining: 251.2
170 241.3 , Est Remaining: 249.8
171 242.8 , Est Remaining: 248.4
172 244.2 , Est Remaining: 247.0
173 245.6 , Est Remaining: 245.6
174 247.1 , Est Remaining: 244.3
175 248.6 , Est Remaining: 242.9
176 250.0 , Est Remaining: 241.5
177 251.4 , Est Remaining: 240.1
178 252.9 , Est Remaining: 238.6
179 254.3 , Est Remaining: 237.2
180 255.7 , Est Remaining: 235.8
181 257.1 , Est Remaining: 234.4
182 258.6 , Est Remaining: 233.0
183 260.0 , Est Remaining: 231.6
184 261.4 , Est Remaining: 230.2
185 262.9 , Est Remaining: 228.8
186 264.3 , Est Remaining: 227.4
187 265.8 , Est Remaining: 226.0
188 267.2 , Est Remaining: 224.6
189 268.7 , Est Remaining: 223.2
190 270.1 , Est Remaining: 221.8
191 271.6 , Est Remaining: 220.4
192 273.0 , Est Remaining: 219.0
193 274.5 , Est Remaining: 217.6
194 275.9 , Est Remaining: 216.2
195 277.4 , Est Remaining: 214.8
196 278.9 , Est Remaining: 213.4
197 280.3 , Est Remaining: 212.0
198 281.8 , Est Remaining: 210.6
199 283.2 , Est Remaining: 209.2
200 284.7 , Est Remaining: 207.8
201 286.1 , Est Remaining: 206.4
202 287.5 , Est Remaining: 205.0
203 289.1 , Est Remaining: 203.7
204 290.5 , Est Remaining: 202.2
205 292.0 , Est Remaining: 200.8
206 293.4 , Est Remaining: 199.4
207 294.9 , Est Remaining: 198.0
208 296.3 , Est Remaining: 196.6
209 297.7 , Est Remaining: 195.2
210 299.1 , Est Remaining: 193.7
211 300.6 , Est Remaining: 192.3
212 302.0 , Est Remaining: 190.9
213 303.4 , Est Remaining: 189.5
214 304.8 , Est Remaining: 188.0
215 306.2 , Est Remaining: 186.6
216 307.6 , Est Remaining: 185.2
217 309.1 , Est Remaining: 183.7
EVENT FAILED
217 309.4 , Est Remaining: 183.9
218 310.8 , Est Remaining: 182.5
219 312.2 , Est Remaining: 181.0
220 313.6 , Est Remaining: 179.6
221 315.0 , Est Remaining: 178.2
222 316.5 , Est Remaining: 176.8
223 317.9 , Est Remaining: 175.3
224 319.3 , Est Remaining: 173.9
225 320.7 , Est Remaining: 172.5
226 322.1 , Est Remaining: 171.0
227 323.6 , Est Remaining: 169.6
228 325.0 , Est Remaining: 168.2
229 326.4 , Est Remaining: 166.8
230 327.9 , Est Remaining: 165.4
231 329.3 , Est Remaining: 163.9
232 330.7 , Est Remaining: 162.5
233 332.2 , Est Remaining: 161.1
234 333.6 , Est Remaining: 159.7
235 335.1 , Est Remaining: 158.3
EVENT FAILED
235 335.4 , Est Remaining: 158.4
236 336.8 , Est Remaining: 157.0
237 338.2 , Est Remaining: 155.6
238 339.7 , Est Remaining: 154.1
239 341.1 , Est Remaining: 152.7
240 342.5 , Est Remaining: 151.3
241 344.0 , Est Remaining: 149.9
EVENT FAILED
241 344.3 , Est Remaining: 150.0
242 345.7 , Est Remaining: 148.6
243 347.1 , Est Remaining: 147.1
244 348.5 , Est Remaining: 145.7
245 350.0 , Est Remaining: 144.3
246 351.4 , Est Remaining: 142.8
247 352.8 , Est Remaining: 141.4
248 354.3 , Est Remaining: 140.0
249 355.7 , Est Remaining: 138.6
250 357.1 , Est Remaining: 137.1
251 358.5 , Est Remaining: 135.7
252 360.0 , Est Remaining: 134.3
253 361.4 , Est Remaining: 132.9
254 362.9 , Est Remaining: 131.4
255 364.3 , Est Remaining: 130.0
256 365.7 , Est Remaining: 128.6
257 367.2 , Est Remaining: 127.2
258 368.6 , Est Remaining: 125.7
259 370.1 , Est Remaining: 124.3
260 371.5 , Est Remaining: 122.9
261 372.9 , Est Remaining: 121.4
262 374.3 , Est Remaining: 120.0
263 375.8 , Est Remaining: 118.6
264 377.2 , Est Remaining: 117.2
265 378.6 , Est Remaining: 115.7
266 380.0 , Est Remaining: 114.3
267 381.5 , Est Remaining: 112.9
268 382.9 , Est Remaining: 111.4
269 384.3 , Est Remaining: 110.0
270 385.7 , Est Remaining: 108.6
271 387.2 , Est Remaining: 107.1
272 388.6 , Est Remaining: 105.7
273 390.0 , Est Remaining: 104.3
274 391.4 , Est Remaining: 102.8
EVENT FAILED
274 391.7 , Est Remaining: 102.9
275 393.1 , Est Remaining: 101.5
276 394.5 , Est Remaining: 100.1
277 395.9 , Est Remaining: 98.6
278 397.3 , Est Remaining: 97.2
279 398.7 , Est Remaining: 95.8
280 400.0 , Est Remaining: 94.3
281 401.5 , Est Remaining: 92.9
282 402.9 , Est Remaining: 91.4
283 404.3 , Est Remaining: 90.0
284 405.7 , Est Remaining: 88.6
285 407.2 , Est Remaining: 87.1
286 408.6 , Est Remaining: 85.7
287 410.0 , Est Remaining: 84.3
288 411.5 , Est Remaining: 82.9
289 412.9 , Est Remaining: 81.4
290 414.3 , Est Remaining: 80.0
291 415.8 , Est Remaining: 78.6
292 417.2 , Est Remaining: 77.2
293 418.6 , Est Remaining: 75.7
294 420.1 , Est Remaining: 74.3
295 421.5 , Est Remaining: 72.9
296 423.0 , Est Remaining: 71.4
297 424.4 , Est Remaining: 70.0
298 425.9 , Est Remaining: 68.6
299 427.3 , Est Remaining: 67.2
300 428.8 , Est Remaining: 65.7
301 430.2 , Est Remaining: 64.3
302 431.9 , Est Remaining: 62.9
303 433.3 , Est Remaining: 61.5
304 434.8 , Est Remaining: 60.1
305 436.2 , Est Remaining: 58.6
306 437.7 , Est Remaining: 57.2
307 439.1 , Est Remaining: 55.8
308 440.6 , Est Remaining: 54.4
309 442.1 , Est Remaining: 52.9
310 443.5 , Est Remaining: 51.5
311 445.0 , Est Remaining: 50.1
312 446.4 , Est Remaining: 48.6
313 447.9 , Est Remaining: 47.2
314 449.3 , Est Remaining: 45.8
315 450.8 , Est Remaining: 44.4
316 452.2 , Est Remaining: 42.9
317 453.6 , Est Remaining: 41.5
318 455.1 , Est Remaining: 40.1
319 456.5 , Est Remaining: 38.6
320 458.0 , Est Remaining: 37.2
321 459.4 , Est Remaining: 35.8
322 460.8 , Est Remaining: 34.3
323 462.3 , Est Remaining: 32.9
324 463.7 , Est Remaining: 31.5
325 465.1 , Est Remaining: 30.1
326 466.6 , Est Remaining: 28.6
327 468.0 , Est Remaining: 27.2
328 469.4 , Est Remaining: 25.8
329 470.8 , Est Remaining: 24.3
330 472.3 , Est Remaining: 22.9
331 473.7 , Est Remaining: 21.5
