Note: NumExpr detected 32 cores but "NUMEXPR_MAX_THREADS" not set, so enforcing safe limit of 8.
Using selector: EpollSelector
/n/home02/jhaefner/miniconda/envs/IC-3.7-2020-06-16/lib/python3.7/site-packages/scipy/optimize/minpack.py:808: OptimizeWarning: Covariance of the parameters could not be estimated
  category=OptimizeWarning)
Total rwfs: 346
0 0.0 , Est Remaining: 999999.9
1 1.4 , Est Remaining: 467.3
2 2.7 , Est Remaining: 466.2
3 4.1 , Est Remaining: 465.8
4 5.4 , Est Remaining: 460.8
5 6.7 , Est Remaining: 458.4
6 8.1 , Est Remaining: 458.2
7 9.4 , Est Remaining: 455.3
8 10.7 , Est Remaining: 454.0
9 12.1 , Est Remaining: 451.7
10 13.4 , Est Remaining: 450.1
11 14.7 , Est Remaining: 448.0
12 16.0 , Est Remaining: 446.0
13 17.3 , Est Remaining: 444.4
14 18.7 , Est Remaining: 442.8
15 20.0 , Est Remaining: 441.3
16 21.3 , Est Remaining: 439.8
17 22.7 , Est Remaining: 438.3
18 24.0 , Est Remaining: 436.8
19 25.3 , Est Remaining: 435.6
20 26.6 , Est Remaining: 434.0
21 28.0 , Est Remaining: 432.9
22 29.3 , Est Remaining: 431.5
23 30.6 , Est Remaining: 430.0
24 32.0 , Est Remaining: 428.9
25 33.3 , Est Remaining: 427.7
26 34.6 , Est Remaining: 426.4
EVENT FAILED
26 34.9 , Est Remaining: 430.0
27 36.3 , Est Remaining: 428.7
28 37.6 , Est Remaining: 427.5
29 39.0 , Est Remaining: 426.1
30 40.3 , Est Remaining: 424.7
31 41.7 , Est Remaining: 423.3
32 43.0 , Est Remaining: 421.9
33 44.3 , Est Remaining: 420.5
34 45.5 , Est Remaining: 417.9
35 46.9 , Est Remaining: 416.5
36 48.2 , Est Remaining: 415.0
37 49.5 , Est Remaining: 413.6
38 50.9 , Est Remaining: 412.3
39 52.2 , Est Remaining: 410.8
40 53.5 , Est Remaining: 409.6
41 54.9 , Est Remaining: 408.1
42 56.2 , Est Remaining: 406.6
EVENT FAILED
42 56.5 , Est Remaining: 408.7
43 57.8 , Est Remaining: 407.2
44 59.2 , Est Remaining: 406.0
45 60.5 , Est Remaining: 404.5
46 61.8 , Est Remaining: 403.1
47 63.1 , Est Remaining: 401.7
48 64.5 , Est Remaining: 400.3
49 65.8 , Est Remaining: 398.8
50 67.1 , Est Remaining: 397.4
51 68.5 , Est Remaining: 396.0
52 69.8 , Est Remaining: 394.6
53 71.1 , Est Remaining: 393.2
54 72.5 , Est Remaining: 391.8
55 73.8 , Est Remaining: 390.4
56 75.1 , Est Remaining: 389.0
57 76.4 , Est Remaining: 387.6
58 77.8 , Est Remaining: 386.2
EVENT FAILED
58 78.1 , Est Remaining: 387.6
59 79.4 , Est Remaining: 386.2
60 80.7 , Est Remaining: 384.7
61 82.0 , Est Remaining: 383.3
62 83.4 , Est Remaining: 381.9
63 84.7 , Est Remaining: 380.5
64 86.0 , Est Remaining: 379.0
65 87.3 , Est Remaining: 377.6
66 88.7 , Est Remaining: 376.2
67 90.0 , Est Remaining: 374.7
68 91.3 , Est Remaining: 373.3
69 92.6 , Est Remaining: 371.9
70 94.0 , Est Remaining: 370.5
71 95.3 , Est Remaining: 369.1
72 96.6 , Est Remaining: 367.7
73 98.0 , Est Remaining: 366.3
74 99.3 , Est Remaining: 364.9
75 100.6 , Est Remaining: 363.5
76 101.9 , Est Remaining: 362.2
77 103.3 , Est Remaining: 360.8
78 104.6 , Est Remaining: 359.5
79 106.0 , Est Remaining: 358.2
80 107.3 , Est Remaining: 356.8
81 108.7 , Est Remaining: 355.5
82 110.0 , Est Remaining: 354.2
83 111.3 , Est Remaining: 352.8
84 112.7 , Est Remaining: 351.5
85 114.0 , Est Remaining: 350.2
86 115.4 , Est Remaining: 348.8
87 116.7 , Est Remaining: 347.4
88 118.1 , Est Remaining: 346.1
89 119.4 , Est Remaining: 344.9
90 120.8 , Est Remaining: 343.5
91 122.1 , Est Remaining: 342.2
92 123.5 , Est Remaining: 340.9
93 124.8 , Est Remaining: 339.6
94 126.2 , Est Remaining: 338.2
95 127.5 , Est Remaining: 336.9
96 128.9 , Est Remaining: 335.6
97 130.2 , Est Remaining: 334.2
98 131.6 , Est Remaining: 332.9
99 132.9 , Est Remaining: 331.6
100 134.3 , Est Remaining: 330.3
101 135.6 , Est Remaining: 328.9
102 136.9 , Est Remaining: 327.5
103 138.3 , Est Remaining: 326.3
104 139.7 , Est Remaining: 325.0
105 141.0 , Est Remaining: 323.6
106 142.3 , Est Remaining: 322.3
107 143.7 , Est Remaining: 320.9
108 145.0 , Est Remaining: 319.6
109 146.4 , Est Remaining: 318.2
110 147.7 , Est Remaining: 316.8
111 149.0 , Est Remaining: 315.5
112 150.3 , Est Remaining: 314.1
113 151.7 , Est Remaining: 312.8
114 153.0 , Est Remaining: 311.4
115 154.4 , Est Remaining: 310.1
116 155.7 , Est Remaining: 308.7
117 157.0 , Est Remaining: 307.4
118 158.4 , Est Remaining: 306.0
119 159.7 , Est Remaining: 304.7
120 161.1 , Est Remaining: 303.3
121 162.4 , Est Remaining: 302.0
122 163.7 , Est Remaining: 300.7
123 165.1 , Est Remaining: 299.3
124 166.4 , Est Remaining: 297.9
125 167.8 , Est Remaining: 296.6
126 169.1 , Est Remaining: 295.3
127 170.4 , Est Remaining: 293.9
128 171.8 , Est Remaining: 292.6
129 173.1 , Est Remaining: 291.2
130 174.5 , Est Remaining: 289.9
131 175.8 , Est Remaining: 288.5
132 177.1 , Est Remaining: 287.2
133 178.5 , Est Remaining: 285.9
134 179.8 , Est Remaining: 284.5
135 181.2 , Est Remaining: 283.2
136 182.5 , Est Remaining: 281.8
137 183.9 , Est Remaining: 280.5
138 185.2 , Est Remaining: 279.1
139 186.6 , Est Remaining: 277.8
140 187.9 , Est Remaining: 276.5
141 189.2 , Est Remaining: 275.1
142 190.6 , Est Remaining: 273.8
143 191.9 , Est Remaining: 272.5
144 193.3 , Est Remaining: 271.1
145 194.6 , Est Remaining: 269.8
146 196.0 , Est Remaining: 268.5
147 197.3 , Est Remaining: 267.1
148 198.7 , Est Remaining: 265.8
149 200.0 , Est Remaining: 264.5
150 201.4 , Est Remaining: 263.1
151 202.7 , Est Remaining: 261.8
152 204.0 , Est Remaining: 260.4
153 205.4 , Est Remaining: 259.1
154 206.7 , Est Remaining: 257.8
155 208.1 , Est Remaining: 256.4
156 209.4 , Est Remaining: 255.1
157 210.8 , Est Remaining: 253.8
158 212.1 , Est Remaining: 252.4
159 213.5 , Est Remaining: 251.1
160 214.9 , Est Remaining: 249.8
161 216.2 , Est Remaining: 248.4
162 217.5 , Est Remaining: 247.1
163 218.9 , Est Remaining: 245.7
164 220.2 , Est Remaining: 244.4
165 221.6 , Est Remaining: 243.1
166 222.9 , Est Remaining: 241.8
167 224.3 , Est Remaining: 240.4
168 225.6 , Est Remaining: 239.1
169 227.0 , Est Remaining: 237.7
170 228.3 , Est Remaining: 236.4
171 229.7 , Est Remaining: 235.1
172 231.0 , Est Remaining: 233.7
173 232.4 , Est Remaining: 232.4
174 233.7 , Est Remaining: 231.1
175 235.1 , Est Remaining: 229.7
176 236.4 , Est Remaining: 228.4
177 237.8 , Est Remaining: 227.0
178 239.1 , Est Remaining: 225.7
179 240.4 , Est Remaining: 224.3
EVENT FAILED
179 240.7 , Est Remaining: 224.6
180 242.1 , Est Remaining: 223.2
181 243.4 , Est Remaining: 221.9
182 244.8 , Est Remaining: 220.6
183 246.1 , Est Remaining: 219.2
184 247.4 , Est Remaining: 217.9
185 248.8 , Est Remaining: 216.5
186 250.1 , Est Remaining: 215.1
187 251.4 , Est Remaining: 213.8
188 252.8 , Est Remaining: 212.5
189 254.1 , Est Remaining: 211.1
190 255.5 , Est Remaining: 209.8
191 256.8 , Est Remaining: 208.4
192 258.2 , Est Remaining: 207.1
193 259.5 , Est Remaining: 205.7
194 260.8 , Est Remaining: 204.4
195 262.2 , Est Remaining: 203.0
196 263.5 , Est Remaining: 201.7
197 264.8 , Est Remaining: 200.3
198 266.2 , Est Remaining: 199.0
199 267.6 , Est Remaining: 197.6
EVENT FAILED
199 267.9 , Est Remaining: 197.9
200 269.2 , Est Remaining: 196.5
201 270.5 , Est Remaining: 195.2
202 271.9 , Est Remaining: 193.8
203 273.3 , Est Remaining: 192.5
EVENT FAILED
203 273.6 , Est Remaining: 192.7
204 274.9 , Est Remaining: 191.4
205 276.3 , Est Remaining: 190.0
206 277.6 , Est Remaining: 188.7
207 279.0 , Est Remaining: 187.3
208 280.3 , Est Remaining: 186.0
209 281.7 , Est Remaining: 184.6
210 283.0 , Est Remaining: 183.3
211 284.4 , Est Remaining: 182.0
212 285.7 , Est Remaining: 180.6
213 287.1 , Est Remaining: 179.3
214 288.4 , Est Remaining: 177.9
215 289.8 , Est Remaining: 176.6
216 291.1 , Est Remaining: 175.2
217 292.5 , Est Remaining: 173.9
218 293.8 , Est Remaining: 172.5
219 295.2 , Est Remaining: 171.2
220 296.5 , Est Remaining: 169.8
221 297.8 , Est Remaining: 168.5
222 299.2 , Est Remaining: 167.1
223 300.5 , Est Remaining: 165.8
224 301.9 , Est Remaining: 164.4
225 303.2 , Est Remaining: 163.1
226 304.6 , Est Remaining: 161.7
227 305.9 , Est Remaining: 160.4
EVENT FAILED
227 306.2 , Est Remaining: 160.5
228 307.6 , Est Remaining: 159.2
229 308.9 , Est Remaining: 157.8
230 310.3 , Est Remaining: 156.5
231 311.6 , Est Remaining: 155.1
232 313.0 , Est Remaining: 153.8
233 314.3 , Est Remaining: 152.4
234 315.6 , Est Remaining: 151.1
235 317.0 , Est Remaining: 149.7
236 318.3 , Est Remaining: 148.4
237 319.7 , Est Remaining: 147.0
238 321.0 , Est Remaining: 145.7
239 322.4 , Est Remaining: 144.3
240 323.7 , Est Remaining: 143.0
241 325.1 , Est Remaining: 141.6
242 326.4 , Est Remaining: 140.3
243 327.8 , Est Remaining: 138.9
244 329.1 , Est Remaining: 137.6
245 330.5 , Est Remaining: 136.2
246 331.8 , Est Remaining: 134.9
247 333.2 , Est Remaining: 133.5
248 334.6 , Est Remaining: 132.2
249 335.9 , Est Remaining: 130.9
250 337.3 , Est Remaining: 129.5
251 338.6 , Est Remaining: 128.2
252 340.0 , Est Remaining: 126.8
253 341.3 , Est Remaining: 125.5
254 342.7 , Est Remaining: 124.1
255 344.0 , Est Remaining: 122.8
256 345.4 , Est Remaining: 121.4
257 346.8 , Est Remaining: 120.1
258 348.1 , Est Remaining: 118.7
259 349.5 , Est Remaining: 117.4
260 350.8 , Est Remaining: 116.0
261 352.2 , Est Remaining: 114.7
262 353.5 , Est Remaining: 113.3
263 354.9 , Est Remaining: 112.0
264 356.2 , Est Remaining: 110.6
265 357.6 , Est Remaining: 109.3
266 358.9 , Est Remaining: 107.9
267 360.3 , Est Remaining: 106.6
268 361.6 , Est Remaining: 105.2
269 362.9 , Est Remaining: 103.9
270 364.3 , Est Remaining: 102.5
271 365.6 , Est Remaining: 101.2
272 367.0 , Est Remaining: 99.8
273 368.3 , Est Remaining: 98.5
274 369.6 , Est Remaining: 97.1
275 371.0 , Est Remaining: 95.8
276 372.3 , Est Remaining: 94.4
277 373.7 , Est Remaining: 93.1
278 375.0 , Est Remaining: 91.7
279 376.3 , Est Remaining: 90.4
280 377.7 , Est Remaining: 89.0
281 379.0 , Est Remaining: 87.7
282 380.4 , Est Remaining: 86.3
283 381.7 , Est Remaining: 85.0
284 383.0 , Est Remaining: 83.6
285 384.4 , Est Remaining: 82.3
286 385.7 , Est Remaining: 80.9
287 387.1 , Est Remaining: 79.6
288 388.4 , Est Remaining: 78.2
289 389.8 , Est Remaining: 76.9
290 391.1 , Est Remaining: 75.5
291 392.5 , Est Remaining: 74.2
292 393.8 , Est Remaining: 72.8
293 395.2 , Est Remaining: 71.5
294 396.5 , Est Remaining: 70.1
295 397.9 , Est Remaining: 68.8
296 399.3 , Est Remaining: 67.4
297 400.6 , Est Remaining: 66.1
298 401.9 , Est Remaining: 64.7
299 403.2 , Est Remaining: 63.4
300 404.5 , Est Remaining: 62.0
301 405.9 , Est Remaining: 60.7
302 407.4 , Est Remaining: 59.3
303 408.7 , Est Remaining: 58.0
304 410.1 , Est Remaining: 56.7
305 411.4 , Est Remaining: 55.3
306 412.7 , Est Remaining: 54.0
307 414.1 , Est Remaining: 52.6
308 415.4 , Est Remaining: 51.3
309 416.8 , Est Remaining: 49.9
310 418.1 , Est Remaining: 48.6
311 419.5 , Est Remaining: 47.2
312 420.8 , Est Remaining: 45.9
313 422.1 , Est Remaining: 44.5
314 423.4 , Est Remaining: 43.2
315 424.8 , Est Remaining: 41.8
316 426.1 , Est Remaining: 40.5
317 427.4 , Est Remaining: 39.1
318 428.7 , Est Remaining: 37.7
319 430.1 , Est Remaining: 36.4
320 431.4 , Est Remaining: 35.1
321 432.7 , Est Remaining: 33.7
322 434.1 , Est Remaining: 32.4
323 435.4 , Est Remaining: 31.0
324 436.7 , Est Remaining: 29.7
325 438.1 , Est Remaining: 28.3
326 439.4 , Est Remaining: 27.0
327 440.7 , Est Remaining: 25.6
328 442.0 , Est Remaining: 24.3
329 443.4 , Est Remaining: 22.9
330 444.7 , Est Remaining: 21.6
331 446.0 , Est Remaining: 20.2
332 447.3 , Est Remaining: 18.9
333 448.6 , Est Remaining: 17.5
334 450.0 , Est Remaining: 16.2
335 451.3 , Est Remaining: 14.8
336 452.6 , Est Remaining: 13.5
EVENT FAILED
336 452.9 , Est Remaining: 13.5
337 454.3 , Est Remaining: 12.1
