Note: NumExpr detected 32 cores but "NUMEXPR_MAX_THREADS" not set, so enforcing safe limit of 8.
Using selector: EpollSelector
/n/home02/jhaefner/miniconda/envs/IC-3.7-2020-06-16/lib/python3.7/site-packages/scipy/optimize/minpack.py:808: OptimizeWarning: Covariance of the parameters could not be estimated
  category=OptimizeWarning)
Total rwfs: 346
0 0.0 , Est Remaining: 999999.9
1 1.5 , Est Remaining: 504.3
2 2.9 , Est Remaining: 496.4
3 4.3 , Est Remaining: 496.7
4 5.8 , Est Remaining: 494.2
5 7.2 , Est Remaining: 491.7
6 8.6 , Est Remaining: 489.8
7 10.0 , Est Remaining: 486.3
8 11.5 , Est Remaining: 484.7
EVENT FAILED
8 11.8 , Est Remaining: 497.7
9 13.2 , Est Remaining: 493.7
10 14.6 , Est Remaining: 490.6
11 16.0 , Est Remaining: 487.6
12 17.4 , Est Remaining: 485.6
13 18.9 , Est Remaining: 483.1
14 20.3 , Est Remaining: 480.9
15 21.7 , Est Remaining: 478.7
16 23.1 , Est Remaining: 477.1
17 24.6 , Est Remaining: 475.3
18 26.0 , Est Remaining: 473.8
19 27.4 , Est Remaining: 471.8
20 28.8 , Est Remaining: 470.1
21 30.3 , Est Remaining: 468.7
22 31.7 , Est Remaining: 467.2
23 33.2 , Est Remaining: 465.6
24 34.6 , Est Remaining: 464.0
25 36.0 , Est Remaining: 462.2
26 37.5 , Est Remaining: 461.0
27 38.9 , Est Remaining: 459.5
28 40.3 , Est Remaining: 458.0
29 41.8 , Est Remaining: 456.5
30 43.2 , Est Remaining: 455.1
31 44.6 , Est Remaining: 453.6
32 46.1 , Est Remaining: 452.0
33 47.5 , Est Remaining: 450.5
34 48.9 , Est Remaining: 449.0
35 50.4 , Est Remaining: 447.5
EVENT FAILED
35 50.7 , Est Remaining: 450.2
36 52.1 , Est Remaining: 448.7
37 53.6 , Est Remaining: 447.2
38 55.0 , Est Remaining: 445.8
39 56.5 , Est Remaining: 444.4
40 57.9 , Est Remaining: 443.1
41 59.4 , Est Remaining: 441.7
42 60.8 , Est Remaining: 440.1
43 62.2 , Est Remaining: 438.6
44 63.7 , Est Remaining: 437.1
45 65.1 , Est Remaining: 435.5
46 66.6 , Est Remaining: 434.1
47 68.0 , Est Remaining: 432.5
48 69.4 , Est Remaining: 431.0
49 70.9 , Est Remaining: 429.4
50 72.3 , Est Remaining: 427.9
51 73.7 , Est Remaining: 426.3
52 75.1 , Est Remaining: 424.8
53 76.6 , Est Remaining: 423.2
54 78.0 , Est Remaining: 421.6
55 79.4 , Est Remaining: 420.1
56 80.8 , Est Remaining: 418.7
57 82.3 , Est Remaining: 417.1
58 83.7 , Est Remaining: 415.6
59 85.1 , Est Remaining: 414.1
60 86.6 , Est Remaining: 412.7
61 88.0 , Est Remaining: 411.2
62 89.4 , Est Remaining: 409.7
63 90.9 , Est Remaining: 408.3
64 92.3 , Est Remaining: 406.8
65 93.7 , Est Remaining: 405.2
66 95.2 , Est Remaining: 403.9
67 96.6 , Est Remaining: 402.4
68 98.1 , Est Remaining: 400.9
69 99.5 , Est Remaining: 399.4
EVENT FAILED
69 100.2 , Est Remaining: 402.4
70 101.6 , Est Remaining: 400.7
71 103.1 , Est Remaining: 399.1
72 104.5 , Est Remaining: 397.6
73 105.9 , Est Remaining: 396.1
74 107.3 , Est Remaining: 394.4
75 108.8 , Est Remaining: 393.0
76 110.2 , Est Remaining: 391.4
77 111.6 , Est Remaining: 389.9
78 113.0 , Est Remaining: 388.3
79 114.5 , Est Remaining: 386.9
80 115.9 , Est Remaining: 385.3
81 117.3 , Est Remaining: 383.8
82 118.7 , Est Remaining: 382.3
83 120.2 , Est Remaining: 380.8
84 121.6 , Est Remaining: 379.3
85 123.1 , Est Remaining: 377.8
86 124.5 , Est Remaining: 376.3
87 125.9 , Est Remaining: 374.9
88 127.4 , Est Remaining: 373.4
89 128.8 , Est Remaining: 371.9
90 130.2 , Est Remaining: 370.4
91 131.7 , Est Remaining: 368.9
92 133.1 , Est Remaining: 367.4
93 134.5 , Est Remaining: 366.0
94 136.0 , Est Remaining: 364.5
95 137.4 , Est Remaining: 363.1
96 138.9 , Est Remaining: 361.6
97 140.3 , Est Remaining: 360.2
98 141.7 , Est Remaining: 358.7
99 143.2 , Est Remaining: 357.3
100 144.7 , Est Remaining: 355.9
101 146.1 , Est Remaining: 354.5
102 147.6 , Est Remaining: 353.0
103 149.0 , Est Remaining: 351.6
104 150.5 , Est Remaining: 350.2
105 151.9 , Est Remaining: 348.6
106 153.3 , Est Remaining: 347.1
107 154.7 , Est Remaining: 345.6
108 156.1 , Est Remaining: 344.1
109 157.6 , Est Remaining: 342.6
110 158.9 , Est Remaining: 341.0
111 160.4 , Est Remaining: 339.5
112 161.8 , Est Remaining: 338.0
113 163.2 , Est Remaining: 336.6
114 164.7 , Est Remaining: 335.1
115 166.1 , Est Remaining: 333.6
116 167.5 , Est Remaining: 332.2
117 169.0 , Est Remaining: 330.7
118 170.4 , Est Remaining: 329.2
119 171.8 , Est Remaining: 327.8
120 173.2 , Est Remaining: 326.3
121 174.7 , Est Remaining: 324.8
122 176.1 , Est Remaining: 323.3
123 177.5 , Est Remaining: 321.9
124 179.0 , Est Remaining: 320.4
125 180.4 , Est Remaining: 318.9
126 181.8 , Est Remaining: 317.5
127 183.3 , Est Remaining: 316.0
128 184.7 , Est Remaining: 314.6
129 186.2 , Est Remaining: 313.2
130 187.6 , Est Remaining: 311.7
131 189.0 , Est Remaining: 310.3
EVENT FAILED
131 189.3 , Est Remaining: 310.7
132 190.8 , Est Remaining: 309.3
133 192.2 , Est Remaining: 307.7
134 193.6 , Est Remaining: 306.2
135 195.0 , Est Remaining: 304.8
136 196.4 , Est Remaining: 303.3
137 197.9 , Est Remaining: 301.9
138 199.3 , Est Remaining: 300.4
139 200.7 , Est Remaining: 298.9
140 202.2 , Est Remaining: 297.5
141 203.6 , Est Remaining: 296.0
142 205.0 , Est Remaining: 294.5
143 206.4 , Est Remaining: 293.1
144 207.9 , Est Remaining: 291.6
145 209.3 , Est Remaining: 290.1
146 210.7 , Est Remaining: 288.6
147 212.1 , Est Remaining: 287.1
148 213.5 , Est Remaining: 285.6
149 214.8 , Est Remaining: 284.0
150 216.2 , Est Remaining: 282.5
151 217.5 , Est Remaining: 280.9
152 218.9 , Est Remaining: 279.4
153 220.3 , Est Remaining: 277.8
154 221.6 , Est Remaining: 276.3
155 223.0 , Est Remaining: 274.8
156 224.3 , Est Remaining: 273.2
157 225.7 , Est Remaining: 271.7
158 227.0 , Est Remaining: 270.1
159 228.3 , Est Remaining: 268.6
160 229.7 , Est Remaining: 267.0
EVENT FAILED
160 230.0 , Est Remaining: 267.3
161 231.3 , Est Remaining: 265.8
162 232.6 , Est Remaining: 264.2
163 234.0 , Est Remaining: 262.7
164 235.3 , Est Remaining: 261.1
165 236.6 , Est Remaining: 259.5
166 237.9 , Est Remaining: 258.0
167 239.2 , Est Remaining: 256.4
168 240.5 , Est Remaining: 254.8
169 241.8 , Est Remaining: 253.3
170 243.1 , Est Remaining: 251.7
171 244.4 , Est Remaining: 250.2
EVENT FAILED
171 244.7 , Est Remaining: 250.5
172 246.0 , Est Remaining: 248.9
173 247.4 , Est Remaining: 247.4
EVENT FAILED
173 247.6 , Est Remaining: 247.6
174 248.9 , Est Remaining: 246.1
175 250.3 , Est Remaining: 244.5
176 251.6 , Est Remaining: 243.0
177 252.9 , Est Remaining: 241.4
178 254.2 , Est Remaining: 239.9
179 255.5 , Est Remaining: 238.4
180 256.8 , Est Remaining: 236.8
181 258.1 , Est Remaining: 235.3
182 259.4 , Est Remaining: 233.7
183 260.7 , Est Remaining: 232.2
184 262.0 , Est Remaining: 230.7
185 263.3 , Est Remaining: 229.1
186 264.6 , Est Remaining: 227.6
187 265.9 , Est Remaining: 226.0
188 267.2 , Est Remaining: 224.5
189 268.4 , Est Remaining: 223.0
190 269.7 , Est Remaining: 221.5
191 271.0 , Est Remaining: 219.9
192 272.3 , Est Remaining: 218.4
193 273.6 , Est Remaining: 216.9
194 274.9 , Est Remaining: 215.4
195 276.2 , Est Remaining: 213.9
196 277.5 , Est Remaining: 212.4
197 278.8 , Est Remaining: 210.9
EVENT FAILED
197 279.1 , Est Remaining: 211.1
198 280.4 , Est Remaining: 209.6
199 281.8 , Est Remaining: 208.1
200 283.1 , Est Remaining: 206.6
201 284.4 , Est Remaining: 205.1
202 285.7 , Est Remaining: 203.7
203 287.1 , Est Remaining: 202.2
204 288.4 , Est Remaining: 200.7
205 289.7 , Est Remaining: 199.2
206 291.0 , Est Remaining: 197.8
207 292.3 , Est Remaining: 196.3
208 293.7 , Est Remaining: 194.8
209 294.9 , Est Remaining: 193.3
210 296.2 , Est Remaining: 191.8
211 297.5 , Est Remaining: 190.4
212 298.9 , Est Remaining: 188.9
213 300.2 , Est Remaining: 187.5
214 301.6 , Est Remaining: 186.0
215 302.9 , Est Remaining: 184.6
216 304.2 , Est Remaining: 183.1
217 305.6 , Est Remaining: 181.7
218 306.9 , Est Remaining: 180.2
219 308.3 , Est Remaining: 178.8
220 309.7 , Est Remaining: 177.4
221 311.0 , Est Remaining: 175.9
222 312.4 , Est Remaining: 174.5
223 313.8 , Est Remaining: 173.1
224 315.2 , Est Remaining: 171.7
225 316.6 , Est Remaining: 170.3
226 318.0 , Est Remaining: 168.9
227 319.4 , Est Remaining: 167.5
228 320.8 , Est Remaining: 166.0
229 322.2 , Est Remaining: 164.6
230 323.6 , Est Remaining: 163.2
231 325.1 , Est Remaining: 161.8
232 326.5 , Est Remaining: 160.4
233 327.9 , Est Remaining: 159.0
234 329.3 , Est Remaining: 157.6
235 330.7 , Est Remaining: 156.2
236 332.1 , Est Remaining: 154.8
237 333.6 , Est Remaining: 153.4
238 335.0 , Est Remaining: 152.0
239 336.4 , Est Remaining: 150.6
240 337.8 , Est Remaining: 149.2
241 339.2 , Est Remaining: 147.8
242 340.6 , Est Remaining: 146.4
243 342.0 , Est Remaining: 145.0
244 343.5 , Est Remaining: 143.6
245 344.9 , Est Remaining: 142.2
246 346.3 , Est Remaining: 140.8
247 347.7 , Est Remaining: 139.4
248 349.2 , Est Remaining: 138.0
249 350.6 , Est Remaining: 136.6
250 352.1 , Est Remaining: 135.2
251 353.5 , Est Remaining: 133.8
EVENT FAILED
251 353.8 , Est Remaining: 133.9
252 355.2 , Est Remaining: 132.5
253 356.7 , Est Remaining: 131.1
254 358.1 , Est Remaining: 129.7
255 359.6 , Est Remaining: 128.3
256 361.0 , Est Remaining: 126.9
257 362.4 , Est Remaining: 125.5
258 363.9 , Est Remaining: 124.1
259 365.3 , Est Remaining: 122.7
260 366.7 , Est Remaining: 121.3
261 368.2 , Est Remaining: 119.9
262 369.6 , Est Remaining: 118.5
263 371.0 , Est Remaining: 117.1
EVENT FAILED
263 371.3 , Est Remaining: 117.2
264 372.8 , Est Remaining: 115.8
265 374.2 , Est Remaining: 114.4
266 375.6 , Est Remaining: 113.0
267 377.1 , Est Remaining: 111.6
268 378.5 , Est Remaining: 110.2
269 379.9 , Est Remaining: 108.7
270 381.3 , Est Remaining: 107.3
271 382.7 , Est Remaining: 105.9
272 384.2 , Est Remaining: 104.5
273 385.6 , Est Remaining: 103.1
274 387.0 , Est Remaining: 101.7
275 388.5 , Est Remaining: 100.3
276 389.9 , Est Remaining: 98.9
277 391.3 , Est Remaining: 97.5
278 392.8 , Est Remaining: 96.1
279 394.2 , Est Remaining: 94.7
280 395.6 , Est Remaining: 93.3
281 397.1 , Est Remaining: 91.8
282 398.5 , Est Remaining: 90.4
283 399.9 , Est Remaining: 89.0
284 401.3 , Est Remaining: 87.6
285 402.8 , Est Remaining: 86.2
EVENT FAILED
285 403.1 , Est Remaining: 86.3
286 404.5 , Est Remaining: 84.9
287 405.9 , Est Remaining: 83.4
288 407.3 , Est Remaining: 82.0
289 408.8 , Est Remaining: 80.6
290 410.2 , Est Remaining: 79.2
291 411.6 , Est Remaining: 77.8
292 413.0 , Est Remaining: 76.4
293 414.4 , Est Remaining: 75.0
294 415.8 , Est Remaining: 73.5
295 417.2 , Est Remaining: 72.1
296 418.7 , Est Remaining: 70.7
297 420.1 , Est Remaining: 69.3
298 421.5 , Est Remaining: 67.9
299 423.0 , Est Remaining: 66.5
300 424.4 , Est Remaining: 65.1
301 425.9 , Est Remaining: 63.7
302 427.5 , Est Remaining: 62.3
303 429.0 , Est Remaining: 60.9
304 430.4 , Est Remaining: 59.5
305 431.9 , Est Remaining: 58.1
306 433.3 , Est Remaining: 56.6
307 434.7 , Est Remaining: 55.2
308 436.1 , Est Remaining: 53.8
309 437.5 , Est Remaining: 52.4
310 439.0 , Est Remaining: 51.0
311 440.4 , Est Remaining: 49.6
312 441.8 , Est Remaining: 48.1
313 443.2 , Est Remaining: 46.7
314 444.6 , Est Remaining: 45.3
315 446.1 , Est Remaining: 43.9
316 447.5 , Est Remaining: 42.5
317 448.9 , Est Remaining: 41.1
318 450.3 , Est Remaining: 39.6
319 451.7 , Est Remaining: 38.2
320 453.2 , Est Remaining: 36.8
321 454.6 , Est Remaining: 35.4
322 456.0 , Est Remaining: 34.0
323 457.5 , Est Remaining: 32.6
324 458.9 , Est Remaining: 31.2
325 460.4 , Est Remaining: 29.7
326 461.8 , Est Remaining: 28.3
327 463.2 , Est Remaining: 26.9
328 464.7 , Est Remaining: 25.5
329 466.1 , Est Remaining: 24.1
330 467.5 , Est Remaining: 22.7
331 468.9 , Est Remaining: 21.3
332 470.4 , Est Remaining: 19.8
333 471.8 , Est Remaining: 18.4
334 473.2 , Est Remaining: 17.0
