Note: NumExpr detected 32 cores but "NUMEXPR_MAX_THREADS" not set, so enforcing safe limit of 8.
Using selector: EpollSelector
/n/home02/jhaefner/miniconda/envs/IC-3.7-2020-06-16/lib/python3.7/site-packages/scipy/optimize/minpack.py:808: OptimizeWarning: Covariance of the parameters could not be estimated
  category=OptimizeWarning)
Total rwfs: 346
0 0.0 , Est Remaining: 999999.9
1 1.4 , Est Remaining: 486.0
2 2.8 , Est Remaining: 482.4
3 4.2 , Est Remaining: 482.2
EVENT FAILED
3 4.6 , Est Remaining: 520.5
4 5.9 , Est Remaining: 507.7
5 7.3 , Est Remaining: 498.2
6 8.6 , Est Remaining: 485.6
7 9.9 , Est Remaining: 480.5
8 11.3 , Est Remaining: 477.4
9 12.7 , Est Remaining: 475.5
10 14.1 , Est Remaining: 473.2
11 15.5 , Est Remaining: 471.0
12 16.8 , Est Remaining: 468.9
13 18.2 , Est Remaining: 466.5
14 19.6 , Est Remaining: 464.3
15 20.9 , Est Remaining: 462.2
16 22.3 , Est Remaining: 460.0
17 23.7 , Est Remaining: 458.1
18 25.0 , Est Remaining: 456.0
19 26.4 , Est Remaining: 454.3
20 27.7 , Est Remaining: 452.3
21 29.1 , Est Remaining: 450.7
22 30.6 , Est Remaining: 451.0
23 32.0 , Est Remaining: 449.2
24 33.3 , Est Remaining: 447.3
25 34.7 , Est Remaining: 445.5
26 36.0 , Est Remaining: 443.6
27 37.4 , Est Remaining: 442.0
28 38.8 , Est Remaining: 440.2
29 40.1 , Est Remaining: 438.6
30 41.5 , Est Remaining: 437.1
31 42.9 , Est Remaining: 435.6
32 44.2 , Est Remaining: 434.1
33 45.6 , Est Remaining: 432.6
EVENT FAILED
33 45.9 , Est Remaining: 435.5
34 47.3 , Est Remaining: 433.9
35 48.6 , Est Remaining: 432.3
36 50.0 , Est Remaining: 430.8
37 51.4 , Est Remaining: 429.3
38 52.8 , Est Remaining: 427.9
39 54.2 , Est Remaining: 426.5
40 55.6 , Est Remaining: 425.0
41 56.9 , Est Remaining: 423.5
42 58.3 , Est Remaining: 422.1
43 59.7 , Est Remaining: 420.8
44 61.1 , Est Remaining: 419.5
45 62.5 , Est Remaining: 418.2
46 63.9 , Est Remaining: 416.7
47 65.3 , Est Remaining: 415.4
48 66.7 , Est Remaining: 414.1
49 68.1 , Est Remaining: 412.8
50 69.5 , Est Remaining: 411.5
51 70.9 , Est Remaining: 410.2
52 72.3 , Est Remaining: 408.8
53 73.7 , Est Remaining: 407.7
54 75.2 , Est Remaining: 406.4
55 76.6 , Est Remaining: 405.0
56 78.0 , Est Remaining: 403.8
57 79.4 , Est Remaining: 402.5
58 80.8 , Est Remaining: 401.2
59 82.2 , Est Remaining: 400.0
60 83.7 , Est Remaining: 398.9
61 85.1 , Est Remaining: 397.7
62 86.5 , Est Remaining: 396.4
63 88.0 , Est Remaining: 395.1
64 89.4 , Est Remaining: 393.8
65 90.8 , Est Remaining: 392.6
66 92.3 , Est Remaining: 391.4
67 93.7 , Est Remaining: 390.2
68 95.1 , Est Remaining: 388.9
69 96.5 , Est Remaining: 387.6
70 98.0 , Est Remaining: 386.3
71 99.4 , Est Remaining: 385.0
72 100.9 , Est Remaining: 383.8
73 102.3 , Est Remaining: 382.5
74 103.7 , Est Remaining: 381.3
75 105.2 , Est Remaining: 380.1
76 106.6 , Est Remaining: 378.9
77 108.1 , Est Remaining: 377.5
78 109.5 , Est Remaining: 376.2
79 110.9 , Est Remaining: 374.9
80 112.4 , Est Remaining: 373.6
81 113.8 , Est Remaining: 372.4
82 115.2 , Est Remaining: 371.0
83 116.7 , Est Remaining: 369.7
84 118.0 , Est Remaining: 368.2
85 119.5 , Est Remaining: 366.9
EVENT FAILED
85 119.8 , Est Remaining: 367.8
86 121.2 , Est Remaining: 366.4
87 122.6 , Est Remaining: 365.1
88 124.1 , Est Remaining: 363.8
89 125.5 , Est Remaining: 362.5
90 127.0 , Est Remaining: 361.2
91 128.5 , Est Remaining: 360.0
92 129.9 , Est Remaining: 358.6
93 131.3 , Est Remaining: 357.2
94 132.8 , Est Remaining: 356.0
95 134.2 , Est Remaining: 354.7
EVENT FAILED
95 134.6 , Est Remaining: 355.5
96 136.0 , Est Remaining: 354.2
97 137.5 , Est Remaining: 352.9
98 138.9 , Est Remaining: 351.6
99 140.4 , Est Remaining: 350.2
100 141.8 , Est Remaining: 348.8
101 143.2 , Est Remaining: 347.5
102 144.8 , Est Remaining: 346.4
103 146.3 , Est Remaining: 345.0
104 147.7 , Est Remaining: 343.7
105 149.2 , Est Remaining: 342.4
106 150.6 , Est Remaining: 341.1
107 152.1 , Est Remaining: 339.7
108 153.6 , Est Remaining: 338.4
109 155.0 , Est Remaining: 337.1
110 156.5 , Est Remaining: 335.7
111 158.0 , Est Remaining: 334.4
112 159.4 , Est Remaining: 333.1
113 160.9 , Est Remaining: 331.7
114 162.4 , Est Remaining: 330.4
115 163.8 , Est Remaining: 329.1
116 165.3 , Est Remaining: 327.8
117 166.8 , Est Remaining: 326.4
118 168.3 , Est Remaining: 325.1
119 169.7 , Est Remaining: 323.8
120 171.2 , Est Remaining: 322.4
121 172.7 , Est Remaining: 321.1
122 174.1 , Est Remaining: 319.7
123 175.6 , Est Remaining: 318.3
124 177.0 , Est Remaining: 316.9
125 178.5 , Est Remaining: 315.6
126 179.9 , Est Remaining: 314.2
127 181.4 , Est Remaining: 312.8
128 182.9 , Est Remaining: 311.5
129 184.3 , Est Remaining: 310.1
130 185.8 , Est Remaining: 308.7
131 187.2 , Est Remaining: 307.3
132 188.7 , Est Remaining: 305.9
133 190.1 , Est Remaining: 304.5
134 191.6 , Est Remaining: 303.1
135 193.0 , Est Remaining: 301.7
136 194.5 , Est Remaining: 300.4
137 195.9 , Est Remaining: 298.9
138 197.4 , Est Remaining: 297.5
139 198.8 , Est Remaining: 296.1
140 200.2 , Est Remaining: 294.6
141 201.7 , Est Remaining: 293.2
142 203.1 , Est Remaining: 291.8
143 204.5 , Est Remaining: 290.4
144 206.0 , Est Remaining: 288.9
145 207.4 , Est Remaining: 287.5
146 208.9 , Est Remaining: 286.1
147 210.3 , Est Remaining: 284.7
148 211.7 , Est Remaining: 283.3
149 213.2 , Est Remaining: 281.9
150 214.7 , Est Remaining: 280.5
151 216.1 , Est Remaining: 279.1
152 217.5 , Est Remaining: 277.7
153 219.0 , Est Remaining: 276.2
154 220.4 , Est Remaining: 274.8
155 221.9 , Est Remaining: 273.4
156 223.3 , Est Remaining: 272.0
157 224.8 , Est Remaining: 270.6
158 226.3 , Est Remaining: 269.2
159 227.7 , Est Remaining: 267.8
160 229.2 , Est Remaining: 266.4
161 230.6 , Est Remaining: 265.0
162 232.1 , Est Remaining: 263.6
163 233.5 , Est Remaining: 262.2
164 235.0 , Est Remaining: 260.8
165 236.5 , Est Remaining: 259.4
166 237.9 , Est Remaining: 258.0
167 239.3 , Est Remaining: 256.5
168 240.8 , Est Remaining: 255.1
169 242.2 , Est Remaining: 253.7
170 243.7 , Est Remaining: 252.3
171 245.1 , Est Remaining: 250.9
172 246.6 , Est Remaining: 249.5
173 248.1 , Est Remaining: 248.1
174 249.5 , Est Remaining: 246.7
175 251.0 , Est Remaining: 245.3
176 252.5 , Est Remaining: 243.9
177 254.0 , Est Remaining: 242.5
178 255.4 , Est Remaining: 241.1
179 256.9 , Est Remaining: 239.7
EVENT FAILED
179 257.2 , Est Remaining: 240.0
180 258.7 , Est Remaining: 238.6
181 260.2 , Est Remaining: 237.2
182 261.6 , Est Remaining: 235.7
183 263.1 , Est Remaining: 234.3
184 264.5 , Est Remaining: 232.9
185 266.0 , Est Remaining: 231.5
186 267.5 , Est Remaining: 230.1
187 268.9 , Est Remaining: 228.7
188 270.4 , Est Remaining: 227.3
189 271.9 , Est Remaining: 225.8
190 273.3 , Est Remaining: 224.4
191 274.8 , Est Remaining: 223.0
192 276.3 , Est Remaining: 221.6
EVENT FAILED
192 276.6 , Est Remaining: 221.8
193 278.0 , Est Remaining: 220.4
194 279.5 , Est Remaining: 219.0
195 280.9 , Est Remaining: 217.5
196 282.3 , Est Remaining: 216.1
EVENT FAILED
196 282.6 , Est Remaining: 216.3
197 284.1 , Est Remaining: 214.9
198 285.5 , Est Remaining: 213.4
199 287.0 , Est Remaining: 212.0
200 288.4 , Est Remaining: 210.6
201 289.9 , Est Remaining: 209.1
202 291.4 , Est Remaining: 207.8
203 292.9 , Est Remaining: 206.3
204 294.3 , Est Remaining: 204.9
205 295.8 , Est Remaining: 203.4
206 297.2 , Est Remaining: 202.0
207 298.7 , Est Remaining: 200.6
208 300.1 , Est Remaining: 199.1
209 301.6 , Est Remaining: 197.7
210 303.0 , Est Remaining: 196.3
211 304.5 , Est Remaining: 194.8
212 305.9 , Est Remaining: 193.4
213 307.4 , Est Remaining: 191.9
214 308.8 , Est Remaining: 190.5
215 310.3 , Est Remaining: 189.0
216 311.7 , Est Remaining: 187.6
217 313.1 , Est Remaining: 186.1
EVENT FAILED
217 313.4 , Est Remaining: 186.3
218 314.9 , Est Remaining: 184.9
219 316.4 , Est Remaining: 183.5
220 317.8 , Est Remaining: 182.0
221 319.3 , Est Remaining: 180.6
222 320.7 , Est Remaining: 179.1
223 322.2 , Est Remaining: 177.7
224 323.6 , Est Remaining: 176.3
225 325.1 , Est Remaining: 174.8
226 326.5 , Est Remaining: 173.4
227 327.9 , Est Remaining: 171.9
228 329.4 , Est Remaining: 170.5
229 330.8 , Est Remaining: 169.0
230 332.2 , Est Remaining: 167.6
231 333.6 , Est Remaining: 166.1
232 335.1 , Est Remaining: 164.7
EVENT FAILED
232 335.4 , Est Remaining: 164.8
233 336.8 , Est Remaining: 163.3
234 338.2 , Est Remaining: 161.9
235 339.7 , Est Remaining: 160.4
EVENT FAILED
235 340.0 , Est Remaining: 160.6
236 341.5 , Est Remaining: 159.2
237 342.9 , Est Remaining: 157.7
238 344.3 , Est Remaining: 156.3
239 345.8 , Est Remaining: 154.8
240 347.4 , Est Remaining: 153.4
241 348.8 , Est Remaining: 152.0
242 350.3 , Est Remaining: 150.5
243 351.7 , Est Remaining: 149.1
244 353.2 , Est Remaining: 147.6
245 354.6 , Est Remaining: 146.2
246 356.0 , Est Remaining: 144.7
247 357.5 , Est Remaining: 143.3
248 358.9 , Est Remaining: 141.8
249 360.3 , Est Remaining: 140.4
EVENT FAILED
249 360.6 , Est Remaining: 140.5
250 362.1 , Est Remaining: 139.0
251 363.5 , Est Remaining: 137.6
252 365.0 , Est Remaining: 136.1
253 366.4 , Est Remaining: 134.7
254 367.8 , Est Remaining: 133.2
255 369.3 , Est Remaining: 131.8
256 370.7 , Est Remaining: 130.3
257 372.1 , Est Remaining: 128.9
258 373.6 , Est Remaining: 127.4
259 375.0 , Est Remaining: 126.0
260 376.4 , Est Remaining: 124.5
261 377.8 , Est Remaining: 123.0
262 379.3 , Est Remaining: 121.6
263 380.7 , Est Remaining: 120.1
264 382.1 , Est Remaining: 118.7
265 383.6 , Est Remaining: 117.2
266 385.0 , Est Remaining: 115.8
267 386.5 , Est Remaining: 114.3
268 387.9 , Est Remaining: 112.9
269 389.4 , Est Remaining: 111.5
270 390.8 , Est Remaining: 110.0
EVENT FAILED
270 391.2 , Est Remaining: 110.1
271 392.6 , Est Remaining: 108.7
272 394.0 , Est Remaining: 107.2
273 395.5 , Est Remaining: 105.8
274 397.0 , Est Remaining: 104.3
275 398.4 , Est Remaining: 102.9
276 399.9 , Est Remaining: 101.4
277 401.3 , Est Remaining: 100.0
278 402.8 , Est Remaining: 98.5
279 404.3 , Est Remaining: 97.1
280 405.7 , Est Remaining: 95.6
281 407.2 , Est Remaining: 94.2
282 408.7 , Est Remaining: 92.7
283 410.1 , Est Remaining: 91.3
EVENT FAILED
283 410.4 , Est Remaining: 91.4
284 411.9 , Est Remaining: 89.9
285 413.4 , Est Remaining: 88.5
286 414.9 , Est Remaining: 87.0
287 416.3 , Est Remaining: 85.6
288 417.8 , Est Remaining: 84.1
289 419.3 , Est Remaining: 82.7
290 420.7 , Est Remaining: 81.2
291 422.2 , Est Remaining: 79.8
292 423.7 , Est Remaining: 78.4
293 425.1 , Est Remaining: 76.9
294 426.6 , Est Remaining: 75.5
295 428.0 , Est Remaining: 74.0
296 429.5 , Est Remaining: 72.5
297 430.9 , Est Remaining: 71.1
298 432.3 , Est Remaining: 69.6
299 433.8 , Est Remaining: 68.2
300 435.2 , Est Remaining: 66.7
301 436.8 , Est Remaining: 65.3
302 438.2 , Est Remaining: 63.8
303 439.6 , Est Remaining: 62.4
304 441.0 , Est Remaining: 60.9
305 442.5 , Est Remaining: 59.5
306 443.9 , Est Remaining: 58.0
307 445.3 , Est Remaining: 56.6
308 446.7 , Est Remaining: 55.1
309 448.1 , Est Remaining: 53.7
310 449.5 , Est Remaining: 52.2
311 450.9 , Est Remaining: 50.7
312 452.4 , Est Remaining: 49.3
313 453.8 , Est Remaining: 47.8
314 455.2 , Est Remaining: 46.4
315 456.6 , Est Remaining: 44.9
316 458.0 , Est Remaining: 43.5
317 459.4 , Est Remaining: 42.0
318 460.8 , Est Remaining: 40.6
319 462.2 , Est Remaining: 39.1
320 463.6 , Est Remaining: 37.7
EVENT FAILED
320 463.9 , Est Remaining: 37.7
321 465.3 , Est Remaining: 36.2
322 466.7 , Est Remaining: 34.8
EVENT FAILED
322 467.0 , Est Remaining: 34.8
323 468.4 , Est Remaining: 33.4
324 469.8 , Est Remaining: 31.9
325 471.2 , Est Remaining: 30.4
326 472.6 , Est Remaining: 29.0
327 474.0 , Est Remaining: 27.5
328 475.4 , Est Remaining: 26.1
329 476.8 , Est Remaining: 24.6
330 478.2 , Est Remaining: 23.2
