Note: NumExpr detected 32 cores but "NUMEXPR_MAX_THREADS" not set, so enforcing safe limit of 8.
Using selector: EpollSelector
/n/home02/jhaefner/miniconda/envs/IC-3.7-2020-06-16/lib/python3.7/site-packages/scipy/optimize/minpack.py:808: OptimizeWarning: Covariance of the parameters could not be estimated
  category=OptimizeWarning)
Total rwfs: 346
0 0.0 , Est Remaining: 999999.9
1 1.3 , Est Remaining: 460.3
2 2.6 , Est Remaining: 455.5
3 4.0 , Est Remaining: 453.8
4 5.3 , Est Remaining: 449.9
5 6.6 , Est Remaining: 447.9
6 7.9 , Est Remaining: 446.3
7 9.2 , Est Remaining: 443.8
8 10.5 , Est Remaining: 441.7
9 11.7 , Est Remaining: 439.9
10 13.1 , Est Remaining: 438.7
11 14.4 , Est Remaining: 437.0
12 15.6 , Est Remaining: 435.4
13 16.9 , Est Remaining: 434.0
14 18.2 , Est Remaining: 432.2
15 19.5 , Est Remaining: 430.7
EVENT FAILED
15 19.8 , Est Remaining: 437.4
16 21.1 , Est Remaining: 435.4
17 22.4 , Est Remaining: 433.3
18 23.7 , Est Remaining: 431.3
19 24.9 , Est Remaining: 429.2
20 26.2 , Est Remaining: 427.2
21 27.5 , Est Remaining: 425.2
22 28.8 , Est Remaining: 423.5
23 30.0 , Est Remaining: 421.6
24 31.3 , Est Remaining: 420.2
25 32.6 , Est Remaining: 419.0
26 33.9 , Est Remaining: 417.6
27 35.1 , Est Remaining: 414.8
28 36.4 , Est Remaining: 413.5
29 37.7 , Est Remaining: 412.0
30 39.0 , Est Remaining: 410.7
31 40.3 , Est Remaining: 409.2
32 41.6 , Est Remaining: 407.9
33 42.9 , Est Remaining: 406.8
34 44.2 , Est Remaining: 405.5
35 45.5 , Est Remaining: 404.2
36 46.8 , Est Remaining: 403.0
37 48.1 , Est Remaining: 401.8
38 49.4 , Est Remaining: 400.5
39 50.7 , Est Remaining: 399.2
40 52.0 , Est Remaining: 397.9
41 53.3 , Est Remaining: 396.8
42 54.7 , Est Remaining: 395.7
43 56.0 , Est Remaining: 394.6
44 57.3 , Est Remaining: 393.4
45 58.7 , Est Remaining: 392.4
EVENT FAILED
45 59.0 , Est Remaining: 394.5
46 60.3 , Est Remaining: 393.2
EVENT FAILED
46 60.6 , Est Remaining: 395.1
47 61.9 , Est Remaining: 393.9
48 63.2 , Est Remaining: 392.6
49 64.6 , Est Remaining: 391.3
50 65.9 , Est Remaining: 389.9
51 67.2 , Est Remaining: 388.6
52 68.5 , Est Remaining: 387.3
EVENT FAILED
52 68.8 , Est Remaining: 388.9
53 70.1 , Est Remaining: 387.6
54 71.4 , Est Remaining: 386.3
55 72.8 , Est Remaining: 385.1
56 74.1 , Est Remaining: 383.9
57 75.5 , Est Remaining: 382.6
58 76.8 , Est Remaining: 381.3
59 78.1 , Est Remaining: 379.9
60 79.4 , Est Remaining: 378.6
61 80.8 , Est Remaining: 377.3
62 82.1 , Est Remaining: 375.9
63 83.4 , Est Remaining: 374.7
64 84.7 , Est Remaining: 373.4
65 86.1 , Est Remaining: 372.0
66 87.4 , Est Remaining: 370.7
67 88.7 , Est Remaining: 369.3
68 90.0 , Est Remaining: 368.1
69 91.4 , Est Remaining: 366.7
70 92.7 , Est Remaining: 365.4
71 94.0 , Est Remaining: 364.0
72 95.3 , Est Remaining: 362.7
73 96.6 , Est Remaining: 361.4
74 98.0 , Est Remaining: 360.0
75 99.3 , Est Remaining: 358.7
76 100.6 , Est Remaining: 357.3
77 101.9 , Est Remaining: 356.0
78 103.2 , Est Remaining: 354.6
79 104.6 , Est Remaining: 353.4
80 105.9 , Est Remaining: 352.0
81 107.2 , Est Remaining: 350.7
82 108.5 , Est Remaining: 349.5
83 109.9 , Est Remaining: 348.2
84 111.2 , Est Remaining: 346.9
85 112.5 , Est Remaining: 345.5
86 113.8 , Est Remaining: 344.2
87 115.2 , Est Remaining: 342.9
88 116.5 , Est Remaining: 341.5
89 117.8 , Est Remaining: 340.2
90 119.1 , Est Remaining: 338.9
91 120.5 , Est Remaining: 337.6
92 121.8 , Est Remaining: 336.3
93 123.1 , Est Remaining: 335.0
94 124.5 , Est Remaining: 333.7
95 125.8 , Est Remaining: 332.4
96 127.2 , Est Remaining: 331.1
97 128.5 , Est Remaining: 329.8
98 129.8 , Est Remaining: 328.5
99 131.1 , Est Remaining: 327.2
100 132.5 , Est Remaining: 325.9
101 133.8 , Est Remaining: 324.6
102 135.1 , Est Remaining: 323.3
103 136.5 , Est Remaining: 322.1
104 137.9 , Est Remaining: 320.8
EVENT FAILED
104 138.2 , Est Remaining: 321.5
105 139.5 , Est Remaining: 320.2
106 140.8 , Est Remaining: 318.8
107 142.1 , Est Remaining: 317.5
108 143.5 , Est Remaining: 316.1
EVENT FAILED
108 143.7 , Est Remaining: 316.8
109 145.1 , Est Remaining: 315.4
110 146.4 , Est Remaining: 314.1
EVENT FAILED
110 146.7 , Est Remaining: 314.7
111 148.0 , Est Remaining: 313.4
112 149.4 , Est Remaining: 312.0
113 150.7 , Est Remaining: 310.7
114 152.0 , Est Remaining: 309.4
115 153.3 , Est Remaining: 308.0
116 154.7 , Est Remaining: 306.7
117 156.0 , Est Remaining: 305.3
118 157.3 , Est Remaining: 304.0
119 158.6 , Est Remaining: 302.6
120 160.0 , Est Remaining: 301.3
121 161.3 , Est Remaining: 299.9
EVENT FAILED
121 161.6 , Est Remaining: 300.4
122 162.9 , Est Remaining: 299.1
123 164.2 , Est Remaining: 297.8
124 165.6 , Est Remaining: 296.4
125 166.9 , Est Remaining: 295.1
126 168.2 , Est Remaining: 293.7
127 169.5 , Est Remaining: 292.3
128 170.9 , Est Remaining: 291.0
129 172.2 , Est Remaining: 289.7
130 173.5 , Est Remaining: 288.3
131 174.8 , Est Remaining: 286.9
132 176.2 , Est Remaining: 285.6
133 177.5 , Est Remaining: 284.2
134 178.8 , Est Remaining: 282.9
135 180.1 , Est Remaining: 281.5
136 181.4 , Est Remaining: 280.2
137 182.8 , Est Remaining: 278.8
138 184.1 , Est Remaining: 277.5
139 185.4 , Est Remaining: 276.1
140 186.7 , Est Remaining: 274.8
141 188.1 , Est Remaining: 273.4
EVENT FAILED
141 188.4 , Est Remaining: 273.9
142 189.7 , Est Remaining: 272.5
143 191.0 , Est Remaining: 271.2
144 192.4 , Est Remaining: 269.8
145 193.7 , Est Remaining: 268.5
146 195.0 , Est Remaining: 267.2
147 196.4 , Est Remaining: 265.8
148 197.7 , Est Remaining: 264.5
149 199.0 , Est Remaining: 263.2
150 200.4 , Est Remaining: 261.8
151 201.7 , Est Remaining: 260.5
152 203.0 , Est Remaining: 259.1
153 204.4 , Est Remaining: 257.8
154 205.7 , Est Remaining: 256.5
155 207.0 , Est Remaining: 255.1
156 208.4 , Est Remaining: 253.8
157 209.7 , Est Remaining: 252.4
158 211.0 , Est Remaining: 251.1
159 212.4 , Est Remaining: 249.8
160 213.7 , Est Remaining: 248.4
161 215.0 , Est Remaining: 247.1
162 216.3 , Est Remaining: 245.7
163 217.7 , Est Remaining: 244.4
164 219.0 , Est Remaining: 243.0
165 220.3 , Est Remaining: 241.7
166 221.7 , Est Remaining: 240.4
167 223.0 , Est Remaining: 239.0
168 224.3 , Est Remaining: 237.7
169 225.7 , Est Remaining: 236.4
170 227.0 , Est Remaining: 235.0
171 228.3 , Est Remaining: 233.7
172 229.6 , Est Remaining: 232.3
173 231.0 , Est Remaining: 231.0
174 232.3 , Est Remaining: 229.6
175 233.6 , Est Remaining: 228.3
176 235.0 , Est Remaining: 226.9
177 236.3 , Est Remaining: 225.6
178 237.6 , Est Remaining: 224.3
179 239.0 , Est Remaining: 222.9
180 240.3 , Est Remaining: 221.6
181 241.6 , Est Remaining: 220.3
182 243.0 , Est Remaining: 218.9
183 244.3 , Est Remaining: 217.6
184 245.6 , Est Remaining: 216.2
185 246.9 , Est Remaining: 214.9
186 248.2 , Est Remaining: 213.5
187 249.6 , Est Remaining: 212.2
188 250.9 , Est Remaining: 210.9
189 252.2 , Est Remaining: 209.5
190 253.5 , Est Remaining: 208.2
191 254.9 , Est Remaining: 206.8
192 256.2 , Est Remaining: 205.5
193 257.5 , Est Remaining: 204.1
194 258.8 , Est Remaining: 202.8
195 260.1 , Est Remaining: 201.4
196 261.5 , Est Remaining: 200.1
197 262.8 , Est Remaining: 198.8
198 264.2 , Est Remaining: 197.5
199 265.5 , Est Remaining: 196.1
200 266.8 , Est Remaining: 194.8
201 268.2 , Est Remaining: 193.5
202 269.5 , Est Remaining: 192.1
203 271.0 , Est Remaining: 190.9
204 272.3 , Est Remaining: 189.5
205 273.6 , Est Remaining: 188.2
206 275.0 , Est Remaining: 186.9
207 276.3 , Est Remaining: 185.5
208 277.6 , Est Remaining: 184.2
209 279.0 , Est Remaining: 182.9
210 280.3 , Est Remaining: 181.5
211 281.6 , Est Remaining: 180.2
212 282.9 , Est Remaining: 178.8
213 284.3 , Est Remaining: 177.5
214 285.6 , Est Remaining: 176.2
215 286.9 , Est Remaining: 174.8
216 288.3 , Est Remaining: 173.5
217 289.6 , Est Remaining: 172.1
EVENT FAILED
217 289.9 , Est Remaining: 172.3
218 291.2 , Est Remaining: 171.0
219 292.5 , Est Remaining: 169.6
220 293.9 , Est Remaining: 168.3
221 295.2 , Est Remaining: 167.0
222 296.5 , Est Remaining: 165.6
EVENT FAILED
222 296.8 , Est Remaining: 165.8
223 298.1 , Est Remaining: 164.4
224 299.5 , Est Remaining: 163.1
225 300.8 , Est Remaining: 161.8
226 302.1 , Est Remaining: 160.4
227 303.4 , Est Remaining: 159.1
228 304.8 , Est Remaining: 157.7
229 306.1 , Est Remaining: 156.4
230 307.4 , Est Remaining: 155.0
231 308.8 , Est Remaining: 153.7
232 310.1 , Est Remaining: 152.4
233 311.4 , Est Remaining: 151.0
234 312.7 , Est Remaining: 149.7
235 314.1 , Est Remaining: 148.4
236 315.4 , Est Remaining: 147.0
237 316.7 , Est Remaining: 145.7
238 318.1 , Est Remaining: 144.3
239 319.4 , Est Remaining: 143.0
240 320.7 , Est Remaining: 141.6
241 322.0 , Est Remaining: 140.3
242 323.3 , Est Remaining: 139.0
243 324.7 , Est Remaining: 137.6
244 326.0 , Est Remaining: 136.3
245 327.3 , Est Remaining: 134.9
246 328.7 , Est Remaining: 133.6
247 330.0 , Est Remaining: 132.3
248 331.3 , Est Remaining: 130.9
249 332.7 , Est Remaining: 129.6
250 334.0 , Est Remaining: 128.3
251 335.3 , Est Remaining: 126.9
252 336.6 , Est Remaining: 125.6
253 338.0 , Est Remaining: 124.2
254 339.3 , Est Remaining: 122.9
255 340.6 , Est Remaining: 121.6
256 341.9 , Est Remaining: 120.2
257 343.3 , Est Remaining: 118.9
258 344.6 , Est Remaining: 117.5
259 345.8 , Est Remaining: 116.2
260 347.1 , Est Remaining: 114.8
261 348.5 , Est Remaining: 113.5
262 349.8 , Est Remaining: 112.1
263 351.1 , Est Remaining: 110.8
264 352.4 , Est Remaining: 109.5
265 353.8 , Est Remaining: 108.1
266 355.1 , Est Remaining: 106.8
267 356.5 , Est Remaining: 105.5
268 357.8 , Est Remaining: 104.1
269 359.1 , Est Remaining: 102.8
270 360.5 , Est Remaining: 101.5
271 361.8 , Est Remaining: 100.1
272 363.1 , Est Remaining: 98.8
273 364.5 , Est Remaining: 97.5
274 365.8 , Est Remaining: 96.1
275 367.1 , Est Remaining: 94.8
276 368.4 , Est Remaining: 93.4
277 369.8 , Est Remaining: 92.1
278 371.1 , Est Remaining: 90.8
279 372.4 , Est Remaining: 89.4
280 373.8 , Est Remaining: 88.1
281 375.1 , Est Remaining: 86.8
282 376.4 , Est Remaining: 85.4
283 377.7 , Est Remaining: 84.1
284 379.1 , Est Remaining: 82.8
285 380.4 , Est Remaining: 81.4
286 381.7 , Est Remaining: 80.1
287 383.1 , Est Remaining: 78.7
288 384.4 , Est Remaining: 77.4
289 385.7 , Est Remaining: 76.1
290 387.1 , Est Remaining: 74.7
291 388.4 , Est Remaining: 73.4
292 389.7 , Est Remaining: 72.1
293 391.0 , Est Remaining: 70.7
294 392.4 , Est Remaining: 69.4
295 393.7 , Est Remaining: 68.1
296 395.0 , Est Remaining: 66.7
297 396.3 , Est Remaining: 65.4
298 397.7 , Est Remaining: 64.1
299 399.0 , Est Remaining: 62.7
300 400.3 , Est Remaining: 61.4
301 401.6 , Est Remaining: 60.0
302 403.1 , Est Remaining: 58.7
303 404.4 , Est Remaining: 57.4
304 405.8 , Est Remaining: 56.1
305 407.1 , Est Remaining: 54.7
306 408.4 , Est Remaining: 53.4
307 409.7 , Est Remaining: 52.1
308 411.1 , Est Remaining: 50.7
309 412.4 , Est Remaining: 49.4
310 413.7 , Est Remaining: 48.0
311 415.1 , Est Remaining: 46.7
312 416.4 , Est Remaining: 45.4
313 417.7 , Est Remaining: 44.0
314 419.1 , Est Remaining: 42.7
315 420.4 , Est Remaining: 41.4
316 421.7 , Est Remaining: 40.0
317 423.0 , Est Remaining: 38.7
318 424.4 , Est Remaining: 37.4
319 425.7 , Est Remaining: 36.0
320 427.0 , Est Remaining: 34.7
321 428.3 , Est Remaining: 33.4
322 429.6 , Est Remaining: 32.0
323 430.9 , Est Remaining: 30.7
324 432.3 , Est Remaining: 29.4
325 433.6 , Est Remaining: 28.0
326 434.9 , Est Remaining: 26.7
327 436.3 , Est Remaining: 25.3
328 437.6 , Est Remaining: 24.0
329 438.9 , Est Remaining: 22.7
330 440.2 , Est Remaining: 21.3
EVENT FAILED
330 440.5 , Est Remaining: 21.4
331 441.8 , Est Remaining: 20.0
332 443.2 , Est Remaining: 18.7
333 444.5 , Est Remaining: 17.4
