Note: NumExpr detected 32 cores but "NUMEXPR_MAX_THREADS" not set, so enforcing safe limit of 8.
Using selector: EpollSelector
/n/home02/jhaefner/miniconda/envs/IC-3.7-2020-06-16/lib/python3.7/site-packages/scipy/optimize/minpack.py:808: OptimizeWarning: Covariance of the parameters could not be estimated
  category=OptimizeWarning)
Total rwfs: 346
0 0.0 , Est Remaining: 999999.9
1 1.4 , Est Remaining: 473.8
2 2.7 , Est Remaining: 469.9
3 4.1 , Est Remaining: 471.3
4 5.5 , Est Remaining: 467.4
5 6.8 , Est Remaining: 465.3
6 8.2 , Est Remaining: 463.3
7 9.5 , Est Remaining: 460.9
8 10.9 , Est Remaining: 459.2
9 12.2 , Est Remaining: 457.0
10 13.5 , Est Remaining: 455.1
11 14.9 , Est Remaining: 453.2
12 16.2 , Est Remaining: 452.2
13 17.6 , Est Remaining: 450.4
14 18.9 , Est Remaining: 448.7
15 20.2 , Est Remaining: 446.8
16 21.6 , Est Remaining: 444.9
17 22.9 , Est Remaining: 443.3
18 24.2 , Est Remaining: 441.6
19 25.6 , Est Remaining: 440.1
20 26.9 , Est Remaining: 438.5
21 28.2 , Est Remaining: 436.9
22 29.6 , Est Remaining: 435.5
23 30.9 , Est Remaining: 434.1
24 32.3 , Est Remaining: 432.9
25 33.6 , Est Remaining: 431.8
26 35.0 , Est Remaining: 430.5
27 36.3 , Est Remaining: 429.2
28 37.7 , Est Remaining: 427.9
29 39.0 , Est Remaining: 426.7
30 40.4 , Est Remaining: 425.4
31 41.7 , Est Remaining: 424.1
32 43.1 , Est Remaining: 422.8
33 44.5 , Est Remaining: 421.6
34 45.8 , Est Remaining: 420.3
35 47.2 , Est Remaining: 419.1
36 48.5 , Est Remaining: 417.9
37 49.9 , Est Remaining: 416.7
38 51.3 , Est Remaining: 415.5
39 52.6 , Est Remaining: 414.2
40 54.0 , Est Remaining: 413.0
41 55.4 , Est Remaining: 411.8
42 56.7 , Est Remaining: 410.6
43 58.1 , Est Remaining: 409.4
44 59.5 , Est Remaining: 408.3
45 60.8 , Est Remaining: 407.0
46 62.2 , Est Remaining: 405.7
47 63.6 , Est Remaining: 404.3
48 64.9 , Est Remaining: 402.9
49 66.3 , Est Remaining: 401.6
50 67.6 , Est Remaining: 400.2
51 68.9 , Est Remaining: 398.8
52 70.3 , Est Remaining: 397.4
53 71.6 , Est Remaining: 396.0
54 73.0 , Est Remaining: 394.6
55 74.3 , Est Remaining: 393.3
56 75.7 , Est Remaining: 391.9
57 77.0 , Est Remaining: 390.5
58 78.4 , Est Remaining: 389.1
59 79.7 , Est Remaining: 387.7
60 81.1 , Est Remaining: 386.4
61 82.4 , Est Remaining: 385.0
62 83.8 , Est Remaining: 383.7
63 85.1 , Est Remaining: 382.3
64 86.5 , Est Remaining: 380.9
65 87.8 , Est Remaining: 379.6
66 89.1 , Est Remaining: 378.2
67 90.5 , Est Remaining: 376.8
68 91.8 , Est Remaining: 375.5
69 93.2 , Est Remaining: 374.1
70 94.6 , Est Remaining: 372.8
71 95.9 , Est Remaining: 371.4
72 97.2 , Est Remaining: 370.1
73 98.6 , Est Remaining: 368.7
EVENT FAILED
73 98.9 , Est Remaining: 369.8
74 100.2 , Est Remaining: 368.4
75 101.6 , Est Remaining: 367.0
76 102.9 , Est Remaining: 365.7
77 104.3 , Est Remaining: 364.4
78 105.7 , Est Remaining: 363.0
79 107.0 , Est Remaining: 361.7
80 108.3 , Est Remaining: 360.3
81 109.7 , Est Remaining: 358.9
82 111.0 , Est Remaining: 357.5
83 112.4 , Est Remaining: 356.1
84 113.7 , Est Remaining: 354.7
85 115.1 , Est Remaining: 353.3
86 116.4 , Est Remaining: 351.9
87 117.7 , Est Remaining: 350.5
88 119.1 , Est Remaining: 349.1
89 120.4 , Est Remaining: 347.7
90 121.7 , Est Remaining: 346.2
91 123.1 , Est Remaining: 344.8
92 124.4 , Est Remaining: 343.4
93 125.7 , Est Remaining: 342.0
94 127.0 , Est Remaining: 340.6
95 128.4 , Est Remaining: 339.2
96 129.7 , Est Remaining: 337.7
97 131.0 , Est Remaining: 336.3
98 132.4 , Est Remaining: 334.9
99 133.7 , Est Remaining: 333.6
100 135.0 , Est Remaining: 332.2
101 136.4 , Est Remaining: 330.8
102 137.7 , Est Remaining: 329.4
103 139.1 , Est Remaining: 328.2
104 140.4 , Est Remaining: 326.8
105 141.8 , Est Remaining: 325.4
106 143.1 , Est Remaining: 324.0
107 144.4 , Est Remaining: 322.6
108 145.8 , Est Remaining: 321.2
109 147.1 , Est Remaining: 319.9
110 148.4 , Est Remaining: 318.5
111 149.8 , Est Remaining: 317.1
112 151.1 , Est Remaining: 315.8
113 152.5 , Est Remaining: 314.4
114 153.8 , Est Remaining: 313.1
115 155.2 , Est Remaining: 311.7
116 156.5 , Est Remaining: 310.3
117 157.9 , Est Remaining: 309.0
118 159.2 , Est Remaining: 307.6
119 160.6 , Est Remaining: 306.3
120 161.9 , Est Remaining: 305.0
121 163.3 , Est Remaining: 303.6
122 164.6 , Est Remaining: 302.3
123 166.0 , Est Remaining: 300.9
124 167.3 , Est Remaining: 299.5
125 168.6 , Est Remaining: 298.2
126 170.0 , Est Remaining: 296.8
127 171.3 , Est Remaining: 295.5
128 172.7 , Est Remaining: 294.1
129 174.0 , Est Remaining: 292.8
130 175.4 , Est Remaining: 291.4
131 176.7 , Est Remaining: 290.1
132 178.1 , Est Remaining: 288.7
133 179.4 , Est Remaining: 287.3
134 180.8 , Est Remaining: 286.0
135 182.1 , Est Remaining: 284.6
136 183.4 , Est Remaining: 283.2
137 184.8 , Est Remaining: 281.9
138 186.1 , Est Remaining: 280.5
139 187.5 , Est Remaining: 279.2
140 188.8 , Est Remaining: 277.8
141 190.1 , Est Remaining: 276.4
142 191.5 , Est Remaining: 275.1
143 192.8 , Est Remaining: 273.7
144 194.2 , Est Remaining: 272.4
145 195.5 , Est Remaining: 271.1
146 196.9 , Est Remaining: 269.7
147 198.2 , Est Remaining: 268.4
148 199.6 , Est Remaining: 267.0
149 200.9 , Est Remaining: 265.7
150 202.3 , Est Remaining: 264.3
151 203.6 , Est Remaining: 263.0
152 205.0 , Est Remaining: 261.6
153 206.3 , Est Remaining: 260.3
154 207.7 , Est Remaining: 258.9
155 209.0 , Est Remaining: 257.6
156 210.4 , Est Remaining: 256.2
157 211.7 , Est Remaining: 254.9
158 213.1 , Est Remaining: 253.5
159 214.4 , Est Remaining: 252.2
160 215.8 , Est Remaining: 250.8
161 217.1 , Est Remaining: 249.5
EVENT FAILED
161 218.0 , Est Remaining: 250.5
162 219.3 , Est Remaining: 249.1
163 220.7 , Est Remaining: 247.8
EVENT FAILED
163 221.0 , Est Remaining: 248.1
164 222.3 , Est Remaining: 246.7
165 223.7 , Est Remaining: 245.4
EVENT FAILED
165 224.0 , Est Remaining: 245.7
EVENT FAILED
165 224.3 , Est Remaining: 246.0
166 225.6 , Est Remaining: 244.6
167 226.9 , Est Remaining: 243.2
168 228.3 , Est Remaining: 241.9
169 229.6 , Est Remaining: 240.5
170 231.0 , Est Remaining: 239.1
171 232.3 , Est Remaining: 237.7
172 233.7 , Est Remaining: 236.4
173 235.0 , Est Remaining: 235.0
174 236.4 , Est Remaining: 233.6
175 237.7 , Est Remaining: 232.3
176 239.0 , Est Remaining: 230.9
177 240.4 , Est Remaining: 229.5
178 241.7 , Est Remaining: 228.1
179 243.0 , Est Remaining: 226.8
180 244.4 , Est Remaining: 225.4
181 245.7 , Est Remaining: 224.0
182 247.1 , Est Remaining: 222.6
183 248.4 , Est Remaining: 221.3
184 249.7 , Est Remaining: 219.9
185 251.1 , Est Remaining: 218.5
186 252.4 , Est Remaining: 217.1
187 253.8 , Est Remaining: 215.8
188 255.1 , Est Remaining: 214.4
189 256.5 , Est Remaining: 213.0
190 257.8 , Est Remaining: 211.7
191 259.1 , Est Remaining: 210.3
192 260.4 , Est Remaining: 208.9
193 261.8 , Est Remaining: 207.5
194 263.1 , Est Remaining: 206.2
195 264.5 , Est Remaining: 204.8
196 265.8 , Est Remaining: 203.4
197 267.2 , Est Remaining: 202.1
198 268.5 , Est Remaining: 200.7
199 269.9 , Est Remaining: 199.3
200 271.2 , Est Remaining: 198.0
201 272.6 , Est Remaining: 196.6
202 274.0 , Est Remaining: 195.4
203 275.4 , Est Remaining: 194.0
204 276.8 , Est Remaining: 192.6
205 278.1 , Est Remaining: 191.3
206 279.5 , Est Remaining: 189.9
207 280.8 , Est Remaining: 188.6
208 282.2 , Est Remaining: 187.2
209 283.6 , Est Remaining: 185.9
EVENT FAILED
209 283.9 , Est Remaining: 186.1
210 285.2 , Est Remaining: 184.7
211 286.6 , Est Remaining: 183.4
212 287.9 , Est Remaining: 182.0
EVENT FAILED
212 288.2 , Est Remaining: 182.2
213 289.6 , Est Remaining: 180.8
214 290.9 , Est Remaining: 179.5
215 292.3 , Est Remaining: 178.1
EVENT FAILED
215 292.6 , Est Remaining: 178.3
216 294.0 , Est Remaining: 176.9
217 295.4 , Est Remaining: 175.6
218 296.7 , Est Remaining: 174.2
219 298.0 , Est Remaining: 172.8
220 299.4 , Est Remaining: 171.5
221 300.7 , Est Remaining: 170.1
222 302.1 , Est Remaining: 168.7
223 303.4 , Est Remaining: 167.4
224 304.8 , Est Remaining: 166.0
225 306.1 , Est Remaining: 164.6
226 307.5 , Est Remaining: 163.3
227 308.8 , Est Remaining: 161.9
EVENT FAILED
227 309.1 , Est Remaining: 162.0
228 310.5 , Est Remaining: 160.7
229 311.8 , Est Remaining: 159.3
230 313.2 , Est Remaining: 157.9
231 314.5 , Est Remaining: 156.6
232 315.9 , Est Remaining: 155.2
233 317.2 , Est Remaining: 153.8
234 318.6 , Est Remaining: 152.5
235 319.9 , Est Remaining: 151.1
236 321.3 , Est Remaining: 149.7
237 322.6 , Est Remaining: 148.4
238 324.0 , Est Remaining: 147.0
239 325.3 , Est Remaining: 145.6
240 326.6 , Est Remaining: 144.3
241 328.0 , Est Remaining: 142.9
EVENT FAILED
241 328.3 , Est Remaining: 143.0
242 329.6 , Est Remaining: 141.7
243 331.0 , Est Remaining: 140.3
244 332.3 , Est Remaining: 138.9
EVENT FAILED
244 332.6 , Est Remaining: 139.0
245 334.0 , Est Remaining: 137.7
246 335.3 , Est Remaining: 136.3
247 336.7 , Est Remaining: 134.9
248 338.0 , Est Remaining: 133.6
249 339.3 , Est Remaining: 132.2
250 340.7 , Est Remaining: 130.8
251 342.0 , Est Remaining: 129.4
252 343.3 , Est Remaining: 128.1
253 344.7 , Est Remaining: 126.7
254 346.0 , Est Remaining: 125.3
255 347.4 , Est Remaining: 124.0
256 348.7 , Est Remaining: 122.6
257 350.0 , Est Remaining: 121.2
258 351.4 , Est Remaining: 119.8
259 352.7 , Est Remaining: 118.5
260 354.1 , Est Remaining: 117.1
261 355.4 , Est Remaining: 115.7
262 356.8 , Est Remaining: 114.4
263 358.1 , Est Remaining: 113.0
264 359.4 , Est Remaining: 111.6
265 360.8 , Est Remaining: 110.3
EVENT FAILED
265 361.1 , Est Remaining: 110.4
266 362.4 , Est Remaining: 109.0
267 363.8 , Est Remaining: 107.6
268 365.1 , Est Remaining: 106.3
269 366.4 , Est Remaining: 104.9
270 367.8 , Est Remaining: 103.5
271 369.1 , Est Remaining: 102.2
272 370.4 , Est Remaining: 100.8
273 371.8 , Est Remaining: 99.4
274 373.1 , Est Remaining: 98.1
275 374.5 , Est Remaining: 96.7
276 375.8 , Est Remaining: 95.3
277 377.2 , Est Remaining: 94.0
278 378.5 , Est Remaining: 92.6
279 379.9 , Est Remaining: 91.2
280 381.2 , Est Remaining: 89.8
281 382.5 , Est Remaining: 88.5
282 383.8 , Est Remaining: 87.1
283 385.2 , Est Remaining: 85.7
284 386.5 , Est Remaining: 84.4
285 387.8 , Est Remaining: 83.0
286 389.2 , Est Remaining: 81.6
287 390.5 , Est Remaining: 80.3
288 391.8 , Est Remaining: 78.9
EVENT FAILED
288 392.1 , Est Remaining: 79.0
289 393.5 , Est Remaining: 77.6
290 394.8 , Est Remaining: 76.2
291 396.1 , Est Remaining: 74.9
292 397.5 , Est Remaining: 73.5
293 398.8 , Est Remaining: 72.1
294 400.2 , Est Remaining: 70.8
295 401.5 , Est Remaining: 69.4
296 402.8 , Est Remaining: 68.0
297 404.2 , Est Remaining: 66.7
298 405.5 , Est Remaining: 65.3
299 406.8 , Est Remaining: 63.9
300 408.2 , Est Remaining: 62.6
301 409.5 , Est Remaining: 61.2
302 410.9 , Est Remaining: 59.9
303 412.3 , Est Remaining: 58.5
304 413.6 , Est Remaining: 57.1
305 414.9 , Est Remaining: 55.8
306 416.3 , Est Remaining: 54.4
307 417.6 , Est Remaining: 53.1
308 418.9 , Est Remaining: 51.7
309 420.3 , Est Remaining: 50.3
310 421.6 , Est Remaining: 49.0
311 423.0 , Est Remaining: 47.6
312 424.3 , Est Remaining: 46.2
313 425.7 , Est Remaining: 44.9
314 427.0 , Est Remaining: 43.5
315 428.3 , Est Remaining: 42.2
316 429.7 , Est Remaining: 40.8
317 431.0 , Est Remaining: 39.4
EVENT FAILED
317 431.3 , Est Remaining: 39.5
318 432.7 , Est Remaining: 38.1
319 434.0 , Est Remaining: 36.7
320 435.3 , Est Remaining: 35.4
321 436.6 , Est Remaining: 34.0
322 438.0 , Est Remaining: 32.6
323 439.3 , Est Remaining: 31.3
324 440.6 , Est Remaining: 29.9
325 442.0 , Est Remaining: 28.6
326 443.2 , Est Remaining: 27.2
327 444.5 , Est Remaining: 25.8
328 445.8 , Est Remaining: 24.5
329 447.2 , Est Remaining: 23.1
330 448.5 , Est Remaining: 21.7
331 449.8 , Est Remaining: 20.4
