Note: NumExpr detected 32 cores but "NUMEXPR_MAX_THREADS" not set, so enforcing safe limit of 8.
Using selector: EpollSelector
/n/home02/jhaefner/miniconda/envs/IC-3.7-2020-06-16/lib/python3.7/site-packages/scipy/optimize/minpack.py:808: OptimizeWarning: Covariance of the parameters could not be estimated
  category=OptimizeWarning)
Total rwfs: 346
0 0.0 , Est Remaining: 999999.9
1 1.4 , Est Remaining: 491.0
2 2.8 , Est Remaining: 483.4
3 4.3 , Est Remaining: 487.6
4 5.7 , Est Remaining: 487.2
5 7.1 , Est Remaining: 486.9
6 8.6 , Est Remaining: 487.4
7 10.0 , Est Remaining: 485.5
8 11.5 , Est Remaining: 485.5
9 12.9 , Est Remaining: 483.7
10 14.3 , Est Remaining: 481.8
11 15.8 , Est Remaining: 480.2
12 17.2 , Est Remaining: 478.6
13 18.6 , Est Remaining: 477.4
14 20.1 , Est Remaining: 476.9
15 21.6 , Est Remaining: 476.1
16 23.0 , Est Remaining: 475.2
17 24.5 , Est Remaining: 474.4
18 26.0 , Est Remaining: 473.1
19 27.4 , Est Remaining: 471.9
20 28.9 , Est Remaining: 470.3
21 30.3 , Est Remaining: 468.8
22 31.7 , Est Remaining: 467.6
23 33.2 , Est Remaining: 466.2
24 34.6 , Est Remaining: 464.9
25 36.0 , Est Remaining: 461.7
26 37.4 , Est Remaining: 460.3
27 38.8 , Est Remaining: 458.9
28 40.3 , Est Remaining: 457.7
29 41.8 , Est Remaining: 456.4
30 43.2 , Est Remaining: 455.2
31 44.7 , Est Remaining: 454.0
32 46.1 , Est Remaining: 452.5
33 47.6 , Est Remaining: 451.1
34 49.0 , Est Remaining: 449.6
35 50.5 , Est Remaining: 448.3
36 51.9 , Est Remaining: 446.8
37 53.3 , Est Remaining: 445.4
38 54.8 , Est Remaining: 443.8
39 56.2 , Est Remaining: 442.8
40 57.7 , Est Remaining: 441.3
41 59.1 , Est Remaining: 439.9
42 60.6 , Est Remaining: 438.4
43 62.0 , Est Remaining: 437.0
44 63.4 , Est Remaining: 435.5
45 64.9 , Est Remaining: 434.0
46 66.3 , Est Remaining: 432.5
47 67.7 , Est Remaining: 431.0
EVENT FAILED
47 68.0 , Est Remaining: 432.9
48 69.5 , Est Remaining: 431.4
49 71.0 , Est Remaining: 430.1
50 72.4 , Est Remaining: 428.6
51 73.8 , Est Remaining: 427.1
52 75.3 , Est Remaining: 425.6
53 76.7 , Est Remaining: 424.2
EVENT FAILED
53 77.0 , Est Remaining: 425.9
54 78.5 , Est Remaining: 424.3
55 79.9 , Est Remaining: 422.8
56 81.4 , Est Remaining: 421.3
57 82.8 , Est Remaining: 419.9
58 84.3 , Est Remaining: 418.7
59 85.8 , Est Remaining: 417.3
60 87.2 , Est Remaining: 415.9
61 88.7 , Est Remaining: 414.4
62 90.1 , Est Remaining: 412.9
63 91.6 , Est Remaining: 411.5
64 93.0 , Est Remaining: 410.0
65 94.5 , Est Remaining: 408.5
66 96.0 , Est Remaining: 407.1
67 97.4 , Est Remaining: 405.7
68 98.9 , Est Remaining: 404.2
69 100.3 , Est Remaining: 402.7
70 101.7 , Est Remaining: 401.2
71 103.2 , Est Remaining: 399.8
72 104.6 , Est Remaining: 398.2
73 106.1 , Est Remaining: 396.7
74 107.5 , Est Remaining: 395.2
75 108.9 , Est Remaining: 393.7
76 110.4 , Est Remaining: 392.1
77 111.8 , Est Remaining: 390.7
78 113.3 , Est Remaining: 389.2
79 114.7 , Est Remaining: 387.7
80 116.1 , Est Remaining: 386.2
81 117.6 , Est Remaining: 384.7
82 119.0 , Est Remaining: 383.1
83 120.4 , Est Remaining: 381.5
84 121.8 , Est Remaining: 380.0
85 123.3 , Est Remaining: 378.5
86 124.7 , Est Remaining: 377.0
87 126.1 , Est Remaining: 375.5
88 127.6 , Est Remaining: 374.0
EVENT FAILED
88 127.9 , Est Remaining: 375.0
89 129.3 , Est Remaining: 373.5
90 130.8 , Est Remaining: 372.0
91 132.2 , Est Remaining: 370.5
92 133.7 , Est Remaining: 369.0
93 135.1 , Est Remaining: 367.5
94 136.5 , Est Remaining: 366.1
95 138.0 , Est Remaining: 364.6
96 139.5 , Est Remaining: 363.2
97 140.9 , Est Remaining: 361.8
98 142.4 , Est Remaining: 360.3
99 143.8 , Est Remaining: 358.9
100 145.3 , Est Remaining: 357.5
101 146.7 , Est Remaining: 356.0
102 148.2 , Est Remaining: 354.5
103 149.8 , Est Remaining: 353.3
104 151.2 , Est Remaining: 351.9
105 152.7 , Est Remaining: 350.4
106 154.1 , Est Remaining: 349.0
107 155.6 , Est Remaining: 347.5
108 157.0 , Est Remaining: 346.1
109 158.5 , Est Remaining: 344.6
110 159.9 , Est Remaining: 343.1
111 161.4 , Est Remaining: 341.6
112 162.8 , Est Remaining: 340.1
113 164.2 , Est Remaining: 338.6
114 165.7 , Est Remaining: 337.1
115 167.1 , Est Remaining: 335.6
116 168.5 , Est Remaining: 334.1
117 170.0 , Est Remaining: 332.7
118 171.4 , Est Remaining: 331.1
119 172.8 , Est Remaining: 329.7
120 174.3 , Est Remaining: 328.2
121 175.7 , Est Remaining: 326.8
122 177.2 , Est Remaining: 325.3
123 178.6 , Est Remaining: 323.8
124 180.1 , Est Remaining: 322.4
125 181.5 , Est Remaining: 320.9
126 182.9 , Est Remaining: 319.4
127 184.4 , Est Remaining: 317.9
128 185.8 , Est Remaining: 316.4
129 187.2 , Est Remaining: 314.9
130 188.6 , Est Remaining: 313.4
131 190.1 , Est Remaining: 311.9
132 191.5 , Est Remaining: 310.4
133 192.9 , Est Remaining: 308.9
134 194.3 , Est Remaining: 307.4
135 195.7 , Est Remaining: 305.8
136 197.1 , Est Remaining: 304.3
137 198.5 , Est Remaining: 302.8
138 199.9 , Est Remaining: 301.3
139 201.3 , Est Remaining: 299.8
140 202.7 , Est Remaining: 298.3
141 204.1 , Est Remaining: 296.8
142 205.5 , Est Remaining: 295.3
143 206.9 , Est Remaining: 293.7
144 208.3 , Est Remaining: 292.2
145 209.7 , Est Remaining: 290.7
146 211.1 , Est Remaining: 289.2
147 212.5 , Est Remaining: 287.7
148 213.9 , Est Remaining: 286.2
149 215.3 , Est Remaining: 284.6
150 216.7 , Est Remaining: 283.1
151 218.1 , Est Remaining: 281.6
152 219.5 , Est Remaining: 280.1
153 220.8 , Est Remaining: 278.6
154 222.2 , Est Remaining: 277.0
155 223.6 , Est Remaining: 275.5
156 225.0 , Est Remaining: 274.0
157 226.4 , Est Remaining: 272.5
158 227.8 , Est Remaining: 271.0
159 229.1 , Est Remaining: 269.5
160 230.5 , Est Remaining: 268.0
161 231.9 , Est Remaining: 266.5
162 233.3 , Est Remaining: 265.0
163 234.7 , Est Remaining: 263.5
164 236.0 , Est Remaining: 261.9
165 237.4 , Est Remaining: 260.4
166 238.8 , Est Remaining: 258.9
167 240.2 , Est Remaining: 257.4
168 241.6 , Est Remaining: 255.9
169 242.9 , Est Remaining: 254.4
170 244.3 , Est Remaining: 252.9
171 245.7 , Est Remaining: 251.4
172 247.1 , Est Remaining: 249.9
173 248.4 , Est Remaining: 248.4
174 249.8 , Est Remaining: 246.9
175 251.2 , Est Remaining: 245.4
176 252.6 , Est Remaining: 243.9
177 253.9 , Est Remaining: 242.5
178 255.3 , Est Remaining: 241.0
179 256.7 , Est Remaining: 239.5
180 258.1 , Est Remaining: 238.0
181 259.5 , Est Remaining: 236.5
182 260.8 , Est Remaining: 235.0
EVENT FAILED
182 261.2 , Est Remaining: 235.3
183 262.5 , Est Remaining: 233.8
184 263.9 , Est Remaining: 232.4
185 265.3 , Est Remaining: 230.9
186 266.7 , Est Remaining: 229.4
187 268.1 , Est Remaining: 228.0
188 269.5 , Est Remaining: 226.5
189 270.9 , Est Remaining: 225.0
190 272.3 , Est Remaining: 223.6
191 273.7 , Est Remaining: 222.1
192 275.1 , Est Remaining: 220.7
193 276.5 , Est Remaining: 219.2
194 277.9 , Est Remaining: 217.7
195 279.3 , Est Remaining: 216.3
196 280.7 , Est Remaining: 214.8
197 282.1 , Est Remaining: 213.4
198 283.5 , Est Remaining: 211.9
199 285.0 , Est Remaining: 210.5
200 286.4 , Est Remaining: 209.1
201 287.8 , Est Remaining: 207.6
202 289.2 , Est Remaining: 206.2
203 290.7 , Est Remaining: 204.8
204 292.2 , Est Remaining: 203.4
205 293.6 , Est Remaining: 201.9
206 295.0 , Est Remaining: 200.5
207 296.4 , Est Remaining: 199.0
EVENT FAILED
207 296.7 , Est Remaining: 199.2
208 298.1 , Est Remaining: 197.8
209 299.5 , Est Remaining: 196.3
210 300.9 , Est Remaining: 194.9
211 302.4 , Est Remaining: 193.5
212 303.8 , Est Remaining: 192.0
213 305.2 , Est Remaining: 190.5
EVENT FAILED
213 305.5 , Est Remaining: 190.7
214 306.9 , Est Remaining: 189.3
215 308.3 , Est Remaining: 187.9
216 309.7 , Est Remaining: 186.4
217 311.2 , Est Remaining: 185.0
218 312.6 , Est Remaining: 183.5
219 314.0 , Est Remaining: 182.1
220 315.4 , Est Remaining: 180.6
221 316.8 , Est Remaining: 179.2
222 318.2 , Est Remaining: 177.7
223 319.6 , Est Remaining: 176.3
224 321.1 , Est Remaining: 174.9
225 322.5 , Est Remaining: 173.4
226 323.9 , Est Remaining: 172.0
227 325.3 , Est Remaining: 170.5
228 326.7 , Est Remaining: 169.1
229 328.1 , Est Remaining: 167.7
230 329.6 , Est Remaining: 166.2
231 331.0 , Est Remaining: 164.8
232 332.4 , Est Remaining: 163.4
EVENT FAILED
232 332.8 , Est Remaining: 163.5
233 334.2 , Est Remaining: 162.1
EVENT FAILED
233 334.5 , Est Remaining: 162.2
234 335.9 , Est Remaining: 160.8
235 337.3 , Est Remaining: 159.3
EVENT FAILED
235 337.6 , Est Remaining: 159.5
236 339.1 , Est Remaining: 158.0
237 340.5 , Est Remaining: 156.6
238 341.9 , Est Remaining: 155.2
239 343.4 , Est Remaining: 153.7
240 344.8 , Est Remaining: 152.3
241 346.2 , Est Remaining: 150.8
242 347.7 , Est Remaining: 149.4
243 349.1 , Est Remaining: 148.0
244 350.4 , Est Remaining: 146.5
245 351.8 , Est Remaining: 145.0
246 353.3 , Est Remaining: 143.6
247 354.7 , Est Remaining: 142.2
248 356.1 , Est Remaining: 140.7
249 357.6 , Est Remaining: 139.3
250 359.0 , Est Remaining: 137.9
251 360.5 , Est Remaining: 136.4
252 361.9 , Est Remaining: 135.0
253 363.3 , Est Remaining: 133.6
254 364.8 , Est Remaining: 132.1
255 366.2 , Est Remaining: 130.7
256 367.6 , Est Remaining: 129.2
257 369.1 , Est Remaining: 127.8
258 370.5 , Est Remaining: 126.4
259 371.9 , Est Remaining: 124.9
260 373.4 , Est Remaining: 123.5
261 374.8 , Est Remaining: 122.1
262 376.2 , Est Remaining: 120.6
263 377.7 , Est Remaining: 119.2
264 379.1 , Est Remaining: 117.7
265 380.5 , Est Remaining: 116.3
266 381.9 , Est Remaining: 114.9
267 383.3 , Est Remaining: 113.4
268 384.8 , Est Remaining: 112.0
269 386.2 , Est Remaining: 110.6
270 387.7 , Est Remaining: 109.1
271 389.1 , Est Remaining: 107.7
272 390.6 , Est Remaining: 106.3
273 392.0 , Est Remaining: 104.8
274 393.5 , Est Remaining: 103.4
275 395.0 , Est Remaining: 102.0
276 396.4 , Est Remaining: 100.5
277 397.8 , Est Remaining: 99.1
278 399.3 , Est Remaining: 97.7
279 400.7 , Est Remaining: 96.2
280 402.2 , Est Remaining: 94.8
281 403.6 , Est Remaining: 93.4
282 405.1 , Est Remaining: 91.9
283 406.5 , Est Remaining: 90.5
284 407.9 , Est Remaining: 89.0
285 409.3 , Est Remaining: 87.6
286 410.7 , Est Remaining: 86.2
287 412.2 , Est Remaining: 84.7
288 413.6 , Est Remaining: 83.3
289 415.0 , Est Remaining: 81.9
290 416.5 , Est Remaining: 80.4
291 417.9 , Est Remaining: 79.0
292 419.3 , Est Remaining: 77.5
293 420.7 , Est Remaining: 76.1
294 422.2 , Est Remaining: 74.7
295 423.6 , Est Remaining: 73.2
296 425.0 , Est Remaining: 71.8
297 426.4 , Est Remaining: 70.4
298 427.9 , Est Remaining: 68.9
299 429.3 , Est Remaining: 67.5
300 430.8 , Est Remaining: 66.0
301 432.2 , Est Remaining: 64.6
302 433.8 , Est Remaining: 63.2
303 435.2 , Est Remaining: 61.8
304 436.6 , Est Remaining: 60.3
305 438.0 , Est Remaining: 58.9
306 439.5 , Est Remaining: 57.4
307 440.9 , Est Remaining: 56.0
308 442.3 , Est Remaining: 54.6
309 443.7 , Est Remaining: 53.1
310 445.2 , Est Remaining: 51.7
311 446.6 , Est Remaining: 50.3
312 447.9 , Est Remaining: 48.8
313 449.4 , Est Remaining: 47.4
314 450.8 , Est Remaining: 45.9
315 452.2 , Est Remaining: 44.5
316 453.7 , Est Remaining: 43.1
317 455.1 , Est Remaining: 41.6
318 456.5 , Est Remaining: 40.2
319 457.9 , Est Remaining: 38.8
320 459.4 , Est Remaining: 37.3
321 460.8 , Est Remaining: 35.9
322 462.3 , Est Remaining: 34.5
323 463.7 , Est Remaining: 33.0
324 465.1 , Est Remaining: 31.6
325 466.6 , Est Remaining: 30.1
326 468.0 , Est Remaining: 28.7
327 469.4 , Est Remaining: 27.3
328 470.8 , Est Remaining: 25.8
329 472.3 , Est Remaining: 24.4
330 473.7 , Est Remaining: 23.0
331 475.1 , Est Remaining: 21.5
332 476.5 , Est Remaining: 20.1
333 477.9 , Est Remaining: 18.7
334 479.3 , Est Remaining: 17.2
335 480.8 , Est Remaining: 15.8
336 482.2 , Est Remaining: 14.4
