Note: NumExpr detected 32 cores but "NUMEXPR_MAX_THREADS" not set, so enforcing safe limit of 8.
Using selector: EpollSelector
/n/home02/jhaefner/miniconda/envs/IC-3.7-2020-06-16/lib/python3.7/site-packages/scipy/optimize/minpack.py:808: OptimizeWarning: Covariance of the parameters could not be estimated
  category=OptimizeWarning)
Total rwfs: 346
0 0.0 , Est Remaining: 999999.9
1 1.4 , Est Remaining: 468.0
2 2.7 , Est Remaining: 463.4
3 4.0 , Est Remaining: 462.6
4 5.4 , Est Remaining: 458.3
EVENT FAILED
4 5.7 , Est Remaining: 483.9
5 6.9 , Est Remaining: 474.0
6 8.3 , Est Remaining: 468.8
7 9.6 , Est Remaining: 464.9
8 10.9 , Est Remaining: 462.0
9 12.3 , Est Remaining: 459.2
10 13.6 , Est Remaining: 456.2
11 14.9 , Est Remaining: 453.7
EVENT FAILED
11 15.2 , Est Remaining: 462.7
EVENT FAILED
11 15.5 , Est Remaining: 471.7
12 16.8 , Est Remaining: 468.2
13 18.1 , Est Remaining: 464.6
14 19.4 , Est Remaining: 460.9
15 20.7 , Est Remaining: 457.7
16 22.1 , Est Remaining: 455.0
17 23.4 , Est Remaining: 452.5
18 24.7 , Est Remaining: 450.0
19 26.0 , Est Remaining: 448.0
20 27.4 , Est Remaining: 445.8
21 28.7 , Est Remaining: 443.7
22 30.0 , Est Remaining: 441.9
23 31.3 , Est Remaining: 440.2
24 32.7 , Est Remaining: 438.6
25 34.0 , Est Remaining: 436.8
26 35.4 , Est Remaining: 435.1
27 36.7 , Est Remaining: 433.5
28 38.0 , Est Remaining: 431.7
29 39.3 , Est Remaining: 430.1
30 40.7 , Est Remaining: 428.3
31 42.0 , Est Remaining: 426.6
32 43.3 , Est Remaining: 424.9
33 44.6 , Est Remaining: 423.4
34 46.0 , Est Remaining: 421.8
35 47.3 , Est Remaining: 420.3
36 48.6 , Est Remaining: 418.9
37 50.0 , Est Remaining: 417.4
38 51.3 , Est Remaining: 416.0
39 52.7 , Est Remaining: 414.6
40 54.0 , Est Remaining: 413.3
41 55.4 , Est Remaining: 411.9
42 56.7 , Est Remaining: 410.5
43 58.1 , Est Remaining: 409.1
44 59.4 , Est Remaining: 407.7
45 60.8 , Est Remaining: 406.4
46 62.1 , Est Remaining: 405.1
47 63.5 , Est Remaining: 403.7
48 64.8 , Est Remaining: 402.2
49 66.1 , Est Remaining: 400.8
50 67.5 , Est Remaining: 399.5
51 68.8 , Est Remaining: 398.1
52 70.2 , Est Remaining: 396.7
53 71.5 , Est Remaining: 395.3
54 72.8 , Est Remaining: 393.8
55 74.2 , Est Remaining: 392.4
56 75.5 , Est Remaining: 390.9
57 76.8 , Est Remaining: 389.6
58 78.2 , Est Remaining: 388.2
59 79.5 , Est Remaining: 386.7
60 80.9 , Est Remaining: 385.4
61 82.2 , Est Remaining: 383.9
62 83.5 , Est Remaining: 382.5
63 84.8 , Est Remaining: 381.1
64 86.2 , Est Remaining: 379.8
65 87.5 , Est Remaining: 378.4
66 88.9 , Est Remaining: 377.1
67 90.2 , Est Remaining: 375.7
68 91.6 , Est Remaining: 374.3
69 92.9 , Est Remaining: 373.0
70 94.3 , Est Remaining: 371.7
71 95.6 , Est Remaining: 370.4
72 97.0 , Est Remaining: 369.0
73 98.3 , Est Remaining: 367.7
74 99.7 , Est Remaining: 366.3
75 101.0 , Est Remaining: 364.9
76 102.3 , Est Remaining: 363.5
77 103.7 , Est Remaining: 362.2
78 105.0 , Est Remaining: 360.9
79 106.4 , Est Remaining: 359.5
80 107.7 , Est Remaining: 358.1
81 109.0 , Est Remaining: 356.7
82 110.4 , Est Remaining: 355.4
83 111.7 , Est Remaining: 354.0
84 113.0 , Est Remaining: 352.6
85 114.4 , Est Remaining: 351.2
86 115.7 , Est Remaining: 349.9
87 117.1 , Est Remaining: 348.5
88 118.4 , Est Remaining: 347.1
EVENT FAILED
88 118.7 , Est Remaining: 347.9
89 120.0 , Est Remaining: 346.6
90 121.4 , Est Remaining: 345.2
91 122.7 , Est Remaining: 343.8
92 124.0 , Est Remaining: 342.4
93 125.4 , Est Remaining: 341.1
94 126.7 , Est Remaining: 339.6
95 128.0 , Est Remaining: 338.3
96 129.4 , Est Remaining: 336.9
97 130.7 , Est Remaining: 335.5
98 132.1 , Est Remaining: 334.2
99 133.4 , Est Remaining: 332.8
100 134.7 , Est Remaining: 331.5
101 136.1 , Est Remaining: 330.1
102 137.5 , Est Remaining: 328.9
103 138.8 , Est Remaining: 327.5
104 140.1 , Est Remaining: 326.1
105 141.5 , Est Remaining: 324.7
106 142.8 , Est Remaining: 323.3
107 144.1 , Est Remaining: 322.0
EVENT FAILED
107 144.4 , Est Remaining: 322.6
EVENT FAILED
107 144.7 , Est Remaining: 323.3
108 146.1 , Est Remaining: 321.9
109 147.4 , Est Remaining: 320.5
110 148.7 , Est Remaining: 319.1
111 150.1 , Est Remaining: 317.7
112 151.4 , Est Remaining: 316.4
113 152.8 , Est Remaining: 315.0
114 154.1 , Est Remaining: 313.6
115 155.4 , Est Remaining: 312.2
116 156.8 , Est Remaining: 310.8
117 158.1 , Est Remaining: 309.4
118 159.4 , Est Remaining: 308.0
119 160.8 , Est Remaining: 306.7
120 162.1 , Est Remaining: 305.3
121 163.4 , Est Remaining: 303.9
122 164.8 , Est Remaining: 302.5
123 166.1 , Est Remaining: 301.1
124 167.4 , Est Remaining: 299.8
125 168.8 , Est Remaining: 298.5
126 170.2 , Est Remaining: 297.1
127 171.5 , Est Remaining: 295.7
128 172.9 , Est Remaining: 294.4
129 174.2 , Est Remaining: 293.0
130 175.5 , Est Remaining: 291.6
131 176.8 , Est Remaining: 290.2
EVENT FAILED
131 177.1 , Est Remaining: 290.7
132 178.5 , Est Remaining: 289.3
133 179.8 , Est Remaining: 287.9
134 181.1 , Est Remaining: 286.5
135 182.4 , Est Remaining: 285.1
136 183.8 , Est Remaining: 283.8
137 185.1 , Est Remaining: 282.4
138 186.4 , Est Remaining: 281.0
139 187.7 , Est Remaining: 279.6
140 189.1 , Est Remaining: 278.2
141 190.4 , Est Remaining: 276.8
EVENT FAILED
141 190.7 , Est Remaining: 277.3
142 192.0 , Est Remaining: 275.9
143 193.4 , Est Remaining: 274.5
144 194.6 , Est Remaining: 272.9
145 195.9 , Est Remaining: 271.6
146 197.3 , Est Remaining: 270.2
147 198.6 , Est Remaining: 268.9
148 200.0 , Est Remaining: 267.5
149 201.3 , Est Remaining: 266.2
150 202.7 , Est Remaining: 264.8
151 204.0 , Est Remaining: 263.4
152 205.3 , Est Remaining: 262.1
153 206.7 , Est Remaining: 260.7
154 208.0 , Est Remaining: 259.3
155 209.3 , Est Remaining: 258.0
156 210.7 , Est Remaining: 256.6
157 212.1 , Est Remaining: 255.3
158 213.4 , Est Remaining: 253.9
159 214.8 , Est Remaining: 252.6
160 216.1 , Est Remaining: 251.2
161 217.4 , Est Remaining: 249.9
162 218.8 , Est Remaining: 248.5
163 220.1 , Est Remaining: 247.1
164 221.4 , Est Remaining: 245.7
165 222.7 , Est Remaining: 244.3
166 224.1 , Est Remaining: 242.9
167 225.4 , Est Remaining: 241.6
168 226.7 , Est Remaining: 240.2
169 228.0 , Est Remaining: 238.8
170 229.3 , Est Remaining: 237.4
171 230.7 , Est Remaining: 236.1
172 232.0 , Est Remaining: 234.7
173 233.3 , Est Remaining: 233.3
EVENT FAILED
173 233.6 , Est Remaining: 233.6
174 235.0 , Est Remaining: 232.3
175 236.3 , Est Remaining: 230.9
176 237.6 , Est Remaining: 229.5
177 238.9 , Est Remaining: 228.1
178 240.3 , Est Remaining: 226.8
179 241.6 , Est Remaining: 225.4
180 242.9 , Est Remaining: 224.0
181 244.3 , Est Remaining: 222.7
182 245.6 , Est Remaining: 221.3
EVENT FAILED
182 246.4 , Est Remaining: 222.0
183 247.7 , Est Remaining: 220.6
184 249.1 , Est Remaining: 219.3
185 250.4 , Est Remaining: 217.9
186 251.7 , Est Remaining: 216.5
187 253.1 , Est Remaining: 215.2
188 254.4 , Est Remaining: 213.8
189 255.7 , Est Remaining: 212.4
190 257.1 , Est Remaining: 211.1
191 258.4 , Est Remaining: 209.7
192 259.7 , Est Remaining: 208.3
193 261.1 , Est Remaining: 207.0
194 262.4 , Est Remaining: 205.6
195 263.7 , Est Remaining: 204.2
196 265.0 , Est Remaining: 202.8
197 266.4 , Est Remaining: 201.5
198 267.7 , Est Remaining: 200.1
199 269.0 , Est Remaining: 198.7
200 270.3 , Est Remaining: 197.3
201 271.6 , Est Remaining: 195.9
202 273.0 , Est Remaining: 194.6
203 274.4 , Est Remaining: 193.3
204 275.7 , Est Remaining: 191.9
205 277.0 , Est Remaining: 190.5
206 278.3 , Est Remaining: 189.2
207 279.7 , Est Remaining: 187.8
208 281.0 , Est Remaining: 186.4
209 282.4 , Est Remaining: 185.1
210 283.7 , Est Remaining: 183.7
211 285.0 , Est Remaining: 182.4
212 286.4 , Est Remaining: 181.0
213 287.7 , Est Remaining: 179.6
214 289.0 , Est Remaining: 178.3
215 290.4 , Est Remaining: 176.9
216 291.7 , Est Remaining: 175.6
217 293.1 , Est Remaining: 174.2
218 294.4 , Est Remaining: 172.8
219 295.7 , Est Remaining: 171.5
220 297.0 , Est Remaining: 170.1
221 298.4 , Est Remaining: 168.8
222 299.7 , Est Remaining: 167.4
223 301.0 , Est Remaining: 166.0
224 302.4 , Est Remaining: 164.7
225 303.7 , Est Remaining: 163.3
226 305.0 , Est Remaining: 162.0
227 306.4 , Est Remaining: 160.6
228 307.7 , Est Remaining: 159.3
229 309.0 , Est Remaining: 157.9
230 310.4 , Est Remaining: 156.5
231 311.7 , Est Remaining: 155.2
232 313.0 , Est Remaining: 153.8
233 314.4 , Est Remaining: 152.5
234 315.7 , Est Remaining: 151.1
235 317.0 , Est Remaining: 149.7
236 318.4 , Est Remaining: 148.4
237 319.7 , Est Remaining: 147.0
238 321.0 , Est Remaining: 145.7
239 322.4 , Est Remaining: 144.3
240 323.7 , Est Remaining: 143.0
241 325.0 , Est Remaining: 141.6
242 326.4 , Est Remaining: 140.3
243 327.7 , Est Remaining: 138.9
244 329.0 , Est Remaining: 137.5
245 330.3 , Est Remaining: 136.2
246 331.7 , Est Remaining: 134.8
247 333.0 , Est Remaining: 133.5
248 334.2 , Est Remaining: 132.1
249 335.5 , Est Remaining: 130.7
250 336.9 , Est Remaining: 129.4
251 338.2 , Est Remaining: 128.0
252 339.5 , Est Remaining: 126.6
253 340.8 , Est Remaining: 125.3
254 342.2 , Est Remaining: 123.9
255 343.5 , Est Remaining: 122.6
256 344.8 , Est Remaining: 121.2
257 346.2 , Est Remaining: 119.9
258 347.5 , Est Remaining: 118.5
259 348.8 , Est Remaining: 117.2
260 350.1 , Est Remaining: 115.8
261 351.5 , Est Remaining: 114.5
262 352.8 , Est Remaining: 113.1
263 354.1 , Est Remaining: 111.8
264 355.4 , Est Remaining: 110.4
265 356.8 , Est Remaining: 109.1
266 358.1 , Est Remaining: 107.7
267 359.4 , Est Remaining: 106.3
268 360.8 , Est Remaining: 105.0
269 362.1 , Est Remaining: 103.7
270 363.4 , Est Remaining: 102.3
271 364.8 , Est Remaining: 101.0
272 366.1 , Est Remaining: 99.6
273 367.4 , Est Remaining: 98.2
274 368.8 , Est Remaining: 96.9
275 370.1 , Est Remaining: 95.6
276 371.4 , Est Remaining: 94.2
277 372.8 , Est Remaining: 92.9
278 374.1 , Est Remaining: 91.5
279 375.4 , Est Remaining: 90.2
280 376.7 , Est Remaining: 88.8
281 378.1 , Est Remaining: 87.5
282 379.4 , Est Remaining: 86.1
283 380.7 , Est Remaining: 84.8
284 382.1 , Est Remaining: 83.4
EVENT FAILED
284 382.4 , Est Remaining: 83.5
285 383.7 , Est Remaining: 82.1
286 385.0 , Est Remaining: 80.8
287 386.4 , Est Remaining: 79.4
288 387.7 , Est Remaining: 78.1
289 389.1 , Est Remaining: 76.7
290 390.4 , Est Remaining: 75.4
291 391.7 , Est Remaining: 74.0
292 393.1 , Est Remaining: 72.7
293 394.4 , Est Remaining: 71.3
294 395.7 , Est Remaining: 70.0
295 397.1 , Est Remaining: 68.6
296 398.4 , Est Remaining: 67.3
297 399.7 , Est Remaining: 66.0
298 401.1 , Est Remaining: 64.6
299 402.4 , Est Remaining: 63.3
300 403.8 , Est Remaining: 61.9
301 405.2 , Est Remaining: 60.6
302 406.6 , Est Remaining: 59.2
303 407.9 , Est Remaining: 57.9
304 409.3 , Est Remaining: 56.5
305 410.6 , Est Remaining: 55.2
306 411.9 , Est Remaining: 53.8
307 413.3 , Est Remaining: 52.5
308 414.6 , Est Remaining: 51.1
309 415.9 , Est Remaining: 49.8
310 417.2 , Est Remaining: 48.5
311 418.6 , Est Remaining: 47.1
312 419.9 , Est Remaining: 45.8
EVENT FAILED
312 420.2 , Est Remaining: 45.8
313 421.5 , Est Remaining: 44.4
314 422.8 , Est Remaining: 43.1
315 424.1 , Est Remaining: 41.7
316 425.5 , Est Remaining: 40.4
317 426.8 , Est Remaining: 39.0
318 428.1 , Est Remaining: 37.7
319 429.4 , Est Remaining: 36.3
320 430.7 , Est Remaining: 35.0
321 432.1 , Est Remaining: 33.7
322 433.4 , Est Remaining: 32.3
323 434.7 , Est Remaining: 31.0
324 436.1 , Est Remaining: 29.6
325 437.4 , Est Remaining: 28.3
326 438.7 , Est Remaining: 26.9
327 440.1 , Est Remaining: 25.6
328 441.4 , Est Remaining: 24.2
329 442.8 , Est Remaining: 22.9
EVENT FAILED
329 443.1 , Est Remaining: 22.9
330 444.4 , Est Remaining: 21.5
331 445.7 , Est Remaining: 20.2
332 447.1 , Est Remaining: 18.9
