Note: NumExpr detected 32 cores but "NUMEXPR_MAX_THREADS" not set, so enforcing safe limit of 8.
Using selector: EpollSelector
/n/home02/jhaefner/miniconda/envs/IC-3.7-2020-06-16/lib/python3.7/site-packages/scipy/optimize/minpack.py:808: OptimizeWarning: Covariance of the parameters could not be estimated
  category=OptimizeWarning)
Total rwfs: 346
0 0.0 , Est Remaining: 999999.9
1 1.4 , Est Remaining: 484.0
2 2.8 , Est Remaining: 477.8
3 4.2 , Est Remaining: 478.7
4 5.6 , Est Remaining: 474.6
5 6.9 , Est Remaining: 471.7
6 8.3 , Est Remaining: 470.0
7 9.6 , Est Remaining: 466.9
8 11.0 , Est Remaining: 465.4
9 12.4 , Est Remaining: 463.4
10 13.7 , Est Remaining: 461.7
EVENT FAILED
10 14.0 , Est Remaining: 472.0
11 15.4 , Est Remaining: 469.0
12 16.8 , Est Remaining: 467.3
13 18.2 , Est Remaining: 465.2
14 19.5 , Est Remaining: 463.1
15 20.9 , Est Remaining: 460.9
16 22.3 , Est Remaining: 459.2
17 23.6 , Est Remaining: 457.4
18 25.0 , Est Remaining: 455.6
19 26.4 , Est Remaining: 453.6
20 27.7 , Est Remaining: 451.9
21 29.1 , Est Remaining: 450.0
22 30.4 , Est Remaining: 448.3
23 31.8 , Est Remaining: 446.8
24 33.2 , Est Remaining: 445.4
25 34.6 , Est Remaining: 443.8
26 35.9 , Est Remaining: 442.3
27 37.3 , Est Remaining: 440.8
28 38.7 , Est Remaining: 439.3
29 40.1 , Est Remaining: 437.9
30 41.4 , Est Remaining: 436.5
31 42.8 , Est Remaining: 435.1
32 44.2 , Est Remaining: 433.7
33 45.6 , Est Remaining: 432.2
34 46.9 , Est Remaining: 430.6
35 48.3 , Est Remaining: 429.2
36 49.7 , Est Remaining: 427.7
EVENT FAILED
36 50.0 , Est Remaining: 430.2
37 51.3 , Est Remaining: 428.6
38 52.7 , Est Remaining: 427.1
39 54.0 , Est Remaining: 425.5
40 55.4 , Est Remaining: 423.9
41 56.8 , Est Remaining: 422.3
42 58.1 , Est Remaining: 420.8
43 59.5 , Est Remaining: 419.4
44 60.9 , Est Remaining: 417.9
45 62.2 , Est Remaining: 416.3
46 63.6 , Est Remaining: 414.8
47 65.0 , Est Remaining: 413.3
48 66.3 , Est Remaining: 411.8
49 67.7 , Est Remaining: 410.4
50 69.1 , Est Remaining: 408.9
51 70.4 , Est Remaining: 407.5
52 71.8 , Est Remaining: 406.0
53 73.2 , Est Remaining: 404.6
54 74.6 , Est Remaining: 403.2
55 75.9 , Est Remaining: 401.8
56 77.3 , Est Remaining: 400.4
57 78.7 , Est Remaining: 399.0
58 80.1 , Est Remaining: 397.5
59 81.4 , Est Remaining: 396.2
60 82.8 , Est Remaining: 394.7
61 84.2 , Est Remaining: 393.3
62 85.5 , Est Remaining: 391.9
63 86.9 , Est Remaining: 390.4
64 88.3 , Est Remaining: 389.0
65 89.6 , Est Remaining: 387.5
66 91.0 , Est Remaining: 386.1
67 92.4 , Est Remaining: 384.7
68 93.7 , Est Remaining: 383.2
69 95.1 , Est Remaining: 381.8
70 96.5 , Est Remaining: 380.4
71 97.9 , Est Remaining: 379.0
72 99.2 , Est Remaining: 377.6
73 100.6 , Est Remaining: 376.2
74 102.0 , Est Remaining: 374.8
75 103.3 , Est Remaining: 373.4
76 104.7 , Est Remaining: 372.1
77 106.1 , Est Remaining: 370.7
78 107.5 , Est Remaining: 369.3
79 108.9 , Est Remaining: 367.9
80 110.2 , Est Remaining: 366.5
81 111.6 , Est Remaining: 365.1
82 113.0 , Est Remaining: 363.7
83 114.3 , Est Remaining: 362.3
84 115.7 , Est Remaining: 360.9
85 117.1 , Est Remaining: 359.5
86 118.4 , Est Remaining: 358.1
87 119.8 , Est Remaining: 356.7
88 121.2 , Est Remaining: 355.3
89 122.6 , Est Remaining: 353.9
90 123.9 , Est Remaining: 352.5
91 125.3 , Est Remaining: 351.1
92 126.7 , Est Remaining: 349.7
93 128.0 , Est Remaining: 348.3
94 129.4 , Est Remaining: 346.9
EVENT FAILED
94 129.7 , Est Remaining: 347.7
95 131.1 , Est Remaining: 346.3
96 132.4 , Est Remaining: 344.9
97 133.8 , Est Remaining: 343.5
98 135.2 , Est Remaining: 342.1
99 136.6 , Est Remaining: 340.7
100 137.9 , Est Remaining: 339.3
101 139.3 , Est Remaining: 337.9
102 140.7 , Est Remaining: 336.5
103 142.1 , Est Remaining: 335.3
104 143.5 , Est Remaining: 333.9
105 144.9 , Est Remaining: 332.6
106 146.3 , Est Remaining: 331.2
107 147.7 , Est Remaining: 329.8
108 149.1 , Est Remaining: 328.5
109 150.4 , Est Remaining: 327.1
110 151.8 , Est Remaining: 325.6
111 153.1 , Est Remaining: 324.2
112 154.5 , Est Remaining: 322.8
113 155.8 , Est Remaining: 321.2
114 157.2 , Est Remaining: 319.8
115 158.5 , Est Remaining: 318.4
116 159.9 , Est Remaining: 317.1
117 161.3 , Est Remaining: 315.7
118 162.7 , Est Remaining: 314.3
119 164.0 , Est Remaining: 312.9
120 165.4 , Est Remaining: 311.5
121 166.8 , Est Remaining: 310.1
122 168.1 , Est Remaining: 308.7
EVENT FAILED
122 168.4 , Est Remaining: 309.2
123 169.8 , Est Remaining: 307.8
124 171.2 , Est Remaining: 306.4
EVENT FAILED
124 171.5 , Est Remaining: 307.0
125 172.8 , Est Remaining: 305.5
126 174.2 , Est Remaining: 304.1
127 175.5 , Est Remaining: 302.7
128 176.9 , Est Remaining: 301.3
129 178.3 , Est Remaining: 299.9
130 179.7 , Est Remaining: 298.5
131 181.0 , Est Remaining: 297.1
132 182.4 , Est Remaining: 295.7
133 183.7 , Est Remaining: 294.3
134 185.1 , Est Remaining: 292.9
135 186.5 , Est Remaining: 291.5
136 187.8 , Est Remaining: 290.1
137 189.2 , Est Remaining: 288.7
138 190.6 , Est Remaining: 287.3
139 191.9 , Est Remaining: 285.8
140 193.3 , Est Remaining: 284.5
141 194.7 , Est Remaining: 283.1
142 196.1 , Est Remaining: 281.7
143 197.4 , Est Remaining: 280.3
144 198.8 , Est Remaining: 278.9
145 200.2 , Est Remaining: 277.5
EVENT FAILED
145 200.5 , Est Remaining: 277.9
146 201.8 , Est Remaining: 276.5
147 203.2 , Est Remaining: 275.1
148 204.6 , Est Remaining: 273.7
149 205.9 , Est Remaining: 272.3
150 207.3 , Est Remaining: 270.9
151 208.7 , Est Remaining: 269.5
152 210.1 , Est Remaining: 268.1
153 211.4 , Est Remaining: 266.7
154 212.8 , Est Remaining: 265.3
155 214.2 , Est Remaining: 263.9
156 215.5 , Est Remaining: 262.5
157 216.9 , Est Remaining: 261.1
158 218.3 , Est Remaining: 259.8
159 219.7 , Est Remaining: 258.4
160 221.1 , Est Remaining: 257.0
161 222.5 , Est Remaining: 255.6
162 223.8 , Est Remaining: 254.2
163 225.2 , Est Remaining: 252.8
164 226.6 , Est Remaining: 251.4
165 227.9 , Est Remaining: 250.0
166 229.3 , Est Remaining: 248.6
167 230.7 , Est Remaining: 247.2
168 232.0 , Est Remaining: 245.9
169 233.4 , Est Remaining: 244.5
170 234.8 , Est Remaining: 243.1
171 236.1 , Est Remaining: 241.7
172 237.5 , Est Remaining: 240.3
173 238.8 , Est Remaining: 238.8
174 240.2 , Est Remaining: 237.4
EVENT FAILED
174 240.5 , Est Remaining: 237.7
175 241.9 , Est Remaining: 236.3
176 243.2 , Est Remaining: 234.9
177 244.6 , Est Remaining: 233.5
178 245.9 , Est Remaining: 232.1
179 247.3 , Est Remaining: 230.7
180 248.7 , Est Remaining: 229.3
181 250.0 , Est Remaining: 227.9
182 251.4 , Est Remaining: 226.6
183 252.8 , Est Remaining: 225.2
184 254.2 , Est Remaining: 223.8
EVENT FAILED
184 254.5 , Est Remaining: 224.1
185 255.9 , Est Remaining: 222.7
186 257.2 , Est Remaining: 221.3
187 258.6 , Est Remaining: 219.9
188 260.0 , Est Remaining: 218.5
189 261.3 , Est Remaining: 217.1
190 262.7 , Est Remaining: 215.7
191 264.1 , Est Remaining: 214.3
192 265.4 , Est Remaining: 212.9
193 266.8 , Est Remaining: 211.5
194 268.2 , Est Remaining: 210.1
195 269.5 , Est Remaining: 208.7
196 270.9 , Est Remaining: 207.3
197 272.2 , Est Remaining: 205.9
198 273.6 , Est Remaining: 204.5
199 275.0 , Est Remaining: 203.1
200 276.3 , Est Remaining: 201.7
201 277.7 , Est Remaining: 200.3
202 279.1 , Est Remaining: 198.9
203 280.5 , Est Remaining: 197.6
204 281.9 , Est Remaining: 196.2
205 283.3 , Est Remaining: 194.8
206 284.6 , Est Remaining: 193.4
207 286.0 , Est Remaining: 192.0
208 287.4 , Est Remaining: 190.6
209 288.7 , Est Remaining: 189.2
210 290.1 , Est Remaining: 187.8
211 291.4 , Est Remaining: 186.5
212 292.8 , Est Remaining: 185.1
213 294.1 , Est Remaining: 183.7
214 295.5 , Est Remaining: 182.3
215 296.8 , Est Remaining: 180.9
216 298.2 , Est Remaining: 179.5
217 299.5 , Est Remaining: 178.1
218 300.9 , Est Remaining: 176.7
219 302.3 , Est Remaining: 175.3
220 303.6 , Est Remaining: 173.9
221 305.0 , Est Remaining: 172.5
222 306.4 , Est Remaining: 171.1
223 307.7 , Est Remaining: 169.7
224 309.3 , Est Remaining: 168.5
225 310.7 , Est Remaining: 167.1
226 312.1 , Est Remaining: 165.7
227 313.5 , Est Remaining: 164.3
228 314.8 , Est Remaining: 162.9
229 316.2 , Est Remaining: 161.5
230 317.5 , Est Remaining: 160.2
231 318.9 , Est Remaining: 158.8
232 320.3 , Est Remaining: 157.4
233 321.6 , Est Remaining: 156.0
234 323.0 , Est Remaining: 154.6
235 324.4 , Est Remaining: 153.2
EVENT FAILED
235 325.1 , Est Remaining: 153.6
236 326.5 , Est Remaining: 152.2
237 327.8 , Est Remaining: 150.8
238 329.2 , Est Remaining: 149.4
239 330.6 , Est Remaining: 148.0
240 331.9 , Est Remaining: 146.6
241 333.3 , Est Remaining: 145.2
242 334.6 , Est Remaining: 143.8
243 336.0 , Est Remaining: 142.4
244 337.3 , Est Remaining: 141.0
245 338.7 , Est Remaining: 139.6
246 340.0 , Est Remaining: 138.2
247 341.4 , Est Remaining: 136.8
248 342.7 , Est Remaining: 135.4
249 344.0 , Est Remaining: 134.0
250 345.4 , Est Remaining: 132.6
251 346.7 , Est Remaining: 131.2
252 348.1 , Est Remaining: 129.8
EVENT FAILED
252 348.4 , Est Remaining: 129.9
253 349.7 , Est Remaining: 128.6
254 351.1 , Est Remaining: 127.2
255 352.4 , Est Remaining: 125.8
256 353.8 , Est Remaining: 124.4
257 355.1 , Est Remaining: 123.0
258 356.5 , Est Remaining: 121.6
259 357.8 , Est Remaining: 120.2
EVENT FAILED
259 358.1 , Est Remaining: 120.3
260 359.5 , Est Remaining: 118.9
261 360.8 , Est Remaining: 117.5
262 362.2 , Est Remaining: 116.1
263 363.5 , Est Remaining: 114.7
264 364.9 , Est Remaining: 113.3
265 366.3 , Est Remaining: 112.0
266 367.6 , Est Remaining: 110.6
267 368.9 , Est Remaining: 109.2
268 370.3 , Est Remaining: 107.8
269 371.6 , Est Remaining: 106.4
270 373.0 , Est Remaining: 105.0
271 374.4 , Est Remaining: 103.6
272 375.7 , Est Remaining: 102.2
EVENT FAILED
272 376.0 , Est Remaining: 102.3
273 377.4 , Est Remaining: 100.9
274 378.7 , Est Remaining: 99.5
275 380.1 , Est Remaining: 98.1
276 381.4 , Est Remaining: 96.7
EVENT FAILED
276 381.7 , Est Remaining: 96.8
277 383.1 , Est Remaining: 95.4
278 384.5 , Est Remaining: 94.0
279 385.8 , Est Remaining: 92.6
280 387.2 , Est Remaining: 91.3
281 388.5 , Est Remaining: 89.9
282 389.9 , Est Remaining: 88.5
283 391.2 , Est Remaining: 87.1
284 392.6 , Est Remaining: 85.7
285 393.9 , Est Remaining: 84.3
286 395.3 , Est Remaining: 82.9
287 396.6 , Est Remaining: 81.5
288 398.0 , Est Remaining: 80.1
289 399.3 , Est Remaining: 78.8
290 400.7 , Est Remaining: 77.4
291 402.0 , Est Remaining: 76.0
292 403.3 , Est Remaining: 74.6
293 404.7 , Est Remaining: 73.2
294 406.0 , Est Remaining: 71.8
295 407.3 , Est Remaining: 70.4
296 408.7 , Est Remaining: 69.0
297 410.0 , Est Remaining: 67.6
298 411.3 , Est Remaining: 66.3
299 412.6 , Est Remaining: 64.9
300 414.0 , Est Remaining: 63.5
301 415.3 , Est Remaining: 62.1
302 416.7 , Est Remaining: 60.7
303 418.0 , Est Remaining: 59.3
304 419.3 , Est Remaining: 57.9
305 420.6 , Est Remaining: 56.5
306 421.9 , Est Remaining: 55.1
307 423.2 , Est Remaining: 53.8
308 424.5 , Est Remaining: 52.4
309 425.8 , Est Remaining: 51.0
310 427.0 , Est Remaining: 49.6
311 428.3 , Est Remaining: 48.2
312 429.6 , Est Remaining: 46.8
313 430.9 , Est Remaining: 45.4
314 432.2 , Est Remaining: 44.0
315 433.5 , Est Remaining: 42.7
316 434.8 , Est Remaining: 41.3
317 436.1 , Est Remaining: 39.9
318 437.3 , Est Remaining: 38.5
319 438.6 , Est Remaining: 37.1
320 439.9 , Est Remaining: 35.7
321 441.2 , Est Remaining: 34.4
322 442.5 , Est Remaining: 33.0
323 443.8 , Est Remaining: 31.6
324 445.0 , Est Remaining: 30.2
325 446.3 , Est Remaining: 28.8
326 447.6 , Est Remaining: 27.5
327 448.9 , Est Remaining: 26.1
328 450.2 , Est Remaining: 24.7
329 451.4 , Est Remaining: 23.3
330 452.7 , Est Remaining: 21.9
331 454.0 , Est Remaining: 20.6
332 455.3 , Est Remaining: 19.2
EVENT FAILED
