Note: NumExpr detected 32 cores but "NUMEXPR_MAX_THREADS" not set, so enforcing safe limit of 8.
Using selector: EpollSelector
/n/home02/jhaefner/miniconda/envs/IC-3.7-2020-06-16/lib/python3.7/site-packages/scipy/optimize/minpack.py:808: OptimizeWarning: Covariance of the parameters could not be estimated
  category=OptimizeWarning)
Total rwfs: 346
0 0.0 , Est Remaining: 999999.9
1 1.3 , Est Remaining: 455.2
2 2.6 , Est Remaining: 453.8
3 3.9 , Est Remaining: 450.8
EVENT FAILED
3 4.3 , Est Remaining: 488.6
4 5.6 , Est Remaining: 477.5
5 6.9 , Est Remaining: 468.1
6 8.2 , Est Remaining: 462.0
7 9.5 , Est Remaining: 458.5
8 10.8 , Est Remaining: 454.9
9 12.0 , Est Remaining: 451.2
10 13.3 , Est Remaining: 448.2
11 14.6 , Est Remaining: 445.2
12 15.9 , Est Remaining: 442.9
13 17.2 , Est Remaining: 441.1
14 18.5 , Est Remaining: 439.3
15 19.9 , Est Remaining: 438.1
16 21.2 , Est Remaining: 436.2
17 22.5 , Est Remaining: 434.9
18 23.8 , Est Remaining: 433.5
19 25.1 , Est Remaining: 432.3
20 26.5 , Est Remaining: 431.6
21 27.8 , Est Remaining: 430.3
22 29.1 , Est Remaining: 429.0
23 30.5 , Est Remaining: 427.7
24 31.8 , Est Remaining: 426.6
25 33.2 , Est Remaining: 425.7
26 34.5 , Est Remaining: 424.5
27 35.8 , Est Remaining: 423.3
28 37.2 , Est Remaining: 422.1
29 38.5 , Est Remaining: 421.0
30 39.9 , Est Remaining: 420.0
31 41.2 , Est Remaining: 418.9
32 42.6 , Est Remaining: 417.7
33 43.9 , Est Remaining: 416.5
34 45.3 , Est Remaining: 415.4
35 46.6 , Est Remaining: 414.2
36 48.0 , Est Remaining: 413.0
37 49.3 , Est Remaining: 411.8
38 50.7 , Est Remaining: 410.7
39 52.0 , Est Remaining: 409.5
40 53.4 , Est Remaining: 408.4
41 54.7 , Est Remaining: 407.2
42 56.1 , Est Remaining: 405.9
43 57.4 , Est Remaining: 404.6
44 58.8 , Est Remaining: 403.3
45 60.1 , Est Remaining: 402.0
46 61.5 , Est Remaining: 400.8
47 62.8 , Est Remaining: 399.5
48 64.1 , Est Remaining: 398.2
49 65.5 , Est Remaining: 396.8
50 66.8 , Est Remaining: 395.6
51 68.2 , Est Remaining: 394.3
52 69.5 , Est Remaining: 393.1
53 70.9 , Est Remaining: 391.8
54 72.2 , Est Remaining: 390.5
55 73.6 , Est Remaining: 389.3
56 74.9 , Est Remaining: 388.0
57 76.3 , Est Remaining: 386.7
58 77.6 , Est Remaining: 385.4
59 79.0 , Est Remaining: 384.1
60 80.3 , Est Remaining: 382.8
61 81.7 , Est Remaining: 381.5
62 83.0 , Est Remaining: 380.2
63 84.3 , Est Remaining: 378.9
64 85.7 , Est Remaining: 377.6
65 87.0 , Est Remaining: 376.3
66 88.4 , Est Remaining: 375.0
67 89.8 , Est Remaining: 373.8
68 91.1 , Est Remaining: 372.5
69 92.4 , Est Remaining: 371.1
70 93.8 , Est Remaining: 369.8
71 95.1 , Est Remaining: 368.5
72 96.5 , Est Remaining: 367.1
73 97.8 , Est Remaining: 365.8
74 99.1 , Est Remaining: 364.4
75 100.5 , Est Remaining: 363.1
76 101.8 , Est Remaining: 361.7
77 103.2 , Est Remaining: 360.4
78 104.5 , Est Remaining: 359.1
79 105.8 , Est Remaining: 357.7
80 107.2 , Est Remaining: 356.4
81 108.5 , Est Remaining: 355.0
82 109.9 , Est Remaining: 353.7
83 111.2 , Est Remaining: 352.4
84 112.5 , Est Remaining: 351.0
EVENT FAILED
84 112.8 , Est Remaining: 351.9
85 114.2 , Est Remaining: 350.6
86 115.5 , Est Remaining: 349.3
87 116.9 , Est Remaining: 347.9
88 118.2 , Est Remaining: 346.6
89 119.6 , Est Remaining: 345.3
90 120.9 , Est Remaining: 344.0
91 122.3 , Est Remaining: 342.6
92 123.6 , Est Remaining: 341.3
93 125.0 , Est Remaining: 340.0
94 126.3 , Est Remaining: 338.6
95 127.6 , Est Remaining: 337.3
96 129.0 , Est Remaining: 335.9
97 130.3 , Est Remaining: 334.5
98 131.7 , Est Remaining: 333.2
99 133.0 , Est Remaining: 331.9
100 134.4 , Est Remaining: 330.5
101 135.7 , Est Remaining: 329.2
102 137.1 , Est Remaining: 327.9
103 138.5 , Est Remaining: 326.7
EVENT FAILED
103 138.8 , Est Remaining: 327.4
104 140.1 , Est Remaining: 326.0
105 141.4 , Est Remaining: 324.6
106 142.8 , Est Remaining: 323.3
107 144.1 , Est Remaining: 321.9
EVENT FAILED
107 144.4 , Est Remaining: 322.6
108 145.7 , Est Remaining: 321.2
109 147.1 , Est Remaining: 319.8
110 148.4 , Est Remaining: 318.4
111 149.7 , Est Remaining: 317.0
112 151.0 , Est Remaining: 315.6
113 152.4 , Est Remaining: 314.2
114 153.7 , Est Remaining: 312.8
115 155.0 , Est Remaining: 311.4
116 156.3 , Est Remaining: 310.0
117 157.7 , Est Remaining: 308.6
118 159.0 , Est Remaining: 307.2
119 160.3 , Est Remaining: 305.8
120 161.7 , Est Remaining: 304.5
121 163.0 , Est Remaining: 303.1
122 164.3 , Est Remaining: 301.7
123 165.7 , Est Remaining: 300.4
124 167.0 , Est Remaining: 299.0
125 168.4 , Est Remaining: 297.7
126 169.7 , Est Remaining: 296.3
127 171.1 , Est Remaining: 295.0
128 172.4 , Est Remaining: 293.6
129 173.7 , Est Remaining: 292.3
130 175.1 , Est Remaining: 290.9
131 176.4 , Est Remaining: 289.6
132 177.8 , Est Remaining: 288.2
133 179.1 , Est Remaining: 286.8
134 180.4 , Est Remaining: 285.5
135 181.8 , Est Remaining: 284.1
EVENT FAILED
135 182.1 , Est Remaining: 284.6
136 183.4 , Est Remaining: 283.2
137 184.8 , Est Remaining: 281.8
138 186.1 , Est Remaining: 280.5
139 187.4 , Est Remaining: 279.1
140 188.8 , Est Remaining: 277.8
141 190.1 , Est Remaining: 276.4
142 191.5 , Est Remaining: 275.1
143 192.8 , Est Remaining: 273.7
144 194.2 , Est Remaining: 272.4
145 195.5 , Est Remaining: 271.0
146 196.8 , Est Remaining: 269.7
147 198.2 , Est Remaining: 268.3
148 199.5 , Est Remaining: 267.0
149 200.9 , Est Remaining: 265.6
150 202.2 , Est Remaining: 264.2
151 203.5 , Est Remaining: 262.9
152 204.9 , Est Remaining: 261.5
153 206.2 , Est Remaining: 260.1
154 207.5 , Est Remaining: 258.8
155 208.9 , Est Remaining: 257.4
156 210.2 , Est Remaining: 256.0
157 211.6 , Est Remaining: 254.7
158 212.9 , Est Remaining: 253.3
159 214.3 , Est Remaining: 252.0
EVENT FAILED
159 214.6 , Est Remaining: 252.3
160 215.9 , Est Remaining: 251.0
161 217.2 , Est Remaining: 249.6
162 218.5 , Est Remaining: 248.2
163 219.9 , Est Remaining: 246.9
164 221.2 , Est Remaining: 245.5
165 222.6 , Est Remaining: 244.2
166 223.9 , Est Remaining: 242.8
167 225.3 , Est Remaining: 241.5
168 226.6 , Est Remaining: 240.1
169 228.0 , Est Remaining: 238.8
170 229.3 , Est Remaining: 237.4
171 230.7 , Est Remaining: 236.1
172 232.0 , Est Remaining: 234.7
173 233.3 , Est Remaining: 233.3
174 234.6 , Est Remaining: 231.9
175 236.0 , Est Remaining: 230.6
176 237.3 , Est Remaining: 229.2
177 238.6 , Est Remaining: 227.8
178 239.9 , Est Remaining: 226.5
179 241.2 , Est Remaining: 225.1
180 242.6 , Est Remaining: 223.7
181 243.9 , Est Remaining: 222.3
182 245.2 , Est Remaining: 221.0
183 246.5 , Est Remaining: 219.6
EVENT FAILED
183 246.8 , Est Remaining: 219.9
184 248.2 , Est Remaining: 218.5
EVENT FAILED
184 248.5 , Est Remaining: 218.7
185 249.8 , Est Remaining: 217.4
186 251.1 , Est Remaining: 216.0
187 252.4 , Est Remaining: 214.6
188 253.8 , Est Remaining: 213.3
189 255.1 , Est Remaining: 211.9
190 256.4 , Est Remaining: 210.5
191 257.7 , Est Remaining: 209.2
192 259.0 , Est Remaining: 207.8
193 260.4 , Est Remaining: 206.4
194 261.7 , Est Remaining: 205.0
195 263.0 , Est Remaining: 203.7
196 264.3 , Est Remaining: 202.3
197 265.7 , Est Remaining: 200.9
198 267.0 , Est Remaining: 199.6
199 268.3 , Est Remaining: 198.2
200 269.7 , Est Remaining: 196.9
201 271.0 , Est Remaining: 195.5
202 272.4 , Est Remaining: 194.2
203 273.8 , Est Remaining: 192.9
204 275.1 , Est Remaining: 191.5
205 276.5 , Est Remaining: 190.2
206 277.8 , Est Remaining: 188.8
207 279.2 , Est Remaining: 187.5
208 280.5 , Est Remaining: 186.1
209 281.9 , Est Remaining: 184.8
210 283.2 , Est Remaining: 183.4
211 284.6 , Est Remaining: 182.1
212 285.9 , Est Remaining: 180.7
213 287.2 , Est Remaining: 179.4
214 288.6 , Est Remaining: 178.0
215 289.9 , Est Remaining: 176.7
EVENT FAILED
215 290.2 , Est Remaining: 176.8
216 291.6 , Est Remaining: 175.5
217 292.9 , Est Remaining: 174.1
218 294.3 , Est Remaining: 172.8
219 295.6 , Est Remaining: 171.4
220 297.0 , Est Remaining: 170.1
221 298.3 , Est Remaining: 168.7
222 299.6 , Est Remaining: 167.4
223 301.0 , Est Remaining: 166.0
224 302.3 , Est Remaining: 164.7
225 303.7 , Est Remaining: 163.3
226 305.0 , Est Remaining: 161.9
227 306.3 , Est Remaining: 160.6
228 307.7 , Est Remaining: 159.2
229 309.0 , Est Remaining: 157.9
230 310.3 , Est Remaining: 156.5
231 311.7 , Est Remaining: 155.2
232 313.0 , Est Remaining: 153.8
233 314.4 , Est Remaining: 152.5
234 315.7 , Est Remaining: 151.1
235 317.0 , Est Remaining: 149.8
236 318.4 , Est Remaining: 148.4
237 319.7 , Est Remaining: 147.1
238 321.1 , Est Remaining: 145.7
239 322.4 , Est Remaining: 144.4
240 323.8 , Est Remaining: 143.0
241 325.1 , Est Remaining: 141.6
242 326.4 , Est Remaining: 140.3
243 327.8 , Est Remaining: 138.9
244 329.1 , Est Remaining: 137.6
245 330.5 , Est Remaining: 136.2
246 331.8 , Est Remaining: 134.9
247 333.1 , Est Remaining: 133.5
248 334.5 , Est Remaining: 132.2
249 335.8 , Est Remaining: 130.8
250 337.1 , Est Remaining: 129.5
251 338.5 , Est Remaining: 128.1
252 339.8 , Est Remaining: 126.8
253 341.2 , Est Remaining: 125.4
254 342.5 , Est Remaining: 124.1
255 343.8 , Est Remaining: 122.7
256 345.2 , Est Remaining: 121.4
257 346.5 , Est Remaining: 120.0
258 347.9 , Est Remaining: 118.7
259 349.2 , Est Remaining: 117.3
260 350.5 , Est Remaining: 115.9
261 351.9 , Est Remaining: 114.6
262 353.2 , Est Remaining: 113.2
263 354.6 , Est Remaining: 111.9
264 355.9 , Est Remaining: 110.6
265 357.3 , Est Remaining: 109.2
266 358.6 , Est Remaining: 107.9
267 360.0 , Est Remaining: 106.5
268 361.3 , Est Remaining: 105.2
269 362.7 , Est Remaining: 103.8
270 364.0 , Est Remaining: 102.5
271 365.3 , Est Remaining: 101.1
272 366.7 , Est Remaining: 99.8
273 368.0 , Est Remaining: 98.4
274 369.3 , Est Remaining: 97.0
EVENT FAILED
274 369.6 , Est Remaining: 97.1
275 370.9 , Est Remaining: 95.8
276 372.3 , Est Remaining: 94.4
277 373.6 , Est Remaining: 93.1
278 375.0 , Est Remaining: 91.7
279 376.3 , Est Remaining: 90.4
280 377.7 , Est Remaining: 89.0
281 379.0 , Est Remaining: 87.7
282 380.3 , Est Remaining: 86.3
283 381.7 , Est Remaining: 85.0
284 383.0 , Est Remaining: 83.6
285 384.4 , Est Remaining: 82.3
286 385.7 , Est Remaining: 80.9
287 387.1 , Est Remaining: 79.6
288 388.4 , Est Remaining: 78.2
289 389.8 , Est Remaining: 76.9
290 391.1 , Est Remaining: 75.5
291 392.4 , Est Remaining: 74.2
292 393.8 , Est Remaining: 72.8
EVENT FAILED
292 394.1 , Est Remaining: 72.9
293 395.4 , Est Remaining: 71.5
294 396.7 , Est Remaining: 70.2
295 398.1 , Est Remaining: 68.8
296 399.4 , Est Remaining: 67.5
297 400.7 , Est Remaining: 66.1
298 402.1 , Est Remaining: 64.8
299 403.4 , Est Remaining: 63.4
300 404.7 , Est Remaining: 62.1
301 406.1 , Est Remaining: 60.7
302 407.5 , Est Remaining: 59.4
303 408.8 , Est Remaining: 58.0
304 410.2 , Est Remaining: 56.7
305 411.5 , Est Remaining: 55.3
306 412.9 , Est Remaining: 54.0
307 414.2 , Est Remaining: 52.6
308 415.5 , Est Remaining: 51.3
309 416.9 , Est Remaining: 49.9
310 418.2 , Est Remaining: 48.6
311 419.6 , Est Remaining: 47.2
312 420.9 , Est Remaining: 45.9
313 422.2 , Est Remaining: 44.5
EVENT FAILED
313 422.5 , Est Remaining: 44.5
314 423.9 , Est Remaining: 43.2
315 425.2 , Est Remaining: 41.8
316 426.5 , Est Remaining: 40.5
317 427.9 , Est Remaining: 39.1
318 429.2 , Est Remaining: 37.8
319 430.6 , Est Remaining: 36.4
320 431.9 , Est Remaining: 35.1
321 433.3 , Est Remaining: 33.7
322 434.6 , Est Remaining: 32.4
323 436.0 , Est Remaining: 31.0
324 437.3 , Est Remaining: 29.7
325 438.6 , Est Remaining: 28.3
326 440.0 , Est Remaining: 27.0
327 441.3 , Est Remaining: 25.6
328 442.7 , Est Remaining: 24.3
329 444.0 , Est Remaining: 22.9
330 445.3 , Est Remaining: 21.6
331 446.7 , Est Remaining: 20.2
332 448.0 , Est Remaining: 18.9
333 449.3 , Est Remaining: 17.5
