Note: NumExpr detected 32 cores but "NUMEXPR_MAX_THREADS" not set, so enforcing safe limit of 8.
Using selector: EpollSelector
/n/home02/jhaefner/miniconda/envs/IC-3.7-2020-06-16/lib/python3.7/site-packages/scipy/optimize/minpack.py:808: OptimizeWarning: Covariance of the parameters could not be estimated
  category=OptimizeWarning)
Total rwfs: 346
0 0.0 , Est Remaining: 999999.9
1 1.4 , Est Remaining: 470.4
2 2.7 , Est Remaining: 470.6
3 4.1 , Est Remaining: 470.0
4 5.4 , Est Remaining: 465.9
5 6.8 , Est Remaining: 463.8
6 8.2 , Est Remaining: 462.5
7 9.5 , Est Remaining: 460.9
8 10.9 , Est Remaining: 459.1
EVENT FAILED
8 11.2 , Est Remaining: 471.8
9 12.5 , Est Remaining: 468.9
10 13.9 , Est Remaining: 466.3
11 15.2 , Est Remaining: 463.7
12 16.6 , Est Remaining: 461.3
13 17.9 , Est Remaining: 458.7
14 19.2 , Est Remaining: 456.3
15 20.6 , Est Remaining: 454.4
16 21.9 , Est Remaining: 452.2
17 23.3 , Est Remaining: 450.1
18 24.6 , Est Remaining: 448.1
19 25.9 , Est Remaining: 446.2
20 27.3 , Est Remaining: 444.4
21 28.6 , Est Remaining: 442.7
22 30.0 , Est Remaining: 441.1
23 31.3 , Est Remaining: 439.5
24 32.6 , Est Remaining: 438.0
25 34.0 , Est Remaining: 436.4
26 35.3 , Est Remaining: 434.7
27 36.7 , Est Remaining: 433.1
28 38.0 , Est Remaining: 431.8
29 39.4 , Est Remaining: 430.2
30 40.7 , Est Remaining: 428.8
31 42.0 , Est Remaining: 427.3
32 43.4 , Est Remaining: 425.6
33 44.7 , Est Remaining: 424.0
34 46.0 , Est Remaining: 422.3
35 47.3 , Est Remaining: 420.7
36 48.7 , Est Remaining: 419.0
37 50.0 , Est Remaining: 417.4
38 51.3 , Est Remaining: 415.9
39 52.6 , Est Remaining: 414.4
40 53.9 , Est Remaining: 412.7
41 55.3 , Est Remaining: 411.2
42 56.6 , Est Remaining: 409.8
43 57.9 , Est Remaining: 408.3
44 59.3 , Est Remaining: 406.8
45 60.6 , Est Remaining: 405.4
46 61.9 , Est Remaining: 404.0
47 63.3 , Est Remaining: 402.6
48 64.6 , Est Remaining: 401.2
49 66.0 , Est Remaining: 400.0
EVENT FAILED
49 66.3 , Est Remaining: 401.7
50 67.6 , Est Remaining: 400.4
51 69.0 , Est Remaining: 399.1
52 70.3 , Est Remaining: 397.6
53 71.7 , Est Remaining: 396.2
54 73.0 , Est Remaining: 394.8
55 74.3 , Est Remaining: 393.3
56 75.7 , Est Remaining: 391.9
57 77.0 , Est Remaining: 390.5
58 78.4 , Est Remaining: 389.1
59 79.7 , Est Remaining: 387.6
60 81.0 , Est Remaining: 386.2
61 82.3 , Est Remaining: 384.7
62 83.7 , Est Remaining: 383.4
63 85.1 , Est Remaining: 382.1
64 86.4 , Est Remaining: 380.7
65 87.7 , Est Remaining: 379.3
66 89.1 , Est Remaining: 378.0
67 90.4 , Est Remaining: 376.5
68 91.8 , Est Remaining: 375.2
69 93.1 , Est Remaining: 373.9
70 94.5 , Est Remaining: 372.5
71 95.8 , Est Remaining: 371.2
72 97.2 , Est Remaining: 369.8
73 98.5 , Est Remaining: 368.4
74 99.8 , Est Remaining: 367.0
75 101.2 , Est Remaining: 365.6
76 102.5 , Est Remaining: 364.2
77 103.9 , Est Remaining: 362.8
EVENT FAILED
77 104.2 , Est Remaining: 363.9
78 105.5 , Est Remaining: 362.4
79 106.8 , Est Remaining: 361.0
80 108.2 , Est Remaining: 359.6
81 109.5 , Est Remaining: 358.2
82 110.8 , Est Remaining: 356.9
83 112.2 , Est Remaining: 355.5
84 113.5 , Est Remaining: 354.1
85 114.9 , Est Remaining: 352.8
86 116.2 , Est Remaining: 351.4
87 117.6 , Est Remaining: 350.1
88 118.9 , Est Remaining: 348.7
89 120.3 , Est Remaining: 347.3
90 121.5 , Est Remaining: 345.6
91 122.8 , Est Remaining: 344.2
EVENT FAILED
91 123.1 , Est Remaining: 345.0
92 124.5 , Est Remaining: 343.6
93 125.8 , Est Remaining: 342.2
94 127.1 , Est Remaining: 340.9
95 128.5 , Est Remaining: 339.5
96 129.8 , Est Remaining: 338.1
97 131.2 , Est Remaining: 336.7
98 132.5 , Est Remaining: 335.3
99 133.8 , Est Remaining: 333.9
100 135.2 , Est Remaining: 332.6
101 136.5 , Est Remaining: 331.2
102 137.9 , Est Remaining: 329.8
103 139.3 , Est Remaining: 328.6
104 140.6 , Est Remaining: 327.2
105 141.9 , Est Remaining: 325.8
106 143.3 , Est Remaining: 324.4
107 144.6 , Est Remaining: 323.0
108 145.9 , Est Remaining: 321.6
109 147.2 , Est Remaining: 320.2
110 148.6 , Est Remaining: 318.8
111 149.9 , Est Remaining: 317.4
112 151.3 , Est Remaining: 316.0
113 152.6 , Est Remaining: 314.6
114 153.9 , Est Remaining: 313.2
115 155.3 , Est Remaining: 311.9
116 156.6 , Est Remaining: 310.5
117 158.0 , Est Remaining: 309.2
118 159.3 , Est Remaining: 307.8
119 160.6 , Est Remaining: 306.4
120 162.0 , Est Remaining: 305.1
121 163.3 , Est Remaining: 303.7
122 164.7 , Est Remaining: 302.3
123 166.0 , Est Remaining: 301.0
EVENT FAILED
123 166.3 , Est Remaining: 301.5
124 167.6 , Est Remaining: 300.1
125 169.0 , Est Remaining: 298.8
126 170.3 , Est Remaining: 297.4
127 171.6 , Est Remaining: 296.0
128 173.0 , Est Remaining: 294.6
129 174.3 , Est Remaining: 293.2
130 175.6 , Est Remaining: 291.8
131 177.0 , Est Remaining: 290.4
132 178.3 , Est Remaining: 289.0
133 179.6 , Est Remaining: 287.7
134 181.0 , Est Remaining: 286.3
135 182.3 , Est Remaining: 284.9
136 183.6 , Est Remaining: 283.5
137 184.9 , Est Remaining: 282.1
138 186.3 , Est Remaining: 280.8
139 187.6 , Est Remaining: 279.4
140 188.9 , Est Remaining: 278.0
141 190.3 , Est Remaining: 276.6
142 191.6 , Est Remaining: 275.3
143 193.0 , Est Remaining: 273.9
144 194.3 , Est Remaining: 272.6
145 195.7 , Est Remaining: 271.2
146 197.0 , Est Remaining: 269.9
147 198.4 , Est Remaining: 268.5
148 199.7 , Est Remaining: 267.2
149 201.1 , Est Remaining: 265.9
150 202.5 , Est Remaining: 264.6
151 203.9 , Est Remaining: 263.3
152 205.2 , Est Remaining: 261.9
153 206.6 , Est Remaining: 260.6
154 207.9 , Est Remaining: 259.2
155 209.3 , Est Remaining: 257.9
156 210.6 , Est Remaining: 256.5
157 212.0 , Est Remaining: 255.2
158 213.3 , Est Remaining: 253.8
159 214.7 , Est Remaining: 252.5
160 216.0 , Est Remaining: 251.1
161 217.4 , Est Remaining: 249.8
162 218.7 , Est Remaining: 248.4
163 220.0 , Est Remaining: 247.0
164 221.4 , Est Remaining: 245.7
165 222.7 , Est Remaining: 244.3
166 224.1 , Est Remaining: 242.9
167 225.4 , Est Remaining: 241.6
168 226.7 , Est Remaining: 240.2
169 228.1 , Est Remaining: 238.9
170 229.4 , Est Remaining: 237.5
171 230.7 , Est Remaining: 236.1
172 232.1 , Est Remaining: 234.8
173 233.4 , Est Remaining: 233.4
174 234.7 , Est Remaining: 232.1
EVENT FAILED
174 235.0 , Est Remaining: 232.3
175 236.4 , Est Remaining: 231.0
176 237.7 , Est Remaining: 229.6
177 239.0 , Est Remaining: 228.2
178 240.4 , Est Remaining: 226.9
179 241.7 , Est Remaining: 225.5
180 243.0 , Est Remaining: 224.1
181 244.4 , Est Remaining: 222.8
182 245.7 , Est Remaining: 221.4
183 247.0 , Est Remaining: 220.0
184 248.3 , Est Remaining: 218.7
185 249.7 , Est Remaining: 217.3
186 251.0 , Est Remaining: 215.9
187 252.3 , Est Remaining: 214.6
188 253.7 , Est Remaining: 213.2
189 255.0 , Est Remaining: 211.8
190 256.3 , Est Remaining: 210.4
191 257.6 , Est Remaining: 209.1
192 259.0 , Est Remaining: 207.7
193 260.3 , Est Remaining: 206.3
194 261.6 , Est Remaining: 204.9
195 262.9 , Est Remaining: 203.6
196 264.2 , Est Remaining: 202.2
197 265.5 , Est Remaining: 200.8
198 266.9 , Est Remaining: 199.5
199 268.2 , Est Remaining: 198.1
200 269.5 , Est Remaining: 196.8
201 270.8 , Est Remaining: 195.4
202 272.3 , Est Remaining: 194.1
203 273.6 , Est Remaining: 192.7
204 274.9 , Est Remaining: 191.4
205 276.3 , Est Remaining: 190.0
206 277.6 , Est Remaining: 188.7
207 278.9 , Est Remaining: 187.3
208 280.3 , Est Remaining: 186.0
209 281.6 , Est Remaining: 184.6
210 282.9 , Est Remaining: 183.2
211 284.3 , Est Remaining: 181.9
212 285.6 , Est Remaining: 180.5
213 287.0 , Est Remaining: 179.2
214 288.3 , Est Remaining: 177.8
215 289.6 , Est Remaining: 176.5
216 290.9 , Est Remaining: 175.1
217 292.2 , Est Remaining: 173.7
218 293.6 , Est Remaining: 172.4
219 294.9 , Est Remaining: 171.0
220 296.2 , Est Remaining: 169.6
221 297.5 , Est Remaining: 168.3
222 298.8 , Est Remaining: 166.9
223 300.1 , Est Remaining: 165.5
224 301.5 , Est Remaining: 164.2
225 302.8 , Est Remaining: 162.8
226 304.1 , Est Remaining: 161.5
EVENT FAILED
226 304.4 , Est Remaining: 161.6
227 305.7 , Est Remaining: 160.3
228 307.0 , Est Remaining: 158.9
229 308.4 , Est Remaining: 157.6
230 310.0 , Est Remaining: 156.3
231 311.3 , Est Remaining: 155.0
232 312.7 , Est Remaining: 153.6
233 314.0 , Est Remaining: 152.3
234 315.3 , Est Remaining: 150.9
235 316.7 , Est Remaining: 149.6
236 318.0 , Est Remaining: 148.2
237 319.3 , Est Remaining: 146.9
238 320.7 , Est Remaining: 145.5
239 322.0 , Est Remaining: 144.2
EVENT FAILED
239 322.3 , Est Remaining: 144.3
240 323.6 , Est Remaining: 142.9
241 325.0 , Est Remaining: 141.6
242 326.3 , Est Remaining: 140.2
243 327.6 , Est Remaining: 138.9
244 328.9 , Est Remaining: 137.5
245 330.3 , Est Remaining: 136.2
246 331.6 , Est Remaining: 134.8
247 333.0 , Est Remaining: 133.5
248 334.3 , Est Remaining: 132.1
249 335.6 , Est Remaining: 130.7
250 337.0 , Est Remaining: 129.4
251 338.3 , Est Remaining: 128.0
252 339.6 , Est Remaining: 126.7
253 340.9 , Est Remaining: 125.3
EVENT FAILED
253 341.2 , Est Remaining: 125.4
254 342.6 , Est Remaining: 124.1
255 343.9 , Est Remaining: 122.7
256 345.2 , Est Remaining: 121.4
257 346.6 , Est Remaining: 120.0
258 347.9 , Est Remaining: 118.7
259 349.2 , Est Remaining: 117.3
260 350.6 , Est Remaining: 116.0
261 351.9 , Est Remaining: 114.6
262 353.2 , Est Remaining: 113.2
263 354.5 , Est Remaining: 111.9
264 355.9 , Est Remaining: 110.5
265 357.2 , Est Remaining: 109.2
266 358.5 , Est Remaining: 107.8
267 359.9 , Est Remaining: 106.5
EVENT FAILED
267 360.2 , Est Remaining: 106.6
268 361.5 , Est Remaining: 105.2
269 362.8 , Est Remaining: 103.9
270 364.1 , Est Remaining: 102.5
271 365.5 , Est Remaining: 101.1
272 366.8 , Est Remaining: 99.8
EVENT FAILED
272 367.1 , Est Remaining: 99.9
273 368.4 , Est Remaining: 98.5
274 369.8 , Est Remaining: 97.2
275 371.1 , Est Remaining: 95.8
276 372.4 , Est Remaining: 94.5
277 373.8 , Est Remaining: 93.1
278 375.1 , Est Remaining: 91.7
279 376.4 , Est Remaining: 90.4
280 377.8 , Est Remaining: 89.0
281 379.1 , Est Remaining: 87.7
282 380.4 , Est Remaining: 86.3
EVENT FAILED
282 380.7 , Est Remaining: 86.4
283 382.1 , Est Remaining: 85.1
284 383.4 , Est Remaining: 83.7
285 384.7 , Est Remaining: 82.3
286 386.1 , Est Remaining: 81.0
287 387.4 , Est Remaining: 79.6
288 388.8 , Est Remaining: 78.3
289 390.1 , Est Remaining: 76.9
290 391.4 , Est Remaining: 75.6
291 392.8 , Est Remaining: 74.2
292 394.1 , Est Remaining: 72.9
293 395.5 , Est Remaining: 71.5
294 396.8 , Est Remaining: 70.2
295 398.1 , Est Remaining: 68.8
296 399.4 , Est Remaining: 67.5
297 400.8 , Est Remaining: 66.1
298 402.1 , Est Remaining: 64.8
EVENT FAILED
298 402.4 , Est Remaining: 64.8
299 403.7 , Est Remaining: 63.5
300 405.0 , Est Remaining: 62.1
301 406.5 , Est Remaining: 60.8
302 407.8 , Est Remaining: 59.4
303 409.2 , Est Remaining: 58.1
304 410.5 , Est Remaining: 56.7
305 411.8 , Est Remaining: 55.4
306 413.1 , Est Remaining: 54.0
307 414.4 , Est Remaining: 52.6
308 415.8 , Est Remaining: 51.3
309 417.1 , Est Remaining: 49.9
310 418.4 , Est Remaining: 48.6
311 419.7 , Est Remaining: 47.2
312 421.0 , Est Remaining: 45.9
313 422.4 , Est Remaining: 44.5
EVENT FAILED
313 422.7 , Est Remaining: 44.6
314 424.0 , Est Remaining: 43.2
EVENT FAILED
314 424.3 , Est Remaining: 43.2
315 425.6 , Est Remaining: 41.9
316 426.9 , Est Remaining: 40.5
317 428.2 , Est Remaining: 39.2
318 429.6 , Est Remaining: 37.8
319 430.7 , Est Remaining: 36.5
320 432.1 , Est Remaining: 35.1
321 433.4 , Est Remaining: 33.8
322 434.7 , Est Remaining: 32.4
323 436.0 , Est Remaining: 31.0
324 437.4 , Est Remaining: 29.7
325 438.7 , Est Remaining: 28.3
326 440.0 , Est Remaining: 27.0
327 441.3 , Est Remaining: 25.6
328 442.6 , Est Remaining: 24.3
329 444.0 , Est Remaining: 22.9
330 445.3 , Est Remaining: 21.6
