Note: NumExpr detected 32 cores but "NUMEXPR_MAX_THREADS" not set, so enforcing safe limit of 8.
Using selector: EpollSelector
/n/home02/jhaefner/miniconda/envs/IC-3.7-2020-06-16/lib/python3.7/site-packages/scipy/optimize/minpack.py:808: OptimizeWarning: Covariance of the parameters could not be estimated
  category=OptimizeWarning)
Total rwfs: 346
0 0.0 , Est Remaining: 999999.9
1 1.4 , Est Remaining: 474.4
2 2.7 , Est Remaining: 469.1
3 4.1 , Est Remaining: 469.5
4 5.4 , Est Remaining: 465.3
EVENT FAILED
4 5.7 , Est Remaining: 491.3
5 7.1 , Est Remaining: 483.1
6 8.4 , Est Remaining: 477.9
7 9.7 , Est Remaining: 471.8
8 11.1 , Est Remaining: 467.1
9 12.4 , Est Remaining: 463.6
10 13.7 , Est Remaining: 461.3
11 15.1 , Est Remaining: 458.4
12 16.4 , Est Remaining: 455.9
13 17.7 , Est Remaining: 453.5
14 19.0 , Est Remaining: 451.3
15 20.4 , Est Remaining: 449.4
16 21.7 , Est Remaining: 447.3
17 23.0 , Est Remaining: 445.7
18 24.4 , Est Remaining: 444.0
19 25.7 , Est Remaining: 442.2
20 27.0 , Est Remaining: 440.5
21 28.4 , Est Remaining: 439.0
22 29.7 , Est Remaining: 437.7
23 31.0 , Est Remaining: 436.0
24 32.4 , Est Remaining: 434.7
25 33.8 , Est Remaining: 433.4
26 35.1 , Est Remaining: 431.9
27 36.4 , Est Remaining: 430.3
EVENT FAILED
27 36.7 , Est Remaining: 433.8
28 38.1 , Est Remaining: 432.2
29 39.4 , Est Remaining: 430.6
30 40.7 , Est Remaining: 429.0
31 42.1 , Est Remaining: 427.4
32 43.4 , Est Remaining: 425.7
33 44.7 , Est Remaining: 424.3
34 46.1 , Est Remaining: 422.9
35 47.4 , Est Remaining: 421.4
36 48.8 , Est Remaining: 420.0
37 50.1 , Est Remaining: 418.6
38 51.5 , Est Remaining: 417.1
39 52.8 , Est Remaining: 415.7
40 54.2 , Est Remaining: 414.3
41 55.5 , Est Remaining: 412.9
42 56.8 , Est Remaining: 411.4
43 58.2 , Est Remaining: 409.9
44 59.5 , Est Remaining: 408.5
45 60.9 , Est Remaining: 407.1
46 62.2 , Est Remaining: 405.7
EVENT FAILED
46 62.5 , Est Remaining: 407.6
47 63.8 , Est Remaining: 406.1
48 65.2 , Est Remaining: 404.7
49 66.5 , Est Remaining: 403.4
50 67.9 , Est Remaining: 401.9
51 69.2 , Est Remaining: 400.4
52 70.6 , Est Remaining: 399.0
53 71.9 , Est Remaining: 397.5
54 73.2 , Est Remaining: 396.1
55 74.6 , Est Remaining: 394.7
56 75.9 , Est Remaining: 393.3
57 77.3 , Est Remaining: 391.9
58 78.6 , Est Remaining: 390.4
59 80.0 , Est Remaining: 389.0
60 81.3 , Est Remaining: 387.6
61 82.6 , Est Remaining: 386.1
62 84.0 , Est Remaining: 384.7
63 85.3 , Est Remaining: 383.3
64 86.7 , Est Remaining: 381.9
65 88.0 , Est Remaining: 380.5
EVENT FAILED
65 88.3 , Est Remaining: 381.8
66 89.7 , Est Remaining: 380.4
67 91.0 , Est Remaining: 378.9
68 92.3 , Est Remaining: 377.5
69 93.7 , Est Remaining: 376.1
70 95.1 , Est Remaining: 374.8
71 96.4 , Est Remaining: 373.4
72 97.8 , Est Remaining: 372.0
73 99.1 , Est Remaining: 370.6
74 100.5 , Est Remaining: 369.2
EVENT FAILED
74 100.7 , Est Remaining: 370.3
75 102.1 , Est Remaining: 368.9
76 103.5 , Est Remaining: 367.5
77 104.8 , Est Remaining: 366.1
78 106.1 , Est Remaining: 364.7
79 107.5 , Est Remaining: 363.3
80 108.8 , Est Remaining: 361.9
81 110.2 , Est Remaining: 360.5
82 111.5 , Est Remaining: 359.1
83 112.9 , Est Remaining: 357.6
84 114.2 , Est Remaining: 356.3
85 115.6 , Est Remaining: 354.8
86 116.9 , Est Remaining: 353.4
87 118.3 , Est Remaining: 352.1
88 119.6 , Est Remaining: 350.6
89 120.9 , Est Remaining: 349.2
90 122.3 , Est Remaining: 347.8
91 123.6 , Est Remaining: 346.4
92 124.9 , Est Remaining: 345.0
93 126.3 , Est Remaining: 343.6
94 127.6 , Est Remaining: 342.2
95 129.0 , Est Remaining: 340.8
96 130.3 , Est Remaining: 339.4
97 131.7 , Est Remaining: 338.0
98 133.0 , Est Remaining: 336.6
99 134.3 , Est Remaining: 335.2
100 135.7 , Est Remaining: 333.8
101 137.0 , Est Remaining: 332.4
102 138.4 , Est Remaining: 331.0
103 139.8 , Est Remaining: 329.7
104 141.1 , Est Remaining: 328.4
105 142.4 , Est Remaining: 327.0
106 143.8 , Est Remaining: 325.6
107 145.1 , Est Remaining: 324.2
108 146.5 , Est Remaining: 322.7
109 147.8 , Est Remaining: 321.4
110 149.1 , Est Remaining: 320.0
111 150.5 , Est Remaining: 318.6
112 151.8 , Est Remaining: 317.2
113 153.2 , Est Remaining: 315.8
114 154.5 , Est Remaining: 314.5
115 155.9 , Est Remaining: 313.1
116 157.2 , Est Remaining: 311.7
117 158.6 , Est Remaining: 310.3
118 159.9 , Est Remaining: 309.0
119 161.3 , Est Remaining: 307.6
120 162.6 , Est Remaining: 306.2
121 163.9 , Est Remaining: 304.8
122 165.3 , Est Remaining: 303.5
123 166.6 , Est Remaining: 302.1
124 168.0 , Est Remaining: 300.7
125 169.3 , Est Remaining: 299.3
126 170.7 , Est Remaining: 298.0
127 172.0 , Est Remaining: 296.6
128 173.4 , Est Remaining: 295.3
129 174.7 , Est Remaining: 293.9
130 176.0 , Est Remaining: 292.5
EVENT FAILED
130 176.3 , Est Remaining: 293.0
131 177.7 , Est Remaining: 291.6
132 179.0 , Est Remaining: 290.2
133 180.4 , Est Remaining: 288.8
134 181.7 , Est Remaining: 287.5
135 183.1 , Est Remaining: 286.1
136 184.4 , Est Remaining: 284.7
137 185.8 , Est Remaining: 283.4
138 187.1 , Est Remaining: 282.0
139 188.5 , Est Remaining: 280.7
140 189.8 , Est Remaining: 279.3
141 191.1 , Est Remaining: 277.9
142 192.5 , Est Remaining: 276.5
143 193.8 , Est Remaining: 275.2
144 195.2 , Est Remaining: 273.8
145 196.5 , Est Remaining: 272.4
146 197.9 , Est Remaining: 271.0
147 199.2 , Est Remaining: 269.7
148 200.6 , Est Remaining: 268.4
149 201.9 , Est Remaining: 267.0
150 203.3 , Est Remaining: 265.6
151 204.6 , Est Remaining: 264.2
152 206.0 , Est Remaining: 262.9
153 207.3 , Est Remaining: 261.5
154 208.6 , Est Remaining: 260.1
155 209.9 , Est Remaining: 258.7
156 211.3 , Est Remaining: 257.3
157 212.6 , Est Remaining: 256.0
158 214.0 , Est Remaining: 254.6
159 215.3 , Est Remaining: 253.3
160 216.7 , Est Remaining: 251.9
161 218.0 , Est Remaining: 250.5
162 219.4 , Est Remaining: 249.2
EVENT FAILED
162 219.7 , Est Remaining: 249.5
163 221.0 , Est Remaining: 248.1
164 222.4 , Est Remaining: 246.8
165 223.7 , Est Remaining: 245.4
166 225.1 , Est Remaining: 244.0
167 226.4 , Est Remaining: 242.7
168 227.7 , Est Remaining: 241.3
169 229.1 , Est Remaining: 239.9
170 230.4 , Est Remaining: 238.6
171 231.8 , Est Remaining: 237.2
172 233.1 , Est Remaining: 235.8
173 234.4 , Est Remaining: 234.4
174 235.8 , Est Remaining: 233.1
175 237.1 , Est Remaining: 231.7
176 238.5 , Est Remaining: 230.3
177 239.8 , Est Remaining: 229.0
178 241.1 , Est Remaining: 227.6
179 242.5 , Est Remaining: 226.2
180 243.8 , Est Remaining: 224.9
EVENT FAILED
180 244.1 , Est Remaining: 225.1
181 245.5 , Est Remaining: 223.8
182 246.8 , Est Remaining: 222.4
183 248.1 , Est Remaining: 221.0
184 249.5 , Est Remaining: 219.7
185 250.8 , Est Remaining: 218.3
186 252.2 , Est Remaining: 216.9
187 253.5 , Est Remaining: 215.5
188 254.8 , Est Remaining: 214.2
189 256.2 , Est Remaining: 212.8
190 257.5 , Est Remaining: 211.5
191 258.9 , Est Remaining: 210.1
192 260.2 , Est Remaining: 208.7
193 261.6 , Est Remaining: 207.4
194 262.9 , Est Remaining: 206.0
195 264.3 , Est Remaining: 204.6
196 265.6 , Est Remaining: 203.3
197 267.0 , Est Remaining: 201.9
198 268.3 , Est Remaining: 200.6
199 269.7 , Est Remaining: 199.2
200 271.0 , Est Remaining: 197.9
201 272.4 , Est Remaining: 196.5
202 273.8 , Est Remaining: 195.2
203 275.2 , Est Remaining: 193.9
204 276.6 , Est Remaining: 192.5
205 277.9 , Est Remaining: 191.1
EVENT FAILED
205 278.2 , Est Remaining: 191.4
206 279.6 , Est Remaining: 190.0
207 280.9 , Est Remaining: 188.6
208 282.3 , Est Remaining: 187.3
209 283.6 , Est Remaining: 185.9
210 285.0 , Est Remaining: 184.5
211 286.3 , Est Remaining: 183.2
212 287.6 , Est Remaining: 181.8
213 289.0 , Est Remaining: 180.4
214 290.3 , Est Remaining: 179.1
215 291.6 , Est Remaining: 177.7
216 293.0 , Est Remaining: 176.3
217 294.3 , Est Remaining: 175.0
218 295.7 , Est Remaining: 173.6
219 297.0 , Est Remaining: 172.3
220 298.4 , Est Remaining: 170.9
221 299.7 , Est Remaining: 169.5
222 301.1 , Est Remaining: 168.2
223 302.4 , Est Remaining: 166.8
224 303.8 , Est Remaining: 165.4
225 305.1 , Est Remaining: 164.1
226 306.5 , Est Remaining: 162.7
227 307.8 , Est Remaining: 161.4
228 309.2 , Est Remaining: 160.0
229 310.5 , Est Remaining: 158.6
230 311.8 , Est Remaining: 157.3
231 313.2 , Est Remaining: 155.9
232 314.5 , Est Remaining: 154.5
233 315.8 , Est Remaining: 153.2
EVENT FAILED
233 316.1 , Est Remaining: 153.3
234 317.5 , Est Remaining: 151.9
235 318.8 , Est Remaining: 150.6
236 320.1 , Est Remaining: 149.2
237 321.5 , Est Remaining: 147.9
238 322.8 , Est Remaining: 146.5
239 324.1 , Est Remaining: 145.1
240 325.5 , Est Remaining: 143.8
241 326.8 , Est Remaining: 142.4
242 328.1 , Est Remaining: 141.0
243 329.5 , Est Remaining: 139.7
244 330.8 , Est Remaining: 138.3
245 332.2 , Est Remaining: 136.9
246 333.5 , Est Remaining: 135.6
247 334.9 , Est Remaining: 134.2
248 336.2 , Est Remaining: 132.9
249 337.6 , Est Remaining: 131.5
250 338.9 , Est Remaining: 130.1
251 340.3 , Est Remaining: 128.8
252 341.6 , Est Remaining: 127.4
253 342.9 , Est Remaining: 126.1
254 344.3 , Est Remaining: 124.7
255 345.6 , Est Remaining: 123.3
256 347.0 , Est Remaining: 122.0
257 348.3 , Est Remaining: 120.6
258 349.6 , Est Remaining: 119.3
259 351.0 , Est Remaining: 117.9
260 352.3 , Est Remaining: 116.5
261 353.6 , Est Remaining: 115.2
262 355.0 , Est Remaining: 113.8
263 356.3 , Est Remaining: 112.4
264 357.7 , Est Remaining: 111.1
265 359.0 , Est Remaining: 109.7
266 360.3 , Est Remaining: 108.4
267 361.7 , Est Remaining: 107.0
EVENT FAILED
267 362.0 , Est Remaining: 107.1
268 363.3 , Est Remaining: 105.7
269 364.7 , Est Remaining: 104.4
270 366.0 , Est Remaining: 103.0
271 367.3 , Est Remaining: 101.7
272 368.7 , Est Remaining: 100.3
273 370.1 , Est Remaining: 99.0
274 371.4 , Est Remaining: 97.6
275 372.7 , Est Remaining: 96.2
276 374.1 , Est Remaining: 94.9
277 375.4 , Est Remaining: 93.5
278 376.8 , Est Remaining: 92.2
279 378.1 , Est Remaining: 90.8
280 379.4 , Est Remaining: 89.4
281 380.8 , Est Remaining: 88.1
282 382.1 , Est Remaining: 86.7
283 383.5 , Est Remaining: 85.4
284 384.8 , Est Remaining: 84.0
285 386.2 , Est Remaining: 82.7
286 387.5 , Est Remaining: 81.3
287 388.9 , Est Remaining: 79.9
288 390.2 , Est Remaining: 78.6
EVENT FAILED
288 390.5 , Est Remaining: 78.6
289 391.8 , Est Remaining: 77.3
290 393.2 , Est Remaining: 75.9
291 394.5 , Est Remaining: 74.6
292 395.9 , Est Remaining: 73.2
293 397.2 , Est Remaining: 71.9
294 398.6 , Est Remaining: 70.5
295 399.9 , Est Remaining: 69.1
296 401.3 , Est Remaining: 67.8
297 402.6 , Est Remaining: 66.4
298 403.9 , Est Remaining: 65.1
299 405.3 , Est Remaining: 63.7
300 406.6 , Est Remaining: 62.4
301 408.0 , Est Remaining: 61.0
302 409.5 , Est Remaining: 59.7
303 410.8 , Est Remaining: 58.3
304 412.2 , Est Remaining: 56.9
305 413.5 , Est Remaining: 55.6
306 414.9 , Est Remaining: 54.2
EVENT FAILED
306 415.2 , Est Remaining: 54.3
307 416.5 , Est Remaining: 52.9
308 417.8 , Est Remaining: 51.6
309 419.2 , Est Remaining: 50.2
EVENT FAILED
309 419.5 , Est Remaining: 50.2
310 420.8 , Est Remaining: 48.9
311 422.2 , Est Remaining: 47.5
312 423.5 , Est Remaining: 46.1
313 424.8 , Est Remaining: 44.8
314 426.2 , Est Remaining: 43.4
315 427.5 , Est Remaining: 42.1
316 428.9 , Est Remaining: 40.7
317 430.2 , Est Remaining: 39.4
318 431.6 , Est Remaining: 38.0
319 432.9 , Est Remaining: 36.6
320 434.2 , Est Remaining: 35.3
321 435.6 , Est Remaining: 33.9
322 436.9 , Est Remaining: 32.6
323 438.2 , Est Remaining: 31.2
324 439.6 , Est Remaining: 29.8
325 440.9 , Est Remaining: 28.5
326 442.2 , Est Remaining: 27.1
327 443.6 , Est Remaining: 25.8
EVENT FAILED
327 443.9 , Est Remaining: 25.8
328 445.2 , Est Remaining: 24.4
329 446.6 , Est Remaining: 23.1
330 447.9 , Est Remaining: 21.7
