Note: NumExpr detected 32 cores but "NUMEXPR_MAX_THREADS" not set, so enforcing safe limit of 8.
Using selector: EpollSelector
/n/home02/jhaefner/miniconda/envs/IC-3.7-2020-06-16/lib/python3.7/site-packages/scipy/optimize/minpack.py:808: OptimizeWarning: Covariance of the parameters could not be estimated
  category=OptimizeWarning)
Total rwfs: 346
0 0.0 , Est Remaining: 999999.9
1 1.3 , Est Remaining: 462.1
2 2.7 , Est Remaining: 460.9
3 4.0 , Est Remaining: 460.1
4 5.4 , Est Remaining: 458.0
5 6.7 , Est Remaining: 455.2
6 8.0 , Est Remaining: 453.2
7 9.3 , Est Remaining: 451.6
8 10.6 , Est Remaining: 449.8
9 12.0 , Est Remaining: 448.3
10 13.3 , Est Remaining: 446.7
11 14.6 , Est Remaining: 445.1
12 15.9 , Est Remaining: 443.5
13 17.3 , Est Remaining: 442.5
14 18.6 , Est Remaining: 441.2
15 19.9 , Est Remaining: 439.7
16 21.2 , Est Remaining: 438.0
17 22.6 , Est Remaining: 436.8
18 23.9 , Est Remaining: 435.5
19 25.2 , Est Remaining: 433.9
20 26.5 , Est Remaining: 432.5
21 27.9 , Est Remaining: 431.1
22 29.2 , Est Remaining: 429.8
23 30.5 , Est Remaining: 428.7
24 31.9 , Est Remaining: 427.8
25 33.2 , Est Remaining: 426.6
26 34.6 , Est Remaining: 425.3
27 35.9 , Est Remaining: 424.1
28 37.2 , Est Remaining: 422.8
29 38.6 , Est Remaining: 421.6
30 39.9 , Est Remaining: 420.4
31 41.3 , Est Remaining: 419.3
32 42.6 , Est Remaining: 418.1
33 43.9 , Est Remaining: 416.7
34 45.3 , Est Remaining: 415.4
35 46.6 , Est Remaining: 414.2
36 47.9 , Est Remaining: 412.8
37 49.3 , Est Remaining: 411.5
38 50.6 , Est Remaining: 410.2
39 52.0 , Est Remaining: 409.0
40 53.3 , Est Remaining: 407.9
41 54.7 , Est Remaining: 406.6
42 56.0 , Est Remaining: 405.2
43 57.3 , Est Remaining: 403.9
44 58.6 , Est Remaining: 402.5
45 60.0 , Est Remaining: 401.3
46 61.3 , Est Remaining: 399.9
47 62.6 , Est Remaining: 398.6
48 64.0 , Est Remaining: 397.2
49 65.3 , Est Remaining: 395.9
50 66.6 , Est Remaining: 394.5
51 68.0 , Est Remaining: 393.2
52 69.3 , Est Remaining: 391.8
53 70.6 , Est Remaining: 390.5
54 72.0 , Est Remaining: 389.2
55 73.3 , Est Remaining: 387.9
56 74.6 , Est Remaining: 386.5
57 76.0 , Est Remaining: 385.3
58 77.3 , Est Remaining: 383.9
59 78.7 , Est Remaining: 382.7
60 80.0 , Est Remaining: 381.4
61 81.3 , Est Remaining: 380.1
62 82.7 , Est Remaining: 378.8
63 84.1 , Est Remaining: 377.6
64 85.4 , Est Remaining: 376.4
65 86.7 , Est Remaining: 375.0
66 88.1 , Est Remaining: 373.6
EVENT FAILED
66 88.4 , Est Remaining: 374.9
67 89.7 , Est Remaining: 373.5
68 91.0 , Est Remaining: 372.2
69 92.3 , Est Remaining: 370.7
EVENT FAILED
69 92.6 , Est Remaining: 371.9
70 94.0 , Est Remaining: 370.6
71 95.3 , Est Remaining: 369.2
72 96.7 , Est Remaining: 367.9
73 98.0 , Est Remaining: 366.5
74 99.4 , Est Remaining: 365.2
75 100.7 , Est Remaining: 363.9
76 102.0 , Est Remaining: 362.5
77 103.4 , Est Remaining: 361.1
78 104.7 , Est Remaining: 359.7
79 106.0 , Est Remaining: 358.4
80 107.4 , Est Remaining: 357.0
81 108.7 , Est Remaining: 355.6
82 110.0 , Est Remaining: 354.2
83 111.3 , Est Remaining: 352.8
84 112.7 , Est Remaining: 351.4
85 114.0 , Est Remaining: 350.1
EVENT FAILED
85 114.3 , Est Remaining: 351.0
86 115.6 , Est Remaining: 349.6
87 117.0 , Est Remaining: 348.3
88 118.3 , Est Remaining: 346.9
EVENT FAILED
88 118.6 , Est Remaining: 347.8
89 120.0 , Est Remaining: 346.4
90 121.3 , Est Remaining: 345.0
91 122.6 , Est Remaining: 343.6
92 124.0 , Est Remaining: 342.2
93 125.3 , Est Remaining: 340.8
94 126.6 , Est Remaining: 339.5
95 128.0 , Est Remaining: 338.1
96 129.3 , Est Remaining: 336.7
97 130.6 , Est Remaining: 335.3
98 132.0 , Est Remaining: 334.0
99 133.3 , Est Remaining: 332.6
100 134.6 , Est Remaining: 331.2
101 136.0 , Est Remaining: 329.8
102 137.3 , Est Remaining: 328.4
103 138.7 , Est Remaining: 327.2
104 140.1 , Est Remaining: 325.9
105 141.4 , Est Remaining: 324.5
106 142.7 , Est Remaining: 323.2
107 144.1 , Est Remaining: 321.8
108 145.4 , Est Remaining: 320.5
109 146.8 , Est Remaining: 319.1
110 148.1 , Est Remaining: 317.8
111 149.5 , Est Remaining: 316.4
112 150.8 , Est Remaining: 315.0
113 152.1 , Est Remaining: 313.6
114 153.4 , Est Remaining: 312.3
115 154.8 , Est Remaining: 310.9
116 156.1 , Est Remaining: 309.5
117 157.4 , Est Remaining: 308.2
118 158.8 , Est Remaining: 306.8
119 160.1 , Est Remaining: 305.4
120 161.5 , Est Remaining: 304.1
121 162.8 , Est Remaining: 302.7
122 164.1 , Est Remaining: 301.3
123 165.5 , Est Remaining: 300.0
124 166.8 , Est Remaining: 298.6
125 168.1 , Est Remaining: 297.3
126 169.5 , Est Remaining: 295.9
127 170.8 , Est Remaining: 294.6
128 172.2 , Est Remaining: 293.2
129 173.5 , Est Remaining: 291.9
130 174.9 , Est Remaining: 290.5
131 176.2 , Est Remaining: 289.2
132 177.5 , Est Remaining: 287.8
133 178.9 , Est Remaining: 286.5
134 180.2 , Est Remaining: 285.1
135 181.6 , Est Remaining: 283.8
136 182.9 , Est Remaining: 282.4
137 184.2 , Est Remaining: 281.1
138 185.6 , Est Remaining: 279.7
139 186.9 , Est Remaining: 278.3
140 188.2 , Est Remaining: 277.0
141 189.6 , Est Remaining: 275.6
142 190.9 , Est Remaining: 274.3
EVENT FAILED
142 191.2 , Est Remaining: 274.7
143 192.6 , Est Remaining: 273.3
144 193.9 , Est Remaining: 272.0
145 195.2 , Est Remaining: 270.6
146 196.6 , Est Remaining: 269.3
147 197.9 , Est Remaining: 267.9
148 199.2 , Est Remaining: 266.5
149 200.6 , Est Remaining: 265.2
150 201.9 , Est Remaining: 263.8
151 203.3 , Est Remaining: 262.5
152 204.6 , Est Remaining: 261.1
153 205.9 , Est Remaining: 259.8
154 207.3 , Est Remaining: 258.4
155 208.6 , Est Remaining: 257.1
156 209.9 , Est Remaining: 255.7
157 211.3 , Est Remaining: 254.3
158 212.6 , Est Remaining: 253.0
159 213.9 , Est Remaining: 251.6
160 215.3 , Est Remaining: 250.2
161 216.6 , Est Remaining: 248.9
162 217.9 , Est Remaining: 247.5
163 219.3 , Est Remaining: 246.2
164 220.6 , Est Remaining: 244.8
165 221.9 , Est Remaining: 243.4
166 223.2 , Est Remaining: 242.1
167 224.6 , Est Remaining: 240.7
168 225.9 , Est Remaining: 239.4
169 227.2 , Est Remaining: 238.0
170 228.6 , Est Remaining: 236.6
171 229.9 , Est Remaining: 235.3
172 231.2 , Est Remaining: 233.9
173 232.5 , Est Remaining: 232.5
174 233.9 , Est Remaining: 231.2
175 235.2 , Est Remaining: 229.8
176 236.5 , Est Remaining: 228.5
177 237.9 , Est Remaining: 227.1
178 239.2 , Est Remaining: 225.8
179 240.5 , Est Remaining: 224.4
180 241.8 , Est Remaining: 223.0
181 243.2 , Est Remaining: 221.7
182 244.5 , Est Remaining: 220.3
183 245.9 , Est Remaining: 219.0
184 247.2 , Est Remaining: 217.6
185 248.5 , Est Remaining: 216.3
186 249.9 , Est Remaining: 214.9
187 251.2 , Est Remaining: 213.6
188 252.6 , Est Remaining: 212.3
189 253.9 , Est Remaining: 210.9
190 255.3 , Est Remaining: 209.6
191 256.6 , Est Remaining: 208.2
192 257.9 , Est Remaining: 206.9
193 259.3 , Est Remaining: 205.5
194 260.6 , Est Remaining: 204.2
195 261.8 , Est Remaining: 202.7
196 263.2 , Est Remaining: 201.4
197 264.5 , Est Remaining: 200.1
198 265.8 , Est Remaining: 198.7
199 267.2 , Est Remaining: 197.4
200 268.5 , Est Remaining: 196.0
201 269.8 , Est Remaining: 194.6
202 271.1 , Est Remaining: 193.3
203 272.6 , Est Remaining: 192.0
204 273.9 , Est Remaining: 190.6
205 275.2 , Est Remaining: 189.3
206 276.5 , Est Remaining: 187.9
207 277.8 , Est Remaining: 186.6
208 279.2 , Est Remaining: 185.2
209 280.5 , Est Remaining: 183.9
210 281.8 , Est Remaining: 182.5
211 283.1 , Est Remaining: 181.1
212 284.5 , Est Remaining: 179.8
EVENT FAILED
212 284.8 , Est Remaining: 180.0
213 286.1 , Est Remaining: 178.6
214 287.4 , Est Remaining: 177.3
215 288.8 , Est Remaining: 175.9
216 290.1 , Est Remaining: 174.6
217 291.4 , Est Remaining: 173.2
218 292.7 , Est Remaining: 171.9
219 294.1 , Est Remaining: 170.5
220 295.4 , Est Remaining: 169.2
221 296.7 , Est Remaining: 167.8
222 298.0 , Est Remaining: 166.5
223 299.4 , Est Remaining: 165.1
224 300.7 , Est Remaining: 163.8
225 302.0 , Est Remaining: 162.4
226 303.3 , Est Remaining: 161.1
227 304.7 , Est Remaining: 159.7
228 306.0 , Est Remaining: 158.4
229 307.3 , Est Remaining: 157.0
230 308.7 , Est Remaining: 155.7
231 310.0 , Est Remaining: 154.3
232 311.3 , Est Remaining: 153.0
233 312.7 , Est Remaining: 151.6
234 314.0 , Est Remaining: 150.3
EVENT FAILED
234 314.3 , Est Remaining: 150.4
235 315.7 , Est Remaining: 149.1
236 317.0 , Est Remaining: 147.8
237 318.3 , Est Remaining: 146.4
238 319.7 , Est Remaining: 145.1
239 321.0 , Est Remaining: 143.7
240 322.3 , Est Remaining: 142.4
241 323.7 , Est Remaining: 141.0
242 325.0 , Est Remaining: 139.7
243 326.3 , Est Remaining: 138.3
244 327.7 , Est Remaining: 137.0
245 329.0 , Est Remaining: 135.6
EVENT FAILED
245 329.3 , Est Remaining: 135.7
246 330.6 , Est Remaining: 134.4
247 332.0 , Est Remaining: 133.1
248 333.3 , Est Remaining: 131.7
249 334.6 , Est Remaining: 130.3
250 335.9 , Est Remaining: 129.0
EVENT FAILED
250 336.2 , Est Remaining: 129.1
251 337.6 , Est Remaining: 127.8
252 338.9 , Est Remaining: 126.4
253 340.2 , Est Remaining: 125.1
254 341.6 , Est Remaining: 123.7
255 342.9 , Est Remaining: 122.4
256 344.2 , Est Remaining: 121.0
257 345.5 , Est Remaining: 119.7
258 346.9 , Est Remaining: 118.3
259 348.2 , Est Remaining: 117.0
260 349.5 , Est Remaining: 115.6
261 350.8 , Est Remaining: 114.2
262 352.1 , Est Remaining: 112.9
263 353.4 , Est Remaining: 111.5
264 354.7 , Est Remaining: 110.2
265 356.1 , Est Remaining: 108.8
266 357.4 , Est Remaining: 107.5
267 358.8 , Est Remaining: 106.1
268 360.1 , Est Remaining: 104.8
269 361.4 , Est Remaining: 103.5
270 362.8 , Est Remaining: 102.1
271 364.1 , Est Remaining: 100.8
272 365.4 , Est Remaining: 99.4
273 366.8 , Est Remaining: 98.1
274 368.1 , Est Remaining: 96.7
275 369.4 , Est Remaining: 95.4
276 370.9 , Est Remaining: 94.1
277 372.2 , Est Remaining: 92.7
278 373.6 , Est Remaining: 91.4
279 374.9 , Est Remaining: 90.0
280 376.2 , Est Remaining: 88.7
281 377.6 , Est Remaining: 87.3
282 378.9 , Est Remaining: 86.0
283 380.2 , Est Remaining: 84.6
284 381.5 , Est Remaining: 83.3
285 382.9 , Est Remaining: 81.9
286 384.2 , Est Remaining: 80.6
287 385.5 , Est Remaining: 79.2
288 386.8 , Est Remaining: 77.9
289 388.1 , Est Remaining: 76.6
290 389.4 , Est Remaining: 75.2
291 390.8 , Est Remaining: 73.9
292 392.1 , Est Remaining: 72.5
293 393.4 , Est Remaining: 71.2
294 394.7 , Est Remaining: 69.8
295 396.1 , Est Remaining: 68.5
296 397.4 , Est Remaining: 67.1
EVENT FAILED
296 397.7 , Est Remaining: 67.2
297 399.0 , Est Remaining: 65.8
298 400.4 , Est Remaining: 64.5
299 401.7 , Est Remaining: 63.1
300 403.0 , Est Remaining: 61.8
301 404.5 , Est Remaining: 60.5
302 405.8 , Est Remaining: 59.1
303 407.2 , Est Remaining: 57.8
304 408.5 , Est Remaining: 56.4
305 409.8 , Est Remaining: 55.1
306 411.2 , Est Remaining: 53.7
307 412.5 , Est Remaining: 52.4
308 413.8 , Est Remaining: 51.1
309 415.2 , Est Remaining: 49.7
310 416.5 , Est Remaining: 48.4
311 417.8 , Est Remaining: 47.0
312 419.2 , Est Remaining: 45.7
313 420.5 , Est Remaining: 44.3
314 421.8 , Est Remaining: 43.0
315 423.1 , Est Remaining: 41.6
316 424.5 , Est Remaining: 40.3
317 425.6 , Est Remaining: 38.9
318 427.0 , Est Remaining: 37.6
319 428.3 , Est Remaining: 36.3
320 429.6 , Est Remaining: 34.9
321 430.9 , Est Remaining: 33.6
322 432.3 , Est Remaining: 32.2
323 433.6 , Est Remaining: 30.9
324 434.9 , Est Remaining: 29.5
325 436.3 , Est Remaining: 28.2
326 437.6 , Est Remaining: 26.8
327 438.9 , Est Remaining: 25.5
328 440.3 , Est Remaining: 24.2
EVENT FAILED
328 440.5 , Est Remaining: 24.2
329 441.9 , Est Remaining: 22.8
330 443.2 , Est Remaining: 21.5
331 444.5 , Est Remaining: 20.1
332 445.8 , Est Remaining: 18.8
333 447.2 , Est Remaining: 17.5
334 448.5 , Est Remaining: 16.1
