Note: NumExpr detected 32 cores but "NUMEXPR_MAX_THREADS" not set, so enforcing safe limit of 8.
Using selector: EpollSelector
/n/home02/jhaefner/miniconda/envs/IC-3.7-2020-06-16/lib/python3.7/site-packages/scipy/optimize/minpack.py:808: OptimizeWarning: Covariance of the parameters could not be estimated
  category=OptimizeWarning)
Total rwfs: 346
0 0.0 , Est Remaining: 999999.9
1 1.5 , Est Remaining: 531.9
2 3.0 , Est Remaining: 521.3
3 4.5 , Est Remaining: 517.5
4 6.0 , Est Remaining: 512.0
5 7.5 , Est Remaining: 508.2
6 8.9 , Est Remaining: 503.5
7 10.3 , Est Remaining: 499.7
8 11.8 , Est Remaining: 496.5
9 13.2 , Est Remaining: 492.6
10 14.6 , Est Remaining: 490.4
11 16.0 , Est Remaining: 488.0
12 17.4 , Est Remaining: 485.4
13 18.8 , Est Remaining: 482.7
14 20.3 , Est Remaining: 480.8
EVENT FAILED
14 20.6 , Est Remaining: 488.2
15 22.0 , Est Remaining: 485.0
16 23.4 , Est Remaining: 482.1
17 24.8 , Est Remaining: 479.7
18 26.2 , Est Remaining: 477.2
19 27.6 , Est Remaining: 475.4
20 29.0 , Est Remaining: 473.1
21 30.4 , Est Remaining: 470.7
22 31.8 , Est Remaining: 468.2
EVENT FAILED
22 32.1 , Est Remaining: 472.7
23 33.5 , Est Remaining: 470.0
24 34.9 , Est Remaining: 467.6
25 36.2 , Est Remaining: 465.1
26 37.6 , Est Remaining: 462.7
27 39.0 , Est Remaining: 460.7
EVENT FAILED
27 39.3 , Est Remaining: 464.3
28 40.7 , Est Remaining: 462.0
29 42.1 , Est Remaining: 459.8
30 43.4 , Est Remaining: 457.6
31 44.8 , Est Remaining: 455.0
32 46.2 , Est Remaining: 453.1
33 47.5 , Est Remaining: 451.0
34 48.9 , Est Remaining: 449.1
35 50.3 , Est Remaining: 447.4
36 51.7 , Est Remaining: 445.5
37 53.1 , Est Remaining: 443.4
38 54.5 , Est Remaining: 441.4
39 55.8 , Est Remaining: 439.4
40 57.2 , Est Remaining: 437.5
41 58.6 , Est Remaining: 435.6
42 59.9 , Est Remaining: 433.7
43 61.3 , Est Remaining: 431.9
44 62.7 , Est Remaining: 430.1
45 64.0 , Est Remaining: 428.3
46 65.4 , Est Remaining: 426.5
47 66.8 , Est Remaining: 424.8
48 68.1 , Est Remaining: 423.0
EVENT FAILED
48 68.4 , Est Remaining: 424.9
49 69.8 , Est Remaining: 423.0
50 71.1 , Est Remaining: 421.1
51 72.5 , Est Remaining: 419.4
52 73.9 , Est Remaining: 417.6
53 75.2 , Est Remaining: 415.9
54 76.6 , Est Remaining: 414.1
55 77.9 , Est Remaining: 412.4
56 79.3 , Est Remaining: 410.6
57 80.6 , Est Remaining: 408.8
58 82.0 , Est Remaining: 407.1
59 83.3 , Est Remaining: 405.4
60 84.7 , Est Remaining: 403.7
EVENT FAILED
60 85.0 , Est Remaining: 405.1
61 86.3 , Est Remaining: 403.3
62 87.7 , Est Remaining: 401.6
63 89.0 , Est Remaining: 399.9
64 90.4 , Est Remaining: 398.2
65 91.7 , Est Remaining: 396.6
66 93.1 , Est Remaining: 394.9
67 94.5 , Est Remaining: 393.3
68 95.8 , Est Remaining: 391.6
69 97.1 , Est Remaining: 390.0
70 98.5 , Est Remaining: 388.3
71 99.8 , Est Remaining: 386.7
72 101.2 , Est Remaining: 385.1
73 102.6 , Est Remaining: 383.7
74 104.0 , Est Remaining: 382.2
75 105.4 , Est Remaining: 380.7
EVENT FAILED
75 105.7 , Est Remaining: 381.8
76 107.1 , Est Remaining: 380.3
77 108.4 , Est Remaining: 378.8
78 109.8 , Est Remaining: 377.4
79 111.3 , Est Remaining: 376.0
EVENT FAILED
79 111.6 , Est Remaining: 377.0
80 112.9 , Est Remaining: 375.6
81 114.4 , Est Remaining: 374.1
82 115.8 , Est Remaining: 372.7
83 117.2 , Est Remaining: 371.3
84 118.6 , Est Remaining: 369.9
85 120.0 , Est Remaining: 368.5
86 121.4 , Est Remaining: 367.1
87 122.9 , Est Remaining: 365.7
88 124.1 , Est Remaining: 363.9
89 125.6 , Est Remaining: 362.6
90 127.0 , Est Remaining: 361.3
91 128.4 , Est Remaining: 359.9
92 129.9 , Est Remaining: 358.5
93 131.3 , Est Remaining: 357.2
94 132.7 , Est Remaining: 355.8
95 134.2 , Est Remaining: 354.5
96 135.6 , Est Remaining: 353.2
97 137.1 , Est Remaining: 351.9
98 138.5 , Est Remaining: 350.5
99 139.9 , Est Remaining: 349.2
100 141.4 , Est Remaining: 347.8
101 142.8 , Est Remaining: 346.5
102 144.3 , Est Remaining: 345.1
103 145.8 , Est Remaining: 344.0
104 147.2 , Est Remaining: 342.6
105 148.7 , Est Remaining: 341.3
106 150.1 , Est Remaining: 339.9
107 151.6 , Est Remaining: 338.5
108 153.0 , Est Remaining: 337.2
109 154.4 , Est Remaining: 335.8
110 155.9 , Est Remaining: 334.4
111 157.3 , Est Remaining: 333.1
112 158.8 , Est Remaining: 331.7
113 160.2 , Est Remaining: 330.4
114 161.7 , Est Remaining: 329.1
115 163.1 , Est Remaining: 327.7
116 164.6 , Est Remaining: 326.3
117 166.0 , Est Remaining: 325.0
118 167.5 , Est Remaining: 323.6
119 168.9 , Est Remaining: 322.2
120 170.4 , Est Remaining: 320.8
121 171.8 , Est Remaining: 319.4
122 173.2 , Est Remaining: 318.1
123 174.7 , Est Remaining: 316.8
124 176.2 , Est Remaining: 315.4
125 177.6 , Est Remaining: 314.0
126 179.1 , Est Remaining: 312.7
127 180.5 , Est Remaining: 311.3
128 182.0 , Est Remaining: 309.9
129 183.4 , Est Remaining: 308.5
130 184.9 , Est Remaining: 307.1
131 186.3 , Est Remaining: 305.8
132 187.8 , Est Remaining: 304.4
133 189.2 , Est Remaining: 303.0
134 190.7 , Est Remaining: 301.7
135 192.1 , Est Remaining: 300.3
136 193.6 , Est Remaining: 298.9
137 195.0 , Est Remaining: 297.6
138 196.5 , Est Remaining: 296.2
139 198.0 , Est Remaining: 294.8
140 199.4 , Est Remaining: 293.4
141 200.9 , Est Remaining: 292.1
142 202.4 , Est Remaining: 290.7
143 203.8 , Est Remaining: 289.3
144 205.3 , Est Remaining: 288.0
145 206.7 , Est Remaining: 286.5
146 208.2 , Est Remaining: 285.2
147 209.6 , Est Remaining: 283.8
148 211.1 , Est Remaining: 282.4
149 212.5 , Est Remaining: 281.0
150 214.0 , Est Remaining: 279.6
151 215.4 , Est Remaining: 278.2
152 216.9 , Est Remaining: 276.8
153 218.3 , Est Remaining: 275.4
154 219.8 , Est Remaining: 274.0
155 221.2 , Est Remaining: 272.6
156 222.7 , Est Remaining: 271.2
157 224.1 , Est Remaining: 269.8
158 225.6 , Est Remaining: 268.4
159 227.0 , Est Remaining: 267.0
160 228.5 , Est Remaining: 265.6
161 229.9 , Est Remaining: 264.2
162 231.3 , Est Remaining: 262.7
163 232.8 , Est Remaining: 261.3
164 234.2 , Est Remaining: 259.9
165 235.6 , Est Remaining: 258.5
166 237.1 , Est Remaining: 257.0
167 238.5 , Est Remaining: 255.6
168 240.0 , Est Remaining: 254.2
169 241.4 , Est Remaining: 252.8
170 242.9 , Est Remaining: 251.4
171 244.3 , Est Remaining: 250.0
172 245.8 , Est Remaining: 248.6
173 247.2 , Est Remaining: 247.2
174 248.7 , Est Remaining: 245.8
175 250.1 , Est Remaining: 244.4
176 251.6 , Est Remaining: 243.0
177 253.0 , Est Remaining: 241.6
178 254.5 , Est Remaining: 240.2
179 256.0 , Est Remaining: 238.8
180 257.5 , Est Remaining: 237.4
181 259.0 , Est Remaining: 236.1
182 260.4 , Est Remaining: 234.7
183 261.9 , Est Remaining: 233.3
184 263.3 , Est Remaining: 231.8
185 264.8 , Est Remaining: 230.4
186 266.2 , Est Remaining: 229.0
187 267.7 , Est Remaining: 227.6
188 269.2 , Est Remaining: 226.2
189 270.6 , Est Remaining: 224.8
EVENT FAILED
189 270.9 , Est Remaining: 225.1
190 272.4 , Est Remaining: 223.6
191 273.8 , Est Remaining: 222.2
192 275.3 , Est Remaining: 220.8
193 276.8 , Est Remaining: 219.4
194 278.3 , Est Remaining: 218.0
195 279.7 , Est Remaining: 216.6
196 281.2 , Est Remaining: 215.2
197 282.7 , Est Remaining: 213.8
198 284.2 , Est Remaining: 212.4
199 285.7 , Est Remaining: 211.0
200 287.1 , Est Remaining: 209.6
201 288.6 , Est Remaining: 208.2
202 290.1 , Est Remaining: 206.8
203 291.7 , Est Remaining: 205.5
204 293.1 , Est Remaining: 204.0
205 294.6 , Est Remaining: 202.6
206 296.1 , Est Remaining: 201.2
207 297.6 , Est Remaining: 199.8
208 299.0 , Est Remaining: 198.4
209 300.5 , Est Remaining: 197.0
210 302.0 , Est Remaining: 195.6
211 303.5 , Est Remaining: 194.2
212 305.0 , Est Remaining: 192.8
213 306.4 , Est Remaining: 191.3
214 307.9 , Est Remaining: 189.9
215 309.4 , Est Remaining: 188.5
216 310.9 , Est Remaining: 187.1
217 312.3 , Est Remaining: 185.7
218 313.8 , Est Remaining: 184.2
219 315.3 , Est Remaining: 182.8
220 316.7 , Est Remaining: 181.4
221 318.2 , Est Remaining: 180.0
222 319.7 , Est Remaining: 178.5
223 321.1 , Est Remaining: 177.1
224 322.6 , Est Remaining: 175.7
225 324.1 , Est Remaining: 174.3
226 325.6 , Est Remaining: 172.9
227 327.0 , Est Remaining: 171.4
228 328.5 , Est Remaining: 170.0
229 330.0 , Est Remaining: 168.6
230 331.4 , Est Remaining: 167.1
231 332.9 , Est Remaining: 165.7
232 334.3 , Est Remaining: 164.3
EVENT FAILED
232 335.2 , Est Remaining: 164.7
EVENT FAILED
232 335.5 , Est Remaining: 164.9
233 337.0 , Est Remaining: 163.4
234 338.5 , Est Remaining: 162.0
235 339.9 , Est Remaining: 160.6
236 341.4 , Est Remaining: 159.1
237 342.8 , Est Remaining: 157.7
238 344.3 , Est Remaining: 156.2
239 345.7 , Est Remaining: 154.8
240 347.2 , Est Remaining: 153.3
241 348.6 , Est Remaining: 151.9
242 350.1 , Est Remaining: 150.5
243 351.6 , Est Remaining: 149.0
244 353.0 , Est Remaining: 147.6
245 354.5 , Est Remaining: 146.1
246 356.0 , Est Remaining: 144.7
247 357.4 , Est Remaining: 143.3
248 358.9 , Est Remaining: 141.8
249 360.3 , Est Remaining: 140.4
250 361.8 , Est Remaining: 138.9
251 363.2 , Est Remaining: 137.5
252 364.7 , Est Remaining: 136.0
253 366.1 , Est Remaining: 134.6
254 367.6 , Est Remaining: 133.1
255 369.0 , Est Remaining: 131.7
256 370.5 , Est Remaining: 130.2
257 371.9 , Est Remaining: 128.8
EVENT FAILED
257 372.2 , Est Remaining: 128.9
258 373.7 , Est Remaining: 127.5
259 375.1 , Est Remaining: 126.0
260 376.6 , Est Remaining: 124.6
261 378.1 , Est Remaining: 123.1
262 379.5 , Est Remaining: 121.7
263 381.0 , Est Remaining: 120.2
264 382.4 , Est Remaining: 118.8
265 383.9 , Est Remaining: 117.3
266 385.3 , Est Remaining: 115.9
267 386.8 , Est Remaining: 114.4
268 388.2 , Est Remaining: 113.0
269 389.7 , Est Remaining: 111.5
270 391.1 , Est Remaining: 110.1
271 392.5 , Est Remaining: 108.6
272 394.0 , Est Remaining: 107.2
273 395.4 , Est Remaining: 105.7
274 396.8 , Est Remaining: 104.3
275 398.3 , Est Remaining: 102.8
276 399.7 , Est Remaining: 101.4
277 401.2 , Est Remaining: 99.9
278 402.6 , Est Remaining: 98.5
279 404.1 , Est Remaining: 97.0
280 405.5 , Est Remaining: 95.6
281 407.0 , Est Remaining: 94.1
282 408.5 , Est Remaining: 92.7
283 409.9 , Est Remaining: 91.3
284 411.4 , Est Remaining: 89.8
285 412.9 , Est Remaining: 88.4
286 414.3 , Est Remaining: 86.9
287 415.7 , Est Remaining: 85.5
288 417.2 , Est Remaining: 84.0
289 418.7 , Est Remaining: 82.6
290 420.1 , Est Remaining: 81.1
291 421.6 , Est Remaining: 79.7
292 423.1 , Est Remaining: 78.2
293 424.5 , Est Remaining: 76.8
294 426.0 , Est Remaining: 75.3
295 427.4 , Est Remaining: 73.9
296 428.8 , Est Remaining: 72.4
297 430.3 , Est Remaining: 71.0
298 431.8 , Est Remaining: 69.5
299 433.2 , Est Remaining: 68.1
300 434.7 , Est Remaining: 66.7
301 436.2 , Est Remaining: 65.2
302 437.8 , Est Remaining: 63.8
303 439.2 , Est Remaining: 62.3
304 440.7 , Est Remaining: 60.9
305 442.1 , Est Remaining: 59.4
EVENT FAILED
305 442.4 , Est Remaining: 59.5
306 443.8 , Est Remaining: 58.0
307 445.2 , Est Remaining: 56.6
308 446.7 , Est Remaining: 55.1
309 448.1 , Est Remaining: 53.7
310 449.6 , Est Remaining: 52.2
311 451.0 , Est Remaining: 50.8
312 452.5 , Est Remaining: 49.3
313 453.9 , Est Remaining: 47.9
314 455.3 , Est Remaining: 46.4
315 456.8 , Est Remaining: 45.0
316 458.2 , Est Remaining: 43.5
317 459.6 , Est Remaining: 42.0
318 461.0 , Est Remaining: 40.6
319 462.4 , Est Remaining: 39.1
320 463.8 , Est Remaining: 37.7
321 465.2 , Est Remaining: 36.2
322 466.6 , Est Remaining: 34.8
323 468.0 , Est Remaining: 33.3
324 469.5 , Est Remaining: 31.9
325 470.9 , Est Remaining: 30.4
326 472.3 , Est Remaining: 29.0
327 473.7 , Est Remaining: 27.5
328 475.1 , Est Remaining: 26.1
329 476.5 , Est Remaining: 24.6
330 477.9 , Est Remaining: 23.2
331 479.4 , Est Remaining: 21.7
332 480.8 , Est Remaining: 20.3
333 482.2 , Est Remaining: 18.8
