Note: NumExpr detected 32 cores but "NUMEXPR_MAX_THREADS" not set, so enforcing safe limit of 8.
Using selector: EpollSelector
/n/home02/jhaefner/miniconda/envs/IC-3.7-2020-06-16/lib/python3.7/site-packages/scipy/optimize/minpack.py:808: OptimizeWarning: Covariance of the parameters could not be estimated
  category=OptimizeWarning)
Total rwfs: 346
0 0.0 , Est Remaining: 999999.9
1 1.4 , Est Remaining: 479.8
2 2.8 , Est Remaining: 473.8
3 4.1 , Est Remaining: 474.0
4 5.5 , Est Remaining: 469.0
5 6.8 , Est Remaining: 466.6
6 8.2 , Est Remaining: 465.0
7 9.6 , Est Remaining: 463.0
8 10.9 , Est Remaining: 461.1
9 12.2 , Est Remaining: 458.4
10 13.6 , Est Remaining: 456.4
11 14.9 , Est Remaining: 454.5
12 16.3 , Est Remaining: 453.1
13 17.6 , Est Remaining: 451.7
14 19.0 , Est Remaining: 449.9
15 20.3 , Est Remaining: 448.3
16 21.7 , Est Remaining: 446.5
17 23.0 , Est Remaining: 445.2
18 24.3 , Est Remaining: 443.6
19 25.7 , Est Remaining: 442.0
20 27.0 , Est Remaining: 440.5
21 28.4 , Est Remaining: 439.0
22 29.7 , Est Remaining: 437.3
23 31.0 , Est Remaining: 435.6
24 32.4 , Est Remaining: 434.2
25 33.7 , Est Remaining: 432.6
26 35.0 , Est Remaining: 431.2
27 36.4 , Est Remaining: 429.6
28 37.7 , Est Remaining: 428.0
29 39.0 , Est Remaining: 426.4
30 40.3 , Est Remaining: 424.9
31 41.7 , Est Remaining: 423.4
32 43.0 , Est Remaining: 422.0
33 44.3 , Est Remaining: 420.5
34 45.7 , Est Remaining: 419.0
35 47.0 , Est Remaining: 417.5
36 48.3 , Est Remaining: 416.1
37 49.7 , Est Remaining: 414.7
38 51.0 , Est Remaining: 413.3
39 52.3 , Est Remaining: 411.9
40 53.7 , Est Remaining: 410.5
41 55.0 , Est Remaining: 409.0
42 56.3 , Est Remaining: 407.6
43 57.7 , Est Remaining: 406.3
44 59.0 , Est Remaining: 405.0
45 60.3 , Est Remaining: 403.6
46 61.7 , Est Remaining: 402.2
47 63.0 , Est Remaining: 400.9
48 64.3 , Est Remaining: 399.5
49 65.7 , Est Remaining: 398.1
50 67.0 , Est Remaining: 396.8
51 68.4 , Est Remaining: 395.4
52 69.7 , Est Remaining: 394.1
53 71.0 , Est Remaining: 392.7
54 72.4 , Est Remaining: 391.3
55 73.7 , Est Remaining: 390.0
56 75.0 , Est Remaining: 388.6
57 76.4 , Est Remaining: 387.2
58 77.7 , Est Remaining: 385.9
59 79.1 , Est Remaining: 384.5
60 80.4 , Est Remaining: 383.2
61 81.7 , Est Remaining: 381.8
62 83.0 , Est Remaining: 380.4
63 84.4 , Est Remaining: 379.0
64 85.7 , Est Remaining: 377.6
65 87.0 , Est Remaining: 376.2
66 88.4 , Est Remaining: 374.9
67 89.7 , Est Remaining: 373.5
68 91.0 , Est Remaining: 372.1
EVENT FAILED
68 91.3 , Est Remaining: 373.4
69 92.7 , Est Remaining: 372.0
70 94.0 , Est Remaining: 370.6
71 95.3 , Est Remaining: 369.3
72 96.7 , Est Remaining: 367.9
73 98.0 , Est Remaining: 366.5
74 99.3 , Est Remaining: 365.2
75 100.7 , Est Remaining: 363.7
76 102.0 , Est Remaining: 362.4
77 103.4 , Est Remaining: 361.1
78 104.7 , Est Remaining: 359.7
79 106.0 , Est Remaining: 358.4
80 107.4 , Est Remaining: 357.0
81 108.7 , Est Remaining: 355.7
82 110.1 , Est Remaining: 354.3
83 111.4 , Est Remaining: 353.0
84 112.7 , Est Remaining: 351.6
85 114.1 , Est Remaining: 350.3
86 115.4 , Est Remaining: 348.9
87 116.8 , Est Remaining: 347.6
88 118.1 , Est Remaining: 346.2
89 119.4 , Est Remaining: 344.9
90 120.8 , Est Remaining: 343.5
91 122.1 , Est Remaining: 342.1
92 123.4 , Est Remaining: 340.7
93 124.7 , Est Remaining: 339.3
94 126.1 , Est Remaining: 338.0
95 127.4 , Est Remaining: 336.6
96 128.7 , Est Remaining: 335.2
97 130.0 , Est Remaining: 333.8
98 131.4 , Est Remaining: 332.5
99 132.7 , Est Remaining: 331.2
100 134.1 , Est Remaining: 329.8
101 135.4 , Est Remaining: 328.4
102 136.7 , Est Remaining: 327.0
103 138.1 , Est Remaining: 325.8
104 139.4 , Est Remaining: 324.4
105 140.7 , Est Remaining: 323.0
106 142.0 , Est Remaining: 321.6
107 143.4 , Est Remaining: 320.2
108 144.7 , Est Remaining: 318.8
109 146.0 , Est Remaining: 317.4
110 147.3 , Est Remaining: 316.1
111 148.7 , Est Remaining: 314.7
112 150.0 , Est Remaining: 313.4
113 151.3 , Est Remaining: 312.0
114 152.6 , Est Remaining: 310.6
115 154.0 , Est Remaining: 309.3
116 155.3 , Est Remaining: 307.9
EVENT FAILED
116 156.3 , Est Remaining: 309.9
117 157.6 , Est Remaining: 308.5
118 159.0 , Est Remaining: 307.1
119 160.3 , Est Remaining: 305.8
120 161.6 , Est Remaining: 304.4
121 163.0 , Est Remaining: 303.1
122 164.3 , Est Remaining: 301.7
EVENT FAILED
122 164.6 , Est Remaining: 302.2
123 165.9 , Est Remaining: 300.8
124 167.3 , Est Remaining: 299.5
125 168.6 , Est Remaining: 298.1
126 169.9 , Est Remaining: 296.7
127 171.3 , Est Remaining: 295.3
128 172.6 , Est Remaining: 294.0
129 174.0 , Est Remaining: 292.6
130 175.3 , Est Remaining: 291.3
131 176.6 , Est Remaining: 289.9
132 178.0 , Est Remaining: 288.6
133 179.3 , Est Remaining: 287.2
134 180.7 , Est Remaining: 285.8
135 182.0 , Est Remaining: 284.5
136 183.4 , Est Remaining: 283.1
137 184.7 , Est Remaining: 281.8
138 186.0 , Est Remaining: 280.4
139 187.4 , Est Remaining: 279.0
140 188.7 , Est Remaining: 277.6
141 190.0 , Est Remaining: 276.2
142 191.3 , Est Remaining: 274.9
143 192.7 , Est Remaining: 273.5
144 194.0 , Est Remaining: 272.1
EVENT FAILED
144 194.3 , Est Remaining: 272.5
145 195.6 , Est Remaining: 271.2
146 197.0 , Est Remaining: 269.8
147 198.3 , Est Remaining: 268.5
148 199.6 , Est Remaining: 267.1
149 201.0 , Est Remaining: 265.7
150 202.3 , Est Remaining: 264.4
151 203.6 , Est Remaining: 263.0
152 205.0 , Est Remaining: 261.6
153 206.3 , Est Remaining: 260.3
154 207.6 , Est Remaining: 258.9
155 209.0 , Est Remaining: 257.5
156 210.3 , Est Remaining: 256.1
157 211.6 , Est Remaining: 254.8
158 213.0 , Est Remaining: 253.4
159 214.3 , Est Remaining: 252.1
160 215.6 , Est Remaining: 250.7
EVENT FAILED
160 215.9 , Est Remaining: 251.0
161 217.3 , Est Remaining: 249.7
162 218.6 , Est Remaining: 248.3
163 220.0 , Est Remaining: 247.0
164 221.3 , Est Remaining: 245.6
165 222.7 , Est Remaining: 244.3
166 224.1 , Est Remaining: 243.0
167 225.4 , Est Remaining: 241.6
168 226.7 , Est Remaining: 240.2
169 228.1 , Est Remaining: 238.9
170 229.4 , Est Remaining: 237.5
171 230.8 , Est Remaining: 236.2
172 232.1 , Est Remaining: 234.8
173 233.4 , Est Remaining: 233.4
174 234.8 , Est Remaining: 232.1
175 236.1 , Est Remaining: 230.7
176 237.5 , Est Remaining: 229.4
177 238.8 , Est Remaining: 228.0
178 240.1 , Est Remaining: 226.6
179 241.5 , Est Remaining: 225.3
180 242.8 , Est Remaining: 223.9
181 244.1 , Est Remaining: 222.5
182 245.4 , Est Remaining: 221.2
183 246.8 , Est Remaining: 219.8
184 248.1 , Est Remaining: 218.4
185 249.4 , Est Remaining: 217.1
186 250.8 , Est Remaining: 215.7
187 252.1 , Est Remaining: 214.4
188 253.4 , Est Remaining: 213.0
189 254.8 , Est Remaining: 211.6
190 256.1 , Est Remaining: 210.3
191 257.5 , Est Remaining: 208.9
192 258.8 , Est Remaining: 207.6
193 260.1 , Est Remaining: 206.2
194 261.5 , Est Remaining: 204.9
195 262.8 , Est Remaining: 203.5
196 264.2 , Est Remaining: 202.2
197 265.5 , Est Remaining: 200.8
198 266.8 , Est Remaining: 199.5
199 268.2 , Est Remaining: 198.1
200 269.5 , Est Remaining: 196.8
201 270.9 , Est Remaining: 195.4
202 272.3 , Est Remaining: 194.1
203 273.6 , Est Remaining: 192.8
204 275.0 , Est Remaining: 191.4
205 276.3 , Est Remaining: 190.0
206 277.6 , Est Remaining: 188.7
207 279.0 , Est Remaining: 187.3
208 280.3 , Est Remaining: 186.0
209 281.7 , Est Remaining: 184.6
210 283.1 , Est Remaining: 183.3
211 284.4 , Est Remaining: 182.0
212 285.7 , Est Remaining: 180.6
213 287.3 , Est Remaining: 179.4
214 288.7 , Est Remaining: 178.1
215 290.0 , Est Remaining: 176.7
216 291.3 , Est Remaining: 175.3
217 292.6 , Est Remaining: 174.0
218 294.0 , Est Remaining: 172.6
219 295.3 , Est Remaining: 171.2
220 296.6 , Est Remaining: 169.9
221 297.9 , Est Remaining: 168.5
222 299.3 , Est Remaining: 167.2
223 300.6 , Est Remaining: 165.8
224 301.9 , Est Remaining: 164.4
225 303.2 , Est Remaining: 163.1
226 304.6 , Est Remaining: 161.7
227 305.9 , Est Remaining: 160.4
228 307.2 , Est Remaining: 159.0
229 308.6 , Est Remaining: 157.6
230 309.9 , Est Remaining: 156.3
231 311.2 , Est Remaining: 154.9
232 312.6 , Est Remaining: 153.6
233 313.9 , Est Remaining: 152.2
234 315.2 , Est Remaining: 150.9
235 316.5 , Est Remaining: 149.5
236 317.9 , Est Remaining: 148.2
237 319.2 , Est Remaining: 146.8
EVENT FAILED
237 319.5 , Est Remaining: 146.9
238 320.8 , Est Remaining: 145.6
239 322.2 , Est Remaining: 144.2
240 323.5 , Est Remaining: 142.9
241 324.8 , Est Remaining: 141.5
242 326.1 , Est Remaining: 140.2
243 327.5 , Est Remaining: 138.8
244 328.8 , Est Remaining: 137.5
245 330.1 , Est Remaining: 136.1
246 331.5 , Est Remaining: 134.7
247 332.8 , Est Remaining: 133.4
248 334.1 , Est Remaining: 132.0
249 335.4 , Est Remaining: 130.7
250 336.8 , Est Remaining: 129.3
251 338.1 , Est Remaining: 128.0
252 339.4 , Est Remaining: 126.6
253 340.8 , Est Remaining: 125.3
254 342.1 , Est Remaining: 123.9
255 343.4 , Est Remaining: 122.6
256 344.8 , Est Remaining: 121.2
257 346.1 , Est Remaining: 119.9
258 347.4 , Est Remaining: 118.5
259 348.7 , Est Remaining: 117.1
260 350.1 , Est Remaining: 115.8
261 351.4 , Est Remaining: 114.4
262 352.7 , Est Remaining: 113.1
263 354.0 , Est Remaining: 111.7
264 355.3 , Est Remaining: 110.4
265 356.7 , Est Remaining: 109.0
266 358.0 , Est Remaining: 107.7
EVENT FAILED
266 358.3 , Est Remaining: 107.7
267 359.6 , Est Remaining: 106.4
268 360.9 , Est Remaining: 105.0
269 362.3 , Est Remaining: 103.7
270 363.6 , Est Remaining: 102.3
271 364.9 , Est Remaining: 101.0
272 366.2 , Est Remaining: 99.6
EVENT FAILED
272 366.5 , Est Remaining: 99.7
273 367.8 , Est Remaining: 98.4
274 369.1 , Est Remaining: 97.0
275 370.4 , Est Remaining: 95.6
276 371.7 , Est Remaining: 94.3
277 373.0 , Est Remaining: 92.9
278 374.4 , Est Remaining: 91.6
279 375.7 , Est Remaining: 90.2
280 377.0 , Est Remaining: 88.9
EVENT FAILED
280 377.3 , Est Remaining: 88.9
281 378.5 , Est Remaining: 87.6
282 379.8 , Est Remaining: 86.2
283 381.1 , Est Remaining: 84.8
284 382.5 , Est Remaining: 83.5
285 383.8 , Est Remaining: 82.1
286 385.1 , Est Remaining: 80.8
287 386.4 , Est Remaining: 79.4
288 387.7 , Est Remaining: 78.1
289 389.0 , Est Remaining: 76.7
290 390.3 , Est Remaining: 75.4
291 391.6 , Est Remaining: 74.0
292 392.9 , Est Remaining: 72.7
293 394.2 , Est Remaining: 71.3
294 395.5 , Est Remaining: 70.0
EVENT FAILED
294 395.8 , Est Remaining: 70.0
295 397.1 , Est Remaining: 68.7
EVENT FAILED
295 397.5 , Est Remaining: 68.7
296 398.8 , Est Remaining: 67.4
297 400.1 , Est Remaining: 66.0
298 401.4 , Est Remaining: 64.7
EVENT FAILED
298 401.7 , Est Remaining: 64.7
299 403.0 , Est Remaining: 63.4
300 404.4 , Est Remaining: 62.0
301 405.8 , Est Remaining: 60.7
302 407.1 , Est Remaining: 59.3
303 408.4 , Est Remaining: 58.0
304 409.8 , Est Remaining: 56.6
305 411.1 , Est Remaining: 55.3
306 412.4 , Est Remaining: 53.9
307 413.7 , Est Remaining: 52.6
308 415.0 , Est Remaining: 51.2
309 416.2 , Est Remaining: 49.8
310 417.5 , Est Remaining: 48.5
311 418.8 , Est Remaining: 47.1
312 420.1 , Est Remaining: 45.8
313 421.4 , Est Remaining: 44.4
314 422.7 , Est Remaining: 43.1
315 424.0 , Est Remaining: 41.7
316 425.2 , Est Remaining: 40.4
317 426.5 , Est Remaining: 39.0
318 427.8 , Est Remaining: 37.7
319 429.1 , Est Remaining: 36.3
320 430.4 , Est Remaining: 35.0
321 431.6 , Est Remaining: 33.6
322 432.9 , Est Remaining: 32.3
323 434.2 , Est Remaining: 30.9
324 435.4 , Est Remaining: 29.6
325 436.7 , Est Remaining: 28.2
326 437.9 , Est Remaining: 26.9
327 439.2 , Est Remaining: 25.5
328 440.4 , Est Remaining: 24.2
329 441.7 , Est Remaining: 22.8
330 442.9 , Est Remaining: 21.5
331 444.2 , Est Remaining: 20.1
332 445.5 , Est Remaining: 18.8
333 446.7 , Est Remaining: 17.4
