Note: NumExpr detected 32 cores but "NUMEXPR_MAX_THREADS" not set, so enforcing safe limit of 8.
Using selector: EpollSelector
/n/home02/jhaefner/miniconda/envs/IC-3.7-2020-06-16/lib/python3.7/site-packages/scipy/optimize/minpack.py:808: OptimizeWarning: Covariance of the parameters could not be estimated
  category=OptimizeWarning)
Total rwfs: 346
0 0.0 , Est Remaining: 999999.9
1 1.5 , Est Remaining: 508.6
2 2.9 , Est Remaining: 498.7
3 4.4 , Est Remaining: 497.6
4 5.8 , Est Remaining: 495.0
5 7.2 , Est Remaining: 489.5
6 8.6 , Est Remaining: 485.6
7 10.0 , Est Remaining: 483.2
8 11.4 , Est Remaining: 480.8
9 12.8 , Est Remaining: 477.8
10 14.2 , Est Remaining: 475.6
11 15.5 , Est Remaining: 473.0
12 16.9 , Est Remaining: 471.1
13 18.4 , Est Remaining: 470.2
14 19.7 , Est Remaining: 468.2
15 21.1 , Est Remaining: 466.6
16 22.5 , Est Remaining: 464.7
17 23.9 , Est Remaining: 463.5
18 25.3 , Est Remaining: 461.8
19 26.7 , Est Remaining: 459.9
20 28.1 , Est Remaining: 458.3
21 29.5 , Est Remaining: 456.7
22 30.9 , Est Remaining: 455.7
23 32.4 , Est Remaining: 454.6
24 33.8 , Est Remaining: 453.2
25 35.2 , Est Remaining: 451.8
26 36.6 , Est Remaining: 450.2
27 38.0 , Est Remaining: 448.7
28 39.4 , Est Remaining: 447.1
29 40.8 , Est Remaining: 445.6
30 42.1 , Est Remaining: 443.9
31 43.5 , Est Remaining: 442.5
32 45.0 , Est Remaining: 441.4
33 46.4 , Est Remaining: 440.1
34 47.8 , Est Remaining: 438.5
35 49.2 , Est Remaining: 436.9
36 50.6 , Est Remaining: 435.4
37 51.9 , Est Remaining: 433.8
38 53.3 , Est Remaining: 432.2
39 54.7 , Est Remaining: 430.6
40 56.1 , Est Remaining: 429.1
41 57.5 , Est Remaining: 427.4
42 58.8 , Est Remaining: 425.8
43 60.2 , Est Remaining: 424.2
44 61.6 , Est Remaining: 422.5
45 62.9 , Est Remaining: 420.8
46 64.3 , Est Remaining: 419.2
47 65.7 , Est Remaining: 418.0
48 67.1 , Est Remaining: 416.4
49 68.4 , Est Remaining: 414.8
50 69.8 , Est Remaining: 413.3
51 71.2 , Est Remaining: 411.7
EVENT FAILED
51 71.5 , Est Remaining: 413.5
52 72.9 , Est Remaining: 411.9
53 74.2 , Est Remaining: 410.3
54 75.6 , Est Remaining: 408.7
55 76.9 , Est Remaining: 407.1
56 78.3 , Est Remaining: 405.5
57 79.7 , Est Remaining: 403.9
58 81.0 , Est Remaining: 402.2
59 82.4 , Est Remaining: 400.6
60 83.7 , Est Remaining: 399.0
61 85.1 , Est Remaining: 397.4
62 86.4 , Est Remaining: 395.8
63 87.8 , Est Remaining: 394.2
64 89.1 , Est Remaining: 392.7
65 90.5 , Est Remaining: 391.1
66 91.8 , Est Remaining: 389.5
67 93.2 , Est Remaining: 387.9
68 94.5 , Est Remaining: 386.4
69 95.8 , Est Remaining: 384.7
70 97.1 , Est Remaining: 382.8
71 98.4 , Est Remaining: 381.2
72 99.7 , Est Remaining: 379.6
73 101.1 , Est Remaining: 378.0
74 102.4 , Est Remaining: 376.5
75 103.8 , Est Remaining: 374.9
76 105.1 , Est Remaining: 373.4
77 106.4 , Est Remaining: 371.9
78 107.8 , Est Remaining: 370.3
79 109.1 , Est Remaining: 368.8
80 110.5 , Est Remaining: 367.3
81 111.8 , Est Remaining: 365.8
82 113.1 , Est Remaining: 364.3
83 114.5 , Est Remaining: 362.8
84 115.8 , Est Remaining: 361.3
85 117.2 , Est Remaining: 359.9
EVENT FAILED
85 117.5 , Est Remaining: 360.8
86 118.8 , Est Remaining: 359.3
87 120.2 , Est Remaining: 357.8
88 121.5 , Est Remaining: 356.3
89 122.9 , Est Remaining: 354.9
90 124.3 , Est Remaining: 353.4
91 125.6 , Est Remaining: 352.0
92 126.9 , Est Remaining: 350.5
93 128.3 , Est Remaining: 349.0
94 129.6 , Est Remaining: 347.5
95 131.0 , Est Remaining: 346.1
96 132.4 , Est Remaining: 344.7
97 133.7 , Est Remaining: 343.3
98 135.1 , Est Remaining: 341.8
99 136.4 , Est Remaining: 340.4
100 137.8 , Est Remaining: 339.0
101 139.2 , Est Remaining: 337.6
102 140.5 , Est Remaining: 336.2
103 142.0 , Est Remaining: 335.0
104 143.4 , Est Remaining: 333.6
105 144.8 , Est Remaining: 332.2
106 146.1 , Est Remaining: 330.7
107 147.5 , Est Remaining: 329.4
108 148.8 , Est Remaining: 328.0
109 150.2 , Est Remaining: 326.7
110 151.6 , Est Remaining: 325.3
111 153.0 , Est Remaining: 324.0
112 154.4 , Est Remaining: 322.7
113 155.8 , Est Remaining: 321.3
114 157.2 , Est Remaining: 320.0
115 158.6 , Est Remaining: 318.7
116 160.1 , Est Remaining: 317.4
117 161.5 , Est Remaining: 316.0
118 162.9 , Est Remaining: 314.7
119 164.3 , Est Remaining: 313.4
120 165.7 , Est Remaining: 312.1
121 167.2 , Est Remaining: 310.8
122 168.6 , Est Remaining: 309.5
123 170.0 , Est Remaining: 308.2
124 171.4 , Est Remaining: 306.9
125 172.8 , Est Remaining: 305.6
126 174.3 , Est Remaining: 304.3
127 175.7 , Est Remaining: 303.0
128 177.2 , Est Remaining: 301.8
129 178.6 , Est Remaining: 300.5
130 180.1 , Est Remaining: 299.2
131 181.5 , Est Remaining: 297.9
132 183.0 , Est Remaining: 296.6
133 184.3 , Est Remaining: 295.2
134 185.8 , Est Remaining: 293.9
135 187.2 , Est Remaining: 292.6
136 188.7 , Est Remaining: 291.3
EVENT FAILED
136 189.0 , Est Remaining: 291.8
137 190.4 , Est Remaining: 290.5
138 191.8 , Est Remaining: 289.1
139 193.3 , Est Remaining: 287.8
140 194.7 , Est Remaining: 286.5
141 196.2 , Est Remaining: 285.2
142 197.6 , Est Remaining: 283.9
143 199.1 , Est Remaining: 282.6
144 200.5 , Est Remaining: 281.3
145 202.0 , Est Remaining: 280.0
146 203.4 , Est Remaining: 278.7
147 204.9 , Est Remaining: 277.3
148 206.3 , Est Remaining: 276.0
149 207.8 , Est Remaining: 274.7
150 209.2 , Est Remaining: 273.4
151 210.7 , Est Remaining: 272.1
152 212.1 , Est Remaining: 270.8
153 213.6 , Est Remaining: 269.4
154 215.0 , Est Remaining: 268.0
155 216.4 , Est Remaining: 266.7
156 217.9 , Est Remaining: 265.3
157 219.3 , Est Remaining: 264.0
158 220.7 , Est Remaining: 262.6
159 222.2 , Est Remaining: 261.3
160 223.6 , Est Remaining: 259.9
161 225.0 , Est Remaining: 258.5
162 226.4 , Est Remaining: 257.2
163 227.8 , Est Remaining: 255.8
164 229.3 , Est Remaining: 254.4
165 230.7 , Est Remaining: 253.0
166 232.1 , Est Remaining: 251.7
167 233.5 , Est Remaining: 250.3
168 234.9 , Est Remaining: 248.9
169 236.4 , Est Remaining: 247.6
170 237.8 , Est Remaining: 246.2
171 239.3 , Est Remaining: 244.9
172 240.7 , Est Remaining: 243.5
173 242.1 , Est Remaining: 242.1
174 243.5 , Est Remaining: 240.7
175 245.0 , Est Remaining: 239.4
176 246.4 , Est Remaining: 238.0
177 247.9 , Est Remaining: 236.7
178 249.4 , Est Remaining: 235.3
179 250.8 , Est Remaining: 234.0
180 252.2 , Est Remaining: 232.6
181 253.7 , Est Remaining: 231.3
182 255.2 , Est Remaining: 229.9
183 256.6 , Est Remaining: 228.6
184 258.1 , Est Remaining: 227.2
185 259.6 , Est Remaining: 225.9
186 261.0 , Est Remaining: 224.5
187 262.5 , Est Remaining: 223.2
188 264.0 , Est Remaining: 221.9
189 265.4 , Est Remaining: 220.5
190 266.9 , Est Remaining: 219.1
191 268.3 , Est Remaining: 217.8
EVENT FAILED
191 269.1 , Est Remaining: 218.4
192 270.5 , Est Remaining: 217.0
193 271.9 , Est Remaining: 215.6
194 273.4 , Est Remaining: 214.2
195 274.8 , Est Remaining: 212.8
196 276.2 , Est Remaining: 211.4
197 277.6 , Est Remaining: 210.0
198 279.1 , Est Remaining: 208.6
199 280.5 , Est Remaining: 207.2
200 281.9 , Est Remaining: 205.8
201 283.4 , Est Remaining: 204.4
202 284.9 , Est Remaining: 203.1
203 286.4 , Est Remaining: 201.7
204 287.8 , Est Remaining: 200.3
205 289.3 , Est Remaining: 199.0
206 290.7 , Est Remaining: 197.6
207 292.1 , Est Remaining: 196.2
208 293.5 , Est Remaining: 194.8
209 295.0 , Est Remaining: 193.4
210 296.4 , Est Remaining: 191.9
211 297.8 , Est Remaining: 190.5
EVENT FAILED
211 298.8 , Est Remaining: 191.2
212 300.2 , Est Remaining: 189.8
213 301.7 , Est Remaining: 188.4
214 303.1 , Est Remaining: 187.0
215 304.6 , Est Remaining: 185.6
216 306.1 , Est Remaining: 184.2
217 307.5 , Est Remaining: 182.8
218 309.0 , Est Remaining: 181.4
219 310.5 , Est Remaining: 180.0
220 311.9 , Est Remaining: 178.6
221 313.4 , Est Remaining: 177.3
222 314.8 , Est Remaining: 175.9
223 316.3 , Est Remaining: 174.4
224 317.7 , Est Remaining: 173.0
225 319.2 , Est Remaining: 171.6
226 320.6 , Est Remaining: 170.2
227 322.0 , Est Remaining: 168.8
228 323.4 , Est Remaining: 167.4
229 324.9 , Est Remaining: 166.0
230 326.3 , Est Remaining: 164.6
231 327.8 , Est Remaining: 163.2
232 329.2 , Est Remaining: 161.8
233 330.6 , Est Remaining: 160.3
234 332.0 , Est Remaining: 158.9
235 333.5 , Est Remaining: 157.5
236 334.9 , Est Remaining: 156.1
237 336.3 , Est Remaining: 154.7
238 337.7 , Est Remaining: 153.3
239 339.2 , Est Remaining: 151.9
EVENT FAILED
239 339.5 , Est Remaining: 152.0
240 340.9 , Est Remaining: 150.6
241 342.3 , Est Remaining: 149.2
242 343.8 , Est Remaining: 147.7
243 345.2 , Est Remaining: 146.3
244 346.6 , Est Remaining: 144.9
245 348.1 , Est Remaining: 143.5
246 349.5 , Est Remaining: 142.1
247 350.9 , Est Remaining: 140.7
248 352.3 , Est Remaining: 139.2
249 353.8 , Est Remaining: 137.8
250 355.2 , Est Remaining: 136.4
EVENT FAILED
250 355.5 , Est Remaining: 136.5
251 356.9 , Est Remaining: 135.1
252 358.3 , Est Remaining: 133.7
253 359.8 , Est Remaining: 132.2
254 361.2 , Est Remaining: 130.8
255 362.6 , Est Remaining: 129.4
256 364.1 , Est Remaining: 128.0
257 365.5 , Est Remaining: 126.6
258 367.0 , Est Remaining: 125.2
259 368.4 , Est Remaining: 123.7
260 369.8 , Est Remaining: 122.3
261 371.3 , Est Remaining: 120.9
262 372.7 , Est Remaining: 119.5
263 374.2 , Est Remaining: 118.1
264 375.6 , Est Remaining: 116.7
265 377.0 , Est Remaining: 115.2
266 378.4 , Est Remaining: 113.8
267 379.9 , Est Remaining: 112.4
268 381.3 , Est Remaining: 111.0
269 382.7 , Est Remaining: 109.5
270 384.1 , Est Remaining: 108.1
271 385.5 , Est Remaining: 106.7
272 386.9 , Est Remaining: 105.3
273 388.4 , Est Remaining: 103.8
274 389.8 , Est Remaining: 102.4
275 391.2 , Est Remaining: 101.0
EVENT FAILED
275 391.5 , Est Remaining: 101.1
276 392.9 , Est Remaining: 99.7
EVENT FAILED
276 393.2 , Est Remaining: 99.7
277 394.7 , Est Remaining: 98.3
278 396.1 , Est Remaining: 96.9
279 397.5 , Est Remaining: 95.5
280 399.0 , Est Remaining: 94.0
281 400.4 , Est Remaining: 92.6
282 401.8 , Est Remaining: 91.2
283 403.2 , Est Remaining: 89.8
284 404.6 , Est Remaining: 88.3
285 406.1 , Est Remaining: 86.9
286 407.5 , Est Remaining: 85.5
287 408.9 , Est Remaining: 84.1
288 410.3 , Est Remaining: 82.6
289 411.8 , Est Remaining: 81.2
290 413.2 , Est Remaining: 79.8
291 414.6 , Est Remaining: 78.4
292 416.1 , Est Remaining: 76.9
293 417.5 , Est Remaining: 75.5
294 419.0 , Est Remaining: 74.1
295 420.4 , Est Remaining: 72.7
296 421.9 , Est Remaining: 71.3
297 423.4 , Est Remaining: 69.8
298 424.8 , Est Remaining: 68.4
299 426.3 , Est Remaining: 67.0
300 427.8 , Est Remaining: 65.6
301 429.2 , Est Remaining: 64.2
302 430.8 , Est Remaining: 62.8
303 432.3 , Est Remaining: 61.3
304 433.8 , Est Remaining: 59.9
305 435.2 , Est Remaining: 58.5
306 436.7 , Est Remaining: 57.1
307 438.1 , Est Remaining: 55.7
308 439.6 , Est Remaining: 54.2
309 441.0 , Est Remaining: 52.8
310 442.5 , Est Remaining: 51.4
311 443.9 , Est Remaining: 50.0
312 445.4 , Est Remaining: 48.5
313 446.9 , Est Remaining: 47.1
314 448.3 , Est Remaining: 45.7
315 449.8 , Est Remaining: 44.3
EVENT FAILED
315 450.1 , Est Remaining: 44.3
316 451.5 , Est Remaining: 42.9
317 453.0 , Est Remaining: 41.4
318 454.4 , Est Remaining: 40.0
319 455.9 , Est Remaining: 38.6
320 457.3 , Est Remaining: 37.2
321 458.8 , Est Remaining: 35.7
322 460.2 , Est Remaining: 34.3
323 461.6 , Est Remaining: 32.9
324 463.1 , Est Remaining: 31.4
325 464.6 , Est Remaining: 30.0
326 466.0 , Est Remaining: 28.6
327 467.5 , Est Remaining: 27.2
328 468.9 , Est Remaining: 25.7
329 470.4 , Est Remaining: 24.3
330 471.8 , Est Remaining: 22.9
331 473.3 , Est Remaining: 21.4
332 474.7 , Est Remaining: 20.0
333 476.1 , Est Remaining: 18.6
334 477.6 , Est Remaining: 17.2
335 479.0 , Est Remaining: 15.7
