Note: NumExpr detected 32 cores but "NUMEXPR_MAX_THREADS" not set, so enforcing safe limit of 8.
Using selector: EpollSelector
/n/home02/jhaefner/miniconda/envs/IC-3.7-2020-06-16/lib/python3.7/site-packages/scipy/optimize/minpack.py:808: OptimizeWarning: Covariance of the parameters could not be estimated
  category=OptimizeWarning)
Total rwfs: 346
0 0.0 , Est Remaining: 999999.9
1 1.4 , Est Remaining: 487.8
2 2.8 , Est Remaining: 480.7
EVENT FAILED
2 3.1 , Est Remaining: 535.8
3 4.5 , Est Remaining: 516.7
4 5.9 , Est Remaining: 504.0
5 7.3 , Est Remaining: 494.5
6 8.6 , Est Remaining: 487.9
7 10.0 , Est Remaining: 482.1
8 11.3 , Est Remaining: 477.6
9 12.6 , Est Remaining: 473.5
10 14.0 , Est Remaining: 470.7
11 15.4 , Est Remaining: 468.3
12 16.7 , Est Remaining: 465.6
13 18.1 , Est Remaining: 462.9
14 19.4 , Est Remaining: 460.5
15 20.8 , Est Remaining: 458.1
16 22.1 , Est Remaining: 455.8
17 23.4 , Est Remaining: 453.5
18 24.8 , Est Remaining: 451.3
19 26.1 , Est Remaining: 449.4
20 27.4 , Est Remaining: 447.3
21 28.8 , Est Remaining: 445.4
22 30.1 , Est Remaining: 443.9
23 31.5 , Est Remaining: 442.1
24 32.8 , Est Remaining: 440.1
25 34.1 , Est Remaining: 438.2
26 35.5 , Est Remaining: 436.5
27 36.8 , Est Remaining: 434.8
28 38.1 , Est Remaining: 433.1
29 39.5 , Est Remaining: 431.5
30 40.8 , Est Remaining: 430.0
31 42.1 , Est Remaining: 428.2
32 43.5 , Est Remaining: 426.7
33 44.8 , Est Remaining: 425.1
34 46.2 , Est Remaining: 423.5
35 47.5 , Est Remaining: 422.0
36 48.8 , Est Remaining: 420.5
37 50.2 , Est Remaining: 419.0
38 51.5 , Est Remaining: 417.5
39 52.8 , Est Remaining: 416.0
40 54.2 , Est Remaining: 414.4
41 55.5 , Est Remaining: 412.9
42 56.9 , Est Remaining: 411.6
43 58.2 , Est Remaining: 410.2
44 59.6 , Est Remaining: 408.8
45 60.9 , Est Remaining: 407.3
46 62.2 , Est Remaining: 405.8
47 63.6 , Est Remaining: 404.4
48 64.9 , Est Remaining: 402.9
49 66.2 , Est Remaining: 401.5
50 67.6 , Est Remaining: 400.0
51 68.9 , Est Remaining: 398.6
52 70.3 , Est Remaining: 397.3
53 71.6 , Est Remaining: 395.9
54 73.0 , Est Remaining: 394.6
55 74.3 , Est Remaining: 393.2
56 75.7 , Est Remaining: 391.9
57 77.0 , Est Remaining: 390.5
58 78.4 , Est Remaining: 389.1
59 79.7 , Est Remaining: 387.7
60 81.1 , Est Remaining: 386.3
61 82.4 , Est Remaining: 385.0
62 83.7 , Est Remaining: 383.6
63 85.1 , Est Remaining: 382.2
64 86.4 , Est Remaining: 380.9
65 87.8 , Est Remaining: 379.5
66 89.1 , Est Remaining: 378.2
67 90.5 , Est Remaining: 376.8
68 91.8 , Est Remaining: 375.5
69 93.2 , Est Remaining: 374.2
70 94.6 , Est Remaining: 372.8
71 95.9 , Est Remaining: 371.5
72 97.3 , Est Remaining: 370.3
73 98.6 , Est Remaining: 368.9
74 100.0 , Est Remaining: 367.6
75 101.3 , Est Remaining: 366.2
76 102.7 , Est Remaining: 364.9
77 104.0 , Est Remaining: 363.5
78 105.4 , Est Remaining: 362.2
79 106.8 , Est Remaining: 360.9
80 108.1 , Est Remaining: 359.5
81 109.5 , Est Remaining: 358.2
82 110.8 , Est Remaining: 356.8
83 112.2 , Est Remaining: 355.5
84 113.5 , Est Remaining: 354.1
85 114.9 , Est Remaining: 352.8
86 116.2 , Est Remaining: 351.4
87 117.6 , Est Remaining: 350.1
88 118.9 , Est Remaining: 348.7
89 120.3 , Est Remaining: 347.3
90 121.6 , Est Remaining: 345.9
91 123.0 , Est Remaining: 344.5
92 124.3 , Est Remaining: 343.2
93 125.7 , Est Remaining: 341.9
EVENT FAILED
93 126.0 , Est Remaining: 342.7
94 127.3 , Est Remaining: 341.3
95 128.7 , Est Remaining: 340.0
96 130.0 , Est Remaining: 338.6
97 131.4 , Est Remaining: 337.2
EVENT FAILED
97 131.7 , Est Remaining: 338.0
98 133.0 , Est Remaining: 336.6
99 134.4 , Est Remaining: 335.3
EVENT FAILED
99 134.7 , Est Remaining: 336.0
100 136.0 , Est Remaining: 334.6
101 137.4 , Est Remaining: 333.3
102 138.7 , Est Remaining: 331.9
103 140.2 , Est Remaining: 330.7
104 141.5 , Est Remaining: 329.3
105 142.8 , Est Remaining: 327.8
106 144.2 , Est Remaining: 326.5
107 145.6 , Est Remaining: 325.1
108 146.9 , Est Remaining: 323.7
109 148.3 , Est Remaining: 322.3
110 149.6 , Est Remaining: 321.0
111 151.0 , Est Remaining: 319.6
112 152.3 , Est Remaining: 318.2
113 153.7 , Est Remaining: 316.9
114 155.0 , Est Remaining: 315.5
115 156.4 , Est Remaining: 314.1
116 157.7 , Est Remaining: 312.7
117 159.1 , Est Remaining: 311.4
118 160.5 , Est Remaining: 310.1
119 161.8 , Est Remaining: 308.7
120 163.3 , Est Remaining: 307.5
121 164.6 , Est Remaining: 306.2
122 166.0 , Est Remaining: 304.8
123 167.3 , Est Remaining: 303.4
124 168.7 , Est Remaining: 302.0
125 170.0 , Est Remaining: 300.6
126 171.4 , Est Remaining: 299.2
127 172.7 , Est Remaining: 297.8
128 174.1 , Est Remaining: 296.4
129 175.4 , Est Remaining: 295.0
130 176.7 , Est Remaining: 293.6
131 178.1 , Est Remaining: 292.3
132 179.4 , Est Remaining: 290.9
133 180.8 , Est Remaining: 289.5
134 182.1 , Est Remaining: 288.1
135 183.5 , Est Remaining: 286.8
136 184.8 , Est Remaining: 285.4
137 186.2 , Est Remaining: 284.0
138 187.5 , Est Remaining: 282.6
139 188.9 , Est Remaining: 281.3
140 190.2 , Est Remaining: 279.9
141 191.6 , Est Remaining: 278.6
142 192.9 , Est Remaining: 277.2
143 194.3 , Est Remaining: 275.8
144 195.7 , Est Remaining: 274.5
145 197.0 , Est Remaining: 273.1
146 198.4 , Est Remaining: 271.7
147 199.7 , Est Remaining: 270.4
148 201.1 , Est Remaining: 269.0
149 202.4 , Est Remaining: 267.6
150 203.8 , Est Remaining: 266.3
151 205.1 , Est Remaining: 264.9
152 206.5 , Est Remaining: 263.5
EVENT FAILED
152 206.8 , Est Remaining: 263.9
153 208.1 , Est Remaining: 262.5
154 209.5 , Est Remaining: 261.2
155 210.8 , Est Remaining: 259.8
156 212.2 , Est Remaining: 258.4
157 213.5 , Est Remaining: 257.0
158 214.9 , Est Remaining: 255.7
159 216.2 , Est Remaining: 254.3
160 217.5 , Est Remaining: 252.9
161 218.9 , Est Remaining: 251.5
162 220.3 , Est Remaining: 250.2
163 221.6 , Est Remaining: 248.8
164 222.9 , Est Remaining: 247.4
165 224.3 , Est Remaining: 246.1
166 225.6 , Est Remaining: 244.7
EVENT FAILED
166 225.9 , Est Remaining: 245.0
167 227.3 , Est Remaining: 243.6
168 228.6 , Est Remaining: 242.2
169 230.0 , Est Remaining: 240.9
170 231.3 , Est Remaining: 239.5
171 232.7 , Est Remaining: 238.1
172 234.0 , Est Remaining: 236.7
173 235.4 , Est Remaining: 235.4
174 236.7 , Est Remaining: 234.0
175 238.0 , Est Remaining: 232.6
176 239.4 , Est Remaining: 231.2
177 240.7 , Est Remaining: 229.8
178 242.1 , Est Remaining: 228.5
EVENT FAILED
178 242.4 , Est Remaining: 228.7
179 243.7 , Est Remaining: 227.4
180 245.0 , Est Remaining: 226.0
181 246.4 , Est Remaining: 224.6
182 247.7 , Est Remaining: 223.2
183 249.1 , Est Remaining: 221.9
184 250.4 , Est Remaining: 220.5
185 251.8 , Est Remaining: 219.1
186 253.1 , Est Remaining: 217.8
187 254.5 , Est Remaining: 216.4
188 255.8 , Est Remaining: 215.0
189 257.2 , Est Remaining: 213.6
190 258.5 , Est Remaining: 212.3
191 259.9 , Est Remaining: 210.9
192 261.2 , Est Remaining: 209.5
193 262.6 , Est Remaining: 208.2
194 263.9 , Est Remaining: 206.8
195 265.3 , Est Remaining: 205.4
196 266.6 , Est Remaining: 204.0
197 268.0 , Est Remaining: 202.7
198 269.3 , Est Remaining: 201.3
199 270.7 , Est Remaining: 199.9
200 272.0 , Est Remaining: 198.6
201 273.4 , Est Remaining: 197.2
202 274.8 , Est Remaining: 195.9
203 276.1 , Est Remaining: 194.5
204 277.5 , Est Remaining: 193.1
205 278.8 , Est Remaining: 191.8
206 280.2 , Est Remaining: 190.4
207 281.5 , Est Remaining: 189.0
208 282.8 , Est Remaining: 187.7
209 284.2 , Est Remaining: 186.3
210 285.5 , Est Remaining: 184.9
211 286.8 , Est Remaining: 183.5
212 288.2 , Est Remaining: 182.1
213 289.5 , Est Remaining: 180.8
214 290.8 , Est Remaining: 179.4
215 292.2 , Est Remaining: 178.0
216 293.5 , Est Remaining: 176.7
217 294.9 , Est Remaining: 175.3
218 296.3 , Est Remaining: 174.0
219 297.6 , Est Remaining: 172.6
220 299.0 , Est Remaining: 171.2
221 300.3 , Est Remaining: 169.9
222 301.7 , Est Remaining: 168.5
223 303.1 , Est Remaining: 167.2
224 304.4 , Est Remaining: 165.8
EVENT FAILED
224 304.7 , Est Remaining: 166.0
225 306.0 , Est Remaining: 164.6
226 307.4 , Est Remaining: 163.2
227 308.7 , Est Remaining: 161.8
EVENT FAILED
227 309.0 , Est Remaining: 162.0
228 310.3 , Est Remaining: 160.6
229 311.7 , Est Remaining: 159.2
230 313.0 , Est Remaining: 157.8
231 314.3 , Est Remaining: 156.5
232 315.6 , Est Remaining: 155.1
233 316.8 , Est Remaining: 153.7
234 318.2 , Est Remaining: 152.3
235 319.5 , Est Remaining: 150.9
236 320.9 , Est Remaining: 149.6
237 322.3 , Est Remaining: 148.2
EVENT FAILED
237 322.6 , Est Remaining: 148.3
238 323.9 , Est Remaining: 147.0
239 325.3 , Est Remaining: 145.6
240 326.6 , Est Remaining: 144.2
241 327.9 , Est Remaining: 142.9
242 329.3 , Est Remaining: 141.5
243 330.6 , Est Remaining: 140.1
244 331.9 , Est Remaining: 138.8
245 333.3 , Est Remaining: 137.4
246 334.6 , Est Remaining: 136.0
247 336.0 , Est Remaining: 134.7
248 337.3 , Est Remaining: 133.3
EVENT FAILED
248 337.6 , Est Remaining: 133.4
249 338.9 , Est Remaining: 132.0
250 340.3 , Est Remaining: 130.7
251 341.6 , Est Remaining: 129.3
252 343.0 , Est Remaining: 127.9
253 344.3 , Est Remaining: 126.6
254 345.6 , Est Remaining: 125.2
255 347.0 , Est Remaining: 123.8
256 348.4 , Est Remaining: 122.5
257 349.7 , Est Remaining: 121.1
258 351.0 , Est Remaining: 119.7
259 352.4 , Est Remaining: 118.4
260 353.7 , Est Remaining: 117.0
261 355.1 , Est Remaining: 115.6
262 356.4 , Est Remaining: 114.3
263 357.7 , Est Remaining: 112.9
264 359.1 , Est Remaining: 111.5
265 360.4 , Est Remaining: 110.2
266 361.8 , Est Remaining: 108.8
267 363.1 , Est Remaining: 107.4
268 364.4 , Est Remaining: 106.1
269 365.7 , Est Remaining: 104.7
270 367.1 , Est Remaining: 103.3
271 368.4 , Est Remaining: 102.0
272 369.7 , Est Remaining: 100.6
273 371.1 , Est Remaining: 99.2
274 372.4 , Est Remaining: 97.9
275 373.7 , Est Remaining: 96.5
276 375.1 , Est Remaining: 95.1
277 376.4 , Est Remaining: 93.8
278 377.7 , Est Remaining: 92.4
279 379.1 , Est Remaining: 91.0
280 380.4 , Est Remaining: 89.7
281 381.7 , Est Remaining: 88.3
282 383.1 , Est Remaining: 86.9
283 384.4 , Est Remaining: 85.6
284 385.8 , Est Remaining: 84.2
285 387.1 , Est Remaining: 82.9
286 388.5 , Est Remaining: 81.5
287 389.8 , Est Remaining: 80.1
288 391.1 , Est Remaining: 78.8
289 392.5 , Est Remaining: 77.4
290 393.8 , Est Remaining: 76.1
291 395.2 , Est Remaining: 74.7
292 396.5 , Est Remaining: 73.3
293 397.9 , Est Remaining: 72.0
294 399.2 , Est Remaining: 70.6
EVENT FAILED
294 399.5 , Est Remaining: 70.7
295 400.8 , Est Remaining: 69.3
296 402.2 , Est Remaining: 67.9
297 403.5 , Est Remaining: 66.6
298 404.8 , Est Remaining: 65.2
299 406.1 , Est Remaining: 63.8
300 407.4 , Est Remaining: 62.5
301 408.8 , Est Remaining: 61.1
302 410.2 , Est Remaining: 59.8
EVENT FAILED
302 410.5 , Est Remaining: 59.8
303 411.9 , Est Remaining: 58.4
304 413.2 , Est Remaining: 57.1
305 414.5 , Est Remaining: 55.7
306 415.8 , Est Remaining: 54.4
307 417.2 , Est Remaining: 53.0
308 418.5 , Est Remaining: 51.6
309 419.8 , Est Remaining: 50.3
310 421.1 , Est Remaining: 48.9
311 422.4 , Est Remaining: 47.5
312 423.7 , Est Remaining: 46.2
313 425.0 , Est Remaining: 44.8
EVENT FAILED
313 425.3 , Est Remaining: 44.8
314 426.7 , Est Remaining: 43.5
315 428.0 , Est Remaining: 42.1
316 429.3 , Est Remaining: 40.8
317 430.6 , Est Remaining: 39.4
318 431.8 , Est Remaining: 38.0
319 433.1 , Est Remaining: 36.7
320 434.4 , Est Remaining: 35.3
321 435.7 , Est Remaining: 33.9
322 437.0 , Est Remaining: 32.6
EVENT FAILED
322 437.2 , Est Remaining: 32.6
323 438.5 , Est Remaining: 31.2
324 439.8 , Est Remaining: 29.9
325 441.1 , Est Remaining: 28.5
326 442.3 , Est Remaining: 27.1
327 443.5 , Est Remaining: 25.8
328 444.8 , Est Remaining: 24.4
329 446.1 , Est Remaining: 23.1
EVENT FAILED
329 446.4 , Est Remaining: 23.1
