Note: NumExpr detected 32 cores but "NUMEXPR_MAX_THREADS" not set, so enforcing safe limit of 8.
Using selector: EpollSelector
/n/home02/jhaefner/miniconda/envs/IC-3.7-2020-06-16/lib/python3.7/site-packages/scipy/optimize/minpack.py:808: OptimizeWarning: Covariance of the parameters could not be estimated
  category=OptimizeWarning)
Total rwfs: 346
0 0.0 , Est Remaining: 999999.9
1 1.5 , Est Remaining: 506.3
2 2.9 , Est Remaining: 503.0
3 4.4 , Est Remaining: 503.1
4 5.8 , Est Remaining: 498.4
5 7.3 , Est Remaining: 495.0
6 8.7 , Est Remaining: 491.5
7 10.1 , Est Remaining: 488.5
8 11.5 , Est Remaining: 486.3
9 12.9 , Est Remaining: 483.8
10 14.3 , Est Remaining: 481.8
11 15.8 , Est Remaining: 479.9
12 17.2 , Est Remaining: 478.4
13 18.6 , Est Remaining: 476.8
14 20.0 , Est Remaining: 474.9
15 21.4 , Est Remaining: 472.9
16 22.9 , Est Remaining: 471.6
17 24.3 , Est Remaining: 470.0
18 25.7 , Est Remaining: 468.6
19 27.1 , Est Remaining: 467.0
20 28.6 , Est Remaining: 465.7
21 30.0 , Est Remaining: 464.2
22 31.4 , Est Remaining: 462.5
23 32.8 , Est Remaining: 460.6
24 34.2 , Est Remaining: 459.2
25 35.6 , Est Remaining: 457.5
26 37.1 , Est Remaining: 456.0
27 38.5 , Est Remaining: 454.5
28 39.9 , Est Remaining: 453.0
29 41.3 , Est Remaining: 451.3
30 42.7 , Est Remaining: 449.9
31 44.1 , Est Remaining: 448.2
32 45.5 , Est Remaining: 446.7
33 46.9 , Est Remaining: 445.1
34 48.3 , Est Remaining: 443.5
35 49.7 , Est Remaining: 441.9
36 51.1 , Est Remaining: 440.3
37 52.5 , Est Remaining: 438.8
38 53.9 , Est Remaining: 437.2
39 55.3 , Est Remaining: 435.7
40 56.7 , Est Remaining: 434.1
41 58.2 , Est Remaining: 432.7
42 59.6 , Est Remaining: 431.3
43 61.0 , Est Remaining: 429.8
44 62.4 , Est Remaining: 428.4
45 63.8 , Est Remaining: 426.9
46 65.2 , Est Remaining: 425.4
47 66.7 , Est Remaining: 424.0
48 68.1 , Est Remaining: 422.6
49 69.5 , Est Remaining: 421.2
50 70.9 , Est Remaining: 419.8
51 72.3 , Est Remaining: 418.4
52 73.7 , Est Remaining: 416.9
53 75.2 , Est Remaining: 415.5
54 76.6 , Est Remaining: 414.0
55 78.0 , Est Remaining: 412.5
56 79.4 , Est Remaining: 411.1
57 80.8 , Est Remaining: 409.8
58 82.2 , Est Remaining: 408.3
59 83.6 , Est Remaining: 406.9
60 85.1 , Est Remaining: 405.4
61 86.5 , Est Remaining: 404.0
62 87.9 , Est Remaining: 402.5
63 89.3 , Est Remaining: 401.0
64 90.7 , Est Remaining: 399.6
65 92.1 , Est Remaining: 398.2
66 93.5 , Est Remaining: 396.7
67 94.9 , Est Remaining: 395.3
68 96.4 , Est Remaining: 394.0
69 97.8 , Est Remaining: 392.6
70 99.2 , Est Remaining: 391.1
71 100.6 , Est Remaining: 389.7
72 102.0 , Est Remaining: 388.3
73 103.5 , Est Remaining: 386.9
74 104.9 , Est Remaining: 385.5
75 106.3 , Est Remaining: 384.1
76 107.7 , Est Remaining: 382.7
EVENT FAILED
76 108.0 , Est Remaining: 383.8
77 109.4 , Est Remaining: 382.4
78 110.9 , Est Remaining: 380.9
79 112.3 , Est Remaining: 379.5
80 113.7 , Est Remaining: 378.0
81 115.1 , Est Remaining: 376.6
82 116.6 , Est Remaining: 375.2
83 118.0 , Est Remaining: 373.8
84 119.4 , Est Remaining: 372.4
85 120.8 , Est Remaining: 370.9
86 122.2 , Est Remaining: 369.5
87 123.7 , Est Remaining: 368.1
88 125.1 , Est Remaining: 366.8
89 126.5 , Est Remaining: 365.3
90 127.9 , Est Remaining: 363.9
91 129.4 , Est Remaining: 362.5
92 130.8 , Est Remaining: 361.1
93 132.2 , Est Remaining: 359.7
94 133.7 , Est Remaining: 358.3
95 135.1 , Est Remaining: 356.9
96 136.5 , Est Remaining: 355.6
97 138.0 , Est Remaining: 354.2
98 139.4 , Est Remaining: 352.8
99 140.8 , Est Remaining: 351.4
100 142.3 , Est Remaining: 350.0
101 143.7 , Est Remaining: 348.6
102 145.2 , Est Remaining: 347.3
103 146.7 , Est Remaining: 346.1
104 148.2 , Est Remaining: 344.7
105 149.6 , Est Remaining: 343.3
106 151.0 , Est Remaining: 341.9
EVENT FAILED
106 151.3 , Est Remaining: 342.6
EVENT FAILED
106 151.6 , Est Remaining: 343.4
107 153.1 , Est Remaining: 341.9
108 154.5 , Est Remaining: 340.6
109 156.0 , Est Remaining: 339.1
110 157.4 , Est Remaining: 337.6
111 158.8 , Est Remaining: 336.2
112 160.2 , Est Remaining: 334.7
113 161.6 , Est Remaining: 333.3
114 163.1 , Est Remaining: 331.9
EVENT FAILED
114 163.4 , Est Remaining: 332.5
115 164.8 , Est Remaining: 331.1
116 166.3 , Est Remaining: 329.6
117 167.7 , Est Remaining: 328.2
118 169.1 , Est Remaining: 326.7
119 170.5 , Est Remaining: 325.2
120 171.9 , Est Remaining: 323.8
121 173.3 , Est Remaining: 322.3
122 174.8 , Est Remaining: 320.9
123 176.2 , Est Remaining: 319.4
124 177.6 , Est Remaining: 318.0
125 179.0 , Est Remaining: 316.5
126 180.5 , Est Remaining: 315.1
127 181.9 , Est Remaining: 313.6
128 183.3 , Est Remaining: 312.2
129 184.7 , Est Remaining: 310.7
130 186.1 , Est Remaining: 309.3
131 187.6 , Est Remaining: 307.8
132 189.0 , Est Remaining: 306.4
133 190.4 , Est Remaining: 305.0
134 191.9 , Est Remaining: 303.5
135 193.3 , Est Remaining: 302.1
136 194.7 , Est Remaining: 300.7
137 196.2 , Est Remaining: 299.3
138 197.6 , Est Remaining: 297.8
139 199.0 , Est Remaining: 296.4
140 200.4 , Est Remaining: 294.9
141 201.8 , Est Remaining: 293.5
142 203.3 , Est Remaining: 292.0
143 204.7 , Est Remaining: 290.6
144 206.1 , Est Remaining: 289.1
145 207.5 , Est Remaining: 287.6
146 208.9 , Est Remaining: 286.1
EVENT FAILED
146 209.2 , Est Remaining: 286.6
147 210.6 , Est Remaining: 285.1
148 212.0 , Est Remaining: 283.6
149 213.4 , Est Remaining: 282.2
150 214.8 , Est Remaining: 280.7
151 216.2 , Est Remaining: 279.2
152 217.6 , Est Remaining: 277.7
153 219.0 , Est Remaining: 276.3
154 220.4 , Est Remaining: 274.8
155 221.9 , Est Remaining: 273.4
156 223.3 , Est Remaining: 272.0
157 224.7 , Est Remaining: 270.5
158 226.2 , Est Remaining: 269.1
159 227.6 , Est Remaining: 267.7
160 229.0 , Est Remaining: 266.2
161 230.4 , Est Remaining: 264.8
162 231.9 , Est Remaining: 263.4
163 233.3 , Est Remaining: 261.9
164 234.7 , Est Remaining: 260.5
165 236.1 , Est Remaining: 259.0
166 237.5 , Est Remaining: 257.6
167 239.0 , Est Remaining: 256.2
168 240.4 , Est Remaining: 254.7
169 241.8 , Est Remaining: 253.3
170 243.3 , Est Remaining: 251.8
171 244.7 , Est Remaining: 250.4
172 246.1 , Est Remaining: 249.0
173 247.5 , Est Remaining: 247.5
174 248.9 , Est Remaining: 246.1
175 250.4 , Est Remaining: 244.6
176 251.8 , Est Remaining: 243.2
177 253.2 , Est Remaining: 241.8
178 254.7 , Est Remaining: 240.4
179 256.1 , Est Remaining: 238.9
180 257.5 , Est Remaining: 237.5
181 258.9 , Est Remaining: 236.0
182 260.3 , Est Remaining: 234.6
183 261.7 , Est Remaining: 233.1
184 263.2 , Est Remaining: 231.7
185 264.6 , Est Remaining: 230.3
186 266.0 , Est Remaining: 228.8
187 267.4 , Est Remaining: 227.4
188 268.8 , Est Remaining: 225.9
189 270.2 , Est Remaining: 224.5
EVENT FAILED
189 270.5 , Est Remaining: 224.7
190 272.0 , Est Remaining: 223.3
191 273.4 , Est Remaining: 221.9
192 274.8 , Est Remaining: 220.4
193 276.2 , Est Remaining: 219.0
194 277.7 , Est Remaining: 217.5
195 279.1 , Est Remaining: 216.1
196 280.5 , Est Remaining: 214.7
197 282.0 , Est Remaining: 213.3
198 283.4 , Est Remaining: 211.8
199 284.8 , Est Remaining: 210.4
200 286.2 , Est Remaining: 208.9
201 287.6 , Est Remaining: 207.5
202 289.1 , Est Remaining: 206.1
203 290.6 , Est Remaining: 204.7
204 292.0 , Est Remaining: 203.3
205 293.4 , Est Remaining: 201.8
206 294.9 , Est Remaining: 200.4
207 296.3 , Est Remaining: 198.9
208 297.7 , Est Remaining: 197.5
209 299.1 , Est Remaining: 196.0
210 300.5 , Est Remaining: 194.6
211 301.9 , Est Remaining: 193.2
212 303.3 , Est Remaining: 191.7
213 304.8 , Est Remaining: 190.3
214 306.2 , Est Remaining: 188.9
215 307.6 , Est Remaining: 187.4
216 309.0 , Est Remaining: 186.0
217 310.5 , Est Remaining: 184.6
218 311.9 , Est Remaining: 183.1
219 313.3 , Est Remaining: 181.7
220 314.8 , Est Remaining: 180.3
221 316.2 , Est Remaining: 178.8
222 317.6 , Est Remaining: 177.4
223 319.1 , Est Remaining: 176.0
224 320.5 , Est Remaining: 174.5
225 321.9 , Est Remaining: 173.1
226 323.3 , Est Remaining: 171.7
227 324.8 , Est Remaining: 170.3
228 326.2 , Est Remaining: 168.8
229 327.6 , Est Remaining: 167.4
230 329.0 , Est Remaining: 165.9
231 330.5 , Est Remaining: 164.5
232 331.9 , Est Remaining: 163.1
233 333.3 , Est Remaining: 161.7
234 334.8 , Est Remaining: 160.2
235 336.2 , Est Remaining: 158.8
236 337.6 , Est Remaining: 157.4
237 339.0 , Est Remaining: 155.9
238 340.5 , Est Remaining: 154.5
239 341.9 , Est Remaining: 153.1
240 343.3 , Est Remaining: 151.6
241 344.7 , Est Remaining: 150.2
242 346.1 , Est Remaining: 148.8
243 347.6 , Est Remaining: 147.3
244 349.0 , Est Remaining: 145.9
EVENT FAILED
244 349.3 , Est Remaining: 146.0
245 350.8 , Est Remaining: 144.6
246 352.2 , Est Remaining: 143.2
247 353.7 , Est Remaining: 141.8
248 355.1 , Est Remaining: 140.3
249 356.6 , Est Remaining: 138.9
250 358.0 , Est Remaining: 137.5
EVENT FAILED
250 358.3 , Est Remaining: 137.6
251 359.8 , Est Remaining: 136.2
252 361.2 , Est Remaining: 134.7
253 362.6 , Est Remaining: 133.3
254 364.1 , Est Remaining: 131.9
255 365.5 , Est Remaining: 130.4
256 366.9 , Est Remaining: 129.0
257 368.4 , Est Remaining: 127.6
258 369.8 , Est Remaining: 126.1
259 371.2 , Est Remaining: 124.7
260 372.6 , Est Remaining: 123.3
261 374.1 , Est Remaining: 121.8
262 375.5 , Est Remaining: 120.4
263 376.9 , Est Remaining: 118.9
264 378.3 , Est Remaining: 117.5
265 379.7 , Est Remaining: 116.1
266 381.1 , Est Remaining: 114.6
267 382.5 , Est Remaining: 113.2
EVENT FAILED
267 382.8 , Est Remaining: 113.3
268 384.2 , Est Remaining: 111.8
269 385.6 , Est Remaining: 110.4
270 387.0 , Est Remaining: 108.9
271 388.3 , Est Remaining: 107.5
272 389.7 , Est Remaining: 106.0
273 391.1 , Est Remaining: 104.6
274 392.5 , Est Remaining: 103.1
275 394.0 , Est Remaining: 101.7
276 395.4 , Est Remaining: 100.3
277 396.8 , Est Remaining: 98.8
278 398.2 , Est Remaining: 97.4
279 399.5 , Est Remaining: 95.9
280 401.0 , Est Remaining: 94.5
281 402.3 , Est Remaining: 93.1
282 403.7 , Est Remaining: 91.6
EVENT FAILED
282 404.0 , Est Remaining: 91.7
283 405.4 , Est Remaining: 90.2
284 406.8 , Est Remaining: 88.8
285 408.1 , Est Remaining: 87.4
286 409.5 , Est Remaining: 85.9
287 410.9 , Est Remaining: 84.5
288 412.2 , Est Remaining: 83.0
289 413.6 , Est Remaining: 81.6
290 415.0 , Est Remaining: 80.1
291 416.4 , Est Remaining: 78.7
292 417.7 , Est Remaining: 77.2
293 419.1 , Est Remaining: 75.8
294 420.4 , Est Remaining: 74.4
295 421.8 , Est Remaining: 72.9
296 423.1 , Est Remaining: 71.5
297 424.5 , Est Remaining: 70.0
298 425.9 , Est Remaining: 68.6
299 427.2 , Est Remaining: 67.2
300 428.6 , Est Remaining: 65.7
301 429.9 , Est Remaining: 64.3
302 431.5 , Est Remaining: 62.9
303 432.8 , Est Remaining: 61.4
304 434.2 , Est Remaining: 60.0
305 435.6 , Est Remaining: 58.6
306 436.9 , Est Remaining: 57.1
307 438.3 , Est Remaining: 55.7
308 439.7 , Est Remaining: 54.2
309 441.0 , Est Remaining: 52.8
310 442.3 , Est Remaining: 51.4
311 443.7 , Est Remaining: 49.9
312 445.0 , Est Remaining: 48.5
313 446.4 , Est Remaining: 47.1
314 447.9 , Est Remaining: 45.6
315 449.2 , Est Remaining: 44.2
316 450.5 , Est Remaining: 42.8
317 451.8 , Est Remaining: 41.3
318 453.1 , Est Remaining: 39.9
319 454.4 , Est Remaining: 38.5
320 455.8 , Est Remaining: 37.0
321 457.1 , Est Remaining: 35.6
322 458.4 , Est Remaining: 34.2
323 459.7 , Est Remaining: 32.7
324 461.0 , Est Remaining: 31.3
325 462.3 , Est Remaining: 29.9
326 463.6 , Est Remaining: 28.4
327 464.9 , Est Remaining: 27.0
328 466.2 , Est Remaining: 25.6
329 467.5 , Est Remaining: 24.2
330 468.8 , Est Remaining: 22.7
331 470.1 , Est Remaining: 21.3
332 471.3 , Est Remaining: 19.9
333 472.6 , Est Remaining: 18.5
334 473.9 , Est Remaining: 17.0
335 475.2 , Est Remaining: 15.6
