Note: NumExpr detected 32 cores but "NUMEXPR_MAX_THREADS" not set, so enforcing safe limit of 8.
Using selector: EpollSelector
/n/home02/jhaefner/miniconda/envs/IC-3.7-2020-06-16/lib/python3.7/site-packages/scipy/optimize/minpack.py:808: OptimizeWarning: Covariance of the parameters could not be estimated
  category=OptimizeWarning)
Total rwfs: 346
0 0.0 , Est Remaining: 999999.9
1 1.5 , Est Remaining: 511.9
2 3.0 , Est Remaining: 508.9
3 4.4 , Est Remaining: 507.8
4 5.9 , Est Remaining: 505.1
5 7.4 , Est Remaining: 503.1
6 8.9 , Est Remaining: 502.5
7 10.3 , Est Remaining: 500.3
8 11.8 , Est Remaining: 497.8
9 13.2 , Est Remaining: 495.0
10 14.7 , Est Remaining: 493.8
11 16.2 , Est Remaining: 492.3
12 17.6 , Est Remaining: 490.1
13 19.1 , Est Remaining: 488.6
14 20.5 , Est Remaining: 487.1
15 22.0 , Est Remaining: 486.1
EVENT FAILED
15 22.3 , Est Remaining: 492.9
16 23.8 , Est Remaining: 490.8
17 25.2 , Est Remaining: 488.3
18 26.5 , Est Remaining: 483.6
19 28.0 , Est Remaining: 482.5
20 29.5 , Est Remaining: 481.3
EVENT FAILED
20 29.8 , Est Remaining: 486.4
21 31.3 , Est Remaining: 484.9
22 32.8 , Est Remaining: 482.9
23 34.3 , Est Remaining: 481.3
24 35.7 , Est Remaining: 479.3
25 37.2 , Est Remaining: 477.6
26 38.7 , Est Remaining: 475.9
27 40.1 , Est Remaining: 474.1
28 41.6 , Est Remaining: 472.5
29 43.1 , Est Remaining: 470.7
30 44.5 , Est Remaining: 468.9
31 46.0 , Est Remaining: 467.1
32 47.4 , Est Remaining: 465.3
33 48.9 , Est Remaining: 463.4
EVENT FAILED
33 49.2 , Est Remaining: 466.6
34 50.7 , Est Remaining: 465.0
35 52.1 , Est Remaining: 463.3
36 53.6 , Est Remaining: 461.6
37 55.1 , Est Remaining: 459.9
38 56.5 , Est Remaining: 458.2
39 58.0 , Est Remaining: 456.7
EVENT FAILED
39 58.3 , Est Remaining: 459.1
40 59.8 , Est Remaining: 457.5
41 61.3 , Est Remaining: 455.9
42 62.8 , Est Remaining: 454.2
43 64.2 , Est Remaining: 452.7
44 65.7 , Est Remaining: 451.0
45 67.2 , Est Remaining: 449.4
46 68.7 , Est Remaining: 447.8
47 70.1 , Est Remaining: 446.2
EVENT FAILED
47 70.4 , Est Remaining: 448.1
48 71.9 , Est Remaining: 446.3
49 73.4 , Est Remaining: 444.7
50 74.8 , Est Remaining: 443.1
51 76.3 , Est Remaining: 441.3
52 77.8 , Est Remaining: 439.7
53 79.2 , Est Remaining: 438.0
54 80.7 , Est Remaining: 436.3
55 82.1 , Est Remaining: 434.6
56 83.6 , Est Remaining: 433.0
57 85.1 , Est Remaining: 431.5
58 86.6 , Est Remaining: 429.8
59 88.0 , Est Remaining: 428.2
60 89.5 , Est Remaining: 426.7
61 91.0 , Est Remaining: 425.0
62 92.4 , Est Remaining: 423.4
63 93.9 , Est Remaining: 421.8
64 95.4 , Est Remaining: 420.2
65 96.8 , Est Remaining: 418.7
66 98.3 , Est Remaining: 417.2
67 99.8 , Est Remaining: 415.5
68 101.2 , Est Remaining: 413.9
69 102.7 , Est Remaining: 412.3
70 104.2 , Est Remaining: 410.7
EVENT FAILED
70 104.5 , Est Remaining: 412.0
71 105.9 , Est Remaining: 410.4
72 107.4 , Est Remaining: 408.7
73 108.8 , Est Remaining: 407.1
74 110.3 , Est Remaining: 405.5
75 111.8 , Est Remaining: 404.0
76 113.3 , Est Remaining: 402.3
77 114.7 , Est Remaining: 400.7
78 116.1 , Est Remaining: 399.1
79 117.6 , Est Remaining: 397.6
80 119.1 , Est Remaining: 396.0
81 120.6 , Est Remaining: 394.5
82 122.1 , Est Remaining: 393.0
83 123.5 , Est Remaining: 391.4
84 125.0 , Est Remaining: 389.9
85 126.5 , Est Remaining: 388.3
86 128.0 , Est Remaining: 386.8
87 129.4 , Est Remaining: 385.3
88 130.9 , Est Remaining: 383.7
89 132.4 , Est Remaining: 382.2
90 133.9 , Est Remaining: 380.7
91 135.4 , Est Remaining: 379.3
92 136.8 , Est Remaining: 377.8
93 138.3 , Est Remaining: 376.3
94 139.8 , Est Remaining: 374.7
95 141.3 , Est Remaining: 373.2
96 142.7 , Est Remaining: 371.7
97 144.2 , Est Remaining: 370.2
98 145.7 , Est Remaining: 368.7
99 147.2 , Est Remaining: 367.2
100 148.6 , Est Remaining: 365.7
101 150.1 , Est Remaining: 364.1
102 151.6 , Est Remaining: 362.6
103 153.1 , Est Remaining: 361.3
104 154.6 , Est Remaining: 359.8
105 156.1 , Est Remaining: 358.2
106 157.5 , Est Remaining: 356.7
107 159.0 , Est Remaining: 355.1
108 160.5 , Est Remaining: 353.6
109 161.9 , Est Remaining: 352.1
110 163.4 , Est Remaining: 350.6
111 164.9 , Est Remaining: 349.1
112 166.4 , Est Remaining: 347.6
113 167.9 , Est Remaining: 346.1
114 169.3 , Est Remaining: 344.6
115 170.8 , Est Remaining: 343.0
116 172.2 , Est Remaining: 341.5
117 173.7 , Est Remaining: 339.9
118 175.1 , Est Remaining: 338.4
119 176.6 , Est Remaining: 336.9
120 178.0 , Est Remaining: 335.3
121 179.5 , Est Remaining: 333.8
122 181.0 , Est Remaining: 332.3
123 182.4 , Est Remaining: 330.7
124 183.9 , Est Remaining: 329.3
125 185.4 , Est Remaining: 327.7
126 186.8 , Est Remaining: 326.2
127 188.3 , Est Remaining: 324.7
128 189.8 , Est Remaining: 323.2
129 191.2 , Est Remaining: 321.7
130 192.7 , Est Remaining: 320.2
131 194.2 , Est Remaining: 318.7
132 195.6 , Est Remaining: 317.2
133 197.1 , Est Remaining: 315.7
134 198.6 , Est Remaining: 314.2
135 200.1 , Est Remaining: 312.7
136 201.6 , Est Remaining: 311.2
137 203.0 , Est Remaining: 309.7
138 204.5 , Est Remaining: 308.2
139 206.0 , Est Remaining: 306.7
140 207.5 , Est Remaining: 305.3
141 208.9 , Est Remaining: 303.8
142 210.4 , Est Remaining: 302.3
143 211.9 , Est Remaining: 300.8
144 213.4 , Est Remaining: 299.3
145 214.8 , Est Remaining: 297.8
146 216.3 , Est Remaining: 296.3
147 217.8 , Est Remaining: 294.8
148 219.2 , Est Remaining: 293.2
149 220.6 , Est Remaining: 291.7
150 222.1 , Est Remaining: 290.2
151 223.5 , Est Remaining: 288.6
152 225.0 , Est Remaining: 287.1
153 226.4 , Est Remaining: 285.6
154 227.9 , Est Remaining: 284.1
155 229.3 , Est Remaining: 282.6
156 230.8 , Est Remaining: 281.1
157 232.2 , Est Remaining: 279.6
158 233.7 , Est Remaining: 278.1
159 235.1 , Est Remaining: 276.5
160 236.6 , Est Remaining: 275.0
161 238.0 , Est Remaining: 273.5
162 239.5 , Est Remaining: 272.0
163 240.9 , Est Remaining: 270.5
164 242.4 , Est Remaining: 269.0
165 243.8 , Est Remaining: 267.5
166 245.3 , Est Remaining: 266.0
167 246.8 , Est Remaining: 264.5
168 248.3 , Est Remaining: 263.0
169 249.7 , Est Remaining: 261.5
170 251.2 , Est Remaining: 260.0
EVENT FAILED
170 251.5 , Est Remaining: 260.4
171 252.9 , Est Remaining: 258.8
172 254.4 , Est Remaining: 257.3
173 255.8 , Est Remaining: 255.8
174 257.3 , Est Remaining: 254.3
175 258.7 , Est Remaining: 252.8
176 260.2 , Est Remaining: 251.3
177 261.6 , Est Remaining: 249.8
178 263.1 , Est Remaining: 248.3
179 264.5 , Est Remaining: 246.8
180 266.0 , Est Remaining: 245.3
181 267.4 , Est Remaining: 243.8
182 268.9 , Est Remaining: 242.3
183 270.4 , Est Remaining: 240.8
184 271.8 , Est Remaining: 239.3
185 273.2 , Est Remaining: 237.7
186 274.6 , Est Remaining: 236.3
187 276.1 , Est Remaining: 234.8
188 277.6 , Est Remaining: 233.3
189 279.0 , Est Remaining: 231.8
190 280.5 , Est Remaining: 230.3
191 282.0 , Est Remaining: 228.8
192 283.4 , Est Remaining: 227.3
193 284.9 , Est Remaining: 225.8
194 286.4 , Est Remaining: 224.4
195 287.8 , Est Remaining: 222.9
196 289.3 , Est Remaining: 221.4
197 290.8 , Est Remaining: 219.9
EVENT FAILED
197 291.1 , Est Remaining: 220.1
198 292.5 , Est Remaining: 218.7
199 294.0 , Est Remaining: 217.2
200 295.5 , Est Remaining: 215.7
201 296.9 , Est Remaining: 214.2
202 298.4 , Est Remaining: 212.7
203 300.0 , Est Remaining: 211.3
204 301.5 , Est Remaining: 209.9
205 303.0 , Est Remaining: 208.4
206 304.4 , Est Remaining: 206.9
207 305.9 , Est Remaining: 205.4
208 307.4 , Est Remaining: 204.0
209 308.9 , Est Remaining: 202.5
210 310.4 , Est Remaining: 201.0
211 311.8 , Est Remaining: 199.5
212 313.3 , Est Remaining: 198.0
213 314.7 , Est Remaining: 196.5
214 316.2 , Est Remaining: 195.0
215 317.7 , Est Remaining: 193.6
216 319.1 , Est Remaining: 192.1
217 320.6 , Est Remaining: 190.6
218 322.1 , Est Remaining: 189.1
219 323.5 , Est Remaining: 187.6
220 325.0 , Est Remaining: 186.1
221 326.5 , Est Remaining: 184.7
EVENT FAILED
221 326.8 , Est Remaining: 184.8
222 328.2 , Est Remaining: 183.3
223 329.7 , Est Remaining: 181.9
224 331.2 , Est Remaining: 180.4
225 332.6 , Est Remaining: 178.9
226 334.1 , Est Remaining: 177.4
227 335.5 , Est Remaining: 175.9
228 337.0 , Est Remaining: 174.4
229 338.4 , Est Remaining: 172.9
230 339.9 , Est Remaining: 171.4
231 341.4 , Est Remaining: 169.9
232 342.8 , Est Remaining: 168.4
EVENT FAILED
232 343.1 , Est Remaining: 168.6
233 344.5 , Est Remaining: 167.1
234 346.0 , Est Remaining: 165.6
235 347.4 , Est Remaining: 164.1
236 348.8 , Est Remaining: 162.6
237 350.3 , Est Remaining: 161.1
238 351.7 , Est Remaining: 159.6
239 353.1 , Est Remaining: 158.1
240 354.5 , Est Remaining: 156.6
241 356.0 , Est Remaining: 155.1
242 357.4 , Est Remaining: 153.6
243 358.8 , Est Remaining: 152.1
244 360.2 , Est Remaining: 150.6
245 361.6 , Est Remaining: 149.1
246 363.0 , Est Remaining: 147.6
247 364.4 , Est Remaining: 146.1
248 365.8 , Est Remaining: 144.6
249 367.2 , Est Remaining: 143.1
250 368.6 , Est Remaining: 141.6
251 370.0 , Est Remaining: 140.0
252 371.4 , Est Remaining: 138.5
253 372.8 , Est Remaining: 137.0
254 374.2 , Est Remaining: 135.6
255 375.6 , Est Remaining: 134.1
256 377.1 , Est Remaining: 132.6
257 378.5 , Est Remaining: 131.1
258 379.9 , Est Remaining: 129.6
259 381.3 , Est Remaining: 128.1
260 382.7 , Est Remaining: 126.6
261 384.1 , Est Remaining: 125.1
262 385.5 , Est Remaining: 123.6
263 386.9 , Est Remaining: 122.1
264 388.3 , Est Remaining: 120.6
265 389.7 , Est Remaining: 119.1
266 391.1 , Est Remaining: 117.6
267 392.5 , Est Remaining: 116.1
268 393.9 , Est Remaining: 114.6
269 395.3 , Est Remaining: 113.2
270 396.7 , Est Remaining: 111.7
271 398.1 , Est Remaining: 110.2
272 399.5 , Est Remaining: 108.7
273 400.9 , Est Remaining: 107.2
274 402.3 , Est Remaining: 105.7
275 403.7 , Est Remaining: 104.2
EVENT FAILED
275 404.0 , Est Remaining: 104.3
276 405.4 , Est Remaining: 102.8
277 406.8 , Est Remaining: 101.3
EVENT FAILED
277 407.1 , Est Remaining: 101.4
278 408.5 , Est Remaining: 99.9
279 409.9 , Est Remaining: 98.4
280 411.3 , Est Remaining: 97.0
281 412.7 , Est Remaining: 95.5
282 414.2 , Est Remaining: 94.0
283 415.6 , Est Remaining: 92.5
284 417.0 , Est Remaining: 91.0
285 418.4 , Est Remaining: 89.6
286 419.8 , Est Remaining: 88.1
287 421.2 , Est Remaining: 86.6
288 422.6 , Est Remaining: 85.1
289 424.0 , Est Remaining: 83.6
290 425.4 , Est Remaining: 82.2
291 426.8 , Est Remaining: 80.7
292 428.2 , Est Remaining: 79.2
293 429.7 , Est Remaining: 77.7
294 431.1 , Est Remaining: 76.2
EVENT FAILED
294 431.4 , Est Remaining: 76.3
295 432.8 , Est Remaining: 74.8
296 434.3 , Est Remaining: 73.4
297 435.7 , Est Remaining: 71.9
298 437.1 , Est Remaining: 70.4
299 438.5 , Est Remaining: 68.9
300 440.0 , Est Remaining: 67.5
301 441.4 , Est Remaining: 66.0
302 443.0 , Est Remaining: 64.5
303 444.4 , Est Remaining: 63.1
304 445.9 , Est Remaining: 61.6
305 447.3 , Est Remaining: 60.1
306 448.8 , Est Remaining: 58.7
307 450.2 , Est Remaining: 57.2
308 451.7 , Est Remaining: 55.7
309 453.1 , Est Remaining: 54.3
310 454.6 , Est Remaining: 52.8
311 456.0 , Est Remaining: 51.3
312 457.5 , Est Remaining: 49.9
313 458.9 , Est Remaining: 48.4
314 460.3 , Est Remaining: 46.9
315 461.8 , Est Remaining: 45.4
316 463.2 , Est Remaining: 44.0
317 464.6 , Est Remaining: 42.5
318 466.1 , Est Remaining: 41.0
319 467.6 , Est Remaining: 39.6
320 469.0 , Est Remaining: 38.1
321 470.5 , Est Remaining: 36.6
322 471.9 , Est Remaining: 35.2
323 473.3 , Est Remaining: 33.7
324 474.8 , Est Remaining: 32.2
325 476.2 , Est Remaining: 30.8
326 477.6 , Est Remaining: 29.3
327 479.0 , Est Remaining: 27.8
328 480.4 , Est Remaining: 26.4
329 481.9 , Est Remaining: 24.9
330 483.3 , Est Remaining: 23.4
331 484.7 , Est Remaining: 22.0
332 486.1 , Est Remaining: 20.5
