Note: NumExpr detected 32 cores but "NUMEXPR_MAX_THREADS" not set, so enforcing safe limit of 8.
Using selector: EpollSelector
/n/home02/jhaefner/miniconda/envs/IC-3.7-2020-06-16/lib/python3.7/site-packages/scipy/optimize/minpack.py:808: OptimizeWarning: Covariance of the parameters could not be estimated
  category=OptimizeWarning)
Total rwfs: 346
0 0.0 , Est Remaining: 999999.9
1 1.4 , Est Remaining: 482.7
2 2.8 , Est Remaining: 476.2
3 4.2 , Est Remaining: 475.9
EVENT FAILED
3 4.5 , Est Remaining: 511.1
EVENT FAILED
3 4.8 , Est Remaining: 545.7
4 6.1 , Est Remaining: 523.9
5 7.5 , Est Remaining: 510.6
6 8.9 , Est Remaining: 502.0
7 10.2 , Est Remaining: 493.1
8 11.5 , Est Remaining: 486.7
9 12.9 , Est Remaining: 481.3
10 14.2 , Est Remaining: 477.3
11 15.6 , Est Remaining: 473.7
12 16.9 , Est Remaining: 470.6
13 18.2 , Est Remaining: 467.5
14 19.6 , Est Remaining: 464.2
15 20.9 , Est Remaining: 461.4
16 22.3 , Est Remaining: 459.2
17 23.6 , Est Remaining: 456.7
18 24.9 , Est Remaining: 454.5
19 26.2 , Est Remaining: 450.2
20 27.5 , Est Remaining: 448.8
21 28.9 , Est Remaining: 447.2
22 30.3 , Est Remaining: 445.6
23 31.6 , Est Remaining: 443.6
24 32.9 , Est Remaining: 441.7
25 34.3 , Est Remaining: 440.0
26 35.6 , Est Remaining: 438.5
27 37.0 , Est Remaining: 436.7
28 38.3 , Est Remaining: 435.3
29 39.7 , Est Remaining: 433.8
30 41.0 , Est Remaining: 432.2
31 42.4 , Est Remaining: 430.6
32 43.7 , Est Remaining: 429.0
33 45.0 , Est Remaining: 427.2
34 46.4 , Est Remaining: 425.6
35 47.7 , Est Remaining: 424.1
36 49.1 , Est Remaining: 422.5
37 50.4 , Est Remaining: 421.1
38 51.8 , Est Remaining: 419.6
39 53.1 , Est Remaining: 417.9
40 54.4 , Est Remaining: 416.3
41 55.8 , Est Remaining: 414.9
42 57.1 , Est Remaining: 413.3
43 58.4 , Est Remaining: 411.8
EVENT FAILED
43 58.7 , Est Remaining: 413.9
44 60.1 , Est Remaining: 412.3
45 61.4 , Est Remaining: 410.7
46 62.7 , Est Remaining: 409.2
47 64.1 , Est Remaining: 407.7
48 65.4 , Est Remaining: 406.2
49 66.8 , Est Remaining: 404.7
50 68.1 , Est Remaining: 403.1
51 69.4 , Est Remaining: 401.6
52 70.8 , Est Remaining: 400.2
53 72.1 , Est Remaining: 398.7
54 73.5 , Est Remaining: 397.2
55 74.8 , Est Remaining: 395.8
56 76.1 , Est Remaining: 394.2
57 77.5 , Est Remaining: 392.8
58 78.8 , Est Remaining: 391.4
59 80.2 , Est Remaining: 389.9
60 81.5 , Est Remaining: 388.4
61 82.8 , Est Remaining: 387.0
62 84.2 , Est Remaining: 385.6
63 85.5 , Est Remaining: 384.3
64 86.9 , Est Remaining: 382.9
EVENT FAILED
64 87.2 , Est Remaining: 384.2
65 88.5 , Est Remaining: 382.7
66 89.9 , Est Remaining: 381.2
67 91.2 , Est Remaining: 379.8
68 92.5 , Est Remaining: 378.4
69 93.9 , Est Remaining: 376.9
70 95.2 , Est Remaining: 375.5
71 96.6 , Est Remaining: 374.1
72 97.9 , Est Remaining: 372.7
73 99.3 , Est Remaining: 371.2
74 100.6 , Est Remaining: 369.8
75 101.9 , Est Remaining: 368.3
76 103.3 , Est Remaining: 366.9
77 104.6 , Est Remaining: 365.5
78 105.9 , Est Remaining: 364.0
79 107.3 , Est Remaining: 362.6
80 108.6 , Est Remaining: 361.1
81 109.9 , Est Remaining: 359.7
82 111.3 , Est Remaining: 358.2
83 112.6 , Est Remaining: 356.8
84 113.9 , Est Remaining: 355.3
85 115.2 , Est Remaining: 353.9
86 116.6 , Est Remaining: 352.4
87 117.9 , Est Remaining: 351.0
88 119.2 , Est Remaining: 349.6
89 120.6 , Est Remaining: 348.2
90 121.9 , Est Remaining: 346.7
91 123.2 , Est Remaining: 345.3
EVENT FAILED
91 123.5 , Est Remaining: 346.1
92 124.9 , Est Remaining: 344.7
93 126.2 , Est Remaining: 343.3
94 127.5 , Est Remaining: 341.9
95 128.9 , Est Remaining: 340.5
96 130.2 , Est Remaining: 339.1
97 131.5 , Est Remaining: 337.6
98 132.8 , Est Remaining: 336.2
99 134.2 , Est Remaining: 334.8
100 135.6 , Est Remaining: 333.5
101 136.9 , Est Remaining: 332.1
102 138.6 , Est Remaining: 331.5
103 139.9 , Est Remaining: 330.1
104 141.3 , Est Remaining: 328.7
105 142.6 , Est Remaining: 327.3
106 143.9 , Est Remaining: 325.9
107 145.3 , Est Remaining: 324.5
108 146.6 , Est Remaining: 323.1
109 148.0 , Est Remaining: 321.7
110 149.3 , Est Remaining: 320.3
111 150.6 , Est Remaining: 318.9
112 152.0 , Est Remaining: 317.5
113 153.3 , Est Remaining: 316.2
114 154.7 , Est Remaining: 314.8
115 156.0 , Est Remaining: 313.4
EVENT FAILED
115 156.3 , Est Remaining: 313.9
116 157.6 , Est Remaining: 312.6
117 159.0 , Est Remaining: 311.2
118 160.3 , Est Remaining: 309.8
119 161.7 , Est Remaining: 308.4
120 163.0 , Est Remaining: 307.0
121 164.3 , Est Remaining: 305.6
122 165.7 , Est Remaining: 304.2
123 167.0 , Est Remaining: 302.8
124 168.4 , Est Remaining: 301.4
125 169.7 , Est Remaining: 300.0
126 171.0 , Est Remaining: 298.6
127 172.4 , Est Remaining: 297.2
EVENT FAILED
127 172.6 , Est Remaining: 297.7
128 173.9 , Est Remaining: 296.3
129 175.3 , Est Remaining: 294.9
130 176.6 , Est Remaining: 293.5
131 178.0 , Est Remaining: 292.1
132 179.3 , Est Remaining: 290.7
133 180.6 , Est Remaining: 289.2
134 181.9 , Est Remaining: 287.8
135 183.3 , Est Remaining: 286.5
136 184.6 , Est Remaining: 285.1
137 186.0 , Est Remaining: 283.7
138 187.3 , Est Remaining: 282.3
139 188.6 , Est Remaining: 280.9
140 190.0 , Est Remaining: 279.6
141 191.3 , Est Remaining: 278.2
142 192.7 , Est Remaining: 276.8
143 194.0 , Est Remaining: 275.4
144 195.3 , Est Remaining: 274.0
145 196.7 , Est Remaining: 272.6
146 198.0 , Est Remaining: 271.3
147 199.4 , Est Remaining: 269.9
148 200.7 , Est Remaining: 268.5
149 202.0 , Est Remaining: 267.1
150 203.4 , Est Remaining: 265.7
151 204.7 , Est Remaining: 264.3
152 206.0 , Est Remaining: 263.0
153 207.4 , Est Remaining: 261.6
154 208.7 , Est Remaining: 260.2
155 210.0 , Est Remaining: 258.8
156 211.4 , Est Remaining: 257.4
157 212.7 , Est Remaining: 256.1
158 214.1 , Est Remaining: 254.7
159 215.4 , Est Remaining: 253.3
160 216.7 , Est Remaining: 252.0
161 218.1 , Est Remaining: 250.6
162 219.4 , Est Remaining: 249.2
163 220.8 , Est Remaining: 247.8
EVENT FAILED
163 221.1 , Est Remaining: 248.2
164 222.4 , Est Remaining: 246.8
165 223.7 , Est Remaining: 245.4
166 225.1 , Est Remaining: 244.0
EVENT FAILED
166 225.4 , Est Remaining: 244.4
167 226.7 , Est Remaining: 243.0
168 228.0 , Est Remaining: 241.6
169 229.4 , Est Remaining: 240.2
170 230.7 , Est Remaining: 238.9
171 232.0 , Est Remaining: 237.5
172 233.4 , Est Remaining: 236.1
173 234.7 , Est Remaining: 234.7
174 236.0 , Est Remaining: 233.3
175 237.4 , Est Remaining: 232.0
176 238.7 , Est Remaining: 230.6
177 240.1 , Est Remaining: 229.2
178 241.4 , Est Remaining: 227.8
179 242.7 , Est Remaining: 226.5
EVENT FAILED
179 243.0 , Est Remaining: 226.8
180 244.4 , Est Remaining: 225.4
181 245.7 , Est Remaining: 224.0
182 247.1 , Est Remaining: 222.6
183 248.4 , Est Remaining: 221.2
184 249.7 , Est Remaining: 219.9
185 251.1 , Est Remaining: 218.5
186 252.4 , Est Remaining: 217.1
187 253.7 , Est Remaining: 215.7
188 255.0 , Est Remaining: 214.3
189 256.4 , Est Remaining: 213.0
190 257.7 , Est Remaining: 211.6
191 259.0 , Est Remaining: 210.2
192 260.4 , Est Remaining: 208.8
193 261.7 , Est Remaining: 207.4
194 263.0 , Est Remaining: 206.1
195 264.3 , Est Remaining: 204.7
196 265.7 , Est Remaining: 203.3
197 267.0 , Est Remaining: 202.0
198 268.4 , Est Remaining: 200.6
199 269.7 , Est Remaining: 199.2
200 271.1 , Est Remaining: 197.9
201 272.4 , Est Remaining: 196.5
202 273.8 , Est Remaining: 195.2
203 275.2 , Est Remaining: 193.8
204 276.5 , Est Remaining: 192.5
205 277.9 , Est Remaining: 191.1
206 279.2 , Est Remaining: 189.8
207 280.6 , Est Remaining: 188.4
208 281.9 , Est Remaining: 187.0
209 283.3 , Est Remaining: 185.7
210 284.6 , Est Remaining: 184.3
EVENT FAILED
210 285.4 , Est Remaining: 184.8
211 286.7 , Est Remaining: 183.5
212 288.1 , Est Remaining: 182.1
213 289.4 , Est Remaining: 180.7
214 290.7 , Est Remaining: 179.3
215 292.0 , Est Remaining: 177.9
216 293.4 , Est Remaining: 176.6
217 294.7 , Est Remaining: 175.2
218 296.0 , Est Remaining: 173.8
219 297.4 , Est Remaining: 172.4
220 298.7 , Est Remaining: 171.1
221 300.0 , Est Remaining: 169.7
222 301.3 , Est Remaining: 168.3
223 302.7 , Est Remaining: 166.9
224 304.0 , Est Remaining: 165.6
225 305.3 , Est Remaining: 164.2
226 306.6 , Est Remaining: 162.8
227 307.9 , Est Remaining: 161.4
228 309.3 , Est Remaining: 160.1
229 310.6 , Est Remaining: 158.7
230 311.9 , Est Remaining: 157.3
231 313.2 , Est Remaining: 155.9
232 314.6 , Est Remaining: 154.6
233 315.9 , Est Remaining: 153.2
234 317.2 , Est Remaining: 151.8
235 318.5 , Est Remaining: 150.5
236 319.9 , Est Remaining: 149.1
237 321.2 , Est Remaining: 147.7
238 322.5 , Est Remaining: 146.4
239 323.9 , Est Remaining: 145.0
240 325.2 , Est Remaining: 143.6
241 326.5 , Est Remaining: 142.3
242 327.9 , Est Remaining: 140.9
243 329.2 , Est Remaining: 139.5
244 330.6 , Est Remaining: 138.2
245 331.9 , Est Remaining: 136.8
246 333.2 , Est Remaining: 135.5
247 334.6 , Est Remaining: 134.1
248 335.9 , Est Remaining: 132.7
249 337.2 , Est Remaining: 131.4
250 338.6 , Est Remaining: 130.0
251 339.9 , Est Remaining: 128.7
252 341.3 , Est Remaining: 127.3
253 342.6 , Est Remaining: 125.9
254 343.9 , Est Remaining: 124.6
255 345.3 , Est Remaining: 123.2
256 346.6 , Est Remaining: 121.9
257 348.0 , Est Remaining: 120.5
258 349.3 , Est Remaining: 119.1
259 350.6 , Est Remaining: 117.8
260 352.0 , Est Remaining: 116.4
261 353.3 , Est Remaining: 115.1
262 354.6 , Est Remaining: 113.7
263 356.0 , Est Remaining: 112.3
264 357.3 , Est Remaining: 111.0
265 358.7 , Est Remaining: 109.6
266 360.0 , Est Remaining: 108.3
267 361.4 , Est Remaining: 106.9
268 362.7 , Est Remaining: 105.6
269 364.0 , Est Remaining: 104.2
270 365.4 , Est Remaining: 102.8
271 366.7 , Est Remaining: 101.5
272 368.0 , Est Remaining: 100.1
273 369.4 , Est Remaining: 98.8
274 370.7 , Est Remaining: 97.4
275 372.0 , Est Remaining: 96.1
276 373.4 , Est Remaining: 94.7
277 374.7 , Est Remaining: 93.3
278 376.0 , Est Remaining: 92.0
279 377.4 , Est Remaining: 90.6
280 378.7 , Est Remaining: 89.3
281 380.0 , Est Remaining: 87.9
282 381.3 , Est Remaining: 86.5
283 382.7 , Est Remaining: 85.2
284 384.0 , Est Remaining: 83.8
285 385.3 , Est Remaining: 82.5
286 386.7 , Est Remaining: 81.1
287 388.0 , Est Remaining: 79.8
288 389.3 , Est Remaining: 78.4
289 390.7 , Est Remaining: 77.1
290 392.0 , Est Remaining: 75.7
291 393.4 , Est Remaining: 74.3
292 394.7 , Est Remaining: 73.0
293 396.0 , Est Remaining: 71.6
294 397.3 , Est Remaining: 70.3
295 398.7 , Est Remaining: 68.9
296 400.0 , Est Remaining: 67.6
297 401.4 , Est Remaining: 66.2
298 402.7 , Est Remaining: 64.9
299 404.1 , Est Remaining: 63.5
300 405.4 , Est Remaining: 62.2
301 406.7 , Est Remaining: 60.8
302 408.2 , Est Remaining: 59.5
303 409.6 , Est Remaining: 58.1
304 410.9 , Est Remaining: 56.8
305 412.2 , Est Remaining: 55.4
306 413.6 , Est Remaining: 54.1
307 414.9 , Est Remaining: 52.7
308 416.3 , Est Remaining: 51.4
309 417.6 , Est Remaining: 50.0
310 419.0 , Est Remaining: 48.7
311 420.3 , Est Remaining: 47.3
312 421.7 , Est Remaining: 45.9
313 423.0 , Est Remaining: 44.6
314 424.3 , Est Remaining: 43.2
315 425.7 , Est Remaining: 41.9
316 427.0 , Est Remaining: 40.5
317 428.3 , Est Remaining: 39.2
318 429.7 , Est Remaining: 37.8
319 431.0 , Est Remaining: 36.5
320 432.4 , Est Remaining: 35.1
321 433.7 , Est Remaining: 33.8
322 435.0 , Est Remaining: 32.4
323 436.4 , Est Remaining: 31.1
324 437.7 , Est Remaining: 29.7
325 439.1 , Est Remaining: 28.4
326 440.4 , Est Remaining: 27.0
327 441.8 , Est Remaining: 25.7
328 443.1 , Est Remaining: 24.3
329 444.4 , Est Remaining: 23.0
330 445.8 , Est Remaining: 21.6
331 447.1 , Est Remaining: 20.3
332 448.4 , Est Remaining: 18.9
333 449.8 , Est Remaining: 17.6
334 451.1 , Est Remaining: 16.2
