Note: NumExpr detected 32 cores but "NUMEXPR_MAX_THREADS" not set, so enforcing safe limit of 8.
Using selector: EpollSelector
/n/home02/jhaefner/miniconda/envs/IC-3.7-2020-06-16/lib/python3.7/site-packages/scipy/optimize/minpack.py:808: OptimizeWarning: Covariance of the parameters could not be estimated
  category=OptimizeWarning)
Total rwfs: 346
0 0.0 , Est Remaining: 999999.9
1 1.4 , Est Remaining: 499.4
2 2.9 , Est Remaining: 497.8
3 4.3 , Est Remaining: 497.0
4 5.8 , Est Remaining: 491.9
5 7.2 , Est Remaining: 489.2
6 8.6 , Est Remaining: 486.1
7 10.0 , Est Remaining: 482.3
8 11.3 , Est Remaining: 479.4
9 12.7 , Est Remaining: 476.6
10 14.1 , Est Remaining: 473.8
11 15.5 , Est Remaining: 471.8
12 16.9 , Est Remaining: 469.7
13 18.2 , Est Remaining: 466.7
14 19.6 , Est Remaining: 464.4
15 21.0 , Est Remaining: 462.4
16 22.3 , Est Remaining: 460.0
17 23.7 , Est Remaining: 457.8
18 25.0 , Est Remaining: 455.8
19 26.3 , Est Remaining: 453.5
20 27.7 , Est Remaining: 451.4
21 29.1 , Est Remaining: 449.7
EVENT FAILED
21 29.4 , Est Remaining: 455.4
22 30.8 , Est Remaining: 453.2
EVENT FAILED
22 31.1 , Est Remaining: 457.5
23 32.4 , Est Remaining: 455.4
24 33.8 , Est Remaining: 453.4
25 35.2 , Est Remaining: 451.3
26 36.5 , Est Remaining: 449.4
27 37.9 , Est Remaining: 447.5
28 39.2 , Est Remaining: 445.4
29 40.5 , Est Remaining: 443.2
30 41.9 , Est Remaining: 441.0
31 43.2 , Est Remaining: 438.9
32 44.5 , Est Remaining: 436.9
33 45.9 , Est Remaining: 434.9
34 47.2 , Est Remaining: 432.9
35 48.5 , Est Remaining: 430.9
36 49.9 , Est Remaining: 429.3
37 51.2 , Est Remaining: 427.6
38 52.5 , Est Remaining: 425.8
39 53.9 , Est Remaining: 424.1
40 55.2 , Est Remaining: 422.5
41 56.6 , Est Remaining: 420.7
42 57.9 , Est Remaining: 419.2
43 59.2 , Est Remaining: 417.5
44 60.6 , Est Remaining: 415.7
45 61.9 , Est Remaining: 414.0
46 63.2 , Est Remaining: 412.3
47 64.5 , Est Remaining: 410.6
48 65.9 , Est Remaining: 408.9
49 67.2 , Est Remaining: 407.3
50 68.5 , Est Remaining: 405.6
51 69.8 , Est Remaining: 404.0
52 71.2 , Est Remaining: 402.4
53 72.5 , Est Remaining: 400.8
54 73.8 , Est Remaining: 399.2
55 75.2 , Est Remaining: 397.6
56 76.5 , Est Remaining: 395.9
57 77.8 , Est Remaining: 394.3
58 79.1 , Est Remaining: 392.9
59 80.4 , Est Remaining: 391.3
60 81.8 , Est Remaining: 389.9
61 83.1 , Est Remaining: 388.5
62 84.5 , Est Remaining: 387.0
63 85.9 , Est Remaining: 385.7
64 87.2 , Est Remaining: 384.3
65 88.5 , Est Remaining: 382.8
66 89.9 , Est Remaining: 381.3
67 91.2 , Est Remaining: 379.9
EVENT FAILED
67 91.5 , Est Remaining: 381.1
68 92.9 , Est Remaining: 379.7
69 94.2 , Est Remaining: 378.3
70 95.6 , Est Remaining: 376.9
71 96.9 , Est Remaining: 375.5
72 98.3 , Est Remaining: 374.1
73 99.6 , Est Remaining: 372.6
74 101.0 , Est Remaining: 371.2
75 102.4 , Est Remaining: 369.9
76 103.7 , Est Remaining: 368.5
77 105.1 , Est Remaining: 367.2
78 106.5 , Est Remaining: 365.9
79 107.9 , Est Remaining: 364.6
80 109.3 , Est Remaining: 363.4
81 110.7 , Est Remaining: 362.1
EVENT FAILED
81 111.0 , Est Remaining: 363.1
82 112.4 , Est Remaining: 361.8
83 113.7 , Est Remaining: 360.4
84 115.1 , Est Remaining: 359.1
85 116.5 , Est Remaining: 357.8
86 117.9 , Est Remaining: 356.6
87 119.3 , Est Remaining: 355.3
88 120.8 , Est Remaining: 354.0
89 122.2 , Est Remaining: 352.8
90 123.6 , Est Remaining: 351.5
91 125.0 , Est Remaining: 350.2
92 126.4 , Est Remaining: 349.0
93 127.8 , Est Remaining: 347.8
94 129.2 , Est Remaining: 346.5
95 130.7 , Est Remaining: 345.2
96 132.1 , Est Remaining: 344.0
97 133.6 , Est Remaining: 342.8
98 135.0 , Est Remaining: 341.7
99 136.5 , Est Remaining: 340.5
100 137.9 , Est Remaining: 339.3
101 139.4 , Est Remaining: 338.1
102 140.8 , Est Remaining: 336.8
103 142.3 , Est Remaining: 335.8
104 143.8 , Est Remaining: 334.5
105 145.2 , Est Remaining: 333.2
106 146.6 , Est Remaining: 332.0
107 148.0 , Est Remaining: 330.7
108 149.5 , Est Remaining: 329.4
109 150.9 , Est Remaining: 328.1
110 152.3 , Est Remaining: 326.8
111 153.7 , Est Remaining: 325.5
112 155.2 , Est Remaining: 324.2
113 156.6 , Est Remaining: 322.9
114 158.0 , Est Remaining: 321.5
115 159.4 , Est Remaining: 320.2
116 160.9 , Est Remaining: 318.9
117 162.3 , Est Remaining: 317.6
118 163.7 , Est Remaining: 316.3
119 165.2 , Est Remaining: 315.1
120 166.6 , Est Remaining: 313.8
121 168.1 , Est Remaining: 312.5
122 169.5 , Est Remaining: 311.2
123 171.0 , Est Remaining: 310.0
124 172.4 , Est Remaining: 308.7
125 173.9 , Est Remaining: 307.4
126 175.3 , Est Remaining: 306.1
EVENT FAILED
126 175.6 , Est Remaining: 306.6
127 177.0 , Est Remaining: 305.3
128 178.5 , Est Remaining: 303.9
129 179.9 , Est Remaining: 302.6
130 181.3 , Est Remaining: 301.3
EVENT FAILED
130 181.6 , Est Remaining: 301.8
131 183.0 , Est Remaining: 300.4
132 184.5 , Est Remaining: 299.1
133 185.9 , Est Remaining: 297.7
134 187.3 , Est Remaining: 296.4
135 188.8 , Est Remaining: 295.1
136 190.2 , Est Remaining: 293.8
137 191.7 , Est Remaining: 292.4
138 193.1 , Est Remaining: 291.1
139 194.6 , Est Remaining: 289.8
140 196.1 , Est Remaining: 288.5
141 197.5 , Est Remaining: 287.2
142 199.0 , Est Remaining: 285.8
143 200.4 , Est Remaining: 284.5
144 201.8 , Est Remaining: 283.1
145 203.3 , Est Remaining: 281.8
146 204.7 , Est Remaining: 280.4
147 206.1 , Est Remaining: 279.1
148 207.6 , Est Remaining: 277.7
149 209.0 , Est Remaining: 276.4
150 210.5 , Est Remaining: 275.0
151 211.9 , Est Remaining: 273.7
152 213.3 , Est Remaining: 272.3
EVENT FAILED
152 213.6 , Est Remaining: 272.6
153 215.1 , Est Remaining: 271.3
154 216.5 , Est Remaining: 269.9
155 217.9 , Est Remaining: 268.6
156 219.4 , Est Remaining: 267.2
157 220.8 , Est Remaining: 265.9
158 222.3 , Est Remaining: 264.5
159 223.7 , Est Remaining: 263.1
160 225.2 , Est Remaining: 261.7
161 226.6 , Est Remaining: 260.4
162 228.0 , Est Remaining: 259.0
163 229.4 , Est Remaining: 257.6
164 230.8 , Est Remaining: 256.2
165 232.2 , Est Remaining: 254.8
166 233.7 , Est Remaining: 253.4
167 235.1 , Est Remaining: 252.0
168 236.5 , Est Remaining: 250.6
169 238.0 , Est Remaining: 249.2
170 239.4 , Est Remaining: 247.9
171 240.8 , Est Remaining: 246.5
172 242.3 , Est Remaining: 245.1
173 243.7 , Est Remaining: 243.7
174 245.1 , Est Remaining: 242.3
175 246.6 , Est Remaining: 240.9
176 248.0 , Est Remaining: 239.6
177 249.4 , Est Remaining: 238.2
178 250.9 , Est Remaining: 236.8
179 252.3 , Est Remaining: 235.4
180 253.8 , Est Remaining: 234.0
181 255.1 , Est Remaining: 232.6
182 256.5 , Est Remaining: 231.2
183 257.9 , Est Remaining: 229.8
184 259.4 , Est Remaining: 228.4
185 260.8 , Est Remaining: 227.0
186 262.2 , Est Remaining: 225.6
187 263.6 , Est Remaining: 224.2
188 265.1 , Est Remaining: 222.8
189 266.5 , Est Remaining: 221.4
190 267.9 , Est Remaining: 220.0
191 269.4 , Est Remaining: 218.6
192 270.8 , Est Remaining: 217.2
193 272.3 , Est Remaining: 215.8
194 273.7 , Est Remaining: 214.4
195 275.1 , Est Remaining: 213.1
196 276.6 , Est Remaining: 211.7
197 278.1 , Est Remaining: 210.3
EVENT FAILED
197 278.4 , Est Remaining: 210.5
198 279.8 , Est Remaining: 209.2
199 281.3 , Est Remaining: 207.8
200 282.7 , Est Remaining: 206.4
201 284.2 , Est Remaining: 205.0
202 285.6 , Est Remaining: 203.6
203 287.2 , Est Remaining: 202.3
204 288.6 , Est Remaining: 200.9
205 290.1 , Est Remaining: 199.5
206 291.6 , Est Remaining: 198.2
207 293.0 , Est Remaining: 196.8
208 294.5 , Est Remaining: 195.4
209 295.9 , Est Remaining: 194.0
210 297.4 , Est Remaining: 192.6
211 298.9 , Est Remaining: 191.2
212 300.3 , Est Remaining: 189.8
213 301.8 , Est Remaining: 188.4
214 303.2 , Est Remaining: 187.0
215 304.6 , Est Remaining: 185.6
216 306.0 , Est Remaining: 184.2
217 307.5 , Est Remaining: 182.8
218 308.9 , Est Remaining: 181.4
219 310.3 , Est Remaining: 180.0
220 311.8 , Est Remaining: 178.6
221 313.2 , Est Remaining: 177.1
222 314.6 , Est Remaining: 175.7
223 316.1 , Est Remaining: 174.3
224 317.5 , Est Remaining: 172.9
225 319.0 , Est Remaining: 171.5
226 320.4 , Est Remaining: 170.1
227 321.8 , Est Remaining: 168.7
228 323.2 , Est Remaining: 167.3
229 324.7 , Est Remaining: 165.9
230 326.1 , Est Remaining: 164.5
231 327.5 , Est Remaining: 163.1
232 329.0 , Est Remaining: 161.6
233 330.4 , Est Remaining: 160.2
234 331.8 , Est Remaining: 158.8
235 333.2 , Est Remaining: 157.4
236 334.7 , Est Remaining: 156.0
237 336.1 , Est Remaining: 154.6
238 337.6 , Est Remaining: 153.2
239 339.0 , Est Remaining: 151.8
240 340.5 , Est Remaining: 150.4
241 341.9 , Est Remaining: 149.0
242 343.4 , Est Remaining: 147.6
243 344.9 , Est Remaining: 146.2
244 346.3 , Est Remaining: 144.8
245 347.8 , Est Remaining: 143.4
246 349.3 , Est Remaining: 142.0
247 350.7 , Est Remaining: 140.6
248 352.2 , Est Remaining: 139.2
249 353.6 , Est Remaining: 137.8
250 355.1 , Est Remaining: 136.4
251 356.6 , Est Remaining: 135.0
252 358.0 , Est Remaining: 133.6
253 359.5 , Est Remaining: 132.1
254 360.9 , Est Remaining: 130.7
255 362.4 , Est Remaining: 129.3
256 363.9 , Est Remaining: 127.9
257 365.3 , Est Remaining: 126.5
258 366.8 , Est Remaining: 125.1
259 368.2 , Est Remaining: 123.7
260 369.7 , Est Remaining: 122.3
261 371.1 , Est Remaining: 120.9
262 372.6 , Est Remaining: 119.4
263 374.0 , Est Remaining: 118.0
264 375.5 , Est Remaining: 116.6
EVENT FAILED
264 375.8 , Est Remaining: 116.7
265 377.3 , Est Remaining: 115.3
266 378.7 , Est Remaining: 113.9
267 380.2 , Est Remaining: 112.5
268 381.7 , Est Remaining: 111.1
269 383.1 , Est Remaining: 109.7
270 384.6 , Est Remaining: 108.3
271 386.0 , Est Remaining: 106.8
272 387.5 , Est Remaining: 105.4
273 389.0 , Est Remaining: 104.0
274 390.5 , Est Remaining: 102.6
275 391.9 , Est Remaining: 101.2
276 393.4 , Est Remaining: 99.8
277 394.8 , Est Remaining: 98.4
278 396.3 , Est Remaining: 96.9
279 397.7 , Est Remaining: 95.5
280 399.2 , Est Remaining: 94.1
281 400.6 , Est Remaining: 92.7
282 402.0 , Est Remaining: 91.2
283 403.5 , Est Remaining: 89.8
284 404.9 , Est Remaining: 88.4
285 406.3 , Est Remaining: 87.0
286 407.8 , Est Remaining: 85.5
287 409.2 , Est Remaining: 84.1
288 410.7 , Est Remaining: 82.7
289 412.1 , Est Remaining: 81.3
290 413.5 , Est Remaining: 79.8
291 414.9 , Est Remaining: 78.4
292 416.3 , Est Remaining: 77.0
293 417.8 , Est Remaining: 75.6
294 419.2 , Est Remaining: 74.1
295 420.6 , Est Remaining: 72.7
296 422.1 , Est Remaining: 71.3
297 423.5 , Est Remaining: 69.9
298 425.0 , Est Remaining: 68.5
299 426.4 , Est Remaining: 67.0
EVENT FAILED
299 426.7 , Est Remaining: 67.1
300 428.2 , Est Remaining: 65.7
301 429.6 , Est Remaining: 64.2
302 431.2 , Est Remaining: 62.8
303 432.6 , Est Remaining: 61.4
304 434.0 , Est Remaining: 60.0
305 435.5 , Est Remaining: 58.5
306 436.9 , Est Remaining: 57.1
307 438.3 , Est Remaining: 55.7
308 439.8 , Est Remaining: 54.3
309 441.2 , Est Remaining: 52.8
310 442.7 , Est Remaining: 51.4
311 444.1 , Est Remaining: 50.0
312 445.5 , Est Remaining: 48.5
313 446.9 , Est Remaining: 47.1
314 448.3 , Est Remaining: 45.7
EVENT FAILED
314 448.7 , Est Remaining: 45.7
315 450.0 , Est Remaining: 44.3
316 451.4 , Est Remaining: 42.9
317 452.8 , Est Remaining: 41.4
318 454.2 , Est Remaining: 40.0
EVENT FAILED
318 454.5 , Est Remaining: 40.0
319 455.9 , Est Remaining: 38.6
320 457.3 , Est Remaining: 37.2
321 458.7 , Est Remaining: 35.7
322 460.0 , Est Remaining: 34.3
323 461.4 , Est Remaining: 32.9
324 462.8 , Est Remaining: 31.4
325 464.2 , Est Remaining: 30.0
326 465.6 , Est Remaining: 28.6
327 467.0 , Est Remaining: 27.1
328 468.4 , Est Remaining: 25.7
329 469.8 , Est Remaining: 24.3
330 471.2 , Est Remaining: 22.8
331 472.6 , Est Remaining: 21.4
332 474.0 , Est Remaining: 20.0
333 475.4 , Est Remaining: 18.6
