Note: NumExpr detected 32 cores but "NUMEXPR_MAX_THREADS" not set, so enforcing safe limit of 8.
Using selector: EpollSelector
/n/home02/jhaefner/miniconda/envs/IC-3.7-2020-06-16/lib/python3.7/site-packages/scipy/optimize/minpack.py:808: OptimizeWarning: Covariance of the parameters could not be estimated
  category=OptimizeWarning)
Total rwfs: 346
0 0.0 , Est Remaining: 999999.9
1 1.5 , Est Remaining: 503.7
2 2.9 , Est Remaining: 494.9
3 4.3 , Est Remaining: 494.5
4 5.7 , Est Remaining: 491.3
5 7.2 , Est Remaining: 488.1
6 8.6 , Est Remaining: 485.0
7 10.0 , Est Remaining: 482.0
8 11.4 , Est Remaining: 480.3
9 12.8 , Est Remaining: 477.8
10 14.2 , Est Remaining: 476.0
EVENT FAILED
10 14.5 , Est Remaining: 486.4
11 15.9 , Est Remaining: 483.2
12 17.3 , Est Remaining: 480.1
13 18.6 , Est Remaining: 477.6
14 20.0 , Est Remaining: 475.3
EVENT FAILED
14 20.4 , Est Remaining: 482.7
15 21.8 , Est Remaining: 480.3
16 23.2 , Est Remaining: 477.8
17 24.6 , Est Remaining: 475.3
18 26.0 , Est Remaining: 473.2
19 27.4 , Est Remaining: 471.2
20 28.8 , Est Remaining: 469.3
21 30.2 , Est Remaining: 467.4
22 31.6 , Est Remaining: 465.4
23 33.0 , Est Remaining: 463.5
24 34.4 , Est Remaining: 461.4
25 35.8 , Est Remaining: 459.7
26 37.2 , Est Remaining: 457.8
27 38.6 , Est Remaining: 455.9
28 40.0 , Est Remaining: 454.3
EVENT FAILED
28 40.3 , Est Remaining: 457.9
29 41.7 , Est Remaining: 455.9
30 43.1 , Est Remaining: 454.0
31 44.5 , Est Remaining: 452.4
32 45.9 , Est Remaining: 450.6
33 47.3 , Est Remaining: 448.9
34 48.7 , Est Remaining: 447.1
35 50.1 , Est Remaining: 445.5
36 51.6 , Est Remaining: 444.0
37 53.0 , Est Remaining: 442.4
38 54.4 , Est Remaining: 440.8
39 55.8 , Est Remaining: 439.2
EVENT FAILED
39 56.1 , Est Remaining: 441.7
40 57.5 , Est Remaining: 439.9
41 58.9 , Est Remaining: 438.2
42 60.3 , Est Remaining: 436.7
43 61.7 , Est Remaining: 435.0
44 63.1 , Est Remaining: 433.2
45 64.5 , Est Remaining: 431.6
46 65.9 , Est Remaining: 430.0
47 67.3 , Est Remaining: 428.4
48 68.8 , Est Remaining: 426.9
49 70.2 , Est Remaining: 425.3
50 71.6 , Est Remaining: 423.7
51 73.0 , Est Remaining: 422.2
52 74.4 , Est Remaining: 420.6
53 75.8 , Est Remaining: 419.1
54 77.2 , Est Remaining: 417.6
55 78.6 , Est Remaining: 416.1
56 80.1 , Est Remaining: 414.5
57 81.5 , Est Remaining: 413.0
58 82.9 , Est Remaining: 411.5
59 84.3 , Est Remaining: 410.0
60 85.7 , Est Remaining: 408.5
61 87.1 , Est Remaining: 407.0
62 88.5 , Est Remaining: 405.6
63 90.0 , Est Remaining: 404.1
64 91.4 , Est Remaining: 402.6
65 92.8 , Est Remaining: 401.1
66 94.2 , Est Remaining: 399.7
67 95.7 , Est Remaining: 398.4
68 97.1 , Est Remaining: 397.0
69 98.5 , Est Remaining: 395.5
70 100.0 , Est Remaining: 394.1
71 101.4 , Est Remaining: 392.7
72 102.8 , Est Remaining: 391.3
73 104.3 , Est Remaining: 389.9
74 105.7 , Est Remaining: 388.5
75 107.1 , Est Remaining: 387.1
76 108.6 , Est Remaining: 385.8
77 110.0 , Est Remaining: 384.4
78 111.5 , Est Remaining: 383.1
79 112.9 , Est Remaining: 381.7
80 114.4 , Est Remaining: 380.3
81 115.8 , Est Remaining: 379.0
82 117.3 , Est Remaining: 377.6
83 118.7 , Est Remaining: 376.2
84 120.2 , Est Remaining: 374.8
85 121.6 , Est Remaining: 373.5
86 123.1 , Est Remaining: 372.1
87 124.5 , Est Remaining: 370.7
88 126.0 , Est Remaining: 369.3
89 127.4 , Est Remaining: 368.0
90 128.9 , Est Remaining: 366.6
91 130.3 , Est Remaining: 365.2
92 131.8 , Est Remaining: 363.9
93 133.1 , Est Remaining: 362.1
94 134.6 , Est Remaining: 360.7
95 136.0 , Est Remaining: 359.3
96 137.5 , Est Remaining: 358.0
97 138.9 , Est Remaining: 356.6
98 140.3 , Est Remaining: 355.2
99 141.8 , Est Remaining: 353.8
100 143.3 , Est Remaining: 352.4
101 144.7 , Est Remaining: 351.1
102 146.2 , Est Remaining: 349.7
103 147.8 , Est Remaining: 348.6
104 149.2 , Est Remaining: 347.2
105 150.7 , Est Remaining: 345.9
106 152.2 , Est Remaining: 344.6
107 153.7 , Est Remaining: 343.3
108 155.1 , Est Remaining: 341.9
109 156.6 , Est Remaining: 340.5
110 158.0 , Est Remaining: 339.1
111 159.5 , Est Remaining: 337.7
112 161.0 , Est Remaining: 336.3
113 162.4 , Est Remaining: 335.0
114 163.9 , Est Remaining: 333.6
115 165.4 , Est Remaining: 332.3
116 166.9 , Est Remaining: 330.9
117 168.4 , Est Remaining: 329.5
118 169.8 , Est Remaining: 328.1
119 171.3 , Est Remaining: 326.7
120 172.8 , Est Remaining: 325.4
121 174.3 , Est Remaining: 324.0
122 175.7 , Est Remaining: 322.6
123 177.2 , Est Remaining: 321.2
124 178.6 , Est Remaining: 319.8
125 180.1 , Est Remaining: 318.4
126 181.5 , Est Remaining: 317.0
127 183.0 , Est Remaining: 315.5
128 184.4 , Est Remaining: 314.1
129 185.9 , Est Remaining: 312.7
130 187.3 , Est Remaining: 311.3
131 188.8 , Est Remaining: 309.9
132 190.3 , Est Remaining: 308.5
133 191.7 , Est Remaining: 307.1
134 193.2 , Est Remaining: 305.7
135 194.6 , Est Remaining: 304.2
136 196.1 , Est Remaining: 302.8
137 197.6 , Est Remaining: 301.4
138 199.0 , Est Remaining: 299.9
139 200.4 , Est Remaining: 298.5
140 201.9 , Est Remaining: 297.1
141 203.4 , Est Remaining: 295.7
142 204.8 , Est Remaining: 294.3
143 206.3 , Est Remaining: 292.8
144 207.7 , Est Remaining: 291.4
145 209.2 , Est Remaining: 290.0
146 210.6 , Est Remaining: 288.6
EVENT FAILED
146 211.0 , Est Remaining: 289.0
EVENT FAILED
146 211.3 , Est Remaining: 289.5
147 212.8 , Est Remaining: 288.0
148 214.2 , Est Remaining: 286.6
149 215.7 , Est Remaining: 285.2
150 217.2 , Est Remaining: 283.7
151 218.6 , Est Remaining: 282.3
152 220.3 , Est Remaining: 281.2
153 221.7 , Est Remaining: 279.7
154 223.2 , Est Remaining: 278.3
155 224.7 , Est Remaining: 276.9
156 226.2 , Est Remaining: 275.5
157 227.7 , Est Remaining: 274.1
158 229.1 , Est Remaining: 272.6
EVENT FAILED
158 229.5 , Est Remaining: 273.0
159 230.9 , Est Remaining: 271.6
160 232.4 , Est Remaining: 270.2
161 233.8 , Est Remaining: 268.7
162 235.3 , Est Remaining: 267.3
163 236.8 , Est Remaining: 265.8
164 238.2 , Est Remaining: 264.4
165 239.7 , Est Remaining: 262.9
166 241.1 , Est Remaining: 261.5
167 242.6 , Est Remaining: 260.0
168 244.1 , Est Remaining: 258.6
169 245.5 , Est Remaining: 257.1
170 247.0 , Est Remaining: 255.7
171 248.5 , Est Remaining: 254.3
172 249.9 , Est Remaining: 252.8
173 251.4 , Est Remaining: 251.4
174 252.8 , Est Remaining: 249.9
175 254.3 , Est Remaining: 248.5
176 255.7 , Est Remaining: 247.0
177 257.2 , Est Remaining: 245.6
178 258.6 , Est Remaining: 244.1
179 260.1 , Est Remaining: 242.6
180 261.5 , Est Remaining: 241.2
181 263.0 , Est Remaining: 239.7
EVENT FAILED
181 263.3 , Est Remaining: 240.0
182 264.7 , Est Remaining: 238.6
183 266.2 , Est Remaining: 237.1
184 267.6 , Est Remaining: 235.6
185 269.1 , Est Remaining: 234.2
186 270.5 , Est Remaining: 232.7
187 272.0 , Est Remaining: 231.2
188 273.4 , Est Remaining: 229.8
189 274.8 , Est Remaining: 228.3
190 276.3 , Est Remaining: 226.8
191 277.8 , Est Remaining: 225.4
192 279.2 , Est Remaining: 223.9
193 280.6 , Est Remaining: 222.5
194 282.1 , Est Remaining: 221.0
195 283.5 , Est Remaining: 219.6
196 285.0 , Est Remaining: 218.1
197 286.5 , Est Remaining: 216.7
198 287.9 , Est Remaining: 215.2
199 289.4 , Est Remaining: 213.8
200 290.8 , Est Remaining: 212.3
201 292.3 , Est Remaining: 210.9
202 293.9 , Est Remaining: 209.5
203 295.3 , Est Remaining: 208.0
204 296.8 , Est Remaining: 206.6
205 298.3 , Est Remaining: 205.1
206 299.7 , Est Remaining: 203.7
207 301.2 , Est Remaining: 202.3
208 302.7 , Est Remaining: 200.8
209 304.1 , Est Remaining: 199.4
210 305.6 , Est Remaining: 197.9
211 307.1 , Est Remaining: 196.5
212 308.5 , Est Remaining: 195.0
213 310.0 , Est Remaining: 193.6
214 311.5 , Est Remaining: 192.1
215 313.0 , Est Remaining: 190.7
EVENT FAILED
215 313.3 , Est Remaining: 190.9
EVENT FAILED
215 313.6 , Est Remaining: 191.1
216 315.1 , Est Remaining: 189.6
217 316.5 , Est Remaining: 188.2
218 318.0 , Est Remaining: 186.7
219 319.4 , Est Remaining: 185.2
220 320.9 , Est Remaining: 183.8
221 322.3 , Est Remaining: 182.3
222 323.8 , Est Remaining: 180.8
223 325.2 , Est Remaining: 179.4
224 326.7 , Est Remaining: 177.9
225 328.1 , Est Remaining: 176.5
226 329.6 , Est Remaining: 175.0
227 331.0 , Est Remaining: 173.5
228 332.5 , Est Remaining: 172.1
229 333.9 , Est Remaining: 170.6
230 335.4 , Est Remaining: 169.2
231 336.9 , Est Remaining: 167.7
232 338.3 , Est Remaining: 166.2
233 339.8 , Est Remaining: 164.8
234 341.3 , Est Remaining: 163.4
235 342.8 , Est Remaining: 161.9
236 344.3 , Est Remaining: 160.5
237 345.7 , Est Remaining: 159.0
238 347.2 , Est Remaining: 157.6
239 348.7 , Est Remaining: 156.1
240 350.2 , Est Remaining: 154.7
241 351.6 , Est Remaining: 153.2
242 353.1 , Est Remaining: 151.7
243 354.6 , Est Remaining: 150.3
244 356.0 , Est Remaining: 148.8
245 357.5 , Est Remaining: 147.4
246 359.0 , Est Remaining: 145.9
247 360.5 , Est Remaining: 144.5
248 361.9 , Est Remaining: 143.0
249 363.4 , Est Remaining: 141.6
250 364.9 , Est Remaining: 140.1
251 366.3 , Est Remaining: 138.7
252 367.8 , Est Remaining: 137.2
253 369.3 , Est Remaining: 135.7
254 370.7 , Est Remaining: 134.3
255 372.2 , Est Remaining: 132.8
256 373.6 , Est Remaining: 131.4
257 375.1 , Est Remaining: 129.9
258 376.6 , Est Remaining: 128.5
259 378.1 , Est Remaining: 127.0
260 379.5 , Est Remaining: 125.5
261 381.0 , Est Remaining: 124.1
262 382.5 , Est Remaining: 122.6
EVENT FAILED
262 382.8 , Est Remaining: 122.7
263 384.3 , Est Remaining: 121.3
264 385.7 , Est Remaining: 119.8
265 387.1 , Est Remaining: 118.3
266 388.5 , Est Remaining: 116.9
267 390.0 , Est Remaining: 115.4
268 391.5 , Est Remaining: 113.9
269 392.9 , Est Remaining: 112.5
270 394.4 , Est Remaining: 111.0
271 395.8 , Est Remaining: 109.6
272 397.3 , Est Remaining: 108.1
273 398.8 , Est Remaining: 106.6
274 400.3 , Est Remaining: 105.2
EVENT FAILED
274 400.6 , Est Remaining: 105.3
275 402.1 , Est Remaining: 103.8
276 403.6 , Est Remaining: 102.4
277 405.0 , Est Remaining: 100.9
278 406.5 , Est Remaining: 99.4
279 407.9 , Est Remaining: 98.0
280 409.4 , Est Remaining: 96.5
281 410.9 , Est Remaining: 95.0
282 412.4 , Est Remaining: 93.6
283 413.9 , Est Remaining: 92.1
284 415.3 , Est Remaining: 90.7
285 416.8 , Est Remaining: 89.2
286 418.3 , Est Remaining: 87.8
287 419.8 , Est Remaining: 86.3
288 421.3 , Est Remaining: 84.8
289 422.8 , Est Remaining: 83.4
290 424.2 , Est Remaining: 81.9
291 425.7 , Est Remaining: 80.5
EVENT FAILED
291 426.0 , Est Remaining: 80.5
292 427.5 , Est Remaining: 79.1
293 428.9 , Est Remaining: 77.6
EVENT FAILED
293 429.3 , Est Remaining: 77.6
294 430.7 , Est Remaining: 76.2
295 432.1 , Est Remaining: 74.7
296 433.6 , Est Remaining: 73.2
297 435.0 , Est Remaining: 71.8
298 436.5 , Est Remaining: 70.3
299 437.9 , Est Remaining: 68.8
300 439.4 , Est Remaining: 67.4
301 440.8 , Est Remaining: 65.9
302 442.4 , Est Remaining: 64.5
303 443.9 , Est Remaining: 63.0
304 445.3 , Est Remaining: 61.5
305 446.8 , Est Remaining: 60.1
306 448.2 , Est Remaining: 58.6
307 449.6 , Est Remaining: 57.1
308 451.1 , Est Remaining: 55.7
309 452.5 , Est Remaining: 54.2
310 453.9 , Est Remaining: 52.7
311 455.3 , Est Remaining: 51.2
312 456.8 , Est Remaining: 49.8
313 458.2 , Est Remaining: 48.3
314 459.6 , Est Remaining: 46.8
315 461.0 , Est Remaining: 45.4
316 462.4 , Est Remaining: 43.9
317 463.8 , Est Remaining: 42.4
318 465.3 , Est Remaining: 41.0
319 466.7 , Est Remaining: 39.5
320 468.1 , Est Remaining: 38.0
321 469.5 , Est Remaining: 36.6
322 470.9 , Est Remaining: 35.1
323 472.3 , Est Remaining: 33.6
324 473.7 , Est Remaining: 32.2
325 475.0 , Est Remaining: 30.7
326 476.3 , Est Remaining: 29.2
327 477.7 , Est Remaining: 27.8
328 479.1 , Est Remaining: 26.3
329 480.5 , Est Remaining: 24.8
330 481.9 , Est Remaining: 23.4
331 483.3 , Est Remaining: 21.9
