Note: NumExpr detected 32 cores but "NUMEXPR_MAX_THREADS" not set, so enforcing safe limit of 8.
Using selector: EpollSelector
/n/home02/jhaefner/miniconda/envs/IC-3.7-2020-06-16/lib/python3.7/site-packages/scipy/optimize/minpack.py:808: OptimizeWarning: Covariance of the parameters could not be estimated
  category=OptimizeWarning)
Total rwfs: 346
0 0.0 , Est Remaining: 999999.9
1 1.5 , Est Remaining: 512.6
2 2.9 , Est Remaining: 501.9
3 4.4 , Est Remaining: 504.5
EVENT FAILED
3 4.7 , Est Remaining: 542.9
EVENT FAILED
3 5.1 , Est Remaining: 580.3
EVENT FAILED
3 5.4 , Est Remaining: 616.3
4 6.8 , Est Remaining: 583.5
5 8.2 , Est Remaining: 562.3
6 9.7 , Est Remaining: 548.1
7 11.1 , Est Remaining: 537.0
8 12.5 , Est Remaining: 529.4
9 14.0 , Est Remaining: 522.4
10 15.4 , Est Remaining: 516.8
11 16.8 , Est Remaining: 511.5
12 18.2 , Est Remaining: 507.1
13 19.6 , Est Remaining: 502.8
14 21.0 , Est Remaining: 499.0
15 22.4 , Est Remaining: 495.3
EVENT FAILED
15 22.7 , Est Remaining: 502.0
16 24.2 , Est Remaining: 498.5
17 25.6 , Est Remaining: 495.4
18 27.0 , Est Remaining: 492.7
19 28.4 , Est Remaining: 489.6
20 29.9 , Est Remaining: 486.7
21 31.3 , Est Remaining: 484.2
22 32.7 , Est Remaining: 481.6
23 34.1 , Est Remaining: 478.9
24 35.5 , Est Remaining: 476.6
EVENT FAILED
24 35.8 , Est Remaining: 480.6
25 37.2 , Est Remaining: 478.1
26 38.7 , Est Remaining: 475.7
27 40.1 , Est Remaining: 473.3
28 41.5 , Est Remaining: 470.9
29 42.9 , Est Remaining: 468.6
30 44.3 , Est Remaining: 466.2
31 45.7 , Est Remaining: 464.2
32 47.1 , Est Remaining: 461.8
33 48.5 , Est Remaining: 459.7
34 49.8 , Est Remaining: 457.4
35 51.2 , Est Remaining: 455.1
36 52.6 , Est Remaining: 452.8
37 54.0 , Est Remaining: 450.6
38 55.3 , Est Remaining: 448.4
39 56.7 , Est Remaining: 446.1
40 58.0 , Est Remaining: 443.8
41 59.4 , Est Remaining: 441.6
42 60.7 , Est Remaining: 439.5
43 62.1 , Est Remaining: 437.4
44 63.4 , Est Remaining: 435.3
45 64.8 , Est Remaining: 433.3
46 66.1 , Est Remaining: 431.3
47 67.5 , Est Remaining: 429.4
48 68.9 , Est Remaining: 427.5
49 70.2 , Est Remaining: 425.6
50 71.6 , Est Remaining: 423.8
51 72.9 , Est Remaining: 421.9
52 74.3 , Est Remaining: 420.1
EVENT FAILED
52 74.6 , Est Remaining: 421.8
53 76.0 , Est Remaining: 420.0
54 77.3 , Est Remaining: 418.2
55 78.7 , Est Remaining: 416.4
56 80.1 , Est Remaining: 414.5
57 81.4 , Est Remaining: 412.8
58 82.8 , Est Remaining: 411.0
59 84.1 , Est Remaining: 409.3
60 85.5 , Est Remaining: 407.5
61 86.8 , Est Remaining: 405.7
62 88.2 , Est Remaining: 403.9
63 89.5 , Est Remaining: 402.1
64 90.8 , Est Remaining: 400.3
65 92.2 , Est Remaining: 398.5
66 93.5 , Est Remaining: 396.8
67 94.9 , Est Remaining: 395.1
68 96.2 , Est Remaining: 393.2
69 97.5 , Est Remaining: 391.5
70 98.9 , Est Remaining: 389.8
71 100.2 , Est Remaining: 388.2
72 101.8 , Est Remaining: 387.5
73 103.2 , Est Remaining: 385.9
74 104.5 , Est Remaining: 384.3
75 105.9 , Est Remaining: 382.6
76 107.2 , Est Remaining: 381.0
77 108.6 , Est Remaining: 379.3
78 109.9 , Est Remaining: 377.7
79 111.3 , Est Remaining: 376.1
80 112.6 , Est Remaining: 374.5
81 114.0 , Est Remaining: 372.8
82 115.3 , Est Remaining: 371.3
83 116.7 , Est Remaining: 369.7
84 118.0 , Est Remaining: 368.1
85 119.4 , Est Remaining: 366.5
86 120.7 , Est Remaining: 364.9
87 122.0 , Est Remaining: 363.3
88 123.4 , Est Remaining: 361.7
89 124.7 , Est Remaining: 360.1
90 126.1 , Est Remaining: 358.6
91 127.4 , Est Remaining: 357.0
92 128.7 , Est Remaining: 355.4
93 130.1 , Est Remaining: 353.8
94 131.4 , Est Remaining: 352.3
95 132.8 , Est Remaining: 350.8
96 134.1 , Est Remaining: 349.3
97 135.5 , Est Remaining: 347.8
98 136.8 , Est Remaining: 346.3
99 138.2 , Est Remaining: 344.8
100 139.6 , Est Remaining: 343.4
101 141.1 , Est Remaining: 342.2
102 142.4 , Est Remaining: 340.7
103 143.8 , Est Remaining: 339.3
104 145.2 , Est Remaining: 337.9
105 146.6 , Est Remaining: 336.5
106 148.0 , Est Remaining: 335.1
107 149.4 , Est Remaining: 333.8
108 150.9 , Est Remaining: 332.4
109 152.3 , Est Remaining: 331.1
110 153.7 , Est Remaining: 329.8
111 155.1 , Est Remaining: 328.4
112 156.5 , Est Remaining: 327.1
113 158.0 , Est Remaining: 325.7
114 159.4 , Est Remaining: 324.4
115 160.8 , Est Remaining: 323.1
116 162.3 , Est Remaining: 321.7
117 163.7 , Est Remaining: 320.5
118 165.2 , Est Remaining: 319.1
119 166.6 , Est Remaining: 317.8
120 168.0 , Est Remaining: 316.4
121 169.4 , Est Remaining: 315.1
EVENT FAILED
121 169.8 , Est Remaining: 315.7
122 171.2 , Est Remaining: 314.3
123 172.7 , Est Remaining: 313.0
124 174.1 , Est Remaining: 311.7
125 175.6 , Est Remaining: 310.4
EVENT FAILED
125 175.9 , Est Remaining: 311.0
126 177.3 , Est Remaining: 309.6
127 178.8 , Est Remaining: 308.3
128 180.2 , Est Remaining: 307.0
EVENT FAILED
128 180.5 , Est Remaining: 307.5
129 182.0 , Est Remaining: 306.1
130 183.4 , Est Remaining: 304.8
131 184.9 , Est Remaining: 303.4
132 186.3 , Est Remaining: 302.1
133 187.7 , Est Remaining: 300.7
134 189.2 , Est Remaining: 299.3
135 190.6 , Est Remaining: 298.0
136 192.1 , Est Remaining: 296.6
137 193.5 , Est Remaining: 295.2
138 195.0 , Est Remaining: 293.9
139 196.4 , Est Remaining: 292.5
140 197.8 , Est Remaining: 291.1
141 199.3 , Est Remaining: 289.7
142 200.7 , Est Remaining: 288.3
143 202.1 , Est Remaining: 286.9
144 203.6 , Est Remaining: 285.6
145 205.0 , Est Remaining: 284.2
146 206.5 , Est Remaining: 282.9
147 207.9 , Est Remaining: 281.5
EVENT FAILED
147 208.2 , Est Remaining: 281.9
148 209.7 , Est Remaining: 280.5
149 211.1 , Est Remaining: 279.1
150 212.5 , Est Remaining: 277.7
151 214.0 , Est Remaining: 276.3
152 215.4 , Est Remaining: 274.9
153 216.8 , Est Remaining: 273.5
154 218.3 , Est Remaining: 272.2
155 219.8 , Est Remaining: 270.8
156 221.2 , Est Remaining: 269.4
157 222.6 , Est Remaining: 268.0
158 224.1 , Est Remaining: 266.6
159 225.5 , Est Remaining: 265.2
160 226.9 , Est Remaining: 263.8
161 228.4 , Est Remaining: 262.4
162 229.8 , Est Remaining: 261.0
163 231.2 , Est Remaining: 259.6
164 232.7 , Est Remaining: 258.2
165 234.1 , Est Remaining: 256.8
166 235.6 , Est Remaining: 255.5
167 237.0 , Est Remaining: 254.0
168 238.5 , Est Remaining: 252.7
169 239.9 , Est Remaining: 251.3
170 241.3 , Est Remaining: 249.9
171 242.8 , Est Remaining: 248.5
172 244.2 , Est Remaining: 247.1
173 245.7 , Est Remaining: 245.7
174 247.2 , Est Remaining: 244.3
175 248.6 , Est Remaining: 242.9
176 250.0 , Est Remaining: 241.5
177 251.5 , Est Remaining: 240.1
178 253.0 , Est Remaining: 238.8
179 254.4 , Est Remaining: 237.4
180 255.9 , Est Remaining: 236.0
181 257.4 , Est Remaining: 234.6
182 258.8 , Est Remaining: 233.2
183 260.3 , Est Remaining: 231.8
184 261.7 , Est Remaining: 230.4
185 263.2 , Est Remaining: 229.0
186 264.6 , Est Remaining: 227.6
187 266.1 , Est Remaining: 226.2
188 267.5 , Est Remaining: 224.8
189 268.9 , Est Remaining: 223.4
190 270.4 , Est Remaining: 222.0
191 271.8 , Est Remaining: 220.6
192 273.2 , Est Remaining: 219.2
193 274.7 , Est Remaining: 217.7
194 276.1 , Est Remaining: 216.3
195 277.6 , Est Remaining: 214.9
196 279.0 , Est Remaining: 213.5
197 280.4 , Est Remaining: 212.1
198 281.9 , Est Remaining: 210.7
199 283.3 , Est Remaining: 209.3
200 284.7 , Est Remaining: 207.8
201 286.3 , Est Remaining: 206.5
202 287.7 , Est Remaining: 205.1
203 289.1 , Est Remaining: 203.7
204 290.6 , Est Remaining: 202.3
205 292.0 , Est Remaining: 200.8
206 293.4 , Est Remaining: 199.4
207 294.8 , Est Remaining: 198.0
208 296.2 , Est Remaining: 196.5
209 297.7 , Est Remaining: 195.1
210 299.1 , Est Remaining: 193.7
211 300.5 , Est Remaining: 192.3
212 302.0 , Est Remaining: 190.9
EVENT FAILED
212 302.3 , Est Remaining: 191.1
213 303.7 , Est Remaining: 189.6
214 305.1 , Est Remaining: 188.2
215 306.5 , Est Remaining: 186.8
216 308.0 , Est Remaining: 185.4
217 309.4 , Est Remaining: 183.9
218 310.8 , Est Remaining: 182.5
219 312.3 , Est Remaining: 181.1
220 313.7 , Est Remaining: 179.7
221 315.1 , Est Remaining: 178.2
222 316.6 , Est Remaining: 176.8
223 318.0 , Est Remaining: 175.4
EVENT FAILED
223 318.3 , Est Remaining: 175.6
224 319.7 , Est Remaining: 174.1
225 321.1 , Est Remaining: 172.7
226 322.6 , Est Remaining: 171.3
227 324.0 , Est Remaining: 169.9
228 325.4 , Est Remaining: 168.4
229 326.9 , Est Remaining: 167.0
230 328.3 , Est Remaining: 165.6
EVENT FAILED
230 328.6 , Est Remaining: 165.7
EVENT FAILED
230 328.9 , Est Remaining: 165.9
231 330.3 , Est Remaining: 164.4
232 331.7 , Est Remaining: 163.0
233 333.1 , Est Remaining: 161.6
234 334.6 , Est Remaining: 160.1
235 336.0 , Est Remaining: 158.7
236 337.4 , Est Remaining: 157.3
237 338.9 , Est Remaining: 155.9
238 340.3 , Est Remaining: 154.4
239 341.7 , Est Remaining: 153.0
240 343.2 , Est Remaining: 151.6
241 344.6 , Est Remaining: 150.1
242 346.0 , Est Remaining: 148.7
243 347.5 , Est Remaining: 147.3
244 348.9 , Est Remaining: 145.8
245 350.3 , Est Remaining: 144.4
246 351.8 , Est Remaining: 143.0
247 353.2 , Est Remaining: 141.6
248 354.7 , Est Remaining: 140.2
249 356.1 , Est Remaining: 138.7
250 357.6 , Est Remaining: 137.3
251 359.0 , Est Remaining: 135.9
252 360.5 , Est Remaining: 134.5
253 361.9 , Est Remaining: 133.0
254 363.3 , Est Remaining: 131.6
255 364.8 , Est Remaining: 130.2
256 366.2 , Est Remaining: 128.7
257 367.6 , Est Remaining: 127.3
258 369.1 , Est Remaining: 125.9
259 370.5 , Est Remaining: 124.4
260 371.9 , Est Remaining: 123.0
261 373.3 , Est Remaining: 121.6
262 374.7 , Est Remaining: 120.1
263 376.2 , Est Remaining: 118.7
264 377.6 , Est Remaining: 117.3
265 379.0 , Est Remaining: 115.9
266 380.5 , Est Remaining: 114.4
267 381.9 , Est Remaining: 113.0
268 383.3 , Est Remaining: 111.6
269 384.8 , Est Remaining: 110.1
270 386.2 , Est Remaining: 108.7
271 387.6 , Est Remaining: 107.3
272 389.1 , Est Remaining: 105.8
273 390.5 , Est Remaining: 104.4
274 391.9 , Est Remaining: 103.0
275 393.3 , Est Remaining: 101.6
276 394.8 , Est Remaining: 100.1
277 396.2 , Est Remaining: 98.7
278 397.7 , Est Remaining: 97.3
279 399.1 , Est Remaining: 95.8
280 400.5 , Est Remaining: 94.4
281 401.9 , Est Remaining: 93.0
282 403.3 , Est Remaining: 91.5
283 404.8 , Est Remaining: 90.1
284 406.2 , Est Remaining: 88.7
285 407.6 , Est Remaining: 87.2
286 409.0 , Est Remaining: 85.8
287 410.5 , Est Remaining: 84.4
288 411.9 , Est Remaining: 83.0
289 413.3 , Est Remaining: 81.5
290 414.8 , Est Remaining: 80.1
291 416.2 , Est Remaining: 78.7
EVENT FAILED
291 416.5 , Est Remaining: 78.7
292 418.0 , Est Remaining: 77.3
293 419.4 , Est Remaining: 75.9
294 420.8 , Est Remaining: 74.4
295 422.2 , Est Remaining: 73.0
296 423.7 , Est Remaining: 71.6
297 425.1 , Est Remaining: 70.1
298 426.6 , Est Remaining: 68.7
299 428.0 , Est Remaining: 67.3
300 429.4 , Est Remaining: 65.8
301 431.1 , Est Remaining: 64.4
302 432.5 , Est Remaining: 63.0
303 434.0 , Est Remaining: 61.6
304 435.4 , Est Remaining: 60.2
305 436.8 , Est Remaining: 58.7
306 438.3 , Est Remaining: 57.3
307 439.7 , Est Remaining: 55.9
308 441.1 , Est Remaining: 54.4
309 442.6 , Est Remaining: 53.0
310 444.0 , Est Remaining: 51.6
311 445.4 , Est Remaining: 50.1
312 446.9 , Est Remaining: 48.7
313 448.3 , Est Remaining: 47.3
314 449.7 , Est Remaining: 45.8
315 451.1 , Est Remaining: 44.4
316 452.6 , Est Remaining: 43.0
317 454.0 , Est Remaining: 41.5
318 455.4 , Est Remaining: 40.1
319 456.9 , Est Remaining: 38.7
320 458.3 , Est Remaining: 37.2
321 459.7 , Est Remaining: 35.8
322 461.2 , Est Remaining: 34.4
323 462.7 , Est Remaining: 32.9
324 464.2 , Est Remaining: 31.5
325 465.6 , Est Remaining: 30.1
326 467.1 , Est Remaining: 28.7
EVENT FAILED
326 467.4 , Est Remaining: 28.7
327 468.8 , Est Remaining: 27.2
328 470.3 , Est Remaining: 25.8
329 471.7 , Est Remaining: 24.4
