Note: NumExpr detected 32 cores but "NUMEXPR_MAX_THREADS" not set, so enforcing safe limit of 8.
Using selector: EpollSelector
/n/home02/jhaefner/miniconda/envs/IC-3.7-2020-06-16/lib/python3.7/site-packages/scipy/optimize/minpack.py:808: OptimizeWarning: Covariance of the parameters could not be estimated
  category=OptimizeWarning)
Total rwfs: 346
0 0.0 , Est Remaining: 999999.9
1 1.4 , Est Remaining: 471.4
2 2.7 , Est Remaining: 470.3
3 4.1 , Est Remaining: 467.8
4 5.4 , Est Remaining: 463.8
5 6.8 , Est Remaining: 461.4
6 8.1 , Est Remaining: 459.5
7 9.4 , Est Remaining: 457.1
8 10.8 , Est Remaining: 455.6
9 12.1 , Est Remaining: 453.6
10 13.5 , Est Remaining: 452.1
11 14.8 , Est Remaining: 451.0
12 16.1 , Est Remaining: 449.4
13 17.5 , Est Remaining: 447.5
14 18.8 , Est Remaining: 445.5
15 20.1 , Est Remaining: 443.8
16 21.4 , Est Remaining: 442.3
17 22.8 , Est Remaining: 440.6
18 24.1 , Est Remaining: 439.0
19 25.4 , Est Remaining: 437.5
20 26.7 , Est Remaining: 435.8
21 28.1 , Est Remaining: 434.3
EVENT FAILED
21 28.4 , Est Remaining: 439.1
22 29.7 , Est Remaining: 437.3
23 31.0 , Est Remaining: 435.3
24 32.3 , Est Remaining: 433.5
25 33.6 , Est Remaining: 431.7
26 34.9 , Est Remaining: 430.1
27 36.3 , Est Remaining: 428.6
28 37.6 , Est Remaining: 426.9
29 38.9 , Est Remaining: 425.7
30 40.3 , Est Remaining: 424.6
31 41.6 , Est Remaining: 423.1
32 43.0 , Est Remaining: 421.7
33 44.3 , Est Remaining: 420.2
34 45.6 , Est Remaining: 418.7
35 46.9 , Est Remaining: 417.1
36 48.3 , Est Remaining: 415.9
37 49.7 , Est Remaining: 414.9
38 51.1 , Est Remaining: 413.8
39 52.4 , Est Remaining: 412.6
40 53.8 , Est Remaining: 411.3
41 55.1 , Est Remaining: 409.9
42 56.4 , Est Remaining: 408.4
43 57.7 , Est Remaining: 406.9
44 59.1 , Est Remaining: 405.4
45 60.4 , Est Remaining: 403.8
46 61.7 , Est Remaining: 402.5
47 63.1 , Est Remaining: 401.3
48 64.4 , Est Remaining: 400.0
49 65.8 , Est Remaining: 398.8
50 67.1 , Est Remaining: 397.5
51 68.5 , Est Remaining: 396.1
52 69.8 , Est Remaining: 394.7
53 71.1 , Est Remaining: 393.1
54 72.4 , Est Remaining: 391.6
EVENT FAILED
54 72.7 , Est Remaining: 393.2
55 74.0 , Est Remaining: 391.7
56 75.3 , Est Remaining: 390.1
57 76.7 , Est Remaining: 388.8
58 78.0 , Est Remaining: 387.3
59 79.3 , Est Remaining: 386.0
60 80.7 , Est Remaining: 384.6
61 82.0 , Est Remaining: 383.0
62 83.3 , Est Remaining: 381.5
63 84.6 , Est Remaining: 380.1
64 85.9 , Est Remaining: 378.6
65 87.2 , Est Remaining: 377.1
66 88.5 , Est Remaining: 375.6
67 89.8 , Est Remaining: 374.1
68 91.2 , Est Remaining: 372.6
69 92.5 , Est Remaining: 371.2
70 93.8 , Est Remaining: 369.7
71 95.1 , Est Remaining: 368.2
72 96.4 , Est Remaining: 366.7
73 97.7 , Est Remaining: 365.3
74 99.0 , Est Remaining: 363.8
75 100.3 , Est Remaining: 362.4
76 101.6 , Est Remaining: 361.0
77 102.9 , Est Remaining: 359.5
78 104.2 , Est Remaining: 358.1
79 105.5 , Est Remaining: 356.6
80 106.8 , Est Remaining: 355.2
81 108.1 , Est Remaining: 353.7
82 109.4 , Est Remaining: 352.2
83 110.7 , Est Remaining: 350.8
84 112.0 , Est Remaining: 349.3
85 113.3 , Est Remaining: 347.9
86 114.6 , Est Remaining: 346.5
87 115.9 , Est Remaining: 345.1
88 117.2 , Est Remaining: 343.6
89 118.5 , Est Remaining: 342.2
90 119.8 , Est Remaining: 340.8
91 121.1 , Est Remaining: 339.4
92 122.4 , Est Remaining: 338.0
93 123.8 , Est Remaining: 336.7
94 125.1 , Est Remaining: 335.3
95 126.4 , Est Remaining: 334.0
96 127.8 , Est Remaining: 332.7
97 129.1 , Est Remaining: 331.3
98 130.4 , Est Remaining: 330.0
99 131.7 , Est Remaining: 328.6
100 133.0 , Est Remaining: 327.2
101 134.3 , Est Remaining: 325.8
102 135.6 , Est Remaining: 324.4
EVENT FAILED
102 135.9 , Est Remaining: 325.1
103 137.3 , Est Remaining: 323.9
104 138.6 , Est Remaining: 322.5
105 139.9 , Est Remaining: 321.1
106 141.2 , Est Remaining: 319.7
107 142.5 , Est Remaining: 318.4
EVENT FAILED
107 142.8 , Est Remaining: 319.1
108 144.1 , Est Remaining: 317.7
109 145.5 , Est Remaining: 316.3
110 146.8 , Est Remaining: 314.9
111 148.1 , Est Remaining: 313.5
112 149.4 , Est Remaining: 312.2
113 150.7 , Est Remaining: 310.8
114 152.1 , Est Remaining: 309.5
115 153.4 , Est Remaining: 308.1
116 154.7 , Est Remaining: 306.7
117 156.0 , Est Remaining: 305.4
118 157.3 , Est Remaining: 304.0
EVENT FAILED
118 157.6 , Est Remaining: 304.6
119 159.0 , Est Remaining: 303.2
120 160.3 , Est Remaining: 301.8
121 161.6 , Est Remaining: 300.5
122 163.0 , Est Remaining: 299.2
123 164.3 , Est Remaining: 297.9
124 165.7 , Est Remaining: 296.6
125 167.1 , Est Remaining: 295.3
126 168.4 , Est Remaining: 294.0
127 169.7 , Est Remaining: 292.6
128 171.1 , Est Remaining: 291.3
129 172.4 , Est Remaining: 290.0
130 173.8 , Est Remaining: 288.7
EVENT FAILED
130 174.1 , Est Remaining: 289.2
131 175.4 , Est Remaining: 287.8
132 176.7 , Est Remaining: 286.5
133 178.0 , Est Remaining: 285.1
134 179.3 , Est Remaining: 283.7
EVENT FAILED
134 179.6 , Est Remaining: 284.2
135 181.0 , Est Remaining: 282.8
136 182.3 , Est Remaining: 281.5
137 183.6 , Est Remaining: 280.1
138 184.9 , Est Remaining: 278.8
139 186.3 , Est Remaining: 277.4
140 187.6 , Est Remaining: 276.0
141 188.9 , Est Remaining: 274.7
142 190.1 , Est Remaining: 273.1
143 191.4 , Est Remaining: 271.7
144 192.7 , Est Remaining: 270.3
145 194.0 , Est Remaining: 268.9
EVENT FAILED
145 194.3 , Est Remaining: 269.3
146 195.6 , Est Remaining: 267.9
147 196.9 , Est Remaining: 266.6
148 198.2 , Est Remaining: 265.2
149 199.5 , Est Remaining: 263.8
150 200.9 , Est Remaining: 262.4
151 202.2 , Est Remaining: 261.1
152 203.5 , Est Remaining: 259.7
153 204.8 , Est Remaining: 258.3
154 206.1 , Est Remaining: 256.9
155 207.4 , Est Remaining: 255.5
156 208.7 , Est Remaining: 254.2
157 210.0 , Est Remaining: 252.8
158 211.3 , Est Remaining: 251.4
159 212.6 , Est Remaining: 250.0
160 213.9 , Est Remaining: 248.6
161 215.2 , Est Remaining: 247.3
162 216.5 , Est Remaining: 245.9
163 217.8 , Est Remaining: 244.5
164 219.1 , Est Remaining: 243.2
165 220.4 , Est Remaining: 241.8
166 221.7 , Est Remaining: 240.4
167 223.1 , Est Remaining: 239.1
168 224.4 , Est Remaining: 237.7
169 225.7 , Est Remaining: 236.4
170 227.0 , Est Remaining: 235.0
171 228.4 , Est Remaining: 233.7
172 229.7 , Est Remaining: 232.4
173 231.1 , Est Remaining: 231.1
174 232.5 , Est Remaining: 229.8
175 233.8 , Est Remaining: 228.5
176 235.2 , Est Remaining: 227.2
EVENT FAILED
176 235.5 , Est Remaining: 227.5
177 236.9 , Est Remaining: 226.2
178 238.2 , Est Remaining: 224.9
179 239.6 , Est Remaining: 223.6
180 241.0 , Est Remaining: 222.3
181 242.4 , Est Remaining: 221.0
182 243.9 , Est Remaining: 219.8
183 245.3 , Est Remaining: 218.5
184 246.7 , Est Remaining: 217.2
185 248.1 , Est Remaining: 215.9
186 249.5 , Est Remaining: 214.7
187 251.0 , Est Remaining: 213.4
188 252.4 , Est Remaining: 212.1
189 253.8 , Est Remaining: 210.9
190 255.3 , Est Remaining: 209.6
191 256.7 , Est Remaining: 208.3
192 258.1 , Est Remaining: 207.0
EVENT FAILED
192 258.4 , Est Remaining: 207.3
193 259.9 , Est Remaining: 206.0
194 261.3 , Est Remaining: 204.7
195 262.7 , Est Remaining: 203.4
196 264.1 , Est Remaining: 202.1
197 265.6 , Est Remaining: 200.9
198 267.0 , Est Remaining: 199.6
199 268.4 , Est Remaining: 198.3
200 269.9 , Est Remaining: 197.0
201 271.3 , Est Remaining: 195.7
202 272.8 , Est Remaining: 194.4
203 274.3 , Est Remaining: 193.2
204 275.7 , Est Remaining: 191.9
205 277.2 , Est Remaining: 190.6
206 278.6 , Est Remaining: 189.3
207 280.0 , Est Remaining: 188.0
208 281.5 , Est Remaining: 186.7
EVENT FAILED
208 281.8 , Est Remaining: 187.0
209 283.2 , Est Remaining: 185.7
210 284.7 , Est Remaining: 184.3
211 286.1 , Est Remaining: 183.0
212 287.5 , Est Remaining: 181.7
213 288.9 , Est Remaining: 180.4
214 290.4 , Est Remaining: 179.1
EVENT FAILED
214 290.7 , Est Remaining: 179.3
215 292.1 , Est Remaining: 178.0
216 293.5 , Est Remaining: 176.6
217 294.9 , Est Remaining: 175.3
EVENT FAILED
217 295.2 , Est Remaining: 175.5
218 296.7 , Est Remaining: 174.2
219 298.1 , Est Remaining: 172.9
220 299.6 , Est Remaining: 171.6
221 301.0 , Est Remaining: 170.2
222 302.4 , Est Remaining: 168.9
223 303.8 , Est Remaining: 167.6
224 305.2 , Est Remaining: 166.2
225 306.6 , Est Remaining: 164.9
226 308.0 , Est Remaining: 163.6
227 309.5 , Est Remaining: 162.2
228 310.9 , Est Remaining: 160.9
229 312.3 , Est Remaining: 159.6
230 313.7 , Est Remaining: 158.2
231 315.1 , Est Remaining: 156.9
232 316.6 , Est Remaining: 155.6
233 318.0 , Est Remaining: 154.2
234 319.4 , Est Remaining: 152.9
235 320.9 , Est Remaining: 151.6
236 322.3 , Est Remaining: 150.2
237 323.8 , Est Remaining: 148.9
238 325.3 , Est Remaining: 147.6
239 326.7 , Est Remaining: 146.3
240 328.1 , Est Remaining: 144.9
241 329.6 , Est Remaining: 143.6
242 331.0 , Est Remaining: 142.3
243 332.5 , Est Remaining: 140.9
244 333.9 , Est Remaining: 139.6
245 335.3 , Est Remaining: 138.2
246 336.7 , Est Remaining: 136.9
247 338.1 , Est Remaining: 135.5
248 339.5 , Est Remaining: 134.2
249 340.9 , Est Remaining: 132.8
250 342.4 , Est Remaining: 131.5
251 343.8 , Est Remaining: 130.1
252 345.2 , Est Remaining: 128.8
253 346.6 , Est Remaining: 127.4
254 348.0 , Est Remaining: 126.1
255 349.4 , Est Remaining: 124.7
256 350.8 , Est Remaining: 123.3
257 352.3 , Est Remaining: 122.0
258 353.7 , Est Remaining: 120.6
259 355.1 , Est Remaining: 119.3
260 356.5 , Est Remaining: 117.9
261 358.0 , Est Remaining: 116.6
262 359.4 , Est Remaining: 115.2
263 360.9 , Est Remaining: 113.9
264 362.3 , Est Remaining: 112.5
265 363.7 , Est Remaining: 111.2
266 365.2 , Est Remaining: 109.8
267 366.6 , Est Remaining: 108.5
268 368.0 , Est Remaining: 107.1
269 369.5 , Est Remaining: 105.8
270 370.9 , Est Remaining: 104.4
271 372.3 , Est Remaining: 103.0
272 373.7 , Est Remaining: 101.7
273 375.1 , Est Remaining: 100.3
274 376.5 , Est Remaining: 98.9
275 377.9 , Est Remaining: 97.6
276 379.3 , Est Remaining: 96.2
277 380.7 , Est Remaining: 94.8
278 382.2 , Est Remaining: 93.5
279 383.6 , Est Remaining: 92.1
EVENT FAILED
279 383.9 , Est Remaining: 92.2
280 385.3 , Est Remaining: 90.8
281 386.7 , Est Remaining: 89.5
282 388.2 , Est Remaining: 88.1
283 389.6 , Est Remaining: 86.7
284 391.0 , Est Remaining: 85.4
285 392.5 , Est Remaining: 84.0
286 393.9 , Est Remaining: 82.6
287 395.4 , Est Remaining: 81.3
288 396.8 , Est Remaining: 79.9
289 398.3 , Est Remaining: 78.6
290 399.7 , Est Remaining: 77.2
291 401.2 , Est Remaining: 75.8
292 402.6 , Est Remaining: 74.5
293 404.1 , Est Remaining: 73.1
294 405.6 , Est Remaining: 71.7
295 407.0 , Est Remaining: 70.4
296 408.4 , Est Remaining: 69.0
297 409.8 , Est Remaining: 67.6
EVENT FAILED
297 410.1 , Est Remaining: 67.7
298 411.6 , Est Remaining: 66.3
299 413.1 , Est Remaining: 64.9
300 414.5 , Est Remaining: 63.6
301 415.9 , Est Remaining: 62.2
302 417.5 , Est Remaining: 60.8
303 418.9 , Est Remaining: 59.5
304 420.4 , Est Remaining: 58.1
305 421.8 , Est Remaining: 56.7
EVENT FAILED
305 422.1 , Est Remaining: 56.7
306 423.5 , Est Remaining: 55.4
307 425.0 , Est Remaining: 54.0
308 426.4 , Est Remaining: 52.6
309 427.9 , Est Remaining: 51.2
310 429.3 , Est Remaining: 49.9
311 430.8 , Est Remaining: 48.5
312 432.2 , Est Remaining: 47.1
313 433.6 , Est Remaining: 45.7
314 435.0 , Est Remaining: 44.3
315 436.4 , Est Remaining: 43.0
316 437.7 , Est Remaining: 41.6
317 439.1 , Est Remaining: 40.2
318 440.5 , Est Remaining: 38.8
319 442.0 , Est Remaining: 37.4
320 443.4 , Est Remaining: 36.0
EVENT FAILED
320 443.7 , Est Remaining: 36.1
321 445.1 , Est Remaining: 34.7
322 446.5 , Est Remaining: 33.3
323 448.0 , Est Remaining: 31.9
324 449.4 , Est Remaining: 30.5
325 450.8 , Est Remaining: 29.1
326 452.2 , Est Remaining: 27.7
327 453.6 , Est Remaining: 26.4
328 455.0 , Est Remaining: 25.0
