Note: NumExpr detected 32 cores but "NUMEXPR_MAX_THREADS" not set, so enforcing safe limit of 8.
Using selector: EpollSelector
/n/home02/jhaefner/miniconda/envs/IC-3.7-2020-06-16/lib/python3.7/site-packages/scipy/optimize/minpack.py:808: OptimizeWarning: Covariance of the parameters could not be estimated
  category=OptimizeWarning)
Total rwfs: 346
0 0.0 , Est Remaining: 999999.9
1 1.4 , Est Remaining: 495.1
2 2.9 , Est Remaining: 491.7
EVENT FAILED
2 3.2 , Est Remaining: 545.9
3 4.6 , Est Remaining: 526.7
4 6.0 , Est Remaining: 513.7
5 7.4 , Est Remaining: 505.2
6 8.8 , Est Remaining: 499.0
7 10.3 , Est Remaining: 496.8
8 11.7 , Est Remaining: 493.2
9 13.1 , Est Remaining: 489.7
10 14.5 , Est Remaining: 486.7
11 15.9 , Est Remaining: 483.6
12 17.3 , Est Remaining: 481.1
13 18.7 , Est Remaining: 479.3
14 20.1 , Est Remaining: 477.7
15 21.6 , Est Remaining: 476.5
16 23.0 , Est Remaining: 474.9
17 24.5 , Est Remaining: 473.3
18 25.9 , Est Remaining: 471.5
19 27.3 , Est Remaining: 469.6
20 28.7 , Est Remaining: 467.9
21 30.1 , Est Remaining: 466.3
22 31.6 , Est Remaining: 465.2
23 33.0 , Est Remaining: 463.8
24 34.4 , Est Remaining: 462.2
25 35.9 , Est Remaining: 460.5
26 37.3 , Est Remaining: 458.9
27 38.7 , Est Remaining: 457.3
28 40.1 , Est Remaining: 455.6
29 41.5 , Est Remaining: 453.9
30 43.0 , Est Remaining: 452.5
31 44.4 , Est Remaining: 451.3
32 45.9 , Est Remaining: 450.2
33 47.3 , Est Remaining: 448.9
34 48.7 , Est Remaining: 447.3
35 50.2 , Est Remaining: 446.0
36 51.6 , Est Remaining: 444.7
37 53.1 , Est Remaining: 443.2
38 54.5 , Est Remaining: 441.8
39 55.9 , Est Remaining: 440.3
40 57.3 , Est Remaining: 438.6
41 58.7 , Est Remaining: 437.0
42 60.2 , Est Remaining: 435.5
43 61.6 , Est Remaining: 433.9
44 63.0 , Est Remaining: 432.3
45 64.4 , Est Remaining: 430.6
EVENT FAILED
45 64.7 , Est Remaining: 432.6
46 66.1 , Est Remaining: 431.1
47 67.5 , Est Remaining: 429.4
48 68.9 , Est Remaining: 428.0
49 70.4 , Est Remaining: 426.4
50 71.8 , Est Remaining: 424.8
51 73.2 , Est Remaining: 423.2
52 74.6 , Est Remaining: 421.7
53 76.0 , Est Remaining: 420.1
54 77.4 , Est Remaining: 418.6
55 78.8 , Est Remaining: 417.2
56 80.3 , Est Remaining: 415.8
57 81.7 , Est Remaining: 414.5
58 83.2 , Est Remaining: 412.9
59 84.6 , Est Remaining: 411.4
60 86.0 , Est Remaining: 409.9
61 87.4 , Est Remaining: 408.4
62 88.8 , Est Remaining: 406.9
63 90.2 , Est Remaining: 405.4
64 91.7 , Est Remaining: 403.9
65 93.1 , Est Remaining: 402.5
66 94.5 , Est Remaining: 401.0
67 96.0 , Est Remaining: 399.7
68 97.4 , Est Remaining: 398.3
69 98.9 , Est Remaining: 396.9
70 100.3 , Est Remaining: 395.4
71 101.7 , Est Remaining: 394.1
72 103.2 , Est Remaining: 392.7
73 104.7 , Est Remaining: 391.4
74 106.1 , Est Remaining: 389.9
75 107.5 , Est Remaining: 388.6
76 109.0 , Est Remaining: 387.1
77 110.4 , Est Remaining: 385.7
78 111.8 , Est Remaining: 384.2
79 113.2 , Est Remaining: 382.7
80 114.7 , Est Remaining: 381.3
81 116.1 , Est Remaining: 379.8
82 117.5 , Est Remaining: 378.4
83 119.0 , Est Remaining: 377.0
84 120.4 , Est Remaining: 375.5
85 121.8 , Est Remaining: 374.0
86 123.2 , Est Remaining: 372.6
87 124.7 , Est Remaining: 371.2
88 126.1 , Est Remaining: 369.8
89 127.5 , Est Remaining: 368.3
90 129.0 , Est Remaining: 366.9
91 130.4 , Est Remaining: 365.5
92 131.9 , Est Remaining: 364.1
93 133.3 , Est Remaining: 362.7
94 134.7 , Est Remaining: 361.2
95 136.2 , Est Remaining: 359.8
96 137.6 , Est Remaining: 358.3
97 139.0 , Est Remaining: 356.8
98 140.4 , Est Remaining: 355.3
99 141.8 , Est Remaining: 353.9
100 143.2 , Est Remaining: 352.4
101 144.6 , Est Remaining: 350.9
102 146.1 , Est Remaining: 349.4
103 147.6 , Est Remaining: 348.1
104 149.0 , Est Remaining: 346.6
105 150.4 , Est Remaining: 345.2
106 151.8 , Est Remaining: 343.7
107 153.2 , Est Remaining: 342.3
108 154.7 , Est Remaining: 340.8
109 156.1 , Est Remaining: 339.4
110 157.6 , Est Remaining: 338.1
111 159.0 , Est Remaining: 336.7
112 160.5 , Est Remaining: 335.3
113 162.0 , Est Remaining: 333.9
114 163.4 , Est Remaining: 332.5
EVENT FAILED
114 163.7 , Est Remaining: 333.1
EVENT FAILED
114 164.0 , Est Remaining: 333.8
115 165.4 , Est Remaining: 332.3
116 166.9 , Est Remaining: 330.8
117 168.3 , Est Remaining: 329.4
118 169.7 , Est Remaining: 327.9
119 171.2 , Est Remaining: 326.5
120 172.6 , Est Remaining: 325.0
121 174.0 , Est Remaining: 323.6
122 175.4 , Est Remaining: 322.1
123 176.9 , Est Remaining: 320.6
124 178.3 , Est Remaining: 319.2
125 179.7 , Est Remaining: 317.8
126 181.2 , Est Remaining: 316.3
127 182.6 , Est Remaining: 314.9
128 184.0 , Est Remaining: 313.4
129 185.5 , Est Remaining: 312.0
130 186.9 , Est Remaining: 310.5
131 188.3 , Est Remaining: 309.1
132 189.8 , Est Remaining: 307.6
133 191.2 , Est Remaining: 306.2
134 192.6 , Est Remaining: 304.7
135 194.0 , Est Remaining: 303.3
136 195.5 , Est Remaining: 301.8
137 196.9 , Est Remaining: 300.4
138 198.4 , Est Remaining: 299.0
139 199.8 , Est Remaining: 297.5
140 201.2 , Est Remaining: 296.1
141 202.6 , Est Remaining: 294.6
142 204.1 , Est Remaining: 293.2
143 205.5 , Est Remaining: 291.7
144 206.9 , Est Remaining: 290.3
145 208.4 , Est Remaining: 288.8
146 209.8 , Est Remaining: 287.4
147 211.2 , Est Remaining: 285.9
148 212.6 , Est Remaining: 284.4
149 214.0 , Est Remaining: 283.0
150 215.5 , Est Remaining: 281.5
EVENT FAILED
150 215.8 , Est Remaining: 281.9
151 217.2 , Est Remaining: 280.5
152 218.6 , Est Remaining: 279.0
153 220.0 , Est Remaining: 277.6
154 221.5 , Est Remaining: 276.1
155 222.9 , Est Remaining: 274.7
156 224.4 , Est Remaining: 273.3
157 225.8 , Est Remaining: 271.8
158 227.3 , Est Remaining: 270.4
159 228.7 , Est Remaining: 269.0
160 230.1 , Est Remaining: 267.5
161 231.5 , Est Remaining: 266.0
162 232.9 , Est Remaining: 264.6
163 234.4 , Est Remaining: 263.1
164 235.8 , Est Remaining: 261.7
165 237.2 , Est Remaining: 260.2
166 238.6 , Est Remaining: 258.7
167 240.0 , Est Remaining: 257.3
168 241.4 , Est Remaining: 255.7
169 242.7 , Est Remaining: 254.2
170 244.1 , Est Remaining: 252.7
171 245.5 , Est Remaining: 251.2
172 246.9 , Est Remaining: 249.7
173 248.2 , Est Remaining: 248.2
174 249.6 , Est Remaining: 246.8
175 251.0 , Est Remaining: 245.3
176 252.4 , Est Remaining: 243.8
177 253.7 , Est Remaining: 242.3
178 255.1 , Est Remaining: 240.8
EVENT FAILED
178 255.4 , Est Remaining: 241.1
179 256.8 , Est Remaining: 239.6
180 258.1 , Est Remaining: 238.1
181 259.5 , Est Remaining: 236.6
182 260.9 , Est Remaining: 235.1
183 262.2 , Est Remaining: 233.6
184 263.6 , Est Remaining: 232.1
185 265.0 , Est Remaining: 230.6
EVENT FAILED
185 265.3 , Est Remaining: 230.8
186 266.6 , Est Remaining: 229.3
187 268.0 , Est Remaining: 227.9
188 269.3 , Est Remaining: 226.4
189 270.7 , Est Remaining: 224.9
EVENT FAILED
189 271.0 , Est Remaining: 225.1
190 272.4 , Est Remaining: 223.6
191 273.7 , Est Remaining: 222.1
192 275.1 , Est Remaining: 220.7
193 276.5 , Est Remaining: 219.2
194 277.9 , Est Remaining: 217.7
195 279.2 , Est Remaining: 216.2
196 280.6 , Est Remaining: 214.7
197 281.9 , Est Remaining: 213.2
198 283.3 , Est Remaining: 211.8
199 284.7 , Est Remaining: 210.3
200 286.1 , Est Remaining: 208.8
201 287.4 , Est Remaining: 207.3
202 288.8 , Est Remaining: 205.9
203 290.3 , Est Remaining: 204.5
204 291.6 , Est Remaining: 203.0
205 293.0 , Est Remaining: 201.5
206 294.3 , Est Remaining: 200.0
207 295.7 , Est Remaining: 198.6
208 297.0 , Est Remaining: 197.1
209 298.4 , Est Remaining: 195.6
210 299.8 , Est Remaining: 194.1
211 301.1 , Est Remaining: 192.7
212 302.5 , Est Remaining: 191.2
213 303.8 , Est Remaining: 189.7
214 305.2 , Est Remaining: 188.2
215 306.5 , Est Remaining: 186.8
216 307.9 , Est Remaining: 185.3
217 309.2 , Est Remaining: 183.8
218 310.6 , Est Remaining: 182.4
219 312.0 , Est Remaining: 180.9
220 313.4 , Est Remaining: 179.5
221 314.7 , Est Remaining: 178.0
222 316.1 , Est Remaining: 176.6
223 317.5 , Est Remaining: 175.1
224 318.8 , Est Remaining: 173.7
225 320.2 , Est Remaining: 172.2
226 321.6 , Est Remaining: 170.7
227 323.0 , Est Remaining: 169.3
228 324.3 , Est Remaining: 167.9
229 325.7 , Est Remaining: 166.4
230 327.1 , Est Remaining: 165.0
231 328.5 , Est Remaining: 163.6
232 329.9 , Est Remaining: 162.1
233 331.3 , Est Remaining: 160.7
234 332.7 , Est Remaining: 159.3
EVENT FAILED
234 333.0 , Est Remaining: 159.4
235 334.4 , Est Remaining: 158.0
236 335.8 , Est Remaining: 156.5
237 337.3 , Est Remaining: 155.1
238 338.7 , Est Remaining: 153.7
239 340.1 , Est Remaining: 152.3
240 341.6 , Est Remaining: 150.9
241 343.0 , Est Remaining: 149.4
242 344.4 , Est Remaining: 148.0
243 345.9 , Est Remaining: 146.6
244 347.3 , Est Remaining: 145.2
245 348.8 , Est Remaining: 143.8
246 350.2 , Est Remaining: 142.4
247 351.7 , Est Remaining: 140.9
248 353.1 , Est Remaining: 139.5
249 354.6 , Est Remaining: 138.1
250 356.0 , Est Remaining: 136.7
251 357.5 , Est Remaining: 135.3
252 358.9 , Est Remaining: 133.9
253 360.4 , Est Remaining: 132.5
254 361.8 , Est Remaining: 131.0
255 363.2 , Est Remaining: 129.6
256 364.6 , Est Remaining: 128.2
257 366.1 , Est Remaining: 126.8
258 367.5 , Est Remaining: 125.4
259 368.9 , Est Remaining: 123.9
260 370.3 , Est Remaining: 122.5
261 371.8 , Est Remaining: 121.1
262 373.2 , Est Remaining: 119.6
263 374.6 , Est Remaining: 118.2
264 376.0 , Est Remaining: 116.8
265 377.4 , Est Remaining: 115.4
266 378.9 , Est Remaining: 113.9
EVENT FAILED
266 379.2 , Est Remaining: 114.0
267 380.6 , Est Remaining: 112.6
268 382.0 , Est Remaining: 111.2
269 383.4 , Est Remaining: 109.8
270 384.8 , Est Remaining: 108.3
271 386.3 , Est Remaining: 106.9
272 387.7 , Est Remaining: 105.5
273 389.1 , Est Remaining: 104.0
EVENT FAILED
273 389.4 , Est Remaining: 104.1
EVENT FAILED
273 389.7 , Est Remaining: 104.2
274 391.2 , Est Remaining: 102.8
275 392.6 , Est Remaining: 101.4
276 394.0 , Est Remaining: 99.9
277 395.4 , Est Remaining: 98.5
278 396.8 , Est Remaining: 97.1
279 398.2 , Est Remaining: 95.6
280 399.6 , Est Remaining: 94.2
281 400.9 , Est Remaining: 92.7
282 402.3 , Est Remaining: 91.3
283 403.7 , Est Remaining: 89.9
284 405.2 , Est Remaining: 88.5
285 406.6 , Est Remaining: 87.0
286 408.0 , Est Remaining: 85.6
287 409.5 , Est Remaining: 84.2
288 410.9 , Est Remaining: 82.8
EVENT FAILED
288 411.2 , Est Remaining: 82.8
289 412.7 , Est Remaining: 81.4
290 414.1 , Est Remaining: 80.0
291 415.5 , Est Remaining: 78.5
292 417.0 , Est Remaining: 77.1
293 418.4 , Est Remaining: 75.7
294 419.9 , Est Remaining: 74.3
295 421.3 , Est Remaining: 72.8
296 422.8 , Est Remaining: 71.4
297 424.3 , Est Remaining: 70.0
298 425.7 , Est Remaining: 68.6
299 427.2 , Est Remaining: 67.1
300 428.6 , Est Remaining: 65.7
301 430.1 , Est Remaining: 64.3
302 431.7 , Est Remaining: 62.9
303 433.2 , Est Remaining: 61.5
304 434.6 , Est Remaining: 60.0
305 436.1 , Est Remaining: 58.6
306 437.5 , Est Remaining: 57.2
307 438.9 , Est Remaining: 55.8
308 440.3 , Est Remaining: 54.3
309 441.8 , Est Remaining: 52.9
310 443.2 , Est Remaining: 51.5
311 444.6 , Est Remaining: 50.0
312 446.0 , Est Remaining: 48.6
313 447.5 , Est Remaining: 47.2
314 448.9 , Est Remaining: 45.7
315 450.3 , Est Remaining: 44.3
316 451.7 , Est Remaining: 42.9
317 453.1 , Est Remaining: 41.5
318 454.5 , Est Remaining: 40.0
319 455.9 , Est Remaining: 38.6
320 457.3 , Est Remaining: 37.2
321 458.6 , Est Remaining: 35.7
322 460.0 , Est Remaining: 34.3
323 461.5 , Est Remaining: 32.9
324 462.8 , Est Remaining: 31.4
325 464.2 , Est Remaining: 30.0
326 465.6 , Est Remaining: 28.6
327 467.0 , Est Remaining: 27.1
328 468.4 , Est Remaining: 25.7
329 469.8 , Est Remaining: 24.3
330 471.1 , Est Remaining: 22.8
331 472.5 , Est Remaining: 21.4
332 473.9 , Est Remaining: 20.0
