Note: NumExpr detected 32 cores but "NUMEXPR_MAX_THREADS" not set, so enforcing safe limit of 8.
Using selector: EpollSelector
/n/home02/jhaefner/miniconda/envs/IC-3.7-2020-06-16/lib/python3.7/site-packages/scipy/optimize/minpack.py:808: OptimizeWarning: Covariance of the parameters could not be estimated
  category=OptimizeWarning)
Total rwfs: 346
0 0.0 , Est Remaining: 999999.9
1 1.4 , Est Remaining: 482.7
2 2.8 , Est Remaining: 479.5
3 4.2 , Est Remaining: 476.2
4 5.5 , Est Remaining: 471.5
5 6.9 , Est Remaining: 468.3
6 8.2 , Est Remaining: 465.0
7 9.5 , Est Remaining: 461.3
8 10.9 , Est Remaining: 460.3
9 12.2 , Est Remaining: 458.3
10 13.6 , Est Remaining: 455.9
11 14.9 , Est Remaining: 453.5
12 16.2 , Est Remaining: 451.7
13 17.6 , Est Remaining: 449.9
14 18.9 , Est Remaining: 448.1
15 20.2 , Est Remaining: 446.4
16 21.6 , Est Remaining: 445.3
17 22.9 , Est Remaining: 443.7
18 24.3 , Est Remaining: 441.9
19 25.6 , Est Remaining: 440.2
20 26.9 , Est Remaining: 438.5
21 28.2 , Est Remaining: 437.1
22 29.6 , Est Remaining: 435.8
23 30.9 , Est Remaining: 434.5
EVENT FAILED
23 31.2 , Est Remaining: 438.7
24 32.6 , Est Remaining: 437.1
25 33.9 , Est Remaining: 435.5
26 35.3 , Est Remaining: 433.9
27 36.6 , Est Remaining: 432.4
28 37.9 , Est Remaining: 430.9
29 39.3 , Est Remaining: 429.5
30 40.6 , Est Remaining: 428.0
31 42.0 , Est Remaining: 426.6
32 43.3 , Est Remaining: 425.1
33 44.7 , Est Remaining: 423.7
EVENT FAILED
33 45.0 , Est Remaining: 426.4
34 46.3 , Est Remaining: 424.8
35 47.6 , Est Remaining: 423.3
36 49.0 , Est Remaining: 421.7
37 50.3 , Est Remaining: 420.4
38 51.7 , Est Remaining: 419.0
39 53.0 , Est Remaining: 417.3
40 54.4 , Est Remaining: 416.1
41 55.8 , Est Remaining: 414.9
42 57.1 , Est Remaining: 413.5
43 58.5 , Est Remaining: 412.1
44 59.8 , Est Remaining: 410.6
45 61.2 , Est Remaining: 409.2
46 62.5 , Est Remaining: 407.6
47 63.9 , Est Remaining: 406.3
48 65.3 , Est Remaining: 405.1
49 66.6 , Est Remaining: 403.8
50 68.0 , Est Remaining: 402.5
51 69.4 , Est Remaining: 401.2
52 70.7 , Est Remaining: 399.8
53 72.1 , Est Remaining: 398.4
54 73.4 , Est Remaining: 396.9
55 74.7 , Est Remaining: 395.4
56 76.1 , Est Remaining: 394.0
57 77.5 , Est Remaining: 392.7
58 78.8 , Est Remaining: 391.4
59 80.2 , Est Remaining: 390.1
60 81.6 , Est Remaining: 388.8
61 82.9 , Est Remaining: 387.4
62 84.3 , Est Remaining: 386.1
63 85.7 , Est Remaining: 384.8
64 87.0 , Est Remaining: 383.3
65 88.4 , Est Remaining: 382.0
66 89.7 , Est Remaining: 380.5
EVENT FAILED
66 90.0 , Est Remaining: 381.8
67 91.3 , Est Remaining: 380.3
68 92.7 , Est Remaining: 379.0
69 94.1 , Est Remaining: 377.6
70 95.4 , Est Remaining: 376.3
71 96.8 , Est Remaining: 374.8
72 98.1 , Est Remaining: 373.4
73 99.4 , Est Remaining: 371.9
74 100.8 , Est Remaining: 370.4
75 102.1 , Est Remaining: 368.9
76 103.4 , Est Remaining: 367.4
77 104.7 , Est Remaining: 365.8
78 106.0 , Est Remaining: 364.3
79 107.4 , Est Remaining: 362.8
80 108.7 , Est Remaining: 361.3
81 110.0 , Est Remaining: 359.8
82 111.3 , Est Remaining: 358.3
83 112.6 , Est Remaining: 356.8
84 113.9 , Est Remaining: 355.3
85 115.2 , Est Remaining: 353.8
86 116.5 , Est Remaining: 352.3
87 117.8 , Est Remaining: 350.8
88 119.1 , Est Remaining: 349.3
89 120.4 , Est Remaining: 347.8
90 121.8 , Est Remaining: 346.3
91 123.1 , Est Remaining: 344.8
92 124.3 , Est Remaining: 343.3
93 125.6 , Est Remaining: 341.8
94 127.0 , Est Remaining: 340.4
95 128.3 , Est Remaining: 338.9
96 129.6 , Est Remaining: 337.4
97 130.9 , Est Remaining: 336.0
98 132.2 , Est Remaining: 334.5
99 133.5 , Est Remaining: 333.1
100 134.9 , Est Remaining: 331.7
101 136.2 , Est Remaining: 330.4
102 137.5 , Est Remaining: 329.0
103 138.9 , Est Remaining: 327.7
104 140.2 , Est Remaining: 326.3
105 141.6 , Est Remaining: 324.9
106 142.9 , Est Remaining: 323.5
107 144.2 , Est Remaining: 322.1
108 145.5 , Est Remaining: 320.7
109 146.8 , Est Remaining: 319.3
110 148.2 , Est Remaining: 317.9
111 149.5 , Est Remaining: 316.5
112 150.8 , Est Remaining: 315.1
113 152.2 , Est Remaining: 313.7
114 153.5 , Est Remaining: 312.3
115 154.7 , Est Remaining: 310.8
116 156.0 , Est Remaining: 309.4
117 157.4 , Est Remaining: 308.0
118 158.7 , Est Remaining: 306.6
119 160.0 , Est Remaining: 305.1
120 161.3 , Est Remaining: 303.7
121 162.6 , Est Remaining: 302.3
122 163.9 , Est Remaining: 300.9
123 165.2 , Est Remaining: 299.5
124 166.5 , Est Remaining: 298.1
125 167.8 , Est Remaining: 296.7
126 169.1 , Est Remaining: 295.3
127 170.5 , Est Remaining: 293.9
128 171.8 , Est Remaining: 292.6
129 173.1 , Est Remaining: 291.2
130 174.4 , Est Remaining: 289.8
131 175.8 , Est Remaining: 288.5
132 177.2 , Est Remaining: 287.2
133 178.5 , Est Remaining: 285.9
134 179.9 , Est Remaining: 284.6
135 181.3 , Est Remaining: 283.3
136 182.7 , Est Remaining: 282.0
137 184.0 , Est Remaining: 280.7
138 185.4 , Est Remaining: 279.4
139 186.7 , Est Remaining: 278.1
140 188.1 , Est Remaining: 276.8
141 189.5 , Est Remaining: 275.5
142 190.8 , Est Remaining: 274.2
143 192.2 , Est Remaining: 272.8
144 193.5 , Est Remaining: 271.4
145 194.8 , Est Remaining: 270.1
146 196.2 , Est Remaining: 268.7
147 197.5 , Est Remaining: 267.4
148 198.9 , Est Remaining: 266.1
149 200.2 , Est Remaining: 264.7
150 201.5 , Est Remaining: 263.3
151 202.9 , Est Remaining: 262.0
152 204.2 , Est Remaining: 260.6
153 205.5 , Est Remaining: 259.3
154 206.9 , Est Remaining: 257.9
155 208.2 , Est Remaining: 256.6
156 209.5 , Est Remaining: 255.2
157 210.9 , Est Remaining: 253.9
158 212.2 , Est Remaining: 252.5
159 213.6 , Est Remaining: 251.2
160 214.9 , Est Remaining: 249.8
161 216.2 , Est Remaining: 248.5
162 217.6 , Est Remaining: 247.1
163 218.9 , Est Remaining: 245.8
EVENT FAILED
163 219.2 , Est Remaining: 246.1
164 220.5 , Est Remaining: 244.7
165 221.8 , Est Remaining: 243.3
166 223.1 , Est Remaining: 242.0
167 224.5 , Est Remaining: 240.6
168 225.8 , Est Remaining: 239.2
169 227.1 , Est Remaining: 237.8
170 228.4 , Est Remaining: 236.5
171 229.7 , Est Remaining: 235.1
172 231.0 , Est Remaining: 233.7
173 232.3 , Est Remaining: 232.3
174 233.7 , Est Remaining: 231.0
175 235.1 , Est Remaining: 229.7
176 236.5 , Est Remaining: 228.4
177 237.9 , Est Remaining: 227.2
178 239.3 , Est Remaining: 225.9
179 240.7 , Est Remaining: 224.6
180 242.1 , Est Remaining: 223.3
181 243.6 , Est Remaining: 222.0
182 244.9 , Est Remaining: 220.7
183 246.4 , Est Remaining: 219.4
EVENT FAILED
183 246.7 , Est Remaining: 219.7
184 248.1 , Est Remaining: 218.4
185 249.5 , Est Remaining: 217.1
186 250.9 , Est Remaining: 215.8
187 252.3 , Est Remaining: 214.5
188 253.7 , Est Remaining: 213.2
189 255.1 , Est Remaining: 211.9
EVENT FAILED
189 255.4 , Est Remaining: 212.2
190 256.8 , Est Remaining: 210.9
191 258.2 , Est Remaining: 209.6
192 259.7 , Est Remaining: 208.3
193 261.1 , Est Remaining: 207.0
194 262.5 , Est Remaining: 205.7
195 264.0 , Est Remaining: 204.4
196 265.4 , Est Remaining: 203.1
197 266.8 , Est Remaining: 201.8
198 268.3 , Est Remaining: 200.5
199 269.7 , Est Remaining: 199.2
200 271.2 , Est Remaining: 198.0
201 272.6 , Est Remaining: 196.7
EVENT FAILED
201 272.9 , Est Remaining: 196.9
202 274.4 , Est Remaining: 195.6
203 275.9 , Est Remaining: 194.4
204 277.4 , Est Remaining: 193.1
205 278.8 , Est Remaining: 191.8
206 280.3 , Est Remaining: 190.5
207 281.7 , Est Remaining: 189.2
EVENT FAILED
207 282.0 , Est Remaining: 189.4
208 283.5 , Est Remaining: 188.1
209 284.9 , Est Remaining: 186.8
210 286.4 , Est Remaining: 185.5
211 287.8 , Est Remaining: 184.2
212 289.3 , Est Remaining: 182.9
213 290.8 , Est Remaining: 181.5
214 292.2 , Est Remaining: 180.2
215 293.6 , Est Remaining: 178.9
216 295.1 , Est Remaining: 177.6
217 296.5 , Est Remaining: 176.3
218 298.0 , Est Remaining: 175.0
219 299.4 , Est Remaining: 173.6
220 300.9 , Est Remaining: 172.3
221 302.4 , Est Remaining: 171.0
222 303.9 , Est Remaining: 169.7
223 305.3 , Est Remaining: 168.4
224 306.8 , Est Remaining: 167.1
225 308.2 , Est Remaining: 165.7
226 309.7 , Est Remaining: 164.4
227 311.1 , Est Remaining: 163.1
228 312.6 , Est Remaining: 161.8
229 314.0 , Est Remaining: 160.4
230 315.5 , Est Remaining: 159.1
231 317.0 , Est Remaining: 157.8
232 318.4 , Est Remaining: 156.5
233 319.9 , Est Remaining: 155.1
234 321.3 , Est Remaining: 153.8
235 322.8 , Est Remaining: 152.5
236 324.2 , Est Remaining: 151.1
237 325.7 , Est Remaining: 149.8
238 327.1 , Est Remaining: 148.5
239 328.6 , Est Remaining: 147.1
240 330.1 , Est Remaining: 145.8
241 331.5 , Est Remaining: 144.4
EVENT FAILED
241 331.8 , Est Remaining: 144.6
242 333.3 , Est Remaining: 143.2
243 334.8 , Est Remaining: 141.9
244 336.3 , Est Remaining: 140.6
245 337.7 , Est Remaining: 139.2
246 339.2 , Est Remaining: 137.9
247 340.6 , Est Remaining: 136.5
248 342.1 , Est Remaining: 135.2
249 343.6 , Est Remaining: 133.8
250 345.1 , Est Remaining: 132.5
251 346.5 , Est Remaining: 131.2
252 348.0 , Est Remaining: 129.8
253 349.5 , Est Remaining: 128.5
254 350.9 , Est Remaining: 127.1
255 352.4 , Est Remaining: 125.8
256 353.9 , Est Remaining: 124.4
257 355.3 , Est Remaining: 123.1
258 356.8 , Est Remaining: 121.7
259 358.3 , Est Remaining: 120.4
260 359.8 , Est Remaining: 119.0
261 361.2 , Est Remaining: 117.6
262 362.7 , Est Remaining: 116.3
263 364.2 , Est Remaining: 114.9
264 365.6 , Est Remaining: 113.6
265 367.1 , Est Remaining: 112.2
266 368.5 , Est Remaining: 110.8
267 370.0 , Est Remaining: 109.5
268 371.4 , Est Remaining: 108.1
269 372.9 , Est Remaining: 106.7
270 374.3 , Est Remaining: 105.4
271 375.8 , Est Remaining: 104.0
272 377.2 , Est Remaining: 102.6
273 378.6 , Est Remaining: 101.2
274 380.1 , Est Remaining: 99.9
275 381.5 , Est Remaining: 98.5
276 382.9 , Est Remaining: 97.1
277 384.3 , Est Remaining: 95.7
278 385.8 , Est Remaining: 94.4
279 387.2 , Est Remaining: 93.0
280 388.7 , Est Remaining: 91.6
281 390.1 , Est Remaining: 90.2
282 391.5 , Est Remaining: 88.9
283 392.9 , Est Remaining: 87.5
284 394.4 , Est Remaining: 86.1
285 395.9 , Est Remaining: 84.7
286 397.3 , Est Remaining: 83.4
287 398.8 , Est Remaining: 82.0
288 400.3 , Est Remaining: 80.6
289 401.8 , Est Remaining: 79.2
290 403.3 , Est Remaining: 77.9
291 404.8 , Est Remaining: 76.5
292 406.2 , Est Remaining: 75.1
293 407.7 , Est Remaining: 73.7
294 409.2 , Est Remaining: 72.4
295 410.7 , Est Remaining: 71.0
296 412.2 , Est Remaining: 69.6
297 413.6 , Est Remaining: 68.2
EVENT FAILED
297 413.9 , Est Remaining: 68.3
298 415.4 , Est Remaining: 66.9
299 416.8 , Est Remaining: 65.5
300 418.3 , Est Remaining: 64.1
301 419.8 , Est Remaining: 62.8
302 421.4 , Est Remaining: 61.4
303 422.8 , Est Remaining: 60.0
304 424.3 , Est Remaining: 58.6
305 425.7 , Est Remaining: 57.2
306 427.2 , Est Remaining: 55.8
307 428.7 , Est Remaining: 54.5
308 430.2 , Est Remaining: 53.1
309 431.6 , Est Remaining: 51.7
310 433.1 , Est Remaining: 50.3
311 434.5 , Est Remaining: 48.9
312 436.0 , Est Remaining: 47.5
313 437.5 , Est Remaining: 46.1
314 439.0 , Est Remaining: 44.7
315 440.4 , Est Remaining: 43.3
316 441.9 , Est Remaining: 42.0
317 443.4 , Est Remaining: 40.6
318 444.9 , Est Remaining: 39.2
319 446.3 , Est Remaining: 37.8
320 447.8 , Est Remaining: 36.4
321 449.3 , Est Remaining: 35.0
322 450.7 , Est Remaining: 33.6
323 452.2 , Est Remaining: 32.2
324 453.7 , Est Remaining: 30.8
EVENT FAILED
324 453.9 , Est Remaining: 30.8
325 455.4 , Est Remaining: 29.4
326 456.9 , Est Remaining: 28.0
327 458.3 , Est Remaining: 26.6
328 459.8 , Est Remaining: 25.2
329 461.2 , Est Remaining: 23.8
330 462.7 , Est Remaining: 22.4
331 464.2 , Est Remaining: 21.0
332 465.6 , Est Remaining: 19.6
EVENT FAILED
332 465.9 , Est Remaining: 19.6
333 467.3 , Est Remaining: 18.2
