Note: NumExpr detected 32 cores but "NUMEXPR_MAX_THREADS" not set, so enforcing safe limit of 8.
Using selector: EpollSelector
/n/home02/jhaefner/miniconda/envs/IC-3.7-2020-06-16/lib/python3.7/site-packages/scipy/optimize/minpack.py:808: OptimizeWarning: Covariance of the parameters could not be estimated
  category=OptimizeWarning)
Total rwfs: 346
0 0.0 , Est Remaining: 999999.9
1 1.4 , Est Remaining: 497.2
2 2.9 , Est Remaining: 496.8
3 4.4 , Est Remaining: 497.8
4 5.8 , Est Remaining: 493.7
5 7.2 , Est Remaining: 490.7
6 8.6 , Est Remaining: 488.3
7 10.0 , Est Remaining: 485.8
8 11.4 , Est Remaining: 483.7
9 12.9 , Est Remaining: 481.7
10 14.3 , Est Remaining: 480.7
11 15.7 , Est Remaining: 479.4
12 17.2 , Est Remaining: 478.3
13 18.6 , Est Remaining: 476.9
14 20.1 , Est Remaining: 475.6
15 21.5 , Est Remaining: 474.1
EVENT FAILED
15 21.8 , Est Remaining: 480.8
16 23.2 , Est Remaining: 478.9
EVENT FAILED
16 23.5 , Est Remaining: 485.2
17 25.0 , Est Remaining: 483.1
18 26.4 , Est Remaining: 481.0
19 27.8 , Est Remaining: 478.9
20 29.3 , Est Remaining: 476.9
EVENT FAILED
20 29.6 , Est Remaining: 482.2
21 31.0 , Est Remaining: 480.0
22 32.4 , Est Remaining: 477.7
23 33.9 , Est Remaining: 475.5
24 35.3 , Est Remaining: 473.4
25 36.7 , Est Remaining: 471.2
26 38.1 , Est Remaining: 469.2
27 39.6 , Est Remaining: 467.5
28 41.0 , Est Remaining: 465.6
29 42.4 , Est Remaining: 463.8
30 43.8 , Est Remaining: 461.8
EVENT FAILED
30 44.2 , Est Remaining: 465.1
31 45.6 , Est Remaining: 463.3
32 47.0 , Est Remaining: 461.5
33 48.4 , Est Remaining: 459.4
34 49.9 , Est Remaining: 457.5
35 51.3 , Est Remaining: 455.7
36 52.7 , Est Remaining: 454.0
37 54.2 , Est Remaining: 452.2
38 55.6 , Est Remaining: 450.3
39 57.0 , Est Remaining: 448.8
EVENT FAILED
39 57.3 , Est Remaining: 451.2
40 58.7 , Est Remaining: 449.4
41 60.2 , Est Remaining: 447.7
42 61.6 , Est Remaining: 445.9
43 63.0 , Est Remaining: 443.9
44 64.4 , Est Remaining: 442.1
45 65.8 , Est Remaining: 440.3
46 67.2 , Est Remaining: 438.4
47 68.7 , Est Remaining: 436.7
48 70.1 , Est Remaining: 434.9
49 71.5 , Est Remaining: 433.3
50 72.9 , Est Remaining: 431.5
51 74.3 , Est Remaining: 429.8
52 75.7 , Est Remaining: 428.1
53 77.1 , Est Remaining: 426.4
54 78.6 , Est Remaining: 424.8
55 80.0 , Est Remaining: 423.2
56 81.4 , Est Remaining: 421.5
57 82.8 , Est Remaining: 419.9
58 84.2 , Est Remaining: 418.2
59 85.7 , Est Remaining: 416.7
60 87.1 , Est Remaining: 415.2
61 88.5 , Est Remaining: 413.6
62 89.9 , Est Remaining: 412.0
63 91.4 , Est Remaining: 410.5
64 92.8 , Est Remaining: 409.0
65 94.3 , Est Remaining: 407.5
66 95.7 , Est Remaining: 406.0
67 97.1 , Est Remaining: 404.5
68 98.6 , Est Remaining: 402.9
69 100.0 , Est Remaining: 401.4
70 101.4 , Est Remaining: 399.9
71 102.9 , Est Remaining: 398.5
72 104.3 , Est Remaining: 397.0
73 105.8 , Est Remaining: 395.6
74 107.2 , Est Remaining: 394.2
75 108.7 , Est Remaining: 392.7
76 110.1 , Est Remaining: 391.3
77 111.6 , Est Remaining: 389.8
78 113.0 , Est Remaining: 388.4
79 114.5 , Est Remaining: 387.0
80 116.0 , Est Remaining: 385.6
81 117.4 , Est Remaining: 384.1
82 118.9 , Est Remaining: 382.7
83 120.3 , Est Remaining: 381.3
84 121.8 , Est Remaining: 379.9
85 123.2 , Est Remaining: 378.4
86 124.7 , Est Remaining: 376.9
87 126.1 , Est Remaining: 375.5
88 127.6 , Est Remaining: 374.0
89 129.0 , Est Remaining: 372.6
90 130.5 , Est Remaining: 371.1
91 131.9 , Est Remaining: 369.7
EVENT FAILED
91 132.2 , Est Remaining: 370.5
92 133.7 , Est Remaining: 369.1
93 135.1 , Est Remaining: 367.6
94 136.6 , Est Remaining: 366.2
95 138.0 , Est Remaining: 364.7
96 139.5 , Est Remaining: 363.3
97 141.0 , Est Remaining: 361.8
98 142.4 , Est Remaining: 360.4
99 143.8 , Est Remaining: 358.9
100 145.3 , Est Remaining: 357.4
101 146.7 , Est Remaining: 356.0
102 148.2 , Est Remaining: 354.5
103 149.7 , Est Remaining: 353.2
104 151.2 , Est Remaining: 351.8
105 152.6 , Est Remaining: 350.3
106 154.1 , Est Remaining: 348.8
107 155.5 , Est Remaining: 347.3
108 156.9 , Est Remaining: 345.8
109 158.3 , Est Remaining: 344.2
110 159.7 , Est Remaining: 342.7
111 161.2 , Est Remaining: 341.2
112 162.6 , Est Remaining: 339.7
113 164.0 , Est Remaining: 338.2
114 165.4 , Est Remaining: 336.7
115 166.9 , Est Remaining: 335.2
116 168.3 , Est Remaining: 333.6
117 169.7 , Est Remaining: 332.1
118 171.1 , Est Remaining: 330.6
119 172.5 , Est Remaining: 329.0
120 173.9 , Est Remaining: 327.5
121 175.3 , Est Remaining: 326.0
122 176.8 , Est Remaining: 324.6
123 178.2 , Est Remaining: 323.1
124 179.7 , Est Remaining: 321.7
125 181.1 , Est Remaining: 320.2
126 182.5 , Est Remaining: 318.7
127 184.0 , Est Remaining: 317.3
128 185.4 , Est Remaining: 315.8
129 186.8 , Est Remaining: 314.3
130 188.3 , Est Remaining: 312.8
131 189.7 , Est Remaining: 311.3
132 191.1 , Est Remaining: 309.8
133 192.6 , Est Remaining: 308.4
134 194.0 , Est Remaining: 306.9
135 195.4 , Est Remaining: 305.5
136 196.9 , Est Remaining: 304.0
137 198.3 , Est Remaining: 302.5
138 199.7 , Est Remaining: 301.0
139 201.1 , Est Remaining: 299.5
140 202.6 , Est Remaining: 298.1
141 204.0 , Est Remaining: 296.7
142 205.5 , Est Remaining: 295.2
143 206.9 , Est Remaining: 293.7
144 208.3 , Est Remaining: 292.2
145 209.8 , Est Remaining: 290.8
146 211.2 , Est Remaining: 289.3
147 212.6 , Est Remaining: 287.8
148 214.0 , Est Remaining: 286.3
149 215.4 , Est Remaining: 284.9
150 216.9 , Est Remaining: 283.4
151 218.3 , Est Remaining: 281.9
152 219.8 , Est Remaining: 280.5
153 221.2 , Est Remaining: 279.0
154 222.7 , Est Remaining: 277.6
155 224.1 , Est Remaining: 276.1
156 225.5 , Est Remaining: 274.7
157 227.0 , Est Remaining: 273.2
158 228.4 , Est Remaining: 271.8
159 229.8 , Est Remaining: 270.3
160 231.3 , Est Remaining: 268.8
161 232.7 , Est Remaining: 267.4
162 234.1 , Est Remaining: 265.9
163 235.5 , Est Remaining: 264.5
164 237.0 , Est Remaining: 263.0
165 238.4 , Est Remaining: 261.5
166 239.8 , Est Remaining: 260.0
167 241.2 , Est Remaining: 258.6
168 242.7 , Est Remaining: 257.2
EVENT FAILED
168 243.0 , Est Remaining: 257.5
169 244.4 , Est Remaining: 256.0
170 245.9 , Est Remaining: 254.5
171 247.3 , Est Remaining: 253.1
172 248.7 , Est Remaining: 251.6
173 250.2 , Est Remaining: 250.2
174 251.6 , Est Remaining: 248.7
175 253.0 , Est Remaining: 247.2
176 254.5 , Est Remaining: 245.8
177 255.9 , Est Remaining: 244.3
178 257.3 , Est Remaining: 242.9
179 258.8 , Est Remaining: 241.4
180 260.2 , Est Remaining: 239.9
181 261.6 , Est Remaining: 238.5
182 263.0 , Est Remaining: 237.0
183 264.5 , Est Remaining: 235.6
184 265.9 , Est Remaining: 234.1
185 267.3 , Est Remaining: 232.6
186 268.8 , Est Remaining: 231.2
187 270.2 , Est Remaining: 229.8
188 271.6 , Est Remaining: 228.3
189 273.1 , Est Remaining: 226.8
190 274.5 , Est Remaining: 225.4
191 275.8 , Est Remaining: 223.8
192 277.2 , Est Remaining: 222.4
193 278.6 , Est Remaining: 220.9
194 280.0 , Est Remaining: 219.4
195 281.5 , Est Remaining: 218.0
196 282.9 , Est Remaining: 216.5
197 284.3 , Est Remaining: 215.0
198 285.7 , Est Remaining: 213.5
199 287.1 , Est Remaining: 212.1
200 288.5 , Est Remaining: 210.6
201 290.0 , Est Remaining: 209.2
202 291.4 , Est Remaining: 207.7
203 293.0 , Est Remaining: 206.4
204 294.4 , Est Remaining: 204.9
205 295.8 , Est Remaining: 203.5
206 297.3 , Est Remaining: 202.0
207 298.7 , Est Remaining: 200.6
208 300.2 , Est Remaining: 199.1
209 301.6 , Est Remaining: 197.7
210 303.1 , Est Remaining: 196.3
211 304.5 , Est Remaining: 194.8
212 306.0 , Est Remaining: 193.4
213 307.4 , Est Remaining: 192.0
214 308.9 , Est Remaining: 190.5
EVENT FAILED
214 309.1 , Est Remaining: 190.7
215 310.6 , Est Remaining: 189.2
216 312.0 , Est Remaining: 187.8
EVENT FAILED
216 312.4 , Est Remaining: 188.0
217 313.8 , Est Remaining: 186.5
218 315.2 , Est Remaining: 185.1
219 316.6 , Est Remaining: 183.6
220 318.1 , Est Remaining: 182.2
221 319.5 , Est Remaining: 180.7
222 320.9 , Est Remaining: 179.3
223 322.4 , Est Remaining: 177.8
224 323.8 , Est Remaining: 176.4
225 325.3 , Est Remaining: 174.9
226 326.7 , Est Remaining: 173.5
227 328.2 , Est Remaining: 172.0
228 329.6 , Est Remaining: 170.6
229 331.1 , Est Remaining: 169.2
230 332.5 , Est Remaining: 167.7
231 334.0 , Est Remaining: 166.3
232 335.4 , Est Remaining: 164.8
233 336.8 , Est Remaining: 163.4
234 338.3 , Est Remaining: 161.9
235 339.7 , Est Remaining: 160.5
236 341.2 , Est Remaining: 159.0
EVENT FAILED
236 341.5 , Est Remaining: 159.2
237 342.9 , Est Remaining: 157.7
238 344.4 , Est Remaining: 156.3
239 345.8 , Est Remaining: 154.8
240 347.2 , Est Remaining: 153.4
241 348.7 , Est Remaining: 151.9
242 350.2 , Est Remaining: 150.5
243 351.6 , Est Remaining: 149.0
244 353.0 , Est Remaining: 147.6
245 354.5 , Est Remaining: 146.1
246 355.9 , Est Remaining: 144.7
247 357.3 , Est Remaining: 143.2
248 358.8 , Est Remaining: 141.8
249 360.2 , Est Remaining: 140.3
250 361.6 , Est Remaining: 138.9
251 363.1 , Est Remaining: 137.4
252 364.5 , Est Remaining: 136.0
253 365.9 , Est Remaining: 134.5
254 367.3 , Est Remaining: 133.0
255 368.7 , Est Remaining: 131.6
256 370.1 , Est Remaining: 130.1
257 371.6 , Est Remaining: 128.7
258 373.0 , Est Remaining: 127.2
259 374.4 , Est Remaining: 125.8
260 375.8 , Est Remaining: 124.3
261 377.2 , Est Remaining: 122.9
262 378.6 , Est Remaining: 121.4
263 380.0 , Est Remaining: 119.9
264 381.5 , Est Remaining: 118.5
265 382.9 , Est Remaining: 117.0
266 384.3 , Est Remaining: 115.6
267 385.7 , Est Remaining: 114.1
268 387.1 , Est Remaining: 112.7
269 388.5 , Est Remaining: 111.2
EVENT FAILED
269 388.8 , Est Remaining: 111.3
270 390.2 , Est Remaining: 109.8
271 391.6 , Est Remaining: 108.4
272 393.0 , Est Remaining: 106.9
273 394.4 , Est Remaining: 105.5
274 395.8 , Est Remaining: 104.0
275 397.2 , Est Remaining: 102.5
276 398.6 , Est Remaining: 101.1
277 400.0 , Est Remaining: 99.6
278 401.4 , Est Remaining: 98.2
279 402.8 , Est Remaining: 96.7
280 404.1 , Est Remaining: 95.3
281 405.5 , Est Remaining: 93.8
282 406.9 , Est Remaining: 92.3
283 408.2 , Est Remaining: 90.9
EVENT FAILED
283 408.5 , Est Remaining: 90.9
284 409.9 , Est Remaining: 89.5
285 411.2 , Est Remaining: 88.0
286 412.6 , Est Remaining: 86.6
287 414.0 , Est Remaining: 85.1
288 415.4 , Est Remaining: 83.7
289 416.7 , Est Remaining: 82.2
290 418.1 , Est Remaining: 80.7
291 419.4 , Est Remaining: 79.3
292 420.8 , Est Remaining: 77.8
293 422.1 , Est Remaining: 76.4
294 423.5 , Est Remaining: 74.9
295 424.8 , Est Remaining: 73.4
296 426.2 , Est Remaining: 72.0
297 427.6 , Est Remaining: 70.5
298 428.9 , Est Remaining: 69.1
299 430.2 , Est Remaining: 67.6
300 431.6 , Est Remaining: 66.2
301 433.0 , Est Remaining: 64.7
302 434.5 , Est Remaining: 63.3
303 435.8 , Est Remaining: 61.8
304 437.1 , Est Remaining: 60.4
305 438.5 , Est Remaining: 58.9
306 439.8 , Est Remaining: 57.5
307 441.2 , Est Remaining: 56.0
308 442.5 , Est Remaining: 54.6
309 443.9 , Est Remaining: 53.1
310 445.2 , Est Remaining: 51.7
311 446.6 , Est Remaining: 50.3
312 447.9 , Est Remaining: 48.8
313 449.3 , Est Remaining: 47.4
314 450.7 , Est Remaining: 45.9
EVENT FAILED
314 451.0 , Est Remaining: 46.0
315 452.3 , Est Remaining: 44.5
316 453.7 , Est Remaining: 43.1
EVENT FAILED
316 454.0 , Est Remaining: 43.1
317 455.3 , Est Remaining: 41.7
318 456.6 , Est Remaining: 40.2
319 458.0 , Est Remaining: 38.8
320 459.3 , Est Remaining: 37.3
321 460.7 , Est Remaining: 35.9
322 462.0 , Est Remaining: 34.4
323 463.4 , Est Remaining: 33.0
324 464.7 , Est Remaining: 31.6
325 466.1 , Est Remaining: 30.1
326 467.4 , Est Remaining: 28.7
327 468.8 , Est Remaining: 27.2
328 470.1 , Est Remaining: 25.8
329 471.4 , Est Remaining: 24.4
330 472.8 , Est Remaining: 22.9
331 474.1 , Est Remaining: 21.5
