Note: NumExpr detected 32 cores but "NUMEXPR_MAX_THREADS" not set, so enforcing safe limit of 8.
Using selector: EpollSelector
/n/home02/jhaefner/miniconda/envs/IC-3.7-2020-06-16/lib/python3.7/site-packages/scipy/optimize/minpack.py:808: OptimizeWarning: Covariance of the parameters could not be estimated
  category=OptimizeWarning)
Total rwfs: 346
0 0.0 , Est Remaining: 999999.9
1 1.4 , Est Remaining: 478.4
2 2.8 , Est Remaining: 475.2
3 4.1 , Est Remaining: 474.0
4 5.5 , Est Remaining: 472.6
5 6.9 , Est Remaining: 468.8
6 8.2 , Est Remaining: 466.0
7 9.6 , Est Remaining: 462.6
8 10.9 , Est Remaining: 460.8
9 12.3 , Est Remaining: 459.3
10 13.6 , Est Remaining: 457.3
11 14.9 , Est Remaining: 454.9
12 16.3 , Est Remaining: 453.1
13 17.6 , Est Remaining: 451.0
14 18.9 , Est Remaining: 449.1
15 20.3 , Est Remaining: 447.0
16 21.6 , Est Remaining: 445.2
17 22.9 , Est Remaining: 443.3
18 24.2 , Est Remaining: 441.4
19 25.5 , Est Remaining: 439.7
20 26.9 , Est Remaining: 438.5
21 28.2 , Est Remaining: 437.1
22 29.5 , Est Remaining: 435.2
23 30.9 , Est Remaining: 433.8
24 32.2 , Est Remaining: 432.2
25 33.6 , Est Remaining: 431.0
26 34.9 , Est Remaining: 429.5
27 36.2 , Est Remaining: 428.0
28 37.6 , Est Remaining: 426.5
29 38.9 , Est Remaining: 425.0
30 40.2 , Est Remaining: 423.5
31 41.6 , Est Remaining: 422.3
32 42.9 , Est Remaining: 420.8
33 44.2 , Est Remaining: 419.3
34 45.5 , Est Remaining: 417.9
35 46.9 , Est Remaining: 416.5
36 48.2 , Est Remaining: 415.0
37 49.5 , Est Remaining: 413.7
38 50.9 , Est Remaining: 412.2
39 52.2 , Est Remaining: 410.9
40 53.6 , Est Remaining: 409.7
41 54.9 , Est Remaining: 408.5
42 56.2 , Est Remaining: 407.1
EVENT FAILED
42 56.5 , Est Remaining: 409.3
43 57.9 , Est Remaining: 407.7
44 59.2 , Est Remaining: 406.3
45 60.5 , Est Remaining: 404.8
46 61.9 , Est Remaining: 403.4
47 63.2 , Est Remaining: 402.1
48 64.5 , Est Remaining: 400.7
49 65.9 , Est Remaining: 399.3
50 67.2 , Est Remaining: 397.8
51 68.5 , Est Remaining: 396.4
52 69.9 , Est Remaining: 394.9
53 71.2 , Est Remaining: 393.6
54 72.5 , Est Remaining: 392.2
55 73.9 , Est Remaining: 390.8
56 75.2 , Est Remaining: 389.4
57 76.5 , Est Remaining: 388.0
58 77.9 , Est Remaining: 386.6
59 79.2 , Est Remaining: 385.2
60 80.5 , Est Remaining: 383.9
61 81.9 , Est Remaining: 382.5
62 83.2 , Est Remaining: 381.1
63 84.5 , Est Remaining: 379.7
64 85.9 , Est Remaining: 378.3
65 87.2 , Est Remaining: 377.0
66 88.5 , Est Remaining: 375.6
67 89.9 , Est Remaining: 374.3
68 91.2 , Est Remaining: 373.0
69 92.6 , Est Remaining: 371.6
70 93.9 , Est Remaining: 370.2
71 95.2 , Est Remaining: 368.8
72 96.6 , Est Remaining: 367.5
73 97.9 , Est Remaining: 366.1
74 99.3 , Est Remaining: 364.9
75 100.6 , Est Remaining: 363.5
76 101.9 , Est Remaining: 362.2
77 103.3 , Est Remaining: 360.8
78 104.6 , Est Remaining: 359.5
79 106.0 , Est Remaining: 358.1
80 107.3 , Est Remaining: 356.8
81 108.6 , Est Remaining: 355.4
82 110.0 , Est Remaining: 354.0
83 111.3 , Est Remaining: 352.7
84 112.6 , Est Remaining: 351.4
85 114.0 , Est Remaining: 350.0
86 115.3 , Est Remaining: 348.7
87 116.7 , Est Remaining: 347.3
88 118.0 , Est Remaining: 346.0
89 119.4 , Est Remaining: 344.7
90 120.7 , Est Remaining: 343.4
91 122.1 , Est Remaining: 342.0
92 123.4 , Est Remaining: 340.7
93 124.7 , Est Remaining: 339.4
94 126.1 , Est Remaining: 338.0
95 127.4 , Est Remaining: 336.7
96 128.8 , Est Remaining: 335.4
97 130.1 , Est Remaining: 333.9
98 131.4 , Est Remaining: 332.6
99 132.8 , Est Remaining: 331.2
100 134.1 , Est Remaining: 329.9
101 135.4 , Est Remaining: 328.5
102 136.8 , Est Remaining: 327.2
EVENT FAILED
102 137.1 , Est Remaining: 327.9
103 138.5 , Est Remaining: 326.7
EVENT FAILED
103 138.8 , Est Remaining: 327.4
104 140.1 , Est Remaining: 326.1
105 141.5 , Est Remaining: 324.7
EVENT FAILED
105 141.7 , Est Remaining: 325.3
106 143.1 , Est Remaining: 324.0
107 144.4 , Est Remaining: 322.6
108 145.8 , Est Remaining: 321.2
109 147.1 , Est Remaining: 319.8
110 148.4 , Est Remaining: 318.4
111 149.8 , Est Remaining: 317.1
112 151.1 , Est Remaining: 315.7
113 152.5 , Est Remaining: 314.4
114 153.8 , Est Remaining: 313.0
115 155.1 , Est Remaining: 311.6
116 156.5 , Est Remaining: 310.3
117 157.9 , Est Remaining: 309.0
118 159.2 , Est Remaining: 307.6
119 160.5 , Est Remaining: 306.3
120 161.9 , Est Remaining: 304.9
121 163.2 , Est Remaining: 303.5
122 164.6 , Est Remaining: 302.1
123 165.9 , Est Remaining: 300.8
124 167.3 , Est Remaining: 299.5
125 168.6 , Est Remaining: 298.1
126 170.0 , Est Remaining: 296.8
EVENT FAILED
126 170.3 , Est Remaining: 297.3
127 171.6 , Est Remaining: 295.9
128 172.9 , Est Remaining: 294.5
129 174.3 , Est Remaining: 293.2
130 175.6 , Est Remaining: 291.8
131 176.9 , Est Remaining: 290.4
132 178.3 , Est Remaining: 289.0
133 179.6 , Est Remaining: 287.7
134 181.0 , Est Remaining: 286.3
135 182.3 , Est Remaining: 284.9
136 183.6 , Est Remaining: 283.6
137 185.0 , Est Remaining: 282.2
138 186.3 , Est Remaining: 280.8
139 187.7 , Est Remaining: 279.5
140 189.0 , Est Remaining: 278.1
141 190.3 , Est Remaining: 276.7
142 191.7 , Est Remaining: 275.4
143 193.0 , Est Remaining: 274.0
144 194.3 , Est Remaining: 272.6
145 195.7 , Est Remaining: 271.2
146 197.0 , Est Remaining: 269.8
147 198.3 , Est Remaining: 268.4
148 199.6 , Est Remaining: 267.1
149 200.9 , Est Remaining: 265.7
150 202.3 , Est Remaining: 264.3
EVENT FAILED
150 202.6 , Est Remaining: 264.7
151 203.9 , Est Remaining: 263.3
152 205.2 , Est Remaining: 261.9
153 206.6 , Est Remaining: 260.6
154 207.9 , Est Remaining: 259.2
155 209.2 , Est Remaining: 257.8
156 210.5 , Est Remaining: 256.4
157 211.8 , Est Remaining: 255.0
158 213.2 , Est Remaining: 253.6
159 214.5 , Est Remaining: 252.3
160 215.8 , Est Remaining: 250.9
161 217.2 , Est Remaining: 249.5
162 218.5 , Est Remaining: 248.2
163 219.8 , Est Remaining: 246.8
164 221.1 , Est Remaining: 245.4
165 222.4 , Est Remaining: 244.0
166 223.8 , Est Remaining: 242.6
167 225.1 , Est Remaining: 241.3
168 226.4 , Est Remaining: 239.9
169 227.7 , Est Remaining: 238.5
170 229.1 , Est Remaining: 237.2
171 230.4 , Est Remaining: 235.8
EVENT FAILED
171 230.7 , Est Remaining: 236.1
172 232.0 , Est Remaining: 234.7
173 233.4 , Est Remaining: 233.4
174 234.7 , Est Remaining: 232.0
175 236.0 , Est Remaining: 230.6
176 237.3 , Est Remaining: 229.3
EVENT FAILED
176 237.6 , Est Remaining: 229.5
177 239.0 , Est Remaining: 228.2
178 240.3 , Est Remaining: 226.8
179 241.6 , Est Remaining: 225.4
180 243.0 , Est Remaining: 224.1
181 244.3 , Est Remaining: 222.7
182 245.6 , Est Remaining: 221.4
183 247.0 , Est Remaining: 220.0
184 248.3 , Est Remaining: 218.6
185 249.7 , Est Remaining: 217.3
186 251.0 , Est Remaining: 215.9
187 252.4 , Est Remaining: 214.6
188 253.7 , Est Remaining: 213.2
189 255.0 , Est Remaining: 211.8
190 256.3 , Est Remaining: 210.5
191 257.7 , Est Remaining: 209.1
192 259.0 , Est Remaining: 207.7
193 260.4 , Est Remaining: 206.4
194 261.7 , Est Remaining: 205.0
195 263.0 , Est Remaining: 203.7
196 264.4 , Est Remaining: 202.3
197 265.7 , Est Remaining: 201.0
198 267.0 , Est Remaining: 199.6
199 268.4 , Est Remaining: 198.2
200 269.7 , Est Remaining: 196.9
201 271.0 , Est Remaining: 195.5
202 272.3 , Est Remaining: 194.1
203 273.8 , Est Remaining: 192.8
204 275.1 , Est Remaining: 191.5
205 276.4 , Est Remaining: 190.1
206 277.8 , Est Remaining: 188.8
207 279.1 , Est Remaining: 187.4
208 280.4 , Est Remaining: 186.0
209 281.7 , Est Remaining: 184.7
210 283.1 , Est Remaining: 183.3
211 284.4 , Est Remaining: 182.0
212 285.7 , Est Remaining: 180.6
213 287.1 , Est Remaining: 179.3
214 288.4 , Est Remaining: 177.9
215 289.7 , Est Remaining: 176.5
216 291.1 , Est Remaining: 175.2
217 292.4 , Est Remaining: 173.8
218 293.7 , Est Remaining: 172.5
219 295.1 , Est Remaining: 171.1
220 296.4 , Est Remaining: 169.8
221 297.8 , Est Remaining: 168.4
222 299.1 , Est Remaining: 167.1
EVENT FAILED
222 299.4 , Est Remaining: 167.2
223 300.7 , Est Remaining: 165.9
224 302.1 , Est Remaining: 164.5
225 303.4 , Est Remaining: 163.2
226 304.7 , Est Remaining: 161.8
227 306.1 , Est Remaining: 160.4
228 307.4 , Est Remaining: 159.1
229 308.7 , Est Remaining: 157.7
230 310.1 , Est Remaining: 156.4
231 311.4 , Est Remaining: 155.0
232 312.7 , Est Remaining: 153.7
233 314.1 , Est Remaining: 152.3
234 315.4 , Est Remaining: 151.0
235 316.8 , Est Remaining: 149.6
236 318.1 , Est Remaining: 148.3
237 319.4 , Est Remaining: 146.9
238 320.8 , Est Remaining: 145.6
239 322.1 , Est Remaining: 144.2
240 323.5 , Est Remaining: 142.9
241 324.8 , Est Remaining: 141.5
242 326.2 , Est Remaining: 140.2
243 327.5 , Est Remaining: 138.8
244 328.8 , Est Remaining: 137.5
245 330.2 , Est Remaining: 136.1
246 331.5 , Est Remaining: 134.8
247 332.9 , Est Remaining: 133.4
248 334.2 , Est Remaining: 132.1
249 335.5 , Est Remaining: 130.7
250 336.9 , Est Remaining: 129.4
251 338.2 , Est Remaining: 128.0
252 339.5 , Est Remaining: 126.7
253 340.9 , Est Remaining: 125.3
254 342.2 , Est Remaining: 123.9
255 343.5 , Est Remaining: 122.6
EVENT FAILED
255 343.8 , Est Remaining: 122.7
256 345.2 , Est Remaining: 121.4
257 346.5 , Est Remaining: 120.0
258 347.9 , Est Remaining: 118.6
EVENT FAILED
258 348.2 , Est Remaining: 118.7
259 349.5 , Est Remaining: 117.4
260 350.8 , Est Remaining: 116.0
261 352.2 , Est Remaining: 114.7
262 353.5 , Est Remaining: 113.3
263 354.9 , Est Remaining: 112.0
264 356.2 , Est Remaining: 110.6
265 357.5 , Est Remaining: 109.3
266 358.9 , Est Remaining: 107.9
267 360.2 , Est Remaining: 106.6
268 361.5 , Est Remaining: 105.2
269 362.9 , Est Remaining: 103.9
270 364.2 , Est Remaining: 102.5
271 365.5 , Est Remaining: 101.2
272 366.9 , Est Remaining: 99.8
273 368.2 , Est Remaining: 98.5
274 369.6 , Est Remaining: 97.1
275 370.9 , Est Remaining: 95.8
276 372.3 , Est Remaining: 94.4
277 373.6 , Est Remaining: 93.1
278 374.9 , Est Remaining: 91.7
279 376.3 , Est Remaining: 90.4
280 377.6 , Est Remaining: 89.0
281 379.0 , Est Remaining: 87.7
282 380.3 , Est Remaining: 86.3
283 381.7 , Est Remaining: 85.0
284 383.0 , Est Remaining: 83.6
285 384.3 , Est Remaining: 82.3
286 385.7 , Est Remaining: 80.9
287 387.0 , Est Remaining: 79.6
288 388.3 , Est Remaining: 78.2
289 389.7 , Est Remaining: 76.9
290 391.0 , Est Remaining: 75.5
291 392.3 , Est Remaining: 74.2
292 393.7 , Est Remaining: 72.8
293 395.0 , Est Remaining: 71.5
294 396.3 , Est Remaining: 70.1
295 397.7 , Est Remaining: 68.8
296 399.0 , Est Remaining: 67.4
297 400.4 , Est Remaining: 66.1
298 401.7 , Est Remaining: 64.7
299 403.0 , Est Remaining: 63.3
300 404.3 , Est Remaining: 62.0
301 405.7 , Est Remaining: 60.6
302 407.1 , Est Remaining: 59.3
303 408.5 , Est Remaining: 58.0
304 409.8 , Est Remaining: 56.6
305 411.1 , Est Remaining: 55.3
306 412.4 , Est Remaining: 53.9
307 413.8 , Est Remaining: 52.6
308 415.1 , Est Remaining: 51.2
309 416.4 , Est Remaining: 49.9
310 417.7 , Est Remaining: 48.5
311 419.1 , Est Remaining: 47.2
312 420.4 , Est Remaining: 45.8
313 421.7 , Est Remaining: 44.5
314 422.9 , Est Remaining: 43.1
315 424.2 , Est Remaining: 41.7
316 425.5 , Est Remaining: 40.4
317 426.9 , Est Remaining: 39.1
318 428.2 , Est Remaining: 37.7
319 429.5 , Est Remaining: 36.4
320 430.8 , Est Remaining: 35.0
321 432.1 , Est Remaining: 33.7
322 433.4 , Est Remaining: 32.3
323 434.7 , Est Remaining: 31.0
324 435.9 , Est Remaining: 29.6
325 437.2 , Est Remaining: 28.3
326 438.5 , Est Remaining: 26.9
327 439.8 , Est Remaining: 25.6
328 441.1 , Est Remaining: 24.2
329 442.4 , Est Remaining: 22.9
330 443.6 , Est Remaining: 21.5
331 444.9 , Est Remaining: 20.2
332 446.2 , Est Remaining: 18.8
333 447.4 , Est Remaining: 17.5
334 448.7 , Est Remaining: 16.1
