Note: NumExpr detected 32 cores but "NUMEXPR_MAX_THREADS" not set, so enforcing safe limit of 8.
Using selector: EpollSelector
/n/home02/jhaefner/miniconda/envs/IC-3.7-2020-06-16/lib/python3.7/site-packages/scipy/optimize/minpack.py:808: OptimizeWarning: Covariance of the parameters could not be estimated
  category=OptimizeWarning)
Total rwfs: 346
0 0.0 , Est Remaining: 999999.9
1 1.3 , Est Remaining: 461.3
2 2.7 , Est Remaining: 459.0
3 4.0 , Est Remaining: 460.6
4 5.4 , Est Remaining: 457.9
5 6.7 , Est Remaining: 455.9
6 8.0 , Est Remaining: 455.9
7 9.4 , Est Remaining: 454.9
8 10.7 , Est Remaining: 453.7
9 12.1 , Est Remaining: 452.4
EVENT FAILED
9 12.4 , Est Remaining: 463.7
10 13.7 , Est Remaining: 460.9
11 15.0 , Est Remaining: 458.3
12 16.4 , Est Remaining: 456.4
13 17.8 , Est Remaining: 454.8
14 19.1 , Est Remaining: 452.8
15 20.4 , Est Remaining: 450.6
16 21.8 , Est Remaining: 448.7
17 23.1 , Est Remaining: 447.2
18 24.4 , Est Remaining: 445.4
19 25.8 , Est Remaining: 443.9
20 27.1 , Est Remaining: 442.3
21 28.5 , Est Remaining: 440.7
22 29.8 , Est Remaining: 439.2
EVENT FAILED
22 30.1 , Est Remaining: 443.9
23 31.5 , Est Remaining: 441.9
24 32.8 , Est Remaining: 439.8
25 34.1 , Est Remaining: 437.9
26 35.4 , Est Remaining: 436.2
27 36.8 , Est Remaining: 434.5
28 38.1 , Est Remaining: 432.2
29 39.4 , Est Remaining: 430.6
30 40.7 , Est Remaining: 429.2
31 42.1 , Est Remaining: 427.8
32 43.4 , Est Remaining: 426.3
33 44.8 , Est Remaining: 424.8
34 46.1 , Est Remaining: 423.3
35 47.5 , Est Remaining: 421.7
36 48.8 , Est Remaining: 420.2
37 50.1 , Est Remaining: 418.8
38 51.5 , Est Remaining: 417.4
39 52.9 , Est Remaining: 416.2
40 54.2 , Est Remaining: 414.7
41 55.6 , Est Remaining: 413.3
42 56.9 , Est Remaining: 411.9
43 58.2 , Est Remaining: 410.4
44 59.6 , Est Remaining: 408.9
45 60.9 , Est Remaining: 407.5
46 62.3 , Est Remaining: 406.1
47 63.6 , Est Remaining: 404.7
48 65.0 , Est Remaining: 403.3
49 66.3 , Est Remaining: 401.8
50 67.6 , Est Remaining: 400.5
51 69.0 , Est Remaining: 399.0
52 70.3 , Est Remaining: 397.6
53 71.7 , Est Remaining: 396.2
54 73.0 , Est Remaining: 394.9
55 74.4 , Est Remaining: 393.5
56 75.7 , Est Remaining: 392.1
57 76.9 , Est Remaining: 390.1
58 78.3 , Est Remaining: 388.8
59 79.6 , Est Remaining: 387.3
60 81.0 , Est Remaining: 386.0
61 82.3 , Est Remaining: 384.7
62 83.7 , Est Remaining: 383.3
63 85.1 , Est Remaining: 382.1
64 86.4 , Est Remaining: 380.6
65 87.7 , Est Remaining: 379.3
66 89.1 , Est Remaining: 378.0
67 90.5 , Est Remaining: 376.7
68 91.8 , Est Remaining: 375.4
69 93.2 , Est Remaining: 374.1
70 94.5 , Est Remaining: 372.8
71 95.9 , Est Remaining: 371.5
72 97.3 , Est Remaining: 370.1
73 98.6 , Est Remaining: 368.8
74 100.0 , Est Remaining: 367.5
75 101.3 , Est Remaining: 366.1
76 102.7 , Est Remaining: 364.7
77 104.0 , Est Remaining: 363.4
78 105.4 , Est Remaining: 362.0
79 106.7 , Est Remaining: 360.7
80 108.1 , Est Remaining: 359.4
81 109.4 , Est Remaining: 358.1
82 110.8 , Est Remaining: 356.7
83 112.1 , Est Remaining: 355.4
84 113.5 , Est Remaining: 354.0
85 114.8 , Est Remaining: 352.6
86 116.2 , Est Remaining: 351.3
87 117.6 , Est Remaining: 350.0
88 118.9 , Est Remaining: 348.6
89 120.3 , Est Remaining: 347.3
90 121.6 , Est Remaining: 345.9
EVENT FAILED
90 121.9 , Est Remaining: 346.8
91 123.3 , Est Remaining: 345.4
92 124.6 , Est Remaining: 344.0
93 125.9 , Est Remaining: 342.6
94 127.3 , Est Remaining: 341.2
95 128.6 , Est Remaining: 339.9
96 130.0 , Est Remaining: 338.5
97 131.3 , Est Remaining: 337.1
98 132.7 , Est Remaining: 335.7
99 134.0 , Est Remaining: 334.4
100 135.4 , Est Remaining: 333.0
101 136.7 , Est Remaining: 331.7
102 138.1 , Est Remaining: 330.3
103 139.5 , Est Remaining: 329.1
104 140.8 , Est Remaining: 327.7
105 142.2 , Est Remaining: 326.3
106 143.5 , Est Remaining: 325.0
107 144.9 , Est Remaining: 323.6
108 146.2 , Est Remaining: 322.2
109 147.6 , Est Remaining: 320.8
110 148.9 , Est Remaining: 319.5
111 150.2 , Est Remaining: 318.1
112 151.6 , Est Remaining: 316.7
113 152.9 , Est Remaining: 315.3
114 154.3 , Est Remaining: 314.0
115 155.6 , Est Remaining: 312.6
116 156.9 , Est Remaining: 311.2
117 158.3 , Est Remaining: 309.8
118 159.6 , Est Remaining: 308.4
119 160.9 , Est Remaining: 307.0
120 162.2 , Est Remaining: 305.5
121 163.6 , Est Remaining: 304.1
122 164.9 , Est Remaining: 302.7
123 166.2 , Est Remaining: 301.3
124 167.5 , Est Remaining: 299.9
125 168.8 , Est Remaining: 298.5
126 170.1 , Est Remaining: 297.1
127 171.5 , Est Remaining: 295.7
128 172.8 , Est Remaining: 294.3
129 174.1 , Est Remaining: 292.9
130 175.3 , Est Remaining: 291.3
131 176.7 , Est Remaining: 290.0
132 178.0 , Est Remaining: 288.6
133 179.4 , Est Remaining: 287.3
134 180.7 , Est Remaining: 285.9
135 182.0 , Est Remaining: 284.5
136 183.4 , Est Remaining: 283.1
137 184.7 , Est Remaining: 281.8
138 186.1 , Est Remaining: 280.4
139 187.4 , Est Remaining: 279.1
140 188.7 , Est Remaining: 277.7
141 190.1 , Est Remaining: 276.4
142 191.4 , Est Remaining: 275.0
143 192.8 , Est Remaining: 273.7
144 194.1 , Est Remaining: 272.3
145 195.5 , Est Remaining: 271.0
146 196.8 , Est Remaining: 269.6
147 198.2 , Est Remaining: 268.3
148 199.6 , Est Remaining: 267.0
149 200.9 , Est Remaining: 265.6
150 202.3 , Est Remaining: 264.3
151 203.6 , Est Remaining: 262.9
152 205.0 , Est Remaining: 261.6
153 206.3 , Est Remaining: 260.2
154 207.7 , Est Remaining: 258.9
EVENT FAILED
154 208.0 , Est Remaining: 259.3
155 209.3 , Est Remaining: 257.9
156 210.6 , Est Remaining: 256.5
157 212.0 , Est Remaining: 255.2
158 213.3 , Est Remaining: 253.8
159 214.7 , Est Remaining: 252.5
160 216.0 , Est Remaining: 251.1
161 217.3 , Est Remaining: 249.7
162 218.7 , Est Remaining: 248.4
163 220.0 , Est Remaining: 247.0
164 221.3 , Est Remaining: 245.6
165 222.7 , Est Remaining: 244.3
166 224.0 , Est Remaining: 242.9
167 225.3 , Est Remaining: 241.5
168 226.7 , Est Remaining: 240.2
169 228.1 , Est Remaining: 238.9
170 229.4 , Est Remaining: 237.5
171 230.7 , Est Remaining: 236.1
172 232.1 , Est Remaining: 234.8
173 233.4 , Est Remaining: 233.4
174 234.8 , Est Remaining: 232.1
175 236.1 , Est Remaining: 230.7
176 237.5 , Est Remaining: 229.4
177 238.8 , Est Remaining: 228.0
178 240.2 , Est Remaining: 226.7
179 241.5 , Est Remaining: 225.3
180 242.9 , Est Remaining: 224.0
181 244.2 , Est Remaining: 222.6
182 245.5 , Est Remaining: 221.3
183 246.9 , Est Remaining: 219.9
184 248.2 , Est Remaining: 218.5
185 249.6 , Est Remaining: 217.2
186 250.9 , Est Remaining: 215.8
187 252.2 , Est Remaining: 214.5
188 253.6 , Est Remaining: 213.1
189 254.8 , Est Remaining: 211.7
190 256.1 , Est Remaining: 210.3
191 257.5 , Est Remaining: 208.9
192 258.8 , Est Remaining: 207.6
193 260.2 , Est Remaining: 206.2
194 261.5 , Est Remaining: 204.9
195 262.8 , Est Remaining: 203.5
EVENT FAILED
195 263.1 , Est Remaining: 203.8
196 264.5 , Est Remaining: 202.4
197 265.8 , Est Remaining: 201.1
198 267.2 , Est Remaining: 199.7
199 268.6 , Est Remaining: 198.4
200 269.9 , Est Remaining: 197.0
201 271.2 , Est Remaining: 195.7
202 272.6 , Est Remaining: 194.3
203 274.0 , Est Remaining: 193.0
204 275.4 , Est Remaining: 191.7
205 276.7 , Est Remaining: 190.3
206 278.1 , Est Remaining: 189.0
207 279.4 , Est Remaining: 187.6
208 280.8 , Est Remaining: 186.3
209 282.1 , Est Remaining: 184.9
210 283.5 , Est Remaining: 183.6
211 284.8 , Est Remaining: 182.2
212 286.2 , Est Remaining: 180.9
213 287.6 , Est Remaining: 179.6
214 288.9 , Est Remaining: 178.2
215 290.3 , Est Remaining: 176.9
216 291.6 , Est Remaining: 175.5
217 293.0 , Est Remaining: 174.2
218 294.3 , Est Remaining: 172.8
219 295.7 , Est Remaining: 171.5
220 297.0 , Est Remaining: 170.1
221 298.4 , Est Remaining: 168.8
222 299.7 , Est Remaining: 167.4
223 301.0 , Est Remaining: 166.0
224 302.4 , Est Remaining: 164.7
225 303.7 , Est Remaining: 163.3
226 305.1 , Est Remaining: 162.0
227 306.4 , Est Remaining: 160.6
228 307.8 , Est Remaining: 159.3
229 309.1 , Est Remaining: 157.9
230 310.4 , Est Remaining: 156.6
231 311.8 , Est Remaining: 155.2
232 313.1 , Est Remaining: 153.9
233 314.5 , Est Remaining: 152.5
234 315.8 , Est Remaining: 151.2
235 317.2 , Est Remaining: 149.8
236 318.5 , Est Remaining: 148.4
237 319.8 , Est Remaining: 147.1
238 321.1 , Est Remaining: 145.7
239 322.5 , Est Remaining: 144.4
240 323.8 , Est Remaining: 143.0
241 325.2 , Est Remaining: 141.7
242 326.5 , Est Remaining: 140.3
243 327.9 , Est Remaining: 139.0
244 329.2 , Est Remaining: 137.6
245 330.5 , Est Remaining: 136.3
246 331.9 , Est Remaining: 134.9
247 333.2 , Est Remaining: 133.6
248 334.5 , Est Remaining: 132.2
EVENT FAILED
248 334.8 , Est Remaining: 132.3
249 336.2 , Est Remaining: 131.0
250 337.5 , Est Remaining: 129.6
251 338.9 , Est Remaining: 128.3
252 340.2 , Est Remaining: 126.9
253 341.5 , Est Remaining: 125.5
254 342.9 , Est Remaining: 124.2
255 344.2 , Est Remaining: 122.8
256 345.4 , Est Remaining: 121.4
257 346.8 , Est Remaining: 120.1
258 348.1 , Est Remaining: 118.7
259 349.4 , Est Remaining: 117.4
260 350.7 , Est Remaining: 116.0
261 352.1 , Est Remaining: 114.7
262 353.4 , Est Remaining: 113.3
263 354.7 , Est Remaining: 111.9
264 356.0 , Est Remaining: 110.6
265 357.3 , Est Remaining: 109.2
266 358.7 , Est Remaining: 107.9
267 360.0 , Est Remaining: 106.5
EVENT FAILED
267 360.3 , Est Remaining: 106.6
268 361.6 , Est Remaining: 105.2
269 362.9 , Est Remaining: 103.9
270 364.3 , Est Remaining: 102.5
271 365.6 , Est Remaining: 101.2
272 366.9 , Est Remaining: 99.8
273 368.2 , Est Remaining: 98.5
274 369.6 , Est Remaining: 97.1
275 370.9 , Est Remaining: 95.8
EVENT FAILED
275 371.2 , Est Remaining: 95.8
276 372.6 , Est Remaining: 94.5
277 374.0 , Est Remaining: 93.2
278 375.3 , Est Remaining: 91.8
279 376.7 , Est Remaining: 90.5
280 378.0 , Est Remaining: 89.1
281 379.4 , Est Remaining: 87.8
282 380.7 , Est Remaining: 86.4
283 382.1 , Est Remaining: 85.1
284 383.5 , Est Remaining: 83.7
285 384.8 , Est Remaining: 82.4
286 386.2 , Est Remaining: 81.0
287 387.5 , Est Remaining: 79.7
288 388.9 , Est Remaining: 78.3
289 390.3 , Est Remaining: 77.0
EVENT FAILED
289 390.6 , Est Remaining: 77.0
290 391.9 , Est Remaining: 75.7
291 393.3 , Est Remaining: 74.3
292 394.6 , Est Remaining: 73.0
293 396.0 , Est Remaining: 71.6
294 397.3 , Est Remaining: 70.3
295 398.6 , Est Remaining: 68.9
296 400.0 , Est Remaining: 67.6
297 401.3 , Est Remaining: 66.2
298 402.7 , Est Remaining: 64.9
299 404.0 , Est Remaining: 63.5
300 405.4 , Est Remaining: 62.2
301 406.8 , Est Remaining: 60.8
302 408.2 , Est Remaining: 59.5
303 409.6 , Est Remaining: 58.1
304 410.9 , Est Remaining: 56.8
305 412.3 , Est Remaining: 55.4
EVENT FAILED
305 412.6 , Est Remaining: 55.5
306 413.9 , Est Remaining: 54.1
307 415.2 , Est Remaining: 52.7
308 416.6 , Est Remaining: 51.4
309 417.9 , Est Remaining: 50.0
310 419.2 , Est Remaining: 48.7
311 420.5 , Est Remaining: 47.3
312 421.9 , Est Remaining: 46.0
313 423.2 , Est Remaining: 44.6
314 424.6 , Est Remaining: 43.3
315 425.9 , Est Remaining: 41.9
316 427.3 , Est Remaining: 40.6
317 428.6 , Est Remaining: 39.2
318 429.9 , Est Remaining: 37.9
319 431.3 , Est Remaining: 36.5
320 432.6 , Est Remaining: 35.2
321 434.0 , Est Remaining: 33.8
322 435.3 , Est Remaining: 32.4
323 436.7 , Est Remaining: 31.1
324 438.0 , Est Remaining: 29.7
325 439.3 , Est Remaining: 28.4
326 440.7 , Est Remaining: 27.0
327 442.0 , Est Remaining: 25.7
328 443.3 , Est Remaining: 24.3
329 444.7 , Est Remaining: 23.0
330 446.0 , Est Remaining: 21.6
331 447.4 , Est Remaining: 20.3
332 448.7 , Est Remaining: 18.9
333 450.1 , Est Remaining: 17.6
334 451.4 , Est Remaining: 16.2
335 452.7 , Est Remaining: 14.9
