Note: NumExpr detected 32 cores but "NUMEXPR_MAX_THREADS" not set, so enforcing safe limit of 8.
Using selector: EpollSelector
/n/home02/jhaefner/miniconda/envs/IC-3.7-2020-06-16/lib/python3.7/site-packages/scipy/optimize/minpack.py:808: OptimizeWarning: Covariance of the parameters could not be estimated
  category=OptimizeWarning)
Total rwfs: 346
0 0.0 , Est Remaining: 999999.9
1 1.5 , Est Remaining: 502.8
2 2.9 , Est Remaining: 505.5
3 4.5 , Est Remaining: 511.8
4 6.0 , Est Remaining: 511.6
5 7.5 , Est Remaining: 510.8
6 9.0 , Est Remaining: 509.2
7 10.5 , Est Remaining: 507.3
8 12.0 , Est Remaining: 505.1
EVENT FAILED
8 12.3 , Est Remaining: 518.3
9 13.7 , Est Remaining: 514.1
10 15.2 , Est Remaining: 510.8
11 16.7 , Est Remaining: 507.9
12 18.2 , Est Remaining: 505.3
13 19.6 , Est Remaining: 502.6
14 21.1 , Est Remaining: 500.2
15 22.6 , Est Remaining: 497.7
16 24.0 , Est Remaining: 495.2
17 25.5 , Est Remaining: 492.8
18 27.0 , Est Remaining: 491.2
19 28.4 , Est Remaining: 489.0
20 29.9 , Est Remaining: 486.9
21 31.3 , Est Remaining: 485.1
22 32.8 , Est Remaining: 483.3
23 34.3 , Est Remaining: 481.3
24 35.8 , Est Remaining: 479.7
25 37.2 , Est Remaining: 478.0
26 38.7 , Est Remaining: 476.0
27 40.2 , Est Remaining: 474.4
28 41.6 , Est Remaining: 472.9
29 43.1 , Est Remaining: 471.3
30 44.6 , Est Remaining: 469.4
31 46.0 , Est Remaining: 467.7
32 47.5 , Est Remaining: 466.0
33 48.9 , Est Remaining: 464.3
34 50.4 , Est Remaining: 462.7
35 51.9 , Est Remaining: 461.0
36 53.4 , Est Remaining: 459.5
37 54.8 , Est Remaining: 457.8
38 56.3 , Est Remaining: 456.1
39 57.7 , Est Remaining: 454.4
40 59.2 , Est Remaining: 452.9
41 60.6 , Est Remaining: 451.2
42 62.1 , Est Remaining: 449.4
43 63.5 , Est Remaining: 447.8
44 65.0 , Est Remaining: 446.2
EVENT FAILED
44 65.3 , Est Remaining: 448.3
45 66.8 , Est Remaining: 446.5
46 68.2 , Est Remaining: 444.9
47 69.7 , Est Remaining: 443.3
48 71.1 , Est Remaining: 441.7
49 72.6 , Est Remaining: 440.1
50 74.1 , Est Remaining: 438.6
51 75.6 , Est Remaining: 437.1
52 77.0 , Est Remaining: 435.5
53 78.5 , Est Remaining: 434.0
54 80.0 , Est Remaining: 432.4
55 81.4 , Est Remaining: 430.9
56 82.9 , Est Remaining: 429.3
EVENT FAILED
56 83.2 , Est Remaining: 430.9
57 84.7 , Est Remaining: 429.5
58 86.2 , Est Remaining: 427.8
59 87.6 , Est Remaining: 426.2
60 89.1 , Est Remaining: 424.5
EVENT FAILED
60 89.4 , Est Remaining: 426.0
61 90.8 , Est Remaining: 424.3
EVENT FAILED
61 91.2 , Est Remaining: 426.0
62 92.6 , Est Remaining: 424.2
EVENT FAILED
62 92.9 , Est Remaining: 425.7
63 94.4 , Est Remaining: 423.9
64 95.8 , Est Remaining: 422.3
65 97.3 , Est Remaining: 420.5
66 98.7 , Est Remaining: 418.7
67 100.2 , Est Remaining: 417.1
68 101.6 , Est Remaining: 415.4
69 103.1 , Est Remaining: 413.7
70 104.6 , Est Remaining: 412.2
71 106.0 , Est Remaining: 410.6
72 107.4 , Est Remaining: 408.9
73 108.9 , Est Remaining: 407.2
74 110.3 , Est Remaining: 405.5
75 111.8 , Est Remaining: 404.0
76 113.3 , Est Remaining: 402.4
77 114.7 , Est Remaining: 400.7
78 116.2 , Est Remaining: 399.2
EVENT FAILED
78 116.5 , Est Remaining: 400.2
79 118.0 , Est Remaining: 398.6
80 119.4 , Est Remaining: 397.1
81 120.9 , Est Remaining: 395.5
82 122.4 , Est Remaining: 393.9
83 123.8 , Est Remaining: 392.3
84 125.3 , Est Remaining: 390.7
85 126.7 , Est Remaining: 389.1
86 128.2 , Est Remaining: 387.4
87 129.6 , Est Remaining: 385.9
88 131.0 , Est Remaining: 384.2
89 132.5 , Est Remaining: 382.6
90 134.0 , Est Remaining: 381.0
91 135.4 , Est Remaining: 379.4
92 136.8 , Est Remaining: 377.8
93 138.3 , Est Remaining: 376.2
94 139.7 , Est Remaining: 374.6
95 141.2 , Est Remaining: 373.0
96 142.6 , Est Remaining: 371.4
97 144.0 , Est Remaining: 369.8
98 145.5 , Est Remaining: 368.1
99 146.9 , Est Remaining: 366.6
100 148.4 , Est Remaining: 365.0
101 149.8 , Est Remaining: 363.5
102 151.3 , Est Remaining: 361.9
EVENT FAILED
102 151.6 , Est Remaining: 362.7
103 153.1 , Est Remaining: 361.3
104 154.6 , Est Remaining: 359.7
105 156.1 , Est Remaining: 358.2
EVENT FAILED
105 156.4 , Est Remaining: 358.9
106 157.8 , Est Remaining: 357.3
107 159.3 , Est Remaining: 355.8
108 160.7 , Est Remaining: 354.2
109 162.2 , Est Remaining: 352.6
110 163.7 , Est Remaining: 351.1
111 165.1 , Est Remaining: 349.5
112 166.5 , Est Remaining: 348.0
113 168.0 , Est Remaining: 346.4
114 169.5 , Est Remaining: 344.9
115 170.9 , Est Remaining: 343.4
116 172.4 , Est Remaining: 341.8
117 173.9 , Est Remaining: 340.3
118 175.3 , Est Remaining: 338.8
119 176.8 , Est Remaining: 337.2
120 178.2 , Est Remaining: 335.7
121 179.7 , Est Remaining: 334.2
122 181.1 , Est Remaining: 332.6
123 182.6 , Est Remaining: 331.1
124 184.1 , Est Remaining: 329.5
125 185.5 , Est Remaining: 328.0
126 186.9 , Est Remaining: 326.4
127 188.3 , Est Remaining: 324.8
128 189.8 , Est Remaining: 323.2
129 191.2 , Est Remaining: 321.6
130 192.6 , Est Remaining: 320.0
131 194.0 , Est Remaining: 318.4
132 195.4 , Est Remaining: 316.8
133 196.8 , Est Remaining: 315.2
134 198.2 , Est Remaining: 313.6
135 199.6 , Est Remaining: 312.0
136 201.0 , Est Remaining: 310.4
137 202.4 , Est Remaining: 308.8
138 203.8 , Est Remaining: 307.2
139 205.2 , Est Remaining: 305.6
140 206.6 , Est Remaining: 304.0
EVENT FAILED
140 206.9 , Est Remaining: 304.4
141 208.3 , Est Remaining: 302.9
142 209.7 , Est Remaining: 301.2
143 211.1 , Est Remaining: 299.6
144 212.5 , Est Remaining: 298.0
145 213.9 , Est Remaining: 296.4
146 215.2 , Est Remaining: 294.9
147 216.6 , Est Remaining: 293.2
148 218.0 , Est Remaining: 291.7
149 219.4 , Est Remaining: 290.1
150 220.8 , Est Remaining: 288.5
151 222.2 , Est Remaining: 286.9
152 223.6 , Est Remaining: 285.3
153 225.0 , Est Remaining: 283.8
154 226.3 , Est Remaining: 282.2
155 227.7 , Est Remaining: 280.6
156 229.1 , Est Remaining: 279.1
157 230.5 , Est Remaining: 277.5
EVENT FAILED
157 230.8 , Est Remaining: 277.9
158 232.2 , Est Remaining: 276.3
159 233.6 , Est Remaining: 274.7
160 235.0 , Est Remaining: 273.2
161 236.4 , Est Remaining: 271.6
162 237.8 , Est Remaining: 270.1
163 239.2 , Est Remaining: 268.5
164 240.6 , Est Remaining: 267.0
165 242.0 , Est Remaining: 265.4
166 243.4 , Est Remaining: 263.9
167 244.8 , Est Remaining: 262.3
168 246.2 , Est Remaining: 260.8
169 247.6 , Est Remaining: 259.3
170 249.0 , Est Remaining: 257.7
171 250.4 , Est Remaining: 256.2
EVENT FAILED
171 250.6 , Est Remaining: 256.5
172 252.1 , Est Remaining: 255.0
173 253.5 , Est Remaining: 253.5
174 254.9 , Est Remaining: 252.0
175 256.3 , Est Remaining: 250.5
176 257.7 , Est Remaining: 249.0
177 259.1 , Est Remaining: 247.4
178 260.6 , Est Remaining: 245.9
179 262.0 , Est Remaining: 244.4
180 263.4 , Est Remaining: 242.9
181 264.8 , Est Remaining: 241.4
182 266.2 , Est Remaining: 239.9
183 267.6 , Est Remaining: 238.3
184 269.0 , Est Remaining: 236.8
185 270.4 , Est Remaining: 235.3
186 271.8 , Est Remaining: 233.8
187 273.2 , Est Remaining: 232.3
188 274.6 , Est Remaining: 230.8
189 276.1 , Est Remaining: 229.3
EVENT FAILED
189 276.4 , Est Remaining: 229.6
190 277.8 , Est Remaining: 228.1
191 279.2 , Est Remaining: 226.5
192 280.6 , Est Remaining: 225.0
193 282.0 , Est Remaining: 223.6
194 283.4 , Est Remaining: 222.1
195 284.9 , Est Remaining: 220.6
196 286.3 , Est Remaining: 219.1
197 287.8 , Est Remaining: 217.7
198 289.2 , Est Remaining: 216.2
199 290.7 , Est Remaining: 214.7
200 292.1 , Est Remaining: 213.2
201 293.5 , Est Remaining: 211.8
202 295.0 , Est Remaining: 210.3
203 296.6 , Est Remaining: 208.9
204 298.0 , Est Remaining: 207.4
205 299.4 , Est Remaining: 206.0
206 300.9 , Est Remaining: 204.5
207 302.3 , Est Remaining: 203.0
208 303.8 , Est Remaining: 201.5
209 305.2 , Est Remaining: 200.1
210 306.6 , Est Remaining: 198.6
211 308.1 , Est Remaining: 197.1
212 309.6 , Est Remaining: 195.7
213 311.0 , Est Remaining: 194.2
214 312.4 , Est Remaining: 192.7
215 313.9 , Est Remaining: 191.3
216 315.3 , Est Remaining: 189.8
217 316.8 , Est Remaining: 188.3
218 318.3 , Est Remaining: 186.9
219 319.7 , Est Remaining: 185.4
220 321.2 , Est Remaining: 183.9
221 322.6 , Est Remaining: 182.5
222 324.1 , Est Remaining: 181.0
223 325.5 , Est Remaining: 179.5
224 327.0 , Est Remaining: 178.1
225 328.4 , Est Remaining: 176.6
226 329.9 , Est Remaining: 175.2
227 331.4 , Est Remaining: 173.7
228 332.8 , Est Remaining: 172.2
229 334.3 , Est Remaining: 170.8
230 335.7 , Est Remaining: 169.3
231 337.2 , Est Remaining: 167.9
232 338.7 , Est Remaining: 166.4
233 340.1 , Est Remaining: 164.9
234 341.6 , Est Remaining: 163.5
235 343.0 , Est Remaining: 162.0
236 344.5 , Est Remaining: 160.6
237 345.9 , Est Remaining: 159.1
238 347.4 , Est Remaining: 157.6
239 348.9 , Est Remaining: 156.2
240 350.3 , Est Remaining: 154.7
241 351.8 , Est Remaining: 153.3
242 353.3 , Est Remaining: 151.8
243 354.7 , Est Remaining: 150.4
244 356.2 , Est Remaining: 148.9
245 357.7 , Est Remaining: 147.4
246 359.1 , Est Remaining: 146.0
247 360.6 , Est Remaining: 144.5
248 362.1 , Est Remaining: 143.1
249 363.6 , Est Remaining: 141.6
250 365.0 , Est Remaining: 140.2
251 366.5 , Est Remaining: 138.7
252 368.0 , Est Remaining: 137.3
253 369.5 , Est Remaining: 135.8
254 370.9 , Est Remaining: 134.4
255 372.4 , Est Remaining: 132.9
256 373.9 , Est Remaining: 131.4
257 375.4 , Est Remaining: 130.0
258 376.8 , Est Remaining: 128.5
259 378.3 , Est Remaining: 127.1
260 379.8 , Est Remaining: 125.6
261 381.5 , Est Remaining: 124.2
262 383.0 , Est Remaining: 122.8
263 384.4 , Est Remaining: 121.3
264 385.9 , Est Remaining: 119.9
265 387.3 , Est Remaining: 118.4
266 388.8 , Est Remaining: 116.9
267 390.3 , Est Remaining: 115.5
268 391.8 , Est Remaining: 114.0
269 393.2 , Est Remaining: 112.6
270 394.7 , Est Remaining: 111.1
271 396.2 , Est Remaining: 109.6
272 397.7 , Est Remaining: 108.2
273 399.2 , Est Remaining: 106.7
274 400.6 , Est Remaining: 105.3
275 402.1 , Est Remaining: 103.8
EVENT FAILED
275 402.4 , Est Remaining: 103.9
276 403.9 , Est Remaining: 102.4
277 405.4 , Est Remaining: 101.0
278 406.8 , Est Remaining: 99.5
279 408.3 , Est Remaining: 98.1
280 409.8 , Est Remaining: 96.6
281 411.2 , Est Remaining: 95.1
282 412.7 , Est Remaining: 93.7
283 414.2 , Est Remaining: 92.2
EVENT FAILED
283 414.5 , Est Remaining: 92.3
284 415.9 , Est Remaining: 90.8
285 417.4 , Est Remaining: 89.3
286 418.9 , Est Remaining: 87.9
287 420.3 , Est Remaining: 86.4
288 421.8 , Est Remaining: 84.9
289 423.3 , Est Remaining: 83.5
EVENT FAILED
289 423.6 , Est Remaining: 83.5
290 425.0 , Est Remaining: 82.1
291 426.5 , Est Remaining: 80.6
292 427.9 , Est Remaining: 79.1
EVENT FAILED
292 428.3 , Est Remaining: 79.2
293 429.7 , Est Remaining: 77.7
294 431.1 , Est Remaining: 76.3
295 432.6 , Est Remaining: 74.8
296 434.0 , Est Remaining: 73.3
297 435.5 , Est Remaining: 71.8
298 436.9 , Est Remaining: 70.4
EVENT FAILED
298 437.2 , Est Remaining: 70.4
299 438.7 , Est Remaining: 69.0
300 440.1 , Est Remaining: 67.5
301 441.6 , Est Remaining: 66.0
302 443.2 , Est Remaining: 64.6
303 444.6 , Est Remaining: 63.1
304 446.1 , Est Remaining: 61.6
305 447.6 , Est Remaining: 60.2
306 449.0 , Est Remaining: 58.7
307 450.5 , Est Remaining: 57.2
308 451.9 , Est Remaining: 55.8
309 453.4 , Est Remaining: 54.3
310 454.8 , Est Remaining: 52.8
311 456.2 , Est Remaining: 51.3
312 457.6 , Est Remaining: 49.9
313 459.1 , Est Remaining: 48.4
314 460.5 , Est Remaining: 46.9
315 462.0 , Est Remaining: 45.5
316 463.4 , Est Remaining: 44.0
317 464.8 , Est Remaining: 42.5
318 466.3 , Est Remaining: 41.1
319 467.8 , Est Remaining: 39.6
320 469.2 , Est Remaining: 38.1
321 470.6 , Est Remaining: 36.7
322 472.1 , Est Remaining: 35.2
323 473.6 , Est Remaining: 33.7
324 475.0 , Est Remaining: 32.3
325 476.4 , Est Remaining: 30.8
326 477.9 , Est Remaining: 29.3
327 479.3 , Est Remaining: 27.8
