Note: NumExpr detected 32 cores but "NUMEXPR_MAX_THREADS" not set, so enforcing safe limit of 8.
Using selector: EpollSelector
/n/home02/jhaefner/miniconda/envs/IC-3.7-2020-06-16/lib/python3.7/site-packages/scipy/optimize/minpack.py:808: OptimizeWarning: Covariance of the parameters could not be estimated
  category=OptimizeWarning)
Total rwfs: 346
0 0.0 , Est Remaining: 999999.9
1 1.5 , Est Remaining: 505.6
2 2.9 , Est Remaining: 505.8
3 4.4 , Est Remaining: 505.7
4 5.9 , Est Remaining: 500.5
5 7.3 , Est Remaining: 496.3
6 8.7 , Est Remaining: 493.3
7 10.1 , Est Remaining: 491.5
8 11.6 , Est Remaining: 488.7
9 13.0 , Est Remaining: 485.8
10 14.4 , Est Remaining: 484.1
11 15.8 , Est Remaining: 482.0
12 17.2 , Est Remaining: 479.9
13 18.7 , Est Remaining: 477.8
14 20.1 , Est Remaining: 476.0
15 21.5 , Est Remaining: 474.8
16 23.0 , Est Remaining: 473.4
17 24.4 , Est Remaining: 472.1
18 25.9 , Est Remaining: 471.1
19 27.3 , Est Remaining: 469.4
20 28.7 , Est Remaining: 467.7
21 30.1 , Est Remaining: 466.4
22 31.6 , Est Remaining: 464.7
23 33.0 , Est Remaining: 463.8
24 34.5 , Est Remaining: 462.7
25 35.9 , Est Remaining: 461.4
26 37.4 , Est Remaining: 460.1
27 38.8 , Est Remaining: 458.6
28 40.3 , Est Remaining: 457.3
29 41.7 , Est Remaining: 456.0
30 43.1 , Est Remaining: 454.4
31 44.6 , Est Remaining: 453.2
EVENT FAILED
31 44.9 , Est Remaining: 456.6
32 46.4 , Est Remaining: 455.0
33 47.8 , Est Remaining: 453.5
34 49.3 , Est Remaining: 452.1
35 50.7 , Est Remaining: 450.5
36 52.1 , Est Remaining: 448.9
37 53.6 , Est Remaining: 447.3
38 55.0 , Est Remaining: 445.6
39 56.4 , Est Remaining: 444.1
40 57.8 , Est Remaining: 442.5
41 59.3 , Est Remaining: 441.0
42 60.7 , Est Remaining: 439.5
43 62.1 , Est Remaining: 437.9
EVENT FAILED
43 62.5 , Est Remaining: 440.2
44 63.9 , Est Remaining: 438.5
45 65.3 , Est Remaining: 437.0
46 66.8 , Est Remaining: 435.4
47 68.2 , Est Remaining: 433.7
48 69.6 , Est Remaining: 432.2
49 71.0 , Est Remaining: 430.6
50 72.5 , Est Remaining: 429.1
51 73.9 , Est Remaining: 427.7
52 75.4 , Est Remaining: 426.3
53 76.8 , Est Remaining: 424.7
54 78.3 , Est Remaining: 423.2
EVENT FAILED
54 78.6 , Est Remaining: 425.0
55 80.0 , Est Remaining: 423.5
56 81.5 , Est Remaining: 422.0
57 83.0 , Est Remaining: 420.6
58 84.4 , Est Remaining: 419.2
59 85.9 , Est Remaining: 417.8
60 87.3 , Est Remaining: 416.3
61 88.8 , Est Remaining: 414.8
62 90.3 , Est Remaining: 413.4
63 91.7 , Est Remaining: 412.0
64 93.1 , Est Remaining: 410.4
65 94.6 , Est Remaining: 409.0
66 96.1 , Est Remaining: 407.6
67 97.5 , Est Remaining: 406.1
68 99.0 , Est Remaining: 404.7
69 100.4 , Est Remaining: 403.2
70 101.9 , Est Remaining: 401.8
71 103.3 , Est Remaining: 400.3
72 104.8 , Est Remaining: 398.8
73 106.3 , Est Remaining: 397.4
74 107.7 , Est Remaining: 395.9
75 109.2 , Est Remaining: 394.4
76 110.6 , Est Remaining: 393.0
77 112.0 , Est Remaining: 391.4
78 113.5 , Est Remaining: 389.9
79 114.9 , Est Remaining: 388.5
80 116.4 , Est Remaining: 387.0
81 117.9 , Est Remaining: 385.6
82 119.3 , Est Remaining: 384.1
EVENT FAILED
82 119.6 , Est Remaining: 385.1
83 121.1 , Est Remaining: 383.6
84 122.5 , Est Remaining: 382.2
85 124.0 , Est Remaining: 380.8
86 125.5 , Est Remaining: 379.3
87 126.9 , Est Remaining: 377.9
88 128.4 , Est Remaining: 376.4
89 129.9 , Est Remaining: 375.0
90 131.3 , Est Remaining: 373.6
91 132.8 , Est Remaining: 372.1
92 134.3 , Est Remaining: 370.7
93 135.7 , Est Remaining: 369.2
94 137.1 , Est Remaining: 367.7
95 138.6 , Est Remaining: 366.2
96 140.0 , Est Remaining: 364.6
97 141.5 , Est Remaining: 363.1
98 142.9 , Est Remaining: 361.6
99 144.3 , Est Remaining: 360.1
100 145.8 , Est Remaining: 358.5
101 147.2 , Est Remaining: 357.1
102 148.7 , Est Remaining: 355.6
103 150.2 , Est Remaining: 354.3
104 151.6 , Est Remaining: 352.8
105 153.0 , Est Remaining: 351.3
106 154.5 , Est Remaining: 349.8
107 155.9 , Est Remaining: 348.3
108 157.3 , Est Remaining: 346.8
109 158.8 , Est Remaining: 345.2
110 160.2 , Est Remaining: 343.7
111 161.6 , Est Remaining: 342.1
112 163.0 , Est Remaining: 340.6
113 164.4 , Est Remaining: 339.0
114 165.9 , Est Remaining: 337.5
115 167.3 , Est Remaining: 336.0
116 168.7 , Est Remaining: 334.4
117 170.1 , Est Remaining: 332.9
118 171.5 , Est Remaining: 331.3
119 172.9 , Est Remaining: 329.8
120 174.3 , Est Remaining: 328.2
121 175.7 , Est Remaining: 326.7
122 177.1 , Est Remaining: 325.2
123 178.5 , Est Remaining: 323.7
124 179.9 , Est Remaining: 322.1
125 181.3 , Est Remaining: 320.6
126 182.8 , Est Remaining: 319.1
127 184.2 , Est Remaining: 317.6
128 185.6 , Est Remaining: 316.0
129 187.0 , Est Remaining: 314.5
130 188.4 , Est Remaining: 313.0
131 189.8 , Est Remaining: 311.5
132 191.2 , Est Remaining: 310.0
133 192.6 , Est Remaining: 308.5
134 194.0 , Est Remaining: 307.0
135 195.4 , Est Remaining: 305.5
136 196.8 , Est Remaining: 303.9
137 198.2 , Est Remaining: 302.4
138 199.6 , Est Remaining: 300.9
139 201.0 , Est Remaining: 299.4
140 202.4 , Est Remaining: 297.9
141 203.8 , Est Remaining: 296.4
142 205.2 , Est Remaining: 294.9
143 206.6 , Est Remaining: 293.3
144 208.0 , Est Remaining: 291.8
145 209.4 , Est Remaining: 290.3
EVENT FAILED
145 209.7 , Est Remaining: 290.7
146 211.2 , Est Remaining: 289.3
147 212.6 , Est Remaining: 287.8
148 214.0 , Est Remaining: 286.3
149 215.4 , Est Remaining: 284.8
150 216.8 , Est Remaining: 283.2
151 218.2 , Est Remaining: 281.7
152 219.6 , Est Remaining: 280.3
153 221.0 , Est Remaining: 278.7
154 222.4 , Est Remaining: 277.2
155 223.8 , Est Remaining: 275.7
156 225.2 , Est Remaining: 274.2
157 226.6 , Est Remaining: 272.7
158 227.9 , Est Remaining: 271.2
EVENT FAILED
158 228.2 , Est Remaining: 271.6
159 229.6 , Est Remaining: 270.1
160 231.0 , Est Remaining: 268.6
161 232.4 , Est Remaining: 267.1
162 233.8 , Est Remaining: 265.6
163 235.2 , Est Remaining: 264.0
164 236.6 , Est Remaining: 262.5
165 237.9 , Est Remaining: 261.0
166 239.3 , Est Remaining: 259.5
167 240.7 , Est Remaining: 258.0
168 242.1 , Est Remaining: 256.5
169 243.5 , Est Remaining: 255.0
170 244.9 , Est Remaining: 253.5
171 246.2 , Est Remaining: 252.0
172 247.6 , Est Remaining: 250.5
173 249.0 , Est Remaining: 249.0
174 250.5 , Est Remaining: 247.6
175 251.9 , Est Remaining: 246.1
176 253.3 , Est Remaining: 244.6
177 254.7 , Est Remaining: 243.2
178 256.1 , Est Remaining: 241.7
179 257.5 , Est Remaining: 240.2
180 258.9 , Est Remaining: 238.8
181 260.3 , Est Remaining: 237.3
182 261.7 , Est Remaining: 235.8
183 263.1 , Est Remaining: 234.4
184 264.5 , Est Remaining: 232.9
185 266.0 , Est Remaining: 231.5
186 267.4 , Est Remaining: 230.0
187 268.8 , Est Remaining: 228.6
188 270.2 , Est Remaining: 227.1
189 271.7 , Est Remaining: 225.7
190 273.1 , Est Remaining: 224.2
191 274.5 , Est Remaining: 222.8
192 275.9 , Est Remaining: 221.3
193 277.4 , Est Remaining: 219.9
194 278.8 , Est Remaining: 218.4
195 280.2 , Est Remaining: 217.0
196 281.6 , Est Remaining: 215.5
197 283.0 , Est Remaining: 214.1
198 284.5 , Est Remaining: 212.6
199 285.9 , Est Remaining: 211.2
200 287.3 , Est Remaining: 209.7
201 288.7 , Est Remaining: 208.3
202 290.1 , Est Remaining: 206.8
203 291.7 , Est Remaining: 205.5
204 293.1 , Est Remaining: 204.0
205 294.5 , Est Remaining: 202.6
206 295.9 , Est Remaining: 201.1
207 297.4 , Est Remaining: 199.7
208 298.8 , Est Remaining: 198.2
209 300.2 , Est Remaining: 196.8
210 301.6 , Est Remaining: 195.3
211 303.0 , Est Remaining: 193.9
212 304.4 , Est Remaining: 192.4
213 305.8 , Est Remaining: 191.0
214 307.2 , Est Remaining: 189.5
215 308.7 , Est Remaining: 188.1
216 310.1 , Est Remaining: 186.6
217 311.5 , Est Remaining: 185.2
EVENT FAILED
217 311.8 , Est Remaining: 185.4
218 313.2 , Est Remaining: 183.9
219 314.6 , Est Remaining: 182.4
220 316.0 , Est Remaining: 181.0
221 317.5 , Est Remaining: 179.6
222 318.9 , Est Remaining: 178.1
223 320.3 , Est Remaining: 176.7
224 321.7 , Est Remaining: 175.2
225 323.1 , Est Remaining: 173.8
226 324.5 , Est Remaining: 172.3
227 325.9 , Est Remaining: 170.9
228 327.3 , Est Remaining: 169.4
229 328.8 , Est Remaining: 168.0
230 330.2 , Est Remaining: 166.5
EVENT FAILED
230 330.5 , Est Remaining: 166.7
231 331.9 , Est Remaining: 165.2
232 333.3 , Est Remaining: 163.8
233 334.7 , Est Remaining: 162.3
234 336.1 , Est Remaining: 160.9
235 337.5 , Est Remaining: 159.4
236 339.0 , Est Remaining: 158.0
237 340.4 , Est Remaining: 156.6
238 341.8 , Est Remaining: 155.1
239 343.2 , Est Remaining: 153.7
240 344.7 , Est Remaining: 152.2
241 346.1 , Est Remaining: 150.8
242 347.5 , Est Remaining: 149.3
243 348.9 , Est Remaining: 147.9
244 350.3 , Est Remaining: 146.5
245 351.8 , Est Remaining: 145.0
246 353.2 , Est Remaining: 143.6
247 354.6 , Est Remaining: 142.1
248 356.1 , Est Remaining: 140.7
249 357.5 , Est Remaining: 139.3
250 358.9 , Est Remaining: 137.8
251 360.3 , Est Remaining: 136.4
252 361.8 , Est Remaining: 134.9
253 363.2 , Est Remaining: 133.5
254 364.6 , Est Remaining: 132.1
255 366.1 , Est Remaining: 130.6
256 367.5 , Est Remaining: 129.2
257 368.9 , Est Remaining: 127.8
258 370.4 , Est Remaining: 126.3
259 371.8 , Est Remaining: 124.9
260 373.2 , Est Remaining: 123.5
261 374.7 , Est Remaining: 122.0
262 376.1 , Est Remaining: 120.6
263 377.5 , Est Remaining: 119.1
264 378.9 , Est Remaining: 117.7
265 380.3 , Est Remaining: 116.2
266 381.7 , Est Remaining: 114.8
267 383.1 , Est Remaining: 113.4
268 384.5 , Est Remaining: 111.9
269 385.9 , Est Remaining: 110.5
270 387.4 , Est Remaining: 109.0
271 388.8 , Est Remaining: 107.6
272 390.2 , Est Remaining: 106.2
273 391.6 , Est Remaining: 104.7
274 393.0 , Est Remaining: 103.3
275 394.5 , Est Remaining: 101.8
276 395.9 , Est Remaining: 100.4
277 397.3 , Est Remaining: 99.0
278 398.7 , Est Remaining: 97.5
279 400.2 , Est Remaining: 96.1
280 401.6 , Est Remaining: 94.7
281 403.0 , Est Remaining: 93.2
282 404.5 , Est Remaining: 91.8
283 405.9 , Est Remaining: 90.4
284 407.4 , Est Remaining: 88.9
285 408.8 , Est Remaining: 87.5
286 410.3 , Est Remaining: 86.1
287 411.7 , Est Remaining: 84.6
288 413.2 , Est Remaining: 83.2
289 414.6 , Est Remaining: 81.8
290 416.1 , Est Remaining: 80.3
291 417.5 , Est Remaining: 78.9
292 419.0 , Est Remaining: 77.5
293 420.4 , Est Remaining: 76.1
294 421.9 , Est Remaining: 74.6
295 423.3 , Est Remaining: 73.2
296 424.8 , Est Remaining: 71.8
297 426.2 , Est Remaining: 70.3
298 427.7 , Est Remaining: 68.9
299 429.1 , Est Remaining: 67.5
300 430.6 , Est Remaining: 66.0
301 432.1 , Est Remaining: 64.6
302 433.7 , Est Remaining: 63.2
303 435.1 , Est Remaining: 61.7
304 436.5 , Est Remaining: 60.3
305 438.0 , Est Remaining: 58.9
306 439.4 , Est Remaining: 57.4
307 440.8 , Est Remaining: 56.0
308 442.2 , Est Remaining: 54.6
309 443.7 , Est Remaining: 53.1
310 445.1 , Est Remaining: 51.7
311 446.5 , Est Remaining: 50.3
312 448.0 , Est Remaining: 48.8
313 449.4 , Est Remaining: 47.4
314 450.8 , Est Remaining: 45.9
315 452.2 , Est Remaining: 44.5
316 453.7 , Est Remaining: 43.1
317 455.1 , Est Remaining: 41.6
318 456.5 , Est Remaining: 40.2
319 457.9 , Est Remaining: 38.8
320 459.3 , Est Remaining: 37.3
321 460.7 , Est Remaining: 35.9
322 462.1 , Est Remaining: 34.4
323 463.5 , Est Remaining: 33.0
324 464.9 , Est Remaining: 31.6
325 466.3 , Est Remaining: 30.1
EVENT FAILED
325 466.6 , Est Remaining: 30.1
326 468.0 , Est Remaining: 28.7
327 469.4 , Est Remaining: 27.3
328 470.7 , Est Remaining: 25.8
329 472.1 , Est Remaining: 24.4
330 473.5 , Est Remaining: 23.0
331 474.9 , Est Remaining: 21.5
332 476.2 , Est Remaining: 20.1
333 477.6 , Est Remaining: 18.6
334 479.0 , Est Remaining: 17.2
335 480.3 , Est Remaining: 15.8
336 481.7 , Est Remaining: 14.3
