Note: NumExpr detected 32 cores but "NUMEXPR_MAX_THREADS" not set, so enforcing safe limit of 8.
Using selector: EpollSelector
/n/home02/jhaefner/miniconda/envs/IC-3.7-2020-06-16/lib/python3.7/site-packages/scipy/optimize/minpack.py:808: OptimizeWarning: Covariance of the parameters could not be estimated
  category=OptimizeWarning)
Total rwfs: 346
0 0.1 , Est Remaining: 999999.9
1 1.5 , Est Remaining: 518.6
2 3.0 , Est Remaining: 509.4
3 4.4 , Est Remaining: 507.2
4 5.9 , Est Remaining: 503.2
5 7.3 , Est Remaining: 500.4
6 8.8 , Est Remaining: 498.3
7 10.3 , Est Remaining: 497.3
8 11.7 , Est Remaining: 495.4
9 13.2 , Est Remaining: 493.4
10 14.6 , Est Remaining: 491.6
11 16.1 , Est Remaining: 489.8
EVENT FAILED
11 16.4 , Est Remaining: 499.4
12 17.8 , Est Remaining: 496.6
13 19.3 , Est Remaining: 494.0
14 20.7 , Est Remaining: 491.5
15 22.2 , Est Remaining: 489.7
16 23.6 , Est Remaining: 487.5
17 25.1 , Est Remaining: 485.5
18 26.5 , Est Remaining: 483.1
19 28.0 , Est Remaining: 481.1
20 29.4 , Est Remaining: 479.0
21 30.8 , Est Remaining: 477.1
22 32.3 , Est Remaining: 475.5
23 33.7 , Est Remaining: 473.8
24 35.2 , Est Remaining: 472.0
25 36.6 , Est Remaining: 470.1
26 38.1 , Est Remaining: 468.5
27 39.5 , Est Remaining: 466.7
28 41.0 , Est Remaining: 465.2
29 42.4 , Est Remaining: 463.6
30 43.9 , Est Remaining: 461.9
31 45.3 , Est Remaining: 460.4
32 46.8 , Est Remaining: 459.0
33 48.2 , Est Remaining: 457.2
34 49.6 , Est Remaining: 455.6
35 51.1 , Est Remaining: 454.0
36 52.6 , Est Remaining: 452.9
37 54.1 , Est Remaining: 451.5
38 55.5 , Est Remaining: 450.0
39 57.0 , Est Remaining: 448.4
40 58.4 , Est Remaining: 446.8
41 59.9 , Est Remaining: 445.2
42 61.3 , Est Remaining: 443.6
43 62.7 , Est Remaining: 442.1
44 64.2 , Est Remaining: 440.5
45 65.5 , Est Remaining: 438.3
46 67.0 , Est Remaining: 436.8
47 68.4 , Est Remaining: 435.1
48 69.8 , Est Remaining: 433.4
49 71.2 , Est Remaining: 431.8
50 72.7 , Est Remaining: 430.2
51 74.1 , Est Remaining: 428.8
52 75.6 , Est Remaining: 427.4
53 76.9 , Est Remaining: 425.2
54 78.4 , Est Remaining: 423.8
55 79.8 , Est Remaining: 422.4
56 81.3 , Est Remaining: 421.0
57 82.7 , Est Remaining: 419.5
58 84.2 , Est Remaining: 418.1
59 85.7 , Est Remaining: 416.8
60 87.1 , Est Remaining: 415.4
EVENT FAILED
60 87.5 , Est Remaining: 416.9
61 88.9 , Est Remaining: 415.4
62 90.4 , Est Remaining: 413.9
63 91.8 , Est Remaining: 412.4
64 93.3 , Est Remaining: 410.9
65 94.7 , Est Remaining: 409.4
66 96.2 , Est Remaining: 408.0
67 97.6 , Est Remaining: 406.6
68 99.1 , Est Remaining: 405.1
69 100.5 , Est Remaining: 403.6
70 102.0 , Est Remaining: 402.0
71 103.4 , Est Remaining: 400.5
72 104.9 , Est Remaining: 399.1
73 106.3 , Est Remaining: 397.6
74 107.8 , Est Remaining: 396.1
75 109.2 , Est Remaining: 394.6
76 110.6 , Est Remaining: 393.1
77 112.1 , Est Remaining: 391.6
78 113.5 , Est Remaining: 390.1
79 115.0 , Est Remaining: 388.6
80 116.4 , Est Remaining: 387.1
81 117.9 , Est Remaining: 385.6
82 119.3 , Est Remaining: 384.1
EVENT FAILED
82 119.6 , Est Remaining: 385.1
83 121.1 , Est Remaining: 383.6
EVENT FAILED
83 121.4 , Est Remaining: 384.6
84 122.8 , Est Remaining: 383.1
85 124.3 , Est Remaining: 381.6
86 125.7 , Est Remaining: 380.1
87 127.2 , Est Remaining: 378.6
88 128.6 , Est Remaining: 377.0
89 130.1 , Est Remaining: 375.6
90 131.5 , Est Remaining: 374.1
91 133.0 , Est Remaining: 372.6
92 134.4 , Est Remaining: 371.1
93 135.8 , Est Remaining: 369.5
94 137.3 , Est Remaining: 368.0
95 138.7 , Est Remaining: 366.5
96 140.2 , Est Remaining: 365.0
97 141.6 , Est Remaining: 363.5
98 143.0 , Est Remaining: 362.0
99 144.5 , Est Remaining: 360.5
100 145.9 , Est Remaining: 359.0
101 147.4 , Est Remaining: 357.5
102 148.8 , Est Remaining: 356.0
103 150.3 , Est Remaining: 354.6
104 151.7 , Est Remaining: 353.1
105 153.2 , Est Remaining: 351.6
106 154.6 , Est Remaining: 350.1
107 156.1 , Est Remaining: 348.6
108 157.5 , Est Remaining: 347.2
109 159.0 , Est Remaining: 345.7
110 160.4 , Est Remaining: 344.2
111 161.9 , Est Remaining: 342.7
112 163.3 , Est Remaining: 341.2
113 164.7 , Est Remaining: 339.7
114 166.2 , Est Remaining: 338.2
115 167.6 , Est Remaining: 336.7
116 169.1 , Est Remaining: 335.2
117 170.5 , Est Remaining: 333.8
118 172.0 , Est Remaining: 332.3
119 173.4 , Est Remaining: 330.8
120 174.8 , Est Remaining: 329.3
121 176.3 , Est Remaining: 327.8
122 177.7 , Est Remaining: 326.3
123 179.2 , Est Remaining: 324.9
EVENT FAILED
123 179.5 , Est Remaining: 325.4
124 180.9 , Est Remaining: 323.9
125 182.4 , Est Remaining: 322.4
126 183.8 , Est Remaining: 320.9
EVENT FAILED
126 184.1 , Est Remaining: 321.5
127 185.6 , Est Remaining: 320.0
128 187.0 , Est Remaining: 318.5
129 188.4 , Est Remaining: 317.0
130 189.9 , Est Remaining: 315.5
131 191.3 , Est Remaining: 314.0
132 192.7 , Est Remaining: 312.5
EVENT FAILED
132 193.0 , Est Remaining: 313.0
133 194.5 , Est Remaining: 311.5
134 195.9 , Est Remaining: 310.0
135 197.4 , Est Remaining: 308.5
136 198.8 , Est Remaining: 307.0
137 200.2 , Est Remaining: 305.5
138 201.7 , Est Remaining: 304.0
139 203.1 , Est Remaining: 302.5
140 204.6 , Est Remaining: 301.0
141 206.0 , Est Remaining: 299.5
142 207.5 , Est Remaining: 298.0
143 208.9 , Est Remaining: 296.5
144 210.3 , Est Remaining: 295.0
145 211.7 , Est Remaining: 293.5
146 213.2 , Est Remaining: 292.0
147 214.6 , Est Remaining: 290.5
148 216.0 , Est Remaining: 289.0
149 217.5 , Est Remaining: 287.5
150 218.9 , Est Remaining: 286.0
151 220.3 , Est Remaining: 284.5
152 221.7 , Est Remaining: 283.0
153 223.2 , Est Remaining: 281.5
154 224.6 , Est Remaining: 280.0
155 226.0 , Est Remaining: 278.5
156 227.5 , Est Remaining: 277.1
157 228.9 , Est Remaining: 275.6
158 230.3 , Est Remaining: 274.1
159 231.8 , Est Remaining: 272.6
160 233.1 , Est Remaining: 271.0
161 234.5 , Est Remaining: 269.5
162 235.9 , Est Remaining: 268.0
163 237.3 , Est Remaining: 266.4
164 238.7 , Est Remaining: 264.9
165 240.1 , Est Remaining: 263.4
166 241.5 , Est Remaining: 261.9
167 242.9 , Est Remaining: 260.4
168 244.3 , Est Remaining: 258.9
169 245.7 , Est Remaining: 257.4
170 247.1 , Est Remaining: 255.8
171 248.5 , Est Remaining: 254.3
172 249.9 , Est Remaining: 252.8
173 251.3 , Est Remaining: 251.3
EVENT FAILED
173 251.6 , Est Remaining: 251.6
174 253.0 , Est Remaining: 250.1
175 254.4 , Est Remaining: 248.5
176 255.7 , Est Remaining: 247.0
177 257.1 , Est Remaining: 245.5
178 258.5 , Est Remaining: 244.0
179 259.9 , Est Remaining: 242.4
180 261.3 , Est Remaining: 240.9
181 262.6 , Est Remaining: 239.4
182 264.0 , Est Remaining: 237.9
183 265.4 , Est Remaining: 236.4
184 266.7 , Est Remaining: 234.8
185 268.1 , Est Remaining: 233.3
186 269.5 , Est Remaining: 231.8
187 270.9 , Est Remaining: 230.3
188 272.3 , Est Remaining: 228.8
189 273.7 , Est Remaining: 227.3
190 275.0 , Est Remaining: 225.8
191 276.4 , Est Remaining: 224.3
192 277.8 , Est Remaining: 222.8
193 279.2 , Est Remaining: 221.3
194 280.5 , Est Remaining: 219.8
195 281.9 , Est Remaining: 218.3
196 283.3 , Est Remaining: 216.8
197 284.7 , Est Remaining: 215.3
EVENT FAILED
197 285.0 , Est Remaining: 215.6
198 286.4 , Est Remaining: 214.1
199 287.8 , Est Remaining: 212.6
200 289.1 , Est Remaining: 211.1
201 290.5 , Est Remaining: 209.6
202 291.9 , Est Remaining: 208.1
203 293.4 , Est Remaining: 206.7
204 294.8 , Est Remaining: 205.2
205 296.1 , Est Remaining: 203.7
206 297.5 , Est Remaining: 202.2
207 298.9 , Est Remaining: 200.7
208 300.3 , Est Remaining: 199.2
209 301.7 , Est Remaining: 197.8
210 303.1 , Est Remaining: 196.3
211 304.4 , Est Remaining: 194.8
212 305.8 , Est Remaining: 193.3
213 307.2 , Est Remaining: 191.8
214 308.6 , Est Remaining: 190.3
215 309.9 , Est Remaining: 188.8
216 311.3 , Est Remaining: 187.3
217 312.6 , Est Remaining: 185.9
218 314.3 , Est Remaining: 184.5
219 315.7 , Est Remaining: 183.1
220 317.0 , Est Remaining: 181.6
221 318.4 , Est Remaining: 180.1
222 319.8 , Est Remaining: 178.6
223 321.1 , Est Remaining: 177.1
224 322.5 , Est Remaining: 175.6
225 323.9 , Est Remaining: 174.2
226 325.3 , Est Remaining: 172.7
227 326.7 , Est Remaining: 171.3
228 328.1 , Est Remaining: 169.8
229 329.5 , Est Remaining: 168.3
230 330.9 , Est Remaining: 166.9
231 332.3 , Est Remaining: 165.4
EVENT FAILED
231 332.6 , Est Remaining: 165.6
232 334.0 , Est Remaining: 164.1
233 335.4 , Est Remaining: 162.7
234 336.8 , Est Remaining: 161.2
235 338.3 , Est Remaining: 159.8
236 339.7 , Est Remaining: 158.3
237 341.1 , Est Remaining: 156.9
238 342.6 , Est Remaining: 155.5
239 344.0 , Est Remaining: 154.0
240 345.5 , Est Remaining: 152.6
241 346.9 , Est Remaining: 151.1
242 348.3 , Est Remaining: 149.7
243 349.7 , Est Remaining: 148.2
244 351.1 , Est Remaining: 146.8
245 352.6 , Est Remaining: 145.3
246 354.0 , Est Remaining: 143.9
247 355.4 , Est Remaining: 142.5
248 356.9 , Est Remaining: 141.0
249 358.3 , Est Remaining: 139.6
250 359.7 , Est Remaining: 138.1
251 361.1 , Est Remaining: 136.7
252 362.6 , Est Remaining: 135.2
253 364.0 , Est Remaining: 133.8
254 365.4 , Est Remaining: 132.4
255 366.8 , Est Remaining: 130.9
256 368.3 , Est Remaining: 129.5
257 369.7 , Est Remaining: 128.0
258 371.1 , Est Remaining: 126.6
259 372.5 , Est Remaining: 125.1
260 373.9 , Est Remaining: 123.7
261 375.4 , Est Remaining: 122.3
262 376.9 , Est Remaining: 120.8
263 378.3 , Est Remaining: 119.4
264 379.8 , Est Remaining: 118.0
265 381.2 , Est Remaining: 116.5
266 382.7 , Est Remaining: 115.1
267 384.1 , Est Remaining: 113.7
268 385.6 , Est Remaining: 112.2
269 387.1 , Est Remaining: 110.8
270 388.5 , Est Remaining: 109.4
271 390.0 , Est Remaining: 107.9
272 391.5 , Est Remaining: 106.5
273 393.0 , Est Remaining: 105.1
274 394.4 , Est Remaining: 103.6
275 395.8 , Est Remaining: 102.2
276 397.3 , Est Remaining: 100.8
277 398.8 , Est Remaining: 99.3
278 400.2 , Est Remaining: 97.9
279 401.7 , Est Remaining: 96.5
280 403.1 , Est Remaining: 95.0
281 404.6 , Est Remaining: 93.6
282 406.0 , Est Remaining: 92.1
283 407.5 , Est Remaining: 90.7
284 408.9 , Est Remaining: 89.3
285 410.4 , Est Remaining: 87.8
286 411.8 , Est Remaining: 86.4
287 413.2 , Est Remaining: 85.0
288 414.7 , Est Remaining: 83.5
289 416.1 , Est Remaining: 82.1
290 417.5 , Est Remaining: 80.6
291 418.9 , Est Remaining: 79.2
292 420.4 , Est Remaining: 77.7
293 421.8 , Est Remaining: 76.3
294 423.2 , Est Remaining: 74.9
295 424.7 , Est Remaining: 73.4
296 426.1 , Est Remaining: 72.0
297 427.5 , Est Remaining: 70.5
298 429.0 , Est Remaining: 69.1
299 430.4 , Est Remaining: 67.7
300 431.8 , Est Remaining: 66.2
301 433.3 , Est Remaining: 64.8
302 434.9 , Est Remaining: 63.4
303 436.4 , Est Remaining: 61.9
304 437.8 , Est Remaining: 60.5
305 439.3 , Est Remaining: 59.0
306 440.7 , Est Remaining: 57.6
307 442.1 , Est Remaining: 56.2
308 443.5 , Est Remaining: 54.7
309 444.9 , Est Remaining: 53.3
310 446.3 , Est Remaining: 51.8
311 447.7 , Est Remaining: 50.4
312 449.2 , Est Remaining: 48.9
313 450.5 , Est Remaining: 47.5
314 452.0 , Est Remaining: 46.1
315 453.4 , Est Remaining: 44.6
316 454.8 , Est Remaining: 43.2
317 456.1 , Est Remaining: 41.7
318 457.5 , Est Remaining: 40.3
319 458.9 , Est Remaining: 38.8
320 460.3 , Est Remaining: 37.4
321 461.7 , Est Remaining: 36.0
322 463.1 , Est Remaining: 34.5
323 464.4 , Est Remaining: 33.1
324 465.8 , Est Remaining: 31.6
325 467.2 , Est Remaining: 30.2
326 468.6 , Est Remaining: 28.7
327 469.9 , Est Remaining: 27.3
328 471.3 , Est Remaining: 25.9
329 472.7 , Est Remaining: 24.4
330 474.1 , Est Remaining: 23.0
331 475.4 , Est Remaining: 21.5
332 476.8 , Est Remaining: 20.1
333 478.2 , Est Remaining: 18.7
334 479.6 , Est Remaining: 17.2
335 481.0 , Est Remaining: 15.8
