Note: NumExpr detected 32 cores but "NUMEXPR_MAX_THREADS" not set, so enforcing safe limit of 8.
Using selector: EpollSelector
/n/home02/jhaefner/miniconda/envs/IC-3.7-2020-06-16/lib/python3.7/site-packages/scipy/optimize/minpack.py:808: OptimizeWarning: Covariance of the parameters could not be estimated
  category=OptimizeWarning)
Total rwfs: 346
0 0.0 , Est Remaining: 999999.9
1 1.4 , Est Remaining: 489.4
2 2.8 , Est Remaining: 488.2
3 4.3 , Est Remaining: 488.1
4 5.7 , Est Remaining: 485.4
5 7.1 , Est Remaining: 482.5
6 8.5 , Est Remaining: 480.2
7 9.9 , Est Remaining: 477.5
8 11.2 , Est Remaining: 474.5
EVENT FAILED
8 11.5 , Est Remaining: 487.1
9 12.9 , Est Remaining: 483.1
10 14.3 , Est Remaining: 479.8
11 15.7 , Est Remaining: 477.3
12 17.1 , Est Remaining: 475.4
13 18.5 , Est Remaining: 472.8
14 19.8 , Est Remaining: 470.3
15 21.2 , Est Remaining: 468.0
16 22.6 , Est Remaining: 465.9
17 24.0 , Est Remaining: 464.1
18 25.4 , Est Remaining: 462.1
19 26.7 , Est Remaining: 460.1
20 28.1 , Est Remaining: 458.1
21 29.5 , Est Remaining: 456.2
22 30.8 , Est Remaining: 454.3
23 32.2 , Est Remaining: 452.8
24 33.6 , Est Remaining: 450.8
25 35.0 , Est Remaining: 449.0
26 36.3 , Est Remaining: 447.0
27 37.7 , Est Remaining: 445.5
28 39.1 , Est Remaining: 444.0
29 40.5 , Est Remaining: 442.2
30 41.8 , Est Remaining: 440.4
31 43.2 , Est Remaining: 438.7
32 44.5 , Est Remaining: 437.1
33 45.9 , Est Remaining: 435.3
34 47.3 , Est Remaining: 433.6
35 48.6 , Est Remaining: 432.0
EVENT FAILED
35 48.9 , Est Remaining: 434.6
36 50.3 , Est Remaining: 433.0
37 51.7 , Est Remaining: 431.4
38 53.0 , Est Remaining: 430.0
39 54.4 , Est Remaining: 428.4
40 55.8 , Est Remaining: 426.8
41 57.2 , Est Remaining: 425.2
42 58.6 , Est Remaining: 423.8
43 59.9 , Est Remaining: 422.4
44 61.3 , Est Remaining: 421.0
45 62.7 , Est Remaining: 419.5
46 64.1 , Est Remaining: 417.9
47 65.4 , Est Remaining: 416.4
48 66.8 , Est Remaining: 414.9
49 68.2 , Est Remaining: 413.4
50 69.6 , Est Remaining: 411.9
51 70.9 , Est Remaining: 410.4
52 72.3 , Est Remaining: 409.0
53 73.7 , Est Remaining: 407.5
54 75.1 , Est Remaining: 406.0
55 76.5 , Est Remaining: 404.6
56 77.9 , Est Remaining: 403.2
57 79.2 , Est Remaining: 401.7
58 80.6 , Est Remaining: 400.3
59 82.0 , Est Remaining: 398.8
60 83.4 , Est Remaining: 397.4
61 84.7 , Est Remaining: 395.9
62 86.1 , Est Remaining: 394.4
EVENT FAILED
62 86.4 , Est Remaining: 395.7
EVENT FAILED
62 86.7 , Est Remaining: 397.1
63 88.1 , Est Remaining: 395.5
64 89.4 , Est Remaining: 394.0
EVENT FAILED
64 89.7 , Est Remaining: 395.3
65 91.1 , Est Remaining: 393.8
66 92.5 , Est Remaining: 392.3
67 93.8 , Est Remaining: 390.8
68 95.2 , Est Remaining: 389.3
69 96.6 , Est Remaining: 387.8
70 98.0 , Est Remaining: 386.2
71 99.3 , Est Remaining: 384.7
72 100.7 , Est Remaining: 383.1
73 102.0 , Est Remaining: 381.6
74 103.4 , Est Remaining: 380.2
75 104.8 , Est Remaining: 378.7
76 106.2 , Est Remaining: 377.2
77 107.6 , Est Remaining: 375.7
78 108.9 , Est Remaining: 374.2
79 110.3 , Est Remaining: 372.7
80 111.7 , Est Remaining: 371.3
81 113.0 , Est Remaining: 369.8
82 114.4 , Est Remaining: 368.4
83 115.8 , Est Remaining: 366.9
84 117.2 , Est Remaining: 365.5
85 118.5 , Est Remaining: 364.0
86 119.9 , Est Remaining: 362.5
87 121.3 , Est Remaining: 361.1
88 122.6 , Est Remaining: 359.6
89 124.0 , Est Remaining: 358.1
90 125.4 , Est Remaining: 356.7
91 126.8 , Est Remaining: 355.2
92 128.1 , Est Remaining: 353.8
93 129.5 , Est Remaining: 352.3
94 130.9 , Est Remaining: 350.9
95 132.2 , Est Remaining: 349.4
96 133.6 , Est Remaining: 348.0
97 135.0 , Est Remaining: 346.5
98 136.4 , Est Remaining: 345.1
99 137.7 , Est Remaining: 343.6
100 139.1 , Est Remaining: 342.1
101 140.4 , Est Remaining: 340.7
102 141.8 , Est Remaining: 339.3
103 143.3 , Est Remaining: 338.0
104 144.6 , Est Remaining: 336.6
105 146.0 , Est Remaining: 335.2
106 147.4 , Est Remaining: 333.7
107 148.8 , Est Remaining: 332.3
108 150.1 , Est Remaining: 330.9
109 151.5 , Est Remaining: 329.5
110 152.9 , Est Remaining: 328.0
111 154.3 , Est Remaining: 326.6
112 155.6 , Est Remaining: 325.2
113 157.0 , Est Remaining: 323.7
114 158.4 , Est Remaining: 322.3
115 159.8 , Est Remaining: 320.9
116 161.1 , Est Remaining: 319.5
117 162.5 , Est Remaining: 318.1
118 163.9 , Est Remaining: 316.7
119 165.3 , Est Remaining: 315.3
120 166.6 , Est Remaining: 313.8
121 168.0 , Est Remaining: 312.4
122 169.4 , Est Remaining: 311.0
EVENT FAILED
122 169.7 , Est Remaining: 311.5
123 171.0 , Est Remaining: 310.1
124 172.4 , Est Remaining: 308.7
EVENT FAILED
124 172.7 , Est Remaining: 309.2
125 174.1 , Est Remaining: 307.8
126 175.5 , Est Remaining: 306.3
127 176.8 , Est Remaining: 304.9
128 178.2 , Est Remaining: 303.5
129 179.6 , Est Remaining: 302.0
130 180.9 , Est Remaining: 300.6
EVENT FAILED
130 181.2 , Est Remaining: 301.1
131 182.6 , Est Remaining: 299.6
132 183.9 , Est Remaining: 298.2
133 185.3 , Est Remaining: 296.8
134 186.7 , Est Remaining: 295.3
EVENT FAILED
134 187.0 , Est Remaining: 295.8
135 188.3 , Est Remaining: 294.4
136 189.7 , Est Remaining: 292.9
137 191.1 , Est Remaining: 291.5
138 192.5 , Est Remaining: 290.1
139 193.9 , Est Remaining: 288.7
140 195.2 , Est Remaining: 287.3
141 196.6 , Est Remaining: 285.8
142 198.0 , Est Remaining: 284.4
143 199.3 , Est Remaining: 283.0
144 200.7 , Est Remaining: 281.6
145 202.1 , Est Remaining: 280.2
146 203.5 , Est Remaining: 278.8
147 204.9 , Est Remaining: 277.4
148 206.2 , Est Remaining: 275.9
149 207.6 , Est Remaining: 274.5
150 209.0 , Est Remaining: 273.1
151 210.4 , Est Remaining: 271.7
152 211.7 , Est Remaining: 270.3
153 213.1 , Est Remaining: 268.9
154 214.5 , Est Remaining: 267.4
155 215.9 , Est Remaining: 266.0
156 217.3 , Est Remaining: 264.6
157 218.6 , Est Remaining: 263.2
158 220.0 , Est Remaining: 261.8
159 221.4 , Est Remaining: 260.4
160 222.8 , Est Remaining: 259.0
161 224.2 , Est Remaining: 257.6
162 225.5 , Est Remaining: 256.1
163 226.9 , Est Remaining: 254.7
164 228.3 , Est Remaining: 253.3
165 229.7 , Est Remaining: 251.9
166 231.1 , Est Remaining: 250.5
167 232.4 , Est Remaining: 249.1
168 233.8 , Est Remaining: 247.7
169 235.2 , Est Remaining: 246.3
170 236.5 , Est Remaining: 244.9
171 237.9 , Est Remaining: 243.5
172 239.3 , Est Remaining: 242.1
173 240.6 , Est Remaining: 240.6
174 242.0 , Est Remaining: 239.2
175 243.4 , Est Remaining: 237.8
176 244.8 , Est Remaining: 236.4
177 246.2 , Est Remaining: 235.0
178 247.6 , Est Remaining: 233.6
179 248.9 , Est Remaining: 232.2
180 250.3 , Est Remaining: 230.8
181 251.7 , Est Remaining: 229.5
182 253.1 , Est Remaining: 228.1
183 254.5 , Est Remaining: 226.7
184 255.9 , Est Remaining: 225.3
185 257.3 , Est Remaining: 223.9
186 258.7 , Est Remaining: 222.5
187 260.1 , Est Remaining: 221.1
188 261.5 , Est Remaining: 219.7
189 262.8 , Est Remaining: 218.3
190 264.2 , Est Remaining: 216.9
191 265.6 , Est Remaining: 215.5
192 267.0 , Est Remaining: 214.1
193 268.4 , Est Remaining: 212.7
194 269.7 , Est Remaining: 211.3
EVENT FAILED
194 270.0 , Est Remaining: 211.6
195 271.4 , Est Remaining: 210.2
196 272.8 , Est Remaining: 208.8
197 274.2 , Est Remaining: 207.4
198 275.5 , Est Remaining: 206.0
199 276.9 , Est Remaining: 204.6
200 278.3 , Est Remaining: 203.2
201 279.7 , Est Remaining: 201.8
202 281.1 , Est Remaining: 200.4
203 282.5 , Est Remaining: 199.0
204 283.9 , Est Remaining: 197.6
205 285.3 , Est Remaining: 196.2
206 286.7 , Est Remaining: 194.9
207 288.1 , Est Remaining: 193.5
208 289.5 , Est Remaining: 192.1
209 290.9 , Est Remaining: 190.7
210 292.3 , Est Remaining: 189.3
211 293.7 , Est Remaining: 187.9
212 295.1 , Est Remaining: 186.5
213 296.5 , Est Remaining: 185.1
214 297.8 , Est Remaining: 183.7
215 299.2 , Est Remaining: 182.3
216 300.6 , Est Remaining: 180.9
217 302.0 , Est Remaining: 179.5
218 303.4 , Est Remaining: 178.1
219 304.8 , Est Remaining: 176.7
220 306.1 , Est Remaining: 175.3
221 307.5 , Est Remaining: 173.9
222 308.9 , Est Remaining: 172.6
223 310.3 , Est Remaining: 171.2
224 311.7 , Est Remaining: 169.8
225 313.1 , Est Remaining: 168.4
226 314.5 , Est Remaining: 167.0
227 315.8 , Est Remaining: 165.6
228 317.2 , Est Remaining: 164.2
229 318.6 , Est Remaining: 162.8
230 319.9 , Est Remaining: 161.4
231 321.3 , Est Remaining: 159.9
232 322.6 , Est Remaining: 158.5
233 324.0 , Est Remaining: 157.1
234 325.3 , Est Remaining: 155.7
235 326.7 , Est Remaining: 154.3
236 328.0 , Est Remaining: 152.9
237 329.4 , Est Remaining: 151.5
238 330.8 , Est Remaining: 150.1
239 332.1 , Est Remaining: 148.7
240 333.5 , Est Remaining: 147.3
241 334.8 , Est Remaining: 145.9
242 336.2 , Est Remaining: 144.5
243 337.5 , Est Remaining: 143.1
244 338.9 , Est Remaining: 141.7
245 340.2 , Est Remaining: 140.2
246 341.5 , Est Remaining: 138.8
247 342.9 , Est Remaining: 137.4
248 344.2 , Est Remaining: 136.0
249 345.6 , Est Remaining: 134.6
250 346.9 , Est Remaining: 133.2
251 348.2 , Est Remaining: 131.8
252 349.6 , Est Remaining: 130.4
253 350.9 , Est Remaining: 129.0
254 352.2 , Est Remaining: 127.6
255 353.5 , Est Remaining: 126.2
256 354.8 , Est Remaining: 124.7
257 356.2 , Est Remaining: 123.3
258 357.5 , Est Remaining: 121.9
259 358.8 , Est Remaining: 120.5
EVENT FAILED
259 359.1 , Est Remaining: 120.6
260 360.4 , Est Remaining: 119.2
261 361.7 , Est Remaining: 117.8
262 363.0 , Est Remaining: 116.4
263 364.3 , Est Remaining: 115.0
264 365.7 , Est Remaining: 113.6
EVENT FAILED
264 366.0 , Est Remaining: 113.7
265 367.3 , Est Remaining: 112.3
266 368.6 , Est Remaining: 110.9
267 369.9 , Est Remaining: 109.4
268 371.2 , Est Remaining: 108.0
269 372.5 , Est Remaining: 106.6
270 373.8 , Est Remaining: 105.2
271 375.2 , Est Remaining: 103.8
272 376.5 , Est Remaining: 102.4
273 377.8 , Est Remaining: 101.0
274 379.1 , Est Remaining: 99.6
275 380.4 , Est Remaining: 98.2
276 381.7 , Est Remaining: 96.8
277 383.0 , Est Remaining: 95.4
278 384.3 , Est Remaining: 94.0
279 385.6 , Est Remaining: 92.6
280 387.0 , Est Remaining: 91.2
281 388.3 , Est Remaining: 89.8
282 389.6 , Est Remaining: 88.4
283 390.9 , Est Remaining: 87.0
284 392.2 , Est Remaining: 85.6
285 393.5 , Est Remaining: 84.2
286 394.8 , Est Remaining: 82.8
287 396.1 , Est Remaining: 81.4
288 397.4 , Est Remaining: 80.0
289 398.7 , Est Remaining: 78.6
EVENT FAILED
289 399.0 , Est Remaining: 78.7
290 400.3 , Est Remaining: 77.3
291 401.6 , Est Remaining: 75.9
292 402.9 , Est Remaining: 74.5
293 404.1 , Est Remaining: 73.1
294 405.4 , Est Remaining: 71.7
295 406.8 , Est Remaining: 70.3
296 408.0 , Est Remaining: 68.9
297 409.3 , Est Remaining: 67.5
298 410.5 , Est Remaining: 66.1
299 411.8 , Est Remaining: 64.7
300 413.0 , Est Remaining: 63.3
301 414.3 , Est Remaining: 61.9
302 415.6 , Est Remaining: 60.6
303 416.9 , Est Remaining: 59.2
304 418.2 , Est Remaining: 57.8
305 419.4 , Est Remaining: 56.4
306 420.7 , Est Remaining: 55.0
307 421.9 , Est Remaining: 53.6
308 423.1 , Est Remaining: 52.2
309 424.3 , Est Remaining: 50.8
310 425.5 , Est Remaining: 49.4
311 426.7 , Est Remaining: 48.0
312 428.0 , Est Remaining: 46.6
313 429.2 , Est Remaining: 45.3
314 430.5 , Est Remaining: 43.9
315 431.7 , Est Remaining: 42.5
316 432.9 , Est Remaining: 41.1
317 434.1 , Est Remaining: 39.7
318 435.4 , Est Remaining: 38.3
319 436.6 , Est Remaining: 37.0
320 437.8 , Est Remaining: 35.6
321 438.9 , Est Remaining: 34.2
322 440.1 , Est Remaining: 32.8
323 441.3 , Est Remaining: 31.4
324 442.4 , Est Remaining: 30.0
325 443.6 , Est Remaining: 28.7
326 444.7 , Est Remaining: 27.3
327 445.9 , Est Remaining: 25.9
328 447.0 , Est Remaining: 24.5
329 448.2 , Est Remaining: 23.2
330 449.3 , Est Remaining: 21.8
331 450.4 , Est Remaining: 20.4
332 451.6 , Est Remaining: 19.0
