Note: NumExpr detected 32 cores but "NUMEXPR_MAX_THREADS" not set, so enforcing safe limit of 8.
Using selector: EpollSelector
/n/home02/jhaefner/miniconda/envs/IC-3.7-2020-06-16/lib/python3.7/site-packages/scipy/optimize/minpack.py:808: OptimizeWarning: Covariance of the parameters could not be estimated
  category=OptimizeWarning)
Total rwfs: 346
0 0.0 , Est Remaining: 999999.9
1 1.5 , Est Remaining: 514.3
2 3.0 , Est Remaining: 509.6
EVENT FAILED
2 3.6 , Est Remaining: 627.2
3 5.2 , Est Remaining: 589.0
4 6.6 , Est Remaining: 564.8
5 8.1 , Est Remaining: 549.4
6 9.5 , Est Remaining: 538.7
7 10.9 , Est Remaining: 529.9
8 12.4 , Est Remaining: 522.8
9 13.8 , Est Remaining: 518.0
10 15.4 , Est Remaining: 518.7
11 16.9 , Est Remaining: 515.2
12 18.4 , Est Remaining: 511.4
13 19.8 , Est Remaining: 507.1
14 21.2 , Est Remaining: 503.6
15 22.7 , Est Remaining: 499.8
16 24.1 , Est Remaining: 496.8
17 25.5 , Est Remaining: 493.8
18 27.0 , Est Remaining: 491.1
19 28.4 , Est Remaining: 488.3
20 29.8 , Est Remaining: 485.9
21 31.2 , Est Remaining: 483.4
22 32.7 , Est Remaining: 481.2
23 34.1 , Est Remaining: 478.9
24 35.6 , Est Remaining: 477.0
25 37.0 , Est Remaining: 475.0
26 38.5 , Est Remaining: 473.3
27 39.9 , Est Remaining: 471.6
28 41.4 , Est Remaining: 469.7
29 42.8 , Est Remaining: 467.9
30 44.2 , Est Remaining: 466.0
31 45.7 , Est Remaining: 464.2
32 47.1 , Est Remaining: 462.5
33 48.6 , Est Remaining: 460.7
34 50.0 , Est Remaining: 459.2
35 51.5 , Est Remaining: 457.5
36 52.9 , Est Remaining: 455.6
37 54.3 , Est Remaining: 453.7
38 55.8 , Est Remaining: 451.9
39 57.2 , Est Remaining: 450.2
40 58.6 , Est Remaining: 448.5
41 60.0 , Est Remaining: 446.6
42 61.5 , Est Remaining: 444.9
43 62.9 , Est Remaining: 443.2
44 64.3 , Est Remaining: 441.1
45 65.7 , Est Remaining: 439.4
46 67.1 , Est Remaining: 437.7
47 68.6 , Est Remaining: 436.1
48 70.0 , Est Remaining: 434.5
49 71.4 , Est Remaining: 433.0
50 72.9 , Est Remaining: 431.4
51 74.3 , Est Remaining: 429.7
52 75.7 , Est Remaining: 428.1
53 77.2 , Est Remaining: 426.5
54 78.6 , Est Remaining: 424.9
55 80.0 , Est Remaining: 423.4
56 81.4 , Est Remaining: 421.8
57 82.9 , Est Remaining: 420.1
58 84.3 , Est Remaining: 418.6
59 85.7 , Est Remaining: 417.0
60 87.2 , Est Remaining: 415.4
61 88.6 , Est Remaining: 413.8
62 90.0 , Est Remaining: 412.3
63 91.4 , Est Remaining: 410.7
64 92.9 , Est Remaining: 409.1
65 94.3 , Est Remaining: 407.6
66 95.7 , Est Remaining: 406.1
67 97.2 , Est Remaining: 404.6
68 98.6 , Est Remaining: 403.1
69 100.0 , Est Remaining: 401.5
70 101.4 , Est Remaining: 400.0
71 102.9 , Est Remaining: 398.4
72 104.3 , Est Remaining: 397.0
73 105.8 , Est Remaining: 395.5
74 107.2 , Est Remaining: 394.0
75 108.6 , Est Remaining: 392.6
76 110.1 , Est Remaining: 391.1
77 111.5 , Est Remaining: 389.6
78 112.9 , Est Remaining: 388.1
79 114.4 , Est Remaining: 386.5
80 115.8 , Est Remaining: 385.0
81 117.2 , Est Remaining: 383.5
82 118.7 , Est Remaining: 382.1
83 120.1 , Est Remaining: 380.5
84 121.5 , Est Remaining: 379.0
85 122.9 , Est Remaining: 377.5
86 124.4 , Est Remaining: 375.9
87 125.8 , Est Remaining: 374.4
88 127.2 , Est Remaining: 372.8
89 128.6 , Est Remaining: 371.4
90 130.0 , Est Remaining: 369.9
91 131.5 , Est Remaining: 368.4
92 132.9 , Est Remaining: 366.9
93 134.3 , Est Remaining: 365.5
94 135.8 , Est Remaining: 364.0
95 137.2 , Est Remaining: 362.6
96 138.7 , Est Remaining: 361.2
97 140.2 , Est Remaining: 359.8
98 141.6 , Est Remaining: 358.3
99 143.0 , Est Remaining: 356.8
100 144.5 , Est Remaining: 355.4
101 146.0 , Est Remaining: 354.1
102 147.4 , Est Remaining: 352.6
103 148.9 , Est Remaining: 351.2
104 150.3 , Est Remaining: 349.7
105 151.7 , Est Remaining: 348.3
106 153.2 , Est Remaining: 346.8
EVENT FAILED
106 153.5 , Est Remaining: 347.5
107 154.9 , Est Remaining: 346.0
108 156.3 , Est Remaining: 344.5
109 157.7 , Est Remaining: 342.9
110 159.1 , Est Remaining: 341.4
111 160.5 , Est Remaining: 339.9
112 162.0 , Est Remaining: 338.4
113 163.4 , Est Remaining: 336.9
114 164.8 , Est Remaining: 335.4
115 166.2 , Est Remaining: 333.9
116 167.7 , Est Remaining: 332.4
117 169.1 , Est Remaining: 330.9
118 170.5 , Est Remaining: 329.4
119 171.9 , Est Remaining: 327.9
120 173.3 , Est Remaining: 326.4
121 174.7 , Est Remaining: 324.9
122 176.1 , Est Remaining: 323.4
123 177.5 , Est Remaining: 321.8
124 178.9 , Est Remaining: 320.3
125 180.3 , Est Remaining: 318.8
126 181.7 , Est Remaining: 317.2
127 183.1 , Est Remaining: 315.7
128 184.4 , Est Remaining: 314.1
129 185.8 , Est Remaining: 312.6
130 187.2 , Est Remaining: 311.0
131 188.6 , Est Remaining: 309.5
132 190.0 , Est Remaining: 308.0
133 191.2 , Est Remaining: 306.2
134 192.6 , Est Remaining: 304.7
135 194.0 , Est Remaining: 303.2
136 195.4 , Est Remaining: 301.7
137 196.8 , Est Remaining: 300.2
138 198.1 , Est Remaining: 298.6
139 199.5 , Est Remaining: 297.1
140 200.9 , Est Remaining: 295.6
141 202.3 , Est Remaining: 294.1
142 203.7 , Est Remaining: 292.6
143 205.1 , Est Remaining: 291.1
144 206.5 , Est Remaining: 289.6
145 207.8 , Est Remaining: 288.1
146 209.2 , Est Remaining: 286.6
147 210.6 , Est Remaining: 285.1
148 211.9 , Est Remaining: 283.6
149 213.2 , Est Remaining: 281.9
150 214.6 , Est Remaining: 280.4
151 216.0 , Est Remaining: 278.9
152 217.3 , Est Remaining: 277.4
153 218.7 , Est Remaining: 275.9
154 220.1 , Est Remaining: 274.4
155 221.5 , Est Remaining: 272.9
156 222.8 , Est Remaining: 271.4
157 224.2 , Est Remaining: 269.9
158 225.6 , Est Remaining: 268.4
159 227.0 , Est Remaining: 266.9
160 228.3 , Est Remaining: 265.4
161 229.7 , Est Remaining: 263.9
162 231.1 , Est Remaining: 262.4
163 232.4 , Est Remaining: 260.9
164 233.8 , Est Remaining: 259.5
165 235.2 , Est Remaining: 258.0
166 236.6 , Est Remaining: 256.5
167 237.9 , Est Remaining: 255.0
168 239.3 , Est Remaining: 253.5
169 240.6 , Est Remaining: 252.0
170 242.0 , Est Remaining: 250.5
171 243.4 , Est Remaining: 249.1
172 244.7 , Est Remaining: 247.6
173 246.1 , Est Remaining: 246.1
174 247.5 , Est Remaining: 244.6
175 248.8 , Est Remaining: 243.1
176 250.2 , Est Remaining: 241.7
177 251.6 , Est Remaining: 240.2
178 253.0 , Est Remaining: 238.8
179 254.3 , Est Remaining: 237.3
180 255.7 , Est Remaining: 235.8
181 257.1 , Est Remaining: 234.4
182 258.5 , Est Remaining: 232.9
183 259.9 , Est Remaining: 231.5
184 261.3 , Est Remaining: 230.1
185 262.7 , Est Remaining: 228.6
186 264.1 , Est Remaining: 227.2
187 265.5 , Est Remaining: 225.7
188 266.9 , Est Remaining: 224.3
189 268.3 , Est Remaining: 222.9
190 269.7 , Est Remaining: 221.4
191 271.1 , Est Remaining: 220.0
192 272.5 , Est Remaining: 218.5
193 273.9 , Est Remaining: 217.1
194 275.3 , Est Remaining: 215.7
195 276.7 , Est Remaining: 214.3
196 278.1 , Est Remaining: 212.8
197 279.5 , Est Remaining: 211.4
198 280.9 , Est Remaining: 210.0
199 282.4 , Est Remaining: 208.6
200 283.8 , Est Remaining: 207.2
201 285.3 , Est Remaining: 205.8
202 286.7 , Est Remaining: 204.4
203 288.2 , Est Remaining: 203.0
204 289.6 , Est Remaining: 201.6
205 291.0 , Est Remaining: 200.2
206 292.5 , Est Remaining: 198.8
207 293.8 , Est Remaining: 197.3
208 295.3 , Est Remaining: 195.9
209 296.7 , Est Remaining: 194.5
210 298.1 , Est Remaining: 193.1
211 299.5 , Est Remaining: 191.6
212 300.9 , Est Remaining: 190.2
213 302.4 , Est Remaining: 188.8
214 303.8 , Est Remaining: 187.4
215 305.3 , Est Remaining: 186.0
216 306.7 , Est Remaining: 184.6
217 308.1 , Est Remaining: 183.2
218 309.6 , Est Remaining: 181.8
219 311.0 , Est Remaining: 180.3
220 312.4 , Est Remaining: 178.9
221 313.9 , Est Remaining: 177.5
222 315.3 , Est Remaining: 176.1
223 316.8 , Est Remaining: 174.7
224 318.2 , Est Remaining: 173.3
225 319.6 , Est Remaining: 171.9
226 321.1 , Est Remaining: 170.5
227 322.5 , Est Remaining: 169.1
228 323.9 , Est Remaining: 167.6
229 325.3 , Est Remaining: 166.2
230 326.8 , Est Remaining: 164.8
231 328.2 , Est Remaining: 163.4
EVENT FAILED
231 328.5 , Est Remaining: 163.5
232 329.9 , Est Remaining: 162.1
233 331.3 , Est Remaining: 160.7
234 332.7 , Est Remaining: 159.2
EVENT FAILED
234 333.0 , Est Remaining: 159.4
235 334.4 , Est Remaining: 158.0
236 335.9 , Est Remaining: 156.5
237 337.3 , Est Remaining: 155.1
238 338.8 , Est Remaining: 153.7
239 340.2 , Est Remaining: 152.3
240 341.6 , Est Remaining: 150.9
EVENT FAILED
240 341.9 , Est Remaining: 151.0
241 343.3 , Est Remaining: 149.6
242 344.7 , Est Remaining: 148.2
243 346.1 , Est Remaining: 146.7
244 347.6 , Est Remaining: 145.3
245 349.0 , Est Remaining: 143.9
246 350.4 , Est Remaining: 142.4
247 351.8 , Est Remaining: 141.0
248 353.2 , Est Remaining: 139.6
249 354.6 , Est Remaining: 138.2
250 356.1 , Est Remaining: 136.7
251 357.5 , Est Remaining: 135.3
252 358.9 , Est Remaining: 133.9
253 360.3 , Est Remaining: 132.5
254 361.8 , Est Remaining: 131.0
255 363.2 , Est Remaining: 129.6
256 364.6 , Est Remaining: 128.2
257 366.1 , Est Remaining: 126.8
258 367.5 , Est Remaining: 125.3
259 368.9 , Est Remaining: 123.9
260 370.3 , Est Remaining: 122.5
261 371.8 , Est Remaining: 121.1
262 373.2 , Est Remaining: 119.6
263 374.6 , Est Remaining: 118.2
264 376.1 , Est Remaining: 116.8
265 377.5 , Est Remaining: 115.4
266 378.9 , Est Remaining: 114.0
267 380.3 , Est Remaining: 112.5
268 381.8 , Est Remaining: 111.1
269 383.2 , Est Remaining: 109.7
270 384.6 , Est Remaining: 108.3
271 386.0 , Est Remaining: 106.8
272 387.5 , Est Remaining: 105.4
273 388.9 , Est Remaining: 104.0
274 390.3 , Est Remaining: 102.6
275 391.8 , Est Remaining: 101.1
276 393.2 , Est Remaining: 99.7
EVENT FAILED
276 393.5 , Est Remaining: 99.8
277 394.9 , Est Remaining: 98.4
278 396.3 , Est Remaining: 96.9
279 397.7 , Est Remaining: 95.5
280 399.1 , Est Remaining: 94.1
281 400.6 , Est Remaining: 92.7
282 402.0 , Est Remaining: 91.2
283 403.4 , Est Remaining: 89.8
284 404.8 , Est Remaining: 88.4
285 406.2 , Est Remaining: 87.0
286 407.7 , Est Remaining: 85.5
287 409.1 , Est Remaining: 84.1
288 410.5 , Est Remaining: 82.7
289 412.0 , Est Remaining: 81.3
290 413.4 , Est Remaining: 79.8
291 414.9 , Est Remaining: 78.4
292 416.3 , Est Remaining: 77.0
293 417.6 , Est Remaining: 75.5
294 419.1 , Est Remaining: 74.1
295 420.5 , Est Remaining: 72.7
296 421.9 , Est Remaining: 71.3
297 423.3 , Est Remaining: 69.8
298 424.8 , Est Remaining: 68.4
299 426.2 , Est Remaining: 67.0
300 427.6 , Est Remaining: 65.6
301 429.2 , Est Remaining: 64.2
302 430.6 , Est Remaining: 62.7
303 432.1 , Est Remaining: 61.3
304 433.4 , Est Remaining: 59.9
305 434.9 , Est Remaining: 58.5
306 436.3 , Est Remaining: 57.0
307 437.7 , Est Remaining: 55.6
308 439.1 , Est Remaining: 54.2
309 440.6 , Est Remaining: 52.8
310 442.0 , Est Remaining: 51.3
311 443.4 , Est Remaining: 49.9
312 444.9 , Est Remaining: 48.5
313 446.3 , Est Remaining: 47.1
314 447.7 , Est Remaining: 45.6
315 449.1 , Est Remaining: 44.2
316 450.5 , Est Remaining: 42.8
317 452.0 , Est Remaining: 41.3
318 453.5 , Est Remaining: 39.9
319 454.9 , Est Remaining: 38.5
320 456.3 , Est Remaining: 37.1
321 457.7 , Est Remaining: 35.6
322 459.2 , Est Remaining: 34.2
EVENT FAILED
322 459.5 , Est Remaining: 34.2
323 460.9 , Est Remaining: 32.8
324 462.4 , Est Remaining: 31.4
325 463.8 , Est Remaining: 30.0
326 465.2 , Est Remaining: 28.5
327 466.6 , Est Remaining: 27.1
328 468.1 , Est Remaining: 25.7
329 469.5 , Est Remaining: 24.3
330 470.9 , Est Remaining: 22.8
331 472.4 , Est Remaining: 21.4
332 473.8 , Est Remaining: 20.0
333 475.3 , Est Remaining: 18.6
334 476.7 , Est Remaining: 17.1
335 478.2 , Est Remaining: 15.7
336 479.6 , Est Remaining: 14.3
337 481.0 , Est Remaining: 12.8
338 482.4 , Est Remaining: 11.4
