Note: NumExpr detected 32 cores but "NUMEXPR_MAX_THREADS" not set, so enforcing safe limit of 8.
Using selector: EpollSelector
/n/home02/jhaefner/miniconda/envs/IC-3.7-2020-06-16/lib/python3.7/site-packages/scipy/optimize/minpack.py:808: OptimizeWarning: Covariance of the parameters could not be estimated
  category=OptimizeWarning)
Total rwfs: 346
0 0.0 , Est Remaining: 999999.9
1 1.5 , Est Remaining: 515.9
2 3.0 , Est Remaining: 509.3
3 4.4 , Est Remaining: 508.5
4 5.9 , Est Remaining: 504.1
5 7.4 , Est Remaining: 501.4
6 8.8 , Est Remaining: 498.5
7 10.2 , Est Remaining: 494.7
8 11.7 , Est Remaining: 492.4
9 13.1 , Est Remaining: 489.7
10 14.5 , Est Remaining: 488.0
11 16.0 , Est Remaining: 486.6
12 17.4 , Est Remaining: 485.6
13 18.9 , Est Remaining: 483.7
14 20.3 , Est Remaining: 482.0
15 21.8 , Est Remaining: 480.1
16 23.2 , Est Remaining: 478.5
17 24.6 , Est Remaining: 476.7
18 26.1 , Est Remaining: 475.0
19 27.5 , Est Remaining: 473.5
20 29.0 , Est Remaining: 471.9
21 30.4 , Est Remaining: 470.5
22 31.9 , Est Remaining: 469.4
23 33.3 , Est Remaining: 468.3
EVENT FAILED
23 33.7 , Est Remaining: 472.8
24 35.1 , Est Remaining: 471.2
25 36.6 , Est Remaining: 469.5
26 38.0 , Est Remaining: 468.0
27 39.5 , Est Remaining: 466.6
28 41.0 , Est Remaining: 465.1
29 42.4 , Est Remaining: 463.7
30 43.9 , Est Remaining: 462.1
31 45.3 , Est Remaining: 460.5
32 46.8 , Est Remaining: 459.0
33 48.2 , Est Remaining: 457.5
34 49.7 , Est Remaining: 456.2
35 51.2 , Est Remaining: 454.8
36 52.6 , Est Remaining: 453.3
37 54.1 , Est Remaining: 452.0
38 55.6 , Est Remaining: 450.4
39 57.0 , Est Remaining: 449.0
40 58.5 , Est Remaining: 447.7
41 60.0 , Est Remaining: 446.3
42 61.5 , Est Remaining: 444.8
43 62.9 , Est Remaining: 443.4
EVENT FAILED
43 63.2 , Est Remaining: 445.6
44 64.7 , Est Remaining: 444.2
45 66.2 , Est Remaining: 442.7
46 67.7 , Est Remaining: 441.3
47 69.1 , Est Remaining: 439.8
48 70.6 , Est Remaining: 438.5
49 72.1 , Est Remaining: 437.1
50 73.6 , Est Remaining: 435.7
51 75.1 , Est Remaining: 434.3
52 76.6 , Est Remaining: 432.8
53 78.0 , Est Remaining: 431.3
54 79.5 , Est Remaining: 429.9
EVENT FAILED
54 79.8 , Est Remaining: 431.6
55 81.3 , Est Remaining: 430.1
56 82.7 , Est Remaining: 428.5
57 84.2 , Est Remaining: 427.0
58 85.7 , Est Remaining: 425.4
59 87.1 , Est Remaining: 423.9
60 88.6 , Est Remaining: 422.3
61 90.1 , Est Remaining: 420.7
62 91.5 , Est Remaining: 419.1
63 92.9 , Est Remaining: 417.5
64 94.4 , Est Remaining: 416.0
65 95.9 , Est Remaining: 414.4
66 97.3 , Est Remaining: 412.8
67 98.8 , Est Remaining: 411.3
68 100.2 , Est Remaining: 409.8
69 101.7 , Est Remaining: 408.4
70 103.2 , Est Remaining: 406.8
71 104.7 , Est Remaining: 405.4
72 106.1 , Est Remaining: 403.8
73 107.6 , Est Remaining: 402.3
74 109.0 , Est Remaining: 400.7
75 110.5 , Est Remaining: 399.1
76 111.9 , Est Remaining: 397.6
77 113.4 , Est Remaining: 396.1
78 114.8 , Est Remaining: 394.5
79 116.3 , Est Remaining: 392.9
EVENT FAILED
79 116.6 , Est Remaining: 394.0
80 118.0 , Est Remaining: 392.5
81 119.5 , Est Remaining: 390.9
82 120.9 , Est Remaining: 389.4
83 122.4 , Est Remaining: 387.8
84 123.8 , Est Remaining: 386.2
85 125.3 , Est Remaining: 384.6
EVENT FAILED
85 125.6 , Est Remaining: 385.6
86 127.1 , Est Remaining: 384.1
87 128.5 , Est Remaining: 382.6
88 130.0 , Est Remaining: 381.1
EVENT FAILED
88 130.3 , Est Remaining: 382.1
89 131.8 , Est Remaining: 380.6
90 133.3 , Est Remaining: 379.1
91 134.7 , Est Remaining: 377.5
92 136.2 , Est Remaining: 376.0
93 137.7 , Est Remaining: 374.5
94 139.1 , Est Remaining: 372.9
95 140.6 , Est Remaining: 371.4
96 142.0 , Est Remaining: 369.8
97 143.5 , Est Remaining: 368.3
98 144.9 , Est Remaining: 366.8
99 146.4 , Est Remaining: 365.3
100 147.9 , Est Remaining: 363.8
101 149.3 , Est Remaining: 362.2
102 150.8 , Est Remaining: 360.7
103 152.3 , Est Remaining: 359.4
104 153.8 , Est Remaining: 357.9
105 155.3 , Est Remaining: 356.3
106 156.7 , Est Remaining: 354.8
107 158.2 , Est Remaining: 353.3
108 159.6 , Est Remaining: 351.8
109 161.1 , Est Remaining: 350.3
110 162.6 , Est Remaining: 348.7
111 164.0 , Est Remaining: 347.3
112 165.5 , Est Remaining: 345.8
113 167.0 , Est Remaining: 344.3
114 168.4 , Est Remaining: 342.8
115 169.9 , Est Remaining: 341.3
116 171.4 , Est Remaining: 339.8
117 172.8 , Est Remaining: 338.3
118 174.3 , Est Remaining: 336.7
119 175.8 , Est Remaining: 335.3
120 177.2 , Est Remaining: 333.8
121 178.7 , Est Remaining: 332.2
122 180.1 , Est Remaining: 330.7
123 181.6 , Est Remaining: 329.2
124 183.0 , Est Remaining: 327.6
125 184.4 , Est Remaining: 326.1
126 185.9 , Est Remaining: 324.6
127 187.4 , Est Remaining: 323.1
128 188.8 , Est Remaining: 321.6
129 190.3 , Est Remaining: 320.1
130 191.7 , Est Remaining: 318.5
131 193.2 , Est Remaining: 317.1
132 194.7 , Est Remaining: 315.6
133 196.1 , Est Remaining: 314.1
134 197.5 , Est Remaining: 312.5
135 199.0 , Est Remaining: 311.0
136 200.4 , Est Remaining: 309.5
137 201.9 , Est Remaining: 308.0
138 203.3 , Est Remaining: 306.4
139 204.8 , Est Remaining: 304.9
140 206.2 , Est Remaining: 303.4
EVENT FAILED
140 206.5 , Est Remaining: 303.9
141 208.0 , Est Remaining: 302.4
142 209.4 , Est Remaining: 300.9
143 210.9 , Est Remaining: 299.4
144 212.3 , Est Remaining: 297.9
145 213.8 , Est Remaining: 296.4
146 215.3 , Est Remaining: 294.9
147 216.7 , Est Remaining: 293.4
148 218.1 , Est Remaining: 291.8
149 219.5 , Est Remaining: 290.2
150 220.9 , Est Remaining: 288.6
151 222.3 , Est Remaining: 287.0
152 223.6 , Est Remaining: 285.4
153 225.0 , Est Remaining: 283.8
154 226.3 , Est Remaining: 282.1
155 227.7 , Est Remaining: 280.5
156 229.0 , Est Remaining: 278.9
157 230.3 , Est Remaining: 277.3
158 231.7 , Est Remaining: 275.7
159 233.0 , Est Remaining: 274.1
160 234.4 , Est Remaining: 272.5
161 235.7 , Est Remaining: 270.8
162 237.0 , Est Remaining: 269.2
163 238.3 , Est Remaining: 267.6
164 239.7 , Est Remaining: 266.0
165 241.0 , Est Remaining: 264.3
166 242.3 , Est Remaining: 262.7
167 243.6 , Est Remaining: 261.1
168 245.0 , Est Remaining: 259.5
169 246.3 , Est Remaining: 258.0
170 247.6 , Est Remaining: 256.4
171 249.0 , Est Remaining: 254.8
172 250.3 , Est Remaining: 253.2
EVENT FAILED
172 250.6 , Est Remaining: 253.5
173 251.9 , Est Remaining: 251.9
174 253.3 , Est Remaining: 250.4
175 254.6 , Est Remaining: 248.8
176 255.9 , Est Remaining: 247.2
177 257.2 , Est Remaining: 245.6
178 258.6 , Est Remaining: 244.0
179 259.9 , Est Remaining: 242.5
180 261.2 , Est Remaining: 240.9
181 262.5 , Est Remaining: 239.3
182 263.9 , Est Remaining: 237.8
183 265.2 , Est Remaining: 236.2
184 266.5 , Est Remaining: 234.7
185 267.8 , Est Remaining: 233.1
186 269.2 , Est Remaining: 231.5
187 270.5 , Est Remaining: 230.0
188 271.8 , Est Remaining: 228.5
189 273.2 , Est Remaining: 226.9
190 274.5 , Est Remaining: 225.4
191 275.8 , Est Remaining: 223.9
192 277.2 , Est Remaining: 222.3
193 278.5 , Est Remaining: 220.8
194 279.8 , Est Remaining: 219.3
195 281.2 , Est Remaining: 217.7
196 282.5 , Est Remaining: 216.2
197 283.8 , Est Remaining: 214.7
198 285.1 , Est Remaining: 213.1
199 286.5 , Est Remaining: 211.6
200 287.8 , Est Remaining: 210.1
EVENT FAILED
200 288.1 , Est Remaining: 210.3
201 289.4 , Est Remaining: 208.8
202 290.7 , Est Remaining: 207.3
203 292.2 , Est Remaining: 205.8
204 293.5 , Est Remaining: 204.3
205 294.8 , Est Remaining: 202.8
206 296.2 , Est Remaining: 201.3
207 297.5 , Est Remaining: 199.8
208 298.8 , Est Remaining: 198.3
209 300.2 , Est Remaining: 196.8
210 301.5 , Est Remaining: 195.3
211 302.8 , Est Remaining: 193.8
212 304.1 , Est Remaining: 192.2
213 305.5 , Est Remaining: 190.7
214 306.8 , Est Remaining: 189.2
215 308.1 , Est Remaining: 187.7
216 309.4 , Est Remaining: 186.2
217 310.8 , Est Remaining: 184.7
218 312.1 , Est Remaining: 183.3
219 313.5 , Est Remaining: 181.8
220 314.9 , Est Remaining: 180.4
221 316.3 , Est Remaining: 178.9
222 317.7 , Est Remaining: 177.5
223 319.1 , Est Remaining: 176.0
224 320.4 , Est Remaining: 174.5
225 321.8 , Est Remaining: 173.1
226 323.3 , Est Remaining: 171.6
227 324.7 , Est Remaining: 170.2
228 326.1 , Est Remaining: 168.8
229 327.6 , Est Remaining: 167.4
230 329.0 , Est Remaining: 165.9
231 330.4 , Est Remaining: 164.5
232 331.9 , Est Remaining: 163.1
233 333.4 , Est Remaining: 161.7
234 334.8 , Est Remaining: 160.3
235 336.3 , Est Remaining: 158.8
236 337.7 , Est Remaining: 157.4
237 339.2 , Est Remaining: 156.0
238 340.7 , Est Remaining: 154.6
239 342.2 , Est Remaining: 153.2
240 343.6 , Est Remaining: 151.8
241 345.1 , Est Remaining: 150.3
242 346.5 , Est Remaining: 148.9
243 348.0 , Est Remaining: 147.5
244 349.4 , Est Remaining: 146.1
245 350.9 , Est Remaining: 144.7
246 352.3 , Est Remaining: 143.2
247 353.8 , Est Remaining: 141.8
248 355.3 , Est Remaining: 140.4
249 356.7 , Est Remaining: 139.0
250 358.2 , Est Remaining: 137.5
251 359.6 , Est Remaining: 136.1
252 361.1 , Est Remaining: 134.7
253 362.5 , Est Remaining: 133.3
254 364.0 , Est Remaining: 131.8
255 365.4 , Est Remaining: 130.4
256 366.8 , Est Remaining: 129.0
257 368.3 , Est Remaining: 127.5
258 369.7 , Est Remaining: 126.1
259 371.1 , Est Remaining: 124.7
260 372.6 , Est Remaining: 123.2
261 374.1 , Est Remaining: 121.8
262 375.5 , Est Remaining: 120.4
263 377.0 , Est Remaining: 119.0
264 378.4 , Est Remaining: 117.5
265 379.9 , Est Remaining: 116.1
266 381.4 , Est Remaining: 114.7
267 382.8 , Est Remaining: 113.3
268 384.2 , Est Remaining: 111.8
269 385.7 , Est Remaining: 110.4
270 387.1 , Est Remaining: 109.0
271 388.6 , Est Remaining: 107.5
272 390.0 , Est Remaining: 106.1
273 391.5 , Est Remaining: 104.7
274 392.9 , Est Remaining: 103.3
275 394.4 , Est Remaining: 101.8
276 395.8 , Est Remaining: 100.4
277 397.3 , Est Remaining: 99.0
278 398.7 , Est Remaining: 97.5
279 400.2 , Est Remaining: 96.1
280 401.6 , Est Remaining: 94.7
281 403.0 , Est Remaining: 93.2
282 404.5 , Est Remaining: 91.8
283 405.9 , Est Remaining: 90.4
284 407.4 , Est Remaining: 88.9
285 408.8 , Est Remaining: 87.5
286 410.2 , Est Remaining: 86.1
287 411.7 , Est Remaining: 84.6
288 413.1 , Est Remaining: 83.2
289 414.6 , Est Remaining: 81.8
290 416.0 , Est Remaining: 80.3
291 417.4 , Est Remaining: 78.9
292 418.9 , Est Remaining: 77.5
293 420.3 , Est Remaining: 76.0
294 421.7 , Est Remaining: 74.6
295 423.2 , Est Remaining: 73.2
296 424.6 , Est Remaining: 71.7
297 426.0 , Est Remaining: 70.3
298 427.4 , Est Remaining: 68.8
299 428.9 , Est Remaining: 67.4
300 430.3 , Est Remaining: 66.0
301 431.8 , Est Remaining: 64.6
302 433.4 , Est Remaining: 63.1
303 434.8 , Est Remaining: 61.7
304 436.3 , Est Remaining: 60.3
305 437.8 , Est Remaining: 58.8
306 439.2 , Est Remaining: 57.4
307 440.7 , Est Remaining: 56.0
308 442.1 , Est Remaining: 54.5
309 443.6 , Est Remaining: 53.1
310 445.0 , Est Remaining: 51.7
311 446.5 , Est Remaining: 50.2
312 447.9 , Est Remaining: 48.8
313 449.3 , Est Remaining: 47.4
314 450.8 , Est Remaining: 45.9
315 452.2 , Est Remaining: 44.5
316 453.7 , Est Remaining: 43.1
317 455.1 , Est Remaining: 41.6
318 456.6 , Est Remaining: 40.2
319 458.0 , Est Remaining: 38.8
320 459.4 , Est Remaining: 37.3
321 460.9 , Est Remaining: 35.9
322 462.3 , Est Remaining: 34.5
323 463.8 , Est Remaining: 33.0
324 465.2 , Est Remaining: 31.6
325 466.7 , Est Remaining: 30.2
326 468.1 , Est Remaining: 28.7
327 469.6 , Est Remaining: 27.3
328 471.0 , Est Remaining: 25.8
329 472.5 , Est Remaining: 24.4
330 473.9 , Est Remaining: 23.0
331 475.4 , Est Remaining: 21.5
332 476.8 , Est Remaining: 20.1
333 478.2 , Est Remaining: 18.7
334 479.7 , Est Remaining: 17.2
335 481.1 , Est Remaining: 15.8
336 482.6 , Est Remaining: 14.4
