Note: NumExpr detected 32 cores but "NUMEXPR_MAX_THREADS" not set, so enforcing safe limit of 8.
Using selector: EpollSelector
/n/home02/jhaefner/miniconda/envs/IC-3.7-2020-06-16/lib/python3.7/site-packages/scipy/optimize/minpack.py:808: OptimizeWarning: Covariance of the parameters could not be estimated
  category=OptimizeWarning)
Total rwfs: 346
0 0.0 , Est Remaining: 999999.9
1 1.4 , Est Remaining: 476.6
2 2.7 , Est Remaining: 472.4
3 4.1 , Est Remaining: 473.5
4 5.5 , Est Remaining: 468.9
5 6.8 , Est Remaining: 466.3
6 8.2 , Est Remaining: 465.1
7 9.5 , Est Remaining: 462.4
8 10.9 , Est Remaining: 459.6
9 12.2 , Est Remaining: 458.1
10 13.6 , Est Remaining: 456.1
11 14.9 , Est Remaining: 453.8
12 16.2 , Est Remaining: 452.2
13 17.6 , Est Remaining: 450.4
14 18.9 , Est Remaining: 448.8
15 20.2 , Est Remaining: 446.7
16 21.6 , Est Remaining: 446.4
17 23.0 , Est Remaining: 444.5
18 24.3 , Est Remaining: 442.7
19 25.6 , Est Remaining: 440.9
20 26.9 , Est Remaining: 439.0
21 28.2 , Est Remaining: 437.1
22 29.6 , Est Remaining: 435.3
23 30.9 , Est Remaining: 433.5
24 32.2 , Est Remaining: 432.3
EVENT FAILED
24 32.5 , Est Remaining: 436.3
25 33.8 , Est Remaining: 434.5
26 35.2 , Est Remaining: 432.7
27 36.5 , Est Remaining: 430.8
28 37.8 , Est Remaining: 429.1
29 39.1 , Est Remaining: 427.4
30 40.4 , Est Remaining: 425.7
31 41.7 , Est Remaining: 424.0
32 43.1 , Est Remaining: 422.4
33 44.4 , Est Remaining: 421.2
34 45.7 , Est Remaining: 419.6
35 47.0 , Est Remaining: 418.0
36 48.3 , Est Remaining: 416.3
37 49.7 , Est Remaining: 414.7
38 51.0 , Est Remaining: 413.2
39 52.3 , Est Remaining: 411.6
40 53.6 , Est Remaining: 410.1
41 54.9 , Est Remaining: 408.7
42 56.2 , Est Remaining: 407.1
43 57.6 , Est Remaining: 405.6
44 58.9 , Est Remaining: 404.3
45 60.2 , Est Remaining: 402.9
46 61.6 , Est Remaining: 401.6
47 62.9 , Est Remaining: 400.2
48 64.2 , Est Remaining: 398.8
49 65.5 , Est Remaining: 397.3
50 66.9 , Est Remaining: 395.9
51 68.2 , Est Remaining: 394.5
52 69.5 , Est Remaining: 393.0
53 70.8 , Est Remaining: 391.6
54 72.1 , Est Remaining: 390.1
55 73.5 , Est Remaining: 388.7
56 74.8 , Est Remaining: 387.4
57 76.1 , Est Remaining: 385.9
58 77.4 , Est Remaining: 384.5
59 78.7 , Est Remaining: 383.0
60 80.1 , Est Remaining: 381.6
61 81.4 , Est Remaining: 380.2
62 82.7 , Est Remaining: 378.8
63 84.0 , Est Remaining: 377.4
64 85.3 , Est Remaining: 376.0
65 86.6 , Est Remaining: 374.6
66 88.0 , Est Remaining: 373.2
67 89.3 , Est Remaining: 371.9
68 90.6 , Est Remaining: 370.5
69 91.9 , Est Remaining: 369.1
70 93.3 , Est Remaining: 367.7
71 94.6 , Est Remaining: 366.3
72 95.9 , Est Remaining: 364.9
73 97.2 , Est Remaining: 363.6
74 98.6 , Est Remaining: 362.3
75 99.9 , Est Remaining: 360.9
76 101.2 , Est Remaining: 359.6
77 102.5 , Est Remaining: 358.2
78 103.9 , Est Remaining: 357.0
79 105.2 , Est Remaining: 355.7
80 106.6 , Est Remaining: 354.3
81 107.9 , Est Remaining: 352.9
82 109.2 , Est Remaining: 351.6
83 110.5 , Est Remaining: 350.2
84 111.8 , Est Remaining: 348.8
EVENT FAILED
84 112.1 , Est Remaining: 349.7
85 113.4 , Est Remaining: 348.3
86 114.8 , Est Remaining: 347.0
87 116.1 , Est Remaining: 345.6
EVENT FAILED
87 116.4 , Est Remaining: 346.5
88 117.7 , Est Remaining: 345.1
89 119.0 , Est Remaining: 343.8
90 120.4 , Est Remaining: 342.4
91 121.7 , Est Remaining: 341.0
92 123.0 , Est Remaining: 339.6
93 124.3 , Est Remaining: 338.3
94 125.7 , Est Remaining: 336.9
95 127.0 , Est Remaining: 335.5
96 128.3 , Est Remaining: 334.1
97 129.6 , Est Remaining: 332.7
98 130.9 , Est Remaining: 331.3
99 132.2 , Est Remaining: 329.9
100 133.6 , Est Remaining: 328.6
101 134.9 , Est Remaining: 327.2
102 136.2 , Est Remaining: 325.8
103 137.6 , Est Remaining: 324.6
104 138.9 , Est Remaining: 323.2
105 140.2 , Est Remaining: 321.8
106 141.5 , Est Remaining: 320.5
107 142.8 , Est Remaining: 319.1
108 144.2 , Est Remaining: 317.7
109 145.5 , Est Remaining: 316.3
110 146.8 , Est Remaining: 315.0
111 148.1 , Est Remaining: 313.6
112 149.4 , Est Remaining: 312.2
113 150.8 , Est Remaining: 310.9
114 152.1 , Est Remaining: 309.5
115 153.4 , Est Remaining: 308.1
116 154.7 , Est Remaining: 306.8
117 156.0 , Est Remaining: 305.4
118 157.4 , Est Remaining: 304.0
119 158.7 , Est Remaining: 302.7
120 160.0 , Est Remaining: 301.3
121 161.3 , Est Remaining: 299.9
122 162.6 , Est Remaining: 298.6
123 164.0 , Est Remaining: 297.2
124 165.3 , Est Remaining: 295.9
125 166.6 , Est Remaining: 294.5
126 167.9 , Est Remaining: 293.1
127 169.2 , Est Remaining: 291.8
128 170.5 , Est Remaining: 290.4
129 171.8 , Est Remaining: 289.1
130 173.2 , Est Remaining: 287.7
131 174.5 , Est Remaining: 286.4
132 175.8 , Est Remaining: 285.0
133 177.1 , Est Remaining: 283.7
134 178.5 , Est Remaining: 282.3
135 179.8 , Est Remaining: 281.0
136 181.1 , Est Remaining: 279.7
137 182.5 , Est Remaining: 278.4
138 183.8 , Est Remaining: 277.0
139 185.1 , Est Remaining: 275.7
140 186.4 , Est Remaining: 274.3
141 187.8 , Est Remaining: 273.0
142 189.1 , Est Remaining: 271.6
143 190.4 , Est Remaining: 270.3
144 191.7 , Est Remaining: 269.0
145 193.1 , Est Remaining: 267.6
146 194.4 , Est Remaining: 266.3
147 195.7 , Est Remaining: 265.0
148 197.0 , Est Remaining: 263.6
149 198.4 , Est Remaining: 262.3
150 199.7 , Est Remaining: 260.9
151 201.0 , Est Remaining: 259.6
152 202.3 , Est Remaining: 258.2
153 203.7 , Est Remaining: 256.9
154 205.0 , Est Remaining: 255.6
155 206.3 , Est Remaining: 254.2
156 207.6 , Est Remaining: 252.9
157 209.0 , Est Remaining: 251.6
158 210.3 , Est Remaining: 250.2
159 211.6 , Est Remaining: 248.9
160 212.9 , Est Remaining: 247.5
161 214.2 , Est Remaining: 246.2
162 215.4 , Est Remaining: 244.7
163 216.7 , Est Remaining: 243.3
164 218.0 , Est Remaining: 242.0
165 219.3 , Est Remaining: 240.6
166 220.7 , Est Remaining: 239.3
167 222.0 , Est Remaining: 237.9
168 223.3 , Est Remaining: 236.6
169 224.6 , Est Remaining: 235.2
EVENT FAILED
169 224.9 , Est Remaining: 235.5
170 226.2 , Est Remaining: 234.2
171 227.5 , Est Remaining: 232.8
172 228.8 , Est Remaining: 231.5
173 230.1 , Est Remaining: 230.1
174 231.4 , Est Remaining: 228.8
175 232.8 , Est Remaining: 227.4
176 234.1 , Est Remaining: 226.1
177 235.4 , Est Remaining: 224.8
178 236.7 , Est Remaining: 223.4
179 238.0 , Est Remaining: 222.1
180 239.3 , Est Remaining: 220.7
181 240.6 , Est Remaining: 219.4
EVENT FAILED
181 240.9 , Est Remaining: 219.6
182 242.2 , Est Remaining: 218.3
183 243.6 , Est Remaining: 216.9
184 244.9 , Est Remaining: 215.6
185 246.2 , Est Remaining: 214.3
186 247.5 , Est Remaining: 212.9
187 248.9 , Est Remaining: 211.6
188 250.2 , Est Remaining: 210.3
189 251.5 , Est Remaining: 208.9
190 252.8 , Est Remaining: 207.6
191 254.2 , Est Remaining: 206.3
EVENT FAILED
191 254.5 , Est Remaining: 206.5
192 255.8 , Est Remaining: 205.2
193 257.1 , Est Remaining: 203.8
194 258.4 , Est Remaining: 202.5
195 259.7 , Est Remaining: 201.1
196 261.0 , Est Remaining: 199.8
197 262.4 , Est Remaining: 198.4
198 263.7 , Est Remaining: 197.1
EVENT FAILED
198 264.0 , Est Remaining: 197.3
199 265.3 , Est Remaining: 196.0
200 266.6 , Est Remaining: 194.6
201 267.9 , Est Remaining: 193.3
202 269.2 , Est Remaining: 191.9
203 270.7 , Est Remaining: 190.7
204 272.0 , Est Remaining: 189.3
205 273.3 , Est Remaining: 188.0
206 274.6 , Est Remaining: 186.6
207 275.9 , Est Remaining: 185.3
208 277.3 , Est Remaining: 184.0
209 278.7 , Est Remaining: 182.7
210 280.0 , Est Remaining: 181.4
211 281.4 , Est Remaining: 180.0
212 282.7 , Est Remaining: 178.7
213 284.0 , Est Remaining: 177.3
214 285.3 , Est Remaining: 176.0
215 286.6 , Est Remaining: 174.7
216 288.0 , Est Remaining: 173.3
217 289.3 , Est Remaining: 172.0
218 290.6 , Est Remaining: 170.6
219 291.9 , Est Remaining: 169.3
220 293.2 , Est Remaining: 167.9
221 294.6 , Est Remaining: 166.6
222 295.9 , Est Remaining: 165.3
223 297.2 , Est Remaining: 163.9
224 298.5 , Est Remaining: 162.6
225 299.9 , Est Remaining: 161.3
226 301.2 , Est Remaining: 159.9
227 302.5 , Est Remaining: 158.6
228 303.8 , Est Remaining: 157.2
229 305.1 , Est Remaining: 155.9
230 306.4 , Est Remaining: 154.5
231 307.7 , Est Remaining: 153.2
232 309.0 , Est Remaining: 151.8
233 310.4 , Est Remaining: 150.5
234 311.7 , Est Remaining: 149.2
235 313.0 , Est Remaining: 147.9
236 314.3 , Est Remaining: 146.5
237 315.6 , Est Remaining: 145.2
238 317.0 , Est Remaining: 143.8
239 318.3 , Est Remaining: 142.5
240 319.6 , Est Remaining: 141.2
241 320.9 , Est Remaining: 139.8
242 322.2 , Est Remaining: 138.5
243 323.5 , Est Remaining: 137.1
244 324.8 , Est Remaining: 135.8
245 326.2 , Est Remaining: 134.5
246 327.5 , Est Remaining: 133.1
247 328.8 , Est Remaining: 131.8
248 330.1 , Est Remaining: 130.4
249 331.4 , Est Remaining: 129.1
250 332.7 , Est Remaining: 127.8
251 334.0 , Est Remaining: 126.4
252 335.3 , Est Remaining: 125.1
253 336.7 , Est Remaining: 123.7
254 338.0 , Est Remaining: 122.4
255 339.3 , Est Remaining: 121.1
256 340.6 , Est Remaining: 119.7
257 341.9 , Est Remaining: 118.4
258 343.2 , Est Remaining: 117.1
259 344.5 , Est Remaining: 115.7
260 345.9 , Est Remaining: 114.4
261 347.2 , Est Remaining: 113.1
262 348.5 , Est Remaining: 111.7
263 349.8 , Est Remaining: 110.4
264 351.1 , Est Remaining: 109.1
EVENT FAILED
264 351.4 , Est Remaining: 109.1
265 352.7 , Est Remaining: 107.8
266 354.0 , Est Remaining: 106.5
267 355.3 , Est Remaining: 105.1
268 356.6 , Est Remaining: 103.8
269 357.9 , Est Remaining: 102.5
270 359.2 , Est Remaining: 101.1
271 360.6 , Est Remaining: 99.8
EVENT FAILED
271 360.9 , Est Remaining: 99.9
272 362.2 , Est Remaining: 98.5
273 363.5 , Est Remaining: 97.2
274 364.8 , Est Remaining: 95.9
275 366.1 , Est Remaining: 94.5
276 367.4 , Est Remaining: 93.2
277 368.7 , Est Remaining: 91.8
278 370.0 , Est Remaining: 90.5
279 371.3 , Est Remaining: 89.2
280 372.6 , Est Remaining: 87.8
281 373.9 , Est Remaining: 86.5
282 375.2 , Est Remaining: 85.2
283 376.5 , Est Remaining: 83.8
284 377.8 , Est Remaining: 82.5
285 379.2 , Est Remaining: 81.2
286 380.5 , Est Remaining: 79.8
287 381.8 , Est Remaining: 78.5
288 383.1 , Est Remaining: 77.1
289 384.4 , Est Remaining: 75.8
290 385.7 , Est Remaining: 74.5
EVENT FAILED
290 386.0 , Est Remaining: 74.5
291 387.3 , Est Remaining: 73.2
292 388.6 , Est Remaining: 71.9
293 389.9 , Est Remaining: 70.5
294 391.2 , Est Remaining: 69.2
295 392.5 , Est Remaining: 67.9
296 393.8 , Est Remaining: 66.5
297 395.1 , Est Remaining: 65.2
298 396.4 , Est Remaining: 63.9
299 397.7 , Est Remaining: 62.5
300 399.1 , Est Remaining: 61.2
301 400.5 , Est Remaining: 59.9
EVENT FAILED
301 400.8 , Est Remaining: 59.9
302 402.1 , Est Remaining: 58.6
303 403.4 , Est Remaining: 57.3
304 404.7 , Est Remaining: 55.9
EVENT FAILED
304 405.0 , Est Remaining: 56.0
305 406.4 , Est Remaining: 54.6
306 407.7 , Est Remaining: 53.3
307 409.0 , Est Remaining: 52.0
308 410.3 , Est Remaining: 50.6
EVENT FAILED
308 410.6 , Est Remaining: 50.7
309 411.9 , Est Remaining: 49.3
310 413.2 , Est Remaining: 48.0
311 414.5 , Est Remaining: 46.6
312 415.8 , Est Remaining: 45.3
313 417.2 , Est Remaining: 44.0
314 418.5 , Est Remaining: 42.6
315 419.8 , Est Remaining: 41.3
316 421.1 , Est Remaining: 40.0
317 422.4 , Est Remaining: 38.6
318 423.7 , Est Remaining: 37.3
319 425.0 , Est Remaining: 36.0
320 426.4 , Est Remaining: 34.6
321 427.7 , Est Remaining: 33.3
322 429.0 , Est Remaining: 32.0
323 430.3 , Est Remaining: 30.6
324 431.6 , Est Remaining: 29.3
325 432.9 , Est Remaining: 28.0
326 434.2 , Est Remaining: 26.6
327 435.5 , Est Remaining: 25.3
328 436.8 , Est Remaining: 24.0
329 438.1 , Est Remaining: 22.6
330 439.4 , Est Remaining: 21.3
331 440.8 , Est Remaining: 20.0
332 442.1 , Est Remaining: 18.6
