Note: NumExpr detected 32 cores but "NUMEXPR_MAX_THREADS" not set, so enforcing safe limit of 8.
Using selector: EpollSelector
/n/home02/jhaefner/miniconda/envs/IC-3.7-2020-06-16/lib/python3.7/site-packages/scipy/optimize/minpack.py:808: OptimizeWarning: Covariance of the parameters could not be estimated
  category=OptimizeWarning)
Total rwfs: 346
0 0.0 , Est Remaining: 999999.9
1 1.4 , Est Remaining: 480.0
2 2.8 , Est Remaining: 478.0
3 4.2 , Est Remaining: 476.9
4 5.5 , Est Remaining: 471.9
5 6.9 , Est Remaining: 468.9
6 8.3 , Est Remaining: 467.6
7 9.6 , Est Remaining: 464.5
8 11.0 , Est Remaining: 463.6
9 12.3 , Est Remaining: 461.5
10 13.7 , Est Remaining: 459.4
11 15.0 , Est Remaining: 457.6
12 16.4 , Est Remaining: 456.0
13 17.7 , Est Remaining: 454.3
14 19.1 , Est Remaining: 452.8
15 20.4 , Est Remaining: 451.1
16 21.8 , Est Remaining: 449.7
17 23.2 , Est Remaining: 448.3
18 24.5 , Est Remaining: 446.7
19 25.9 , Est Remaining: 445.0
20 27.2 , Est Remaining: 443.5
21 28.6 , Est Remaining: 441.9
22 29.9 , Est Remaining: 440.3
23 31.3 , Est Remaining: 438.9
24 32.6 , Est Remaining: 437.5
25 34.0 , Est Remaining: 436.0
26 35.3 , Est Remaining: 434.4
27 36.6 , Est Remaining: 433.0
28 38.0 , Est Remaining: 431.5
29 39.3 , Est Remaining: 430.0
EVENT FAILED
29 39.6 , Est Remaining: 433.3
30 41.0 , Est Remaining: 431.7
31 42.4 , Est Remaining: 430.4
32 43.7 , Est Remaining: 429.0
33 45.1 , Est Remaining: 427.5
34 46.4 , Est Remaining: 426.1
35 47.8 , Est Remaining: 424.8
36 49.2 , Est Remaining: 423.4
37 50.5 , Est Remaining: 422.0
38 51.9 , Est Remaining: 420.4
39 53.2 , Est Remaining: 419.0
40 54.6 , Est Remaining: 417.5
41 55.9 , Est Remaining: 416.0
42 57.3 , Est Remaining: 414.5
43 58.6 , Est Remaining: 413.1
44 60.0 , Est Remaining: 411.7
45 61.3 , Est Remaining: 410.3
46 62.7 , Est Remaining: 408.8
47 64.0 , Est Remaining: 407.2
48 65.4 , Est Remaining: 405.7
49 66.7 , Est Remaining: 404.2
50 68.0 , Est Remaining: 402.7
51 69.4 , Est Remaining: 401.4
52 70.7 , Est Remaining: 400.0
53 72.1 , Est Remaining: 398.6
54 73.5 , Est Remaining: 397.2
55 74.8 , Est Remaining: 395.9
56 76.2 , Est Remaining: 394.4
57 77.5 , Est Remaining: 393.0
58 78.8 , Est Remaining: 391.5
59 80.2 , Est Remaining: 390.0
60 81.5 , Est Remaining: 388.6
61 82.9 , Est Remaining: 387.2
62 84.2 , Est Remaining: 385.8
63 85.6 , Est Remaining: 384.3
64 86.9 , Est Remaining: 382.9
65 88.3 , Est Remaining: 381.5
66 89.6 , Est Remaining: 380.1
67 90.9 , Est Remaining: 378.7
68 92.3 , Est Remaining: 377.3
69 93.6 , Est Remaining: 375.8
70 95.0 , Est Remaining: 374.4
71 96.3 , Est Remaining: 372.9
72 97.6 , Est Remaining: 371.6
73 99.0 , Est Remaining: 370.2
74 100.3 , Est Remaining: 368.7
75 101.7 , Est Remaining: 367.4
76 103.0 , Est Remaining: 366.0
77 104.4 , Est Remaining: 364.6
78 105.7 , Est Remaining: 363.2
79 107.0 , Est Remaining: 361.7
80 108.4 , Est Remaining: 360.3
81 109.7 , Est Remaining: 358.9
82 111.0 , Est Remaining: 357.4
83 112.4 , Est Remaining: 356.0
84 113.7 , Est Remaining: 354.7
85 115.1 , Est Remaining: 353.3
86 116.4 , Est Remaining: 351.9
87 117.7 , Est Remaining: 350.5
88 119.1 , Est Remaining: 349.1
89 120.4 , Est Remaining: 347.7
90 121.7 , Est Remaining: 346.3
91 123.1 , Est Remaining: 344.9
92 124.4 , Est Remaining: 343.4
93 125.7 , Est Remaining: 342.0
94 127.0 , Est Remaining: 340.6
EVENT FAILED
94 127.3 , Est Remaining: 341.4
95 128.7 , Est Remaining: 340.0
96 130.0 , Est Remaining: 338.5
97 131.4 , Est Remaining: 337.2
98 132.7 , Est Remaining: 335.9
99 134.1 , Est Remaining: 334.5
100 135.4 , Est Remaining: 333.1
101 136.7 , Est Remaining: 331.7
102 138.1 , Est Remaining: 330.3
103 139.5 , Est Remaining: 329.0
104 140.8 , Est Remaining: 327.7
105 142.1 , Est Remaining: 326.2
106 143.5 , Est Remaining: 324.8
107 144.8 , Est Remaining: 323.4
108 146.1 , Est Remaining: 322.0
109 147.5 , Est Remaining: 320.6
110 148.8 , Est Remaining: 319.2
111 150.1 , Est Remaining: 317.8
112 151.5 , Est Remaining: 316.4
113 152.8 , Est Remaining: 315.0
114 154.1 , Est Remaining: 313.7
115 155.5 , Est Remaining: 312.3
116 156.8 , Est Remaining: 310.9
117 158.1 , Est Remaining: 309.5
118 159.5 , Est Remaining: 308.1
119 160.8 , Est Remaining: 306.7
120 162.2 , Est Remaining: 305.4
121 163.5 , Est Remaining: 304.0
122 164.9 , Est Remaining: 302.7
123 166.2 , Est Remaining: 301.3
124 167.6 , Est Remaining: 300.0
125 168.9 , Est Remaining: 298.6
126 170.3 , Est Remaining: 297.3
127 171.6 , Est Remaining: 295.9
128 173.0 , Est Remaining: 294.6
129 174.3 , Est Remaining: 293.2
130 175.6 , Est Remaining: 291.8
131 177.0 , Est Remaining: 290.5
132 178.3 , Est Remaining: 289.1
133 179.6 , Est Remaining: 287.7
134 181.0 , Est Remaining: 286.3
135 182.3 , Est Remaining: 284.9
136 183.6 , Est Remaining: 283.6
137 185.0 , Est Remaining: 282.2
138 186.3 , Est Remaining: 280.8
139 187.7 , Est Remaining: 279.5
140 189.0 , Est Remaining: 278.1
141 190.3 , Est Remaining: 276.7
142 191.7 , Est Remaining: 275.4
143 193.0 , Est Remaining: 274.0
144 194.3 , Est Remaining: 272.6
145 195.7 , Est Remaining: 271.3
146 197.0 , Est Remaining: 269.9
147 198.4 , Est Remaining: 268.5
148 199.7 , Est Remaining: 267.2
149 201.0 , Est Remaining: 265.8
150 202.4 , Est Remaining: 264.4
151 203.7 , Est Remaining: 263.1
152 205.0 , Est Remaining: 261.7
153 206.4 , Est Remaining: 260.3
154 207.7 , Est Remaining: 259.0
155 209.0 , Est Remaining: 257.6
156 210.3 , Est Remaining: 256.2
157 211.7 , Est Remaining: 254.8
158 213.0 , Est Remaining: 253.4
159 214.3 , Est Remaining: 252.1
160 215.6 , Est Remaining: 250.6
161 216.9 , Est Remaining: 249.3
EVENT FAILED
161 217.2 , Est Remaining: 249.6
162 218.5 , Est Remaining: 248.2
163 219.9 , Est Remaining: 246.9
164 221.2 , Est Remaining: 245.5
165 222.5 , Est Remaining: 244.1
166 223.9 , Est Remaining: 242.7
167 225.2 , Est Remaining: 241.3
168 226.5 , Est Remaining: 239.9
169 227.8 , Est Remaining: 238.6
170 229.1 , Est Remaining: 237.2
171 230.3 , Est Remaining: 235.7
172 231.6 , Est Remaining: 234.3
173 232.9 , Est Remaining: 232.9
174 234.2 , Est Remaining: 231.6
175 235.6 , Est Remaining: 230.2
176 236.9 , Est Remaining: 228.8
177 238.2 , Est Remaining: 227.5
178 239.6 , Est Remaining: 226.1
179 240.9 , Est Remaining: 224.7
180 242.2 , Est Remaining: 223.4
181 243.5 , Est Remaining: 222.0
182 244.9 , Est Remaining: 220.6
183 246.2 , Est Remaining: 219.3
184 247.5 , Est Remaining: 217.9
185 248.8 , Est Remaining: 216.6
186 250.2 , Est Remaining: 215.2
187 251.5 , Est Remaining: 213.9
188 252.9 , Est Remaining: 212.5
EVENT FAILED
188 253.1 , Est Remaining: 212.7
189 254.5 , Est Remaining: 211.4
EVENT FAILED
189 254.8 , Est Remaining: 211.6
190 256.1 , Est Remaining: 210.3
191 257.4 , Est Remaining: 208.9
192 258.7 , Est Remaining: 207.5
193 260.1 , Est Remaining: 206.2
194 261.4 , Est Remaining: 204.8
195 262.7 , Est Remaining: 203.4
196 264.1 , Est Remaining: 202.1
197 265.4 , Est Remaining: 200.7
198 266.7 , Est Remaining: 199.4
199 268.0 , Est Remaining: 198.0
200 269.4 , Est Remaining: 196.6
201 270.7 , Est Remaining: 195.3
202 272.0 , Est Remaining: 193.9
203 273.4 , Est Remaining: 192.6
204 274.7 , Est Remaining: 191.2
205 276.0 , Est Remaining: 189.9
206 277.4 , Est Remaining: 188.5
207 278.7 , Est Remaining: 187.1
208 280.0 , Est Remaining: 185.8
209 281.3 , Est Remaining: 184.4
210 282.7 , Est Remaining: 183.1
211 284.0 , Est Remaining: 181.7
212 285.3 , Est Remaining: 180.3
213 286.7 , Est Remaining: 179.0
214 288.0 , Est Remaining: 177.6
215 289.3 , Est Remaining: 176.3
216 290.6 , Est Remaining: 174.9
217 292.0 , Est Remaining: 173.6
218 293.3 , Est Remaining: 172.2
219 294.6 , Est Remaining: 170.9
220 296.0 , Est Remaining: 169.5
221 297.3 , Est Remaining: 168.2
222 298.6 , Est Remaining: 166.8
223 299.9 , Est Remaining: 165.4
224 301.3 , Est Remaining: 164.1
225 302.6 , Est Remaining: 162.7
226 303.9 , Est Remaining: 161.4
227 305.3 , Est Remaining: 160.0
228 306.6 , Est Remaining: 158.7
229 307.9 , Est Remaining: 157.3
230 309.2 , Est Remaining: 156.0
231 310.6 , Est Remaining: 154.6
232 311.9 , Est Remaining: 153.3
233 313.2 , Est Remaining: 151.9
234 314.6 , Est Remaining: 150.6
235 315.9 , Est Remaining: 149.2
236 317.2 , Est Remaining: 147.8
237 318.5 , Est Remaining: 146.5
238 319.8 , Est Remaining: 145.1
239 321.1 , Est Remaining: 143.8
240 322.4 , Est Remaining: 142.4
241 323.7 , Est Remaining: 141.0
242 325.1 , Est Remaining: 139.7
243 326.4 , Est Remaining: 138.3
244 327.7 , Est Remaining: 137.0
245 329.1 , Est Remaining: 135.6
246 330.4 , Est Remaining: 134.3
247 331.7 , Est Remaining: 133.0
248 333.1 , Est Remaining: 131.6
249 334.4 , Est Remaining: 130.3
250 335.7 , Est Remaining: 128.9
251 337.0 , Est Remaining: 127.6
252 338.4 , Est Remaining: 126.2
253 339.7 , Est Remaining: 124.9
254 341.1 , Est Remaining: 123.5
255 342.4 , Est Remaining: 122.2
256 343.7 , Est Remaining: 120.8
257 345.1 , Est Remaining: 119.5
258 346.4 , Est Remaining: 118.2
259 347.7 , Est Remaining: 116.8
260 349.1 , Est Remaining: 115.5
261 350.4 , Est Remaining: 114.1
262 351.7 , Est Remaining: 112.8
263 353.0 , Est Remaining: 111.4
264 354.4 , Est Remaining: 110.1
265 355.7 , Est Remaining: 108.7
266 357.0 , Est Remaining: 107.4
267 358.3 , Est Remaining: 106.0
268 359.6 , Est Remaining: 104.7
269 361.0 , Est Remaining: 103.3
EVENT FAILED
269 361.2 , Est Remaining: 103.4
270 362.6 , Est Remaining: 102.1
271 363.9 , Est Remaining: 100.7
272 365.2 , Est Remaining: 99.4
273 366.5 , Est Remaining: 98.0
274 367.8 , Est Remaining: 96.7
275 369.2 , Est Remaining: 95.3
276 370.5 , Est Remaining: 94.0
277 371.8 , Est Remaining: 92.6
278 373.2 , Est Remaining: 91.3
279 374.5 , Est Remaining: 89.9
280 375.8 , Est Remaining: 88.6
281 377.2 , Est Remaining: 87.2
282 378.5 , Est Remaining: 85.9
283 379.8 , Est Remaining: 84.6
284 381.2 , Est Remaining: 83.2
285 382.5 , Est Remaining: 81.9
286 383.8 , Est Remaining: 80.5
287 385.2 , Est Remaining: 79.2
288 386.5 , Est Remaining: 77.8
289 387.8 , Est Remaining: 76.5
290 389.1 , Est Remaining: 75.1
291 390.5 , Est Remaining: 73.8
292 391.8 , Est Remaining: 72.5
293 393.1 , Est Remaining: 71.1
294 394.5 , Est Remaining: 69.8
295 395.8 , Est Remaining: 68.4
296 397.1 , Est Remaining: 67.1
297 398.4 , Est Remaining: 65.7
298 399.8 , Est Remaining: 64.4
299 401.1 , Est Remaining: 63.0
300 402.4 , Est Remaining: 61.7
301 403.7 , Est Remaining: 60.4
302 405.2 , Est Remaining: 59.0
303 406.5 , Est Remaining: 57.7
304 407.8 , Est Remaining: 56.3
305 409.2 , Est Remaining: 55.0
306 410.5 , Est Remaining: 53.7
307 411.8 , Est Remaining: 52.3
308 413.1 , Est Remaining: 51.0
309 414.5 , Est Remaining: 49.6
310 415.8 , Est Remaining: 48.3
311 417.1 , Est Remaining: 46.9
312 418.5 , Est Remaining: 45.6
313 419.8 , Est Remaining: 44.3
314 421.1 , Est Remaining: 42.9
315 422.4 , Est Remaining: 41.6
316 423.8 , Est Remaining: 40.2
317 425.1 , Est Remaining: 38.9
318 426.4 , Est Remaining: 37.5
319 427.7 , Est Remaining: 36.2
320 429.0 , Est Remaining: 34.9
321 430.3 , Est Remaining: 33.5
322 431.7 , Est Remaining: 32.2
323 433.0 , Est Remaining: 30.8
324 434.3 , Est Remaining: 29.5
325 435.6 , Est Remaining: 28.1
326 436.9 , Est Remaining: 26.8
327 438.2 , Est Remaining: 25.5
328 439.5 , Est Remaining: 24.1
329 440.9 , Est Remaining: 22.8
330 442.2 , Est Remaining: 21.4
331 443.5 , Est Remaining: 20.1
332 444.8 , Est Remaining: 18.8
333 446.1 , Est Remaining: 17.4
334 447.4 , Est Remaining: 16.1
335 448.8 , Est Remaining: 14.7
336 450.1 , Est Remaining: 13.4
337 451.3 , Est Remaining: 12.1
338 452.6 , Est Remaining: 10.7
339 453.9 , Est Remaining: 9.4
