Note: NumExpr detected 32 cores but "NUMEXPR_MAX_THREADS" not set, so enforcing safe limit of 8.
Using selector: EpollSelector
/n/home02/jhaefner/miniconda/envs/IC-3.7-2020-06-16/lib/python3.7/site-packages/scipy/optimize/minpack.py:808: OptimizeWarning: Covariance of the parameters could not be estimated
  category=OptimizeWarning)
Total rwfs: 346
0 0.0 , Est Remaining: 999999.9
1 1.5 , Est Remaining: 521.0
2 3.0 , Est Remaining: 510.1
3 4.4 , Est Remaining: 507.3
4 5.9 , Est Remaining: 503.4
5 7.3 , Est Remaining: 498.7
6 8.7 , Est Remaining: 495.7
7 10.2 , Est Remaining: 492.9
8 11.6 , Est Remaining: 491.3
9 13.0 , Est Remaining: 488.6
10 14.5 , Est Remaining: 487.0
11 15.9 , Est Remaining: 485.2
12 17.4 , Est Remaining: 483.1
13 18.8 , Est Remaining: 481.3
14 20.2 , Est Remaining: 479.8
15 21.7 , Est Remaining: 478.2
16 23.1 , Est Remaining: 476.7
17 24.5 , Est Remaining: 473.6
18 25.9 , Est Remaining: 472.0
19 27.3 , Est Remaining: 470.6
20 28.8 , Est Remaining: 469.5
21 30.2 , Est Remaining: 468.0
22 31.7 , Est Remaining: 466.4
23 33.1 , Est Remaining: 465.0
24 34.5 , Est Remaining: 463.0
25 36.0 , Est Remaining: 461.8
26 37.4 , Est Remaining: 460.5
27 38.8 , Est Remaining: 459.0
28 40.3 , Est Remaining: 457.7
29 41.7 , Est Remaining: 456.1
30 43.2 , Est Remaining: 454.8
31 44.6 , Est Remaining: 453.4
32 46.1 , Est Remaining: 451.9
33 47.5 , Est Remaining: 450.5
34 48.9 , Est Remaining: 449.1
35 50.4 , Est Remaining: 447.7
36 51.8 , Est Remaining: 446.2
37 53.2 , Est Remaining: 444.6
38 54.7 , Est Remaining: 443.1
EVENT FAILED
38 55.0 , Est Remaining: 445.6
39 56.4 , Est Remaining: 444.0
40 57.8 , Est Remaining: 442.5
41 59.3 , Est Remaining: 440.9
42 60.7 , Est Remaining: 439.3
43 62.1 , Est Remaining: 437.8
44 63.6 , Est Remaining: 436.4
45 65.0 , Est Remaining: 434.9
46 66.5 , Est Remaining: 433.5
47 67.9 , Est Remaining: 432.1
48 69.4 , Est Remaining: 430.7
49 70.8 , Est Remaining: 429.2
50 72.3 , Est Remaining: 427.7
51 73.7 , Est Remaining: 426.4
52 75.2 , Est Remaining: 425.0
53 76.6 , Est Remaining: 423.6
54 78.0 , Est Remaining: 422.0
55 79.5 , Est Remaining: 420.6
56 81.0 , Est Remaining: 419.2
57 82.4 , Est Remaining: 417.9
EVENT FAILED
57 82.7 , Est Remaining: 419.4
58 84.2 , Est Remaining: 418.0
59 85.7 , Est Remaining: 416.6
60 87.1 , Est Remaining: 415.2
EVENT FAILED
60 87.4 , Est Remaining: 416.6
61 88.8 , Est Remaining: 415.1
62 90.3 , Est Remaining: 413.5
63 91.7 , Est Remaining: 412.0
64 93.1 , Est Remaining: 410.4
65 94.6 , Est Remaining: 408.9
66 96.0 , Est Remaining: 407.4
67 97.5 , Est Remaining: 405.9
68 98.9 , Est Remaining: 404.4
69 100.4 , Est Remaining: 403.0
70 101.8 , Est Remaining: 401.5
71 103.3 , Est Remaining: 400.0
72 104.7 , Est Remaining: 398.5
73 106.2 , Est Remaining: 397.1
74 107.6 , Est Remaining: 395.5
75 109.0 , Est Remaining: 394.0
76 110.5 , Est Remaining: 392.5
77 111.9 , Est Remaining: 390.9
78 113.3 , Est Remaining: 389.4
79 114.8 , Est Remaining: 387.9
80 116.2 , Est Remaining: 386.3
81 117.6 , Est Remaining: 384.8
82 119.0 , Est Remaining: 383.2
83 120.5 , Est Remaining: 381.7
84 121.9 , Est Remaining: 380.1
85 123.3 , Est Remaining: 378.6
86 124.7 , Est Remaining: 377.0
87 126.1 , Est Remaining: 375.5
88 127.5 , Est Remaining: 373.9
89 129.0 , Est Remaining: 372.4
90 130.4 , Est Remaining: 370.9
91 131.9 , Est Remaining: 369.5
92 133.3 , Est Remaining: 368.0
93 134.7 , Est Remaining: 366.5
94 136.2 , Est Remaining: 365.0
95 137.6 , Est Remaining: 363.6
96 139.1 , Est Remaining: 362.2
97 140.5 , Est Remaining: 360.7
98 142.0 , Est Remaining: 359.3
99 143.3 , Est Remaining: 357.5
100 144.7 , Est Remaining: 356.0
101 146.2 , Est Remaining: 354.6
102 147.6 , Est Remaining: 353.1
103 149.1 , Est Remaining: 351.9
104 150.6 , Est Remaining: 350.4
105 152.1 , Est Remaining: 349.1
106 153.5 , Est Remaining: 347.6
107 155.0 , Est Remaining: 346.2
108 156.4 , Est Remaining: 344.8
109 157.9 , Est Remaining: 343.3
110 159.4 , Est Remaining: 341.9
111 160.8 , Est Remaining: 340.5
112 162.3 , Est Remaining: 339.0
EVENT FAILED
112 162.6 , Est Remaining: 339.7
113 164.0 , Est Remaining: 338.2
114 165.5 , Est Remaining: 336.8
115 167.0 , Est Remaining: 335.4
116 168.4 , Est Remaining: 333.9
117 169.9 , Est Remaining: 332.5
118 171.3 , Est Remaining: 331.1
119 172.8 , Est Remaining: 329.6
120 174.3 , Est Remaining: 328.2
121 175.8 , Est Remaining: 326.8
122 177.2 , Est Remaining: 325.4
123 178.7 , Est Remaining: 324.0
124 180.2 , Est Remaining: 322.5
EVENT FAILED
124 180.5 , Est Remaining: 323.1
125 181.9 , Est Remaining: 321.6
126 183.3 , Est Remaining: 320.1
127 184.8 , Est Remaining: 318.7
128 186.2 , Est Remaining: 317.2
129 187.7 , Est Remaining: 315.8
130 189.2 , Est Remaining: 314.3
131 190.6 , Est Remaining: 312.8
132 192.1 , Est Remaining: 311.4
133 193.5 , Est Remaining: 309.9
134 195.0 , Est Remaining: 308.5
135 196.5 , Est Remaining: 307.1
136 197.9 , Est Remaining: 305.6
137 199.4 , Est Remaining: 304.1
138 200.8 , Est Remaining: 302.7
EVENT FAILED
138 201.1 , Est Remaining: 303.1
139 202.5 , Est Remaining: 301.6
140 204.0 , Est Remaining: 300.2
141 205.4 , Est Remaining: 298.7
142 206.9 , Est Remaining: 297.2
143 208.3 , Est Remaining: 295.7
144 209.7 , Est Remaining: 294.2
145 211.1 , Est Remaining: 292.7
146 212.6 , Est Remaining: 291.2
147 213.9 , Est Remaining: 289.6
148 215.4 , Est Remaining: 288.1
149 216.8 , Est Remaining: 286.6
150 218.2 , Est Remaining: 285.1
151 219.6 , Est Remaining: 283.6
152 221.0 , Est Remaining: 282.0
153 222.4 , Est Remaining: 280.5
154 223.8 , Est Remaining: 279.0
155 225.2 , Est Remaining: 277.5
EVENT FAILED
155 225.5 , Est Remaining: 277.9
156 226.9 , Est Remaining: 276.4
157 228.3 , Est Remaining: 274.9
158 229.7 , Est Remaining: 273.3
159 231.1 , Est Remaining: 271.8
160 232.6 , Est Remaining: 270.3
161 233.9 , Est Remaining: 268.8
162 235.3 , Est Remaining: 267.3
163 236.8 , Est Remaining: 265.8
164 238.2 , Est Remaining: 264.3
165 239.6 , Est Remaining: 262.8
166 241.0 , Est Remaining: 261.3
167 242.4 , Est Remaining: 259.8
168 243.9 , Est Remaining: 258.4
169 245.3 , Est Remaining: 256.9
170 246.7 , Est Remaining: 255.4
171 248.1 , Est Remaining: 253.9
172 249.5 , Est Remaining: 252.4
173 250.9 , Est Remaining: 250.9
174 252.3 , Est Remaining: 249.4
175 253.7 , Est Remaining: 247.9
176 255.1 , Est Remaining: 246.4
177 256.6 , Est Remaining: 245.0
178 258.0 , Est Remaining: 243.5
179 259.4 , Est Remaining: 242.0
180 260.8 , Est Remaining: 240.5
181 262.1 , Est Remaining: 239.0
182 263.5 , Est Remaining: 237.5
183 264.9 , Est Remaining: 236.0
184 266.3 , Est Remaining: 234.5
185 267.7 , Est Remaining: 233.0
186 269.1 , Est Remaining: 231.5
187 270.5 , Est Remaining: 230.0
188 271.9 , Est Remaining: 228.5
189 273.3 , Est Remaining: 227.0
190 274.7 , Est Remaining: 225.6
191 276.1 , Est Remaining: 224.1
192 277.5 , Est Remaining: 222.6
193 278.9 , Est Remaining: 221.1
194 280.2 , Est Remaining: 219.6
195 281.6 , Est Remaining: 218.1
196 283.0 , Est Remaining: 216.6
197 284.4 , Est Remaining: 215.1
198 285.7 , Est Remaining: 213.6
199 287.1 , Est Remaining: 212.1
200 288.5 , Est Remaining: 210.6
201 289.9 , Est Remaining: 209.1
202 291.3 , Est Remaining: 207.6
EVENT FAILED
202 291.7 , Est Remaining: 207.9
203 293.0 , Est Remaining: 206.4
204 294.4 , Est Remaining: 204.9
205 295.8 , Est Remaining: 203.4
206 297.2 , Est Remaining: 202.0
207 298.5 , Est Remaining: 200.5
208 299.9 , Est Remaining: 199.0
209 301.3 , Est Remaining: 197.5
210 302.7 , Est Remaining: 196.0
211 304.1 , Est Remaining: 194.6
212 305.5 , Est Remaining: 193.1
213 306.9 , Est Remaining: 191.6
214 308.3 , Est Remaining: 190.2
215 309.7 , Est Remaining: 188.7
216 311.0 , Est Remaining: 187.2
217 312.4 , Est Remaining: 185.7
218 313.8 , Est Remaining: 184.3
219 315.2 , Est Remaining: 182.8
220 316.6 , Est Remaining: 181.3
221 318.0 , Est Remaining: 179.9
222 319.4 , Est Remaining: 178.4
EVENT FAILED
222 319.7 , Est Remaining: 178.6
EVENT FAILED
222 320.0 , Est Remaining: 178.8
223 321.4 , Est Remaining: 177.3
224 322.8 , Est Remaining: 175.8
225 324.2 , Est Remaining: 174.3
226 325.6 , Est Remaining: 172.9
227 327.0 , Est Remaining: 171.4
228 328.3 , Est Remaining: 169.9
229 329.7 , Est Remaining: 168.5
230 331.1 , Est Remaining: 167.0
231 332.5 , Est Remaining: 165.5
232 333.9 , Est Remaining: 164.0
233 335.2 , Est Remaining: 162.6
234 336.6 , Est Remaining: 161.1
235 338.0 , Est Remaining: 159.7
236 339.4 , Est Remaining: 158.2
237 340.8 , Est Remaining: 156.7
EVENT FAILED
237 341.1 , Est Remaining: 156.9
238 342.5 , Est Remaining: 155.4
239 343.9 , Est Remaining: 153.9
240 345.2 , Est Remaining: 152.5
241 346.7 , Est Remaining: 151.0
242 348.0 , Est Remaining: 149.6
243 349.4 , Est Remaining: 148.1
244 350.8 , Est Remaining: 146.6
245 352.2 , Est Remaining: 145.2
246 353.6 , Est Remaining: 143.7
247 355.0 , Est Remaining: 142.3
248 356.4 , Est Remaining: 140.8
249 357.8 , Est Remaining: 139.4
250 359.2 , Est Remaining: 137.9
251 360.6 , Est Remaining: 136.5
252 362.0 , Est Remaining: 135.0
253 363.5 , Est Remaining: 133.6
254 364.9 , Est Remaining: 132.2
255 366.3 , Est Remaining: 130.7
256 367.8 , Est Remaining: 129.3
257 369.2 , Est Remaining: 127.9
258 370.6 , Est Remaining: 126.4
259 372.0 , Est Remaining: 125.0
260 373.5 , Est Remaining: 123.5
261 374.9 , Est Remaining: 122.1
262 376.4 , Est Remaining: 120.7
263 377.8 , Est Remaining: 119.2
264 379.3 , Est Remaining: 117.8
265 380.8 , Est Remaining: 116.4
266 382.2 , Est Remaining: 115.0
267 383.7 , Est Remaining: 113.5
268 385.1 , Est Remaining: 112.1
269 386.6 , Est Remaining: 110.7
EVENT FAILED
269 386.9 , Est Remaining: 110.7
270 388.3 , Est Remaining: 109.3
271 389.8 , Est Remaining: 107.9
272 391.3 , Est Remaining: 106.5
273 392.8 , Est Remaining: 105.0
274 394.2 , Est Remaining: 103.6
275 395.7 , Est Remaining: 102.2
276 397.2 , Est Remaining: 100.7
277 398.6 , Est Remaining: 99.3
278 400.1 , Est Remaining: 97.9
279 401.6 , Est Remaining: 96.4
280 403.1 , Est Remaining: 95.0
281 404.5 , Est Remaining: 93.6
282 406.0 , Est Remaining: 92.2
283 407.5 , Est Remaining: 90.7
284 409.0 , Est Remaining: 89.3
285 410.5 , Est Remaining: 87.9
286 412.0 , Est Remaining: 86.4
287 413.5 , Est Remaining: 85.0
288 415.0 , Est Remaining: 83.6
289 416.5 , Est Remaining: 82.1
290 417.9 , Est Remaining: 80.7
291 419.4 , Est Remaining: 79.3
292 420.9 , Est Remaining: 77.8
293 422.4 , Est Remaining: 76.4
294 423.8 , Est Remaining: 75.0
295 425.3 , Est Remaining: 73.5
296 426.8 , Est Remaining: 72.1
297 428.3 , Est Remaining: 70.7
298 429.7 , Est Remaining: 69.2
299 431.2 , Est Remaining: 67.8
300 432.6 , Est Remaining: 66.3
301 434.1 , Est Remaining: 64.9
302 435.7 , Est Remaining: 63.5
303 437.2 , Est Remaining: 62.0
304 438.6 , Est Remaining: 60.6
305 440.1 , Est Remaining: 59.2
306 441.5 , Est Remaining: 57.7
307 443.0 , Est Remaining: 56.3
308 444.5 , Est Remaining: 54.8
309 445.9 , Est Remaining: 53.4
310 447.4 , Est Remaining: 52.0
311 448.8 , Est Remaining: 50.5
312 450.2 , Est Remaining: 49.1
313 451.7 , Est Remaining: 47.6
314 453.1 , Est Remaining: 46.2
315 454.5 , Est Remaining: 44.7
316 456.0 , Est Remaining: 43.3
EVENT FAILED
316 456.3 , Est Remaining: 43.3
317 457.7 , Est Remaining: 41.9
318 459.1 , Est Remaining: 40.4
319 460.5 , Est Remaining: 39.0
EVENT FAILED
319 460.8 , Est Remaining: 39.0
320 462.2 , Est Remaining: 37.6
321 463.6 , Est Remaining: 36.1
322 465.0 , Est Remaining: 34.7
323 466.4 , Est Remaining: 33.2
324 467.7 , Est Remaining: 31.8
325 469.1 , Est Remaining: 30.3
326 470.5 , Est Remaining: 28.9
EVENT FAILED
326 470.8 , Est Remaining: 28.9
327 472.2 , Est Remaining: 27.4
328 473.6 , Est Remaining: 26.0
329 475.0 , Est Remaining: 24.5
330 476.3 , Est Remaining: 23.1
