Note: NumExpr detected 32 cores but "NUMEXPR_MAX_THREADS" not set, so enforcing safe limit of 8.
Using selector: EpollSelector
/n/home02/jhaefner/miniconda/envs/IC-3.7-2020-06-16/lib/python3.7/site-packages/scipy/optimize/minpack.py:808: OptimizeWarning: Covariance of the parameters could not be estimated
  category=OptimizeWarning)
Total rwfs: 346
0 0.0 , Est Remaining: 999999.9
1 1.4 , Est Remaining: 477.8
2 2.8 , Est Remaining: 474.0
3 4.1 , Est Remaining: 472.8
EVENT FAILED
3 4.4 , Est Remaining: 507.9
4 5.8 , Est Remaining: 496.4
EVENT FAILED
4 6.1 , Est Remaining: 521.6
5 7.4 , Est Remaining: 508.1
6 8.8 , Est Remaining: 500.5
7 10.2 , Est Remaining: 494.7
8 11.6 , Est Remaining: 489.3
9 12.9 , Est Remaining: 484.1
10 14.3 , Est Remaining: 480.2
11 15.7 , Est Remaining: 477.4
12 17.0 , Est Remaining: 474.4
13 18.4 , Est Remaining: 471.2
14 19.7 , Est Remaining: 468.3
15 21.1 , Est Remaining: 465.8
16 22.5 , Est Remaining: 463.5
17 23.8 , Est Remaining: 461.2
18 25.2 , Est Remaining: 459.3
19 26.6 , Est Remaining: 457.5
20 27.9 , Est Remaining: 455.2
21 29.3 , Est Remaining: 453.2
22 30.6 , Est Remaining: 451.4
23 32.0 , Est Remaining: 449.4
24 33.3 , Est Remaining: 447.4
25 34.7 , Est Remaining: 445.5
26 36.1 , Est Remaining: 443.7
27 37.4 , Est Remaining: 442.1
28 38.8 , Est Remaining: 440.3
29 40.1 , Est Remaining: 438.8
30 41.5 , Est Remaining: 437.3
31 42.9 , Est Remaining: 435.8
32 44.2 , Est Remaining: 434.2
33 45.6 , Est Remaining: 432.5
34 47.0 , Est Remaining: 430.9
EVENT FAILED
34 47.2 , Est Remaining: 433.6
35 48.6 , Est Remaining: 431.7
36 49.9 , Est Remaining: 430.0
37 51.3 , Est Remaining: 428.4
38 52.7 , Est Remaining: 426.8
39 54.0 , Est Remaining: 425.2
40 55.4 , Est Remaining: 423.5
41 56.7 , Est Remaining: 421.9
42 58.0 , Est Remaining: 420.1
EVENT FAILED
42 58.3 , Est Remaining: 422.3
43 59.7 , Est Remaining: 420.6
44 61.1 , Est Remaining: 419.1
45 62.4 , Est Remaining: 417.4
46 63.8 , Est Remaining: 415.8
47 65.1 , Est Remaining: 414.2
48 66.5 , Est Remaining: 412.6
EVENT FAILED
48 66.7 , Est Remaining: 414.4
49 68.1 , Est Remaining: 412.7
50 69.4 , Est Remaining: 411.1
51 70.8 , Est Remaining: 409.5
52 72.2 , Est Remaining: 408.0
53 73.5 , Est Remaining: 406.4
54 74.9 , Est Remaining: 405.0
55 76.2 , Est Remaining: 403.4
56 77.6 , Est Remaining: 401.8
57 78.9 , Est Remaining: 400.2
58 80.3 , Est Remaining: 398.7
59 81.6 , Est Remaining: 397.2
60 83.0 , Est Remaining: 395.6
61 84.3 , Est Remaining: 394.0
62 85.7 , Est Remaining: 392.5
63 87.0 , Est Remaining: 391.0
64 88.4 , Est Remaining: 389.5
65 89.7 , Est Remaining: 387.9
66 91.1 , Est Remaining: 386.3
67 92.4 , Est Remaining: 384.8
68 93.8 , Est Remaining: 383.3
69 95.1 , Est Remaining: 381.9
EVENT FAILED
69 95.4 , Est Remaining: 383.2
70 96.8 , Est Remaining: 381.6
71 98.1 , Est Remaining: 379.8
72 99.4 , Est Remaining: 378.2
EVENT FAILED
72 99.7 , Est Remaining: 379.4
73 101.0 , Est Remaining: 377.8
74 102.4 , Est Remaining: 376.3
75 103.7 , Est Remaining: 374.8
76 105.1 , Est Remaining: 373.3
77 106.5 , Est Remaining: 371.9
78 107.8 , Est Remaining: 370.4
79 109.1 , Est Remaining: 368.8
80 110.5 , Est Remaining: 367.4
81 111.8 , Est Remaining: 365.9
82 113.2 , Est Remaining: 364.4
83 114.6 , Est Remaining: 363.0
84 115.9 , Est Remaining: 361.5
85 117.3 , Est Remaining: 360.0
86 118.6 , Est Remaining: 358.5
87 119.9 , Est Remaining: 357.0
88 121.3 , Est Remaining: 355.5
89 122.6 , Est Remaining: 354.1
90 124.0 , Est Remaining: 352.6
91 125.3 , Est Remaining: 351.1
EVENT FAILED
91 125.6 , Est Remaining: 351.9
92 126.9 , Est Remaining: 350.5
93 128.4 , Est Remaining: 349.3
94 129.8 , Est Remaining: 347.9
95 131.1 , Est Remaining: 346.4
96 132.5 , Est Remaining: 345.0
97 133.8 , Est Remaining: 343.5
98 135.2 , Est Remaining: 342.1
99 136.6 , Est Remaining: 340.7
100 137.9 , Est Remaining: 339.3
101 139.3 , Est Remaining: 337.8
102 140.6 , Est Remaining: 336.4
103 142.1 , Est Remaining: 335.2
104 143.4 , Est Remaining: 333.7
105 144.8 , Est Remaining: 332.3
106 146.1 , Est Remaining: 330.9
107 147.5 , Est Remaining: 329.5
108 148.8 , Est Remaining: 328.0
109 150.2 , Est Remaining: 326.5
110 151.5 , Est Remaining: 325.1
EVENT FAILED
110 151.8 , Est Remaining: 325.7
111 153.2 , Est Remaining: 324.3
112 154.5 , Est Remaining: 322.9
113 155.9 , Est Remaining: 321.5
114 157.3 , Est Remaining: 320.1
115 158.6 , Est Remaining: 318.5
EVENT FAILED
115 158.9 , Est Remaining: 319.1
116 160.2 , Est Remaining: 317.6
117 161.5 , Est Remaining: 316.2
118 162.9 , Est Remaining: 314.7
119 164.2 , Est Remaining: 313.3
120 165.6 , Est Remaining: 311.9
121 166.9 , Est Remaining: 310.4
122 168.3 , Est Remaining: 309.0
123 169.6 , Est Remaining: 307.5
124 171.0 , Est Remaining: 306.1
EVENT FAILED
124 172.0 , Est Remaining: 307.9
125 173.3 , Est Remaining: 306.5
126 174.7 , Est Remaining: 305.0
127 176.1 , Est Remaining: 303.6
128 177.4 , Est Remaining: 302.2
129 178.8 , Est Remaining: 300.7
130 180.1 , Est Remaining: 299.3
131 181.5 , Est Remaining: 297.8
132 182.8 , Est Remaining: 296.4
133 184.2 , Est Remaining: 295.0
134 185.5 , Est Remaining: 293.5
135 186.9 , Est Remaining: 292.1
136 188.2 , Est Remaining: 290.6
137 189.6 , Est Remaining: 289.2
138 190.9 , Est Remaining: 287.7
139 192.2 , Est Remaining: 286.3
140 193.6 , Est Remaining: 284.8
EVENT FAILED
140 193.9 , Est Remaining: 285.3
141 195.2 , Est Remaining: 283.8
142 196.6 , Est Remaining: 282.4
143 197.9 , Est Remaining: 281.0
144 199.3 , Est Remaining: 279.6
145 200.7 , Est Remaining: 278.1
146 202.0 , Est Remaining: 276.7
147 203.3 , Est Remaining: 275.3
148 204.7 , Est Remaining: 273.8
149 206.0 , Est Remaining: 272.3
150 207.3 , Est Remaining: 270.9
151 208.7 , Est Remaining: 269.5
152 210.0 , Est Remaining: 268.1
153 211.4 , Est Remaining: 266.6
154 212.7 , Est Remaining: 265.2
155 214.1 , Est Remaining: 263.8
156 215.5 , Est Remaining: 262.4
157 216.8 , Est Remaining: 261.0
158 218.1 , Est Remaining: 259.5
159 219.5 , Est Remaining: 258.1
160 220.8 , Est Remaining: 256.7
161 222.1 , Est Remaining: 255.3
162 223.5 , Est Remaining: 253.8
163 224.8 , Est Remaining: 252.4
164 226.2 , Est Remaining: 251.0
165 227.5 , Est Remaining: 249.6
166 228.8 , Est Remaining: 248.1
167 230.2 , Est Remaining: 246.7
168 231.5 , Est Remaining: 245.3
169 232.9 , Est Remaining: 243.9
170 234.1 , Est Remaining: 242.3
171 235.4 , Est Remaining: 240.9
172 236.8 , Est Remaining: 239.5
173 238.1 , Est Remaining: 238.1
174 239.5 , Est Remaining: 236.7
175 240.8 , Est Remaining: 235.3
176 242.2 , Est Remaining: 233.9
177 243.5 , Est Remaining: 232.5
178 244.9 , Est Remaining: 231.2
179 246.3 , Est Remaining: 229.8
180 247.6 , Est Remaining: 228.4
181 249.0 , Est Remaining: 227.0
182 250.3 , Est Remaining: 225.6
183 251.7 , Est Remaining: 224.2
184 253.0 , Est Remaining: 222.8
185 254.4 , Est Remaining: 221.4
186 255.7 , Est Remaining: 220.0
187 257.1 , Est Remaining: 218.6
188 258.4 , Est Remaining: 217.2
189 259.8 , Est Remaining: 215.8
190 261.1 , Est Remaining: 214.4
191 262.5 , Est Remaining: 213.0
192 263.9 , Est Remaining: 211.6
193 265.2 , Est Remaining: 210.2
194 266.5 , Est Remaining: 208.8
195 267.9 , Est Remaining: 207.4
196 269.2 , Est Remaining: 206.0
197 270.6 , Est Remaining: 204.7
198 271.9 , Est Remaining: 203.3
199 273.3 , Est Remaining: 201.9
200 274.6 , Est Remaining: 200.5
201 276.0 , Est Remaining: 199.1
202 277.5 , Est Remaining: 197.8
203 278.9 , Est Remaining: 196.4
204 280.2 , Est Remaining: 195.0
205 281.6 , Est Remaining: 193.7
206 282.9 , Est Remaining: 192.3
207 284.2 , Est Remaining: 190.9
208 285.6 , Est Remaining: 189.5
209 286.9 , Est Remaining: 188.1
210 288.3 , Est Remaining: 186.7
211 289.7 , Est Remaining: 185.3
212 291.0 , Est Remaining: 183.9
213 292.4 , Est Remaining: 182.6
214 293.7 , Est Remaining: 181.2
215 295.1 , Est Remaining: 179.8
216 296.4 , Est Remaining: 178.4
217 297.8 , Est Remaining: 177.0
218 299.1 , Est Remaining: 175.6
219 300.5 , Est Remaining: 174.2
220 301.8 , Est Remaining: 172.9
221 303.1 , Est Remaining: 171.5
222 304.5 , Est Remaining: 170.1
223 305.8 , Est Remaining: 168.7
224 307.2 , Est Remaining: 167.3
225 308.4 , Est Remaining: 165.9
226 309.8 , Est Remaining: 164.5
227 311.1 , Est Remaining: 163.1
EVENT FAILED
227 311.4 , Est Remaining: 163.3
228 312.8 , Est Remaining: 161.9
229 314.1 , Est Remaining: 160.5
230 315.5 , Est Remaining: 159.1
231 316.8 , Est Remaining: 157.7
232 318.1 , Est Remaining: 156.3
233 319.5 , Est Remaining: 155.0
234 320.8 , Est Remaining: 153.6
235 322.2 , Est Remaining: 152.2
236 323.6 , Est Remaining: 150.8
237 324.9 , Est Remaining: 149.4
238 326.2 , Est Remaining: 148.0
239 327.6 , Est Remaining: 146.7
240 329.0 , Est Remaining: 145.3
241 330.3 , Est Remaining: 143.9
242 331.7 , Est Remaining: 142.5
243 333.0 , Est Remaining: 141.2
244 334.4 , Est Remaining: 139.8
245 335.7 , Est Remaining: 138.4
246 337.1 , Est Remaining: 137.0
247 338.4 , Est Remaining: 135.6
248 339.8 , Est Remaining: 134.3
249 341.1 , Est Remaining: 132.9
250 342.5 , Est Remaining: 131.5
251 343.8 , Est Remaining: 130.1
252 345.2 , Est Remaining: 128.8
253 346.5 , Est Remaining: 127.4
254 347.9 , Est Remaining: 126.0
255 349.2 , Est Remaining: 124.6
256 350.6 , Est Remaining: 123.2
257 351.9 , Est Remaining: 121.9
258 353.3 , Est Remaining: 120.5
259 354.6 , Est Remaining: 119.1
260 356.0 , Est Remaining: 117.7
261 357.4 , Est Remaining: 116.4
262 358.7 , Est Remaining: 115.0
263 360.1 , Est Remaining: 113.6
264 361.4 , Est Remaining: 112.3
265 362.8 , Est Remaining: 110.9
266 364.1 , Est Remaining: 109.5
267 365.4 , Est Remaining: 108.1
268 366.8 , Est Remaining: 106.7
269 368.1 , Est Remaining: 105.4
270 369.4 , Est Remaining: 104.0
271 370.8 , Est Remaining: 102.6
272 372.1 , Est Remaining: 101.2
273 373.4 , Est Remaining: 99.9
274 374.8 , Est Remaining: 98.5
275 376.1 , Est Remaining: 97.1
276 377.5 , Est Remaining: 95.7
277 378.8 , Est Remaining: 94.4
278 380.2 , Est Remaining: 93.0
279 381.5 , Est Remaining: 91.6
280 382.9 , Est Remaining: 90.2
281 384.2 , Est Remaining: 88.9
282 385.6 , Est Remaining: 87.5
283 386.9 , Est Remaining: 86.1
284 388.3 , Est Remaining: 84.8
EVENT FAILED
284 388.6 , Est Remaining: 84.8
285 389.9 , Est Remaining: 83.5
286 391.3 , Est Remaining: 82.1
287 392.6 , Est Remaining: 80.7
288 394.0 , Est Remaining: 79.3
289 395.3 , Est Remaining: 78.0
290 396.7 , Est Remaining: 76.6
291 398.0 , Est Remaining: 75.2
292 399.4 , Est Remaining: 73.9
293 400.8 , Est Remaining: 72.5
294 402.1 , Est Remaining: 71.1
295 403.5 , Est Remaining: 69.8
296 404.8 , Est Remaining: 68.4
297 406.2 , Est Remaining: 67.0
298 407.5 , Est Remaining: 65.6
299 408.9 , Est Remaining: 64.3
300 410.2 , Est Remaining: 62.9
301 411.6 , Est Remaining: 61.5
EVENT FAILED
301 411.9 , Est Remaining: 61.6
302 413.4 , Est Remaining: 60.2
303 414.7 , Est Remaining: 58.9
304 416.1 , Est Remaining: 57.5
305 417.7 , Est Remaining: 56.1
306 419.0 , Est Remaining: 54.8
307 420.4 , Est Remaining: 53.4
308 421.7 , Est Remaining: 52.0
309 423.1 , Est Remaining: 50.7
310 424.4 , Est Remaining: 49.3
EVENT FAILED
310 424.7 , Est Remaining: 49.3
311 426.1 , Est Remaining: 48.0
312 427.4 , Est Remaining: 46.6
313 428.8 , Est Remaining: 45.2
314 430.1 , Est Remaining: 43.8
315 431.5 , Est Remaining: 42.5
316 432.8 , Est Remaining: 41.1
317 434.2 , Est Remaining: 39.7
318 435.5 , Est Remaining: 38.3
319 436.8 , Est Remaining: 37.0
320 438.2 , Est Remaining: 35.6
321 439.5 , Est Remaining: 34.2
322 440.9 , Est Remaining: 32.9
323 442.2 , Est Remaining: 31.5
324 443.6 , Est Remaining: 30.1
325 444.9 , Est Remaining: 28.7
326 446.2 , Est Remaining: 27.4
327 447.5 , Est Remaining: 26.0
328 448.8 , Est Remaining: 24.6
329 450.1 , Est Remaining: 23.3
EVENT FAILED
