Note: NumExpr detected 32 cores but "NUMEXPR_MAX_THREADS" not set, so enforcing safe limit of 8.
Using selector: EpollSelector
/n/home02/jhaefner/miniconda/envs/IC-3.7-2020-06-16/lib/python3.7/site-packages/scipy/optimize/minpack.py:808: OptimizeWarning: Covariance of the parameters could not be estimated
  category=OptimizeWarning)
Total rwfs: 346
0 0.0 , Est Remaining: 999999.9
1 1.4 , Est Remaining: 493.7
2 2.8 , Est Remaining: 489.7
3 4.3 , Est Remaining: 488.5
4 5.7 , Est Remaining: 485.9
5 7.1 , Est Remaining: 485.3
6 8.5 , Est Remaining: 482.5
7 9.9 , Est Remaining: 480.6
8 11.3 , Est Remaining: 479.3
9 12.7 , Est Remaining: 476.7
10 14.1 , Est Remaining: 475.2
11 15.6 , Est Remaining: 474.0
EVENT FAILED
11 15.9 , Est Remaining: 483.5
12 17.3 , Est Remaining: 480.7
13 18.7 , Est Remaining: 478.2
14 20.1 , Est Remaining: 476.5
15 21.5 , Est Remaining: 474.5
16 22.9 , Est Remaining: 472.8
17 24.4 , Est Remaining: 471.4
18 25.8 , Est Remaining: 470.1
19 27.2 , Est Remaining: 468.3
20 28.6 , Est Remaining: 466.6
21 30.1 , Est Remaining: 465.4
22 31.5 , Est Remaining: 464.0
23 32.9 , Est Remaining: 462.5
24 34.4 , Est Remaining: 461.2
EVENT FAILED
24 34.7 , Est Remaining: 465.3
25 36.1 , Est Remaining: 463.8
26 37.6 , Est Remaining: 462.2
27 39.0 , Est Remaining: 460.9
28 40.4 , Est Remaining: 459.3
29 41.9 , Est Remaining: 457.6
30 43.3 , Est Remaining: 456.2
31 44.8 , Est Remaining: 454.7
32 46.2 , Est Remaining: 453.3
33 47.6 , Est Remaining: 451.9
34 49.1 , Est Remaining: 450.6
35 50.6 , Est Remaining: 449.3
36 52.0 , Est Remaining: 447.8
37 53.5 , Est Remaining: 446.4
38 54.9 , Est Remaining: 445.0
39 56.4 , Est Remaining: 443.7
40 57.8 , Est Remaining: 442.3
41 59.3 , Est Remaining: 440.9
42 60.7 , Est Remaining: 439.4
43 62.2 , Est Remaining: 438.1
44 63.6 , Est Remaining: 436.8
45 65.1 , Est Remaining: 435.5
46 66.6 , Est Remaining: 434.1
47 68.0 , Est Remaining: 432.8
48 69.5 , Est Remaining: 431.5
49 71.0 , Est Remaining: 430.1
50 72.4 , Est Remaining: 428.8
51 73.9 , Est Remaining: 427.4
52 75.4 , Est Remaining: 426.1
53 76.8 , Est Remaining: 424.7
54 78.3 , Est Remaining: 423.2
55 79.7 , Est Remaining: 421.8
56 81.2 , Est Remaining: 420.5
EVENT FAILED
56 81.5 , Est Remaining: 422.0
57 82.9 , Est Remaining: 420.5
58 84.4 , Est Remaining: 419.1
59 85.9 , Est Remaining: 417.6
60 87.4 , Est Remaining: 416.6
61 88.9 , Est Remaining: 415.1
62 90.3 , Est Remaining: 413.7
63 91.8 , Est Remaining: 412.2
64 93.2 , Est Remaining: 410.7
65 94.7 , Est Remaining: 409.2
66 96.1 , Est Remaining: 407.8
67 97.6 , Est Remaining: 406.2
68 99.0 , Est Remaining: 404.8
69 100.4 , Est Remaining: 403.2
70 101.9 , Est Remaining: 401.7
71 103.4 , Est Remaining: 400.3
72 104.8 , Est Remaining: 398.9
73 106.2 , Est Remaining: 397.3
74 107.7 , Est Remaining: 395.8
75 109.1 , Est Remaining: 394.3
76 110.6 , Est Remaining: 392.9
77 112.0 , Est Remaining: 391.4
EVENT FAILED
77 112.3 , Est Remaining: 392.4
78 113.8 , Est Remaining: 390.9
79 115.2 , Est Remaining: 389.4
80 116.7 , Est Remaining: 387.9
81 118.1 , Est Remaining: 386.4
82 119.5 , Est Remaining: 384.9
83 121.0 , Est Remaining: 383.4
84 122.4 , Est Remaining: 381.8
85 123.8 , Est Remaining: 380.2
86 125.3 , Est Remaining: 378.7
87 126.7 , Est Remaining: 377.2
88 128.1 , Est Remaining: 375.6
89 129.5 , Est Remaining: 374.0
90 130.9 , Est Remaining: 372.4
91 132.3 , Est Remaining: 370.8
92 133.8 , Est Remaining: 369.3
93 135.2 , Est Remaining: 367.8
94 136.6 , Est Remaining: 366.3
95 138.1 , Est Remaining: 364.8
96 139.5 , Est Remaining: 363.3
97 141.0 , Est Remaining: 361.8
98 142.4 , Est Remaining: 360.4
99 143.9 , Est Remaining: 359.0
100 145.3 , Est Remaining: 357.5
EVENT FAILED
100 145.6 , Est Remaining: 358.2
101 147.1 , Est Remaining: 356.7
102 148.6 , Est Remaining: 355.4
103 150.0 , Est Remaining: 353.9
104 151.5 , Est Remaining: 352.4
105 152.9 , Est Remaining: 351.0
106 154.4 , Est Remaining: 349.5
107 155.8 , Est Remaining: 348.0
108 157.2 , Est Remaining: 346.5
109 158.7 , Est Remaining: 345.0
110 160.1 , Est Remaining: 343.4
111 161.5 , Est Remaining: 341.9
112 162.9 , Est Remaining: 340.4
113 164.4 , Est Remaining: 338.9
114 165.8 , Est Remaining: 337.4
115 167.2 , Est Remaining: 335.9
116 168.6 , Est Remaining: 334.4
117 170.1 , Est Remaining: 332.9
118 171.5 , Est Remaining: 331.4
119 173.0 , Est Remaining: 329.9
120 174.4 , Est Remaining: 328.4
EVENT FAILED
120 174.7 , Est Remaining: 329.0
121 176.1 , Est Remaining: 327.5
122 177.6 , Est Remaining: 326.1
123 179.0 , Est Remaining: 324.6
124 180.5 , Est Remaining: 323.1
125 181.9 , Est Remaining: 321.7
126 183.4 , Est Remaining: 320.2
127 184.8 , Est Remaining: 318.7
128 186.2 , Est Remaining: 317.2
129 187.7 , Est Remaining: 315.7
130 189.1 , Est Remaining: 314.2
131 190.5 , Est Remaining: 312.7
132 191.9 , Est Remaining: 311.2
133 193.4 , Est Remaining: 309.7
134 194.8 , Est Remaining: 308.2
135 196.2 , Est Remaining: 306.7
136 197.7 , Est Remaining: 305.2
EVENT FAILED
136 198.0 , Est Remaining: 305.7
137 199.4 , Est Remaining: 304.2
138 200.8 , Est Remaining: 302.7
139 202.3 , Est Remaining: 301.2
140 203.7 , Est Remaining: 299.7
141 205.1 , Est Remaining: 298.3
142 206.6 , Est Remaining: 296.8
143 208.0 , Est Remaining: 295.3
144 209.4 , Est Remaining: 293.8
145 210.9 , Est Remaining: 292.3
146 212.3 , Est Remaining: 290.8
147 213.7 , Est Remaining: 289.3
148 215.1 , Est Remaining: 287.8
149 216.5 , Est Remaining: 286.3
150 218.0 , Est Remaining: 284.8
151 219.4 , Est Remaining: 283.3
152 220.8 , Est Remaining: 281.8
153 222.2 , Est Remaining: 280.3
154 223.7 , Est Remaining: 278.8
155 225.1 , Est Remaining: 277.4
156 226.5 , Est Remaining: 275.9
157 227.9 , Est Remaining: 274.4
158 229.4 , Est Remaining: 272.9
159 230.8 , Est Remaining: 271.5
160 232.3 , Est Remaining: 270.0
161 233.7 , Est Remaining: 268.6
162 235.1 , Est Remaining: 267.1
163 236.6 , Est Remaining: 265.6
164 238.0 , Est Remaining: 264.1
165 239.4 , Est Remaining: 262.7
166 240.9 , Est Remaining: 261.2
167 242.3 , Est Remaining: 259.7
168 243.7 , Est Remaining: 258.2
169 245.1 , Est Remaining: 256.7
170 246.5 , Est Remaining: 255.2
171 247.9 , Est Remaining: 253.7
172 249.3 , Est Remaining: 252.2
173 250.7 , Est Remaining: 250.7
174 252.1 , Est Remaining: 249.2
175 253.6 , Est Remaining: 247.8
176 255.0 , Est Remaining: 246.3
EVENT FAILED
176 255.3 , Est Remaining: 246.6
177 256.7 , Est Remaining: 245.1
178 258.1 , Est Remaining: 243.6
179 259.5 , Est Remaining: 242.1
180 260.9 , Est Remaining: 240.6
181 262.3 , Est Remaining: 239.1
182 263.7 , Est Remaining: 237.6
183 265.1 , Est Remaining: 236.1
184 266.5 , Est Remaining: 234.7
185 267.9 , Est Remaining: 233.2
EVENT FAILED
185 268.2 , Est Remaining: 233.4
186 269.7 , Est Remaining: 232.0
187 271.1 , Est Remaining: 230.5
188 272.5 , Est Remaining: 229.0
189 273.9 , Est Remaining: 227.5
190 275.3 , Est Remaining: 226.1
191 276.7 , Est Remaining: 224.6
192 278.2 , Est Remaining: 223.1
193 279.6 , Est Remaining: 221.6
194 281.0 , Est Remaining: 220.1
195 282.4 , Est Remaining: 218.7
196 283.8 , Est Remaining: 217.2
197 285.2 , Est Remaining: 215.7
198 286.6 , Est Remaining: 214.2
199 288.0 , Est Remaining: 212.7
200 289.3 , Est Remaining: 211.2
201 290.7 , Est Remaining: 209.7
202 292.2 , Est Remaining: 208.3
203 293.6 , Est Remaining: 206.8
204 295.0 , Est Remaining: 205.3
205 296.4 , Est Remaining: 203.9
206 297.8 , Est Remaining: 202.4
207 299.1 , Est Remaining: 200.9
208 300.5 , Est Remaining: 199.4
209 301.8 , Est Remaining: 197.9
210 303.2 , Est Remaining: 196.3
211 304.6 , Est Remaining: 194.9
212 305.9 , Est Remaining: 193.4
213 307.3 , Est Remaining: 191.9
214 308.6 , Est Remaining: 190.4
215 310.0 , Est Remaining: 188.9
216 311.3 , Est Remaining: 187.4
217 312.7 , Est Remaining: 185.9
218 314.1 , Est Remaining: 184.4
219 315.4 , Est Remaining: 182.9
220 316.8 , Est Remaining: 181.4
221 318.2 , Est Remaining: 180.0
222 319.5 , Est Remaining: 178.5
223 320.9 , Est Remaining: 177.0
224 322.2 , Est Remaining: 175.5
225 323.6 , Est Remaining: 174.0
226 325.0 , Est Remaining: 172.6
227 326.3 , Est Remaining: 171.1
228 327.7 , Est Remaining: 169.6
229 329.1 , Est Remaining: 168.1
230 330.4 , Est Remaining: 166.7
231 331.8 , Est Remaining: 165.2
232 333.2 , Est Remaining: 163.7
EVENT FAILED
232 333.5 , Est Remaining: 163.9
233 334.8 , Est Remaining: 162.4
234 336.2 , Est Remaining: 160.9
235 337.6 , Est Remaining: 159.4
236 338.9 , Est Remaining: 158.0
237 340.3 , Est Remaining: 156.5
EVENT FAILED
237 340.6 , Est Remaining: 156.6
238 341.9 , Est Remaining: 155.2
239 343.3 , Est Remaining: 153.7
240 344.7 , Est Remaining: 152.2
241 346.1 , Est Remaining: 150.8
242 347.5 , Est Remaining: 149.3
243 348.8 , Est Remaining: 147.9
244 350.1 , Est Remaining: 146.3
245 351.4 , Est Remaining: 144.9
246 352.7 , Est Remaining: 143.4
247 354.1 , Est Remaining: 141.9
EVENT FAILED
247 354.4 , Est Remaining: 142.0
248 355.8 , Est Remaining: 140.6
249 357.2 , Est Remaining: 139.1
250 358.5 , Est Remaining: 137.7
251 359.9 , Est Remaining: 136.2
EVENT FAILED
251 360.2 , Est Remaining: 136.3
252 361.6 , Est Remaining: 134.9
253 363.0 , Est Remaining: 133.4
254 364.4 , Est Remaining: 132.0
255 365.7 , Est Remaining: 130.5
EVENT FAILED
255 366.0 , Est Remaining: 130.6
256 367.4 , Est Remaining: 129.2
257 368.8 , Est Remaining: 127.7
258 370.2 , Est Remaining: 126.3
259 371.6 , Est Remaining: 124.8
260 373.1 , Est Remaining: 123.4
261 374.5 , Est Remaining: 122.0
262 375.9 , Est Remaining: 120.5
263 377.3 , Est Remaining: 119.1
EVENT FAILED
263 377.6 , Est Remaining: 119.2
264 379.0 , Est Remaining: 117.7
265 380.4 , Est Remaining: 116.3
266 381.8 , Est Remaining: 114.8
267 383.2 , Est Remaining: 113.4
268 384.7 , Est Remaining: 112.0
269 386.1 , Est Remaining: 110.5
270 387.5 , Est Remaining: 109.1
271 388.9 , Est Remaining: 107.6
272 390.3 , Est Remaining: 106.2
273 391.8 , Est Remaining: 104.8
274 393.1 , Est Remaining: 103.3
275 394.6 , Est Remaining: 101.9
276 396.0 , Est Remaining: 100.4
277 397.4 , Est Remaining: 99.0
278 398.8 , Est Remaining: 97.6
279 400.3 , Est Remaining: 96.1
280 401.7 , Est Remaining: 94.7
281 403.1 , Est Remaining: 93.3
282 404.6 , Est Remaining: 91.8
283 406.0 , Est Remaining: 90.4
284 407.4 , Est Remaining: 88.9
285 408.9 , Est Remaining: 87.5
286 410.3 , Est Remaining: 86.1
287 411.8 , Est Remaining: 84.7
288 413.2 , Est Remaining: 83.2
289 414.6 , Est Remaining: 81.8
290 416.1 , Est Remaining: 80.3
291 417.5 , Est Remaining: 78.9
292 419.0 , Est Remaining: 77.5
293 420.4 , Est Remaining: 76.0
294 421.8 , Est Remaining: 74.6
295 423.2 , Est Remaining: 73.2
296 424.7 , Est Remaining: 71.7
297 426.1 , Est Remaining: 70.3
298 427.5 , Est Remaining: 68.9
299 429.0 , Est Remaining: 67.4
300 430.4 , Est Remaining: 66.0
301 431.8 , Est Remaining: 64.6
302 433.4 , Est Remaining: 63.1
303 434.8 , Est Remaining: 61.7
304 436.2 , Est Remaining: 60.3
305 437.6 , Est Remaining: 58.8
306 439.1 , Est Remaining: 57.4
307 440.5 , Est Remaining: 56.0
308 441.9 , Est Remaining: 54.5
309 443.4 , Est Remaining: 53.1
310 444.9 , Est Remaining: 51.7
311 446.3 , Est Remaining: 50.2
312 447.7 , Est Remaining: 48.8
313 449.1 , Est Remaining: 47.4
314 450.6 , Est Remaining: 45.9
EVENT FAILED
314 450.9 , Est Remaining: 45.9
315 452.3 , Est Remaining: 44.5
316 453.8 , Est Remaining: 43.1
317 455.2 , Est Remaining: 41.6
318 456.7 , Est Remaining: 40.2
319 458.1 , Est Remaining: 38.8
320 459.5 , Est Remaining: 37.3
321 460.9 , Est Remaining: 35.9
322 462.4 , Est Remaining: 34.5
323 463.8 , Est Remaining: 33.0
324 465.2 , Est Remaining: 31.6
325 466.6 , Est Remaining: 30.2
326 468.1 , Est Remaining: 28.7
327 469.5 , Est Remaining: 27.3
328 470.9 , Est Remaining: 25.8
329 472.3 , Est Remaining: 24.4
