Note: NumExpr detected 32 cores but "NUMEXPR_MAX_THREADS" not set, so enforcing safe limit of 8.
Using selector: EpollSelector
/n/home02/jhaefner/miniconda/envs/IC-3.7-2020-06-16/lib/python3.7/site-packages/scipy/optimize/minpack.py:808: OptimizeWarning: Covariance of the parameters could not be estimated
  category=OptimizeWarning)
Total rwfs: 346
0 0.0 , Est Remaining: 999999.9
1 1.3 , Est Remaining: 463.8
2 2.7 , Est Remaining: 460.7
3 4.0 , Est Remaining: 460.3
4 5.4 , Est Remaining: 460.0
5 6.7 , Est Remaining: 458.1
6 8.0 , Est Remaining: 454.5
7 9.3 , Est Remaining: 451.8
8 10.7 , Est Remaining: 450.4
9 12.0 , Est Remaining: 449.2
10 13.3 , Est Remaining: 447.4
11 14.6 , Est Remaining: 445.5
12 15.9 , Est Remaining: 443.7
13 17.2 , Est Remaining: 441.9
14 18.6 , Est Remaining: 440.4
15 19.9 , Est Remaining: 438.6
16 21.2 , Est Remaining: 437.9
17 22.6 , Est Remaining: 436.5
18 23.9 , Est Remaining: 435.1
19 25.2 , Est Remaining: 433.8
20 26.6 , Est Remaining: 432.8
21 27.9 , Est Remaining: 431.4
22 29.2 , Est Remaining: 430.2
23 30.5 , Est Remaining: 429.0
24 31.9 , Est Remaining: 427.9
EVENT FAILED
24 32.2 , Est Remaining: 431.9
25 33.5 , Est Remaining: 430.6
26 34.9 , Est Remaining: 429.3
27 36.2 , Est Remaining: 428.0
28 37.6 , Est Remaining: 426.8
29 38.9 , Est Remaining: 425.6
30 40.3 , Est Remaining: 424.3
31 41.6 , Est Remaining: 423.1
32 43.0 , Est Remaining: 421.7
33 44.3 , Est Remaining: 420.3
34 45.7 , Est Remaining: 418.9
35 47.0 , Est Remaining: 417.5
36 48.3 , Est Remaining: 416.1
37 49.7 , Est Remaining: 414.8
EVENT FAILED
37 50.0 , Est Remaining: 417.3
38 51.3 , Est Remaining: 415.9
39 52.7 , Est Remaining: 414.6
40 54.0 , Est Remaining: 413.3
41 55.4 , Est Remaining: 412.0
42 56.7 , Est Remaining: 410.7
EVENT FAILED
42 57.0 , Est Remaining: 412.8
43 58.4 , Est Remaining: 411.4
44 59.7 , Est Remaining: 410.0
45 61.1 , Est Remaining: 408.5
EVENT FAILED
45 61.4 , Est Remaining: 410.5
46 62.7 , Est Remaining: 409.1
47 64.1 , Est Remaining: 407.7
48 65.4 , Est Remaining: 406.2
49 66.8 , Est Remaining: 404.8
50 68.1 , Est Remaining: 403.3
51 69.5 , Est Remaining: 401.9
52 70.8 , Est Remaining: 400.3
53 72.2 , Est Remaining: 398.9
54 73.5 , Est Remaining: 397.4
55 74.8 , Est Remaining: 396.0
56 76.2 , Est Remaining: 394.6
57 77.5 , Est Remaining: 393.1
58 78.9 , Est Remaining: 391.7
59 80.2 , Est Remaining: 390.3
60 81.6 , Est Remaining: 388.9
61 83.0 , Est Remaining: 387.6
62 84.3 , Est Remaining: 386.2
63 85.7 , Est Remaining: 384.8
64 87.0 , Est Remaining: 383.4
65 88.4 , Est Remaining: 382.0
66 89.7 , Est Remaining: 380.7
67 91.1 , Est Remaining: 379.2
EVENT FAILED
67 91.4 , Est Remaining: 380.4
68 92.7 , Est Remaining: 379.0
69 94.1 , Est Remaining: 377.6
70 95.4 , Est Remaining: 376.2
71 96.8 , Est Remaining: 374.8
72 98.1 , Est Remaining: 373.3
73 99.5 , Est Remaining: 372.0
74 100.8 , Est Remaining: 370.6
75 102.2 , Est Remaining: 369.1
76 103.5 , Est Remaining: 367.7
77 104.9 , Est Remaining: 366.3
78 106.2 , Est Remaining: 364.9
79 107.6 , Est Remaining: 363.6
80 108.9 , Est Remaining: 362.1
81 110.3 , Est Remaining: 360.7
82 111.6 , Est Remaining: 359.3
83 112.9 , Est Remaining: 357.8
84 114.3 , Est Remaining: 356.4
85 115.6 , Est Remaining: 354.9
86 116.9 , Est Remaining: 353.5
87 118.2 , Est Remaining: 352.0
88 119.6 , Est Remaining: 350.6
89 120.9 , Est Remaining: 349.1
90 122.2 , Est Remaining: 347.7
91 123.6 , Est Remaining: 346.3
92 124.9 , Est Remaining: 344.9
93 126.3 , Est Remaining: 343.5
94 127.6 , Est Remaining: 342.1
95 128.9 , Est Remaining: 340.7
96 130.3 , Est Remaining: 339.3
97 131.6 , Est Remaining: 337.9
98 133.0 , Est Remaining: 336.5
99 134.3 , Est Remaining: 335.1
100 135.6 , Est Remaining: 333.6
101 136.9 , Est Remaining: 332.2
EVENT FAILED
101 137.2 , Est Remaining: 332.9
102 138.6 , Est Remaining: 331.5
103 140.0 , Est Remaining: 330.3
104 141.4 , Est Remaining: 328.9
105 142.7 , Est Remaining: 327.6
EVENT FAILED
105 143.0 , Est Remaining: 328.3
106 144.4 , Est Remaining: 326.9
107 145.7 , Est Remaining: 325.5
108 147.1 , Est Remaining: 324.1
109 148.4 , Est Remaining: 322.7
110 149.8 , Est Remaining: 321.4
111 151.1 , Est Remaining: 320.0
112 152.5 , Est Remaining: 318.6
113 153.8 , Est Remaining: 317.2
114 155.2 , Est Remaining: 315.8
115 156.5 , Est Remaining: 314.4
116 157.9 , Est Remaining: 313.0
117 159.2 , Est Remaining: 311.6
118 160.6 , Est Remaining: 310.2
119 161.9 , Est Remaining: 308.8
120 163.2 , Est Remaining: 307.4
121 164.6 , Est Remaining: 306.0
122 165.9 , Est Remaining: 304.6
123 167.2 , Est Remaining: 303.2
124 168.6 , Est Remaining: 301.8
125 169.9 , Est Remaining: 300.4
126 171.2 , Est Remaining: 299.0
127 172.6 , Est Remaining: 297.6
128 173.9 , Est Remaining: 296.2
129 175.3 , Est Remaining: 294.8
130 176.6 , Est Remaining: 293.4
131 177.9 , Est Remaining: 292.0
132 179.3 , Est Remaining: 290.6
133 180.6 , Est Remaining: 289.2
134 181.9 , Est Remaining: 287.8
135 183.3 , Est Remaining: 286.5
136 184.6 , Est Remaining: 285.1
137 186.0 , Est Remaining: 283.7
138 187.3 , Est Remaining: 282.3
139 188.7 , Est Remaining: 281.0
140 190.0 , Est Remaining: 279.6
141 191.3 , Est Remaining: 278.2
142 192.7 , Est Remaining: 276.8
143 194.0 , Est Remaining: 275.4
144 195.4 , Est Remaining: 274.1
145 196.7 , Est Remaining: 272.7
146 198.1 , Est Remaining: 271.3
147 199.4 , Est Remaining: 269.9
148 200.8 , Est Remaining: 268.6
149 202.1 , Est Remaining: 267.2
EVENT FAILED
149 202.4 , Est Remaining: 267.6
150 203.8 , Est Remaining: 266.3
151 205.1 , Est Remaining: 264.9
152 206.5 , Est Remaining: 263.6
153 207.9 , Est Remaining: 262.2
154 209.5 , Est Remaining: 261.2
155 210.8 , Est Remaining: 259.8
156 212.2 , Est Remaining: 258.4
157 213.5 , Est Remaining: 257.1
EVENT FAILED
157 213.8 , Est Remaining: 257.4
158 215.2 , Est Remaining: 256.0
159 216.5 , Est Remaining: 254.6
160 217.9 , Est Remaining: 253.3
161 219.2 , Est Remaining: 251.9
162 220.5 , Est Remaining: 250.5
163 221.9 , Est Remaining: 249.1
164 223.2 , Est Remaining: 247.7
165 224.6 , Est Remaining: 246.4
166 226.0 , Est Remaining: 245.0
167 227.3 , Est Remaining: 243.7
168 228.7 , Est Remaining: 242.3
169 230.0 , Est Remaining: 240.9
170 231.4 , Est Remaining: 239.5
171 232.7 , Est Remaining: 238.2
172 234.1 , Est Remaining: 236.8
173 235.4 , Est Remaining: 235.4
174 236.8 , Est Remaining: 234.1
175 238.2 , Est Remaining: 232.7
176 239.5 , Est Remaining: 231.3
177 240.8 , Est Remaining: 230.0
178 242.2 , Est Remaining: 228.6
179 243.5 , Est Remaining: 227.2
180 244.9 , Est Remaining: 225.8
181 246.2 , Est Remaining: 224.5
182 247.6 , Est Remaining: 223.1
183 248.9 , Est Remaining: 221.7
184 250.3 , Est Remaining: 220.3
185 251.6 , Est Remaining: 219.0
186 253.0 , Est Remaining: 217.6
187 254.3 , Est Remaining: 216.2
EVENT FAILED
187 254.6 , Est Remaining: 216.5
188 255.9 , Est Remaining: 215.1
189 257.3 , Est Remaining: 213.7
190 258.6 , Est Remaining: 212.3
191 260.0 , Est Remaining: 211.0
EVENT FAILED
191 260.3 , Est Remaining: 211.2
192 261.6 , Est Remaining: 209.8
193 262.9 , Est Remaining: 208.4
194 264.2 , Est Remaining: 207.0
195 265.6 , Est Remaining: 205.6
196 266.9 , Est Remaining: 204.3
197 268.2 , Est Remaining: 202.9
198 269.6 , Est Remaining: 201.5
199 270.9 , Est Remaining: 200.1
200 272.2 , Est Remaining: 198.7
201 273.6 , Est Remaining: 197.3
202 275.0 , Est Remaining: 196.0
203 276.3 , Est Remaining: 194.6
204 277.7 , Est Remaining: 193.3
205 279.0 , Est Remaining: 191.9
206 280.3 , Est Remaining: 190.5
207 281.7 , Est Remaining: 189.1
208 283.0 , Est Remaining: 187.8
209 284.4 , Est Remaining: 186.4
210 285.7 , Est Remaining: 185.0
211 287.1 , Est Remaining: 183.7
212 288.4 , Est Remaining: 182.3
213 289.7 , Est Remaining: 180.9
214 291.1 , Est Remaining: 179.5
EVENT FAILED
214 291.4 , Est Remaining: 179.7
215 292.7 , Est Remaining: 178.4
216 294.1 , Est Remaining: 177.0
217 295.4 , Est Remaining: 175.6
218 296.8 , Est Remaining: 174.2
219 298.1 , Est Remaining: 172.9
220 299.4 , Est Remaining: 171.5
221 300.8 , Est Remaining: 170.1
222 302.1 , Est Remaining: 168.8
223 303.5 , Est Remaining: 167.4
224 304.8 , Est Remaining: 166.0
225 306.1 , Est Remaining: 164.6
226 307.5 , Est Remaining: 163.3
227 308.8 , Est Remaining: 161.9
228 310.1 , Est Remaining: 160.5
229 311.5 , Est Remaining: 159.1
230 312.8 , Est Remaining: 157.8
231 314.2 , Est Remaining: 156.4
232 315.5 , Est Remaining: 155.0
233 316.8 , Est Remaining: 153.7
234 318.2 , Est Remaining: 152.3
235 319.5 , Est Remaining: 150.9
236 320.9 , Est Remaining: 149.6
237 322.2 , Est Remaining: 148.2
238 323.6 , Est Remaining: 146.8
239 324.9 , Est Remaining: 145.5
240 326.2 , Est Remaining: 144.1
241 327.6 , Est Remaining: 142.7
242 328.9 , Est Remaining: 141.4
243 330.3 , Est Remaining: 140.0
244 331.6 , Est Remaining: 138.6
245 333.0 , Est Remaining: 137.3
246 334.3 , Est Remaining: 135.9
247 335.6 , Est Remaining: 134.5
248 337.0 , Est Remaining: 133.2
249 338.3 , Est Remaining: 131.8
250 339.7 , Est Remaining: 130.4
251 341.0 , Est Remaining: 129.1
252 342.3 , Est Remaining: 127.7
253 343.7 , Est Remaining: 126.3
254 345.0 , Est Remaining: 125.0
255 346.4 , Est Remaining: 123.6
256 347.7 , Est Remaining: 122.2
257 349.0 , Est Remaining: 120.9
258 350.4 , Est Remaining: 119.5
259 351.7 , Est Remaining: 118.1
260 353.1 , Est Remaining: 116.8
261 354.4 , Est Remaining: 115.4
262 355.7 , Est Remaining: 114.0
263 357.0 , Est Remaining: 112.7
264 358.4 , Est Remaining: 111.3
265 359.7 , Est Remaining: 109.9
266 361.0 , Est Remaining: 108.6
267 362.3 , Est Remaining: 107.2
EVENT FAILED
267 362.6 , Est Remaining: 107.3
268 364.0 , Est Remaining: 105.9
269 365.3 , Est Remaining: 104.6
270 366.6 , Est Remaining: 103.2
271 368.0 , Est Remaining: 101.8
272 369.3 , Est Remaining: 100.5
273 370.6 , Est Remaining: 99.1
274 372.0 , Est Remaining: 97.7
275 373.3 , Est Remaining: 96.4
276 374.7 , Est Remaining: 95.0
277 376.0 , Est Remaining: 93.7
278 377.4 , Est Remaining: 92.3
279 378.7 , Est Remaining: 90.9
280 380.1 , Est Remaining: 89.6
281 381.4 , Est Remaining: 88.2
282 382.8 , Est Remaining: 86.9
283 384.1 , Est Remaining: 85.5
284 385.5 , Est Remaining: 84.1
285 386.8 , Est Remaining: 82.8
286 388.1 , Est Remaining: 81.4
287 389.5 , Est Remaining: 80.1
288 390.8 , Est Remaining: 78.7
289 392.2 , Est Remaining: 77.4
290 393.5 , Est Remaining: 76.0
291 394.9 , Est Remaining: 74.6
292 396.2 , Est Remaining: 73.3
293 397.6 , Est Remaining: 71.9
294 398.9 , Est Remaining: 70.6
295 400.3 , Est Remaining: 69.2
296 401.6 , Est Remaining: 67.8
297 402.9 , Est Remaining: 66.5
298 404.3 , Est Remaining: 65.1
299 405.6 , Est Remaining: 63.8
300 406.8 , Est Remaining: 62.4
301 408.1 , Est Remaining: 61.0
302 409.6 , Est Remaining: 59.7
303 410.9 , Est Remaining: 58.3
304 412.2 , Est Remaining: 56.9
305 413.5 , Est Remaining: 55.6
306 414.8 , Est Remaining: 54.2
307 416.1 , Est Remaining: 52.9
308 417.4 , Est Remaining: 51.5
309 418.7 , Est Remaining: 50.1
310 420.0 , Est Remaining: 48.8
311 421.4 , Est Remaining: 47.4
312 422.7 , Est Remaining: 46.1
313 424.0 , Est Remaining: 44.7
314 425.3 , Est Remaining: 43.3
315 426.6 , Est Remaining: 42.0
316 428.0 , Est Remaining: 40.6
317 429.3 , Est Remaining: 39.3
318 430.6 , Est Remaining: 37.9
319 431.9 , Est Remaining: 36.6
320 433.2 , Est Remaining: 35.2
321 434.6 , Est Remaining: 33.8
322 435.9 , Est Remaining: 32.5
323 437.2 , Est Remaining: 31.1
324 438.5 , Est Remaining: 29.8
325 439.9 , Est Remaining: 28.4
326 441.2 , Est Remaining: 27.1
327 442.5 , Est Remaining: 25.7
328 443.8 , Est Remaining: 24.4
329 445.2 , Est Remaining: 23.0
330 446.5 , Est Remaining: 21.6
331 447.8 , Est Remaining: 20.3
332 449.1 , Est Remaining: 18.9
