Note: NumExpr detected 32 cores but "NUMEXPR_MAX_THREADS" not set, so enforcing safe limit of 8.
Using selector: EpollSelector
/n/home02/jhaefner/miniconda/envs/IC-3.7-2020-06-16/lib/python3.7/site-packages/scipy/optimize/minpack.py:808: OptimizeWarning: Covariance of the parameters could not be estimated
  category=OptimizeWarning)
Total rwfs: 346
0 0.0 , Est Remaining: 999999.9
1 1.4 , Est Remaining: 488.5
2 2.8 , Est Remaining: 484.8
3 4.2 , Est Remaining: 483.5
4 5.6 , Est Remaining: 479.2
5 7.0 , Est Remaining: 475.2
6 8.3 , Est Remaining: 471.7
7 9.7 , Est Remaining: 468.6
8 11.0 , Est Remaining: 465.7
9 12.4 , Est Remaining: 463.7
10 13.8 , Est Remaining: 462.1
11 15.1 , Est Remaining: 460.6
12 16.5 , Est Remaining: 458.8
13 17.9 , Est Remaining: 457.3
14 19.2 , Est Remaining: 455.3
15 20.6 , Est Remaining: 453.5
16 21.9 , Est Remaining: 451.4
17 23.2 , Est Remaining: 449.3
18 24.6 , Est Remaining: 447.4
19 25.9 , Est Remaining: 445.5
20 27.2 , Est Remaining: 443.7
21 28.6 , Est Remaining: 442.0
22 29.9 , Est Remaining: 440.6
23 31.3 , Est Remaining: 439.2
EVENT FAILED
23 31.6 , Est Remaining: 443.6
24 32.9 , Est Remaining: 441.8
25 34.3 , Est Remaining: 440.1
26 35.6 , Est Remaining: 438.3
27 37.0 , Est Remaining: 436.6
28 38.3 , Est Remaining: 434.9
29 39.6 , Est Remaining: 433.3
30 41.0 , Est Remaining: 431.8
31 42.3 , Est Remaining: 430.2
EVENT FAILED
31 42.6 , Est Remaining: 433.2
32 44.0 , Est Remaining: 431.6
33 45.3 , Est Remaining: 430.0
34 46.7 , Est Remaining: 428.4
35 48.0 , Est Remaining: 426.7
36 49.4 , Est Remaining: 425.1
37 50.7 , Est Remaining: 423.6
38 52.1 , Est Remaining: 422.1
39 53.4 , Est Remaining: 420.6
40 54.8 , Est Remaining: 419.0
41 56.1 , Est Remaining: 417.6
42 57.5 , Est Remaining: 416.2
43 58.9 , Est Remaining: 414.8
44 60.2 , Est Remaining: 413.4
45 61.6 , Est Remaining: 411.9
46 62.9 , Est Remaining: 410.4
47 64.3 , Est Remaining: 408.9
48 65.6 , Est Remaining: 407.4
49 67.0 , Est Remaining: 406.1
50 68.4 , Est Remaining: 404.7
51 69.7 , Est Remaining: 403.2
52 71.1 , Est Remaining: 401.8
53 72.4 , Est Remaining: 400.3
54 73.8 , Est Remaining: 398.9
55 75.1 , Est Remaining: 397.5
56 76.5 , Est Remaining: 396.1
57 77.9 , Est Remaining: 394.8
58 79.2 , Est Remaining: 393.4
59 80.6 , Est Remaining: 392.0
60 82.0 , Est Remaining: 390.7
61 83.3 , Est Remaining: 389.3
62 84.7 , Est Remaining: 387.8
EVENT FAILED
62 85.0 , Est Remaining: 389.2
63 86.3 , Est Remaining: 387.7
64 87.7 , Est Remaining: 386.2
65 89.0 , Est Remaining: 384.8
66 90.4 , Est Remaining: 383.3
67 91.7 , Est Remaining: 381.9
68 93.1 , Est Remaining: 380.5
69 94.4 , Est Remaining: 379.1
70 95.8 , Est Remaining: 377.6
71 97.1 , Est Remaining: 376.2
72 98.5 , Est Remaining: 374.7
73 99.8 , Est Remaining: 373.3
74 101.2 , Est Remaining: 371.9
75 102.5 , Est Remaining: 370.5
76 103.9 , Est Remaining: 369.1
77 105.3 , Est Remaining: 367.7
78 106.6 , Est Remaining: 366.3
79 108.0 , Est Remaining: 364.9
80 109.3 , Est Remaining: 363.5
81 110.7 , Est Remaining: 362.1
82 112.0 , Est Remaining: 360.7
83 113.4 , Est Remaining: 359.3
84 114.7 , Est Remaining: 357.9
85 116.1 , Est Remaining: 356.5
86 117.4 , Est Remaining: 355.0
87 118.8 , Est Remaining: 353.6
88 120.1 , Est Remaining: 352.2
89 121.5 , Est Remaining: 350.8
90 122.8 , Est Remaining: 349.4
91 124.2 , Est Remaining: 348.0
92 125.5 , Est Remaining: 346.6
93 126.9 , Est Remaining: 345.1
94 128.2 , Est Remaining: 343.8
95 129.6 , Est Remaining: 342.3
96 130.9 , Est Remaining: 341.0
97 132.3 , Est Remaining: 339.6
98 133.6 , Est Remaining: 338.2
99 135.0 , Est Remaining: 336.8
100 136.3 , Est Remaining: 335.4
101 137.7 , Est Remaining: 334.0
102 139.0 , Est Remaining: 332.6
103 140.5 , Est Remaining: 331.4
104 141.8 , Est Remaining: 330.0
105 143.2 , Est Remaining: 328.6
106 144.5 , Est Remaining: 327.2
107 145.9 , Est Remaining: 325.8
108 147.2 , Est Remaining: 324.4
109 148.5 , Est Remaining: 323.0
110 149.9 , Est Remaining: 321.6
111 151.2 , Est Remaining: 320.2
112 152.6 , Est Remaining: 318.8
EVENT FAILED
112 152.9 , Est Remaining: 319.4
113 154.2 , Est Remaining: 318.0
114 155.6 , Est Remaining: 316.6
115 156.9 , Est Remaining: 315.2
116 158.2 , Est Remaining: 313.8
117 159.6 , Est Remaining: 312.4
118 161.0 , Est Remaining: 311.0
119 162.3 , Est Remaining: 309.6
120 163.7 , Est Remaining: 308.2
121 165.0 , Est Remaining: 306.9
122 166.4 , Est Remaining: 305.4
123 167.7 , Est Remaining: 304.0
124 169.0 , Est Remaining: 302.6
125 170.4 , Est Remaining: 301.2
126 171.7 , Est Remaining: 299.8
127 173.1 , Est Remaining: 298.4
128 174.4 , Est Remaining: 297.0
129 175.8 , Est Remaining: 295.7
130 177.1 , Est Remaining: 294.3
131 178.5 , Est Remaining: 292.9
132 179.8 , Est Remaining: 291.5
133 181.2 , Est Remaining: 290.1
134 182.5 , Est Remaining: 288.8
135 183.9 , Est Remaining: 287.4
136 185.2 , Est Remaining: 286.0
137 186.5 , Est Remaining: 284.6
138 187.9 , Est Remaining: 283.2
139 189.3 , Est Remaining: 281.8
140 190.6 , Est Remaining: 280.5
141 191.9 , Est Remaining: 279.1
142 193.3 , Est Remaining: 277.7
143 194.6 , Est Remaining: 276.3
144 196.0 , Est Remaining: 274.9
145 197.3 , Est Remaining: 273.6
146 198.7 , Est Remaining: 272.2
147 200.0 , Est Remaining: 270.8
148 201.4 , Est Remaining: 269.4
149 202.8 , Est Remaining: 268.1
150 204.1 , Est Remaining: 266.7
151 205.5 , Est Remaining: 265.3
152 206.8 , Est Remaining: 264.0
153 208.2 , Est Remaining: 262.6
154 209.5 , Est Remaining: 261.2
155 210.9 , Est Remaining: 259.9
156 212.3 , Est Remaining: 258.5
157 213.6 , Est Remaining: 257.1
EVENT FAILED
157 213.9 , Est Remaining: 257.5
158 215.3 , Est Remaining: 256.1
159 216.6 , Est Remaining: 254.8
160 218.0 , Est Remaining: 253.4
161 219.3 , Est Remaining: 252.0
162 220.7 , Est Remaining: 250.7
163 222.0 , Est Remaining: 249.3
164 223.4 , Est Remaining: 247.9
165 224.8 , Est Remaining: 246.5
166 226.1 , Est Remaining: 245.2
167 227.4 , Est Remaining: 243.8
168 228.8 , Est Remaining: 242.4
169 230.1 , Est Remaining: 241.0
170 231.5 , Est Remaining: 239.6
171 232.8 , Est Remaining: 238.3
172 234.2 , Est Remaining: 236.9
173 235.5 , Est Remaining: 235.5
174 236.9 , Est Remaining: 234.1
175 238.2 , Est Remaining: 232.8
176 239.5 , Est Remaining: 231.4
177 240.9 , Est Remaining: 230.0
178 242.2 , Est Remaining: 228.6
179 243.5 , Est Remaining: 227.2
180 244.9 , Est Remaining: 225.8
181 246.2 , Est Remaining: 224.5
182 247.6 , Est Remaining: 223.1
183 248.9 , Est Remaining: 221.7
184 250.3 , Est Remaining: 220.4
185 251.6 , Est Remaining: 219.0
186 253.0 , Est Remaining: 217.6
187 254.3 , Est Remaining: 216.2
188 255.7 , Est Remaining: 214.9
189 257.0 , Est Remaining: 213.5
190 258.4 , Est Remaining: 212.1
191 259.7 , Est Remaining: 210.8
192 261.1 , Est Remaining: 209.4
193 262.4 , Est Remaining: 208.0
194 263.8 , Est Remaining: 206.7
195 265.1 , Est Remaining: 205.3
196 266.5 , Est Remaining: 203.9
197 267.8 , Est Remaining: 202.6
198 269.2 , Est Remaining: 201.2
199 270.5 , Est Remaining: 199.8
200 271.9 , Est Remaining: 198.5
201 273.2 , Est Remaining: 197.1
202 274.6 , Est Remaining: 195.7
203 276.0 , Est Remaining: 194.4
204 277.3 , Est Remaining: 193.1
205 278.7 , Est Remaining: 191.7
206 280.0 , Est Remaining: 190.3
207 281.4 , Est Remaining: 188.9
208 282.7 , Est Remaining: 187.6
209 284.1 , Est Remaining: 186.2
210 285.4 , Est Remaining: 184.8
211 286.7 , Est Remaining: 183.5
212 288.1 , Est Remaining: 182.1
213 289.5 , Est Remaining: 180.7
214 290.8 , Est Remaining: 179.4
215 292.2 , Est Remaining: 178.0
216 293.5 , Est Remaining: 176.6
217 294.9 , Est Remaining: 175.3
218 296.2 , Est Remaining: 173.9
219 297.6 , Est Remaining: 172.6
220 298.9 , Est Remaining: 171.2
221 300.3 , Est Remaining: 169.8
222 301.6 , Est Remaining: 168.5
223 303.0 , Est Remaining: 167.1
224 304.3 , Est Remaining: 165.7
225 305.6 , Est Remaining: 164.4
226 307.0 , Est Remaining: 163.0
227 308.3 , Est Remaining: 161.6
228 309.7 , Est Remaining: 160.3
229 311.1 , Est Remaining: 158.9
230 312.4 , Est Remaining: 157.6
231 313.8 , Est Remaining: 156.2
232 315.1 , Est Remaining: 154.8
233 316.5 , Est Remaining: 153.5
234 317.8 , Est Remaining: 152.1
235 319.2 , Est Remaining: 150.8
EVENT FAILED
235 319.5 , Est Remaining: 150.9
236 320.8 , Est Remaining: 149.5
237 322.2 , Est Remaining: 148.2
238 323.5 , Est Remaining: 146.8
239 324.9 , Est Remaining: 145.5
240 326.2 , Est Remaining: 144.1
241 327.6 , Est Remaining: 142.7
242 329.0 , Est Remaining: 141.4
243 330.3 , Est Remaining: 140.0
244 331.7 , Est Remaining: 138.6
245 333.0 , Est Remaining: 137.3
246 334.4 , Est Remaining: 135.9
EVENT FAILED
246 334.7 , Est Remaining: 136.0
247 336.0 , Est Remaining: 134.7
248 337.4 , Est Remaining: 133.3
249 338.8 , Est Remaining: 132.0
250 340.1 , Est Remaining: 130.6
251 341.5 , Est Remaining: 129.2
252 342.8 , Est Remaining: 127.9
253 344.2 , Est Remaining: 126.5
254 345.6 , Est Remaining: 125.2
255 346.9 , Est Remaining: 123.8
256 348.3 , Est Remaining: 122.4
257 349.7 , Est Remaining: 121.1
258 351.0 , Est Remaining: 119.7
259 352.4 , Est Remaining: 118.4
260 353.7 , Est Remaining: 117.0
261 355.1 , Est Remaining: 115.6
262 356.4 , Est Remaining: 114.3
EVENT FAILED
262 356.7 , Est Remaining: 114.4
263 358.1 , Est Remaining: 113.0
264 359.4 , Est Remaining: 111.6
265 360.8 , Est Remaining: 110.3
266 362.1 , Est Remaining: 108.9
267 363.5 , Est Remaining: 107.5
268 364.8 , Est Remaining: 106.2
269 366.1 , Est Remaining: 104.8
270 367.5 , Est Remaining: 103.4
271 368.8 , Est Remaining: 102.1
272 370.1 , Est Remaining: 100.7
273 371.5 , Est Remaining: 99.3
274 372.8 , Est Remaining: 98.0
275 374.1 , Est Remaining: 96.6
276 375.4 , Est Remaining: 95.2
277 376.7 , Est Remaining: 93.8
278 378.1 , Est Remaining: 92.5
279 379.4 , Est Remaining: 91.1
280 380.7 , Est Remaining: 89.7
281 382.0 , Est Remaining: 88.4
EVENT FAILED
281 382.7 , Est Remaining: 88.5
282 384.0 , Est Remaining: 87.2
283 385.3 , Est Remaining: 85.8
284 386.6 , Est Remaining: 84.4
285 388.0 , Est Remaining: 83.0
286 389.3 , Est Remaining: 81.7
287 390.6 , Est Remaining: 80.3
288 391.9 , Est Remaining: 78.9
289 393.3 , Est Remaining: 77.6
290 394.6 , Est Remaining: 76.2
291 395.9 , Est Remaining: 74.8
292 397.2 , Est Remaining: 73.5
293 398.5 , Est Remaining: 72.1
294 399.9 , Est Remaining: 70.7
295 401.2 , Est Remaining: 69.4
296 402.5 , Est Remaining: 68.0
297 403.8 , Est Remaining: 66.6
298 405.1 , Est Remaining: 65.3
299 406.4 , Est Remaining: 63.9
300 407.8 , Est Remaining: 62.5
301 409.1 , Est Remaining: 61.2
302 410.5 , Est Remaining: 59.8
303 411.8 , Est Remaining: 58.4
304 413.2 , Est Remaining: 57.1
305 414.5 , Est Remaining: 55.7
306 415.8 , Est Remaining: 54.4
307 417.1 , Est Remaining: 53.0
308 418.4 , Est Remaining: 51.6
309 419.7 , Est Remaining: 50.3
310 421.1 , Est Remaining: 48.9
311 422.4 , Est Remaining: 47.5
312 423.7 , Est Remaining: 46.2
313 425.0 , Est Remaining: 44.8
314 426.3 , Est Remaining: 43.4
315 427.7 , Est Remaining: 42.1
316 429.0 , Est Remaining: 40.7
EVENT FAILED
316 429.3 , Est Remaining: 40.8
317 430.6 , Est Remaining: 39.4
318 431.9 , Est Remaining: 38.0
319 433.2 , Est Remaining: 36.7
320 434.6 , Est Remaining: 35.3
321 435.9 , Est Remaining: 33.9
322 437.2 , Est Remaining: 32.6
323 438.6 , Est Remaining: 31.2
324 439.9 , Est Remaining: 29.9
325 441.2 , Est Remaining: 28.5
326 442.5 , Est Remaining: 27.1
327 443.8 , Est Remaining: 25.8
328 445.2 , Est Remaining: 24.4
329 446.5 , Est Remaining: 23.1
330 447.7 , Est Remaining: 21.7
331 449.0 , Est Remaining: 20.3
332 450.3 , Est Remaining: 19.0
333 451.6 , Est Remaining: 17.6
334 452.9 , Est Remaining: 16.3
335 454.1 , Est Remaining: 14.9
