Note: NumExpr detected 32 cores but "NUMEXPR_MAX_THREADS" not set, so enforcing safe limit of 8.
Using selector: EpollSelector
/n/home02/jhaefner/miniconda/envs/IC-3.7-2020-06-16/lib/python3.7/site-packages/scipy/optimize/minpack.py:808: OptimizeWarning: Covariance of the parameters could not be estimated
  category=OptimizeWarning)
Total rwfs: 346
0 0.0 , Est Remaining: 999999.9
1 1.4 , Est Remaining: 474.1
2 2.7 , Est Remaining: 471.4
3 4.1 , Est Remaining: 470.4
4 5.4 , Est Remaining: 465.7
5 6.8 , Est Remaining: 462.9
6 8.1 , Est Remaining: 460.2
7 9.5 , Est Remaining: 458.1
8 10.8 , Est Remaining: 456.0
9 12.1 , Est Remaining: 453.8
10 13.5 , Est Remaining: 452.1
11 14.8 , Est Remaining: 450.2
12 16.1 , Est Remaining: 448.5
13 17.4 , Est Remaining: 446.9
14 18.8 , Est Remaining: 445.2
15 20.1 , Est Remaining: 443.3
16 21.4 , Est Remaining: 442.1
17 22.8 , Est Remaining: 440.5
18 24.1 , Est Remaining: 439.0
19 25.4 , Est Remaining: 437.7
20 26.8 , Est Remaining: 436.1
21 28.1 , Est Remaining: 434.5
22 29.4 , Est Remaining: 433.1
23 30.7 , Est Remaining: 431.2
24 32.0 , Est Remaining: 429.8
25 33.4 , Est Remaining: 428.3
26 34.7 , Est Remaining: 426.9
27 36.0 , Est Remaining: 425.3
28 37.3 , Est Remaining: 423.9
29 38.6 , Est Remaining: 421.5
30 39.9 , Est Remaining: 420.1
31 41.2 , Est Remaining: 418.7
32 42.5 , Est Remaining: 417.3
33 43.9 , Est Remaining: 416.0
34 45.2 , Est Remaining: 414.7
35 46.5 , Est Remaining: 413.4
36 47.9 , Est Remaining: 412.2
37 49.2 , Est Remaining: 410.7
38 50.5 , Est Remaining: 409.3
39 51.8 , Est Remaining: 408.1
40 53.2 , Est Remaining: 406.8
41 54.5 , Est Remaining: 405.5
42 55.8 , Est Remaining: 404.1
43 57.1 , Est Remaining: 402.7
44 58.5 , Est Remaining: 401.5
45 59.8 , Est Remaining: 400.3
46 61.2 , Est Remaining: 398.9
47 62.5 , Est Remaining: 397.6
48 63.8 , Est Remaining: 396.4
49 65.2 , Est Remaining: 395.1
50 66.5 , Est Remaining: 393.7
51 67.8 , Est Remaining: 392.4
52 69.2 , Est Remaining: 391.1
53 70.5 , Est Remaining: 389.8
54 71.8 , Est Remaining: 388.4
55 73.2 , Est Remaining: 387.1
56 74.5 , Est Remaining: 385.8
57 75.8 , Est Remaining: 384.6
58 77.2 , Est Remaining: 383.3
59 78.5 , Est Remaining: 382.0
60 79.9 , Est Remaining: 380.6
61 81.2 , Est Remaining: 379.3
62 82.5 , Est Remaining: 378.0
63 83.8 , Est Remaining: 376.6
64 85.2 , Est Remaining: 375.3
65 86.5 , Est Remaining: 374.0
66 87.7 , Est Remaining: 372.1
67 89.0 , Est Remaining: 370.8
68 90.4 , Est Remaining: 369.5
69 91.7 , Est Remaining: 368.2
70 93.1 , Est Remaining: 366.9
71 94.4 , Est Remaining: 365.6
72 95.7 , Est Remaining: 364.3
73 97.1 , Est Remaining: 363.0
74 98.4 , Est Remaining: 361.7
75 99.7 , Est Remaining: 360.3
76 101.0 , Est Remaining: 359.0
77 102.4 , Est Remaining: 357.7
78 103.7 , Est Remaining: 356.3
79 105.0 , Est Remaining: 355.0
80 106.4 , Est Remaining: 353.7
81 107.7 , Est Remaining: 352.4
82 109.0 , Est Remaining: 351.0
83 110.3 , Est Remaining: 349.7
84 111.7 , Est Remaining: 348.3
85 113.0 , Est Remaining: 346.9
86 114.3 , Est Remaining: 345.5
87 115.6 , Est Remaining: 344.2
88 116.9 , Est Remaining: 342.8
89 118.2 , Est Remaining: 341.4
90 119.6 , Est Remaining: 340.1
91 120.9 , Est Remaining: 338.7
92 122.2 , Est Remaining: 337.4
93 123.5 , Est Remaining: 336.1
94 124.9 , Est Remaining: 334.7
95 126.2 , Est Remaining: 333.4
96 127.5 , Est Remaining: 332.1
97 128.9 , Est Remaining: 330.8
98 130.2 , Est Remaining: 329.4
99 131.5 , Est Remaining: 328.1
100 132.8 , Est Remaining: 326.8
101 134.2 , Est Remaining: 325.6
102 135.6 , Est Remaining: 324.3
103 137.0 , Est Remaining: 323.1
104 138.3 , Est Remaining: 321.8
105 139.6 , Est Remaining: 320.5
106 141.0 , Est Remaining: 319.2
107 142.3 , Est Remaining: 317.9
108 143.7 , Est Remaining: 316.6
109 145.0 , Est Remaining: 315.3
110 146.3 , Est Remaining: 314.0
111 147.7 , Est Remaining: 312.7
112 149.0 , Est Remaining: 311.4
113 150.4 , Est Remaining: 310.1
EVENT FAILED
113 150.7 , Est Remaining: 310.7
114 152.0 , Est Remaining: 309.4
115 153.4 , Est Remaining: 308.0
116 154.7 , Est Remaining: 306.7
117 156.0 , Est Remaining: 305.4
118 157.4 , Est Remaining: 304.0
119 158.7 , Est Remaining: 302.7
120 160.0 , Est Remaining: 301.4
121 161.4 , Est Remaining: 300.1
122 162.7 , Est Remaining: 298.8
123 164.1 , Est Remaining: 297.5
124 165.4 , Est Remaining: 296.1
125 166.7 , Est Remaining: 294.8
126 168.1 , Est Remaining: 293.5
127 169.4 , Est Remaining: 292.2
128 170.8 , Est Remaining: 290.9
129 172.1 , Est Remaining: 289.5
130 173.5 , Est Remaining: 288.2
131 174.8 , Est Remaining: 286.9
132 176.2 , Est Remaining: 285.6
133 177.5 , Est Remaining: 284.3
134 178.8 , Est Remaining: 283.0
135 180.2 , Est Remaining: 281.6
136 181.5 , Est Remaining: 280.3
137 182.9 , Est Remaining: 279.0
EVENT FAILED
137 183.2 , Est Remaining: 279.4
138 184.5 , Est Remaining: 278.1
139 185.9 , Est Remaining: 276.8
140 187.2 , Est Remaining: 275.5
141 188.6 , Est Remaining: 274.2
142 189.9 , Est Remaining: 272.8
143 191.3 , Est Remaining: 271.5
144 192.6 , Est Remaining: 270.2
145 194.0 , Est Remaining: 268.9
146 195.3 , Est Remaining: 267.6
147 196.7 , Est Remaining: 266.3
148 198.0 , Est Remaining: 264.9
149 199.3 , Est Remaining: 263.6
150 200.7 , Est Remaining: 262.2
151 202.0 , Est Remaining: 260.9
152 203.4 , Est Remaining: 259.5
153 204.7 , Est Remaining: 258.2
154 206.0 , Est Remaining: 256.9
155 207.4 , Est Remaining: 255.5
156 208.7 , Est Remaining: 254.2
157 210.0 , Est Remaining: 252.8
158 211.4 , Est Remaining: 251.5
159 212.7 , Est Remaining: 250.1
160 214.0 , Est Remaining: 248.8
161 215.3 , Est Remaining: 247.4
162 216.7 , Est Remaining: 246.1
163 218.0 , Est Remaining: 244.7
164 219.3 , Est Remaining: 243.4
165 220.6 , Est Remaining: 242.0
166 221.9 , Est Remaining: 240.7
167 223.3 , Est Remaining: 239.3
168 224.6 , Est Remaining: 238.0
169 225.9 , Est Remaining: 236.6
170 227.3 , Est Remaining: 235.3
171 228.6 , Est Remaining: 233.9
172 229.9 , Est Remaining: 232.6
173 231.2 , Est Remaining: 231.2
174 232.6 , Est Remaining: 229.9
175 233.9 , Est Remaining: 228.6
176 235.2 , Est Remaining: 227.2
EVENT FAILED
176 235.5 , Est Remaining: 227.5
177 236.9 , Est Remaining: 226.2
178 238.2 , Est Remaining: 224.8
179 239.5 , Est Remaining: 223.4
180 240.8 , Est Remaining: 222.1
181 242.1 , Est Remaining: 220.7
182 243.5 , Est Remaining: 219.4
183 244.8 , Est Remaining: 218.0
184 246.1 , Est Remaining: 216.7
185 247.4 , Est Remaining: 215.3
186 248.8 , Est Remaining: 214.0
187 250.1 , Est Remaining: 212.6
188 251.4 , Est Remaining: 211.3
EVENT FAILED
188 251.7 , Est Remaining: 211.6
189 253.1 , Est Remaining: 210.2
190 254.4 , Est Remaining: 208.9
191 255.7 , Est Remaining: 207.5
192 257.1 , Est Remaining: 206.2
193 258.4 , Est Remaining: 204.8
194 259.7 , Est Remaining: 203.5
195 261.0 , Est Remaining: 202.1
196 262.4 , Est Remaining: 200.8
197 263.7 , Est Remaining: 199.5
198 265.0 , Est Remaining: 198.1
199 266.4 , Est Remaining: 196.8
200 267.7 , Est Remaining: 195.4
201 269.0 , Est Remaining: 194.1
202 270.4 , Est Remaining: 192.7
203 271.8 , Est Remaining: 191.5
204 273.1 , Est Remaining: 190.1
205 274.4 , Est Remaining: 188.8
206 275.8 , Est Remaining: 187.4
207 277.1 , Est Remaining: 186.1
208 278.5 , Est Remaining: 184.7
209 279.8 , Est Remaining: 183.4
210 281.1 , Est Remaining: 182.1
211 282.5 , Est Remaining: 180.7
212 283.8 , Est Remaining: 179.4
213 285.1 , Est Remaining: 178.0
EVENT FAILED
213 285.4 , Est Remaining: 178.2
214 286.7 , Est Remaining: 176.9
215 288.1 , Est Remaining: 175.5
216 289.4 , Est Remaining: 174.2
217 290.8 , Est Remaining: 172.8
218 292.1 , Est Remaining: 171.5
219 293.4 , Est Remaining: 170.2
220 294.8 , Est Remaining: 168.8
221 296.1 , Est Remaining: 167.5
222 297.5 , Est Remaining: 166.1
223 298.8 , Est Remaining: 164.8
224 300.1 , Est Remaining: 163.5
225 301.5 , Est Remaining: 162.1
226 302.8 , Est Remaining: 160.8
227 304.2 , Est Remaining: 159.4
228 305.5 , Est Remaining: 158.1
229 306.8 , Est Remaining: 156.8
230 308.2 , Est Remaining: 155.4
231 309.5 , Est Remaining: 154.1
232 310.8 , Est Remaining: 152.7
233 312.2 , Est Remaining: 151.4
234 313.5 , Est Remaining: 150.1
235 314.9 , Est Remaining: 148.7
236 316.2 , Est Remaining: 147.4
237 317.5 , Est Remaining: 146.0
238 318.8 , Est Remaining: 144.7
239 320.1 , Est Remaining: 143.3
240 321.5 , Est Remaining: 142.0
241 322.8 , Est Remaining: 140.6
242 324.1 , Est Remaining: 139.3
243 325.4 , Est Remaining: 137.9
244 326.7 , Est Remaining: 136.6
245 328.0 , Est Remaining: 135.2
246 329.3 , Est Remaining: 133.9
247 330.7 , Est Remaining: 132.5
248 332.0 , Est Remaining: 131.2
249 333.3 , Est Remaining: 129.9
250 334.7 , Est Remaining: 128.5
251 336.0 , Est Remaining: 127.2
252 337.3 , Est Remaining: 125.8
253 338.7 , Est Remaining: 124.5
254 340.0 , Est Remaining: 123.1
255 341.3 , Est Remaining: 121.8
256 342.7 , Est Remaining: 120.5
257 344.0 , Est Remaining: 119.1
258 345.4 , Est Remaining: 117.8
259 346.7 , Est Remaining: 116.5
260 348.0 , Est Remaining: 115.1
261 349.3 , Est Remaining: 113.8
262 350.7 , Est Remaining: 112.4
263 352.0 , Est Remaining: 111.1
264 353.4 , Est Remaining: 109.8
265 354.7 , Est Remaining: 108.4
266 356.0 , Est Remaining: 107.1
267 357.4 , Est Remaining: 105.7
268 358.7 , Est Remaining: 104.4
269 360.0 , Est Remaining: 103.1
270 361.4 , Est Remaining: 101.7
271 362.7 , Est Remaining: 100.4
272 364.0 , Est Remaining: 99.0
273 365.4 , Est Remaining: 97.7
274 366.7 , Est Remaining: 96.4
EVENT FAILED
274 367.0 , Est Remaining: 96.4
275 368.3 , Est Remaining: 95.1
276 369.6 , Est Remaining: 93.8
277 371.0 , Est Remaining: 92.4
278 372.3 , Est Remaining: 91.1
279 373.7 , Est Remaining: 89.7
280 375.0 , Est Remaining: 88.4
281 376.3 , Est Remaining: 87.0
282 377.6 , Est Remaining: 85.7
283 379.0 , Est Remaining: 84.4
284 380.3 , Est Remaining: 83.0
EVENT FAILED
284 380.6 , Est Remaining: 83.1
EVENT FAILED
284 380.9 , Est Remaining: 83.2
285 382.2 , Est Remaining: 81.8
286 383.6 , Est Remaining: 80.5
287 384.9 , Est Remaining: 79.1
288 386.2 , Est Remaining: 77.8
289 387.5 , Est Remaining: 76.4
290 388.9 , Est Remaining: 75.1
291 390.2 , Est Remaining: 73.7
292 391.5 , Est Remaining: 72.4
293 392.8 , Est Remaining: 71.1
294 394.2 , Est Remaining: 69.7
295 395.5 , Est Remaining: 68.4
296 396.8 , Est Remaining: 67.0
297 398.1 , Est Remaining: 65.7
298 399.5 , Est Remaining: 64.3
299 400.8 , Est Remaining: 63.0
300 402.1 , Est Remaining: 61.7
301 403.4 , Est Remaining: 60.3
302 404.9 , Est Remaining: 59.0
303 406.2 , Est Remaining: 57.6
304 407.6 , Est Remaining: 56.3
305 408.9 , Est Remaining: 55.0
EVENT FAILED
305 409.2 , Est Remaining: 55.0
306 410.5 , Est Remaining: 53.7
307 411.8 , Est Remaining: 52.3
308 413.2 , Est Remaining: 51.0
309 414.5 , Est Remaining: 49.6
310 415.8 , Est Remaining: 48.3
311 417.2 , Est Remaining: 46.9
312 418.5 , Est Remaining: 45.6
313 419.8 , Est Remaining: 44.3
314 421.2 , Est Remaining: 42.9
315 422.5 , Est Remaining: 41.6
316 423.8 , Est Remaining: 40.2
317 425.1 , Est Remaining: 38.9
318 426.5 , Est Remaining: 37.5
319 427.8 , Est Remaining: 36.2
320 429.1 , Est Remaining: 34.9
321 430.4 , Est Remaining: 33.5
322 431.7 , Est Remaining: 32.2
323 433.1 , Est Remaining: 30.8
EVENT FAILED
323 433.4 , Est Remaining: 30.9
324 434.7 , Est Remaining: 29.5
325 436.0 , Est Remaining: 28.2
326 437.3 , Est Remaining: 26.8
327 438.6 , Est Remaining: 25.5
328 439.9 , Est Remaining: 24.1
329 441.2 , Est Remaining: 22.8
330 442.5 , Est Remaining: 21.5
331 443.8 , Est Remaining: 20.1
332 445.1 , Est Remaining: 18.8
333 446.4 , Est Remaining: 17.4
334 447.7 , Est Remaining: 16.1
335 449.0 , Est Remaining: 14.7
