Note: NumExpr detected 32 cores but "NUMEXPR_MAX_THREADS" not set, so enforcing safe limit of 8.
Using selector: EpollSelector
/n/home02/jhaefner/miniconda/envs/IC-3.7-2020-06-16/lib/python3.7/site-packages/scipy/optimize/minpack.py:808: OptimizeWarning: Covariance of the parameters could not be estimated
  category=OptimizeWarning)
Total rwfs: 346
0 0.0 , Est Remaining: 999999.9
1 1.5 , Est Remaining: 504.4
2 3.0 , Est Remaining: 509.8
3 4.5 , Est Remaining: 509.3
4 5.9 , Est Remaining: 504.9
5 7.4 , Est Remaining: 503.0
6 8.8 , Est Remaining: 500.8
7 10.3 , Est Remaining: 498.9
8 11.8 , Est Remaining: 497.9
9 13.2 , Est Remaining: 495.3
10 14.7 , Est Remaining: 493.6
11 16.1 , Est Remaining: 491.3
12 17.6 , Est Remaining: 489.4
13 19.0 , Est Remaining: 487.4
14 20.5 , Est Remaining: 485.5
15 21.9 , Est Remaining: 484.0
16 23.4 , Est Remaining: 482.7
17 24.9 , Est Remaining: 481.2
18 26.3 , Est Remaining: 479.4
19 27.8 , Est Remaining: 477.8
20 29.2 , Est Remaining: 476.4
21 30.7 , Est Remaining: 474.8
22 32.1 , Est Remaining: 473.4
23 33.6 , Est Remaining: 471.7
24 35.1 , Est Remaining: 470.4
25 36.5 , Est Remaining: 469.1
26 38.0 , Est Remaining: 467.9
27 39.5 , Est Remaining: 466.6
28 41.0 , Est Remaining: 465.1
29 42.4 , Est Remaining: 463.6
EVENT FAILED
29 42.7 , Est Remaining: 467.0
30 44.2 , Est Remaining: 465.3
31 45.6 , Est Remaining: 463.5
32 47.1 , Est Remaining: 461.8
33 48.5 , Est Remaining: 460.1
34 50.0 , Est Remaining: 458.4
35 51.4 , Est Remaining: 456.7
36 52.8 , Est Remaining: 455.0
37 54.3 , Est Remaining: 453.3
38 55.7 , Est Remaining: 451.7
39 57.2 , Est Remaining: 450.1
40 58.6 , Est Remaining: 448.4
41 60.0 , Est Remaining: 446.6
42 61.5 , Est Remaining: 445.0
43 63.0 , Est Remaining: 443.6
EVENT FAILED
43 63.3 , Est Remaining: 445.9
44 64.7 , Est Remaining: 444.3
45 66.2 , Est Remaining: 442.8
46 67.6 , Est Remaining: 441.2
47 69.1 , Est Remaining: 439.6
48 70.5 , Est Remaining: 438.0
49 72.0 , Est Remaining: 436.4
50 73.5 , Est Remaining: 434.8
51 74.9 , Est Remaining: 433.3
52 76.4 , Est Remaining: 431.7
53 77.8 , Est Remaining: 430.1
54 79.3 , Est Remaining: 428.6
55 80.7 , Est Remaining: 427.1
56 82.1 , Est Remaining: 425.4
57 83.6 , Est Remaining: 423.9
58 85.0 , Est Remaining: 422.2
59 86.4 , Est Remaining: 420.3
60 87.9 , Est Remaining: 418.8
61 89.3 , Est Remaining: 417.3
62 90.8 , Est Remaining: 415.7
63 92.2 , Est Remaining: 414.1
64 93.6 , Est Remaining: 412.6
65 95.1 , Est Remaining: 411.0
66 96.5 , Est Remaining: 409.4
67 97.9 , Est Remaining: 407.8
68 99.4 , Est Remaining: 406.3
69 100.8 , Est Remaining: 404.8
70 102.3 , Est Remaining: 403.2
EVENT FAILED
70 102.6 , Est Remaining: 404.4
71 104.0 , Est Remaining: 402.8
72 105.4 , Est Remaining: 401.3
73 106.9 , Est Remaining: 399.7
74 108.3 , Est Remaining: 398.2
75 109.8 , Est Remaining: 396.6
76 111.2 , Est Remaining: 395.1
77 112.6 , Est Remaining: 393.4
78 114.1 , Est Remaining: 391.9
79 115.5 , Est Remaining: 390.3
80 116.9 , Est Remaining: 388.8
81 118.4 , Est Remaining: 387.3
82 119.8 , Est Remaining: 385.7
83 121.3 , Est Remaining: 384.3
84 122.7 , Est Remaining: 382.8
85 124.1 , Est Remaining: 381.2
86 125.6 , Est Remaining: 379.7
87 127.0 , Est Remaining: 378.1
EVENT FAILED
87 127.3 , Est Remaining: 379.1
EVENT FAILED
87 127.6 , Est Remaining: 380.0
88 129.1 , Est Remaining: 378.5
89 130.6 , Est Remaining: 377.0
90 132.0 , Est Remaining: 375.5
91 133.5 , Est Remaining: 374.0
92 134.9 , Est Remaining: 372.5
93 136.4 , Est Remaining: 371.0
94 137.8 , Est Remaining: 369.3
95 139.2 , Est Remaining: 367.8
96 140.6 , Est Remaining: 366.2
97 142.1 , Est Remaining: 364.7
EVENT FAILED
97 142.4 , Est Remaining: 365.5
98 143.8 , Est Remaining: 364.0
99 145.3 , Est Remaining: 362.5
100 146.7 , Est Remaining: 361.0
101 148.2 , Est Remaining: 359.5
102 149.6 , Est Remaining: 357.9
103 151.1 , Est Remaining: 356.6
104 152.6 , Est Remaining: 355.0
105 154.0 , Est Remaining: 353.5
106 155.5 , Est Remaining: 352.0
107 156.9 , Est Remaining: 350.4
108 158.3 , Est Remaining: 348.9
109 159.7 , Est Remaining: 347.3
110 161.2 , Est Remaining: 345.8
111 162.6 , Est Remaining: 344.2
112 164.0 , Est Remaining: 342.7
113 165.5 , Est Remaining: 341.2
114 167.0 , Est Remaining: 339.8
115 168.4 , Est Remaining: 338.3
116 169.8 , Est Remaining: 336.8
117 171.3 , Est Remaining: 335.3
118 172.7 , Est Remaining: 333.8
119 174.2 , Est Remaining: 332.3
120 175.6 , Est Remaining: 330.8
121 177.1 , Est Remaining: 329.3
122 178.5 , Est Remaining: 327.8
123 180.0 , Est Remaining: 326.3
124 181.4 , Est Remaining: 324.8
125 182.9 , Est Remaining: 323.3
126 184.3 , Est Remaining: 321.8
127 185.8 , Est Remaining: 320.4
128 187.2 , Est Remaining: 318.9
129 188.7 , Est Remaining: 317.4
130 190.1 , Est Remaining: 315.9
131 191.6 , Est Remaining: 314.4
132 193.0 , Est Remaining: 313.0
133 194.5 , Est Remaining: 311.5
134 196.0 , Est Remaining: 310.0
135 197.4 , Est Remaining: 308.5
136 198.9 , Est Remaining: 307.1
137 200.3 , Est Remaining: 305.6
138 201.8 , Est Remaining: 304.2
139 203.3 , Est Remaining: 302.7
140 204.7 , Est Remaining: 301.2
141 206.2 , Est Remaining: 299.8
142 207.7 , Est Remaining: 298.3
143 209.1 , Est Remaining: 296.9
144 210.6 , Est Remaining: 295.4
145 212.0 , Est Remaining: 293.9
146 213.5 , Est Remaining: 292.4
147 214.9 , Est Remaining: 290.9
148 216.4 , Est Remaining: 289.5
149 217.8 , Est Remaining: 288.0
150 219.2 , Est Remaining: 286.5
EVENT FAILED
150 219.5 , Est Remaining: 286.9
151 221.0 , Est Remaining: 285.4
152 222.5 , Est Remaining: 284.0
153 224.0 , Est Remaining: 282.5
154 225.4 , Est Remaining: 281.1
155 226.9 , Est Remaining: 279.6
156 228.4 , Est Remaining: 278.1
157 229.8 , Est Remaining: 276.7
158 231.3 , Est Remaining: 275.2
159 232.7 , Est Remaining: 273.7
160 234.1 , Est Remaining: 272.2
161 235.6 , Est Remaining: 270.7
EVENT FAILED
161 235.9 , Est Remaining: 271.1
162 237.4 , Est Remaining: 269.6
163 238.8 , Est Remaining: 268.1
164 240.3 , Est Remaining: 266.7
165 241.7 , Est Remaining: 265.2
166 243.2 , Est Remaining: 263.7
167 244.6 , Est Remaining: 262.2
168 246.1 , Est Remaining: 260.8
169 247.6 , Est Remaining: 259.3
170 249.0 , Est Remaining: 257.8
171 250.5 , Est Remaining: 256.3
172 251.9 , Est Remaining: 254.8
173 253.3 , Est Remaining: 253.3
174 254.8 , Est Remaining: 251.8
175 256.2 , Est Remaining: 250.3
176 257.6 , Est Remaining: 248.9
177 259.1 , Est Remaining: 247.4
178 260.5 , Est Remaining: 245.9
EVENT FAILED
178 260.8 , Est Remaining: 246.2
179 262.3 , Est Remaining: 244.7
180 263.7 , Est Remaining: 243.2
EVENT FAILED
180 264.0 , Est Remaining: 243.5
181 265.5 , Est Remaining: 242.0
182 266.9 , Est Remaining: 240.5
183 268.4 , Est Remaining: 239.1
184 269.8 , Est Remaining: 237.6
185 271.3 , Est Remaining: 236.1
186 272.7 , Est Remaining: 234.6
187 274.2 , Est Remaining: 233.1
188 275.6 , Est Remaining: 231.6
189 277.0 , Est Remaining: 230.1
190 278.5 , Est Remaining: 228.6
191 279.9 , Est Remaining: 227.2
192 281.3 , Est Remaining: 225.7
193 282.8 , Est Remaining: 224.2
194 284.2 , Est Remaining: 222.7
195 285.6 , Est Remaining: 221.2
196 287.1 , Est Remaining: 219.7
EVENT FAILED
196 287.4 , Est Remaining: 219.9
197 288.8 , Est Remaining: 218.4
198 290.3 , Est Remaining: 217.0
199 291.7 , Est Remaining: 215.5
200 293.1 , Est Remaining: 214.0
201 294.6 , Est Remaining: 212.5
202 296.0 , Est Remaining: 211.0
203 297.6 , Est Remaining: 209.6
204 299.1 , Est Remaining: 208.2
205 300.5 , Est Remaining: 206.7
206 302.0 , Est Remaining: 205.2
207 303.4 , Est Remaining: 203.7
208 304.9 , Est Remaining: 202.3
209 306.3 , Est Remaining: 200.8
210 307.8 , Est Remaining: 199.3
211 309.2 , Est Remaining: 197.9
212 310.7 , Est Remaining: 196.4
213 312.1 , Est Remaining: 194.9
214 313.6 , Est Remaining: 193.4
215 315.1 , Est Remaining: 192.0
216 316.5 , Est Remaining: 190.5
EVENT FAILED
216 316.8 , Est Remaining: 190.7
EVENT FAILED
216 317.1 , Est Remaining: 190.9
217 318.6 , Est Remaining: 189.4
218 320.0 , Est Remaining: 187.9
219 321.4 , Est Remaining: 186.4
220 322.8 , Est Remaining: 184.9
221 324.2 , Est Remaining: 183.4
222 325.7 , Est Remaining: 181.9
223 327.1 , Est Remaining: 180.4
224 328.6 , Est Remaining: 179.0
225 330.1 , Est Remaining: 177.5
226 331.5 , Est Remaining: 176.0
227 333.0 , Est Remaining: 174.6
228 334.5 , Est Remaining: 173.1
229 335.9 , Est Remaining: 171.6
230 337.4 , Est Remaining: 170.2
231 338.9 , Est Remaining: 168.7
232 340.3 , Est Remaining: 167.2
233 341.8 , Est Remaining: 165.8
234 343.3 , Est Remaining: 164.3
EVENT FAILED
234 343.6 , Est Remaining: 164.5
235 345.0 , Est Remaining: 163.0
236 346.5 , Est Remaining: 161.5
237 347.9 , Est Remaining: 160.0
238 349.4 , Est Remaining: 158.5
239 350.8 , Est Remaining: 157.0
240 352.2 , Est Remaining: 155.5
241 353.6 , Est Remaining: 154.0
242 355.0 , Est Remaining: 152.5
243 356.4 , Est Remaining: 151.0
244 357.8 , Est Remaining: 149.6
EVENT FAILED
244 358.1 , Est Remaining: 149.7
245 359.4 , Est Remaining: 148.2
246 360.8 , Est Remaining: 146.7
247 362.2 , Est Remaining: 145.2
248 363.6 , Est Remaining: 143.7
249 365.0 , Est Remaining: 142.2
250 366.4 , Est Remaining: 140.7
251 367.8 , Est Remaining: 139.2
252 369.2 , Est Remaining: 137.7
253 370.6 , Est Remaining: 136.2
254 372.0 , Est Remaining: 134.7
255 373.3 , Est Remaining: 133.2
256 374.7 , Est Remaining: 131.7
257 376.1 , Est Remaining: 130.3
258 377.5 , Est Remaining: 128.8
259 378.9 , Est Remaining: 127.3
260 380.3 , Est Remaining: 125.8
261 381.7 , Est Remaining: 124.3
262 383.1 , Est Remaining: 122.8
263 384.5 , Est Remaining: 121.4
264 385.9 , Est Remaining: 119.9
265 387.3 , Est Remaining: 118.4
266 388.7 , Est Remaining: 116.9
267 390.1 , Est Remaining: 115.4
268 391.5 , Est Remaining: 113.9
269 392.9 , Est Remaining: 112.5
270 394.2 , Est Remaining: 110.9
271 395.6 , Est Remaining: 109.5
272 396.9 , Est Remaining: 108.0
273 398.3 , Est Remaining: 106.5
274 399.7 , Est Remaining: 105.0
275 401.1 , Est Remaining: 103.6
276 402.5 , Est Remaining: 102.1
277 403.9 , Est Remaining: 100.6
278 405.3 , Est Remaining: 99.1
279 406.7 , Est Remaining: 97.7
280 408.1 , Est Remaining: 96.2
281 409.4 , Est Remaining: 94.7
282 410.8 , Est Remaining: 93.2
283 412.2 , Est Remaining: 91.8
284 413.6 , Est Remaining: 90.3
285 415.0 , Est Remaining: 88.8
286 416.4 , Est Remaining: 87.3
287 417.7 , Est Remaining: 85.9
288 419.1 , Est Remaining: 84.4
289 420.5 , Est Remaining: 82.9
290 421.9 , Est Remaining: 81.5
EVENT FAILED
290 422.2 , Est Remaining: 81.5
291 423.6 , Est Remaining: 80.1
292 425.0 , Est Remaining: 78.6
293 426.3 , Est Remaining: 77.1
294 427.7 , Est Remaining: 75.7
295 429.1 , Est Remaining: 74.2
296 430.5 , Est Remaining: 72.7
297 431.9 , Est Remaining: 71.3
298 433.3 , Est Remaining: 69.8
299 434.7 , Est Remaining: 68.3
300 436.1 , Est Remaining: 66.9
301 437.5 , Est Remaining: 65.4
302 439.1 , Est Remaining: 64.0
303 440.5 , Est Remaining: 62.5
304 441.9 , Est Remaining: 61.1
305 443.3 , Est Remaining: 59.6
306 444.7 , Est Remaining: 58.1
307 446.2 , Est Remaining: 56.7
308 447.6 , Est Remaining: 55.2
309 449.0 , Est Remaining: 53.8
310 450.5 , Est Remaining: 52.3
311 451.9 , Est Remaining: 50.9
312 453.3 , Est Remaining: 49.4
313 454.8 , Est Remaining: 47.9
314 456.2 , Est Remaining: 46.5
315 457.6 , Est Remaining: 45.0
316 459.1 , Est Remaining: 43.6
317 460.5 , Est Remaining: 42.1
318 461.9 , Est Remaining: 40.7
319 463.4 , Est Remaining: 39.2
320 464.8 , Est Remaining: 37.8
321 466.3 , Est Remaining: 36.3
322 467.7 , Est Remaining: 34.9
323 469.2 , Est Remaining: 33.4
324 470.6 , Est Remaining: 32.0
325 472.1 , Est Remaining: 30.5
326 473.5 , Est Remaining: 29.0
327 474.9 , Est Remaining: 27.6
328 476.3 , Est Remaining: 26.1
329 477.7 , Est Remaining: 24.7
