Note: NumExpr detected 32 cores but "NUMEXPR_MAX_THREADS" not set, so enforcing safe limit of 8.
Using selector: EpollSelector
/n/home02/jhaefner/miniconda/envs/IC-3.7-2020-06-16/lib/python3.7/site-packages/scipy/optimize/minpack.py:808: OptimizeWarning: Covariance of the parameters could not be estimated
  category=OptimizeWarning)
Total rwfs: 346
0 0.0 , Est Remaining: 999999.9
1 1.5 , Est Remaining: 516.7
2 3.0 , Est Remaining: 512.1
3 4.5 , Est Remaining: 511.8
4 5.9 , Est Remaining: 507.4
5 7.4 , Est Remaining: 502.9
6 8.9 , Est Remaining: 501.6
7 10.3 , Est Remaining: 499.4
8 11.8 , Est Remaining: 497.8
9 13.2 , Est Remaining: 494.8
10 14.7 , Est Remaining: 492.6
11 16.1 , Est Remaining: 490.1
12 17.5 , Est Remaining: 488.3
13 19.0 , Est Remaining: 486.0
14 20.4 , Est Remaining: 484.1
15 21.9 , Est Remaining: 482.4
16 23.3 , Est Remaining: 480.7
17 24.7 , Est Remaining: 478.5
18 26.2 , Est Remaining: 476.7
19 27.6 , Est Remaining: 474.5
20 29.0 , Est Remaining: 472.9
21 30.4 , Est Remaining: 471.0
22 31.9 , Est Remaining: 469.2
23 33.3 , Est Remaining: 467.6
24 34.7 , Est Remaining: 465.9
25 36.2 , Est Remaining: 464.2
26 37.6 , Est Remaining: 462.7
27 39.0 , Est Remaining: 461.3
28 40.5 , Est Remaining: 460.1
29 41.9 , Est Remaining: 458.5
30 43.4 , Est Remaining: 457.0
31 44.8 , Est Remaining: 455.4
32 46.2 , Est Remaining: 453.7
33 47.7 , Est Remaining: 452.3
34 49.1 , Est Remaining: 450.6
35 50.5 , Est Remaining: 449.1
36 52.0 , Est Remaining: 447.4
37 53.4 , Est Remaining: 445.8
38 54.8 , Est Remaining: 444.2
39 56.3 , Est Remaining: 442.8
40 57.7 , Est Remaining: 441.4
EVENT FAILED
40 58.0 , Est Remaining: 443.7
41 59.4 , Est Remaining: 442.2
42 60.9 , Est Remaining: 440.7
43 62.3 , Est Remaining: 439.0
44 63.7 , Est Remaining: 437.4
45 65.2 , Est Remaining: 435.8
EVENT FAILED
45 65.5 , Est Remaining: 437.8
46 66.9 , Est Remaining: 436.3
47 68.3 , Est Remaining: 434.7
48 69.8 , Est Remaining: 433.4
49 71.2 , Est Remaining: 431.8
EVENT FAILED
49 71.6 , Est Remaining: 433.7
50 73.0 , Est Remaining: 432.0
51 74.4 , Est Remaining: 430.4
52 75.8 , Est Remaining: 428.8
53 77.3 , Est Remaining: 427.3
EVENT FAILED
53 77.6 , Est Remaining: 429.0
54 79.0 , Est Remaining: 427.4
55 80.5 , Est Remaining: 425.9
56 82.0 , Est Remaining: 424.4
57 83.4 , Est Remaining: 422.9
58 84.9 , Est Remaining: 421.4
59 86.3 , Est Remaining: 419.9
60 87.7 , Est Remaining: 418.0
61 89.1 , Est Remaining: 416.5
62 90.6 , Est Remaining: 414.8
63 92.0 , Est Remaining: 413.2
64 93.4 , Est Remaining: 411.4
EVENT FAILED
64 93.7 , Est Remaining: 412.8
65 95.1 , Est Remaining: 411.3
66 96.6 , Est Remaining: 409.7
67 98.0 , Est Remaining: 408.2
68 99.5 , Est Remaining: 406.6
69 100.9 , Est Remaining: 405.0
70 102.3 , Est Remaining: 403.5
71 103.8 , Est Remaining: 401.9
72 105.2 , Est Remaining: 400.3
EVENT FAILED
72 105.5 , Est Remaining: 401.4
73 107.0 , Est Remaining: 400.0
74 108.4 , Est Remaining: 398.5
75 109.9 , Est Remaining: 397.0
76 111.3 , Est Remaining: 395.5
77 112.8 , Est Remaining: 394.0
78 114.3 , Est Remaining: 392.6
79 115.7 , Est Remaining: 390.9
EVENT FAILED
79 116.0 , Est Remaining: 392.0
80 117.4 , Est Remaining: 390.5
81 118.9 , Est Remaining: 388.9
82 120.3 , Est Remaining: 387.4
83 121.8 , Est Remaining: 385.9
84 123.2 , Est Remaining: 384.4
85 124.7 , Est Remaining: 382.8
86 126.1 , Est Remaining: 381.3
87 127.5 , Est Remaining: 379.7
88 129.0 , Est Remaining: 378.1
89 130.4 , Est Remaining: 376.5
90 131.8 , Est Remaining: 375.0
91 133.3 , Est Remaining: 373.4
92 134.7 , Est Remaining: 371.8
93 136.1 , Est Remaining: 370.3
94 137.6 , Est Remaining: 368.8
95 139.0 , Est Remaining: 367.2
96 140.4 , Est Remaining: 365.7
97 141.8 , Est Remaining: 364.1
98 143.3 , Est Remaining: 362.5
99 144.7 , Est Remaining: 361.1
100 146.1 , Est Remaining: 359.5
101 147.6 , Est Remaining: 358.0
102 149.0 , Est Remaining: 356.5
103 150.5 , Est Remaining: 355.2
104 152.0 , Est Remaining: 353.7
105 153.4 , Est Remaining: 352.1
106 154.9 , Est Remaining: 350.6
107 156.3 , Est Remaining: 349.1
108 157.8 , Est Remaining: 347.6
109 159.2 , Est Remaining: 346.1
110 160.6 , Est Remaining: 344.6
111 162.0 , Est Remaining: 343.1
112 163.5 , Est Remaining: 341.5
113 164.9 , Est Remaining: 340.0
114 166.3 , Est Remaining: 338.5
115 167.8 , Est Remaining: 337.0
116 169.2 , Est Remaining: 335.5
117 170.7 , Est Remaining: 334.0
118 172.1 , Est Remaining: 332.5
119 173.5 , Est Remaining: 331.0
120 174.8 , Est Remaining: 329.3
121 176.3 , Est Remaining: 327.8
122 177.7 , Est Remaining: 326.4
123 179.2 , Est Remaining: 324.9
124 180.6 , Est Remaining: 323.3
125 182.1 , Est Remaining: 321.9
126 183.5 , Est Remaining: 320.4
127 185.0 , Est Remaining: 319.0
128 186.4 , Est Remaining: 317.5
129 187.9 , Est Remaining: 316.0
130 189.3 , Est Remaining: 314.5
131 190.7 , Est Remaining: 313.0
132 192.2 , Est Remaining: 311.6
133 193.6 , Est Remaining: 310.0
134 195.0 , Est Remaining: 308.6
135 196.5 , Est Remaining: 307.1
136 197.9 , Est Remaining: 305.6
137 199.3 , Est Remaining: 304.1
138 200.8 , Est Remaining: 302.6
139 202.2 , Est Remaining: 301.1
140 203.6 , Est Remaining: 299.6
141 205.1 , Est Remaining: 298.1
142 206.5 , Est Remaining: 296.7
143 207.9 , Est Remaining: 295.2
144 209.4 , Est Remaining: 293.7
145 210.8 , Est Remaining: 292.2
146 212.2 , Est Remaining: 290.7
147 213.7 , Est Remaining: 289.2
148 215.1 , Est Remaining: 287.7
149 216.5 , Est Remaining: 286.3
150 218.0 , Est Remaining: 284.8
151 219.4 , Est Remaining: 283.3
152 220.8 , Est Remaining: 281.8
153 222.2 , Est Remaining: 280.3
154 223.7 , Est Remaining: 278.9
155 225.1 , Est Remaining: 277.4
156 226.6 , Est Remaining: 275.9
157 228.0 , Est Remaining: 274.5
158 229.5 , Est Remaining: 273.0
159 230.9 , Est Remaining: 271.6
160 232.4 , Est Remaining: 270.1
161 233.8 , Est Remaining: 268.7
162 235.3 , Est Remaining: 267.2
163 236.7 , Est Remaining: 265.8
164 238.2 , Est Remaining: 264.3
165 239.6 , Est Remaining: 262.8
166 241.1 , Est Remaining: 261.4
167 242.5 , Est Remaining: 259.9
168 243.9 , Est Remaining: 258.5
169 245.4 , Est Remaining: 257.0
170 246.9 , Est Remaining: 255.6
171 248.3 , Est Remaining: 254.1
EVENT FAILED
171 248.6 , Est Remaining: 254.4
172 250.0 , Est Remaining: 253.0
173 251.5 , Est Remaining: 251.5
174 252.9 , Est Remaining: 250.0
175 254.4 , Est Remaining: 248.5
176 255.8 , Est Remaining: 247.1
177 257.3 , Est Remaining: 245.6
178 258.7 , Est Remaining: 244.2
179 260.2 , Est Remaining: 242.7
180 261.6 , Est Remaining: 241.3
181 263.1 , Est Remaining: 239.8
182 264.5 , Est Remaining: 238.3
183 265.9 , Est Remaining: 236.9
EVENT FAILED
183 266.2 , Est Remaining: 237.2
184 267.7 , Est Remaining: 235.7
185 269.1 , Est Remaining: 234.2
186 270.6 , Est Remaining: 232.8
187 272.0 , Est Remaining: 231.3
188 273.5 , Est Remaining: 229.8
189 274.9 , Est Remaining: 228.3
190 276.3 , Est Remaining: 226.9
191 277.8 , Est Remaining: 225.4
EVENT FAILED
191 278.1 , Est Remaining: 225.6
192 279.5 , Est Remaining: 224.2
193 281.0 , Est Remaining: 222.7
194 282.4 , Est Remaining: 221.3
195 283.8 , Est Remaining: 219.8
196 285.3 , Est Remaining: 218.3
197 286.7 , Est Remaining: 216.9
198 288.2 , Est Remaining: 215.4
199 289.6 , Est Remaining: 213.9
200 291.0 , Est Remaining: 212.5
201 292.5 , Est Remaining: 211.0
202 294.0 , Est Remaining: 209.6
203 295.5 , Est Remaining: 208.2
204 297.0 , Est Remaining: 206.7
205 298.4 , Est Remaining: 205.3
206 299.8 , Est Remaining: 203.8
207 301.3 , Est Remaining: 202.3
208 302.7 , Est Remaining: 200.8
209 304.2 , Est Remaining: 199.4
210 305.6 , Est Remaining: 197.9
211 307.0 , Est Remaining: 196.4
212 308.5 , Est Remaining: 195.0
213 309.9 , Est Remaining: 193.5
214 311.3 , Est Remaining: 192.0
215 312.7 , Est Remaining: 190.6
216 314.2 , Est Remaining: 189.1
217 315.6 , Est Remaining: 187.6
218 317.1 , Est Remaining: 186.2
219 318.6 , Est Remaining: 184.7
220 320.0 , Est Remaining: 183.3
221 321.5 , Est Remaining: 181.8
222 322.9 , Est Remaining: 180.4
223 324.3 , Est Remaining: 178.9
224 325.8 , Est Remaining: 177.4
225 327.2 , Est Remaining: 176.0
226 328.6 , Est Remaining: 174.5
227 330.1 , Est Remaining: 173.0
228 331.6 , Est Remaining: 171.6
229 333.0 , Est Remaining: 170.1
230 334.5 , Est Remaining: 168.7
231 335.9 , Est Remaining: 167.2
232 337.3 , Est Remaining: 165.8
233 338.8 , Est Remaining: 164.3
234 340.2 , Est Remaining: 162.8
235 341.7 , Est Remaining: 161.4
236 343.1 , Est Remaining: 159.9
237 344.5 , Est Remaining: 158.5
238 346.0 , Est Remaining: 157.0
239 347.4 , Est Remaining: 155.5
240 348.8 , Est Remaining: 154.1
241 350.2 , Est Remaining: 152.6
242 351.7 , Est Remaining: 151.1
243 353.1 , Est Remaining: 149.7
244 354.5 , Est Remaining: 148.2
245 355.9 , Est Remaining: 146.7
246 357.4 , Est Remaining: 145.3
247 358.8 , Est Remaining: 143.8
248 360.3 , Est Remaining: 142.4
249 361.7 , Est Remaining: 140.9
250 363.1 , Est Remaining: 139.4
251 364.5 , Est Remaining: 138.0
EVENT FAILED
251 364.8 , Est Remaining: 138.1
252 366.2 , Est Remaining: 136.6
253 367.6 , Est Remaining: 135.1
254 369.0 , Est Remaining: 133.7
255 370.4 , Est Remaining: 132.2
256 371.8 , Est Remaining: 130.7
257 373.3 , Est Remaining: 129.3
258 374.7 , Est Remaining: 127.8
259 376.1 , Est Remaining: 126.3
260 377.5 , Est Remaining: 124.9
261 378.9 , Est Remaining: 123.4
262 380.3 , Est Remaining: 121.9
263 381.8 , Est Remaining: 120.5
264 383.2 , Est Remaining: 119.0
265 384.6 , Est Remaining: 117.6
266 386.0 , Est Remaining: 116.1
267 387.4 , Est Remaining: 114.6
268 388.8 , Est Remaining: 113.1
269 390.1 , Est Remaining: 111.7
270 391.5 , Est Remaining: 110.2
271 392.9 , Est Remaining: 108.7
272 394.3 , Est Remaining: 107.3
273 395.7 , Est Remaining: 105.8
274 397.1 , Est Remaining: 104.3
275 398.5 , Est Remaining: 102.9
276 399.9 , Est Remaining: 101.4
277 401.2 , Est Remaining: 99.9
278 402.6 , Est Remaining: 98.5
279 404.0 , Est Remaining: 97.0
280 405.4 , Est Remaining: 95.6
281 406.8 , Est Remaining: 94.1
282 408.1 , Est Remaining: 92.6
283 409.5 , Est Remaining: 91.2
284 410.9 , Est Remaining: 89.7
285 412.2 , Est Remaining: 88.2
286 413.6 , Est Remaining: 86.8
287 415.0 , Est Remaining: 85.3
288 416.4 , Est Remaining: 83.8
289 417.7 , Est Remaining: 82.4
290 419.1 , Est Remaining: 80.9
291 420.5 , Est Remaining: 79.5
292 421.9 , Est Remaining: 78.0
293 423.2 , Est Remaining: 76.6
294 424.6 , Est Remaining: 75.1
295 426.0 , Est Remaining: 73.6
296 427.4 , Est Remaining: 72.2
297 428.7 , Est Remaining: 70.7
298 430.1 , Est Remaining: 69.3
299 431.5 , Est Remaining: 67.8
300 432.9 , Est Remaining: 66.4
301 434.2 , Est Remaining: 64.9
302 435.8 , Est Remaining: 63.5
303 437.2 , Est Remaining: 62.0
304 438.6 , Est Remaining: 60.6
305 439.9 , Est Remaining: 59.1
306 441.3 , Est Remaining: 57.7
307 442.7 , Est Remaining: 56.2
308 444.1 , Est Remaining: 54.8
309 445.5 , Est Remaining: 53.3
310 446.8 , Est Remaining: 51.9
311 448.2 , Est Remaining: 50.4
312 449.6 , Est Remaining: 49.0
313 451.0 , Est Remaining: 47.6
314 452.4 , Est Remaining: 46.1
315 453.8 , Est Remaining: 44.7
316 455.2 , Est Remaining: 43.2
317 456.6 , Est Remaining: 41.8
318 458.0 , Est Remaining: 40.3
319 459.4 , Est Remaining: 38.9
320 460.8 , Est Remaining: 37.4
321 462.2 , Est Remaining: 36.0
322 463.6 , Est Remaining: 34.6
EVENT FAILED
322 463.9 , Est Remaining: 34.6
323 465.3 , Est Remaining: 33.1
324 466.7 , Est Remaining: 31.7
325 468.0 , Est Remaining: 30.2
326 469.4 , Est Remaining: 28.8
327 470.8 , Est Remaining: 27.4
328 472.2 , Est Remaining: 25.9
329 473.6 , Est Remaining: 24.5
330 475.0 , Est Remaining: 23.0
331 476.4 , Est Remaining: 21.6
332 477.7 , Est Remaining: 20.1
333 479.1 , Est Remaining: 18.7
