Note: NumExpr detected 32 cores but "NUMEXPR_MAX_THREADS" not set, so enforcing safe limit of 8.
Using selector: EpollSelector
/n/home02/jhaefner/miniconda/envs/IC-3.7-2020-06-16/lib/python3.7/site-packages/scipy/optimize/minpack.py:808: OptimizeWarning: Covariance of the parameters could not be estimated
  category=OptimizeWarning)
Total rwfs: 346
0 0.0 , Est Remaining: 999999.9
1 1.4 , Est Remaining: 476.6
2 2.8 , Est Remaining: 473.2
3 4.1 , Est Remaining: 472.1
4 5.5 , Est Remaining: 466.0
5 6.8 , Est Remaining: 463.2
6 8.1 , Est Remaining: 461.7
EVENT FAILED
6 8.5 , Est Remaining: 479.1
7 9.8 , Est Remaining: 474.7
8 11.2 , Est Remaining: 471.3
9 12.5 , Est Remaining: 468.9
10 13.9 , Est Remaining: 467.3
11 15.3 , Est Remaining: 464.9
12 16.6 , Est Remaining: 462.9
13 18.0 , Est Remaining: 460.9
14 19.4 , Est Remaining: 459.2
15 20.7 , Est Remaining: 457.6
16 22.1 , Est Remaining: 455.6
17 23.5 , Est Remaining: 454.2
18 24.8 , Est Remaining: 452.5
19 26.2 , Est Remaining: 450.7
20 27.6 , Est Remaining: 449.1
21 28.9 , Est Remaining: 447.5
22 30.3 , Est Remaining: 446.1
23 31.7 , Est Remaining: 444.5
24 33.0 , Est Remaining: 442.8
25 34.3 , Est Remaining: 440.9
EVENT FAILED
25 34.6 , Est Remaining: 444.7
26 36.1 , Est Remaining: 443.9
27 37.4 , Est Remaining: 442.3
28 38.8 , Est Remaining: 440.6
29 40.2 , Est Remaining: 439.0
30 41.5 , Est Remaining: 437.2
31 42.8 , Est Remaining: 435.3
32 44.2 , Est Remaining: 433.7
33 45.5 , Est Remaining: 432.0
34 46.9 , Est Remaining: 430.2
35 48.3 , Est Remaining: 428.8
36 49.6 , Est Remaining: 427.2
37 51.0 , Est Remaining: 425.6
38 52.3 , Est Remaining: 423.9
39 53.7 , Est Remaining: 422.4
40 55.0 , Est Remaining: 420.8
41 56.3 , Est Remaining: 419.1
42 57.7 , Est Remaining: 417.5
43 59.0 , Est Remaining: 416.0
44 60.4 , Est Remaining: 414.4
45 61.7 , Est Remaining: 412.9
46 63.1 , Est Remaining: 411.4
47 64.4 , Est Remaining: 409.9
48 65.7 , Est Remaining: 408.0
49 67.1 , Est Remaining: 406.4
50 68.4 , Est Remaining: 404.8
51 69.7 , Est Remaining: 403.3
52 71.1 , Est Remaining: 401.8
53 72.4 , Est Remaining: 400.2
54 73.7 , Est Remaining: 398.8
55 75.1 , Est Remaining: 397.2
56 76.4 , Est Remaining: 395.6
EVENT FAILED
56 76.7 , Est Remaining: 397.1
57 78.0 , Est Remaining: 395.6
58 79.4 , Est Remaining: 394.1
59 80.7 , Est Remaining: 392.7
60 82.1 , Est Remaining: 391.2
61 83.4 , Est Remaining: 389.7
62 84.8 , Est Remaining: 388.2
63 86.1 , Est Remaining: 386.8
64 87.5 , Est Remaining: 385.3
65 88.8 , Est Remaining: 383.9
EVENT FAILED
65 89.1 , Est Remaining: 385.2
66 90.4 , Est Remaining: 383.7
EVENT FAILED
66 90.7 , Est Remaining: 384.9
67 92.1 , Est Remaining: 383.4
68 93.4 , Est Remaining: 381.9
69 94.7 , Est Remaining: 380.3
EVENT FAILED
69 95.0 , Est Remaining: 381.5
70 96.4 , Est Remaining: 380.0
71 97.7 , Est Remaining: 378.6
72 99.1 , Est Remaining: 377.1
73 100.4 , Est Remaining: 375.6
74 101.8 , Est Remaining: 374.2
75 103.2 , Est Remaining: 372.9
76 104.5 , Est Remaining: 371.4
77 105.9 , Est Remaining: 370.0
78 107.3 , Est Remaining: 368.5
EVENT FAILED
78 107.6 , Est Remaining: 369.5
79 108.9 , Est Remaining: 368.0
80 110.2 , Est Remaining: 366.6
EVENT FAILED
80 110.5 , Est Remaining: 367.5
81 111.9 , Est Remaining: 366.0
82 113.2 , Est Remaining: 364.5
83 114.6 , Est Remaining: 363.0
84 115.9 , Est Remaining: 361.5
85 117.3 , Est Remaining: 360.1
86 118.6 , Est Remaining: 358.6
87 119.9 , Est Remaining: 357.1
88 121.3 , Est Remaining: 355.6
89 122.6 , Est Remaining: 354.1
90 124.0 , Est Remaining: 352.6
91 125.3 , Est Remaining: 351.1
92 126.6 , Est Remaining: 349.7
EVENT FAILED
92 126.9 , Est Remaining: 350.5
93 128.3 , Est Remaining: 349.0
94 129.6 , Est Remaining: 347.5
95 130.9 , Est Remaining: 346.0
96 132.2 , Est Remaining: 344.3
97 133.6 , Est Remaining: 342.9
98 134.9 , Est Remaining: 341.4
99 136.3 , Est Remaining: 340.0
100 137.6 , Est Remaining: 338.5
101 138.9 , Est Remaining: 337.0
102 140.3 , Est Remaining: 335.7
103 141.7 , Est Remaining: 334.3
104 143.0 , Est Remaining: 332.8
105 144.4 , Est Remaining: 331.4
106 145.7 , Est Remaining: 329.9
107 147.1 , Est Remaining: 328.5
EVENT FAILED
107 147.4 , Est Remaining: 329.2
108 148.7 , Est Remaining: 327.8
109 150.1 , Est Remaining: 326.4
110 151.4 , Est Remaining: 324.9
111 152.8 , Est Remaining: 323.5
112 154.2 , Est Remaining: 322.1
113 155.5 , Est Remaining: 320.7
114 156.9 , Est Remaining: 319.3
115 158.2 , Est Remaining: 317.8
116 159.6 , Est Remaining: 316.4
117 160.9 , Est Remaining: 314.9
118 162.3 , Est Remaining: 313.5
119 163.6 , Est Remaining: 312.1
120 165.0 , Est Remaining: 310.7
121 166.3 , Est Remaining: 309.3
122 167.7 , Est Remaining: 307.8
123 169.0 , Est Remaining: 306.4
124 170.3 , Est Remaining: 305.0
125 171.7 , Est Remaining: 303.5
126 173.0 , Est Remaining: 302.1
127 174.4 , Est Remaining: 300.7
128 175.7 , Est Remaining: 299.3
129 177.1 , Est Remaining: 297.9
130 178.4 , Est Remaining: 296.5
131 179.8 , Est Remaining: 295.1
132 181.1 , Est Remaining: 293.7
133 182.5 , Est Remaining: 292.2
134 183.8 , Est Remaining: 290.8
135 185.2 , Est Remaining: 289.4
136 186.5 , Est Remaining: 288.0
137 187.9 , Est Remaining: 286.6
138 189.2 , Est Remaining: 285.2
139 190.6 , Est Remaining: 283.8
140 191.9 , Est Remaining: 282.3
141 193.2 , Est Remaining: 281.0
142 194.6 , Est Remaining: 279.6
143 195.9 , Est Remaining: 278.1
144 197.3 , Est Remaining: 276.7
145 198.6 , Est Remaining: 275.3
146 199.9 , Est Remaining: 273.9
147 201.3 , Est Remaining: 272.5
148 202.6 , Est Remaining: 271.1
149 204.0 , Est Remaining: 269.7
150 205.3 , Est Remaining: 268.3
151 206.7 , Est Remaining: 266.9
152 208.0 , Est Remaining: 265.5
153 209.3 , Est Remaining: 264.1
154 210.7 , Est Remaining: 262.7
155 212.0 , Est Remaining: 261.3
156 213.4 , Est Remaining: 259.9
157 214.7 , Est Remaining: 258.5
158 216.0 , Est Remaining: 257.1
159 217.4 , Est Remaining: 255.7
160 218.7 , Est Remaining: 254.3
161 220.1 , Est Remaining: 252.9
162 221.4 , Est Remaining: 251.5
163 222.8 , Est Remaining: 250.1
164 224.1 , Est Remaining: 248.7
165 225.5 , Est Remaining: 247.3
166 226.8 , Est Remaining: 245.9
167 228.2 , Est Remaining: 244.6
EVENT FAILED
167 228.5 , Est Remaining: 244.9
168 229.9 , Est Remaining: 243.5
169 231.2 , Est Remaining: 242.2
170 232.6 , Est Remaining: 240.8
171 233.9 , Est Remaining: 239.4
172 235.2 , Est Remaining: 238.0
173 236.6 , Est Remaining: 236.6
174 237.9 , Est Remaining: 235.2
175 239.3 , Est Remaining: 233.8
176 240.6 , Est Remaining: 232.4
177 242.0 , Est Remaining: 231.0
178 243.3 , Est Remaining: 229.6
179 244.7 , Est Remaining: 228.3
180 246.0 , Est Remaining: 226.9
181 247.3 , Est Remaining: 225.5
182 248.7 , Est Remaining: 224.1
EVENT FAILED
182 249.0 , Est Remaining: 224.4
183 250.2 , Est Remaining: 222.9
184 251.6 , Est Remaining: 221.5
185 252.9 , Est Remaining: 220.1
186 254.3 , Est Remaining: 218.7
187 255.6 , Est Remaining: 217.4
188 257.0 , Est Remaining: 216.0
189 258.3 , Est Remaining: 214.6
190 259.7 , Est Remaining: 213.2
191 261.0 , Est Remaining: 211.8
192 262.4 , Est Remaining: 210.4
193 263.7 , Est Remaining: 209.1
194 265.0 , Est Remaining: 207.7
195 266.4 , Est Remaining: 206.3
196 267.7 , Est Remaining: 204.9
197 269.1 , Est Remaining: 203.5
198 270.4 , Est Remaining: 202.1
199 271.8 , Est Remaining: 200.7
EVENT FAILED
199 272.1 , Est Remaining: 201.0
200 273.4 , Est Remaining: 199.6
201 274.7 , Est Remaining: 198.2
202 276.2 , Est Remaining: 196.9
203 277.5 , Est Remaining: 195.5
204 278.8 , Est Remaining: 194.1
205 280.2 , Est Remaining: 192.7
206 281.5 , Est Remaining: 191.3
207 282.9 , Est Remaining: 189.9
208 284.2 , Est Remaining: 188.6
209 285.5 , Est Remaining: 187.2
210 286.9 , Est Remaining: 185.8
211 288.3 , Est Remaining: 184.4
212 289.6 , Est Remaining: 183.0
213 290.9 , Est Remaining: 181.7
214 292.6 , Est Remaining: 180.5
215 293.9 , Est Remaining: 179.1
216 295.2 , Est Remaining: 177.7
EVENT FAILED
216 295.5 , Est Remaining: 177.9
217 296.9 , Est Remaining: 176.5
218 298.2 , Est Remaining: 175.1
219 299.6 , Est Remaining: 173.7
220 300.9 , Est Remaining: 172.3
221 302.3 , Est Remaining: 171.0
222 303.6 , Est Remaining: 169.6
EVENT FAILED
222 303.9 , Est Remaining: 169.7
223 305.2 , Est Remaining: 168.4
224 306.6 , Est Remaining: 167.0
225 307.9 , Est Remaining: 165.6
226 309.2 , Est Remaining: 164.2
227 310.6 , Est Remaining: 162.8
228 311.9 , Est Remaining: 161.4
229 313.3 , Est Remaining: 160.0
230 314.6 , Est Remaining: 158.7
231 315.9 , Est Remaining: 157.3
232 317.3 , Est Remaining: 155.9
233 318.6 , Est Remaining: 154.5
234 320.0 , Est Remaining: 153.2
235 321.5 , Est Remaining: 151.8
236 322.8 , Est Remaining: 150.5
237 324.2 , Est Remaining: 149.1
238 325.5 , Est Remaining: 147.7
239 326.8 , Est Remaining: 146.3
240 328.2 , Est Remaining: 145.0
241 329.6 , Est Remaining: 143.6
242 330.9 , Est Remaining: 142.2
243 332.2 , Est Remaining: 140.8
244 333.6 , Est Remaining: 139.5
245 334.9 , Est Remaining: 138.1
246 336.3 , Est Remaining: 136.7
247 337.6 , Est Remaining: 135.3
248 338.9 , Est Remaining: 133.9
249 340.3 , Est Remaining: 132.6
250 341.6 , Est Remaining: 131.2
251 343.0 , Est Remaining: 129.8
252 344.3 , Est Remaining: 128.4
253 345.6 , Est Remaining: 127.0
254 346.9 , Est Remaining: 125.7
EVENT FAILED
254 347.2 , Est Remaining: 125.8
255 348.5 , Est Remaining: 124.4
256 349.9 , Est Remaining: 123.0
257 351.2 , Est Remaining: 121.6
258 352.6 , Est Remaining: 120.3
259 353.9 , Est Remaining: 118.9
260 355.3 , Est Remaining: 117.5
261 356.6 , Est Remaining: 116.1
262 357.9 , Est Remaining: 114.8
263 359.3 , Est Remaining: 113.4
264 360.6 , Est Remaining: 112.0
265 362.0 , Est Remaining: 110.6
266 363.3 , Est Remaining: 109.3
EVENT FAILED
266 363.6 , Est Remaining: 109.3
267 364.9 , Est Remaining: 108.0
268 366.3 , Est Remaining: 106.6
269 367.6 , Est Remaining: 105.2
270 369.0 , Est Remaining: 103.9
EVENT FAILED
270 369.3 , Est Remaining: 103.9
271 370.6 , Est Remaining: 102.6
272 372.0 , Est Remaining: 101.2
273 373.2 , Est Remaining: 99.8
274 374.5 , Est Remaining: 98.4
275 375.9 , Est Remaining: 97.0
276 377.2 , Est Remaining: 95.7
277 378.6 , Est Remaining: 94.3
278 379.9 , Est Remaining: 92.9
279 381.2 , Est Remaining: 91.5
280 382.5 , Est Remaining: 90.2
281 383.9 , Est Remaining: 88.8
282 385.2 , Est Remaining: 87.4
283 386.5 , Est Remaining: 86.0
284 387.9 , Est Remaining: 84.7
285 389.2 , Est Remaining: 83.3
EVENT FAILED
285 389.5 , Est Remaining: 83.4
286 390.9 , Est Remaining: 82.0
287 392.2 , Est Remaining: 80.6
288 393.6 , Est Remaining: 79.3
289 394.9 , Est Remaining: 77.9
290 396.2 , Est Remaining: 76.5
291 397.6 , Est Remaining: 75.1
292 398.9 , Est Remaining: 73.8
293 400.2 , Est Remaining: 72.4
294 401.6 , Est Remaining: 71.0
295 402.9 , Est Remaining: 69.7
296 404.3 , Est Remaining: 68.3
297 405.6 , Est Remaining: 66.9
298 406.9 , Est Remaining: 65.5
299 408.4 , Est Remaining: 64.2
300 409.8 , Est Remaining: 62.8
301 411.1 , Est Remaining: 61.5
302 412.4 , Est Remaining: 60.1
303 413.8 , Est Remaining: 58.7
304 415.1 , Est Remaining: 57.4
305 416.5 , Est Remaining: 56.0
306 417.8 , Est Remaining: 54.6
307 419.1 , Est Remaining: 53.2
308 420.5 , Est Remaining: 51.9
EVENT FAILED
308 420.8 , Est Remaining: 51.9
309 422.1 , Est Remaining: 50.5
310 423.5 , Est Remaining: 49.2
311 424.8 , Est Remaining: 47.8
312 426.1 , Est Remaining: 46.4
313 427.5 , Est Remaining: 45.1
314 428.8 , Est Remaining: 43.7
315 430.1 , Est Remaining: 42.3
316 431.4 , Est Remaining: 41.0
317 432.8 , Est Remaining: 39.6
318 434.1 , Est Remaining: 38.2
319 435.4 , Est Remaining: 36.9
320 436.7 , Est Remaining: 35.5
321 438.0 , Est Remaining: 34.1
322 439.3 , Est Remaining: 32.7
EVENT FAILED
322 439.6 , Est Remaining: 32.8
323 440.9 , Est Remaining: 31.4
324 442.2 , Est Remaining: 30.0
