Note: NumExpr detected 32 cores but "NUMEXPR_MAX_THREADS" not set, so enforcing safe limit of 8.
Using selector: EpollSelector
/n/home02/jhaefner/miniconda/envs/IC-3.7-2020-06-16/lib/python3.7/site-packages/scipy/optimize/minpack.py:808: OptimizeWarning: Covariance of the parameters could not be estimated
  category=OptimizeWarning)
Total rwfs: 346
0 0.0 , Est Remaining: 999999.9
1 1.4 , Est Remaining: 495.8
2 2.8 , Est Remaining: 490.2
3 4.3 , Est Remaining: 492.0
4 5.7 , Est Remaining: 487.7
5 7.2 , Est Remaining: 488.1
6 8.6 , Est Remaining: 486.2
7 10.0 , Est Remaining: 484.4
8 11.4 , Est Remaining: 482.3
9 12.8 , Est Remaining: 480.1
10 14.2 , Est Remaining: 478.7
11 15.7 , Est Remaining: 477.4
12 17.1 , Est Remaining: 476.4
13 18.5 , Est Remaining: 474.8
14 20.0 , Est Remaining: 473.2
15 21.4 , Est Remaining: 471.8
EVENT FAILED
15 21.7 , Est Remaining: 478.8
16 23.1 , Est Remaining: 477.0
17 24.6 , Est Remaining: 475.8
18 26.0 , Est Remaining: 474.3
EVENT FAILED
18 26.3 , Est Remaining: 479.9
19 27.8 , Est Remaining: 478.0
20 29.2 , Est Remaining: 476.2
21 30.7 , Est Remaining: 474.5
22 32.1 , Est Remaining: 472.9
23 33.6 , Est Remaining: 471.2
24 35.0 , Est Remaining: 469.6
25 36.5 , Est Remaining: 468.0
26 37.9 , Est Remaining: 466.2
27 39.3 , Est Remaining: 464.5
28 40.8 , Est Remaining: 462.9
EVENT FAILED
28 41.1 , Est Remaining: 466.4
29 42.5 , Est Remaining: 464.6
30 44.0 , Est Remaining: 462.9
31 45.4 , Est Remaining: 461.3
32 46.8 , Est Remaining: 459.7
33 48.3 , Est Remaining: 458.0
34 49.7 , Est Remaining: 456.4
35 51.2 , Est Remaining: 454.6
36 52.6 , Est Remaining: 452.9
37 54.0 , Est Remaining: 451.2
38 55.5 , Est Remaining: 449.5
39 56.9 , Est Remaining: 447.8
40 58.3 , Est Remaining: 446.2
41 59.8 , Est Remaining: 444.8
42 61.2 , Est Remaining: 443.3
43 62.7 , Est Remaining: 441.5
44 64.1 , Est Remaining: 439.7
45 65.5 , Est Remaining: 438.1
46 66.9 , Est Remaining: 436.4
47 68.4 , Est Remaining: 434.8
48 69.8 , Est Remaining: 433.3
49 71.2 , Est Remaining: 431.7
50 72.7 , Est Remaining: 430.2
51 74.1 , Est Remaining: 428.6
52 75.5 , Est Remaining: 426.9
53 76.9 , Est Remaining: 425.4
54 78.3 , Est Remaining: 423.6
55 79.8 , Est Remaining: 422.1
56 81.2 , Est Remaining: 420.4
57 82.6 , Est Remaining: 419.0
58 84.1 , Est Remaining: 417.4
59 85.5 , Est Remaining: 415.9
60 86.9 , Est Remaining: 414.5
61 88.4 , Est Remaining: 413.0
62 89.8 , Est Remaining: 411.5
63 91.3 , Est Remaining: 410.1
64 92.7 , Est Remaining: 408.6
65 94.2 , Est Remaining: 407.2
66 95.6 , Est Remaining: 405.7
67 97.1 , Est Remaining: 404.3
68 98.5 , Est Remaining: 402.9
69 100.0 , Est Remaining: 401.3
70 101.4 , Est Remaining: 399.8
71 102.8 , Est Remaining: 398.3
72 104.3 , Est Remaining: 397.0
73 105.8 , Est Remaining: 395.5
74 107.2 , Est Remaining: 394.0
75 108.6 , Est Remaining: 392.6
76 110.1 , Est Remaining: 391.1
77 111.5 , Est Remaining: 389.7
78 113.0 , Est Remaining: 388.1
EVENT FAILED
78 113.3 , Est Remaining: 389.1
79 114.7 , Est Remaining: 387.6
80 116.1 , Est Remaining: 386.2
81 117.6 , Est Remaining: 384.7
82 119.0 , Est Remaining: 383.1
83 120.4 , Est Remaining: 381.6
84 121.9 , Est Remaining: 380.1
85 123.3 , Est Remaining: 378.5
86 124.7 , Est Remaining: 377.1
87 126.1 , Est Remaining: 375.5
88 127.5 , Est Remaining: 373.9
89 129.0 , Est Remaining: 372.4
90 130.4 , Est Remaining: 370.9
91 131.8 , Est Remaining: 369.4
92 133.2 , Est Remaining: 367.8
93 134.7 , Est Remaining: 366.4
94 136.1 , Est Remaining: 364.9
95 137.5 , Est Remaining: 363.4
96 139.0 , Est Remaining: 362.0
97 140.5 , Est Remaining: 360.6
98 141.9 , Est Remaining: 359.2
99 143.4 , Est Remaining: 357.8
100 144.8 , Est Remaining: 356.3
101 146.3 , Est Remaining: 354.9
102 147.7 , Est Remaining: 353.4
103 149.3 , Est Remaining: 352.2
104 150.7 , Est Remaining: 350.7
105 152.1 , Est Remaining: 349.2
106 153.6 , Est Remaining: 347.7
107 155.0 , Est Remaining: 346.2
108 156.4 , Est Remaining: 344.7
109 157.8 , Est Remaining: 343.1
110 159.3 , Est Remaining: 341.7
111 160.7 , Est Remaining: 340.2
112 162.1 , Est Remaining: 338.7
113 163.6 , Est Remaining: 337.2
114 165.0 , Est Remaining: 335.8
115 166.4 , Est Remaining: 334.3
116 167.8 , Est Remaining: 332.7
117 169.2 , Est Remaining: 331.1
118 170.6 , Est Remaining: 329.5
119 171.9 , Est Remaining: 328.0
120 173.3 , Est Remaining: 326.4
121 174.7 , Est Remaining: 324.9
122 176.1 , Est Remaining: 323.3
123 177.5 , Est Remaining: 321.9
124 178.9 , Est Remaining: 320.3
125 180.3 , Est Remaining: 318.7
126 181.7 , Est Remaining: 317.2
127 183.0 , Est Remaining: 315.6
128 184.4 , Est Remaining: 314.1
129 185.8 , Est Remaining: 312.5
130 187.2 , Est Remaining: 311.0
131 188.6 , Est Remaining: 309.5
132 190.0 , Est Remaining: 308.0
133 191.3 , Est Remaining: 306.4
134 192.7 , Est Remaining: 304.9
135 194.1 , Est Remaining: 303.4
136 195.5 , Est Remaining: 301.9
137 196.9 , Est Remaining: 300.4
138 198.3 , Est Remaining: 298.9
139 199.7 , Est Remaining: 297.4
140 201.1 , Est Remaining: 295.9
141 202.5 , Est Remaining: 294.4
142 203.8 , Est Remaining: 292.8
143 205.2 , Est Remaining: 291.3
144 206.6 , Est Remaining: 289.8
145 208.0 , Est Remaining: 288.3
146 209.4 , Est Remaining: 286.8
EVENT FAILED
146 209.7 , Est Remaining: 287.2
147 211.0 , Est Remaining: 285.7
148 212.4 , Est Remaining: 284.2
149 213.8 , Est Remaining: 282.7
150 215.2 , Est Remaining: 281.2
151 216.5 , Est Remaining: 279.6
152 217.9 , Est Remaining: 278.1
153 219.3 , Est Remaining: 276.6
154 220.6 , Est Remaining: 275.1
155 222.0 , Est Remaining: 273.6
156 223.4 , Est Remaining: 272.1
157 224.8 , Est Remaining: 270.6
158 226.1 , Est Remaining: 269.1
159 227.5 , Est Remaining: 267.6
160 228.9 , Est Remaining: 266.1
161 230.2 , Est Remaining: 264.6
162 231.6 , Est Remaining: 263.1
163 233.0 , Est Remaining: 261.6
164 234.4 , Est Remaining: 260.1
165 235.7 , Est Remaining: 258.6
166 237.1 , Est Remaining: 257.1
167 238.5 , Est Remaining: 255.6
168 239.9 , Est Remaining: 254.2
169 241.3 , Est Remaining: 252.7
170 242.6 , Est Remaining: 251.2
171 244.0 , Est Remaining: 249.7
172 245.4 , Est Remaining: 248.2
173 246.7 , Est Remaining: 246.7
174 248.1 , Est Remaining: 245.3
175 249.5 , Est Remaining: 243.8
176 250.8 , Est Remaining: 242.3
177 252.2 , Est Remaining: 240.8
178 253.6 , Est Remaining: 239.4
179 255.0 , Est Remaining: 237.9
180 256.3 , Est Remaining: 236.4
181 257.7 , Est Remaining: 234.9
182 259.1 , Est Remaining: 233.5
183 260.5 , Est Remaining: 232.0
184 261.9 , Est Remaining: 230.6
185 263.3 , Est Remaining: 229.1
186 264.7 , Est Remaining: 227.7
187 266.1 , Est Remaining: 226.2
188 267.5 , Est Remaining: 224.8
189 268.9 , Est Remaining: 223.3
190 270.3 , Est Remaining: 221.9
191 271.7 , Est Remaining: 220.5
192 273.1 , Est Remaining: 219.0
193 274.5 , Est Remaining: 217.6
194 275.9 , Est Remaining: 216.2
195 277.3 , Est Remaining: 214.8
196 278.8 , Est Remaining: 213.3
197 280.2 , Est Remaining: 211.9
198 281.6 , Est Remaining: 210.5
199 283.0 , Est Remaining: 209.1
200 284.4 , Est Remaining: 207.6
201 285.9 , Est Remaining: 206.2
202 287.3 , Est Remaining: 204.8
203 288.8 , Est Remaining: 203.4
204 290.2 , Est Remaining: 202.0
205 291.6 , Est Remaining: 200.6
206 293.0 , Est Remaining: 199.1
207 294.4 , Est Remaining: 197.7
208 295.9 , Est Remaining: 196.3
209 297.3 , Est Remaining: 194.9
EVENT FAILED
209 297.6 , Est Remaining: 195.1
210 299.0 , Est Remaining: 193.7
211 300.5 , Est Remaining: 192.2
212 301.9 , Est Remaining: 190.8
213 303.3 , Est Remaining: 189.4
214 304.8 , Est Remaining: 188.0
215 306.2 , Est Remaining: 186.6
216 307.6 , Est Remaining: 185.2
217 309.1 , Est Remaining: 183.7
218 310.5 , Est Remaining: 182.3
219 312.0 , Est Remaining: 180.9
220 313.4 , Est Remaining: 179.5
221 314.9 , Est Remaining: 178.1
222 316.3 , Est Remaining: 176.7
223 317.7 , Est Remaining: 175.3
224 319.2 , Est Remaining: 173.8
225 320.6 , Est Remaining: 172.4
226 322.1 , Est Remaining: 171.0
227 323.5 , Est Remaining: 169.6
228 325.0 , Est Remaining: 168.2
229 326.4 , Est Remaining: 166.8
230 327.8 , Est Remaining: 165.3
231 329.3 , Est Remaining: 163.9
232 330.7 , Est Remaining: 162.5
233 332.2 , Est Remaining: 161.1
234 333.6 , Est Remaining: 159.7
235 335.1 , Est Remaining: 158.3
236 336.5 , Est Remaining: 156.9
237 338.0 , Est Remaining: 155.5
238 339.4 , Est Remaining: 154.0
239 340.9 , Est Remaining: 152.6
240 342.3 , Est Remaining: 151.2
241 343.8 , Est Remaining: 149.8
242 345.2 , Est Remaining: 148.4
243 346.7 , Est Remaining: 146.9
244 348.1 , Est Remaining: 145.5
245 349.6 , Est Remaining: 144.1
246 351.0 , Est Remaining: 142.7
247 352.5 , Est Remaining: 141.3
248 353.9 , Est Remaining: 139.8
249 355.3 , Est Remaining: 138.4
250 356.8 , Est Remaining: 137.0
251 358.2 , Est Remaining: 135.6
252 359.7 , Est Remaining: 134.2
253 361.1 , Est Remaining: 132.7
254 362.6 , Est Remaining: 131.3
255 364.0 , Est Remaining: 129.9
256 365.4 , Est Remaining: 128.5
257 366.9 , Est Remaining: 127.0
258 368.3 , Est Remaining: 125.6
259 369.7 , Est Remaining: 124.2
260 371.1 , Est Remaining: 122.8
261 372.6 , Est Remaining: 121.3
262 374.0 , Est Remaining: 119.9
263 375.4 , Est Remaining: 118.5
264 376.8 , Est Remaining: 117.0
265 378.3 , Est Remaining: 115.6
266 379.7 , Est Remaining: 114.2
267 381.1 , Est Remaining: 112.8
268 382.6 , Est Remaining: 111.4
269 384.0 , Est Remaining: 109.9
270 385.4 , Est Remaining: 108.5
271 386.9 , Est Remaining: 107.1
272 388.3 , Est Remaining: 105.6
273 389.8 , Est Remaining: 104.2
274 391.2 , Est Remaining: 102.8
275 392.6 , Est Remaining: 101.4
EVENT FAILED
275 393.0 , Est Remaining: 101.5
276 394.4 , Est Remaining: 100.0
277 395.8 , Est Remaining: 98.6
278 397.2 , Est Remaining: 97.2
279 398.6 , Est Remaining: 95.7
280 400.0 , Est Remaining: 94.3
EVENT FAILED
280 400.3 , Est Remaining: 94.4
281 401.8 , Est Remaining: 92.9
282 403.2 , Est Remaining: 91.5
283 404.6 , Est Remaining: 90.1
284 406.1 , Est Remaining: 88.6
285 407.5 , Est Remaining: 87.2
286 408.9 , Est Remaining: 85.8
287 410.4 , Est Remaining: 84.4
288 411.8 , Est Remaining: 82.9
289 413.2 , Est Remaining: 81.5
290 414.7 , Est Remaining: 80.1
EVENT FAILED
290 415.0 , Est Remaining: 80.1
291 416.4 , Est Remaining: 78.7
292 417.9 , Est Remaining: 77.3
293 419.3 , Est Remaining: 75.8
294 420.7 , Est Remaining: 74.4
295 422.2 , Est Remaining: 73.0
296 423.6 , Est Remaining: 71.6
297 425.1 , Est Remaining: 70.1
298 426.5 , Est Remaining: 68.7
299 427.9 , Est Remaining: 67.3
300 429.4 , Est Remaining: 65.8
301 430.8 , Est Remaining: 64.4
302 432.4 , Est Remaining: 63.0
303 433.8 , Est Remaining: 61.6
304 435.3 , Est Remaining: 60.1
305 436.7 , Est Remaining: 58.7
306 438.1 , Est Remaining: 57.3
307 439.6 , Est Remaining: 55.8
308 441.0 , Est Remaining: 54.4
309 442.4 , Est Remaining: 53.0
310 443.8 , Est Remaining: 51.5
311 445.3 , Est Remaining: 50.1
312 446.7 , Est Remaining: 48.7
313 448.1 , Est Remaining: 47.2
314 449.5 , Est Remaining: 45.8
315 451.0 , Est Remaining: 44.4
316 452.4 , Est Remaining: 43.0
317 453.9 , Est Remaining: 41.5
318 455.4 , Est Remaining: 40.1
319 456.8 , Est Remaining: 38.7
320 458.3 , Est Remaining: 37.2
321 459.7 , Est Remaining: 35.8
322 461.2 , Est Remaining: 34.4
323 462.7 , Est Remaining: 32.9
324 464.2 , Est Remaining: 31.5
325 465.6 , Est Remaining: 30.1
326 467.1 , Est Remaining: 28.7
327 468.5 , Est Remaining: 27.2
328 469.9 , Est Remaining: 25.8
329 471.4 , Est Remaining: 24.4
330 472.8 , Est Remaining: 22.9
331 474.3 , Est Remaining: 21.5
332 475.7 , Est Remaining: 20.1
333 477.1 , Est Remaining: 18.6
334 478.5 , Est Remaining: 17.2
335 479.9 , Est Remaining: 15.8
336 481.3 , Est Remaining: 14.3
