Note: NumExpr detected 32 cores but "NUMEXPR_MAX_THREADS" not set, so enforcing safe limit of 8.
Using selector: EpollSelector
/n/home02/jhaefner/miniconda/envs/IC-3.7-2020-06-16/lib/python3.7/site-packages/scipy/optimize/minpack.py:808: OptimizeWarning: Covariance of the parameters could not be estimated
  category=OptimizeWarning)
Total rwfs: 346
0 0.0 , Est Remaining: 999999.9
1 1.5 , Est Remaining: 502.1
2 2.9 , Est Remaining: 497.9
3 4.4 , Est Remaining: 497.4
4 5.8 , Est Remaining: 495.6
5 7.2 , Est Remaining: 492.8
6 8.7 , Est Remaining: 491.0
7 10.1 , Est Remaining: 487.9
8 11.5 , Est Remaining: 485.6
EVENT FAILED
8 11.8 , Est Remaining: 498.3
9 13.2 , Est Remaining: 495.3
10 14.7 , Est Remaining: 493.3
11 16.1 , Est Remaining: 490.3
12 17.5 , Est Remaining: 488.1
13 19.0 , Est Remaining: 485.8
EVENT FAILED
13 19.3 , Est Remaining: 493.6
14 20.6 , Est Remaining: 488.4
15 22.0 , Est Remaining: 486.1
16 23.5 , Est Remaining: 483.7
17 24.9 , Est Remaining: 481.6
18 26.3 , Est Remaining: 480.1
19 27.8 , Est Remaining: 478.3
20 29.2 , Est Remaining: 476.5
21 30.7 , Est Remaining: 474.9
22 32.1 , Est Remaining: 473.1
23 33.6 , Est Remaining: 471.5
24 35.0 , Est Remaining: 469.7
25 36.3 , Est Remaining: 466.4
26 37.8 , Est Remaining: 464.9
27 39.2 , Est Remaining: 463.2
28 40.6 , Est Remaining: 461.7
29 42.1 , Est Remaining: 460.2
EVENT FAILED
29 42.4 , Est Remaining: 463.5
30 43.8 , Est Remaining: 461.8
31 45.3 , Est Remaining: 460.3
32 46.7 , Est Remaining: 458.7
33 48.2 , Est Remaining: 457.3
34 49.7 , Est Remaining: 456.0
35 51.2 , Est Remaining: 454.6
36 52.6 , Est Remaining: 453.0
37 54.1 , Est Remaining: 451.4
38 55.5 , Est Remaining: 449.8
39 56.9 , Est Remaining: 448.2
40 58.4 , Est Remaining: 446.6
41 59.8 , Est Remaining: 445.0
42 61.3 , Est Remaining: 443.4
43 62.7 , Est Remaining: 441.9
44 64.1 , Est Remaining: 440.2
45 65.6 , Est Remaining: 438.8
46 67.0 , Est Remaining: 437.1
47 68.4 , Est Remaining: 435.4
48 69.9 , Est Remaining: 433.9
49 71.3 , Est Remaining: 432.3
50 72.8 , Est Remaining: 430.8
51 74.2 , Est Remaining: 429.3
52 75.6 , Est Remaining: 427.6
53 77.1 , Est Remaining: 426.1
54 78.5 , Est Remaining: 424.5
55 79.9 , Est Remaining: 422.9
56 81.4 , Est Remaining: 421.4
57 82.8 , Est Remaining: 419.9
58 84.3 , Est Remaining: 418.5
59 85.7 , Est Remaining: 416.9
60 87.1 , Est Remaining: 415.3
61 88.6 , Est Remaining: 413.8
62 90.0 , Est Remaining: 412.3
63 91.4 , Est Remaining: 410.7
64 92.9 , Est Remaining: 409.2
65 94.3 , Est Remaining: 407.6
66 95.7 , Est Remaining: 406.1
67 97.2 , Est Remaining: 404.6
68 98.6 , Est Remaining: 403.2
69 100.1 , Est Remaining: 401.7
70 101.5 , Est Remaining: 400.2
71 102.9 , Est Remaining: 398.7
72 104.4 , Est Remaining: 397.2
73 105.8 , Est Remaining: 395.6
74 107.2 , Est Remaining: 394.1
75 108.6 , Est Remaining: 392.6
76 110.1 , Est Remaining: 391.1
77 111.5 , Est Remaining: 389.6
78 113.0 , Est Remaining: 388.2
79 114.4 , Est Remaining: 386.7
80 115.8 , Est Remaining: 385.2
81 117.3 , Est Remaining: 383.7
82 118.7 , Est Remaining: 382.3
83 120.2 , Est Remaining: 380.9
84 121.6 , Est Remaining: 379.4
85 123.1 , Est Remaining: 378.0
EVENT FAILED
85 123.4 , Est Remaining: 378.9
86 124.9 , Est Remaining: 377.5
87 126.3 , Est Remaining: 376.1
88 127.8 , Est Remaining: 374.7
89 129.3 , Est Remaining: 373.3
90 130.7 , Est Remaining: 371.8
91 132.2 , Est Remaining: 370.4
92 133.7 , Est Remaining: 369.1
93 135.1 , Est Remaining: 367.7
94 136.6 , Est Remaining: 366.2
95 138.0 , Est Remaining: 364.7
96 139.5 , Est Remaining: 363.2
97 140.9 , Est Remaining: 361.7
EVENT FAILED
97 141.2 , Est Remaining: 362.5
98 142.6 , Est Remaining: 361.0
99 144.1 , Est Remaining: 359.5
100 145.5 , Est Remaining: 358.0
101 147.0 , Est Remaining: 356.5
102 148.4 , Est Remaining: 355.0
103 149.9 , Est Remaining: 353.8
104 151.4 , Est Remaining: 352.3
105 152.8 , Est Remaining: 350.8
106 154.3 , Est Remaining: 349.3
107 155.7 , Est Remaining: 347.9
108 157.2 , Est Remaining: 346.4
109 158.7 , Est Remaining: 345.0
110 160.1 , Est Remaining: 343.5
111 161.6 , Est Remaining: 342.0
112 163.0 , Est Remaining: 340.6
113 164.5 , Est Remaining: 339.1
114 165.9 , Est Remaining: 337.7
115 167.4 , Est Remaining: 336.2
116 168.8 , Est Remaining: 334.8
117 170.3 , Est Remaining: 333.3
118 171.8 , Est Remaining: 331.9
119 173.2 , Est Remaining: 330.4
120 174.7 , Est Remaining: 329.0
121 176.2 , Est Remaining: 327.6
122 177.6 , Est Remaining: 326.2
123 179.1 , Est Remaining: 324.7
124 180.6 , Est Remaining: 323.3
125 182.0 , Est Remaining: 321.8
126 183.5 , Est Remaining: 320.4
127 185.0 , Est Remaining: 319.0
128 186.4 , Est Remaining: 317.5
129 187.9 , Est Remaining: 316.1
130 189.4 , Est Remaining: 314.6
131 190.8 , Est Remaining: 313.2
132 192.3 , Est Remaining: 311.8
133 193.8 , Est Remaining: 310.3
134 195.2 , Est Remaining: 308.9
135 196.7 , Est Remaining: 307.5
136 198.2 , Est Remaining: 306.1
137 199.7 , Est Remaining: 304.7
138 201.2 , Est Remaining: 303.2
139 202.7 , Est Remaining: 301.8
140 204.1 , Est Remaining: 300.4
141 205.6 , Est Remaining: 298.9
142 207.1 , Est Remaining: 297.5
143 208.5 , Est Remaining: 296.0
144 210.0 , Est Remaining: 294.6
145 211.5 , Est Remaining: 293.1
146 212.9 , Est Remaining: 291.7
EVENT FAILED
146 213.2 , Est Remaining: 292.1
147 214.7 , Est Remaining: 290.6
148 216.1 , Est Remaining: 289.2
149 217.6 , Est Remaining: 287.7
150 219.1 , Est Remaining: 286.3
151 220.5 , Est Remaining: 284.8
152 221.9 , Est Remaining: 283.2
EVENT FAILED
152 222.2 , Est Remaining: 283.6
EVENT FAILED
152 223.1 , Est Remaining: 284.7
153 224.5 , Est Remaining: 283.2
154 225.9 , Est Remaining: 281.7
155 227.4 , Est Remaining: 280.2
156 228.8 , Est Remaining: 278.7
157 230.3 , Est Remaining: 277.2
158 231.7 , Est Remaining: 275.7
159 233.2 , Est Remaining: 274.2
160 234.6 , Est Remaining: 272.7
161 236.0 , Est Remaining: 271.2
162 237.4 , Est Remaining: 269.7
163 238.9 , Est Remaining: 268.2
164 240.3 , Est Remaining: 266.7
165 241.7 , Est Remaining: 265.2
166 243.2 , Est Remaining: 263.7
167 244.6 , Est Remaining: 262.2
EVENT FAILED
167 244.9 , Est Remaining: 262.5
168 246.3 , Est Remaining: 261.0
169 247.7 , Est Remaining: 259.5
170 249.2 , Est Remaining: 258.0
171 250.6 , Est Remaining: 256.4
172 252.0 , Est Remaining: 254.9
173 253.4 , Est Remaining: 253.4
174 254.9 , Est Remaining: 252.0
175 256.3 , Est Remaining: 250.5
176 257.7 , Est Remaining: 248.9
177 259.2 , Est Remaining: 247.4
178 260.6 , Est Remaining: 245.9
179 262.0 , Est Remaining: 244.4
180 263.4 , Est Remaining: 242.9
181 264.8 , Est Remaining: 241.4
182 266.3 , Est Remaining: 239.9
183 267.7 , Est Remaining: 238.5
184 269.1 , Est Remaining: 237.0
185 270.6 , Est Remaining: 235.5
186 272.0 , Est Remaining: 234.0
187 273.4 , Est Remaining: 232.5
188 274.8 , Est Remaining: 231.0
189 276.2 , Est Remaining: 229.5
190 277.7 , Est Remaining: 228.0
191 279.1 , Est Remaining: 226.5
192 280.5 , Est Remaining: 225.0
193 281.9 , Est Remaining: 223.5
194 283.3 , Est Remaining: 222.0
195 284.7 , Est Remaining: 220.5
196 286.1 , Est Remaining: 219.0
197 287.5 , Est Remaining: 217.5
198 288.9 , Est Remaining: 216.0
199 290.4 , Est Remaining: 214.5
200 291.8 , Est Remaining: 213.0
201 293.2 , Est Remaining: 211.5
202 294.7 , Est Remaining: 210.1
203 296.1 , Est Remaining: 208.6
204 297.5 , Est Remaining: 207.1
205 298.9 , Est Remaining: 205.6
206 300.3 , Est Remaining: 204.1
207 301.7 , Est Remaining: 202.6
208 303.1 , Est Remaining: 201.1
209 304.4 , Est Remaining: 199.6
210 305.8 , Est Remaining: 198.1
211 307.2 , Est Remaining: 196.5
212 308.6 , Est Remaining: 195.0
213 310.0 , Est Remaining: 193.5
214 311.4 , Est Remaining: 192.1
215 312.7 , Est Remaining: 190.6
216 314.1 , Est Remaining: 189.1
217 315.5 , Est Remaining: 187.6
218 316.9 , Est Remaining: 186.1
219 318.3 , Est Remaining: 184.6
220 319.7 , Est Remaining: 183.1
221 321.0 , Est Remaining: 181.6
222 322.4 , Est Remaining: 180.1
223 323.8 , Est Remaining: 178.6
224 325.2 , Est Remaining: 177.1
225 326.6 , Est Remaining: 175.7
226 328.0 , Est Remaining: 174.2
227 329.4 , Est Remaining: 172.7
228 330.8 , Est Remaining: 171.2
229 332.2 , Est Remaining: 169.7
230 333.6 , Est Remaining: 168.3
231 335.0 , Est Remaining: 166.8
232 336.4 , Est Remaining: 165.3
EVENT FAILED
232 336.7 , Est Remaining: 165.5
233 338.1 , Est Remaining: 164.0
234 339.5 , Est Remaining: 162.5
235 340.9 , Est Remaining: 161.0
236 342.3 , Est Remaining: 159.5
237 343.7 , Est Remaining: 158.1
238 345.1 , Est Remaining: 156.6
239 346.5 , Est Remaining: 155.1
240 347.8 , Est Remaining: 153.6
241 349.2 , Est Remaining: 152.2
242 350.6 , Est Remaining: 150.7
243 352.0 , Est Remaining: 149.2
244 353.4 , Est Remaining: 147.7
245 354.8 , Est Remaining: 146.3
246 356.2 , Est Remaining: 144.8
247 357.6 , Est Remaining: 143.3
248 359.0 , Est Remaining: 141.9
249 360.4 , Est Remaining: 140.4
250 361.8 , Est Remaining: 138.9
251 363.2 , Est Remaining: 137.5
252 364.6 , Est Remaining: 136.0
253 366.0 , Est Remaining: 134.5
254 367.4 , Est Remaining: 133.1
255 368.8 , Est Remaining: 131.6
256 370.2 , Est Remaining: 130.2
257 371.6 , Est Remaining: 128.7
258 373.0 , Est Remaining: 127.2
259 374.4 , Est Remaining: 125.8
260 375.8 , Est Remaining: 124.3
261 377.3 , Est Remaining: 122.9
262 378.7 , Est Remaining: 121.4
263 380.1 , Est Remaining: 120.0
264 381.5 , Est Remaining: 118.5
265 382.9 , Est Remaining: 117.0
266 384.3 , Est Remaining: 115.6
267 385.8 , Est Remaining: 114.1
268 387.3 , Est Remaining: 112.7
269 388.7 , Est Remaining: 111.3
270 390.2 , Est Remaining: 109.8
271 391.6 , Est Remaining: 108.4
272 393.1 , Est Remaining: 106.9
273 394.6 , Est Remaining: 105.5
274 396.0 , Est Remaining: 104.1
275 397.5 , Est Remaining: 102.6
276 399.0 , Est Remaining: 101.2
277 400.4 , Est Remaining: 99.7
278 401.9 , Est Remaining: 98.3
279 403.4 , Est Remaining: 96.9
280 404.8 , Est Remaining: 95.4
281 406.3 , Est Remaining: 94.0
282 407.8 , Est Remaining: 92.5
EVENT FAILED
282 408.1 , Est Remaining: 92.6
283 409.5 , Est Remaining: 91.2
284 411.0 , Est Remaining: 89.7
285 412.5 , Est Remaining: 88.3
286 413.9 , Est Remaining: 86.8
287 415.4 , Est Remaining: 85.4
288 416.8 , Est Remaining: 83.9
289 418.3 , Est Remaining: 82.5
290 419.8 , Est Remaining: 81.1
291 421.3 , Est Remaining: 79.6
292 422.8 , Est Remaining: 78.2
293 424.3 , Est Remaining: 76.7
294 425.7 , Est Remaining: 75.3
295 427.2 , Est Remaining: 73.9
296 428.7 , Est Remaining: 72.4
297 430.2 , Est Remaining: 71.0
298 431.6 , Est Remaining: 69.5
299 433.1 , Est Remaining: 68.1
300 434.6 , Est Remaining: 66.6
301 436.1 , Est Remaining: 65.2
302 437.7 , Est Remaining: 63.8
303 439.2 , Est Remaining: 62.3
304 440.7 , Est Remaining: 60.9
305 442.1 , Est Remaining: 59.4
306 443.6 , Est Remaining: 58.0
307 445.1 , Est Remaining: 56.5
308 446.5 , Est Remaining: 55.1
309 448.0 , Est Remaining: 53.6
310 449.5 , Est Remaining: 52.2
311 451.0 , Est Remaining: 50.8
312 452.4 , Est Remaining: 49.3
313 453.9 , Est Remaining: 47.9
314 455.3 , Est Remaining: 46.4
315 456.8 , Est Remaining: 45.0
316 458.2 , Est Remaining: 43.5
317 459.6 , Est Remaining: 42.0
318 461.1 , Est Remaining: 40.6
319 462.6 , Est Remaining: 39.2
320 464.0 , Est Remaining: 37.7
321 465.5 , Est Remaining: 36.3
322 466.9 , Est Remaining: 34.8
323 468.3 , Est Remaining: 33.3
324 469.8 , Est Remaining: 31.9
325 471.2 , Est Remaining: 30.4
326 472.6 , Est Remaining: 29.0
327 474.1 , Est Remaining: 27.5
328 475.5 , Est Remaining: 26.1
329 476.9 , Est Remaining: 24.6
330 478.4 , Est Remaining: 23.2
331 479.8 , Est Remaining: 21.7
332 481.2 , Est Remaining: 20.3
333 482.6 , Est Remaining: 18.8
334 484.1 , Est Remaining: 17.4
