Note: NumExpr detected 32 cores but "NUMEXPR_MAX_THREADS" not set, so enforcing safe limit of 8.
Using selector: EpollSelector
/n/home02/jhaefner/miniconda/envs/IC-3.7-2020-06-16/lib/python3.7/site-packages/scipy/optimize/minpack.py:808: OptimizeWarning: Covariance of the parameters could not be estimated
  category=OptimizeWarning)
Total rwfs: 346
0 0.0 , Est Remaining: 999999.9
1 1.5 , Est Remaining: 531.4
2 3.1 , Est Remaining: 525.6
3 4.6 , Est Remaining: 526.0
4 6.1 , Est Remaining: 522.1
5 7.6 , Est Remaining: 518.6
6 9.1 , Est Remaining: 515.9
7 10.6 , Est Remaining: 512.2
8 12.1 , Est Remaining: 509.4
9 13.5 , Est Remaining: 507.0
10 15.0 , Est Remaining: 505.4
11 16.5 , Est Remaining: 503.3
12 18.0 , Est Remaining: 501.3
13 19.5 , Est Remaining: 499.0
14 21.0 , Est Remaining: 497.1
15 22.4 , Est Remaining: 495.3
16 23.9 , Est Remaining: 492.9
17 25.3 , Est Remaining: 490.5
18 26.8 , Est Remaining: 488.7
EVENT FAILED
18 27.2 , Est Remaining: 494.7
19 28.6 , Est Remaining: 492.0
20 30.0 , Est Remaining: 489.4
21 31.5 , Est Remaining: 487.3
22 33.0 , Est Remaining: 485.3
23 34.4 , Est Remaining: 482.9
24 35.8 , Est Remaining: 480.8
25 37.3 , Est Remaining: 478.6
26 38.7 , Est Remaining: 476.6
27 40.2 , Est Remaining: 474.5
28 41.6 , Est Remaining: 472.3
29 43.0 , Est Remaining: 470.4
30 44.5 , Est Remaining: 468.5
31 45.9 , Est Remaining: 466.6
32 47.4 , Est Remaining: 464.7
33 48.8 , Est Remaining: 463.3
34 50.3 , Est Remaining: 461.4
35 51.7 , Est Remaining: 459.6
36 53.2 , Est Remaining: 457.9
37 54.6 , Est Remaining: 456.0
38 56.0 , Est Remaining: 454.1
39 57.4 , Est Remaining: 452.1
40 58.9 , Est Remaining: 450.2
41 60.3 , Est Remaining: 448.3
42 61.7 , Est Remaining: 446.5
43 63.1 , Est Remaining: 444.6
44 64.5 , Est Remaining: 442.7
45 65.9 , Est Remaining: 440.8
46 67.3 , Est Remaining: 438.9
47 68.7 , Est Remaining: 437.0
48 70.1 , Est Remaining: 435.1
49 71.5 , Est Remaining: 433.2
50 72.9 , Est Remaining: 431.5
51 74.3 , Est Remaining: 429.6
52 75.7 , Est Remaining: 427.8
53 77.0 , Est Remaining: 425.9
54 78.4 , Est Remaining: 424.1
55 79.8 , Est Remaining: 422.2
56 81.2 , Est Remaining: 420.4
57 82.6 , Est Remaining: 418.7
58 83.9 , Est Remaining: 416.8
59 85.3 , Est Remaining: 415.0
60 86.7 , Est Remaining: 413.2
61 88.0 , Est Remaining: 411.4
62 89.4 , Est Remaining: 409.6
63 90.8 , Est Remaining: 407.7
64 92.1 , Est Remaining: 405.9
65 93.5 , Est Remaining: 404.1
66 94.8 , Est Remaining: 402.3
EVENT FAILED
66 95.1 , Est Remaining: 403.6
67 96.5 , Est Remaining: 401.7
68 97.8 , Est Remaining: 399.9
69 99.2 , Est Remaining: 398.1
70 100.5 , Est Remaining: 396.2
71 102.0 , Est Remaining: 395.2
72 103.4 , Est Remaining: 393.4
73 104.7 , Est Remaining: 391.6
74 106.1 , Est Remaining: 389.8
EVENT FAILED
74 106.4 , Est Remaining: 390.9
75 107.7 , Est Remaining: 389.1
76 109.0 , Est Remaining: 387.4
77 110.4 , Est Remaining: 385.6
78 111.7 , Est Remaining: 383.9
79 113.0 , Est Remaining: 382.1
80 114.4 , Est Remaining: 380.4
81 115.7 , Est Remaining: 378.7
82 117.1 , Est Remaining: 376.9
83 118.4 , Est Remaining: 375.2
84 119.7 , Est Remaining: 373.5
85 121.1 , Est Remaining: 371.8
86 122.4 , Est Remaining: 370.1
87 123.8 , Est Remaining: 368.4
88 125.1 , Est Remaining: 366.7
89 126.4 , Est Remaining: 365.0
90 127.7 , Est Remaining: 363.4
91 129.1 , Est Remaining: 361.7
92 130.4 , Est Remaining: 360.1
93 131.7 , Est Remaining: 358.4
94 133.1 , Est Remaining: 356.8
95 134.4 , Est Remaining: 355.1
96 135.7 , Est Remaining: 353.5
97 137.1 , Est Remaining: 351.9
98 138.4 , Est Remaining: 350.2
99 139.7 , Est Remaining: 348.6
100 141.1 , Est Remaining: 347.0
101 142.4 , Est Remaining: 345.4
102 143.8 , Est Remaining: 344.0
103 145.2 , Est Remaining: 342.5
104 146.5 , Est Remaining: 340.9
105 147.9 , Est Remaining: 339.4
106 149.2 , Est Remaining: 337.9
107 150.6 , Est Remaining: 336.3
108 151.9 , Est Remaining: 334.8
109 153.3 , Est Remaining: 333.3
110 154.6 , Est Remaining: 331.8
111 156.0 , Est Remaining: 330.3
112 157.4 , Est Remaining: 328.8
113 158.7 , Est Remaining: 327.3
114 160.1 , Est Remaining: 325.9
115 161.5 , Est Remaining: 324.4
116 162.9 , Est Remaining: 323.0
117 164.3 , Est Remaining: 321.5
118 165.7 , Est Remaining: 320.1
119 167.0 , Est Remaining: 318.7
120 168.4 , Est Remaining: 317.2
121 169.8 , Est Remaining: 315.7
122 171.2 , Est Remaining: 314.3
123 172.6 , Est Remaining: 312.9
124 174.0 , Est Remaining: 311.5
125 175.4 , Est Remaining: 310.1
126 176.8 , Est Remaining: 308.7
127 178.2 , Est Remaining: 307.3
128 179.6 , Est Remaining: 305.9
129 181.0 , Est Remaining: 304.4
130 182.4 , Est Remaining: 303.0
EVENT FAILED
130 182.7 , Est Remaining: 303.5
131 184.1 , Est Remaining: 302.1
132 185.5 , Est Remaining: 300.8
133 186.9 , Est Remaining: 299.4
134 188.4 , Est Remaining: 298.0
135 189.8 , Est Remaining: 296.7
136 191.2 , Est Remaining: 295.3
137 192.7 , Est Remaining: 293.9
138 194.1 , Est Remaining: 292.5
139 195.5 , Est Remaining: 291.2
EVENT FAILED
139 195.8 , Est Remaining: 291.6
140 197.3 , Est Remaining: 290.3
141 198.7 , Est Remaining: 288.9
142 200.2 , Est Remaining: 287.6
EVENT FAILED
142 200.5 , Est Remaining: 288.0
143 201.9 , Est Remaining: 286.6
144 203.4 , Est Remaining: 285.3
145 204.8 , Est Remaining: 283.9
EVENT FAILED
145 205.1 , Est Remaining: 284.3
146 206.5 , Est Remaining: 282.9
147 207.9 , Est Remaining: 281.5
148 209.4 , Est Remaining: 280.1
149 210.8 , Est Remaining: 278.7
150 212.2 , Est Remaining: 277.3
151 213.7 , Est Remaining: 275.9
152 215.1 , Est Remaining: 274.5
153 216.6 , Est Remaining: 273.2
154 218.0 , Est Remaining: 271.8
155 219.5 , Est Remaining: 270.4
156 220.9 , Est Remaining: 269.1
157 222.4 , Est Remaining: 267.7
158 223.8 , Est Remaining: 266.3
159 225.2 , Est Remaining: 264.9
160 226.7 , Est Remaining: 263.6
161 228.1 , Est Remaining: 262.1
162 229.6 , Est Remaining: 260.8
163 231.0 , Est Remaining: 259.4
164 232.5 , Est Remaining: 258.0
165 233.9 , Est Remaining: 256.6
166 235.4 , Est Remaining: 255.2
167 236.8 , Est Remaining: 253.8
168 238.2 , Est Remaining: 252.4
169 239.6 , Est Remaining: 251.0
170 241.1 , Est Remaining: 249.6
171 242.5 , Est Remaining: 248.2
172 243.9 , Est Remaining: 246.8
173 245.4 , Est Remaining: 245.4
174 246.8 , Est Remaining: 244.0
175 248.3 , Est Remaining: 242.6
176 249.7 , Est Remaining: 241.2
177 251.1 , Est Remaining: 239.8
178 252.6 , Est Remaining: 238.4
179 254.0 , Est Remaining: 237.0
180 255.5 , Est Remaining: 235.6
181 256.9 , Est Remaining: 234.2
182 258.3 , Est Remaining: 232.8
183 259.8 , Est Remaining: 231.4
184 261.2 , Est Remaining: 230.0
185 262.6 , Est Remaining: 228.5
186 264.1 , Est Remaining: 227.1
187 265.5 , Est Remaining: 225.7
188 266.9 , Est Remaining: 224.3
189 268.4 , Est Remaining: 222.9
190 269.8 , Est Remaining: 221.5
191 271.2 , Est Remaining: 220.1
192 272.6 , Est Remaining: 218.7
193 274.1 , Est Remaining: 217.3
EVENT FAILED
193 274.4 , Est Remaining: 217.5
194 275.8 , Est Remaining: 216.1
195 277.3 , Est Remaining: 214.7
196 278.7 , Est Remaining: 213.3
197 280.2 , Est Remaining: 211.9
198 281.6 , Est Remaining: 210.5
199 283.1 , Est Remaining: 209.1
200 284.5 , Est Remaining: 207.7
201 286.0 , Est Remaining: 206.3
202 287.5 , Est Remaining: 205.0
203 289.0 , Est Remaining: 203.6
204 290.4 , Est Remaining: 202.1
205 291.9 , Est Remaining: 200.7
206 293.3 , Est Remaining: 199.3
EVENT FAILED
206 293.6 , Est Remaining: 199.5
207 295.1 , Est Remaining: 198.1
208 296.5 , Est Remaining: 196.7
209 298.0 , Est Remaining: 195.3
210 299.4 , Est Remaining: 193.9
211 300.9 , Est Remaining: 192.5
212 302.3 , Est Remaining: 191.1
213 303.7 , Est Remaining: 189.7
214 305.2 , Est Remaining: 188.3
215 306.6 , Est Remaining: 186.8
216 308.1 , Est Remaining: 185.4
217 309.5 , Est Remaining: 184.0
218 310.9 , Est Remaining: 182.6
219 312.4 , Est Remaining: 181.2
220 313.8 , Est Remaining: 179.7
221 315.2 , Est Remaining: 178.3
222 316.7 , Est Remaining: 176.9
EVENT FAILED
222 317.0 , Est Remaining: 177.1
223 318.4 , Est Remaining: 175.6
224 319.9 , Est Remaining: 174.2
225 321.3 , Est Remaining: 172.8
226 322.7 , Est Remaining: 171.4
227 324.2 , Est Remaining: 169.9
228 325.6 , Est Remaining: 168.5
229 327.0 , Est Remaining: 167.1
230 328.5 , Est Remaining: 165.7
231 329.9 , Est Remaining: 164.2
232 331.3 , Est Remaining: 162.8
233 332.7 , Est Remaining: 161.4
234 334.2 , Est Remaining: 160.0
235 335.6 , Est Remaining: 158.5
236 337.1 , Est Remaining: 157.1
237 338.5 , Est Remaining: 155.7
238 339.9 , Est Remaining: 154.3
239 341.3 , Est Remaining: 152.8
240 342.8 , Est Remaining: 151.4
241 344.2 , Est Remaining: 150.0
EVENT FAILED
241 344.6 , Est Remaining: 150.1
242 346.0 , Est Remaining: 148.7
243 347.4 , Est Remaining: 147.3
244 348.9 , Est Remaining: 145.8
EVENT FAILED
244 349.2 , Est Remaining: 146.0
245 350.6 , Est Remaining: 144.5
246 352.0 , Est Remaining: 143.1
247 353.5 , Est Remaining: 141.7
EVENT FAILED
247 353.8 , Est Remaining: 141.8
248 355.2 , Est Remaining: 140.4
249 356.6 , Est Remaining: 138.9
250 358.1 , Est Remaining: 137.5
251 359.5 , Est Remaining: 136.1
252 360.9 , Est Remaining: 134.6
253 362.3 , Est Remaining: 133.2
254 363.7 , Est Remaining: 131.7
255 365.1 , Est Remaining: 130.3
256 366.5 , Est Remaining: 128.8
257 367.9 , Est Remaining: 127.4
258 369.3 , Est Remaining: 126.0
259 370.7 , Est Remaining: 124.5
260 372.1 , Est Remaining: 123.1
261 373.5 , Est Remaining: 121.6
262 374.9 , Est Remaining: 120.2
263 376.3 , Est Remaining: 118.8
264 377.7 , Est Remaining: 117.3
265 379.1 , Est Remaining: 115.9
266 380.5 , Est Remaining: 114.4
267 381.9 , Est Remaining: 113.0
268 383.4 , Est Remaining: 111.6
269 384.8 , Est Remaining: 110.1
270 386.1 , Est Remaining: 108.7
271 387.5 , Est Remaining: 107.3
272 389.0 , Est Remaining: 105.8
273 390.3 , Est Remaining: 104.4
274 391.7 , Est Remaining: 102.9
275 393.1 , Est Remaining: 101.5
276 394.5 , Est Remaining: 100.0
277 395.8 , Est Remaining: 98.6
278 397.2 , Est Remaining: 97.2
279 398.6 , Est Remaining: 95.7
280 400.0 , Est Remaining: 94.3
281 401.4 , Est Remaining: 92.8
282 402.8 , Est Remaining: 91.4
283 404.2 , Est Remaining: 90.0
284 405.5 , Est Remaining: 88.5
285 406.9 , Est Remaining: 87.1
286 408.3 , Est Remaining: 85.7
287 409.7 , Est Remaining: 84.2
288 411.0 , Est Remaining: 82.8
289 412.4 , Est Remaining: 81.3
290 413.8 , Est Remaining: 79.9
291 415.2 , Est Remaining: 78.5
292 416.5 , Est Remaining: 77.0
293 417.9 , Est Remaining: 75.6
294 419.3 , Est Remaining: 74.2
EVENT FAILED
294 419.6 , Est Remaining: 74.2
295 421.0 , Est Remaining: 72.8
296 422.3 , Est Remaining: 71.3
297 423.7 , Est Remaining: 69.9
298 425.1 , Est Remaining: 68.5
299 426.5 , Est Remaining: 67.0
300 427.9 , Est Remaining: 65.6
301 429.3 , Est Remaining: 64.2
302 430.8 , Est Remaining: 62.8
303 432.2 , Est Remaining: 61.3
304 433.5 , Est Remaining: 59.9
305 434.9 , Est Remaining: 58.5
306 436.3 , Est Remaining: 57.0
307 437.7 , Est Remaining: 55.6
308 439.0 , Est Remaining: 54.2
309 440.4 , Est Remaining: 52.7
310 441.8 , Est Remaining: 51.3
311 443.2 , Est Remaining: 49.9
312 444.6 , Est Remaining: 48.4
313 446.0 , Est Remaining: 47.0
314 447.3 , Est Remaining: 45.6
315 448.7 , Est Remaining: 44.2
316 450.1 , Est Remaining: 42.7
317 451.5 , Est Remaining: 41.3
318 452.9 , Est Remaining: 39.9
319 454.3 , Est Remaining: 38.5
320 455.7 , Est Remaining: 37.0
321 457.2 , Est Remaining: 35.6
322 458.6 , Est Remaining: 34.2
323 460.0 , Est Remaining: 32.8
324 461.4 , Est Remaining: 31.3
325 462.8 , Est Remaining: 29.9
326 464.2 , Est Remaining: 28.5
327 465.7 , Est Remaining: 27.1
328 467.1 , Est Remaining: 25.6
329 468.5 , Est Remaining: 24.2
330 469.9 , Est Remaining: 22.8
331 471.4 , Est Remaining: 21.4
