Note: NumExpr detected 32 cores but "NUMEXPR_MAX_THREADS" not set, so enforcing safe limit of 8.
Using selector: EpollSelector
/n/home02/jhaefner/miniconda/envs/IC-3.7-2020-06-16/lib/python3.7/site-packages/scipy/optimize/minpack.py:808: OptimizeWarning: Covariance of the parameters could not be estimated
  category=OptimizeWarning)
Total rwfs: 346
0 0.0 , Est Remaining: 999999.9
1 1.4 , Est Remaining: 493.9
2 2.8 , Est Remaining: 488.4
3 4.3 , Est Remaining: 486.1
4 5.6 , Est Remaining: 480.9
5 7.0 , Est Remaining: 476.1
6 8.4 , Est Remaining: 473.5
7 9.7 , Est Remaining: 471.5
EVENT FAILED
7 10.1 , Est Remaining: 486.7
8 11.4 , Est Remaining: 482.3
9 12.8 , Est Remaining: 478.2
10 14.1 , Est Remaining: 475.1
11 15.5 , Est Remaining: 471.9
12 16.9 , Est Remaining: 469.6
13 18.2 , Est Remaining: 467.4
14 19.6 , Est Remaining: 465.0
15 21.0 , Est Remaining: 462.6
16 22.3 , Est Remaining: 460.0
17 23.6 , Est Remaining: 457.6
18 25.0 , Est Remaining: 455.4
19 26.3 , Est Remaining: 453.2
20 27.7 , Est Remaining: 451.3
21 29.0 , Est Remaining: 449.4
22 30.4 , Est Remaining: 447.7
23 31.8 , Est Remaining: 446.2
24 33.1 , Est Remaining: 444.5
25 34.5 , Est Remaining: 442.7
26 35.8 , Est Remaining: 441.1
EVENT FAILED
26 36.1 , Est Remaining: 444.7
27 37.5 , Est Remaining: 442.9
28 38.8 , Est Remaining: 441.0
29 40.2 , Est Remaining: 439.1
30 41.5 , Est Remaining: 437.3
31 42.9 , Est Remaining: 435.6
32 44.2 , Est Remaining: 434.0
33 45.6 , Est Remaining: 432.3
34 46.9 , Est Remaining: 430.6
EVENT FAILED
34 47.2 , Est Remaining: 433.3
35 48.6 , Est Remaining: 431.6
36 49.9 , Est Remaining: 429.8
37 51.3 , Est Remaining: 428.1
38 52.6 , Est Remaining: 426.7
39 54.0 , Est Remaining: 425.1
EVENT FAILED
39 54.3 , Est Remaining: 427.4
40 55.7 , Est Remaining: 425.8
41 57.0 , Est Remaining: 424.0
42 58.4 , Est Remaining: 422.4
43 59.7 , Est Remaining: 420.9
44 61.1 , Est Remaining: 419.3
45 62.5 , Est Remaining: 417.8
46 63.8 , Est Remaining: 416.2
47 65.2 , Est Remaining: 414.7
48 66.6 , Est Remaining: 413.2
49 67.9 , Est Remaining: 411.7
50 69.3 , Est Remaining: 410.2
51 70.6 , Est Remaining: 408.6
52 72.0 , Est Remaining: 407.2
53 73.3 , Est Remaining: 405.5
54 74.7 , Est Remaining: 404.1
55 76.1 , Est Remaining: 402.6
56 77.5 , Est Remaining: 401.2
EVENT FAILED
56 77.8 , Est Remaining: 402.7
57 79.1 , Est Remaining: 401.2
58 80.5 , Est Remaining: 399.8
59 81.9 , Est Remaining: 398.3
60 83.3 , Est Remaining: 396.9
61 84.7 , Est Remaining: 395.5
62 86.1 , Est Remaining: 394.2
63 87.4 , Est Remaining: 392.8
64 88.8 , Est Remaining: 391.4
65 90.3 , Est Remaining: 390.2
66 91.7 , Est Remaining: 388.9
67 93.1 , Est Remaining: 387.5
68 94.5 , Est Remaining: 386.2
69 95.9 , Est Remaining: 384.9
70 97.3 , Est Remaining: 383.6
71 98.7 , Est Remaining: 382.3
72 100.1 , Est Remaining: 381.0
73 101.5 , Est Remaining: 379.7
74 102.9 , Est Remaining: 378.4
75 104.4 , Est Remaining: 377.1
76 105.8 , Est Remaining: 375.9
77 107.2 , Est Remaining: 374.6
78 108.6 , Est Remaining: 373.3
79 110.1 , Est Remaining: 372.1
80 111.5 , Est Remaining: 370.8
81 112.9 , Est Remaining: 369.5
82 114.4 , Est Remaining: 368.2
83 115.8 , Est Remaining: 366.9
84 117.4 , Est Remaining: 366.2
85 118.8 , Est Remaining: 364.9
86 120.3 , Est Remaining: 363.7
87 121.7 , Est Remaining: 362.4
88 123.2 , Est Remaining: 361.1
89 124.6 , Est Remaining: 359.7
90 126.0 , Est Remaining: 358.4
91 127.4 , Est Remaining: 357.1
92 128.9 , Est Remaining: 355.8
93 130.3 , Est Remaining: 354.4
94 131.7 , Est Remaining: 353.1
95 133.1 , Est Remaining: 351.8
96 134.6 , Est Remaining: 350.4
97 136.0 , Est Remaining: 349.1
98 137.4 , Est Remaining: 347.8
99 138.9 , Est Remaining: 346.5
100 140.3 , Est Remaining: 345.1
101 141.7 , Est Remaining: 343.8
102 143.2 , Est Remaining: 342.6
103 144.7 , Est Remaining: 341.3
104 146.1 , Est Remaining: 339.9
EVENT FAILED
104 146.9 , Est Remaining: 341.8
105 148.3 , Est Remaining: 340.3
106 149.7 , Est Remaining: 339.0
107 151.1 , Est Remaining: 337.5
108 152.5 , Est Remaining: 336.1
109 154.0 , Est Remaining: 334.7
110 155.4 , Est Remaining: 333.4
111 156.8 , Est Remaining: 332.1
112 158.3 , Est Remaining: 330.7
113 159.7 , Est Remaining: 329.4
114 161.2 , Est Remaining: 328.1
115 162.7 , Est Remaining: 326.8
116 164.1 , Est Remaining: 325.4
117 165.6 , Est Remaining: 324.1
118 167.0 , Est Remaining: 322.8
119 168.5 , Est Remaining: 321.4
EVENT FAILED
119 168.8 , Est Remaining: 322.0
120 170.2 , Est Remaining: 320.6
121 171.7 , Est Remaining: 319.3
122 173.1 , Est Remaining: 317.9
123 174.6 , Est Remaining: 316.5
124 176.0 , Est Remaining: 315.1
125 177.4 , Est Remaining: 313.7
126 178.9 , Est Remaining: 312.3
127 180.3 , Est Remaining: 311.0
128 181.8 , Est Remaining: 309.6
129 183.2 , Est Remaining: 308.2
130 184.7 , Est Remaining: 306.8
131 186.1 , Est Remaining: 305.4
132 187.5 , Est Remaining: 304.0
133 189.0 , Est Remaining: 302.6
134 190.4 , Est Remaining: 301.2
135 191.8 , Est Remaining: 299.9
136 193.3 , Est Remaining: 298.4
137 194.7 , Est Remaining: 297.0
138 196.2 , Est Remaining: 295.7
139 197.6 , Est Remaining: 294.3
140 199.0 , Est Remaining: 292.9
141 200.5 , Est Remaining: 291.5
142 201.9 , Est Remaining: 290.1
143 203.4 , Est Remaining: 288.7
144 204.8 , Est Remaining: 287.3
145 206.3 , Est Remaining: 285.9
146 207.7 , Est Remaining: 284.6
147 209.2 , Est Remaining: 283.2
148 210.6 , Est Remaining: 281.8
149 212.1 , Est Remaining: 280.4
150 213.5 , Est Remaining: 279.0
151 215.0 , Est Remaining: 277.6
152 216.4 , Est Remaining: 276.3
153 217.9 , Est Remaining: 274.9
154 219.3 , Est Remaining: 273.5
155 220.8 , Est Remaining: 272.1
156 222.2 , Est Remaining: 270.7
157 223.7 , Est Remaining: 269.3
158 225.1 , Est Remaining: 267.9
159 226.6 , Est Remaining: 266.5
160 228.0 , Est Remaining: 265.1
161 229.4 , Est Remaining: 263.6
162 230.9 , Est Remaining: 262.2
163 232.3 , Est Remaining: 260.8
164 233.7 , Est Remaining: 259.4
165 235.2 , Est Remaining: 258.0
166 236.6 , Est Remaining: 256.6
EVENT FAILED
166 237.5 , Est Remaining: 257.6
167 239.0 , Est Remaining: 256.1
168 240.4 , Est Remaining: 254.7
169 241.9 , Est Remaining: 253.3
170 243.3 , Est Remaining: 251.9
EVENT FAILED
170 243.6 , Est Remaining: 252.2
EVENT FAILED
170 243.9 , Est Remaining: 252.5
171 245.4 , Est Remaining: 251.1
172 246.9 , Est Remaining: 249.7
173 248.3 , Est Remaining: 248.3
174 249.8 , Est Remaining: 246.9
175 251.2 , Est Remaining: 245.5
176 252.7 , Est Remaining: 244.1
177 254.1 , Est Remaining: 242.7
178 255.6 , Est Remaining: 241.2
179 257.0 , Est Remaining: 239.8
180 258.5 , Est Remaining: 238.4
181 259.9 , Est Remaining: 237.0
182 261.4 , Est Remaining: 235.5
183 262.9 , Est Remaining: 234.1
184 264.3 , Est Remaining: 232.7
185 265.8 , Est Remaining: 231.3
186 267.3 , Est Remaining: 229.9
187 268.7 , Est Remaining: 228.5
188 270.2 , Est Remaining: 227.1
189 271.6 , Est Remaining: 225.6
190 273.1 , Est Remaining: 224.2
191 274.5 , Est Remaining: 222.8
192 276.0 , Est Remaining: 221.3
193 277.4 , Est Remaining: 219.9
194 278.9 , Est Remaining: 218.5
195 280.3 , Est Remaining: 217.1
196 281.7 , Est Remaining: 215.6
197 283.2 , Est Remaining: 214.2
198 284.6 , Est Remaining: 212.7
199 286.0 , Est Remaining: 211.3
200 287.5 , Est Remaining: 209.8
201 289.0 , Est Remaining: 208.5
202 290.5 , Est Remaining: 207.1
203 291.9 , Est Remaining: 205.6
204 293.4 , Est Remaining: 204.2
205 294.8 , Est Remaining: 202.8
206 296.2 , Est Remaining: 201.3
207 297.6 , Est Remaining: 199.9
208 299.1 , Est Remaining: 198.4
209 300.5 , Est Remaining: 197.0
210 301.9 , Est Remaining: 195.5
211 303.4 , Est Remaining: 194.1
212 304.8 , Est Remaining: 192.7
213 306.3 , Est Remaining: 191.2
214 307.7 , Est Remaining: 189.8
215 309.1 , Est Remaining: 188.4
216 310.6 , Est Remaining: 186.9
217 312.0 , Est Remaining: 185.5
EVENT FAILED
217 312.3 , Est Remaining: 185.7
218 313.8 , Est Remaining: 184.2
219 315.2 , Est Remaining: 182.8
220 316.7 , Est Remaining: 181.4
221 318.1 , Est Remaining: 179.9
222 319.6 , Est Remaining: 178.5
223 321.0 , Est Remaining: 177.1
224 322.5 , Est Remaining: 175.6
225 323.9 , Est Remaining: 174.2
226 325.4 , Est Remaining: 172.8
227 326.8 , Est Remaining: 171.3
228 328.3 , Est Remaining: 169.9
229 329.7 , Est Remaining: 168.5
230 331.2 , Est Remaining: 167.0
231 332.6 , Est Remaining: 165.6
232 334.0 , Est Remaining: 164.1
233 335.5 , Est Remaining: 162.7
234 336.9 , Est Remaining: 161.3
235 338.4 , Est Remaining: 159.8
236 339.8 , Est Remaining: 158.4
237 341.3 , Est Remaining: 156.9
238 342.7 , Est Remaining: 155.5
239 344.1 , Est Remaining: 154.1
240 345.6 , Est Remaining: 152.6
241 347.0 , Est Remaining: 151.2
242 348.5 , Est Remaining: 149.8
243 349.9 , Est Remaining: 148.3
244 351.3 , Est Remaining: 146.9
245 352.8 , Est Remaining: 145.4
246 354.2 , Est Remaining: 144.0
247 355.7 , Est Remaining: 142.6
248 357.1 , Est Remaining: 141.1
249 358.6 , Est Remaining: 139.7
250 360.0 , Est Remaining: 138.2
251 361.4 , Est Remaining: 136.8
252 362.9 , Est Remaining: 135.4
253 364.3 , Est Remaining: 133.9
254 365.8 , Est Remaining: 132.5
255 367.2 , Est Remaining: 131.1
256 368.7 , Est Remaining: 129.6
257 370.2 , Est Remaining: 128.2
258 371.6 , Est Remaining: 126.8
259 373.1 , Est Remaining: 125.3
260 374.5 , Est Remaining: 123.9
261 376.0 , Est Remaining: 122.4
262 377.5 , Est Remaining: 121.0
263 378.9 , Est Remaining: 119.6
264 380.4 , Est Remaining: 118.1
265 381.8 , Est Remaining: 116.7
266 383.3 , Est Remaining: 115.3
EVENT FAILED
266 383.6 , Est Remaining: 115.4
267 385.0 , Est Remaining: 113.9
268 386.5 , Est Remaining: 112.5
269 388.0 , Est Remaining: 111.1
270 389.4 , Est Remaining: 109.6
EVENT FAILED
270 389.7 , Est Remaining: 109.7
271 391.2 , Est Remaining: 108.3
272 392.7 , Est Remaining: 106.8
273 394.1 , Est Remaining: 105.4
274 395.6 , Est Remaining: 104.0
EVENT FAILED
274 395.9 , Est Remaining: 104.0
275 397.3 , Est Remaining: 102.6
276 398.8 , Est Remaining: 101.1
277 400.2 , Est Remaining: 99.7
278 401.7 , Est Remaining: 98.2
279 403.1 , Est Remaining: 96.8
280 404.6 , Est Remaining: 95.4
281 406.0 , Est Remaining: 93.9
282 407.5 , Est Remaining: 92.5
283 408.9 , Est Remaining: 91.0
284 410.4 , Est Remaining: 89.6
285 411.8 , Est Remaining: 88.1
286 413.3 , Est Remaining: 86.7
287 414.8 , Est Remaining: 85.3
288 416.2 , Est Remaining: 83.8
289 417.7 , Est Remaining: 82.4
290 419.1 , Est Remaining: 80.9
291 420.6 , Est Remaining: 79.5
292 422.0 , Est Remaining: 78.0
293 423.5 , Est Remaining: 76.6
294 424.9 , Est Remaining: 75.2
295 426.3 , Est Remaining: 73.7
296 427.8 , Est Remaining: 72.3
297 429.2 , Est Remaining: 70.8
298 430.7 , Est Remaining: 69.4
299 432.1 , Est Remaining: 67.9
300 433.5 , Est Remaining: 66.5
301 435.2 , Est Remaining: 65.1
302 436.6 , Est Remaining: 63.6
303 438.0 , Est Remaining: 62.2
304 439.4 , Est Remaining: 60.7
305 440.9 , Est Remaining: 59.3
EVENT FAILED
305 441.2 , Est Remaining: 59.3
306 442.5 , Est Remaining: 57.8
307 444.0 , Est Remaining: 56.4
308 445.4 , Est Remaining: 55.0
309 446.8 , Est Remaining: 53.5
310 448.3 , Est Remaining: 52.1
311 449.8 , Est Remaining: 50.6
312 451.2 , Est Remaining: 49.2
313 452.7 , Est Remaining: 47.7
314 454.1 , Est Remaining: 46.3
315 455.5 , Est Remaining: 44.8
316 457.0 , Est Remaining: 43.4
317 458.4 , Est Remaining: 41.9
318 459.9 , Est Remaining: 40.5
319 461.3 , Est Remaining: 39.0
320 462.8 , Est Remaining: 37.6
321 464.2 , Est Remaining: 36.2
322 465.7 , Est Remaining: 34.7
323 467.1 , Est Remaining: 33.3
324 468.6 , Est Remaining: 31.8
325 470.0 , Est Remaining: 30.4
326 471.5 , Est Remaining: 28.9
327 472.9 , Est Remaining: 27.5
328 474.3 , Est Remaining: 26.0
329 475.7 , Est Remaining: 24.6
330 477.1 , Est Remaining: 23.1
