Note: NumExpr detected 32 cores but "NUMEXPR_MAX_THREADS" not set, so enforcing safe limit of 8.
Using selector: EpollSelector
/n/home02/jhaefner/miniconda/envs/IC-3.7-2020-06-16/lib/python3.7/site-packages/scipy/optimize/minpack.py:808: OptimizeWarning: Covariance of the parameters could not be estimated
  category=OptimizeWarning)
Total rwfs: 346
0 0.0 , Est Remaining: 999999.9
1 1.5 , Est Remaining: 503.7
2 2.9 , Est Remaining: 504.1
3 4.4 , Est Remaining: 507.4
4 5.9 , Est Remaining: 505.2
5 7.4 , Est Remaining: 501.8
6 8.8 , Est Remaining: 499.5
7 10.3 , Est Remaining: 497.6
8 11.7 , Est Remaining: 496.3
9 13.2 , Est Remaining: 495.2
10 14.7 , Est Remaining: 494.7
11 16.2 , Est Remaining: 492.3
12 17.6 , Est Remaining: 490.0
13 19.0 , Est Remaining: 487.6
14 20.5 , Est Remaining: 486.1
15 21.9 , Est Remaining: 484.2
16 23.4 , Est Remaining: 482.2
17 24.8 , Est Remaining: 480.6
18 26.3 , Est Remaining: 479.0
19 27.8 , Est Remaining: 477.7
20 29.2 , Est Remaining: 475.8
21 30.6 , Est Remaining: 473.9
22 32.1 , Est Remaining: 472.2
23 33.5 , Est Remaining: 470.3
24 34.9 , Est Remaining: 468.5
25 36.4 , Est Remaining: 466.9
26 37.8 , Est Remaining: 465.3
27 39.3 , Est Remaining: 463.8
28 40.7 , Est Remaining: 462.1
29 42.1 , Est Remaining: 460.4
30 43.6 , Est Remaining: 458.8
31 45.0 , Est Remaining: 457.4
32 46.5 , Est Remaining: 456.0
33 48.0 , Est Remaining: 454.9
34 49.4 , Est Remaining: 453.6
35 50.9 , Est Remaining: 452.0
36 52.3 , Est Remaining: 450.4
37 53.8 , Est Remaining: 448.9
EVENT FAILED
37 54.1 , Est Remaining: 451.5
38 55.5 , Est Remaining: 450.0
39 57.0 , Est Remaining: 448.4
40 58.4 , Est Remaining: 446.8
41 59.9 , Est Remaining: 445.3
42 61.3 , Est Remaining: 443.7
43 62.7 , Est Remaining: 442.1
44 64.2 , Est Remaining: 440.4
45 65.6 , Est Remaining: 438.9
46 67.0 , Est Remaining: 437.1
47 68.4 , Est Remaining: 435.3
48 69.9 , Est Remaining: 433.7
49 71.3 , Est Remaining: 432.1
50 72.7 , Est Remaining: 430.5
51 74.1 , Est Remaining: 428.9
52 75.6 , Est Remaining: 427.3
53 77.0 , Est Remaining: 425.8
54 78.5 , Est Remaining: 424.4
55 79.9 , Est Remaining: 423.0
56 81.4 , Est Remaining: 421.5
57 82.9 , Est Remaining: 420.1
58 84.3 , Est Remaining: 418.6
59 85.7 , Est Remaining: 417.1
60 87.2 , Est Remaining: 415.4
61 88.6 , Est Remaining: 413.7
62 90.0 , Est Remaining: 412.2
63 91.5 , Est Remaining: 410.8
64 92.9 , Est Remaining: 409.5
65 94.4 , Est Remaining: 407.9
66 95.8 , Est Remaining: 406.5
67 97.3 , Est Remaining: 405.1
68 98.7 , Est Remaining: 403.6
69 100.2 , Est Remaining: 402.2
70 101.6 , Est Remaining: 400.7
71 103.1 , Est Remaining: 399.3
72 104.5 , Est Remaining: 397.8
73 106.0 , Est Remaining: 396.3
74 107.4 , Est Remaining: 394.9
75 108.9 , Est Remaining: 393.4
76 110.3 , Est Remaining: 392.0
77 111.8 , Est Remaining: 390.5
78 113.3 , Est Remaining: 389.2
79 114.7 , Est Remaining: 387.8
80 116.2 , Est Remaining: 386.5
81 117.7 , Est Remaining: 385.0
82 119.2 , Est Remaining: 383.7
83 120.6 , Est Remaining: 382.1
84 122.0 , Est Remaining: 380.6
85 123.5 , Est Remaining: 379.2
86 125.0 , Est Remaining: 377.8
87 126.4 , Est Remaining: 376.3
88 127.9 , Est Remaining: 374.9
89 129.3 , Est Remaining: 373.4
EVENT FAILED
89 129.6 , Est Remaining: 374.3
90 131.1 , Est Remaining: 372.8
91 132.6 , Est Remaining: 371.5
92 134.1 , Est Remaining: 370.1
93 135.5 , Est Remaining: 368.7
EVENT FAILED
93 135.8 , Est Remaining: 369.5
94 137.3 , Est Remaining: 368.0
95 138.7 , Est Remaining: 366.6
96 140.2 , Est Remaining: 365.1
97 141.6 , Est Remaining: 363.6
98 143.1 , Est Remaining: 362.1
99 144.5 , Est Remaining: 360.6
100 146.0 , Est Remaining: 359.1
101 147.4 , Est Remaining: 357.6
102 148.8 , Est Remaining: 356.0
103 150.4 , Est Remaining: 354.7
104 151.8 , Est Remaining: 353.3
105 153.3 , Est Remaining: 351.8
106 154.7 , Est Remaining: 350.3
107 156.2 , Est Remaining: 348.8
108 157.6 , Est Remaining: 347.4
109 159.1 , Est Remaining: 345.9
110 160.5 , Est Remaining: 344.4
111 162.0 , Est Remaining: 343.0
112 163.5 , Est Remaining: 341.5
113 165.0 , Est Remaining: 340.1
114 166.4 , Est Remaining: 338.7
115 167.9 , Est Remaining: 337.2
116 169.3 , Est Remaining: 335.7
117 170.8 , Est Remaining: 334.3
118 172.2 , Est Remaining: 332.8
119 173.7 , Est Remaining: 331.3
120 175.1 , Est Remaining: 329.8
121 176.6 , Est Remaining: 328.3
122 178.0 , Est Remaining: 326.8
123 179.5 , Est Remaining: 325.4
124 180.9 , Est Remaining: 323.9
EVENT FAILED
124 181.2 , Est Remaining: 324.4
125 182.7 , Est Remaining: 323.0
126 184.1 , Est Remaining: 321.5
127 185.6 , Est Remaining: 320.0
128 187.0 , Est Remaining: 318.5
129 188.5 , Est Remaining: 317.0
130 189.9 , Est Remaining: 315.5
131 191.3 , Est Remaining: 314.0
132 192.8 , Est Remaining: 312.6
133 194.2 , Est Remaining: 311.1
134 195.7 , Est Remaining: 309.6
135 197.1 , Est Remaining: 308.1
136 198.5 , Est Remaining: 306.6
EVENT FAILED
136 198.9 , Est Remaining: 307.1
EVENT FAILED
136 199.2 , Est Remaining: 307.5
137 200.6 , Est Remaining: 306.1
138 202.1 , Est Remaining: 304.5
139 203.5 , Est Remaining: 303.1
140 205.0 , Est Remaining: 301.6
141 206.4 , Est Remaining: 300.0
142 207.8 , Est Remaining: 298.5
143 209.2 , Est Remaining: 297.0
144 210.7 , Est Remaining: 295.5
145 212.1 , Est Remaining: 294.0
146 213.5 , Est Remaining: 292.5
147 215.0 , Est Remaining: 291.0
148 216.4 , Est Remaining: 289.5
149 217.8 , Est Remaining: 288.0
150 219.3 , Est Remaining: 286.5
151 220.7 , Est Remaining: 285.1
152 222.2 , Est Remaining: 283.6
153 223.6 , Est Remaining: 282.1
154 225.1 , Est Remaining: 280.6
155 226.5 , Est Remaining: 279.1
156 228.0 , Est Remaining: 277.7
157 229.4 , Est Remaining: 276.2
158 230.9 , Est Remaining: 274.7
159 232.3 , Est Remaining: 273.3
160 233.8 , Est Remaining: 271.8
161 235.3 , Est Remaining: 270.4
162 236.7 , Est Remaining: 268.9
163 238.2 , Est Remaining: 267.4
164 239.6 , Est Remaining: 265.9
165 241.1 , Est Remaining: 264.5
166 242.6 , Est Remaining: 263.0
167 244.0 , Est Remaining: 261.5
EVENT FAILED
167 244.3 , Est Remaining: 261.9
168 245.8 , Est Remaining: 260.4
169 247.2 , Est Remaining: 258.9
170 248.7 , Est Remaining: 257.5
171 250.1 , Est Remaining: 256.0
172 251.6 , Est Remaining: 254.5
173 253.0 , Est Remaining: 253.0
174 254.5 , Est Remaining: 251.6
175 255.9 , Est Remaining: 250.1
EVENT FAILED
175 256.2 , Est Remaining: 250.4
176 257.7 , Est Remaining: 248.9
177 259.1 , Est Remaining: 247.4
178 260.5 , Est Remaining: 245.9
179 261.9 , Est Remaining: 244.4
180 263.4 , Est Remaining: 242.9
181 264.8 , Est Remaining: 241.4
182 266.1 , Est Remaining: 239.8
183 267.5 , Est Remaining: 238.3
184 269.0 , Est Remaining: 236.8
185 270.4 , Est Remaining: 235.3
186 271.8 , Est Remaining: 233.8
187 273.2 , Est Remaining: 232.3
188 274.6 , Est Remaining: 230.8
189 276.0 , Est Remaining: 229.3
190 277.5 , Est Remaining: 227.8
191 278.9 , Est Remaining: 226.3
192 280.3 , Est Remaining: 224.8
193 281.7 , Est Remaining: 223.3
194 283.1 , Est Remaining: 221.8
195 284.5 , Est Remaining: 220.3
EVENT FAILED
195 284.8 , Est Remaining: 220.5
196 286.2 , Est Remaining: 219.0
197 287.6 , Est Remaining: 217.5
EVENT FAILED
197 287.9 , Est Remaining: 217.7
198 289.3 , Est Remaining: 216.2
199 290.7 , Est Remaining: 214.7
200 292.1 , Est Remaining: 213.2
201 293.4 , Est Remaining: 211.7
202 294.8 , Est Remaining: 210.2
203 296.3 , Est Remaining: 208.7
204 297.7 , Est Remaining: 207.2
205 299.1 , Est Remaining: 205.7
206 300.5 , Est Remaining: 204.2
207 301.9 , Est Remaining: 202.7
208 303.3 , Est Remaining: 201.2
209 304.7 , Est Remaining: 199.7
210 306.0 , Est Remaining: 198.2
211 307.4 , Est Remaining: 196.7
212 308.8 , Est Remaining: 195.2
213 310.1 , Est Remaining: 193.7
214 311.5 , Est Remaining: 192.1
215 312.9 , Est Remaining: 190.6
216 314.3 , Est Remaining: 189.1
217 315.6 , Est Remaining: 187.6
218 317.0 , Est Remaining: 186.1
219 318.4 , Est Remaining: 184.6
220 319.7 , Est Remaining: 183.1
221 321.1 , Est Remaining: 181.6
222 322.4 , Est Remaining: 180.1
223 323.8 , Est Remaining: 178.6
224 325.2 , Est Remaining: 177.1
225 326.6 , Est Remaining: 175.6
226 327.9 , Est Remaining: 174.1
227 329.3 , Est Remaining: 172.6
228 330.7 , Est Remaining: 171.1
229 332.0 , Est Remaining: 169.6
230 333.4 , Est Remaining: 168.2
231 334.8 , Est Remaining: 166.7
232 336.2 , Est Remaining: 165.2
233 337.5 , Est Remaining: 163.7
234 338.9 , Est Remaining: 162.2
EVENT FAILED
234 339.2 , Est Remaining: 162.4
235 340.6 , Est Remaining: 160.9
236 342.0 , Est Remaining: 159.4
237 343.3 , Est Remaining: 157.9
238 344.7 , Est Remaining: 156.4
239 346.1 , Est Remaining: 154.9
240 347.5 , Est Remaining: 153.5
241 348.8 , Est Remaining: 152.0
242 350.2 , Est Remaining: 150.5
243 351.6 , Est Remaining: 149.0
244 353.0 , Est Remaining: 147.6
245 354.4 , Est Remaining: 146.1
246 355.8 , Est Remaining: 144.6
EVENT FAILED
246 356.1 , Est Remaining: 144.7
247 357.5 , Est Remaining: 143.3
248 358.8 , Est Remaining: 141.8
249 360.2 , Est Remaining: 140.3
250 361.6 , Est Remaining: 138.9
251 363.0 , Est Remaining: 137.4
252 364.4 , Est Remaining: 135.9
253 365.8 , Est Remaining: 134.5
254 367.2 , Est Remaining: 133.0
255 368.6 , Est Remaining: 131.5
256 370.0 , Est Remaining: 130.1
257 371.4 , Est Remaining: 128.6
258 372.8 , Est Remaining: 127.2
259 374.2 , Est Remaining: 125.7
260 375.6 , Est Remaining: 124.2
261 377.0 , Est Remaining: 122.8
262 378.4 , Est Remaining: 121.3
263 379.8 , Est Remaining: 119.9
264 381.3 , Est Remaining: 118.4
265 382.7 , Est Remaining: 117.0
266 384.1 , Est Remaining: 115.5
267 385.5 , Est Remaining: 114.1
268 386.9 , Est Remaining: 112.6
269 388.3 , Est Remaining: 111.2
270 389.8 , Est Remaining: 109.7
271 391.2 , Est Remaining: 108.3
272 392.6 , Est Remaining: 106.8
273 394.0 , Est Remaining: 105.4
274 395.4 , Est Remaining: 103.9
275 396.9 , Est Remaining: 102.5
276 398.3 , Est Remaining: 101.0
277 399.7 , Est Remaining: 99.6
278 401.2 , Est Remaining: 98.1
279 402.6 , Est Remaining: 96.7
280 404.0 , Est Remaining: 95.2
281 405.5 , Est Remaining: 93.8
282 406.9 , Est Remaining: 92.4
283 408.4 , Est Remaining: 90.9
284 409.8 , Est Remaining: 89.5
285 411.3 , Est Remaining: 88.0
286 412.7 , Est Remaining: 86.6
287 414.1 , Est Remaining: 85.1
288 415.5 , Est Remaining: 83.7
289 417.0 , Est Remaining: 82.2
EVENT FAILED
289 417.3 , Est Remaining: 82.3
290 418.7 , Est Remaining: 80.9
291 420.2 , Est Remaining: 79.4
292 421.6 , Est Remaining: 78.0
293 423.1 , Est Remaining: 76.5
294 424.5 , Est Remaining: 75.1
295 425.9 , Est Remaining: 73.6
296 427.4 , Est Remaining: 72.2
297 428.8 , Est Remaining: 70.7
298 430.2 , Est Remaining: 69.3
299 431.7 , Est Remaining: 67.9
300 433.2 , Est Remaining: 66.4
301 434.6 , Est Remaining: 65.0
302 436.2 , Est Remaining: 63.6
303 437.7 , Est Remaining: 62.1
304 439.1 , Est Remaining: 60.7
305 440.6 , Est Remaining: 59.2
306 442.0 , Est Remaining: 57.8
307 443.4 , Est Remaining: 56.3
308 444.9 , Est Remaining: 54.9
309 446.3 , Est Remaining: 53.4
310 447.7 , Est Remaining: 52.0
311 449.2 , Est Remaining: 50.6
312 450.6 , Est Remaining: 49.1
EVENT FAILED
312 450.9 , Est Remaining: 49.1
313 452.4 , Est Remaining: 47.7
314 453.8 , Est Remaining: 46.2
315 455.3 , Est Remaining: 44.8
316 456.7 , Est Remaining: 43.4
317 458.1 , Est Remaining: 41.9
318 459.6 , Est Remaining: 40.5
319 461.0 , Est Remaining: 39.0
320 462.5 , Est Remaining: 37.6
321 463.9 , Est Remaining: 36.1
322 465.3 , Est Remaining: 34.7
323 466.8 , Est Remaining: 33.2
324 468.2 , Est Remaining: 31.8
325 469.6 , Est Remaining: 30.3
326 471.0 , Est Remaining: 28.9
327 472.4 , Est Remaining: 27.4
328 473.8 , Est Remaining: 26.0
329 475.2 , Est Remaining: 24.6
330 476.6 , Est Remaining: 23.1
331 478.0 , Est Remaining: 21.7
