Note: NumExpr detected 32 cores but "NUMEXPR_MAX_THREADS" not set, so enforcing safe limit of 8.
Using selector: EpollSelector
/n/home02/jhaefner/miniconda/envs/IC-3.7-2020-06-16/lib/python3.7/site-packages/scipy/optimize/minpack.py:808: OptimizeWarning: Covariance of the parameters could not be estimated
  category=OptimizeWarning)
Total rwfs: 346
0 0.0 , Est Remaining: 999999.9
1 1.3 , Est Remaining: 458.5
2 2.6 , Est Remaining: 454.7
3 4.0 , Est Remaining: 456.2
4 5.3 , Est Remaining: 452.9
5 6.6 , Est Remaining: 450.7
6 7.9 , Est Remaining: 449.1
7 9.2 , Est Remaining: 446.2
8 10.5 , Est Remaining: 444.0
9 11.8 , Est Remaining: 442.7
10 13.1 , Est Remaining: 440.9
11 14.4 , Est Remaining: 439.4
12 15.7 , Est Remaining: 438.2
13 17.1 , Est Remaining: 436.9
14 18.4 , Est Remaining: 435.6
15 19.7 , Est Remaining: 434.9
16 21.0 , Est Remaining: 433.4
17 22.3 , Est Remaining: 432.3
18 23.7 , Est Remaining: 431.0
19 25.0 , Est Remaining: 429.7
20 26.3 , Est Remaining: 428.4
21 27.6 , Est Remaining: 427.3
22 28.9 , Est Remaining: 426.1
23 30.2 , Est Remaining: 424.8
24 31.6 , Est Remaining: 423.8
25 32.9 , Est Remaining: 422.8
26 34.3 , Est Remaining: 421.6
27 35.6 , Est Remaining: 420.3
28 36.9 , Est Remaining: 418.9
29 38.2 , Est Remaining: 417.7
30 39.5 , Est Remaining: 416.3
31 40.8 , Est Remaining: 415.0
32 42.2 , Est Remaining: 413.7
33 43.5 , Est Remaining: 412.4
34 44.8 , Est Remaining: 411.2
35 46.1 , Est Remaining: 409.9
36 47.4 , Est Remaining: 408.5
37 48.8 , Est Remaining: 407.2
38 50.1 , Est Remaining: 406.0
39 51.4 , Est Remaining: 404.6
EVENT FAILED
39 51.7 , Est Remaining: 406.9
40 53.0 , Est Remaining: 405.6
41 54.3 , Est Remaining: 404.3
42 55.7 , Est Remaining: 403.1
43 57.0 , Est Remaining: 401.7
44 58.3 , Est Remaining: 400.4
45 59.7 , Est Remaining: 399.1
46 61.0 , Est Remaining: 397.8
47 62.3 , Est Remaining: 396.4
48 63.6 , Est Remaining: 395.0
49 65.0 , Est Remaining: 393.8
50 66.3 , Est Remaining: 392.4
51 67.6 , Est Remaining: 391.0
52 68.9 , Est Remaining: 389.6
53 70.2 , Est Remaining: 388.3
54 71.6 , Est Remaining: 387.0
55 72.9 , Est Remaining: 385.7
56 74.2 , Est Remaining: 384.3
57 75.5 , Est Remaining: 383.0
58 76.9 , Est Remaining: 381.7
59 78.2 , Est Remaining: 380.4
60 79.5 , Est Remaining: 379.0
EVENT FAILED
60 79.8 , Est Remaining: 380.4
61 81.1 , Est Remaining: 379.1
62 82.5 , Est Remaining: 377.7
63 83.8 , Est Remaining: 376.4
64 85.1 , Est Remaining: 375.0
65 86.5 , Est Remaining: 373.7
66 87.8 , Est Remaining: 372.4
67 89.1 , Est Remaining: 371.1
68 90.5 , Est Remaining: 369.8
69 91.8 , Est Remaining: 368.5
70 93.1 , Est Remaining: 367.1
71 94.4 , Est Remaining: 365.8
EVENT FAILED
71 94.7 , Est Remaining: 366.9
72 96.1 , Est Remaining: 365.5
73 97.4 , Est Remaining: 364.2
74 98.7 , Est Remaining: 362.8
75 100.0 , Est Remaining: 361.4
76 101.4 , Est Remaining: 360.1
77 102.7 , Est Remaining: 358.7
78 104.0 , Est Remaining: 357.4
79 105.4 , Est Remaining: 356.1
80 106.7 , Est Remaining: 354.8
81 108.0 , Est Remaining: 353.4
82 109.3 , Est Remaining: 352.0
83 110.7 , Est Remaining: 350.6
84 112.0 , Est Remaining: 349.3
85 113.3 , Est Remaining: 347.9
86 114.6 , Est Remaining: 346.6
87 115.9 , Est Remaining: 345.1
EVENT FAILED
87 116.2 , Est Remaining: 346.0
88 117.6 , Est Remaining: 344.7
89 118.9 , Est Remaining: 343.4
90 120.3 , Est Remaining: 342.1
91 121.6 , Est Remaining: 340.7
92 122.9 , Est Remaining: 339.3
93 124.3 , Est Remaining: 338.0
EVENT FAILED
93 124.6 , Est Remaining: 338.8
94 125.9 , Est Remaining: 337.5
95 127.2 , Est Remaining: 336.1
96 128.6 , Est Remaining: 334.8
97 129.9 , Est Remaining: 333.5
98 131.2 , Est Remaining: 332.1
99 132.6 , Est Remaining: 330.8
100 133.9 , Est Remaining: 329.4
101 135.3 , Est Remaining: 328.1
102 136.6 , Est Remaining: 326.8
103 138.0 , Est Remaining: 325.6
104 139.3 , Est Remaining: 324.2
105 140.7 , Est Remaining: 322.8
106 142.0 , Est Remaining: 321.5
107 143.3 , Est Remaining: 320.1
108 144.7 , Est Remaining: 318.8
109 146.0 , Est Remaining: 317.4
110 147.3 , Est Remaining: 316.1
111 148.7 , Est Remaining: 314.8
112 150.0 , Est Remaining: 313.4
113 151.4 , Est Remaining: 312.1
114 152.7 , Est Remaining: 310.8
115 154.0 , Est Remaining: 309.4
116 155.4 , Est Remaining: 308.1
117 156.7 , Est Remaining: 306.7
118 158.1 , Est Remaining: 305.4
EVENT FAILED
118 158.4 , Est Remaining: 306.0
119 159.9 , Est Remaining: 305.0
120 161.2 , Est Remaining: 303.7
121 162.6 , Est Remaining: 302.3
122 163.9 , Est Remaining: 300.9
123 165.2 , Est Remaining: 299.6
124 166.6 , Est Remaining: 298.2
125 167.9 , Est Remaining: 296.8
126 169.2 , Est Remaining: 295.4
127 170.5 , Est Remaining: 294.0
128 171.8 , Est Remaining: 292.6
129 173.1 , Est Remaining: 291.3
130 174.5 , Est Remaining: 289.9
131 175.8 , Est Remaining: 288.5
132 177.1 , Est Remaining: 287.1
133 178.4 , Est Remaining: 285.7
134 179.7 , Est Remaining: 284.3
135 181.0 , Est Remaining: 282.9
136 182.4 , Est Remaining: 281.6
137 183.7 , Est Remaining: 280.2
138 185.0 , Est Remaining: 278.9
139 186.3 , Est Remaining: 277.5
140 187.7 , Est Remaining: 276.1
141 189.0 , Est Remaining: 274.8
142 190.3 , Est Remaining: 273.4
143 191.7 , Est Remaining: 272.1
144 193.0 , Est Remaining: 270.7
145 194.3 , Est Remaining: 269.4
146 195.6 , Est Remaining: 268.0
147 197.0 , Est Remaining: 266.7
148 198.3 , Est Remaining: 265.3
149 199.7 , Est Remaining: 264.0
150 201.0 , Est Remaining: 262.6
151 202.3 , Est Remaining: 261.3
152 203.6 , Est Remaining: 259.9
153 205.0 , Est Remaining: 258.5
EVENT FAILED
153 205.3 , Est Remaining: 258.9
EVENT FAILED
153 205.6 , Est Remaining: 259.3
154 206.9 , Est Remaining: 257.9
155 208.2 , Est Remaining: 256.6
156 209.5 , Est Remaining: 255.2
157 210.9 , Est Remaining: 253.8
158 212.2 , Est Remaining: 252.5
EVENT FAILED
158 212.5 , Est Remaining: 252.8
159 213.8 , Est Remaining: 251.5
160 215.1 , Est Remaining: 250.1
161 216.4 , Est Remaining: 248.7
162 217.8 , Est Remaining: 247.3
163 219.1 , Est Remaining: 246.0
164 220.4 , Est Remaining: 244.6
EVENT FAILED
164 220.7 , Est Remaining: 244.9
165 222.0 , Est Remaining: 243.6
166 223.3 , Est Remaining: 242.2
167 224.7 , Est Remaining: 240.8
168 226.0 , Est Remaining: 239.4
169 227.3 , Est Remaining: 238.0
170 228.6 , Est Remaining: 236.7
171 229.9 , Est Remaining: 235.3
172 231.2 , Est Remaining: 233.9
173 232.6 , Est Remaining: 232.6
174 233.9 , Est Remaining: 231.2
175 235.2 , Est Remaining: 229.8
176 236.5 , Est Remaining: 228.5
177 237.9 , Est Remaining: 227.1
178 239.2 , Est Remaining: 225.8
179 240.5 , Est Remaining: 224.4
180 241.8 , Est Remaining: 223.0
181 243.2 , Est Remaining: 221.7
182 244.5 , Est Remaining: 220.3
183 245.9 , Est Remaining: 219.0
184 247.2 , Est Remaining: 217.6
185 248.5 , Est Remaining: 216.3
186 249.9 , Est Remaining: 214.9
187 251.2 , Est Remaining: 213.6
188 252.5 , Est Remaining: 212.2
189 253.9 , Est Remaining: 210.9
190 255.2 , Est Remaining: 209.5
191 256.5 , Est Remaining: 208.2
192 257.9 , Est Remaining: 206.8
193 259.2 , Est Remaining: 205.5
194 260.5 , Est Remaining: 204.1
195 261.8 , Est Remaining: 202.7
196 263.1 , Est Remaining: 201.4
197 264.4 , Est Remaining: 200.0
198 265.8 , Est Remaining: 198.7
199 267.1 , Est Remaining: 197.3
200 268.4 , Est Remaining: 195.9
201 269.7 , Est Remaining: 194.6
202 271.1 , Est Remaining: 193.3
203 272.4 , Est Remaining: 191.9
204 273.7 , Est Remaining: 190.5
205 275.1 , Est Remaining: 189.2
206 276.4 , Est Remaining: 187.8
207 277.7 , Est Remaining: 186.5
208 279.0 , Est Remaining: 185.1
209 280.3 , Est Remaining: 183.8
210 281.7 , Est Remaining: 182.4
211 283.0 , Est Remaining: 181.1
EVENT FAILED
211 283.3 , Est Remaining: 181.3
212 284.6 , Est Remaining: 179.9
213 286.0 , Est Remaining: 178.6
214 287.3 , Est Remaining: 177.2
215 288.6 , Est Remaining: 175.9
216 289.9 , Est Remaining: 174.5
217 291.3 , Est Remaining: 173.1
218 292.6 , Est Remaining: 171.8
219 293.8 , Est Remaining: 170.4
220 295.1 , Est Remaining: 169.0
221 296.5 , Est Remaining: 167.7
222 297.8 , Est Remaining: 166.3
223 299.1 , Est Remaining: 165.0
224 300.4 , Est Remaining: 163.6
225 301.8 , Est Remaining: 162.3
226 303.1 , Est Remaining: 160.9
227 304.4 , Est Remaining: 159.6
228 305.7 , Est Remaining: 158.2
229 307.0 , Est Remaining: 156.9
230 308.4 , Est Remaining: 155.5
231 309.7 , Est Remaining: 154.2
232 311.0 , Est Remaining: 152.8
233 312.3 , Est Remaining: 151.5
234 313.7 , Est Remaining: 150.1
235 315.0 , Est Remaining: 148.8
236 316.3 , Est Remaining: 147.4
237 317.6 , Est Remaining: 146.1
238 318.9 , Est Remaining: 144.7
239 320.3 , Est Remaining: 143.4
240 321.6 , Est Remaining: 142.0
241 322.9 , Est Remaining: 140.7
242 324.3 , Est Remaining: 139.3
243 325.6 , Est Remaining: 138.0
244 326.9 , Est Remaining: 136.7
245 328.2 , Est Remaining: 135.3
246 329.6 , Est Remaining: 134.0
247 330.9 , Est Remaining: 132.6
EVENT FAILED
247 331.2 , Est Remaining: 132.8
248 332.5 , Est Remaining: 131.4
249 333.9 , Est Remaining: 130.1
250 335.2 , Est Remaining: 128.7
251 336.5 , Est Remaining: 127.4
252 337.9 , Est Remaining: 126.0
253 339.2 , Est Remaining: 124.7
254 340.5 , Est Remaining: 123.3
255 341.8 , Est Remaining: 122.0
256 343.2 , Est Remaining: 120.7
257 344.5 , Est Remaining: 119.3
258 345.9 , Est Remaining: 118.0
259 347.2 , Est Remaining: 116.6
260 348.5 , Est Remaining: 115.3
261 349.8 , Est Remaining: 113.9
262 351.1 , Est Remaining: 112.6
263 352.5 , Est Remaining: 111.2
EVENT FAILED
263 352.8 , Est Remaining: 111.3
264 354.1 , Est Remaining: 110.0
265 355.4 , Est Remaining: 108.6
266 356.8 , Est Remaining: 107.3
267 358.1 , Est Remaining: 106.0
268 359.4 , Est Remaining: 104.6
269 360.7 , Est Remaining: 103.3
270 362.1 , Est Remaining: 101.9
EVENT FAILED
270 362.4 , Est Remaining: 102.0
271 363.6 , Est Remaining: 100.6
272 365.0 , Est Remaining: 99.3
273 366.3 , Est Remaining: 97.9
274 367.6 , Est Remaining: 96.6
275 368.9 , Est Remaining: 95.3
276 370.3 , Est Remaining: 93.9
277 371.6 , Est Remaining: 92.6
278 372.9 , Est Remaining: 91.2
279 374.2 , Est Remaining: 89.9
280 375.6 , Est Remaining: 88.5
281 376.9 , Est Remaining: 87.2
282 378.2 , Est Remaining: 85.8
283 379.5 , Est Remaining: 84.5
284 380.9 , Est Remaining: 83.1
285 382.2 , Est Remaining: 81.8
286 383.5 , Est Remaining: 80.5
287 384.9 , Est Remaining: 79.1
EVENT FAILED
287 385.2 , Est Remaining: 79.2
288 386.5 , Est Remaining: 77.8
289 387.8 , Est Remaining: 76.5
290 389.1 , Est Remaining: 75.1
291 390.4 , Est Remaining: 73.8
292 391.8 , Est Remaining: 72.4
EVENT FAILED
292 392.1 , Est Remaining: 72.5
293 393.4 , Est Remaining: 71.2
294 394.7 , Est Remaining: 69.8
295 396.0 , Est Remaining: 68.5
296 397.3 , Est Remaining: 67.1
297 398.7 , Est Remaining: 65.8
298 400.0 , Est Remaining: 64.4
299 401.3 , Est Remaining: 63.1
300 402.6 , Est Remaining: 61.7
301 404.0 , Est Remaining: 60.4
302 405.4 , Est Remaining: 59.1
303 406.7 , Est Remaining: 57.7
304 408.0 , Est Remaining: 56.4
305 409.4 , Est Remaining: 55.0
306 410.7 , Est Remaining: 53.7
307 412.0 , Est Remaining: 52.3
308 413.3 , Est Remaining: 51.0
309 414.6 , Est Remaining: 49.6
EVENT FAILED
309 414.9 , Est Remaining: 49.7
310 416.2 , Est Remaining: 48.3
311 417.5 , Est Remaining: 47.0
312 418.8 , Est Remaining: 45.6
313 420.1 , Est Remaining: 44.3
314 421.4 , Est Remaining: 42.9
315 422.7 , Est Remaining: 41.6
316 424.1 , Est Remaining: 40.3
EVENT FAILED
316 424.8 , Est Remaining: 40.3
317 426.1 , Est Remaining: 39.0
318 427.4 , Est Remaining: 37.6
319 428.7 , Est Remaining: 36.3
320 430.0 , Est Remaining: 34.9
321 431.4 , Est Remaining: 33.6
322 432.7 , Est Remaining: 32.3
323 434.0 , Est Remaining: 30.9
324 435.3 , Est Remaining: 29.6
325 436.7 , Est Remaining: 28.2
326 438.0 , Est Remaining: 26.9
327 439.3 , Est Remaining: 25.5
