Note: NumExpr detected 32 cores but "NUMEXPR_MAX_THREADS" not set, so enforcing safe limit of 8.
Using selector: EpollSelector
/n/home02/jhaefner/miniconda/envs/IC-3.7-2020-06-16/lib/python3.7/site-packages/scipy/optimize/minpack.py:808: OptimizeWarning: Covariance of the parameters could not be estimated
  category=OptimizeWarning)
Total rwfs: 346
0 0.0 , Est Remaining: 999999.9
1 1.5 , Est Remaining: 511.8
2 2.9 , Est Remaining: 503.8
3 4.4 , Est Remaining: 505.8
4 5.9 , Est Remaining: 501.8
5 7.3 , Est Remaining: 500.6
6 8.8 , Est Remaining: 499.4
7 10.3 , Est Remaining: 497.3
8 11.7 , Est Remaining: 495.5
9 13.2 , Est Remaining: 494.4
10 14.7 , Est Remaining: 493.4
11 16.2 , Est Remaining: 492.8
12 17.6 , Est Remaining: 491.2
13 19.1 , Est Remaining: 489.7
14 20.6 , Est Remaining: 488.1
15 22.0 , Est Remaining: 486.1
16 23.5 , Est Remaining: 484.5
17 25.0 , Est Remaining: 482.9
18 26.4 , Est Remaining: 481.0
19 27.9 , Est Remaining: 480.0
20 29.4 , Est Remaining: 479.0
21 30.9 , Est Remaining: 477.9
22 32.3 , Est Remaining: 476.2
23 33.8 , Est Remaining: 474.7
24 35.3 , Est Remaining: 473.3
25 36.8 , Est Remaining: 471.9
26 38.2 , Est Remaining: 470.4
27 39.7 , Est Remaining: 468.6
28 41.1 , Est Remaining: 467.0
29 42.6 , Est Remaining: 465.7
30 44.1 , Est Remaining: 464.4
31 45.6 , Est Remaining: 462.9
32 47.0 , Est Remaining: 461.4
33 48.5 , Est Remaining: 460.1
34 50.0 , Est Remaining: 458.9
35 51.5 , Est Remaining: 457.4
36 52.9 , Est Remaining: 455.8
37 54.4 , Est Remaining: 454.3
38 55.8 , Est Remaining: 452.6
39 57.3 , Est Remaining: 451.0
40 58.8 , Est Remaining: 449.6
41 60.2 , Est Remaining: 448.2
42 61.7 , Est Remaining: 446.7
43 63.2 , Est Remaining: 445.2
44 64.6 , Est Remaining: 443.6
45 66.1 , Est Remaining: 442.1
46 67.5 , Est Remaining: 440.4
47 68.9 , Est Remaining: 438.5
48 70.4 , Est Remaining: 436.9
49 71.8 , Est Remaining: 435.3
50 73.3 , Est Remaining: 433.7
51 74.7 , Est Remaining: 432.2
52 76.1 , Est Remaining: 430.5
53 77.6 , Est Remaining: 428.9
54 79.0 , Est Remaining: 427.3
EVENT FAILED
54 79.3 , Est Remaining: 428.9
55 80.7 , Est Remaining: 427.2
56 82.2 , Est Remaining: 425.6
57 83.6 , Est Remaining: 424.0
58 85.1 , Est Remaining: 422.4
59 86.5 , Est Remaining: 420.8
60 87.9 , Est Remaining: 419.1
61 89.3 , Est Remaining: 417.4
62 90.8 , Est Remaining: 415.8
63 92.2 , Est Remaining: 414.4
64 93.7 , Est Remaining: 412.9
EVENT FAILED
64 94.0 , Est Remaining: 414.3
65 95.5 , Est Remaining: 412.8
66 96.9 , Est Remaining: 411.2
67 98.4 , Est Remaining: 409.6
68 99.8 , Est Remaining: 408.0
69 101.2 , Est Remaining: 406.4
70 102.7 , Est Remaining: 404.8
71 104.1 , Est Remaining: 403.2
72 105.5 , Est Remaining: 401.6
73 107.0 , Est Remaining: 400.1
74 108.4 , Est Remaining: 398.5
75 109.9 , Est Remaining: 397.0
76 111.3 , Est Remaining: 395.4
77 112.8 , Est Remaining: 393.9
EVENT FAILED
77 113.1 , Est Remaining: 395.0
78 114.5 , Est Remaining: 393.3
79 115.9 , Est Remaining: 391.7
80 117.3 , Est Remaining: 390.1
81 118.8 , Est Remaining: 388.5
82 120.2 , Est Remaining: 386.9
83 121.6 , Est Remaining: 385.3
84 123.0 , Est Remaining: 383.7
85 124.5 , Est Remaining: 382.2
86 125.9 , Est Remaining: 380.7
87 127.4 , Est Remaining: 379.1
88 128.8 , Est Remaining: 377.6
89 130.2 , Est Remaining: 376.1
90 131.7 , Est Remaining: 374.5
91 133.1 , Est Remaining: 373.0
92 134.6 , Est Remaining: 371.6
93 136.1 , Est Remaining: 370.2
94 137.5 , Est Remaining: 368.7
95 139.0 , Est Remaining: 367.1
96 140.4 , Est Remaining: 365.6
97 141.8 , Est Remaining: 364.1
98 143.3 , Est Remaining: 362.6
99 144.7 , Est Remaining: 361.1
100 146.2 , Est Remaining: 359.6
101 147.6 , Est Remaining: 358.1
102 149.1 , Est Remaining: 356.6
103 150.6 , Est Remaining: 355.4
104 152.1 , Est Remaining: 353.8
105 153.5 , Est Remaining: 352.4
106 155.0 , Est Remaining: 350.9
107 156.4 , Est Remaining: 349.4
108 157.9 , Est Remaining: 348.0
109 159.3 , Est Remaining: 346.5
110 160.8 , Est Remaining: 345.0
111 162.3 , Est Remaining: 343.6
112 163.7 , Est Remaining: 342.1
113 165.2 , Est Remaining: 340.6
114 166.6 , Est Remaining: 339.1
115 168.1 , Est Remaining: 337.6
116 169.6 , Est Remaining: 336.2
117 171.0 , Est Remaining: 334.7
EVENT FAILED
117 171.3 , Est Remaining: 335.3
118 172.8 , Est Remaining: 333.8
119 174.2 , Est Remaining: 332.3
120 175.7 , Est Remaining: 330.9
121 177.2 , Est Remaining: 329.4
122 178.6 , Est Remaining: 327.9
123 180.1 , Est Remaining: 326.4
124 181.5 , Est Remaining: 325.0
125 183.0 , Est Remaining: 323.5
126 184.4 , Est Remaining: 322.0
127 185.9 , Est Remaining: 320.5
128 187.3 , Est Remaining: 319.0
129 188.8 , Est Remaining: 317.5
130 190.2 , Est Remaining: 316.0
131 191.7 , Est Remaining: 314.5
132 193.1 , Est Remaining: 313.0
133 194.5 , Est Remaining: 311.5
134 196.0 , Est Remaining: 310.1
135 197.4 , Est Remaining: 308.6
136 198.8 , Est Remaining: 307.0
137 200.3 , Est Remaining: 305.5
138 201.7 , Est Remaining: 304.0
139 203.2 , Est Remaining: 302.5
140 204.6 , Est Remaining: 301.0
141 206.0 , Est Remaining: 299.5
142 207.4 , Est Remaining: 298.0
143 208.8 , Est Remaining: 296.5
144 210.3 , Est Remaining: 295.0
145 211.7 , Est Remaining: 293.5
146 213.2 , Est Remaining: 292.0
147 214.6 , Est Remaining: 290.5
148 216.0 , Est Remaining: 289.0
149 217.5 , Est Remaining: 287.5
150 218.9 , Est Remaining: 286.0
151 220.4 , Est Remaining: 284.6
152 221.8 , Est Remaining: 283.1
EVENT FAILED
152 222.1 , Est Remaining: 283.5
153 223.6 , Est Remaining: 282.0
154 225.0 , Est Remaining: 280.5
155 226.4 , Est Remaining: 279.0
156 227.8 , Est Remaining: 277.5
157 229.3 , Est Remaining: 276.0
158 230.7 , Est Remaining: 274.5
159 232.1 , Est Remaining: 273.0
160 233.6 , Est Remaining: 271.5
161 235.0 , Est Remaining: 270.1
162 236.5 , Est Remaining: 268.6
163 237.9 , Est Remaining: 267.1
164 239.4 , Est Remaining: 265.7
165 240.9 , Est Remaining: 264.2
166 242.4 , Est Remaining: 262.8
167 243.8 , Est Remaining: 261.3
168 245.3 , Est Remaining: 259.9
169 246.7 , Est Remaining: 258.4
170 248.2 , Est Remaining: 257.0
171 249.6 , Est Remaining: 255.5
172 251.1 , Est Remaining: 254.0
173 252.6 , Est Remaining: 252.6
174 254.0 , Est Remaining: 251.1
175 255.5 , Est Remaining: 249.6
176 256.9 , Est Remaining: 248.2
EVENT FAILED
176 257.2 , Est Remaining: 248.5
177 258.7 , Est Remaining: 247.0
178 260.1 , Est Remaining: 245.5
179 261.6 , Est Remaining: 244.1
180 263.0 , Est Remaining: 242.6
181 264.5 , Est Remaining: 241.1
182 265.9 , Est Remaining: 239.6
183 267.4 , Est Remaining: 238.2
184 268.8 , Est Remaining: 236.7
185 270.2 , Est Remaining: 235.2
186 271.7 , Est Remaining: 233.7
187 273.1 , Est Remaining: 232.2
188 274.6 , Est Remaining: 230.7
189 276.0 , Est Remaining: 229.3
190 277.4 , Est Remaining: 227.7
191 278.8 , Est Remaining: 226.3
192 280.2 , Est Remaining: 224.8
193 281.6 , Est Remaining: 223.3
194 283.1 , Est Remaining: 221.8
195 284.5 , Est Remaining: 220.3
196 285.9 , Est Remaining: 218.8
197 287.4 , Est Remaining: 217.3
198 288.8 , Est Remaining: 215.9
199 290.2 , Est Remaining: 214.4
200 291.7 , Est Remaining: 212.9
201 293.1 , Est Remaining: 211.4
202 294.6 , Est Remaining: 210.0
203 296.1 , Est Remaining: 208.6
204 297.6 , Est Remaining: 207.2
205 299.1 , Est Remaining: 205.7
206 300.5 , Est Remaining: 204.2
207 302.0 , Est Remaining: 202.8
208 303.5 , Est Remaining: 201.3
209 304.9 , Est Remaining: 199.9
210 306.4 , Est Remaining: 198.4
211 307.8 , Est Remaining: 197.0
212 309.3 , Est Remaining: 195.5
213 310.7 , Est Remaining: 194.0
214 312.2 , Est Remaining: 192.6
215 313.6 , Est Remaining: 191.1
216 315.1 , Est Remaining: 189.6
217 316.6 , Est Remaining: 188.2
218 318.0 , Est Remaining: 186.7
219 319.5 , Est Remaining: 185.3
220 320.9 , Est Remaining: 183.8
221 322.3 , Est Remaining: 182.3
222 323.7 , Est Remaining: 180.8
223 325.2 , Est Remaining: 179.4
224 326.6 , Est Remaining: 177.9
225 328.0 , Est Remaining: 176.4
226 329.4 , Est Remaining: 174.9
227 330.9 , Est Remaining: 173.4
228 332.3 , Est Remaining: 172.0
229 333.7 , Est Remaining: 170.5
230 335.1 , Est Remaining: 169.0
231 336.6 , Est Remaining: 167.6
232 338.0 , Est Remaining: 166.1
233 339.4 , Est Remaining: 164.6
234 340.9 , Est Remaining: 163.2
235 342.3 , Est Remaining: 161.7
236 343.8 , Est Remaining: 160.2
237 345.2 , Est Remaining: 158.8
238 346.7 , Est Remaining: 157.3
239 348.1 , Est Remaining: 155.9
240 349.6 , Est Remaining: 154.4
241 351.1 , Est Remaining: 153.0
242 352.5 , Est Remaining: 151.5
243 354.0 , Est Remaining: 150.0
244 355.4 , Est Remaining: 148.6
245 356.8 , Est Remaining: 147.1
246 358.2 , Est Remaining: 145.6
EVENT FAILED
246 358.5 , Est Remaining: 145.7
247 359.9 , Est Remaining: 144.3
248 361.3 , Est Remaining: 142.8
249 362.7 , Est Remaining: 141.3
250 364.1 , Est Remaining: 139.8
251 365.5 , Est Remaining: 138.3
252 366.8 , Est Remaining: 136.8
253 368.2 , Est Remaining: 135.4
254 369.6 , Est Remaining: 133.9
255 371.0 , Est Remaining: 132.4
256 372.3 , Est Remaining: 130.9
257 373.6 , Est Remaining: 129.4
258 375.0 , Est Remaining: 127.9
259 376.4 , Est Remaining: 126.4
260 377.8 , Est Remaining: 125.0
261 379.2 , Est Remaining: 123.5
262 380.5 , Est Remaining: 122.0
263 381.9 , Est Remaining: 120.5
264 383.3 , Est Remaining: 119.0
265 384.6 , Est Remaining: 117.6
266 386.0 , Est Remaining: 116.1
267 387.4 , Est Remaining: 114.6
268 388.7 , Est Remaining: 113.1
269 390.1 , Est Remaining: 111.7
270 391.5 , Est Remaining: 110.2
271 392.8 , Est Remaining: 108.7
272 394.2 , Est Remaining: 107.2
273 395.6 , Est Remaining: 105.8
274 396.9 , Est Remaining: 104.3
275 398.3 , Est Remaining: 102.8
276 399.7 , Est Remaining: 101.4
277 401.0 , Est Remaining: 99.9
278 402.4 , Est Remaining: 98.4
279 403.8 , Est Remaining: 97.0
280 405.2 , Est Remaining: 95.5
281 406.6 , Est Remaining: 94.0
282 407.9 , Est Remaining: 92.6
283 409.3 , Est Remaining: 91.1
284 410.7 , Est Remaining: 89.7
285 412.1 , Est Remaining: 88.2
286 413.5 , Est Remaining: 86.7
287 414.8 , Est Remaining: 85.3
288 416.2 , Est Remaining: 83.8
289 417.6 , Est Remaining: 82.4
290 419.0 , Est Remaining: 80.9
291 420.4 , Est Remaining: 79.4
292 421.7 , Est Remaining: 78.0
293 423.1 , Est Remaining: 76.5
294 424.5 , Est Remaining: 75.1
295 425.9 , Est Remaining: 73.6
296 427.2 , Est Remaining: 72.2
297 428.6 , Est Remaining: 70.7
298 430.0 , Est Remaining: 69.3
EVENT FAILED
298 430.3 , Est Remaining: 69.3
299 431.7 , Est Remaining: 67.9
300 433.1 , Est Remaining: 66.4
301 434.5 , Est Remaining: 65.0
302 436.0 , Est Remaining: 63.5
303 437.4 , Est Remaining: 62.1
EVENT FAILED
303 437.7 , Est Remaining: 62.1
304 439.1 , Est Remaining: 60.7
305 440.5 , Est Remaining: 59.2
306 441.9 , Est Remaining: 57.8
307 443.3 , Est Remaining: 56.3
308 444.7 , Est Remaining: 54.9
309 446.1 , Est Remaining: 53.4
310 447.5 , Est Remaining: 52.0
311 448.9 , Est Remaining: 50.5
312 450.3 , Est Remaining: 49.1
313 451.7 , Est Remaining: 47.6
314 453.2 , Est Remaining: 46.2
315 454.6 , Est Remaining: 44.7
316 456.1 , Est Remaining: 43.3
317 457.5 , Est Remaining: 41.9
318 459.0 , Est Remaining: 40.4
319 460.4 , Est Remaining: 39.0
320 461.9 , Est Remaining: 37.5
321 463.3 , Est Remaining: 36.1
EVENT FAILED
321 463.6 , Est Remaining: 36.1
322 465.1 , Est Remaining: 34.7
323 466.6 , Est Remaining: 33.2
324 468.0 , Est Remaining: 31.8
325 469.4 , Est Remaining: 30.3
326 470.9 , Est Remaining: 28.9
327 472.4 , Est Remaining: 27.4
328 473.8 , Est Remaining: 26.0
329 475.3 , Est Remaining: 24.6
330 476.7 , Est Remaining: 23.1
331 478.2 , Est Remaining: 21.7
332 479.6 , Est Remaining: 20.2
333 481.0 , Est Remaining: 18.8
334 482.4 , Est Remaining: 17.3
335 483.8 , Est Remaining: 15.9
