Note: NumExpr detected 32 cores but "NUMEXPR_MAX_THREADS" not set, so enforcing safe limit of 8.
Using selector: EpollSelector
/n/home02/jhaefner/miniconda/envs/IC-3.7-2020-06-16/lib/python3.7/site-packages/scipy/optimize/minpack.py:808: OptimizeWarning: Covariance of the parameters could not be estimated
  category=OptimizeWarning)
Total rwfs: 346
0 0.0 , Est Remaining: 999999.9
1 1.5 , Est Remaining: 520.5
2 3.0 , Est Remaining: 515.1
3 4.5 , Est Remaining: 516.4
4 6.0 , Est Remaining: 514.3
5 7.5 , Est Remaining: 512.5
6 9.0 , Est Remaining: 509.9
7 10.5 , Est Remaining: 507.2
8 12.0 , Est Remaining: 505.2
9 13.4 , Est Remaining: 503.5
10 14.9 , Est Remaining: 501.7
11 16.4 , Est Remaining: 499.9
12 17.9 , Est Remaining: 498.1
13 19.4 , Est Remaining: 495.9
14 20.8 , Est Remaining: 493.7
15 22.3 , Est Remaining: 492.0
16 23.7 , Est Remaining: 489.8
17 25.2 , Est Remaining: 487.8
18 26.7 , Est Remaining: 486.6
19 28.2 , Est Remaining: 484.6
20 29.6 , Est Remaining: 482.9
21 31.1 , Est Remaining: 481.1
22 32.5 , Est Remaining: 479.3
23 34.0 , Est Remaining: 477.4
24 35.4 , Est Remaining: 475.5
25 36.9 , Est Remaining: 473.5
26 38.3 , Est Remaining: 471.9
27 39.8 , Est Remaining: 470.1
28 41.2 , Est Remaining: 468.2
29 42.7 , Est Remaining: 466.4
30 44.1 , Est Remaining: 464.6
31 45.6 , Est Remaining: 462.9
32 47.0 , Est Remaining: 461.4
33 48.5 , Est Remaining: 459.6
34 49.9 , Est Remaining: 457.7
35 51.3 , Est Remaining: 456.0
36 52.8 , Est Remaining: 454.3
37 54.2 , Est Remaining: 452.7
EVENT FAILED
37 54.5 , Est Remaining: 455.3
38 55.9 , Est Remaining: 453.5
39 57.4 , Est Remaining: 451.7
40 58.8 , Est Remaining: 450.2
41 60.3 , Est Remaining: 448.5
42 61.8 , Est Remaining: 447.0
43 63.2 , Est Remaining: 445.4
44 64.6 , Est Remaining: 443.7
45 66.1 , Est Remaining: 442.1
46 67.5 , Est Remaining: 440.4
47 69.0 , Est Remaining: 438.7
48 70.4 , Est Remaining: 437.1
49 71.8 , Est Remaining: 435.5
50 73.3 , Est Remaining: 433.9
51 74.7 , Est Remaining: 432.3
52 76.2 , Est Remaining: 430.7
53 77.6 , Est Remaining: 429.2
54 79.1 , Est Remaining: 427.7
55 80.5 , Est Remaining: 426.1
56 82.0 , Est Remaining: 424.5
57 83.4 , Est Remaining: 423.0
58 84.9 , Est Remaining: 421.4
59 86.3 , Est Remaining: 419.8
60 87.7 , Est Remaining: 418.2
61 89.2 , Est Remaining: 416.7
62 90.6 , Est Remaining: 415.1
63 92.1 , Est Remaining: 413.6
64 93.5 , Est Remaining: 412.0
65 94.9 , Est Remaining: 410.5
66 96.4 , Est Remaining: 409.0
67 97.8 , Est Remaining: 407.4
68 99.3 , Est Remaining: 405.9
69 100.7 , Est Remaining: 404.3
70 102.2 , Est Remaining: 402.9
71 103.6 , Est Remaining: 401.4
72 105.1 , Est Remaining: 400.0
73 106.6 , Est Remaining: 398.5
74 108.0 , Est Remaining: 397.1
75 109.5 , Est Remaining: 395.6
76 111.0 , Est Remaining: 394.2
77 112.4 , Est Remaining: 392.8
78 113.9 , Est Remaining: 391.3
79 115.3 , Est Remaining: 389.8
EVENT FAILED
79 115.7 , Est Remaining: 390.9
80 117.1 , Est Remaining: 389.4
81 118.6 , Est Remaining: 387.9
82 120.0 , Est Remaining: 386.4
83 121.5 , Est Remaining: 384.9
84 122.9 , Est Remaining: 383.4
85 124.4 , Est Remaining: 381.9
86 125.8 , Est Remaining: 380.5
87 127.3 , Est Remaining: 379.0
88 128.8 , Est Remaining: 377.5
89 130.2 , Est Remaining: 376.1
90 131.7 , Est Remaining: 374.6
91 133.2 , Est Remaining: 373.1
92 134.6 , Est Remaining: 371.6
93 136.1 , Est Remaining: 370.1
94 137.5 , Est Remaining: 368.7
95 139.0 , Est Remaining: 367.2
96 140.5 , Est Remaining: 365.8
97 141.9 , Est Remaining: 364.3
98 143.3 , Est Remaining: 362.7
99 144.8 , Est Remaining: 361.3
100 146.2 , Est Remaining: 359.7
101 147.7 , Est Remaining: 358.2
102 149.1 , Est Remaining: 356.6
103 150.6 , Est Remaining: 355.3
104 152.0 , Est Remaining: 353.8
105 153.5 , Est Remaining: 352.2
106 154.9 , Est Remaining: 350.7
107 156.3 , Est Remaining: 349.2
108 157.8 , Est Remaining: 347.7
EVENT FAILED
108 158.1 , Est Remaining: 348.4
EVENT FAILED
108 158.4 , Est Remaining: 349.0
109 159.8 , Est Remaining: 347.5
110 161.2 , Est Remaining: 345.9
111 162.6 , Est Remaining: 344.3
112 164.0 , Est Remaining: 342.7
113 165.4 , Est Remaining: 341.1
114 166.8 , Est Remaining: 339.5
EVENT FAILED
114 167.1 , Est Remaining: 340.2
115 168.5 , Est Remaining: 338.6
116 169.9 , Est Remaining: 337.0
117 171.4 , Est Remaining: 335.4
118 172.8 , Est Remaining: 333.8
119 174.2 , Est Remaining: 332.2
120 175.6 , Est Remaining: 330.6
121 176.9 , Est Remaining: 329.0
122 178.3 , Est Remaining: 327.4
123 179.7 , Est Remaining: 325.8
124 181.1 , Est Remaining: 324.3
125 182.5 , Est Remaining: 322.7
126 183.9 , Est Remaining: 321.1
127 185.3 , Est Remaining: 319.6
128 186.7 , Est Remaining: 318.0
129 188.1 , Est Remaining: 316.4
130 189.5 , Est Remaining: 314.8
131 190.9 , Est Remaining: 313.3
132 192.3 , Est Remaining: 311.7
133 193.7 , Est Remaining: 310.2
134 195.1 , Est Remaining: 308.6
135 196.5 , Est Remaining: 307.1
136 197.9 , Est Remaining: 305.5
137 199.2 , Est Remaining: 304.0
138 200.6 , Est Remaining: 302.4
139 202.0 , Est Remaining: 300.8
140 203.4 , Est Remaining: 299.2
141 204.7 , Est Remaining: 297.7
142 206.1 , Est Remaining: 296.1
143 207.5 , Est Remaining: 294.6
144 208.9 , Est Remaining: 293.0
145 210.3 , Est Remaining: 291.5
146 211.7 , Est Remaining: 289.9
147 213.1 , Est Remaining: 288.4
148 214.5 , Est Remaining: 286.9
149 215.9 , Est Remaining: 285.4
150 217.2 , Est Remaining: 283.9
151 218.6 , Est Remaining: 282.3
152 220.0 , Est Remaining: 280.8
153 221.4 , Est Remaining: 279.2
154 222.8 , Est Remaining: 277.7
155 224.2 , Est Remaining: 276.2
156 225.5 , Est Remaining: 274.7
157 226.9 , Est Remaining: 273.2
158 228.3 , Est Remaining: 271.7
159 229.7 , Est Remaining: 270.1
160 231.1 , Est Remaining: 268.6
161 232.5 , Est Remaining: 267.1
162 233.9 , Est Remaining: 265.6
163 235.3 , Est Remaining: 264.1
164 236.6 , Est Remaining: 262.6
165 238.0 , Est Remaining: 261.1
166 239.4 , Est Remaining: 259.6
167 240.8 , Est Remaining: 258.1
168 242.2 , Est Remaining: 256.6
169 243.6 , Est Remaining: 255.1
170 245.0 , Est Remaining: 253.7
171 246.4 , Est Remaining: 252.2
172 247.8 , Est Remaining: 250.7
173 249.2 , Est Remaining: 249.2
174 250.6 , Est Remaining: 247.8
175 252.0 , Est Remaining: 246.3
176 253.5 , Est Remaining: 244.8
177 254.9 , Est Remaining: 243.4
178 256.3 , Est Remaining: 241.9
179 257.7 , Est Remaining: 240.4
180 259.1 , Est Remaining: 239.0
181 260.5 , Est Remaining: 237.5
182 262.0 , Est Remaining: 236.1
183 263.4 , Est Remaining: 234.6
184 264.8 , Est Remaining: 233.1
185 266.2 , Est Remaining: 231.7
186 267.7 , Est Remaining: 230.2
187 269.1 , Est Remaining: 228.8
188 270.5 , Est Remaining: 227.3
EVENT FAILED
188 270.8 , Est Remaining: 227.6
189 272.3 , Est Remaining: 226.2
190 273.7 , Est Remaining: 224.7
191 275.1 , Est Remaining: 223.3
192 276.6 , Est Remaining: 221.8
193 278.0 , Est Remaining: 220.4
194 279.4 , Est Remaining: 218.9
195 280.9 , Est Remaining: 217.5
196 282.3 , Est Remaining: 216.0
197 283.7 , Est Remaining: 214.6
198 285.2 , Est Remaining: 213.2
199 286.6 , Est Remaining: 211.7
200 288.1 , Est Remaining: 210.3
201 289.5 , Est Remaining: 208.8
202 291.0 , Est Remaining: 207.4
203 292.5 , Est Remaining: 206.1
204 294.0 , Est Remaining: 204.7
205 295.5 , Est Remaining: 203.2
206 296.9 , Est Remaining: 201.8
207 298.4 , Est Remaining: 200.4
208 299.8 , Est Remaining: 198.9
209 301.3 , Est Remaining: 197.5
210 302.8 , Est Remaining: 196.1
211 304.2 , Est Remaining: 194.7
212 305.7 , Est Remaining: 193.2
213 307.2 , Est Remaining: 191.8
214 308.7 , Est Remaining: 190.4
215 310.1 , Est Remaining: 189.0
216 311.6 , Est Remaining: 187.5
217 313.1 , Est Remaining: 186.1
218 314.6 , Est Remaining: 184.7
219 316.0 , Est Remaining: 183.3
220 317.5 , Est Remaining: 181.8
221 319.0 , Est Remaining: 180.4
222 320.5 , Est Remaining: 179.0
223 321.9 , Est Remaining: 177.6
224 323.4 , Est Remaining: 176.1
225 324.9 , Est Remaining: 174.7
226 326.4 , Est Remaining: 173.3
227 327.8 , Est Remaining: 171.9
228 329.3 , Est Remaining: 170.4
229 330.8 , Est Remaining: 169.0
230 332.3 , Est Remaining: 167.6
231 333.7 , Est Remaining: 166.1
232 335.2 , Est Remaining: 164.7
233 336.6 , Est Remaining: 163.3
234 338.1 , Est Remaining: 161.8
235 339.5 , Est Remaining: 160.4
236 341.0 , Est Remaining: 158.9
237 342.4 , Est Remaining: 157.5
238 343.9 , Est Remaining: 156.1
239 345.3 , Est Remaining: 154.6
240 346.8 , Est Remaining: 153.2
241 348.3 , Est Remaining: 151.7
242 349.7 , Est Remaining: 150.3
243 351.2 , Est Remaining: 148.9
244 352.6 , Est Remaining: 147.4
245 354.1 , Est Remaining: 146.0
246 355.5 , Est Remaining: 144.5
247 357.0 , Est Remaining: 143.1
248 358.5 , Est Remaining: 141.6
249 359.9 , Est Remaining: 140.2
250 361.3 , Est Remaining: 138.7
251 362.7 , Est Remaining: 137.3
252 364.2 , Est Remaining: 135.8
253 365.6 , Est Remaining: 134.4
254 367.1 , Est Remaining: 133.0
255 368.5 , Est Remaining: 131.5
256 370.0 , Est Remaining: 130.1
257 371.4 , Est Remaining: 128.6
258 372.9 , Est Remaining: 127.2
EVENT FAILED
258 373.2 , Est Remaining: 127.3
259 374.7 , Est Remaining: 125.9
260 376.1 , Est Remaining: 124.4
EVENT FAILED
260 376.4 , Est Remaining: 124.5
261 377.9 , Est Remaining: 123.1
262 379.3 , Est Remaining: 121.6
263 380.8 , Est Remaining: 120.2
264 382.2 , Est Remaining: 118.7
265 383.6 , Est Remaining: 117.3
266 385.1 , Est Remaining: 115.8
267 386.5 , Est Remaining: 114.4
EVENT FAILED
267 386.8 , Est Remaining: 114.5
268 388.3 , Est Remaining: 113.0
269 389.7 , Est Remaining: 111.6
270 391.2 , Est Remaining: 110.1
271 392.6 , Est Remaining: 108.7
272 394.1 , Est Remaining: 107.2
273 395.5 , Est Remaining: 105.8
274 396.9 , Est Remaining: 104.3
275 398.4 , Est Remaining: 102.9
276 399.8 , Est Remaining: 101.4
277 401.3 , Est Remaining: 100.0
278 402.7 , Est Remaining: 98.5
279 404.2 , Est Remaining: 97.1
280 405.6 , Est Remaining: 95.6
281 407.1 , Est Remaining: 94.2
282 408.5 , Est Remaining: 92.7
283 410.0 , Est Remaining: 91.3
284 411.4 , Est Remaining: 89.8
285 412.9 , Est Remaining: 88.4
286 414.3 , Est Remaining: 86.9
287 415.8 , Est Remaining: 85.5
288 417.2 , Est Remaining: 84.0
289 418.7 , Est Remaining: 82.6
290 420.1 , Est Remaining: 81.1
291 421.5 , Est Remaining: 79.7
EVENT FAILED
291 421.8 , Est Remaining: 79.7
292 423.3 , Est Remaining: 78.3
293 424.8 , Est Remaining: 76.8
294 426.2 , Est Remaining: 75.4
295 427.7 , Est Remaining: 73.9
EVENT FAILED
295 428.0 , Est Remaining: 74.0
296 429.4 , Est Remaining: 72.5
297 430.8 , Est Remaining: 71.1
298 432.3 , Est Remaining: 69.6
299 433.7 , Est Remaining: 68.2
300 435.2 , Est Remaining: 66.7
EVENT FAILED
300 435.5 , Est Remaining: 66.8
301 436.9 , Est Remaining: 65.3
302 438.6 , Est Remaining: 63.9
303 440.0 , Est Remaining: 62.4
304 441.5 , Est Remaining: 61.0
305 443.0 , Est Remaining: 59.5
306 444.4 , Est Remaining: 58.1
307 445.9 , Est Remaining: 56.6
308 447.3 , Est Remaining: 55.2
309 448.8 , Est Remaining: 53.7
310 450.2 , Est Remaining: 52.3
311 451.7 , Est Remaining: 50.8
312 453.1 , Est Remaining: 49.4
313 454.6 , Est Remaining: 47.9
314 456.0 , Est Remaining: 46.5
315 457.5 , Est Remaining: 45.0
316 458.9 , Est Remaining: 43.6
317 460.4 , Est Remaining: 42.1
318 461.8 , Est Remaining: 40.7
319 463.2 , Est Remaining: 39.2
320 464.7 , Est Remaining: 37.8
321 466.1 , Est Remaining: 36.3
322 467.6 , Est Remaining: 34.8
323 469.0 , Est Remaining: 33.4
324 470.4 , Est Remaining: 31.9
325 471.8 , Est Remaining: 30.5
326 473.2 , Est Remaining: 29.0
327 474.6 , Est Remaining: 27.6
328 476.0 , Est Remaining: 26.1
329 477.4 , Est Remaining: 24.7
330 478.7 , Est Remaining: 23.2
331 480.1 , Est Remaining: 21.8
332 481.5 , Est Remaining: 20.3
333 482.8 , Est Remaining: 18.8
