Note: NumExpr detected 32 cores but "NUMEXPR_MAX_THREADS" not set, so enforcing safe limit of 8.
Using selector: EpollSelector
/n/home02/jhaefner/miniconda/envs/IC-3.7-2020-06-16/lib/python3.7/site-packages/scipy/optimize/minpack.py:808: OptimizeWarning: Covariance of the parameters could not be estimated
  category=OptimizeWarning)
Total rwfs: 346
0 0.0 , Est Remaining: 999999.9
1 1.5 , Est Remaining: 525.3
2 3.0 , Est Remaining: 509.4
3 4.4 , Est Remaining: 507.4
4 5.9 , Est Remaining: 502.7
5 7.3 , Est Remaining: 499.5
6 8.8 , Est Remaining: 496.6
7 10.2 , Est Remaining: 494.2
8 11.7 , Est Remaining: 492.9
9 13.1 , Est Remaining: 490.8
10 14.6 , Est Remaining: 489.3
11 16.0 , Est Remaining: 488.8
12 17.5 , Est Remaining: 487.2
13 18.9 , Est Remaining: 485.1
14 20.4 , Est Remaining: 483.4
15 21.9 , Est Remaining: 482.2
16 23.3 , Est Remaining: 480.8
17 24.8 , Est Remaining: 479.3
18 26.2 , Est Remaining: 477.9
19 27.7 , Est Remaining: 476.9
20 29.2 , Est Remaining: 476.2
21 30.7 , Est Remaining: 474.9
22 32.2 , Est Remaining: 473.7
23 33.6 , Est Remaining: 472.3
24 35.1 , Est Remaining: 471.3
25 36.6 , Est Remaining: 470.3
26 38.1 , Est Remaining: 469.2
27 39.6 , Est Remaining: 468.0
28 41.0 , Est Remaining: 466.2
29 42.5 , Est Remaining: 464.9
30 44.0 , Est Remaining: 463.5
31 45.5 , Est Remaining: 462.2
32 47.0 , Est Remaining: 460.8
33 48.4 , Est Remaining: 459.3
34 49.9 , Est Remaining: 458.1
35 51.4 , Est Remaining: 456.9
36 52.9 , Est Remaining: 455.6
37 54.4 , Est Remaining: 454.2
38 55.9 , Est Remaining: 452.7
39 57.3 , Est Remaining: 451.3
40 58.8 , Est Remaining: 449.8
41 60.3 , Est Remaining: 448.3
42 61.7 , Est Remaining: 446.8
43 63.2 , Est Remaining: 445.4
44 64.7 , Est Remaining: 443.9
45 66.2 , Est Remaining: 442.5
46 67.6 , Est Remaining: 441.0
47 69.1 , Est Remaining: 439.6
48 70.6 , Est Remaining: 438.0
49 72.0 , Est Remaining: 436.5
50 73.5 , Est Remaining: 435.0
51 74.9 , Est Remaining: 433.4
52 76.4 , Est Remaining: 431.9
53 77.9 , Est Remaining: 430.5
54 79.3 , Est Remaining: 429.1
55 80.8 , Est Remaining: 427.5
56 82.3 , Est Remaining: 426.1
57 83.8 , Est Remaining: 424.6
58 85.2 , Est Remaining: 423.2
EVENT FAILED
58 85.5 , Est Remaining: 424.7
59 87.0 , Est Remaining: 423.2
60 88.5 , Est Remaining: 421.7
61 89.9 , Est Remaining: 420.2
62 91.4 , Est Remaining: 418.7
63 92.9 , Est Remaining: 417.2
64 94.3 , Est Remaining: 415.7
65 95.8 , Est Remaining: 414.2
66 97.3 , Est Remaining: 412.7
EVENT FAILED
66 97.6 , Est Remaining: 414.0
67 99.0 , Est Remaining: 412.4
68 100.5 , Est Remaining: 411.0
EVENT FAILED
68 100.8 , Est Remaining: 412.2
69 102.3 , Est Remaining: 410.6
70 103.7 , Est Remaining: 409.0
71 105.2 , Est Remaining: 407.5
72 106.7 , Est Remaining: 405.9
73 108.1 , Est Remaining: 404.4
74 109.6 , Est Remaining: 402.7
EVENT FAILED
74 109.9 , Est Remaining: 403.9
EVENT FAILED
74 110.7 , Est Remaining: 406.8
75 112.1 , Est Remaining: 405.2
76 113.6 , Est Remaining: 403.5
77 115.0 , Est Remaining: 401.9
78 116.5 , Est Remaining: 400.4
79 118.0 , Est Remaining: 398.7
80 119.4 , Est Remaining: 397.1
81 120.9 , Est Remaining: 395.4
82 122.3 , Est Remaining: 393.8
83 123.7 , Est Remaining: 392.1
84 125.2 , Est Remaining: 390.5
85 126.7 , Est Remaining: 388.9
86 128.1 , Est Remaining: 387.4
87 129.6 , Est Remaining: 385.8
88 131.0 , Est Remaining: 384.2
89 132.5 , Est Remaining: 382.6
90 133.9 , Est Remaining: 381.0
EVENT FAILED
90 134.2 , Est Remaining: 381.9
EVENT FAILED
90 134.6 , Est Remaining: 382.8
91 136.0 , Est Remaining: 381.2
92 137.5 , Est Remaining: 379.7
93 139.0 , Est Remaining: 378.2
94 140.5 , Est Remaining: 376.7
95 142.0 , Est Remaining: 375.2
96 143.5 , Est Remaining: 373.6
97 144.9 , Est Remaining: 372.0
98 146.4 , Est Remaining: 370.5
99 147.9 , Est Remaining: 368.9
100 149.3 , Est Remaining: 367.3
101 150.8 , Est Remaining: 365.7
102 152.2 , Est Remaining: 364.1
103 153.8 , Est Remaining: 362.8
104 155.2 , Est Remaining: 361.2
105 156.7 , Est Remaining: 359.6
106 158.1 , Est Remaining: 358.0
107 159.6 , Est Remaining: 356.4
108 161.0 , Est Remaining: 354.9
109 162.5 , Est Remaining: 353.3
110 163.9 , Est Remaining: 351.7
111 165.4 , Est Remaining: 350.1
112 166.8 , Est Remaining: 348.6
113 168.3 , Est Remaining: 347.0
114 169.8 , Est Remaining: 345.5
115 171.2 , Est Remaining: 343.9
116 172.7 , Est Remaining: 342.4
117 174.1 , Est Remaining: 340.8
118 175.6 , Est Remaining: 339.3
119 177.1 , Est Remaining: 337.8
120 178.5 , Est Remaining: 336.2
121 180.0 , Est Remaining: 334.7
EVENT FAILED
121 180.3 , Est Remaining: 335.2
122 181.7 , Est Remaining: 333.7
123 183.2 , Est Remaining: 332.1
124 184.7 , Est Remaining: 330.6
EVENT FAILED
124 185.0 , Est Remaining: 331.1
EVENT FAILED
124 185.3 , Est Remaining: 331.7
125 186.8 , Est Remaining: 330.3
126 188.3 , Est Remaining: 328.8
127 189.7 , Est Remaining: 327.2
128 191.2 , Est Remaining: 325.6
129 192.7 , Est Remaining: 324.1
130 194.1 , Est Remaining: 322.6
131 195.6 , Est Remaining: 321.1
132 197.1 , Est Remaining: 319.5
133 198.5 , Est Remaining: 318.0
134 200.0 , Est Remaining: 316.4
135 201.5 , Est Remaining: 314.9
EVENT FAILED
135 201.8 , Est Remaining: 315.4
136 203.2 , Est Remaining: 313.8
137 204.7 , Est Remaining: 312.2
138 206.1 , Est Remaining: 310.7
139 207.6 , Est Remaining: 309.1
140 209.0 , Est Remaining: 307.6
141 210.5 , Est Remaining: 306.0
142 212.0 , Est Remaining: 304.5
143 213.4 , Est Remaining: 303.0
144 214.8 , Est Remaining: 301.4
145 216.3 , Est Remaining: 299.8
146 217.7 , Est Remaining: 298.3
147 219.2 , Est Remaining: 296.7
148 220.6 , Est Remaining: 295.2
149 222.1 , Est Remaining: 293.6
150 223.5 , Est Remaining: 292.1
151 225.0 , Est Remaining: 290.5
152 226.4 , Est Remaining: 289.0
153 227.8 , Est Remaining: 287.4
154 229.3 , Est Remaining: 285.9
155 230.8 , Est Remaining: 284.4
156 232.2 , Est Remaining: 282.8
157 233.6 , Est Remaining: 281.3
158 235.1 , Est Remaining: 279.7
159 236.5 , Est Remaining: 278.2
160 238.0 , Est Remaining: 276.7
161 239.4 , Est Remaining: 275.1
162 240.8 , Est Remaining: 273.6
163 242.3 , Est Remaining: 272.0
164 243.7 , Est Remaining: 270.5
165 245.1 , Est Remaining: 268.9
166 246.6 , Est Remaining: 267.4
167 248.0 , Est Remaining: 265.8
168 249.4 , Est Remaining: 264.2
169 250.8 , Est Remaining: 262.6
170 252.2 , Est Remaining: 261.1
171 253.6 , Est Remaining: 259.5
172 255.0 , Est Remaining: 258.0
173 256.4 , Est Remaining: 256.4
EVENT FAILED
173 257.4 , Est Remaining: 257.4
174 258.8 , Est Remaining: 255.8
175 260.2 , Est Remaining: 254.2
176 261.6 , Est Remaining: 252.6
177 263.0 , Est Remaining: 251.1
178 264.4 , Est Remaining: 249.5
179 265.8 , Est Remaining: 247.9
180 267.1 , Est Remaining: 246.4
181 268.5 , Est Remaining: 244.8
182 269.9 , Est Remaining: 243.2
183 271.3 , Est Remaining: 241.7
184 272.7 , Est Remaining: 240.1
185 274.1 , Est Remaining: 238.6
186 275.5 , Est Remaining: 237.0
187 276.9 , Est Remaining: 235.5
188 278.3 , Est Remaining: 233.9
189 279.7 , Est Remaining: 232.3
190 281.1 , Est Remaining: 230.8
191 282.5 , Est Remaining: 229.3
192 283.9 , Est Remaining: 227.7
193 285.3 , Est Remaining: 226.2
194 286.7 , Est Remaining: 224.6
195 288.1 , Est Remaining: 223.1
196 289.5 , Est Remaining: 221.6
197 290.9 , Est Remaining: 220.0
198 292.3 , Est Remaining: 218.5
199 293.7 , Est Remaining: 217.0
200 295.2 , Est Remaining: 215.5
201 296.6 , Est Remaining: 214.0
202 298.1 , Est Remaining: 212.5
EVENT FAILED
202 298.4 , Est Remaining: 212.8
203 299.8 , Est Remaining: 211.2
204 301.2 , Est Remaining: 209.7
205 302.6 , Est Remaining: 208.1
206 304.0 , Est Remaining: 206.6
207 305.4 , Est Remaining: 205.1
208 306.8 , Est Remaining: 203.5
209 308.2 , Est Remaining: 202.0
210 309.6 , Est Remaining: 200.5
211 311.0 , Est Remaining: 199.0
212 312.4 , Est Remaining: 197.5
213 313.8 , Est Remaining: 195.9
214 315.2 , Est Remaining: 194.4
215 316.6 , Est Remaining: 192.9
216 318.0 , Est Remaining: 191.4
217 319.4 , Est Remaining: 189.9
218 320.8 , Est Remaining: 188.4
219 322.2 , Est Remaining: 186.8
220 323.6 , Est Remaining: 185.3
221 325.0 , Est Remaining: 183.8
EVENT FAILED
221 325.3 , Est Remaining: 184.0
222 326.7 , Est Remaining: 182.5
223 328.1 , Est Remaining: 181.0
224 329.5 , Est Remaining: 179.4
225 330.9 , Est Remaining: 177.9
226 332.3 , Est Remaining: 176.4
227 333.7 , Est Remaining: 174.9
228 335.1 , Est Remaining: 173.4
229 336.5 , Est Remaining: 171.9
230 338.0 , Est Remaining: 170.4
231 339.4 , Est Remaining: 169.0
232 340.8 , Est Remaining: 167.5
233 342.3 , Est Remaining: 166.0
234 343.7 , Est Remaining: 164.5
235 345.2 , Est Remaining: 163.1
236 346.6 , Est Remaining: 161.6
237 348.1 , Est Remaining: 160.1
238 349.5 , Est Remaining: 158.6
239 351.0 , Est Remaining: 157.1
240 352.4 , Est Remaining: 155.7
241 353.9 , Est Remaining: 154.2
242 355.3 , Est Remaining: 152.7
243 356.7 , Est Remaining: 151.2
244 358.2 , Est Remaining: 149.7
245 359.6 , Est Remaining: 148.3
246 361.1 , Est Remaining: 146.8
247 362.5 , Est Remaining: 145.3
248 364.0 , Est Remaining: 143.8
249 365.5 , Est Remaining: 142.4
250 366.9 , Est Remaining: 140.9
251 368.4 , Est Remaining: 139.4
252 369.8 , Est Remaining: 138.0
253 371.3 , Est Remaining: 136.5
254 372.7 , Est Remaining: 135.0
255 374.2 , Est Remaining: 133.5
256 375.7 , Est Remaining: 132.1
257 377.2 , Est Remaining: 130.6
258 378.6 , Est Remaining: 129.2
259 380.1 , Est Remaining: 127.7
260 381.6 , Est Remaining: 126.2
261 383.0 , Est Remaining: 124.7
262 384.5 , Est Remaining: 123.3
263 386.0 , Est Remaining: 121.8
264 387.4 , Est Remaining: 120.3
265 388.9 , Est Remaining: 118.9
266 390.4 , Est Remaining: 117.4
267 391.8 , Est Remaining: 115.9
268 393.3 , Est Remaining: 114.5
269 394.7 , Est Remaining: 113.0
270 396.2 , Est Remaining: 111.5
271 397.7 , Est Remaining: 110.1
272 399.1 , Est Remaining: 108.6
273 400.6 , Est Remaining: 107.1
274 402.1 , Est Remaining: 105.7
275 403.5 , Est Remaining: 104.2
276 405.0 , Est Remaining: 102.7
277 406.5 , Est Remaining: 101.2
278 407.9 , Est Remaining: 99.8
279 409.4 , Est Remaining: 98.3
280 410.9 , Est Remaining: 96.8
281 412.3 , Est Remaining: 95.4
282 413.8 , Est Remaining: 93.9
283 415.2 , Est Remaining: 92.4
284 416.7 , Est Remaining: 91.0
285 418.2 , Est Remaining: 89.5
286 419.6 , Est Remaining: 88.0
287 421.1 , Est Remaining: 86.6
288 422.5 , Est Remaining: 85.1
289 424.0 , Est Remaining: 83.6
290 425.4 , Est Remaining: 82.1
EVENT FAILED
290 425.7 , Est Remaining: 82.2
291 427.2 , Est Remaining: 80.7
292 428.6 , Est Remaining: 79.3
EVENT FAILED
292 428.9 , Est Remaining: 79.3
293 430.4 , Est Remaining: 77.9
294 431.9 , Est Remaining: 76.4
295 433.3 , Est Remaining: 74.9
296 434.8 , Est Remaining: 73.4
297 436.3 , Est Remaining: 72.0
298 437.7 , Est Remaining: 70.5
299 439.2 , Est Remaining: 69.0
300 440.7 , Est Remaining: 67.6
301 442.4 , Est Remaining: 66.1
302 443.8 , Est Remaining: 64.7
303 445.3 , Est Remaining: 63.2
304 446.8 , Est Remaining: 61.7
EVENT FAILED
304 447.1 , Est Remaining: 61.8
305 448.5 , Est Remaining: 60.3
306 449.9 , Est Remaining: 58.8
307 451.4 , Est Remaining: 57.3
308 452.8 , Est Remaining: 55.9
309 454.2 , Est Remaining: 54.4
EVENT FAILED
309 454.5 , Est Remaining: 54.4
310 455.9 , Est Remaining: 52.9
311 457.3 , Est Remaining: 51.5
312 458.7 , Est Remaining: 50.0
313 460.1 , Est Remaining: 48.5
314 461.5 , Est Remaining: 47.0
315 462.9 , Est Remaining: 45.6
316 464.2 , Est Remaining: 44.1
317 465.6 , Est Remaining: 42.6
318 467.0 , Est Remaining: 41.1
319 468.4 , Est Remaining: 39.6
320 469.8 , Est Remaining: 38.2
321 471.2 , Est Remaining: 36.7
322 472.5 , Est Remaining: 35.2
323 473.9 , Est Remaining: 33.7
324 475.3 , Est Remaining: 32.3
325 476.7 , Est Remaining: 30.8
326 478.0 , Est Remaining: 29.3
327 479.4 , Est Remaining: 27.9
