Note: NumExpr detected 32 cores but "NUMEXPR_MAX_THREADS" not set, so enforcing safe limit of 8.
Using selector: EpollSelector
/n/home02/jhaefner/miniconda/envs/IC-3.7-2020-06-16/lib/python3.7/site-packages/scipy/optimize/minpack.py:808: OptimizeWarning: Covariance of the parameters could not be estimated
  category=OptimizeWarning)
Total rwfs: 346
0 0.0 , Est Remaining: 999999.9
1 1.5 , Est Remaining: 520.6
2 3.0 , Est Remaining: 516.4
3 4.5 , Est Remaining: 516.6
4 6.0 , Est Remaining: 511.3
5 7.5 , Est Remaining: 508.2
6 8.9 , Est Remaining: 507.0
7 10.4 , Est Remaining: 504.1
8 11.9 , Est Remaining: 501.5
9 13.3 , Est Remaining: 498.6
10 14.8 , Est Remaining: 496.1
11 16.2 , Est Remaining: 493.4
12 17.7 , Est Remaining: 492.0
13 19.1 , Est Remaining: 490.5
14 20.6 , Est Remaining: 488.7
15 22.0 , Est Remaining: 486.2
16 23.5 , Est Remaining: 484.1
17 24.9 , Est Remaining: 482.2
18 26.4 , Est Remaining: 480.2
19 27.8 , Est Remaining: 478.3
20 29.2 , Est Remaining: 476.6
21 30.7 , Est Remaining: 474.8
22 32.1 , Est Remaining: 473.1
23 33.6 , Est Remaining: 471.4
24 35.0 , Est Remaining: 469.7
25 36.5 , Est Remaining: 468.2
26 37.9 , Est Remaining: 466.6
27 39.3 , Est Remaining: 464.9
28 40.8 , Est Remaining: 463.1
29 42.2 , Est Remaining: 461.6
30 43.7 , Est Remaining: 460.2
31 45.1 , Est Remaining: 458.6
32 46.6 , Est Remaining: 456.8
33 48.0 , Est Remaining: 455.2
34 49.4 , Est Remaining: 453.5
35 50.9 , Est Remaining: 451.9
36 52.3 , Est Remaining: 450.4
37 53.7 , Est Remaining: 448.9
38 55.2 , Est Remaining: 447.5
39 56.7 , Est Remaining: 446.1
40 58.1 , Est Remaining: 444.4
41 59.6 , Est Remaining: 443.0
42 61.0 , Est Remaining: 441.5
43 62.5 , Est Remaining: 440.2
44 63.9 , Est Remaining: 438.8
45 65.4 , Est Remaining: 437.4
46 66.9 , Est Remaining: 436.0
47 68.3 , Est Remaining: 434.6
48 69.7 , Est Remaining: 433.0
49 71.2 , Est Remaining: 431.5
50 72.6 , Est Remaining: 429.9
51 74.1 , Est Remaining: 428.5
52 75.5 , Est Remaining: 426.9
53 76.9 , Est Remaining: 425.4
54 78.4 , Est Remaining: 423.9
55 79.8 , Est Remaining: 422.3
56 81.3 , Est Remaining: 420.8
57 82.7 , Est Remaining: 419.3
58 84.1 , Est Remaining: 417.7
59 85.6 , Est Remaining: 416.2
60 87.0 , Est Remaining: 414.7
61 88.4 , Est Remaining: 413.2
62 89.9 , Est Remaining: 411.8
63 91.4 , Est Remaining: 410.4
64 92.8 , Est Remaining: 408.9
65 94.2 , Est Remaining: 407.4
66 95.7 , Est Remaining: 406.0
67 97.1 , Est Remaining: 404.5
68 98.6 , Est Remaining: 403.1
69 100.1 , Est Remaining: 401.7
70 101.5 , Est Remaining: 400.2
71 103.0 , Est Remaining: 398.8
72 104.4 , Est Remaining: 397.4
73 105.9 , Est Remaining: 395.9
74 107.3 , Est Remaining: 394.5
75 108.8 , Est Remaining: 393.1
76 110.2 , Est Remaining: 391.7
77 111.7 , Est Remaining: 390.3
78 113.2 , Est Remaining: 388.9
79 114.7 , Est Remaining: 387.6
80 116.2 , Est Remaining: 386.3
81 117.7 , Est Remaining: 384.9
82 119.1 , Est Remaining: 383.5
83 120.6 , Est Remaining: 382.1
84 122.1 , Est Remaining: 380.8
85 123.5 , Est Remaining: 379.4
86 125.0 , Est Remaining: 378.0
87 126.5 , Est Remaining: 376.6
88 128.0 , Est Remaining: 375.2
89 129.5 , Est Remaining: 373.8
90 130.9 , Est Remaining: 372.4
91 132.4 , Est Remaining: 371.0
92 133.9 , Est Remaining: 369.6
93 135.3 , Est Remaining: 368.2
94 136.8 , Est Remaining: 366.8
95 138.3 , Est Remaining: 365.3
96 139.7 , Est Remaining: 363.9
97 141.2 , Est Remaining: 362.5
98 142.7 , Est Remaining: 361.0
99 144.1 , Est Remaining: 359.6
100 145.6 , Est Remaining: 358.2
101 147.1 , Est Remaining: 356.7
102 148.5 , Est Remaining: 355.3
103 150.1 , Est Remaining: 354.1
104 151.6 , Est Remaining: 352.7
105 153.0 , Est Remaining: 351.2
106 154.5 , Est Remaining: 349.8
107 156.0 , Est Remaining: 348.4
108 157.5 , Est Remaining: 347.0
109 158.9 , Est Remaining: 345.6
110 160.4 , Est Remaining: 344.1
111 161.9 , Est Remaining: 342.7
112 163.3 , Est Remaining: 341.2
113 164.8 , Est Remaining: 339.8
114 166.3 , Est Remaining: 338.4
115 167.8 , Est Remaining: 337.0
116 169.2 , Est Remaining: 335.6
117 170.7 , Est Remaining: 334.2
118 172.2 , Est Remaining: 332.8
119 173.7 , Est Remaining: 331.4
120 175.2 , Est Remaining: 330.0
121 176.7 , Est Remaining: 328.6
122 178.2 , Est Remaining: 327.3
123 179.7 , Est Remaining: 325.8
124 181.2 , Est Remaining: 324.4
125 182.7 , Est Remaining: 323.0
126 184.2 , Est Remaining: 321.6
127 185.6 , Est Remaining: 320.1
128 187.1 , Est Remaining: 318.7
129 188.6 , Est Remaining: 317.3
130 190.1 , Est Remaining: 315.9
131 191.6 , Est Remaining: 314.4
132 193.1 , Est Remaining: 313.0
133 194.6 , Est Remaining: 311.6
134 196.0 , Est Remaining: 310.1
135 197.5 , Est Remaining: 308.7
136 198.9 , Est Remaining: 307.2
137 200.4 , Est Remaining: 305.7
138 201.8 , Est Remaining: 304.2
139 203.3 , Est Remaining: 302.8
140 204.8 , Est Remaining: 301.3
141 206.2 , Est Remaining: 299.8
142 207.7 , Est Remaining: 298.3
143 209.1 , Est Remaining: 296.9
144 210.6 , Est Remaining: 295.4
145 212.1 , Est Remaining: 294.0
146 213.5 , Est Remaining: 292.5
147 215.0 , Est Remaining: 291.0
148 216.4 , Est Remaining: 289.6
149 217.9 , Est Remaining: 288.1
150 219.4 , Est Remaining: 286.6
151 220.8 , Est Remaining: 285.2
152 222.3 , Est Remaining: 283.7
153 223.7 , Est Remaining: 282.2
154 225.1 , Est Remaining: 280.7
155 226.6 , Est Remaining: 279.2
156 228.0 , Est Remaining: 277.7
157 229.4 , Est Remaining: 276.2
EVENT FAILED
157 229.8 , Est Remaining: 276.6
158 231.2 , Est Remaining: 275.1
159 232.7 , Est Remaining: 273.6
160 234.2 , Est Remaining: 272.2
161 235.6 , Est Remaining: 270.7
162 237.0 , Est Remaining: 269.2
163 238.5 , Est Remaining: 267.7
164 239.9 , Est Remaining: 266.3
165 241.4 , Est Remaining: 264.8
EVENT FAILED
165 241.7 , Est Remaining: 265.1
166 243.2 , Est Remaining: 263.7
167 244.6 , Est Remaining: 262.2
168 246.1 , Est Remaining: 260.7
169 247.5 , Est Remaining: 259.2
170 248.9 , Est Remaining: 257.7
171 250.4 , Est Remaining: 256.3
EVENT FAILED
171 250.7 , Est Remaining: 256.6
172 252.2 , Est Remaining: 255.1
173 253.6 , Est Remaining: 253.6
174 255.1 , Est Remaining: 252.2
175 256.6 , Est Remaining: 250.7
176 258.0 , Est Remaining: 249.2
177 259.5 , Est Remaining: 247.8
178 260.9 , Est Remaining: 246.3
179 262.4 , Est Remaining: 244.8
180 263.9 , Est Remaining: 243.3
181 265.3 , Est Remaining: 241.9
182 266.8 , Est Remaining: 240.4
183 268.2 , Est Remaining: 238.9
184 269.7 , Est Remaining: 237.4
185 271.1 , Est Remaining: 235.9
186 272.5 , Est Remaining: 234.5
187 274.0 , Est Remaining: 233.0
188 275.4 , Est Remaining: 231.5
189 276.9 , Est Remaining: 230.0
190 278.3 , Est Remaining: 228.5
191 279.8 , Est Remaining: 227.0
192 281.2 , Est Remaining: 225.6
193 282.7 , Est Remaining: 224.1
194 284.1 , Est Remaining: 222.6
195 285.6 , Est Remaining: 221.1
196 287.0 , Est Remaining: 219.7
197 288.5 , Est Remaining: 218.2
198 289.9 , Est Remaining: 216.7
199 291.4 , Est Remaining: 215.3
200 292.9 , Est Remaining: 213.8
201 294.2 , Est Remaining: 212.2
202 295.7 , Est Remaining: 210.8
203 297.3 , Est Remaining: 209.4
204 298.7 , Est Remaining: 207.9
EVENT FAILED
204 299.0 , Est Remaining: 208.1
205 300.5 , Est Remaining: 206.7
206 301.9 , Est Remaining: 205.2
207 303.4 , Est Remaining: 203.7
208 304.9 , Est Remaining: 202.3
209 306.3 , Est Remaining: 200.8
210 307.8 , Est Remaining: 199.3
211 309.2 , Est Remaining: 197.8
212 310.7 , Est Remaining: 196.4
213 312.2 , Est Remaining: 194.9
214 313.6 , Est Remaining: 193.4
215 315.1 , Est Remaining: 192.0
216 316.5 , Est Remaining: 190.5
217 318.0 , Est Remaining: 189.0
218 319.4 , Est Remaining: 187.6
219 320.9 , Est Remaining: 186.1
220 322.4 , Est Remaining: 184.6
221 323.8 , Est Remaining: 183.2
222 325.3 , Est Remaining: 181.7
223 326.7 , Est Remaining: 180.2
224 328.2 , Est Remaining: 178.8
225 329.7 , Est Remaining: 177.3
226 331.2 , Est Remaining: 175.8
227 332.6 , Est Remaining: 174.4
228 334.1 , Est Remaining: 172.9
229 335.5 , Est Remaining: 171.4
230 337.0 , Est Remaining: 170.0
231 338.5 , Est Remaining: 168.5
232 340.0 , Est Remaining: 167.1
233 341.5 , Est Remaining: 165.6
234 343.0 , Est Remaining: 164.2
235 344.4 , Est Remaining: 162.7
236 345.8 , Est Remaining: 161.2
237 347.3 , Est Remaining: 159.7
238 348.7 , Est Remaining: 158.2
239 350.2 , Est Remaining: 156.8
240 351.7 , Est Remaining: 155.3
EVENT FAILED
240 352.0 , Est Remaining: 155.5
241 353.5 , Est Remaining: 154.0
242 354.9 , Est Remaining: 152.5
243 356.4 , Est Remaining: 151.1
244 357.8 , Est Remaining: 149.6
245 359.3 , Est Remaining: 148.1
246 360.7 , Est Remaining: 146.6
247 362.2 , Est Remaining: 145.2
248 363.7 , Est Remaining: 143.7
249 365.2 , Est Remaining: 142.3
250 366.6 , Est Remaining: 140.8
251 368.1 , Est Remaining: 139.3
252 369.5 , Est Remaining: 137.8
253 371.0 , Est Remaining: 136.4
254 372.4 , Est Remaining: 134.9
255 373.8 , Est Remaining: 133.4
256 375.3 , Est Remaining: 131.9
257 376.7 , Est Remaining: 130.5
258 378.1 , Est Remaining: 129.0
259 379.6 , Est Remaining: 127.5
EVENT FAILED
259 379.9 , Est Remaining: 127.6
260 381.3 , Est Remaining: 126.1
261 382.7 , Est Remaining: 124.6
262 384.2 , Est Remaining: 123.2
263 385.6 , Est Remaining: 121.7
264 387.0 , Est Remaining: 120.2
265 388.3 , Est Remaining: 118.7
266 389.7 , Est Remaining: 117.2
267 391.1 , Est Remaining: 115.7
268 392.6 , Est Remaining: 114.3
269 394.0 , Est Remaining: 112.8
270 395.4 , Est Remaining: 111.3
271 396.8 , Est Remaining: 109.8
272 398.2 , Est Remaining: 108.3
273 399.6 , Est Remaining: 106.9
274 401.0 , Est Remaining: 105.4
275 402.5 , Est Remaining: 103.9
276 403.9 , Est Remaining: 102.4
277 405.3 , Est Remaining: 101.0
278 406.7 , Est Remaining: 99.5
279 408.1 , Est Remaining: 98.0
280 409.5 , Est Remaining: 96.5
281 410.9 , Est Remaining: 95.1
282 412.3 , Est Remaining: 93.6
283 413.7 , Est Remaining: 92.1
284 415.1 , Est Remaining: 90.6
285 416.6 , Est Remaining: 89.2
286 418.0 , Est Remaining: 87.7
287 419.4 , Est Remaining: 86.2
288 420.8 , Est Remaining: 84.7
289 422.2 , Est Remaining: 83.3
290 423.6 , Est Remaining: 81.8
291 425.0 , Est Remaining: 80.3
292 426.4 , Est Remaining: 78.9
293 427.8 , Est Remaining: 77.4
294 429.2 , Est Remaining: 75.9
295 430.6 , Est Remaining: 74.4
296 432.0 , Est Remaining: 73.0
297 433.4 , Est Remaining: 71.5
298 434.8 , Est Remaining: 70.0
299 436.2 , Est Remaining: 68.6
300 437.6 , Est Remaining: 67.1
301 439.0 , Est Remaining: 65.6
302 440.5 , Est Remaining: 64.2
303 441.9 , Est Remaining: 62.7
304 443.3 , Est Remaining: 61.2
305 444.7 , Est Remaining: 59.8
306 446.1 , Est Remaining: 58.3
307 447.5 , Est Remaining: 56.8
308 448.9 , Est Remaining: 55.4
EVENT FAILED
308 449.2 , Est Remaining: 55.4
309 450.6 , Est Remaining: 54.0
310 452.0 , Est Remaining: 52.5
311 453.4 , Est Remaining: 51.0
312 454.7 , Est Remaining: 49.6
313 456.1 , Est Remaining: 48.1
314 457.5 , Est Remaining: 46.6
315 458.9 , Est Remaining: 45.2
316 460.3 , Est Remaining: 43.7
317 461.6 , Est Remaining: 42.2
318 463.0 , Est Remaining: 40.8
319 464.4 , Est Remaining: 39.3
320 465.8 , Est Remaining: 37.8
321 467.1 , Est Remaining: 36.4
322 468.5 , Est Remaining: 34.9
323 469.9 , Est Remaining: 33.5
324 471.3 , Est Remaining: 32.0
325 472.7 , Est Remaining: 30.5
326 474.0 , Est Remaining: 29.1
327 475.4 , Est Remaining: 27.6
328 476.8 , Est Remaining: 26.2
329 478.2 , Est Remaining: 24.7
330 479.5 , Est Remaining: 23.2
331 480.9 , Est Remaining: 21.8
332 482.3 , Est Remaining: 20.3
333 483.6 , Est Remaining: 18.9
334 485.0 , Est Remaining: 17.4
335 486.4 , Est Remaining: 16.0
336 487.7 , Est Remaining: 14.5
337 489.1 , Est Remaining: 13.1
338 490.5 , Est Remaining: 11.6
