Note: NumExpr detected 32 cores but "NUMEXPR_MAX_THREADS" not set, so enforcing safe limit of 8.
Using selector: EpollSelector
/n/home02/jhaefner/miniconda/envs/IC-3.7-2020-06-16/lib/python3.7/site-packages/scipy/optimize/minpack.py:808: OptimizeWarning: Covariance of the parameters could not be estimated
  category=OptimizeWarning)
Total rwfs: 346
0 0.0 , Est Remaining: 999999.9
1 1.4 , Est Remaining: 498.2
2 2.9 , Est Remaining: 495.6
3 4.4 , Est Remaining: 499.6
4 5.8 , Est Remaining: 497.4
5 7.2 , Est Remaining: 494.1
6 8.7 , Est Remaining: 494.0
7 10.2 , Est Remaining: 491.8
8 11.6 , Est Remaining: 490.5
9 13.0 , Est Remaining: 488.6
10 14.5 , Est Remaining: 487.0
11 15.9 , Est Remaining: 485.4
12 17.4 , Est Remaining: 484.0
13 18.8 , Est Remaining: 482.0
14 20.2 , Est Remaining: 479.8
15 21.7 , Est Remaining: 478.1
16 23.1 , Est Remaining: 476.3
17 24.5 , Est Remaining: 474.6
18 26.0 , Est Remaining: 473.1
19 27.4 , Est Remaining: 471.4
20 28.8 , Est Remaining: 469.4
21 30.2 , Est Remaining: 468.1
22 31.7 , Est Remaining: 466.2
23 33.1 , Est Remaining: 464.3
24 34.5 , Est Remaining: 462.4
25 35.9 , Est Remaining: 461.1
26 37.3 , Est Remaining: 459.5
27 38.8 , Est Remaining: 457.8
28 40.2 , Est Remaining: 456.3
29 41.6 , Est Remaining: 454.6
30 43.0 , Est Remaining: 453.0
31 44.4 , Est Remaining: 451.6
32 45.9 , Est Remaining: 450.1
33 47.3 , Est Remaining: 448.5
34 48.7 , Est Remaining: 447.0
35 50.1 , Est Remaining: 445.4
36 51.6 , Est Remaining: 444.0
37 53.0 , Est Remaining: 442.6
38 54.4 , Est Remaining: 441.1
39 55.8 , Est Remaining: 439.5
40 57.3 , Est Remaining: 438.1
41 58.7 , Est Remaining: 436.6
42 60.1 , Est Remaining: 435.0
43 61.5 , Est Remaining: 433.4
44 62.9 , Est Remaining: 432.0
45 64.4 , Est Remaining: 430.5
46 65.8 , Est Remaining: 429.0
47 67.2 , Est Remaining: 427.4
48 68.6 , Est Remaining: 425.8
EVENT FAILED
48 68.9 , Est Remaining: 427.6
49 70.3 , Est Remaining: 426.1
50 71.7 , Est Remaining: 424.5
51 73.1 , Est Remaining: 422.9
52 74.5 , Est Remaining: 421.3
53 75.9 , Est Remaining: 419.8
54 77.4 , Est Remaining: 418.3
55 78.8 , Est Remaining: 416.8
56 80.2 , Est Remaining: 415.1
57 81.6 , Est Remaining: 413.6
58 83.0 , Est Remaining: 412.0
59 84.4 , Est Remaining: 410.3
60 85.8 , Est Remaining: 408.9
61 87.2 , Est Remaining: 407.4
62 88.6 , Est Remaining: 405.9
63 90.0 , Est Remaining: 404.4
64 91.4 , Est Remaining: 402.9
65 92.8 , Est Remaining: 401.3
66 94.2 , Est Remaining: 399.8
67 95.7 , Est Remaining: 398.4
68 97.1 , Est Remaining: 396.8
EVENT FAILED
68 97.4 , Est Remaining: 398.1
69 98.8 , Est Remaining: 396.6
70 100.2 , Est Remaining: 395.1
71 101.6 , Est Remaining: 393.6
72 103.0 , Est Remaining: 392.1
73 104.4 , Est Remaining: 390.6
74 105.8 , Est Remaining: 389.1
75 107.3 , Est Remaining: 387.6
76 108.7 , Est Remaining: 386.2
77 110.2 , Est Remaining: 384.8
78 111.6 , Est Remaining: 383.4
79 113.0 , Est Remaining: 381.9
80 114.4 , Est Remaining: 380.5
81 115.9 , Est Remaining: 379.1
82 117.3 , Est Remaining: 377.6
83 118.7 , Est Remaining: 376.2
84 120.2 , Est Remaining: 374.8
85 121.6 , Est Remaining: 373.3
86 123.0 , Est Remaining: 371.9
87 124.4 , Est Remaining: 370.4
88 125.8 , Est Remaining: 368.9
89 127.2 , Est Remaining: 367.4
90 128.6 , Est Remaining: 365.9
91 130.1 , Est Remaining: 364.4
92 131.4 , Est Remaining: 362.9
93 132.9 , Est Remaining: 361.5
94 134.3 , Est Remaining: 360.0
95 135.7 , Est Remaining: 358.5
96 137.1 , Est Remaining: 357.1
97 138.5 , Est Remaining: 355.7
98 140.0 , Est Remaining: 354.2
99 141.4 , Est Remaining: 352.8
100 142.8 , Est Remaining: 351.3
101 144.2 , Est Remaining: 349.8
102 145.6 , Est Remaining: 348.3
103 147.1 , Est Remaining: 347.1
104 148.6 , Est Remaining: 345.8
105 150.0 , Est Remaining: 344.3
106 151.5 , Est Remaining: 342.9
107 152.9 , Est Remaining: 341.5
108 154.3 , Est Remaining: 340.1
109 155.8 , Est Remaining: 338.7
110 157.2 , Est Remaining: 337.3
111 158.7 , Est Remaining: 335.9
112 160.1 , Est Remaining: 334.5
113 161.5 , Est Remaining: 333.0
114 163.0 , Est Remaining: 331.7
115 164.5 , Est Remaining: 330.3
116 165.9 , Est Remaining: 328.9
117 167.3 , Est Remaining: 327.5
118 168.8 , Est Remaining: 326.1
119 170.2 , Est Remaining: 324.7
120 171.6 , Est Remaining: 323.2
121 173.1 , Est Remaining: 321.8
122 174.5 , Est Remaining: 320.4
123 175.9 , Est Remaining: 319.0
124 177.3 , Est Remaining: 317.5
125 178.8 , Est Remaining: 316.1
126 180.2 , Est Remaining: 314.6
127 181.6 , Est Remaining: 313.2
128 183.0 , Est Remaining: 311.7
129 184.5 , Est Remaining: 310.3
130 185.8 , Est Remaining: 308.6
131 187.2 , Est Remaining: 307.2
132 188.6 , Est Remaining: 305.8
133 190.0 , Est Remaining: 304.3
134 191.4 , Est Remaining: 302.9
135 192.8 , Est Remaining: 301.4
136 194.2 , Est Remaining: 299.9
137 195.6 , Est Remaining: 298.4
138 197.0 , Est Remaining: 296.9
139 198.4 , Est Remaining: 295.4
140 199.8 , Est Remaining: 293.9
141 201.1 , Est Remaining: 292.4
142 202.5 , Est Remaining: 291.0
143 203.9 , Est Remaining: 289.5
144 205.3 , Est Remaining: 288.0
EVENT FAILED
144 205.6 , Est Remaining: 288.4
145 207.0 , Est Remaining: 286.9
146 208.4 , Est Remaining: 285.4
147 209.8 , Est Remaining: 284.0
148 211.1 , Est Remaining: 282.4
149 212.5 , Est Remaining: 280.9
150 213.8 , Est Remaining: 279.4
151 215.2 , Est Remaining: 277.9
152 216.5 , Est Remaining: 276.4
153 217.9 , Est Remaining: 274.9
154 219.2 , Est Remaining: 273.3
155 220.6 , Est Remaining: 271.8
156 221.9 , Est Remaining: 270.2
EVENT FAILED
156 222.7 , Est Remaining: 271.2
157 224.0 , Est Remaining: 269.7
158 225.4 , Est Remaining: 268.1
159 226.7 , Est Remaining: 266.6
160 228.1 , Est Remaining: 265.1
161 229.4 , Est Remaining: 263.6
162 230.7 , Est Remaining: 262.1
163 232.1 , Est Remaining: 260.6
164 233.4 , Est Remaining: 259.0
165 234.8 , Est Remaining: 257.5
166 236.1 , Est Remaining: 256.0
167 237.4 , Est Remaining: 254.5
168 238.7 , Est Remaining: 252.9
169 240.1 , Est Remaining: 251.4
170 241.4 , Est Remaining: 249.9
171 242.7 , Est Remaining: 248.3
172 244.0 , Est Remaining: 246.8
173 245.3 , Est Remaining: 245.3
174 246.6 , Est Remaining: 243.8
175 247.9 , Est Remaining: 242.3
176 249.3 , Est Remaining: 240.8
177 250.6 , Est Remaining: 239.2
178 251.9 , Est Remaining: 237.7
179 253.2 , Est Remaining: 236.2
180 254.6 , Est Remaining: 234.8
181 255.9 , Est Remaining: 233.3
182 257.2 , Est Remaining: 231.8
183 258.6 , Est Remaining: 230.3
184 259.9 , Est Remaining: 228.8
185 261.2 , Est Remaining: 227.3
186 262.5 , Est Remaining: 225.8
187 263.9 , Est Remaining: 224.4
188 265.2 , Est Remaining: 222.9
189 266.5 , Est Remaining: 221.4
190 267.8 , Est Remaining: 219.9
EVENT FAILED
190 268.1 , Est Remaining: 220.1
191 269.5 , Est Remaining: 218.7
192 270.8 , Est Remaining: 217.2
193 272.1 , Est Remaining: 215.7
194 273.4 , Est Remaining: 214.2
195 274.8 , Est Remaining: 212.8
196 276.1 , Est Remaining: 211.3
197 277.4 , Est Remaining: 209.8
198 278.8 , Est Remaining: 208.4
199 280.1 , Est Remaining: 206.9
200 281.4 , Est Remaining: 205.4
201 282.7 , Est Remaining: 204.0
202 284.1 , Est Remaining: 202.5
203 285.5 , Est Remaining: 201.1
204 286.9 , Est Remaining: 199.7
205 288.2 , Est Remaining: 198.2
206 289.6 , Est Remaining: 196.8
EVENT FAILED
206 289.9 , Est Remaining: 197.0
207 291.2 , Est Remaining: 195.6
208 292.6 , Est Remaining: 194.1
209 293.9 , Est Remaining: 192.7
210 295.3 , Est Remaining: 191.2
211 296.6 , Est Remaining: 189.8
EVENT FAILED
211 296.9 , Est Remaining: 190.0
212 298.3 , Est Remaining: 188.5
213 299.6 , Est Remaining: 187.1
214 301.0 , Est Remaining: 185.6
215 302.3 , Est Remaining: 184.2
216 303.7 , Est Remaining: 182.8
217 305.0 , Est Remaining: 181.3
218 306.4 , Est Remaining: 179.9
219 307.8 , Est Remaining: 178.5
220 309.1 , Est Remaining: 177.1
221 310.5 , Est Remaining: 175.6
222 311.9 , Est Remaining: 174.2
223 313.3 , Est Remaining: 172.8
224 314.6 , Est Remaining: 171.4
225 316.0 , Est Remaining: 170.0
226 317.4 , Est Remaining: 168.5
227 318.8 , Est Remaining: 167.1
228 320.2 , Est Remaining: 165.7
EVENT FAILED
228 320.5 , Est Remaining: 165.9
229 321.9 , Est Remaining: 164.5
230 323.3 , Est Remaining: 163.0
231 324.7 , Est Remaining: 161.6
232 326.1 , Est Remaining: 160.2
233 327.5 , Est Remaining: 158.8
234 328.9 , Est Remaining: 157.4
235 330.3 , Est Remaining: 156.0
236 331.8 , Est Remaining: 154.6
237 333.2 , Est Remaining: 153.3
238 334.7 , Est Remaining: 151.9
239 336.2 , Est Remaining: 150.5
240 337.6 , Est Remaining: 149.1
241 339.1 , Est Remaining: 147.7
242 340.5 , Est Remaining: 146.3
243 341.9 , Est Remaining: 144.9
244 343.3 , Est Remaining: 143.5
245 344.8 , Est Remaining: 142.1
246 346.2 , Est Remaining: 140.7
247 347.6 , Est Remaining: 139.3
248 349.1 , Est Remaining: 137.9
249 350.5 , Est Remaining: 136.5
250 351.9 , Est Remaining: 135.1
251 353.3 , Est Remaining: 133.7
252 354.8 , Est Remaining: 132.3
EVENT FAILED
252 355.1 , Est Remaining: 132.5
253 356.5 , Est Remaining: 131.1
254 358.0 , Est Remaining: 129.7
255 359.5 , Est Remaining: 128.3
256 360.9 , Est Remaining: 126.9
257 362.3 , Est Remaining: 125.5
258 363.8 , Est Remaining: 124.1
259 365.3 , Est Remaining: 122.7
EVENT FAILED
259 365.6 , Est Remaining: 122.8
260 367.0 , Est Remaining: 121.4
261 368.4 , Est Remaining: 120.0
262 369.9 , Est Remaining: 118.6
EVENT FAILED
262 370.2 , Est Remaining: 118.7
263 371.6 , Est Remaining: 117.3
264 373.0 , Est Remaining: 115.9
265 374.5 , Est Remaining: 114.5
266 375.9 , Est Remaining: 113.0
267 377.3 , Est Remaining: 111.6
268 378.7 , Est Remaining: 110.2
269 380.2 , Est Remaining: 108.8
270 381.6 , Est Remaining: 107.4
271 383.1 , Est Remaining: 106.0
272 384.5 , Est Remaining: 104.6
273 385.9 , Est Remaining: 103.2
274 387.3 , Est Remaining: 101.8
275 388.8 , Est Remaining: 100.4
276 390.2 , Est Remaining: 99.0
277 391.7 , Est Remaining: 97.6
278 393.1 , Est Remaining: 96.1
279 394.5 , Est Remaining: 94.7
280 395.9 , Est Remaining: 93.3
281 397.3 , Est Remaining: 91.9
282 398.7 , Est Remaining: 90.5
283 400.2 , Est Remaining: 89.1
284 401.6 , Est Remaining: 87.7
285 403.0 , Est Remaining: 86.3
286 404.4 , Est Remaining: 84.8
287 405.8 , Est Remaining: 83.4
288 407.3 , Est Remaining: 82.0
289 408.7 , Est Remaining: 80.6
290 410.1 , Est Remaining: 79.2
291 411.5 , Est Remaining: 77.8
292 412.8 , Est Remaining: 76.3
293 414.3 , Est Remaining: 74.9
294 415.7 , Est Remaining: 73.5
295 417.1 , Est Remaining: 72.1
296 418.6 , Est Remaining: 70.7
297 420.0 , Est Remaining: 69.3
298 421.5 , Est Remaining: 67.9
299 422.9 , Est Remaining: 66.5
300 424.3 , Est Remaining: 65.1
301 425.8 , Est Remaining: 63.7
302 427.4 , Est Remaining: 62.3
303 428.9 , Est Remaining: 60.9
304 430.3 , Est Remaining: 59.4
305 431.7 , Est Remaining: 58.0
306 433.2 , Est Remaining: 56.6
307 434.6 , Est Remaining: 55.2
308 436.0 , Est Remaining: 53.8
309 437.5 , Est Remaining: 52.4
310 438.9 , Est Remaining: 51.0
311 440.3 , Est Remaining: 49.6
312 441.7 , Est Remaining: 48.1
313 443.1 , Est Remaining: 46.7
314 444.6 , Est Remaining: 45.3
315 446.0 , Est Remaining: 43.9
316 447.4 , Est Remaining: 42.5
317 448.8 , Est Remaining: 41.1
318 450.2 , Est Remaining: 39.6
319 451.6 , Est Remaining: 38.2
320 453.0 , Est Remaining: 36.8
321 454.5 , Est Remaining: 35.4
322 455.9 , Est Remaining: 34.0
323 457.3 , Est Remaining: 32.6
324 458.7 , Est Remaining: 31.1
325 460.2 , Est Remaining: 29.7
326 461.6 , Est Remaining: 28.3
327 463.0 , Est Remaining: 26.9
328 464.5 , Est Remaining: 25.5
329 465.9 , Est Remaining: 24.1
330 467.3 , Est Remaining: 22.7
331 468.8 , Est Remaining: 21.2
332 470.2 , Est Remaining: 19.8
333 471.6 , Est Remaining: 18.4
334 473.0 , Est Remaining: 17.0
