Note: NumExpr detected 32 cores but "NUMEXPR_MAX_THREADS" not set, so enforcing safe limit of 8.
Using selector: EpollSelector
/n/home02/jhaefner/miniconda/envs/IC-3.7-2020-06-16/lib/python3.7/site-packages/scipy/optimize/minpack.py:808: OptimizeWarning: Covariance of the parameters could not be estimated
  category=OptimizeWarning)
Total rwfs: 346
0 0.0 , Est Remaining: 999999.9
1 1.6 , Est Remaining: 535.4
2 3.1 , Est Remaining: 525.2
3 4.6 , Est Remaining: 525.7
4 6.1 , Est Remaining: 522.1
5 7.6 , Est Remaining: 517.7
6 9.1 , Est Remaining: 515.0
7 10.6 , Est Remaining: 512.2
8 12.1 , Est Remaining: 510.4
9 13.5 , Est Remaining: 507.1
10 15.0 , Est Remaining: 504.1
11 16.5 , Est Remaining: 501.8
12 17.9 , Est Remaining: 499.5
13 19.4 , Est Remaining: 497.2
14 20.9 , Est Remaining: 495.1
15 22.4 , Est Remaining: 493.4
16 23.8 , Est Remaining: 491.5
17 25.3 , Est Remaining: 489.8
18 26.8 , Est Remaining: 488.3
19 28.3 , Est Remaining: 486.4
20 29.7 , Est Remaining: 484.5
21 31.2 , Est Remaining: 482.8
22 32.7 , Est Remaining: 481.0
23 34.1 , Est Remaining: 479.3
24 35.6 , Est Remaining: 477.6
25 37.1 , Est Remaining: 476.0
26 38.5 , Est Remaining: 474.5
27 40.0 , Est Remaining: 472.6
28 41.5 , Est Remaining: 470.8
29 42.9 , Est Remaining: 469.0
30 44.4 , Est Remaining: 467.5
31 45.8 , Est Remaining: 465.7
32 47.3 , Est Remaining: 464.0
33 48.7 , Est Remaining: 462.3
34 50.2 , Est Remaining: 460.7
35 51.7 , Est Remaining: 459.1
36 53.2 , Est Remaining: 457.8
37 54.6 , Est Remaining: 456.4
38 56.1 , Est Remaining: 454.8
39 57.6 , Est Remaining: 453.3
40 59.0 , Est Remaining: 451.7
41 60.5 , Est Remaining: 450.2
42 62.0 , Est Remaining: 448.4
43 63.4 , Est Remaining: 446.9
44 64.9 , Est Remaining: 445.3
45 66.3 , Est Remaining: 443.7
46 67.8 , Est Remaining: 442.2
47 69.3 , Est Remaining: 440.8
48 70.8 , Est Remaining: 439.3
49 72.2 , Est Remaining: 437.8
50 73.7 , Est Remaining: 436.4
51 75.2 , Est Remaining: 434.8
52 76.7 , Est Remaining: 433.4
53 78.1 , Est Remaining: 431.7
54 79.6 , Est Remaining: 430.2
55 81.0 , Est Remaining: 428.7
56 82.5 , Est Remaining: 427.2
57 84.0 , Est Remaining: 425.7
58 85.4 , Est Remaining: 424.1
59 86.9 , Est Remaining: 422.6
60 88.3 , Est Remaining: 421.1
61 89.8 , Est Remaining: 419.5
62 91.2 , Est Remaining: 417.9
63 92.7 , Est Remaining: 416.3
64 94.1 , Est Remaining: 414.8
65 95.4 , Est Remaining: 412.5
66 96.9 , Est Remaining: 411.0
67 98.4 , Est Remaining: 409.6
EVENT FAILED
67 98.7 , Est Remaining: 410.9
68 100.1 , Est Remaining: 409.4
69 101.6 , Est Remaining: 407.9
70 103.0 , Est Remaining: 406.3
EVENT FAILED
70 103.4 , Est Remaining: 407.5
71 104.8 , Est Remaining: 406.0
72 106.3 , Est Remaining: 404.5
73 107.8 , Est Remaining: 403.0
74 109.2 , Est Remaining: 401.5
75 110.7 , Est Remaining: 399.9
76 112.1 , Est Remaining: 398.4
77 113.6 , Est Remaining: 396.9
78 115.0 , Est Remaining: 395.3
79 116.5 , Est Remaining: 393.8
80 118.0 , Est Remaining: 392.3
81 119.5 , Est Remaining: 390.9
82 120.9 , Est Remaining: 389.4
83 122.4 , Est Remaining: 387.9
84 123.9 , Est Remaining: 386.4
85 125.4 , Est Remaining: 384.9
86 126.8 , Est Remaining: 383.5
87 128.3 , Est Remaining: 382.0
88 129.8 , Est Remaining: 380.5
89 131.3 , Est Remaining: 379.0
90 132.7 , Est Remaining: 377.5
91 134.2 , Est Remaining: 376.0
92 135.6 , Est Remaining: 374.4
93 137.1 , Est Remaining: 372.9
94 138.5 , Est Remaining: 371.4
EVENT FAILED
94 138.9 , Est Remaining: 372.2
95 140.4 , Est Remaining: 370.8
96 141.8 , Est Remaining: 369.4
EVENT FAILED
96 142.1 , Est Remaining: 370.1
97 143.6 , Est Remaining: 368.7
98 145.1 , Est Remaining: 367.2
99 146.6 , Est Remaining: 365.7
100 148.0 , Est Remaining: 364.1
101 149.5 , Est Remaining: 362.6
102 151.0 , Est Remaining: 361.2
103 152.5 , Est Remaining: 359.9
104 154.0 , Est Remaining: 358.4
105 155.5 , Est Remaining: 357.0
106 157.0 , Est Remaining: 355.5
107 158.5 , Est Remaining: 354.1
108 160.0 , Est Remaining: 352.6
109 161.5 , Est Remaining: 351.1
110 163.0 , Est Remaining: 349.6
111 164.4 , Est Remaining: 348.1
112 165.9 , Est Remaining: 346.6
113 167.3 , Est Remaining: 345.1
114 168.8 , Est Remaining: 343.6
115 170.3 , Est Remaining: 342.0
116 171.7 , Est Remaining: 340.5
EVENT FAILED
116 172.1 , Est Remaining: 341.1
117 173.5 , Est Remaining: 339.6
118 175.0 , Est Remaining: 338.1
119 176.4 , Est Remaining: 336.6
120 177.9 , Est Remaining: 335.0
121 179.3 , Est Remaining: 333.5
122 180.8 , Est Remaining: 332.0
123 182.3 , Est Remaining: 330.5
124 183.8 , Est Remaining: 329.0
125 185.2 , Est Remaining: 327.5
126 186.7 , Est Remaining: 326.0
127 188.2 , Est Remaining: 324.5
128 189.7 , Est Remaining: 323.1
129 191.2 , Est Remaining: 321.5
130 192.6 , Est Remaining: 320.1
131 194.1 , Est Remaining: 318.6
132 195.6 , Est Remaining: 317.1
133 197.0 , Est Remaining: 315.6
134 198.5 , Est Remaining: 314.1
135 200.0 , Est Remaining: 312.6
136 201.4 , Est Remaining: 311.1
137 202.9 , Est Remaining: 309.5
138 204.4 , Est Remaining: 308.1
139 205.8 , Est Remaining: 306.6
140 207.3 , Est Remaining: 305.0
141 208.8 , Est Remaining: 303.6
142 210.3 , Est Remaining: 302.1
143 211.8 , Est Remaining: 300.6
144 213.2 , Est Remaining: 299.1
145 214.7 , Est Remaining: 297.6
146 216.2 , Est Remaining: 296.1
147 217.6 , Est Remaining: 294.6
148 219.1 , Est Remaining: 293.1
149 220.5 , Est Remaining: 291.5
150 221.9 , Est Remaining: 290.0
151 223.3 , Est Remaining: 288.4
152 224.7 , Est Remaining: 286.9
153 226.2 , Est Remaining: 285.3
154 227.6 , Est Remaining: 283.7
155 229.0 , Est Remaining: 282.1
156 230.4 , Est Remaining: 280.6
EVENT FAILED
156 230.7 , Est Remaining: 280.9
157 232.1 , Est Remaining: 279.3
158 233.4 , Est Remaining: 277.8
159 234.8 , Est Remaining: 276.2
160 236.2 , Est Remaining: 274.6
161 237.6 , Est Remaining: 273.0
162 239.0 , Est Remaining: 271.4
163 240.4 , Est Remaining: 269.9
164 241.7 , Est Remaining: 268.3
165 243.2 , Est Remaining: 266.8
166 244.6 , Est Remaining: 265.2
167 246.0 , Est Remaining: 263.6
168 247.3 , Est Remaining: 262.1
169 248.7 , Est Remaining: 260.5
170 250.1 , Est Remaining: 258.9
171 251.5 , Est Remaining: 257.4
172 252.8 , Est Remaining: 255.8
173 254.2 , Est Remaining: 254.2
174 255.6 , Est Remaining: 252.6
175 257.0 , Est Remaining: 251.1
176 258.3 , Est Remaining: 249.5
177 259.7 , Est Remaining: 247.9
178 261.0 , Est Remaining: 246.3
179 262.4 , Est Remaining: 244.8
180 263.7 , Est Remaining: 243.2
181 265.0 , Est Remaining: 241.6
182 266.4 , Est Remaining: 240.0
183 267.7 , Est Remaining: 238.5
184 269.1 , Est Remaining: 236.9
185 270.5 , Est Remaining: 235.4
186 271.8 , Est Remaining: 233.8
187 273.2 , Est Remaining: 232.3
188 274.5 , Est Remaining: 230.7
189 275.9 , Est Remaining: 229.2
190 277.2 , Est Remaining: 227.6
191 278.6 , Est Remaining: 226.1
192 279.9 , Est Remaining: 224.5
193 281.2 , Est Remaining: 222.9
194 282.5 , Est Remaining: 221.4
195 283.9 , Est Remaining: 219.8
196 285.2 , Est Remaining: 218.3
EVENT FAILED
196 285.5 , Est Remaining: 218.5
197 286.8 , Est Remaining: 217.0
198 288.2 , Est Remaining: 215.4
199 289.6 , Est Remaining: 213.9
200 290.9 , Est Remaining: 212.4
201 292.3 , Est Remaining: 210.8
202 293.7 , Est Remaining: 209.4
203 295.1 , Est Remaining: 207.9
204 296.4 , Est Remaining: 206.3
205 297.8 , Est Remaining: 204.8
206 299.2 , Est Remaining: 203.3
207 300.5 , Est Remaining: 201.8
208 301.9 , Est Remaining: 200.3
209 303.2 , Est Remaining: 198.8
210 304.6 , Est Remaining: 197.2
211 305.9 , Est Remaining: 195.7
212 307.3 , Est Remaining: 194.2
213 308.7 , Est Remaining: 192.8
214 310.1 , Est Remaining: 191.3
215 311.4 , Est Remaining: 189.8
216 312.8 , Est Remaining: 188.3
217 314.2 , Est Remaining: 186.8
218 315.6 , Est Remaining: 185.3
219 316.9 , Est Remaining: 183.8
220 318.3 , Est Remaining: 182.3
221 319.7 , Est Remaining: 180.8
222 321.1 , Est Remaining: 179.4
223 322.5 , Est Remaining: 177.9
224 323.9 , Est Remaining: 176.4
225 325.3 , Est Remaining: 174.9
226 326.7 , Est Remaining: 173.5
227 328.2 , Est Remaining: 172.0
228 329.6 , Est Remaining: 170.6
229 331.0 , Est Remaining: 169.1
230 332.4 , Est Remaining: 167.6
231 333.8 , Est Remaining: 166.2
232 335.3 , Est Remaining: 164.7
233 336.7 , Est Remaining: 163.3
234 338.1 , Est Remaining: 161.8
235 339.5 , Est Remaining: 160.4
236 341.0 , Est Remaining: 158.9
237 342.4 , Est Remaining: 157.5
238 343.9 , Est Remaining: 156.0
239 345.3 , Est Remaining: 154.6
240 346.8 , Est Remaining: 153.2
241 348.2 , Est Remaining: 151.7
242 349.7 , Est Remaining: 150.3
243 351.1 , Est Remaining: 148.8
244 352.6 , Est Remaining: 147.4
245 354.0 , Est Remaining: 145.9
246 355.5 , Est Remaining: 144.5
247 357.0 , Est Remaining: 143.1
248 358.4 , Est Remaining: 141.6
249 359.9 , Est Remaining: 140.2
250 361.2 , Est Remaining: 138.7
251 362.7 , Est Remaining: 137.3
252 364.2 , Est Remaining: 135.8
253 365.6 , Est Remaining: 134.4
254 367.1 , Est Remaining: 133.0
255 368.5 , Est Remaining: 131.5
256 370.0 , Est Remaining: 130.1
257 371.5 , Est Remaining: 128.6
258 372.9 , Est Remaining: 127.2
259 374.4 , Est Remaining: 125.8
260 375.9 , Est Remaining: 124.3
261 377.4 , Est Remaining: 122.9
262 378.8 , Est Remaining: 121.5
EVENT FAILED
262 379.1 , Est Remaining: 121.6
263 380.6 , Est Remaining: 120.1
264 382.1 , Est Remaining: 118.7
265 383.6 , Est Remaining: 117.2
266 385.0 , Est Remaining: 115.8
267 386.5 , Est Remaining: 114.4
268 388.0 , Est Remaining: 112.9
269 389.5 , Est Remaining: 111.5
270 391.0 , Est Remaining: 110.0
271 392.4 , Est Remaining: 108.6
272 393.9 , Est Remaining: 107.2
273 395.4 , Est Remaining: 105.7
274 396.9 , Est Remaining: 104.3
275 398.3 , Est Remaining: 102.8
276 399.8 , Est Remaining: 101.4
277 401.3 , Est Remaining: 100.0
278 402.7 , Est Remaining: 98.5
279 404.2 , Est Remaining: 97.1
280 405.6 , Est Remaining: 95.6
281 407.2 , Est Remaining: 94.2
282 408.7 , Est Remaining: 92.7
283 410.2 , Est Remaining: 91.3
284 411.6 , Est Remaining: 89.9
285 413.1 , Est Remaining: 88.4
286 414.6 , Est Remaining: 87.0
287 416.1 , Est Remaining: 85.5
288 417.5 , Est Remaining: 84.1
289 419.0 , Est Remaining: 82.6
290 420.5 , Est Remaining: 81.2
291 421.9 , Est Remaining: 79.7
292 423.4 , Est Remaining: 78.3
293 424.9 , Est Remaining: 76.9
EVENT FAILED
293 425.2 , Est Remaining: 76.9
294 426.6 , Est Remaining: 75.5
295 428.1 , Est Remaining: 74.0
296 429.5 , Est Remaining: 72.6
297 431.0 , Est Remaining: 71.1
298 432.4 , Est Remaining: 69.7
299 433.9 , Est Remaining: 68.2
300 435.4 , Est Remaining: 66.8
301 436.8 , Est Remaining: 65.3
302 438.5 , Est Remaining: 63.9
303 440.0 , Est Remaining: 62.4
304 441.4 , Est Remaining: 61.0
305 442.9 , Est Remaining: 59.5
306 444.3 , Est Remaining: 58.1
307 445.8 , Est Remaining: 56.6
308 447.2 , Est Remaining: 55.2
309 448.7 , Est Remaining: 53.7
310 450.1 , Est Remaining: 52.3
311 451.6 , Est Remaining: 50.8
312 453.0 , Est Remaining: 49.4
313 454.5 , Est Remaining: 47.9
314 456.0 , Est Remaining: 46.5
315 457.4 , Est Remaining: 45.0
316 458.9 , Est Remaining: 43.6
317 460.3 , Est Remaining: 42.1
318 461.8 , Est Remaining: 40.7
319 463.2 , Est Remaining: 39.2
320 464.7 , Est Remaining: 37.8
321 466.1 , Est Remaining: 36.3
322 467.5 , Est Remaining: 34.8
323 468.9 , Est Remaining: 33.4
324 470.3 , Est Remaining: 31.9
325 471.7 , Est Remaining: 30.5
326 473.1 , Est Remaining: 29.0
327 474.5 , Est Remaining: 27.6
328 475.9 , Est Remaining: 26.1
329 477.3 , Est Remaining: 24.7
330 478.7 , Est Remaining: 23.2
331 480.1 , Est Remaining: 21.8
332 481.6 , Est Remaining: 20.3
333 483.0 , Est Remaining: 18.9
334 484.4 , Est Remaining: 17.4
335 485.8 , Est Remaining: 16.0
336 487.2 , Est Remaining: 14.5
