Note: NumExpr detected 32 cores but "NUMEXPR_MAX_THREADS" not set, so enforcing safe limit of 8.
Using selector: EpollSelector
/n/home02/jhaefner/miniconda/envs/IC-3.7-2020-06-16/lib/python3.7/site-packages/scipy/optimize/minpack.py:808: OptimizeWarning: Covariance of the parameters could not be estimated
  category=OptimizeWarning)
Total rwfs: 346
0 0.0 , Est Remaining: 999999.9
EVENT FAILED
0 0.4 , Est Remaining: 999999.9
1 1.8 , Est Remaining: 632.6
2 3.3 , Est Remaining: 565.4
3 4.8 , Est Remaining: 544.8
4 6.2 , Est Remaining: 531.3
5 7.7 , Est Remaining: 524.6
6 9.1 , Est Remaining: 517.3
7 10.6 , Est Remaining: 511.9
8 12.0 , Est Remaining: 508.0
9 13.4 , Est Remaining: 502.9
10 14.9 , Est Remaining: 499.9
11 16.3 , Est Remaining: 496.5
12 17.7 , Est Remaining: 492.0
13 19.1 , Est Remaining: 489.4
14 20.5 , Est Remaining: 487.1
15 22.0 , Est Remaining: 484.7
16 23.4 , Est Remaining: 482.7
17 24.8 , Est Remaining: 480.7
18 26.3 , Est Remaining: 479.2
19 27.8 , Est Remaining: 477.6
20 29.2 , Est Remaining: 476.1
21 30.7 , Est Remaining: 474.4
22 32.1 , Est Remaining: 473.1
23 33.6 , Est Remaining: 471.4
24 35.0 , Est Remaining: 469.8
25 36.5 , Est Remaining: 468.3
26 37.9 , Est Remaining: 466.7
27 39.4 , Est Remaining: 465.1
EVENT FAILED
27 39.7 , Est Remaining: 468.7
28 41.1 , Est Remaining: 466.9
29 42.6 , Est Remaining: 465.2
30 44.0 , Est Remaining: 463.3
31 45.4 , Est Remaining: 461.5
32 46.9 , Est Remaining: 460.0
33 48.3 , Est Remaining: 458.4
34 49.8 , Est Remaining: 456.8
35 51.2 , Est Remaining: 455.3
36 52.7 , Est Remaining: 453.7
37 54.2 , Est Remaining: 452.3
38 55.6 , Est Remaining: 450.8
EVENT FAILED
38 55.9 , Est Remaining: 453.3
39 57.4 , Est Remaining: 451.6
40 58.8 , Est Remaining: 450.1
41 60.3 , Est Remaining: 448.6
42 61.8 , Est Remaining: 447.0
43 63.2 , Est Remaining: 445.3
44 64.7 , Est Remaining: 443.9
45 66.1 , Est Remaining: 442.3
46 67.6 , Est Remaining: 440.7
47 69.0 , Est Remaining: 439.2
48 70.5 , Est Remaining: 437.7
49 72.0 , Est Remaining: 436.2
50 73.4 , Est Remaining: 434.7
51 74.9 , Est Remaining: 433.2
52 76.4 , Est Remaining: 431.8
53 77.8 , Est Remaining: 430.3
54 79.3 , Est Remaining: 428.8
55 80.8 , Est Remaining: 427.3
56 82.2 , Est Remaining: 425.8
57 83.7 , Est Remaining: 424.3
58 85.1 , Est Remaining: 422.7
59 86.6 , Est Remaining: 421.2
60 88.0 , Est Remaining: 419.6
61 89.5 , Est Remaining: 418.1
62 90.9 , Est Remaining: 416.5
63 92.3 , Est Remaining: 414.8
64 93.8 , Est Remaining: 413.2
65 95.2 , Est Remaining: 411.7
66 96.7 , Est Remaining: 410.1
67 98.1 , Est Remaining: 408.5
68 99.5 , Est Remaining: 406.8
69 100.9 , Est Remaining: 405.2
70 102.4 , Est Remaining: 403.6
71 103.8 , Est Remaining: 401.9
72 105.2 , Est Remaining: 400.3
73 106.6 , Est Remaining: 398.7
74 108.1 , Est Remaining: 397.2
75 109.5 , Est Remaining: 395.6
76 110.9 , Est Remaining: 394.1
77 112.4 , Est Remaining: 392.6
78 113.8 , Est Remaining: 391.1
79 115.3 , Est Remaining: 389.6
80 116.7 , Est Remaining: 388.1
81 118.2 , Est Remaining: 386.6
82 119.6 , Est Remaining: 385.2
83 121.1 , Est Remaining: 383.7
84 122.5 , Est Remaining: 382.2
85 124.0 , Est Remaining: 380.7
86 125.4 , Est Remaining: 379.2
87 126.9 , Est Remaining: 377.7
88 128.3 , Est Remaining: 376.3
89 129.8 , Est Remaining: 374.8
90 131.2 , Est Remaining: 373.3
91 132.7 , Est Remaining: 371.9
92 134.1 , Est Remaining: 370.4
93 135.6 , Est Remaining: 368.9
94 137.0 , Est Remaining: 367.4
95 138.5 , Est Remaining: 365.9
96 139.9 , Est Remaining: 364.4
97 141.4 , Est Remaining: 362.9
98 142.9 , Est Remaining: 361.5
EVENT FAILED
98 143.2 , Est Remaining: 362.3
99 144.6 , Est Remaining: 360.8
100 146.0 , Est Remaining: 359.3
101 147.5 , Est Remaining: 357.8
102 149.0 , Est Remaining: 356.4
103 150.5 , Est Remaining: 355.1
104 152.0 , Est Remaining: 353.6
105 153.4 , Est Remaining: 352.1
EVENT FAILED
105 153.7 , Est Remaining: 352.8
106 155.1 , Est Remaining: 351.3
107 156.6 , Est Remaining: 349.8
108 158.0 , Est Remaining: 348.3
109 159.5 , Est Remaining: 346.7
110 160.9 , Est Remaining: 345.3
111 162.4 , Est Remaining: 343.8
112 163.8 , Est Remaining: 342.3
113 165.3 , Est Remaining: 340.9
114 166.8 , Est Remaining: 339.4
115 168.2 , Est Remaining: 337.9
116 169.7 , Est Remaining: 336.4
117 171.1 , Est Remaining: 334.9
118 172.6 , Est Remaining: 333.4
119 174.0 , Est Remaining: 331.9
120 175.4 , Est Remaining: 330.4
121 176.8 , Est Remaining: 328.8
122 178.3 , Est Remaining: 327.3
123 179.7 , Est Remaining: 325.7
124 181.1 , Est Remaining: 324.2
125 182.5 , Est Remaining: 322.7
126 183.9 , Est Remaining: 321.1
127 185.3 , Est Remaining: 319.6
128 186.7 , Est Remaining: 318.0
129 188.1 , Est Remaining: 316.4
EVENT FAILED
129 188.4 , Est Remaining: 316.9
130 189.8 , Est Remaining: 315.3
131 191.1 , Est Remaining: 313.7
132 192.5 , Est Remaining: 312.1
133 193.9 , Est Remaining: 310.6
134 195.3 , Est Remaining: 309.0
135 196.7 , Est Remaining: 307.5
136 198.1 , Est Remaining: 305.9
137 199.5 , Est Remaining: 304.3
138 200.9 , Est Remaining: 302.8
139 202.3 , Est Remaining: 301.2
140 203.7 , Est Remaining: 299.7
141 205.1 , Est Remaining: 298.2
142 206.5 , Est Remaining: 296.6
143 207.9 , Est Remaining: 295.1
144 209.3 , Est Remaining: 293.6
145 210.7 , Est Remaining: 292.0
146 212.1 , Est Remaining: 290.5
147 213.5 , Est Remaining: 289.0
148 214.8 , Est Remaining: 287.4
149 216.2 , Est Remaining: 285.9
150 217.6 , Est Remaining: 284.4
151 219.0 , Est Remaining: 282.8
152 220.4 , Est Remaining: 281.3
153 221.8 , Est Remaining: 279.8
154 223.2 , Est Remaining: 278.3
155 224.6 , Est Remaining: 276.7
156 225.9 , Est Remaining: 275.2
157 227.3 , Est Remaining: 273.7
158 228.7 , Est Remaining: 272.1
159 230.1 , Est Remaining: 270.6
160 231.5 , Est Remaining: 269.1
161 232.9 , Est Remaining: 267.6
162 234.2 , Est Remaining: 266.0
EVENT FAILED
162 234.5 , Est Remaining: 266.4
163 235.9 , Est Remaining: 264.8
164 237.3 , Est Remaining: 263.3
165 238.6 , Est Remaining: 261.8
166 240.0 , Est Remaining: 260.2
167 241.4 , Est Remaining: 258.7
168 242.7 , Est Remaining: 257.2
169 244.1 , Est Remaining: 255.7
170 245.5 , Est Remaining: 254.2
EVENT FAILED
170 245.8 , Est Remaining: 254.5
171 247.2 , Est Remaining: 252.9
172 248.5 , Est Remaining: 251.4
173 249.9 , Est Remaining: 249.9
174 251.2 , Est Remaining: 248.4
175 252.6 , Est Remaining: 246.8
176 254.0 , Est Remaining: 245.3
177 255.4 , Est Remaining: 243.8
178 256.7 , Est Remaining: 242.3
179 258.1 , Est Remaining: 240.8
180 259.5 , Est Remaining: 239.3
181 260.9 , Est Remaining: 237.8
182 262.2 , Est Remaining: 236.3
183 263.6 , Est Remaining: 234.8
184 265.0 , Est Remaining: 233.3
185 266.4 , Est Remaining: 231.8
186 267.8 , Est Remaining: 230.4
187 269.2 , Est Remaining: 228.9
188 270.6 , Est Remaining: 227.4
189 272.0 , Est Remaining: 225.9
190 273.4 , Est Remaining: 224.5
191 274.8 , Est Remaining: 223.0
192 276.2 , Est Remaining: 221.6
193 277.6 , Est Remaining: 220.1
194 279.0 , Est Remaining: 218.6
195 280.5 , Est Remaining: 217.2
196 281.9 , Est Remaining: 215.7
197 283.3 , Est Remaining: 214.3
198 284.7 , Est Remaining: 212.8
199 286.2 , Est Remaining: 211.4
200 287.6 , Est Remaining: 210.0
201 289.0 , Est Remaining: 208.5
202 290.5 , Est Remaining: 207.1
203 292.0 , Est Remaining: 205.7
204 293.4 , Est Remaining: 204.2
205 294.8 , Est Remaining: 202.8
206 296.3 , Est Remaining: 201.4
207 297.7 , Est Remaining: 199.9
208 299.1 , Est Remaining: 198.5
209 300.6 , Est Remaining: 197.0
210 302.0 , Est Remaining: 195.6
211 303.4 , Est Remaining: 194.1
212 304.9 , Est Remaining: 192.7
213 306.3 , Est Remaining: 191.3
214 307.7 , Est Remaining: 189.8
215 309.2 , Est Remaining: 188.4
216 310.6 , Est Remaining: 186.9
217 312.0 , Est Remaining: 185.5
218 313.5 , Est Remaining: 184.1
219 314.9 , Est Remaining: 182.6
220 316.3 , Est Remaining: 181.2
221 317.7 , Est Remaining: 179.7
222 319.2 , Est Remaining: 178.3
223 320.6 , Est Remaining: 176.8
224 322.0 , Est Remaining: 175.4
225 323.4 , Est Remaining: 173.9
226 324.9 , Est Remaining: 172.5
227 326.3 , Est Remaining: 171.1
EVENT FAILED
227 326.6 , Est Remaining: 171.2
228 328.0 , Est Remaining: 169.8
229 329.5 , Est Remaining: 168.3
230 330.9 , Est Remaining: 166.9
231 332.4 , Est Remaining: 165.5
232 333.8 , Est Remaining: 164.0
233 335.2 , Est Remaining: 162.6
EVENT FAILED
233 335.5 , Est Remaining: 162.7
234 337.0 , Est Remaining: 161.3
235 338.4 , Est Remaining: 159.8
236 339.9 , Est Remaining: 158.4
237 341.3 , Est Remaining: 157.0
238 342.7 , Est Remaining: 155.5
EVENT FAILED
238 343.0 , Est Remaining: 155.7
239 344.5 , Est Remaining: 154.2
240 345.9 , Est Remaining: 152.8
241 347.3 , Est Remaining: 151.3
242 348.8 , Est Remaining: 149.9
243 350.2 , Est Remaining: 148.4
244 351.6 , Est Remaining: 147.0
EVENT FAILED
244 351.9 , Est Remaining: 147.1
245 353.3 , Est Remaining: 145.7
246 354.8 , Est Remaining: 144.2
247 356.2 , Est Remaining: 142.8
248 357.6 , Est Remaining: 141.3
249 359.1 , Est Remaining: 139.9
250 360.5 , Est Remaining: 138.4
251 361.9 , Est Remaining: 137.0
252 363.3 , Est Remaining: 135.5
253 364.8 , Est Remaining: 134.1
254 366.2 , Est Remaining: 132.6
255 367.6 , Est Remaining: 131.2
EVENT FAILED
255 367.9 , Est Remaining: 131.3
256 369.4 , Est Remaining: 129.9
257 370.8 , Est Remaining: 128.4
258 372.2 , Est Remaining: 127.0
259 373.7 , Est Remaining: 125.5
260 375.1 , Est Remaining: 124.1
261 376.5 , Est Remaining: 122.6
262 378.0 , Est Remaining: 121.2
263 379.4 , Est Remaining: 119.7
264 380.8 , Est Remaining: 118.3
EVENT FAILED
264 381.1 , Est Remaining: 118.4
265 382.5 , Est Remaining: 116.9
266 383.9 , Est Remaining: 115.5
267 385.4 , Est Remaining: 114.0
268 386.8 , Est Remaining: 112.6
269 388.3 , Est Remaining: 111.1
270 389.7 , Est Remaining: 109.7
271 391.1 , Est Remaining: 108.2
272 392.5 , Est Remaining: 106.8
273 394.0 , Est Remaining: 105.3
274 395.4 , Est Remaining: 103.9
275 396.8 , Est Remaining: 102.5
276 398.3 , Est Remaining: 101.0
277 399.7 , Est Remaining: 99.6
278 401.2 , Est Remaining: 98.1
279 402.6 , Est Remaining: 96.7
280 404.0 , Est Remaining: 95.2
281 405.5 , Est Remaining: 93.8
282 406.9 , Est Remaining: 92.4
283 408.4 , Est Remaining: 90.9
284 409.8 , Est Remaining: 89.5
285 411.3 , Est Remaining: 88.0
286 412.8 , Est Remaining: 86.6
287 414.2 , Est Remaining: 85.2
288 415.7 , Est Remaining: 83.7
289 417.1 , Est Remaining: 82.3
290 418.6 , Est Remaining: 80.8
291 420.0 , Est Remaining: 79.4
292 421.4 , Est Remaining: 77.9
293 422.9 , Est Remaining: 76.5
294 424.3 , Est Remaining: 75.0
295 425.7 , Est Remaining: 73.6
296 427.2 , Est Remaining: 72.2
297 428.6 , Est Remaining: 70.7
298 430.0 , Est Remaining: 69.3
299 431.4 , Est Remaining: 67.8
300 432.8 , Est Remaining: 66.4
301 434.3 , Est Remaining: 64.9
302 435.9 , Est Remaining: 63.5
EVENT FAILED
302 436.2 , Est Remaining: 63.6
303 437.6 , Est Remaining: 62.1
304 439.1 , Est Remaining: 60.7
305 440.5 , Est Remaining: 59.2
306 441.9 , Est Remaining: 57.8
307 443.3 , Est Remaining: 56.3
308 444.7 , Est Remaining: 54.9
309 446.2 , Est Remaining: 53.4
310 447.6 , Est Remaining: 52.0
311 449.0 , Est Remaining: 50.5
312 450.5 , Est Remaining: 49.1
313 451.9 , Est Remaining: 47.6
314 453.4 , Est Remaining: 46.2
315 454.9 , Est Remaining: 44.8
316 456.3 , Est Remaining: 43.3
317 457.7 , Est Remaining: 41.9
318 459.2 , Est Remaining: 40.4
319 460.6 , Est Remaining: 39.0
320 462.0 , Est Remaining: 37.5
EVENT FAILED
320 462.3 , Est Remaining: 37.6
321 463.8 , Est Remaining: 36.1
322 465.2 , Est Remaining: 34.7
323 466.7 , Est Remaining: 33.2
324 468.1 , Est Remaining: 31.8
325 469.5 , Est Remaining: 30.3
326 471.0 , Est Remaining: 28.9
327 472.4 , Est Remaining: 27.4
328 473.8 , Est Remaining: 26.0
329 475.2 , Est Remaining: 24.6
