Note: NumExpr detected 32 cores but "NUMEXPR_MAX_THREADS" not set, so enforcing safe limit of 8.
Using selector: EpollSelector
/n/home02/jhaefner/miniconda/envs/IC-3.7-2020-06-16/lib/python3.7/site-packages/scipy/optimize/minpack.py:808: OptimizeWarning: Covariance of the parameters could not be estimated
  category=OptimizeWarning)
Total rwfs: 346
0 0.0 , Est Remaining: 999999.9
1 1.4 , Est Remaining: 477.5
2 2.8 , Est Remaining: 476.1
3 4.2 , Est Remaining: 475.1
4 5.5 , Est Remaining: 472.6
5 6.9 , Est Remaining: 468.9
6 8.2 , Est Remaining: 467.0
7 9.6 , Est Remaining: 465.6
8 11.0 , Est Remaining: 464.6
9 12.4 , Est Remaining: 463.0
10 13.7 , Est Remaining: 461.6
11 15.1 , Est Remaining: 459.6
12 16.4 , Est Remaining: 457.7
13 17.8 , Est Remaining: 456.1
14 19.2 , Est Remaining: 454.3
15 20.5 , Est Remaining: 452.4
16 21.9 , Est Remaining: 451.0
17 23.2 , Est Remaining: 450.0
18 24.6 , Est Remaining: 448.9
19 26.0 , Est Remaining: 447.3
20 27.3 , Est Remaining: 445.5
21 28.7 , Est Remaining: 444.2
22 30.1 , Est Remaining: 442.7
23 31.4 , Est Remaining: 441.1
24 32.7 , Est Remaining: 439.3
25 34.1 , Est Remaining: 437.7
26 35.4 , Est Remaining: 436.1
27 36.8 , Est Remaining: 434.6
28 38.1 , Est Remaining: 433.0
29 39.5 , Est Remaining: 431.6
30 40.8 , Est Remaining: 429.9
31 42.2 , Est Remaining: 428.3
32 43.5 , Est Remaining: 426.9
33 44.8 , Est Remaining: 425.4
EVENT FAILED
33 45.2 , Est Remaining: 428.3
34 46.5 , Est Remaining: 426.8
35 47.9 , Est Remaining: 425.3
36 49.2 , Est Remaining: 423.8
37 50.5 , Est Remaining: 422.1
38 51.9 , Est Remaining: 420.6
39 53.2 , Est Remaining: 419.0
EVENT FAILED
39 53.5 , Est Remaining: 421.3
40 54.9 , Est Remaining: 419.8
41 56.2 , Est Remaining: 418.3
42 57.6 , Est Remaining: 416.8
43 58.9 , Est Remaining: 415.3
44 60.3 , Est Remaining: 413.8
45 61.6 , Est Remaining: 412.3
46 63.0 , Est Remaining: 410.9
47 64.4 , Est Remaining: 409.4
48 65.7 , Est Remaining: 407.9
49 67.1 , Est Remaining: 406.4
50 68.4 , Est Remaining: 404.9
51 69.7 , Est Remaining: 403.4
EVENT FAILED
51 70.0 , Est Remaining: 405.1
52 71.4 , Est Remaining: 403.7
53 72.8 , Est Remaining: 402.2
54 74.1 , Est Remaining: 400.7
55 75.4 , Est Remaining: 399.2
56 76.8 , Est Remaining: 397.7
57 78.2 , Est Remaining: 396.3
58 79.5 , Est Remaining: 395.0
59 80.9 , Est Remaining: 393.5
EVENT FAILED
59 81.2 , Est Remaining: 395.0
60 82.5 , Est Remaining: 393.4
61 83.9 , Est Remaining: 391.9
62 85.2 , Est Remaining: 390.4
63 86.6 , Est Remaining: 388.9
64 87.9 , Est Remaining: 387.5
65 89.3 , Est Remaining: 385.9
66 90.6 , Est Remaining: 384.4
67 92.0 , Est Remaining: 383.0
68 93.3 , Est Remaining: 381.5
69 94.7 , Est Remaining: 380.1
70 96.0 , Est Remaining: 378.6
71 97.4 , Est Remaining: 377.2
72 98.7 , Est Remaining: 375.7
73 100.1 , Est Remaining: 374.3
74 101.4 , Est Remaining: 372.8
75 102.8 , Est Remaining: 371.4
76 104.1 , Est Remaining: 370.0
77 105.5 , Est Remaining: 368.5
78 106.8 , Est Remaining: 367.1
79 108.2 , Est Remaining: 365.6
80 109.5 , Est Remaining: 364.2
81 110.9 , Est Remaining: 362.8
82 112.2 , Est Remaining: 361.3
83 113.6 , Est Remaining: 359.9
84 114.9 , Est Remaining: 358.4
85 116.3 , Est Remaining: 357.0
86 117.6 , Est Remaining: 355.5
87 119.0 , Est Remaining: 354.1
88 120.3 , Est Remaining: 352.7
89 121.6 , Est Remaining: 351.3
90 123.0 , Est Remaining: 349.8
91 124.3 , Est Remaining: 348.4
92 125.7 , Est Remaining: 347.0
93 127.0 , Est Remaining: 345.6
94 128.4 , Est Remaining: 344.2
95 129.8 , Est Remaining: 342.9
96 131.1 , Est Remaining: 341.5
97 132.5 , Est Remaining: 340.1
98 133.8 , Est Remaining: 338.6
EVENT FAILED
98 134.1 , Est Remaining: 339.4
99 135.5 , Est Remaining: 338.0
100 136.8 , Est Remaining: 336.5
101 138.2 , Est Remaining: 335.1
102 139.5 , Est Remaining: 333.7
103 140.9 , Est Remaining: 332.5
104 142.3 , Est Remaining: 331.1
105 143.6 , Est Remaining: 329.7
106 145.0 , Est Remaining: 328.3
107 146.3 , Est Remaining: 326.8
108 147.7 , Est Remaining: 325.4
109 149.0 , Est Remaining: 324.0
110 150.4 , Est Remaining: 322.6
111 151.7 , Est Remaining: 321.3
112 153.1 , Est Remaining: 319.9
113 154.5 , Est Remaining: 318.5
114 155.8 , Est Remaining: 317.1
115 157.1 , Est Remaining: 315.6
116 158.5 , Est Remaining: 314.2
117 159.8 , Est Remaining: 312.8
118 161.2 , Est Remaining: 311.4
119 162.5 , Est Remaining: 310.0
120 163.9 , Est Remaining: 308.6
121 165.2 , Est Remaining: 307.2
122 166.5 , Est Remaining: 305.8
123 167.9 , Est Remaining: 304.4
124 169.2 , Est Remaining: 303.0
EVENT FAILED
124 169.5 , Est Remaining: 303.5
125 170.9 , Est Remaining: 302.1
126 172.2 , Est Remaining: 300.7
127 173.6 , Est Remaining: 299.3
128 174.9 , Est Remaining: 297.9
129 176.3 , Est Remaining: 296.5
130 177.6 , Est Remaining: 295.1
131 179.0 , Est Remaining: 293.7
132 180.3 , Est Remaining: 292.3
133 181.7 , Est Remaining: 290.9
134 183.0 , Est Remaining: 289.6
135 184.4 , Est Remaining: 288.2
136 185.7 , Est Remaining: 286.8
137 187.1 , Est Remaining: 285.4
138 188.4 , Est Remaining: 283.9
139 189.7 , Est Remaining: 282.6
140 191.1 , Est Remaining: 281.2
141 192.4 , Est Remaining: 279.8
142 193.8 , Est Remaining: 278.4
EVENT FAILED
142 194.1 , Est Remaining: 278.8
143 195.4 , Est Remaining: 277.4
144 196.8 , Est Remaining: 276.0
145 198.1 , Est Remaining: 274.6
146 199.5 , Est Remaining: 273.3
147 200.8 , Est Remaining: 271.9
148 202.2 , Est Remaining: 270.5
149 203.5 , Est Remaining: 269.1
150 204.9 , Est Remaining: 267.7
151 206.2 , Est Remaining: 266.3
152 207.5 , Est Remaining: 264.9
153 208.9 , Est Remaining: 263.5
154 210.2 , Est Remaining: 262.1
155 211.6 , Est Remaining: 260.7
156 212.9 , Est Remaining: 259.3
157 214.3 , Est Remaining: 257.9
158 215.6 , Est Remaining: 256.6
159 217.0 , Est Remaining: 255.2
160 218.3 , Est Remaining: 253.8
161 219.7 , Est Remaining: 252.4
162 221.1 , Est Remaining: 251.1
163 222.4 , Est Remaining: 249.7
164 223.8 , Est Remaining: 248.3
165 225.1 , Est Remaining: 246.9
166 226.4 , Est Remaining: 245.5
167 227.8 , Est Remaining: 244.1
168 229.1 , Est Remaining: 242.8
169 230.4 , Est Remaining: 241.4
170 231.8 , Est Remaining: 240.0
171 233.1 , Est Remaining: 238.6
172 234.4 , Est Remaining: 237.1
173 235.7 , Est Remaining: 235.7
174 237.1 , Est Remaining: 234.3
175 238.4 , Est Remaining: 233.0
176 239.7 , Est Remaining: 231.6
177 241.1 , Est Remaining: 230.2
178 242.4 , Est Remaining: 228.8
179 243.7 , Est Remaining: 227.4
180 245.1 , Est Remaining: 226.0
181 246.4 , Est Remaining: 224.6
182 247.8 , Est Remaining: 223.3
183 249.1 , Est Remaining: 221.9
184 250.5 , Est Remaining: 220.5
185 251.8 , Est Remaining: 219.1
186 253.2 , Est Remaining: 217.8
187 254.5 , Est Remaining: 216.4
EVENT FAILED
187 254.8 , Est Remaining: 216.6
188 256.1 , Est Remaining: 215.2
189 257.5 , Est Remaining: 213.9
190 258.8 , Est Remaining: 212.5
191 260.1 , Est Remaining: 211.1
192 261.5 , Est Remaining: 209.7
193 262.8 , Est Remaining: 208.3
194 264.1 , Est Remaining: 206.9
195 265.5 , Est Remaining: 205.6
196 266.8 , Est Remaining: 204.2
197 268.1 , Est Remaining: 202.8
198 269.5 , Est Remaining: 201.4
199 270.8 , Est Remaining: 200.0
200 272.2 , Est Remaining: 198.7
201 273.5 , Est Remaining: 197.3
202 274.8 , Est Remaining: 195.9
203 276.2 , Est Remaining: 194.6
204 277.6 , Est Remaining: 193.2
205 278.9 , Est Remaining: 191.8
206 280.2 , Est Remaining: 190.5
207 281.6 , Est Remaining: 189.1
208 282.9 , Est Remaining: 187.7
209 284.2 , Est Remaining: 186.3
210 285.6 , Est Remaining: 185.0
211 286.9 , Est Remaining: 183.6
212 288.3 , Est Remaining: 182.2
213 289.7 , Est Remaining: 180.9
214 291.0 , Est Remaining: 179.5
215 292.3 , Est Remaining: 178.1
216 293.7 , Est Remaining: 176.8
217 295.1 , Est Remaining: 175.4
218 296.4 , Est Remaining: 174.0
219 297.8 , Est Remaining: 172.7
220 299.1 , Est Remaining: 171.3
221 300.5 , Est Remaining: 169.9
222 301.8 , Est Remaining: 168.6
223 303.1 , Est Remaining: 167.2
224 304.5 , Est Remaining: 165.8
225 305.8 , Est Remaining: 164.5
226 307.2 , Est Remaining: 163.1
227 308.5 , Est Remaining: 161.7
228 309.9 , Est Remaining: 160.4
229 311.2 , Est Remaining: 159.0
230 312.6 , Est Remaining: 157.6
231 313.9 , Est Remaining: 156.3
232 315.2 , Est Remaining: 154.9
233 316.5 , Est Remaining: 153.5
234 317.9 , Est Remaining: 152.2
235 319.2 , Est Remaining: 150.8
236 320.6 , Est Remaining: 149.4
237 321.9 , Est Remaining: 148.1
238 323.2 , Est Remaining: 146.7
239 324.6 , Est Remaining: 145.3
240 325.9 , Est Remaining: 143.9
241 327.3 , Est Remaining: 142.6
242 328.6 , Est Remaining: 141.2
243 330.0 , Est Remaining: 139.9
EVENT FAILED
243 330.3 , Est Remaining: 140.0
244 331.6 , Est Remaining: 138.6
245 332.9 , Est Remaining: 137.3
246 334.3 , Est Remaining: 135.9
247 335.6 , Est Remaining: 134.5
248 337.0 , Est Remaining: 133.2
249 338.3 , Est Remaining: 131.8
250 339.7 , Est Remaining: 130.4
251 341.0 , Est Remaining: 129.1
252 342.4 , Est Remaining: 127.7
253 343.7 , Est Remaining: 126.3
254 345.1 , Est Remaining: 125.0
255 346.4 , Est Remaining: 123.6
256 347.7 , Est Remaining: 122.3
257 349.1 , Est Remaining: 120.9
258 350.4 , Est Remaining: 119.5
259 351.8 , Est Remaining: 118.2
260 353.1 , Est Remaining: 116.8
261 354.4 , Est Remaining: 115.4
262 355.7 , Est Remaining: 114.0
263 357.0 , Est Remaining: 112.7
264 358.3 , Est Remaining: 111.3
265 359.6 , Est Remaining: 109.9
266 360.9 , Est Remaining: 108.6
267 362.3 , Est Remaining: 107.2
268 363.6 , Est Remaining: 105.8
269 364.9 , Est Remaining: 104.4
270 366.2 , Est Remaining: 103.1
271 367.5 , Est Remaining: 101.7
EVENT FAILED
271 367.8 , Est Remaining: 101.8
272 369.2 , Est Remaining: 100.4
273 370.5 , Est Remaining: 99.1
274 371.8 , Est Remaining: 97.7
275 373.1 , Est Remaining: 96.3
276 374.5 , Est Remaining: 95.0
277 375.8 , Est Remaining: 93.6
278 377.1 , Est Remaining: 92.2
279 378.4 , Est Remaining: 90.9
280 379.8 , Est Remaining: 89.5
281 381.1 , Est Remaining: 88.2
282 382.4 , Est Remaining: 86.8
EVENT FAILED
282 382.7 , Est Remaining: 86.9
283 384.0 , Est Remaining: 85.5
284 385.4 , Est Remaining: 84.1
285 386.7 , Est Remaining: 82.8
286 388.0 , Est Remaining: 81.4
287 389.4 , Est Remaining: 80.0
288 390.7 , Est Remaining: 78.7
289 392.0 , Est Remaining: 77.3
290 393.4 , Est Remaining: 76.0
EVENT FAILED
290 393.7 , Est Remaining: 76.0
291 395.0 , Est Remaining: 74.7
292 396.4 , Est Remaining: 73.3
293 397.7 , Est Remaining: 71.9
294 399.0 , Est Remaining: 70.6
295 400.4 , Est Remaining: 69.2
296 401.7 , Est Remaining: 67.9
297 403.0 , Est Remaining: 66.5
298 404.4 , Est Remaining: 65.1
299 405.7 , Est Remaining: 63.8
300 407.0 , Est Remaining: 62.4
301 408.4 , Est Remaining: 61.1
302 409.8 , Est Remaining: 59.7
303 411.2 , Est Remaining: 58.3
304 412.5 , Est Remaining: 57.0
305 413.8 , Est Remaining: 55.6
306 415.2 , Est Remaining: 54.3
307 416.5 , Est Remaining: 52.9
308 417.9 , Est Remaining: 51.6
309 419.2 , Est Remaining: 50.2
310 420.5 , Est Remaining: 48.8
311 421.9 , Est Remaining: 47.5
312 423.2 , Est Remaining: 46.1
313 424.5 , Est Remaining: 44.8
314 425.9 , Est Remaining: 43.4
315 427.2 , Est Remaining: 42.0
316 428.5 , Est Remaining: 40.7
317 429.9 , Est Remaining: 39.3
318 431.2 , Est Remaining: 38.0
319 432.5 , Est Remaining: 36.6
320 433.9 , Est Remaining: 35.3
321 435.2 , Est Remaining: 33.9
322 436.5 , Est Remaining: 32.5
323 437.8 , Est Remaining: 31.2
324 439.2 , Est Remaining: 29.8
325 440.5 , Est Remaining: 28.5
326 441.8 , Est Remaining: 27.1
327 443.1 , Est Remaining: 25.7
328 444.4 , Est Remaining: 24.4
329 445.7 , Est Remaining: 23.0
330 447.0 , Est Remaining: 21.7
331 448.3 , Est Remaining: 20.3
332 449.7 , Est Remaining: 19.0
333 451.0 , Est Remaining: 17.6
