Note: NumExpr detected 32 cores but "NUMEXPR_MAX_THREADS" not set, so enforcing safe limit of 8.
Using selector: EpollSelector
/n/home02/jhaefner/miniconda/envs/IC-3.7-2020-06-16/lib/python3.7/site-packages/scipy/optimize/minpack.py:808: OptimizeWarning: Covariance of the parameters could not be estimated
  category=OptimizeWarning)
Total rwfs: 346
0 0.0 , Est Remaining: 999999.9
1 1.5 , Est Remaining: 531.5
2 3.0 , Est Remaining: 521.3
3 4.6 , Est Remaining: 521.0
4 6.1 , Est Remaining: 518.0
5 7.6 , Est Remaining: 515.1
6 9.0 , Est Remaining: 512.0
7 10.5 , Est Remaining: 507.7
8 11.9 , Est Remaining: 504.6
9 13.4 , Est Remaining: 500.6
EVENT FAILED
9 13.7 , Est Remaining: 512.6
10 15.2 , Est Remaining: 510.2
11 16.6 , Est Remaining: 506.7
12 18.1 , Est Remaining: 503.8
13 19.4 , Est Remaining: 497.3
14 20.9 , Est Remaining: 495.3
15 22.4 , Est Remaining: 493.5
16 23.8 , Est Remaining: 491.5
17 25.3 , Est Remaining: 489.7
18 26.8 , Est Remaining: 488.3
EVENT FAILED
18 27.1 , Est Remaining: 493.8
19 28.6 , Est Remaining: 492.1
EVENT FAILED
19 28.9 , Est Remaining: 497.6
20 30.4 , Est Remaining: 495.3
21 31.8 , Est Remaining: 492.9
22 33.3 , Est Remaining: 490.1
23 34.7 , Est Remaining: 487.6
24 36.2 , Est Remaining: 485.4
25 37.6 , Est Remaining: 483.4
26 39.1 , Est Remaining: 481.2
27 40.6 , Est Remaining: 479.2
28 42.0 , Est Remaining: 477.0
29 43.5 , Est Remaining: 475.0
30 44.9 , Est Remaining: 473.0
31 46.4 , Est Remaining: 471.0
32 47.8 , Est Remaining: 469.2
33 49.3 , Est Remaining: 467.5
34 50.8 , Est Remaining: 465.8
35 52.2 , Est Remaining: 464.2
36 53.7 , Est Remaining: 462.4
37 55.2 , Est Remaining: 461.0
38 56.7 , Est Remaining: 459.2
39 58.1 , Est Remaining: 457.5
40 59.6 , Est Remaining: 455.8
41 61.0 , Est Remaining: 454.1
42 62.5 , Est Remaining: 452.5
43 64.0 , Est Remaining: 450.9
44 65.5 , Est Remaining: 449.3
45 66.9 , Est Remaining: 447.6
46 68.4 , Est Remaining: 446.0
EVENT FAILED
46 68.7 , Est Remaining: 448.0
47 70.1 , Est Remaining: 446.2
48 71.6 , Est Remaining: 444.6
49 73.1 , Est Remaining: 443.0
50 74.6 , Est Remaining: 441.5
51 76.0 , Est Remaining: 439.8
52 77.5 , Est Remaining: 438.2
53 79.0 , Est Remaining: 436.5
54 80.4 , Est Remaining: 434.9
55 81.9 , Est Remaining: 433.3
56 83.4 , Est Remaining: 431.7
57 84.9 , Est Remaining: 430.2
58 86.3 , Est Remaining: 428.6
59 87.8 , Est Remaining: 427.0
60 89.2 , Est Remaining: 425.3
61 90.7 , Est Remaining: 423.6
62 92.1 , Est Remaining: 421.8
63 93.5 , Est Remaining: 420.0
64 94.9 , Est Remaining: 418.2
65 96.3 , Est Remaining: 416.4
66 97.7 , Est Remaining: 414.6
67 99.1 , Est Remaining: 412.8
68 100.5 , Est Remaining: 411.1
69 102.0 , Est Remaining: 409.3
70 103.4 , Est Remaining: 407.6
71 104.8 , Est Remaining: 405.8
72 106.2 , Est Remaining: 404.1
73 107.6 , Est Remaining: 402.4
74 109.0 , Est Remaining: 400.6
75 110.4 , Est Remaining: 398.9
76 111.8 , Est Remaining: 397.2
77 113.2 , Est Remaining: 395.4
78 114.6 , Est Remaining: 393.7
79 116.0 , Est Remaining: 392.0
80 117.4 , Est Remaining: 390.3
81 118.8 , Est Remaining: 388.6
82 120.2 , Est Remaining: 386.8
83 121.6 , Est Remaining: 385.2
84 122.9 , Est Remaining: 383.5
85 124.3 , Est Remaining: 381.7
86 125.7 , Est Remaining: 380.0
87 127.1 , Est Remaining: 378.3
88 128.5 , Est Remaining: 376.6
89 129.8 , Est Remaining: 374.9
90 131.2 , Est Remaining: 373.1
91 132.5 , Est Remaining: 371.4
92 133.9 , Est Remaining: 369.7
93 135.3 , Est Remaining: 368.0
94 136.6 , Est Remaining: 366.3
95 138.0 , Est Remaining: 364.6
96 139.3 , Est Remaining: 362.9
97 140.7 , Est Remaining: 361.2
98 142.1 , Est Remaining: 359.5
99 143.4 , Est Remaining: 357.8
100 144.8 , Est Remaining: 356.1
101 146.1 , Est Remaining: 354.5
102 147.5 , Est Remaining: 352.8
103 148.9 , Est Remaining: 351.3
104 150.3 , Est Remaining: 349.7
105 151.6 , Est Remaining: 348.0
106 153.0 , Est Remaining: 346.4
107 154.3 , Est Remaining: 344.7
108 155.7 , Est Remaining: 343.0
109 157.0 , Est Remaining: 341.3
110 158.3 , Est Remaining: 339.7
111 159.6 , Est Remaining: 338.0
112 161.0 , Est Remaining: 336.4
113 162.3 , Est Remaining: 334.7
114 163.7 , Est Remaining: 333.1
115 165.0 , Est Remaining: 331.4
116 166.4 , Est Remaining: 329.8
117 167.7 , Est Remaining: 328.2
118 169.1 , Est Remaining: 326.7
119 170.4 , Est Remaining: 325.1
120 171.8 , Est Remaining: 323.5
121 173.1 , Est Remaining: 321.9
122 174.5 , Est Remaining: 320.3
123 175.8 , Est Remaining: 318.7
124 177.2 , Est Remaining: 317.2
125 178.5 , Est Remaining: 315.6
126 179.9 , Est Remaining: 314.1
127 181.3 , Est Remaining: 312.6
128 182.7 , Est Remaining: 311.1
129 184.1 , Est Remaining: 309.6
130 185.4 , Est Remaining: 308.1
131 186.8 , Est Remaining: 306.6
132 188.2 , Est Remaining: 305.1
133 189.6 , Est Remaining: 303.6
134 191.0 , Est Remaining: 302.2
135 192.4 , Est Remaining: 300.7
136 193.8 , Est Remaining: 299.2
137 195.2 , Est Remaining: 297.8
138 196.6 , Est Remaining: 296.3
139 198.0 , Est Remaining: 294.8
140 199.4 , Est Remaining: 293.4
141 200.8 , Est Remaining: 291.9
142 202.2 , Est Remaining: 290.5
143 203.6 , Est Remaining: 289.0
144 205.0 , Est Remaining: 287.6
145 206.4 , Est Remaining: 286.1
146 207.8 , Est Remaining: 284.7
147 209.3 , Est Remaining: 283.3
148 210.7 , Est Remaining: 281.9
149 212.2 , Est Remaining: 280.5
150 213.6 , Est Remaining: 279.1
151 215.0 , Est Remaining: 277.7
152 216.5 , Est Remaining: 276.3
153 217.9 , Est Remaining: 274.9
154 219.3 , Est Remaining: 273.5
155 220.8 , Est Remaining: 272.0
156 222.2 , Est Remaining: 270.6
157 223.6 , Est Remaining: 269.2
158 225.1 , Est Remaining: 267.8
159 226.5 , Est Remaining: 266.4
160 228.0 , Est Remaining: 265.0
161 229.4 , Est Remaining: 263.6
162 230.8 , Est Remaining: 262.2
163 232.3 , Est Remaining: 260.8
EVENT FAILED
163 232.6 , Est Remaining: 261.1
164 234.0 , Est Remaining: 259.7
165 235.4 , Est Remaining: 258.2
166 236.8 , Est Remaining: 256.8
167 238.2 , Est Remaining: 255.3
168 239.7 , Est Remaining: 253.9
169 241.1 , Est Remaining: 252.5
170 242.5 , Est Remaining: 251.1
171 243.9 , Est Remaining: 249.6
172 245.4 , Est Remaining: 248.2
173 246.8 , Est Remaining: 246.8
174 248.2 , Est Remaining: 245.4
175 249.7 , Est Remaining: 243.9
176 251.1 , Est Remaining: 242.5
177 252.5 , Est Remaining: 241.1
178 254.0 , Est Remaining: 239.7
179 255.4 , Est Remaining: 238.3
180 256.9 , Est Remaining: 236.9
181 258.3 , Est Remaining: 235.5
182 259.8 , Est Remaining: 234.1
183 261.2 , Est Remaining: 232.7
184 262.7 , Est Remaining: 231.3
185 264.2 , Est Remaining: 229.9
186 265.6 , Est Remaining: 228.5
187 267.1 , Est Remaining: 227.1
188 268.5 , Est Remaining: 225.7
189 270.0 , Est Remaining: 224.3
190 271.5 , Est Remaining: 222.9
191 272.9 , Est Remaining: 221.5
192 274.4 , Est Remaining: 220.1
193 275.8 , Est Remaining: 218.6
194 277.3 , Est Remaining: 217.2
195 278.7 , Est Remaining: 215.8
196 280.2 , Est Remaining: 214.4
197 281.6 , Est Remaining: 213.0
198 283.1 , Est Remaining: 211.6
199 284.5 , Est Remaining: 210.2
200 286.0 , Est Remaining: 208.8
201 287.4 , Est Remaining: 207.3
202 288.9 , Est Remaining: 205.9
203 290.4 , Est Remaining: 204.6
204 291.9 , Est Remaining: 203.2
205 293.3 , Est Remaining: 201.8
206 294.8 , Est Remaining: 200.3
207 296.2 , Est Remaining: 198.9
208 297.7 , Est Remaining: 197.5
209 299.1 , Est Remaining: 196.1
210 300.5 , Est Remaining: 194.6
211 302.0 , Est Remaining: 193.2
212 303.4 , Est Remaining: 191.8
213 304.8 , Est Remaining: 190.3
214 306.3 , Est Remaining: 188.9
215 307.7 , Est Remaining: 187.5
EVENT FAILED
215 308.0 , Est Remaining: 187.7
216 309.5 , Est Remaining: 186.3
217 310.9 , Est Remaining: 184.8
218 312.3 , Est Remaining: 183.4
219 313.8 , Est Remaining: 182.0
220 315.3 , Est Remaining: 180.6
221 316.7 , Est Remaining: 179.1
EVENT FAILED
221 317.0 , Est Remaining: 179.3
222 318.5 , Est Remaining: 177.9
223 320.0 , Est Remaining: 176.5
224 321.4 , Est Remaining: 175.1
225 322.9 , Est Remaining: 173.6
226 324.3 , Est Remaining: 172.2
227 325.8 , Est Remaining: 170.8
228 327.3 , Est Remaining: 169.4
229 328.7 , Est Remaining: 167.9
230 330.2 , Est Remaining: 166.5
231 331.6 , Est Remaining: 165.1
232 333.1 , Est Remaining: 163.7
233 334.5 , Est Remaining: 162.2
234 336.0 , Est Remaining: 160.8
235 337.5 , Est Remaining: 159.4
236 338.9 , Est Remaining: 158.0
237 340.3 , Est Remaining: 156.5
238 341.8 , Est Remaining: 155.1
239 343.2 , Est Remaining: 153.7
240 344.7 , Est Remaining: 152.2
241 346.1 , Est Remaining: 150.8
242 347.6 , Est Remaining: 149.4
243 349.1 , Est Remaining: 148.0
244 350.5 , Est Remaining: 146.5
245 351.9 , Est Remaining: 145.1
246 353.4 , Est Remaining: 143.7
247 354.8 , Est Remaining: 142.2
EVENT FAILED
247 355.2 , Est Remaining: 142.4
248 356.6 , Est Remaining: 140.9
249 358.1 , Est Remaining: 139.5
250 359.5 , Est Remaining: 138.1
251 361.0 , Est Remaining: 136.6
252 362.4 , Est Remaining: 135.2
253 363.9 , Est Remaining: 133.8
254 365.3 , Est Remaining: 132.3
255 366.7 , Est Remaining: 130.9
256 368.2 , Est Remaining: 129.4
257 369.6 , Est Remaining: 128.0
258 371.1 , Est Remaining: 126.6
259 372.5 , Est Remaining: 125.1
260 374.0 , Est Remaining: 123.7
261 375.4 , Est Remaining: 122.3
262 376.9 , Est Remaining: 120.8
263 378.3 , Est Remaining: 119.4
264 379.8 , Est Remaining: 118.0
265 381.2 , Est Remaining: 116.5
266 382.7 , Est Remaining: 115.1
267 384.2 , Est Remaining: 113.7
268 385.6 , Est Remaining: 112.2
269 387.1 , Est Remaining: 110.8
270 388.5 , Est Remaining: 109.4
271 390.0 , Est Remaining: 107.9
272 391.4 , Est Remaining: 106.5
273 392.9 , Est Remaining: 105.1
274 394.3 , Est Remaining: 103.6
275 395.8 , Est Remaining: 102.2
276 397.2 , Est Remaining: 100.7
EVENT FAILED
276 397.5 , Est Remaining: 100.8
277 399.0 , Est Remaining: 99.4
278 400.4 , Est Remaining: 97.9
279 401.9 , Est Remaining: 96.5
280 403.3 , Est Remaining: 95.1
281 404.7 , Est Remaining: 93.6
282 406.2 , Est Remaining: 92.2
283 407.7 , Est Remaining: 90.8
284 409.1 , Est Remaining: 89.3
285 410.5 , Est Remaining: 87.9
286 412.0 , Est Remaining: 86.4
287 413.4 , Est Remaining: 85.0
288 414.9 , Est Remaining: 83.6
289 416.3 , Est Remaining: 82.1
290 417.8 , Est Remaining: 80.7
291 419.2 , Est Remaining: 79.2
292 420.7 , Est Remaining: 77.8
293 422.1 , Est Remaining: 76.4
294 423.6 , Est Remaining: 74.9
295 425.1 , Est Remaining: 73.5
296 426.5 , Est Remaining: 72.0
297 428.0 , Est Remaining: 70.6
298 429.5 , Est Remaining: 69.2
299 431.0 , Est Remaining: 67.7
300 432.4 , Est Remaining: 66.3
301 433.9 , Est Remaining: 64.9
302 435.5 , Est Remaining: 63.5
303 437.0 , Est Remaining: 62.0
304 438.4 , Est Remaining: 60.6
305 439.9 , Est Remaining: 59.1
306 441.4 , Est Remaining: 57.7
307 442.8 , Est Remaining: 56.3
308 444.3 , Est Remaining: 54.8
309 445.7 , Est Remaining: 53.4
310 447.2 , Est Remaining: 51.9
311 448.6 , Est Remaining: 50.5
312 450.0 , Est Remaining: 49.0
313 451.5 , Est Remaining: 47.6
314 452.9 , Est Remaining: 46.2
315 454.4 , Est Remaining: 44.7
316 455.8 , Est Remaining: 43.3
317 457.2 , Est Remaining: 41.8
318 458.7 , Est Remaining: 40.4
319 460.1 , Est Remaining: 38.9
320 461.5 , Est Remaining: 37.5
321 463.0 , Est Remaining: 36.1
322 464.4 , Est Remaining: 34.6
323 465.8 , Est Remaining: 33.2
324 467.2 , Est Remaining: 31.7
325 468.7 , Est Remaining: 30.3
326 470.1 , Est Remaining: 28.8
327 471.5 , Est Remaining: 27.4
EVENT FAILED
327 471.8 , Est Remaining: 27.4
328 473.2 , Est Remaining: 26.0
329 474.6 , Est Remaining: 24.5
330 476.0 , Est Remaining: 23.1
331 477.4 , Est Remaining: 21.6
332 478.8 , Est Remaining: 20.2
333 480.2 , Est Remaining: 18.7
334 481.6 , Est Remaining: 17.3
335 483.0 , Est Remaining: 15.9
