Note: NumExpr detected 32 cores but "NUMEXPR_MAX_THREADS" not set, so enforcing safe limit of 8.
Using selector: EpollSelector
/n/home02/jhaefner/miniconda/envs/IC-3.7-2020-06-16/lib/python3.7/site-packages/scipy/optimize/minpack.py:808: OptimizeWarning: Covariance of the parameters could not be estimated
  category=OptimizeWarning)
Total rwfs: 346
0 0.0 , Est Remaining: 999999.9
1 1.5 , Est Remaining: 524.7
2 3.0 , Est Remaining: 519.7
3 4.5 , Est Remaining: 518.0
4 6.0 , Est Remaining: 514.5
5 7.5 , Est Remaining: 511.1
6 9.0 , Est Remaining: 509.0
7 10.4 , Est Remaining: 506.0
8 11.9 , Est Remaining: 503.6
9 13.4 , Est Remaining: 500.4
10 14.8 , Est Remaining: 497.7
11 16.3 , Est Remaining: 495.4
EVENT FAILED
11 16.6 , Est Remaining: 505.9
12 18.1 , Est Remaining: 503.3
13 19.6 , Est Remaining: 500.9
14 21.0 , Est Remaining: 498.5
15 22.5 , Est Remaining: 496.4
16 23.9 , Est Remaining: 493.8
17 25.4 , Est Remaining: 491.4
18 26.8 , Est Remaining: 489.2
19 28.3 , Est Remaining: 487.1
20 29.8 , Est Remaining: 485.1
21 31.2 , Est Remaining: 483.1
22 32.7 , Est Remaining: 481.4
23 34.2 , Est Remaining: 479.7
EVENT FAILED
23 34.5 , Est Remaining: 484.4
24 36.0 , Est Remaining: 482.5
25 37.4 , Est Remaining: 480.7
26 38.9 , Est Remaining: 479.0
27 40.4 , Est Remaining: 477.1
28 41.8 , Est Remaining: 475.2
29 43.3 , Est Remaining: 473.5
30 44.8 , Est Remaining: 471.6
31 46.2 , Est Remaining: 469.9
32 47.7 , Est Remaining: 468.0
33 49.2 , Est Remaining: 466.2
34 50.6 , Est Remaining: 464.6
35 52.1 , Est Remaining: 462.8
36 53.6 , Est Remaining: 461.2
37 55.0 , Est Remaining: 459.4
38 56.4 , Est Remaining: 457.5
39 57.9 , Est Remaining: 455.7
40 59.3 , Est Remaining: 453.9
41 60.8 , Est Remaining: 452.2
42 62.2 , Est Remaining: 450.5
43 63.7 , Est Remaining: 448.8
44 65.1 , Est Remaining: 447.2
45 66.6 , Est Remaining: 445.7
46 68.1 , Est Remaining: 444.1
47 69.6 , Est Remaining: 442.5
48 71.0 , Est Remaining: 440.9
49 72.5 , Est Remaining: 439.3
50 74.0 , Est Remaining: 437.8
51 75.4 , Est Remaining: 436.3
52 76.9 , Est Remaining: 434.7
53 78.3 , Est Remaining: 433.1
54 79.8 , Est Remaining: 431.6
55 81.3 , Est Remaining: 429.9
56 82.7 , Est Remaining: 428.4
57 84.2 , Est Remaining: 426.8
58 85.6 , Est Remaining: 425.1
59 87.1 , Est Remaining: 423.6
60 88.5 , Est Remaining: 422.0
61 90.0 , Est Remaining: 420.4
62 91.4 , Est Remaining: 418.9
63 92.9 , Est Remaining: 417.3
64 94.3 , Est Remaining: 415.7
65 95.8 , Est Remaining: 414.1
66 97.3 , Est Remaining: 412.7
67 98.7 , Est Remaining: 411.1
68 100.2 , Est Remaining: 409.7
69 101.7 , Est Remaining: 408.3
70 103.1 , Est Remaining: 406.7
71 104.6 , Est Remaining: 405.0
72 106.0 , Est Remaining: 403.3
73 107.4 , Est Remaining: 401.6
74 108.8 , Est Remaining: 399.9
75 110.2 , Est Remaining: 398.2
76 111.6 , Est Remaining: 396.5
77 113.0 , Est Remaining: 394.9
78 114.5 , Est Remaining: 393.3
79 115.8 , Est Remaining: 391.5
80 117.3 , Est Remaining: 389.9
81 118.7 , Est Remaining: 388.2
82 120.1 , Est Remaining: 386.5
83 121.4 , Est Remaining: 384.8
84 122.9 , Est Remaining: 383.2
EVENT FAILED
84 123.2 , Est Remaining: 384.2
85 124.6 , Est Remaining: 382.5
86 126.0 , Est Remaining: 380.8
87 127.4 , Est Remaining: 379.2
88 128.7 , Est Remaining: 377.5
89 130.1 , Est Remaining: 375.8
90 131.5 , Est Remaining: 374.1
91 132.9 , Est Remaining: 372.5
92 134.3 , Est Remaining: 370.8
93 135.7 , Est Remaining: 369.1
94 137.1 , Est Remaining: 367.4
95 138.4 , Est Remaining: 365.8
96 139.8 , Est Remaining: 364.1
97 141.2 , Est Remaining: 362.5
98 142.6 , Est Remaining: 360.9
99 144.0 , Est Remaining: 359.2
100 145.4 , Est Remaining: 357.6
101 146.8 , Est Remaining: 356.0
102 148.2 , Est Remaining: 354.4
103 149.6 , Est Remaining: 353.0
EVENT FAILED
103 149.9 , Est Remaining: 353.8
104 151.3 , Est Remaining: 352.1
105 152.7 , Est Remaining: 350.5
106 154.1 , Est Remaining: 348.9
107 155.5 , Est Remaining: 347.2
108 156.8 , Est Remaining: 345.6
109 158.2 , Est Remaining: 343.9
110 159.6 , Est Remaining: 342.3
111 160.9 , Est Remaining: 340.7
112 162.3 , Est Remaining: 339.1
113 163.7 , Est Remaining: 337.4
114 165.0 , Est Remaining: 335.8
115 166.4 , Est Remaining: 334.2
116 167.8 , Est Remaining: 332.7
117 169.2 , Est Remaining: 331.1
118 170.5 , Est Remaining: 329.5
119 171.9 , Est Remaining: 328.0
120 173.3 , Est Remaining: 326.4
121 174.7 , Est Remaining: 324.9
122 176.1 , Est Remaining: 323.3
123 177.5 , Est Remaining: 321.7
124 178.8 , Est Remaining: 320.2
125 180.2 , Est Remaining: 318.6
126 181.6 , Est Remaining: 317.0
127 182.9 , Est Remaining: 315.5
128 184.3 , Est Remaining: 313.9
EVENT FAILED
128 184.6 , Est Remaining: 314.5
129 186.0 , Est Remaining: 312.9
130 187.4 , Est Remaining: 311.4
131 188.8 , Est Remaining: 309.8
132 190.2 , Est Remaining: 308.3
133 191.6 , Est Remaining: 306.8
134 192.9 , Est Remaining: 305.3
EVENT FAILED
134 193.3 , Est Remaining: 305.8
135 194.7 , Est Remaining: 304.3
136 196.1 , Est Remaining: 302.8
137 197.5 , Est Remaining: 301.3
138 198.9 , Est Remaining: 299.8
139 200.3 , Est Remaining: 298.3
140 201.7 , Est Remaining: 296.8
141 203.1 , Est Remaining: 295.3
142 204.5 , Est Remaining: 293.8
143 205.9 , Est Remaining: 292.3
144 207.3 , Est Remaining: 290.8
145 208.7 , Est Remaining: 289.4
146 210.2 , Est Remaining: 287.9
147 211.6 , Est Remaining: 286.4
148 213.0 , Est Remaining: 285.0
149 214.4 , Est Remaining: 283.5
150 215.9 , Est Remaining: 282.1
151 217.3 , Est Remaining: 280.6
152 218.7 , Est Remaining: 279.1
153 220.1 , Est Remaining: 277.7
154 221.5 , Est Remaining: 276.2
155 223.0 , Est Remaining: 274.7
156 224.4 , Est Remaining: 273.3
157 225.8 , Est Remaining: 271.9
158 227.2 , Est Remaining: 270.4
159 228.7 , Est Remaining: 268.9
160 230.1 , Est Remaining: 267.5
161 231.5 , Est Remaining: 266.0
162 233.0 , Est Remaining: 264.6
163 234.4 , Est Remaining: 263.1
164 235.8 , Est Remaining: 261.7
165 237.2 , Est Remaining: 260.2
166 238.7 , Est Remaining: 258.8
167 240.1 , Est Remaining: 257.3
168 241.5 , Est Remaining: 255.9
169 242.9 , Est Remaining: 254.4
170 244.4 , Est Remaining: 253.0
171 245.8 , Est Remaining: 251.6
172 247.2 , Est Remaining: 250.1
173 248.7 , Est Remaining: 248.7
174 250.2 , Est Remaining: 247.3
175 251.6 , Est Remaining: 245.9
176 253.1 , Est Remaining: 244.5
177 254.6 , Est Remaining: 243.0
178 256.0 , Est Remaining: 241.7
179 257.5 , Est Remaining: 240.3
180 259.0 , Est Remaining: 238.9
181 260.5 , Est Remaining: 237.4
182 261.9 , Est Remaining: 236.0
183 263.4 , Est Remaining: 234.6
184 264.8 , Est Remaining: 233.1
185 266.2 , Est Remaining: 231.7
186 267.7 , Est Remaining: 230.3
187 269.1 , Est Remaining: 228.8
188 270.6 , Est Remaining: 227.4
189 272.0 , Est Remaining: 226.0
190 273.5 , Est Remaining: 224.5
191 274.9 , Est Remaining: 223.1
192 276.4 , Est Remaining: 221.7
193 277.9 , Est Remaining: 220.3
194 279.3 , Est Remaining: 218.8
195 280.8 , Est Remaining: 217.4
196 282.2 , Est Remaining: 216.0
197 283.7 , Est Remaining: 214.6
198 285.2 , Est Remaining: 213.1
199 286.6 , Est Remaining: 211.7
200 288.1 , Est Remaining: 210.3
201 289.6 , Est Remaining: 208.9
202 291.2 , Est Remaining: 207.6
203 292.7 , Est Remaining: 206.2
204 294.1 , Est Remaining: 204.7
205 295.6 , Est Remaining: 203.3
206 297.1 , Est Remaining: 201.9
207 298.6 , Est Remaining: 200.5
208 300.1 , Est Remaining: 199.1
209 301.6 , Est Remaining: 197.7
210 303.0 , Est Remaining: 196.3
211 304.5 , Est Remaining: 194.8
212 306.0 , Est Remaining: 193.4
213 307.5 , Est Remaining: 192.0
214 309.0 , Est Remaining: 190.6
215 310.5 , Est Remaining: 189.2
216 311.9 , Est Remaining: 187.7
217 313.4 , Est Remaining: 186.3
218 314.9 , Est Remaining: 184.9
219 316.4 , Est Remaining: 183.5
220 317.9 , Est Remaining: 182.0
221 319.3 , Est Remaining: 180.6
222 320.8 , Est Remaining: 179.2
223 322.3 , Est Remaining: 177.8
224 323.7 , Est Remaining: 176.3
225 325.2 , Est Remaining: 174.9
226 326.7 , Est Remaining: 173.5
227 328.1 , Est Remaining: 172.0
228 329.6 , Est Remaining: 170.6
229 331.1 , Est Remaining: 169.2
230 332.6 , Est Remaining: 167.7
231 334.0 , Est Remaining: 166.3
232 335.5 , Est Remaining: 164.8
233 336.9 , Est Remaining: 163.4
234 338.4 , Est Remaining: 162.0
235 339.8 , Est Remaining: 160.5
EVENT FAILED
235 340.2 , Est Remaining: 160.7
236 341.6 , Est Remaining: 159.2
237 343.1 , Est Remaining: 157.8
238 344.6 , Est Remaining: 156.4
239 346.1 , Est Remaining: 154.9
240 347.6 , Est Remaining: 153.5
241 349.0 , Est Remaining: 152.1
242 350.6 , Est Remaining: 150.7
243 352.0 , Est Remaining: 149.2
244 353.5 , Est Remaining: 147.8
245 355.0 , Est Remaining: 146.3
246 356.5 , Est Remaining: 144.9
247 357.9 , Est Remaining: 143.5
248 359.4 , Est Remaining: 142.0
249 360.9 , Est Remaining: 140.6
250 362.3 , Est Remaining: 139.1
251 363.8 , Est Remaining: 137.7
252 365.3 , Est Remaining: 136.2
253 366.7 , Est Remaining: 134.8
254 368.2 , Est Remaining: 133.4
255 369.6 , Est Remaining: 131.9
256 371.1 , Est Remaining: 130.5
257 372.6 , Est Remaining: 129.0
258 374.1 , Est Remaining: 127.6
259 375.6 , Est Remaining: 126.2
EVENT FAILED
259 375.9 , Est Remaining: 126.3
260 377.4 , Est Remaining: 124.8
261 378.9 , Est Remaining: 123.4
262 380.4 , Est Remaining: 121.9
263 381.9 , Est Remaining: 120.5
264 383.3 , Est Remaining: 119.1
265 384.8 , Est Remaining: 117.6
266 386.3 , Est Remaining: 116.2
267 387.8 , Est Remaining: 114.7
268 389.2 , Est Remaining: 113.3
269 390.7 , Est Remaining: 111.8
270 392.1 , Est Remaining: 110.4
271 393.6 , Est Remaining: 108.9
272 395.0 , Est Remaining: 107.5
273 396.5 , Est Remaining: 106.0
274 398.0 , Est Remaining: 104.6
275 399.4 , Est Remaining: 103.1
276 400.9 , Est Remaining: 101.7
277 402.4 , Est Remaining: 100.2
278 403.9 , Est Remaining: 98.8
279 405.4 , Est Remaining: 97.3
EVENT FAILED
279 405.7 , Est Remaining: 97.4
280 407.1 , Est Remaining: 96.0
EVENT FAILED
280 407.5 , Est Remaining: 96.1
281 408.9 , Est Remaining: 94.6
282 410.4 , Est Remaining: 93.1
283 411.8 , Est Remaining: 91.7
284 413.2 , Est Remaining: 90.2
285 414.7 , Est Remaining: 88.8
286 416.1 , Est Remaining: 87.3
287 417.6 , Est Remaining: 85.8
288 419.1 , Est Remaining: 84.4
289 420.5 , Est Remaining: 82.9
290 422.0 , Est Remaining: 81.5
291 423.4 , Est Remaining: 80.0
292 425.0 , Est Remaining: 78.6
EVENT FAILED
292 425.3 , Est Remaining: 78.7
293 426.8 , Est Remaining: 77.2
EVENT FAILED
293 427.1 , Est Remaining: 77.3
294 428.6 , Est Remaining: 75.8
295 430.1 , Est Remaining: 74.4
296 431.5 , Est Remaining: 72.9
297 433.0 , Est Remaining: 71.4
298 434.5 , Est Remaining: 70.0
299 436.0 , Est Remaining: 68.5
300 437.5 , Est Remaining: 67.1
301 439.0 , Est Remaining: 65.6
302 440.6 , Est Remaining: 64.2
303 442.1 , Est Remaining: 62.7
304 443.6 , Est Remaining: 61.3
305 445.1 , Est Remaining: 59.8
306 446.5 , Est Remaining: 58.4
EVENT FAILED
306 446.9 , Est Remaining: 58.4
307 448.3 , Est Remaining: 57.0
308 449.8 , Est Remaining: 55.5
309 451.2 , Est Remaining: 54.0
310 452.7 , Est Remaining: 52.6
311 454.2 , Est Remaining: 51.1
312 455.6 , Est Remaining: 49.7
313 457.1 , Est Remaining: 48.2
314 458.5 , Est Remaining: 46.7
315 460.0 , Est Remaining: 45.3
316 461.5 , Est Remaining: 43.8
317 463.0 , Est Remaining: 42.4
318 464.4 , Est Remaining: 40.9
319 465.9 , Est Remaining: 39.4
320 467.4 , Est Remaining: 38.0
EVENT FAILED
320 467.7 , Est Remaining: 38.0
321 469.1 , Est Remaining: 36.5
322 470.6 , Est Remaining: 35.1
323 472.1 , Est Remaining: 33.6
324 473.5 , Est Remaining: 32.2
325 474.9 , Est Remaining: 30.7
326 476.4 , Est Remaining: 29.2
327 477.8 , Est Remaining: 27.8
328 479.3 , Est Remaining: 26.3
329 480.7 , Est Remaining: 24.8
330 482.1 , Est Remaining: 23.4
331 483.6 , Est Remaining: 21.9
