Note: NumExpr detected 32 cores but "NUMEXPR_MAX_THREADS" not set, so enforcing safe limit of 8.
Using selector: EpollSelector
/n/home02/jhaefner/miniconda/envs/IC-3.7-2020-06-16/lib/python3.7/site-packages/scipy/optimize/minpack.py:808: OptimizeWarning: Covariance of the parameters could not be estimated
  category=OptimizeWarning)
Total rwfs: 346
0 0.0 , Est Remaining: 999999.9
1 1.4 , Est Remaining: 487.9
EVENT FAILED
1 1.8 , Est Remaining: 605.9
2 3.2 , Est Remaining: 544.8
3 4.6 , Est Remaining: 525.7
4 6.0 , Est Remaining: 512.4
5 7.4 , Est Remaining: 504.0
6 8.8 , Est Remaining: 497.8
EVENT FAILED
6 9.7 , Est Remaining: 548.5
7 11.1 , Est Remaining: 535.8
8 12.5 , Est Remaining: 526.5
9 13.9 , Est Remaining: 518.7
10 15.3 , Est Remaining: 513.1
11 16.7 , Est Remaining: 508.0
12 18.1 , Est Remaining: 503.2
13 19.5 , Est Remaining: 499.2
14 20.9 , Est Remaining: 495.8
15 22.3 , Est Remaining: 492.5
16 23.7 , Est Remaining: 489.2
17 25.1 , Est Remaining: 486.4
18 26.6 , Est Remaining: 483.9
19 28.0 , Est Remaining: 481.2
20 29.4 , Est Remaining: 479.2
21 30.8 , Est Remaining: 476.9
22 32.2 , Est Remaining: 474.4
23 33.6 , Est Remaining: 472.0
24 35.0 , Est Remaining: 469.8
25 36.4 , Est Remaining: 467.7
26 37.8 , Est Remaining: 465.7
27 39.2 , Est Remaining: 463.7
28 40.7 , Est Remaining: 461.7
29 42.0 , Est Remaining: 459.4
30 43.4 , Est Remaining: 457.4
31 44.8 , Est Remaining: 455.6
32 46.3 , Est Remaining: 453.9
33 47.7 , Est Remaining: 452.2
34 49.1 , Est Remaining: 450.9
35 50.6 , Est Remaining: 449.2
36 52.0 , Est Remaining: 447.5
37 53.4 , Est Remaining: 446.1
38 54.8 , Est Remaining: 444.5
39 56.3 , Est Remaining: 443.1
40 57.7 , Est Remaining: 441.6
41 59.1 , Est Remaining: 439.9
42 60.6 , Est Remaining: 438.4
43 62.0 , Est Remaining: 436.6
44 63.4 , Est Remaining: 435.1
45 64.8 , Est Remaining: 433.4
46 66.2 , Est Remaining: 431.6
47 67.6 , Est Remaining: 429.9
48 69.0 , Est Remaining: 428.2
49 70.4 , Est Remaining: 426.7
50 71.8 , Est Remaining: 425.0
51 73.2 , Est Remaining: 423.5
52 74.6 , Est Remaining: 421.9
53 76.1 , Est Remaining: 420.4
54 77.5 , Est Remaining: 418.9
55 79.1 , Est Remaining: 418.7
56 80.5 , Est Remaining: 417.1
57 82.0 , Est Remaining: 415.6
58 83.4 , Est Remaining: 414.1
EVENT FAILED
58 83.7 , Est Remaining: 415.7
59 85.1 , Est Remaining: 414.1
60 86.6 , Est Remaining: 412.6
61 88.0 , Est Remaining: 411.0
62 89.4 , Est Remaining: 409.5
63 90.8 , Est Remaining: 407.8
64 92.2 , Est Remaining: 406.3
65 93.6 , Est Remaining: 404.7
66 95.0 , Est Remaining: 403.2
67 96.5 , Est Remaining: 401.6
68 97.8 , Est Remaining: 400.0
69 99.3 , Est Remaining: 398.5
70 100.7 , Est Remaining: 397.0
71 102.1 , Est Remaining: 395.5
72 103.6 , Est Remaining: 394.1
73 105.0 , Est Remaining: 392.6
74 106.4 , Est Remaining: 391.2
75 107.9 , Est Remaining: 389.9
76 109.3 , Est Remaining: 388.5
EVENT FAILED
76 109.7 , Est Remaining: 389.6
77 111.1 , Est Remaining: 388.1
78 112.4 , Est Remaining: 386.1
79 113.8 , Est Remaining: 384.6
80 115.3 , Est Remaining: 383.3
81 116.7 , Est Remaining: 381.8
82 118.2 , Est Remaining: 380.4
83 119.6 , Est Remaining: 379.0
84 121.1 , Est Remaining: 377.6
85 122.5 , Est Remaining: 376.2
86 123.9 , Est Remaining: 374.7
87 125.4 , Est Remaining: 373.2
EVENT FAILED
87 125.7 , Est Remaining: 374.2
88 127.1 , Est Remaining: 372.7
89 128.6 , Est Remaining: 371.2
90 130.0 , Est Remaining: 369.7
91 131.4 , Est Remaining: 368.2
92 132.8 , Est Remaining: 366.8
93 134.3 , Est Remaining: 365.3
94 135.7 , Est Remaining: 363.8
95 137.2 , Est Remaining: 362.4
96 138.6 , Est Remaining: 360.9
97 140.0 , Est Remaining: 359.4
98 141.4 , Est Remaining: 357.9
99 142.9 , Est Remaining: 356.4
EVENT FAILED
99 143.2 , Est Remaining: 357.2
100 144.6 , Est Remaining: 355.7
101 146.0 , Est Remaining: 354.2
102 147.5 , Est Remaining: 352.9
103 149.0 , Est Remaining: 351.5
104 150.4 , Est Remaining: 350.0
105 151.8 , Est Remaining: 348.4
106 153.2 , Est Remaining: 346.9
107 154.7 , Est Remaining: 345.5
108 156.1 , Est Remaining: 344.0
109 157.5 , Est Remaining: 342.5
110 158.9 , Est Remaining: 341.0
111 160.3 , Est Remaining: 339.4
112 161.8 , Est Remaining: 337.9
113 163.2 , Est Remaining: 336.5
114 164.6 , Est Remaining: 335.0
115 166.0 , Est Remaining: 333.5
116 167.5 , Est Remaining: 332.0
117 168.9 , Est Remaining: 330.6
EVENT FAILED
117 169.2 , Est Remaining: 331.2
118 170.6 , Est Remaining: 329.7
119 172.1 , Est Remaining: 328.2
120 173.5 , Est Remaining: 326.8
121 174.9 , Est Remaining: 325.3
122 176.3 , Est Remaining: 323.8
123 177.8 , Est Remaining: 322.4
124 179.3 , Est Remaining: 320.9
125 180.7 , Est Remaining: 319.5
126 182.2 , Est Remaining: 318.1
127 183.6 , Est Remaining: 316.6
128 185.1 , Est Remaining: 315.2
129 186.5 , Est Remaining: 313.8
130 188.0 , Est Remaining: 312.3
131 189.4 , Est Remaining: 310.9
132 190.8 , Est Remaining: 309.4
133 192.3 , Est Remaining: 308.0
EVENT FAILED
133 192.6 , Est Remaining: 308.5
134 194.1 , Est Remaining: 307.0
135 195.5 , Est Remaining: 305.5
136 196.9 , Est Remaining: 304.1
EVENT FAILED
136 197.2 , Est Remaining: 304.6
137 198.7 , Est Remaining: 303.1
138 200.1 , Est Remaining: 301.6
139 201.5 , Est Remaining: 300.1
140 202.9 , Est Remaining: 298.6
141 204.4 , Est Remaining: 297.1
142 205.8 , Est Remaining: 295.7
143 207.3 , Est Remaining: 294.2
144 208.7 , Est Remaining: 292.7
145 210.1 , Est Remaining: 291.3
146 211.6 , Est Remaining: 289.8
147 213.0 , Est Remaining: 288.3
148 214.4 , Est Remaining: 286.9
149 215.9 , Est Remaining: 285.4
150 217.3 , Est Remaining: 283.9
151 218.7 , Est Remaining: 282.5
152 220.2 , Est Remaining: 281.0
153 221.6 , Est Remaining: 279.6
154 223.1 , Est Remaining: 278.1
155 224.5 , Est Remaining: 276.7
156 226.0 , Est Remaining: 275.2
157 227.4 , Est Remaining: 273.8
158 228.9 , Est Remaining: 272.3
159 230.3 , Est Remaining: 270.9
160 231.8 , Est Remaining: 269.4
161 233.2 , Est Remaining: 268.0
EVENT FAILED
161 233.5 , Est Remaining: 268.3
162 235.0 , Est Remaining: 266.9
163 236.4 , Est Remaining: 265.4
164 237.9 , Est Remaining: 264.0
165 239.3 , Est Remaining: 262.6
166 240.8 , Est Remaining: 261.1
167 242.2 , Est Remaining: 259.6
168 243.7 , Est Remaining: 258.2
169 245.1 , Est Remaining: 256.7
170 246.6 , Est Remaining: 255.3
171 248.0 , Est Remaining: 253.8
172 249.5 , Est Remaining: 252.4
173 250.9 , Est Remaining: 250.9
174 252.4 , Est Remaining: 249.5
175 253.8 , Est Remaining: 248.0
176 255.2 , Est Remaining: 246.5
177 256.7 , Est Remaining: 245.1
178 258.1 , Est Remaining: 243.6
179 259.5 , Est Remaining: 242.1
180 260.9 , Est Remaining: 240.6
181 262.3 , Est Remaining: 239.1
182 263.7 , Est Remaining: 237.6
183 265.2 , Est Remaining: 236.2
184 266.6 , Est Remaining: 234.7
185 268.0 , Est Remaining: 233.2
186 269.4 , Est Remaining: 231.7
187 270.8 , Est Remaining: 230.2
EVENT FAILED
187 271.1 , Est Remaining: 230.5
188 272.5 , Est Remaining: 229.0
189 273.9 , Est Remaining: 227.5
190 275.3 , Est Remaining: 226.0
191 276.7 , Est Remaining: 224.5
192 278.1 , Est Remaining: 223.1
193 279.5 , Est Remaining: 221.6
194 280.9 , Est Remaining: 220.1
195 282.3 , Est Remaining: 218.6
196 283.7 , Est Remaining: 217.1
197 285.1 , Est Remaining: 215.6
198 286.5 , Est Remaining: 214.2
199 287.9 , Est Remaining: 212.6
200 289.2 , Est Remaining: 211.1
201 290.6 , Est Remaining: 209.6
202 292.1 , Est Remaining: 208.2
203 293.4 , Est Remaining: 206.7
EVENT FAILED
203 293.7 , Est Remaining: 206.9
204 295.1 , Est Remaining: 205.4
205 296.5 , Est Remaining: 203.9
206 297.8 , Est Remaining: 202.4
207 299.2 , Est Remaining: 200.9
208 300.6 , Est Remaining: 199.4
209 301.9 , Est Remaining: 197.9
210 303.3 , Est Remaining: 196.4
211 304.7 , Est Remaining: 195.0
212 306.1 , Est Remaining: 193.5
213 307.5 , Est Remaining: 192.0
214 308.8 , Est Remaining: 190.5
215 310.2 , Est Remaining: 189.0
EVENT FAILED
215 310.5 , Est Remaining: 189.2
216 311.9 , Est Remaining: 187.7
217 313.3 , Est Remaining: 186.2
218 314.6 , Est Remaining: 184.7
219 316.0 , Est Remaining: 183.3
220 317.4 , Est Remaining: 181.8
221 318.8 , Est Remaining: 180.3
222 320.2 , Est Remaining: 178.8
223 321.6 , Est Remaining: 177.4
224 322.9 , Est Remaining: 175.9
225 324.3 , Est Remaining: 174.4
226 325.7 , Est Remaining: 172.9
227 327.0 , Est Remaining: 171.4
228 328.4 , Est Remaining: 170.0
229 329.8 , Est Remaining: 168.5
230 331.2 , Est Remaining: 167.0
231 332.5 , Est Remaining: 165.5
232 333.9 , Est Remaining: 164.1
233 335.2 , Est Remaining: 162.6
234 336.6 , Est Remaining: 161.1
235 338.0 , Est Remaining: 159.6
236 339.3 , Est Remaining: 158.1
237 340.6 , Est Remaining: 156.7
238 342.0 , Est Remaining: 155.2
239 343.3 , Est Remaining: 153.7
240 344.7 , Est Remaining: 152.2
241 346.1 , Est Remaining: 150.8
242 347.4 , Est Remaining: 149.3
243 348.8 , Est Remaining: 147.8
244 350.1 , Est Remaining: 146.4
245 351.5 , Est Remaining: 144.9
EVENT FAILED
245 351.8 , Est Remaining: 145.0
246 353.1 , Est Remaining: 143.5
247 354.5 , Est Remaining: 142.1
248 355.8 , Est Remaining: 140.6
249 357.2 , Est Remaining: 139.1
250 358.6 , Est Remaining: 137.7
251 360.0 , Est Remaining: 136.2
252 361.3 , Est Remaining: 134.8
253 362.7 , Est Remaining: 133.3
254 364.1 , Est Remaining: 131.9
255 365.5 , Est Remaining: 130.4
256 366.8 , Est Remaining: 129.0
257 368.2 , Est Remaining: 127.5
258 369.6 , Est Remaining: 126.1
259 370.9 , Est Remaining: 124.6
260 372.3 , Est Remaining: 123.2
261 373.7 , Est Remaining: 121.7
262 375.1 , Est Remaining: 120.3
263 376.5 , Est Remaining: 118.8
264 377.9 , Est Remaining: 117.4
265 379.3 , Est Remaining: 115.9
266 380.7 , Est Remaining: 114.5
267 382.1 , Est Remaining: 113.1
268 383.5 , Est Remaining: 111.6
269 384.9 , Est Remaining: 110.2
270 386.3 , Est Remaining: 108.7
271 387.7 , Est Remaining: 107.3
EVENT FAILED
271 388.0 , Est Remaining: 107.4
272 389.5 , Est Remaining: 106.0
273 390.9 , Est Remaining: 104.5
274 392.3 , Est Remaining: 103.1
275 393.7 , Est Remaining: 101.6
276 395.1 , Est Remaining: 100.2
277 396.5 , Est Remaining: 98.8
278 397.9 , Est Remaining: 97.3
279 399.4 , Est Remaining: 95.9
280 400.8 , Est Remaining: 94.5
281 402.2 , Est Remaining: 93.0
282 403.6 , Est Remaining: 91.6
283 405.1 , Est Remaining: 90.2
284 406.5 , Est Remaining: 88.7
285 407.9 , Est Remaining: 87.3
286 409.3 , Est Remaining: 85.9
287 410.8 , Est Remaining: 84.4
288 412.2 , Est Remaining: 83.0
289 413.7 , Est Remaining: 81.6
290 415.1 , Est Remaining: 80.2
291 416.6 , Est Remaining: 78.7
292 418.0 , Est Remaining: 77.3
293 419.4 , Est Remaining: 75.9
294 420.9 , Est Remaining: 74.4
295 422.3 , Est Remaining: 73.0
296 423.7 , Est Remaining: 71.6
297 425.1 , Est Remaining: 70.1
298 426.6 , Est Remaining: 68.7
299 428.0 , Est Remaining: 67.3
300 429.4 , Est Remaining: 65.8
301 430.8 , Est Remaining: 64.4
302 432.4 , Est Remaining: 63.0
303 433.8 , Est Remaining: 61.6
304 435.2 , Est Remaining: 60.1
EVENT FAILED
304 435.5 , Est Remaining: 60.2
305 436.9 , Est Remaining: 58.7
306 438.3 , Est Remaining: 57.3
307 439.8 , Est Remaining: 55.9
308 441.2 , Est Remaining: 54.4
309 442.6 , Est Remaining: 53.0
310 444.0 , Est Remaining: 51.6
311 445.4 , Est Remaining: 50.1
312 446.8 , Est Remaining: 48.7
313 448.3 , Est Remaining: 47.3
314 449.7 , Est Remaining: 45.8
315 451.1 , Est Remaining: 44.4
316 452.6 , Est Remaining: 43.0
317 454.0 , Est Remaining: 41.5
318 455.4 , Est Remaining: 40.1
319 456.9 , Est Remaining: 38.7
320 458.3 , Est Remaining: 37.2
321 459.7 , Est Remaining: 35.8
322 461.2 , Est Remaining: 34.4
323 462.6 , Est Remaining: 32.9
324 464.0 , Est Remaining: 31.5
325 465.4 , Est Remaining: 30.1
326 466.9 , Est Remaining: 28.6
327 468.3 , Est Remaining: 27.2
328 469.7 , Est Remaining: 25.8
329 471.2 , Est Remaining: 24.3
