Note: NumExpr detected 32 cores but "NUMEXPR_MAX_THREADS" not set, so enforcing safe limit of 8.
Using selector: EpollSelector
/n/home02/jhaefner/miniconda/envs/IC-3.7-2020-06-16/lib/python3.7/site-packages/scipy/optimize/minpack.py:808: OptimizeWarning: Covariance of the parameters could not be estimated
  category=OptimizeWarning)
Total rwfs: 346
0 0.0 , Est Remaining: 999999.9
1 1.4 , Est Remaining: 482.7
2 2.8 , Est Remaining: 479.3
3 4.2 , Est Remaining: 478.5
4 5.5 , Est Remaining: 473.2
5 6.9 , Est Remaining: 470.4
6 8.3 , Est Remaining: 468.5
7 9.6 , Est Remaining: 465.8
8 11.0 , Est Remaining: 463.3
9 12.3 , Est Remaining: 462.3
10 13.7 , Est Remaining: 460.9
11 15.1 , Est Remaining: 458.4
12 16.4 , Est Remaining: 456.9
13 17.8 , Est Remaining: 454.9
14 19.1 , Est Remaining: 453.0
15 20.5 , Est Remaining: 451.9
16 21.8 , Est Remaining: 450.4
17 23.2 , Est Remaining: 448.7
18 24.5 , Est Remaining: 447.1
19 25.9 , Est Remaining: 445.3
20 27.2 , Est Remaining: 443.6
21 28.6 , Est Remaining: 442.2
22 29.9 , Est Remaining: 440.6
23 31.3 , Est Remaining: 439.2
24 32.6 , Est Remaining: 437.8
25 34.0 , Est Remaining: 436.6
26 35.4 , Est Remaining: 435.1
27 36.7 , Est Remaining: 433.6
28 38.0 , Est Remaining: 431.9
29 39.4 , Est Remaining: 430.5
30 40.7 , Est Remaining: 429.0
31 42.1 , Est Remaining: 427.5
32 43.4 , Est Remaining: 426.1
33 44.8 , Est Remaining: 424.5
34 46.1 , Est Remaining: 423.1
35 47.4 , Est Remaining: 421.6
36 48.8 , Est Remaining: 420.3
37 50.2 , Est Remaining: 418.8
38 51.5 , Est Remaining: 417.5
39 52.9 , Est Remaining: 416.1
40 54.2 , Est Remaining: 414.7
41 55.6 , Est Remaining: 413.5
42 56.9 , Est Remaining: 412.1
43 58.3 , Est Remaining: 410.7
44 59.6 , Est Remaining: 409.3
45 61.0 , Est Remaining: 408.0
46 62.3 , Est Remaining: 406.6
47 63.7 , Est Remaining: 405.3
48 65.1 , Est Remaining: 403.9
49 66.4 , Est Remaining: 402.6
50 67.8 , Est Remaining: 401.4
51 69.2 , Est Remaining: 400.0
52 70.5 , Est Remaining: 398.7
53 71.9 , Est Remaining: 397.4
54 73.3 , Est Remaining: 396.1
55 74.6 , Est Remaining: 394.7
56 76.0 , Est Remaining: 393.3
57 77.3 , Est Remaining: 392.0
58 78.7 , Est Remaining: 390.6
59 80.0 , Est Remaining: 389.2
60 81.3 , Est Remaining: 387.7
61 82.7 , Est Remaining: 386.3
62 84.0 , Est Remaining: 385.0
63 85.4 , Est Remaining: 383.6
64 86.7 , Est Remaining: 382.2
65 88.1 , Est Remaining: 380.7
66 89.4 , Est Remaining: 379.3
67 90.7 , Est Remaining: 377.9
68 92.1 , Est Remaining: 376.4
69 93.4 , Est Remaining: 375.0
70 94.8 , Est Remaining: 373.6
71 96.1 , Est Remaining: 372.2
72 97.4 , Est Remaining: 370.8
73 98.8 , Est Remaining: 369.4
74 100.1 , Est Remaining: 368.0
75 101.5 , Est Remaining: 366.6
76 102.8 , Est Remaining: 365.1
77 104.1 , Est Remaining: 363.7
EVENT FAILED
77 104.4 , Est Remaining: 364.8
78 105.8 , Est Remaining: 363.4
79 107.1 , Est Remaining: 362.0
80 108.4 , Est Remaining: 360.6
81 109.8 , Est Remaining: 359.2
82 111.1 , Est Remaining: 357.8
EVENT FAILED
82 111.4 , Est Remaining: 358.8
83 112.8 , Est Remaining: 357.4
84 114.1 , Est Remaining: 356.0
85 115.5 , Est Remaining: 354.6
86 116.8 , Est Remaining: 353.3
87 118.2 , Est Remaining: 351.9
88 119.6 , Est Remaining: 350.6
89 120.9 , Est Remaining: 349.2
90 122.3 , Est Remaining: 347.8
91 123.6 , Est Remaining: 346.4
92 125.0 , Est Remaining: 345.0
93 126.3 , Est Remaining: 343.6
94 127.6 , Est Remaining: 342.2
95 129.0 , Est Remaining: 340.8
96 130.3 , Est Remaining: 339.4
97 131.7 , Est Remaining: 338.0
98 133.0 , Est Remaining: 336.6
EVENT FAILED
98 133.3 , Est Remaining: 337.3
99 134.6 , Est Remaining: 335.9
100 136.0 , Est Remaining: 334.6
101 137.4 , Est Remaining: 333.2
102 138.7 , Est Remaining: 331.8
103 140.1 , Est Remaining: 330.6
104 141.5 , Est Remaining: 329.2
105 142.8 , Est Remaining: 327.8
106 144.2 , Est Remaining: 326.4
107 145.5 , Est Remaining: 325.0
108 146.9 , Est Remaining: 323.6
109 148.2 , Est Remaining: 322.2
110 149.6 , Est Remaining: 320.9
111 150.9 , Est Remaining: 319.5
112 152.2 , Est Remaining: 318.1
113 153.6 , Est Remaining: 316.7
114 154.9 , Est Remaining: 315.3
115 156.2 , Est Remaining: 313.8
116 157.5 , Est Remaining: 312.4
117 158.9 , Est Remaining: 310.9
EVENT FAILED
117 159.2 , Est Remaining: 311.5
118 160.5 , Est Remaining: 310.2
119 161.9 , Est Remaining: 308.8
120 163.2 , Est Remaining: 307.4
121 164.6 , Est Remaining: 306.0
122 165.9 , Est Remaining: 304.6
123 167.3 , Est Remaining: 303.3
124 168.6 , Est Remaining: 301.9
125 169.9 , Est Remaining: 300.5
126 171.3 , Est Remaining: 299.1
127 172.6 , Est Remaining: 297.7
128 174.0 , Est Remaining: 296.3
129 175.3 , Est Remaining: 294.9
130 176.6 , Est Remaining: 293.5
131 178.0 , Est Remaining: 292.1
132 179.4 , Est Remaining: 290.8
133 180.7 , Est Remaining: 289.4
134 182.0 , Est Remaining: 288.0
135 183.3 , Est Remaining: 286.6
136 184.7 , Est Remaining: 285.2
137 186.0 , Est Remaining: 283.8
138 187.4 , Est Remaining: 282.4
139 188.7 , Est Remaining: 281.0
140 190.0 , Est Remaining: 279.6
141 191.4 , Est Remaining: 278.2
142 192.7 , Est Remaining: 276.8
143 194.1 , Est Remaining: 275.5
144 195.4 , Est Remaining: 274.1
145 196.7 , Est Remaining: 272.7
146 198.1 , Est Remaining: 271.4
147 199.5 , Est Remaining: 270.0
148 200.8 , Est Remaining: 268.6
149 202.1 , Est Remaining: 267.3
150 203.5 , Est Remaining: 265.9
151 204.8 , Est Remaining: 264.5
152 206.2 , Est Remaining: 263.2
153 207.6 , Est Remaining: 261.8
EVENT FAILED
153 207.9 , Est Remaining: 262.2
154 209.2 , Est Remaining: 260.8
155 210.6 , Est Remaining: 259.5
156 211.9 , Est Remaining: 258.1
157 213.2 , Est Remaining: 256.7
158 214.6 , Est Remaining: 255.3
159 215.9 , Est Remaining: 254.0
160 217.3 , Est Remaining: 252.6
161 218.6 , Est Remaining: 251.2
162 220.0 , Est Remaining: 249.9
163 221.3 , Est Remaining: 248.5
164 222.7 , Est Remaining: 247.1
165 224.0 , Est Remaining: 245.8
166 225.4 , Est Remaining: 244.4
167 226.7 , Est Remaining: 243.0
168 228.1 , Est Remaining: 241.6
169 229.4 , Est Remaining: 240.3
170 230.8 , Est Remaining: 238.9
171 232.1 , Est Remaining: 237.5
172 233.5 , Est Remaining: 236.2
173 234.8 , Est Remaining: 234.8
174 236.2 , Est Remaining: 233.5
175 237.5 , Est Remaining: 232.1
176 238.9 , Est Remaining: 230.8
177 240.3 , Est Remaining: 229.4
178 241.6 , Est Remaining: 228.0
179 243.0 , Est Remaining: 226.7
180 244.3 , Est Remaining: 225.3
181 245.7 , Est Remaining: 224.0
182 247.0 , Est Remaining: 222.6
183 248.4 , Est Remaining: 221.2
184 249.7 , Est Remaining: 219.9
185 251.1 , Est Remaining: 218.5
186 252.4 , Est Remaining: 217.1
187 253.8 , Est Remaining: 215.8
188 255.1 , Est Remaining: 214.4
189 256.5 , Est Remaining: 213.1
190 257.8 , Est Remaining: 211.7
191 259.2 , Est Remaining: 210.3
192 260.5 , Est Remaining: 209.0
193 261.9 , Est Remaining: 207.6
194 263.2 , Est Remaining: 206.3
195 264.6 , Est Remaining: 204.9
196 265.9 , Est Remaining: 203.5
197 267.3 , Est Remaining: 202.2
198 268.6 , Est Remaining: 200.8
EVENT FAILED
198 268.9 , Est Remaining: 201.0
199 270.3 , Est Remaining: 199.7
200 271.7 , Est Remaining: 198.3
201 273.0 , Est Remaining: 197.0
202 274.4 , Est Remaining: 195.6
203 275.9 , Est Remaining: 194.3
204 277.2 , Est Remaining: 193.0
205 278.6 , Est Remaining: 191.6
206 279.9 , Est Remaining: 190.3
207 281.3 , Est Remaining: 188.9
208 282.6 , Est Remaining: 187.5
209 284.0 , Est Remaining: 186.2
210 285.4 , Est Remaining: 184.8
211 286.7 , Est Remaining: 183.4
212 288.1 , Est Remaining: 182.1
213 289.5 , Est Remaining: 180.7
214 290.8 , Est Remaining: 179.4
215 292.2 , Est Remaining: 178.0
216 293.5 , Est Remaining: 176.7
217 294.8 , Est Remaining: 175.3
218 296.2 , Est Remaining: 173.9
219 297.6 , Est Remaining: 172.6
220 299.0 , Est Remaining: 171.2
221 300.3 , Est Remaining: 169.9
222 301.7 , Est Remaining: 168.5
223 303.1 , Est Remaining: 167.2
224 304.4 , Est Remaining: 165.8
225 305.8 , Est Remaining: 164.4
226 307.2 , Est Remaining: 163.1
227 308.5 , Est Remaining: 161.7
228 309.9 , Est Remaining: 160.4
229 311.2 , Est Remaining: 159.0
EVENT FAILED
229 311.5 , Est Remaining: 159.2
230 312.9 , Est Remaining: 157.8
231 314.2 , Est Remaining: 156.4
232 315.5 , Est Remaining: 155.0
233 316.9 , Est Remaining: 153.7
234 318.2 , Est Remaining: 152.3
235 319.6 , Est Remaining: 150.9
236 320.9 , Est Remaining: 149.6
237 322.3 , Est Remaining: 148.2
238 323.6 , Est Remaining: 146.9
239 325.0 , Est Remaining: 145.5
EVENT FAILED
239 325.3 , Est Remaining: 145.6
240 326.6 , Est Remaining: 144.3
241 328.0 , Est Remaining: 142.9
242 329.3 , Est Remaining: 141.5
243 330.6 , Est Remaining: 140.1
EVENT FAILED
243 330.9 , Est Remaining: 140.3
244 332.3 , Est Remaining: 138.9
245 333.6 , Est Remaining: 137.5
246 334.9 , Est Remaining: 136.1
247 336.3 , Est Remaining: 134.8
248 337.6 , Est Remaining: 133.4
249 339.0 , Est Remaining: 132.0
250 340.3 , Est Remaining: 130.7
251 341.7 , Est Remaining: 129.3
252 343.0 , Est Remaining: 127.9
EVENT FAILED
252 343.3 , Est Remaining: 128.1
253 344.7 , Est Remaining: 126.7
254 346.0 , Est Remaining: 125.3
255 347.3 , Est Remaining: 124.0
256 348.7 , Est Remaining: 122.6
257 350.0 , Est Remaining: 121.2
258 351.4 , Est Remaining: 119.9
259 352.7 , Est Remaining: 118.5
260 354.1 , Est Remaining: 117.1
261 355.4 , Est Remaining: 115.8
262 356.8 , Est Remaining: 114.4
263 358.2 , Est Remaining: 113.0
264 359.5 , Est Remaining: 111.7
265 360.9 , Est Remaining: 110.3
266 362.2 , Est Remaining: 108.9
267 363.6 , Est Remaining: 107.6
268 364.9 , Est Remaining: 106.2
269 366.3 , Est Remaining: 104.9
270 367.6 , Est Remaining: 103.5
271 369.0 , Est Remaining: 102.1
272 370.3 , Est Remaining: 100.8
EVENT FAILED
272 370.6 , Est Remaining: 100.8
273 372.0 , Est Remaining: 99.5
274 373.3 , Est Remaining: 98.1
275 374.7 , Est Remaining: 96.7
276 376.0 , Est Remaining: 95.4
277 377.4 , Est Remaining: 94.0
278 378.7 , Est Remaining: 92.6
279 380.1 , Est Remaining: 91.3
280 381.4 , Est Remaining: 89.9
281 382.8 , Est Remaining: 88.5
282 384.1 , Est Remaining: 87.2
283 385.4 , Est Remaining: 85.8
EVENT FAILED
283 385.7 , Est Remaining: 85.9
284 387.1 , Est Remaining: 84.5
285 388.4 , Est Remaining: 83.1
286 389.8 , Est Remaining: 81.8
287 391.1 , Est Remaining: 80.4
288 392.5 , Est Remaining: 79.0
289 393.9 , Est Remaining: 77.7
290 395.2 , Est Remaining: 76.3
291 396.6 , Est Remaining: 75.0
292 397.9 , Est Remaining: 73.6
293 399.3 , Est Remaining: 72.2
294 400.6 , Est Remaining: 70.9
295 402.0 , Est Remaining: 69.5
296 403.3 , Est Remaining: 68.1
297 404.7 , Est Remaining: 66.8
298 406.0 , Est Remaining: 65.4
299 407.4 , Est Remaining: 64.0
300 408.7 , Est Remaining: 62.7
301 410.1 , Est Remaining: 61.3
302 411.6 , Est Remaining: 60.0
303 412.9 , Est Remaining: 58.6
304 414.3 , Est Remaining: 57.2
305 415.6 , Est Remaining: 55.9
306 417.0 , Est Remaining: 54.5
307 418.3 , Est Remaining: 53.1
308 419.6 , Est Remaining: 51.8
309 421.0 , Est Remaining: 50.4
310 422.3 , Est Remaining: 49.0
311 423.7 , Est Remaining: 47.7
312 425.0 , Est Remaining: 46.3
313 426.4 , Est Remaining: 45.0
EVENT FAILED
313 427.0 , Est Remaining: 45.0
314 428.3 , Est Remaining: 43.6
315 429.7 , Est Remaining: 42.3
316 431.0 , Est Remaining: 40.9
317 432.4 , Est Remaining: 39.6
318 433.7 , Est Remaining: 38.2
319 435.1 , Est Remaining: 36.8
320 436.4 , Est Remaining: 35.5
321 437.8 , Est Remaining: 34.1
322 439.1 , Est Remaining: 32.7
323 440.4 , Est Remaining: 31.4
324 441.8 , Est Remaining: 30.0
325 443.1 , Est Remaining: 28.6
326 444.5 , Est Remaining: 27.3
327 445.8 , Est Remaining: 25.9
328 447.1 , Est Remaining: 24.5
329 448.5 , Est Remaining: 23.2
330 449.8 , Est Remaining: 21.8
331 451.1 , Est Remaining: 20.4
332 452.5 , Est Remaining: 19.1
