Note: NumExpr detected 32 cores but "NUMEXPR_MAX_THREADS" not set, so enforcing safe limit of 8.
Using selector: EpollSelector
/n/home02/jhaefner/miniconda/envs/IC-3.7-2020-06-16/lib/python3.7/site-packages/scipy/optimize/minpack.py:808: OptimizeWarning: Covariance of the parameters could not be estimated
  category=OptimizeWarning)
Total rwfs: 346
0 0.0 , Est Remaining: 999999.9
1 1.4 , Est Remaining: 489.5
2 2.8 , Est Remaining: 485.9
3 4.2 , Est Remaining: 485.2
4 5.6 , Est Remaining: 481.5
5 7.0 , Est Remaining: 479.9
6 8.4 , Est Remaining: 477.2
7 9.8 , Est Remaining: 474.9
8 11.2 , Est Remaining: 472.6
9 12.6 , Est Remaining: 470.4
10 14.0 , Est Remaining: 469.2
EVENT FAILED
10 14.3 , Est Remaining: 479.6
11 15.7 , Est Remaining: 476.6
12 17.1 , Est Remaining: 474.8
13 18.5 , Est Remaining: 473.1
14 19.8 , Est Remaining: 470.5
15 21.2 , Est Remaining: 468.2
16 22.6 , Est Remaining: 466.0
17 24.0 , Est Remaining: 464.0
18 25.3 , Est Remaining: 461.9
EVENT FAILED
18 25.7 , Est Remaining: 467.5
19 27.0 , Est Remaining: 465.1
20 28.4 , Est Remaining: 463.0
21 29.8 , Est Remaining: 461.0
22 31.2 , Est Remaining: 459.1
23 32.6 , Est Remaining: 457.3
24 34.0 , Est Remaining: 455.5
25 35.3 , Est Remaining: 453.6
26 36.7 , Est Remaining: 452.2
27 38.1 , Est Remaining: 450.5
28 39.5 , Est Remaining: 448.7
29 40.9 , Est Remaining: 447.0
30 42.3 , Est Remaining: 445.6
31 43.7 , Est Remaining: 444.1
32 45.1 , Est Remaining: 442.7
33 46.5 , Est Remaining: 441.4
34 48.0 , Est Remaining: 440.4
35 49.4 , Est Remaining: 438.8
36 50.8 , Est Remaining: 437.1
37 52.2 , Est Remaining: 435.6
38 53.5 , Est Remaining: 433.9
39 54.9 , Est Remaining: 432.3
40 56.3 , Est Remaining: 430.8
41 57.7 , Est Remaining: 429.4
42 59.2 , Est Remaining: 428.2
43 60.6 , Est Remaining: 426.7
44 61.9 , Est Remaining: 425.2
45 63.3 , Est Remaining: 423.6
46 64.7 , Est Remaining: 422.0
47 66.1 , Est Remaining: 420.6
48 67.5 , Est Remaining: 419.2
49 68.9 , Est Remaining: 417.8
50 70.3 , Est Remaining: 416.4
51 71.8 , Est Remaining: 415.1
52 73.2 , Est Remaining: 413.8
53 74.6 , Est Remaining: 412.5
EVENT FAILED
53 75.5 , Est Remaining: 417.4
54 76.9 , Est Remaining: 415.8
55 78.3 , Est Remaining: 414.3
56 79.7 , Est Remaining: 412.8
57 81.1 , Est Remaining: 411.3
58 82.5 , Est Remaining: 409.8
59 84.0 , Est Remaining: 408.4
60 85.4 , Est Remaining: 406.9
61 86.8 , Est Remaining: 405.5
62 88.2 , Est Remaining: 404.0
63 89.6 , Est Remaining: 402.5
64 91.0 , Est Remaining: 401.0
65 92.4 , Est Remaining: 399.4
66 93.8 , Est Remaining: 398.0
67 95.2 , Est Remaining: 396.5
68 96.6 , Est Remaining: 395.1
69 98.0 , Est Remaining: 393.6
70 99.4 , Est Remaining: 392.1
71 100.9 , Est Remaining: 390.6
72 102.3 , Est Remaining: 389.2
73 103.7 , Est Remaining: 387.8
74 105.1 , Est Remaining: 386.4
EVENT FAILED
74 105.4 , Est Remaining: 387.6
75 106.9 , Est Remaining: 386.1
76 108.3 , Est Remaining: 384.8
77 109.7 , Est Remaining: 383.4
78 111.1 , Est Remaining: 381.9
EVENT FAILED
78 111.5 , Est Remaining: 383.0
79 112.9 , Est Remaining: 381.5
80 114.3 , Est Remaining: 380.1
81 115.8 , Est Remaining: 378.7
82 117.2 , Est Remaining: 377.3
83 118.6 , Est Remaining: 376.0
84 120.1 , Est Remaining: 374.5
85 121.5 , Est Remaining: 373.1
86 123.0 , Est Remaining: 371.8
87 124.4 , Est Remaining: 370.4
88 125.8 , Est Remaining: 368.9
89 127.2 , Est Remaining: 367.4
90 128.7 , Est Remaining: 366.0
91 130.1 , Est Remaining: 364.5
92 131.5 , Est Remaining: 363.1
93 132.9 , Est Remaining: 361.6
94 134.4 , Est Remaining: 360.2
95 135.8 , Est Remaining: 358.8
96 137.3 , Est Remaining: 357.5
97 138.7 , Est Remaining: 356.0
98 140.1 , Est Remaining: 354.6
99 141.6 , Est Remaining: 353.2
100 143.0 , Est Remaining: 351.8
101 144.5 , Est Remaining: 350.5
102 145.9 , Est Remaining: 349.1
103 147.5 , Est Remaining: 348.0
104 148.9 , Est Remaining: 346.6
105 150.4 , Est Remaining: 345.2
106 151.8 , Est Remaining: 343.8
107 153.3 , Est Remaining: 342.4
108 154.7 , Est Remaining: 341.0
109 156.2 , Est Remaining: 339.6
110 157.7 , Est Remaining: 338.2
111 159.1 , Est Remaining: 336.8
112 160.5 , Est Remaining: 335.4
113 162.0 , Est Remaining: 334.1
EVENT FAILED
113 162.3 , Est Remaining: 334.7
114 163.8 , Est Remaining: 333.3
115 165.2 , Est Remaining: 331.9
116 166.7 , Est Remaining: 330.5
117 168.1 , Est Remaining: 329.1
118 169.6 , Est Remaining: 327.6
119 170.9 , Est Remaining: 326.1
120 172.4 , Est Remaining: 324.7
121 173.9 , Est Remaining: 323.3
122 175.3 , Est Remaining: 321.9
123 176.8 , Est Remaining: 320.5
124 178.2 , Est Remaining: 319.1
125 179.7 , Est Remaining: 317.7
126 181.2 , Est Remaining: 316.3
127 182.6 , Est Remaining: 314.9
128 184.1 , Est Remaining: 313.5
129 185.6 , Est Remaining: 312.1
130 187.0 , Est Remaining: 310.7
131 188.5 , Est Remaining: 309.4
132 190.0 , Est Remaining: 308.0
133 191.4 , Est Remaining: 306.6
134 192.9 , Est Remaining: 305.2
135 194.4 , Est Remaining: 303.8
136 195.8 , Est Remaining: 302.4
137 197.3 , Est Remaining: 301.0
138 198.8 , Est Remaining: 299.6
139 200.2 , Est Remaining: 298.2
140 201.7 , Est Remaining: 296.7
141 203.1 , Est Remaining: 295.3
142 204.6 , Est Remaining: 293.9
143 206.0 , Est Remaining: 292.5
144 207.5 , Est Remaining: 291.0
145 208.9 , Est Remaining: 289.6
146 210.3 , Est Remaining: 288.1
147 211.8 , Est Remaining: 286.7
148 213.2 , Est Remaining: 285.3
149 214.7 , Est Remaining: 283.8
150 216.1 , Est Remaining: 282.4
151 217.6 , Est Remaining: 281.0
152 219.0 , Est Remaining: 279.5
153 220.5 , Est Remaining: 278.1
154 221.9 , Est Remaining: 276.7
155 223.4 , Est Remaining: 275.3
156 224.9 , Est Remaining: 273.9
EVENT FAILED
156 225.2 , Est Remaining: 274.3
157 226.6 , Est Remaining: 272.8
158 228.1 , Est Remaining: 271.4
159 229.5 , Est Remaining: 269.9
160 231.0 , Est Remaining: 268.5
161 232.4 , Est Remaining: 267.0
162 233.8 , Est Remaining: 265.6
163 235.3 , Est Remaining: 264.2
164 236.8 , Est Remaining: 262.7
165 238.2 , Est Remaining: 261.3
166 239.7 , Est Remaining: 259.9
167 241.1 , Est Remaining: 258.5
168 242.6 , Est Remaining: 257.0
169 244.0 , Est Remaining: 255.6
170 245.5 , Est Remaining: 254.2
171 247.0 , Est Remaining: 252.7
172 248.4 , Est Remaining: 251.3
173 249.9 , Est Remaining: 249.9
174 251.3 , Est Remaining: 248.5
175 252.8 , Est Remaining: 247.0
176 254.3 , Est Remaining: 245.6
177 255.7 , Est Remaining: 244.2
178 257.2 , Est Remaining: 242.8
179 258.7 , Est Remaining: 241.3
180 260.2 , Est Remaining: 239.9
181 261.6 , Est Remaining: 238.5
182 263.1 , Est Remaining: 237.1
183 264.6 , Est Remaining: 235.7
184 266.1 , Est Remaining: 234.3
185 267.5 , Est Remaining: 232.8
186 269.0 , Est Remaining: 231.4
187 270.5 , Est Remaining: 230.0
188 271.9 , Est Remaining: 228.5
189 273.4 , Est Remaining: 227.1
190 274.8 , Est Remaining: 225.7
191 276.3 , Est Remaining: 224.2
192 277.7 , Est Remaining: 222.8
EVENT FAILED
192 278.0 , Est Remaining: 223.0
193 279.5 , Est Remaining: 221.6
194 280.9 , Est Remaining: 220.1
195 282.4 , Est Remaining: 218.7
196 283.8 , Est Remaining: 217.2
197 285.3 , Est Remaining: 215.8
198 286.7 , Est Remaining: 214.3
199 288.2 , Est Remaining: 212.9
200 289.6 , Est Remaining: 211.4
201 291.1 , Est Remaining: 210.0
202 292.7 , Est Remaining: 208.6
203 294.1 , Est Remaining: 207.2
204 295.6 , Est Remaining: 205.7
205 297.0 , Est Remaining: 204.3
206 298.5 , Est Remaining: 202.8
207 299.9 , Est Remaining: 201.4
208 301.4 , Est Remaining: 199.9
EVENT FAILED
208 301.7 , Est Remaining: 200.1
209 303.1 , Est Remaining: 198.7
210 304.6 , Est Remaining: 197.2
211 306.0 , Est Remaining: 195.8
212 307.5 , Est Remaining: 194.3
213 308.9 , Est Remaining: 192.9
214 310.3 , Est Remaining: 191.4
215 311.8 , Est Remaining: 190.0
216 313.3 , Est Remaining: 188.5
217 314.7 , Est Remaining: 187.1
218 316.2 , Est Remaining: 185.7
219 317.6 , Est Remaining: 184.2
220 319.1 , Est Remaining: 182.8
221 320.5 , Est Remaining: 181.3
EVENT FAILED
221 320.8 , Est Remaining: 181.5
222 322.3 , Est Remaining: 180.0
223 323.8 , Est Remaining: 178.6
224 325.2 , Est Remaining: 177.1
225 326.6 , Est Remaining: 175.7
226 328.1 , Est Remaining: 174.2
227 329.5 , Est Remaining: 172.7
228 330.9 , Est Remaining: 171.3
229 332.4 , Est Remaining: 169.8
230 333.8 , Est Remaining: 168.4
231 335.3 , Est Remaining: 166.9
232 336.7 , Est Remaining: 165.4
233 338.2 , Est Remaining: 164.0
234 339.6 , Est Remaining: 162.5
235 341.0 , Est Remaining: 161.1
236 342.5 , Est Remaining: 159.6
237 343.9 , Est Remaining: 158.2
238 345.3 , Est Remaining: 156.7
239 346.8 , Est Remaining: 155.3
240 348.3 , Est Remaining: 153.8
241 349.7 , Est Remaining: 152.4
242 351.1 , Est Remaining: 150.9
243 352.6 , Est Remaining: 149.4
244 354.0 , Est Remaining: 148.0
245 355.4 , Est Remaining: 146.5
246 356.8 , Est Remaining: 145.1
247 358.3 , Est Remaining: 143.6
248 359.7 , Est Remaining: 142.1
249 361.1 , Est Remaining: 140.7
250 362.5 , Est Remaining: 139.2
251 364.0 , Est Remaining: 137.8
252 365.4 , Est Remaining: 136.3
253 366.8 , Est Remaining: 134.8
254 368.3 , Est Remaining: 133.4
255 369.7 , Est Remaining: 131.9
256 371.1 , Est Remaining: 130.5
257 372.5 , Est Remaining: 129.0
258 374.0 , Est Remaining: 127.6
259 375.4 , Est Remaining: 126.1
260 376.8 , Est Remaining: 124.6
261 378.3 , Est Remaining: 123.2
262 379.7 , Est Remaining: 121.7
263 381.1 , Est Remaining: 120.3
264 382.6 , Est Remaining: 118.8
265 384.0 , Est Remaining: 117.4
266 385.5 , Est Remaining: 115.9
267 386.9 , Est Remaining: 114.5
268 388.4 , Est Remaining: 113.0
269 389.8 , Est Remaining: 111.6
270 391.3 , Est Remaining: 110.1
271 392.7 , Est Remaining: 108.7
272 394.2 , Est Remaining: 107.2
273 395.6 , Est Remaining: 105.8
274 397.1 , Est Remaining: 104.3
275 398.5 , Est Remaining: 102.9
276 400.0 , Est Remaining: 101.4
277 401.4 , Est Remaining: 100.0
278 402.8 , Est Remaining: 98.5
279 404.3 , Est Remaining: 97.1
280 405.7 , Est Remaining: 95.6
281 407.1 , Est Remaining: 94.2
282 408.6 , Est Remaining: 92.7
283 410.0 , Est Remaining: 91.3
284 411.4 , Est Remaining: 89.8
285 412.9 , Est Remaining: 88.4
286 414.3 , Est Remaining: 86.9
287 415.7 , Est Remaining: 85.5
288 417.1 , Est Remaining: 84.0
289 418.5 , Est Remaining: 82.5
290 420.0 , Est Remaining: 81.1
291 421.4 , Est Remaining: 79.6
292 422.8 , Est Remaining: 78.2
293 424.2 , Est Remaining: 76.7
294 425.7 , Est Remaining: 75.3
295 427.1 , Est Remaining: 73.8
296 428.6 , Est Remaining: 72.4
297 430.0 , Est Remaining: 70.9
298 431.4 , Est Remaining: 69.5
299 432.9 , Est Remaining: 68.0
300 434.3 , Est Remaining: 66.6
301 435.8 , Est Remaining: 65.2
302 437.4 , Est Remaining: 63.7
303 438.9 , Est Remaining: 62.3
304 440.3 , Est Remaining: 60.8
305 441.7 , Est Remaining: 59.4
306 443.2 , Est Remaining: 57.9
307 444.6 , Est Remaining: 56.5
308 446.0 , Est Remaining: 55.0
309 447.4 , Est Remaining: 53.6
310 448.9 , Est Remaining: 52.1
311 450.3 , Est Remaining: 50.7
312 451.7 , Est Remaining: 49.2
313 453.2 , Est Remaining: 47.8
314 454.6 , Est Remaining: 46.3
315 456.0 , Est Remaining: 44.9
316 457.5 , Est Remaining: 43.4
317 458.9 , Est Remaining: 42.0
318 460.3 , Est Remaining: 40.5
319 461.7 , Est Remaining: 39.1
320 463.1 , Est Remaining: 37.6
321 464.5 , Est Remaining: 36.2
322 465.9 , Est Remaining: 34.7
323 467.3 , Est Remaining: 33.3
324 468.7 , Est Remaining: 31.8
325 470.1 , Est Remaining: 30.4
326 471.5 , Est Remaining: 28.9
327 472.9 , Est Remaining: 27.5
EVENT FAILED
327 473.2 , Est Remaining: 27.5
328 474.6 , Est Remaining: 26.0
329 476.0 , Est Remaining: 24.6
330 477.4 , Est Remaining: 23.1
331 478.8 , Est Remaining: 21.7
332 480.2 , Est Remaining: 20.3
333 481.7 , Est Remaining: 18.8
334 483.1 , Est Remaining: 17.4
