Note: NumExpr detected 32 cores but "NUMEXPR_MAX_THREADS" not set, so enforcing safe limit of 8.
Using selector: EpollSelector
/n/home02/jhaefner/miniconda/envs/IC-3.7-2020-06-16/lib/python3.7/site-packages/scipy/optimize/minpack.py:808: OptimizeWarning: Covariance of the parameters could not be estimated
  category=OptimizeWarning)
Total rwfs: 346
0 0.0 , Est Remaining: 999999.9
1 1.3 , Est Remaining: 455.4
2 2.6 , Est Remaining: 453.7
3 4.0 , Est Remaining: 454.0
4 5.3 , Est Remaining: 449.9
5 6.6 , Est Remaining: 447.7
6 7.9 , Est Remaining: 445.4
7 9.1 , Est Remaining: 443.0
8 10.5 , Est Remaining: 442.9
9 11.8 , Est Remaining: 442.2
10 13.1 , Est Remaining: 441.1
11 14.4 , Est Remaining: 439.7
12 15.8 , Est Remaining: 439.2
13 17.1 , Est Remaining: 437.8
14 18.4 , Est Remaining: 436.1
15 19.6 , Est Remaining: 432.4
16 20.9 , Est Remaining: 431.4
17 22.2 , Est Remaining: 430.1
18 23.5 , Est Remaining: 428.7
19 24.9 , Est Remaining: 427.7
20 26.2 , Est Remaining: 426.5
EVENT FAILED
20 26.5 , Est Remaining: 431.3
21 27.8 , Est Remaining: 430.1
22 29.1 , Est Remaining: 428.9
EVENT FAILED
22 30.0 , Est Remaining: 442.5
EVENT FAILED
22 30.3 , Est Remaining: 446.9
23 31.7 , Est Remaining: 444.6
24 33.0 , Est Remaining: 442.2
EVENT FAILED
24 33.2 , Est Remaining: 446.0
25 34.6 , Est Remaining: 443.9
26 35.9 , Est Remaining: 441.6
27 37.2 , Est Remaining: 439.8
28 38.6 , Est Remaining: 437.9
29 39.9 , Est Remaining: 436.1
30 41.2 , Est Remaining: 434.2
31 42.6 , Est Remaining: 432.4
32 43.9 , Est Remaining: 430.5
33 45.2 , Est Remaining: 428.8
34 46.5 , Est Remaining: 427.0
35 47.9 , Est Remaining: 425.4
36 49.2 , Est Remaining: 423.7
37 50.6 , Est Remaining: 422.2
38 51.9 , Est Remaining: 420.7
39 53.3 , Est Remaining: 419.2
40 54.6 , Est Remaining: 417.7
41 55.9 , Est Remaining: 416.1
42 57.3 , Est Remaining: 414.4
43 58.6 , Est Remaining: 412.8
44 59.9 , Est Remaining: 411.2
45 61.2 , Est Remaining: 409.7
46 62.6 , Est Remaining: 408.3
47 63.9 , Est Remaining: 406.8
48 65.3 , Est Remaining: 405.3
49 66.6 , Est Remaining: 403.8
50 67.9 , Est Remaining: 402.2
51 69.3 , Est Remaining: 400.6
52 70.6 , Est Remaining: 399.0
53 71.9 , Est Remaining: 397.6
54 73.3 , Est Remaining: 396.1
55 74.6 , Est Remaining: 394.5
56 75.9 , Est Remaining: 393.0
57 77.2 , Est Remaining: 391.6
58 78.6 , Est Remaining: 390.1
59 79.9 , Est Remaining: 388.6
60 81.2 , Est Remaining: 387.1
61 82.6 , Est Remaining: 385.7
62 83.9 , Est Remaining: 384.2
63 85.2 , Est Remaining: 382.9
64 86.6 , Est Remaining: 381.4
65 87.9 , Est Remaining: 379.9
66 89.2 , Est Remaining: 378.4
67 90.5 , Est Remaining: 376.9
68 91.8 , Est Remaining: 375.3
69 93.1 , Est Remaining: 373.8
70 94.4 , Est Remaining: 372.3
71 95.7 , Est Remaining: 370.8
72 97.1 , Est Remaining: 369.3
73 98.4 , Est Remaining: 367.8
74 99.7 , Est Remaining: 366.3
75 101.0 , Est Remaining: 364.9
76 102.3 , Est Remaining: 363.6
77 103.7 , Est Remaining: 362.2
78 105.0 , Est Remaining: 360.8
79 106.4 , Est Remaining: 359.5
80 107.7 , Est Remaining: 358.1
81 109.0 , Est Remaining: 356.7
82 110.4 , Est Remaining: 355.3
83 111.7 , Est Remaining: 353.9
84 113.0 , Est Remaining: 352.4
85 114.3 , Est Remaining: 351.1
86 115.6 , Est Remaining: 349.6
87 117.0 , Est Remaining: 348.2
88 118.3 , Est Remaining: 346.8
89 119.6 , Est Remaining: 345.4
90 120.9 , Est Remaining: 344.0
91 122.2 , Est Remaining: 342.6
92 123.6 , Est Remaining: 341.2
93 124.9 , Est Remaining: 339.8
94 126.2 , Est Remaining: 338.4
95 127.5 , Est Remaining: 337.0
96 128.9 , Est Remaining: 335.6
97 130.2 , Est Remaining: 334.2
98 131.5 , Est Remaining: 332.8
99 132.9 , Est Remaining: 331.5
100 134.2 , Est Remaining: 330.1
101 135.5 , Est Remaining: 328.8
102 136.9 , Est Remaining: 327.6
103 138.3 , Est Remaining: 326.2
104 139.6 , Est Remaining: 324.8
EVENT FAILED
104 139.9 , Est Remaining: 325.5
105 141.2 , Est Remaining: 324.2
106 142.6 , Est Remaining: 322.8
107 143.9 , Est Remaining: 321.4
108 145.2 , Est Remaining: 320.0
109 146.5 , Est Remaining: 318.6
110 147.8 , Est Remaining: 317.2
111 149.2 , Est Remaining: 315.8
112 150.5 , Est Remaining: 314.4
EVENT FAILED
112 150.8 , Est Remaining: 315.0
113 152.1 , Est Remaining: 313.6
114 153.4 , Est Remaining: 312.2
115 154.7 , Est Remaining: 310.8
116 156.1 , Est Remaining: 309.4
117 157.4 , Est Remaining: 308.0
118 158.7 , Est Remaining: 306.6
119 160.0 , Est Remaining: 305.3
120 161.4 , Est Remaining: 303.9
121 162.7 , Est Remaining: 302.5
122 164.0 , Est Remaining: 301.1
123 165.3 , Est Remaining: 299.7
124 166.7 , Est Remaining: 298.4
125 168.0 , Est Remaining: 297.0
126 169.3 , Est Remaining: 295.7
127 170.6 , Est Remaining: 294.3
128 172.0 , Est Remaining: 292.9
129 173.3 , Est Remaining: 291.5
130 174.6 , Est Remaining: 290.2
131 176.0 , Est Remaining: 288.8
132 177.3 , Est Remaining: 287.4
133 178.6 , Est Remaining: 286.0
134 179.9 , Est Remaining: 284.6
135 181.2 , Est Remaining: 283.2
136 182.5 , Est Remaining: 281.8
137 183.9 , Est Remaining: 280.5
138 185.2 , Est Remaining: 279.1
139 186.5 , Est Remaining: 277.8
140 187.8 , Est Remaining: 276.4
141 189.2 , Est Remaining: 275.0
142 190.5 , Est Remaining: 273.7
143 191.8 , Est Remaining: 272.3
144 193.1 , Est Remaining: 270.9
145 194.4 , Est Remaining: 269.5
146 195.7 , Est Remaining: 268.1
147 197.1 , Est Remaining: 266.8
148 198.4 , Est Remaining: 265.4
149 199.7 , Est Remaining: 264.1
150 201.0 , Est Remaining: 262.7
151 202.4 , Est Remaining: 261.3
EVENT FAILED
151 202.6 , Est Remaining: 261.7
152 204.0 , Est Remaining: 260.3
153 205.3 , Est Remaining: 259.0
154 206.6 , Est Remaining: 257.6
155 207.9 , Est Remaining: 256.2
156 209.2 , Est Remaining: 254.8
157 210.5 , Est Remaining: 253.4
158 211.8 , Est Remaining: 252.1
159 213.2 , Est Remaining: 250.7
160 214.5 , Est Remaining: 249.3
161 215.8 , Est Remaining: 248.0
EVENT FAILED
161 216.1 , Est Remaining: 248.3
162 217.4 , Est Remaining: 246.9
163 218.7 , Est Remaining: 245.6
164 220.1 , Est Remaining: 244.2
165 221.4 , Est Remaining: 242.9
166 222.7 , Est Remaining: 241.5
167 224.0 , Est Remaining: 240.1
168 225.4 , Est Remaining: 238.8
169 226.7 , Est Remaining: 237.4
170 228.0 , Est Remaining: 236.1
171 229.3 , Est Remaining: 234.7
172 230.6 , Est Remaining: 233.3
173 231.9 , Est Remaining: 231.9
174 233.2 , Est Remaining: 230.6
175 234.6 , Est Remaining: 229.2
176 235.9 , Est Remaining: 227.8
177 237.2 , Est Remaining: 226.5
178 238.5 , Est Remaining: 225.1
179 239.9 , Est Remaining: 223.8
180 241.2 , Est Remaining: 222.4
181 242.5 , Est Remaining: 221.1
182 243.8 , Est Remaining: 219.7
183 245.1 , Est Remaining: 218.4
184 246.3 , Est Remaining: 216.9
185 247.7 , Est Remaining: 215.6
186 249.0 , Est Remaining: 214.2
187 250.3 , Est Remaining: 212.8
188 251.6 , Est Remaining: 211.5
189 253.0 , Est Remaining: 210.1
EVENT FAILED
189 253.3 , Est Remaining: 210.4
190 254.6 , Est Remaining: 209.0
191 255.9 , Est Remaining: 207.7
192 257.2 , Est Remaining: 206.3
193 258.5 , Est Remaining: 204.9
194 259.8 , Est Remaining: 203.6
195 261.1 , Est Remaining: 202.2
196 262.5 , Est Remaining: 200.9
197 263.8 , Est Remaining: 199.5
EVENT FAILED
197 264.1 , Est Remaining: 199.7
198 265.4 , Est Remaining: 198.4
199 266.7 , Est Remaining: 197.0
200 268.0 , Est Remaining: 195.7
201 269.3 , Est Remaining: 194.3
202 270.8 , Est Remaining: 193.0
203 272.1 , Est Remaining: 191.7
204 273.4 , Est Remaining: 190.3
205 274.7 , Est Remaining: 189.0
206 276.1 , Est Remaining: 187.6
EVENT FAILED
206 276.4 , Est Remaining: 187.8
207 277.7 , Est Remaining: 186.5
208 279.0 , Est Remaining: 185.1
209 280.6 , Est Remaining: 183.9
210 281.9 , Est Remaining: 182.6
211 283.3 , Est Remaining: 181.2
212 284.6 , Est Remaining: 179.9
213 286.0 , Est Remaining: 178.6
214 287.3 , Est Remaining: 177.2
215 288.7 , Est Remaining: 175.9
216 290.0 , Est Remaining: 174.5
217 291.3 , Est Remaining: 173.2
218 292.6 , Est Remaining: 171.8
219 294.0 , Est Remaining: 170.5
220 295.3 , Est Remaining: 169.1
221 296.6 , Est Remaining: 167.8
222 298.0 , Est Remaining: 166.4
223 299.3 , Est Remaining: 165.1
224 300.6 , Est Remaining: 163.7
225 301.9 , Est Remaining: 162.4
226 303.3 , Est Remaining: 161.0
227 304.6 , Est Remaining: 159.7
228 305.9 , Est Remaining: 158.3
229 307.2 , Est Remaining: 157.0
230 308.6 , Est Remaining: 155.6
231 309.9 , Est Remaining: 154.3
232 311.2 , Est Remaining: 152.9
233 312.6 , Est Remaining: 151.6
234 313.9 , Est Remaining: 150.2
235 315.2 , Est Remaining: 148.9
236 316.5 , Est Remaining: 147.5
237 317.8 , Est Remaining: 146.2
238 319.2 , Est Remaining: 144.8
239 320.5 , Est Remaining: 143.5
240 321.9 , Est Remaining: 142.2
241 323.2 , Est Remaining: 140.8
242 324.5 , Est Remaining: 139.5
243 325.8 , Est Remaining: 138.1
244 327.2 , Est Remaining: 136.8
245 328.5 , Est Remaining: 135.4
246 329.8 , Est Remaining: 134.1
247 331.1 , Est Remaining: 132.7
248 332.4 , Est Remaining: 131.4
249 333.7 , Est Remaining: 130.0
250 335.0 , Est Remaining: 128.7
EVENT FAILED
250 335.3 , Est Remaining: 128.8
251 336.6 , Est Remaining: 127.4
252 338.0 , Est Remaining: 126.1
253 339.3 , Est Remaining: 124.7
254 340.6 , Est Remaining: 123.4
EVENT FAILED
254 340.9 , Est Remaining: 123.5
255 342.2 , Est Remaining: 122.1
256 343.5 , Est Remaining: 120.8
257 344.9 , Est Remaining: 119.4
258 346.2 , Est Remaining: 118.1
259 347.5 , Est Remaining: 116.7
260 348.9 , Est Remaining: 115.4
261 350.2 , Est Remaining: 114.1
262 351.5 , Est Remaining: 112.7
263 352.9 , Est Remaining: 111.4
264 354.2 , Est Remaining: 110.0
265 355.5 , Est Remaining: 108.7
266 356.8 , Est Remaining: 107.3
267 358.1 , Est Remaining: 106.0
268 359.5 , Est Remaining: 104.6
269 360.8 , Est Remaining: 103.3
270 362.1 , Est Remaining: 101.9
271 363.4 , Est Remaining: 100.6
272 364.7 , Est Remaining: 99.2
273 366.1 , Est Remaining: 97.9
274 367.4 , Est Remaining: 96.5
275 368.7 , Est Remaining: 95.2
276 370.0 , Est Remaining: 93.9
277 371.4 , Est Remaining: 92.5
278 372.7 , Est Remaining: 91.2
279 374.1 , Est Remaining: 89.8
280 375.4 , Est Remaining: 88.5
281 376.7 , Est Remaining: 87.1
282 378.0 , Est Remaining: 85.8
283 379.4 , Est Remaining: 84.5
284 380.7 , Est Remaining: 83.1
285 382.0 , Est Remaining: 81.8
286 383.4 , Est Remaining: 80.4
287 384.7 , Est Remaining: 79.1
288 386.0 , Est Remaining: 77.7
289 387.3 , Est Remaining: 76.4
290 388.7 , Est Remaining: 75.1
291 390.0 , Est Remaining: 73.7
292 391.4 , Est Remaining: 72.4
293 392.7 , Est Remaining: 71.0
EVENT FAILED
293 393.0 , Est Remaining: 71.1
294 394.3 , Est Remaining: 69.7
295 395.6 , Est Remaining: 68.4
296 397.0 , Est Remaining: 67.1
297 398.3 , Est Remaining: 65.7
298 399.6 , Est Remaining: 64.4
299 401.0 , Est Remaining: 63.0
300 402.3 , Est Remaining: 61.7
301 403.7 , Est Remaining: 60.4
302 405.1 , Est Remaining: 59.0
303 406.4 , Est Remaining: 57.7
304 407.7 , Est Remaining: 56.3
305 409.1 , Est Remaining: 55.0
306 410.4 , Est Remaining: 53.6
307 411.8 , Est Remaining: 52.3
308 413.1 , Est Remaining: 51.0
309 414.4 , Est Remaining: 49.6
310 415.8 , Est Remaining: 48.3
311 417.1 , Est Remaining: 46.9
312 418.5 , Est Remaining: 45.6
313 419.8 , Est Remaining: 44.3
314 421.1 , Est Remaining: 42.9
315 422.5 , Est Remaining: 41.6
316 423.8 , Est Remaining: 40.2
317 425.1 , Est Remaining: 38.9
318 426.4 , Est Remaining: 37.5
319 427.8 , Est Remaining: 36.2
320 429.1 , Est Remaining: 34.9
321 430.4 , Est Remaining: 33.5
322 431.7 , Est Remaining: 32.2
323 433.0 , Est Remaining: 30.8
324 434.4 , Est Remaining: 29.5
325 435.7 , Est Remaining: 28.2
326 437.0 , Est Remaining: 26.8
327 438.4 , Est Remaining: 25.5
328 439.7 , Est Remaining: 24.1
329 441.0 , Est Remaining: 22.8
330 442.4 , Est Remaining: 21.4
331 443.7 , Est Remaining: 20.1
