Note: NumExpr detected 32 cores but "NUMEXPR_MAX_THREADS" not set, so enforcing safe limit of 8.
Using selector: EpollSelector
/n/home02/jhaefner/miniconda/envs/IC-3.7-2020-06-16/lib/python3.7/site-packages/scipy/optimize/minpack.py:808: OptimizeWarning: Covariance of the parameters could not be estimated
  category=OptimizeWarning)
Total rwfs: 346
0 0.0 , Est Remaining: 999999.9
1 1.4 , Est Remaining: 487.4
2 2.8 , Est Remaining: 481.3
3 4.2 , Est Remaining: 479.3
4 5.6 , Est Remaining: 477.7
5 7.0 , Est Remaining: 475.0
6 8.3 , Est Remaining: 472.9
7 9.7 , Est Remaining: 469.7
8 11.1 , Est Remaining: 467.5
9 12.4 , Est Remaining: 465.7
10 13.8 , Est Remaining: 464.6
11 15.2 , Est Remaining: 463.0
12 16.6 , Est Remaining: 461.5
13 17.9 , Est Remaining: 459.4
14 19.3 , Est Remaining: 457.9
15 20.6 , Est Remaining: 455.6
16 22.0 , Est Remaining: 453.3
17 23.3 , Est Remaining: 451.1
18 24.7 , Est Remaining: 449.2
19 26.0 , Est Remaining: 447.0
20 27.3 , Est Remaining: 445.0
21 28.6 , Est Remaining: 443.4
22 30.0 , Est Remaining: 441.8
23 31.3 , Est Remaining: 440.0
24 32.7 , Est Remaining: 438.2
25 34.0 , Est Remaining: 436.6
26 35.2 , Est Remaining: 433.2
27 36.5 , Est Remaining: 431.6
28 37.9 , Est Remaining: 430.3
29 39.2 , Est Remaining: 428.8
30 40.6 , Est Remaining: 427.3
31 41.9 , Est Remaining: 425.8
EVENT FAILED
31 42.2 , Est Remaining: 428.9
32 43.5 , Est Remaining: 427.3
33 44.9 , Est Remaining: 425.7
34 46.2 , Est Remaining: 424.2
35 47.6 , Est Remaining: 422.6
36 48.9 , Est Remaining: 421.1
37 50.3 , Est Remaining: 419.7
38 51.6 , Est Remaining: 418.2
39 53.0 , Est Remaining: 417.5
40 54.4 , Est Remaining: 416.0
41 55.7 , Est Remaining: 414.5
42 57.1 , Est Remaining: 413.0
43 58.4 , Est Remaining: 411.4
44 59.7 , Est Remaining: 410.0
45 61.1 , Est Remaining: 408.5
46 62.4 , Est Remaining: 407.0
47 63.7 , Est Remaining: 405.5
48 65.1 , Est Remaining: 404.1
49 66.4 , Est Remaining: 402.6
50 67.7 , Est Remaining: 401.0
EVENT FAILED
50 68.1 , Est Remaining: 402.9
51 69.4 , Est Remaining: 401.3
52 70.7 , Est Remaining: 399.8
53 72.1 , Est Remaining: 398.3
54 73.4 , Est Remaining: 396.9
55 74.7 , Est Remaining: 395.3
56 76.1 , Est Remaining: 393.9
57 77.4 , Est Remaining: 392.4
58 78.7 , Est Remaining: 390.9
59 80.1 , Est Remaining: 389.4
60 81.4 , Est Remaining: 387.9
61 82.7 , Est Remaining: 386.4
62 84.0 , Est Remaining: 384.9
63 85.4 , Est Remaining: 383.4
64 86.7 , Est Remaining: 382.0
65 88.0 , Est Remaining: 380.6
66 89.4 , Est Remaining: 379.1
67 90.7 , Est Remaining: 377.7
68 92.0 , Est Remaining: 376.2
69 93.3 , Est Remaining: 374.7
70 94.7 , Est Remaining: 373.3
71 96.0 , Est Remaining: 371.9
72 97.3 , Est Remaining: 370.4
73 98.7 , Est Remaining: 368.9
74 100.0 , Est Remaining: 367.6
75 101.3 , Est Remaining: 366.1
76 102.7 , Est Remaining: 364.7
77 104.0 , Est Remaining: 363.4
78 105.3 , Est Remaining: 361.9
79 106.7 , Est Remaining: 360.5
80 108.0 , Est Remaining: 359.1
81 109.3 , Est Remaining: 357.6
82 110.6 , Est Remaining: 356.2
83 112.0 , Est Remaining: 354.8
84 113.3 , Est Remaining: 353.3
85 114.6 , Est Remaining: 351.9
86 115.9 , Est Remaining: 350.4
87 117.3 , Est Remaining: 349.1
88 118.6 , Est Remaining: 347.7
89 119.9 , Est Remaining: 346.2
90 121.2 , Est Remaining: 344.8
91 122.5 , Est Remaining: 343.4
92 123.9 , Est Remaining: 342.0
93 125.2 , Est Remaining: 340.5
94 126.5 , Est Remaining: 339.1
95 127.9 , Est Remaining: 337.8
96 129.2 , Est Remaining: 336.5
97 130.6 , Est Remaining: 335.2
98 131.9 , Est Remaining: 333.8
99 133.3 , Est Remaining: 332.5
100 134.6 , Est Remaining: 331.2
101 136.0 , Est Remaining: 329.8
102 137.4 , Est Remaining: 328.6
103 138.7 , Est Remaining: 327.3
104 140.1 , Est Remaining: 326.0
105 141.5 , Est Remaining: 324.7
106 142.8 , Est Remaining: 323.4
107 144.2 , Est Remaining: 322.1
108 145.6 , Est Remaining: 320.8
109 147.0 , Est Remaining: 319.5
110 148.3 , Est Remaining: 318.3
111 149.7 , Est Remaining: 317.0
112 151.2 , Est Remaining: 315.8
113 152.6 , Est Remaining: 314.6
114 154.0 , Est Remaining: 313.5
EVENT FAILED
114 154.3 , Est Remaining: 314.1
115 155.8 , Est Remaining: 312.9
116 157.2 , Est Remaining: 311.7
117 158.6 , Est Remaining: 310.5
118 160.1 , Est Remaining: 309.3
119 161.5 , Est Remaining: 308.2
120 163.0 , Est Remaining: 307.0
121 164.5 , Est Remaining: 305.8
122 165.9 , Est Remaining: 304.7
123 167.4 , Est Remaining: 303.5
124 168.9 , Est Remaining: 302.3
125 170.3 , Est Remaining: 301.1
126 171.8 , Est Remaining: 299.9
127 173.2 , Est Remaining: 298.7
128 174.7 , Est Remaining: 297.5
129 176.1 , Est Remaining: 296.3
130 177.6 , Est Remaining: 295.1
EVENT FAILED
130 177.9 , Est Remaining: 295.6
131 179.3 , Est Remaining: 294.3
132 180.8 , Est Remaining: 293.1
133 182.2 , Est Remaining: 291.8
134 183.6 , Est Remaining: 290.5
135 185.1 , Est Remaining: 289.2
136 186.5 , Est Remaining: 288.0
137 187.9 , Est Remaining: 286.7
138 189.4 , Est Remaining: 285.5
139 190.8 , Est Remaining: 284.2
140 192.3 , Est Remaining: 282.9
141 193.7 , Est Remaining: 281.6
142 195.1 , Est Remaining: 280.3
143 196.6 , Est Remaining: 279.0
144 198.0 , Est Remaining: 277.8
145 199.4 , Est Remaining: 276.5
146 200.9 , Est Remaining: 275.2
147 202.3 , Est Remaining: 273.9
148 203.7 , Est Remaining: 272.6
149 205.2 , Est Remaining: 271.3
150 206.6 , Est Remaining: 270.0
151 208.1 , Est Remaining: 268.7
152 209.5 , Est Remaining: 267.4
153 210.9 , Est Remaining: 266.1
154 212.4 , Est Remaining: 264.8
155 213.8 , Est Remaining: 263.5
156 215.2 , Est Remaining: 262.2
157 216.7 , Est Remaining: 260.8
158 218.1 , Est Remaining: 259.5
159 219.5 , Est Remaining: 258.2
160 221.0 , Est Remaining: 256.9
161 222.4 , Est Remaining: 255.5
162 223.8 , Est Remaining: 254.2
EVENT FAILED
162 224.2 , Est Remaining: 254.6
163 225.6 , Est Remaining: 253.3
164 227.0 , Est Remaining: 252.0
165 228.5 , Est Remaining: 250.6
166 229.9 , Est Remaining: 249.3
167 231.3 , Est Remaining: 248.0
168 232.8 , Est Remaining: 246.6
169 234.2 , Est Remaining: 245.3
170 235.6 , Est Remaining: 243.9
EVENT FAILED
170 235.9 , Est Remaining: 244.3
171 237.4 , Est Remaining: 242.9
172 238.8 , Est Remaining: 241.6
173 240.3 , Est Remaining: 240.3
174 241.7 , Est Remaining: 238.9
175 243.1 , Est Remaining: 237.6
176 244.6 , Est Remaining: 236.3
177 246.0 , Est Remaining: 234.9
178 247.4 , Est Remaining: 233.5
179 248.9 , Est Remaining: 232.2
180 250.3 , Est Remaining: 230.8
181 251.7 , Est Remaining: 229.5
182 253.2 , Est Remaining: 228.1
183 254.6 , Est Remaining: 226.8
184 256.0 , Est Remaining: 225.4
185 257.5 , Est Remaining: 224.1
186 258.9 , Est Remaining: 222.7
187 260.3 , Est Remaining: 221.3
188 261.7 , Est Remaining: 220.0
189 263.2 , Est Remaining: 218.6
190 264.6 , Est Remaining: 217.2
191 266.0 , Est Remaining: 215.9
192 267.5 , Est Remaining: 214.5
193 268.9 , Est Remaining: 213.2
194 270.4 , Est Remaining: 211.9
EVENT FAILED
194 270.7 , Est Remaining: 212.1
195 272.2 , Est Remaining: 210.7
196 273.6 , Est Remaining: 209.4
197 275.0 , Est Remaining: 208.0
198 276.5 , Est Remaining: 206.6
199 277.9 , Est Remaining: 205.3
200 279.3 , Est Remaining: 203.9
201 280.8 , Est Remaining: 202.6
202 282.3 , Est Remaining: 201.3
203 283.8 , Est Remaining: 199.9
204 285.2 , Est Remaining: 198.5
205 286.7 , Est Remaining: 197.2
206 288.1 , Est Remaining: 195.8
207 289.6 , Est Remaining: 194.5
208 291.1 , Est Remaining: 193.1
209 292.5 , Est Remaining: 191.8
210 294.0 , Est Remaining: 190.4
EVENT FAILED
210 294.3 , Est Remaining: 190.6
211 295.7 , Est Remaining: 189.2
212 297.2 , Est Remaining: 187.8
213 298.6 , Est Remaining: 186.5
EVENT FAILED
213 298.9 , Est Remaining: 186.7
214 300.4 , Est Remaining: 185.3
215 301.8 , Est Remaining: 183.9
216 303.2 , Est Remaining: 182.5
217 304.7 , Est Remaining: 181.1
218 306.1 , Est Remaining: 179.7
219 307.5 , Est Remaining: 178.3
220 309.0 , Est Remaining: 177.0
221 310.4 , Est Remaining: 175.6
222 311.9 , Est Remaining: 174.2
223 313.3 , Est Remaining: 172.8
224 314.8 , Est Remaining: 171.4
225 316.2 , Est Remaining: 170.1
226 317.7 , Est Remaining: 168.7
227 319.1 , Est Remaining: 167.3
228 320.6 , Est Remaining: 165.9
229 322.0 , Est Remaining: 164.5
230 323.4 , Est Remaining: 163.1
231 324.9 , Est Remaining: 161.7
232 326.3 , Est Remaining: 160.4
EVENT FAILED
232 326.7 , Est Remaining: 160.5
233 328.1 , Est Remaining: 159.1
234 329.6 , Est Remaining: 157.8
235 331.0 , Est Remaining: 156.4
236 332.5 , Est Remaining: 155.0
237 333.9 , Est Remaining: 153.6
238 335.4 , Est Remaining: 152.2
239 336.8 , Est Remaining: 150.8
240 338.3 , Est Remaining: 149.4
241 339.8 , Est Remaining: 148.0
242 341.2 , Est Remaining: 146.6
243 342.7 , Est Remaining: 145.2
244 344.1 , Est Remaining: 143.8
245 345.5 , Est Remaining: 142.4
246 347.0 , Est Remaining: 141.1
247 348.4 , Est Remaining: 139.7
248 349.9 , Est Remaining: 138.3
249 351.3 , Est Remaining: 136.9
250 352.7 , Est Remaining: 135.4
251 354.2 , Est Remaining: 134.0
252 355.6 , Est Remaining: 132.6
253 357.0 , Est Remaining: 131.2
254 358.4 , Est Remaining: 129.8
255 359.8 , Est Remaining: 128.4
256 361.2 , Est Remaining: 127.0
257 362.6 , Est Remaining: 125.6
258 364.0 , Est Remaining: 124.1
259 365.4 , Est Remaining: 122.7
260 366.8 , Est Remaining: 121.3
261 368.2 , Est Remaining: 119.9
262 369.6 , Est Remaining: 118.5
263 371.1 , Est Remaining: 117.1
264 372.5 , Est Remaining: 115.7
265 373.9 , Est Remaining: 114.3
266 375.3 , Est Remaining: 112.9
267 376.8 , Est Remaining: 111.5
268 378.2 , Est Remaining: 110.1
269 379.6 , Est Remaining: 108.7
EVENT FAILED
269 379.9 , Est Remaining: 108.7
270 381.3 , Est Remaining: 107.3
271 382.7 , Est Remaining: 105.9
272 384.1 , Est Remaining: 104.5
273 385.5 , Est Remaining: 103.1
274 386.9 , Est Remaining: 101.7
275 388.3 , Est Remaining: 100.3
EVENT FAILED
275 388.7 , Est Remaining: 100.3
276 390.1 , Est Remaining: 98.9
277 391.5 , Est Remaining: 97.5
278 392.9 , Est Remaining: 96.1
279 394.3 , Est Remaining: 94.7
280 395.7 , Est Remaining: 93.3
281 397.1 , Est Remaining: 91.9
282 398.5 , Est Remaining: 90.4
283 399.9 , Est Remaining: 89.0
284 401.3 , Est Remaining: 87.6
285 402.8 , Est Remaining: 86.2
286 404.2 , Est Remaining: 84.8
287 405.6 , Est Remaining: 83.4
288 407.0 , Est Remaining: 82.0
289 408.5 , Est Remaining: 80.6
290 409.9 , Est Remaining: 79.1
291 411.3 , Est Remaining: 77.7
292 412.7 , Est Remaining: 76.3
293 414.1 , Est Remaining: 74.9
294 415.5 , Est Remaining: 73.5
295 416.9 , Est Remaining: 72.1
296 418.3 , Est Remaining: 70.7
297 419.7 , Est Remaining: 69.2
298 421.2 , Est Remaining: 67.8
299 422.6 , Est Remaining: 66.4
300 424.1 , Est Remaining: 65.0
301 425.4 , Est Remaining: 63.6
302 427.0 , Est Remaining: 62.2
303 428.4 , Est Remaining: 60.8
304 429.8 , Est Remaining: 59.4
305 431.2 , Est Remaining: 58.0
306 432.5 , Est Remaining: 56.5
307 433.9 , Est Remaining: 55.1
308 435.3 , Est Remaining: 53.7
309 436.7 , Est Remaining: 52.3
310 438.1 , Est Remaining: 50.9
311 439.4 , Est Remaining: 49.5
312 440.8 , Est Remaining: 48.0
313 442.2 , Est Remaining: 46.6
314 443.5 , Est Remaining: 45.2
315 444.9 , Est Remaining: 43.8
316 446.3 , Est Remaining: 42.4
317 447.6 , Est Remaining: 41.0
EVENT FAILED
317 447.9 , Est Remaining: 41.0
318 449.3 , Est Remaining: 39.6
319 450.7 , Est Remaining: 38.1
320 452.0 , Est Remaining: 36.7
321 453.4 , Est Remaining: 35.3
322 454.7 , Est Remaining: 33.9
323 456.1 , Est Remaining: 32.5
EVENT FAILED
323 456.4 , Est Remaining: 32.5
324 457.8 , Est Remaining: 31.1
325 459.1 , Est Remaining: 29.7
326 460.5 , Est Remaining: 28.3
327 461.9 , Est Remaining: 26.8
328 463.2 , Est Remaining: 25.4
329 464.6 , Est Remaining: 24.0
330 466.0 , Est Remaining: 22.6
331 467.3 , Est Remaining: 21.2
