Note: NumExpr detected 32 cores but "NUMEXPR_MAX_THREADS" not set, so enforcing safe limit of 8.
Using selector: EpollSelector
/n/home02/jhaefner/miniconda/envs/IC-3.7-2020-06-16/lib/python3.7/site-packages/scipy/optimize/minpack.py:808: OptimizeWarning: Covariance of the parameters could not be estimated
  category=OptimizeWarning)
Total rwfs: 346
0 0.0 , Est Remaining: 999999.9
1 1.5 , Est Remaining: 514.5
2 2.9 , Est Remaining: 507.1
3 4.4 , Est Remaining: 507.7
4 5.9 , Est Remaining: 503.6
5 7.4 , Est Remaining: 501.3
6 8.8 , Est Remaining: 499.3
7 10.2 , Est Remaining: 496.3
8 11.7 , Est Remaining: 493.9
9 13.1 , Est Remaining: 491.2
10 14.6 , Est Remaining: 489.8
11 16.0 , Est Remaining: 487.1
12 17.4 , Est Remaining: 485.1
13 18.8 , Est Remaining: 482.8
14 20.3 , Est Remaining: 480.5
15 21.7 , Est Remaining: 478.3
16 23.0 , Est Remaining: 474.9
17 24.4 , Est Remaining: 473.1
18 25.9 , Est Remaining: 471.4
19 27.3 , Est Remaining: 469.5
20 28.7 , Est Remaining: 468.6
EVENT FAILED
20 29.1 , Est Remaining: 473.8
21 30.5 , Est Remaining: 471.9
22 31.9 , Est Remaining: 469.9
23 33.3 , Est Remaining: 468.0
24 34.7 , Est Remaining: 466.0
25 36.2 , Est Remaining: 464.2
26 37.6 , Est Remaining: 462.5
27 39.0 , Est Remaining: 460.8
28 40.4 , Est Remaining: 459.2
29 41.9 , Est Remaining: 457.6
30 43.3 , Est Remaining: 456.0
31 44.7 , Est Remaining: 454.3
32 46.1 , Est Remaining: 452.7
33 47.6 , Est Remaining: 451.1
34 49.0 , Est Remaining: 449.7
35 50.5 , Est Remaining: 448.3
EVENT FAILED
35 50.8 , Est Remaining: 451.1
36 52.2 , Est Remaining: 449.6
37 53.6 , Est Remaining: 447.9
38 55.1 , Est Remaining: 446.3
EVENT FAILED
38 55.4 , Est Remaining: 448.7
39 56.8 , Est Remaining: 447.1
40 58.2 , Est Remaining: 445.5
41 59.7 , Est Remaining: 443.9
42 61.1 , Est Remaining: 442.2
43 62.5 , Est Remaining: 440.6
44 64.0 , Est Remaining: 439.0
45 65.4 , Est Remaining: 437.4
46 66.8 , Est Remaining: 435.8
47 68.3 , Est Remaining: 434.3
48 69.7 , Est Remaining: 432.6
49 71.1 , Est Remaining: 431.0
50 72.5 , Est Remaining: 429.3
51 73.8 , Est Remaining: 426.9
52 75.2 , Est Remaining: 425.4
53 76.7 , Est Remaining: 424.0
54 78.1 , Est Remaining: 422.5
55 79.6 , Est Remaining: 421.0
56 81.0 , Est Remaining: 419.5
57 82.4 , Est Remaining: 418.0
58 83.9 , Est Remaining: 416.6
59 85.3 , Est Remaining: 415.1
60 86.8 , Est Remaining: 413.7
61 88.2 , Est Remaining: 412.3
62 89.7 , Est Remaining: 410.9
63 91.2 , Est Remaining: 409.5
64 92.6 , Est Remaining: 407.9
65 94.0 , Est Remaining: 406.4
66 95.4 , Est Remaining: 404.7
67 96.8 , Est Remaining: 403.1
68 98.2 , Est Remaining: 401.6
69 99.6 , Est Remaining: 400.0
70 101.0 , Est Remaining: 398.4
71 102.5 , Est Remaining: 397.0
72 104.0 , Est Remaining: 395.7
73 105.5 , Est Remaining: 394.5
74 106.9 , Est Remaining: 393.0
75 108.4 , Est Remaining: 391.5
76 109.8 , Est Remaining: 390.1
EVENT FAILED
76 110.1 , Est Remaining: 391.2
77 111.5 , Est Remaining: 389.6
78 113.0 , Est Remaining: 388.1
79 114.4 , Est Remaining: 386.6
80 115.8 , Est Remaining: 385.0
81 117.2 , Est Remaining: 383.4
82 118.6 , Est Remaining: 381.9
83 120.0 , Est Remaining: 380.4
84 121.5 , Est Remaining: 378.8
85 122.9 , Est Remaining: 377.3
86 124.3 , Est Remaining: 375.8
87 125.7 , Est Remaining: 374.3
88 127.1 , Est Remaining: 372.7
89 128.6 , Est Remaining: 371.2
90 130.0 , Est Remaining: 369.8
91 131.4 , Est Remaining: 368.3
92 132.9 , Est Remaining: 366.8
93 134.3 , Est Remaining: 365.4
94 135.8 , Est Remaining: 364.0
95 137.2 , Est Remaining: 362.6
96 138.7 , Est Remaining: 361.1
EVENT FAILED
96 139.0 , Est Remaining: 361.9
97 140.4 , Est Remaining: 360.4
98 141.8 , Est Remaining: 359.0
99 143.3 , Est Remaining: 357.5
100 144.7 , Est Remaining: 356.0
101 146.2 , Est Remaining: 354.6
102 147.6 , Est Remaining: 353.2
103 149.2 , Est Remaining: 352.0
104 150.6 , Est Remaining: 350.5
105 152.1 , Est Remaining: 349.0
106 153.5 , Est Remaining: 347.6
107 154.9 , Est Remaining: 346.1
108 156.4 , Est Remaining: 344.6
109 157.8 , Est Remaining: 343.2
110 159.3 , Est Remaining: 341.7
111 160.7 , Est Remaining: 340.2
112 162.1 , Est Remaining: 338.7
113 163.6 , Est Remaining: 337.3
114 165.0 , Est Remaining: 335.8
115 166.5 , Est Remaining: 334.4
116 167.9 , Est Remaining: 332.9
117 169.4 , Est Remaining: 331.5
118 170.8 , Est Remaining: 330.0
119 172.2 , Est Remaining: 328.5
120 173.6 , Est Remaining: 327.0
121 175.1 , Est Remaining: 325.5
122 176.5 , Est Remaining: 324.0
123 177.9 , Est Remaining: 322.5
124 179.3 , Est Remaining: 321.0
125 180.7 , Est Remaining: 319.5
126 182.1 , Est Remaining: 318.0
127 183.5 , Est Remaining: 316.5
128 185.0 , Est Remaining: 315.0
129 186.4 , Est Remaining: 313.6
130 187.8 , Est Remaining: 312.1
131 189.2 , Est Remaining: 310.6
132 190.7 , Est Remaining: 309.1
133 192.1 , Est Remaining: 307.7
134 193.5 , Est Remaining: 306.2
135 195.0 , Est Remaining: 304.8
136 196.4 , Est Remaining: 303.3
137 197.9 , Est Remaining: 301.9
138 199.3 , Est Remaining: 300.4
139 200.7 , Est Remaining: 299.0
140 202.2 , Est Remaining: 297.5
141 203.6 , Est Remaining: 296.0
142 205.0 , Est Remaining: 294.6
143 206.5 , Est Remaining: 293.1
144 207.9 , Est Remaining: 291.6
145 209.3 , Est Remaining: 290.2
146 210.8 , Est Remaining: 288.7
147 212.2 , Est Remaining: 287.3
148 213.6 , Est Remaining: 285.8
149 215.1 , Est Remaining: 284.3
150 216.5 , Est Remaining: 282.9
151 217.9 , Est Remaining: 281.4
152 219.4 , Est Remaining: 280.0
153 220.8 , Est Remaining: 278.5
154 222.3 , Est Remaining: 277.1
155 223.7 , Est Remaining: 275.6
156 225.1 , Est Remaining: 274.1
157 226.5 , Est Remaining: 272.7
158 227.9 , Est Remaining: 271.2
159 229.4 , Est Remaining: 269.8
160 230.8 , Est Remaining: 268.3
161 232.2 , Est Remaining: 266.8
EVENT FAILED
161 232.5 , Est Remaining: 267.2
162 233.9 , Est Remaining: 265.7
163 235.4 , Est Remaining: 264.2
164 236.8 , Est Remaining: 262.8
165 238.2 , Est Remaining: 261.3
166 239.6 , Est Remaining: 259.8
167 241.1 , Est Remaining: 258.4
168 242.5 , Est Remaining: 256.9
169 243.9 , Est Remaining: 255.4
170 245.3 , Est Remaining: 254.0
171 246.7 , Est Remaining: 252.5
172 248.2 , Est Remaining: 251.1
173 249.6 , Est Remaining: 249.6
174 251.0 , Est Remaining: 248.2
175 252.5 , Est Remaining: 246.7
176 253.9 , Est Remaining: 245.2
177 255.3 , Est Remaining: 243.8
178 256.8 , Est Remaining: 242.4
179 258.2 , Est Remaining: 240.9
180 259.6 , Est Remaining: 239.5
181 261.1 , Est Remaining: 238.0
182 262.5 , Est Remaining: 236.5
183 263.9 , Est Remaining: 235.1
184 265.3 , Est Remaining: 233.6
EVENT FAILED
184 265.7 , Est Remaining: 233.9
185 267.1 , Est Remaining: 232.4
186 268.5 , Est Remaining: 231.0
187 270.0 , Est Remaining: 229.5
EVENT FAILED
187 270.3 , Est Remaining: 229.8
188 271.7 , Est Remaining: 228.3
189 273.2 , Est Remaining: 226.9
190 274.6 , Est Remaining: 225.4
191 276.0 , Est Remaining: 224.0
192 277.5 , Est Remaining: 222.6
193 278.9 , Est Remaining: 221.1
194 280.3 , Est Remaining: 219.6
195 281.8 , Est Remaining: 218.2
196 283.2 , Est Remaining: 216.7
197 284.6 , Est Remaining: 215.2
198 286.0 , Est Remaining: 213.8
199 287.5 , Est Remaining: 212.3
200 288.9 , Est Remaining: 210.9
201 290.3 , Est Remaining: 209.4
202 291.7 , Est Remaining: 208.0
203 293.3 , Est Remaining: 206.6
204 294.7 , Est Remaining: 205.2
205 296.2 , Est Remaining: 203.7
206 297.6 , Est Remaining: 202.3
207 299.0 , Est Remaining: 200.8
208 300.5 , Est Remaining: 199.3
209 301.9 , Est Remaining: 197.9
210 303.4 , Est Remaining: 196.5
211 304.8 , Est Remaining: 195.0
212 306.3 , Est Remaining: 193.6
213 307.7 , Est Remaining: 192.2
214 309.2 , Est Remaining: 190.7
EVENT FAILED
214 309.5 , Est Remaining: 190.9
215 310.9 , Est Remaining: 189.5
216 312.4 , Est Remaining: 188.0
217 313.8 , Est Remaining: 186.6
218 315.3 , Est Remaining: 185.1
219 316.8 , Est Remaining: 183.7
220 318.2 , Est Remaining: 182.2
221 319.7 , Est Remaining: 180.8
222 321.1 , Est Remaining: 179.4
223 322.6 , Est Remaining: 177.9
224 324.0 , Est Remaining: 176.5
225 325.5 , Est Remaining: 175.0
226 326.9 , Est Remaining: 173.6
227 328.3 , Est Remaining: 172.1
228 329.7 , Est Remaining: 170.7
229 331.2 , Est Remaining: 169.2
230 332.6 , Est Remaining: 167.8
231 334.1 , Est Remaining: 166.3
232 335.5 , Est Remaining: 164.9
233 336.9 , Est Remaining: 163.4
234 338.4 , Est Remaining: 162.0
235 339.8 , Est Remaining: 160.5
236 341.2 , Est Remaining: 159.1
237 342.7 , Est Remaining: 157.6
238 344.1 , Est Remaining: 156.1
239 345.5 , Est Remaining: 154.7
240 346.9 , Est Remaining: 153.2
241 348.4 , Est Remaining: 151.8
242 349.8 , Est Remaining: 150.3
243 351.2 , Est Remaining: 148.9
244 352.7 , Est Remaining: 147.4
245 354.1 , Est Remaining: 146.0
246 355.5 , Est Remaining: 144.5
EVENT FAILED
246 355.9 , Est Remaining: 144.7
247 357.3 , Est Remaining: 143.2
248 358.8 , Est Remaining: 141.8
249 360.2 , Est Remaining: 140.3
250 361.6 , Est Remaining: 138.9
251 363.1 , Est Remaining: 137.4
252 364.5 , Est Remaining: 136.0
253 366.0 , Est Remaining: 134.5
254 367.4 , Est Remaining: 133.1
255 368.8 , Est Remaining: 131.6
256 370.2 , Est Remaining: 130.1
257 371.7 , Est Remaining: 128.7
258 373.1 , Est Remaining: 127.2
259 374.5 , Est Remaining: 125.8
260 375.9 , Est Remaining: 124.3
EVENT FAILED
260 376.2 , Est Remaining: 124.4
261 377.6 , Est Remaining: 123.0
262 379.1 , Est Remaining: 121.5
263 380.5 , Est Remaining: 120.1
264 381.9 , Est Remaining: 118.6
265 383.3 , Est Remaining: 117.2
266 384.7 , Est Remaining: 115.7
267 386.2 , Est Remaining: 114.3
268 387.5 , Est Remaining: 112.8
269 389.0 , Est Remaining: 111.3
270 390.4 , Est Remaining: 109.9
271 391.8 , Est Remaining: 108.4
272 393.2 , Est Remaining: 107.0
273 394.5 , Est Remaining: 105.5
274 395.9 , Est Remaining: 104.0
275 397.3 , Est Remaining: 102.6
276 398.7 , Est Remaining: 101.1
277 400.1 , Est Remaining: 99.7
278 401.5 , Est Remaining: 98.2
279 402.9 , Est Remaining: 96.8
280 404.3 , Est Remaining: 95.3
281 405.7 , Est Remaining: 93.8
282 407.1 , Est Remaining: 92.4
283 408.5 , Est Remaining: 90.9
284 409.8 , Est Remaining: 89.5
285 411.2 , Est Remaining: 88.0
286 412.6 , Est Remaining: 86.6
287 414.0 , Est Remaining: 85.1
288 415.4 , Est Remaining: 83.6
289 416.7 , Est Remaining: 82.2
290 418.1 , Est Remaining: 80.7
291 419.5 , Est Remaining: 79.3
292 420.9 , Est Remaining: 77.8
293 422.3 , Est Remaining: 76.4
294 423.6 , Est Remaining: 74.9
295 425.0 , Est Remaining: 73.5
296 426.4 , Est Remaining: 72.0
297 427.8 , Est Remaining: 70.6
298 429.2 , Est Remaining: 69.1
299 430.5 , Est Remaining: 67.7
300 431.9 , Est Remaining: 66.2
301 433.3 , Est Remaining: 64.8
302 434.8 , Est Remaining: 63.4
303 436.2 , Est Remaining: 61.9
304 437.6 , Est Remaining: 60.5
305 439.0 , Est Remaining: 59.0
306 440.4 , Est Remaining: 57.6
307 441.8 , Est Remaining: 56.1
308 443.1 , Est Remaining: 54.7
309 444.5 , Est Remaining: 53.2
310 445.9 , Est Remaining: 51.8
311 447.2 , Est Remaining: 50.3
312 448.6 , Est Remaining: 48.9
313 450.0 , Est Remaining: 47.4
314 451.4 , Est Remaining: 46.0
315 452.8 , Est Remaining: 44.6
316 454.1 , Est Remaining: 43.1
317 455.5 , Est Remaining: 41.7
318 456.9 , Est Remaining: 40.2
319 458.2 , Est Remaining: 38.8
320 459.6 , Est Remaining: 37.3
321 460.9 , Est Remaining: 35.9
322 462.3 , Est Remaining: 34.5
323 463.7 , Est Remaining: 33.0
324 465.0 , Est Remaining: 31.6
325 466.4 , Est Remaining: 30.1
326 467.8 , Est Remaining: 28.7
327 469.1 , Est Remaining: 27.3
328 470.5 , Est Remaining: 25.8
329 471.9 , Est Remaining: 24.4
330 473.3 , Est Remaining: 22.9
331 474.7 , Est Remaining: 21.5
332 476.0 , Est Remaining: 20.1
EVENT FAILED
332 476.3 , Est Remaining: 20.1
333 477.7 , Est Remaining: 18.6
