Note: NumExpr detected 32 cores but "NUMEXPR_MAX_THREADS" not set, so enforcing safe limit of 8.
Using selector: EpollSelector
/n/home02/jhaefner/miniconda/envs/IC-3.7-2020-06-16/lib/python3.7/site-packages/scipy/optimize/minpack.py:808: OptimizeWarning: Covariance of the parameters could not be estimated
  category=OptimizeWarning)
Total rwfs: 346
0 0.0 , Est Remaining: 999999.9
1 1.3 , Est Remaining: 459.9
2 2.7 , Est Remaining: 457.6
3 4.0 , Est Remaining: 454.8
4 5.3 , Est Remaining: 450.0
5 6.6 , Est Remaining: 447.9
6 7.9 , Est Remaining: 447.3
7 9.2 , Est Remaining: 446.0
8 10.5 , Est Remaining: 445.3
9 11.8 , Est Remaining: 442.8
EVENT FAILED
9 12.1 , Est Remaining: 454.1
10 13.4 , Est Remaining: 450.7
11 14.7 , Est Remaining: 448.2
12 16.0 , Est Remaining: 445.7
13 17.3 , Est Remaining: 443.1
14 18.6 , Est Remaining: 441.0
15 19.9 , Est Remaining: 439.7
16 21.2 , Est Remaining: 438.1
17 22.5 , Est Remaining: 436.2
18 23.8 , Est Remaining: 434.4
19 25.1 , Est Remaining: 432.3
20 26.4 , Est Remaining: 430.4
21 27.7 , Est Remaining: 428.5
22 29.0 , Est Remaining: 426.7
23 30.3 , Est Remaining: 424.8
24 31.5 , Est Remaining: 422.9
25 32.8 , Est Remaining: 421.1
26 34.1 , Est Remaining: 419.4
27 35.4 , Est Remaining: 417.8
28 36.7 , Est Remaining: 416.3
29 37.9 , Est Remaining: 414.7
30 39.2 , Est Remaining: 413.2
31 40.5 , Est Remaining: 411.7
32 41.8 , Est Remaining: 410.4
33 43.1 , Est Remaining: 409.0
34 44.4 , Est Remaining: 407.6
35 45.7 , Est Remaining: 406.1
36 47.0 , Est Remaining: 404.6
37 48.3 , Est Remaining: 403.2
38 49.6 , Est Remaining: 401.7
39 50.8 , Est Remaining: 400.2
40 52.1 , Est Remaining: 398.8
41 53.4 , Est Remaining: 397.3
42 54.7 , Est Remaining: 395.9
43 56.0 , Est Remaining: 394.4
44 57.3 , Est Remaining: 393.0
45 58.5 , Est Remaining: 391.6
46 59.8 , Est Remaining: 390.2
47 61.1 , Est Remaining: 388.7
48 62.4 , Est Remaining: 387.3
49 63.7 , Est Remaining: 385.8
50 64.9 , Est Remaining: 384.4
51 66.2 , Est Remaining: 383.0
52 67.5 , Est Remaining: 381.5
EVENT FAILED
52 67.8 , Est Remaining: 383.2
53 69.1 , Est Remaining: 381.7
54 70.3 , Est Remaining: 380.3
55 71.6 , Est Remaining: 378.9
56 72.9 , Est Remaining: 377.6
57 74.2 , Est Remaining: 376.3
58 75.5 , Est Remaining: 375.0
59 76.8 , Est Remaining: 373.8
60 78.2 , Est Remaining: 372.6
61 79.5 , Est Remaining: 371.5
62 80.8 , Est Remaining: 370.2
63 82.1 , Est Remaining: 369.0
64 83.5 , Est Remaining: 367.8
65 84.8 , Est Remaining: 366.7
66 86.2 , Est Remaining: 365.5
67 87.5 , Est Remaining: 364.2
68 88.8 , Est Remaining: 363.0
69 90.1 , Est Remaining: 361.8
70 91.5 , Est Remaining: 360.7
71 92.8 , Est Remaining: 359.4
72 94.1 , Est Remaining: 358.3
73 95.5 , Est Remaining: 357.1
74 96.8 , Est Remaining: 356.0
75 98.2 , Est Remaining: 354.9
76 99.6 , Est Remaining: 353.7
77 100.9 , Est Remaining: 352.5
78 102.2 , Est Remaining: 351.3
79 103.6 , Est Remaining: 350.1
80 104.9 , Est Remaining: 348.9
81 106.1 , Est Remaining: 347.2
82 107.5 , Est Remaining: 346.0
83 108.8 , Est Remaining: 344.7
84 110.1 , Est Remaining: 343.4
85 111.4 , Est Remaining: 342.1
86 112.7 , Est Remaining: 340.8
87 114.1 , Est Remaining: 339.6
EVENT FAILED
87 114.4 , Est Remaining: 340.5
88 115.7 , Est Remaining: 339.2
89 117.0 , Est Remaining: 338.0
90 118.4 , Est Remaining: 336.7
91 119.7 , Est Remaining: 335.5
92 121.1 , Est Remaining: 334.3
93 122.4 , Est Remaining: 333.0
94 123.8 , Est Remaining: 331.8
95 125.1 , Est Remaining: 330.6
96 126.5 , Est Remaining: 329.3
97 127.8 , Est Remaining: 328.0
98 129.1 , Est Remaining: 326.8
99 130.5 , Est Remaining: 325.6
100 131.8 , Est Remaining: 324.3
101 133.2 , Est Remaining: 323.1
102 134.5 , Est Remaining: 321.9
EVENT FAILED
102 134.8 , Est Remaining: 322.6
103 136.2 , Est Remaining: 321.4
104 137.6 , Est Remaining: 320.2
105 138.9 , Est Remaining: 318.9
106 140.3 , Est Remaining: 317.6
107 141.6 , Est Remaining: 316.3
108 143.0 , Est Remaining: 315.1
109 144.3 , Est Remaining: 313.8
110 145.7 , Est Remaining: 312.5
111 147.0 , Est Remaining: 311.2
112 148.3 , Est Remaining: 309.9
113 149.6 , Est Remaining: 308.6
114 151.0 , Est Remaining: 307.2
115 152.3 , Est Remaining: 306.0
116 153.7 , Est Remaining: 304.7
117 155.0 , Est Remaining: 303.3
118 156.3 , Est Remaining: 302.0
119 157.6 , Est Remaining: 300.7
120 158.9 , Est Remaining: 299.3
121 160.3 , Est Remaining: 298.0
122 161.6 , Est Remaining: 296.7
123 162.9 , Est Remaining: 295.4
124 164.2 , Est Remaining: 294.0
EVENT FAILED
124 164.5 , Est Remaining: 294.6
125 165.9 , Est Remaining: 293.2
126 167.2 , Est Remaining: 291.9
127 168.5 , Est Remaining: 290.6
128 169.8 , Est Remaining: 289.2
129 171.2 , Est Remaining: 287.9
130 172.5 , Est Remaining: 286.6
131 173.8 , Est Remaining: 285.3
EVENT FAILED
131 174.1 , Est Remaining: 285.8
132 175.5 , Est Remaining: 284.5
133 176.8 , Est Remaining: 283.2
134 178.2 , Est Remaining: 281.9
135 179.5 , Est Remaining: 280.6
136 180.8 , Est Remaining: 279.2
137 182.2 , Est Remaining: 278.0
138 183.5 , Est Remaining: 276.7
139 184.9 , Est Remaining: 275.3
140 186.2 , Est Remaining: 274.0
141 187.6 , Est Remaining: 272.7
142 188.9 , Est Remaining: 271.4
143 190.2 , Est Remaining: 270.1
144 191.6 , Est Remaining: 268.8
145 192.9 , Est Remaining: 267.4
146 194.3 , Est Remaining: 266.1
147 195.6 , Est Remaining: 264.8
148 196.9 , Est Remaining: 263.5
149 198.3 , Est Remaining: 262.1
150 199.6 , Est Remaining: 260.8
151 200.9 , Est Remaining: 259.5
152 202.3 , Est Remaining: 258.2
153 203.6 , Est Remaining: 256.8
EVENT FAILED
153 203.9 , Est Remaining: 257.2
154 205.2 , Est Remaining: 255.9
155 206.6 , Est Remaining: 254.6
156 207.9 , Est Remaining: 253.2
157 209.3 , Est Remaining: 251.9
158 210.6 , Est Remaining: 250.6
159 211.9 , Est Remaining: 249.2
160 213.3 , Est Remaining: 247.9
161 214.6 , Est Remaining: 246.6
162 215.9 , Est Remaining: 245.3
163 217.3 , Est Remaining: 244.0
164 218.6 , Est Remaining: 242.6
165 220.0 , Est Remaining: 241.3
166 221.3 , Est Remaining: 240.0
167 222.6 , Est Remaining: 238.6
168 224.0 , Est Remaining: 237.3
169 225.3 , Est Remaining: 236.0
170 226.6 , Est Remaining: 234.6
171 228.0 , Est Remaining: 233.3
172 229.3 , Est Remaining: 232.0
173 230.6 , Est Remaining: 230.6
174 232.0 , Est Remaining: 229.3
175 233.3 , Est Remaining: 228.0
176 234.6 , Est Remaining: 226.6
177 236.0 , Est Remaining: 225.3
178 237.3 , Est Remaining: 224.0
179 238.6 , Est Remaining: 222.6
180 240.0 , Est Remaining: 221.3
181 241.3 , Est Remaining: 220.0
182 242.6 , Est Remaining: 218.6
183 244.0 , Est Remaining: 217.3
184 245.3 , Est Remaining: 216.0
185 246.7 , Est Remaining: 214.7
186 248.0 , Est Remaining: 213.3
187 249.3 , Est Remaining: 212.0
188 250.7 , Est Remaining: 210.7
189 252.0 , Est Remaining: 209.3
EVENT FAILED
189 252.3 , Est Remaining: 209.6
190 253.6 , Est Remaining: 208.3
191 255.0 , Est Remaining: 206.9
192 256.3 , Est Remaining: 205.6
193 257.6 , Est Remaining: 204.2
194 259.0 , Est Remaining: 202.9
195 260.1 , Est Remaining: 201.4
196 261.5 , Est Remaining: 200.1
197 262.8 , Est Remaining: 198.8
198 264.1 , Est Remaining: 197.4
199 265.4 , Est Remaining: 196.1
EVENT FAILED
199 265.7 , Est Remaining: 196.3
200 267.0 , Est Remaining: 194.9
201 268.4 , Est Remaining: 193.6
202 269.7 , Est Remaining: 192.2
EVENT FAILED
202 270.1 , Est Remaining: 192.5
203 271.4 , Est Remaining: 191.2
204 272.7 , Est Remaining: 189.8
205 274.0 , Est Remaining: 188.4
206 275.3 , Est Remaining: 187.1
207 276.6 , Est Remaining: 185.7
208 277.9 , Est Remaining: 184.4
209 279.2 , Est Remaining: 183.0
210 280.5 , Est Remaining: 181.7
211 281.9 , Est Remaining: 180.3
212 283.2 , Est Remaining: 179.0
213 284.5 , Est Remaining: 177.7
214 285.8 , Est Remaining: 176.3
215 287.2 , Est Remaining: 175.0
216 288.5 , Est Remaining: 173.6
217 289.8 , Est Remaining: 172.3
218 291.1 , Est Remaining: 170.9
219 292.5 , Est Remaining: 169.6
220 293.8 , Est Remaining: 168.3
221 295.1 , Est Remaining: 166.9
222 296.5 , Est Remaining: 165.6
223 297.8 , Est Remaining: 164.3
224 299.2 , Est Remaining: 162.9
EVENT FAILED
224 299.8 , Est Remaining: 163.3
225 301.1 , Est Remaining: 161.9
226 302.5 , Est Remaining: 160.6
227 303.8 , Est Remaining: 159.3
228 305.1 , Est Remaining: 157.9
229 306.4 , Est Remaining: 156.6
230 307.8 , Est Remaining: 155.2
231 309.1 , Est Remaining: 153.9
232 310.4 , Est Remaining: 152.5
233 311.8 , Est Remaining: 151.2
234 313.1 , Est Remaining: 149.9
235 314.4 , Est Remaining: 148.5
236 315.8 , Est Remaining: 147.2
237 317.1 , Est Remaining: 145.8
238 318.4 , Est Remaining: 144.5
239 319.8 , Est Remaining: 143.2
240 321.1 , Est Remaining: 141.8
241 322.4 , Est Remaining: 140.5
242 323.7 , Est Remaining: 139.1
243 325.1 , Est Remaining: 137.8
244 326.4 , Est Remaining: 136.5
245 327.7 , Est Remaining: 135.1
246 329.0 , Est Remaining: 133.8
247 330.3 , Est Remaining: 132.4
248 331.7 , Est Remaining: 131.1
249 333.0 , Est Remaining: 129.7
250 334.3 , Est Remaining: 128.4
251 335.6 , Est Remaining: 127.0
252 337.0 , Est Remaining: 125.7
253 338.3 , Est Remaining: 124.4
254 339.6 , Est Remaining: 123.0
255 340.9 , Est Remaining: 121.7
256 342.3 , Est Remaining: 120.3
257 343.6 , Est Remaining: 119.0
258 345.0 , Est Remaining: 117.7
259 346.3 , Est Remaining: 116.3
260 347.6 , Est Remaining: 115.0
261 349.0 , Est Remaining: 113.6
262 350.3 , Est Remaining: 112.3
263 351.6 , Est Remaining: 111.0
264 352.9 , Est Remaining: 109.6
265 354.3 , Est Remaining: 108.3
266 355.6 , Est Remaining: 106.9
267 356.9 , Est Remaining: 105.6
EVENT FAILED
267 357.2 , Est Remaining: 105.7
268 358.6 , Est Remaining: 104.4
269 359.9 , Est Remaining: 103.0
270 361.2 , Est Remaining: 101.7
271 362.5 , Est Remaining: 100.3
EVENT FAILED
271 362.8 , Est Remaining: 100.4
272 364.1 , Est Remaining: 99.1
273 365.5 , Est Remaining: 97.7
274 366.8 , Est Remaining: 96.4
275 368.1 , Est Remaining: 95.0
276 369.4 , Est Remaining: 93.7
277 370.8 , Est Remaining: 92.4
278 372.1 , Est Remaining: 91.0
279 373.4 , Est Remaining: 89.7
280 374.8 , Est Remaining: 88.3
281 376.1 , Est Remaining: 87.0
282 377.4 , Est Remaining: 85.7
283 378.7 , Est Remaining: 84.3
284 380.1 , Est Remaining: 83.0
285 381.4 , Est Remaining: 81.6
286 382.8 , Est Remaining: 80.3
287 384.1 , Est Remaining: 79.0
288 385.4 , Est Remaining: 77.6
289 386.7 , Est Remaining: 76.3
290 388.0 , Est Remaining: 74.9
291 389.4 , Est Remaining: 73.6
292 390.7 , Est Remaining: 72.2
293 392.0 , Est Remaining: 70.9
294 393.3 , Est Remaining: 69.6
295 394.6 , Est Remaining: 68.2
296 396.0 , Est Remaining: 66.9
297 397.3 , Est Remaining: 65.5
298 398.6 , Est Remaining: 64.2
299 400.0 , Est Remaining: 62.9
300 401.3 , Est Remaining: 61.5
301 402.6 , Est Remaining: 60.2
302 404.1 , Est Remaining: 58.9
303 405.4 , Est Remaining: 57.5
304 406.7 , Est Remaining: 56.2
305 408.0 , Est Remaining: 54.9
306 409.4 , Est Remaining: 53.5
307 410.7 , Est Remaining: 52.2
308 412.0 , Est Remaining: 50.8
309 413.4 , Est Remaining: 49.5
310 414.7 , Est Remaining: 48.2
311 416.0 , Est Remaining: 46.8
312 417.4 , Est Remaining: 45.5
313 418.7 , Est Remaining: 44.1
314 420.0 , Est Remaining: 42.8
315 421.3 , Est Remaining: 41.5
316 422.6 , Est Remaining: 40.1
317 424.0 , Est Remaining: 38.8
318 425.3 , Est Remaining: 37.4
319 426.6 , Est Remaining: 36.1
320 427.9 , Est Remaining: 34.8
321 429.2 , Est Remaining: 33.4
322 430.6 , Est Remaining: 32.1
323 431.9 , Est Remaining: 30.8
324 433.2 , Est Remaining: 29.4
325 434.5 , Est Remaining: 28.1
326 435.9 , Est Remaining: 26.7
327 437.2 , Est Remaining: 25.4
328 438.6 , Est Remaining: 24.1
329 439.9 , Est Remaining: 22.7
330 441.2 , Est Remaining: 21.4
331 442.6 , Est Remaining: 20.1
332 443.9 , Est Remaining: 18.7
