Note: NumExpr detected 32 cores but "NUMEXPR_MAX_THREADS" not set, so enforcing safe limit of 8.
Using selector: EpollSelector
/n/home02/jhaefner/miniconda/envs/IC-3.7-2020-06-16/lib/python3.7/site-packages/scipy/optimize/minpack.py:808: OptimizeWarning: Covariance of the parameters could not be estimated
  category=OptimizeWarning)
Total rwfs: 346
0 0.0 , Est Remaining: 999999.9
1 1.4 , Est Remaining: 484.6
2 2.8 , Est Remaining: 479.5
3 4.2 , Est Remaining: 479.4
4 5.6 , Est Remaining: 477.1
5 7.0 , Est Remaining: 474.1
6 8.3 , Est Remaining: 471.6
EVENT FAILED
6 8.6 , Est Remaining: 488.4
7 10.0 , Est Remaining: 483.4
8 11.4 , Est Remaining: 480.2
9 12.7 , Est Remaining: 476.4
10 14.1 , Est Remaining: 473.3
11 15.5 , Est Remaining: 470.8
12 16.8 , Est Remaining: 468.8
13 18.2 , Est Remaining: 466.1
14 19.5 , Est Remaining: 463.6
15 20.9 , Est Remaining: 461.0
16 22.2 , Est Remaining: 458.8
17 23.6 , Est Remaining: 457.0
18 25.0 , Est Remaining: 455.0
EVENT FAILED
18 25.3 , Est Remaining: 460.3
19 26.6 , Est Remaining: 458.3
20 28.0 , Est Remaining: 456.0
21 29.3 , Est Remaining: 453.8
22 30.7 , Est Remaining: 451.8
23 32.0 , Est Remaining: 450.0
24 33.4 , Est Remaining: 448.2
25 34.8 , Est Remaining: 446.4
26 36.1 , Est Remaining: 444.5
27 37.5 , Est Remaining: 442.7
28 38.8 , Est Remaining: 441.0
29 40.2 , Est Remaining: 439.3
30 41.6 , Est Remaining: 437.8
31 42.9 , Est Remaining: 436.2
32 44.3 , Est Remaining: 434.6
33 45.6 , Est Remaining: 432.9
34 47.0 , Est Remaining: 431.2
35 48.4 , Est Remaining: 429.7
36 49.7 , Est Remaining: 428.2
37 51.1 , Est Remaining: 426.6
38 52.4 , Est Remaining: 425.0
39 53.8 , Est Remaining: 423.4
40 55.1 , Est Remaining: 421.9
41 56.5 , Est Remaining: 420.3
42 57.9 , Est Remaining: 418.7
43 59.2 , Est Remaining: 417.3
44 60.6 , Est Remaining: 415.8
45 61.9 , Est Remaining: 414.2
46 63.3 , Est Remaining: 412.6
47 64.6 , Est Remaining: 411.0
48 66.0 , Est Remaining: 409.5
49 67.3 , Est Remaining: 407.9
50 68.6 , Est Remaining: 406.4
51 70.0 , Est Remaining: 404.8
52 71.3 , Est Remaining: 403.2
53 72.7 , Est Remaining: 401.6
54 74.0 , Est Remaining: 400.1
55 75.3 , Est Remaining: 398.6
56 76.7 , Est Remaining: 397.3
57 78.1 , Est Remaining: 395.9
58 79.4 , Est Remaining: 394.5
59 80.8 , Est Remaining: 393.1
60 82.2 , Est Remaining: 391.7
61 83.5 , Est Remaining: 390.3
62 84.9 , Est Remaining: 388.9
63 86.3 , Est Remaining: 387.5
64 87.6 , Est Remaining: 386.1
65 89.0 , Est Remaining: 384.7
66 90.3 , Est Remaining: 383.3
67 91.7 , Est Remaining: 381.9
68 93.1 , Est Remaining: 380.5
69 94.4 , Est Remaining: 379.1
70 95.8 , Est Remaining: 377.8
71 97.2 , Est Remaining: 376.4
72 98.5 , Est Remaining: 375.0
73 99.9 , Est Remaining: 373.6
74 101.3 , Est Remaining: 372.3
75 102.7 , Est Remaining: 370.9
76 104.0 , Est Remaining: 369.5
77 105.4 , Est Remaining: 368.2
78 106.8 , Est Remaining: 366.9
79 108.1 , Est Remaining: 365.5
80 109.5 , Est Remaining: 364.1
81 110.9 , Est Remaining: 362.7
82 112.2 , Est Remaining: 361.3
83 113.6 , Est Remaining: 359.9
84 115.0 , Est Remaining: 358.5
85 116.3 , Est Remaining: 357.2
86 117.7 , Est Remaining: 355.8
87 119.1 , Est Remaining: 354.4
88 120.4 , Est Remaining: 353.1
89 121.8 , Est Remaining: 351.7
90 123.2 , Est Remaining: 350.3
EVENT FAILED
90 123.5 , Est Remaining: 351.2
91 124.8 , Est Remaining: 349.8
92 126.2 , Est Remaining: 348.4
93 127.5 , Est Remaining: 347.0
94 128.9 , Est Remaining: 345.6
95 130.3 , Est Remaining: 344.2
96 131.7 , Est Remaining: 342.8
97 133.0 , Est Remaining: 341.5
98 134.4 , Est Remaining: 340.2
99 135.8 , Est Remaining: 338.8
100 137.2 , Est Remaining: 337.4
101 138.5 , Est Remaining: 336.0
102 139.9 , Est Remaining: 334.6
103 141.3 , Est Remaining: 333.4
104 142.7 , Est Remaining: 332.1
105 144.1 , Est Remaining: 330.7
106 145.4 , Est Remaining: 329.3
107 146.7 , Est Remaining: 327.7
108 148.1 , Est Remaining: 326.3
109 149.4 , Est Remaining: 324.9
110 150.8 , Est Remaining: 323.5
111 152.2 , Est Remaining: 322.1
112 153.5 , Est Remaining: 320.7
113 154.9 , Est Remaining: 319.3
114 156.2 , Est Remaining: 317.9
115 157.6 , Est Remaining: 316.5
116 158.9 , Est Remaining: 315.1
117 160.3 , Est Remaining: 313.8
118 161.7 , Est Remaining: 312.4
119 163.0 , Est Remaining: 311.0
120 164.4 , Est Remaining: 309.7
121 165.8 , Est Remaining: 308.3
122 167.2 , Est Remaining: 306.9
123 168.5 , Est Remaining: 305.6
124 169.9 , Est Remaining: 304.2
125 171.3 , Est Remaining: 302.8
EVENT FAILED
125 171.6 , Est Remaining: 303.4
126 172.9 , Est Remaining: 302.0
127 174.3 , Est Remaining: 300.6
128 175.7 , Est Remaining: 299.2
129 177.0 , Est Remaining: 297.8
EVENT FAILED
129 177.3 , Est Remaining: 298.3
130 178.7 , Est Remaining: 296.9
131 180.1 , Est Remaining: 295.5
132 181.4 , Est Remaining: 294.1
133 182.8 , Est Remaining: 292.8
134 184.2 , Est Remaining: 291.4
135 185.5 , Est Remaining: 290.0
136 186.9 , Est Remaining: 288.6
137 188.3 , Est Remaining: 287.2
138 189.7 , Est Remaining: 285.9
139 191.0 , Est Remaining: 284.5
140 192.4 , Est Remaining: 283.1
141 193.8 , Est Remaining: 281.7
142 195.1 , Est Remaining: 280.3
143 196.5 , Est Remaining: 279.0
144 197.9 , Est Remaining: 277.6
145 199.2 , Est Remaining: 276.2
146 200.6 , Est Remaining: 274.8
147 202.0 , Est Remaining: 273.4
148 203.4 , Est Remaining: 272.1
149 204.7 , Est Remaining: 270.7
150 206.1 , Est Remaining: 269.3
151 207.5 , Est Remaining: 267.9
152 208.9 , Est Remaining: 266.6
153 210.2 , Est Remaining: 265.2
154 211.6 , Est Remaining: 263.8
155 213.0 , Est Remaining: 262.4
156 214.4 , Est Remaining: 261.1
157 215.7 , Est Remaining: 259.7
158 217.1 , Est Remaining: 258.3
159 218.5 , Est Remaining: 256.9
160 219.8 , Est Remaining: 255.5
161 221.2 , Est Remaining: 254.2
162 222.6 , Est Remaining: 252.8
163 223.9 , Est Remaining: 251.4
164 225.3 , Est Remaining: 250.0
165 226.7 , Est Remaining: 248.7
166 228.1 , Est Remaining: 247.3
167 229.4 , Est Remaining: 245.9
168 230.8 , Est Remaining: 244.5
169 232.1 , Est Remaining: 243.1
170 233.5 , Est Remaining: 241.7
171 234.9 , Est Remaining: 240.4
172 236.2 , Est Remaining: 239.0
173 237.7 , Est Remaining: 237.7
174 239.1 , Est Remaining: 236.3
175 240.4 , Est Remaining: 234.9
176 241.8 , Est Remaining: 233.6
177 243.2 , Est Remaining: 232.2
178 244.5 , Est Remaining: 230.8
179 245.9 , Est Remaining: 229.4
180 247.2 , Est Remaining: 228.0
181 248.6 , Est Remaining: 226.6
EVENT FAILED
181 248.9 , Est Remaining: 226.9
182 250.2 , Est Remaining: 225.5
183 251.6 , Est Remaining: 224.1
184 253.0 , Est Remaining: 222.7
185 254.3 , Est Remaining: 221.4
EVENT FAILED
185 254.7 , Est Remaining: 221.6
186 256.0 , Est Remaining: 220.2
187 257.4 , Est Remaining: 218.8
188 258.8 , Est Remaining: 217.5
189 260.1 , Est Remaining: 216.1
190 261.5 , Est Remaining: 214.7
191 262.8 , Est Remaining: 213.3
192 264.2 , Est Remaining: 211.9
193 265.6 , Est Remaining: 210.5
194 266.9 , Est Remaining: 209.1
195 268.3 , Est Remaining: 207.8
196 269.7 , Est Remaining: 206.4
197 271.0 , Est Remaining: 205.0
198 272.4 , Est Remaining: 203.6
199 273.8 , Est Remaining: 202.2
200 275.1 , Est Remaining: 200.8
201 276.5 , Est Remaining: 199.4
202 277.9 , Est Remaining: 198.1
203 279.3 , Est Remaining: 196.7
204 280.7 , Est Remaining: 195.4
205 282.0 , Est Remaining: 194.0
206 283.4 , Est Remaining: 192.6
207 284.7 , Est Remaining: 191.2
208 286.1 , Est Remaining: 189.8
209 287.4 , Est Remaining: 188.4
210 288.8 , Est Remaining: 187.0
211 290.1 , Est Remaining: 185.6
212 291.5 , Est Remaining: 184.2
213 292.8 , Est Remaining: 182.8
214 294.1 , Est Remaining: 181.4
215 295.5 , Est Remaining: 180.1
216 296.9 , Est Remaining: 178.7
217 298.2 , Est Remaining: 177.3
218 299.6 , Est Remaining: 175.9
219 300.9 , Est Remaining: 174.5
220 302.3 , Est Remaining: 173.1
221 303.6 , Est Remaining: 171.7
222 305.0 , Est Remaining: 170.4
223 306.3 , Est Remaining: 169.0
224 307.7 , Est Remaining: 167.6
225 309.0 , Est Remaining: 166.2
EVENT FAILED
225 309.3 , Est Remaining: 166.4
226 310.7 , Est Remaining: 165.0
227 312.0 , Est Remaining: 163.6
228 313.4 , Est Remaining: 162.2
229 314.7 , Est Remaining: 160.8
230 316.1 , Est Remaining: 159.4
231 317.4 , Est Remaining: 158.0
232 318.7 , Est Remaining: 156.6
233 320.1 , Est Remaining: 155.2
234 321.5 , Est Remaining: 153.9
235 322.8 , Est Remaining: 152.5
236 324.2 , Est Remaining: 151.1
237 325.6 , Est Remaining: 149.7
238 326.9 , Est Remaining: 148.4
239 328.3 , Est Remaining: 147.0
240 329.7 , Est Remaining: 145.6
241 331.0 , Est Remaining: 144.2
242 332.4 , Est Remaining: 142.8
243 333.7 , Est Remaining: 141.4
244 335.0 , Est Remaining: 140.1
245 336.4 , Est Remaining: 138.7
246 337.7 , Est Remaining: 137.3
247 339.1 , Est Remaining: 135.9
248 340.4 , Est Remaining: 134.5
249 341.7 , Est Remaining: 133.1
250 343.1 , Est Remaining: 131.7
251 344.4 , Est Remaining: 130.4
252 345.8 , Est Remaining: 129.0
253 347.1 , Est Remaining: 127.6
254 348.4 , Est Remaining: 126.2
255 349.7 , Est Remaining: 124.8
256 351.1 , Est Remaining: 123.4
257 352.4 , Est Remaining: 122.0
258 353.7 , Est Remaining: 120.6
259 355.0 , Est Remaining: 119.3
260 356.3 , Est Remaining: 117.9
261 357.6 , Est Remaining: 116.5
262 358.9 , Est Remaining: 115.1
EVENT FAILED
262 359.5 , Est Remaining: 115.3
263 361.0 , Est Remaining: 113.9
264 362.3 , Est Remaining: 112.5
265 363.6 , Est Remaining: 111.1
266 364.9 , Est Remaining: 109.7
267 366.2 , Est Remaining: 108.3
268 367.5 , Est Remaining: 106.9
269 368.7 , Est Remaining: 105.6
270 370.0 , Est Remaining: 104.2
271 371.3 , Est Remaining: 102.8
272 372.6 , Est Remaining: 101.4
273 373.9 , Est Remaining: 100.0
274 375.2 , Est Remaining: 98.6
275 376.4 , Est Remaining: 97.2
276 377.7 , Est Remaining: 95.8
277 379.0 , Est Remaining: 94.4
278 380.3 , Est Remaining: 93.0
279 381.6 , Est Remaining: 91.6
280 382.8 , Est Remaining: 90.2
281 384.1 , Est Remaining: 88.9
282 385.4 , Est Remaining: 87.5
283 386.7 , Est Remaining: 86.1
284 387.9 , Est Remaining: 84.7
285 389.2 , Est Remaining: 83.3
286 390.5 , Est Remaining: 81.9
287 391.7 , Est Remaining: 80.5
288 393.0 , Est Remaining: 79.2
289 394.3 , Est Remaining: 77.8
290 395.6 , Est Remaining: 76.4
291 396.9 , Est Remaining: 75.0
292 398.2 , Est Remaining: 73.6
293 399.4 , Est Remaining: 72.3
EVENT FAILED
293 399.7 , Est Remaining: 72.3
EVENT FAILED
293 400.0 , Est Remaining: 72.4
294 401.3 , Est Remaining: 71.0
295 402.6 , Est Remaining: 69.6
296 403.8 , Est Remaining: 68.2
297 405.1 , Est Remaining: 66.8
298 406.4 , Est Remaining: 65.5
299 407.7 , Est Remaining: 64.1
300 409.0 , Est Remaining: 62.7
EVENT FAILED
300 409.3 , Est Remaining: 62.8
301 410.6 , Est Remaining: 61.4
302 411.9 , Est Remaining: 60.0
303 413.1 , Est Remaining: 58.6
304 414.4 , Est Remaining: 57.3
305 415.7 , Est Remaining: 55.9
306 417.0 , Est Remaining: 54.5
307 418.3 , Est Remaining: 53.1
308 419.6 , Est Remaining: 51.8
309 420.8 , Est Remaining: 50.4
310 422.1 , Est Remaining: 49.0
311 423.4 , Est Remaining: 47.7
312 424.7 , Est Remaining: 46.3
313 426.0 , Est Remaining: 44.9
314 427.3 , Est Remaining: 43.5
315 428.6 , Est Remaining: 42.2
316 429.9 , Est Remaining: 40.8
317 431.2 , Est Remaining: 39.4
318 432.5 , Est Remaining: 38.1
319 433.8 , Est Remaining: 36.7
320 435.1 , Est Remaining: 35.4
321 436.4 , Est Remaining: 34.0
322 437.7 , Est Remaining: 32.6
323 439.1 , Est Remaining: 31.3
324 440.4 , Est Remaining: 29.9
325 441.7 , Est Remaining: 28.5
326 443.0 , Est Remaining: 27.2
327 444.3 , Est Remaining: 25.8
328 445.7 , Est Remaining: 24.5
329 447.0 , Est Remaining: 23.1
330 448.3 , Est Remaining: 21.7
331 449.6 , Est Remaining: 20.4
332 450.9 , Est Remaining: 19.0
333 452.3 , Est Remaining: 17.7
