Note: NumExpr detected 32 cores but "NUMEXPR_MAX_THREADS" not set, so enforcing safe limit of 8.
Using selector: EpollSelector
/n/home02/jhaefner/miniconda/envs/IC-3.7-2020-06-16/lib/python3.7/site-packages/scipy/optimize/minpack.py:808: OptimizeWarning: Covariance of the parameters could not be estimated
  category=OptimizeWarning)
Total rwfs: 346
0 0.0 , Est Remaining: 999999.9
1 1.4 , Est Remaining: 475.0
2 2.7 , Est Remaining: 472.7
3 4.2 , Est Remaining: 476.8
4 5.6 , Est Remaining: 476.0
5 6.9 , Est Remaining: 473.9
6 8.3 , Est Remaining: 471.8
7 9.7 , Est Remaining: 471.1
8 11.1 , Est Remaining: 470.1
9 12.5 , Est Remaining: 467.4
10 13.8 , Est Remaining: 465.2
11 15.2 , Est Remaining: 463.6
12 16.6 , Est Remaining: 462.2
13 18.0 , Est Remaining: 460.2
14 19.3 , Est Remaining: 458.7
15 20.7 , Est Remaining: 457.3
16 22.1 , Est Remaining: 455.6
17 23.5 , Est Remaining: 454.0
18 24.8 , Est Remaining: 452.0
19 26.2 , Est Remaining: 450.3
20 27.5 , Est Remaining: 448.7
EVENT FAILED
20 27.8 , Est Remaining: 453.6
21 29.2 , Est Remaining: 451.6
22 30.5 , Est Remaining: 449.7
23 31.9 , Est Remaining: 448.0
24 33.2 , Est Remaining: 446.1
25 34.6 , Est Remaining: 444.3
26 36.0 , Est Remaining: 442.8
27 37.3 , Est Remaining: 441.2
EVENT FAILED
27 37.7 , Est Remaining: 444.9
28 39.0 , Est Remaining: 442.9
29 40.3 , Est Remaining: 440.9
30 41.7 , Est Remaining: 439.0
31 43.0 , Est Remaining: 437.2
32 44.4 , Est Remaining: 435.5
33 45.7 , Est Remaining: 433.7
34 47.1 , Est Remaining: 432.0
35 48.4 , Est Remaining: 430.2
36 49.8 , Est Remaining: 428.5
37 51.1 , Est Remaining: 426.7
38 52.5 , Est Remaining: 425.2
39 53.8 , Est Remaining: 423.6
40 55.2 , Est Remaining: 421.9
41 56.5 , Est Remaining: 420.4
42 57.9 , Est Remaining: 418.8
43 59.2 , Est Remaining: 417.2
44 60.6 , Est Remaining: 415.8
45 61.9 , Est Remaining: 414.2
46 63.3 , Est Remaining: 412.7
47 64.6 , Est Remaining: 411.1
48 66.1 , Est Remaining: 410.1
49 67.4 , Est Remaining: 408.6
50 68.8 , Est Remaining: 407.1
51 70.1 , Est Remaining: 405.5
52 71.5 , Est Remaining: 404.1
53 72.8 , Est Remaining: 402.5
54 74.1 , Est Remaining: 400.9
55 75.5 , Est Remaining: 399.3
56 76.8 , Est Remaining: 397.9
57 78.2 , Est Remaining: 396.4
58 79.6 , Est Remaining: 395.0
59 80.9 , Est Remaining: 393.6
60 82.3 , Est Remaining: 392.1
61 83.6 , Est Remaining: 390.6
62 85.0 , Est Remaining: 389.2
63 86.3 , Est Remaining: 387.7
64 87.7 , Est Remaining: 386.3
65 89.0 , Est Remaining: 384.8
66 90.4 , Est Remaining: 383.4
67 91.7 , Est Remaining: 382.0
68 93.1 , Est Remaining: 380.5
69 94.4 , Est Remaining: 379.0
70 95.8 , Est Remaining: 377.6
71 97.1 , Est Remaining: 376.1
72 98.5 , Est Remaining: 374.7
73 99.8 , Est Remaining: 373.3
74 101.2 , Est Remaining: 371.8
75 102.5 , Est Remaining: 370.4
76 103.9 , Est Remaining: 369.0
77 105.2 , Est Remaining: 367.6
78 106.6 , Est Remaining: 366.2
79 107.9 , Est Remaining: 364.8
80 109.3 , Est Remaining: 363.4
81 110.6 , Est Remaining: 362.0
82 112.0 , Est Remaining: 360.5
83 113.3 , Est Remaining: 359.1
84 114.7 , Est Remaining: 357.8
85 116.1 , Est Remaining: 356.4
86 117.4 , Est Remaining: 354.9
87 118.7 , Est Remaining: 353.5
88 120.1 , Est Remaining: 352.0
89 121.4 , Est Remaining: 350.6
90 122.8 , Est Remaining: 349.2
91 124.1 , Est Remaining: 347.8
92 125.4 , Est Remaining: 346.3
93 126.8 , Est Remaining: 344.9
94 128.1 , Est Remaining: 343.5
95 129.5 , Est Remaining: 342.1
96 130.8 , Est Remaining: 340.7
97 132.2 , Est Remaining: 339.3
98 133.5 , Est Remaining: 337.9
99 134.9 , Est Remaining: 336.5
100 136.2 , Est Remaining: 335.1
101 137.6 , Est Remaining: 333.7
102 138.9 , Est Remaining: 332.3
103 140.3 , Est Remaining: 331.0
104 141.7 , Est Remaining: 329.6
105 143.0 , Est Remaining: 328.2
106 144.4 , Est Remaining: 326.8
107 145.7 , Est Remaining: 325.4
108 147.1 , Est Remaining: 324.1
109 148.4 , Est Remaining: 322.6
110 149.7 , Est Remaining: 321.3
111 151.1 , Est Remaining: 319.9
112 152.4 , Est Remaining: 318.5
113 153.8 , Est Remaining: 317.1
114 155.1 , Est Remaining: 315.7
115 156.5 , Est Remaining: 314.3
116 157.8 , Est Remaining: 312.9
117 159.1 , Est Remaining: 311.5
118 160.5 , Est Remaining: 310.1
119 161.9 , Est Remaining: 308.8
120 163.2 , Est Remaining: 307.4
121 164.5 , Est Remaining: 306.0
122 165.9 , Est Remaining: 304.6
123 167.2 , Est Remaining: 303.2
124 168.6 , Est Remaining: 301.8
125 169.9 , Est Remaining: 300.4
126 171.3 , Est Remaining: 299.0
127 172.6 , Est Remaining: 297.7
128 174.0 , Est Remaining: 296.3
129 175.3 , Est Remaining: 294.9
130 176.7 , Est Remaining: 293.5
131 178.0 , Est Remaining: 292.1
132 179.3 , Est Remaining: 290.8
133 180.7 , Est Remaining: 289.4
134 182.0 , Est Remaining: 288.0
135 183.4 , Est Remaining: 286.6
136 184.7 , Est Remaining: 285.2
EVENT FAILED
136 185.0 , Est Remaining: 285.7
137 186.4 , Est Remaining: 284.3
138 187.7 , Est Remaining: 283.0
139 189.1 , Est Remaining: 281.6
140 190.4 , Est Remaining: 280.2
141 191.8 , Est Remaining: 278.8
142 193.1 , Est Remaining: 277.4
143 194.5 , Est Remaining: 276.0
144 195.8 , Est Remaining: 274.7
145 197.1 , Est Remaining: 273.3
146 198.5 , Est Remaining: 271.9
147 199.8 , Est Remaining: 270.5
148 201.2 , Est Remaining: 269.1
149 202.5 , Est Remaining: 267.7
150 203.8 , Est Remaining: 266.3
151 205.2 , Est Remaining: 265.0
152 206.5 , Est Remaining: 263.6
153 207.9 , Est Remaining: 262.2
154 209.2 , Est Remaining: 260.8
155 210.5 , Est Remaining: 259.4
156 211.9 , Est Remaining: 258.1
157 213.2 , Est Remaining: 256.7
158 214.5 , Est Remaining: 255.2
159 215.8 , Est Remaining: 253.8
160 217.1 , Est Remaining: 252.4
161 218.5 , Est Remaining: 251.1
162 219.8 , Est Remaining: 249.7
163 221.2 , Est Remaining: 248.3
164 222.5 , Est Remaining: 247.0
165 223.9 , Est Remaining: 245.6
EVENT FAILED
165 224.2 , Est Remaining: 245.9
166 225.5 , Est Remaining: 244.6
167 226.9 , Est Remaining: 243.2
168 228.2 , Est Remaining: 241.8
169 229.6 , Est Remaining: 240.5
170 230.9 , Est Remaining: 239.1
171 232.3 , Est Remaining: 237.7
172 233.7 , Est Remaining: 236.4
173 235.0 , Est Remaining: 235.0
174 236.4 , Est Remaining: 233.6
175 237.7 , Est Remaining: 232.3
176 239.1 , Est Remaining: 230.9
177 240.5 , Est Remaining: 229.6
178 241.8 , Est Remaining: 228.2
179 243.1 , Est Remaining: 226.8
180 244.5 , Est Remaining: 225.5
181 245.8 , Est Remaining: 224.1
182 247.2 , Est Remaining: 222.7
183 248.5 , Est Remaining: 221.4
184 249.9 , Est Remaining: 220.0
185 251.2 , Est Remaining: 218.6
186 252.6 , Est Remaining: 217.3
187 253.9 , Est Remaining: 215.9
188 255.3 , Est Remaining: 214.5
189 256.6 , Est Remaining: 213.2
190 258.0 , Est Remaining: 211.8
191 259.4 , Est Remaining: 210.5
192 260.7 , Est Remaining: 209.1
193 262.1 , Est Remaining: 207.8
194 263.4 , Est Remaining: 206.4
195 264.8 , Est Remaining: 205.0
196 266.1 , Est Remaining: 203.7
197 267.5 , Est Remaining: 202.3
198 268.8 , Est Remaining: 200.9
199 270.2 , Est Remaining: 199.6
200 271.5 , Est Remaining: 198.2
201 272.9 , Est Remaining: 196.8
202 274.2 , Est Remaining: 195.5
203 275.7 , Est Remaining: 194.2
204 277.0 , Est Remaining: 192.8
205 278.4 , Est Remaining: 191.5
206 279.7 , Est Remaining: 190.1
207 281.0 , Est Remaining: 188.7
208 282.4 , Est Remaining: 187.4
209 283.7 , Est Remaining: 186.0
210 285.1 , Est Remaining: 184.6
211 286.4 , Est Remaining: 183.2
212 287.7 , Est Remaining: 181.9
213 289.1 , Est Remaining: 180.5
214 290.4 , Est Remaining: 179.1
215 291.7 , Est Remaining: 177.7
216 293.1 , Est Remaining: 176.4
217 294.4 , Est Remaining: 175.0
218 295.7 , Est Remaining: 173.6
219 297.1 , Est Remaining: 172.3
220 298.4 , Est Remaining: 170.9
221 299.8 , Est Remaining: 169.6
222 301.1 , Est Remaining: 168.2
223 302.4 , Est Remaining: 166.8
224 303.8 , Est Remaining: 165.5
225 305.1 , Est Remaining: 164.1
226 306.5 , Est Remaining: 162.7
227 307.8 , Est Remaining: 161.3
228 309.1 , Est Remaining: 160.0
229 310.5 , Est Remaining: 158.6
230 311.8 , Est Remaining: 157.3
231 313.1 , Est Remaining: 155.9
232 314.5 , Est Remaining: 154.5
233 315.8 , Est Remaining: 153.1
234 317.1 , Est Remaining: 151.8
235 318.4 , Est Remaining: 150.4
236 319.8 , Est Remaining: 149.1
237 321.1 , Est Remaining: 147.7
238 322.5 , Est Remaining: 146.3
239 323.8 , Est Remaining: 145.0
240 325.2 , Est Remaining: 143.6
241 326.5 , Est Remaining: 142.2
242 327.8 , Est Remaining: 140.9
243 329.2 , Est Remaining: 139.5
244 330.5 , Est Remaining: 138.2
245 331.8 , Est Remaining: 136.8
246 333.2 , Est Remaining: 135.4
247 334.5 , Est Remaining: 134.1
248 335.9 , Est Remaining: 132.7
249 337.2 , Est Remaining: 131.4
250 338.5 , Est Remaining: 130.0
251 339.9 , Est Remaining: 128.6
252 341.2 , Est Remaining: 127.3
253 342.6 , Est Remaining: 125.9
254 343.9 , Est Remaining: 124.6
255 345.3 , Est Remaining: 123.2
256 346.6 , Est Remaining: 121.9
257 347.9 , Est Remaining: 120.5
258 349.3 , Est Remaining: 119.1
259 350.6 , Est Remaining: 117.8
260 351.9 , Est Remaining: 116.4
261 353.3 , Est Remaining: 115.0
262 354.6 , Est Remaining: 113.7
263 355.9 , Est Remaining: 112.3
264 357.2 , Est Remaining: 111.0
265 358.5 , Est Remaining: 109.6
266 359.9 , Est Remaining: 108.2
267 361.2 , Est Remaining: 106.9
268 362.5 , Est Remaining: 105.5
269 363.9 , Est Remaining: 104.2
270 365.2 , Est Remaining: 102.8
271 366.5 , Est Remaining: 101.4
272 367.8 , Est Remaining: 100.1
273 369.2 , Est Remaining: 98.7
274 370.5 , Est Remaining: 97.4
275 371.9 , Est Remaining: 96.0
276 373.2 , Est Remaining: 94.7
EVENT FAILED
276 373.5 , Est Remaining: 94.7
277 374.8 , Est Remaining: 93.4
278 376.2 , Est Remaining: 92.0
279 377.5 , Est Remaining: 90.7
280 378.8 , Est Remaining: 89.3
281 380.2 , Est Remaining: 87.9
282 381.5 , Est Remaining: 86.6
283 382.8 , Est Remaining: 85.2
284 384.2 , Est Remaining: 83.9
285 385.5 , Est Remaining: 82.5
286 386.9 , Est Remaining: 81.2
EVENT FAILED
286 387.2 , Est Remaining: 81.2
287 388.5 , Est Remaining: 79.9
288 389.9 , Est Remaining: 78.5
289 391.2 , Est Remaining: 77.2
290 392.6 , Est Remaining: 75.8
291 393.9 , Est Remaining: 74.4
292 395.3 , Est Remaining: 73.1
293 396.6 , Est Remaining: 71.7
294 398.0 , Est Remaining: 70.4
295 399.3 , Est Remaining: 69.0
296 400.7 , Est Remaining: 67.7
297 402.0 , Est Remaining: 66.3
298 403.4 , Est Remaining: 65.0
299 404.7 , Est Remaining: 63.6
300 406.1 , Est Remaining: 62.3
301 407.5 , Est Remaining: 60.9
302 408.9 , Est Remaining: 59.6
303 410.3 , Est Remaining: 58.2
304 411.6 , Est Remaining: 56.9
305 413.0 , Est Remaining: 55.5
306 414.4 , Est Remaining: 54.2
307 415.7 , Est Remaining: 52.8
308 417.1 , Est Remaining: 51.5
309 418.4 , Est Remaining: 50.1
310 419.7 , Est Remaining: 48.7
311 421.1 , Est Remaining: 47.4
312 422.4 , Est Remaining: 46.0
313 423.8 , Est Remaining: 44.7
314 425.2 , Est Remaining: 43.3
315 426.5 , Est Remaining: 42.0
316 427.8 , Est Remaining: 40.6
317 429.2 , Est Remaining: 39.3
318 430.5 , Est Remaining: 37.9
319 431.9 , Est Remaining: 36.6
320 433.3 , Est Remaining: 35.2
321 434.6 , Est Remaining: 33.8
322 436.0 , Est Remaining: 32.5
323 437.3 , Est Remaining: 31.1
324 438.7 , Est Remaining: 29.8
325 440.0 , Est Remaining: 28.4
326 441.3 , Est Remaining: 27.1
327 442.7 , Est Remaining: 25.7
328 444.0 , Est Remaining: 24.4
329 445.4 , Est Remaining: 23.0
330 446.7 , Est Remaining: 21.7
331 448.0 , Est Remaining: 20.3
332 449.4 , Est Remaining: 18.9
333 450.7 , Est Remaining: 17.6
334 452.0 , Est Remaining: 16.2
335 453.3 , Est Remaining: 14.9
336 454.6 , Est Remaining: 13.5
337 456.0 , Est Remaining: 12.2
338 457.2 , Est Remaining: 10.8
339 458.5 , Est Remaining: 9.5
