Note: NumExpr detected 32 cores but "NUMEXPR_MAX_THREADS" not set, so enforcing safe limit of 8.
Using selector: EpollSelector
/n/home02/jhaefner/miniconda/envs/IC-3.7-2020-06-16/lib/python3.7/site-packages/scipy/optimize/minpack.py:808: OptimizeWarning: Covariance of the parameters could not be estimated
  category=OptimizeWarning)
Total rwfs: 346
0 0.0 , Est Remaining: 999999.9
1 1.5 , Est Remaining: 524.6
2 3.0 , Est Remaining: 519.5
3 4.6 , Est Remaining: 522.5
4 6.1 , Est Remaining: 517.6
5 7.5 , Est Remaining: 513.6
6 9.0 , Est Remaining: 510.9
7 10.5 , Est Remaining: 507.9
8 11.9 , Est Remaining: 504.3
9 13.4 , Est Remaining: 501.5
10 14.9 , Est Remaining: 500.8
11 16.4 , Est Remaining: 499.1
12 17.9 , Est Remaining: 497.6
13 19.3 , Est Remaining: 495.4
14 20.8 , Est Remaining: 493.2
EVENT FAILED
14 21.2 , Est Remaining: 502.1
15 22.6 , Est Remaining: 499.0
16 24.1 , Est Remaining: 496.3
17 25.5 , Est Remaining: 493.9
18 27.0 , Est Remaining: 491.6
19 28.5 , Est Remaining: 490.0
20 29.9 , Est Remaining: 487.9
21 31.4 , Est Remaining: 486.1
22 32.9 , Est Remaining: 484.4
23 34.3 , Est Remaining: 482.2
24 35.8 , Est Remaining: 480.3
25 37.3 , Est Remaining: 478.5
26 38.7 , Est Remaining: 476.8
27 40.2 , Est Remaining: 474.9
28 41.7 , Est Remaining: 473.0
29 43.1 , Est Remaining: 471.2
30 44.6 , Est Remaining: 469.5
31 46.0 , Est Remaining: 467.8
32 47.5 , Est Remaining: 466.2
33 49.0 , Est Remaining: 464.6
34 50.5 , Est Remaining: 463.1
35 51.9 , Est Remaining: 461.6
36 53.4 , Est Remaining: 459.9
37 54.9 , Est Remaining: 458.3
38 56.3 , Est Remaining: 456.6
39 57.8 , Est Remaining: 455.0
40 59.2 , Est Remaining: 453.2
41 60.7 , Est Remaining: 451.4
42 62.1 , Est Remaining: 449.8
43 63.6 , Est Remaining: 448.1
44 65.0 , Est Remaining: 446.4
45 66.5 , Est Remaining: 444.8
46 67.9 , Est Remaining: 443.1
47 69.4 , Est Remaining: 441.5
48 70.8 , Est Remaining: 439.8
49 72.3 , Est Remaining: 438.2
50 73.7 , Est Remaining: 436.5
51 75.2 , Est Remaining: 434.8
52 76.6 , Est Remaining: 433.2
53 78.1 , Est Remaining: 431.6
54 79.5 , Est Remaining: 430.0
55 81.0 , Est Remaining: 428.5
56 82.4 , Est Remaining: 426.9
57 83.9 , Est Remaining: 425.5
58 85.4 , Est Remaining: 424.0
EVENT FAILED
58 85.7 , Est Remaining: 425.6
59 87.2 , Est Remaining: 424.0
60 88.6 , Est Remaining: 422.4
61 90.1 , Est Remaining: 421.0
62 91.6 , Est Remaining: 419.5
63 93.1 , Est Remaining: 418.0
64 94.5 , Est Remaining: 416.6
65 96.0 , Est Remaining: 415.0
66 97.5 , Est Remaining: 413.7
67 99.0 , Est Remaining: 412.2
68 100.5 , Est Remaining: 410.7
69 101.9 , Est Remaining: 409.2
70 103.4 , Est Remaining: 407.8
71 104.9 , Est Remaining: 406.4
72 106.4 , Est Remaining: 405.0
73 107.9 , Est Remaining: 403.5
74 109.4 , Est Remaining: 402.1
75 110.9 , Est Remaining: 400.6
76 112.3 , Est Remaining: 399.1
77 113.8 , Est Remaining: 397.6
78 115.3 , Est Remaining: 396.1
79 116.8 , Est Remaining: 394.6
80 118.2 , Est Remaining: 393.1
81 119.7 , Est Remaining: 391.7
82 121.2 , Est Remaining: 390.2
EVENT FAILED
82 121.5 , Est Remaining: 391.2
83 122.9 , Est Remaining: 389.6
84 124.4 , Est Remaining: 388.1
85 125.9 , Est Remaining: 386.5
86 127.3 , Est Remaining: 384.9
87 128.8 , Est Remaining: 383.4
88 130.3 , Est Remaining: 381.9
89 131.7 , Est Remaining: 380.3
EVENT FAILED
89 132.0 , Est Remaining: 381.2
90 133.5 , Est Remaining: 379.7
91 135.0 , Est Remaining: 378.2
92 136.4 , Est Remaining: 376.6
93 137.9 , Est Remaining: 375.0
94 139.3 , Est Remaining: 373.4
95 140.7 , Est Remaining: 371.8
96 142.2 , Est Remaining: 370.3
97 143.6 , Est Remaining: 368.7
98 145.1 , Est Remaining: 367.1
99 146.5 , Est Remaining: 365.6
100 148.0 , Est Remaining: 364.0
101 149.4 , Est Remaining: 362.4
102 150.9 , Est Remaining: 360.9
103 152.4 , Est Remaining: 359.5
104 153.8 , Est Remaining: 358.0
105 155.3 , Est Remaining: 356.4
106 156.7 , Est Remaining: 354.9
107 158.2 , Est Remaining: 353.3
108 159.6 , Est Remaining: 351.8
109 161.1 , Est Remaining: 350.3
110 162.6 , Est Remaining: 348.8
111 164.0 , Est Remaining: 347.2
112 165.5 , Est Remaining: 345.8
113 167.0 , Est Remaining: 344.3
114 168.5 , Est Remaining: 342.8
115 169.9 , Est Remaining: 341.3
116 171.4 , Est Remaining: 339.8
117 172.9 , Est Remaining: 338.3
118 174.3 , Est Remaining: 336.8
119 175.8 , Est Remaining: 335.4
120 177.3 , Est Remaining: 333.9
EVENT FAILED
120 177.6 , Est Remaining: 334.5
121 179.1 , Est Remaining: 333.0
122 180.5 , Est Remaining: 331.5
123 182.0 , Est Remaining: 330.0
124 183.5 , Est Remaining: 328.5
125 185.0 , Est Remaining: 327.0
126 186.4 , Est Remaining: 325.5
127 187.9 , Est Remaining: 324.1
128 189.4 , Est Remaining: 322.6
129 190.9 , Est Remaining: 321.1
130 192.4 , Est Remaining: 319.6
131 193.8 , Est Remaining: 318.1
132 195.3 , Est Remaining: 316.7
133 196.8 , Est Remaining: 315.2
134 198.3 , Est Remaining: 313.7
135 199.8 , Est Remaining: 312.2
136 201.2 , Est Remaining: 310.7
137 202.7 , Est Remaining: 309.2
138 204.2 , Est Remaining: 307.7
139 205.6 , Est Remaining: 306.2
140 207.1 , Est Remaining: 304.8
141 208.6 , Est Remaining: 303.3
142 210.1 , Est Remaining: 301.8
143 211.5 , Est Remaining: 300.3
144 213.0 , Est Remaining: 298.7
145 214.4 , Est Remaining: 297.2
146 215.9 , Est Remaining: 295.7
147 217.4 , Est Remaining: 294.3
148 218.8 , Est Remaining: 292.8
149 220.3 , Est Remaining: 291.3
150 221.8 , Est Remaining: 289.8
151 223.2 , Est Remaining: 288.3
152 224.7 , Est Remaining: 286.8
153 226.2 , Est Remaining: 285.3
154 227.6 , Est Remaining: 283.8
EVENT FAILED
154 227.9 , Est Remaining: 284.2
155 229.4 , Est Remaining: 282.7
156 230.9 , Est Remaining: 281.2
157 232.3 , Est Remaining: 279.7
158 233.8 , Est Remaining: 278.2
159 235.4 , Est Remaining: 276.8
160 236.8 , Est Remaining: 275.3
161 238.3 , Est Remaining: 273.8
162 239.8 , Est Remaining: 272.3
163 241.2 , Est Remaining: 270.8
164 242.7 , Est Remaining: 269.3
165 244.1 , Est Remaining: 267.8
166 245.6 , Est Remaining: 266.3
167 247.0 , Est Remaining: 264.8
168 248.3 , Est Remaining: 263.1
169 249.8 , Est Remaining: 261.6
170 251.2 , Est Remaining: 260.1
171 252.7 , Est Remaining: 258.6
172 254.1 , Est Remaining: 257.1
173 255.6 , Est Remaining: 255.6
174 257.0 , Est Remaining: 254.1
175 258.5 , Est Remaining: 252.6
176 259.9 , Est Remaining: 251.1
177 261.4 , Est Remaining: 249.6
178 262.8 , Est Remaining: 248.1
179 264.3 , Est Remaining: 246.6
180 265.7 , Est Remaining: 245.1
181 267.2 , Est Remaining: 243.6
182 268.6 , Est Remaining: 242.1
183 270.1 , Est Remaining: 240.6
184 271.6 , Est Remaining: 239.1
185 273.0 , Est Remaining: 237.6
186 274.5 , Est Remaining: 236.1
187 276.0 , Est Remaining: 234.6
188 277.4 , Est Remaining: 233.1
189 278.9 , Est Remaining: 231.7
190 280.3 , Est Remaining: 230.2
191 281.8 , Est Remaining: 228.7
192 283.3 , Est Remaining: 227.2
193 284.8 , Est Remaining: 225.7
194 286.2 , Est Remaining: 224.2
195 287.7 , Est Remaining: 222.7
196 289.1 , Est Remaining: 221.3
197 290.6 , Est Remaining: 219.8
198 292.0 , Est Remaining: 218.3
199 293.5 , Est Remaining: 216.8
200 294.9 , Est Remaining: 215.3
201 296.4 , Est Remaining: 213.8
202 297.9 , Est Remaining: 212.3
203 299.4 , Est Remaining: 210.9
204 300.9 , Est Remaining: 209.4
205 302.3 , Est Remaining: 207.9
206 303.8 , Est Remaining: 206.5
207 305.2 , Est Remaining: 205.0
208 306.7 , Est Remaining: 203.5
209 308.1 , Est Remaining: 201.9
210 309.5 , Est Remaining: 200.4
211 310.9 , Est Remaining: 198.9
212 312.3 , Est Remaining: 197.4
213 313.7 , Est Remaining: 195.9
214 315.2 , Est Remaining: 194.4
215 316.6 , Est Remaining: 192.9
216 318.0 , Est Remaining: 191.4
217 319.4 , Est Remaining: 189.9
218 320.8 , Est Remaining: 188.4
219 322.2 , Est Remaining: 186.9
220 323.6 , Est Remaining: 185.3
221 325.0 , Est Remaining: 183.8
222 326.4 , Est Remaining: 182.3
223 327.7 , Est Remaining: 180.7
224 329.0 , Est Remaining: 179.2
225 330.4 , Est Remaining: 177.7
226 331.8 , Est Remaining: 176.2
227 333.2 , Est Remaining: 174.7
228 334.6 , Est Remaining: 173.1
229 335.9 , Est Remaining: 171.6
230 337.3 , Est Remaining: 170.1
231 338.7 , Est Remaining: 168.6
232 340.1 , Est Remaining: 167.1
233 341.5 , Est Remaining: 165.6
234 342.9 , Est Remaining: 164.1
235 344.3 , Est Remaining: 162.6
236 345.7 , Est Remaining: 161.1
237 347.1 , Est Remaining: 159.7
238 348.5 , Est Remaining: 158.2
239 349.9 , Est Remaining: 156.7
240 351.3 , Est Remaining: 155.2
241 352.7 , Est Remaining: 153.7
242 354.1 , Est Remaining: 152.2
EVENT FAILED
242 354.4 , Est Remaining: 152.3
243 355.8 , Est Remaining: 150.8
244 357.2 , Est Remaining: 149.3
245 358.6 , Est Remaining: 147.8
246 360.0 , Est Remaining: 146.3
247 361.4 , Est Remaining: 144.8
248 362.8 , Est Remaining: 143.4
249 364.2 , Est Remaining: 141.9
250 365.6 , Est Remaining: 140.4
251 367.0 , Est Remaining: 138.9
252 368.4 , Est Remaining: 137.4
253 369.8 , Est Remaining: 135.9
254 371.2 , Est Remaining: 134.5
255 372.6 , Est Remaining: 133.0
256 374.0 , Est Remaining: 131.5
257 375.5 , Est Remaining: 130.0
258 376.9 , Est Remaining: 128.5
259 378.3 , Est Remaining: 127.1
260 379.7 , Est Remaining: 125.6
261 381.1 , Est Remaining: 124.1
262 382.6 , Est Remaining: 122.7
263 384.0 , Est Remaining: 121.2
EVENT FAILED
263 384.3 , Est Remaining: 121.3
264 385.7 , Est Remaining: 119.8
265 387.1 , Est Remaining: 118.3
266 388.5 , Est Remaining: 116.8
267 389.9 , Est Remaining: 115.4
268 391.3 , Est Remaining: 113.9
269 392.7 , Est Remaining: 112.4
270 394.1 , Est Remaining: 110.9
271 395.5 , Est Remaining: 109.5
272 396.9 , Est Remaining: 108.0
273 398.3 , Est Remaining: 106.5
274 399.7 , Est Remaining: 105.0
275 401.2 , Est Remaining: 103.6
276 402.6 , Est Remaining: 102.1
277 404.0 , Est Remaining: 100.6
278 405.5 , Est Remaining: 99.2
279 406.9 , Est Remaining: 97.7
280 408.4 , Est Remaining: 96.3
281 409.8 , Est Remaining: 94.8
EVENT FAILED
281 410.1 , Est Remaining: 94.9
282 411.5 , Est Remaining: 93.4
283 413.0 , Est Remaining: 91.9
284 414.4 , Est Remaining: 90.5
285 415.9 , Est Remaining: 89.0
286 417.3 , Est Remaining: 87.6
287 418.8 , Est Remaining: 86.1
288 420.3 , Est Remaining: 84.6
289 421.7 , Est Remaining: 83.2
290 423.2 , Est Remaining: 81.7
291 424.7 , Est Remaining: 80.3
292 426.2 , Est Remaining: 78.8
293 427.7 , Est Remaining: 77.4
294 429.2 , Est Remaining: 75.9
295 430.7 , Est Remaining: 74.5
EVENT FAILED
295 431.0 , Est Remaining: 74.5
296 432.5 , Est Remaining: 73.0
297 433.9 , Est Remaining: 71.6
298 435.4 , Est Remaining: 70.1
299 436.8 , Est Remaining: 68.7
300 438.3 , Est Remaining: 67.2
301 439.7 , Est Remaining: 65.7
302 441.3 , Est Remaining: 64.3
303 442.7 , Est Remaining: 62.8
304 444.1 , Est Remaining: 61.4
EVENT FAILED
304 444.4 , Est Remaining: 61.4
305 445.8 , Est Remaining: 59.9
306 447.2 , Est Remaining: 58.5
EVENT FAILED
306 447.5 , Est Remaining: 58.5
EVENT FAILED
306 447.8 , Est Remaining: 58.5
307 449.2 , Est Remaining: 57.1
308 450.6 , Est Remaining: 55.6
309 452.0 , Est Remaining: 54.1
310 453.4 , Est Remaining: 52.7
311 454.8 , Est Remaining: 51.2
312 456.2 , Est Remaining: 49.7
313 457.6 , Est Remaining: 48.2
314 459.0 , Est Remaining: 46.8
EVENT FAILED
314 459.3 , Est Remaining: 46.8
315 460.6 , Est Remaining: 45.3
316 462.0 , Est Remaining: 43.9
317 463.4 , Est Remaining: 42.4
318 464.7 , Est Remaining: 40.9
319 466.1 , Est Remaining: 39.5
320 467.5 , Est Remaining: 38.0
321 468.8 , Est Remaining: 36.5
322 470.2 , Est Remaining: 35.0
323 471.6 , Est Remaining: 33.6
324 472.9 , Est Remaining: 32.1
325 474.3 , Est Remaining: 30.6
326 475.6 , Est Remaining: 29.2
327 477.0 , Est Remaining: 27.7
328 478.4 , Est Remaining: 26.3
329 479.7 , Est Remaining: 24.8
330 481.1 , Est Remaining: 23.3
331 482.4 , Est Remaining: 21.9
