Note: NumExpr detected 32 cores but "NUMEXPR_MAX_THREADS" not set, so enforcing safe limit of 8.
Using selector: EpollSelector
/n/home02/jhaefner/miniconda/envs/IC-3.7-2020-06-16/lib/python3.7/site-packages/scipy/optimize/minpack.py:808: OptimizeWarning: Covariance of the parameters could not be estimated
  category=OptimizeWarning)
Total rwfs: 346
0 0.0 , Est Remaining: 999999.9
1 1.5 , Est Remaining: 526.4
2 3.0 , Est Remaining: 517.6
3 4.5 , Est Remaining: 516.5
4 6.0 , Est Remaining: 512.6
5 7.5 , Est Remaining: 510.3
6 9.0 , Est Remaining: 507.9
7 10.4 , Est Remaining: 504.9
8 11.9 , Est Remaining: 503.8
9 13.4 , Est Remaining: 501.8
10 14.9 , Est Remaining: 499.8
11 16.3 , Est Remaining: 497.3
12 17.8 , Est Remaining: 495.1
13 19.3 , Est Remaining: 493.7
14 20.8 , Est Remaining: 492.4
15 22.2 , Est Remaining: 490.9
16 23.7 , Est Remaining: 488.7
17 25.2 , Est Remaining: 486.8
18 26.6 , Est Remaining: 485.2
19 28.1 , Est Remaining: 483.4
20 29.6 , Est Remaining: 481.8
21 31.0 , Est Remaining: 480.5
EVENT FAILED
21 31.4 , Est Remaining: 485.3
22 32.8 , Est Remaining: 483.5
23 34.3 , Est Remaining: 481.8
24 35.8 , Est Remaining: 479.9
25 37.2 , Est Remaining: 478.2
26 38.7 , Est Remaining: 476.3
27 40.2 , Est Remaining: 474.7
28 41.6 , Est Remaining: 472.9
29 43.1 , Est Remaining: 471.3
30 44.6 , Est Remaining: 469.6
31 46.1 , Est Remaining: 468.0
32 47.5 , Est Remaining: 466.3
33 49.0 , Est Remaining: 464.7
34 50.5 , Est Remaining: 463.0
35 51.9 , Est Remaining: 461.3
36 53.4 , Est Remaining: 459.7
37 54.9 , Est Remaining: 458.4
38 56.4 , Est Remaining: 456.8
39 57.8 , Est Remaining: 455.2
40 59.3 , Est Remaining: 453.6
41 60.8 , Est Remaining: 452.1
42 62.2 , Est Remaining: 450.5
43 63.7 , Est Remaining: 449.0
44 65.2 , Est Remaining: 447.4
45 66.7 , Est Remaining: 445.9
46 68.1 , Est Remaining: 444.4
47 69.6 , Est Remaining: 442.9
EVENT FAILED
47 69.9 , Est Remaining: 444.9
48 71.4 , Est Remaining: 443.3
49 72.9 , Est Remaining: 441.7
50 74.3 , Est Remaining: 440.1
51 75.8 , Est Remaining: 438.5
52 77.3 , Est Remaining: 436.9
53 78.7 , Est Remaining: 435.2
EVENT FAILED
53 79.0 , Est Remaining: 437.0
54 80.5 , Est Remaining: 435.2
55 81.9 , Est Remaining: 433.5
56 83.4 , Est Remaining: 431.8
57 84.9 , Est Remaining: 430.3
58 86.3 , Est Remaining: 428.7
59 87.8 , Est Remaining: 427.1
60 89.3 , Est Remaining: 425.5
61 90.7 , Est Remaining: 423.8
62 92.2 , Est Remaining: 422.2
63 93.6 , Est Remaining: 420.5
64 95.1 , Est Remaining: 418.9
65 96.5 , Est Remaining: 417.3
66 98.0 , Est Remaining: 415.7
67 99.5 , Est Remaining: 414.2
68 100.9 , Est Remaining: 412.6
69 102.4 , Est Remaining: 411.0
70 103.9 , Est Remaining: 409.5
71 105.3 , Est Remaining: 408.0
72 106.8 , Est Remaining: 406.4
73 108.3 , Est Remaining: 404.8
74 109.7 , Est Remaining: 403.3
75 111.2 , Est Remaining: 401.7
76 112.6 , Est Remaining: 400.2
77 114.1 , Est Remaining: 398.7
78 115.6 , Est Remaining: 397.2
79 117.1 , Est Remaining: 395.7
80 118.5 , Est Remaining: 394.2
81 120.0 , Est Remaining: 392.7
82 121.5 , Est Remaining: 391.1
83 123.0 , Est Remaining: 389.7
84 124.4 , Est Remaining: 388.1
85 125.9 , Est Remaining: 386.5
86 127.3 , Est Remaining: 385.0
87 128.8 , Est Remaining: 383.4
88 130.3 , Est Remaining: 381.9
89 131.7 , Est Remaining: 380.4
90 133.2 , Est Remaining: 378.8
91 134.6 , Est Remaining: 377.2
92 136.1 , Est Remaining: 375.7
93 137.5 , Est Remaining: 374.1
94 139.0 , Est Remaining: 372.5
95 140.4 , Est Remaining: 371.0
96 141.9 , Est Remaining: 369.5
97 143.3 , Est Remaining: 367.9
98 144.8 , Est Remaining: 366.3
99 146.2 , Est Remaining: 364.8
100 147.7 , Est Remaining: 363.2
101 149.1 , Est Remaining: 361.7
102 150.6 , Est Remaining: 360.2
103 152.1 , Est Remaining: 358.8
104 153.5 , Est Remaining: 357.3
105 155.0 , Est Remaining: 355.8
106 156.4 , Est Remaining: 354.2
107 157.9 , Est Remaining: 352.7
108 159.3 , Est Remaining: 351.2
109 160.8 , Est Remaining: 349.6
110 162.2 , Est Remaining: 348.1
111 163.7 , Est Remaining: 346.6
112 165.2 , Est Remaining: 345.0
113 166.6 , Est Remaining: 343.5
114 168.0 , Est Remaining: 341.9
115 169.5 , Est Remaining: 340.4
116 170.9 , Est Remaining: 338.9
117 172.4 , Est Remaining: 337.4
118 173.8 , Est Remaining: 335.9
119 175.3 , Est Remaining: 334.4
120 176.8 , Est Remaining: 332.9
121 178.2 , Est Remaining: 331.4
122 179.7 , Est Remaining: 329.9
123 181.2 , Est Remaining: 328.4
124 182.6 , Est Remaining: 326.9
125 184.1 , Est Remaining: 325.4
126 185.5 , Est Remaining: 323.9
127 187.0 , Est Remaining: 322.4
128 188.4 , Est Remaining: 320.9
129 189.9 , Est Remaining: 319.4
130 191.3 , Est Remaining: 317.9
131 192.8 , Est Remaining: 316.4
132 194.2 , Est Remaining: 314.9
133 195.7 , Est Remaining: 313.4
134 197.2 , Est Remaining: 311.9
135 198.6 , Est Remaining: 310.4
136 200.1 , Est Remaining: 308.9
137 201.5 , Est Remaining: 307.4
138 203.0 , Est Remaining: 305.9
139 204.4 , Est Remaining: 304.4
140 205.9 , Est Remaining: 302.9
141 207.3 , Est Remaining: 301.5
142 208.8 , Est Remaining: 300.0
143 210.3 , Est Remaining: 298.5
144 211.7 , Est Remaining: 297.0
EVENT FAILED
144 212.0 , Est Remaining: 297.4
145 213.4 , Est Remaining: 295.9
146 214.9 , Est Remaining: 294.3
147 216.3 , Est Remaining: 292.8
148 217.7 , Est Remaining: 291.3
149 219.1 , Est Remaining: 289.7
150 220.5 , Est Remaining: 288.2
151 222.0 , Est Remaining: 286.6
152 223.4 , Est Remaining: 285.1
153 224.8 , Est Remaining: 283.6
154 226.2 , Est Remaining: 282.0
155 227.6 , Est Remaining: 280.5
156 229.0 , Est Remaining: 279.0
157 230.5 , Est Remaining: 277.4
158 231.9 , Est Remaining: 275.9
159 233.3 , Est Remaining: 274.4
160 234.7 , Est Remaining: 272.9
161 236.2 , Est Remaining: 271.4
162 237.6 , Est Remaining: 269.8
163 239.0 , Est Remaining: 268.3
164 240.4 , Est Remaining: 266.7
165 241.8 , Est Remaining: 265.2
EVENT FAILED
165 242.1 , Est Remaining: 265.6
166 243.5 , Est Remaining: 264.0
167 244.9 , Est Remaining: 262.5
168 246.3 , Est Remaining: 260.9
169 247.7 , Est Remaining: 259.4
170 249.1 , Est Remaining: 257.9
171 250.5 , Est Remaining: 256.3
172 251.9 , Est Remaining: 254.8
173 253.3 , Est Remaining: 253.3
174 254.7 , Est Remaining: 251.7
175 256.1 , Est Remaining: 250.2
176 257.5 , Est Remaining: 248.7
177 258.9 , Est Remaining: 247.2
178 260.3 , Est Remaining: 245.7
179 261.7 , Est Remaining: 244.1
180 263.1 , Est Remaining: 242.6
181 264.5 , Est Remaining: 241.1
182 265.9 , Est Remaining: 239.6
183 267.3 , Est Remaining: 238.1
184 268.7 , Est Remaining: 236.6
185 270.1 , Est Remaining: 235.1
186 271.5 , Est Remaining: 233.6
187 272.9 , Est Remaining: 232.0
188 274.3 , Est Remaining: 230.5
189 275.7 , Est Remaining: 229.0
190 277.1 , Est Remaining: 227.5
191 278.5 , Est Remaining: 226.0
192 279.9 , Est Remaining: 224.5
193 281.3 , Est Remaining: 223.0
194 282.7 , Est Remaining: 221.5
195 284.1 , Est Remaining: 220.0
196 285.5 , Est Remaining: 218.5
197 286.9 , Est Remaining: 217.0
198 288.3 , Est Remaining: 215.5
199 289.7 , Est Remaining: 214.0
200 291.2 , Est Remaining: 212.5
201 292.6 , Est Remaining: 211.0
202 294.0 , Est Remaining: 209.6
203 295.5 , Est Remaining: 208.2
204 297.0 , Est Remaining: 206.7
205 298.4 , Est Remaining: 205.2
206 299.8 , Est Remaining: 203.8
207 301.2 , Est Remaining: 202.3
208 302.6 , Est Remaining: 200.8
209 304.1 , Est Remaining: 199.3
210 305.5 , Est Remaining: 197.8
211 306.9 , Est Remaining: 196.4
EVENT FAILED
211 307.6 , Est Remaining: 196.8
212 309.0 , Est Remaining: 195.3
213 310.5 , Est Remaining: 193.9
214 311.9 , Est Remaining: 192.4
215 313.3 , Est Remaining: 190.9
216 314.7 , Est Remaining: 189.4
217 316.1 , Est Remaining: 187.9
218 317.5 , Est Remaining: 186.4
219 319.0 , Est Remaining: 185.0
220 320.4 , Est Remaining: 183.5
EVENT FAILED
220 320.7 , Est Remaining: 183.7
221 322.1 , Est Remaining: 182.2
222 323.6 , Est Remaining: 180.7
223 325.0 , Est Remaining: 179.3
224 326.5 , Est Remaining: 177.8
225 327.9 , Est Remaining: 176.3
226 329.3 , Est Remaining: 174.9
227 330.8 , Est Remaining: 173.4
228 332.2 , Est Remaining: 172.0
229 333.7 , Est Remaining: 170.5
230 335.1 , Est Remaining: 169.0
231 336.6 , Est Remaining: 167.5
232 338.0 , Est Remaining: 166.1
233 339.4 , Est Remaining: 164.6
234 340.9 , Est Remaining: 163.2
235 342.3 , Est Remaining: 161.7
EVENT FAILED
235 342.6 , Est Remaining: 161.8
EVENT FAILED
235 342.9 , Est Remaining: 162.0
236 344.4 , Est Remaining: 160.5
237 345.9 , Est Remaining: 159.1
238 347.3 , Est Remaining: 157.6
239 348.8 , Est Remaining: 156.2
240 350.3 , Est Remaining: 154.7
241 351.8 , Est Remaining: 153.3
242 353.2 , Est Remaining: 151.8
243 354.7 , Est Remaining: 150.4
244 356.2 , Est Remaining: 148.9
245 357.7 , Est Remaining: 147.5
246 359.2 , Est Remaining: 146.0
EVENT FAILED
246 359.5 , Est Remaining: 146.1
247 360.9 , Est Remaining: 144.7
248 362.4 , Est Remaining: 143.2
249 363.9 , Est Remaining: 141.8
250 365.4 , Est Remaining: 140.3
EVENT FAILED
250 365.7 , Est Remaining: 140.4
251 367.2 , Est Remaining: 139.0
252 368.6 , Est Remaining: 137.5
253 370.1 , Est Remaining: 136.0
EVENT FAILED
253 370.4 , Est Remaining: 136.2
254 371.8 , Est Remaining: 134.7
255 373.3 , Est Remaining: 133.2
256 374.8 , Est Remaining: 131.8
257 376.3 , Est Remaining: 130.3
258 377.7 , Est Remaining: 128.8
259 379.2 , Est Remaining: 127.4
260 380.7 , Est Remaining: 125.9
261 382.2 , Est Remaining: 124.5
262 383.7 , Est Remaining: 123.0
263 385.2 , Est Remaining: 121.6
264 386.7 , Est Remaining: 120.1
265 388.2 , Est Remaining: 118.7
266 389.7 , Est Remaining: 117.2
267 391.2 , Est Remaining: 115.7
268 392.7 , Est Remaining: 114.3
269 394.2 , Est Remaining: 112.8
270 395.7 , Est Remaining: 111.4
271 397.2 , Est Remaining: 109.9
272 398.7 , Est Remaining: 108.5
273 400.2 , Est Remaining: 107.0
274 401.6 , Est Remaining: 105.5
275 403.1 , Est Remaining: 104.1
276 404.5 , Est Remaining: 102.6
277 406.0 , Est Remaining: 101.1
278 407.5 , Est Remaining: 99.7
279 408.9 , Est Remaining: 98.2
280 410.3 , Est Remaining: 96.7
281 411.8 , Est Remaining: 95.3
282 413.2 , Est Remaining: 93.8
283 414.7 , Est Remaining: 92.3
284 416.1 , Est Remaining: 90.8
285 417.6 , Est Remaining: 89.4
286 419.0 , Est Remaining: 87.9
287 420.5 , Est Remaining: 86.4
288 421.9 , Est Remaining: 85.0
289 423.3 , Est Remaining: 83.5
290 424.8 , Est Remaining: 82.0
EVENT FAILED
290 425.1 , Est Remaining: 82.1
291 426.5 , Est Remaining: 80.6
292 427.9 , Est Remaining: 79.1
293 429.4 , Est Remaining: 77.7
294 430.8 , Est Remaining: 76.2
295 432.2 , Est Remaining: 74.7
296 433.6 , Est Remaining: 73.2
297 435.0 , Est Remaining: 71.8
298 436.4 , Est Remaining: 70.3
299 437.8 , Est Remaining: 68.8
300 439.2 , Est Remaining: 67.3
301 440.6 , Est Remaining: 65.9
302 442.2 , Est Remaining: 64.4
303 443.6 , Est Remaining: 63.0
304 445.0 , Est Remaining: 61.5
305 446.4 , Est Remaining: 60.0
306 447.8 , Est Remaining: 58.5
307 449.2 , Est Remaining: 57.1
308 450.6 , Est Remaining: 55.6
309 452.0 , Est Remaining: 54.1
310 453.4 , Est Remaining: 52.7
311 454.8 , Est Remaining: 51.2
312 456.2 , Est Remaining: 49.7
313 457.6 , Est Remaining: 48.2
314 459.0 , Est Remaining: 46.8
315 460.4 , Est Remaining: 45.3
316 461.8 , Est Remaining: 43.8
317 463.2 , Est Remaining: 42.4
318 464.6 , Est Remaining: 40.9
319 466.0 , Est Remaining: 39.4
320 467.4 , Est Remaining: 38.0
321 468.8 , Est Remaining: 36.5
322 470.2 , Est Remaining: 35.0
323 471.6 , Est Remaining: 33.6
324 473.0 , Est Remaining: 32.1
325 474.4 , Est Remaining: 30.7
326 475.8 , Est Remaining: 29.2
327 477.2 , Est Remaining: 27.7
328 478.5 , Est Remaining: 26.3
329 479.9 , Est Remaining: 24.8
330 481.3 , Est Remaining: 23.3
331 482.7 , Est Remaining: 21.9
332 484.0 , Est Remaining: 20.4
