Note: NumExpr detected 32 cores but "NUMEXPR_MAX_THREADS" not set, so enforcing safe limit of 8.
Using selector: EpollSelector
/n/home02/jhaefner/miniconda/envs/IC-3.7-2020-06-16/lib/python3.7/site-packages/scipy/optimize/minpack.py:808: OptimizeWarning: Covariance of the parameters could not be estimated
  category=OptimizeWarning)
Total rwfs: 346
0 0.0 , Est Remaining: 999999.9
1 1.5 , Est Remaining: 510.6
2 3.0 , Est Remaining: 509.6
3 4.5 , Est Remaining: 514.3
4 6.0 , Est Remaining: 513.1
5 7.5 , Est Remaining: 510.6
6 9.0 , Est Remaining: 507.9
7 10.5 , Est Remaining: 506.1
8 11.9 , Est Remaining: 504.2
9 13.4 , Est Remaining: 501.5
10 14.9 , Est Remaining: 499.3
11 16.3 , Est Remaining: 496.9
12 17.8 , Est Remaining: 495.5
13 19.2 , Est Remaining: 492.6
14 20.7 , Est Remaining: 490.5
15 22.1 , Est Remaining: 487.8
16 23.5 , Est Remaining: 485.6
17 25.0 , Est Remaining: 483.1
18 26.4 , Est Remaining: 481.0
19 27.8 , Est Remaining: 478.9
20 29.3 , Est Remaining: 477.2
21 30.7 , Est Remaining: 475.3
22 32.1 , Est Remaining: 473.0
EVENT FAILED
22 32.4 , Est Remaining: 477.6
23 33.9 , Est Remaining: 475.5
24 35.3 , Est Remaining: 473.2
EVENT FAILED
24 35.6 , Est Remaining: 477.2
25 37.0 , Est Remaining: 475.3
26 38.5 , Est Remaining: 473.3
27 39.9 , Est Remaining: 471.3
28 41.3 , Est Remaining: 469.2
29 42.7 , Est Remaining: 467.3
30 44.2 , Est Remaining: 465.4
31 45.6 , Est Remaining: 463.6
32 47.0 , Est Remaining: 461.5
33 48.5 , Est Remaining: 459.7
34 49.9 , Est Remaining: 457.9
35 51.3 , Est Remaining: 456.2
36 52.8 , Est Remaining: 454.4
37 54.2 , Est Remaining: 452.6
38 55.6 , Est Remaining: 450.8
39 57.0 , Est Remaining: 449.0
40 58.5 , Est Remaining: 447.3
41 59.9 , Est Remaining: 445.5
42 61.3 , Est Remaining: 443.7
43 62.8 , Est Remaining: 442.2
44 64.2 , Est Remaining: 440.5
45 65.6 , Est Remaining: 439.0
46 67.1 , Est Remaining: 437.4
47 68.5 , Est Remaining: 435.6
48 69.9 , Est Remaining: 433.9
49 71.3 , Est Remaining: 432.3
EVENT FAILED
49 71.6 , Est Remaining: 434.1
50 73.0 , Est Remaining: 432.4
51 74.5 , Est Remaining: 430.8
52 75.9 , Est Remaining: 429.1
53 77.3 , Est Remaining: 427.5
54 78.8 , Est Remaining: 425.8
55 80.2 , Est Remaining: 424.2
56 81.6 , Est Remaining: 422.5
57 83.0 , Est Remaining: 420.8
58 84.4 , Est Remaining: 419.3
59 85.9 , Est Remaining: 417.7
60 87.3 , Est Remaining: 416.0
61 88.7 , Est Remaining: 414.4
62 90.1 , Est Remaining: 412.8
63 91.5 , Est Remaining: 411.2
64 93.0 , Est Remaining: 409.7
65 94.4 , Est Remaining: 408.0
66 95.8 , Est Remaining: 406.5
67 97.3 , Est Remaining: 405.0
68 98.7 , Est Remaining: 403.4
69 100.1 , Est Remaining: 401.9
70 101.5 , Est Remaining: 400.3
71 103.0 , Est Remaining: 398.8
72 104.4 , Est Remaining: 397.3
73 105.8 , Est Remaining: 395.8
74 107.3 , Est Remaining: 394.3
75 108.7 , Est Remaining: 392.9
76 110.2 , Est Remaining: 391.4
EVENT FAILED
76 110.5 , Est Remaining: 392.5
77 111.9 , Est Remaining: 391.0
78 113.3 , Est Remaining: 389.4
79 114.8 , Est Remaining: 387.9
80 116.2 , Est Remaining: 386.4
81 117.7 , Est Remaining: 384.9
82 119.1 , Est Remaining: 383.4
83 120.6 , Est Remaining: 382.1
84 122.0 , Est Remaining: 380.5
85 123.4 , Est Remaining: 379.0
86 124.9 , Est Remaining: 377.5
87 126.3 , Est Remaining: 375.9
88 127.7 , Est Remaining: 374.4
89 129.1 , Est Remaining: 372.9
90 130.6 , Est Remaining: 371.4
91 132.0 , Est Remaining: 369.8
92 133.4 , Est Remaining: 368.2
93 134.8 , Est Remaining: 366.7
94 136.2 , Est Remaining: 365.1
95 137.6 , Est Remaining: 363.6
96 139.0 , Est Remaining: 362.1
97 140.5 , Est Remaining: 360.5
98 141.9 , Est Remaining: 359.0
99 143.3 , Est Remaining: 357.6
100 144.8 , Est Remaining: 356.1
101 146.2 , Est Remaining: 354.6
102 147.6 , Est Remaining: 353.2
103 149.2 , Est Remaining: 351.9
104 150.6 , Est Remaining: 350.4
105 152.0 , Est Remaining: 348.9
106 153.5 , Est Remaining: 347.5
107 154.9 , Est Remaining: 346.0
108 156.3 , Est Remaining: 344.5
109 157.8 , Est Remaining: 343.0
110 159.2 , Est Remaining: 341.5
111 160.6 , Est Remaining: 340.1
EVENT FAILED
111 160.9 , Est Remaining: 340.7
112 162.4 , Est Remaining: 339.2
113 163.8 , Est Remaining: 337.8
114 165.3 , Est Remaining: 336.3
EVENT FAILED
114 165.6 , Est Remaining: 336.9
115 167.0 , Est Remaining: 335.4
116 168.4 , Est Remaining: 334.0
117 169.9 , Est Remaining: 332.5
118 171.3 , Est Remaining: 331.0
119 172.7 , Est Remaining: 329.5
120 174.2 , Est Remaining: 328.0
121 175.6 , Est Remaining: 326.6
122 177.1 , Est Remaining: 325.1
123 178.5 , Est Remaining: 323.7
124 180.0 , Est Remaining: 322.2
125 181.4 , Est Remaining: 320.8
126 182.9 , Est Remaining: 319.3
127 184.3 , Est Remaining: 317.9
128 185.8 , Est Remaining: 316.4
129 187.2 , Est Remaining: 315.0
130 188.7 , Est Remaining: 313.5
131 190.1 , Est Remaining: 312.1
132 191.6 , Est Remaining: 310.6
133 193.0 , Est Remaining: 309.1
134 194.5 , Est Remaining: 307.7
135 195.9 , Est Remaining: 306.2
136 197.3 , Est Remaining: 304.7
137 198.8 , Est Remaining: 303.2
138 200.2 , Est Remaining: 301.8
139 201.6 , Est Remaining: 300.3
140 203.1 , Est Remaining: 298.8
141 204.5 , Est Remaining: 297.3
142 205.9 , Est Remaining: 295.8
143 207.3 , Est Remaining: 294.3
144 208.7 , Est Remaining: 292.8
145 210.1 , Est Remaining: 291.3
146 211.5 , Est Remaining: 289.8
147 213.0 , Est Remaining: 288.3
EVENT FAILED
147 213.3 , Est Remaining: 288.7
148 214.7 , Est Remaining: 287.2
EVENT FAILED
148 215.0 , Est Remaining: 287.6
149 216.4 , Est Remaining: 286.1
150 217.8 , Est Remaining: 284.6
151 219.2 , Est Remaining: 283.1
152 220.6 , Est Remaining: 281.6
153 222.0 , Est Remaining: 280.1
154 223.4 , Est Remaining: 278.6
155 224.9 , Est Remaining: 277.1
156 226.3 , Est Remaining: 275.6
157 227.7 , Est Remaining: 274.1
158 229.1 , Est Remaining: 272.6
159 230.5 , Est Remaining: 271.1
EVENT FAILED
159 230.9 , Est Remaining: 271.5
160 232.3 , Est Remaining: 270.0
161 233.7 , Est Remaining: 268.5
162 235.1 , Est Remaining: 267.1
163 236.6 , Est Remaining: 265.6
164 238.0 , Est Remaining: 264.1
165 239.4 , Est Remaining: 262.6
166 240.8 , Est Remaining: 261.1
167 242.2 , Est Remaining: 259.7
168 243.7 , Est Remaining: 258.2
169 245.1 , Est Remaining: 256.7
170 246.5 , Est Remaining: 255.2
171 247.9 , Est Remaining: 253.7
172 249.3 , Est Remaining: 252.2
173 250.7 , Est Remaining: 250.7
174 252.1 , Est Remaining: 249.2
175 253.6 , Est Remaining: 247.8
176 255.0 , Est Remaining: 246.3
177 256.4 , Est Remaining: 244.8
178 257.8 , Est Remaining: 243.3
179 259.2 , Est Remaining: 241.8
180 260.6 , Est Remaining: 240.4
181 262.0 , Est Remaining: 238.9
182 263.5 , Est Remaining: 237.4
183 264.9 , Est Remaining: 235.9
184 266.3 , Est Remaining: 234.5
185 267.7 , Est Remaining: 232.9
186 269.1 , Est Remaining: 231.4
187 270.5 , Est Remaining: 230.0
188 271.9 , Est Remaining: 228.5
189 273.4 , Est Remaining: 227.1
190 274.8 , Est Remaining: 225.6
191 276.2 , Est Remaining: 224.1
192 277.6 , Est Remaining: 222.6
193 279.0 , Est Remaining: 221.2
194 280.4 , Est Remaining: 219.7
195 281.8 , Est Remaining: 218.2
EVENT FAILED
195 282.0 , Est Remaining: 218.4
196 283.4 , Est Remaining: 216.9
197 284.9 , Est Remaining: 215.4
198 286.3 , Est Remaining: 214.0
199 287.7 , Est Remaining: 212.5
200 289.0 , Est Remaining: 211.0
201 290.4 , Est Remaining: 209.5
202 291.8 , Est Remaining: 208.0
EVENT FAILED
202 292.2 , Est Remaining: 208.3
203 293.6 , Est Remaining: 206.8
204 295.0 , Est Remaining: 205.3
205 296.4 , Est Remaining: 203.8
206 297.8 , Est Remaining: 202.4
207 299.1 , Est Remaining: 200.9
208 300.6 , Est Remaining: 199.4
209 301.9 , Est Remaining: 197.9
210 303.3 , Est Remaining: 196.4
211 304.7 , Est Remaining: 195.0
212 306.1 , Est Remaining: 193.5
213 307.4 , Est Remaining: 192.0
214 308.8 , Est Remaining: 190.5
215 310.2 , Est Remaining: 189.0
216 311.6 , Est Remaining: 187.5
217 312.8 , Est Remaining: 186.0
218 314.2 , Est Remaining: 184.5
219 315.6 , Est Remaining: 183.0
220 317.0 , Est Remaining: 181.5
221 318.3 , Est Remaining: 180.1
222 319.7 , Est Remaining: 178.6
223 321.0 , Est Remaining: 177.1
224 322.4 , Est Remaining: 175.6
225 323.8 , Est Remaining: 174.1
226 325.1 , Est Remaining: 172.6
EVENT FAILED
226 325.4 , Est Remaining: 172.8
227 326.8 , Est Remaining: 171.3
228 328.1 , Est Remaining: 169.8
229 329.5 , Est Remaining: 168.3
230 330.8 , Est Remaining: 166.8
231 332.3 , Est Remaining: 165.4
232 333.6 , Est Remaining: 163.9
233 335.0 , Est Remaining: 162.5
234 336.4 , Est Remaining: 161.0
235 337.7 , Est Remaining: 159.5
236 339.1 , Est Remaining: 158.1
237 340.4 , Est Remaining: 156.6
238 341.8 , Est Remaining: 155.1
239 343.2 , Est Remaining: 153.6
240 344.5 , Est Remaining: 152.2
241 345.9 , Est Remaining: 150.7
242 347.3 , Est Remaining: 149.2
243 348.6 , Est Remaining: 147.8
244 350.0 , Est Remaining: 146.3
245 351.4 , Est Remaining: 144.9
246 352.7 , Est Remaining: 143.4
247 354.1 , Est Remaining: 141.9
248 355.5 , Est Remaining: 140.5
249 356.9 , Est Remaining: 139.0
250 358.2 , Est Remaining: 137.6
251 359.6 , Est Remaining: 136.1
252 361.0 , Est Remaining: 134.6
253 362.3 , Est Remaining: 133.2
254 363.7 , Est Remaining: 131.7
EVENT FAILED
254 364.0 , Est Remaining: 131.8
255 365.4 , Est Remaining: 130.4
256 366.8 , Est Remaining: 128.9
257 368.1 , Est Remaining: 127.5
258 369.5 , Est Remaining: 126.0
259 370.9 , Est Remaining: 124.6
260 372.2 , Est Remaining: 123.1
261 373.6 , Est Remaining: 121.7
262 375.0 , Est Remaining: 120.2
263 376.4 , Est Remaining: 118.8
264 377.8 , Est Remaining: 117.3
265 379.2 , Est Remaining: 115.9
266 380.6 , Est Remaining: 114.5
267 381.9 , Est Remaining: 113.0
268 383.3 , Est Remaining: 111.6
269 384.7 , Est Remaining: 110.1
270 386.1 , Est Remaining: 108.7
271 387.5 , Est Remaining: 107.2
272 388.9 , Est Remaining: 105.8
273 390.3 , Est Remaining: 104.4
274 391.7 , Est Remaining: 102.9
275 393.1 , Est Remaining: 101.5
276 394.4 , Est Remaining: 100.0
277 395.8 , Est Remaining: 98.6
278 397.2 , Est Remaining: 97.2
279 398.6 , Est Remaining: 95.7
280 400.0 , Est Remaining: 94.3
281 401.4 , Est Remaining: 92.9
282 402.8 , Est Remaining: 91.4
283 404.2 , Est Remaining: 90.0
284 405.6 , Est Remaining: 88.5
285 407.0 , Est Remaining: 87.1
286 408.4 , Est Remaining: 85.7
287 409.8 , Est Remaining: 84.2
288 411.2 , Est Remaining: 82.8
289 412.6 , Est Remaining: 81.4
290 414.1 , Est Remaining: 80.0
291 415.5 , Est Remaining: 78.5
292 417.0 , Est Remaining: 77.1
293 418.4 , Est Remaining: 75.7
294 419.8 , Est Remaining: 74.3
295 421.3 , Est Remaining: 72.8
296 422.7 , Est Remaining: 71.4
297 424.1 , Est Remaining: 70.0
298 425.6 , Est Remaining: 68.6
299 427.0 , Est Remaining: 67.1
300 428.4 , Est Remaining: 65.7
301 429.9 , Est Remaining: 64.3
302 431.5 , Est Remaining: 62.9
303 432.9 , Est Remaining: 61.4
304 434.3 , Est Remaining: 60.0
305 435.8 , Est Remaining: 58.6
306 437.2 , Est Remaining: 57.1
307 438.6 , Est Remaining: 55.7
308 440.0 , Est Remaining: 54.3
309 441.4 , Est Remaining: 52.9
310 442.8 , Est Remaining: 51.4
311 444.2 , Est Remaining: 50.0
312 445.6 , Est Remaining: 48.6
313 447.1 , Est Remaining: 47.1
314 448.5 , Est Remaining: 45.7
315 450.0 , Est Remaining: 44.3
316 451.4 , Est Remaining: 42.9
317 452.8 , Est Remaining: 41.4
318 454.3 , Est Remaining: 40.0
EVENT FAILED
318 455.0 , Est Remaining: 40.1
319 456.3 , Est Remaining: 38.6
320 457.7 , Est Remaining: 37.2
321 459.1 , Est Remaining: 35.8
322 460.6 , Est Remaining: 34.3
323 462.0 , Est Remaining: 32.9
324 463.3 , Est Remaining: 31.5
325 464.8 , Est Remaining: 30.0
326 466.2 , Est Remaining: 28.6
327 467.6 , Est Remaining: 27.2
328 469.0 , Est Remaining: 25.7
329 470.4 , Est Remaining: 24.3
330 471.8 , Est Remaining: 22.9
331 473.2 , Est Remaining: 21.4
