Note: NumExpr detected 32 cores but "NUMEXPR_MAX_THREADS" not set, so enforcing safe limit of 8.
Using selector: EpollSelector
/n/home02/jhaefner/miniconda/envs/IC-3.7-2020-06-16/lib/python3.7/site-packages/scipy/optimize/minpack.py:808: OptimizeWarning: Covariance of the parameters could not be estimated
  category=OptimizeWarning)
Total rwfs: 346
0 0.0 , Est Remaining: 999999.9
1 1.4 , Est Remaining: 485.1
2 2.8 , Est Remaining: 482.3
3 4.2 , Est Remaining: 482.7
4 5.6 , Est Remaining: 478.2
5 7.0 , Est Remaining: 475.0
6 8.4 , Est Remaining: 473.5
7 9.7 , Est Remaining: 470.2
8 11.1 , Est Remaining: 468.0
9 12.4 , Est Remaining: 465.1
10 13.8 , Est Remaining: 463.1
EVENT FAILED
10 14.1 , Est Remaining: 473.2
11 15.4 , Est Remaining: 470.1
12 16.8 , Est Remaining: 468.4
13 18.2 , Est Remaining: 466.0
14 19.5 , Est Remaining: 463.4
15 20.9 , Est Remaining: 461.5
16 22.3 , Est Remaining: 459.3
17 23.6 , Est Remaining: 457.3
18 25.0 , Est Remaining: 455.4
19 26.4 , Est Remaining: 453.6
20 27.7 , Est Remaining: 451.7
21 29.1 , Est Remaining: 449.9
22 30.4 , Est Remaining: 448.2
23 31.8 , Est Remaining: 446.6
EVENT FAILED
23 32.1 , Est Remaining: 451.0
24 33.5 , Est Remaining: 449.3
25 34.8 , Est Remaining: 447.4
26 36.2 , Est Remaining: 445.5
27 37.6 , Est Remaining: 443.8
28 38.9 , Est Remaining: 441.9
29 40.3 , Est Remaining: 440.3
30 41.7 , Est Remaining: 438.8
31 43.0 , Est Remaining: 437.2
32 44.4 , Est Remaining: 435.7
33 45.8 , Est Remaining: 434.2
34 47.1 , Est Remaining: 432.7
35 48.5 , Est Remaining: 431.0
36 49.9 , Est Remaining: 429.4
EVENT FAILED
36 50.2 , Est Remaining: 432.0
37 51.5 , Est Remaining: 430.4
38 52.9 , Est Remaining: 428.8
39 54.3 , Est Remaining: 427.2
40 55.7 , Est Remaining: 425.7
41 57.0 , Est Remaining: 424.1
42 58.4 , Est Remaining: 422.6
43 59.8 , Est Remaining: 421.3
44 61.2 , Est Remaining: 419.9
45 62.5 , Est Remaining: 418.3
46 63.9 , Est Remaining: 416.8
47 65.3 , Est Remaining: 415.2
48 66.6 , Est Remaining: 413.6
49 68.0 , Est Remaining: 412.1
50 69.4 , Est Remaining: 410.6
51 70.7 , Est Remaining: 409.0
52 72.1 , Est Remaining: 407.5
53 73.4 , Est Remaining: 406.0
54 74.8 , Est Remaining: 404.5
55 76.1 , Est Remaining: 402.9
56 77.5 , Est Remaining: 401.5
57 78.9 , Est Remaining: 400.0
58 80.2 , Est Remaining: 398.4
59 81.6 , Est Remaining: 396.9
60 82.9 , Est Remaining: 395.3
61 84.3 , Est Remaining: 393.8
62 85.6 , Est Remaining: 392.3
63 87.0 , Est Remaining: 390.8
64 88.4 , Est Remaining: 389.3
65 89.7 , Est Remaining: 387.9
66 91.1 , Est Remaining: 386.4
67 92.4 , Est Remaining: 385.0
EVENT FAILED
67 92.7 , Est Remaining: 386.2
68 94.1 , Est Remaining: 384.8
69 95.5 , Est Remaining: 383.3
70 96.8 , Est Remaining: 381.9
71 98.2 , Est Remaining: 380.4
72 99.6 , Est Remaining: 378.9
73 100.9 , Est Remaining: 377.5
74 102.3 , Est Remaining: 376.0
75 103.7 , Est Remaining: 374.6
76 105.1 , Est Remaining: 373.2
77 106.4 , Est Remaining: 371.8
78 107.8 , Est Remaining: 370.4
79 109.2 , Est Remaining: 369.0
80 110.5 , Est Remaining: 367.5
81 111.9 , Est Remaining: 366.1
82 113.3 , Est Remaining: 364.7
83 114.6 , Est Remaining: 363.1
84 116.0 , Est Remaining: 361.7
85 117.3 , Est Remaining: 360.3
86 118.7 , Est Remaining: 358.9
87 120.1 , Est Remaining: 357.4
88 121.4 , Est Remaining: 356.0
89 122.8 , Est Remaining: 354.5
90 124.1 , Est Remaining: 353.1
91 125.5 , Est Remaining: 351.7
92 126.9 , Est Remaining: 350.3
93 128.2 , Est Remaining: 348.9
94 129.6 , Est Remaining: 347.4
EVENT FAILED
94 129.9 , Est Remaining: 348.2
95 131.3 , Est Remaining: 346.8
96 132.6 , Est Remaining: 345.4
97 134.0 , Est Remaining: 343.9
98 135.4 , Est Remaining: 342.5
99 136.7 , Est Remaining: 341.1
100 138.1 , Est Remaining: 339.7
101 139.4 , Est Remaining: 338.3
102 140.8 , Est Remaining: 336.8
103 142.2 , Est Remaining: 335.6
104 143.6 , Est Remaining: 334.2
105 145.0 , Est Remaining: 332.7
106 146.3 , Est Remaining: 331.3
107 147.7 , Est Remaining: 329.9
108 149.0 , Est Remaining: 328.4
109 150.4 , Est Remaining: 327.0
110 151.8 , Est Remaining: 325.6
111 153.1 , Est Remaining: 324.1
112 154.5 , Est Remaining: 322.7
113 155.8 , Est Remaining: 321.3
114 157.2 , Est Remaining: 319.9
115 158.5 , Est Remaining: 318.4
116 159.9 , Est Remaining: 317.0
117 161.3 , Est Remaining: 315.6
118 162.6 , Est Remaining: 314.3
119 164.0 , Est Remaining: 312.9
120 165.4 , Est Remaining: 311.5
121 166.8 , Est Remaining: 310.1
122 168.1 , Est Remaining: 308.7
123 169.5 , Est Remaining: 307.3
124 170.9 , Est Remaining: 305.9
125 172.3 , Est Remaining: 304.6
126 173.6 , Est Remaining: 303.2
127 175.0 , Est Remaining: 301.8
128 176.4 , Est Remaining: 300.4
129 177.8 , Est Remaining: 299.0
EVENT FAILED
129 178.1 , Est Remaining: 299.5
130 179.4 , Est Remaining: 298.1
131 180.8 , Est Remaining: 296.7
132 182.1 , Est Remaining: 295.3
133 183.5 , Est Remaining: 293.9
134 184.9 , Est Remaining: 292.5
135 186.2 , Est Remaining: 291.1
136 187.6 , Est Remaining: 289.7
137 189.0 , Est Remaining: 288.3
138 190.3 , Est Remaining: 286.8
139 191.6 , Est Remaining: 285.4
140 193.0 , Est Remaining: 284.0
141 194.4 , Est Remaining: 282.7
142 195.8 , Est Remaining: 281.3
143 197.1 , Est Remaining: 279.9
144 198.5 , Est Remaining: 278.5
145 199.9 , Est Remaining: 277.1
146 201.2 , Est Remaining: 275.7
147 202.6 , Est Remaining: 274.3
148 204.0 , Est Remaining: 272.9
149 205.4 , Est Remaining: 271.5
150 206.7 , Est Remaining: 270.1
151 208.1 , Est Remaining: 268.7
152 209.5 , Est Remaining: 267.3
153 210.8 , Est Remaining: 265.9
154 212.2 , Est Remaining: 264.5
155 213.5 , Est Remaining: 263.1
156 214.9 , Est Remaining: 261.8
157 216.3 , Est Remaining: 260.4
158 217.6 , Est Remaining: 259.0
159 219.0 , Est Remaining: 257.6
160 220.4 , Est Remaining: 256.2
161 221.8 , Est Remaining: 254.9
162 223.2 , Est Remaining: 253.5
163 224.6 , Est Remaining: 252.1
164 225.9 , Est Remaining: 250.7
165 227.3 , Est Remaining: 249.4
166 228.7 , Est Remaining: 248.0
167 230.1 , Est Remaining: 246.6
168 231.5 , Est Remaining: 245.2
169 232.8 , Est Remaining: 243.9
170 234.2 , Est Remaining: 242.5
171 235.6 , Est Remaining: 241.1
172 237.0 , Est Remaining: 239.7
173 238.3 , Est Remaining: 238.3
174 239.7 , Est Remaining: 237.0
175 241.1 , Est Remaining: 235.6
EVENT FAILED
175 241.4 , Est Remaining: 235.9
176 242.8 , Est Remaining: 234.5
177 244.2 , Est Remaining: 233.1
178 245.5 , Est Remaining: 231.7
179 246.9 , Est Remaining: 230.4
EVENT FAILED
179 247.2 , Est Remaining: 230.6
180 248.6 , Est Remaining: 229.3
181 250.0 , Est Remaining: 227.9
182 251.3 , Est Remaining: 226.5
183 252.7 , Est Remaining: 225.1
184 254.1 , Est Remaining: 223.7
185 255.5 , Est Remaining: 222.3
186 256.8 , Est Remaining: 220.9
187 258.2 , Est Remaining: 219.5
188 259.6 , Est Remaining: 218.1
189 260.9 , Est Remaining: 216.7
190 262.3 , Est Remaining: 215.4
191 263.7 , Est Remaining: 214.0
192 265.0 , Est Remaining: 212.6
193 266.4 , Est Remaining: 211.2
194 267.8 , Est Remaining: 209.8
195 269.1 , Est Remaining: 208.4
196 270.5 , Est Remaining: 207.0
197 271.8 , Est Remaining: 205.6
198 273.2 , Est Remaining: 204.2
199 274.6 , Est Remaining: 202.8
200 275.9 , Est Remaining: 201.4
201 277.3 , Est Remaining: 200.0
202 278.6 , Est Remaining: 198.6
203 280.1 , Est Remaining: 197.3
204 281.5 , Est Remaining: 195.9
205 282.8 , Est Remaining: 194.5
206 284.2 , Est Remaining: 193.1
207 285.6 , Est Remaining: 191.8
208 286.9 , Est Remaining: 190.4
209 288.3 , Est Remaining: 189.0
210 289.6 , Est Remaining: 187.6
211 290.9 , Est Remaining: 186.1
212 292.3 , Est Remaining: 184.7
213 293.6 , Est Remaining: 183.4
214 295.0 , Est Remaining: 182.0
215 296.3 , Est Remaining: 180.6
216 297.7 , Est Remaining: 179.2
217 299.1 , Est Remaining: 177.8
218 300.4 , Est Remaining: 176.4
219 301.8 , Est Remaining: 175.0
220 303.1 , Est Remaining: 173.6
221 304.5 , Est Remaining: 172.2
222 305.8 , Est Remaining: 170.8
223 307.2 , Est Remaining: 169.4
224 308.5 , Est Remaining: 168.0
225 309.9 , Est Remaining: 166.6
226 311.2 , Est Remaining: 165.3
227 312.6 , Est Remaining: 163.9
228 313.9 , Est Remaining: 162.5
229 315.3 , Est Remaining: 161.1
230 316.6 , Est Remaining: 159.7
231 318.0 , Est Remaining: 158.3
232 319.3 , Est Remaining: 156.9
233 320.7 , Est Remaining: 155.5
234 322.0 , Est Remaining: 154.1
235 323.4 , Est Remaining: 152.7
236 324.7 , Est Remaining: 151.3
237 326.1 , Est Remaining: 150.0
238 327.4 , Est Remaining: 148.6
239 328.8 , Est Remaining: 147.2
240 330.1 , Est Remaining: 145.8
241 331.5 , Est Remaining: 144.4
242 332.8 , Est Remaining: 143.0
243 334.2 , Est Remaining: 141.6
244 335.5 , Est Remaining: 140.3
245 336.8 , Est Remaining: 138.9
246 338.2 , Est Remaining: 137.5
247 339.6 , Est Remaining: 136.1
248 340.9 , Est Remaining: 134.7
249 342.3 , Est Remaining: 133.3
250 343.7 , Est Remaining: 132.0
251 345.0 , Est Remaining: 130.6
EVENT FAILED
251 345.3 , Est Remaining: 130.7
252 346.7 , Est Remaining: 129.3
253 348.0 , Est Remaining: 127.9
254 349.4 , Est Remaining: 126.5
255 350.7 , Est Remaining: 125.2
256 352.1 , Est Remaining: 123.8
257 353.4 , Est Remaining: 122.4
258 354.8 , Est Remaining: 121.0
259 356.1 , Est Remaining: 119.6
260 357.5 , Est Remaining: 118.2
261 358.8 , Est Remaining: 116.9
262 360.2 , Est Remaining: 115.5
263 361.5 , Est Remaining: 114.1
264 362.9 , Est Remaining: 112.7
265 364.2 , Est Remaining: 111.3
266 365.6 , Est Remaining: 110.0
267 367.0 , Est Remaining: 108.6
268 368.3 , Est Remaining: 107.2
EVENT FAILED
268 368.6 , Est Remaining: 107.3
269 370.0 , Est Remaining: 105.9
270 371.3 , Est Remaining: 104.5
271 372.7 , Est Remaining: 103.1
272 374.1 , Est Remaining: 101.8
273 375.4 , Est Remaining: 100.4
274 376.8 , Est Remaining: 99.0
275 378.2 , Est Remaining: 97.6
276 379.5 , Est Remaining: 96.3
277 380.9 , Est Remaining: 94.9
278 382.2 , Est Remaining: 93.5
279 383.6 , Est Remaining: 92.1
280 385.0 , Est Remaining: 90.7
281 386.4 , Est Remaining: 89.4
282 387.7 , Est Remaining: 88.0
EVENT FAILED
282 388.0 , Est Remaining: 88.1
283 389.4 , Est Remaining: 86.7
284 390.8 , Est Remaining: 85.3
285 392.1 , Est Remaining: 83.9
286 393.5 , Est Remaining: 82.6
287 394.9 , Est Remaining: 81.2
288 396.2 , Est Remaining: 79.8
289 397.6 , Est Remaining: 78.4
290 399.0 , Est Remaining: 77.0
291 400.3 , Est Remaining: 75.7
292 401.7 , Est Remaining: 74.3
293 403.1 , Est Remaining: 72.9
294 404.4 , Est Remaining: 71.5
295 405.8 , Est Remaining: 70.2
296 407.2 , Est Remaining: 68.8
297 408.5 , Est Remaining: 67.4
298 409.9 , Est Remaining: 66.0
299 411.3 , Est Remaining: 64.6
300 412.6 , Est Remaining: 63.3
301 414.0 , Est Remaining: 61.9
302 415.5 , Est Remaining: 60.5
303 416.8 , Est Remaining: 59.1
304 418.1 , Est Remaining: 57.8
305 419.5 , Est Remaining: 56.4
306 420.8 , Est Remaining: 55.0
307 422.1 , Est Remaining: 53.6
308 423.5 , Est Remaining: 52.2
309 424.8 , Est Remaining: 50.9
310 426.1 , Est Remaining: 49.5
311 427.5 , Est Remaining: 48.1
312 428.8 , Est Remaining: 46.7
313 430.1 , Est Remaining: 45.3
314 431.4 , Est Remaining: 44.0
EVENT FAILED
314 431.7 , Est Remaining: 44.0
315 433.1 , Est Remaining: 42.6
316 434.4 , Est Remaining: 41.2
317 435.7 , Est Remaining: 39.9
318 437.1 , Est Remaining: 38.5
319 438.4 , Est Remaining: 37.1
320 439.7 , Est Remaining: 35.7
321 441.1 , Est Remaining: 34.4
322 442.4 , Est Remaining: 33.0
323 443.7 , Est Remaining: 31.6
324 445.1 , Est Remaining: 30.2
325 446.4 , Est Remaining: 28.8
326 447.7 , Est Remaining: 27.5
327 449.0 , Est Remaining: 26.1
328 450.3 , Est Remaining: 24.7
329 451.7 , Est Remaining: 23.3
330 453.0 , Est Remaining: 22.0
331 454.3 , Est Remaining: 20.6
332 455.6 , Est Remaining: 19.2
333 456.9 , Est Remaining: 17.8
