Note: NumExpr detected 32 cores but "NUMEXPR_MAX_THREADS" not set, so enforcing safe limit of 8.
Using selector: EpollSelector
/n/home02/jhaefner/miniconda/envs/IC-3.7-2020-06-16/lib/python3.7/site-packages/scipy/optimize/minpack.py:808: OptimizeWarning: Covariance of the parameters could not be estimated
  category=OptimizeWarning)
Total rwfs: 346
0 0.0 , Est Remaining: 999999.9
1 1.4 , Est Remaining: 478.7
2 2.8 , Est Remaining: 475.2
3 4.1 , Est Remaining: 473.4
4 5.5 , Est Remaining: 470.3
5 6.8 , Est Remaining: 466.6
6 8.2 , Est Remaining: 464.2
7 9.5 , Est Remaining: 461.5
8 10.9 , Est Remaining: 459.3
9 12.2 , Est Remaining: 456.3
10 13.5 , Est Remaining: 454.2
11 14.9 , Est Remaining: 452.7
12 16.2 , Est Remaining: 450.8
13 17.5 , Est Remaining: 448.8
14 18.8 , Est Remaining: 447.0
15 20.2 , Est Remaining: 445.1
16 21.5 , Est Remaining: 443.7
17 22.9 , Est Remaining: 442.4
18 24.2 , Est Remaining: 440.9
19 25.5 , Est Remaining: 439.1
20 26.9 , Est Remaining: 437.7
21 28.2 , Est Remaining: 436.1
22 29.5 , Est Remaining: 434.9
23 30.9 , Est Remaining: 433.9
24 32.2 , Est Remaining: 432.5
25 33.6 , Est Remaining: 431.2
26 34.9 , Est Remaining: 429.8
27 36.3 , Est Remaining: 428.3
28 37.6 , Est Remaining: 427.1
29 39.0 , Est Remaining: 425.8
30 40.3 , Est Remaining: 424.5
31 41.7 , Est Remaining: 423.3
32 43.0 , Est Remaining: 421.8
33 44.3 , Est Remaining: 420.4
34 45.7 , Est Remaining: 419.1
35 47.0 , Est Remaining: 417.8
36 48.4 , Est Remaining: 416.5
37 49.7 , Est Remaining: 415.2
38 51.1 , Est Remaining: 413.8
39 52.4 , Est Remaining: 412.6
40 53.8 , Est Remaining: 411.2
41 55.1 , Est Remaining: 409.9
42 56.5 , Est Remaining: 408.7
43 57.8 , Est Remaining: 407.5
44 59.2 , Est Remaining: 406.2
45 60.5 , Est Remaining: 404.9
46 61.9 , Est Remaining: 403.5
47 63.2 , Est Remaining: 402.2
48 64.6 , Est Remaining: 400.8
49 65.9 , Est Remaining: 399.4
50 67.2 , Est Remaining: 398.1
51 68.6 , Est Remaining: 396.8
EVENT FAILED
51 68.9 , Est Remaining: 398.5
52 70.2 , Est Remaining: 397.0
53 71.6 , Est Remaining: 395.6
54 72.9 , Est Remaining: 394.2
55 74.2 , Est Remaining: 392.8
56 75.6 , Est Remaining: 391.3
57 76.9 , Est Remaining: 390.0
58 78.3 , Est Remaining: 388.6
59 79.6 , Est Remaining: 387.2
60 80.9 , Est Remaining: 385.8
61 82.3 , Est Remaining: 384.4
62 83.6 , Est Remaining: 383.1
63 85.0 , Est Remaining: 381.7
64 86.3 , Est Remaining: 380.3
EVENT FAILED
64 86.6 , Est Remaining: 381.6
65 87.9 , Est Remaining: 380.1
66 89.3 , Est Remaining: 378.7
67 90.6 , Est Remaining: 377.2
EVENT FAILED
67 90.9 , Est Remaining: 378.5
68 92.2 , Est Remaining: 377.0
69 93.5 , Est Remaining: 375.5
70 94.9 , Est Remaining: 374.1
71 96.2 , Est Remaining: 372.6
72 97.5 , Est Remaining: 371.2
73 98.9 , Est Remaining: 369.8
74 100.2 , Est Remaining: 368.4
75 101.6 , Est Remaining: 367.0
76 103.2 , Est Remaining: 366.6
77 104.6 , Est Remaining: 365.3
78 105.9 , Est Remaining: 363.9
79 107.3 , Est Remaining: 362.6
80 108.6 , Est Remaining: 361.1
81 110.0 , Est Remaining: 359.8
82 111.3 , Est Remaining: 358.4
83 112.7 , Est Remaining: 357.0
84 114.0 , Est Remaining: 355.6
85 115.3 , Est Remaining: 354.2
86 116.7 , Est Remaining: 352.8
87 118.0 , Est Remaining: 351.3
88 119.4 , Est Remaining: 350.0
89 120.7 , Est Remaining: 348.6
90 122.0 , Est Remaining: 347.2
91 123.4 , Est Remaining: 345.8
92 124.7 , Est Remaining: 344.4
93 126.1 , Est Remaining: 343.0
94 127.4 , Est Remaining: 341.6
95 128.7 , Est Remaining: 340.2
96 130.1 , Est Remaining: 338.8
97 131.5 , Est Remaining: 337.4
98 132.8 , Est Remaining: 336.0
99 134.1 , Est Remaining: 334.6
100 135.4 , Est Remaining: 333.1
101 136.8 , Est Remaining: 331.9
102 138.2 , Est Remaining: 330.5
EVENT FAILED
102 138.5 , Est Remaining: 331.2
103 139.8 , Est Remaining: 329.8
104 141.1 , Est Remaining: 328.4
105 142.5 , Est Remaining: 327.0
106 143.8 , Est Remaining: 325.6
107 145.1 , Est Remaining: 324.2
108 146.5 , Est Remaining: 322.8
109 147.8 , Est Remaining: 321.4
110 149.1 , Est Remaining: 320.0
111 150.5 , Est Remaining: 318.6
112 151.8 , Est Remaining: 317.2
113 153.2 , Est Remaining: 315.8
114 154.5 , Est Remaining: 314.4
115 155.8 , Est Remaining: 313.0
116 157.1 , Est Remaining: 311.6
117 158.5 , Est Remaining: 310.2
118 159.8 , Est Remaining: 308.8
119 161.2 , Est Remaining: 307.5
120 162.5 , Est Remaining: 306.1
121 163.8 , Est Remaining: 304.7
122 165.2 , Est Remaining: 303.3
123 166.5 , Est Remaining: 301.9
124 167.8 , Est Remaining: 300.5
125 169.2 , Est Remaining: 299.1
126 170.5 , Est Remaining: 297.7
127 171.8 , Est Remaining: 296.3
128 173.2 , Est Remaining: 294.9
129 174.5 , Est Remaining: 293.5
130 175.8 , Est Remaining: 292.1
EVENT FAILED
130 176.1 , Est Remaining: 292.6
131 177.4 , Est Remaining: 291.2
132 178.8 , Est Remaining: 289.8
133 180.1 , Est Remaining: 288.4
134 181.4 , Est Remaining: 287.1
135 182.8 , Est Remaining: 285.7
136 184.1 , Est Remaining: 284.3
137 185.5 , Est Remaining: 282.9
138 186.8 , Est Remaining: 281.5
139 188.1 , Est Remaining: 280.2
140 189.5 , Est Remaining: 278.8
141 190.8 , Est Remaining: 277.4
142 192.1 , Est Remaining: 276.0
143 193.5 , Est Remaining: 274.6
144 194.8 , Est Remaining: 273.3
145 196.1 , Est Remaining: 271.9
146 197.5 , Est Remaining: 270.5
147 198.8 , Est Remaining: 269.1
148 200.1 , Est Remaining: 267.7
149 201.4 , Est Remaining: 266.3
150 202.8 , Est Remaining: 264.9
EVENT FAILED
150 203.1 , Est Remaining: 265.3
151 204.4 , Est Remaining: 263.9
152 205.7 , Est Remaining: 262.6
153 207.1 , Est Remaining: 261.2
154 208.4 , Est Remaining: 259.8
155 209.7 , Est Remaining: 258.4
156 211.1 , Est Remaining: 257.1
157 212.4 , Est Remaining: 255.7
158 213.8 , Est Remaining: 254.4
159 215.1 , Est Remaining: 253.0
160 216.5 , Est Remaining: 251.6
161 217.8 , Est Remaining: 250.3
162 219.1 , Est Remaining: 248.9
163 220.5 , Est Remaining: 247.5
164 221.8 , Est Remaining: 246.1
165 223.1 , Est Remaining: 244.8
166 224.5 , Est Remaining: 243.4
167 225.8 , Est Remaining: 242.0
168 227.1 , Est Remaining: 240.7
169 228.5 , Est Remaining: 239.3
170 229.8 , Est Remaining: 237.9
171 231.2 , Est Remaining: 236.6
172 232.5 , Est Remaining: 235.2
173 233.8 , Est Remaining: 233.8
174 235.2 , Est Remaining: 232.5
175 236.5 , Est Remaining: 231.1
176 237.9 , Est Remaining: 229.8
177 239.2 , Est Remaining: 228.4
EVENT FAILED
177 239.5 , Est Remaining: 228.7
178 240.8 , Est Remaining: 227.3
179 242.2 , Est Remaining: 225.9
180 243.5 , Est Remaining: 224.6
181 244.8 , Est Remaining: 223.2
182 246.2 , Est Remaining: 221.8
183 247.5 , Est Remaining: 220.5
EVENT FAILED
183 247.8 , Est Remaining: 220.7
184 249.2 , Est Remaining: 219.4
185 250.5 , Est Remaining: 218.0
186 251.8 , Est Remaining: 216.6
187 253.2 , Est Remaining: 215.3
188 254.5 , Est Remaining: 213.9
189 255.9 , Est Remaining: 212.5
190 257.2 , Est Remaining: 211.2
191 258.5 , Est Remaining: 209.8
192 259.9 , Est Remaining: 208.4
193 261.2 , Est Remaining: 207.1
194 262.6 , Est Remaining: 205.7
195 263.9 , Est Remaining: 204.4
196 265.2 , Est Remaining: 203.0
197 266.6 , Est Remaining: 201.6
198 267.9 , Est Remaining: 200.2
199 269.2 , Est Remaining: 198.9
200 270.6 , Est Remaining: 197.5
201 272.0 , Est Remaining: 196.2
202 273.3 , Est Remaining: 194.9
203 274.7 , Est Remaining: 193.5
204 276.0 , Est Remaining: 192.1
205 277.4 , Est Remaining: 190.8
206 278.7 , Est Remaining: 189.4
207 280.1 , Est Remaining: 188.1
208 281.4 , Est Remaining: 186.7
209 282.7 , Est Remaining: 185.3
210 284.1 , Est Remaining: 184.0
211 285.4 , Est Remaining: 182.6
212 286.8 , Est Remaining: 181.3
213 288.1 , Est Remaining: 179.9
214 289.4 , Est Remaining: 178.5
215 290.7 , Est Remaining: 177.2
216 292.1 , Est Remaining: 175.8
217 293.4 , Est Remaining: 174.4
218 294.8 , Est Remaining: 173.1
219 296.1 , Est Remaining: 171.7
220 297.4 , Est Remaining: 170.3
221 298.9 , Est Remaining: 169.0
222 300.2 , Est Remaining: 167.7
223 301.5 , Est Remaining: 166.3
224 302.8 , Est Remaining: 164.9
225 304.2 , Est Remaining: 163.6
226 305.5 , Est Remaining: 162.2
227 306.8 , Est Remaining: 160.8
228 308.1 , Est Remaining: 159.5
229 309.4 , Est Remaining: 158.1
230 310.8 , Est Remaining: 156.7
231 312.1 , Est Remaining: 155.4
232 313.4 , Est Remaining: 154.0
233 314.7 , Est Remaining: 152.6
234 316.1 , Est Remaining: 151.3
235 317.4 , Est Remaining: 149.9
236 318.7 , Est Remaining: 148.6
237 320.1 , Est Remaining: 147.2
238 321.4 , Est Remaining: 145.8
EVENT FAILED
238 321.7 , Est Remaining: 146.0
239 323.0 , Est Remaining: 144.6
240 324.3 , Est Remaining: 143.3
241 325.7 , Est Remaining: 141.9
242 327.0 , Est Remaining: 140.5
243 328.4 , Est Remaining: 139.2
244 329.7 , Est Remaining: 137.8
245 331.0 , Est Remaining: 136.5
246 332.4 , Est Remaining: 135.1
247 333.7 , Est Remaining: 133.8
248 335.1 , Est Remaining: 132.4
249 336.4 , Est Remaining: 131.0
EVENT FAILED
249 337.3 , Est Remaining: 131.4
250 338.6 , Est Remaining: 130.0
251 339.9 , Est Remaining: 128.7
252 341.2 , Est Remaining: 127.3
253 342.6 , Est Remaining: 125.9
254 343.9 , Est Remaining: 124.6
255 345.3 , Est Remaining: 123.2
256 346.6 , Est Remaining: 121.8
257 347.9 , Est Remaining: 120.5
258 349.2 , Est Remaining: 119.1
259 350.6 , Est Remaining: 117.8
260 351.9 , Est Remaining: 116.4
261 353.2 , Est Remaining: 115.0
EVENT FAILED
261 353.5 , Est Remaining: 115.1
262 354.9 , Est Remaining: 113.8
263 356.2 , Est Remaining: 112.4
264 357.5 , Est Remaining: 111.0
265 358.8 , Est Remaining: 109.7
266 360.2 , Est Remaining: 108.3
267 361.5 , Est Remaining: 107.0
268 362.8 , Est Remaining: 105.6
269 364.2 , Est Remaining: 104.2
270 365.5 , Est Remaining: 102.9
271 366.8 , Est Remaining: 101.5
272 368.2 , Est Remaining: 100.2
273 369.5 , Est Remaining: 98.8
274 370.8 , Est Remaining: 97.4
275 372.2 , Est Remaining: 96.1
276 373.5 , Est Remaining: 94.7
277 374.8 , Est Remaining: 93.4
278 376.2 , Est Remaining: 92.0
279 377.5 , Est Remaining: 90.7
280 378.8 , Est Remaining: 89.3
281 380.2 , Est Remaining: 87.9
282 381.5 , Est Remaining: 86.6
283 382.8 , Est Remaining: 85.2
284 384.2 , Est Remaining: 83.9
285 385.5 , Est Remaining: 82.5
286 387.0 , Est Remaining: 81.2
287 388.4 , Est Remaining: 79.8
288 389.7 , Est Remaining: 78.5
289 391.0 , Est Remaining: 77.1
290 392.4 , Est Remaining: 75.8
291 393.7 , Est Remaining: 74.4
292 395.0 , Est Remaining: 73.1
293 396.4 , Est Remaining: 71.7
294 397.7 , Est Remaining: 70.3
295 399.1 , Est Remaining: 69.0
296 400.4 , Est Remaining: 67.6
297 401.7 , Est Remaining: 66.3
298 403.1 , Est Remaining: 64.9
EVENT FAILED
298 403.4 , Est Remaining: 65.0
299 404.8 , Est Remaining: 63.6
EVENT FAILED
299 405.1 , Est Remaining: 63.7
300 406.4 , Est Remaining: 62.3
301 407.8 , Est Remaining: 61.0
302 409.1 , Est Remaining: 59.6
303 410.4 , Est Remaining: 58.2
304 411.8 , Est Remaining: 56.9
305 413.1 , Est Remaining: 55.5
306 414.4 , Est Remaining: 54.2
307 415.6 , Est Remaining: 52.8
308 417.0 , Est Remaining: 51.4
309 418.3 , Est Remaining: 50.1
310 419.6 , Est Remaining: 48.7
311 420.9 , Est Remaining: 47.4
312 422.3 , Est Remaining: 46.0
313 423.6 , Est Remaining: 44.7
314 424.9 , Est Remaining: 43.3
315 426.2 , Est Remaining: 41.9
316 427.6 , Est Remaining: 40.6
317 428.9 , Est Remaining: 39.2
318 430.2 , Est Remaining: 37.9
319 431.6 , Est Remaining: 36.5
EVENT FAILED
319 431.9 , Est Remaining: 36.6
320 433.2 , Est Remaining: 35.2
321 434.5 , Est Remaining: 33.8
322 435.8 , Est Remaining: 32.5
323 437.1 , Est Remaining: 31.1
324 438.4 , Est Remaining: 29.8
325 439.8 , Est Remaining: 28.4
326 441.1 , Est Remaining: 27.1
327 442.4 , Est Remaining: 25.7
328 443.6 , Est Remaining: 24.3
329 444.9 , Est Remaining: 23.0
330 446.2 , Est Remaining: 21.6
331 447.4 , Est Remaining: 20.3
