Note: NumExpr detected 32 cores but "NUMEXPR_MAX_THREADS" not set, so enforcing safe limit of 8.
Using selector: EpollSelector
/n/home02/jhaefner/miniconda/envs/IC-3.7-2020-06-16/lib/python3.7/site-packages/scipy/optimize/minpack.py:808: OptimizeWarning: Covariance of the parameters could not be estimated
  category=OptimizeWarning)
Total rwfs: 346
0 0.0 , Est Remaining: 999999.9
1 1.5 , Est Remaining: 517.4
2 3.0 , Est Remaining: 512.1
3 4.5 , Est Remaining: 516.7
4 6.0 , Est Remaining: 513.7
5 7.5 , Est Remaining: 512.5
6 9.0 , Est Remaining: 508.9
EVENT FAILED
6 9.3 , Est Remaining: 526.5
7 10.8 , Est Remaining: 521.6
8 12.3 , Est Remaining: 518.0
9 13.7 , Est Remaining: 514.7
10 15.1 , Est Remaining: 508.6
11 16.6 , Est Remaining: 505.9
12 18.1 , Est Remaining: 503.4
13 19.6 , Est Remaining: 501.0
14 21.0 , Est Remaining: 498.9
15 22.5 , Est Remaining: 497.1
16 24.0 , Est Remaining: 494.7
17 25.5 , Est Remaining: 492.6
18 26.9 , Est Remaining: 490.5
19 28.4 , Est Remaining: 488.1
20 29.8 , Est Remaining: 486.3
EVENT FAILED
20 30.1 , Est Remaining: 491.4
21 31.6 , Est Remaining: 488.9
22 33.1 , Est Remaining: 486.9
23 34.5 , Est Remaining: 485.2
24 36.0 , Est Remaining: 483.5
25 37.5 , Est Remaining: 481.2
26 38.9 , Est Remaining: 479.4
27 40.4 , Est Remaining: 477.3
28 41.9 , Est Remaining: 475.4
29 43.3 , Est Remaining: 473.3
EVENT FAILED
29 43.6 , Est Remaining: 476.8
30 45.1 , Est Remaining: 474.9
31 46.6 , Est Remaining: 473.2
32 48.1 , Est Remaining: 471.6
33 49.6 , Est Remaining: 470.0
34 51.1 , Est Remaining: 468.6
35 52.5 , Est Remaining: 466.8
36 54.0 , Est Remaining: 465.2
37 55.5 , Est Remaining: 463.6
38 57.0 , Est Remaining: 461.9
39 58.5 , Est Remaining: 460.2
40 59.9 , Est Remaining: 458.5
41 61.4 , Est Remaining: 456.9
42 62.9 , Est Remaining: 455.2
43 64.4 , Est Remaining: 453.5
44 65.8 , Est Remaining: 451.8
45 67.3 , Est Remaining: 450.2
46 68.8 , Est Remaining: 448.6
EVENT FAILED
46 69.1 , Est Remaining: 450.7
47 70.6 , Est Remaining: 449.0
48 72.0 , Est Remaining: 447.2
49 73.5 , Est Remaining: 445.6
50 75.0 , Est Remaining: 443.8
51 76.4 , Est Remaining: 442.2
52 77.9 , Est Remaining: 440.4
53 79.3 , Est Remaining: 438.7
54 80.8 , Est Remaining: 437.0
55 82.3 , Est Remaining: 435.2
EVENT FAILED
55 82.6 , Est Remaining: 436.9
56 84.0 , Est Remaining: 435.1
57 85.5 , Est Remaining: 433.4
58 86.9 , Est Remaining: 431.7
59 88.4 , Est Remaining: 430.1
60 89.9 , Est Remaining: 428.4
61 91.4 , Est Remaining: 426.8
62 92.8 , Est Remaining: 425.2
63 94.3 , Est Remaining: 423.5
64 95.7 , Est Remaining: 421.9
65 97.2 , Est Remaining: 420.2
66 98.7 , Est Remaining: 418.6
67 100.1 , Est Remaining: 417.0
68 101.6 , Est Remaining: 415.4
69 103.1 , Est Remaining: 413.8
70 104.5 , Est Remaining: 412.2
71 106.0 , Est Remaining: 410.6
72 107.5 , Est Remaining: 409.1
73 109.0 , Est Remaining: 407.5
74 110.5 , Est Remaining: 406.0
75 111.9 , Est Remaining: 404.3
76 113.4 , Est Remaining: 402.7
77 114.8 , Est Remaining: 401.2
78 116.3 , Est Remaining: 399.6
79 117.8 , Est Remaining: 398.0
80 119.3 , Est Remaining: 396.6
EVENT FAILED
80 119.8 , Est Remaining: 398.3
81 121.3 , Est Remaining: 396.7
82 122.7 , Est Remaining: 395.2
83 124.2 , Est Remaining: 393.6
84 125.7 , Est Remaining: 392.1
85 127.2 , Est Remaining: 390.5
86 128.6 , Est Remaining: 388.9
87 130.1 , Est Remaining: 387.4
88 131.6 , Est Remaining: 385.9
89 133.1 , Est Remaining: 384.4
90 134.6 , Est Remaining: 382.8
91 136.1 , Est Remaining: 381.3
92 137.5 , Est Remaining: 379.7
93 139.0 , Est Remaining: 378.1
EVENT FAILED
93 139.3 , Est Remaining: 378.9
94 140.8 , Est Remaining: 377.4
95 142.2 , Est Remaining: 375.8
96 143.7 , Est Remaining: 374.3
97 145.2 , Est Remaining: 372.7
98 146.6 , Est Remaining: 371.1
99 148.1 , Est Remaining: 369.5
100 149.6 , Est Remaining: 367.9
101 151.1 , Est Remaining: 366.4
102 152.5 , Est Remaining: 364.9
103 154.1 , Est Remaining: 363.5
104 155.6 , Est Remaining: 362.0
105 157.0 , Est Remaining: 360.4
106 158.5 , Est Remaining: 358.8
107 160.0 , Est Remaining: 357.3
108 161.4 , Est Remaining: 355.7
109 162.9 , Est Remaining: 354.2
EVENT FAILED
109 163.2 , Est Remaining: 354.9
110 164.7 , Est Remaining: 353.3
111 166.1 , Est Remaining: 351.7
112 167.6 , Est Remaining: 350.1
113 169.1 , Est Remaining: 348.6
114 170.5 , Est Remaining: 347.0
115 172.0 , Est Remaining: 345.4
116 173.4 , Est Remaining: 343.9
117 174.9 , Est Remaining: 342.3
118 176.4 , Est Remaining: 340.8
119 177.8 , Est Remaining: 339.2
120 179.3 , Est Remaining: 337.7
121 180.8 , Est Remaining: 336.2
122 182.3 , Est Remaining: 334.7
123 183.7 , Est Remaining: 333.1
124 185.2 , Est Remaining: 331.6
125 186.7 , Est Remaining: 330.0
126 188.1 , Est Remaining: 328.5
127 189.6 , Est Remaining: 326.9
128 191.0 , Est Remaining: 325.3
129 192.5 , Est Remaining: 323.8
130 193.9 , Est Remaining: 322.2
131 195.4 , Est Remaining: 320.7
132 196.9 , Est Remaining: 319.2
133 198.3 , Est Remaining: 317.6
134 199.8 , Est Remaining: 316.1
135 201.2 , Est Remaining: 314.5
136 202.7 , Est Remaining: 313.0
137 204.2 , Est Remaining: 311.5
138 205.6 , Est Remaining: 309.8
139 207.0 , Est Remaining: 308.3
140 208.5 , Est Remaining: 306.8
141 210.0 , Est Remaining: 305.3
142 211.4 , Est Remaining: 303.7
143 212.9 , Est Remaining: 302.2
144 214.4 , Est Remaining: 300.7
EVENT FAILED
144 214.7 , Est Remaining: 301.1
145 216.1 , Est Remaining: 299.6
146 217.6 , Est Remaining: 298.1
147 219.0 , Est Remaining: 296.5
148 220.5 , Est Remaining: 295.0
149 222.0 , Est Remaining: 293.5
150 223.4 , Est Remaining: 291.9
151 224.9 , Est Remaining: 290.4
152 226.3 , Est Remaining: 288.9
153 227.8 , Est Remaining: 287.4
154 229.3 , Est Remaining: 285.8
155 230.7 , Est Remaining: 284.3
156 232.2 , Est Remaining: 282.8
157 233.6 , Est Remaining: 281.2
158 235.1 , Est Remaining: 279.7
159 236.5 , Est Remaining: 278.2
160 238.0 , Est Remaining: 276.7
161 239.4 , Est Remaining: 275.1
162 240.9 , Est Remaining: 273.6
163 242.4 , Est Remaining: 272.1
164 243.8 , Est Remaining: 270.6
165 245.3 , Est Remaining: 269.1
166 246.8 , Est Remaining: 267.6
167 248.1 , Est Remaining: 265.9
168 249.5 , Est Remaining: 264.4
169 251.0 , Est Remaining: 262.9
170 252.5 , Est Remaining: 261.4
171 254.0 , Est Remaining: 259.9
172 255.5 , Est Remaining: 258.4
173 256.9 , Est Remaining: 256.9
174 258.4 , Est Remaining: 255.4
175 259.9 , Est Remaining: 253.9
176 261.4 , Est Remaining: 252.5
EVENT FAILED
176 261.7 , Est Remaining: 252.8
177 263.1 , Est Remaining: 251.2
178 264.6 , Est Remaining: 249.7
179 266.1 , Est Remaining: 248.3
180 267.6 , Est Remaining: 246.8
181 269.0 , Est Remaining: 245.2
EVENT FAILED
181 269.3 , Est Remaining: 245.5
182 270.8 , Est Remaining: 244.0
183 272.3 , Est Remaining: 242.5
184 273.7 , Est Remaining: 241.0
185 275.2 , Est Remaining: 239.5
186 276.7 , Est Remaining: 238.0
187 278.1 , Est Remaining: 236.5
188 279.6 , Est Remaining: 235.0
189 281.0 , Est Remaining: 233.5
EVENT FAILED
189 281.3 , Est Remaining: 233.7
190 282.8 , Est Remaining: 232.2
191 284.3 , Est Remaining: 230.7
192 285.7 , Est Remaining: 229.2
193 287.2 , Est Remaining: 227.7
194 288.7 , Est Remaining: 226.2
195 290.1 , Est Remaining: 224.7
196 291.6 , Est Remaining: 223.2
197 293.1 , Est Remaining: 221.7
198 294.5 , Est Remaining: 220.1
199 296.0 , Est Remaining: 218.6
200 297.4 , Est Remaining: 217.1
201 298.9 , Est Remaining: 215.6
202 300.3 , Est Remaining: 214.1
203 301.9 , Est Remaining: 212.7
204 303.4 , Est Remaining: 211.2
205 304.8 , Est Remaining: 209.7
206 306.3 , Est Remaining: 208.2
207 307.8 , Est Remaining: 206.7
208 309.2 , Est Remaining: 205.2
209 310.7 , Est Remaining: 203.7
210 312.1 , Est Remaining: 202.1
211 313.6 , Est Remaining: 200.7
212 315.1 , Est Remaining: 199.2
213 316.6 , Est Remaining: 197.7
214 318.0 , Est Remaining: 196.2
215 319.5 , Est Remaining: 194.7
216 320.9 , Est Remaining: 193.2
217 322.4 , Est Remaining: 191.7
218 323.9 , Est Remaining: 190.2
219 325.3 , Est Remaining: 188.7
220 326.7 , Est Remaining: 187.1
221 328.2 , Est Remaining: 185.6
222 329.6 , Est Remaining: 184.1
223 331.1 , Est Remaining: 182.6
224 332.5 , Est Remaining: 181.1
225 333.9 , Est Remaining: 179.6
226 335.4 , Est Remaining: 178.1
EVENT FAILED
226 335.7 , Est Remaining: 178.2
227 337.1 , Est Remaining: 176.7
228 338.5 , Est Remaining: 175.2
229 339.9 , Est Remaining: 173.7
230 341.4 , Est Remaining: 172.2
231 342.8 , Est Remaining: 170.7
232 344.2 , Est Remaining: 169.2
233 345.7 , Est Remaining: 167.6
234 347.1 , Est Remaining: 166.1
235 348.6 , Est Remaining: 164.6
236 350.0 , Est Remaining: 163.1
237 351.4 , Est Remaining: 161.6
238 352.9 , Est Remaining: 160.1
239 354.3 , Est Remaining: 158.6
240 355.7 , Est Remaining: 157.1
241 357.1 , Est Remaining: 155.6
242 358.5 , Est Remaining: 154.1
243 360.0 , Est Remaining: 152.6
244 361.4 , Est Remaining: 151.1
245 362.8 , Est Remaining: 149.6
246 364.3 , Est Remaining: 148.1
247 365.7 , Est Remaining: 146.6
248 367.1 , Est Remaining: 145.1
249 368.5 , Est Remaining: 143.6
250 369.9 , Est Remaining: 142.1
251 371.4 , Est Remaining: 140.6
252 372.8 , Est Remaining: 139.1
EVENT FAILED
252 373.1 , Est Remaining: 139.2
253 374.5 , Est Remaining: 137.7
254 375.9 , Est Remaining: 136.2
255 377.3 , Est Remaining: 134.7
256 378.7 , Est Remaining: 133.1
257 380.1 , Est Remaining: 131.6
258 381.6 , Est Remaining: 130.1
259 383.0 , Est Remaining: 128.6
260 384.4 , Est Remaining: 127.1
261 385.8 , Est Remaining: 125.6
262 387.2 , Est Remaining: 124.1
263 388.6 , Est Remaining: 122.6
264 390.0 , Est Remaining: 121.1
265 391.3 , Est Remaining: 119.6
266 392.7 , Est Remaining: 118.1
267 394.1 , Est Remaining: 116.6
268 395.4 , Est Remaining: 115.1
269 396.8 , Est Remaining: 113.6
270 398.2 , Est Remaining: 112.1
271 399.6 , Est Remaining: 110.6
272 401.0 , Est Remaining: 109.1
273 402.4 , Est Remaining: 107.6
274 403.8 , Est Remaining: 106.1
275 405.2 , Est Remaining: 104.6
276 406.6 , Est Remaining: 103.1
277 408.0 , Est Remaining: 101.6
278 409.4 , Est Remaining: 100.1
279 410.8 , Est Remaining: 98.6
280 412.2 , Est Remaining: 97.2
281 413.6 , Est Remaining: 95.7
282 414.9 , Est Remaining: 94.2
283 416.3 , Est Remaining: 92.7
284 417.7 , Est Remaining: 91.2
285 419.1 , Est Remaining: 89.7
286 420.5 , Est Remaining: 88.2
287 421.9 , Est Remaining: 86.7
288 423.3 , Est Remaining: 85.2
289 424.7 , Est Remaining: 83.8
290 426.1 , Est Remaining: 82.3
291 427.4 , Est Remaining: 80.8
292 428.8 , Est Remaining: 79.3
293 430.2 , Est Remaining: 77.8
294 431.6 , Est Remaining: 76.3
295 433.0 , Est Remaining: 74.9
296 434.3 , Est Remaining: 73.4
297 435.7 , Est Remaining: 71.9
298 437.1 , Est Remaining: 70.4
299 438.5 , Est Remaining: 68.9
300 439.9 , Est Remaining: 67.4
EVENT FAILED
300 440.2 , Est Remaining: 67.5
301 441.5 , Est Remaining: 66.0
302 443.0 , Est Remaining: 64.5
303 444.4 , Est Remaining: 63.1
304 445.8 , Est Remaining: 61.6
305 447.2 , Est Remaining: 60.1
EVENT FAILED
305 447.5 , Est Remaining: 60.2
306 448.8 , Est Remaining: 58.7
307 450.2 , Est Remaining: 57.2
308 451.6 , Est Remaining: 55.7
309 453.0 , Est Remaining: 54.2
310 454.3 , Est Remaining: 52.8
311 455.7 , Est Remaining: 51.3
312 457.1 , Est Remaining: 49.8
313 458.4 , Est Remaining: 48.3
314 459.8 , Est Remaining: 46.9
315 461.2 , Est Remaining: 45.4
316 462.5 , Est Remaining: 43.9
317 463.9 , Est Remaining: 42.4
318 465.2 , Est Remaining: 41.0
319 466.6 , Est Remaining: 39.5
320 467.9 , Est Remaining: 38.0
321 469.3 , Est Remaining: 36.5
322 470.6 , Est Remaining: 35.1
EVENT FAILED
322 470.9 , Est Remaining: 35.1
323 472.3 , Est Remaining: 33.6
324 473.6 , Est Remaining: 32.2
325 475.0 , Est Remaining: 30.7
326 476.4 , Est Remaining: 29.2
327 477.7 , Est Remaining: 27.8
328 479.1 , Est Remaining: 26.3
