Note: NumExpr detected 32 cores but "NUMEXPR_MAX_THREADS" not set, so enforcing safe limit of 8.
Using selector: EpollSelector
/n/home02/jhaefner/miniconda/envs/IC-3.7-2020-06-16/lib/python3.7/site-packages/scipy/optimize/minpack.py:808: OptimizeWarning: Covariance of the parameters could not be estimated
  category=OptimizeWarning)
Total rwfs: 346
0 0.0 , Est Remaining: 999999.9
1 1.4 , Est Remaining: 479.4
EVENT FAILED
1 1.7 , Est Remaining: 591.4
2 3.1 , Est Remaining: 530.2
3 4.5 , Est Remaining: 511.7
4 5.8 , Est Remaining: 498.0
5 7.2 , Est Remaining: 490.0
6 8.6 , Est Remaining: 485.0
7 9.9 , Est Remaining: 480.3
8 11.3 , Est Remaining: 477.0
9 12.6 , Est Remaining: 473.1
10 14.0 , Est Remaining: 470.1
11 15.3 , Est Remaining: 467.1
12 16.7 , Est Remaining: 465.4
13 18.1 , Est Remaining: 462.7
14 19.4 , Est Remaining: 460.2
15 20.8 , Est Remaining: 457.9
16 22.1 , Est Remaining: 455.9
EVENT FAILED
16 22.4 , Est Remaining: 462.1
17 23.8 , Est Remaining: 459.9
18 25.1 , Est Remaining: 457.5
19 26.5 , Est Remaining: 455.2
20 27.8 , Est Remaining: 453.1
21 29.2 , Est Remaining: 451.3
22 30.5 , Est Remaining: 449.2
23 31.9 , Est Remaining: 447.4
24 33.2 , Est Remaining: 445.8
25 34.6 , Est Remaining: 443.9
26 35.9 , Est Remaining: 442.1
27 37.3 , Est Remaining: 440.2
28 38.6 , Est Remaining: 438.6
29 40.0 , Est Remaining: 436.9
30 41.3 , Est Remaining: 435.3
31 42.7 , Est Remaining: 433.6
32 44.0 , Est Remaining: 431.9
33 45.3 , Est Remaining: 429.5
34 46.6 , Est Remaining: 427.9
35 48.0 , Est Remaining: 426.4
36 49.3 , Est Remaining: 424.9
37 50.7 , Est Remaining: 423.3
38 52.0 , Est Remaining: 421.8
39 53.4 , Est Remaining: 420.2
40 54.7 , Est Remaining: 418.6
41 56.1 , Est Remaining: 417.1
42 57.4 , Est Remaining: 415.6
43 58.8 , Est Remaining: 414.1
44 60.1 , Est Remaining: 412.7
45 61.5 , Est Remaining: 411.2
46 62.8 , Est Remaining: 409.7
47 64.2 , Est Remaining: 408.2
48 65.5 , Est Remaining: 406.7
49 66.9 , Est Remaining: 405.2
50 68.2 , Est Remaining: 403.7
EVENT FAILED
50 68.5 , Est Remaining: 405.5
51 69.8 , Est Remaining: 403.9
52 71.2 , Est Remaining: 402.4
53 72.5 , Est Remaining: 400.8
54 73.9 , Est Remaining: 399.4
55 75.2 , Est Remaining: 397.9
56 76.5 , Est Remaining: 396.4
57 77.9 , Est Remaining: 394.8
58 79.2 , Est Remaining: 393.3
59 80.5 , Est Remaining: 391.8
60 81.9 , Est Remaining: 390.3
61 83.2 , Est Remaining: 388.8
62 84.6 , Est Remaining: 387.3
63 85.9 , Est Remaining: 385.8
64 87.3 , Est Remaining: 384.5
65 88.6 , Est Remaining: 383.0
66 89.9 , Est Remaining: 381.6
67 91.3 , Est Remaining: 380.2
68 92.6 , Est Remaining: 378.7
69 94.0 , Est Remaining: 377.3
70 95.3 , Est Remaining: 375.8
71 96.7 , Est Remaining: 374.4
72 98.0 , Est Remaining: 372.9
73 99.3 , Est Remaining: 371.5
74 100.7 , Est Remaining: 370.1
75 102.0 , Est Remaining: 368.7
76 103.4 , Est Remaining: 367.3
77 104.8 , Est Remaining: 366.0
78 106.1 , Est Remaining: 364.6
79 107.4 , Est Remaining: 363.1
80 108.8 , Est Remaining: 361.7
81 110.1 , Est Remaining: 360.2
82 111.5 , Est Remaining: 358.8
83 112.8 , Est Remaining: 357.4
84 114.2 , Est Remaining: 356.1
85 115.5 , Est Remaining: 354.7
86 116.8 , Est Remaining: 353.2
87 118.2 , Est Remaining: 351.8
88 119.5 , Est Remaining: 350.4
EVENT FAILED
88 119.8 , Est Remaining: 351.3
89 121.2 , Est Remaining: 349.9
90 122.5 , Est Remaining: 348.5
91 123.9 , Est Remaining: 347.1
92 125.2 , Est Remaining: 345.7
93 126.6 , Est Remaining: 344.3
94 127.9 , Est Remaining: 343.0
95 129.3 , Est Remaining: 341.6
96 130.7 , Est Remaining: 340.2
97 132.0 , Est Remaining: 338.9
EVENT FAILED
97 132.3 , Est Remaining: 339.7
98 133.7 , Est Remaining: 338.3
99 135.0 , Est Remaining: 336.9
100 136.4 , Est Remaining: 335.6
101 137.8 , Est Remaining: 334.2
102 139.1 , Est Remaining: 332.9
103 140.6 , Est Remaining: 331.7
104 142.0 , Est Remaining: 330.4
105 143.3 , Est Remaining: 329.0
106 144.7 , Est Remaining: 327.7
107 146.1 , Est Remaining: 326.3
108 147.5 , Est Remaining: 324.9
109 148.8 , Est Remaining: 323.6
110 150.2 , Est Remaining: 322.2
111 151.5 , Est Remaining: 320.8
112 152.9 , Est Remaining: 319.4
113 154.3 , Est Remaining: 318.1
114 155.6 , Est Remaining: 316.7
115 157.0 , Est Remaining: 315.4
116 158.4 , Est Remaining: 314.0
117 159.7 , Est Remaining: 312.6
118 161.1 , Est Remaining: 311.2
119 162.4 , Est Remaining: 309.9
120 163.8 , Est Remaining: 308.5
121 165.2 , Est Remaining: 307.1
122 166.5 , Est Remaining: 305.8
123 167.9 , Est Remaining: 304.4
124 169.3 , Est Remaining: 303.0
125 170.6 , Est Remaining: 301.7
126 172.0 , Est Remaining: 300.3
127 173.3 , Est Remaining: 298.9
128 174.7 , Est Remaining: 297.5
129 176.1 , Est Remaining: 296.2
130 177.4 , Est Remaining: 294.8
131 178.8 , Est Remaining: 293.4
132 180.1 , Est Remaining: 292.1
133 181.5 , Est Remaining: 290.7
134 182.9 , Est Remaining: 289.3
135 184.2 , Est Remaining: 287.9
EVENT FAILED
135 184.8 , Est Remaining: 288.8
136 186.2 , Est Remaining: 287.4
137 187.5 , Est Remaining: 286.0
138 188.9 , Est Remaining: 284.7
139 190.2 , Est Remaining: 283.3
140 191.5 , Est Remaining: 281.8
141 192.9 , Est Remaining: 280.5
142 194.3 , Est Remaining: 279.1
143 195.6 , Est Remaining: 277.7
144 197.0 , Est Remaining: 276.3
145 198.4 , Est Remaining: 275.0
146 199.7 , Est Remaining: 273.6
147 201.1 , Est Remaining: 272.2
148 202.4 , Est Remaining: 270.8
149 203.7 , Est Remaining: 269.4
150 205.1 , Est Remaining: 268.0
151 206.4 , Est Remaining: 266.6
152 207.8 , Est Remaining: 265.2
153 209.1 , Est Remaining: 263.8
154 210.5 , Est Remaining: 262.4
155 211.9 , Est Remaining: 261.1
156 213.2 , Est Remaining: 259.7
157 214.6 , Est Remaining: 258.3
158 215.9 , Est Remaining: 256.9
159 217.2 , Est Remaining: 255.5
160 218.6 , Est Remaining: 254.1
161 219.9 , Est Remaining: 252.7
162 221.3 , Est Remaining: 251.3
163 222.6 , Est Remaining: 250.0
164 224.0 , Est Remaining: 248.6
165 225.4 , Est Remaining: 247.2
166 226.7 , Est Remaining: 245.8
167 228.0 , Est Remaining: 244.4
168 229.4 , Est Remaining: 243.0
169 230.7 , Est Remaining: 241.7
170 232.1 , Est Remaining: 240.3
171 233.4 , Est Remaining: 238.9
172 234.8 , Est Remaining: 237.5
EVENT FAILED
172 235.1 , Est Remaining: 237.8
173 236.4 , Est Remaining: 236.4
174 237.8 , Est Remaining: 235.0
175 239.1 , Est Remaining: 233.6
176 240.4 , Est Remaining: 232.2
177 241.8 , Est Remaining: 230.8
178 243.1 , Est Remaining: 229.5
179 244.5 , Est Remaining: 228.1
180 245.8 , Est Remaining: 226.7
181 247.2 , Est Remaining: 225.3
182 248.5 , Est Remaining: 223.9
183 249.9 , Est Remaining: 222.6
184 251.2 , Est Remaining: 221.2
185 252.6 , Est Remaining: 219.8
186 254.0 , Est Remaining: 218.5
187 255.3 , Est Remaining: 217.1
188 256.7 , Est Remaining: 215.7
EVENT FAILED
188 257.0 , Est Remaining: 216.0
189 258.3 , Est Remaining: 214.6
190 259.7 , Est Remaining: 213.2
191 261.0 , Est Remaining: 211.8
192 262.3 , Est Remaining: 210.4
193 263.7 , Est Remaining: 209.0
194 265.0 , Est Remaining: 207.6
195 266.4 , Est Remaining: 206.3
196 267.7 , Est Remaining: 204.9
EVENT FAILED
196 268.0 , Est Remaining: 205.1
197 269.3 , Est Remaining: 203.7
198 270.7 , Est Remaining: 202.3
199 272.0 , Est Remaining: 200.9
200 273.3 , Est Remaining: 199.5
201 274.7 , Est Remaining: 198.1
202 276.0 , Est Remaining: 196.8
203 277.4 , Est Remaining: 195.4
204 278.8 , Est Remaining: 194.1
205 280.1 , Est Remaining: 192.7
206 281.5 , Est Remaining: 191.3
207 282.9 , Est Remaining: 189.9
208 284.2 , Est Remaining: 188.6
209 285.5 , Est Remaining: 187.2
210 286.9 , Est Remaining: 185.8
211 288.2 , Est Remaining: 184.4
212 289.6 , Est Remaining: 183.0
213 290.9 , Est Remaining: 181.6
214 292.3 , Est Remaining: 180.3
215 293.6 , Est Remaining: 178.9
216 294.9 , Est Remaining: 177.5
217 296.3 , Est Remaining: 176.1
218 297.6 , Est Remaining: 174.8
219 299.0 , Est Remaining: 173.4
220 300.3 , Est Remaining: 172.0
221 301.6 , Est Remaining: 170.6
222 303.0 , Est Remaining: 169.2
223 304.3 , Est Remaining: 167.8
224 305.6 , Est Remaining: 166.5
225 307.0 , Est Remaining: 165.1
226 308.3 , Est Remaining: 163.7
227 309.6 , Est Remaining: 162.3
228 311.0 , Est Remaining: 160.9
229 312.3 , Est Remaining: 159.6
230 313.7 , Est Remaining: 158.2
231 315.1 , Est Remaining: 156.9
232 316.4 , Est Remaining: 155.5
233 317.8 , Est Remaining: 154.1
234 319.1 , Est Remaining: 152.7
235 320.5 , Est Remaining: 151.4
236 321.8 , Est Remaining: 150.0
237 323.2 , Est Remaining: 148.6
238 324.5 , Est Remaining: 147.3
239 325.9 , Est Remaining: 145.9
240 327.3 , Est Remaining: 144.5
241 328.6 , Est Remaining: 143.2
242 330.0 , Est Remaining: 141.8
243 331.3 , Est Remaining: 140.4
244 332.7 , Est Remaining: 139.1
245 334.0 , Est Remaining: 137.7
246 335.4 , Est Remaining: 136.3
247 336.7 , Est Remaining: 135.0
248 338.1 , Est Remaining: 133.6
249 339.4 , Est Remaining: 132.2
250 340.8 , Est Remaining: 130.9
251 342.2 , Est Remaining: 129.5
252 343.5 , Est Remaining: 128.1
253 344.9 , Est Remaining: 126.8
254 346.2 , Est Remaining: 125.4
255 347.6 , Est Remaining: 124.0
256 348.9 , Est Remaining: 122.7
257 350.3 , Est Remaining: 121.3
EVENT FAILED
257 350.6 , Est Remaining: 121.4
258 351.9 , Est Remaining: 120.0
259 353.3 , Est Remaining: 118.7
260 354.6 , Est Remaining: 117.3
261 356.0 , Est Remaining: 115.9
262 357.3 , Est Remaining: 114.6
263 358.7 , Est Remaining: 113.2
264 360.0 , Est Remaining: 111.8
265 361.4 , Est Remaining: 110.5
266 362.7 , Est Remaining: 109.1
267 364.1 , Est Remaining: 107.7
268 365.4 , Est Remaining: 106.4
269 366.8 , Est Remaining: 105.0
270 368.1 , Est Remaining: 103.6
271 369.5 , Est Remaining: 102.3
272 370.8 , Est Remaining: 100.9
273 372.2 , Est Remaining: 99.5
274 373.6 , Est Remaining: 98.2
275 374.9 , Est Remaining: 96.8
276 376.2 , Est Remaining: 95.4
277 377.6 , Est Remaining: 94.1
278 378.9 , Est Remaining: 92.7
279 380.3 , Est Remaining: 91.3
280 381.6 , Est Remaining: 89.9
281 383.0 , Est Remaining: 88.6
282 384.3 , Est Remaining: 87.2
283 385.6 , Est Remaining: 85.9
284 387.0 , Est Remaining: 84.5
285 388.3 , Est Remaining: 83.1
286 389.6 , Est Remaining: 81.7
287 391.0 , Est Remaining: 80.4
288 392.3 , Est Remaining: 79.0
289 393.6 , Est Remaining: 77.6
290 394.9 , Est Remaining: 76.3
291 396.2 , Est Remaining: 74.9
292 397.5 , Est Remaining: 73.5
293 398.9 , Est Remaining: 72.1
294 400.2 , Est Remaining: 70.8
295 401.5 , Est Remaining: 69.4
296 402.8 , Est Remaining: 68.0
297 404.2 , Est Remaining: 66.7
298 405.5 , Est Remaining: 65.3
299 406.8 , Est Remaining: 64.0
300 408.2 , Est Remaining: 62.6
301 409.5 , Est Remaining: 61.2
302 410.9 , Est Remaining: 59.9
303 412.2 , Est Remaining: 58.5
304 413.6 , Est Remaining: 57.1
305 414.9 , Est Remaining: 55.8
306 416.2 , Est Remaining: 54.4
307 417.5 , Est Remaining: 53.0
308 418.8 , Est Remaining: 51.7
309 420.1 , Est Remaining: 50.3
310 421.4 , Est Remaining: 48.9
311 422.8 , Est Remaining: 47.6
312 424.1 , Est Remaining: 46.2
313 425.4 , Est Remaining: 44.8
314 426.7 , Est Remaining: 43.5
EVENT FAILED
314 427.0 , Est Remaining: 43.5
315 428.3 , Est Remaining: 42.2
316 429.6 , Est Remaining: 40.8
317 430.9 , Est Remaining: 39.4
318 432.2 , Est Remaining: 38.1
319 433.5 , Est Remaining: 36.7
320 434.8 , Est Remaining: 35.3
321 436.1 , Est Remaining: 34.0
322 437.4 , Est Remaining: 32.6
323 438.7 , Est Remaining: 31.2
324 440.0 , Est Remaining: 29.9
325 441.3 , Est Remaining: 28.5
326 442.6 , Est Remaining: 27.2
327 444.0 , Est Remaining: 25.8
328 445.3 , Est Remaining: 24.4
329 446.6 , Est Remaining: 23.1
330 447.8 , Est Remaining: 21.7
331 449.1 , Est Remaining: 20.4
332 450.4 , Est Remaining: 19.0
333 451.7 , Est Remaining: 17.6
334 453.0 , Est Remaining: 16.3
