Note: NumExpr detected 32 cores but "NUMEXPR_MAX_THREADS" not set, so enforcing safe limit of 8.
Using selector: EpollSelector
/n/home02/jhaefner/miniconda/envs/IC-3.7-2020-06-16/lib/python3.7/site-packages/scipy/optimize/minpack.py:808: OptimizeWarning: Covariance of the parameters could not be estimated
  category=OptimizeWarning)
Total rwfs: 346
0 0.0 , Est Remaining: 999999.9
EVENT FAILED
0 0.3 , Est Remaining: 999999.9
1 1.8 , Est Remaining: 612.4
2 3.2 , Est Remaining: 548.9
3 4.6 , Est Remaining: 528.5
4 6.0 , Est Remaining: 514.9
5 7.4 , Est Remaining: 507.9
6 8.9 , Est Remaining: 502.9
7 10.3 , Est Remaining: 498.6
8 11.7 , Est Remaining: 495.3
9 13.1 , Est Remaining: 491.7
10 14.6 , Est Remaining: 489.5
11 16.0 , Est Remaining: 487.6
12 17.4 , Est Remaining: 485.1
13 18.8 , Est Remaining: 482.0
14 20.2 , Est Remaining: 480.0
15 21.7 , Est Remaining: 478.2
16 23.1 , Est Remaining: 476.2
17 24.5 , Est Remaining: 474.3
18 25.9 , Est Remaining: 472.5
19 27.4 , Est Remaining: 470.8
20 28.8 , Est Remaining: 469.1
21 30.2 , Est Remaining: 467.8
22 31.6 , Est Remaining: 466.1
23 33.1 , Est Remaining: 464.4
24 34.5 , Est Remaining: 462.7
25 35.9 , Est Remaining: 461.0
26 37.3 , Est Remaining: 459.6
27 38.8 , Est Remaining: 458.1
28 40.2 , Est Remaining: 456.1
29 41.6 , Est Remaining: 454.5
30 43.0 , Est Remaining: 453.2
31 44.5 , Est Remaining: 451.8
32 45.9 , Est Remaining: 450.5
33 47.3 , Est Remaining: 449.1
34 48.8 , Est Remaining: 447.8
35 50.3 , Est Remaining: 446.7
36 51.7 , Est Remaining: 445.6
37 53.2 , Est Remaining: 444.3
38 54.7 , Est Remaining: 443.0
39 56.1 , Est Remaining: 441.6
40 57.5 , Est Remaining: 440.3
41 59.0 , Est Remaining: 439.0
42 60.5 , Est Remaining: 437.6
43 61.9 , Est Remaining: 436.3
44 63.4 , Est Remaining: 434.8
45 64.8 , Est Remaining: 433.5
EVENT FAILED
45 65.1 , Est Remaining: 435.5
46 66.6 , Est Remaining: 434.1
47 68.0 , Est Remaining: 432.7
48 69.4 , Est Remaining: 431.2
49 70.9 , Est Remaining: 429.7
50 72.3 , Est Remaining: 428.2
51 73.8 , Est Remaining: 426.7
52 75.2 , Est Remaining: 425.2
53 76.6 , Est Remaining: 423.7
54 78.1 , Est Remaining: 422.2
55 79.5 , Est Remaining: 420.7
56 81.0 , Est Remaining: 419.4
57 82.4 , Est Remaining: 417.9
58 83.9 , Est Remaining: 416.5
59 85.3 , Est Remaining: 415.1
60 86.8 , Est Remaining: 413.6
EVENT FAILED
60 87.1 , Est Remaining: 415.0
61 88.5 , Est Remaining: 413.5
62 89.9 , Est Remaining: 412.0
63 91.4 , Est Remaining: 410.5
64 92.8 , Est Remaining: 409.0
65 94.3 , Est Remaining: 407.5
66 95.7 , Est Remaining: 406.1
67 97.1 , Est Remaining: 404.5
68 98.6 , Est Remaining: 403.0
69 100.0 , Est Remaining: 401.4
70 101.4 , Est Remaining: 399.9
71 102.8 , Est Remaining: 398.3
72 104.2 , Est Remaining: 396.7
EVENT FAILED
72 104.5 , Est Remaining: 397.9
73 106.0 , Est Remaining: 396.3
74 107.4 , Est Remaining: 394.8
75 108.8 , Est Remaining: 393.2
76 110.2 , Est Remaining: 391.6
77 111.6 , Est Remaining: 390.0
78 113.0 , Est Remaining: 388.4
79 114.5 , Est Remaining: 386.9
80 115.9 , Est Remaining: 385.4
81 117.3 , Est Remaining: 383.9
82 118.8 , Est Remaining: 382.4
EVENT FAILED
82 119.1 , Est Remaining: 383.4
83 120.5 , Est Remaining: 381.9
84 121.9 , Est Remaining: 380.3
85 123.4 , Est Remaining: 378.8
86 124.8 , Est Remaining: 377.3
87 126.2 , Est Remaining: 375.8
88 127.7 , Est Remaining: 374.3
89 129.1 , Est Remaining: 372.8
90 130.5 , Est Remaining: 371.3
91 132.0 , Est Remaining: 369.9
92 133.4 , Est Remaining: 368.4
93 134.9 , Est Remaining: 367.1
94 136.4 , Est Remaining: 365.7
EVENT FAILED
94 136.7 , Est Remaining: 366.5
95 138.1 , Est Remaining: 365.0
96 139.6 , Est Remaining: 363.5
97 141.0 , Est Remaining: 362.0
98 142.4 , Est Remaining: 360.5
99 143.9 , Est Remaining: 358.9
100 145.3 , Est Remaining: 357.4
101 146.7 , Est Remaining: 355.9
102 148.2 , Est Remaining: 354.5
103 149.7 , Est Remaining: 353.1
104 151.1 , Est Remaining: 351.6
105 152.5 , Est Remaining: 350.1
106 154.0 , Est Remaining: 348.6
107 155.4 , Est Remaining: 347.1
108 156.9 , Est Remaining: 345.7
109 158.3 , Est Remaining: 344.1
110 159.7 , Est Remaining: 342.7
111 161.2 , Est Remaining: 341.2
112 162.6 , Est Remaining: 339.8
113 164.1 , Est Remaining: 338.3
114 165.5 , Est Remaining: 336.9
115 167.0 , Est Remaining: 335.4
116 168.4 , Est Remaining: 333.9
117 169.9 , Est Remaining: 332.4
118 171.3 , Est Remaining: 331.0
119 172.7 , Est Remaining: 329.5
120 174.2 , Est Remaining: 328.0
121 175.6 , Est Remaining: 326.5
122 177.0 , Est Remaining: 325.0
123 178.4 , Est Remaining: 323.5
124 179.9 , Est Remaining: 322.0
125 181.3 , Est Remaining: 320.5
126 182.7 , Est Remaining: 319.0
127 184.1 , Est Remaining: 317.5
128 185.5 , Est Remaining: 316.0
129 187.0 , Est Remaining: 314.5
130 188.4 , Est Remaining: 313.0
131 189.8 , Est Remaining: 311.6
132 191.2 , Est Remaining: 310.0
133 192.7 , Est Remaining: 308.6
134 194.1 , Est Remaining: 307.1
135 195.6 , Est Remaining: 305.7
136 197.0 , Est Remaining: 304.3
137 198.5 , Est Remaining: 302.8
138 199.9 , Est Remaining: 301.3
139 201.4 , Est Remaining: 299.9
140 202.8 , Est Remaining: 298.4
141 204.3 , Est Remaining: 297.0
142 205.7 , Est Remaining: 295.5
EVENT FAILED
142 206.0 , Est Remaining: 296.0
143 207.4 , Est Remaining: 294.5
EVENT FAILED
143 208.0 , Est Remaining: 295.3
144 209.4 , Est Remaining: 293.8
145 210.8 , Est Remaining: 292.3
146 212.3 , Est Remaining: 290.8
147 213.7 , Est Remaining: 289.3
148 215.1 , Est Remaining: 287.8
149 216.5 , Est Remaining: 286.3
150 217.9 , Est Remaining: 284.8
151 219.4 , Est Remaining: 283.3
152 220.8 , Est Remaining: 281.8
153 222.2 , Est Remaining: 280.2
154 223.6 , Est Remaining: 278.7
155 225.0 , Est Remaining: 277.2
156 226.4 , Est Remaining: 275.7
157 227.8 , Est Remaining: 274.2
158 229.2 , Est Remaining: 272.8
159 230.6 , Est Remaining: 271.3
160 232.0 , Est Remaining: 269.7
161 233.5 , Est Remaining: 268.3
162 234.9 , Est Remaining: 266.8
163 236.3 , Est Remaining: 265.3
164 237.7 , Est Remaining: 263.8
165 239.1 , Est Remaining: 262.3
166 240.5 , Est Remaining: 260.8
167 241.9 , Est Remaining: 259.3
168 243.3 , Est Remaining: 257.8
169 244.7 , Est Remaining: 256.3
170 246.1 , Est Remaining: 254.8
171 247.5 , Est Remaining: 253.3
172 249.0 , Est Remaining: 251.9
173 250.4 , Est Remaining: 250.4
174 251.8 , Est Remaining: 248.9
175 253.2 , Est Remaining: 247.4
176 254.6 , Est Remaining: 246.0
177 256.1 , Est Remaining: 244.5
178 257.5 , Est Remaining: 243.0
179 258.9 , Est Remaining: 241.6
180 260.3 , Est Remaining: 240.1
181 261.7 , Est Remaining: 238.6
182 263.1 , Est Remaining: 237.1
183 264.5 , Est Remaining: 235.6
184 265.9 , Est Remaining: 234.1
185 267.3 , Est Remaining: 232.6
186 268.7 , Est Remaining: 231.1
187 270.1 , Est Remaining: 229.7
188 271.5 , Est Remaining: 228.2
189 272.9 , Est Remaining: 226.7
190 274.3 , Est Remaining: 225.2
EVENT FAILED
190 274.6 , Est Remaining: 225.4
191 275.9 , Est Remaining: 223.9
192 277.3 , Est Remaining: 222.4
193 278.7 , Est Remaining: 220.9
194 280.1 , Est Remaining: 219.4
195 281.5 , Est Remaining: 218.0
196 282.9 , Est Remaining: 216.5
197 284.2 , Est Remaining: 215.0
198 285.6 , Est Remaining: 213.5
199 287.0 , Est Remaining: 212.0
200 288.3 , Est Remaining: 210.5
201 289.6 , Est Remaining: 209.0
202 291.0 , Est Remaining: 207.4
203 292.5 , Est Remaining: 206.0
204 293.8 , Est Remaining: 204.5
205 295.2 , Est Remaining: 203.0
206 296.5 , Est Remaining: 201.5
207 297.9 , Est Remaining: 200.0
208 299.3 , Est Remaining: 198.5
209 300.6 , Est Remaining: 197.1
210 302.0 , Est Remaining: 195.6
211 303.3 , Est Remaining: 194.1
212 304.7 , Est Remaining: 192.6
213 306.1 , Est Remaining: 191.1
214 307.4 , Est Remaining: 189.6
215 308.8 , Est Remaining: 188.1
216 310.1 , Est Remaining: 186.7
217 311.5 , Est Remaining: 185.2
218 312.9 , Est Remaining: 183.7
219 314.3 , Est Remaining: 182.2
220 315.6 , Est Remaining: 180.8
221 317.0 , Est Remaining: 179.3
222 318.4 , Est Remaining: 177.8
223 319.8 , Est Remaining: 176.4
224 321.1 , Est Remaining: 174.9
225 322.5 , Est Remaining: 173.4
226 323.9 , Est Remaining: 172.0
227 325.3 , Est Remaining: 170.5
228 326.6 , Est Remaining: 169.1
229 328.0 , Est Remaining: 167.6
230 329.4 , Est Remaining: 166.2
231 330.8 , Est Remaining: 164.7
232 332.2 , Est Remaining: 163.2
233 333.6 , Est Remaining: 161.8
234 335.0 , Est Remaining: 160.3
235 336.3 , Est Remaining: 158.9
EVENT FAILED
235 336.6 , Est Remaining: 159.0
236 338.0 , Est Remaining: 157.5
237 339.4 , Est Remaining: 156.1
238 340.8 , Est Remaining: 154.6
239 342.2 , Est Remaining: 153.2
240 343.6 , Est Remaining: 151.7
241 345.0 , Est Remaining: 150.3
242 346.4 , Est Remaining: 148.9
243 347.8 , Est Remaining: 147.4
244 349.2 , Est Remaining: 146.0
245 350.6 , Est Remaining: 144.5
246 352.0 , Est Remaining: 143.1
247 353.3 , Est Remaining: 141.6
248 354.7 , Est Remaining: 140.2
249 356.1 , Est Remaining: 138.7
250 357.5 , Est Remaining: 137.3
251 358.8 , Est Remaining: 135.8
252 360.2 , Est Remaining: 134.4
253 361.6 , Est Remaining: 132.9
254 363.0 , Est Remaining: 131.5
255 364.4 , Est Remaining: 130.0
256 365.8 , Est Remaining: 128.6
257 367.2 , Est Remaining: 127.2
258 368.6 , Est Remaining: 125.7
259 370.0 , Est Remaining: 124.3
260 371.4 , Est Remaining: 122.9
261 372.8 , Est Remaining: 121.4
262 374.3 , Est Remaining: 120.0
263 375.7 , Est Remaining: 118.6
264 377.1 , Est Remaining: 117.1
265 378.6 , Est Remaining: 115.7
266 380.0 , Est Remaining: 114.3
267 381.4 , Est Remaining: 112.8
268 382.8 , Est Remaining: 111.4
EVENT FAILED
268 383.1 , Est Remaining: 111.5
269 384.6 , Est Remaining: 110.1
270 386.0 , Est Remaining: 108.6
271 387.4 , Est Remaining: 107.2
272 388.9 , Est Remaining: 105.8
273 390.3 , Est Remaining: 104.4
274 391.7 , Est Remaining: 102.9
275 393.2 , Est Remaining: 101.5
276 394.6 , Est Remaining: 100.1
277 396.0 , Est Remaining: 98.6
278 397.5 , Est Remaining: 97.2
279 398.9 , Est Remaining: 95.8
280 400.3 , Est Remaining: 94.4
281 401.8 , Est Remaining: 92.9
282 403.2 , Est Remaining: 91.5
283 404.6 , Est Remaining: 90.1
284 406.1 , Est Remaining: 88.7
285 407.6 , Est Remaining: 87.2
286 409.0 , Est Remaining: 85.8
287 410.5 , Est Remaining: 84.4
288 411.9 , Est Remaining: 83.0
289 413.4 , Est Remaining: 81.5
290 414.9 , Est Remaining: 80.1
291 416.3 , Est Remaining: 78.7
292 417.8 , Est Remaining: 77.3
293 419.2 , Est Remaining: 75.8
294 420.7 , Est Remaining: 74.4
295 422.1 , Est Remaining: 73.0
296 423.6 , Est Remaining: 71.5
297 425.0 , Est Remaining: 70.1
298 426.4 , Est Remaining: 68.7
299 427.8 , Est Remaining: 67.3
300 429.3 , Est Remaining: 65.8
301 430.7 , Est Remaining: 64.4
302 432.3 , Est Remaining: 63.0
303 433.7 , Est Remaining: 61.6
EVENT FAILED
303 434.1 , Est Remaining: 61.6
304 435.5 , Est Remaining: 60.2
305 437.0 , Est Remaining: 58.7
306 438.4 , Est Remaining: 57.3
307 439.9 , Est Remaining: 55.9
308 441.3 , Est Remaining: 54.4
309 442.7 , Est Remaining: 53.0
310 444.1 , Est Remaining: 51.6
311 445.5 , Est Remaining: 50.1
312 446.9 , Est Remaining: 48.7
313 448.3 , Est Remaining: 47.3
314 449.7 , Est Remaining: 45.8
EVENT FAILED
314 450.0 , Est Remaining: 45.9
315 451.5 , Est Remaining: 44.4
316 452.9 , Est Remaining: 43.0
317 454.3 , Est Remaining: 41.6
318 455.8 , Est Remaining: 40.1
319 457.2 , Est Remaining: 38.7
320 458.6 , Est Remaining: 37.3
321 460.0 , Est Remaining: 35.8
322 461.5 , Est Remaining: 34.4
323 462.9 , Est Remaining: 33.0
324 464.3 , Est Remaining: 31.5
325 465.7 , Est Remaining: 30.1
326 467.1 , Est Remaining: 28.7
327 468.5 , Est Remaining: 27.2
328 469.9 , Est Remaining: 25.8
329 471.3 , Est Remaining: 24.4
330 472.7 , Est Remaining: 22.9
331 474.1 , Est Remaining: 21.5
332 475.5 , Est Remaining: 20.0
