Note: NumExpr detected 32 cores but "NUMEXPR_MAX_THREADS" not set, so enforcing safe limit of 8.
Using selector: EpollSelector
/n/home02/jhaefner/miniconda/envs/IC-3.7-2020-06-16/lib/python3.7/site-packages/scipy/optimize/minpack.py:808: OptimizeWarning: Covariance of the parameters could not be estimated
  category=OptimizeWarning)
Total rwfs: 346
0 0.0 , Est Remaining: 999999.9
1 1.4 , Est Remaining: 485.3
2 2.8 , Est Remaining: 479.5
3 4.2 , Est Remaining: 477.7
EVENT FAILED
3 5.0 , Est Remaining: 573.9
4 6.4 , Est Remaining: 546.0
5 7.8 , Est Remaining: 528.8
6 9.1 , Est Remaining: 517.5
7 10.5 , Est Remaining: 508.2
8 11.8 , Est Remaining: 500.6
9 13.2 , Est Remaining: 494.2
10 14.6 , Est Remaining: 489.2
11 15.9 , Est Remaining: 484.6
12 17.3 , Est Remaining: 480.5
13 18.6 , Est Remaining: 477.0
14 20.0 , Est Remaining: 473.7
15 21.3 , Est Remaining: 470.2
16 22.7 , Est Remaining: 467.2
17 24.0 , Est Remaining: 464.1
18 25.3 , Est Remaining: 460.4
19 26.6 , Est Remaining: 457.9
20 28.0 , Est Remaining: 455.7
21 29.3 , Est Remaining: 453.6
22 30.6 , Est Remaining: 451.2
23 32.0 , Est Remaining: 449.0
24 33.3 , Est Remaining: 446.9
25 34.6 , Est Remaining: 444.7
26 36.0 , Est Remaining: 442.6
27 37.3 , Est Remaining: 440.5
28 38.6 , Est Remaining: 438.6
29 39.9 , Est Remaining: 436.6
30 41.3 , Est Remaining: 434.7
31 42.6 , Est Remaining: 432.9
32 43.9 , Est Remaining: 431.0
33 45.3 , Est Remaining: 429.2
34 46.6 , Est Remaining: 427.4
35 47.9 , Est Remaining: 425.6
36 49.2 , Est Remaining: 423.9
37 50.6 , Est Remaining: 422.3
38 51.9 , Est Remaining: 420.6
39 53.2 , Est Remaining: 418.9
40 54.5 , Est Remaining: 417.2
41 55.9 , Est Remaining: 415.5
42 57.2 , Est Remaining: 413.9
EVENT FAILED
42 57.5 , Est Remaining: 416.0
43 58.8 , Est Remaining: 414.4
44 60.2 , Est Remaining: 412.9
45 61.5 , Est Remaining: 411.2
46 62.8 , Est Remaining: 409.7
47 64.2 , Est Remaining: 408.2
48 65.5 , Est Remaining: 406.7
49 66.8 , Est Remaining: 405.1
50 68.2 , Est Remaining: 403.6
51 69.5 , Est Remaining: 402.2
52 70.9 , Est Remaining: 400.8
53 72.2 , Est Remaining: 399.4
54 73.6 , Est Remaining: 398.0
55 74.9 , Est Remaining: 396.5
56 76.3 , Est Remaining: 395.2
57 77.7 , Est Remaining: 393.8
58 79.1 , Est Remaining: 392.6
59 80.4 , Est Remaining: 391.2
EVENT FAILED
59 80.7 , Est Remaining: 392.7
60 82.1 , Est Remaining: 391.4
61 83.5 , Est Remaining: 390.2
62 84.9 , Est Remaining: 389.0
63 86.3 , Est Remaining: 387.7
64 87.7 , Est Remaining: 386.4
EVENT FAILED
64 88.0 , Est Remaining: 387.7
65 89.4 , Est Remaining: 386.5
66 90.8 , Est Remaining: 385.2
67 92.2 , Est Remaining: 384.0
68 93.6 , Est Remaining: 382.7
69 95.0 , Est Remaining: 381.5
70 96.5 , Est Remaining: 380.4
71 97.9 , Est Remaining: 379.2
72 99.3 , Est Remaining: 378.0
73 100.7 , Est Remaining: 376.7
74 102.2 , Est Remaining: 375.5
75 103.6 , Est Remaining: 374.4
76 105.0 , Est Remaining: 373.2
77 106.5 , Est Remaining: 372.0
78 107.9 , Est Remaining: 370.8
79 109.4 , Est Remaining: 369.6
80 110.8 , Est Remaining: 368.4
81 112.2 , Est Remaining: 367.2
82 113.7 , Est Remaining: 366.0
83 115.1 , Est Remaining: 364.8
84 116.6 , Est Remaining: 363.6
EVENT FAILED
84 116.9 , Est Remaining: 364.5
85 118.3 , Est Remaining: 363.3
86 119.7 , Est Remaining: 362.0
87 121.2 , Est Remaining: 360.8
88 122.6 , Est Remaining: 359.5
89 124.1 , Est Remaining: 358.2
EVENT FAILED
89 124.4 , Est Remaining: 359.1
90 125.8 , Est Remaining: 357.8
91 127.2 , Est Remaining: 356.5
92 128.6 , Est Remaining: 355.0
93 130.0 , Est Remaining: 353.7
94 131.5 , Est Remaining: 352.4
95 133.0 , Est Remaining: 351.4
96 134.5 , Est Remaining: 350.2
EVENT FAILED
96 134.8 , Est Remaining: 351.0
97 136.2 , Est Remaining: 349.7
98 137.7 , Est Remaining: 348.4
99 139.1 , Est Remaining: 347.0
100 140.5 , Est Remaining: 345.7
101 142.0 , Est Remaining: 344.5
102 143.4 , Est Remaining: 343.1
103 144.9 , Est Remaining: 341.8
104 146.3 , Est Remaining: 340.4
105 147.7 , Est Remaining: 339.1
106 149.2 , Est Remaining: 337.8
107 150.6 , Est Remaining: 336.4
108 152.0 , Est Remaining: 335.0
109 153.5 , Est Remaining: 333.7
110 154.9 , Est Remaining: 332.3
111 156.3 , Est Remaining: 331.0
112 157.8 , Est Remaining: 329.6
113 159.2 , Est Remaining: 328.3
114 160.7 , Est Remaining: 326.9
115 162.1 , Est Remaining: 325.6
116 163.5 , Est Remaining: 324.2
117 165.0 , Est Remaining: 322.9
118 166.4 , Est Remaining: 321.5
119 167.8 , Est Remaining: 320.2
120 169.3 , Est Remaining: 318.8
121 170.7 , Est Remaining: 317.4
122 172.1 , Est Remaining: 316.0
123 173.5 , Est Remaining: 314.6
124 174.9 , Est Remaining: 313.2
125 176.4 , Est Remaining: 311.8
126 177.8 , Est Remaining: 310.5
127 179.3 , Est Remaining: 309.1
128 180.7 , Est Remaining: 307.8
129 182.2 , Est Remaining: 306.4
130 183.6 , Est Remaining: 305.1
131 185.0 , Est Remaining: 303.7
132 186.5 , Est Remaining: 302.3
133 187.9 , Est Remaining: 300.9
134 189.3 , Est Remaining: 299.5
135 190.8 , Est Remaining: 298.2
136 192.2 , Est Remaining: 296.8
137 193.6 , Est Remaining: 295.4
138 195.1 , Est Remaining: 294.0
139 196.5 , Est Remaining: 292.7
140 197.9 , Est Remaining: 291.3
141 199.4 , Est Remaining: 289.9
142 200.8 , Est Remaining: 288.5
143 202.2 , Est Remaining: 287.1
EVENT FAILED
143 202.6 , Est Remaining: 287.5
144 204.0 , Est Remaining: 286.2
145 205.5 , Est Remaining: 284.8
146 206.9 , Est Remaining: 283.5
147 208.4 , Est Remaining: 282.1
148 209.8 , Est Remaining: 280.7
149 211.3 , Est Remaining: 279.4
150 212.7 , Est Remaining: 278.0
151 214.2 , Est Remaining: 276.6
152 215.6 , Est Remaining: 275.2
153 217.0 , Est Remaining: 273.8
154 218.5 , Est Remaining: 272.4
155 219.9 , Est Remaining: 271.0
EVENT FAILED
155 220.2 , Est Remaining: 271.4
156 221.7 , Est Remaining: 270.0
157 223.1 , Est Remaining: 268.6
158 224.6 , Est Remaining: 267.2
159 226.0 , Est Remaining: 265.8
160 227.5 , Est Remaining: 264.4
161 228.9 , Est Remaining: 263.0
162 230.4 , Est Remaining: 261.7
163 231.8 , Est Remaining: 260.2
164 233.2 , Est Remaining: 258.8
165 234.7 , Est Remaining: 257.5
166 236.1 , Est Remaining: 256.1
EVENT FAILED
166 236.5 , Est Remaining: 256.4
167 237.9 , Est Remaining: 255.0
168 239.4 , Est Remaining: 253.6
169 240.8 , Est Remaining: 252.2
170 242.3 , Est Remaining: 250.8
171 243.7 , Est Remaining: 249.4
172 245.2 , Est Remaining: 248.1
173 246.7 , Est Remaining: 246.7
174 248.2 , Est Remaining: 245.3
175 249.6 , Est Remaining: 243.9
176 251.1 , Est Remaining: 242.5
EVENT FAILED
176 251.4 , Est Remaining: 242.8
177 252.8 , Est Remaining: 241.4
178 254.3 , Est Remaining: 240.0
179 255.7 , Est Remaining: 238.6
180 257.2 , Est Remaining: 237.2
181 258.6 , Est Remaining: 235.8
182 260.1 , Est Remaining: 234.3
183 261.5 , Est Remaining: 232.9
184 263.0 , Est Remaining: 231.5
185 264.4 , Est Remaining: 230.1
186 265.9 , Est Remaining: 228.7
EVENT FAILED
186 266.2 , Est Remaining: 229.0
187 267.6 , Est Remaining: 227.6
188 269.1 , Est Remaining: 226.1
189 270.5 , Est Remaining: 224.7
190 272.0 , Est Remaining: 223.3
191 273.5 , Est Remaining: 221.9
192 274.9 , Est Remaining: 220.5
193 276.4 , Est Remaining: 219.1
194 277.8 , Est Remaining: 217.7
195 279.3 , Est Remaining: 216.3
196 280.7 , Est Remaining: 214.9
197 282.2 , Est Remaining: 213.4
198 283.6 , Est Remaining: 212.0
199 285.1 , Est Remaining: 210.6
EVENT FAILED
199 285.4 , Est Remaining: 210.8
200 286.8 , Est Remaining: 209.4
201 288.4 , Est Remaining: 208.1
202 289.9 , Est Remaining: 206.7
203 291.4 , Est Remaining: 205.2
204 292.8 , Est Remaining: 203.8
205 294.3 , Est Remaining: 202.4
206 295.7 , Est Remaining: 201.0
207 297.1 , Est Remaining: 199.5
208 298.6 , Est Remaining: 198.1
209 300.1 , Est Remaining: 196.7
210 301.5 , Est Remaining: 195.3
211 303.0 , Est Remaining: 193.8
212 304.4 , Est Remaining: 192.4
213 305.9 , Est Remaining: 191.0
214 307.4 , Est Remaining: 189.6
215 308.9 , Est Remaining: 188.2
EVENT FAILED
215 309.2 , Est Remaining: 188.4
216 310.6 , Est Remaining: 187.0
217 312.1 , Est Remaining: 185.5
218 313.6 , Est Remaining: 184.1
219 315.0 , Est Remaining: 182.7
220 316.5 , Est Remaining: 181.3
221 317.9 , Est Remaining: 179.8
222 319.4 , Est Remaining: 178.4
223 320.9 , Est Remaining: 177.0
EVENT FAILED
223 321.2 , Est Remaining: 177.1
224 322.6 , Est Remaining: 175.7
225 324.0 , Est Remaining: 174.3
226 325.5 , Est Remaining: 172.8
227 327.0 , Est Remaining: 171.4
228 328.4 , Est Remaining: 170.0
229 329.8 , Est Remaining: 168.5
230 331.3 , Est Remaining: 167.1
231 332.7 , Est Remaining: 165.6
232 334.0 , Est Remaining: 164.1
233 335.5 , Est Remaining: 162.7
234 336.9 , Est Remaining: 161.3
235 338.4 , Est Remaining: 159.8
236 339.8 , Est Remaining: 158.4
237 341.3 , Est Remaining: 156.9
238 342.7 , Est Remaining: 155.5
239 344.2 , Est Remaining: 154.1
240 345.6 , Est Remaining: 152.7
241 347.1 , Est Remaining: 151.2
242 348.5 , Est Remaining: 149.8
243 350.0 , Est Remaining: 148.3
244 351.4 , Est Remaining: 146.9
245 352.9 , Est Remaining: 145.5
246 354.4 , Est Remaining: 144.0
247 355.8 , Est Remaining: 142.6
248 357.2 , Est Remaining: 141.2
249 358.7 , Est Remaining: 139.7
250 360.1 , Est Remaining: 138.3
251 361.6 , Est Remaining: 136.9
252 363.1 , Est Remaining: 135.4
253 364.5 , Est Remaining: 134.0
254 366.0 , Est Remaining: 132.6
255 367.4 , Est Remaining: 131.1
256 368.9 , Est Remaining: 129.7
EVENT FAILED
256 369.2 , Est Remaining: 129.8
257 370.6 , Est Remaining: 128.4
258 372.1 , Est Remaining: 126.9
259 373.6 , Est Remaining: 125.5
260 375.0 , Est Remaining: 124.0
261 376.4 , Est Remaining: 122.6
262 377.9 , Est Remaining: 121.2
263 379.4 , Est Remaining: 119.7
264 380.8 , Est Remaining: 118.3
265 382.3 , Est Remaining: 116.8
266 383.7 , Est Remaining: 115.4
267 385.2 , Est Remaining: 114.0
268 386.6 , Est Remaining: 112.5
EVENT FAILED
268 387.3 , Est Remaining: 112.7
269 388.8 , Est Remaining: 111.3
270 390.2 , Est Remaining: 109.8
271 391.7 , Est Remaining: 108.4
272 393.1 , Est Remaining: 107.0
273 394.6 , Est Remaining: 105.5
274 396.0 , Est Remaining: 104.1
275 397.5 , Est Remaining: 102.6
276 398.8 , Est Remaining: 101.1
277 400.3 , Est Remaining: 99.7
278 401.7 , Est Remaining: 98.3
279 403.1 , Est Remaining: 96.8
280 404.6 , Est Remaining: 95.4
281 406.0 , Est Remaining: 93.9
282 407.4 , Est Remaining: 92.5
283 408.8 , Est Remaining: 91.0
284 410.3 , Est Remaining: 89.6
285 411.7 , Est Remaining: 88.1
286 413.1 , Est Remaining: 86.7
287 414.6 , Est Remaining: 85.2
288 416.0 , Est Remaining: 83.8
289 417.4 , Est Remaining: 82.3
290 418.8 , Est Remaining: 80.9
291 420.3 , Est Remaining: 79.4
292 421.7 , Est Remaining: 78.0
293 423.1 , Est Remaining: 76.5
294 424.5 , Est Remaining: 75.1
295 426.0 , Est Remaining: 73.6
296 427.4 , Est Remaining: 72.2
297 428.8 , Est Remaining: 70.7
298 430.2 , Est Remaining: 69.3
299 431.6 , Est Remaining: 67.8
300 433.0 , Est Remaining: 66.4
301 434.6 , Est Remaining: 65.0
EVENT FAILED
301 434.9 , Est Remaining: 65.0
302 436.3 , Est Remaining: 63.6
303 437.7 , Est Remaining: 62.1
304 439.1 , Est Remaining: 60.7
305 440.5 , Est Remaining: 59.2
306 442.0 , Est Remaining: 57.8
307 443.3 , Est Remaining: 56.3
308 444.8 , Est Remaining: 54.9
309 446.2 , Est Remaining: 53.4
310 447.6 , Est Remaining: 52.0
EVENT FAILED
310 447.9 , Est Remaining: 52.0
311 449.3 , Est Remaining: 50.6
312 450.7 , Est Remaining: 49.1
313 452.1 , Est Remaining: 47.7
314 453.5 , Est Remaining: 46.2
315 454.9 , Est Remaining: 44.8
316 456.3 , Est Remaining: 43.3
317 457.7 , Est Remaining: 41.9
318 459.1 , Est Remaining: 40.4
319 460.5 , Est Remaining: 39.0
320 461.9 , Est Remaining: 37.5
321 463.3 , Est Remaining: 36.1
322 464.7 , Est Remaining: 34.6
323 466.1 , Est Remaining: 33.2
324 467.5 , Est Remaining: 31.7
325 468.9 , Est Remaining: 30.3
326 470.3 , Est Remaining: 28.9
