Note: NumExpr detected 32 cores but "NUMEXPR_MAX_THREADS" not set, so enforcing safe limit of 8.
Using selector: EpollSelector
/n/home02/jhaefner/miniconda/envs/IC-3.7-2020-06-16/lib/python3.7/site-packages/scipy/optimize/minpack.py:808: OptimizeWarning: Covariance of the parameters could not be estimated
  category=OptimizeWarning)
Total rwfs: 346
0 0.0 , Est Remaining: 999999.9
1 1.5 , Est Remaining: 508.9
2 2.9 , Est Remaining: 502.5
3 4.2 , Est Remaining: 483.1
4 5.6 , Est Remaining: 481.7
5 7.0 , Est Remaining: 478.1
6 8.4 , Est Remaining: 475.7
7 9.8 , Est Remaining: 473.0
8 11.1 , Est Remaining: 470.1
9 12.5 , Est Remaining: 468.2
10 13.9 , Est Remaining: 466.5
11 15.2 , Est Remaining: 464.2
12 16.6 , Est Remaining: 461.9
13 18.0 , Est Remaining: 460.3
14 19.3 , Est Remaining: 458.7
15 20.7 , Est Remaining: 456.4
16 22.0 , Est Remaining: 454.2
17 23.4 , Est Remaining: 451.9
18 24.7 , Est Remaining: 450.1
19 26.0 , Est Remaining: 448.3
20 27.4 , Est Remaining: 446.8
21 28.8 , Est Remaining: 445.4
22 30.1 , Est Remaining: 443.9
23 31.5 , Est Remaining: 442.7
24 32.9 , Est Remaining: 441.5
25 34.3 , Est Remaining: 440.4
26 35.7 , Est Remaining: 439.4
27 37.1 , Est Remaining: 438.2
28 38.5 , Est Remaining: 436.8
29 39.9 , Est Remaining: 435.6
30 41.2 , Est Remaining: 434.3
31 42.6 , Est Remaining: 432.9
32 44.0 , Est Remaining: 431.4
33 45.4 , Est Remaining: 430.2
34 46.7 , Est Remaining: 429.0
35 48.1 , Est Remaining: 427.6
36 49.5 , Est Remaining: 426.2
37 50.9 , Est Remaining: 424.9
38 52.3 , Est Remaining: 423.7
39 53.6 , Est Remaining: 422.3
40 55.0 , Est Remaining: 420.9
41 56.4 , Est Remaining: 419.5
42 57.8 , Est Remaining: 418.2
43 59.2 , Est Remaining: 417.1
44 60.6 , Est Remaining: 416.1
45 62.0 , Est Remaining: 414.8
46 63.4 , Est Remaining: 413.6
47 64.8 , Est Remaining: 412.1
48 66.1 , Est Remaining: 410.7
49 67.5 , Est Remaining: 409.2
50 68.9 , Est Remaining: 407.8
51 70.2 , Est Remaining: 406.3
52 71.6 , Est Remaining: 404.9
53 73.0 , Est Remaining: 403.4
54 74.4 , Est Remaining: 402.1
55 75.7 , Est Remaining: 400.6
56 77.1 , Est Remaining: 399.1
57 78.5 , Est Remaining: 397.8
58 79.9 , Est Remaining: 396.6
59 81.2 , Est Remaining: 395.2
60 82.6 , Est Remaining: 393.9
61 84.0 , Est Remaining: 392.5
62 85.4 , Est Remaining: 391.2
63 86.8 , Est Remaining: 390.0
64 88.2 , Est Remaining: 388.7
65 89.6 , Est Remaining: 387.4
66 91.0 , Est Remaining: 385.9
67 92.3 , Est Remaining: 384.5
68 93.7 , Est Remaining: 383.0
69 95.0 , Est Remaining: 381.6
70 96.4 , Est Remaining: 380.2
EVENT FAILED
70 96.7 , Est Remaining: 381.5
71 98.1 , Est Remaining: 380.0
72 99.5 , Est Remaining: 378.5
73 100.8 , Est Remaining: 377.1
74 102.2 , Est Remaining: 375.6
75 103.6 , Est Remaining: 374.2
76 105.0 , Est Remaining: 372.9
77 106.4 , Est Remaining: 371.6
78 107.8 , Est Remaining: 370.2
79 109.2 , Est Remaining: 368.9
80 110.5 , Est Remaining: 367.5
81 111.9 , Est Remaining: 366.1
82 113.3 , Est Remaining: 364.8
83 114.7 , Est Remaining: 363.4
84 116.0 , Est Remaining: 361.7
85 117.4 , Est Remaining: 360.4
86 118.8 , Est Remaining: 359.0
87 120.2 , Est Remaining: 357.7
88 121.5 , Est Remaining: 356.3
EVENT FAILED
88 121.9 , Est Remaining: 357.3
89 123.3 , Est Remaining: 355.9
90 124.6 , Est Remaining: 354.6
91 126.0 , Est Remaining: 353.2
92 127.4 , Est Remaining: 351.8
93 128.7 , Est Remaining: 350.2
94 130.1 , Est Remaining: 348.8
95 131.4 , Est Remaining: 347.2
96 132.8 , Est Remaining: 345.7
97 134.1 , Est Remaining: 344.2
98 135.4 , Est Remaining: 342.7
99 136.8 , Est Remaining: 341.3
EVENT FAILED
99 137.1 , Est Remaining: 342.0
100 138.5 , Est Remaining: 340.6
101 139.8 , Est Remaining: 339.1
102 141.1 , Est Remaining: 337.6
103 142.5 , Est Remaining: 336.3
104 143.9 , Est Remaining: 334.8
105 145.2 , Est Remaining: 333.3
106 146.6 , Est Remaining: 331.8
107 147.9 , Est Remaining: 330.4
108 149.2 , Est Remaining: 328.9
109 150.6 , Est Remaining: 327.4
110 151.9 , Est Remaining: 326.0
111 153.3 , Est Remaining: 324.5
112 154.6 , Est Remaining: 323.1
113 156.0 , Est Remaining: 321.6
114 157.3 , Est Remaining: 320.2
115 158.7 , Est Remaining: 318.8
116 160.0 , Est Remaining: 317.3
117 161.4 , Est Remaining: 315.9
118 162.7 , Est Remaining: 314.5
119 164.1 , Est Remaining: 313.0
120 165.4 , Est Remaining: 311.6
121 166.8 , Est Remaining: 310.2
122 168.1 , Est Remaining: 308.7
123 169.5 , Est Remaining: 307.3
124 170.8 , Est Remaining: 305.9
125 172.2 , Est Remaining: 304.4
126 173.5 , Est Remaining: 303.0
127 174.9 , Est Remaining: 301.6
128 176.3 , Est Remaining: 300.2
129 177.6 , Est Remaining: 298.8
130 179.0 , Est Remaining: 297.4
131 180.3 , Est Remaining: 296.0
132 181.7 , Est Remaining: 294.6
133 183.0 , Est Remaining: 293.1
134 184.4 , Est Remaining: 291.7
135 185.7 , Est Remaining: 290.3
136 187.1 , Est Remaining: 288.9
137 188.4 , Est Remaining: 287.5
138 189.8 , Est Remaining: 286.0
139 191.1 , Est Remaining: 284.6
140 192.5 , Est Remaining: 283.3
141 193.9 , Est Remaining: 281.9
142 195.2 , Est Remaining: 280.5
143 196.4 , Est Remaining: 278.9
144 197.8 , Est Remaining: 277.5
145 199.1 , Est Remaining: 276.0
146 200.5 , Est Remaining: 274.6
147 201.9 , Est Remaining: 273.3
148 203.3 , Est Remaining: 271.9
149 204.6 , Est Remaining: 270.6
150 206.0 , Est Remaining: 269.2
151 207.4 , Est Remaining: 267.8
152 208.7 , Est Remaining: 266.4
153 210.1 , Est Remaining: 265.1
154 211.5 , Est Remaining: 263.7
155 212.9 , Est Remaining: 262.3
156 214.3 , Est Remaining: 261.0
157 215.7 , Est Remaining: 259.7
158 217.1 , Est Remaining: 258.3
159 218.5 , Est Remaining: 257.0
160 219.8 , Est Remaining: 255.6
161 221.2 , Est Remaining: 254.2
162 222.6 , Est Remaining: 252.8
163 223.9 , Est Remaining: 251.4
EVENT FAILED
163 224.3 , Est Remaining: 251.8
164 225.6 , Est Remaining: 250.4
165 227.0 , Est Remaining: 249.0
166 228.4 , Est Remaining: 247.7
167 229.8 , Est Remaining: 246.3
168 231.2 , Est Remaining: 244.9
169 232.5 , Est Remaining: 243.5
170 233.9 , Est Remaining: 242.2
171 235.3 , Est Remaining: 240.8
172 236.6 , Est Remaining: 239.4
173 238.0 , Est Remaining: 238.0
174 239.4 , Est Remaining: 236.6
175 240.7 , Est Remaining: 235.2
176 242.1 , Est Remaining: 233.8
177 243.5 , Est Remaining: 232.5
178 244.8 , Est Remaining: 231.1
179 246.2 , Est Remaining: 229.7
180 247.5 , Est Remaining: 228.3
181 248.8 , Est Remaining: 226.8
182 250.2 , Est Remaining: 225.4
183 251.5 , Est Remaining: 224.0
184 252.9 , Est Remaining: 222.6
185 254.2 , Est Remaining: 221.3
186 255.6 , Est Remaining: 219.8
187 256.9 , Est Remaining: 218.4
EVENT FAILED
187 257.2 , Est Remaining: 218.7
188 258.5 , Est Remaining: 217.3
189 259.8 , Est Remaining: 215.8
190 261.2 , Est Remaining: 214.4
191 262.5 , Est Remaining: 213.0
192 263.9 , Est Remaining: 211.6
193 265.3 , Est Remaining: 210.3
194 266.7 , Est Remaining: 208.9
195 268.0 , Est Remaining: 207.6
196 269.4 , Est Remaining: 206.2
197 270.8 , Est Remaining: 204.8
198 272.2 , Est Remaining: 203.5
199 273.6 , Est Remaining: 202.1
200 275.0 , Est Remaining: 200.8
201 276.5 , Est Remaining: 199.5
202 278.0 , Est Remaining: 198.2
203 279.6 , Est Remaining: 196.9
204 281.0 , Est Remaining: 195.6
205 282.5 , Est Remaining: 194.3
206 284.0 , Est Remaining: 193.0
207 285.4 , Est Remaining: 191.7
208 286.9 , Est Remaining: 190.4
209 288.4 , Est Remaining: 189.0
210 289.8 , Est Remaining: 187.7
211 291.3 , Est Remaining: 186.4
212 292.7 , Est Remaining: 185.0
213 294.2 , Est Remaining: 183.7
214 295.7 , Est Remaining: 182.4
EVENT FAILED
214 296.0 , Est Remaining: 182.6
215 297.4 , Est Remaining: 181.2
216 298.9 , Est Remaining: 179.9
217 300.4 , Est Remaining: 178.6
218 301.8 , Est Remaining: 177.2
219 303.3 , Est Remaining: 175.9
220 304.6 , Est Remaining: 174.5
221 306.1 , Est Remaining: 173.1
222 307.5 , Est Remaining: 171.8
223 309.0 , Est Remaining: 170.4
224 310.5 , Est Remaining: 169.1
225 311.9 , Est Remaining: 167.7
226 313.4 , Est Remaining: 166.4
227 314.9 , Est Remaining: 165.1
228 316.3 , Est Remaining: 163.7
229 317.8 , Est Remaining: 162.4
230 319.2 , Est Remaining: 161.0
231 320.7 , Est Remaining: 159.7
232 322.1 , Est Remaining: 158.3
233 323.6 , Est Remaining: 156.9
234 325.0 , Est Remaining: 155.6
235 326.5 , Est Remaining: 154.2
236 327.9 , Est Remaining: 152.8
237 329.3 , Est Remaining: 151.5
238 330.8 , Est Remaining: 150.1
239 332.2 , Est Remaining: 148.7
240 333.6 , Est Remaining: 147.4
241 335.1 , Est Remaining: 146.0
242 336.5 , Est Remaining: 144.6
243 338.0 , Est Remaining: 143.2
244 339.4 , Est Remaining: 141.9
245 340.8 , Est Remaining: 140.5
246 342.3 , Est Remaining: 139.1
247 343.7 , Est Remaining: 137.8
248 345.2 , Est Remaining: 136.4
249 346.6 , Est Remaining: 135.0
250 348.1 , Est Remaining: 133.7
251 349.5 , Est Remaining: 132.3
252 351.0 , Est Remaining: 130.9
253 352.4 , Est Remaining: 129.5
254 353.9 , Est Remaining: 128.2
255 355.4 , Est Remaining: 126.8
256 356.8 , Est Remaining: 125.4
257 358.3 , Est Remaining: 124.1
258 359.7 , Est Remaining: 122.7
259 361.2 , Est Remaining: 121.3
260 362.6 , Est Remaining: 119.9
261 364.1 , Est Remaining: 118.6
262 365.5 , Est Remaining: 117.2
263 367.0 , Est Remaining: 115.8
264 368.4 , Est Remaining: 114.4
265 369.9 , Est Remaining: 113.1
266 371.3 , Est Remaining: 111.7
267 372.8 , Est Remaining: 110.3
268 374.3 , Est Remaining: 108.9
269 375.7 , Est Remaining: 107.6
270 377.2 , Est Remaining: 106.2
271 378.6 , Est Remaining: 104.8
272 380.0 , Est Remaining: 103.4
273 381.5 , Est Remaining: 102.0
274 383.0 , Est Remaining: 100.6
275 384.4 , Est Remaining: 99.2
276 385.8 , Est Remaining: 97.9
277 387.3 , Est Remaining: 96.5
278 388.8 , Est Remaining: 95.1
279 390.2 , Est Remaining: 93.7
280 391.7 , Est Remaining: 92.3
281 393.1 , Est Remaining: 90.9
282 394.6 , Est Remaining: 89.6
EVENT FAILED
282 394.9 , Est Remaining: 89.6
EVENT FAILED
282 395.2 , Est Remaining: 89.7
283 396.7 , Est Remaining: 88.3
284 398.1 , Est Remaining: 86.9
285 399.6 , Est Remaining: 85.5
286 401.0 , Est Remaining: 84.1
287 402.4 , Est Remaining: 82.7
288 403.9 , Est Remaining: 81.3
289 405.4 , Est Remaining: 80.0
290 406.8 , Est Remaining: 78.6
291 408.3 , Est Remaining: 77.2
292 409.8 , Est Remaining: 75.8
293 411.3 , Est Remaining: 74.4
294 412.7 , Est Remaining: 73.0
295 414.2 , Est Remaining: 71.6
296 415.7 , Est Remaining: 70.2
297 417.2 , Est Remaining: 68.8
298 418.6 , Est Remaining: 67.4
299 420.1 , Est Remaining: 66.0
300 421.6 , Est Remaining: 64.6
301 423.1 , Est Remaining: 63.2
302 424.7 , Est Remaining: 61.9
303 426.2 , Est Remaining: 60.5
304 427.6 , Est Remaining: 59.1
305 429.1 , Est Remaining: 57.7
306 430.5 , Est Remaining: 56.3
307 431.9 , Est Remaining: 54.9
308 433.4 , Est Remaining: 53.5
309 434.9 , Est Remaining: 52.1
310 436.3 , Est Remaining: 50.7
EVENT FAILED
310 436.6 , Est Remaining: 50.7
311 438.1 , Est Remaining: 49.3
312 439.6 , Est Remaining: 47.9
313 441.0 , Est Remaining: 46.5
314 442.5 , Est Remaining: 45.1
315 444.0 , Est Remaining: 43.7
316 445.4 , Est Remaining: 42.3
317 446.9 , Est Remaining: 40.9
EVENT FAILED
317 447.2 , Est Remaining: 40.9
318 448.7 , Est Remaining: 39.5
319 450.2 , Est Remaining: 38.1
320 451.7 , Est Remaining: 36.7
321 453.2 , Est Remaining: 35.3
322 454.7 , Est Remaining: 33.9
323 456.1 , Est Remaining: 32.5
324 457.6 , Est Remaining: 31.1
325 459.1 , Est Remaining: 29.7
326 460.5 , Est Remaining: 28.3
327 462.0 , Est Remaining: 26.8
328 463.4 , Est Remaining: 25.4
329 464.8 , Est Remaining: 24.0
330 466.3 , Est Remaining: 22.6
331 467.7 , Est Remaining: 21.2
EVENT FAILED
331 468.0 , Est Remaining: 21.2
332 469.4 , Est Remaining: 19.8
333 470.9 , Est Remaining: 18.4
334 472.3 , Est Remaining: 17.0
