Note: NumExpr detected 32 cores but "NUMEXPR_MAX_THREADS" not set, so enforcing safe limit of 8.
Using selector: EpollSelector
/n/home02/jhaefner/miniconda/envs/IC-3.7-2020-06-16/lib/python3.7/site-packages/scipy/optimize/minpack.py:808: OptimizeWarning: Covariance of the parameters could not be estimated
  category=OptimizeWarning)
Total rwfs: 346
0 0.0 , Est Remaining: 999999.9
1 1.4 , Est Remaining: 497.8
2 2.8 , Est Remaining: 489.2
3 4.3 , Est Remaining: 487.9
4 5.7 , Est Remaining: 483.4
5 7.1 , Est Remaining: 481.5
6 8.5 , Est Remaining: 480.3
7 9.9 , Est Remaining: 481.2
8 11.3 , Est Remaining: 479.1
9 12.7 , Est Remaining: 475.9
10 14.1 , Est Remaining: 474.3
11 15.5 , Est Remaining: 472.9
12 16.9 , Est Remaining: 471.7
13 18.3 , Est Remaining: 469.9
14 19.7 , Est Remaining: 468.2
15 21.1 , Est Remaining: 466.6
16 22.5 , Est Remaining: 464.9
17 23.9 , Est Remaining: 463.2
18 25.3 , Est Remaining: 461.8
19 26.7 , Est Remaining: 460.0
20 28.1 , Est Remaining: 458.7
21 29.6 , Est Remaining: 457.5
22 31.0 , Est Remaining: 456.0
23 32.4 , Est Remaining: 454.9
24 33.8 , Est Remaining: 453.3
25 35.2 , Est Remaining: 451.6
26 36.6 , Est Remaining: 450.0
27 38.0 , Est Remaining: 448.5
28 39.4 , Est Remaining: 447.3
29 40.8 , Est Remaining: 445.9
30 42.2 , Est Remaining: 444.5
31 43.6 , Est Remaining: 443.0
32 45.0 , Est Remaining: 441.6
EVENT FAILED
32 45.3 , Est Remaining: 444.5
33 46.7 , Est Remaining: 443.1
34 48.1 , Est Remaining: 441.6
EVENT FAILED
34 48.4 , Est Remaining: 444.4
35 49.8 , Est Remaining: 442.8
36 51.2 , Est Remaining: 441.2
37 52.6 , Est Remaining: 439.7
38 54.1 , Est Remaining: 438.1
39 55.5 , Est Remaining: 436.7
40 56.9 , Est Remaining: 435.1
41 58.3 , Est Remaining: 433.7
42 59.7 , Est Remaining: 432.3
EVENT FAILED
42 60.0 , Est Remaining: 434.5
43 61.4 , Est Remaining: 433.0
44 62.9 , Est Remaining: 431.4
45 64.3 , Est Remaining: 429.8
46 65.7 , Est Remaining: 428.3
47 67.1 , Est Remaining: 426.7
48 68.5 , Est Remaining: 425.3
49 69.9 , Est Remaining: 423.8
50 71.3 , Est Remaining: 422.2
51 72.7 , Est Remaining: 420.7
52 74.2 , Est Remaining: 419.3
53 75.6 , Est Remaining: 417.9
54 77.0 , Est Remaining: 416.3
55 78.4 , Est Remaining: 414.8
56 79.8 , Est Remaining: 413.3
57 81.2 , Est Remaining: 411.9
58 82.7 , Est Remaining: 410.5
59 84.1 , Est Remaining: 409.1
60 85.5 , Est Remaining: 407.7
61 87.0 , Est Remaining: 406.3
62 88.4 , Est Remaining: 405.0
63 89.9 , Est Remaining: 403.7
64 91.3 , Est Remaining: 402.3
65 92.7 , Est Remaining: 400.9
66 94.2 , Est Remaining: 399.6
67 95.6 , Est Remaining: 398.3
68 97.1 , Est Remaining: 397.0
69 98.5 , Est Remaining: 395.6
70 100.0 , Est Remaining: 394.1
71 101.4 , Est Remaining: 392.7
72 102.8 , Est Remaining: 391.4
73 104.3 , Est Remaining: 390.0
74 105.7 , Est Remaining: 388.5
75 107.1 , Est Remaining: 387.1
76 108.6 , Est Remaining: 385.7
77 110.0 , Est Remaining: 384.3
78 111.4 , Est Remaining: 382.8
79 112.8 , Est Remaining: 381.4
80 114.3 , Est Remaining: 380.0
81 115.7 , Est Remaining: 378.6
82 117.1 , Est Remaining: 377.1
83 118.6 , Est Remaining: 375.7
84 120.0 , Est Remaining: 374.3
85 121.4 , Est Remaining: 372.8
86 122.8 , Est Remaining: 371.4
EVENT FAILED
86 123.8 , Est Remaining: 374.2
87 125.2 , Est Remaining: 372.7
88 126.6 , Est Remaining: 371.1
89 128.0 , Est Remaining: 369.6
90 129.4 , Est Remaining: 368.1
91 130.8 , Est Remaining: 366.5
92 132.2 , Est Remaining: 365.0
93 133.6 , Est Remaining: 363.5
94 135.0 , Est Remaining: 362.0
95 136.5 , Est Remaining: 360.6
EVENT FAILED
95 136.8 , Est Remaining: 361.4
96 138.2 , Est Remaining: 359.9
97 139.6 , Est Remaining: 358.4
98 141.1 , Est Remaining: 357.0
99 142.5 , Est Remaining: 355.5
100 143.9 , Est Remaining: 354.0
101 145.4 , Est Remaining: 352.6
102 146.8 , Est Remaining: 351.1
EVENT FAILED
102 147.2 , Est Remaining: 352.1
103 148.6 , Est Remaining: 350.7
104 150.1 , Est Remaining: 349.2
105 151.5 , Est Remaining: 347.7
106 152.9 , Est Remaining: 346.3
107 154.4 , Est Remaining: 344.8
108 155.8 , Est Remaining: 343.4
109 157.3 , Est Remaining: 342.0
110 158.7 , Est Remaining: 340.6
111 160.2 , Est Remaining: 339.1
112 161.6 , Est Remaining: 337.7
113 163.1 , Est Remaining: 336.2
114 164.5 , Est Remaining: 334.8
115 166.0 , Est Remaining: 333.4
116 167.4 , Est Remaining: 331.9
117 168.9 , Est Remaining: 330.5
118 170.3 , Est Remaining: 329.1
119 171.8 , Est Remaining: 327.7
120 173.2 , Est Remaining: 326.3
121 174.7 , Est Remaining: 324.8
122 176.2 , Est Remaining: 323.4
123 177.6 , Est Remaining: 322.0
124 179.1 , Est Remaining: 320.6
125 180.5 , Est Remaining: 319.1
126 182.0 , Est Remaining: 317.7
127 183.4 , Est Remaining: 316.2
128 184.8 , Est Remaining: 314.8
129 186.3 , Est Remaining: 313.3
EVENT FAILED
129 186.6 , Est Remaining: 313.8
130 188.0 , Est Remaining: 312.4
131 189.4 , Est Remaining: 310.9
132 190.9 , Est Remaining: 309.5
133 192.3 , Est Remaining: 308.0
134 193.8 , Est Remaining: 306.6
135 195.2 , Est Remaining: 305.1
136 196.7 , Est Remaining: 303.7
137 198.1 , Est Remaining: 302.3
138 199.6 , Est Remaining: 300.8
EVENT FAILED
138 199.9 , Est Remaining: 301.3
139 201.3 , Est Remaining: 299.8
140 202.8 , Est Remaining: 298.4
141 204.2 , Est Remaining: 296.9
142 205.6 , Est Remaining: 295.4
143 207.1 , Est Remaining: 294.0
144 208.5 , Est Remaining: 292.5
145 210.0 , Est Remaining: 291.1
146 211.4 , Est Remaining: 289.6
147 212.8 , Est Remaining: 288.1
EVENT FAILED
147 213.1 , Est Remaining: 288.5
148 214.6 , Est Remaining: 287.1
149 216.0 , Est Remaining: 285.6
150 217.5 , Est Remaining: 284.2
151 218.9 , Est Remaining: 282.7
152 220.3 , Est Remaining: 281.2
153 221.8 , Est Remaining: 279.8
154 223.2 , Est Remaining: 278.3
155 224.6 , Est Remaining: 276.8
156 226.1 , Est Remaining: 275.3
157 227.5 , Est Remaining: 273.9
158 228.9 , Est Remaining: 272.4
159 230.3 , Est Remaining: 270.9
160 231.7 , Est Remaining: 269.4
161 233.2 , Est Remaining: 267.9
162 234.6 , Est Remaining: 266.4
163 236.0 , Est Remaining: 265.0
164 237.4 , Est Remaining: 263.5
165 238.9 , Est Remaining: 262.1
166 240.3 , Est Remaining: 260.6
167 241.8 , Est Remaining: 259.1
168 243.2 , Est Remaining: 257.7
169 244.6 , Est Remaining: 256.2
170 246.1 , Est Remaining: 254.7
171 247.5 , Est Remaining: 253.3
172 248.9 , Est Remaining: 251.8
173 250.4 , Est Remaining: 250.4
174 251.8 , Est Remaining: 248.9
175 253.3 , Est Remaining: 247.5
176 254.7 , Est Remaining: 246.0
177 256.2 , Est Remaining: 244.6
178 257.6 , Est Remaining: 243.1
179 259.1 , Est Remaining: 241.7
180 260.5 , Est Remaining: 240.3
181 262.0 , Est Remaining: 238.8
182 263.4 , Est Remaining: 237.4
183 264.9 , Est Remaining: 235.9
184 266.3 , Est Remaining: 234.5
185 267.8 , Est Remaining: 233.0
186 269.2 , Est Remaining: 231.6
187 270.7 , Est Remaining: 230.1
188 272.1 , Est Remaining: 228.7
189 273.5 , Est Remaining: 227.2
190 274.9 , Est Remaining: 225.7
191 276.4 , Est Remaining: 224.3
192 277.8 , Est Remaining: 222.8
193 279.2 , Est Remaining: 221.4
194 280.7 , Est Remaining: 219.9
195 282.1 , Est Remaining: 218.4
196 283.5 , Est Remaining: 217.0
197 284.9 , Est Remaining: 215.5
198 286.3 , Est Remaining: 214.0
199 287.7 , Est Remaining: 212.5
200 289.1 , Est Remaining: 211.1
201 290.6 , Est Remaining: 209.6
202 292.1 , Est Remaining: 208.2
EVENT FAILED
202 292.4 , Est Remaining: 208.4
203 293.8 , Est Remaining: 207.0
204 295.3 , Est Remaining: 205.5
205 296.7 , Est Remaining: 204.1
206 298.1 , Est Remaining: 202.6
207 299.5 , Est Remaining: 201.1
208 300.9 , Est Remaining: 199.6
209 302.3 , Est Remaining: 198.1
210 303.7 , Est Remaining: 196.7
211 305.1 , Est Remaining: 195.2
212 306.5 , Est Remaining: 193.7
EVENT FAILED
212 306.8 , Est Remaining: 193.9
213 308.2 , Est Remaining: 192.5
214 309.6 , Est Remaining: 191.0
215 311.0 , Est Remaining: 189.5
216 312.5 , Est Remaining: 188.0
217 313.9 , Est Remaining: 186.6
218 315.3 , Est Remaining: 185.1
219 316.8 , Est Remaining: 183.7
220 318.2 , Est Remaining: 182.2
221 319.7 , Est Remaining: 180.8
222 321.1 , Est Remaining: 179.3
223 322.5 , Est Remaining: 177.9
224 324.0 , Est Remaining: 176.4
225 325.4 , Est Remaining: 175.0
226 326.8 , Est Remaining: 173.5
227 328.3 , Est Remaining: 172.1
228 329.7 , Est Remaining: 170.6
229 331.2 , Est Remaining: 169.2
230 332.6 , Est Remaining: 167.8
231 334.1 , Est Remaining: 166.3
232 335.5 , Est Remaining: 164.9
233 336.9 , Est Remaining: 163.4
234 338.4 , Est Remaining: 162.0
235 339.8 , Est Remaining: 160.5
236 341.2 , Est Remaining: 159.0
237 342.7 , Est Remaining: 157.6
238 344.1 , Est Remaining: 156.1
239 345.5 , Est Remaining: 154.7
240 346.9 , Est Remaining: 153.2
241 348.3 , Est Remaining: 151.8
242 349.7 , Est Remaining: 150.3
243 351.2 , Est Remaining: 148.9
244 352.6 , Est Remaining: 147.4
245 354.0 , Est Remaining: 146.0
246 355.5 , Est Remaining: 144.5
247 356.9 , Est Remaining: 143.1
248 358.3 , Est Remaining: 141.6
249 359.8 , Est Remaining: 140.2
250 361.3 , Est Remaining: 138.7
251 362.7 , Est Remaining: 137.3
252 364.1 , Est Remaining: 135.8
253 365.6 , Est Remaining: 134.4
254 367.0 , Est Remaining: 132.9
255 368.5 , Est Remaining: 131.5
256 369.9 , Est Remaining: 130.0
257 371.4 , Est Remaining: 128.6
258 372.8 , Est Remaining: 127.2
259 374.2 , Est Remaining: 125.7
260 375.7 , Est Remaining: 124.3
261 377.2 , Est Remaining: 122.8
262 378.6 , Est Remaining: 121.4
263 380.0 , Est Remaining: 119.9
264 381.5 , Est Remaining: 118.5
265 382.9 , Est Remaining: 117.0
266 384.3 , Est Remaining: 115.6
267 385.7 , Est Remaining: 114.1
268 387.1 , Est Remaining: 112.7
269 388.5 , Est Remaining: 111.2
270 389.9 , Est Remaining: 109.8
271 391.3 , Est Remaining: 108.3
272 392.8 , Est Remaining: 106.9
273 394.2 , Est Remaining: 105.4
274 395.6 , Est Remaining: 104.0
275 397.0 , Est Remaining: 102.5
276 398.4 , Est Remaining: 101.0
277 399.8 , Est Remaining: 99.6
278 401.2 , Est Remaining: 98.1
279 402.7 , Est Remaining: 96.7
280 404.1 , Est Remaining: 95.2
281 405.5 , Est Remaining: 93.8
282 406.9 , Est Remaining: 92.4
283 408.3 , Est Remaining: 90.9
284 409.7 , Est Remaining: 89.4
285 411.1 , Est Remaining: 88.0
286 412.5 , Est Remaining: 86.5
287 413.9 , Est Remaining: 85.1
288 415.2 , Est Remaining: 83.6
289 416.6 , Est Remaining: 82.2
290 418.0 , Est Remaining: 80.7
291 419.4 , Est Remaining: 79.3
292 420.8 , Est Remaining: 77.8
293 422.1 , Est Remaining: 76.4
294 423.5 , Est Remaining: 74.9
295 424.9 , Est Remaining: 73.4
296 426.2 , Est Remaining: 72.0
297 427.6 , Est Remaining: 70.5
298 428.9 , Est Remaining: 69.1
299 430.3 , Est Remaining: 67.6
EVENT FAILED
299 430.6 , Est Remaining: 67.7
300 432.0 , Est Remaining: 66.2
301 433.4 , Est Remaining: 64.8
302 434.9 , Est Remaining: 63.4
EVENT FAILED
302 435.2 , Est Remaining: 63.4
303 436.5 , Est Remaining: 62.0
304 437.9 , Est Remaining: 60.5
305 439.3 , Est Remaining: 59.1
306 440.7 , Est Remaining: 57.6
307 442.1 , Est Remaining: 56.2
308 443.4 , Est Remaining: 54.7
309 444.8 , Est Remaining: 53.3
310 446.2 , Est Remaining: 51.8
311 447.5 , Est Remaining: 50.4
312 448.9 , Est Remaining: 48.9
313 450.3 , Est Remaining: 47.5
314 451.7 , Est Remaining: 46.0
315 453.1 , Est Remaining: 44.6
316 454.4 , Est Remaining: 43.1
317 455.8 , Est Remaining: 41.7
318 457.2 , Est Remaining: 40.3
319 458.5 , Est Remaining: 38.8
320 459.9 , Est Remaining: 37.4
321 461.3 , Est Remaining: 35.9
322 462.6 , Est Remaining: 34.5
323 464.0 , Est Remaining: 33.0
324 465.3 , Est Remaining: 31.6
325 466.7 , Est Remaining: 30.2
326 468.1 , Est Remaining: 28.7
327 469.4 , Est Remaining: 27.3
328 470.7 , Est Remaining: 25.8
329 472.1 , Est Remaining: 24.4
330 473.4 , Est Remaining: 23.0
331 474.7 , Est Remaining: 21.5
332 476.0 , Est Remaining: 20.1
