Note: NumExpr detected 32 cores but "NUMEXPR_MAX_THREADS" not set, so enforcing safe limit of 8.
Using selector: EpollSelector
/n/home02/jhaefner/miniconda/envs/IC-3.7-2020-06-16/lib/python3.7/site-packages/scipy/optimize/minpack.py:808: OptimizeWarning: Covariance of the parameters could not be estimated
  category=OptimizeWarning)
Total rwfs: 346
0 0.0 , Est Remaining: 999999.9
1 1.5 , Est Remaining: 511.3
2 2.9 , Est Remaining: 506.7
3 4.4 , Est Remaining: 506.7
4 5.9 , Est Remaining: 504.1
5 7.3 , Est Remaining: 501.2
6 8.8 , Est Remaining: 498.1
7 10.3 , Est Remaining: 497.0
8 11.7 , Est Remaining: 495.9
9 13.2 , Est Remaining: 494.0
10 14.7 , Est Remaining: 492.7
11 16.1 , Est Remaining: 491.5
12 17.6 , Est Remaining: 490.0
13 19.1 , Est Remaining: 488.2
14 20.5 , Est Remaining: 486.9
15 22.0 , Est Remaining: 485.7
16 23.5 , Est Remaining: 484.6
17 25.0 , Est Remaining: 483.3
18 26.4 , Est Remaining: 481.7
19 27.9 , Est Remaining: 480.2
20 29.4 , Est Remaining: 479.0
21 30.9 , Est Remaining: 478.1
22 32.4 , Est Remaining: 476.5
23 33.8 , Est Remaining: 474.9
24 35.3 , Est Remaining: 473.4
25 36.8 , Est Remaining: 472.0
26 38.2 , Est Remaining: 470.7
27 39.7 , Est Remaining: 469.2
28 41.2 , Est Remaining: 467.8
29 42.7 , Est Remaining: 466.3
30 44.1 , Est Remaining: 464.8
31 45.6 , Est Remaining: 463.3
32 47.1 , Est Remaining: 461.8
33 48.5 , Est Remaining: 460.4
34 50.0 , Est Remaining: 459.0
35 51.5 , Est Remaining: 457.7
36 53.0 , Est Remaining: 456.3
37 54.5 , Est Remaining: 454.9
38 56.0 , Est Remaining: 453.5
39 57.4 , Est Remaining: 452.1
40 58.9 , Est Remaining: 450.7
41 60.4 , Est Remaining: 449.2
42 61.9 , Est Remaining: 447.7
43 63.3 , Est Remaining: 446.2
44 64.8 , Est Remaining: 444.8
45 66.3 , Est Remaining: 443.3
46 67.7 , Est Remaining: 441.8
47 69.2 , Est Remaining: 440.3
48 70.7 , Est Remaining: 438.8
49 72.2 , Est Remaining: 437.3
50 73.6 , Est Remaining: 435.8
51 75.1 , Est Remaining: 434.3
52 76.5 , Est Remaining: 432.8
53 78.0 , Est Remaining: 431.3
54 79.5 , Est Remaining: 429.7
55 80.9 , Est Remaining: 428.2
56 82.4 , Est Remaining: 426.8
EVENT FAILED
56 82.7 , Est Remaining: 428.5
57 84.2 , Est Remaining: 427.1
58 85.7 , Est Remaining: 425.6
59 87.2 , Est Remaining: 424.1
60 88.6 , Est Remaining: 422.6
61 90.1 , Est Remaining: 421.0
62 91.6 , Est Remaining: 419.6
63 93.1 , Est Remaining: 418.1
64 94.5 , Est Remaining: 416.6
65 96.0 , Est Remaining: 415.1
66 97.5 , Est Remaining: 413.5
67 98.9 , Est Remaining: 412.0
68 100.4 , Est Remaining: 410.5
69 101.9 , Est Remaining: 409.0
70 103.4 , Est Remaining: 407.6
71 104.9 , Est Remaining: 406.2
72 106.3 , Est Remaining: 404.6
73 107.8 , Est Remaining: 403.1
74 109.3 , Est Remaining: 401.6
75 110.7 , Est Remaining: 400.0
76 112.2 , Est Remaining: 398.5
77 113.6 , Est Remaining: 397.0
78 115.1 , Est Remaining: 395.4
79 116.5 , Est Remaining: 393.8
80 118.0 , Est Remaining: 392.4
81 119.5 , Est Remaining: 390.8
82 120.9 , Est Remaining: 389.3
83 122.4 , Est Remaining: 387.7
84 123.8 , Est Remaining: 386.2
85 125.3 , Est Remaining: 384.7
86 126.8 , Est Remaining: 383.3
87 128.2 , Est Remaining: 381.7
88 129.7 , Est Remaining: 380.1
89 131.1 , Est Remaining: 378.6
90 132.6 , Est Remaining: 377.0
91 134.0 , Est Remaining: 375.5
92 135.5 , Est Remaining: 374.0
93 136.9 , Est Remaining: 372.4
94 138.3 , Est Remaining: 370.8
95 139.8 , Est Remaining: 369.4
96 141.2 , Est Remaining: 367.8
97 142.7 , Est Remaining: 366.3
98 144.1 , Est Remaining: 364.8
99 145.6 , Est Remaining: 363.3
100 147.1 , Est Remaining: 361.8
101 148.5 , Est Remaining: 360.3
102 150.0 , Est Remaining: 358.9
103 151.6 , Est Remaining: 357.6
104 153.0 , Est Remaining: 356.1
105 154.5 , Est Remaining: 354.6
106 156.0 , Est Remaining: 353.1
107 157.4 , Est Remaining: 351.6
EVENT FAILED
107 157.7 , Est Remaining: 352.3
108 159.2 , Est Remaining: 350.8
109 160.6 , Est Remaining: 349.2
110 162.1 , Est Remaining: 347.7
111 163.5 , Est Remaining: 346.2
112 165.0 , Est Remaining: 344.7
113 166.5 , Est Remaining: 343.2
114 167.9 , Est Remaining: 341.7
115 169.4 , Est Remaining: 340.2
116 170.8 , Est Remaining: 338.7
EVENT FAILED
116 171.2 , Est Remaining: 339.4
117 172.6 , Est Remaining: 337.9
118 174.1 , Est Remaining: 336.3
EVENT FAILED
118 174.4 , Est Remaining: 336.9
119 175.8 , Est Remaining: 335.4
120 177.3 , Est Remaining: 333.8
121 178.7 , Est Remaining: 332.3
122 180.2 , Est Remaining: 330.8
123 181.6 , Est Remaining: 329.3
124 183.1 , Est Remaining: 327.8
125 184.6 , Est Remaining: 326.3
126 186.0 , Est Remaining: 324.8
127 187.5 , Est Remaining: 323.4
128 189.0 , Est Remaining: 321.9
129 190.5 , Est Remaining: 320.5
130 192.0 , Est Remaining: 319.0
131 193.5 , Est Remaining: 317.5
132 194.9 , Est Remaining: 316.0
133 196.4 , Est Remaining: 314.5
134 197.9 , Est Remaining: 313.1
135 199.4 , Est Remaining: 311.6
136 200.9 , Est Remaining: 310.1
137 202.3 , Est Remaining: 308.6
138 203.8 , Est Remaining: 307.2
139 205.3 , Est Remaining: 305.7
140 206.7 , Est Remaining: 304.2
141 208.2 , Est Remaining: 302.7
142 209.7 , Est Remaining: 301.2
143 211.1 , Est Remaining: 299.7
144 212.6 , Est Remaining: 298.2
145 214.1 , Est Remaining: 296.8
146 215.5 , Est Remaining: 295.3
147 217.0 , Est Remaining: 293.8
148 218.5 , Est Remaining: 292.3
149 219.9 , Est Remaining: 290.7
150 221.4 , Est Remaining: 289.3
151 222.8 , Est Remaining: 287.7
152 224.3 , Est Remaining: 286.3
153 225.8 , Est Remaining: 284.8
154 227.2 , Est Remaining: 283.3
EVENT FAILED
154 227.5 , Est Remaining: 283.7
EVENT FAILED
154 227.8 , Est Remaining: 284.1
155 229.3 , Est Remaining: 282.6
156 230.7 , Est Remaining: 281.0
157 232.2 , Est Remaining: 279.5
158 233.6 , Est Remaining: 278.0
159 235.1 , Est Remaining: 276.5
160 236.5 , Est Remaining: 275.0
161 238.0 , Est Remaining: 273.5
EVENT FAILED
161 238.3 , Est Remaining: 273.8
162 239.8 , Est Remaining: 272.3
163 241.2 , Est Remaining: 270.8
164 242.7 , Est Remaining: 269.3
165 244.1 , Est Remaining: 267.8
166 245.6 , Est Remaining: 266.3
167 247.1 , Est Remaining: 264.8
168 248.5 , Est Remaining: 263.3
169 250.0 , Est Remaining: 261.8
170 251.4 , Est Remaining: 260.3
171 252.9 , Est Remaining: 258.8
172 254.3 , Est Remaining: 257.3
173 255.8 , Est Remaining: 255.8
174 257.3 , Est Remaining: 254.3
175 258.7 , Est Remaining: 252.8
176 260.2 , Est Remaining: 251.3
177 261.6 , Est Remaining: 249.8
178 263.1 , Est Remaining: 248.3
179 264.6 , Est Remaining: 246.8
180 266.0 , Est Remaining: 245.3
181 267.5 , Est Remaining: 243.8
182 268.9 , Est Remaining: 242.3
EVENT FAILED
182 269.2 , Est Remaining: 242.6
183 270.7 , Est Remaining: 241.1
184 272.2 , Est Remaining: 239.6
185 273.6 , Est Remaining: 238.1
186 275.0 , Est Remaining: 236.6
187 276.5 , Est Remaining: 235.1
188 277.9 , Est Remaining: 233.6
189 279.4 , Est Remaining: 232.1
190 280.8 , Est Remaining: 230.6
191 282.3 , Est Remaining: 229.1
192 283.8 , Est Remaining: 227.6
193 285.2 , Est Remaining: 226.1
194 286.7 , Est Remaining: 224.6
195 288.1 , Est Remaining: 223.1
196 289.6 , Est Remaining: 221.6
197 291.1 , Est Remaining: 220.1
198 292.5 , Est Remaining: 218.6
199 293.9 , Est Remaining: 217.1
200 295.4 , Est Remaining: 215.6
201 296.9 , Est Remaining: 214.2
202 298.3 , Est Remaining: 212.7
203 299.9 , Est Remaining: 211.3
204 301.4 , Est Remaining: 209.8
205 302.8 , Est Remaining: 208.3
206 304.2 , Est Remaining: 206.8
207 305.7 , Est Remaining: 205.3
208 307.2 , Est Remaining: 203.8
209 308.6 , Est Remaining: 202.3
210 310.1 , Est Remaining: 200.8
211 311.5 , Est Remaining: 199.3
212 313.0 , Est Remaining: 197.8
213 314.4 , Est Remaining: 196.3
214 315.8 , Est Remaining: 194.8
215 317.3 , Est Remaining: 193.3
216 318.8 , Est Remaining: 191.8
217 320.2 , Est Remaining: 190.4
218 321.7 , Est Remaining: 188.9
219 323.2 , Est Remaining: 187.4
220 324.6 , Est Remaining: 185.9
221 326.1 , Est Remaining: 184.4
222 327.6 , Est Remaining: 183.0
223 329.0 , Est Remaining: 181.5
224 330.5 , Est Remaining: 180.0
225 332.0 , Est Remaining: 178.5
226 333.4 , Est Remaining: 177.0
227 334.9 , Est Remaining: 175.5
228 336.3 , Est Remaining: 174.1
229 337.8 , Est Remaining: 172.6
230 339.2 , Est Remaining: 171.1
231 340.7 , Est Remaining: 169.6
232 342.1 , Est Remaining: 168.1
233 343.6 , Est Remaining: 166.6
234 345.1 , Est Remaining: 165.2
235 346.5 , Est Remaining: 163.7
236 348.0 , Est Remaining: 162.2
237 349.5 , Est Remaining: 160.7
238 350.9 , Est Remaining: 159.2
239 352.4 , Est Remaining: 157.8
240 353.9 , Est Remaining: 156.3
241 355.3 , Est Remaining: 154.8
242 356.8 , Est Remaining: 153.3
243 358.3 , Est Remaining: 151.9
244 359.7 , Est Remaining: 150.4
245 361.2 , Est Remaining: 148.9
246 362.7 , Est Remaining: 147.4
247 364.1 , Est Remaining: 145.9
248 365.6 , Est Remaining: 144.5
249 367.1 , Est Remaining: 143.0
250 368.6 , Est Remaining: 141.5
251 370.0 , Est Remaining: 140.0
252 371.5 , Est Remaining: 138.6
253 373.0 , Est Remaining: 137.1
254 374.4 , Est Remaining: 135.6
255 375.9 , Est Remaining: 134.1
256 377.4 , Est Remaining: 132.7
257 378.8 , Est Remaining: 131.2
258 380.3 , Est Remaining: 129.7
259 381.8 , Est Remaining: 128.2
260 383.2 , Est Remaining: 126.8
261 384.7 , Est Remaining: 125.3
262 386.2 , Est Remaining: 123.8
263 387.7 , Est Remaining: 122.3
264 389.1 , Est Remaining: 120.9
265 390.6 , Est Remaining: 119.4
266 392.0 , Est Remaining: 117.9
267 393.5 , Est Remaining: 116.4
268 394.9 , Est Remaining: 114.9
269 396.3 , Est Remaining: 113.4
270 397.8 , Est Remaining: 112.0
271 399.2 , Est Remaining: 110.5
272 400.6 , Est Remaining: 109.0
273 402.0 , Est Remaining: 107.5
274 403.4 , Est Remaining: 106.0
275 404.8 , Est Remaining: 104.5
276 406.3 , Est Remaining: 103.0
277 407.7 , Est Remaining: 101.6
278 409.1 , Est Remaining: 100.1
279 410.5 , Est Remaining: 98.6
280 411.9 , Est Remaining: 97.1
281 413.4 , Est Remaining: 95.6
282 414.8 , Est Remaining: 94.1
283 416.2 , Est Remaining: 92.7
284 417.6 , Est Remaining: 91.2
285 419.0 , Est Remaining: 89.7
286 420.4 , Est Remaining: 88.2
287 421.8 , Est Remaining: 86.7
EVENT FAILED
287 422.1 , Est Remaining: 86.8
288 423.5 , Est Remaining: 85.3
289 424.9 , Est Remaining: 83.8
290 426.3 , Est Remaining: 82.3
291 427.7 , Est Remaining: 80.8
292 429.1 , Est Remaining: 79.4
293 430.5 , Est Remaining: 77.9
294 431.9 , Est Remaining: 76.4
295 433.3 , Est Remaining: 74.9
296 434.7 , Est Remaining: 73.4
297 436.1 , Est Remaining: 71.9
298 437.5 , Est Remaining: 70.5
299 438.9 , Est Remaining: 69.0
300 440.3 , Est Remaining: 67.5
301 441.7 , Est Remaining: 66.0
302 443.3 , Est Remaining: 64.6
303 444.6 , Est Remaining: 63.1
304 446.0 , Est Remaining: 61.6
305 447.5 , Est Remaining: 60.2
306 448.9 , Est Remaining: 58.7
307 450.3 , Est Remaining: 57.2
308 451.7 , Est Remaining: 55.7
309 453.1 , Est Remaining: 54.3
310 454.5 , Est Remaining: 52.8
311 455.9 , Est Remaining: 51.3
312 457.3 , Est Remaining: 49.8
313 458.7 , Est Remaining: 48.4
314 460.1 , Est Remaining: 46.9
315 461.5 , Est Remaining: 45.4
316 462.9 , Est Remaining: 43.9
317 464.3 , Est Remaining: 42.5
318 465.7 , Est Remaining: 41.0
319 467.1 , Est Remaining: 39.5
320 468.5 , Est Remaining: 38.1
321 469.9 , Est Remaining: 36.6
322 471.3 , Est Remaining: 35.1
323 472.7 , Est Remaining: 33.7
324 474.1 , Est Remaining: 32.2
325 475.5 , Est Remaining: 30.7
326 476.9 , Est Remaining: 29.3
327 478.6 , Est Remaining: 27.8
328 480.0 , Est Remaining: 26.3
329 481.3 , Est Remaining: 24.9
330 482.7 , Est Remaining: 23.4
331 484.1 , Est Remaining: 21.9
332 485.4 , Est Remaining: 20.5
333 486.8 , Est Remaining: 19.0
334 488.1 , Est Remaining: 17.5
335 489.5 , Est Remaining: 16.1
336 490.9 , Est Remaining: 14.6
EVENT FAILED
