Note: NumExpr detected 32 cores but "NUMEXPR_MAX_THREADS" not set, so enforcing safe limit of 8.
Using selector: EpollSelector
/n/home02/jhaefner/miniconda/envs/IC-3.7-2020-06-16/lib/python3.7/site-packages/scipy/optimize/minpack.py:808: OptimizeWarning: Covariance of the parameters could not be estimated
  category=OptimizeWarning)
Total rwfs: 346
0 0.0 , Est Remaining: 999999.9
1 1.3 , Est Remaining: 458.2
2 2.6 , Est Remaining: 452.6
3 3.9 , Est Remaining: 450.1
4 5.2 , Est Remaining: 445.8
5 6.5 , Est Remaining: 443.7
6 7.8 , Est Remaining: 441.4
7 9.1 , Est Remaining: 438.4
8 10.3 , Est Remaining: 436.5
9 11.6 , Est Remaining: 434.7
10 12.9 , Est Remaining: 432.9
11 14.2 , Est Remaining: 431.0
12 15.4 , Est Remaining: 429.6
13 16.7 , Est Remaining: 428.9
14 18.0 , Est Remaining: 427.7
15 19.3 , Est Remaining: 426.5
16 20.6 , Est Remaining: 425.0
17 21.9 , Est Remaining: 423.4
18 23.2 , Est Remaining: 421.9
19 24.4 , Est Remaining: 420.4
20 25.7 , Est Remaining: 419.0
21 27.0 , Est Remaining: 417.9
22 28.3 , Est Remaining: 416.6
EVENT FAILED
22 28.6 , Est Remaining: 421.0
23 29.9 , Est Remaining: 419.3
24 31.1 , Est Remaining: 417.6
25 32.4 , Est Remaining: 415.9
26 33.7 , Est Remaining: 414.4
27 34.9 , Est Remaining: 412.9
EVENT FAILED
27 35.2 , Est Remaining: 416.3
28 36.5 , Est Remaining: 414.6
29 37.8 , Est Remaining: 412.9
30 39.1 , Est Remaining: 411.4
31 40.3 , Est Remaining: 409.8
32 41.6 , Est Remaining: 408.5
33 42.9 , Est Remaining: 406.9
34 44.2 , Est Remaining: 405.3
35 45.4 , Est Remaining: 403.8
36 46.8 , Est Remaining: 402.6
37 48.0 , Est Remaining: 401.3
38 49.4 , Est Remaining: 400.1
39 50.7 , Est Remaining: 398.7
40 52.0 , Est Remaining: 397.8
41 53.3 , Est Remaining: 396.7
42 54.6 , Est Remaining: 395.5
43 56.0 , Est Remaining: 394.4
44 57.3 , Est Remaining: 393.2
45 58.6 , Est Remaining: 392.1
46 59.9 , Est Remaining: 390.9
47 61.3 , Est Remaining: 389.8
48 62.6 , Est Remaining: 388.6
EVENT FAILED
48 62.9 , Est Remaining: 390.4
49 64.2 , Est Remaining: 389.2
50 65.5 , Est Remaining: 387.9
51 66.9 , Est Remaining: 386.7
EVENT FAILED
51 67.2 , Est Remaining: 388.4
52 68.5 , Est Remaining: 387.3
EVENT FAILED
52 68.8 , Est Remaining: 389.0
53 70.1 , Est Remaining: 387.7
54 71.5 , Est Remaining: 386.4
55 72.8 , Est Remaining: 385.1
56 74.1 , Est Remaining: 383.9
57 75.5 , Est Remaining: 382.7
58 76.8 , Est Remaining: 381.4
EVENT FAILED
58 77.1 , Est Remaining: 382.9
59 78.4 , Est Remaining: 381.6
60 79.8 , Est Remaining: 380.3
61 81.1 , Est Remaining: 379.1
62 82.5 , Est Remaining: 377.8
63 83.8 , Est Remaining: 376.5
64 85.1 , Est Remaining: 375.2
65 86.5 , Est Remaining: 373.9
66 87.8 , Est Remaining: 372.6
67 89.2 , Est Remaining: 371.3
68 90.5 , Est Remaining: 370.0
69 91.8 , Est Remaining: 368.7
70 93.2 , Est Remaining: 367.4
71 94.5 , Est Remaining: 366.0
72 95.8 , Est Remaining: 364.7
73 97.2 , Est Remaining: 363.4
74 98.6 , Est Remaining: 362.3
75 99.9 , Est Remaining: 361.1
76 101.3 , Est Remaining: 359.9
77 102.6 , Est Remaining: 358.6
78 104.0 , Est Remaining: 357.3
79 105.3 , Est Remaining: 356.0
80 106.7 , Est Remaining: 354.7
81 108.0 , Est Remaining: 353.4
82 109.4 , Est Remaining: 352.1
83 110.7 , Est Remaining: 350.8
84 112.0 , Est Remaining: 349.5
85 113.4 , Est Remaining: 348.1
86 114.7 , Est Remaining: 346.8
87 116.0 , Est Remaining: 345.4
88 117.4 , Est Remaining: 344.1
89 118.7 , Est Remaining: 342.8
90 120.0 , Est Remaining: 341.5
91 121.4 , Est Remaining: 340.1
92 122.7 , Est Remaining: 338.8
93 124.0 , Est Remaining: 337.4
94 125.4 , Est Remaining: 336.1
95 126.7 , Est Remaining: 334.8
96 128.1 , Est Remaining: 333.5
97 129.4 , Est Remaining: 332.2
98 130.7 , Est Remaining: 330.8
EVENT FAILED
98 131.0 , Est Remaining: 331.6
99 132.4 , Est Remaining: 330.2
100 133.7 , Est Remaining: 328.9
101 135.0 , Est Remaining: 327.6
102 136.4 , Est Remaining: 326.2
103 137.8 , Est Remaining: 325.0
104 139.1 , Est Remaining: 323.7
105 140.4 , Est Remaining: 322.4
106 141.8 , Est Remaining: 321.0
107 143.1 , Est Remaining: 319.7
108 144.4 , Est Remaining: 318.3
109 145.8 , Est Remaining: 317.0
110 147.1 , Est Remaining: 315.7
111 148.5 , Est Remaining: 314.3
112 149.8 , Est Remaining: 313.0
113 151.2 , Est Remaining: 311.7
114 152.5 , Est Remaining: 310.4
115 153.9 , Est Remaining: 309.1
116 155.2 , Est Remaining: 307.8
117 156.6 , Est Remaining: 306.5
118 157.9 , Est Remaining: 305.2
119 159.3 , Est Remaining: 303.9
120 160.7 , Est Remaining: 302.6
121 162.0 , Est Remaining: 301.3
122 163.4 , Est Remaining: 299.9
123 164.7 , Est Remaining: 298.6
124 166.0 , Est Remaining: 297.3
125 167.4 , Est Remaining: 296.0
126 168.7 , Est Remaining: 294.6
127 170.1 , Est Remaining: 293.3
128 171.4 , Est Remaining: 291.9
129 172.8 , Est Remaining: 290.6
130 174.1 , Est Remaining: 289.3
131 175.4 , Est Remaining: 287.9
132 176.8 , Est Remaining: 286.6
133 178.1 , Est Remaining: 285.3
134 179.5 , Est Remaining: 283.9
135 180.8 , Est Remaining: 282.6
136 182.1 , Est Remaining: 281.3
137 183.5 , Est Remaining: 279.9
138 184.8 , Est Remaining: 278.6
139 186.2 , Est Remaining: 277.2
140 187.5 , Est Remaining: 275.9
141 188.8 , Est Remaining: 274.6
142 190.2 , Est Remaining: 273.2
143 191.5 , Est Remaining: 271.9
144 192.9 , Est Remaining: 270.5
145 194.2 , Est Remaining: 269.2
146 195.5 , Est Remaining: 267.8
147 196.8 , Est Remaining: 266.4
148 198.2 , Est Remaining: 265.1
149 199.5 , Est Remaining: 263.8
150 200.8 , Est Remaining: 262.4
151 202.2 , Est Remaining: 261.1
152 203.5 , Est Remaining: 259.7
153 204.8 , Est Remaining: 258.4
154 206.1 , Est Remaining: 257.0
155 207.5 , Est Remaining: 255.7
156 208.8 , Est Remaining: 254.3
157 210.1 , Est Remaining: 253.0
158 211.5 , Est Remaining: 251.6
159 212.8 , Est Remaining: 250.3
160 214.1 , Est Remaining: 248.9
161 215.5 , Est Remaining: 247.6
162 216.8 , Est Remaining: 246.3
163 218.2 , Est Remaining: 244.9
164 219.5 , Est Remaining: 243.6
165 220.9 , Est Remaining: 242.3
166 222.2 , Est Remaining: 241.0
167 223.6 , Est Remaining: 239.6
168 224.9 , Est Remaining: 238.3
169 226.2 , Est Remaining: 236.9
170 227.6 , Est Remaining: 235.6
171 228.8 , Est Remaining: 234.1
172 230.1 , Est Remaining: 232.8
173 231.4 , Est Remaining: 231.4
174 232.8 , Est Remaining: 230.1
175 234.1 , Est Remaining: 228.8
176 235.5 , Est Remaining: 227.4
177 236.8 , Est Remaining: 226.1
178 238.1 , Est Remaining: 224.8
179 239.5 , Est Remaining: 223.4
180 240.8 , Est Remaining: 222.1
181 242.2 , Est Remaining: 220.8
182 243.5 , Est Remaining: 219.4
183 244.9 , Est Remaining: 218.1
184 246.2 , Est Remaining: 216.8
185 247.6 , Est Remaining: 215.5
186 248.9 , Est Remaining: 214.1
187 250.3 , Est Remaining: 212.8
188 251.6 , Est Remaining: 211.5
189 253.0 , Est Remaining: 210.1
190 254.3 , Est Remaining: 208.8
191 255.7 , Est Remaining: 207.5
192 257.0 , Est Remaining: 206.1
193 258.4 , Est Remaining: 204.8
194 259.7 , Est Remaining: 203.5
195 261.0 , Est Remaining: 202.1
196 262.4 , Est Remaining: 200.8
EVENT FAILED
196 262.7 , Est Remaining: 201.0
197 264.0 , Est Remaining: 199.7
198 265.4 , Est Remaining: 198.4
199 266.7 , Est Remaining: 197.0
200 268.0 , Est Remaining: 195.7
201 269.4 , Est Remaining: 194.3
202 270.7 , Est Remaining: 193.0
203 272.2 , Est Remaining: 191.7
204 273.5 , Est Remaining: 190.4
205 274.9 , Est Remaining: 189.1
206 276.2 , Est Remaining: 187.7
207 277.6 , Est Remaining: 186.4
208 278.9 , Est Remaining: 185.0
209 280.3 , Est Remaining: 183.7
210 281.6 , Est Remaining: 182.4
211 283.0 , Est Remaining: 181.0
212 284.3 , Est Remaining: 179.7
213 285.7 , Est Remaining: 178.4
214 287.0 , Est Remaining: 177.0
215 288.3 , Est Remaining: 175.7
216 289.7 , Est Remaining: 174.3
217 291.0 , Est Remaining: 173.0
218 292.4 , Est Remaining: 171.7
219 293.7 , Est Remaining: 170.3
220 295.0 , Est Remaining: 169.0
221 296.3 , Est Remaining: 167.6
222 297.7 , Est Remaining: 166.3
223 299.0 , Est Remaining: 164.9
224 300.4 , Est Remaining: 163.6
225 301.7 , Est Remaining: 162.2
226 303.0 , Est Remaining: 160.9
227 304.4 , Est Remaining: 159.6
228 305.7 , Est Remaining: 158.2
229 307.1 , Est Remaining: 156.9
230 308.4 , Est Remaining: 155.6
231 309.8 , Est Remaining: 154.2
232 311.1 , Est Remaining: 152.9
233 312.5 , Est Remaining: 151.5
234 313.8 , Est Remaining: 150.2
235 315.2 , Est Remaining: 148.9
236 316.5 , Est Remaining: 147.5
237 317.8 , Est Remaining: 146.2
238 319.2 , Est Remaining: 144.8
239 320.5 , Est Remaining: 143.5
240 321.9 , Est Remaining: 142.2
241 323.2 , Est Remaining: 140.8
242 324.5 , Est Remaining: 139.5
243 325.9 , Est Remaining: 138.1
244 327.2 , Est Remaining: 136.8
245 328.5 , Est Remaining: 135.4
246 329.9 , Est Remaining: 134.1
247 331.1 , Est Remaining: 132.7
248 332.4 , Est Remaining: 131.3
249 333.7 , Est Remaining: 130.0
250 335.0 , Est Remaining: 128.7
251 336.4 , Est Remaining: 127.3
252 337.7 , Est Remaining: 126.0
253 339.1 , Est Remaining: 124.6
254 340.4 , Est Remaining: 123.3
255 341.7 , Est Remaining: 122.0
256 343.1 , Est Remaining: 120.6
257 344.4 , Est Remaining: 119.3
258 345.7 , Est Remaining: 117.9
259 347.0 , Est Remaining: 116.6
260 348.3 , Est Remaining: 115.2
261 349.6 , Est Remaining: 113.8
262 350.9 , Est Remaining: 112.5
263 352.3 , Est Remaining: 111.2
264 353.6 , Est Remaining: 109.8
265 354.9 , Est Remaining: 108.5
266 356.2 , Est Remaining: 107.1
267 357.6 , Est Remaining: 105.8
268 358.9 , Est Remaining: 104.5
EVENT FAILED
268 359.2 , Est Remaining: 104.5
269 360.5 , Est Remaining: 103.2
270 361.8 , Est Remaining: 101.9
271 363.1 , Est Remaining: 100.5
272 364.5 , Est Remaining: 99.2
273 365.8 , Est Remaining: 97.8
274 367.1 , Est Remaining: 96.5
275 368.5 , Est Remaining: 95.1
276 369.8 , Est Remaining: 93.8
277 371.1 , Est Remaining: 92.5
278 372.5 , Est Remaining: 91.1
279 373.8 , Est Remaining: 89.8
280 375.1 , Est Remaining: 88.4
281 376.4 , Est Remaining: 87.1
282 377.8 , Est Remaining: 85.7
283 379.1 , Est Remaining: 84.4
284 380.4 , Est Remaining: 83.1
EVENT FAILED
284 380.7 , Est Remaining: 83.1
285 382.1 , Est Remaining: 81.8
286 383.4 , Est Remaining: 80.4
287 384.7 , Est Remaining: 79.1
288 386.1 , Est Remaining: 77.7
289 387.4 , Est Remaining: 76.4
290 388.8 , Est Remaining: 75.1
291 390.1 , Est Remaining: 73.7
292 391.4 , Est Remaining: 72.4
293 392.8 , Est Remaining: 71.1
294 394.1 , Est Remaining: 69.7
295 395.5 , Est Remaining: 68.4
296 396.8 , Est Remaining: 67.0
297 398.2 , Est Remaining: 65.7
298 399.5 , Est Remaining: 64.4
299 400.9 , Est Remaining: 63.0
300 402.2 , Est Remaining: 61.7
301 403.6 , Est Remaining: 60.3
EVENT FAILED
301 403.9 , Est Remaining: 60.4
302 405.4 , Est Remaining: 59.1
EVENT FAILED
302 405.7 , Est Remaining: 59.1
303 407.0 , Est Remaining: 57.8
304 408.3 , Est Remaining: 56.4
EVENT FAILED
304 408.6 , Est Remaining: 56.5
305 410.0 , Est Remaining: 55.1
306 411.3 , Est Remaining: 53.8
307 412.6 , Est Remaining: 52.4
308 414.0 , Est Remaining: 51.1
309 415.3 , Est Remaining: 49.7
310 416.7 , Est Remaining: 48.4
311 418.0 , Est Remaining: 47.0
312 419.4 , Est Remaining: 45.7
313 420.7 , Est Remaining: 44.4
314 422.1 , Est Remaining: 43.0
315 423.4 , Est Remaining: 41.7
316 424.7 , Est Remaining: 40.3
317 426.1 , Est Remaining: 39.0
318 427.4 , Est Remaining: 37.6
319 428.7 , Est Remaining: 36.3
320 430.1 , Est Remaining: 34.9
321 431.4 , Est Remaining: 33.6
322 432.7 , Est Remaining: 32.3
323 434.0 , Est Remaining: 30.9
324 435.4 , Est Remaining: 29.6
325 436.7 , Est Remaining: 28.2
326 438.0 , Est Remaining: 26.9
327 439.4 , Est Remaining: 25.5
328 440.7 , Est Remaining: 24.2
329 442.0 , Est Remaining: 22.8
330 443.3 , Est Remaining: 21.5
331 444.7 , Est Remaining: 20.2
332 446.0 , Est Remaining: 18.8
