Note: NumExpr detected 32 cores but "NUMEXPR_MAX_THREADS" not set, so enforcing safe limit of 8.
Using selector: EpollSelector
/n/home02/jhaefner/miniconda/envs/IC-3.7-2020-06-16/lib/python3.7/site-packages/scipy/optimize/minpack.py:808: OptimizeWarning: Covariance of the parameters could not be estimated
  category=OptimizeWarning)
Total rwfs: 346
0 0.0 , Est Remaining: 999999.9
1 1.4 , Est Remaining: 470.3
2 2.7 , Est Remaining: 467.7
3 4.1 , Est Remaining: 468.4
4 5.5 , Est Remaining: 466.3
5 6.8 , Est Remaining: 463.2
6 8.1 , Est Remaining: 459.2
7 9.4 , Est Remaining: 455.9
8 10.8 , Est Remaining: 454.3
9 12.1 , Est Remaining: 452.8
10 13.4 , Est Remaining: 451.1
11 14.7 , Est Remaining: 448.8
12 16.1 , Est Remaining: 447.2
13 17.4 , Est Remaining: 445.3
EVENT FAILED
13 17.7 , Est Remaining: 452.9
14 19.0 , Est Remaining: 450.7
15 20.3 , Est Remaining: 448.7
16 21.7 , Est Remaining: 446.9
17 23.0 , Est Remaining: 444.8
18 24.3 , Est Remaining: 442.6
19 25.6 , Est Remaining: 440.6
20 26.9 , Est Remaining: 438.8
21 28.2 , Est Remaining: 436.9
22 29.5 , Est Remaining: 435.2
23 30.9 , Est Remaining: 433.6
24 32.2 , Est Remaining: 432.0
25 33.5 , Est Remaining: 430.2
26 34.8 , Est Remaining: 428.6
27 36.1 , Est Remaining: 426.9
28 37.5 , Est Remaining: 425.5
29 38.8 , Est Remaining: 424.2
30 40.1 , Est Remaining: 422.7
31 41.4 , Est Remaining: 420.2
32 42.7 , Est Remaining: 418.8
33 44.0 , Est Remaining: 417.4
34 45.3 , Est Remaining: 415.9
35 46.7 , Est Remaining: 414.5
EVENT FAILED
35 46.9 , Est Remaining: 417.1
36 48.3 , Est Remaining: 415.5
37 49.6 , Est Remaining: 414.0
38 50.9 , Est Remaining: 412.5
39 52.2 , Est Remaining: 411.1
40 53.5 , Est Remaining: 409.6
41 54.9 , Est Remaining: 408.3
42 56.2 , Est Remaining: 406.9
43 57.5 , Est Remaining: 405.4
44 58.9 , Est Remaining: 404.2
45 60.2 , Est Remaining: 402.8
46 61.5 , Est Remaining: 401.3
47 62.8 , Est Remaining: 399.8
48 64.2 , Est Remaining: 398.4
49 65.5 , Est Remaining: 396.9
50 66.8 , Est Remaining: 395.5
51 68.1 , Est Remaining: 394.2
52 69.5 , Est Remaining: 392.8
53 70.8 , Est Remaining: 391.4
54 72.1 , Est Remaining: 390.0
55 73.5 , Est Remaining: 388.6
56 74.8 , Est Remaining: 387.2
57 76.1 , Est Remaining: 385.8
58 77.4 , Est Remaining: 384.4
59 78.7 , Est Remaining: 383.0
60 80.1 , Est Remaining: 381.7
61 81.4 , Est Remaining: 380.4
62 82.8 , Est Remaining: 379.1
63 84.1 , Est Remaining: 377.8
64 85.4 , Est Remaining: 376.4
65 86.8 , Est Remaining: 375.1
66 88.1 , Est Remaining: 373.7
67 89.4 , Est Remaining: 372.3
68 90.7 , Est Remaining: 370.9
69 92.0 , Est Remaining: 369.5
70 93.3 , Est Remaining: 368.0
EVENT FAILED
70 93.6 , Est Remaining: 369.2
71 94.9 , Est Remaining: 367.7
72 96.3 , Est Remaining: 366.3
73 97.6 , Est Remaining: 364.8
74 98.9 , Est Remaining: 363.4
75 100.2 , Est Remaining: 361.9
76 101.5 , Est Remaining: 360.5
77 102.8 , Est Remaining: 359.0
78 104.1 , Est Remaining: 357.5
79 105.4 , Est Remaining: 356.1
80 106.7 , Est Remaining: 354.7
81 108.0 , Est Remaining: 353.3
EVENT FAILED
81 108.3 , Est Remaining: 354.3
82 109.6 , Est Remaining: 352.9
83 110.9 , Est Remaining: 351.5
84 112.2 , Est Remaining: 350.1
85 113.6 , Est Remaining: 348.7
86 114.9 , Est Remaining: 347.4
87 116.2 , Est Remaining: 346.0
88 117.5 , Est Remaining: 344.6
89 118.9 , Est Remaining: 343.2
90 120.2 , Est Remaining: 341.8
91 121.5 , Est Remaining: 340.5
92 122.8 , Est Remaining: 339.1
93 124.1 , Est Remaining: 337.7
94 125.5 , Est Remaining: 336.3
95 126.8 , Est Remaining: 335.0
96 128.1 , Est Remaining: 333.6
97 129.4 , Est Remaining: 332.2
98 130.7 , Est Remaining: 330.8
99 132.1 , Est Remaining: 329.5
100 133.4 , Est Remaining: 328.1
101 134.7 , Est Remaining: 326.7
102 136.0 , Est Remaining: 325.4
103 137.4 , Est Remaining: 324.2
104 138.7 , Est Remaining: 322.8
105 140.1 , Est Remaining: 321.5
106 141.4 , Est Remaining: 320.2
107 142.7 , Est Remaining: 318.8
108 144.1 , Est Remaining: 317.5
109 145.4 , Est Remaining: 316.1
110 146.7 , Est Remaining: 314.8
111 148.1 , Est Remaining: 313.5
112 149.4 , Est Remaining: 312.1
113 150.7 , Est Remaining: 310.7
114 152.0 , Est Remaining: 309.4
115 153.3 , Est Remaining: 308.0
116 154.7 , Est Remaining: 306.7
117 156.0 , Est Remaining: 305.3
118 157.3 , Est Remaining: 304.0
119 158.6 , Est Remaining: 302.6
120 159.9 , Est Remaining: 301.2
121 161.3 , Est Remaining: 299.9
122 162.6 , Est Remaining: 298.5
123 163.9 , Est Remaining: 297.1
124 165.2 , Est Remaining: 295.7
125 166.5 , Est Remaining: 294.3
126 167.8 , Est Remaining: 293.0
127 169.1 , Est Remaining: 291.6
128 170.4 , Est Remaining: 290.2
129 171.7 , Est Remaining: 288.9
130 173.0 , Est Remaining: 287.5
131 174.3 , Est Remaining: 286.1
132 175.7 , Est Remaining: 284.8
133 177.0 , Est Remaining: 283.5
134 178.3 , Est Remaining: 282.1
135 179.6 , Est Remaining: 280.8
136 181.0 , Est Remaining: 279.4
137 182.3 , Est Remaining: 278.1
138 183.6 , Est Remaining: 276.8
139 185.0 , Est Remaining: 275.5
140 186.3 , Est Remaining: 274.1
141 187.6 , Est Remaining: 272.8
142 189.0 , Est Remaining: 271.5
EVENT FAILED
142 189.3 , Est Remaining: 271.9
143 190.6 , Est Remaining: 270.6
144 191.9 , Est Remaining: 269.2
145 193.2 , Est Remaining: 267.9
146 194.6 , Est Remaining: 266.5
147 195.9 , Est Remaining: 265.2
148 197.2 , Est Remaining: 263.8
149 198.5 , Est Remaining: 262.4
150 199.8 , Est Remaining: 261.1
151 201.1 , Est Remaining: 259.7
152 202.5 , Est Remaining: 258.4
153 203.8 , Est Remaining: 257.1
EVENT FAILED
153 204.1 , Est Remaining: 257.5
154 205.4 , Est Remaining: 256.1
155 206.8 , Est Remaining: 254.8
156 208.1 , Est Remaining: 253.4
157 209.4 , Est Remaining: 252.1
EVENT FAILED
157 209.7 , Est Remaining: 252.4
158 211.0 , Est Remaining: 251.1
159 212.3 , Est Remaining: 249.7
160 213.7 , Est Remaining: 248.4
161 215.0 , Est Remaining: 247.0
162 216.3 , Est Remaining: 245.7
163 217.6 , Est Remaining: 244.3
164 219.0 , Est Remaining: 243.0
165 220.3 , Est Remaining: 241.6
166 221.6 , Est Remaining: 240.3
167 222.9 , Est Remaining: 238.9
168 224.2 , Est Remaining: 237.6
169 225.6 , Est Remaining: 236.2
170 226.9 , Est Remaining: 234.9
171 228.2 , Est Remaining: 233.6
172 229.6 , Est Remaining: 232.2
173 230.9 , Est Remaining: 230.9
174 232.2 , Est Remaining: 229.5
EVENT FAILED
174 232.5 , Est Remaining: 229.8
175 233.8 , Est Remaining: 228.5
176 235.1 , Est Remaining: 227.1
177 236.5 , Est Remaining: 225.8
178 237.8 , Est Remaining: 224.4
179 239.1 , Est Remaining: 223.1
EVENT FAILED
179 239.4 , Est Remaining: 223.3
180 240.7 , Est Remaining: 222.0
181 242.0 , Est Remaining: 220.6
182 243.4 , Est Remaining: 219.3
183 244.7 , Est Remaining: 218.0
184 246.0 , Est Remaining: 216.6
185 247.3 , Est Remaining: 215.2
186 248.7 , Est Remaining: 213.9
187 250.0 , Est Remaining: 212.6
188 251.3 , Est Remaining: 211.2
189 252.6 , Est Remaining: 209.9
190 254.0 , Est Remaining: 208.5
191 255.3 , Est Remaining: 207.2
192 256.6 , Est Remaining: 205.8
193 257.9 , Est Remaining: 204.5
194 259.2 , Est Remaining: 203.1
195 260.6 , Est Remaining: 201.8
196 261.9 , Est Remaining: 200.4
197 263.2 , Est Remaining: 199.1
198 264.5 , Est Remaining: 197.7
199 265.8 , Est Remaining: 196.4
200 267.1 , Est Remaining: 195.0
201 268.5 , Est Remaining: 193.7
202 269.8 , Est Remaining: 192.3
203 271.2 , Est Remaining: 191.0
204 272.5 , Est Remaining: 189.7
205 273.8 , Est Remaining: 188.3
206 275.2 , Est Remaining: 187.0
207 276.5 , Est Remaining: 185.7
208 277.8 , Est Remaining: 184.3
209 279.1 , Est Remaining: 183.0
210 280.4 , Est Remaining: 181.6
211 281.8 , Est Remaining: 180.3
212 283.1 , Est Remaining: 178.9
213 284.4 , Est Remaining: 177.6
214 285.7 , Est Remaining: 176.2
215 287.1 , Est Remaining: 174.9
216 288.4 , Est Remaining: 173.6
217 289.7 , Est Remaining: 172.2
218 291.1 , Est Remaining: 170.9
219 292.4 , Est Remaining: 169.6
220 293.7 , Est Remaining: 168.2
221 295.0 , Est Remaining: 166.9
222 296.4 , Est Remaining: 165.5
223 297.7 , Est Remaining: 164.2
224 299.0 , Est Remaining: 162.8
225 300.3 , Est Remaining: 161.5
226 301.7 , Est Remaining: 160.2
227 303.0 , Est Remaining: 158.8
228 304.3 , Est Remaining: 157.5
229 305.6 , Est Remaining: 156.2
230 306.9 , Est Remaining: 154.8
231 308.3 , Est Remaining: 153.5
232 309.6 , Est Remaining: 152.1
233 310.9 , Est Remaining: 150.8
234 312.2 , Est Remaining: 149.4
235 313.6 , Est Remaining: 148.1
236 314.9 , Est Remaining: 146.8
237 316.2 , Est Remaining: 145.4
238 317.5 , Est Remaining: 144.1
239 318.8 , Est Remaining: 142.7
240 320.2 , Est Remaining: 141.4
241 321.5 , Est Remaining: 140.1
242 322.8 , Est Remaining: 138.7
243 324.2 , Est Remaining: 137.4
244 325.5 , Est Remaining: 136.1
245 326.8 , Est Remaining: 134.7
246 328.1 , Est Remaining: 133.4
247 329.4 , Est Remaining: 132.0
248 330.7 , Est Remaining: 130.7
249 332.1 , Est Remaining: 129.4
250 333.4 , Est Remaining: 128.0
251 334.7 , Est Remaining: 126.7
252 336.0 , Est Remaining: 125.3
253 337.3 , Est Remaining: 124.0
254 338.7 , Est Remaining: 122.7
255 340.0 , Est Remaining: 121.3
256 341.3 , Est Remaining: 120.0
257 342.6 , Est Remaining: 118.6
258 343.9 , Est Remaining: 117.3
259 345.2 , Est Remaining: 116.0
260 346.5 , Est Remaining: 114.6
261 347.8 , Est Remaining: 113.3
262 349.2 , Est Remaining: 111.9
263 350.5 , Est Remaining: 110.6
264 351.8 , Est Remaining: 109.3
265 353.1 , Est Remaining: 107.9
266 354.4 , Est Remaining: 106.6
267 355.8 , Est Remaining: 105.3
268 357.1 , Est Remaining: 103.9
269 358.4 , Est Remaining: 102.6
270 359.7 , Est Remaining: 101.2
271 361.0 , Est Remaining: 99.9
272 362.3 , Est Remaining: 98.6
273 363.7 , Est Remaining: 97.2
274 365.0 , Est Remaining: 95.9
275 366.3 , Est Remaining: 94.6
276 367.6 , Est Remaining: 93.2
277 368.9 , Est Remaining: 91.9
278 370.2 , Est Remaining: 90.6
279 371.5 , Est Remaining: 89.2
280 372.9 , Est Remaining: 87.9
281 374.2 , Est Remaining: 86.6
282 375.5 , Est Remaining: 85.2
283 376.8 , Est Remaining: 83.9
284 378.2 , Est Remaining: 82.6
285 379.5 , Est Remaining: 81.2
286 380.8 , Est Remaining: 79.9
287 382.2 , Est Remaining: 78.6
288 383.5 , Est Remaining: 77.2
289 384.8 , Est Remaining: 75.9
290 386.1 , Est Remaining: 74.6
291 387.5 , Est Remaining: 73.2
292 388.8 , Est Remaining: 71.9
293 390.1 , Est Remaining: 70.6
294 391.4 , Est Remaining: 69.2
295 392.7 , Est Remaining: 67.9
296 394.0 , Est Remaining: 66.6
297 395.4 , Est Remaining: 65.2
298 396.7 , Est Remaining: 63.9
299 398.0 , Est Remaining: 62.6
300 399.3 , Est Remaining: 61.2
301 400.6 , Est Remaining: 59.9
302 402.1 , Est Remaining: 58.6
303 403.4 , Est Remaining: 57.3
EVENT FAILED
303 403.7 , Est Remaining: 57.3
304 405.0 , Est Remaining: 56.0
305 406.4 , Est Remaining: 54.6
306 407.7 , Est Remaining: 53.3
307 409.0 , Est Remaining: 52.0
308 410.4 , Est Remaining: 50.6
309 411.7 , Est Remaining: 49.3
310 413.1 , Est Remaining: 48.0
311 414.4 , Est Remaining: 46.6
312 415.7 , Est Remaining: 45.3
313 417.0 , Est Remaining: 44.0
314 418.3 , Est Remaining: 42.6
315 419.6 , Est Remaining: 41.3
316 421.0 , Est Remaining: 40.0
317 422.3 , Est Remaining: 38.6
318 423.6 , Est Remaining: 37.3
319 424.9 , Est Remaining: 36.0
320 426.2 , Est Remaining: 34.6
321 427.5 , Est Remaining: 33.3
322 428.9 , Est Remaining: 32.0
323 430.2 , Est Remaining: 30.6
EVENT FAILED
323 430.5 , Est Remaining: 30.7
324 431.8 , Est Remaining: 29.3
325 433.1 , Est Remaining: 28.0
326 434.4 , Est Remaining: 26.7
327 435.7 , Est Remaining: 25.3
328 437.0 , Est Remaining: 24.0
329 438.3 , Est Remaining: 22.6
EVENT FAILED
329 438.6 , Est Remaining: 22.7
330 439.9 , Est Remaining: 21.3
331 441.2 , Est Remaining: 20.0
332 442.5 , Est Remaining: 18.7
333 443.8 , Est Remaining: 17.3
