Note: NumExpr detected 32 cores but "NUMEXPR_MAX_THREADS" not set, so enforcing safe limit of 8.
Using selector: EpollSelector
/n/home02/jhaefner/miniconda/envs/IC-3.7-2020-06-16/lib/python3.7/site-packages/scipy/optimize/minpack.py:808: OptimizeWarning: Covariance of the parameters could not be estimated
  category=OptimizeWarning)
Total rwfs: 346
0 0.0 , Est Remaining: 999999.9
1 1.5 , Est Remaining: 523.5
2 3.0 , Est Remaining: 521.5
3 4.6 , Est Remaining: 522.1
4 6.1 , Est Remaining: 519.7
EVENT FAILED
4 6.4 , Est Remaining: 548.5
5 7.9 , Est Remaining: 539.3
6 9.4 , Est Remaining: 534.0
7 10.9 , Est Remaining: 528.4
8 12.4 , Est Remaining: 524.7
9 13.9 , Est Remaining: 520.5
10 15.4 , Est Remaining: 518.4
11 16.9 , Est Remaining: 514.7
12 18.4 , Est Remaining: 511.5
13 19.9 , Est Remaining: 508.8
14 21.3 , Est Remaining: 506.2
EVENT FAILED
14 21.7 , Est Remaining: 513.6
15 23.1 , Est Remaining: 510.2
16 24.6 , Est Remaining: 507.3
17 26.1 , Est Remaining: 504.6
18 27.5 , Est Remaining: 502.0
19 29.0 , Est Remaining: 500.0
20 30.5 , Est Remaining: 497.5
21 32.0 , Est Remaining: 495.1
22 33.5 , Est Remaining: 492.8
23 34.9 , Est Remaining: 490.8
24 36.4 , Est Remaining: 488.9
25 37.9 , Est Remaining: 487.0
26 39.4 , Est Remaining: 485.2
27 40.9 , Est Remaining: 483.3
28 42.4 , Est Remaining: 481.5
29 43.9 , Est Remaining: 479.5
30 45.3 , Est Remaining: 477.4
31 46.8 , Est Remaining: 475.3
EVENT FAILED
31 47.1 , Est Remaining: 478.4
32 48.5 , Est Remaining: 476.2
33 50.0 , Est Remaining: 474.3
34 51.5 , Est Remaining: 472.3
35 52.9 , Est Remaining: 470.3
36 54.4 , Est Remaining: 468.2
37 55.8 , Est Remaining: 466.3
38 57.3 , Est Remaining: 464.2
39 58.7 , Est Remaining: 462.1
40 60.2 , Est Remaining: 460.2
41 61.6 , Est Remaining: 458.3
42 63.1 , Est Remaining: 456.4
43 64.5 , Est Remaining: 454.6
44 66.0 , Est Remaining: 452.9
45 67.4 , Est Remaining: 451.1
46 68.9 , Est Remaining: 449.3
47 70.4 , Est Remaining: 447.7
48 71.8 , Est Remaining: 446.0
49 73.3 , Est Remaining: 444.3
50 74.7 , Est Remaining: 442.5
51 76.2 , Est Remaining: 440.7
52 77.6 , Est Remaining: 439.0
EVENT FAILED
52 78.0 , Est Remaining: 440.7
53 79.4 , Est Remaining: 439.0
54 80.9 , Est Remaining: 437.2
55 82.3 , Est Remaining: 435.6
56 83.8 , Est Remaining: 433.9
57 85.2 , Est Remaining: 432.2
58 86.7 , Est Remaining: 430.5
59 88.1 , Est Remaining: 428.7
60 89.6 , Est Remaining: 427.0
61 91.0 , Est Remaining: 425.3
62 92.5 , Est Remaining: 423.5
63 93.9 , Est Remaining: 421.8
64 95.4 , Est Remaining: 420.2
65 96.8 , Est Remaining: 418.6
66 98.3 , Est Remaining: 417.0
67 99.7 , Est Remaining: 415.3
68 101.2 , Est Remaining: 413.7
69 102.6 , Est Remaining: 412.0
70 104.1 , Est Remaining: 410.3
71 105.5 , Est Remaining: 408.7
72 107.0 , Est Remaining: 407.1
73 108.4 , Est Remaining: 405.4
74 109.9 , Est Remaining: 403.8
75 111.3 , Est Remaining: 402.1
76 112.7 , Est Remaining: 400.5
77 114.2 , Est Remaining: 398.9
78 115.7 , Est Remaining: 397.4
79 117.1 , Est Remaining: 395.8
80 118.6 , Est Remaining: 394.2
81 120.0 , Est Remaining: 392.7
82 121.5 , Est Remaining: 391.1
83 122.9 , Est Remaining: 389.5
84 124.4 , Est Remaining: 387.9
85 125.8 , Est Remaining: 386.3
86 127.3 , Est Remaining: 384.7
EVENT FAILED
86 127.6 , Est Remaining: 385.7
87 129.0 , Est Remaining: 384.0
88 130.4 , Est Remaining: 382.4
89 131.9 , Est Remaining: 380.7
90 133.3 , Est Remaining: 379.1
91 134.7 , Est Remaining: 377.6
92 136.2 , Est Remaining: 375.9
93 137.6 , Est Remaining: 374.3
94 139.0 , Est Remaining: 372.7
95 140.4 , Est Remaining: 371.1
96 141.9 , Est Remaining: 369.5
97 143.3 , Est Remaining: 367.9
98 144.8 , Est Remaining: 366.4
EVENT FAILED
98 145.1 , Est Remaining: 367.2
99 146.5 , Est Remaining: 365.5
100 147.9 , Est Remaining: 363.9
101 149.4 , Est Remaining: 362.3
102 150.8 , Est Remaining: 360.7
103 152.3 , Est Remaining: 359.2
104 153.7 , Est Remaining: 357.6
105 155.1 , Est Remaining: 355.9
106 156.5 , Est Remaining: 354.3
107 157.9 , Est Remaining: 352.7
108 159.3 , Est Remaining: 351.1
EVENT FAILED
108 159.6 , Est Remaining: 351.8
109 161.0 , Est Remaining: 350.2
110 162.4 , Est Remaining: 348.5
111 163.9 , Est Remaining: 346.9
112 165.3 , Est Remaining: 345.3
113 166.7 , Est Remaining: 343.7
114 168.1 , Est Remaining: 342.1
115 169.5 , Est Remaining: 340.6
116 171.0 , Est Remaining: 339.0
117 172.4 , Est Remaining: 337.4
118 173.8 , Est Remaining: 335.8
119 175.2 , Est Remaining: 334.2
120 176.6 , Est Remaining: 332.6
121 178.0 , Est Remaining: 331.1
122 179.5 , Est Remaining: 329.5
123 180.9 , Est Remaining: 328.0
124 182.3 , Est Remaining: 326.4
EVENT FAILED
124 182.6 , Est Remaining: 327.0
125 184.0 , Est Remaining: 325.4
126 185.4 , Est Remaining: 323.8
127 186.8 , Est Remaining: 322.2
128 188.2 , Est Remaining: 320.6
129 189.7 , Est Remaining: 319.0
130 191.1 , Est Remaining: 317.4
131 192.5 , Est Remaining: 315.9
132 193.8 , Est Remaining: 314.3
133 195.3 , Est Remaining: 312.7
134 196.7 , Est Remaining: 311.1
135 198.1 , Est Remaining: 309.6
136 199.5 , Est Remaining: 308.0
137 200.9 , Est Remaining: 306.4
138 202.4 , Est Remaining: 305.0
139 203.8 , Est Remaining: 303.5
140 205.1 , Est Remaining: 301.7
141 206.5 , Est Remaining: 300.2
142 207.8 , Est Remaining: 298.6
143 209.2 , Est Remaining: 297.0
144 210.6 , Est Remaining: 295.5
145 212.0 , Est Remaining: 293.9
146 213.4 , Est Remaining: 292.4
147 214.8 , Est Remaining: 290.8
148 216.2 , Est Remaining: 289.2
149 217.6 , Est Remaining: 287.7
150 219.1 , Est Remaining: 286.2
151 220.4 , Est Remaining: 284.7
152 221.8 , Est Remaining: 283.1
153 223.2 , Est Remaining: 281.6
154 224.6 , Est Remaining: 280.0
155 226.0 , Est Remaining: 278.5
156 227.4 , Est Remaining: 277.0
157 228.8 , Est Remaining: 275.5
158 230.2 , Est Remaining: 274.0
159 231.6 , Est Remaining: 272.4
160 233.0 , Est Remaining: 270.9
161 234.5 , Est Remaining: 269.4
162 235.9 , Est Remaining: 267.9
163 237.3 , Est Remaining: 266.4
EVENT FAILED
163 237.6 , Est Remaining: 266.8
164 239.0 , Est Remaining: 265.3
165 240.4 , Est Remaining: 263.8
166 241.9 , Est Remaining: 262.3
167 243.3 , Est Remaining: 260.7
168 244.7 , Est Remaining: 259.2
169 246.1 , Est Remaining: 257.8
170 247.5 , Est Remaining: 256.3
171 249.0 , Est Remaining: 254.8
EVENT FAILED
171 249.3 , Est Remaining: 255.1
172 250.7 , Est Remaining: 253.6
173 252.1 , Est Remaining: 252.1
174 253.6 , Est Remaining: 250.7
EVENT FAILED
174 253.9 , Est Remaining: 250.9
175 255.3 , Est Remaining: 249.5
176 256.8 , Est Remaining: 248.0
177 258.2 , Est Remaining: 246.5
178 259.6 , Est Remaining: 245.0
179 261.1 , Est Remaining: 243.6
180 262.5 , Est Remaining: 242.1
181 263.9 , Est Remaining: 240.6
182 265.4 , Est Remaining: 239.1
183 266.8 , Est Remaining: 237.7
184 268.3 , Est Remaining: 236.2
185 269.7 , Est Remaining: 234.7
186 271.2 , Est Remaining: 233.3
187 272.6 , Est Remaining: 231.8
188 274.1 , Est Remaining: 230.3
189 275.5 , Est Remaining: 228.9
190 276.9 , Est Remaining: 227.4
191 278.4 , Est Remaining: 225.9
192 279.8 , Est Remaining: 224.4
193 281.2 , Est Remaining: 222.9
194 282.7 , Est Remaining: 221.5
195 284.1 , Est Remaining: 220.0
196 285.5 , Est Remaining: 218.5
197 286.9 , Est Remaining: 217.0
EVENT FAILED
197 287.2 , Est Remaining: 217.3
198 288.7 , Est Remaining: 215.8
199 290.1 , Est Remaining: 214.3
200 291.6 , Est Remaining: 212.8
201 293.1 , Est Remaining: 211.4
202 294.5 , Est Remaining: 210.0
203 296.0 , Est Remaining: 208.5
204 297.4 , Est Remaining: 207.0
205 298.8 , Est Remaining: 205.5
206 300.3 , Est Remaining: 204.1
207 301.7 , Est Remaining: 202.6
208 303.1 , Est Remaining: 201.1
209 304.5 , Est Remaining: 199.6
210 305.9 , Est Remaining: 198.1
211 307.4 , Est Remaining: 196.7
212 308.8 , Est Remaining: 195.2
213 310.2 , Est Remaining: 193.7
214 311.7 , Est Remaining: 192.2
215 313.1 , Est Remaining: 190.8
216 314.5 , Est Remaining: 189.3
217 316.0 , Est Remaining: 187.8
218 317.4 , Est Remaining: 186.3
219 318.8 , Est Remaining: 184.9
220 320.2 , Est Remaining: 183.4
221 321.6 , Est Remaining: 181.9
EVENT FAILED
221 322.0 , Est Remaining: 182.1
222 323.4 , Est Remaining: 180.6
223 324.8 , Est Remaining: 179.2
224 326.2 , Est Remaining: 177.7
225 327.6 , Est Remaining: 176.2
226 329.0 , Est Remaining: 174.7
227 330.5 , Est Remaining: 173.2
228 331.9 , Est Remaining: 171.8
EVENT FAILED
228 332.2 , Est Remaining: 171.9
229 333.6 , Est Remaining: 170.5
230 335.1 , Est Remaining: 169.0
231 336.5 , Est Remaining: 167.5
232 337.9 , Est Remaining: 166.1
233 339.4 , Est Remaining: 164.6
234 340.9 , Est Remaining: 163.1
235 342.3 , Est Remaining: 161.7
236 343.7 , Est Remaining: 160.2
237 345.2 , Est Remaining: 158.7
238 346.6 , Est Remaining: 157.3
239 348.0 , Est Remaining: 155.8
240 349.4 , Est Remaining: 154.3
EVENT FAILED
240 349.7 , Est Remaining: 154.5
241 351.2 , Est Remaining: 153.0
242 352.6 , Est Remaining: 151.5
243 354.0 , Est Remaining: 150.1
244 355.5 , Est Remaining: 148.6
245 356.9 , Est Remaining: 147.1
246 358.3 , Est Remaining: 145.7
247 359.8 , Est Remaining: 144.2
248 361.2 , Est Remaining: 142.7
249 362.6 , Est Remaining: 141.2
250 364.0 , Est Remaining: 139.8
251 365.4 , Est Remaining: 138.3
252 366.8 , Est Remaining: 136.8
253 368.3 , Est Remaining: 135.4
254 369.7 , Est Remaining: 133.9
255 371.1 , Est Remaining: 132.4
256 372.6 , Est Remaining: 131.0
257 374.0 , Est Remaining: 129.5
258 375.4 , Est Remaining: 128.1
259 376.9 , Est Remaining: 126.6
260 378.3 , Est Remaining: 125.1
261 379.8 , Est Remaining: 123.7
262 381.2 , Est Remaining: 122.2
263 382.7 , Est Remaining: 120.8
264 384.1 , Est Remaining: 119.3
265 385.6 , Est Remaining: 117.8
266 387.0 , Est Remaining: 116.4
267 388.4 , Est Remaining: 114.9
268 389.9 , Est Remaining: 113.5
269 391.4 , Est Remaining: 112.0
270 392.8 , Est Remaining: 110.6
271 394.3 , Est Remaining: 109.1
272 395.7 , Est Remaining: 107.7
273 397.2 , Est Remaining: 106.2
274 398.6 , Est Remaining: 104.7
275 400.1 , Est Remaining: 103.3
276 401.5 , Est Remaining: 101.8
277 402.9 , Est Remaining: 100.4
278 404.3 , Est Remaining: 98.9
279 405.8 , Est Remaining: 97.4
280 407.2 , Est Remaining: 96.0
281 408.7 , Est Remaining: 94.5
282 410.1 , Est Remaining: 93.1
283 411.5 , Est Remaining: 91.6
284 413.0 , Est Remaining: 90.2
285 414.5 , Est Remaining: 88.7
EVENT FAILED
285 414.8 , Est Remaining: 88.8
286 416.2 , Est Remaining: 87.3
287 417.6 , Est Remaining: 85.9
288 419.1 , Est Remaining: 84.4
289 420.5 , Est Remaining: 82.9
290 422.0 , Est Remaining: 81.5
291 423.4 , Est Remaining: 80.0
EVENT FAILED
291 423.7 , Est Remaining: 80.1
292 425.2 , Est Remaining: 78.6
293 426.6 , Est Remaining: 77.2
294 428.1 , Est Remaining: 75.7
295 429.5 , Est Remaining: 74.2
296 430.9 , Est Remaining: 72.8
297 432.4 , Est Remaining: 71.3
298 433.8 , Est Remaining: 69.9
299 435.2 , Est Remaining: 68.4
300 436.6 , Est Remaining: 66.9
301 438.2 , Est Remaining: 65.5
302 439.6 , Est Remaining: 64.0
303 441.0 , Est Remaining: 62.6
304 442.4 , Est Remaining: 61.1
305 443.8 , Est Remaining: 59.7
306 445.2 , Est Remaining: 58.2
307 446.6 , Est Remaining: 56.7
308 448.1 , Est Remaining: 55.3
309 449.5 , Est Remaining: 53.8
310 450.9 , Est Remaining: 52.4
311 452.3 , Est Remaining: 50.9
312 453.7 , Est Remaining: 49.4
313 455.1 , Est Remaining: 48.0
314 456.4 , Est Remaining: 46.5
315 457.8 , Est Remaining: 45.1
316 459.2 , Est Remaining: 43.6
317 460.6 , Est Remaining: 42.1
318 462.0 , Est Remaining: 40.7
319 463.4 , Est Remaining: 39.2
320 464.8 , Est Remaining: 37.8
321 466.1 , Est Remaining: 36.3
322 467.5 , Est Remaining: 34.8
323 468.9 , Est Remaining: 33.4
324 470.3 , Est Remaining: 31.9
325 471.7 , Est Remaining: 30.5
326 473.1 , Est Remaining: 29.0
327 474.4 , Est Remaining: 27.6
328 475.8 , Est Remaining: 26.1
