Note: NumExpr detected 32 cores but "NUMEXPR_MAX_THREADS" not set, so enforcing safe limit of 8.
Using selector: EpollSelector
/n/home02/jhaefner/miniconda/envs/IC-3.7-2020-06-16/lib/python3.7/site-packages/scipy/optimize/minpack.py:808: OptimizeWarning: Covariance of the parameters could not be estimated
  category=OptimizeWarning)
Total rwfs: 346
0 0.0 , Est Remaining: 999999.9
1 1.4 , Est Remaining: 486.8
2 2.8 , Est Remaining: 486.1
3 4.2 , Est Remaining: 485.7
4 5.6 , Est Remaining: 480.4
5 7.0 , Est Remaining: 479.7
6 8.4 , Est Remaining: 478.1
7 9.8 , Est Remaining: 475.3
8 11.2 , Est Remaining: 472.7
9 12.6 , Est Remaining: 470.5
10 13.9 , Est Remaining: 468.3
11 15.3 , Est Remaining: 467.1
12 16.7 , Est Remaining: 465.7
13 18.1 , Est Remaining: 463.5
14 19.5 , Est Remaining: 461.7
15 20.8 , Est Remaining: 460.0
16 22.2 , Est Remaining: 458.3
17 23.6 , Est Remaining: 456.5
18 25.0 , Est Remaining: 455.0
19 26.3 , Est Remaining: 453.5
20 27.7 , Est Remaining: 452.3
21 29.2 , Est Remaining: 451.3
22 30.6 , Est Remaining: 450.1
23 31.9 , Est Remaining: 448.6
24 33.3 , Est Remaining: 447.3
25 34.7 , Est Remaining: 446.2
EVENT FAILED
25 35.0 , Est Remaining: 450.0
26 36.5 , Est Remaining: 448.8
27 37.9 , Est Remaining: 447.5
28 39.3 , Est Remaining: 446.1
29 40.7 , Est Remaining: 444.7
30 42.1 , Est Remaining: 443.7
31 43.5 , Est Remaining: 442.3
32 44.9 , Est Remaining: 440.9
33 46.4 , Est Remaining: 439.7
34 47.8 , Est Remaining: 438.3
35 49.2 , Est Remaining: 436.9
36 50.6 , Est Remaining: 435.6
37 52.0 , Est Remaining: 434.2
38 53.4 , Est Remaining: 432.9
39 54.8 , Est Remaining: 431.7
40 56.3 , Est Remaining: 430.4
41 57.7 , Est Remaining: 429.0
42 59.1 , Est Remaining: 427.7
43 60.5 , Est Remaining: 426.4
44 61.9 , Est Remaining: 425.0
45 63.3 , Est Remaining: 423.6
46 64.7 , Est Remaining: 422.2
47 66.2 , Est Remaining: 420.9
48 67.6 , Est Remaining: 419.6
49 69.0 , Est Remaining: 418.2
50 70.4 , Est Remaining: 416.7
51 71.8 , Est Remaining: 415.4
52 73.2 , Est Remaining: 413.9
53 74.6 , Est Remaining: 412.5
54 76.0 , Est Remaining: 411.2
55 77.5 , Est Remaining: 409.9
56 78.9 , Est Remaining: 408.6
57 80.3 , Est Remaining: 407.3
58 81.7 , Est Remaining: 405.9
59 83.2 , Est Remaining: 404.7
60 84.6 , Est Remaining: 403.3
EVENT FAILED
60 84.9 , Est Remaining: 404.8
61 86.4 , Est Remaining: 403.5
62 87.8 , Est Remaining: 402.2
63 89.2 , Est Remaining: 400.9
64 90.7 , Est Remaining: 399.5
65 92.1 , Est Remaining: 398.2
66 93.6 , Est Remaining: 397.0
67 95.0 , Est Remaining: 395.6
68 96.5 , Est Remaining: 394.4
69 97.9 , Est Remaining: 393.0
70 99.3 , Est Remaining: 391.7
71 100.8 , Est Remaining: 390.5
72 102.3 , Est Remaining: 389.2
73 103.7 , Est Remaining: 387.8
74 105.1 , Est Remaining: 386.5
75 106.6 , Est Remaining: 385.1
76 108.0 , Est Remaining: 383.7
77 109.4 , Est Remaining: 382.4
78 110.9 , Est Remaining: 381.0
EVENT FAILED
78 111.2 , Est Remaining: 382.0
79 112.6 , Est Remaining: 380.6
80 114.0 , Est Remaining: 379.2
81 115.5 , Est Remaining: 377.8
82 116.9 , Est Remaining: 376.4
83 118.3 , Est Remaining: 375.0
84 119.8 , Est Remaining: 373.6
85 121.2 , Est Remaining: 372.1
86 122.6 , Est Remaining: 370.7
87 124.0 , Est Remaining: 369.3
88 125.5 , Est Remaining: 367.9
89 126.9 , Est Remaining: 366.5
90 128.4 , Est Remaining: 365.2
91 129.8 , Est Remaining: 363.8
92 131.3 , Est Remaining: 362.4
93 132.7 , Est Remaining: 361.0
94 134.2 , Est Remaining: 359.6
95 135.6 , Est Remaining: 358.3
96 137.0 , Est Remaining: 356.9
97 138.5 , Est Remaining: 355.5
98 140.0 , Est Remaining: 354.2
EVENT FAILED
98 140.3 , Est Remaining: 354.9
EVENT FAILED
98 140.6 , Est Remaining: 355.7
99 142.0 , Est Remaining: 354.3
100 143.5 , Est Remaining: 352.9
101 144.9 , Est Remaining: 351.5
102 146.3 , Est Remaining: 350.1
103 147.8 , Est Remaining: 348.8
104 149.3 , Est Remaining: 347.3
EVENT FAILED
104 149.6 , Est Remaining: 348.0
105 151.0 , Est Remaining: 346.6
EVENT FAILED
105 151.3 , Est Remaining: 347.3
106 152.8 , Est Remaining: 345.9
107 154.2 , Est Remaining: 344.5
108 155.7 , Est Remaining: 343.1
109 157.2 , Est Remaining: 341.7
110 158.6 , Est Remaining: 340.4
111 160.1 , Est Remaining: 338.9
112 161.6 , Est Remaining: 337.5
113 163.0 , Est Remaining: 336.1
114 164.5 , Est Remaining: 334.7
115 165.9 , Est Remaining: 333.3
116 167.4 , Est Remaining: 331.9
117 168.8 , Est Remaining: 330.4
118 170.3 , Est Remaining: 329.0
119 171.7 , Est Remaining: 327.6
120 173.2 , Est Remaining: 326.2
121 174.7 , Est Remaining: 324.8
122 176.1 , Est Remaining: 323.3
123 177.5 , Est Remaining: 321.9
124 179.0 , Est Remaining: 320.4
125 180.4 , Est Remaining: 318.9
126 181.8 , Est Remaining: 317.5
127 183.2 , Est Remaining: 316.0
128 184.7 , Est Remaining: 314.5
129 186.1 , Est Remaining: 313.0
130 187.5 , Est Remaining: 311.6
131 189.0 , Est Remaining: 310.1
132 190.4 , Est Remaining: 308.6
133 191.8 , Est Remaining: 307.1
134 193.2 , Est Remaining: 305.6
135 194.6 , Est Remaining: 304.1
136 196.0 , Est Remaining: 302.6
137 197.4 , Est Remaining: 301.1
138 198.8 , Est Remaining: 299.6
139 200.2 , Est Remaining: 298.2
140 201.6 , Est Remaining: 296.6
141 203.0 , Est Remaining: 295.2
142 204.4 , Est Remaining: 293.7
143 205.8 , Est Remaining: 292.2
144 207.2 , Est Remaining: 290.7
145 208.6 , Est Remaining: 289.2
146 210.0 , Est Remaining: 287.7
147 211.5 , Est Remaining: 286.3
148 212.9 , Est Remaining: 284.8
149 214.3 , Est Remaining: 283.3
150 215.7 , Est Remaining: 281.8
151 217.1 , Est Remaining: 280.3
152 218.5 , Est Remaining: 278.8
153 219.8 , Est Remaining: 277.3
154 221.2 , Est Remaining: 275.8
155 222.6 , Est Remaining: 274.3
156 224.0 , Est Remaining: 272.8
EVENT FAILED
156 224.3 , Est Remaining: 273.2
157 225.7 , Est Remaining: 271.7
158 227.1 , Est Remaining: 270.2
159 228.5 , Est Remaining: 268.7
160 229.9 , Est Remaining: 267.2
161 231.3 , Est Remaining: 265.7
162 232.6 , Est Remaining: 264.2
163 234.0 , Est Remaining: 262.7
164 235.4 , Est Remaining: 261.2
165 236.8 , Est Remaining: 259.8
166 238.2 , Est Remaining: 258.3
167 239.6 , Est Remaining: 256.8
168 241.0 , Est Remaining: 255.3
169 242.3 , Est Remaining: 253.8
170 243.7 , Est Remaining: 252.3
171 245.1 , Est Remaining: 250.8
172 246.5 , Est Remaining: 249.4
173 247.9 , Est Remaining: 247.9
174 249.3 , Est Remaining: 246.4
175 250.7 , Est Remaining: 244.9
176 252.1 , Est Remaining: 243.5
177 253.4 , Est Remaining: 242.0
178 254.8 , Est Remaining: 240.5
179 256.2 , Est Remaining: 239.0
EVENT FAILED
179 256.5 , Est Remaining: 239.3
180 257.9 , Est Remaining: 237.8
181 259.3 , Est Remaining: 236.4
182 260.7 , Est Remaining: 234.9
183 262.1 , Est Remaining: 233.4
184 263.5 , Est Remaining: 232.0
185 264.8 , Est Remaining: 230.5
186 266.2 , Est Remaining: 229.0
187 267.6 , Est Remaining: 227.6
EVENT FAILED
187 267.9 , Est Remaining: 227.8
188 269.3 , Est Remaining: 226.4
189 270.8 , Est Remaining: 224.9
190 272.2 , Est Remaining: 223.5
191 273.6 , Est Remaining: 222.0
192 275.0 , Est Remaining: 220.6
193 276.4 , Est Remaining: 219.1
194 277.8 , Est Remaining: 217.7
195 279.2 , Est Remaining: 216.2
196 280.6 , Est Remaining: 214.8
197 282.1 , Est Remaining: 213.3
198 283.5 , Est Remaining: 211.9
199 284.9 , Est Remaining: 210.4
200 286.3 , Est Remaining: 209.0
201 287.7 , Est Remaining: 207.6
202 289.1 , Est Remaining: 206.1
203 290.6 , Est Remaining: 204.7
204 292.0 , Est Remaining: 203.3
205 293.5 , Est Remaining: 201.9
206 294.9 , Est Remaining: 200.4
207 296.3 , Est Remaining: 199.0
208 297.8 , Est Remaining: 197.6
209 299.2 , Est Remaining: 196.1
210 300.6 , Est Remaining: 194.7
211 302.1 , Est Remaining: 193.3
212 303.5 , Est Remaining: 191.9
213 305.0 , Est Remaining: 190.4
214 306.4 , Est Remaining: 189.0
215 307.9 , Est Remaining: 187.6
216 309.3 , Est Remaining: 186.2
217 310.7 , Est Remaining: 184.7
218 312.2 , Est Remaining: 183.3
219 313.6 , Est Remaining: 181.9
220 315.0 , Est Remaining: 180.4
221 316.5 , Est Remaining: 179.0
222 318.0 , Est Remaining: 177.6
223 319.4 , Est Remaining: 176.2
224 320.8 , Est Remaining: 174.7
225 322.3 , Est Remaining: 173.3
226 323.7 , Est Remaining: 171.9
227 325.1 , Est Remaining: 170.4
228 326.6 , Est Remaining: 169.0
229 328.0 , Est Remaining: 167.6
230 329.4 , Est Remaining: 166.2
231 330.9 , Est Remaining: 164.7
EVENT FAILED
231 331.2 , Est Remaining: 164.9
232 332.6 , Est Remaining: 163.5
233 334.1 , Est Remaining: 162.0
234 335.5 , Est Remaining: 160.6
235 337.0 , Est Remaining: 159.2
236 338.4 , Est Remaining: 157.7
237 339.8 , Est Remaining: 156.3
238 341.3 , Est Remaining: 154.9
239 342.7 , Est Remaining: 153.4
240 344.1 , Est Remaining: 152.0
241 345.6 , Est Remaining: 150.6
242 347.0 , Est Remaining: 149.1
243 348.4 , Est Remaining: 147.7
244 349.9 , Est Remaining: 146.3
245 351.3 , Est Remaining: 144.8
246 352.7 , Est Remaining: 143.4
247 354.1 , Est Remaining: 141.9
248 355.6 , Est Remaining: 140.5
249 357.0 , Est Remaining: 139.1
250 358.4 , Est Remaining: 137.6
251 359.8 , Est Remaining: 136.2
252 361.2 , Est Remaining: 134.7
253 362.7 , Est Remaining: 133.3
254 364.1 , Est Remaining: 131.9
255 365.5 , Est Remaining: 130.4
256 366.9 , Est Remaining: 129.0
257 368.3 , Est Remaining: 127.6
258 369.8 , Est Remaining: 126.1
259 371.2 , Est Remaining: 124.7
260 372.6 , Est Remaining: 123.3
261 374.0 , Est Remaining: 121.8
262 375.5 , Est Remaining: 120.4
263 376.9 , Est Remaining: 118.9
264 378.3 , Est Remaining: 117.5
EVENT FAILED
264 378.6 , Est Remaining: 117.6
265 380.1 , Est Remaining: 116.2
266 381.5 , Est Remaining: 114.7
267 382.9 , Est Remaining: 113.3
268 384.4 , Est Remaining: 111.9
269 385.8 , Est Remaining: 110.4
270 387.3 , Est Remaining: 109.0
271 388.7 , Est Remaining: 107.6
272 390.1 , Est Remaining: 106.1
273 391.6 , Est Remaining: 104.7
274 393.0 , Est Remaining: 103.3
275 394.5 , Est Remaining: 101.8
276 395.9 , Est Remaining: 100.4
277 397.3 , Est Remaining: 99.0
278 398.8 , Est Remaining: 97.5
279 400.2 , Est Remaining: 96.1
280 401.7 , Est Remaining: 94.7
281 403.1 , Est Remaining: 93.3
282 404.6 , Est Remaining: 91.8
283 406.0 , Est Remaining: 90.4
284 407.4 , Est Remaining: 88.9
285 408.9 , Est Remaining: 87.5
286 410.3 , Est Remaining: 86.1
287 411.8 , Est Remaining: 84.7
288 413.2 , Est Remaining: 83.2
289 414.7 , Est Remaining: 81.8
290 416.1 , Est Remaining: 80.4
291 417.5 , Est Remaining: 78.9
292 419.0 , Est Remaining: 77.5
293 420.4 , Est Remaining: 76.1
294 421.9 , Est Remaining: 74.6
295 423.3 , Est Remaining: 73.2
296 424.8 , Est Remaining: 71.8
297 426.2 , Est Remaining: 70.3
298 427.7 , Est Remaining: 68.9
299 429.2 , Est Remaining: 67.5
300 430.6 , Est Remaining: 66.0
301 432.1 , Est Remaining: 64.6
302 433.7 , Est Remaining: 63.2
303 435.1 , Est Remaining: 61.8
304 436.6 , Est Remaining: 60.3
305 438.1 , Est Remaining: 58.9
306 439.5 , Est Remaining: 57.5
307 441.0 , Est Remaining: 56.0
308 442.4 , Est Remaining: 54.6
309 443.9 , Est Remaining: 53.2
310 445.4 , Est Remaining: 51.7
311 446.8 , Est Remaining: 50.3
312 448.4 , Est Remaining: 48.9
313 449.8 , Est Remaining: 47.4
314 451.3 , Est Remaining: 46.0
315 452.7 , Est Remaining: 44.6
316 454.2 , Est Remaining: 43.1
317 455.6 , Est Remaining: 41.7
EVENT FAILED
317 455.9 , Est Remaining: 41.7
318 457.4 , Est Remaining: 40.3
319 458.8 , Est Remaining: 38.8
320 460.3 , Est Remaining: 37.4
321 461.7 , Est Remaining: 36.0
322 463.2 , Est Remaining: 34.5
323 464.6 , Est Remaining: 33.1
324 466.0 , Est Remaining: 31.6
325 467.5 , Est Remaining: 30.2
326 468.9 , Est Remaining: 28.8
327 470.4 , Est Remaining: 27.3
328 471.8 , Est Remaining: 25.9
329 473.3 , Est Remaining: 24.5
330 474.7 , Est Remaining: 23.0
331 476.1 , Est Remaining: 21.6
332 477.6 , Est Remaining: 20.1
EVENT FAILED
