Note: NumExpr detected 32 cores but "NUMEXPR_MAX_THREADS" not set, so enforcing safe limit of 8.
Using selector: EpollSelector
/n/home02/jhaefner/miniconda/envs/IC-3.7-2020-06-16/lib/python3.7/site-packages/scipy/optimize/minpack.py:808: OptimizeWarning: Covariance of the parameters could not be estimated
  category=OptimizeWarning)
Total rwfs: 346
0 0.0 , Est Remaining: 999999.9
1 1.4 , Est Remaining: 488.2
2 2.8 , Est Remaining: 485.4
3 4.2 , Est Remaining: 483.5
4 5.6 , Est Remaining: 480.2
5 7.0 , Est Remaining: 478.4
6 8.4 , Est Remaining: 476.8
7 9.8 , Est Remaining: 473.4
8 11.2 , Est Remaining: 471.6
9 12.5 , Est Remaining: 469.2
10 13.9 , Est Remaining: 468.0
11 15.3 , Est Remaining: 467.0
12 16.7 , Est Remaining: 465.5
13 18.1 , Est Remaining: 463.7
14 19.5 , Est Remaining: 461.9
15 20.9 , Est Remaining: 460.5
16 22.3 , Est Remaining: 459.1
17 23.7 , Est Remaining: 457.8
18 25.0 , Est Remaining: 456.3
19 26.4 , Est Remaining: 454.9
20 27.8 , Est Remaining: 453.8
21 29.3 , Est Remaining: 453.2
22 30.7 , Est Remaining: 452.2
23 32.1 , Est Remaining: 450.8
24 33.5 , Est Remaining: 449.6
25 34.9 , Est Remaining: 448.5
26 36.3 , Est Remaining: 447.3
27 37.8 , Est Remaining: 446.2
28 39.2 , Est Remaining: 445.1
29 40.6 , Est Remaining: 443.9
30 42.0 , Est Remaining: 442.8
31 43.5 , Est Remaining: 441.6
32 44.9 , Est Remaining: 440.6
33 46.3 , Est Remaining: 439.4
34 47.7 , Est Remaining: 438.1
EVENT FAILED
34 48.0 , Est Remaining: 440.9
35 49.5 , Est Remaining: 440.1
36 51.0 , Est Remaining: 439.2
37 52.5 , Est Remaining: 438.3
38 53.9 , Est Remaining: 437.2
39 55.4 , Est Remaining: 436.1
EVENT FAILED
39 55.7 , Est Remaining: 438.6
40 57.1 , Est Remaining: 437.1
41 58.6 , Est Remaining: 435.8
42 60.0 , Est Remaining: 434.5
43 61.5 , Est Remaining: 433.2
44 62.9 , Est Remaining: 432.0
45 64.4 , Est Remaining: 430.8
46 65.9 , Est Remaining: 429.7
47 67.4 , Est Remaining: 428.5
48 68.8 , Est Remaining: 427.3
49 70.3 , Est Remaining: 426.1
50 71.8 , Est Remaining: 424.8
51 73.2 , Est Remaining: 423.5
52 74.7 , Est Remaining: 422.1
53 76.1 , Est Remaining: 420.8
54 77.6 , Est Remaining: 419.4
55 79.0 , Est Remaining: 418.0
56 80.5 , Est Remaining: 416.7
57 81.9 , Est Remaining: 415.3
58 83.4 , Est Remaining: 414.0
59 84.8 , Est Remaining: 412.7
60 86.3 , Est Remaining: 411.3
61 87.7 , Est Remaining: 409.7
62 89.1 , Est Remaining: 408.3
63 90.6 , Est Remaining: 406.8
64 92.0 , Est Remaining: 405.4
65 93.4 , Est Remaining: 403.9
66 94.9 , Est Remaining: 402.5
67 96.3 , Est Remaining: 401.1
68 97.7 , Est Remaining: 399.6
69 99.2 , Est Remaining: 398.1
70 100.6 , Est Remaining: 396.8
71 102.0 , Est Remaining: 395.2
72 103.5 , Est Remaining: 393.8
73 104.9 , Est Remaining: 392.3
74 106.3 , Est Remaining: 390.8
75 107.7 , Est Remaining: 389.3
76 109.2 , Est Remaining: 387.9
77 110.6 , Est Remaining: 386.4
78 112.0 , Est Remaining: 384.9
79 113.4 , Est Remaining: 383.4
80 114.9 , Est Remaining: 381.9
81 116.3 , Est Remaining: 380.5
EVENT FAILED
81 116.6 , Est Remaining: 381.5
82 118.0 , Est Remaining: 380.0
83 119.5 , Est Remaining: 378.5
84 120.9 , Est Remaining: 377.1
85 122.3 , Est Remaining: 375.6
86 123.7 , Est Remaining: 374.1
87 125.2 , Est Remaining: 372.6
88 126.6 , Est Remaining: 371.2
89 128.1 , Est Remaining: 369.8
90 129.5 , Est Remaining: 368.4
91 131.0 , Est Remaining: 367.0
92 132.4 , Est Remaining: 365.6
93 133.8 , Est Remaining: 364.1
94 135.3 , Est Remaining: 362.7
95 136.8 , Est Remaining: 361.4
EVENT FAILED
95 137.1 , Est Remaining: 362.1
96 138.5 , Est Remaining: 360.7
97 140.0 , Est Remaining: 359.3
EVENT FAILED
97 140.3 , Est Remaining: 360.0
98 141.7 , Est Remaining: 358.6
99 143.1 , Est Remaining: 357.1
100 144.6 , Est Remaining: 355.6
101 146.0 , Est Remaining: 354.2
102 147.5 , Est Remaining: 352.7
103 149.0 , Est Remaining: 351.5
104 150.4 , Est Remaining: 350.0
105 151.9 , Est Remaining: 348.6
106 153.3 , Est Remaining: 347.2
107 154.8 , Est Remaining: 345.7
108 156.2 , Est Remaining: 344.3
109 157.7 , Est Remaining: 342.8
110 159.1 , Est Remaining: 341.4
EVENT FAILED
110 159.4 , Est Remaining: 342.0
111 160.9 , Est Remaining: 340.5
112 162.3 , Est Remaining: 339.1
113 163.7 , Est Remaining: 337.6
114 165.2 , Est Remaining: 336.1
115 166.6 , Est Remaining: 334.6
116 168.0 , Est Remaining: 333.2
117 169.4 , Est Remaining: 331.6
118 170.9 , Est Remaining: 330.2
119 172.3 , Est Remaining: 328.7
120 173.7 , Est Remaining: 327.2
121 175.2 , Est Remaining: 325.7
122 176.6 , Est Remaining: 324.3
123 178.0 , Est Remaining: 322.8
124 179.5 , Est Remaining: 321.3
EVENT FAILED
124 179.8 , Est Remaining: 321.9
125 181.2 , Est Remaining: 320.4
126 182.7 , Est Remaining: 319.0
127 184.1 , Est Remaining: 317.5
128 185.6 , Est Remaining: 316.0
129 187.0 , Est Remaining: 314.6
130 188.4 , Est Remaining: 313.1
131 189.9 , Est Remaining: 311.7
132 191.3 , Est Remaining: 310.2
133 192.8 , Est Remaining: 308.7
134 194.2 , Est Remaining: 307.2
135 195.6 , Est Remaining: 305.8
136 197.1 , Est Remaining: 304.3
EVENT FAILED
136 197.4 , Est Remaining: 304.8
137 198.8 , Est Remaining: 303.3
138 200.2 , Est Remaining: 301.8
139 201.6 , Est Remaining: 300.3
140 203.1 , Est Remaining: 298.8
141 204.5 , Est Remaining: 297.3
142 205.9 , Est Remaining: 295.8
143 207.3 , Est Remaining: 294.3
144 208.7 , Est Remaining: 292.8
145 210.1 , Est Remaining: 291.3
146 211.6 , Est Remaining: 289.8
147 213.0 , Est Remaining: 288.3
148 214.4 , Est Remaining: 286.8
149 215.8 , Est Remaining: 285.3
150 217.2 , Est Remaining: 283.8
151 218.6 , Est Remaining: 282.3
152 220.0 , Est Remaining: 280.8
153 221.4 , Est Remaining: 279.3
154 222.8 , Est Remaining: 277.8
155 224.2 , Est Remaining: 276.3
156 225.6 , Est Remaining: 274.8
157 227.0 , Est Remaining: 273.3
158 228.4 , Est Remaining: 271.8
159 229.8 , Est Remaining: 270.3
160 231.2 , Est Remaining: 268.8
161 232.6 , Est Remaining: 267.3
162 234.0 , Est Remaining: 265.8
163 235.4 , Est Remaining: 264.3
164 236.8 , Est Remaining: 262.8
165 238.2 , Est Remaining: 261.3
166 239.6 , Est Remaining: 259.8
167 241.0 , Est Remaining: 258.3
168 242.3 , Est Remaining: 256.8
169 243.7 , Est Remaining: 255.3
170 245.1 , Est Remaining: 253.7
171 246.5 , Est Remaining: 252.2
172 247.9 , Est Remaining: 250.7
173 249.2 , Est Remaining: 249.2
174 250.6 , Est Remaining: 247.7
175 252.0 , Est Remaining: 246.2
176 253.4 , Est Remaining: 244.7
177 254.8 , Est Remaining: 243.3
178 256.2 , Est Remaining: 241.8
179 257.5 , Est Remaining: 240.3
180 258.9 , Est Remaining: 238.8
181 260.3 , Est Remaining: 237.3
182 261.7 , Est Remaining: 235.8
183 263.1 , Est Remaining: 234.3
184 264.5 , Est Remaining: 232.8
185 265.8 , Est Remaining: 231.4
186 267.2 , Est Remaining: 229.9
187 268.6 , Est Remaining: 228.4
188 270.0 , Est Remaining: 226.9
189 271.4 , Est Remaining: 225.4
190 272.7 , Est Remaining: 223.9
191 274.1 , Est Remaining: 222.5
192 275.5 , Est Remaining: 221.0
193 276.9 , Est Remaining: 219.5
194 278.3 , Est Remaining: 218.0
195 279.6 , Est Remaining: 216.5
196 281.0 , Est Remaining: 215.1
197 282.4 , Est Remaining: 213.6
198 283.7 , Est Remaining: 212.1
199 285.1 , Est Remaining: 210.6
200 286.5 , Est Remaining: 209.1
201 287.9 , Est Remaining: 207.7
202 289.3 , Est Remaining: 206.2
203 290.8 , Est Remaining: 204.8
204 292.2 , Est Remaining: 203.4
205 293.5 , Est Remaining: 201.9
206 294.9 , Est Remaining: 200.4
207 296.3 , Est Remaining: 199.0
208 297.7 , Est Remaining: 197.5
209 299.1 , Est Remaining: 196.1
210 300.5 , Est Remaining: 194.6
211 301.9 , Est Remaining: 193.2
212 303.2 , Est Remaining: 191.6
213 304.6 , Est Remaining: 190.2
214 306.0 , Est Remaining: 188.7
215 307.4 , Est Remaining: 187.3
216 308.8 , Est Remaining: 185.9
217 310.2 , Est Remaining: 184.4
218 311.6 , Est Remaining: 183.0
219 313.0 , Est Remaining: 181.5
220 314.4 , Est Remaining: 180.1
221 315.8 , Est Remaining: 178.6
222 317.3 , Est Remaining: 177.2
223 318.7 , Est Remaining: 175.8
224 320.1 , Est Remaining: 174.3
225 321.5 , Est Remaining: 172.9
226 322.9 , Est Remaining: 171.4
227 324.3 , Est Remaining: 170.0
228 325.7 , Est Remaining: 168.6
229 327.1 , Est Remaining: 167.1
230 328.5 , Est Remaining: 165.7
231 330.0 , Est Remaining: 164.3
232 331.4 , Est Remaining: 162.8
233 332.8 , Est Remaining: 161.4
234 334.2 , Est Remaining: 160.0
235 335.6 , Est Remaining: 158.5
236 337.0 , Est Remaining: 157.1
237 338.4 , Est Remaining: 155.6
EVENT FAILED
237 338.9 , Est Remaining: 155.9
238 340.3 , Est Remaining: 154.4
239 341.7 , Est Remaining: 153.0
240 343.2 , Est Remaining: 151.6
241 344.6 , Est Remaining: 150.1
242 346.0 , Est Remaining: 148.7
243 347.5 , Est Remaining: 147.3
244 348.9 , Est Remaining: 145.9
245 350.3 , Est Remaining: 144.4
246 351.7 , Est Remaining: 143.0
247 353.2 , Est Remaining: 141.6
248 354.6 , Est Remaining: 140.1
249 356.0 , Est Remaining: 138.7
250 357.5 , Est Remaining: 137.3
251 358.9 , Est Remaining: 135.8
252 360.3 , Est Remaining: 134.4
253 361.7 , Est Remaining: 133.0
254 363.1 , Est Remaining: 131.5
255 364.5 , Est Remaining: 130.1
256 366.0 , Est Remaining: 128.7
257 367.4 , Est Remaining: 127.2
258 368.8 , Est Remaining: 125.8
259 370.2 , Est Remaining: 124.4
260 371.6 , Est Remaining: 122.9
261 373.1 , Est Remaining: 121.5
262 374.5 , Est Remaining: 120.1
263 375.9 , Est Remaining: 118.6
264 377.3 , Est Remaining: 117.2
265 378.8 , Est Remaining: 115.8
266 380.2 , Est Remaining: 114.3
267 381.6 , Est Remaining: 112.9
268 383.0 , Est Remaining: 111.5
269 384.4 , Est Remaining: 110.0
270 385.8 , Est Remaining: 108.6
271 387.3 , Est Remaining: 107.2
272 388.7 , Est Remaining: 105.7
273 390.1 , Est Remaining: 104.3
274 391.5 , Est Remaining: 102.9
275 392.9 , Est Remaining: 101.4
276 394.3 , Est Remaining: 100.0
277 395.7 , Est Remaining: 98.6
278 397.1 , Est Remaining: 97.1
279 398.6 , Est Remaining: 95.7
280 400.0 , Est Remaining: 94.3
281 401.4 , Est Remaining: 92.9
282 402.8 , Est Remaining: 91.4
283 404.2 , Est Remaining: 90.0
284 405.7 , Est Remaining: 88.6
285 407.1 , Est Remaining: 87.1
EVENT FAILED
285 407.4 , Est Remaining: 87.2
286 408.9 , Est Remaining: 85.8
287 410.3 , Est Remaining: 84.3
288 411.7 , Est Remaining: 82.9
289 413.1 , Est Remaining: 81.5
290 414.5 , Est Remaining: 80.0
291 416.0 , Est Remaining: 78.6
292 417.4 , Est Remaining: 77.2
293 418.8 , Est Remaining: 75.8
294 420.3 , Est Remaining: 74.3
295 421.7 , Est Remaining: 72.9
296 423.1 , Est Remaining: 71.5
297 424.5 , Est Remaining: 70.0
298 425.9 , Est Remaining: 68.6
299 427.4 , Est Remaining: 67.2
300 428.8 , Est Remaining: 65.7
301 430.2 , Est Remaining: 64.3
302 431.8 , Est Remaining: 62.9
303 433.2 , Est Remaining: 61.5
304 434.6 , Est Remaining: 60.0
305 436.1 , Est Remaining: 58.6
306 437.5 , Est Remaining: 57.2
307 438.9 , Est Remaining: 55.8
308 440.3 , Est Remaining: 54.3
309 441.8 , Est Remaining: 52.9
310 443.2 , Est Remaining: 51.5
311 444.6 , Est Remaining: 50.0
312 446.1 , Est Remaining: 48.6
313 447.5 , Est Remaining: 47.2
314 448.9 , Est Remaining: 45.8
315 450.4 , Est Remaining: 44.3
316 451.8 , Est Remaining: 42.9
317 453.2 , Est Remaining: 41.5
318 454.7 , Est Remaining: 40.0
319 456.1 , Est Remaining: 38.6
320 457.6 , Est Remaining: 37.2
321 459.0 , Est Remaining: 35.7
322 460.4 , Est Remaining: 34.3
323 461.9 , Est Remaining: 32.9
324 463.3 , Est Remaining: 31.5
325 464.8 , Est Remaining: 30.0
326 466.2 , Est Remaining: 28.6
327 467.7 , Est Remaining: 27.2
328 469.1 , Est Remaining: 25.7
329 470.6 , Est Remaining: 24.3
330 472.0 , Est Remaining: 22.9
331 473.4 , Est Remaining: 21.5
332 474.9 , Est Remaining: 20.0
333 476.3 , Est Remaining: 18.6
334 477.7 , Est Remaining: 17.2
335 479.1 , Est Remaining: 15.7
