Note: NumExpr detected 32 cores but "NUMEXPR_MAX_THREADS" not set, so enforcing safe limit of 8.
Using selector: EpollSelector
/n/home02/jhaefner/miniconda/envs/IC-3.7-2020-06-16/lib/python3.7/site-packages/scipy/optimize/minpack.py:808: OptimizeWarning: Covariance of the parameters could not be estimated
  category=OptimizeWarning)
Total rwfs: 346
0 0.0 , Est Remaining: 999999.9
1 1.4 , Est Remaining: 489.3
2 2.8 , Est Remaining: 485.4
3 4.2 , Est Remaining: 484.5
4 5.6 , Est Remaining: 479.5
5 7.0 , Est Remaining: 476.4
6 8.4 , Est Remaining: 474.2
7 9.7 , Est Remaining: 472.0
8 11.1 , Est Remaining: 470.3
9 12.5 , Est Remaining: 468.3
10 13.9 , Est Remaining: 466.4
11 15.2 , Est Remaining: 464.2
EVENT FAILED
11 15.6 , Est Remaining: 474.0
12 16.9 , Est Remaining: 470.9
13 18.3 , Est Remaining: 467.9
14 19.6 , Est Remaining: 465.2
15 21.0 , Est Remaining: 462.5
16 22.3 , Est Remaining: 460.3
17 23.7 , Est Remaining: 458.0
18 25.0 , Est Remaining: 455.8
19 26.4 , Est Remaining: 453.7
20 27.7 , Est Remaining: 451.5
21 29.1 , Est Remaining: 449.7
22 30.4 , Est Remaining: 447.8
EVENT FAILED
22 30.7 , Est Remaining: 452.2
23 32.1 , Est Remaining: 450.6
24 33.4 , Est Remaining: 448.6
25 34.8 , Est Remaining: 446.7
26 36.1 , Est Remaining: 444.8
27 37.5 , Est Remaining: 442.8
28 38.8 , Est Remaining: 440.8
29 40.2 , Est Remaining: 438.9
30 41.5 , Est Remaining: 437.2
EVENT FAILED
30 41.8 , Est Remaining: 440.4
31 43.1 , Est Remaining: 438.4
32 44.5 , Est Remaining: 436.5
33 45.8 , Est Remaining: 434.7
34 47.2 , Est Remaining: 432.8
35 48.5 , Est Remaining: 431.0
36 49.8 , Est Remaining: 429.2
37 51.2 , Est Remaining: 427.4
38 52.5 , Est Remaining: 425.8
39 53.9 , Est Remaining: 424.1
40 55.2 , Est Remaining: 422.5
41 56.6 , Est Remaining: 420.8
EVENT FAILED
41 56.9 , Est Remaining: 423.0
42 58.2 , Est Remaining: 421.6
43 59.6 , Est Remaining: 420.1
44 61.0 , Est Remaining: 418.6
45 62.4 , Est Remaining: 417.1
46 63.7 , Est Remaining: 415.5
47 65.1 , Est Remaining: 414.0
48 66.4 , Est Remaining: 412.4
49 67.8 , Est Remaining: 410.9
50 69.1 , Est Remaining: 409.3
51 70.5 , Est Remaining: 407.8
52 71.9 , Est Remaining: 406.3
53 73.2 , Est Remaining: 404.7
54 74.6 , Est Remaining: 403.3
55 75.9 , Est Remaining: 401.8
56 77.3 , Est Remaining: 400.3
EVENT FAILED
56 77.6 , Est Remaining: 401.8
57 79.0 , Est Remaining: 400.3
58 80.3 , Est Remaining: 398.9
59 81.7 , Est Remaining: 397.3
60 83.0 , Est Remaining: 395.7
61 84.4 , Est Remaining: 394.2
62 85.7 , Est Remaining: 392.7
63 87.1 , Est Remaining: 391.2
EVENT FAILED
63 87.4 , Est Remaining: 392.5
64 88.7 , Est Remaining: 390.9
65 90.1 , Est Remaining: 389.3
66 91.4 , Est Remaining: 387.8
67 92.8 , Est Remaining: 386.3
68 94.1 , Est Remaining: 384.8
69 95.5 , Est Remaining: 383.3
70 96.8 , Est Remaining: 381.8
71 98.2 , Est Remaining: 380.3
72 99.5 , Est Remaining: 378.8
73 100.9 , Est Remaining: 377.3
EVENT FAILED
73 101.2 , Est Remaining: 378.4
74 102.5 , Est Remaining: 376.9
75 103.9 , Est Remaining: 375.4
76 105.3 , Est Remaining: 374.0
77 106.6 , Est Remaining: 372.5
78 108.0 , Est Remaining: 371.0
79 109.3 , Est Remaining: 369.5
80 110.7 , Est Remaining: 368.0
81 112.0 , Est Remaining: 366.5
EVENT FAILED
81 112.3 , Est Remaining: 367.4
82 113.7 , Est Remaining: 366.0
83 115.0 , Est Remaining: 364.5
84 116.4 , Est Remaining: 363.0
85 117.7 , Est Remaining: 361.5
86 119.1 , Est Remaining: 360.1
87 120.5 , Est Remaining: 358.6
88 121.8 , Est Remaining: 357.1
EVENT FAILED
88 122.1 , Est Remaining: 358.0
89 123.4 , Est Remaining: 356.5
90 124.8 , Est Remaining: 355.0
91 126.2 , Est Remaining: 353.5
92 127.5 , Est Remaining: 352.1
93 128.9 , Est Remaining: 350.7
94 130.3 , Est Remaining: 349.2
95 131.6 , Est Remaining: 347.8
96 133.0 , Est Remaining: 346.3
97 134.3 , Est Remaining: 344.8
98 135.7 , Est Remaining: 343.4
99 137.1 , Est Remaining: 342.0
100 138.4 , Est Remaining: 340.6
101 139.8 , Est Remaining: 339.1
102 141.2 , Est Remaining: 337.7
103 142.6 , Est Remaining: 336.4
104 144.0 , Est Remaining: 335.0
105 145.3 , Est Remaining: 333.5
106 146.7 , Est Remaining: 332.1
107 148.0 , Est Remaining: 330.7
108 149.4 , Est Remaining: 329.2
EVENT FAILED
108 149.7 , Est Remaining: 329.9
109 151.0 , Est Remaining: 328.4
110 152.4 , Est Remaining: 327.0
111 153.8 , Est Remaining: 325.5
112 155.1 , Est Remaining: 324.0
113 156.5 , Est Remaining: 322.6
114 157.8 , Est Remaining: 321.2
115 159.2 , Est Remaining: 319.7
116 160.5 , Est Remaining: 318.3
117 161.9 , Est Remaining: 316.9
118 163.3 , Est Remaining: 315.5
119 164.6 , Est Remaining: 314.0
120 166.0 , Est Remaining: 312.6
EVENT FAILED
120 166.3 , Est Remaining: 313.1
121 167.6 , Est Remaining: 311.7
122 169.0 , Est Remaining: 310.3
123 170.3 , Est Remaining: 308.8
EVENT FAILED
123 170.6 , Est Remaining: 309.4
124 172.0 , Est Remaining: 307.9
125 173.4 , Est Remaining: 306.5
126 174.7 , Est Remaining: 305.1
127 176.1 , Est Remaining: 303.6
128 177.4 , Est Remaining: 302.2
129 178.8 , Est Remaining: 300.7
130 180.1 , Est Remaining: 299.3
131 181.5 , Est Remaining: 297.8
132 182.8 , Est Remaining: 296.4
133 184.2 , Est Remaining: 295.0
134 185.5 , Est Remaining: 293.5
135 186.9 , Est Remaining: 292.1
136 188.2 , Est Remaining: 290.7
137 189.6 , Est Remaining: 289.2
138 190.9 , Est Remaining: 287.8
139 192.3 , Est Remaining: 286.4
140 193.7 , Est Remaining: 285.0
141 195.0 , Est Remaining: 283.5
142 196.4 , Est Remaining: 282.1
EVENT FAILED
142 196.7 , Est Remaining: 282.5
143 198.0 , Est Remaining: 281.1
144 199.4 , Est Remaining: 279.7
145 200.7 , Est Remaining: 278.3
146 202.1 , Est Remaining: 276.8
147 203.4 , Est Remaining: 275.4
148 204.8 , Est Remaining: 274.0
149 206.2 , Est Remaining: 272.6
150 207.5 , Est Remaining: 271.2
151 208.9 , Est Remaining: 269.7
152 210.2 , Est Remaining: 268.3
153 211.6 , Est Remaining: 266.9
154 213.0 , Est Remaining: 265.6
155 214.4 , Est Remaining: 264.1
156 215.7 , Est Remaining: 262.7
157 217.1 , Est Remaining: 261.3
158 218.5 , Est Remaining: 259.9
159 219.8 , Est Remaining: 258.5
160 221.2 , Est Remaining: 257.1
161 222.5 , Est Remaining: 255.7
162 223.9 , Est Remaining: 254.3
163 225.3 , Est Remaining: 252.9
164 226.6 , Est Remaining: 251.5
165 228.0 , Est Remaining: 250.1
166 229.3 , Est Remaining: 248.7
167 230.7 , Est Remaining: 247.3
168 232.1 , Est Remaining: 245.9
169 233.4 , Est Remaining: 244.5
170 234.8 , Est Remaining: 243.1
171 236.2 , Est Remaining: 241.7
172 237.5 , Est Remaining: 240.3
173 238.9 , Est Remaining: 238.9
174 240.2 , Est Remaining: 237.5
175 241.6 , Est Remaining: 236.1
176 243.0 , Est Remaining: 234.7
177 244.3 , Est Remaining: 233.3
178 245.7 , Est Remaining: 231.9
179 247.0 , Est Remaining: 230.5
180 248.4 , Est Remaining: 229.1
181 249.8 , Est Remaining: 227.7
182 251.1 , Est Remaining: 226.3
183 252.5 , Est Remaining: 224.9
184 253.9 , Est Remaining: 223.5
185 255.3 , Est Remaining: 222.2
186 256.6 , Est Remaining: 220.8
187 257.9 , Est Remaining: 219.3
188 259.3 , Est Remaining: 217.9
189 260.7 , Est Remaining: 216.5
190 262.0 , Est Remaining: 215.1
191 263.4 , Est Remaining: 213.7
192 264.7 , Est Remaining: 212.3
193 266.1 , Est Remaining: 211.0
194 267.5 , Est Remaining: 209.6
195 268.8 , Est Remaining: 208.2
196 270.2 , Est Remaining: 206.8
197 271.5 , Est Remaining: 205.4
198 272.9 , Est Remaining: 204.0
199 274.3 , Est Remaining: 202.6
EVENT FAILED
199 274.6 , Est Remaining: 202.8
200 275.9 , Est Remaining: 201.4
201 277.3 , Est Remaining: 200.0
202 278.6 , Est Remaining: 198.6
203 280.1 , Est Remaining: 197.3
204 281.5 , Est Remaining: 195.9
205 282.9 , Est Remaining: 194.6
206 284.3 , Est Remaining: 193.2
207 285.6 , Est Remaining: 191.8
208 287.0 , Est Remaining: 190.4
209 288.3 , Est Remaining: 189.0
210 289.7 , Est Remaining: 187.6
211 291.1 , Est Remaining: 186.2
212 292.4 , Est Remaining: 184.8
213 293.8 , Est Remaining: 183.4
214 295.1 , Est Remaining: 182.0
EVENT FAILED
214 295.4 , Est Remaining: 182.2
215 296.8 , Est Remaining: 180.8
216 298.1 , Est Remaining: 179.4
217 299.3 , Est Remaining: 177.9
218 300.7 , Est Remaining: 176.6
219 302.1 , Est Remaining: 175.2
220 303.4 , Est Remaining: 173.8
221 304.8 , Est Remaining: 172.4
222 306.1 , Est Remaining: 171.0
223 307.5 , Est Remaining: 169.6
224 308.8 , Est Remaining: 168.2
225 310.2 , Est Remaining: 166.8
226 311.5 , Est Remaining: 165.4
227 312.9 , Est Remaining: 164.0
228 314.2 , Est Remaining: 162.6
229 315.6 , Est Remaining: 161.2
230 316.9 , Est Remaining: 159.8
231 318.2 , Est Remaining: 158.4
232 319.6 , Est Remaining: 157.0
233 320.9 , Est Remaining: 155.6
234 322.3 , Est Remaining: 154.3
235 323.6 , Est Remaining: 152.9
236 325.0 , Est Remaining: 151.5
237 326.3 , Est Remaining: 150.1
238 327.7 , Est Remaining: 148.7
239 329.0 , Est Remaining: 147.3
240 330.4 , Est Remaining: 145.9
241 331.7 , Est Remaining: 144.5
242 333.1 , Est Remaining: 143.1
243 334.4 , Est Remaining: 141.8
244 335.8 , Est Remaining: 140.4
245 337.1 , Est Remaining: 139.0
246 338.5 , Est Remaining: 137.6
247 339.8 , Est Remaining: 136.2
248 341.2 , Est Remaining: 134.8
249 342.5 , Est Remaining: 133.4
250 343.9 , Est Remaining: 132.1
251 345.2 , Est Remaining: 130.7
252 346.6 , Est Remaining: 129.3
253 348.0 , Est Remaining: 127.9
254 349.3 , Est Remaining: 126.5
255 350.7 , Est Remaining: 125.1
256 352.1 , Est Remaining: 123.8
257 353.4 , Est Remaining: 122.4
258 354.8 , Est Remaining: 121.0
259 356.1 , Est Remaining: 119.6
260 357.5 , Est Remaining: 118.2
261 358.8 , Est Remaining: 116.9
262 360.2 , Est Remaining: 115.5
EVENT FAILED
262 360.5 , Est Remaining: 115.6
263 361.8 , Est Remaining: 114.2
264 363.2 , Est Remaining: 112.8
265 364.5 , Est Remaining: 111.4
266 365.9 , Est Remaining: 110.0
267 367.3 , Est Remaining: 108.7
268 368.6 , Est Remaining: 107.3
269 369.9 , Est Remaining: 105.9
270 371.3 , Est Remaining: 104.5
271 372.7 , Est Remaining: 103.1
272 374.0 , Est Remaining: 101.8
273 375.4 , Est Remaining: 100.4
274 376.7 , Est Remaining: 99.0
275 378.1 , Est Remaining: 97.6
276 379.4 , Est Remaining: 96.2
277 380.8 , Est Remaining: 94.8
278 382.1 , Est Remaining: 93.5
279 383.4 , Est Remaining: 92.1
280 384.7 , Est Remaining: 90.7
281 386.0 , Est Remaining: 89.3
282 387.3 , Est Remaining: 87.9
283 388.6 , Est Remaining: 86.5
284 389.9 , Est Remaining: 85.1
285 391.2 , Est Remaining: 83.7
286 392.5 , Est Remaining: 82.3
287 393.8 , Est Remaining: 81.0
288 395.1 , Est Remaining: 79.6
289 396.3 , Est Remaining: 78.2
290 397.6 , Est Remaining: 76.8
291 398.9 , Est Remaining: 75.4
292 400.2 , Est Remaining: 74.0
293 401.5 , Est Remaining: 72.6
294 402.8 , Est Remaining: 71.2
295 404.0 , Est Remaining: 69.9
296 405.3 , Est Remaining: 68.5
297 406.6 , Est Remaining: 67.1
298 407.9 , Est Remaining: 65.7
299 409.2 , Est Remaining: 64.3
300 410.4 , Est Remaining: 62.9
301 411.7 , Est Remaining: 61.6
302 413.1 , Est Remaining: 60.2
303 414.4 , Est Remaining: 58.8
304 415.7 , Est Remaining: 57.4
305 417.0 , Est Remaining: 56.1
306 418.3 , Est Remaining: 54.7
307 419.6 , Est Remaining: 53.3
308 420.9 , Est Remaining: 51.9
309 422.1 , Est Remaining: 50.5
310 423.4 , Est Remaining: 49.2
311 424.7 , Est Remaining: 47.8
312 426.0 , Est Remaining: 46.4
313 427.2 , Est Remaining: 45.0
314 428.5 , Est Remaining: 43.7
EVENT FAILED
314 428.8 , Est Remaining: 43.7
315 430.0 , Est Remaining: 42.3
316 431.3 , Est Remaining: 40.9
317 432.6 , Est Remaining: 39.6
318 433.9 , Est Remaining: 38.2
319 435.2 , Est Remaining: 36.8
320 436.4 , Est Remaining: 35.5
321 437.7 , Est Remaining: 34.1
322 439.0 , Est Remaining: 32.7
323 440.3 , Est Remaining: 31.4
324 441.6 , Est Remaining: 30.0
325 442.8 , Est Remaining: 28.6
326 444.1 , Est Remaining: 27.2
327 445.4 , Est Remaining: 25.9
328 446.7 , Est Remaining: 24.5
