Note: NumExpr detected 32 cores but "NUMEXPR_MAX_THREADS" not set, so enforcing safe limit of 8.
Using selector: EpollSelector
/n/home02/jhaefner/miniconda/envs/IC-3.7-2020-06-16/lib/python3.7/site-packages/scipy/optimize/minpack.py:808: OptimizeWarning: Covariance of the parameters could not be estimated
  category=OptimizeWarning)
Total rwfs: 346
0 0.0 , Est Remaining: 999999.9
1 1.4 , Est Remaining: 479.2
2 2.8 , Est Remaining: 474.2
3 4.1 , Est Remaining: 473.1
4 5.5 , Est Remaining: 470.4
5 6.8 , Est Remaining: 466.2
6 8.2 , Est Remaining: 462.8
7 9.5 , Est Remaining: 460.3
8 10.9 , Est Remaining: 459.2
9 12.2 , Est Remaining: 456.9
10 13.5 , Est Remaining: 454.9
11 14.9 , Est Remaining: 453.2
12 16.2 , Est Remaining: 451.5
13 17.6 , Est Remaining: 449.7
14 18.9 , Est Remaining: 448.0
15 20.2 , Est Remaining: 446.7
16 21.6 , Est Remaining: 445.3
17 22.9 , Est Remaining: 443.9
EVENT FAILED
17 23.2 , Est Remaining: 449.7
18 24.6 , Est Remaining: 448.1
19 25.9 , Est Remaining: 446.3
20 27.3 , Est Remaining: 444.7
21 28.6 , Est Remaining: 442.9
22 29.9 , Est Remaining: 441.1
23 31.3 , Est Remaining: 439.3
24 32.6 , Est Remaining: 437.9
25 34.0 , Est Remaining: 436.2
26 35.3 , Est Remaining: 434.6
27 36.7 , Est Remaining: 433.2
28 38.0 , Est Remaining: 431.9
29 39.4 , Est Remaining: 430.4
30 40.7 , Est Remaining: 429.0
31 42.1 , Est Remaining: 427.8
32 43.4 , Est Remaining: 426.2
33 44.8 , Est Remaining: 424.7
34 46.1 , Est Remaining: 423.2
35 47.5 , Est Remaining: 421.8
36 48.8 , Est Remaining: 420.3
37 50.2 , Est Remaining: 418.9
38 51.5 , Est Remaining: 417.3
39 52.8 , Est Remaining: 415.8
40 54.2 , Est Remaining: 414.3
41 55.5 , Est Remaining: 412.8
42 56.8 , Est Remaining: 411.2
43 58.2 , Est Remaining: 409.8
44 59.5 , Est Remaining: 408.4
45 60.8 , Est Remaining: 406.9
46 62.2 , Est Remaining: 405.5
47 63.5 , Est Remaining: 404.0
48 64.8 , Est Remaining: 402.6
49 66.2 , Est Remaining: 401.4
50 67.5 , Est Remaining: 399.9
51 68.9 , Est Remaining: 398.4
52 70.2 , Est Remaining: 397.0
53 71.5 , Est Remaining: 395.5
54 72.9 , Est Remaining: 394.0
55 74.2 , Est Remaining: 392.6
56 75.5 , Est Remaining: 391.2
57 76.9 , Est Remaining: 389.7
58 78.2 , Est Remaining: 388.2
59 79.5 , Est Remaining: 386.9
60 80.9 , Est Remaining: 385.4
61 82.2 , Est Remaining: 384.0
62 83.5 , Est Remaining: 382.6
63 84.9 , Est Remaining: 381.3
64 86.3 , Est Remaining: 380.0
65 87.6 , Est Remaining: 378.7
66 88.9 , Est Remaining: 377.3
67 90.3 , Est Remaining: 376.0
68 91.7 , Est Remaining: 374.7
69 93.0 , Est Remaining: 373.3
70 94.4 , Est Remaining: 372.0
71 95.7 , Est Remaining: 370.6
72 97.0 , Est Remaining: 369.3
73 98.4 , Est Remaining: 367.9
74 99.7 , Est Remaining: 366.5
75 101.1 , Est Remaining: 365.2
76 102.4 , Est Remaining: 363.8
77 103.8 , Est Remaining: 362.5
EVENT FAILED
77 104.0 , Est Remaining: 363.5
78 105.4 , Est Remaining: 362.1
79 106.7 , Est Remaining: 360.7
80 108.1 , Est Remaining: 359.4
81 109.5 , Est Remaining: 358.1
82 110.8 , Est Remaining: 356.7
83 112.2 , Est Remaining: 355.4
84 113.5 , Est Remaining: 354.1
85 114.9 , Est Remaining: 352.7
86 116.2 , Est Remaining: 351.3
87 117.5 , Est Remaining: 349.9
88 118.9 , Est Remaining: 348.6
89 120.1 , Est Remaining: 346.9
90 121.5 , Est Remaining: 345.5
91 122.8 , Est Remaining: 344.2
92 124.2 , Est Remaining: 342.8
93 125.5 , Est Remaining: 341.5
94 126.9 , Est Remaining: 340.2
95 128.2 , Est Remaining: 338.8
96 129.6 , Est Remaining: 337.5
97 130.9 , Est Remaining: 336.1
98 132.3 , Est Remaining: 334.7
99 133.6 , Est Remaining: 333.3
100 134.9 , Est Remaining: 332.0
101 136.3 , Est Remaining: 330.5
102 137.6 , Est Remaining: 329.1
103 139.0 , Est Remaining: 327.9
104 140.3 , Est Remaining: 326.5
105 141.6 , Est Remaining: 325.1
106 143.0 , Est Remaining: 323.7
107 144.3 , Est Remaining: 322.3
108 145.6 , Est Remaining: 320.9
109 146.9 , Est Remaining: 319.5
110 148.3 , Est Remaining: 318.1
111 149.6 , Est Remaining: 316.7
112 150.9 , Est Remaining: 315.3
113 152.3 , Est Remaining: 314.0
114 153.6 , Est Remaining: 312.6
115 154.9 , Est Remaining: 311.2
116 156.3 , Est Remaining: 309.8
117 157.6 , Est Remaining: 308.5
118 158.9 , Est Remaining: 307.1
119 160.3 , Est Remaining: 305.7
120 161.6 , Est Remaining: 304.4
121 163.0 , Est Remaining: 303.1
122 164.3 , Est Remaining: 301.7
EVENT FAILED
122 164.6 , Est Remaining: 302.3
123 166.0 , Est Remaining: 300.9
124 167.3 , Est Remaining: 299.5
125 168.6 , Est Remaining: 298.2
126 170.0 , Est Remaining: 296.8
127 171.3 , Est Remaining: 295.4
128 172.7 , Est Remaining: 294.1
129 174.0 , Est Remaining: 292.7
130 175.4 , Est Remaining: 291.4
131 176.7 , Est Remaining: 290.0
132 178.1 , Est Remaining: 288.7
133 179.4 , Est Remaining: 287.3
EVENT FAILED
133 179.7 , Est Remaining: 287.8
134 181.1 , Est Remaining: 286.4
135 182.4 , Est Remaining: 285.1
136 183.7 , Est Remaining: 283.7
137 185.1 , Est Remaining: 282.4
138 186.4 , Est Remaining: 281.0
139 187.8 , Est Remaining: 279.7
140 189.1 , Est Remaining: 278.3
141 190.5 , Est Remaining: 276.9
142 191.8 , Est Remaining: 275.6
143 193.2 , Est Remaining: 274.2
144 194.5 , Est Remaining: 272.9
145 195.9 , Est Remaining: 271.5
146 197.2 , Est Remaining: 270.2
147 198.6 , Est Remaining: 268.8
148 199.9 , Est Remaining: 267.4
149 201.2 , Est Remaining: 266.1
150 202.6 , Est Remaining: 264.8
151 204.0 , Est Remaining: 263.4
152 205.3 , Est Remaining: 262.1
153 206.7 , Est Remaining: 260.7
154 208.0 , Est Remaining: 259.3
155 209.4 , Est Remaining: 258.0
156 210.7 , Est Remaining: 256.6
157 212.0 , Est Remaining: 255.3
158 213.4 , Est Remaining: 253.9
159 214.7 , Est Remaining: 252.5
160 216.0 , Est Remaining: 251.2
161 217.4 , Est Remaining: 249.8
162 218.7 , Est Remaining: 248.4
163 220.1 , Est Remaining: 247.1
164 221.4 , Est Remaining: 245.8
165 222.8 , Est Remaining: 244.4
166 224.1 , Est Remaining: 243.0
167 225.5 , Est Remaining: 241.7
168 226.8 , Est Remaining: 240.3
169 228.2 , Est Remaining: 239.0
170 229.5 , Est Remaining: 237.6
171 230.8 , Est Remaining: 236.2
172 232.2 , Est Remaining: 234.9
173 233.5 , Est Remaining: 233.5
174 234.8 , Est Remaining: 232.1
175 236.2 , Est Remaining: 230.8
176 237.5 , Est Remaining: 229.4
177 238.8 , Est Remaining: 228.0
178 240.2 , Est Remaining: 226.7
179 241.5 , Est Remaining: 225.3
180 242.8 , Est Remaining: 223.9
181 244.2 , Est Remaining: 222.6
182 245.5 , Est Remaining: 221.2
183 246.9 , Est Remaining: 219.9
184 248.2 , Est Remaining: 218.5
185 249.5 , Est Remaining: 217.1
186 250.8 , Est Remaining: 215.8
187 252.2 , Est Remaining: 214.4
188 253.5 , Est Remaining: 213.1
189 254.9 , Est Remaining: 211.7
190 256.2 , Est Remaining: 210.3
191 257.5 , Est Remaining: 209.0
192 258.9 , Est Remaining: 207.6
193 260.2 , Est Remaining: 206.3
194 261.5 , Est Remaining: 204.9
195 262.9 , Est Remaining: 203.6
196 264.2 , Est Remaining: 202.2
197 265.6 , Est Remaining: 200.9
198 266.9 , Est Remaining: 199.5
199 268.3 , Est Remaining: 198.2
EVENT FAILED
199 268.6 , Est Remaining: 198.4
200 269.9 , Est Remaining: 197.1
201 271.3 , Est Remaining: 195.7
202 272.6 , Est Remaining: 194.3
203 274.1 , Est Remaining: 193.1
204 275.4 , Est Remaining: 191.7
205 276.8 , Est Remaining: 190.4
206 278.1 , Est Remaining: 189.0
EVENT FAILED
206 278.4 , Est Remaining: 189.2
207 279.7 , Est Remaining: 187.8
208 281.1 , Est Remaining: 186.5
EVENT FAILED
208 281.4 , Est Remaining: 186.7
209 282.7 , Est Remaining: 185.3
210 284.0 , Est Remaining: 183.9
211 285.4 , Est Remaining: 182.6
212 286.7 , Est Remaining: 181.2
213 288.1 , Est Remaining: 179.9
214 289.4 , Est Remaining: 178.5
215 290.8 , Est Remaining: 177.2
216 292.1 , Est Remaining: 175.8
217 293.5 , Est Remaining: 174.5
218 294.8 , Est Remaining: 173.1
219 296.2 , Est Remaining: 171.7
EVENT FAILED
219 296.4 , Est Remaining: 171.9
220 297.8 , Est Remaining: 170.6
221 299.1 , Est Remaining: 169.2
222 300.5 , Est Remaining: 167.8
223 301.8 , Est Remaining: 166.5
EVENT FAILED
223 302.1 , Est Remaining: 166.6
224 303.4 , Est Remaining: 165.3
225 304.8 , Est Remaining: 163.9
226 306.1 , Est Remaining: 162.5
227 307.5 , Est Remaining: 161.2
228 308.8 , Est Remaining: 159.8
229 310.1 , Est Remaining: 158.5
230 311.5 , Est Remaining: 157.1
231 312.8 , Est Remaining: 155.7
EVENT FAILED
231 313.1 , Est Remaining: 155.9
232 314.4 , Est Remaining: 154.5
233 315.7 , Est Remaining: 153.1
234 317.0 , Est Remaining: 151.7
235 318.4 , Est Remaining: 150.4
236 319.7 , Est Remaining: 149.0
237 321.0 , Est Remaining: 147.7
238 322.4 , Est Remaining: 146.3
239 323.7 , Est Remaining: 144.9
240 325.1 , Est Remaining: 143.6
241 326.4 , Est Remaining: 142.2
242 327.7 , Est Remaining: 140.8
243 329.1 , Est Remaining: 139.5
244 330.4 , Est Remaining: 138.1
245 331.8 , Est Remaining: 136.8
246 333.1 , Est Remaining: 135.4
247 334.4 , Est Remaining: 134.0
248 335.8 , Est Remaining: 132.7
249 337.1 , Est Remaining: 131.3
250 338.4 , Est Remaining: 130.0
251 339.8 , Est Remaining: 128.6
252 341.1 , Est Remaining: 127.2
253 342.5 , Est Remaining: 125.9
254 343.8 , Est Remaining: 124.5
255 345.1 , Est Remaining: 123.2
256 346.5 , Est Remaining: 121.8
257 347.8 , Est Remaining: 120.5
258 349.2 , Est Remaining: 119.1
259 350.5 , Est Remaining: 117.7
260 351.8 , Est Remaining: 116.4
261 353.2 , Est Remaining: 115.0
262 354.5 , Est Remaining: 113.7
263 355.8 , Est Remaining: 112.3
264 357.2 , Est Remaining: 111.0
265 358.6 , Est Remaining: 109.6
266 359.9 , Est Remaining: 108.2
267 361.2 , Est Remaining: 106.9
268 362.6 , Est Remaining: 105.5
269 363.9 , Est Remaining: 104.2
270 365.3 , Est Remaining: 102.8
271 366.6 , Est Remaining: 101.5
272 367.9 , Est Remaining: 100.1
273 369.3 , Est Remaining: 98.8
274 370.6 , Est Remaining: 97.4
275 372.0 , Est Remaining: 96.0
276 373.3 , Est Remaining: 94.7
277 374.7 , Est Remaining: 93.3
278 376.0 , Est Remaining: 92.0
279 377.3 , Est Remaining: 90.6
EVENT FAILED
279 377.6 , Est Remaining: 90.7
280 378.9 , Est Remaining: 89.3
281 380.2 , Est Remaining: 88.0
EVENT FAILED
281 380.5 , Est Remaining: 88.0
282 381.9 , Est Remaining: 86.7
283 383.2 , Est Remaining: 85.3
284 384.5 , Est Remaining: 83.9
285 385.7 , Est Remaining: 82.6
286 387.0 , Est Remaining: 81.2
287 388.4 , Est Remaining: 79.8
288 389.7 , Est Remaining: 78.5
289 391.0 , Est Remaining: 77.1
290 392.3 , Est Remaining: 75.8
291 393.6 , Est Remaining: 74.4
292 395.0 , Est Remaining: 73.0
293 396.3 , Est Remaining: 71.7
294 397.6 , Est Remaining: 70.3
295 398.9 , Est Remaining: 69.0
296 400.2 , Est Remaining: 67.6
297 401.5 , Est Remaining: 66.2
298 402.7 , Est Remaining: 64.9
EVENT FAILED
298 403.0 , Est Remaining: 64.9
299 404.3 , Est Remaining: 63.6
300 405.6 , Est Remaining: 62.2
301 406.9 , Est Remaining: 60.8
302 408.3 , Est Remaining: 59.5
303 409.7 , Est Remaining: 58.1
304 410.9 , Est Remaining: 56.8
305 412.2 , Est Remaining: 55.4
306 413.5 , Est Remaining: 54.1
307 414.8 , Est Remaining: 52.7
308 416.1 , Est Remaining: 51.3
309 417.4 , Est Remaining: 50.0
310 418.7 , Est Remaining: 48.6
311 419.9 , Est Remaining: 47.3
312 421.2 , Est Remaining: 45.9
313 422.5 , Est Remaining: 44.5
EVENT FAILED
313 422.8 , Est Remaining: 44.6
314 424.0 , Est Remaining: 43.2
315 425.3 , Est Remaining: 41.9
316 426.6 , Est Remaining: 40.5
317 427.8 , Est Remaining: 39.1
318 429.1 , Est Remaining: 37.8
319 430.4 , Est Remaining: 36.4
320 431.6 , Est Remaining: 35.1
321 432.9 , Est Remaining: 33.7
322 434.2 , Est Remaining: 32.4
323 435.5 , Est Remaining: 31.0
324 436.7 , Est Remaining: 29.7
325 438.0 , Est Remaining: 28.3
326 439.3 , Est Remaining: 26.9
327 440.5 , Est Remaining: 25.6
328 441.8 , Est Remaining: 24.2
329 443.0 , Est Remaining: 22.9
330 444.3 , Est Remaining: 21.5
331 445.5 , Est Remaining: 20.2
