Note: NumExpr detected 32 cores but "NUMEXPR_MAX_THREADS" not set, so enforcing safe limit of 8.
Using selector: EpollSelector
/n/home02/jhaefner/miniconda/envs/IC-3.7-2020-06-16/lib/python3.7/site-packages/scipy/optimize/minpack.py:808: OptimizeWarning: Covariance of the parameters could not be estimated
  category=OptimizeWarning)
Total rwfs: 346
0 0.0 , Est Remaining: 999999.9
1 1.5 , Est Remaining: 532.8
2 3.1 , Est Remaining: 526.2
3 4.6 , Est Remaining: 527.2
4 6.1 , Est Remaining: 524.4
5 7.6 , Est Remaining: 521.0
6 9.1 , Est Remaining: 517.4
7 10.6 , Est Remaining: 513.5
8 12.1 , Est Remaining: 510.3
9 13.5 , Est Remaining: 507.0
10 15.0 , Est Remaining: 504.7
11 16.5 , Est Remaining: 502.6
12 18.0 , Est Remaining: 500.7
13 19.5 , Est Remaining: 498.3
14 20.9 , Est Remaining: 496.1
15 22.4 , Est Remaining: 493.6
16 23.8 , Est Remaining: 491.4
17 25.3 , Est Remaining: 488.8
18 26.7 , Est Remaining: 486.5
19 28.2 , Est Remaining: 484.7
20 29.6 , Est Remaining: 482.6
21 31.1 , Est Remaining: 481.0
22 32.5 , Est Remaining: 479.3
23 34.0 , Est Remaining: 477.6
24 35.5 , Est Remaining: 475.9
25 36.9 , Est Remaining: 473.9
26 38.3 , Est Remaining: 472.0
27 39.8 , Est Remaining: 470.0
28 41.2 , Est Remaining: 468.4
29 42.7 , Est Remaining: 466.7
30 44.2 , Est Remaining: 465.4
31 45.6 , Est Remaining: 463.7
32 47.1 , Est Remaining: 462.1
33 48.5 , Est Remaining: 460.4
34 50.0 , Est Remaining: 458.8
35 51.5 , Est Remaining: 457.2
36 52.9 , Est Remaining: 455.5
EVENT FAILED
36 53.2 , Est Remaining: 458.3
37 54.6 , Est Remaining: 456.4
38 56.1 , Est Remaining: 454.8
39 57.6 , Est Remaining: 453.2
40 59.0 , Est Remaining: 451.7
41 60.5 , Est Remaining: 450.2
42 62.0 , Est Remaining: 448.6
43 63.4 , Est Remaining: 447.0
44 64.9 , Est Remaining: 445.4
45 66.4 , Est Remaining: 443.8
46 67.8 , Est Remaining: 442.2
47 69.3 , Est Remaining: 440.7
48 70.7 , Est Remaining: 439.2
49 72.2 , Est Remaining: 437.7
50 73.7 , Est Remaining: 436.1
51 75.1 , Est Remaining: 434.6
52 76.6 , Est Remaining: 433.1
53 78.1 , Est Remaining: 431.7
54 79.5 , Est Remaining: 430.0
55 81.0 , Est Remaining: 428.5
56 82.4 , Est Remaining: 427.0
57 83.9 , Est Remaining: 425.3
58 85.3 , Est Remaining: 423.8
59 86.8 , Est Remaining: 422.3
60 88.3 , Est Remaining: 420.7
61 89.7 , Est Remaining: 419.1
62 91.1 , Est Remaining: 417.5
63 92.6 , Est Remaining: 415.9
64 94.0 , Est Remaining: 414.4
65 95.5 , Est Remaining: 412.9
66 97.0 , Est Remaining: 411.3
EVENT FAILED
66 97.3 , Est Remaining: 412.6
67 98.7 , Est Remaining: 411.0
EVENT FAILED
67 99.0 , Est Remaining: 412.3
68 100.5 , Est Remaining: 410.7
69 101.9 , Est Remaining: 409.1
70 103.4 , Est Remaining: 407.6
71 104.8 , Est Remaining: 406.1
72 106.3 , Est Remaining: 404.5
EVENT FAILED
72 106.6 , Est Remaining: 405.7
73 108.0 , Est Remaining: 404.0
74 109.5 , Est Remaining: 402.4
75 110.9 , Est Remaining: 400.8
76 112.4 , Est Remaining: 399.1
77 113.8 , Est Remaining: 397.5
78 115.2 , Est Remaining: 395.9
79 116.7 , Est Remaining: 394.3
80 118.1 , Est Remaining: 392.7
81 119.5 , Est Remaining: 391.1
82 121.0 , Est Remaining: 389.5
83 122.4 , Est Remaining: 387.9
84 123.9 , Est Remaining: 386.4
85 125.3 , Est Remaining: 384.9
86 126.8 , Est Remaining: 383.4
87 128.3 , Est Remaining: 381.9
88 129.7 , Est Remaining: 380.3
89 131.2 , Est Remaining: 378.9
90 132.6 , Est Remaining: 377.3
91 134.1 , Est Remaining: 375.8
92 135.6 , Est Remaining: 374.3
93 137.0 , Est Remaining: 372.8
94 138.5 , Est Remaining: 371.3
95 140.0 , Est Remaining: 369.9
96 141.5 , Est Remaining: 368.4
97 142.9 , Est Remaining: 366.9
98 144.4 , Est Remaining: 365.4
99 145.8 , Est Remaining: 363.9
100 147.3 , Est Remaining: 362.3
101 148.7 , Est Remaining: 360.8
102 150.2 , Est Remaining: 359.2
103 151.7 , Est Remaining: 358.0
104 153.2 , Est Remaining: 356.5
105 154.7 , Est Remaining: 355.0
106 156.1 , Est Remaining: 353.5
107 157.6 , Est Remaining: 352.0
108 159.1 , Est Remaining: 350.5
109 160.5 , Est Remaining: 349.0
110 162.0 , Est Remaining: 347.6
111 163.5 , Est Remaining: 346.1
112 164.9 , Est Remaining: 344.5
113 166.4 , Est Remaining: 343.0
114 167.8 , Est Remaining: 341.5
EVENT FAILED
114 168.1 , Est Remaining: 342.1
115 169.6 , Est Remaining: 340.7
116 171.1 , Est Remaining: 339.2
117 172.5 , Est Remaining: 337.7
118 174.0 , Est Remaining: 336.2
119 175.5 , Est Remaining: 334.7
120 176.9 , Est Remaining: 333.1
121 178.4 , Est Remaining: 331.7
122 179.8 , Est Remaining: 330.2
123 181.3 , Est Remaining: 328.7
124 182.8 , Est Remaining: 327.2
125 184.2 , Est Remaining: 325.7
126 185.7 , Est Remaining: 324.2
127 187.1 , Est Remaining: 322.7
128 188.6 , Est Remaining: 321.1
129 190.0 , Est Remaining: 319.7
130 191.5 , Est Remaining: 318.2
131 192.9 , Est Remaining: 316.7
132 194.4 , Est Remaining: 315.1
133 195.9 , Est Remaining: 313.7
134 197.1 , Est Remaining: 311.9
135 198.6 , Est Remaining: 310.4
136 200.0 , Est Remaining: 308.9
137 201.5 , Est Remaining: 307.4
138 202.9 , Est Remaining: 305.9
139 204.4 , Est Remaining: 304.4
140 205.8 , Est Remaining: 302.9
141 207.3 , Est Remaining: 301.4
142 208.7 , Est Remaining: 299.9
143 210.2 , Est Remaining: 298.4
144 211.6 , Est Remaining: 296.9
145 213.1 , Est Remaining: 295.4
146 214.5 , Est Remaining: 293.9
147 216.0 , Est Remaining: 292.4
148 217.5 , Est Remaining: 290.9
149 218.9 , Est Remaining: 289.4
150 220.3 , Est Remaining: 287.9
151 221.8 , Est Remaining: 286.4
152 223.3 , Est Remaining: 285.0
153 224.7 , Est Remaining: 283.5
154 226.2 , Est Remaining: 282.0
155 227.7 , Est Remaining: 280.6
156 229.1 , Est Remaining: 279.1
157 230.6 , Est Remaining: 277.6
158 231.9 , Est Remaining: 275.9
159 233.3 , Est Remaining: 274.4
160 234.8 , Est Remaining: 272.9
161 236.2 , Est Remaining: 271.4
162 237.6 , Est Remaining: 269.9
163 239.1 , Est Remaining: 268.4
164 240.5 , Est Remaining: 266.9
165 242.0 , Est Remaining: 265.4
166 243.4 , Est Remaining: 263.9
167 244.9 , Est Remaining: 262.5
168 246.3 , Est Remaining: 261.0
169 247.8 , Est Remaining: 259.5
170 249.2 , Est Remaining: 258.0
171 250.7 , Est Remaining: 256.6
172 252.1 , Est Remaining: 255.1
173 253.6 , Est Remaining: 253.6
174 255.1 , Est Remaining: 252.1
175 256.5 , Est Remaining: 250.6
176 258.0 , Est Remaining: 249.2
177 259.4 , Est Remaining: 247.7
178 260.9 , Est Remaining: 246.2
179 262.3 , Est Remaining: 244.7
180 263.8 , Est Remaining: 243.3
181 265.2 , Est Remaining: 241.8
182 266.7 , Est Remaining: 240.3
183 268.1 , Est Remaining: 238.8
184 269.6 , Est Remaining: 237.4
185 271.0 , Est Remaining: 235.9
186 272.5 , Est Remaining: 234.4
187 274.0 , Est Remaining: 233.0
188 275.5 , Est Remaining: 231.5
189 276.9 , Est Remaining: 230.0
190 278.4 , Est Remaining: 228.6
191 279.8 , Est Remaining: 227.1
192 281.3 , Est Remaining: 225.6
193 282.8 , Est Remaining: 224.2
194 284.3 , Est Remaining: 222.7
195 285.7 , Est Remaining: 221.3
196 287.2 , Est Remaining: 219.8
197 288.6 , Est Remaining: 218.3
198 290.1 , Est Remaining: 216.8
199 291.6 , Est Remaining: 215.4
200 293.0 , Est Remaining: 213.9
201 294.5 , Est Remaining: 212.4
202 296.0 , Est Remaining: 211.0
203 297.5 , Est Remaining: 209.6
204 299.0 , Est Remaining: 208.1
205 300.5 , Est Remaining: 206.7
206 301.9 , Est Remaining: 205.2
207 303.4 , Est Remaining: 203.7
208 304.8 , Est Remaining: 202.3
209 306.3 , Est Remaining: 200.8
210 307.8 , Est Remaining: 199.3
211 309.3 , Est Remaining: 197.9
212 310.7 , Est Remaining: 196.4
213 312.2 , Est Remaining: 195.0
214 313.7 , Est Remaining: 193.5
215 315.2 , Est Remaining: 192.0
216 316.6 , Est Remaining: 190.6
217 318.1 , Est Remaining: 189.1
218 319.5 , Est Remaining: 187.6
219 321.0 , Est Remaining: 186.1
220 322.4 , Est Remaining: 184.7
221 323.9 , Est Remaining: 183.2
222 325.4 , Est Remaining: 181.7
223 326.8 , Est Remaining: 180.3
224 328.3 , Est Remaining: 178.8
225 329.7 , Est Remaining: 177.3
226 331.2 , Est Remaining: 175.9
227 332.7 , Est Remaining: 174.4
228 334.1 , Est Remaining: 172.9
229 335.6 , Est Remaining: 171.5
230 337.1 , Est Remaining: 170.0
231 338.5 , Est Remaining: 168.5
232 339.9 , Est Remaining: 167.0
233 341.4 , Est Remaining: 165.6
234 342.9 , Est Remaining: 164.1
235 344.3 , Est Remaining: 162.6
236 345.7 , Est Remaining: 161.1
237 347.2 , Est Remaining: 159.7
238 348.6 , Est Remaining: 158.2
239 350.0 , Est Remaining: 156.7
240 351.4 , Est Remaining: 155.2
241 352.9 , Est Remaining: 153.7
242 354.3 , Est Remaining: 152.3
243 355.8 , Est Remaining: 150.8
244 357.2 , Est Remaining: 149.3
EVENT FAILED
244 357.5 , Est Remaining: 149.4
EVENT FAILED
244 357.8 , Est Remaining: 149.6
245 359.3 , Est Remaining: 148.1
246 360.7 , Est Remaining: 146.6
247 362.2 , Est Remaining: 145.2
248 363.6 , Est Remaining: 143.7
249 365.1 , Est Remaining: 142.2
EVENT FAILED
249 365.4 , Est Remaining: 142.3
250 366.8 , Est Remaining: 140.9
251 368.3 , Est Remaining: 139.4
252 369.7 , Est Remaining: 137.9
253 371.1 , Est Remaining: 136.4
254 372.5 , Est Remaining: 134.9
255 374.0 , Est Remaining: 133.5
256 375.4 , Est Remaining: 132.0
257 376.8 , Est Remaining: 130.5
258 378.2 , Est Remaining: 129.0
259 379.7 , Est Remaining: 127.5
260 381.1 , Est Remaining: 126.0
261 382.5 , Est Remaining: 124.6
262 383.9 , Est Remaining: 123.1
263 385.3 , Est Remaining: 121.6
264 386.7 , Est Remaining: 120.1
265 388.1 , Est Remaining: 118.6
266 389.5 , Est Remaining: 117.1
267 390.9 , Est Remaining: 115.7
268 392.3 , Est Remaining: 114.2
269 393.7 , Est Remaining: 112.7
270 395.1 , Est Remaining: 111.2
271 396.5 , Est Remaining: 109.7
272 397.9 , Est Remaining: 108.2
273 399.3 , Est Remaining: 106.8
274 400.7 , Est Remaining: 105.3
275 402.1 , Est Remaining: 103.8
276 403.5 , Est Remaining: 102.3
277 404.9 , Est Remaining: 100.9
278 406.3 , Est Remaining: 99.4
279 407.7 , Est Remaining: 97.9
280 409.1 , Est Remaining: 96.4
281 410.5 , Est Remaining: 95.0
EVENT FAILED
281 410.8 , Est Remaining: 95.0
282 412.2 , Est Remaining: 93.5
283 413.6 , Est Remaining: 92.1
284 414.9 , Est Remaining: 90.6
285 416.3 , Est Remaining: 89.1
286 417.7 , Est Remaining: 87.6
287 419.1 , Est Remaining: 86.2
288 420.5 , Est Remaining: 84.7
289 421.8 , Est Remaining: 83.2
290 423.2 , Est Remaining: 81.7
291 424.6 , Est Remaining: 80.3
292 426.0 , Est Remaining: 78.8
293 427.4 , Est Remaining: 77.3
294 428.8 , Est Remaining: 75.8
295 430.1 , Est Remaining: 74.4
296 431.5 , Est Remaining: 72.9
297 432.9 , Est Remaining: 71.4
298 434.3 , Est Remaining: 70.0
299 435.7 , Est Remaining: 68.5
300 437.1 , Est Remaining: 67.0
301 438.5 , Est Remaining: 65.6
302 440.0 , Est Remaining: 64.1
303 441.4 , Est Remaining: 62.6
304 442.8 , Est Remaining: 61.2
305 444.2 , Est Remaining: 59.7
306 445.6 , Est Remaining: 58.2
307 447.0 , Est Remaining: 56.8
308 448.3 , Est Remaining: 55.3
309 449.7 , Est Remaining: 53.9
310 451.1 , Est Remaining: 52.4
311 452.5 , Est Remaining: 50.9
312 453.9 , Est Remaining: 49.5
313 455.2 , Est Remaining: 48.0
314 456.6 , Est Remaining: 46.5
315 457.9 , Est Remaining: 45.1
316 459.3 , Est Remaining: 43.6
317 460.7 , Est Remaining: 42.1
318 462.1 , Est Remaining: 40.7
319 463.4 , Est Remaining: 39.2
320 464.8 , Est Remaining: 37.8
321 466.1 , Est Remaining: 36.3
322 467.5 , Est Remaining: 34.8
323 468.9 , Est Remaining: 33.4
324 470.2 , Est Remaining: 31.9
325 471.6 , Est Remaining: 30.5
326 472.9 , Est Remaining: 29.0
327 474.3 , Est Remaining: 27.6
328 475.6 , Est Remaining: 26.1
329 477.0 , Est Remaining: 24.6
330 478.3 , Est Remaining: 23.2
331 479.7 , Est Remaining: 21.7
332 481.0 , Est Remaining: 20.3
333 482.4 , Est Remaining: 18.8
EVENT FAILED
333 482.7 , Est Remaining: 18.8
334 484.1 , Est Remaining: 17.4
335 485.4 , Est Remaining: 15.9
