Note: NumExpr detected 32 cores but "NUMEXPR_MAX_THREADS" not set, so enforcing safe limit of 8.
Using selector: EpollSelector
/n/home02/jhaefner/miniconda/envs/IC-3.7-2020-06-16/lib/python3.7/site-packages/scipy/optimize/minpack.py:808: OptimizeWarning: Covariance of the parameters could not be estimated
  category=OptimizeWarning)
Total rwfs: 346
0 0.0 , Est Remaining: 999999.9
1 1.4 , Est Remaining: 480.7
2 2.8 , Est Remaining: 478.0
3 4.2 , Est Remaining: 476.4
4 5.5 , Est Remaining: 472.6
5 6.9 , Est Remaining: 469.8
6 8.3 , Est Remaining: 468.1
7 9.6 , Est Remaining: 465.3
8 11.0 , Est Remaining: 463.5
9 12.3 , Est Remaining: 460.8
10 13.7 , Est Remaining: 458.9
11 15.0 , Est Remaining: 457.0
EVENT FAILED
11 15.3 , Est Remaining: 467.2
12 16.7 , Est Remaining: 464.6
13 18.0 , Est Remaining: 462.0
14 19.4 , Est Remaining: 459.6
EVENT FAILED
14 19.7 , Est Remaining: 466.7
15 21.0 , Est Remaining: 463.7
16 22.4 , Est Remaining: 461.2
17 23.7 , Est Remaining: 458.8
18 25.1 , Est Remaining: 456.6
19 26.4 , Est Remaining: 454.3
20 27.7 , Est Remaining: 452.0
21 29.1 , Est Remaining: 450.1
22 30.4 , Est Remaining: 448.2
23 31.8 , Est Remaining: 446.5
24 33.2 , Est Remaining: 444.9
25 34.5 , Est Remaining: 443.0
26 35.8 , Est Remaining: 441.2
27 37.2 , Est Remaining: 439.5
28 38.6 , Est Remaining: 437.8
29 39.9 , Est Remaining: 436.0
30 41.2 , Est Remaining: 434.4
31 42.6 , Est Remaining: 432.6
32 43.9 , Est Remaining: 431.0
33 45.3 , Est Remaining: 429.3
34 46.6 , Est Remaining: 427.8
35 48.0 , Est Remaining: 426.1
36 49.3 , Est Remaining: 424.6
37 50.7 , Est Remaining: 423.0
38 52.0 , Est Remaining: 421.5
39 53.4 , Est Remaining: 420.0
40 54.7 , Est Remaining: 418.4
41 56.0 , Est Remaining: 416.8
42 57.4 , Est Remaining: 415.3
43 58.8 , Est Remaining: 414.0
44 60.1 , Est Remaining: 412.6
45 61.5 , Est Remaining: 411.1
46 62.8 , Est Remaining: 409.6
47 64.1 , Est Remaining: 408.1
48 65.5 , Est Remaining: 406.5
49 66.8 , Est Remaining: 405.1
50 68.2 , Est Remaining: 403.6
51 69.5 , Est Remaining: 402.1
52 70.9 , Est Remaining: 400.8
53 72.2 , Est Remaining: 399.3
54 73.6 , Est Remaining: 397.9
55 74.9 , Est Remaining: 396.4
56 76.3 , Est Remaining: 394.9
57 77.6 , Est Remaining: 393.4
58 78.9 , Est Remaining: 392.0
59 80.3 , Est Remaining: 390.6
EVENT FAILED
59 80.6 , Est Remaining: 392.0
60 81.9 , Est Remaining: 390.6
61 83.3 , Est Remaining: 389.1
62 84.6 , Est Remaining: 387.6
63 86.0 , Est Remaining: 386.1
64 87.3 , Est Remaining: 384.7
65 88.7 , Est Remaining: 383.3
66 90.0 , Est Remaining: 381.8
67 91.4 , Est Remaining: 380.4
68 92.7 , Est Remaining: 379.0
69 94.1 , Est Remaining: 377.6
70 95.4 , Est Remaining: 376.1
71 96.7 , Est Remaining: 374.7
72 98.1 , Est Remaining: 373.3
73 99.4 , Est Remaining: 371.9
74 100.8 , Est Remaining: 370.5
75 102.1 , Est Remaining: 369.0
EVENT FAILED
75 102.4 , Est Remaining: 370.1
76 103.8 , Est Remaining: 368.7
77 105.1 , Est Remaining: 367.3
78 106.5 , Est Remaining: 365.8
79 107.8 , Est Remaining: 364.4
80 109.2 , Est Remaining: 362.9
81 110.5 , Est Remaining: 361.5
EVENT FAILED
81 110.8 , Est Remaining: 362.5
EVENT FAILED
81 111.3 , Est Remaining: 364.0
82 112.6 , Est Remaining: 362.5
83 113.9 , Est Remaining: 361.1
84 115.3 , Est Remaining: 359.6
85 116.6 , Est Remaining: 358.2
86 118.0 , Est Remaining: 356.7
87 119.3 , Est Remaining: 355.2
88 120.7 , Est Remaining: 353.8
89 122.0 , Est Remaining: 352.4
90 123.4 , Est Remaining: 351.0
91 124.7 , Est Remaining: 349.6
92 126.1 , Est Remaining: 348.1
93 127.4 , Est Remaining: 346.7
94 128.8 , Est Remaining: 345.2
95 130.1 , Est Remaining: 343.8
96 131.5 , Est Remaining: 342.4
97 132.8 , Est Remaining: 340.9
98 134.2 , Est Remaining: 339.5
99 135.5 , Est Remaining: 338.1
100 136.9 , Est Remaining: 336.7
101 138.2 , Est Remaining: 335.2
102 139.5 , Est Remaining: 333.8
103 141.0 , Est Remaining: 332.6
104 142.3 , Est Remaining: 331.2
105 143.7 , Est Remaining: 329.8
106 145.0 , Est Remaining: 328.3
107 146.3 , Est Remaining: 326.8
108 147.7 , Est Remaining: 325.4
109 149.0 , Est Remaining: 324.0
110 150.3 , Est Remaining: 322.5
111 151.7 , Est Remaining: 321.1
112 153.0 , Est Remaining: 319.7
113 154.3 , Est Remaining: 318.2
114 155.7 , Est Remaining: 316.8
115 157.0 , Est Remaining: 315.4
116 158.3 , Est Remaining: 313.9
117 159.7 , Est Remaining: 312.5
118 161.0 , Est Remaining: 311.1
119 162.4 , Est Remaining: 309.7
120 163.7 , Est Remaining: 308.3
121 165.0 , Est Remaining: 306.9
122 166.4 , Est Remaining: 305.5
123 167.7 , Est Remaining: 304.1
124 169.0 , Est Remaining: 302.6
125 170.4 , Est Remaining: 301.2
126 171.7 , Est Remaining: 299.8
127 173.1 , Est Remaining: 298.4
128 174.4 , Est Remaining: 297.0
129 175.7 , Est Remaining: 295.6
130 177.1 , Est Remaining: 294.2
131 178.4 , Est Remaining: 292.8
132 179.8 , Est Remaining: 291.4
133 181.1 , Est Remaining: 290.0
134 182.5 , Est Remaining: 288.7
135 183.8 , Est Remaining: 287.3
136 185.1 , Est Remaining: 285.9
137 186.5 , Est Remaining: 284.5
138 187.8 , Est Remaining: 283.1
139 189.2 , Est Remaining: 281.8
140 190.5 , Est Remaining: 280.4
141 191.9 , Est Remaining: 279.0
142 193.2 , Est Remaining: 277.6
143 194.6 , Est Remaining: 276.3
144 195.9 , Est Remaining: 274.9
145 197.3 , Est Remaining: 273.5
146 198.6 , Est Remaining: 272.1
147 200.0 , Est Remaining: 270.7
EVENT FAILED
147 200.3 , Est Remaining: 271.1
148 201.6 , Est Remaining: 269.7
149 202.9 , Est Remaining: 268.3
150 204.3 , Est Remaining: 266.9
151 205.6 , Est Remaining: 265.5
152 207.0 , Est Remaining: 264.1
153 208.3 , Est Remaining: 262.8
154 209.6 , Est Remaining: 261.4
155 211.0 , Est Remaining: 260.0
156 212.3 , Est Remaining: 258.6
157 213.6 , Est Remaining: 257.2
158 215.0 , Est Remaining: 255.8
159 216.3 , Est Remaining: 254.4
160 217.7 , Est Remaining: 253.0
161 219.0 , Est Remaining: 251.6
162 220.3 , Est Remaining: 250.3
163 221.7 , Est Remaining: 248.9
164 223.0 , Est Remaining: 247.5
165 224.4 , Est Remaining: 246.2
166 225.8 , Est Remaining: 244.8
167 227.1 , Est Remaining: 243.4
168 228.4 , Est Remaining: 242.0
169 229.8 , Est Remaining: 240.6
EVENT FAILED
169 230.1 , Est Remaining: 240.9
170 231.4 , Est Remaining: 239.6
171 232.7 , Est Remaining: 238.2
172 234.1 , Est Remaining: 236.8
173 235.4 , Est Remaining: 235.4
174 236.8 , Est Remaining: 234.0
175 238.1 , Est Remaining: 232.7
176 239.4 , Est Remaining: 231.3
177 240.8 , Est Remaining: 229.9
EVENT FAILED
177 241.1 , Est Remaining: 230.2
178 242.4 , Est Remaining: 228.8
179 243.8 , Est Remaining: 227.4
180 245.1 , Est Remaining: 226.1
181 246.5 , Est Remaining: 224.7
182 247.8 , Est Remaining: 223.3
183 249.2 , Est Remaining: 222.0
184 250.5 , Est Remaining: 220.6
185 251.9 , Est Remaining: 219.2
186 253.3 , Est Remaining: 217.9
187 254.6 , Est Remaining: 216.5
188 256.0 , Est Remaining: 215.1
EVENT FAILED
188 256.3 , Est Remaining: 215.4
189 257.6 , Est Remaining: 214.0
190 259.0 , Est Remaining: 212.6
191 260.3 , Est Remaining: 211.3
192 261.7 , Est Remaining: 209.9
193 263.0 , Est Remaining: 208.5
194 264.4 , Est Remaining: 207.1
195 265.7 , Est Remaining: 205.7
196 267.0 , Est Remaining: 204.4
197 268.4 , Est Remaining: 203.0
198 269.7 , Est Remaining: 201.6
199 271.1 , Est Remaining: 200.3
200 272.4 , Est Remaining: 198.9
201 273.8 , Est Remaining: 197.5
202 275.2 , Est Remaining: 196.1
203 276.6 , Est Remaining: 194.8
204 278.0 , Est Remaining: 193.5
205 279.3 , Est Remaining: 192.1
206 280.6 , Est Remaining: 190.7
207 282.0 , Est Remaining: 189.4
208 283.4 , Est Remaining: 188.0
209 284.7 , Est Remaining: 186.6
210 286.1 , Est Remaining: 185.3
211 287.4 , Est Remaining: 183.9
212 288.8 , Est Remaining: 182.5
213 290.1 , Est Remaining: 181.1
214 291.4 , Est Remaining: 179.8
215 292.8 , Est Remaining: 178.4
216 294.1 , Est Remaining: 177.0
217 295.5 , Est Remaining: 175.7
218 296.8 , Est Remaining: 174.3
219 298.2 , Est Remaining: 172.9
220 299.5 , Est Remaining: 171.5
221 300.9 , Est Remaining: 170.2
222 302.2 , Est Remaining: 168.8
223 303.5 , Est Remaining: 167.4
224 304.9 , Est Remaining: 166.0
225 306.2 , Est Remaining: 164.7
226 307.6 , Est Remaining: 163.3
227 308.9 , Est Remaining: 161.9
228 310.3 , Est Remaining: 160.6
229 311.6 , Est Remaining: 159.2
230 312.9 , Est Remaining: 157.8
231 314.3 , Est Remaining: 156.5
232 315.6 , Est Remaining: 155.1
EVENT FAILED
232 315.9 , Est Remaining: 155.2
233 317.3 , Est Remaining: 153.9
234 318.6 , Est Remaining: 152.5
235 320.0 , Est Remaining: 151.1
236 321.3 , Est Remaining: 149.8
EVENT FAILED
236 321.6 , Est Remaining: 149.9
237 322.9 , Est Remaining: 148.5
238 324.3 , Est Remaining: 147.1
239 325.6 , Est Remaining: 145.8
240 327.0 , Est Remaining: 144.4
241 328.3 , Est Remaining: 143.0
242 329.7 , Est Remaining: 141.7
243 331.0 , Est Remaining: 140.3
244 332.4 , Est Remaining: 138.9
EVENT FAILED
244 332.7 , Est Remaining: 139.1
245 334.0 , Est Remaining: 137.7
246 335.3 , Est Remaining: 136.3
247 336.7 , Est Remaining: 134.9
248 338.0 , Est Remaining: 133.6
249 339.3 , Est Remaining: 132.2
250 340.7 , Est Remaining: 130.8
251 342.0 , Est Remaining: 129.4
252 343.3 , Est Remaining: 128.1
253 344.7 , Est Remaining: 126.7
254 346.1 , Est Remaining: 125.3
255 347.4 , Est Remaining: 124.0
256 348.7 , Est Remaining: 122.6
257 350.1 , Est Remaining: 121.2
258 351.4 , Est Remaining: 119.9
259 352.8 , Est Remaining: 118.5
260 354.1 , Est Remaining: 117.1
261 355.5 , Est Remaining: 115.8
262 356.8 , Est Remaining: 114.4
EVENT FAILED
262 357.1 , Est Remaining: 114.5
263 358.5 , Est Remaining: 113.1
264 359.8 , Est Remaining: 111.8
265 361.2 , Est Remaining: 110.4
266 362.5 , Est Remaining: 109.0
267 363.9 , Est Remaining: 107.7
268 365.2 , Est Remaining: 106.3
269 366.5 , Est Remaining: 104.9
270 367.9 , Est Remaining: 103.6
271 369.3 , Est Remaining: 102.2
272 370.6 , Est Remaining: 100.8
273 371.8 , Est Remaining: 99.4
274 373.2 , Est Remaining: 98.1
275 374.5 , Est Remaining: 96.7
276 375.8 , Est Remaining: 95.3
277 377.1 , Est Remaining: 93.9
278 378.5 , Est Remaining: 92.6
279 379.8 , Est Remaining: 91.2
280 381.1 , Est Remaining: 89.8
281 382.4 , Est Remaining: 88.5
282 383.7 , Est Remaining: 87.1
283 385.0 , Est Remaining: 85.7
284 386.3 , Est Remaining: 84.3
285 387.6 , Est Remaining: 82.9
286 388.8 , Est Remaining: 81.6
287 390.1 , Est Remaining: 80.2
288 391.4 , Est Remaining: 78.8
289 392.7 , Est Remaining: 77.5
290 394.0 , Est Remaining: 76.1
291 395.3 , Est Remaining: 74.7
292 396.6 , Est Remaining: 73.3
293 397.9 , Est Remaining: 72.0
294 399.2 , Est Remaining: 70.6
295 400.5 , Est Remaining: 69.2
296 401.8 , Est Remaining: 67.9
297 403.1 , Est Remaining: 66.5
298 404.4 , Est Remaining: 65.1
299 405.7 , Est Remaining: 63.8
300 407.0 , Est Remaining: 62.4
301 408.3 , Est Remaining: 61.0
302 409.7 , Est Remaining: 59.7
303 411.0 , Est Remaining: 58.3
304 412.3 , Est Remaining: 57.0
305 413.5 , Est Remaining: 55.6
306 414.8 , Est Remaining: 54.2
307 416.1 , Est Remaining: 52.9
308 417.3 , Est Remaining: 51.5
309 418.6 , Est Remaining: 50.1
310 419.9 , Est Remaining: 48.8
311 421.1 , Est Remaining: 47.4
312 422.4 , Est Remaining: 46.0
313 423.6 , Est Remaining: 44.7
314 424.9 , Est Remaining: 43.3
315 426.2 , Est Remaining: 41.9
316 427.4 , Est Remaining: 40.6
317 428.7 , Est Remaining: 39.2
318 429.9 , Est Remaining: 37.9
319 431.2 , Est Remaining: 36.5
320 432.5 , Est Remaining: 35.1
321 433.8 , Est Remaining: 33.8
322 435.0 , Est Remaining: 32.4
323 436.3 , Est Remaining: 31.1
324 437.6 , Est Remaining: 29.7
325 438.8 , Est Remaining: 28.4
326 440.1 , Est Remaining: 27.0
327 441.4 , Est Remaining: 25.6
328 442.6 , Est Remaining: 24.3
329 443.9 , Est Remaining: 22.9
330 445.1 , Est Remaining: 21.6
331 446.4 , Est Remaining: 20.2
