Note: NumExpr detected 32 cores but "NUMEXPR_MAX_THREADS" not set, so enforcing safe limit of 8.
Using selector: EpollSelector
/n/home02/jhaefner/miniconda/envs/IC-3.7-2020-06-16/lib/python3.7/site-packages/scipy/optimize/minpack.py:808: OptimizeWarning: Covariance of the parameters could not be estimated
  category=OptimizeWarning)
Total rwfs: 346
0 0.0 , Est Remaining: 999999.9
1 1.4 , Est Remaining: 484.0
2 2.8 , Est Remaining: 480.6
3 4.2 , Est Remaining: 480.3
4 5.6 , Est Remaining: 477.3
5 6.9 , Est Remaining: 472.2
6 8.3 , Est Remaining: 469.5
7 9.6 , Est Remaining: 466.5
8 11.0 , Est Remaining: 464.9
9 12.3 , Est Remaining: 462.4
10 13.7 , Est Remaining: 460.6
11 15.0 , Est Remaining: 458.3
12 16.4 , Est Remaining: 456.4
13 17.8 , Est Remaining: 454.8
14 19.1 , Est Remaining: 453.6
15 20.5 , Est Remaining: 451.9
16 21.8 , Est Remaining: 450.3
17 23.2 , Est Remaining: 448.9
18 24.5 , Est Remaining: 447.1
19 25.9 , Est Remaining: 445.4
20 27.2 , Est Remaining: 444.0
21 28.6 , Est Remaining: 442.3
22 29.9 , Est Remaining: 441.1
23 31.3 , Est Remaining: 439.6
24 32.7 , Est Remaining: 438.2
25 34.0 , Est Remaining: 436.8
26 35.4 , Est Remaining: 435.3
27 36.7 , Est Remaining: 433.8
28 38.1 , Est Remaining: 432.3
29 39.4 , Est Remaining: 430.9
30 40.8 , Est Remaining: 429.5
31 42.1 , Est Remaining: 427.9
32 43.5 , Est Remaining: 426.4
33 44.8 , Est Remaining: 425.0
34 46.1 , Est Remaining: 423.5
35 47.5 , Est Remaining: 422.0
36 48.8 , Est Remaining: 420.3
37 50.1 , Est Remaining: 418.8
38 51.5 , Est Remaining: 417.4
39 52.9 , Est Remaining: 416.2
40 54.2 , Est Remaining: 414.7
41 55.6 , Est Remaining: 413.2
42 56.9 , Est Remaining: 411.8
43 58.2 , Est Remaining: 410.4
44 59.6 , Est Remaining: 408.9
45 60.9 , Est Remaining: 407.4
46 62.2 , Est Remaining: 405.9
47 63.6 , Est Remaining: 404.5
48 64.9 , Est Remaining: 403.0
49 66.3 , Est Remaining: 401.7
50 67.6 , Est Remaining: 400.3
51 69.0 , Est Remaining: 398.9
52 70.3 , Est Remaining: 397.5
EVENT FAILED
52 70.6 , Est Remaining: 399.2
53 72.0 , Est Remaining: 397.8
54 73.3 , Est Remaining: 396.4
55 74.7 , Est Remaining: 395.0
56 76.0 , Est Remaining: 393.7
57 77.4 , Est Remaining: 392.3
58 78.7 , Est Remaining: 390.9
59 80.1 , Est Remaining: 389.5
60 81.4 , Est Remaining: 388.0
61 82.8 , Est Remaining: 386.7
EVENT FAILED
61 83.1 , Est Remaining: 388.1
62 84.4 , Est Remaining: 386.7
63 85.8 , Est Remaining: 385.3
64 87.1 , Est Remaining: 383.8
65 88.4 , Est Remaining: 382.4
66 89.8 , Est Remaining: 380.9
67 91.1 , Est Remaining: 379.5
68 92.5 , Est Remaining: 378.1
69 93.8 , Est Remaining: 376.7
70 95.2 , Est Remaining: 375.2
71 96.5 , Est Remaining: 373.8
72 97.8 , Est Remaining: 372.3
73 99.2 , Est Remaining: 370.9
74 100.5 , Est Remaining: 369.5
75 101.9 , Est Remaining: 368.1
76 103.2 , Est Remaining: 366.7
77 104.6 , Est Remaining: 365.5
78 105.9 , Est Remaining: 363.9
79 107.3 , Est Remaining: 362.5
80 108.6 , Est Remaining: 361.1
81 109.9 , Est Remaining: 359.6
82 111.3 , Est Remaining: 358.2
83 112.6 , Est Remaining: 356.8
84 113.9 , Est Remaining: 355.4
85 115.3 , Est Remaining: 354.0
86 116.6 , Est Remaining: 352.6
87 118.0 , Est Remaining: 351.2
88 119.3 , Est Remaining: 349.9
89 120.7 , Est Remaining: 348.5
90 122.0 , Est Remaining: 347.1
91 123.4 , Est Remaining: 345.7
92 124.7 , Est Remaining: 344.3
93 126.1 , Est Remaining: 343.0
94 127.4 , Est Remaining: 341.7
95 128.8 , Est Remaining: 340.3
96 130.1 , Est Remaining: 338.9
97 131.5 , Est Remaining: 337.5
98 132.8 , Est Remaining: 336.2
99 134.2 , Est Remaining: 334.8
100 135.5 , Est Remaining: 333.4
101 136.9 , Est Remaining: 332.0
102 138.2 , Est Remaining: 330.7
EVENT FAILED
102 138.5 , Est Remaining: 331.4
103 139.9 , Est Remaining: 330.1
104 141.3 , Est Remaining: 328.7
105 142.6 , Est Remaining: 327.3
EVENT FAILED
105 142.9 , Est Remaining: 328.0
106 144.2 , Est Remaining: 326.6
107 145.6 , Est Remaining: 325.2
108 146.9 , Est Remaining: 323.8
109 148.3 , Est Remaining: 322.4
110 149.6 , Est Remaining: 321.0
111 150.9 , Est Remaining: 319.6
112 152.3 , Est Remaining: 318.1
113 153.6 , Est Remaining: 316.7
114 154.9 , Est Remaining: 315.3
115 156.3 , Est Remaining: 313.9
116 157.6 , Est Remaining: 312.5
EVENT FAILED
116 157.9 , Est Remaining: 313.1
117 159.2 , Est Remaining: 311.6
118 160.6 , Est Remaining: 310.2
119 161.9 , Est Remaining: 308.8
120 163.2 , Est Remaining: 307.4
121 164.6 , Est Remaining: 306.0
122 165.9 , Est Remaining: 304.6
123 167.3 , Est Remaining: 303.2
124 168.6 , Est Remaining: 301.8
125 169.9 , Est Remaining: 300.4
126 171.3 , Est Remaining: 299.0
127 172.6 , Est Remaining: 297.7
128 174.0 , Est Remaining: 296.3
129 175.3 , Est Remaining: 294.9
130 176.6 , Est Remaining: 293.5
131 178.0 , Est Remaining: 292.1
132 179.3 , Est Remaining: 290.7
133 180.7 , Est Remaining: 289.4
134 182.0 , Est Remaining: 288.0
135 183.3 , Est Remaining: 286.6
136 184.7 , Est Remaining: 285.2
EVENT FAILED
136 185.0 , Est Remaining: 285.7
137 186.3 , Est Remaining: 284.3
138 187.7 , Est Remaining: 282.9
139 189.0 , Est Remaining: 281.5
140 190.4 , Est Remaining: 280.1
141 191.7 , Est Remaining: 278.7
142 193.1 , Est Remaining: 277.3
143 194.4 , Est Remaining: 276.0
144 195.7 , Est Remaining: 274.6
145 197.1 , Est Remaining: 273.2
146 198.4 , Est Remaining: 271.8
147 199.8 , Est Remaining: 270.4
148 201.1 , Est Remaining: 269.0
149 202.5 , Est Remaining: 267.7
150 203.8 , Est Remaining: 266.3
151 205.1 , Est Remaining: 264.9
152 206.4 , Est Remaining: 263.4
153 207.7 , Est Remaining: 262.0
154 209.0 , Est Remaining: 260.6
155 210.4 , Est Remaining: 259.3
156 211.7 , Est Remaining: 257.9
157 213.1 , Est Remaining: 256.5
158 214.4 , Est Remaining: 255.1
159 215.8 , Est Remaining: 253.8
160 217.1 , Est Remaining: 252.4
161 218.4 , Est Remaining: 251.0
EVENT FAILED
161 218.7 , Est Remaining: 251.3
162 220.1 , Est Remaining: 250.0
163 221.4 , Est Remaining: 248.6
EVENT FAILED
163 221.7 , Est Remaining: 248.9
164 223.1 , Est Remaining: 247.6
165 224.4 , Est Remaining: 246.2
166 225.8 , Est Remaining: 244.8
167 227.1 , Est Remaining: 243.4
168 228.5 , Est Remaining: 242.1
169 229.8 , Est Remaining: 240.7
170 231.1 , Est Remaining: 239.3
171 232.5 , Est Remaining: 237.9
172 233.8 , Est Remaining: 236.5
173 235.2 , Est Remaining: 235.2
174 236.5 , Est Remaining: 233.8
175 237.9 , Est Remaining: 232.4
176 239.2 , Est Remaining: 231.1
177 240.6 , Est Remaining: 229.7
178 241.9 , Est Remaining: 228.3
179 243.3 , Est Remaining: 227.0
180 244.6 , Est Remaining: 225.6
181 246.0 , Est Remaining: 224.2
182 247.3 , Est Remaining: 222.9
183 248.7 , Est Remaining: 221.5
184 250.0 , Est Remaining: 220.1
185 251.4 , Est Remaining: 218.8
186 252.7 , Est Remaining: 217.4
187 254.1 , Est Remaining: 216.0
188 255.4 , Est Remaining: 214.7
189 256.8 , Est Remaining: 213.3
190 258.1 , Est Remaining: 211.9
191 259.5 , Est Remaining: 210.6
192 260.8 , Est Remaining: 209.2
193 262.2 , Est Remaining: 207.9
194 263.5 , Est Remaining: 206.5
195 264.9 , Est Remaining: 205.1
196 266.2 , Est Remaining: 203.7
197 267.6 , Est Remaining: 202.4
198 268.9 , Est Remaining: 201.0
199 270.3 , Est Remaining: 199.6
200 271.6 , Est Remaining: 198.3
201 273.0 , Est Remaining: 196.9
202 274.3 , Est Remaining: 195.5
203 275.7 , Est Remaining: 194.2
204 277.1 , Est Remaining: 192.9
205 278.4 , Est Remaining: 191.5
206 279.8 , Est Remaining: 190.1
207 281.1 , Est Remaining: 188.8
208 282.5 , Est Remaining: 187.4
EVENT FAILED
208 282.8 , Est Remaining: 187.6
209 284.1 , Est Remaining: 186.2
210 285.5 , Est Remaining: 184.9
211 286.8 , Est Remaining: 183.5
212 288.2 , Est Remaining: 182.1
213 289.5 , Est Remaining: 180.8
214 290.9 , Est Remaining: 179.4
215 292.2 , Est Remaining: 178.0
216 293.5 , Est Remaining: 176.6
217 294.9 , Est Remaining: 175.3
218 296.2 , Est Remaining: 173.9
219 297.5 , Est Remaining: 172.5
220 298.9 , Est Remaining: 171.2
221 300.2 , Est Remaining: 169.8
222 301.6 , Est Remaining: 168.4
223 302.9 , Est Remaining: 167.1
224 304.3 , Est Remaining: 165.7
225 305.6 , Est Remaining: 164.3
226 307.0 , Est Remaining: 163.0
227 308.3 , Est Remaining: 161.6
228 309.6 , Est Remaining: 160.2
229 311.0 , Est Remaining: 158.9
230 312.3 , Est Remaining: 157.5
231 313.7 , Est Remaining: 156.2
232 315.0 , Est Remaining: 154.8
233 316.4 , Est Remaining: 153.4
234 317.7 , Est Remaining: 152.1
235 319.1 , Est Remaining: 150.7
236 320.4 , Est Remaining: 149.3
237 321.7 , Est Remaining: 148.0
238 323.1 , Est Remaining: 146.6
239 324.4 , Est Remaining: 145.3
240 325.8 , Est Remaining: 143.9
EVENT FAILED
240 326.1 , Est Remaining: 144.0
241 327.4 , Est Remaining: 142.6
242 328.7 , Est Remaining: 141.3
243 330.1 , Est Remaining: 139.9
244 331.4 , Est Remaining: 138.5
245 332.8 , Est Remaining: 137.2
246 334.1 , Est Remaining: 135.8
247 335.5 , Est Remaining: 134.5
248 336.8 , Est Remaining: 133.1
249 338.1 , Est Remaining: 131.7
250 339.5 , Est Remaining: 130.4
251 340.8 , Est Remaining: 129.0
252 342.2 , Est Remaining: 127.6
253 343.5 , Est Remaining: 126.3
254 344.8 , Est Remaining: 124.9
255 346.2 , Est Remaining: 123.5
256 347.5 , Est Remaining: 122.2
257 348.9 , Est Remaining: 120.8
258 350.2 , Est Remaining: 119.5
259 351.6 , Est Remaining: 118.1
260 352.9 , Est Remaining: 116.7
261 354.3 , Est Remaining: 115.4
262 355.6 , Est Remaining: 114.0
263 357.0 , Est Remaining: 112.6
264 358.3 , Est Remaining: 111.3
265 359.6 , Est Remaining: 109.9
266 361.0 , Est Remaining: 108.6
267 362.3 , Est Remaining: 107.2
268 363.6 , Est Remaining: 105.8
269 365.0 , Est Remaining: 104.5
270 366.3 , Est Remaining: 103.1
271 367.6 , Est Remaining: 101.7
272 369.0 , Est Remaining: 100.4
273 370.3 , Est Remaining: 99.0
274 371.6 , Est Remaining: 97.7
275 372.9 , Est Remaining: 96.3
276 374.3 , Est Remaining: 94.9
277 375.6 , Est Remaining: 93.6
278 377.0 , Est Remaining: 92.2
279 378.3 , Est Remaining: 90.8
280 379.6 , Est Remaining: 89.5
281 381.0 , Est Remaining: 88.1
282 382.3 , Est Remaining: 86.8
283 383.6 , Est Remaining: 85.4
284 385.0 , Est Remaining: 84.0
285 386.3 , Est Remaining: 82.7
286 387.7 , Est Remaining: 81.3
287 389.0 , Est Remaining: 80.0
288 390.3 , Est Remaining: 78.6
289 391.7 , Est Remaining: 77.2
290 393.0 , Est Remaining: 75.9
291 394.3 , Est Remaining: 74.5
292 395.7 , Est Remaining: 73.2
293 397.0 , Est Remaining: 71.8
294 398.4 , Est Remaining: 70.5
295 399.7 , Est Remaining: 69.1
296 401.0 , Est Remaining: 67.7
297 402.4 , Est Remaining: 66.4
298 403.7 , Est Remaining: 65.0
299 405.1 , Est Remaining: 63.7
300 406.4 , Est Remaining: 62.3
301 407.7 , Est Remaining: 61.0
302 409.2 , Est Remaining: 59.6
303 410.6 , Est Remaining: 58.3
304 411.9 , Est Remaining: 56.9
305 413.2 , Est Remaining: 55.5
306 414.5 , Est Remaining: 54.2
307 415.9 , Est Remaining: 52.8
308 417.2 , Est Remaining: 51.5
309 418.5 , Est Remaining: 50.1
310 419.9 , Est Remaining: 48.8
311 421.2 , Est Remaining: 47.4
312 422.5 , Est Remaining: 46.0
EVENT FAILED
312 422.8 , Est Remaining: 46.1
313 424.1 , Est Remaining: 44.7
314 425.5 , Est Remaining: 43.4
315 426.8 , Est Remaining: 42.0
316 428.1 , Est Remaining: 40.6
317 429.4 , Est Remaining: 39.3
318 430.6 , Est Remaining: 37.9
319 431.9 , Est Remaining: 36.6
320 433.1 , Est Remaining: 35.2
321 434.4 , Est Remaining: 33.8
EVENT FAILED
321 434.7 , Est Remaining: 33.9
322 436.0 , Est Remaining: 32.5
323 437.3 , Est Remaining: 31.1
324 438.5 , Est Remaining: 29.8
325 439.8 , Est Remaining: 28.4
326 441.1 , Est Remaining: 27.1
327 442.3 , Est Remaining: 25.7
328 443.6 , Est Remaining: 24.3
329 444.9 , Est Remaining: 23.0
330 446.1 , Est Remaining: 21.6
331 447.4 , Est Remaining: 20.3
332 448.6 , Est Remaining: 18.9
333 449.9 , Est Remaining: 17.6
