Note: NumExpr detected 32 cores but "NUMEXPR_MAX_THREADS" not set, so enforcing safe limit of 8.
Using selector: EpollSelector
/n/home02/jhaefner/miniconda/envs/IC-3.7-2020-06-16/lib/python3.7/site-packages/scipy/optimize/minpack.py:808: OptimizeWarning: Covariance of the parameters could not be estimated
  category=OptimizeWarning)
Total rwfs: 346
0 0.0 , Est Remaining: 999999.9
1 1.4 , Est Remaining: 476.7
2 2.7 , Est Remaining: 463.0
3 4.1 , Est Remaining: 463.7
4 5.4 , Est Remaining: 460.4
5 6.7 , Est Remaining: 456.4
6 8.0 , Est Remaining: 455.6
7 9.4 , Est Remaining: 454.1
8 10.7 , Est Remaining: 452.2
9 12.0 , Est Remaining: 450.0
10 13.3 , Est Remaining: 448.3
11 14.7 , Est Remaining: 446.2
12 16.0 , Est Remaining: 444.8
13 17.3 , Est Remaining: 443.5
14 18.7 , Est Remaining: 442.5
15 20.0 , Est Remaining: 441.1
16 21.3 , Est Remaining: 439.6
17 22.6 , Est Remaining: 437.9
18 24.0 , Est Remaining: 436.5
19 25.3 , Est Remaining: 435.2
20 26.6 , Est Remaining: 433.9
21 28.0 , Est Remaining: 432.6
22 29.3 , Est Remaining: 431.2
23 30.6 , Est Remaining: 430.1
24 32.0 , Est Remaining: 429.1
25 33.3 , Est Remaining: 427.9
26 34.7 , Est Remaining: 426.8
27 36.0 , Est Remaining: 425.5
28 37.4 , Est Remaining: 424.2
29 38.7 , Est Remaining: 423.1
30 40.1 , Est Remaining: 421.9
31 41.4 , Est Remaining: 420.6
32 42.7 , Est Remaining: 419.4
33 44.1 , Est Remaining: 418.2
34 45.4 , Est Remaining: 416.9
35 46.8 , Est Remaining: 415.7
36 48.1 , Est Remaining: 414.4
37 49.5 , Est Remaining: 413.0
38 50.8 , Est Remaining: 411.8
39 52.2 , Est Remaining: 410.6
40 53.5 , Est Remaining: 409.5
41 54.9 , Est Remaining: 408.3
42 56.2 , Est Remaining: 407.0
43 57.6 , Est Remaining: 405.7
44 58.9 , Est Remaining: 404.4
45 60.3 , Est Remaining: 403.1
46 61.6 , Est Remaining: 401.8
47 63.0 , Est Remaining: 400.6
48 64.3 , Est Remaining: 399.3
49 65.7 , Est Remaining: 398.1
50 67.1 , Est Remaining: 397.2
51 68.5 , Est Remaining: 396.1
52 69.9 , Est Remaining: 395.1
53 71.3 , Est Remaining: 393.9
EVENT FAILED
53 71.6 , Est Remaining: 395.7
54 73.0 , Est Remaining: 394.6
55 74.4 , Est Remaining: 393.5
56 75.8 , Est Remaining: 392.4
57 77.2 , Est Remaining: 391.3
58 78.6 , Est Remaining: 390.4
EVENT FAILED
58 78.9 , Est Remaining: 391.9
59 80.4 , Est Remaining: 390.9
60 81.8 , Est Remaining: 389.9
EVENT FAILED
60 82.1 , Est Remaining: 391.4
61 83.5 , Est Remaining: 390.4
62 85.0 , Est Remaining: 389.3
63 86.4 , Est Remaining: 388.3
64 87.9 , Est Remaining: 387.2
65 89.3 , Est Remaining: 386.0
66 90.7 , Est Remaining: 384.9
67 92.2 , Est Remaining: 383.7
68 93.6 , Est Remaining: 382.7
69 95.0 , Est Remaining: 381.6
70 96.5 , Est Remaining: 380.5
71 98.0 , Est Remaining: 379.5
72 99.4 , Est Remaining: 378.3
73 100.9 , Est Remaining: 377.2
74 102.3 , Est Remaining: 376.1
75 103.8 , Est Remaining: 374.9
76 105.2 , Est Remaining: 373.8
77 106.7 , Est Remaining: 372.7
78 108.1 , Est Remaining: 371.5
79 109.6 , Est Remaining: 370.3
80 111.0 , Est Remaining: 369.1
81 112.5 , Est Remaining: 368.0
82 113.9 , Est Remaining: 366.7
83 115.4 , Est Remaining: 365.6
84 116.8 , Est Remaining: 364.3
85 118.3 , Est Remaining: 363.1
86 119.7 , Est Remaining: 362.0
87 121.2 , Est Remaining: 360.7
88 122.6 , Est Remaining: 359.4
89 124.0 , Est Remaining: 358.1
90 125.5 , Est Remaining: 356.9
91 126.9 , Est Remaining: 355.6
92 128.3 , Est Remaining: 354.3
93 129.8 , Est Remaining: 353.0
94 131.2 , Est Remaining: 351.7
95 132.6 , Est Remaining: 350.4
96 134.0 , Est Remaining: 349.1
97 135.5 , Est Remaining: 347.8
98 136.9 , Est Remaining: 346.5
99 138.4 , Est Remaining: 345.2
100 139.8 , Est Remaining: 343.9
101 141.2 , Est Remaining: 342.6
102 142.7 , Est Remaining: 341.3
103 144.2 , Est Remaining: 340.2
104 145.6 , Est Remaining: 338.9
105 147.1 , Est Remaining: 337.6
106 148.5 , Est Remaining: 336.3
107 149.9 , Est Remaining: 334.9
EVENT FAILED
107 150.8 , Est Remaining: 336.9
108 152.3 , Est Remaining: 335.5
109 153.7 , Est Remaining: 334.2
110 155.2 , Est Remaining: 332.9
111 156.6 , Est Remaining: 331.6
112 158.1 , Est Remaining: 330.3
113 159.5 , Est Remaining: 328.9
114 161.0 , Est Remaining: 327.6
115 162.4 , Est Remaining: 326.2
116 163.8 , Est Remaining: 324.8
117 165.3 , Est Remaining: 323.5
118 166.7 , Est Remaining: 322.1
119 168.2 , Est Remaining: 320.8
120 169.6 , Est Remaining: 319.5
121 171.1 , Est Remaining: 318.1
122 172.5 , Est Remaining: 316.8
123 174.0 , Est Remaining: 315.4
124 175.4 , Est Remaining: 314.1
125 176.9 , Est Remaining: 312.7
126 178.3 , Est Remaining: 311.3
127 179.8 , Est Remaining: 310.0
128 181.2 , Est Remaining: 308.6
129 182.7 , Est Remaining: 307.3
130 184.1 , Est Remaining: 305.9
131 185.6 , Est Remaining: 304.5
132 187.0 , Est Remaining: 303.2
133 188.5 , Est Remaining: 301.9
134 189.9 , Est Remaining: 300.5
135 191.4 , Est Remaining: 299.2
136 192.9 , Est Remaining: 297.8
137 194.3 , Est Remaining: 296.4
138 195.8 , Est Remaining: 295.1
139 197.2 , Est Remaining: 293.7
140 198.7 , Est Remaining: 292.3
EVENT FAILED
140 199.0 , Est Remaining: 292.8
141 200.4 , Est Remaining: 291.4
142 201.9 , Est Remaining: 290.1
143 203.3 , Est Remaining: 288.6
144 204.8 , Est Remaining: 287.2
145 206.2 , Est Remaining: 285.9
146 207.7 , Est Remaining: 284.5
147 209.1 , Est Remaining: 283.1
148 210.6 , Est Remaining: 281.7
149 212.0 , Est Remaining: 280.3
150 213.4 , Est Remaining: 278.9
151 214.9 , Est Remaining: 277.5
152 216.3 , Est Remaining: 276.1
153 217.7 , Est Remaining: 274.7
154 219.2 , Est Remaining: 273.2
155 220.6 , Est Remaining: 271.8
156 222.0 , Est Remaining: 270.4
157 223.4 , Est Remaining: 269.0
158 224.9 , Est Remaining: 267.6
159 226.3 , Est Remaining: 266.1
160 227.7 , Est Remaining: 264.7
161 229.1 , Est Remaining: 263.3
162 230.6 , Est Remaining: 261.9
163 232.0 , Est Remaining: 260.5
164 233.5 , Est Remaining: 259.1
165 234.9 , Est Remaining: 257.7
166 236.4 , Est Remaining: 256.3
167 237.8 , Est Remaining: 254.9
168 239.3 , Est Remaining: 253.5
EVENT FAILED
168 239.6 , Est Remaining: 253.9
169 241.0 , Est Remaining: 252.4
170 242.5 , Est Remaining: 251.0
171 243.9 , Est Remaining: 249.6
EVENT FAILED
171 244.2 , Est Remaining: 249.9
172 245.7 , Est Remaining: 248.5
173 247.1 , Est Remaining: 247.1
174 248.6 , Est Remaining: 245.7
175 250.0 , Est Remaining: 244.3
176 251.5 , Est Remaining: 242.9
177 252.9 , Est Remaining: 241.5
178 254.4 , Est Remaining: 240.1
179 255.9 , Est Remaining: 238.7
180 257.3 , Est Remaining: 237.3
181 258.8 , Est Remaining: 235.9
182 260.2 , Est Remaining: 234.5
EVENT FAILED
182 260.5 , Est Remaining: 234.8
183 262.0 , Est Remaining: 233.4
184 263.4 , Est Remaining: 231.9
185 264.9 , Est Remaining: 230.5
186 266.3 , Est Remaining: 229.1
187 267.8 , Est Remaining: 227.7
188 269.2 , Est Remaining: 226.3
189 270.7 , Est Remaining: 224.9
190 272.2 , Est Remaining: 223.5
191 273.6 , Est Remaining: 222.0
192 275.1 , Est Remaining: 220.6
193 276.5 , Est Remaining: 219.2
194 278.0 , Est Remaining: 217.8
195 279.4 , Est Remaining: 216.4
196 280.9 , Est Remaining: 215.0
197 282.3 , Est Remaining: 213.5
198 283.8 , Est Remaining: 212.1
199 285.2 , Est Remaining: 210.7
200 286.7 , Est Remaining: 209.3
201 288.1 , Est Remaining: 207.8
202 289.7 , Est Remaining: 206.5
203 291.1 , Est Remaining: 205.1
204 292.5 , Est Remaining: 203.6
205 294.0 , Est Remaining: 202.2
206 295.4 , Est Remaining: 200.8
207 296.9 , Est Remaining: 199.4
208 298.3 , Est Remaining: 197.9
209 299.8 , Est Remaining: 196.5
EVENT FAILED
209 300.1 , Est Remaining: 196.7
210 301.5 , Est Remaining: 195.3
211 302.9 , Est Remaining: 193.8
212 304.4 , Est Remaining: 192.4
EVENT FAILED
212 304.7 , Est Remaining: 192.6
213 306.1 , Est Remaining: 191.2
214 307.6 , Est Remaining: 189.7
215 309.0 , Est Remaining: 188.3
216 310.4 , Est Remaining: 186.8
217 311.9 , Est Remaining: 185.4
218 313.3 , Est Remaining: 184.0
219 314.7 , Est Remaining: 182.5
220 316.2 , Est Remaining: 181.1
221 317.6 , Est Remaining: 179.6
222 319.1 , Est Remaining: 178.2
223 320.5 , Est Remaining: 176.8
224 321.9 , Est Remaining: 175.3
225 323.4 , Est Remaining: 173.9
226 324.8 , Est Remaining: 172.5
227 326.3 , Est Remaining: 171.0
228 327.7 , Est Remaining: 169.6
229 329.1 , Est Remaining: 168.2
230 330.6 , Est Remaining: 166.7
231 332.0 , Est Remaining: 165.3
232 333.4 , Est Remaining: 163.8
EVENT FAILED
232 333.7 , Est Remaining: 164.0
233 335.2 , Est Remaining: 162.5
234 336.6 , Est Remaining: 161.1
235 338.0 , Est Remaining: 159.7
236 339.5 , Est Remaining: 158.2
237 340.9 , Est Remaining: 156.8
238 342.3 , Est Remaining: 155.3
239 343.8 , Est Remaining: 153.9
240 345.2 , Est Remaining: 152.5
241 346.7 , Est Remaining: 151.0
242 348.1 , Est Remaining: 149.6
243 349.5 , Est Remaining: 148.2
244 351.0 , Est Remaining: 146.7
245 352.4 , Est Remaining: 145.3
246 353.9 , Est Remaining: 143.8
247 355.3 , Est Remaining: 142.4
248 356.7 , Est Remaining: 141.0
249 358.2 , Est Remaining: 139.5
250 359.6 , Est Remaining: 138.1
251 361.0 , Est Remaining: 136.7
252 362.5 , Est Remaining: 135.2
253 363.9 , Est Remaining: 133.8
254 365.3 , Est Remaining: 132.3
255 366.8 , Est Remaining: 130.9
256 368.2 , Est Remaining: 129.4
257 369.6 , Est Remaining: 128.0
258 371.0 , Est Remaining: 126.6
259 372.5 , Est Remaining: 125.1
260 373.9 , Est Remaining: 123.7
261 375.4 , Est Remaining: 122.3
262 376.8 , Est Remaining: 120.8
263 378.3 , Est Remaining: 119.4
264 379.7 , Est Remaining: 117.9
265 381.2 , Est Remaining: 116.5
266 382.6 , Est Remaining: 115.1
267 384.1 , Est Remaining: 113.6
268 385.5 , Est Remaining: 112.2
269 387.0 , Est Remaining: 110.8
270 388.4 , Est Remaining: 109.3
271 389.9 , Est Remaining: 107.9
272 391.3 , Est Remaining: 106.5
273 392.7 , Est Remaining: 105.0
274 394.2 , Est Remaining: 103.6
275 395.6 , Est Remaining: 102.1
276 397.0 , Est Remaining: 100.7
277 398.5 , Est Remaining: 99.3
278 399.9 , Est Remaining: 97.8
279 401.3 , Est Remaining: 96.4
280 402.8 , Est Remaining: 94.9
281 404.2 , Est Remaining: 93.5
282 405.7 , Est Remaining: 92.1
283 407.1 , Est Remaining: 90.6
284 408.5 , Est Remaining: 89.2
285 409.9 , Est Remaining: 87.7
286 411.3 , Est Remaining: 86.3
287 412.7 , Est Remaining: 84.8
288 414.1 , Est Remaining: 83.4
289 415.5 , Est Remaining: 82.0
290 416.9 , Est Remaining: 80.5
291 418.4 , Est Remaining: 79.1
292 419.7 , Est Remaining: 77.6
293 421.1 , Est Remaining: 76.2
294 422.6 , Est Remaining: 74.7
295 424.0 , Est Remaining: 73.3
296 425.3 , Est Remaining: 71.8
EVENT FAILED
296 425.7 , Est Remaining: 71.9
297 427.0 , Est Remaining: 70.5
298 428.5 , Est Remaining: 69.0
299 429.9 , Est Remaining: 67.6
300 431.3 , Est Remaining: 66.1
301 432.7 , Est Remaining: 64.7
302 434.2 , Est Remaining: 63.3
303 435.6 , Est Remaining: 61.8
304 437.0 , Est Remaining: 60.4
305 438.4 , Est Remaining: 58.9
306 439.8 , Est Remaining: 57.5
307 441.2 , Est Remaining: 56.0
EVENT FAILED
307 441.5 , Est Remaining: 56.1
308 442.9 , Est Remaining: 54.6
309 444.3 , Est Remaining: 53.2
310 445.7 , Est Remaining: 51.8
311 447.1 , Est Remaining: 50.3
312 448.5 , Est Remaining: 48.9
313 449.9 , Est Remaining: 47.4
314 451.3 , Est Remaining: 46.0
315 452.8 , Est Remaining: 44.6
316 454.1 , Est Remaining: 43.1
317 455.6 , Est Remaining: 41.7
318 457.0 , Est Remaining: 40.2
319 458.3 , Est Remaining: 38.8
320 459.7 , Est Remaining: 37.4
321 461.1 , Est Remaining: 35.9
322 462.6 , Est Remaining: 34.5
323 463.9 , Est Remaining: 33.0
324 465.3 , Est Remaining: 31.6
325 466.7 , Est Remaining: 30.2
326 468.1 , Est Remaining: 28.7
327 469.5 , Est Remaining: 27.3
328 470.9 , Est Remaining: 25.8
329 472.3 , Est Remaining: 24.4
330 473.7 , Est Remaining: 23.0
331 475.1 , Est Remaining: 21.5
332 476.4 , Est Remaining: 20.1
