Note: NumExpr detected 32 cores but "NUMEXPR_MAX_THREADS" not set, so enforcing safe limit of 8.
Using selector: EpollSelector
/n/home02/jhaefner/miniconda/envs/IC-3.7-2020-06-16/lib/python3.7/site-packages/scipy/optimize/minpack.py:808: OptimizeWarning: Covariance of the parameters could not be estimated
  category=OptimizeWarning)
Total rwfs: 346
0 0.0 , Est Remaining: 999999.9
1 1.4 , Est Remaining: 492.8
2 2.8 , Est Remaining: 488.2
3 4.3 , Est Remaining: 489.4
4 5.7 , Est Remaining: 485.0
5 7.1 , Est Remaining: 483.3
6 8.5 , Est Remaining: 480.1
7 9.9 , Est Remaining: 477.8
8 11.3 , Est Remaining: 476.5
9 12.6 , Est Remaining: 473.7
10 14.0 , Est Remaining: 470.8
11 15.4 , Est Remaining: 468.5
12 16.8 , Est Remaining: 466.5
13 18.1 , Est Remaining: 464.9
14 19.5 , Est Remaining: 463.1
15 20.9 , Est Remaining: 461.3
16 22.3 , Est Remaining: 459.9
17 23.7 , Est Remaining: 458.3
18 25.1 , Est Remaining: 456.6
19 26.4 , Est Remaining: 455.1
20 27.8 , Est Remaining: 453.5
21 29.2 , Est Remaining: 452.1
22 30.6 , Est Remaining: 450.5
23 32.0 , Est Remaining: 449.1
24 33.4 , Est Remaining: 447.7
25 34.8 , Est Remaining: 446.2
26 36.1 , Est Remaining: 444.7
27 37.5 , Est Remaining: 443.2
28 38.9 , Est Remaining: 441.7
29 40.3 , Est Remaining: 440.1
30 41.7 , Est Remaining: 438.7
31 43.0 , Est Remaining: 437.3
32 44.4 , Est Remaining: 436.0
33 45.8 , Est Remaining: 434.6
34 47.2 , Est Remaining: 433.1
35 48.6 , Est Remaining: 431.7
36 50.0 , Est Remaining: 430.4
37 51.4 , Est Remaining: 429.0
38 52.8 , Est Remaining: 427.8
39 54.2 , Est Remaining: 426.3
40 55.5 , Est Remaining: 424.9
41 56.9 , Est Remaining: 423.6
42 58.3 , Est Remaining: 422.2
43 59.7 , Est Remaining: 421.0
44 61.1 , Est Remaining: 419.6
45 62.5 , Est Remaining: 418.4
46 63.9 , Est Remaining: 416.9
47 65.3 , Est Remaining: 415.2
48 66.6 , Est Remaining: 413.8
49 68.0 , Est Remaining: 412.2
50 69.4 , Est Remaining: 410.9
51 70.8 , Est Remaining: 409.4
52 72.2 , Est Remaining: 408.0
53 73.5 , Est Remaining: 406.5
54 74.9 , Est Remaining: 405.2
55 76.3 , Est Remaining: 403.9
56 77.7 , Est Remaining: 402.6
57 79.1 , Est Remaining: 401.2
58 80.5 , Est Remaining: 399.9
59 81.9 , Est Remaining: 398.6
60 83.3 , Est Remaining: 397.2
61 84.8 , Est Remaining: 396.0
62 86.2 , Est Remaining: 394.7
63 87.6 , Est Remaining: 393.4
64 89.0 , Est Remaining: 392.1
65 90.4 , Est Remaining: 390.7
66 91.8 , Est Remaining: 389.5
67 93.2 , Est Remaining: 388.2
68 94.6 , Est Remaining: 386.9
EVENT FAILED
68 94.9 , Est Remaining: 388.1
69 96.4 , Est Remaining: 386.8
70 97.8 , Est Remaining: 385.6
71 99.2 , Est Remaining: 384.2
72 100.6 , Est Remaining: 382.9
73 102.0 , Est Remaining: 381.6
74 103.3 , Est Remaining: 379.8
75 104.8 , Est Remaining: 378.5
76 106.2 , Est Remaining: 377.2
77 107.6 , Est Remaining: 376.0
78 109.0 , Est Remaining: 374.6
79 110.5 , Est Remaining: 373.4
80 111.9 , Est Remaining: 372.0
81 113.3 , Est Remaining: 370.7
82 114.7 , Est Remaining: 369.4
83 116.1 , Est Remaining: 368.0
84 117.5 , Est Remaining: 366.6
85 119.0 , Est Remaining: 365.2
86 120.3 , Est Remaining: 363.8
87 121.8 , Est Remaining: 362.5
88 123.2 , Est Remaining: 361.1
89 124.6 , Est Remaining: 359.7
90 126.0 , Est Remaining: 358.4
91 127.4 , Est Remaining: 357.1
92 128.8 , Est Remaining: 355.7
93 130.2 , Est Remaining: 354.3
94 131.7 , Est Remaining: 352.9
95 133.1 , Est Remaining: 351.6
96 134.5 , Est Remaining: 350.3
97 135.9 , Est Remaining: 348.9
98 137.3 , Est Remaining: 347.5
99 138.7 , Est Remaining: 346.2
100 140.2 , Est Remaining: 344.8
101 141.6 , Est Remaining: 343.4
102 143.0 , Est Remaining: 342.1
103 144.4 , Est Remaining: 340.7
104 145.8 , Est Remaining: 339.3
105 147.2 , Est Remaining: 337.9
106 148.6 , Est Remaining: 336.5
107 150.0 , Est Remaining: 335.2
108 151.4 , Est Remaining: 333.7
109 152.9 , Est Remaining: 332.4
110 154.3 , Est Remaining: 331.1
111 155.7 , Est Remaining: 329.7
112 157.2 , Est Remaining: 328.4
113 158.6 , Est Remaining: 327.1
114 160.0 , Est Remaining: 325.7
115 161.5 , Est Remaining: 324.4
116 162.9 , Est Remaining: 323.0
117 164.4 , Est Remaining: 321.8
118 165.8 , Est Remaining: 320.4
119 167.3 , Est Remaining: 319.1
120 168.7 , Est Remaining: 317.7
121 170.1 , Est Remaining: 316.3
122 171.6 , Est Remaining: 315.0
123 173.0 , Est Remaining: 313.6
124 174.4 , Est Remaining: 312.2
125 175.8 , Est Remaining: 310.8
126 177.2 , Est Remaining: 309.5
127 178.7 , Est Remaining: 308.1
128 180.1 , Est Remaining: 306.7
129 181.5 , Est Remaining: 305.3
130 182.9 , Est Remaining: 303.9
131 184.3 , Est Remaining: 302.5
132 185.7 , Est Remaining: 301.1
133 187.1 , Est Remaining: 299.7
134 188.5 , Est Remaining: 298.3
135 189.9 , Est Remaining: 296.9
136 191.4 , Est Remaining: 295.5
137 192.8 , Est Remaining: 294.1
138 194.2 , Est Remaining: 292.7
139 195.7 , Est Remaining: 291.4
140 197.1 , Est Remaining: 290.0
141 198.5 , Est Remaining: 288.6
142 199.9 , Est Remaining: 287.2
143 201.4 , Est Remaining: 285.8
144 202.8 , Est Remaining: 284.4
145 204.2 , Est Remaining: 283.1
146 205.6 , Est Remaining: 281.7
147 207.0 , Est Remaining: 280.3
148 208.5 , Est Remaining: 278.9
149 209.9 , Est Remaining: 277.5
150 211.3 , Est Remaining: 276.1
151 212.7 , Est Remaining: 274.7
152 214.1 , Est Remaining: 273.3
153 215.6 , Est Remaining: 271.9
154 217.0 , Est Remaining: 270.6
155 218.4 , Est Remaining: 269.2
156 219.9 , Est Remaining: 267.8
157 221.3 , Est Remaining: 266.4
158 222.7 , Est Remaining: 265.0
159 224.2 , Est Remaining: 263.6
160 225.6 , Est Remaining: 262.2
161 227.0 , Est Remaining: 260.8
162 228.4 , Est Remaining: 259.4
163 229.8 , Est Remaining: 258.0
164 231.2 , Est Remaining: 256.6
165 232.6 , Est Remaining: 255.2
166 234.1 , Est Remaining: 253.8
167 235.5 , Est Remaining: 252.4
168 236.9 , Est Remaining: 251.0
169 238.4 , Est Remaining: 249.6
170 239.8 , Est Remaining: 248.3
171 241.2 , Est Remaining: 246.9
172 242.6 , Est Remaining: 245.5
173 244.1 , Est Remaining: 244.1
174 245.5 , Est Remaining: 242.7
175 246.9 , Est Remaining: 241.3
176 248.3 , Est Remaining: 239.9
177 249.8 , Est Remaining: 238.5
178 251.2 , Est Remaining: 237.1
179 252.6 , Est Remaining: 235.7
180 254.1 , Est Remaining: 234.3
181 255.5 , Est Remaining: 232.9
182 256.9 , Est Remaining: 231.5
183 258.4 , Est Remaining: 230.1
184 259.8 , Est Remaining: 228.7
EVENT FAILED
184 260.1 , Est Remaining: 229.0
185 261.5 , Est Remaining: 227.6
186 262.9 , Est Remaining: 226.2
187 264.4 , Est Remaining: 224.8
188 265.8 , Est Remaining: 223.4
189 267.2 , Est Remaining: 222.0
190 268.7 , Est Remaining: 220.6
191 270.1 , Est Remaining: 219.2
192 271.6 , Est Remaining: 217.8
193 273.0 , Est Remaining: 216.4
194 274.4 , Est Remaining: 215.0
195 275.9 , Est Remaining: 213.6
196 277.3 , Est Remaining: 212.2
197 278.7 , Est Remaining: 210.8
198 280.1 , Est Remaining: 209.4
199 281.5 , Est Remaining: 208.0
200 282.9 , Est Remaining: 206.6
201 284.4 , Est Remaining: 205.1
202 285.8 , Est Remaining: 203.7
203 287.3 , Est Remaining: 202.4
204 288.7 , Est Remaining: 201.0
205 290.2 , Est Remaining: 199.6
206 291.6 , Est Remaining: 198.2
207 293.0 , Est Remaining: 196.7
208 294.4 , Est Remaining: 195.3
209 295.8 , Est Remaining: 193.9
210 297.3 , Est Remaining: 192.5
211 298.7 , Est Remaining: 191.1
212 300.1 , Est Remaining: 189.7
213 301.5 , Est Remaining: 188.3
214 303.0 , Est Remaining: 186.9
215 304.4 , Est Remaining: 185.5
216 305.9 , Est Remaining: 184.1
217 307.3 , Est Remaining: 182.7
218 308.8 , Est Remaining: 181.3
219 310.2 , Est Remaining: 179.9
220 311.6 , Est Remaining: 178.5
221 313.1 , Est Remaining: 177.1
222 314.5 , Est Remaining: 175.7
223 316.0 , Est Remaining: 174.3
224 317.4 , Est Remaining: 172.9
225 318.8 , Est Remaining: 171.4
226 320.2 , Est Remaining: 170.0
227 321.6 , Est Remaining: 168.6
228 323.1 , Est Remaining: 167.2
229 324.5 , Est Remaining: 165.8
230 325.9 , Est Remaining: 164.3
231 327.3 , Est Remaining: 162.9
232 328.7 , Est Remaining: 161.5
EVENT FAILED
232 329.0 , Est Remaining: 161.7
EVENT FAILED
232 329.3 , Est Remaining: 161.8
233 330.7 , Est Remaining: 160.4
234 332.1 , Est Remaining: 159.0
235 333.6 , Est Remaining: 157.6
236 335.0 , Est Remaining: 156.1
237 336.4 , Est Remaining: 154.7
238 337.8 , Est Remaining: 153.3
239 339.2 , Est Remaining: 151.9
240 340.6 , Est Remaining: 150.4
241 342.0 , Est Remaining: 149.0
242 343.5 , Est Remaining: 147.6
243 344.9 , Est Remaining: 146.2
244 346.3 , Est Remaining: 144.8
245 347.7 , Est Remaining: 143.3
246 349.1 , Est Remaining: 141.9
247 350.6 , Est Remaining: 140.5
248 352.0 , Est Remaining: 139.1
249 353.4 , Est Remaining: 137.7
250 354.9 , Est Remaining: 136.3
251 356.3 , Est Remaining: 134.9
252 357.8 , Est Remaining: 133.4
253 359.2 , Est Remaining: 132.0
254 360.6 , Est Remaining: 130.6
255 362.1 , Est Remaining: 129.2
256 363.5 , Est Remaining: 127.8
257 365.0 , Est Remaining: 126.4
258 366.4 , Est Remaining: 125.0
259 367.8 , Est Remaining: 123.6
260 369.3 , Est Remaining: 122.2
EVENT FAILED
260 369.6 , Est Remaining: 122.2
261 371.0 , Est Remaining: 120.8
262 372.5 , Est Remaining: 119.4
263 374.0 , Est Remaining: 118.0
264 375.4 , Est Remaining: 116.6
265 376.9 , Est Remaining: 115.2
266 378.3 , Est Remaining: 113.8
267 379.8 , Est Remaining: 112.4
268 381.2 , Est Remaining: 111.0
269 382.7 , Est Remaining: 109.5
270 384.1 , Est Remaining: 108.1
271 385.5 , Est Remaining: 106.7
272 386.9 , Est Remaining: 105.3
273 388.3 , Est Remaining: 103.8
274 389.7 , Est Remaining: 102.4
275 391.1 , Est Remaining: 101.0
276 392.6 , Est Remaining: 99.6
277 394.0 , Est Remaining: 98.1
278 395.4 , Est Remaining: 96.7
279 396.8 , Est Remaining: 95.3
280 398.2 , Est Remaining: 93.9
281 399.6 , Est Remaining: 92.4
282 401.0 , Est Remaining: 91.0
283 402.5 , Est Remaining: 89.6
284 403.9 , Est Remaining: 88.2
285 405.3 , Est Remaining: 86.8
286 406.7 , Est Remaining: 85.3
287 408.1 , Est Remaining: 83.9
288 409.5 , Est Remaining: 82.5
289 410.9 , Est Remaining: 81.1
290 412.3 , Est Remaining: 79.6
291 413.7 , Est Remaining: 78.2
292 415.1 , Est Remaining: 76.8
293 416.5 , Est Remaining: 75.3
294 417.9 , Est Remaining: 73.9
295 419.3 , Est Remaining: 72.5
296 420.7 , Est Remaining: 71.1
297 422.1 , Est Remaining: 69.6
298 423.5 , Est Remaining: 68.2
299 424.8 , Est Remaining: 66.8
300 426.2 , Est Remaining: 65.4
301 427.6 , Est Remaining: 63.9
302 429.1 , Est Remaining: 62.5
303 430.5 , Est Remaining: 61.1
304 431.9 , Est Remaining: 59.7
305 433.3 , Est Remaining: 58.2
306 434.6 , Est Remaining: 56.8
307 436.0 , Est Remaining: 55.4
308 437.4 , Est Remaining: 54.0
309 438.8 , Est Remaining: 52.5
310 440.1 , Est Remaining: 51.1
311 441.5 , Est Remaining: 49.7
312 442.9 , Est Remaining: 48.3
313 444.3 , Est Remaining: 46.8
314 445.6 , Est Remaining: 45.4
315 447.0 , Est Remaining: 44.0
316 448.4 , Est Remaining: 42.6
317 449.7 , Est Remaining: 41.1
318 451.1 , Est Remaining: 39.7
319 452.4 , Est Remaining: 38.3
320 453.8 , Est Remaining: 36.9
321 455.1 , Est Remaining: 35.4
322 456.5 , Est Remaining: 34.0
323 457.9 , Est Remaining: 32.6
324 459.2 , Est Remaining: 31.2
325 460.6 , Est Remaining: 29.8
326 461.9 , Est Remaining: 28.3
327 463.3 , Est Remaining: 26.9
328 464.6 , Est Remaining: 25.5
329 466.0 , Est Remaining: 24.1
330 467.3 , Est Remaining: 22.7
331 468.7 , Est Remaining: 21.2
332 470.0 , Est Remaining: 19.8
EVENT FAILED
332 470.3 , Est Remaining: 19.8
333 471.7 , Est Remaining: 18.4
334 473.0 , Est Remaining: 17.0
335 474.3 , Est Remaining: 15.6
336 475.7 , Est Remaining: 14.2
337 477.0 , Est Remaining: 12.7
338 478.3 , Est Remaining: 11.3
339 479.7 , Est Remaining: 9.9
