Note: NumExpr detected 32 cores but "NUMEXPR_MAX_THREADS" not set, so enforcing safe limit of 8.
Using selector: EpollSelector
/n/home02/jhaefner/miniconda/envs/IC-3.7-2020-06-16/lib/python3.7/site-packages/scipy/optimize/minpack.py:808: OptimizeWarning: Covariance of the parameters could not be estimated
  category=OptimizeWarning)
Total rwfs: 346
0 0.0 , Est Remaining: 999999.9
1 1.4 , Est Remaining: 493.9
2 2.9 , Est Remaining: 491.8
3 4.3 , Est Remaining: 492.5
4 5.7 , Est Remaining: 488.4
5 7.1 , Est Remaining: 485.3
6 8.5 , Est Remaining: 483.1
7 9.9 , Est Remaining: 480.1
8 11.3 , Est Remaining: 477.9
9 12.7 , Est Remaining: 475.1
10 14.1 , Est Remaining: 473.6
11 15.5 , Est Remaining: 472.3
12 17.0 , Est Remaining: 472.1
13 18.4 , Est Remaining: 471.0
14 19.8 , Est Remaining: 469.4
15 21.2 , Est Remaining: 467.7
16 22.6 , Est Remaining: 466.8
17 24.1 , Est Remaining: 465.5
18 25.5 , Est Remaining: 464.3
19 26.9 , Est Remaining: 463.0
20 28.3 , Est Remaining: 462.0
21 29.8 , Est Remaining: 461.0
22 31.2 , Est Remaining: 460.1
23 32.8 , Est Remaining: 460.0
24 34.2 , Est Remaining: 459.1
25 35.7 , Est Remaining: 457.9
EVENT FAILED
25 36.0 , Est Remaining: 461.8
26 37.4 , Est Remaining: 460.4
27 38.8 , Est Remaining: 458.7
28 40.3 , Est Remaining: 457.4
29 41.7 , Est Remaining: 455.9
30 43.1 , Est Remaining: 454.5
31 44.6 , Est Remaining: 453.1
32 46.0 , Est Remaining: 451.8
33 47.5 , Est Remaining: 450.3
34 48.9 , Est Remaining: 448.7
35 50.3 , Est Remaining: 447.3
36 51.8 , Est Remaining: 445.8
37 53.2 , Est Remaining: 444.5
38 54.7 , Est Remaining: 443.1
39 56.2 , Est Remaining: 442.2
40 57.7 , Est Remaining: 441.1
41 59.1 , Est Remaining: 439.8
42 60.6 , Est Remaining: 438.4
43 62.0 , Est Remaining: 437.0
44 63.5 , Est Remaining: 435.7
45 64.8 , Est Remaining: 433.4
46 66.2 , Est Remaining: 432.0
47 67.7 , Est Remaining: 430.6
48 69.1 , Est Remaining: 429.1
49 70.5 , Est Remaining: 427.5
50 72.0 , Est Remaining: 426.0
51 73.4 , Est Remaining: 424.4
52 74.8 , Est Remaining: 422.8
53 76.2 , Est Remaining: 421.1
54 77.6 , Est Remaining: 419.5
55 79.0 , Est Remaining: 418.1
56 80.4 , Est Remaining: 416.6
57 81.9 , Est Remaining: 415.0
58 83.3 , Est Remaining: 413.6
59 84.7 , Est Remaining: 412.1
60 86.1 , Est Remaining: 410.6
61 87.6 , Est Remaining: 409.2
62 89.0 , Est Remaining: 407.8
63 90.5 , Est Remaining: 406.4
64 91.9 , Est Remaining: 405.1
65 93.4 , Est Remaining: 403.8
66 94.8 , Est Remaining: 402.3
67 96.3 , Est Remaining: 400.8
68 97.7 , Est Remaining: 399.4
69 99.1 , Est Remaining: 398.0
70 100.6 , Est Remaining: 396.6
71 102.0 , Est Remaining: 395.1
72 103.5 , Est Remaining: 393.7
73 104.9 , Est Remaining: 392.2
74 106.3 , Est Remaining: 390.7
75 107.7 , Est Remaining: 389.3
EVENT FAILED
75 108.0 , Est Remaining: 390.4
76 109.5 , Est Remaining: 388.9
77 110.9 , Est Remaining: 387.4
78 112.3 , Est Remaining: 385.9
79 113.8 , Est Remaining: 384.5
80 115.2 , Est Remaining: 383.0
81 116.6 , Est Remaining: 381.6
82 118.1 , Est Remaining: 380.1
83 119.5 , Est Remaining: 378.7
84 121.0 , Est Remaining: 377.3
85 122.4 , Est Remaining: 375.9
86 123.9 , Est Remaining: 374.5
87 125.3 , Est Remaining: 373.1
88 126.8 , Est Remaining: 371.7
89 128.2 , Est Remaining: 370.3
90 129.7 , Est Remaining: 368.8
91 131.1 , Est Remaining: 367.4
92 132.6 , Est Remaining: 366.0
93 134.0 , Est Remaining: 364.5
94 135.4 , Est Remaining: 363.1
95 136.9 , Est Remaining: 361.7
96 138.3 , Est Remaining: 360.2
97 139.8 , Est Remaining: 358.8
98 141.2 , Est Remaining: 357.3
99 142.6 , Est Remaining: 355.8
100 144.1 , Est Remaining: 354.4
101 145.5 , Est Remaining: 352.9
102 147.0 , Est Remaining: 351.6
103 148.4 , Est Remaining: 350.0
104 149.8 , Est Remaining: 348.5
105 151.2 , Est Remaining: 346.9
106 152.5 , Est Remaining: 345.4
107 153.9 , Est Remaining: 343.8
108 155.3 , Est Remaining: 342.3
109 156.7 , Est Remaining: 340.7
110 158.1 , Est Remaining: 339.1
111 159.4 , Est Remaining: 337.6
112 160.8 , Est Remaining: 336.0
113 162.2 , Est Remaining: 334.5
114 163.6 , Est Remaining: 332.9
115 165.0 , Est Remaining: 331.4
116 166.4 , Est Remaining: 329.9
117 167.8 , Est Remaining: 328.4
118 169.2 , Est Remaining: 326.9
119 170.5 , Est Remaining: 325.3
120 171.9 , Est Remaining: 323.8
121 173.3 , Est Remaining: 322.3
122 174.7 , Est Remaining: 320.7
123 176.1 , Est Remaining: 319.2
124 177.4 , Est Remaining: 317.7
125 178.8 , Est Remaining: 316.2
EVENT FAILED
125 179.1 , Est Remaining: 316.7
126 180.5 , Est Remaining: 315.2
127 181.9 , Est Remaining: 313.7
128 183.3 , Est Remaining: 312.2
129 184.7 , Est Remaining: 310.7
130 186.1 , Est Remaining: 309.2
131 187.5 , Est Remaining: 307.7
132 188.9 , Est Remaining: 306.2
133 190.3 , Est Remaining: 304.7
134 191.6 , Est Remaining: 303.2
135 193.0 , Est Remaining: 301.6
136 194.4 , Est Remaining: 300.1
137 195.7 , Est Remaining: 298.6
138 197.1 , Est Remaining: 297.1
139 198.5 , Est Remaining: 295.6
140 199.9 , Est Remaining: 294.1
141 201.3 , Est Remaining: 292.6
EVENT FAILED
141 201.6 , Est Remaining: 293.1
EVENT FAILED
141 201.9 , Est Remaining: 293.5
142 203.3 , Est Remaining: 292.0
143 204.6 , Est Remaining: 290.5
144 206.0 , Est Remaining: 289.0
145 207.4 , Est Remaining: 287.5
146 208.7 , Est Remaining: 285.9
147 210.1 , Est Remaining: 284.5
148 211.5 , Est Remaining: 282.9
149 212.9 , Est Remaining: 281.4
150 214.2 , Est Remaining: 279.9
151 215.6 , Est Remaining: 278.5
EVENT FAILED
151 215.9 , Est Remaining: 278.8
152 217.3 , Est Remaining: 277.4
EVENT FAILED
152 217.6 , Est Remaining: 277.7
153 219.0 , Est Remaining: 276.2
154 220.4 , Est Remaining: 274.7
155 221.7 , Est Remaining: 273.2
156 223.1 , Est Remaining: 271.7
157 224.5 , Est Remaining: 270.3
EVENT FAILED
157 224.8 , Est Remaining: 270.6
158 226.2 , Est Remaining: 269.1
159 227.6 , Est Remaining: 267.6
160 228.9 , Est Remaining: 266.1
161 230.3 , Est Remaining: 264.6
162 231.7 , Est Remaining: 263.1
163 233.0 , Est Remaining: 261.6
164 234.4 , Est Remaining: 260.1
165 235.8 , Est Remaining: 258.7
EVENT FAILED
165 236.1 , Est Remaining: 259.0
166 237.5 , Est Remaining: 257.5
167 238.9 , Est Remaining: 256.0
168 240.2 , Est Remaining: 254.5
169 241.6 , Est Remaining: 253.1
170 243.0 , Est Remaining: 251.6
171 244.4 , Est Remaining: 250.1
172 245.8 , Est Remaining: 248.7
173 247.2 , Est Remaining: 247.2
174 248.6 , Est Remaining: 245.8
175 250.0 , Est Remaining: 244.3
176 251.4 , Est Remaining: 242.9
177 252.8 , Est Remaining: 241.4
178 254.3 , Est Remaining: 240.0
179 255.7 , Est Remaining: 238.5
180 257.1 , Est Remaining: 237.1
181 258.5 , Est Remaining: 235.7
182 260.0 , Est Remaining: 234.2
183 261.4 , Est Remaining: 232.8
184 262.8 , Est Remaining: 231.4
185 264.2 , Est Remaining: 229.9
186 265.6 , Est Remaining: 228.5
187 267.0 , Est Remaining: 227.0
188 268.4 , Est Remaining: 225.6
189 269.8 , Est Remaining: 224.1
190 271.2 , Est Remaining: 222.7
191 272.6 , Est Remaining: 221.2
192 274.0 , Est Remaining: 219.8
193 275.5 , Est Remaining: 218.4
194 276.9 , Est Remaining: 216.9
195 278.3 , Est Remaining: 215.5
196 279.7 , Est Remaining: 214.0
197 281.1 , Est Remaining: 212.6
198 282.5 , Est Remaining: 211.2
199 283.9 , Est Remaining: 209.7
200 285.4 , Est Remaining: 208.3
201 286.8 , Est Remaining: 206.9
202 288.3 , Est Remaining: 205.5
203 289.8 , Est Remaining: 204.1
204 291.2 , Est Remaining: 202.7
205 292.6 , Est Remaining: 201.2
206 294.0 , Est Remaining: 199.8
207 295.4 , Est Remaining: 198.4
208 296.9 , Est Remaining: 197.0
209 298.3 , Est Remaining: 195.5
210 299.7 , Est Remaining: 194.1
211 301.1 , Est Remaining: 192.6
212 302.5 , Est Remaining: 191.2
213 303.9 , Est Remaining: 189.8
214 305.3 , Est Remaining: 188.3
215 306.7 , Est Remaining: 186.9
216 308.1 , Est Remaining: 185.4
217 309.5 , Est Remaining: 184.0
218 310.9 , Est Remaining: 182.6
219 312.3 , Est Remaining: 181.1
220 313.7 , Est Remaining: 179.7
221 315.1 , Est Remaining: 178.2
222 316.5 , Est Remaining: 176.8
EVENT FAILED
222 316.8 , Est Remaining: 177.0
223 318.2 , Est Remaining: 175.5
224 319.6 , Est Remaining: 174.1
225 321.0 , Est Remaining: 172.6
EVENT FAILED
225 321.4 , Est Remaining: 172.8
226 322.8 , Est Remaining: 171.4
227 324.2 , Est Remaining: 170.0
228 325.7 , Est Remaining: 168.5
229 327.1 , Est Remaining: 167.1
230 328.5 , Est Remaining: 165.7
EVENT FAILED
230 328.8 , Est Remaining: 165.8
231 330.2 , Est Remaining: 164.4
232 331.6 , Est Remaining: 163.0
EVENT FAILED
232 331.9 , Est Remaining: 163.1
233 333.4 , Est Remaining: 161.7
234 334.8 , Est Remaining: 160.3
235 336.3 , Est Remaining: 158.8
236 337.7 , Est Remaining: 157.4
237 339.1 , Est Remaining: 156.0
238 340.5 , Est Remaining: 154.5
239 342.0 , Est Remaining: 153.1
240 343.4 , Est Remaining: 151.7
241 344.8 , Est Remaining: 150.2
242 346.2 , Est Remaining: 148.8
243 347.6 , Est Remaining: 147.4
244 349.1 , Est Remaining: 145.9
245 350.5 , Est Remaining: 144.5
246 351.9 , Est Remaining: 143.1
247 353.4 , Est Remaining: 141.6
248 354.8 , Est Remaining: 140.2
249 356.3 , Est Remaining: 138.8
250 357.7 , Est Remaining: 137.4
251 359.2 , Est Remaining: 135.9
252 360.6 , Est Remaining: 134.5
253 362.0 , Est Remaining: 133.1
254 363.4 , Est Remaining: 131.6
255 364.9 , Est Remaining: 130.2
256 366.3 , Est Remaining: 128.8
257 367.7 , Est Remaining: 127.3
258 369.2 , Est Remaining: 125.9
259 370.6 , Est Remaining: 124.5
260 372.0 , Est Remaining: 123.0
261 373.4 , Est Remaining: 121.6
262 374.8 , Est Remaining: 120.2
263 376.3 , Est Remaining: 118.7
264 377.7 , Est Remaining: 117.3
265 379.1 , Est Remaining: 115.9
266 380.6 , Est Remaining: 114.5
267 381.9 , Est Remaining: 113.0
268 383.4 , Est Remaining: 111.6
269 384.8 , Est Remaining: 110.1
270 386.2 , Est Remaining: 108.7
271 387.6 , Est Remaining: 107.3
272 389.0 , Est Remaining: 105.8
273 390.4 , Est Remaining: 104.4
274 391.8 , Est Remaining: 103.0
275 393.2 , Est Remaining: 101.5
276 394.7 , Est Remaining: 100.1
277 396.1 , Est Remaining: 98.7
278 397.5 , Est Remaining: 97.2
279 399.0 , Est Remaining: 95.8
280 400.4 , Est Remaining: 94.4
281 401.9 , Est Remaining: 93.0
282 403.4 , Est Remaining: 91.5
283 404.8 , Est Remaining: 90.1
284 406.3 , Est Remaining: 88.7
285 407.7 , Est Remaining: 87.3
286 409.1 , Est Remaining: 85.8
287 410.6 , Est Remaining: 84.4
288 412.0 , Est Remaining: 83.0
289 413.4 , Est Remaining: 81.5
290 414.9 , Est Remaining: 80.1
291 416.3 , Est Remaining: 78.7
EVENT FAILED
291 416.6 , Est Remaining: 78.7
292 418.0 , Est Remaining: 77.3
293 419.4 , Est Remaining: 75.9
294 420.8 , Est Remaining: 74.4
295 422.3 , Est Remaining: 73.0
296 423.7 , Est Remaining: 71.6
297 425.1 , Est Remaining: 70.1
298 426.6 , Est Remaining: 68.7
299 428.0 , Est Remaining: 67.3
300 429.5 , Est Remaining: 65.9
301 430.9 , Est Remaining: 64.4
302 432.5 , Est Remaining: 63.0
303 433.9 , Est Remaining: 61.6
304 435.3 , Est Remaining: 60.1
305 436.8 , Est Remaining: 58.7
306 438.2 , Est Remaining: 57.3
307 439.6 , Est Remaining: 55.8
308 441.0 , Est Remaining: 54.4
309 442.5 , Est Remaining: 53.0
310 443.9 , Est Remaining: 51.6
311 445.3 , Est Remaining: 50.1
312 446.8 , Est Remaining: 48.7
313 448.2 , Est Remaining: 47.3
314 449.6 , Est Remaining: 45.8
315 451.1 , Est Remaining: 44.4
EVENT FAILED
315 451.4 , Est Remaining: 44.4
316 452.8 , Est Remaining: 43.0
317 454.2 , Est Remaining: 41.6
318 455.6 , Est Remaining: 40.1
319 457.1 , Est Remaining: 38.7
320 458.5 , Est Remaining: 37.3
321 459.9 , Est Remaining: 35.8
322 461.3 , Est Remaining: 34.4
323 462.8 , Est Remaining: 33.0
324 464.2 , Est Remaining: 31.5
325 465.6 , Est Remaining: 30.1
326 467.1 , Est Remaining: 28.7
327 468.5 , Est Remaining: 27.2
328 469.9 , Est Remaining: 25.8
329 471.3 , Est Remaining: 24.4
330 472.7 , Est Remaining: 22.9
