Note: NumExpr detected 32 cores but "NUMEXPR_MAX_THREADS" not set, so enforcing safe limit of 8.
Using selector: EpollSelector
/n/home02/jhaefner/miniconda/envs/IC-3.7-2020-06-16/lib/python3.7/site-packages/scipy/optimize/minpack.py:808: OptimizeWarning: Covariance of the parameters could not be estimated
  category=OptimizeWarning)
Total rwfs: 346
0 0.0 , Est Remaining: 999999.9
1 1.3 , Est Remaining: 460.6
2 2.7 , Est Remaining: 457.9
3 4.0 , Est Remaining: 457.5
4 5.3 , Est Remaining: 456.1
5 6.6 , Est Remaining: 453.5
6 8.0 , Est Remaining: 453.1
7 9.3 , Est Remaining: 451.1
8 10.6 , Est Remaining: 448.4
9 11.9 , Est Remaining: 446.0
10 13.2 , Est Remaining: 444.1
11 14.5 , Est Remaining: 442.8
12 15.9 , Est Remaining: 441.5
13 17.2 , Est Remaining: 440.5
14 18.5 , Est Remaining: 438.9
15 19.8 , Est Remaining: 437.5
EVENT FAILED
15 20.1 , Est Remaining: 443.9
16 21.4 , Est Remaining: 441.8
17 22.7 , Est Remaining: 439.8
18 24.1 , Est Remaining: 438.4
19 25.4 , Est Remaining: 436.7
20 26.7 , Est Remaining: 435.0
21 28.0 , Est Remaining: 433.4
22 29.3 , Est Remaining: 432.0
23 30.6 , Est Remaining: 430.2
24 32.0 , Est Remaining: 429.0
25 33.3 , Est Remaining: 428.1
26 34.7 , Est Remaining: 426.7
27 36.0 , Est Remaining: 425.3
28 37.3 , Est Remaining: 423.8
29 38.6 , Est Remaining: 422.4
30 40.0 , Est Remaining: 421.0
31 41.3 , Est Remaining: 419.6
32 42.6 , Est Remaining: 418.1
33 43.9 , Est Remaining: 416.5
34 45.2 , Est Remaining: 415.1
35 46.6 , Est Remaining: 413.8
36 47.9 , Est Remaining: 412.3
37 49.2 , Est Remaining: 410.8
38 50.5 , Est Remaining: 409.5
39 51.8 , Est Remaining: 408.0
40 53.2 , Est Remaining: 406.6
41 54.5 , Est Remaining: 405.3
42 55.8 , Est Remaining: 403.9
43 57.1 , Est Remaining: 402.5
44 58.5 , Est Remaining: 401.3
45 59.8 , Est Remaining: 400.0
46 61.1 , Est Remaining: 398.7
47 62.5 , Est Remaining: 397.4
48 63.8 , Est Remaining: 396.1
49 65.1 , Est Remaining: 394.7
50 66.5 , Est Remaining: 393.9
51 67.9 , Est Remaining: 392.6
52 69.2 , Est Remaining: 391.2
53 70.5 , Est Remaining: 389.8
54 71.8 , Est Remaining: 388.4
EVENT FAILED
54 72.3 , Est Remaining: 390.7
55 73.6 , Est Remaining: 389.2
56 74.9 , Est Remaining: 387.9
57 76.2 , Est Remaining: 386.4
58 77.5 , Est Remaining: 385.0
EVENT FAILED
58 77.8 , Est Remaining: 386.4
59 79.1 , Est Remaining: 384.9
60 80.4 , Est Remaining: 383.5
61 81.8 , Est Remaining: 382.0
62 83.1 , Est Remaining: 380.6
EVENT FAILED
62 83.4 , Est Remaining: 381.9
63 84.7 , Est Remaining: 380.5
64 86.0 , Est Remaining: 379.0
65 87.3 , Est Remaining: 377.6
66 88.7 , Est Remaining: 376.1
67 90.0 , Est Remaining: 374.6
68 91.3 , Est Remaining: 373.3
69 92.6 , Est Remaining: 371.8
70 93.9 , Est Remaining: 370.4
71 95.2 , Est Remaining: 368.9
72 96.6 , Est Remaining: 367.5
EVENT FAILED
72 96.9 , Est Remaining: 368.6
EVENT FAILED
72 97.2 , Est Remaining: 369.7
73 98.5 , Est Remaining: 368.5
74 99.9 , Est Remaining: 367.1
75 101.2 , Est Remaining: 365.7
76 102.5 , Est Remaining: 364.3
77 103.9 , Est Remaining: 362.9
78 105.2 , Est Remaining: 361.5
79 106.6 , Est Remaining: 360.1
80 107.9 , Est Remaining: 358.8
81 109.2 , Est Remaining: 357.4
82 110.6 , Est Remaining: 356.0
83 111.9 , Est Remaining: 354.6
84 113.2 , Est Remaining: 353.2
85 114.6 , Est Remaining: 351.8
86 115.9 , Est Remaining: 350.5
87 117.3 , Est Remaining: 349.1
88 118.6 , Est Remaining: 347.8
EVENT FAILED
88 118.9 , Est Remaining: 348.6
89 120.2 , Est Remaining: 347.2
90 121.6 , Est Remaining: 345.8
91 122.9 , Est Remaining: 344.4
92 124.2 , Est Remaining: 343.0
93 125.6 , Est Remaining: 341.6
94 126.9 , Est Remaining: 340.1
95 128.2 , Est Remaining: 338.7
96 129.5 , Est Remaining: 337.4
97 130.9 , Est Remaining: 335.9
98 132.2 , Est Remaining: 334.6
99 133.5 , Est Remaining: 333.2
100 134.9 , Est Remaining: 331.8
101 136.2 , Est Remaining: 330.4
102 137.6 , Est Remaining: 329.2
103 138.9 , Est Remaining: 327.8
104 140.3 , Est Remaining: 326.4
105 141.6 , Est Remaining: 325.0
106 142.9 , Est Remaining: 323.6
107 144.2 , Est Remaining: 322.2
108 145.6 , Est Remaining: 320.8
109 146.9 , Est Remaining: 319.4
110 148.2 , Est Remaining: 318.0
111 149.6 , Est Remaining: 316.6
112 150.9 , Est Remaining: 315.2
113 152.2 , Est Remaining: 313.8
114 153.5 , Est Remaining: 312.5
115 154.9 , Est Remaining: 311.1
116 156.2 , Est Remaining: 309.8
117 157.5 , Est Remaining: 308.4
118 158.9 , Est Remaining: 307.0
119 160.2 , Est Remaining: 305.7
120 161.6 , Est Remaining: 304.3
121 162.9 , Est Remaining: 303.0
122 164.3 , Est Remaining: 301.6
123 165.6 , Est Remaining: 300.2
124 166.9 , Est Remaining: 298.8
125 168.3 , Est Remaining: 297.5
126 169.6 , Est Remaining: 296.1
127 170.9 , Est Remaining: 294.8
EVENT FAILED
127 171.2 , Est Remaining: 295.3
128 172.6 , Est Remaining: 293.9
129 173.9 , Est Remaining: 292.5
130 175.2 , Est Remaining: 291.2
131 176.6 , Est Remaining: 289.8
132 177.9 , Est Remaining: 288.5
133 179.3 , Est Remaining: 287.1
134 180.6 , Est Remaining: 285.7
135 181.9 , Est Remaining: 284.4
136 183.3 , Est Remaining: 283.0
137 184.6 , Est Remaining: 281.6
138 185.9 , Est Remaining: 280.3
139 187.3 , Est Remaining: 278.9
140 188.6 , Est Remaining: 277.5
141 189.9 , Est Remaining: 276.1
142 191.2 , Est Remaining: 274.7
143 192.6 , Est Remaining: 273.4
144 193.9 , Est Remaining: 272.0
EVENT FAILED
144 194.2 , Est Remaining: 272.4
145 195.6 , Est Remaining: 271.1
146 196.9 , Est Remaining: 269.7
EVENT FAILED
146 197.2 , Est Remaining: 270.1
147 198.6 , Est Remaining: 268.8
148 199.9 , Est Remaining: 267.4
149 201.2 , Est Remaining: 266.0
150 202.5 , Est Remaining: 264.6
151 203.9 , Est Remaining: 263.3
152 205.2 , Est Remaining: 261.9
153 206.5 , Est Remaining: 260.5
154 207.8 , Est Remaining: 259.1
155 209.2 , Est Remaining: 257.8
156 210.5 , Est Remaining: 256.4
157 211.9 , Est Remaining: 255.0
158 213.2 , Est Remaining: 253.7
159 214.5 , Est Remaining: 252.3
160 215.8 , Est Remaining: 250.9
161 217.2 , Est Remaining: 249.5
162 218.5 , Est Remaining: 248.2
163 219.8 , Est Remaining: 246.8
164 221.1 , Est Remaining: 245.4
165 222.5 , Est Remaining: 244.0
166 223.8 , Est Remaining: 242.7
EVENT FAILED
166 224.1 , Est Remaining: 243.0
167 225.4 , Est Remaining: 241.6
168 226.7 , Est Remaining: 240.2
169 228.1 , Est Remaining: 238.9
170 229.4 , Est Remaining: 237.5
171 230.8 , Est Remaining: 236.2
172 232.1 , Est Remaining: 234.8
173 233.4 , Est Remaining: 233.4
174 234.8 , Est Remaining: 232.1
175 236.1 , Est Remaining: 230.7
176 237.4 , Est Remaining: 229.3
177 238.7 , Est Remaining: 227.9
178 240.0 , Est Remaining: 226.5
179 241.4 , Est Remaining: 225.2
180 242.7 , Est Remaining: 223.8
181 244.0 , Est Remaining: 222.4
182 245.3 , Est Remaining: 221.0
183 246.6 , Est Remaining: 219.7
184 247.9 , Est Remaining: 218.3
185 249.3 , Est Remaining: 216.9
186 250.6 , Est Remaining: 215.5
187 251.9 , Est Remaining: 214.2
188 253.2 , Est Remaining: 212.8
189 254.6 , Est Remaining: 211.5
190 255.9 , Est Remaining: 210.1
191 257.2 , Est Remaining: 208.7
192 258.5 , Est Remaining: 207.4
193 259.9 , Est Remaining: 206.0
194 261.2 , Est Remaining: 204.6
195 262.5 , Est Remaining: 203.3
196 263.8 , Est Remaining: 201.9
197 265.2 , Est Remaining: 200.6
198 266.5 , Est Remaining: 199.2
199 267.8 , Est Remaining: 197.8
200 269.2 , Est Remaining: 196.5
201 270.5 , Est Remaining: 195.1
202 271.9 , Est Remaining: 193.8
203 273.2 , Est Remaining: 192.5
204 274.5 , Est Remaining: 191.1
205 275.9 , Est Remaining: 189.8
206 277.2 , Est Remaining: 188.4
207 278.5 , Est Remaining: 187.0
208 279.9 , Est Remaining: 185.7
209 281.2 , Est Remaining: 184.3
210 282.5 , Est Remaining: 182.9
211 283.8 , Est Remaining: 181.6
212 285.1 , Est Remaining: 180.2
213 286.5 , Est Remaining: 178.9
EVENT FAILED
213 286.8 , Est Remaining: 179.1
214 288.1 , Est Remaining: 177.7
215 289.4 , Est Remaining: 176.3
216 290.7 , Est Remaining: 175.0
217 292.1 , Est Remaining: 173.6
218 293.4 , Est Remaining: 172.3
219 294.7 , Est Remaining: 170.9
220 296.1 , Est Remaining: 169.6
221 297.4 , Est Remaining: 168.2
222 298.7 , Est Remaining: 166.9
223 300.0 , Est Remaining: 165.5
224 301.4 , Est Remaining: 164.2
225 302.7 , Est Remaining: 162.8
226 304.1 , Est Remaining: 161.5
227 305.4 , Est Remaining: 160.1
228 306.7 , Est Remaining: 158.8
229 308.1 , Est Remaining: 157.4
EVENT FAILED
229 308.4 , Est Remaining: 157.6
230 309.7 , Est Remaining: 156.2
231 311.1 , Est Remaining: 154.9
232 312.4 , Est Remaining: 153.5
233 313.7 , Est Remaining: 152.1
234 315.1 , Est Remaining: 150.8
235 316.4 , Est Remaining: 149.5
236 317.7 , Est Remaining: 148.1
237 319.1 , Est Remaining: 146.8
238 320.4 , Est Remaining: 145.4
239 321.8 , Est Remaining: 144.1
240 323.1 , Est Remaining: 142.7
241 324.4 , Est Remaining: 141.4
242 325.8 , Est Remaining: 140.0
243 327.1 , Est Remaining: 138.7
244 328.4 , Est Remaining: 137.3
245 329.8 , Est Remaining: 135.9
246 331.1 , Est Remaining: 134.6
247 332.4 , Est Remaining: 133.2
248 333.8 , Est Remaining: 131.9
249 335.1 , Est Remaining: 130.5
250 336.4 , Est Remaining: 129.2
251 337.8 , Est Remaining: 127.8
252 339.1 , Est Remaining: 126.5
253 340.4 , Est Remaining: 125.1
254 341.8 , Est Remaining: 123.8
255 343.1 , Est Remaining: 122.4
256 344.4 , Est Remaining: 121.1
257 345.7 , Est Remaining: 119.7
258 347.1 , Est Remaining: 118.4
259 348.4 , Est Remaining: 117.0
260 349.7 , Est Remaining: 115.7
261 351.0 , Est Remaining: 114.3
262 352.3 , Est Remaining: 113.0
263 353.6 , Est Remaining: 111.6
264 355.0 , Est Remaining: 110.3
265 356.3 , Est Remaining: 108.9
266 357.6 , Est Remaining: 107.5
267 358.9 , Est Remaining: 106.2
268 360.2 , Est Remaining: 104.8
269 361.5 , Est Remaining: 103.5
270 362.9 , Est Remaining: 102.1
271 364.2 , Est Remaining: 100.8
272 365.5 , Est Remaining: 99.4
273 366.8 , Est Remaining: 98.1
274 368.1 , Est Remaining: 96.7
EVENT FAILED
274 368.4 , Est Remaining: 96.8
275 369.7 , Est Remaining: 95.5
276 371.0 , Est Remaining: 94.1
277 372.3 , Est Remaining: 92.7
278 373.7 , Est Remaining: 91.4
279 375.0 , Est Remaining: 90.0
280 376.3 , Est Remaining: 88.7
281 377.6 , Est Remaining: 87.3
282 378.9 , Est Remaining: 86.0
283 380.2 , Est Remaining: 84.6
284 381.6 , Est Remaining: 83.3
285 382.9 , Est Remaining: 81.9
286 384.2 , Est Remaining: 80.6
287 385.5 , Est Remaining: 79.3
288 386.9 , Est Remaining: 77.9
289 388.2 , Est Remaining: 76.6
290 389.5 , Est Remaining: 75.2
EVENT FAILED
290 389.8 , Est Remaining: 75.3
291 391.1 , Est Remaining: 73.9
292 392.5 , Est Remaining: 72.6
293 393.8 , Est Remaining: 71.2
294 395.1 , Est Remaining: 69.9
295 396.4 , Est Remaining: 68.5
296 397.7 , Est Remaining: 67.2
297 399.1 , Est Remaining: 65.8
298 400.4 , Est Remaining: 64.5
299 401.7 , Est Remaining: 63.1
300 403.0 , Est Remaining: 61.8
301 404.3 , Est Remaining: 60.5
302 405.8 , Est Remaining: 59.1
303 407.1 , Est Remaining: 57.8
304 408.4 , Est Remaining: 56.4
305 409.7 , Est Remaining: 55.1
306 411.1 , Est Remaining: 53.7
307 412.4 , Est Remaining: 52.4
308 413.7 , Est Remaining: 51.0
309 415.0 , Est Remaining: 49.7
310 416.3 , Est Remaining: 48.3
311 417.7 , Est Remaining: 47.0
312 419.0 , Est Remaining: 45.7
313 420.3 , Est Remaining: 44.3
314 421.6 , Est Remaining: 43.0
315 422.9 , Est Remaining: 41.6
316 424.3 , Est Remaining: 40.3
317 425.6 , Est Remaining: 38.9
318 426.9 , Est Remaining: 37.6
319 428.2 , Est Remaining: 36.2
320 429.5 , Est Remaining: 34.9
321 430.8 , Est Remaining: 33.6
322 432.2 , Est Remaining: 32.2
323 433.5 , Est Remaining: 30.9
324 434.8 , Est Remaining: 29.5
325 436.1 , Est Remaining: 28.2
326 437.4 , Est Remaining: 26.8
327 438.7 , Est Remaining: 25.5
328 440.1 , Est Remaining: 24.2
329 441.4 , Est Remaining: 22.8
330 442.8 , Est Remaining: 21.5
