Note: NumExpr detected 32 cores but "NUMEXPR_MAX_THREADS" not set, so enforcing safe limit of 8.
Using selector: EpollSelector
/n/home02/jhaefner/miniconda/envs/IC-3.7-2020-06-16/lib/python3.7/site-packages/scipy/optimize/minpack.py:808: OptimizeWarning: Covariance of the parameters could not be estimated
  category=OptimizeWarning)
Total rwfs: 346
0 0.0 , Est Remaining: 999999.9
1 1.4 , Est Remaining: 494.0
2 2.9 , Est Remaining: 492.5
3 4.3 , Est Remaining: 493.1
4 5.7 , Est Remaining: 490.2
5 7.2 , Est Remaining: 490.0
6 8.6 , Est Remaining: 487.6
7 10.0 , Est Remaining: 484.5
8 11.4 , Est Remaining: 483.3
9 12.8 , Est Remaining: 480.5
10 14.3 , Est Remaining: 479.3
11 15.7 , Est Remaining: 477.7
12 17.1 , Est Remaining: 475.8
13 18.5 , Est Remaining: 473.6
14 19.9 , Est Remaining: 472.0
15 21.3 , Est Remaining: 470.2
16 22.7 , Est Remaining: 468.6
17 24.1 , Est Remaining: 467.2
18 25.6 , Est Remaining: 466.2
19 27.0 , Est Remaining: 464.9
20 28.4 , Est Remaining: 463.7
21 29.9 , Est Remaining: 462.5
EVENT FAILED
21 30.2 , Est Remaining: 467.3
22 31.6 , Est Remaining: 465.7
23 33.1 , Est Remaining: 464.1
24 34.5 , Est Remaining: 462.4
25 35.9 , Est Remaining: 461.1
26 37.4 , Est Remaining: 459.9
27 38.8 , Est Remaining: 458.5
28 40.3 , Est Remaining: 457.2
29 41.7 , Est Remaining: 455.6
30 43.1 , Est Remaining: 454.2
31 44.6 , Est Remaining: 452.9
32 46.0 , Est Remaining: 451.6
33 47.5 , Est Remaining: 450.2
34 48.9 , Est Remaining: 448.8
35 50.4 , Est Remaining: 447.6
36 51.8 , Est Remaining: 446.3
EVENT FAILED
36 52.1 , Est Remaining: 448.9
37 53.6 , Est Remaining: 447.4
38 55.0 , Est Remaining: 445.8
39 56.4 , Est Remaining: 444.3
40 57.9 , Est Remaining: 442.6
41 59.3 , Est Remaining: 441.0
42 60.7 , Est Remaining: 439.3
43 62.1 , Est Remaining: 437.6
44 63.5 , Est Remaining: 436.0
45 64.9 , Est Remaining: 434.4
46 66.4 , Est Remaining: 432.8
47 67.8 , Est Remaining: 431.6
48 69.2 , Est Remaining: 429.8
49 70.7 , Est Remaining: 428.3
50 72.1 , Est Remaining: 426.8
51 73.5 , Est Remaining: 425.3
EVENT FAILED
51 73.8 , Est Remaining: 427.0
52 75.3 , Est Remaining: 425.5
53 76.7 , Est Remaining: 423.9
54 78.1 , Est Remaining: 422.4
55 79.5 , Est Remaining: 420.9
56 81.0 , Est Remaining: 419.3
57 82.4 , Est Remaining: 417.7
58 83.8 , Est Remaining: 416.2
59 85.3 , Est Remaining: 414.9
60 86.7 , Est Remaining: 413.4
61 88.2 , Est Remaining: 411.9
62 89.6 , Est Remaining: 410.5
63 91.1 , Est Remaining: 409.0
64 92.5 , Est Remaining: 407.6
65 93.9 , Est Remaining: 406.1
66 95.4 , Est Remaining: 404.6
67 96.8 , Est Remaining: 403.2
EVENT FAILED
67 97.1 , Est Remaining: 404.4
68 98.6 , Est Remaining: 402.9
69 100.0 , Est Remaining: 401.4
70 101.4 , Est Remaining: 399.9
71 102.8 , Est Remaining: 398.3
72 104.3 , Est Remaining: 396.8
73 105.7 , Est Remaining: 395.3
74 107.2 , Est Remaining: 393.9
75 108.6 , Est Remaining: 392.4
76 110.0 , Est Remaining: 390.9
77 111.5 , Est Remaining: 389.4
78 112.9 , Est Remaining: 387.9
79 114.3 , Est Remaining: 386.4
80 115.6 , Est Remaining: 384.4
81 117.0 , Est Remaining: 382.9
82 118.5 , Est Remaining: 381.5
83 119.9 , Est Remaining: 380.0
84 121.3 , Est Remaining: 378.4
85 122.8 , Est Remaining: 376.9
86 124.2 , Est Remaining: 375.5
87 125.6 , Est Remaining: 374.0
88 127.1 , Est Remaining: 372.6
89 128.5 , Est Remaining: 371.1
90 129.9 , Est Remaining: 369.6
91 131.4 , Est Remaining: 368.2
92 132.8 , Est Remaining: 366.8
93 134.3 , Est Remaining: 365.3
94 135.8 , Est Remaining: 364.0
EVENT FAILED
94 136.1 , Est Remaining: 364.8
95 137.5 , Est Remaining: 363.4
96 139.0 , Est Remaining: 362.0
97 140.4 , Est Remaining: 360.5
98 141.9 , Est Remaining: 359.0
99 143.3 , Est Remaining: 357.5
100 144.7 , Est Remaining: 356.0
101 146.2 , Est Remaining: 354.6
102 147.6 , Est Remaining: 353.1
103 149.1 , Est Remaining: 351.8
104 150.5 , Est Remaining: 350.3
105 152.0 , Est Remaining: 348.8
106 153.4 , Est Remaining: 347.3
107 154.8 , Est Remaining: 345.8
108 156.3 , Est Remaining: 344.3
109 157.7 , Est Remaining: 342.9
110 159.0 , Est Remaining: 341.1
111 160.4 , Est Remaining: 339.6
112 161.9 , Est Remaining: 338.2
113 163.3 , Est Remaining: 336.7
114 164.7 , Est Remaining: 335.3
115 166.2 , Est Remaining: 333.8
116 167.6 , Est Remaining: 332.3
EVENT FAILED
116 167.9 , Est Remaining: 332.9
117 169.3 , Est Remaining: 331.5
118 170.8 , Est Remaining: 330.0
EVENT FAILED
118 171.1 , Est Remaining: 330.6
119 172.5 , Est Remaining: 329.1
120 174.0 , Est Remaining: 327.7
121 175.4 , Est Remaining: 326.2
122 176.8 , Est Remaining: 324.7
123 178.3 , Est Remaining: 323.3
124 179.8 , Est Remaining: 321.8
125 181.2 , Est Remaining: 320.4
126 182.6 , Est Remaining: 318.9
127 184.1 , Est Remaining: 317.5
128 185.6 , Est Remaining: 316.0
129 187.0 , Est Remaining: 314.6
130 188.5 , Est Remaining: 313.2
EVENT FAILED
130 188.8 , Est Remaining: 313.7
131 190.2 , Est Remaining: 312.2
132 191.7 , Est Remaining: 310.8
133 193.1 , Est Remaining: 309.3
134 194.6 , Est Remaining: 307.9
135 196.1 , Est Remaining: 306.5
136 197.5 , Est Remaining: 305.0
EVENT FAILED
136 197.9 , Est Remaining: 305.5
137 199.3 , Est Remaining: 304.0
138 200.7 , Est Remaining: 302.5
139 202.1 , Est Remaining: 301.0
140 203.6 , Est Remaining: 299.6
141 205.0 , Est Remaining: 298.1
142 206.5 , Est Remaining: 296.6
143 207.9 , Est Remaining: 295.2
144 209.4 , Est Remaining: 293.7
145 210.8 , Est Remaining: 292.2
146 212.3 , Est Remaining: 290.8
147 213.7 , Est Remaining: 289.3
148 215.2 , Est Remaining: 287.9
149 216.7 , Est Remaining: 286.4
150 218.1 , Est Remaining: 285.0
151 219.5 , Est Remaining: 283.5
152 221.0 , Est Remaining: 282.0
153 222.4 , Est Remaining: 280.6
154 223.9 , Est Remaining: 279.1
155 225.3 , Est Remaining: 277.6
156 226.8 , Est Remaining: 276.2
157 228.2 , Est Remaining: 274.7
158 229.6 , Est Remaining: 273.2
159 231.1 , Est Remaining: 271.7
160 232.5 , Est Remaining: 270.3
161 233.9 , Est Remaining: 268.8
162 235.3 , Est Remaining: 267.3
163 236.8 , Est Remaining: 265.8
164 238.2 , Est Remaining: 264.3
165 239.6 , Est Remaining: 262.9
166 241.1 , Est Remaining: 261.4
167 242.5 , Est Remaining: 259.9
168 243.9 , Est Remaining: 258.5
169 245.4 , Est Remaining: 257.0
170 246.8 , Est Remaining: 255.5
171 248.2 , Est Remaining: 254.0
172 249.6 , Est Remaining: 252.5
173 251.0 , Est Remaining: 251.0
174 252.4 , Est Remaining: 249.5
175 253.7 , Est Remaining: 247.9
176 255.1 , Est Remaining: 246.4
177 256.5 , Est Remaining: 244.9
178 257.9 , Est Remaining: 243.4
179 259.3 , Est Remaining: 241.9
180 260.7 , Est Remaining: 240.4
181 262.0 , Est Remaining: 238.9
182 263.4 , Est Remaining: 237.4
EVENT FAILED
182 263.7 , Est Remaining: 237.6
183 265.1 , Est Remaining: 236.1
184 266.4 , Est Remaining: 234.6
185 267.8 , Est Remaining: 233.1
186 269.2 , Est Remaining: 231.6
187 270.6 , Est Remaining: 230.1
188 271.9 , Est Remaining: 228.5
189 273.3 , Est Remaining: 227.0
190 274.7 , Est Remaining: 225.5
191 276.0 , Est Remaining: 224.0
192 277.4 , Est Remaining: 222.5
193 278.8 , Est Remaining: 221.0
194 280.1 , Est Remaining: 219.5
195 281.5 , Est Remaining: 218.0
196 282.9 , Est Remaining: 216.5
197 284.3 , Est Remaining: 215.0
198 285.6 , Est Remaining: 213.5
199 287.0 , Est Remaining: 212.0
200 288.4 , Est Remaining: 210.5
201 289.8 , Est Remaining: 209.0
EVENT FAILED
201 290.1 , Est Remaining: 209.2
202 291.4 , Est Remaining: 207.7
203 292.9 , Est Remaining: 206.3
204 294.3 , Est Remaining: 204.8
205 295.6 , Est Remaining: 203.3
206 297.0 , Est Remaining: 201.9
207 298.4 , Est Remaining: 200.4
208 299.7 , Est Remaining: 198.9
209 301.1 , Est Remaining: 197.4
210 302.5 , Est Remaining: 195.9
211 303.8 , Est Remaining: 194.4
212 305.2 , Est Remaining: 192.9
213 306.6 , Est Remaining: 191.4
214 308.0 , Est Remaining: 190.0
215 309.3 , Est Remaining: 188.5
216 310.7 , Est Remaining: 187.0
217 312.1 , Est Remaining: 185.5
218 313.5 , Est Remaining: 184.1
219 314.9 , Est Remaining: 182.6
220 316.2 , Est Remaining: 181.1
221 317.6 , Est Remaining: 179.6
222 319.0 , Est Remaining: 178.2
223 320.4 , Est Remaining: 176.7
224 321.7 , Est Remaining: 175.2
225 323.1 , Est Remaining: 173.8
226 324.5 , Est Remaining: 172.3
227 325.9 , Est Remaining: 170.8
228 327.3 , Est Remaining: 169.4
229 328.6 , Est Remaining: 167.9
230 330.0 , Est Remaining: 166.5
231 331.4 , Est Remaining: 165.0
232 332.9 , Est Remaining: 163.6
233 334.3 , Est Remaining: 162.1
234 335.7 , Est Remaining: 160.7
235 337.1 , Est Remaining: 159.2
236 338.5 , Est Remaining: 157.8
237 340.0 , Est Remaining: 156.4
238 341.4 , Est Remaining: 154.9
239 342.9 , Est Remaining: 153.5
240 344.3 , Est Remaining: 152.1
241 345.8 , Est Remaining: 150.6
242 347.2 , Est Remaining: 149.2
243 348.6 , Est Remaining: 147.8
244 350.1 , Est Remaining: 146.3
EVENT FAILED
244 350.4 , Est Remaining: 146.5
245 351.8 , Est Remaining: 145.0
246 353.3 , Est Remaining: 143.6
247 354.7 , Est Remaining: 142.2
248 356.2 , Est Remaining: 140.7
249 357.6 , Est Remaining: 139.3
250 359.0 , Est Remaining: 137.9
251 360.5 , Est Remaining: 136.4
252 361.9 , Est Remaining: 135.0
253 363.4 , Est Remaining: 133.6
254 364.8 , Est Remaining: 132.1
255 366.1 , Est Remaining: 130.7
256 367.6 , Est Remaining: 129.2
257 369.0 , Est Remaining: 127.8
258 370.5 , Est Remaining: 126.4
259 371.9 , Est Remaining: 124.9
260 373.3 , Est Remaining: 123.5
261 374.8 , Est Remaining: 122.1
262 376.2 , Est Remaining: 120.6
263 377.6 , Est Remaining: 119.2
264 379.1 , Est Remaining: 117.7
265 380.5 , Est Remaining: 116.3
266 381.9 , Est Remaining: 114.9
267 383.3 , Est Remaining: 113.4
268 384.8 , Est Remaining: 112.0
269 386.2 , Est Remaining: 110.6
270 387.7 , Est Remaining: 109.1
271 389.1 , Est Remaining: 107.7
272 390.6 , Est Remaining: 106.3
273 392.0 , Est Remaining: 104.8
EVENT FAILED
273 392.3 , Est Remaining: 104.9
274 393.7 , Est Remaining: 103.5
275 395.1 , Est Remaining: 102.0
276 396.6 , Est Remaining: 100.6
277 398.0 , Est Remaining: 99.2
278 399.5 , Est Remaining: 97.7
279 400.9 , Est Remaining: 96.3
280 402.4 , Est Remaining: 94.8
281 403.8 , Est Remaining: 93.4
282 405.3 , Est Remaining: 92.0
283 406.7 , Est Remaining: 90.5
EVENT FAILED
283 407.0 , Est Remaining: 90.6
284 408.5 , Est Remaining: 89.2
285 409.9 , Est Remaining: 87.7
286 411.4 , Est Remaining: 86.3
287 412.8 , Est Remaining: 84.9
288 414.3 , Est Remaining: 83.4
289 415.7 , Est Remaining: 82.0
290 417.2 , Est Remaining: 80.6
291 418.6 , Est Remaining: 79.1
292 420.1 , Est Remaining: 77.7
293 421.5 , Est Remaining: 76.2
294 423.0 , Est Remaining: 74.8
295 424.5 , Est Remaining: 73.4
296 425.9 , Est Remaining: 71.9
297 427.4 , Est Remaining: 70.5
298 428.8 , Est Remaining: 69.1
299 430.2 , Est Remaining: 67.6
300 431.7 , Est Remaining: 66.2
301 433.1 , Est Remaining: 64.8
302 434.7 , Est Remaining: 63.3
303 436.2 , Est Remaining: 61.9
304 437.7 , Est Remaining: 60.5
305 439.2 , Est Remaining: 59.0
306 440.6 , Est Remaining: 57.6
307 442.1 , Est Remaining: 56.2
308 443.5 , Est Remaining: 54.7
309 445.0 , Est Remaining: 53.3
310 446.4 , Est Remaining: 51.8
311 447.8 , Est Remaining: 50.4
312 449.3 , Est Remaining: 49.0
313 450.6 , Est Remaining: 47.5
314 452.0 , Est Remaining: 46.1
315 453.4 , Est Remaining: 44.6
316 454.8 , Est Remaining: 43.2
317 456.3 , Est Remaining: 41.7
318 457.7 , Est Remaining: 40.3
319 459.0 , Est Remaining: 38.9
320 460.4 , Est Remaining: 37.4
321 461.8 , Est Remaining: 36.0
322 463.2 , Est Remaining: 34.5
323 464.6 , Est Remaining: 33.1
324 466.0 , Est Remaining: 31.6
325 467.4 , Est Remaining: 30.2
326 468.8 , Est Remaining: 28.8
327 470.2 , Est Remaining: 27.3
328 471.6 , Est Remaining: 25.9
329 473.0 , Est Remaining: 24.4
330 474.4 , Est Remaining: 23.0
331 475.7 , Est Remaining: 21.6
