Note: NumExpr detected 32 cores but "NUMEXPR_MAX_THREADS" not set, so enforcing safe limit of 8.
Using selector: EpollSelector
/n/home02/jhaefner/miniconda/envs/IC-3.7-2020-06-16/lib/python3.7/site-packages/scipy/optimize/minpack.py:808: OptimizeWarning: Covariance of the parameters could not be estimated
  category=OptimizeWarning)
Total rwfs: 346
0 0.0 , Est Remaining: 999999.9
1 1.4 , Est Remaining: 475.5
2 2.8 , Est Remaining: 473.2
3 4.1 , Est Remaining: 474.2
4 5.5 , Est Remaining: 470.9
5 6.9 , Est Remaining: 467.9
6 8.2 , Est Remaining: 466.7
7 9.6 , Est Remaining: 464.3
8 11.0 , Est Remaining: 463.0
9 12.3 , Est Remaining: 460.8
10 13.7 , Est Remaining: 459.3
11 15.0 , Est Remaining: 457.5
12 16.4 , Est Remaining: 456.1
13 17.8 , Est Remaining: 454.9
14 19.1 , Est Remaining: 453.4
15 20.5 , Est Remaining: 451.8
16 21.8 , Est Remaining: 450.0
17 23.2 , Est Remaining: 448.4
18 24.5 , Est Remaining: 447.0
19 25.9 , Est Remaining: 445.4
20 27.2 , Est Remaining: 443.9
21 28.5 , Est Remaining: 441.6
22 29.9 , Est Remaining: 440.1
23 31.2 , Est Remaining: 438.7
24 32.6 , Est Remaining: 437.3
25 33.9 , Est Remaining: 435.8
26 35.3 , Est Remaining: 434.3
27 36.6 , Est Remaining: 432.8
28 38.0 , Est Remaining: 431.3
29 39.3 , Est Remaining: 429.9
30 40.7 , Est Remaining: 428.5
31 42.0 , Est Remaining: 427.0
32 43.4 , Est Remaining: 425.8
33 44.7 , Est Remaining: 424.2
34 46.1 , Est Remaining: 422.9
35 47.4 , Est Remaining: 421.5
36 48.8 , Est Remaining: 420.1
37 50.1 , Est Remaining: 418.8
38 51.5 , Est Remaining: 417.5
39 52.9 , Est Remaining: 416.2
40 54.2 , Est Remaining: 414.3
41 55.5 , Est Remaining: 413.1
42 56.9 , Est Remaining: 411.7
43 58.3 , Est Remaining: 410.5
44 59.6 , Est Remaining: 409.4
45 61.0 , Est Remaining: 408.1
46 62.4 , Est Remaining: 406.8
47 63.7 , Est Remaining: 405.3
48 65.1 , Est Remaining: 404.0
49 66.4 , Est Remaining: 402.6
50 67.8 , Est Remaining: 401.3
51 69.2 , Est Remaining: 400.0
52 70.5 , Est Remaining: 398.6
53 71.9 , Est Remaining: 397.3
54 73.2 , Est Remaining: 396.0
55 74.6 , Est Remaining: 394.6
56 75.9 , Est Remaining: 393.2
57 77.3 , Est Remaining: 391.8
58 78.6 , Est Remaining: 390.5
59 80.0 , Est Remaining: 389.2
60 81.4 , Est Remaining: 387.8
61 82.7 , Est Remaining: 386.4
62 84.1 , Est Remaining: 385.1
63 85.4 , Est Remaining: 383.7
64 86.8 , Est Remaining: 382.4
65 88.1 , Est Remaining: 380.9
66 89.4 , Est Remaining: 379.4
67 90.8 , Est Remaining: 378.1
68 92.1 , Est Remaining: 376.7
69 93.5 , Est Remaining: 375.3
70 94.9 , Est Remaining: 374.0
EVENT FAILED
70 95.2 , Est Remaining: 375.2
71 96.5 , Est Remaining: 373.8
72 97.8 , Est Remaining: 372.4
73 99.2 , Est Remaining: 371.0
74 100.6 , Est Remaining: 369.7
75 101.9 , Est Remaining: 368.3
76 103.3 , Est Remaining: 366.9
77 104.7 , Est Remaining: 365.6
78 106.0 , Est Remaining: 364.3
79 107.4 , Est Remaining: 362.9
80 108.7 , Est Remaining: 361.5
81 110.1 , Est Remaining: 360.1
82 111.4 , Est Remaining: 358.7
83 112.8 , Est Remaining: 357.4
84 114.1 , Est Remaining: 356.0
85 115.5 , Est Remaining: 354.6
86 116.8 , Est Remaining: 353.2
EVENT FAILED
86 117.1 , Est Remaining: 354.1
87 118.5 , Est Remaining: 352.7
88 119.8 , Est Remaining: 351.3
89 121.2 , Est Remaining: 350.0
90 122.5 , Est Remaining: 348.6
91 123.9 , Est Remaining: 347.2
92 125.3 , Est Remaining: 345.8
93 126.6 , Est Remaining: 344.4
94 128.0 , Est Remaining: 343.1
95 129.3 , Est Remaining: 341.7
96 130.7 , Est Remaining: 340.4
97 132.1 , Est Remaining: 339.0
98 133.4 , Est Remaining: 337.7
99 134.8 , Est Remaining: 336.3
100 136.1 , Est Remaining: 334.9
101 137.5 , Est Remaining: 333.6
102 138.9 , Est Remaining: 332.2
103 140.3 , Est Remaining: 331.0
104 141.7 , Est Remaining: 329.6
105 143.0 , Est Remaining: 328.3
106 144.4 , Est Remaining: 326.9
107 145.8 , Est Remaining: 325.6
108 147.1 , Est Remaining: 324.2
109 148.5 , Est Remaining: 322.8
110 149.8 , Est Remaining: 321.5
111 151.2 , Est Remaining: 320.1
112 152.5 , Est Remaining: 318.7
113 153.9 , Est Remaining: 317.3
114 155.3 , Est Remaining: 316.0
115 156.6 , Est Remaining: 314.6
116 158.0 , Est Remaining: 313.2
117 159.3 , Est Remaining: 311.8
118 160.7 , Est Remaining: 310.5
119 162.1 , Est Remaining: 309.1
120 163.4 , Est Remaining: 307.8
121 164.8 , Est Remaining: 306.4
122 166.2 , Est Remaining: 305.1
123 167.5 , Est Remaining: 303.7
124 168.9 , Est Remaining: 302.3
125 170.2 , Est Remaining: 301.0
126 171.6 , Est Remaining: 299.6
127 172.9 , Est Remaining: 298.2
128 174.3 , Est Remaining: 296.9
129 175.7 , Est Remaining: 295.5
130 177.0 , Est Remaining: 294.2
131 178.4 , Est Remaining: 292.8
132 179.7 , Est Remaining: 291.4
133 181.1 , Est Remaining: 290.1
134 182.5 , Est Remaining: 288.7
135 183.8 , Est Remaining: 287.3
136 185.2 , Est Remaining: 285.9
137 186.5 , Est Remaining: 284.6
138 187.9 , Est Remaining: 283.2
139 189.3 , Est Remaining: 281.8
140 190.6 , Est Remaining: 280.5
141 192.0 , Est Remaining: 279.1
142 193.3 , Est Remaining: 277.7
143 194.7 , Est Remaining: 276.4
144 196.1 , Est Remaining: 275.0
145 197.4 , Est Remaining: 273.7
146 198.8 , Est Remaining: 272.3
147 200.1 , Est Remaining: 270.9
148 201.5 , Est Remaining: 269.6
149 202.9 , Est Remaining: 268.2
150 204.2 , Est Remaining: 266.8
151 205.6 , Est Remaining: 265.5
152 206.9 , Est Remaining: 264.1
153 208.3 , Est Remaining: 262.8
154 209.7 , Est Remaining: 261.4
155 211.0 , Est Remaining: 260.1
156 212.4 , Est Remaining: 258.7
157 213.8 , Est Remaining: 257.3
158 215.1 , Est Remaining: 255.9
159 216.5 , Est Remaining: 254.6
160 217.8 , Est Remaining: 253.2
161 219.1 , Est Remaining: 251.8
162 220.5 , Est Remaining: 250.5
163 221.9 , Est Remaining: 249.1
164 223.3 , Est Remaining: 247.8
165 224.6 , Est Remaining: 246.4
166 226.0 , Est Remaining: 245.0
167 227.3 , Est Remaining: 243.7
168 228.7 , Est Remaining: 242.3
EVENT FAILED
168 229.0 , Est Remaining: 242.6
169 230.3 , Est Remaining: 241.2
170 231.7 , Est Remaining: 239.9
171 233.0 , Est Remaining: 238.5
172 234.4 , Est Remaining: 237.1
173 235.7 , Est Remaining: 235.7
174 237.1 , Est Remaining: 234.4
175 238.4 , Est Remaining: 233.0
176 239.8 , Est Remaining: 231.6
177 241.1 , Est Remaining: 230.2
178 242.5 , Est Remaining: 228.9
179 243.8 , Est Remaining: 227.5
180 245.2 , Est Remaining: 226.1
181 246.5 , Est Remaining: 224.7
182 247.9 , Est Remaining: 223.4
183 249.2 , Est Remaining: 222.0
184 250.6 , Est Remaining: 220.6
185 251.9 , Est Remaining: 219.3
186 253.3 , Est Remaining: 217.9
187 254.7 , Est Remaining: 216.5
188 256.0 , Est Remaining: 215.2
189 257.3 , Est Remaining: 213.8
190 258.7 , Est Remaining: 212.4
191 260.0 , Est Remaining: 211.0
192 261.4 , Est Remaining: 209.7
193 262.8 , Est Remaining: 208.3
194 264.1 , Est Remaining: 206.9
195 265.5 , Est Remaining: 205.6
EVENT FAILED
195 265.8 , Est Remaining: 205.8
196 267.1 , Est Remaining: 204.4
197 268.5 , Est Remaining: 203.1
198 269.8 , Est Remaining: 201.7
199 271.2 , Est Remaining: 200.3
200 272.6 , Est Remaining: 199.0
201 273.9 , Est Remaining: 197.6
202 275.3 , Est Remaining: 196.2
203 276.7 , Est Remaining: 194.9
204 278.1 , Est Remaining: 193.6
205 279.4 , Est Remaining: 192.2
206 280.8 , Est Remaining: 190.8
207 282.2 , Est Remaining: 189.5
208 283.5 , Est Remaining: 188.1
209 284.9 , Est Remaining: 186.8
210 286.3 , Est Remaining: 185.4
211 287.6 , Est Remaining: 184.0
EVENT FAILED
211 287.9 , Est Remaining: 184.2
212 289.2 , Est Remaining: 182.8
213 290.6 , Est Remaining: 181.5
214 291.9 , Est Remaining: 180.1
215 293.3 , Est Remaining: 178.7
216 294.7 , Est Remaining: 177.3
217 296.0 , Est Remaining: 176.0
218 297.4 , Est Remaining: 174.6
219 298.7 , Est Remaining: 173.2
220 300.1 , Est Remaining: 171.9
221 301.5 , Est Remaining: 170.5
222 302.8 , Est Remaining: 169.1
223 304.2 , Est Remaining: 167.8
224 305.5 , Est Remaining: 166.4
225 306.9 , Est Remaining: 165.0
226 308.2 , Est Remaining: 163.7
227 309.6 , Est Remaining: 162.3
228 310.9 , Est Remaining: 160.9
229 312.3 , Est Remaining: 159.6
230 313.6 , Est Remaining: 158.2
231 315.0 , Est Remaining: 156.8
232 316.4 , Est Remaining: 155.5
233 317.7 , Est Remaining: 154.1
234 319.1 , Est Remaining: 152.7
235 320.4 , Est Remaining: 151.4
236 321.8 , Est Remaining: 150.0
237 323.1 , Est Remaining: 148.6
238 324.5 , Est Remaining: 147.2
239 325.8 , Est Remaining: 145.9
240 327.2 , Est Remaining: 144.5
241 328.5 , Est Remaining: 143.1
242 329.9 , Est Remaining: 141.8
243 331.2 , Est Remaining: 140.4
244 332.6 , Est Remaining: 139.0
245 333.9 , Est Remaining: 137.7
246 335.3 , Est Remaining: 136.3
247 336.6 , Est Remaining: 134.9
248 338.0 , Est Remaining: 133.6
249 339.4 , Est Remaining: 132.2
250 340.7 , Est Remaining: 130.8
251 342.1 , Est Remaining: 129.5
252 343.4 , Est Remaining: 128.1
253 344.8 , Est Remaining: 126.7
254 346.1 , Est Remaining: 125.4
255 347.5 , Est Remaining: 124.0
256 348.9 , Est Remaining: 122.6
257 350.2 , Est Remaining: 121.3
258 351.6 , Est Remaining: 119.9
259 352.9 , Est Remaining: 118.6
260 354.3 , Est Remaining: 117.2
261 355.6 , Est Remaining: 115.8
262 357.0 , Est Remaining: 114.5
263 358.4 , Est Remaining: 113.1
264 359.7 , Est Remaining: 111.7
EVENT FAILED
264 360.0 , Est Remaining: 111.8
265 361.4 , Est Remaining: 110.5
266 362.7 , Est Remaining: 109.1
EVENT FAILED
266 363.0 , Est Remaining: 109.2
267 364.4 , Est Remaining: 107.8
268 365.7 , Est Remaining: 106.4
269 367.1 , Est Remaining: 105.1
270 368.4 , Est Remaining: 103.7
271 369.8 , Est Remaining: 102.3
272 371.1 , Est Remaining: 101.0
273 372.5 , Est Remaining: 99.6
274 373.9 , Est Remaining: 98.2
275 375.2 , Est Remaining: 96.9
276 376.6 , Est Remaining: 95.5
277 378.0 , Est Remaining: 94.2
278 379.3 , Est Remaining: 92.8
279 380.7 , Est Remaining: 91.4
280 382.1 , Est Remaining: 90.1
281 383.3 , Est Remaining: 88.7
282 384.7 , Est Remaining: 87.3
283 386.0 , Est Remaining: 85.9
284 387.4 , Est Remaining: 84.6
285 388.8 , Est Remaining: 83.2
286 390.1 , Est Remaining: 81.8
287 391.6 , Est Remaining: 80.5
288 393.0 , Est Remaining: 79.1
289 394.3 , Est Remaining: 77.8
290 395.7 , Est Remaining: 76.4
291 397.0 , Est Remaining: 75.0
292 398.4 , Est Remaining: 73.7
293 399.7 , Est Remaining: 72.3
294 401.1 , Est Remaining: 70.9
295 402.4 , Est Remaining: 69.6
296 403.8 , Est Remaining: 68.2
297 405.1 , Est Remaining: 66.8
298 406.5 , Est Remaining: 65.5
299 407.9 , Est Remaining: 64.1
300 409.2 , Est Remaining: 62.7
301 410.7 , Est Remaining: 61.4
302 412.1 , Est Remaining: 60.0
303 413.5 , Est Remaining: 58.7
304 414.8 , Est Remaining: 57.3
305 416.2 , Est Remaining: 55.9
306 417.5 , Est Remaining: 54.6
307 418.9 , Est Remaining: 53.2
308 420.2 , Est Remaining: 51.8
309 421.6 , Est Remaining: 50.5
310 422.9 , Est Remaining: 49.1
311 424.3 , Est Remaining: 47.7
EVENT FAILED
311 424.6 , Est Remaining: 47.8
312 425.9 , Est Remaining: 46.4
313 427.2 , Est Remaining: 45.0
314 428.6 , Est Remaining: 43.7
315 429.9 , Est Remaining: 42.3
316 431.3 , Est Remaining: 40.9
317 432.6 , Est Remaining: 39.6
318 434.0 , Est Remaining: 38.2
319 435.3 , Est Remaining: 36.8
320 436.7 , Est Remaining: 35.5
321 438.0 , Est Remaining: 34.1
322 439.4 , Est Remaining: 32.8
323 440.8 , Est Remaining: 31.4
324 442.1 , Est Remaining: 30.0
325 443.5 , Est Remaining: 28.7
326 444.9 , Est Remaining: 27.3
327 446.2 , Est Remaining: 25.9
EVENT FAILED
327 446.5 , Est Remaining: 25.9
328 447.8 , Est Remaining: 24.6
329 449.1 , Est Remaining: 23.2
330 450.4 , Est Remaining: 21.8
331 451.8 , Est Remaining: 20.5
332 453.0 , Est Remaining: 19.1
333 454.4 , Est Remaining: 17.7
334 455.6 , Est Remaining: 16.4
335 456.9 , Est Remaining: 15.0
336 458.2 , Est Remaining: 13.6
