Note: NumExpr detected 32 cores but "NUMEXPR_MAX_THREADS" not set, so enforcing safe limit of 8.
Using selector: EpollSelector
/n/home02/jhaefner/miniconda/envs/IC-3.7-2020-06-16/lib/python3.7/site-packages/scipy/optimize/minpack.py:808: OptimizeWarning: Covariance of the parameters could not be estimated
  category=OptimizeWarning)
Total rwfs: 346
0 0.0 , Est Remaining: 999999.9
1 1.3 , Est Remaining: 458.0
2 2.7 , Est Remaining: 457.9
3 4.0 , Est Remaining: 458.1
4 5.3 , Est Remaining: 456.7
5 6.6 , Est Remaining: 453.2
6 8.0 , Est Remaining: 450.6
7 9.3 , Est Remaining: 448.5
8 10.6 , Est Remaining: 447.6
9 11.9 , Est Remaining: 445.8
10 13.2 , Est Remaining: 444.4
11 14.5 , Est Remaining: 442.9
12 15.8 , Est Remaining: 441.1
13 17.2 , Est Remaining: 439.4
14 18.5 , Est Remaining: 438.9
15 19.8 , Est Remaining: 437.0
16 21.1 , Est Remaining: 435.6
17 22.4 , Est Remaining: 434.2
18 23.8 , Est Remaining: 433.1
19 25.1 , Est Remaining: 432.0
20 26.4 , Est Remaining: 430.6
21 27.7 , Est Remaining: 429.2
22 29.0 , Est Remaining: 427.7
23 30.4 , Est Remaining: 426.4
24 31.7 , Est Remaining: 425.6
25 33.1 , Est Remaining: 424.8
26 34.4 , Est Remaining: 423.7
27 35.8 , Est Remaining: 422.6
28 37.1 , Est Remaining: 421.3
29 38.5 , Est Remaining: 420.3
30 39.8 , Est Remaining: 419.2
31 41.1 , Est Remaining: 418.1
32 42.5 , Est Remaining: 416.9
33 43.8 , Est Remaining: 415.5
34 45.2 , Est Remaining: 414.5
35 46.5 , Est Remaining: 413.2
36 47.8 , Est Remaining: 411.9
37 49.2 , Est Remaining: 410.7
38 50.5 , Est Remaining: 409.5
39 51.9 , Est Remaining: 408.2
40 53.2 , Est Remaining: 406.9
41 54.5 , Est Remaining: 405.5
42 55.8 , Est Remaining: 404.1
43 57.2 , Est Remaining: 402.7
44 58.5 , Est Remaining: 401.6
45 59.8 , Est Remaining: 400.3
46 61.2 , Est Remaining: 399.1
47 62.5 , Est Remaining: 397.7
48 63.9 , Est Remaining: 396.5
49 65.2 , Est Remaining: 395.3
50 66.5 , Est Remaining: 393.8
51 67.9 , Est Remaining: 392.6
52 69.2 , Est Remaining: 391.3
53 70.5 , Est Remaining: 390.0
54 71.9 , Est Remaining: 388.7
55 73.2 , Est Remaining: 387.5
56 74.6 , Est Remaining: 386.2
57 75.9 , Est Remaining: 384.9
58 77.3 , Est Remaining: 383.6
59 78.6 , Est Remaining: 382.4
EVENT FAILED
59 78.9 , Est Remaining: 383.8
60 80.3 , Est Remaining: 382.5
61 81.6 , Est Remaining: 381.2
62 82.9 , Est Remaining: 379.8
63 84.3 , Est Remaining: 378.5
64 85.6 , Est Remaining: 377.2
65 87.0 , Est Remaining: 375.9
66 88.3 , Est Remaining: 374.6
67 89.6 , Est Remaining: 373.2
68 91.0 , Est Remaining: 371.8
69 92.3 , Est Remaining: 370.5
EVENT FAILED
69 92.6 , Est Remaining: 371.7
70 93.9 , Est Remaining: 370.4
71 95.3 , Est Remaining: 369.0
72 96.6 , Est Remaining: 367.7
73 98.0 , Est Remaining: 366.4
74 99.3 , Est Remaining: 365.1
75 100.7 , Est Remaining: 363.7
76 102.0 , Est Remaining: 362.3
77 103.3 , Est Remaining: 360.9
78 104.6 , Est Remaining: 359.6
79 106.0 , Est Remaining: 358.1
80 107.3 , Est Remaining: 356.7
81 108.6 , Est Remaining: 355.3
82 109.9 , Est Remaining: 353.9
83 111.2 , Est Remaining: 352.5
84 112.6 , Est Remaining: 351.1
85 113.9 , Est Remaining: 349.7
86 115.2 , Est Remaining: 348.3
87 116.6 , Est Remaining: 347.1
88 117.9 , Est Remaining: 345.7
89 119.3 , Est Remaining: 344.4
90 120.6 , Est Remaining: 343.0
91 121.9 , Est Remaining: 341.7
92 123.3 , Est Remaining: 340.3
93 124.6 , Est Remaining: 339.0
94 125.9 , Est Remaining: 337.6
95 127.3 , Est Remaining: 336.3
96 128.6 , Est Remaining: 335.0
97 130.0 , Est Remaining: 333.7
98 131.3 , Est Remaining: 332.4
99 132.7 , Est Remaining: 331.0
100 134.0 , Est Remaining: 329.7
101 135.4 , Est Remaining: 328.4
102 136.7 , Est Remaining: 327.1
103 138.1 , Est Remaining: 325.9
104 139.5 , Est Remaining: 324.6
105 140.8 , Est Remaining: 323.2
106 142.2 , Est Remaining: 321.9
107 143.5 , Est Remaining: 320.6
108 144.9 , Est Remaining: 319.2
109 146.2 , Est Remaining: 317.9
110 147.5 , Est Remaining: 316.5
111 148.9 , Est Remaining: 315.2
112 150.2 , Est Remaining: 313.9
113 151.6 , Est Remaining: 312.5
114 152.9 , Est Remaining: 311.2
115 154.2 , Est Remaining: 309.8
116 155.6 , Est Remaining: 308.5
117 156.9 , Est Remaining: 307.1
118 158.3 , Est Remaining: 305.8
119 159.6 , Est Remaining: 304.4
120 160.9 , Est Remaining: 303.1
121 162.3 , Est Remaining: 301.7
122 163.6 , Est Remaining: 300.4
123 164.9 , Est Remaining: 299.0
124 166.3 , Est Remaining: 297.7
125 167.6 , Est Remaining: 296.3
126 168.9 , Est Remaining: 295.0
127 170.3 , Est Remaining: 293.6
128 171.6 , Est Remaining: 292.3
EVENT FAILED
128 171.9 , Est Remaining: 292.8
129 173.2 , Est Remaining: 291.4
130 174.6 , Est Remaining: 290.0
131 175.9 , Est Remaining: 288.7
132 177.3 , Est Remaining: 287.4
133 178.6 , Est Remaining: 286.0
134 179.9 , Est Remaining: 284.7
135 181.3 , Est Remaining: 283.3
136 182.6 , Est Remaining: 281.9
137 183.9 , Est Remaining: 280.6
138 185.3 , Est Remaining: 279.2
139 186.6 , Est Remaining: 277.9
140 187.9 , Est Remaining: 276.5
141 189.2 , Est Remaining: 275.1
142 190.6 , Est Remaining: 273.8
143 191.9 , Est Remaining: 272.4
144 193.2 , Est Remaining: 271.1
145 194.6 , Est Remaining: 269.7
146 195.9 , Est Remaining: 268.3
147 197.2 , Est Remaining: 267.0
148 198.5 , Est Remaining: 265.6
149 199.9 , Est Remaining: 264.3
150 201.2 , Est Remaining: 262.9
151 202.6 , Est Remaining: 261.6
152 203.9 , Est Remaining: 260.2
153 205.2 , Est Remaining: 258.9
154 206.5 , Est Remaining: 257.5
155 207.9 , Est Remaining: 256.2
156 209.2 , Est Remaining: 254.8
157 210.6 , Est Remaining: 253.5
158 211.9 , Est Remaining: 252.1
159 213.2 , Est Remaining: 250.7
160 214.5 , Est Remaining: 249.3
161 215.8 , Est Remaining: 248.0
162 217.2 , Est Remaining: 246.7
163 218.5 , Est Remaining: 245.3
164 219.8 , Est Remaining: 243.9
165 221.1 , Est Remaining: 242.6
166 222.5 , Est Remaining: 241.2
167 223.8 , Est Remaining: 239.9
168 225.1 , Est Remaining: 238.5
169 226.5 , Est Remaining: 237.2
170 227.8 , Est Remaining: 235.8
171 229.1 , Est Remaining: 234.5
172 230.5 , Est Remaining: 233.1
173 231.8 , Est Remaining: 231.8
174 233.1 , Est Remaining: 230.4
175 234.4 , Est Remaining: 229.1
176 235.8 , Est Remaining: 227.7
177 237.1 , Est Remaining: 226.4
178 238.5 , Est Remaining: 225.1
179 239.8 , Est Remaining: 223.7
180 241.2 , Est Remaining: 222.4
181 242.5 , Est Remaining: 221.0
182 243.8 , Est Remaining: 219.7
EVENT FAILED
182 244.1 , Est Remaining: 220.0
183 245.5 , Est Remaining: 218.6
184 246.8 , Est Remaining: 217.3
185 248.1 , Est Remaining: 215.9
186 249.5 , Est Remaining: 214.6
187 250.8 , Est Remaining: 213.3
188 252.1 , Est Remaining: 211.9
189 253.5 , Est Remaining: 210.6
190 254.8 , Est Remaining: 209.2
191 256.1 , Est Remaining: 207.9
192 257.5 , Est Remaining: 206.5
193 258.8 , Est Remaining: 205.2
194 260.1 , Est Remaining: 203.8
195 261.5 , Est Remaining: 202.5
196 262.8 , Est Remaining: 201.1
197 264.1 , Est Remaining: 199.8
198 265.5 , Est Remaining: 198.4
199 266.8 , Est Remaining: 197.1
200 268.2 , Est Remaining: 195.8
201 269.5 , Est Remaining: 194.4
202 270.8 , Est Remaining: 193.1
203 272.2 , Est Remaining: 191.8
204 273.6 , Est Remaining: 190.4
205 274.9 , Est Remaining: 189.1
206 276.2 , Est Remaining: 187.7
207 277.6 , Est Remaining: 186.4
208 278.9 , Est Remaining: 185.0
209 280.3 , Est Remaining: 183.7
210 281.6 , Est Remaining: 182.4
211 282.9 , Est Remaining: 181.0
212 284.2 , Est Remaining: 179.7
EVENT FAILED
212 284.5 , Est Remaining: 179.8
213 285.8 , Est Remaining: 178.5
214 287.2 , Est Remaining: 177.1
215 288.5 , Est Remaining: 175.8
216 289.8 , Est Remaining: 174.4
217 291.2 , Est Remaining: 173.1
218 292.5 , Est Remaining: 171.8
219 293.8 , Est Remaining: 170.4
220 295.2 , Est Remaining: 169.1
221 296.5 , Est Remaining: 167.7
222 297.8 , Est Remaining: 166.3
223 299.1 , Est Remaining: 165.0
224 300.4 , Est Remaining: 163.6
225 301.7 , Est Remaining: 162.3
226 303.1 , Est Remaining: 160.9
227 304.4 , Est Remaining: 159.6
228 305.7 , Est Remaining: 158.2
229 307.0 , Est Remaining: 156.9
230 308.4 , Est Remaining: 155.5
231 309.7 , Est Remaining: 154.2
232 311.0 , Est Remaining: 152.8
233 312.3 , Est Remaining: 151.5
234 313.7 , Est Remaining: 150.1
235 315.0 , Est Remaining: 148.8
EVENT FAILED
235 315.3 , Est Remaining: 148.9
236 316.6 , Est Remaining: 147.6
237 317.9 , Est Remaining: 146.2
238 319.2 , Est Remaining: 144.9
239 320.6 , Est Remaining: 143.5
240 321.9 , Est Remaining: 142.2
241 323.2 , Est Remaining: 140.8
242 324.6 , Est Remaining: 139.5
243 325.9 , Est Remaining: 138.1
244 327.2 , Est Remaining: 136.8
245 328.5 , Est Remaining: 135.4
246 329.8 , Est Remaining: 134.1
247 331.2 , Est Remaining: 132.7
248 332.5 , Est Remaining: 131.4
249 333.8 , Est Remaining: 130.0
250 335.1 , Est Remaining: 128.7
251 336.4 , Est Remaining: 127.3
252 337.7 , Est Remaining: 126.0
253 339.1 , Est Remaining: 124.6
254 340.4 , Est Remaining: 123.3
255 341.7 , Est Remaining: 121.9
256 343.0 , Est Remaining: 120.6
257 344.3 , Est Remaining: 119.2
258 345.6 , Est Remaining: 117.9
259 347.0 , Est Remaining: 116.5
260 348.3 , Est Remaining: 115.2
261 349.6 , Est Remaining: 113.9
262 350.9 , Est Remaining: 112.5
263 352.2 , Est Remaining: 111.2
264 353.5 , Est Remaining: 109.8
265 354.9 , Est Remaining: 108.5
266 356.2 , Est Remaining: 107.1
267 357.5 , Est Remaining: 105.8
268 358.8 , Est Remaining: 104.4
269 360.1 , Est Remaining: 103.1
270 361.5 , Est Remaining: 101.7
271 362.8 , Est Remaining: 100.4
272 364.1 , Est Remaining: 99.1
273 365.4 , Est Remaining: 97.7
274 366.8 , Est Remaining: 96.4
275 368.1 , Est Remaining: 95.0
276 369.4 , Est Remaining: 93.7
277 370.7 , Est Remaining: 92.3
278 372.0 , Est Remaining: 91.0
279 373.3 , Est Remaining: 89.7
280 374.6 , Est Remaining: 88.3
281 376.0 , Est Remaining: 87.0
282 377.3 , Est Remaining: 85.6
283 378.6 , Est Remaining: 84.3
284 379.9 , Est Remaining: 82.9
285 381.3 , Est Remaining: 81.6
286 382.6 , Est Remaining: 80.3
287 383.9 , Est Remaining: 78.9
288 385.5 , Est Remaining: 77.6
EVENT FAILED
288 385.8 , Est Remaining: 77.7
289 387.2 , Est Remaining: 76.4
290 388.5 , Est Remaining: 75.0
291 389.8 , Est Remaining: 73.7
292 391.1 , Est Remaining: 72.3
293 392.5 , Est Remaining: 71.0
294 393.8 , Est Remaining: 69.6
295 395.1 , Est Remaining: 68.3
EVENT FAILED
295 395.4 , Est Remaining: 68.4
296 396.7 , Est Remaining: 67.0
297 398.0 , Est Remaining: 65.7
298 399.4 , Est Remaining: 64.3
299 400.7 , Est Remaining: 63.0
300 402.0 , Est Remaining: 61.6
301 403.4 , Est Remaining: 60.3
302 404.8 , Est Remaining: 59.0
303 406.1 , Est Remaining: 57.6
304 407.5 , Est Remaining: 56.3
305 408.8 , Est Remaining: 55.0
306 410.1 , Est Remaining: 53.6
307 411.4 , Est Remaining: 52.3
308 412.7 , Est Remaining: 50.9
309 414.0 , Est Remaining: 49.6
310 415.4 , Est Remaining: 48.2
311 416.7 , Est Remaining: 46.9
312 418.0 , Est Remaining: 45.6
313 419.3 , Est Remaining: 44.2
314 420.6 , Est Remaining: 42.9
315 421.9 , Est Remaining: 41.5
316 423.3 , Est Remaining: 40.2
317 424.6 , Est Remaining: 38.8
318 425.9 , Est Remaining: 37.5
319 427.2 , Est Remaining: 36.2
320 428.6 , Est Remaining: 34.8
321 429.9 , Est Remaining: 33.5
322 431.2 , Est Remaining: 32.1
323 432.5 , Est Remaining: 30.8
324 433.8 , Est Remaining: 29.5
325 435.1 , Est Remaining: 28.1
326 436.5 , Est Remaining: 26.8
327 437.8 , Est Remaining: 25.4
328 439.1 , Est Remaining: 24.1
329 440.4 , Est Remaining: 22.8
330 441.7 , Est Remaining: 21.4
331 443.0 , Est Remaining: 20.1
332 444.3 , Est Remaining: 18.7
333 445.6 , Est Remaining: 17.4
334 446.9 , Est Remaining: 16.1
335 448.2 , Est Remaining: 14.7
336 449.5 , Est Remaining: 13.4
337 450.8 , Est Remaining: 12.0
