Note: NumExpr detected 32 cores but "NUMEXPR_MAX_THREADS" not set, so enforcing safe limit of 8.
Using selector: EpollSelector
/n/home02/jhaefner/miniconda/envs/IC-3.7-2020-06-16/lib/python3.7/site-packages/scipy/optimize/minpack.py:808: OptimizeWarning: Covariance of the parameters could not be estimated
  category=OptimizeWarning)
Total rwfs: 346
0 0.0 , Est Remaining: 999999.9
1 1.4 , Est Remaining: 493.5
2 2.8 , Est Remaining: 484.8
3 4.2 , Est Remaining: 483.8
4 5.6 , Est Remaining: 480.5
5 7.0 , Est Remaining: 476.2
6 8.4 , Est Remaining: 473.3
EVENT FAILED
6 8.7 , Est Remaining: 490.8
7 10.0 , Est Remaining: 484.4
8 11.3 , Est Remaining: 478.8
9 12.7 , Est Remaining: 474.3
10 14.0 , Est Remaining: 470.7
11 15.3 , Est Remaining: 467.2
12 16.7 , Est Remaining: 464.0
13 18.0 , Est Remaining: 461.3
14 19.3 , Est Remaining: 458.7
15 20.7 , Est Remaining: 456.5
16 22.0 , Est Remaining: 454.6
17 23.4 , Est Remaining: 452.3
18 24.7 , Est Remaining: 450.1
19 26.0 , Est Remaining: 448.2
20 27.4 , Est Remaining: 446.2
21 28.7 , Est Remaining: 444.2
22 30.0 , Est Remaining: 442.5
23 31.4 , Est Remaining: 440.5
24 32.7 , Est Remaining: 438.6
25 34.0 , Est Remaining: 436.7
26 35.4 , Est Remaining: 435.2
27 36.7 , Est Remaining: 433.5
28 38.0 , Est Remaining: 431.9
29 39.4 , Est Remaining: 430.2
30 40.7 , Est Remaining: 428.7
31 42.0 , Est Remaining: 427.2
32 43.4 , Est Remaining: 425.6
33 44.7 , Est Remaining: 424.0
34 46.0 , Est Remaining: 422.5
35 47.4 , Est Remaining: 421.0
36 48.7 , Est Remaining: 419.5
37 50.0 , Est Remaining: 418.0
38 51.4 , Est Remaining: 416.4
39 52.7 , Est Remaining: 414.8
40 54.0 , Est Remaining: 413.3
41 55.3 , Est Remaining: 411.7
42 56.7 , Est Remaining: 410.2
43 58.0 , Est Remaining: 408.6
44 59.3 , Est Remaining: 407.1
45 60.6 , Est Remaining: 405.6
46 62.0 , Est Remaining: 404.1
47 63.3 , Est Remaining: 402.6
48 64.6 , Est Remaining: 401.1
49 65.9 , Est Remaining: 399.7
50 67.1 , Est Remaining: 397.5
51 68.5 , Est Remaining: 396.1
52 69.8 , Est Remaining: 394.8
53 71.2 , Est Remaining: 393.5
54 72.5 , Est Remaining: 392.2
55 73.9 , Est Remaining: 390.9
56 75.2 , Est Remaining: 389.7
57 76.6 , Est Remaining: 388.4
58 77.9 , Est Remaining: 387.0
59 79.3 , Est Remaining: 385.7
EVENT FAILED
59 79.6 , Est Remaining: 387.1
60 81.0 , Est Remaining: 386.1
61 82.4 , Est Remaining: 384.9
62 83.7 , Est Remaining: 383.6
63 85.1 , Est Remaining: 382.3
64 86.5 , Est Remaining: 381.0
65 87.8 , Est Remaining: 379.7
66 89.2 , Est Remaining: 378.3
67 90.6 , Est Remaining: 377.1
68 91.9 , Est Remaining: 375.7
69 93.3 , Est Remaining: 374.5
70 94.6 , Est Remaining: 373.2
71 96.0 , Est Remaining: 371.9
72 97.4 , Est Remaining: 370.6
73 98.8 , Est Remaining: 369.3
74 100.1 , Est Remaining: 368.1
75 101.5 , Est Remaining: 366.9
76 102.9 , Est Remaining: 365.6
77 104.3 , Est Remaining: 364.4
78 105.7 , Est Remaining: 363.2
79 107.1 , Est Remaining: 362.0
80 108.5 , Est Remaining: 360.7
81 109.9 , Est Remaining: 359.5
82 111.3 , Est Remaining: 358.2
83 112.6 , Est Remaining: 356.9
84 114.0 , Est Remaining: 355.7
85 115.4 , Est Remaining: 354.5
86 116.8 , Est Remaining: 353.2
87 118.2 , Est Remaining: 351.9
88 119.6 , Est Remaining: 350.7
89 121.0 , Est Remaining: 349.5
90 122.4 , Est Remaining: 348.3
91 123.8 , Est Remaining: 347.0
92 125.2 , Est Remaining: 345.8
93 126.7 , Est Remaining: 344.5
94 128.0 , Est Remaining: 343.3
EVENT FAILED
94 128.4 , Est Remaining: 344.1
95 129.7 , Est Remaining: 342.8
96 131.2 , Est Remaining: 341.6
EVENT FAILED
96 131.5 , Est Remaining: 342.3
97 132.9 , Est Remaining: 341.1
98 134.3 , Est Remaining: 339.8
99 135.7 , Est Remaining: 338.5
100 137.1 , Est Remaining: 337.2
101 138.5 , Est Remaining: 336.0
102 139.9 , Est Remaining: 334.7
103 141.4 , Est Remaining: 333.7
104 142.8 , Est Remaining: 332.4
105 144.2 , Est Remaining: 331.1
106 145.7 , Est Remaining: 329.8
107 147.1 , Est Remaining: 328.5
108 148.5 , Est Remaining: 327.2
109 149.9 , Est Remaining: 325.9
110 151.3 , Est Remaining: 324.7
111 152.8 , Est Remaining: 323.4
112 154.2 , Est Remaining: 322.1
113 155.6 , Est Remaining: 320.9
114 157.0 , Est Remaining: 319.6
115 158.4 , Est Remaining: 318.3
116 159.9 , Est Remaining: 317.0
117 161.3 , Est Remaining: 315.6
118 162.7 , Est Remaining: 314.4
119 164.1 , Est Remaining: 313.1
120 165.6 , Est Remaining: 311.8
121 167.0 , Est Remaining: 310.5
122 168.4 , Est Remaining: 309.1
123 169.8 , Est Remaining: 307.8
124 171.2 , Est Remaining: 306.5
125 172.6 , Est Remaining: 305.2
126 174.0 , Est Remaining: 303.9
127 175.5 , Est Remaining: 302.6
128 176.9 , Est Remaining: 301.3
129 178.3 , Est Remaining: 300.0
130 179.8 , Est Remaining: 298.7
131 181.2 , Est Remaining: 297.4
132 182.6 , Est Remaining: 296.1
133 184.0 , Est Remaining: 294.7
134 185.4 , Est Remaining: 293.4
135 186.9 , Est Remaining: 292.0
136 188.3 , Est Remaining: 290.7
137 189.7 , Est Remaining: 289.4
138 191.1 , Est Remaining: 288.0
139 192.5 , Est Remaining: 286.7
140 193.9 , Est Remaining: 285.4
141 195.4 , Est Remaining: 284.0
142 196.8 , Est Remaining: 282.7
143 198.2 , Est Remaining: 281.3
144 199.6 , Est Remaining: 280.0
145 201.0 , Est Remaining: 278.7
146 202.5 , Est Remaining: 277.4
EVENT FAILED
146 202.8 , Est Remaining: 277.8
147 204.2 , Est Remaining: 276.4
148 205.6 , Est Remaining: 275.1
149 207.0 , Est Remaining: 273.7
150 208.4 , Est Remaining: 272.4
151 209.9 , Est Remaining: 271.0
152 211.3 , Est Remaining: 269.7
153 212.7 , Est Remaining: 268.3
154 214.2 , Est Remaining: 267.0
155 215.6 , Est Remaining: 265.7
156 217.0 , Est Remaining: 264.3
157 218.4 , Est Remaining: 263.0
158 219.9 , Est Remaining: 261.6
159 221.3 , Est Remaining: 260.3
160 222.7 , Est Remaining: 258.9
161 224.2 , Est Remaining: 257.6
162 225.6 , Est Remaining: 256.2
163 227.0 , Est Remaining: 254.9
164 228.5 , Est Remaining: 253.5
165 229.9 , Est Remaining: 252.2
166 231.3 , Est Remaining: 250.8
167 232.7 , Est Remaining: 249.5
168 234.2 , Est Remaining: 248.1
169 235.6 , Est Remaining: 246.8
170 237.0 , Est Remaining: 245.4
171 238.5 , Est Remaining: 244.1
172 239.9 , Est Remaining: 242.7
173 241.3 , Est Remaining: 241.3
174 242.8 , Est Remaining: 240.0
175 244.2 , Est Remaining: 238.6
176 245.6 , Est Remaining: 237.3
177 247.1 , Est Remaining: 235.9
178 248.5 , Est Remaining: 234.5
179 250.0 , Est Remaining: 233.2
180 251.4 , Est Remaining: 231.8
181 252.8 , Est Remaining: 230.5
182 254.2 , Est Remaining: 229.1
EVENT FAILED
182 254.5 , Est Remaining: 229.4
183 256.0 , Est Remaining: 228.0
184 257.5 , Est Remaining: 226.7
185 258.9 , Est Remaining: 225.3
186 260.3 , Est Remaining: 223.9
187 261.8 , Est Remaining: 222.6
188 263.2 , Est Remaining: 221.2
189 264.6 , Est Remaining: 219.8
190 266.0 , Est Remaining: 218.4
191 267.5 , Est Remaining: 217.0
192 268.9 , Est Remaining: 215.6
193 270.3 , Est Remaining: 214.3
194 271.7 , Est Remaining: 212.9
195 273.1 , Est Remaining: 211.4
196 274.5 , Est Remaining: 210.0
197 275.9 , Est Remaining: 208.6
198 277.3 , Est Remaining: 207.2
199 278.7 , Est Remaining: 205.9
200 280.1 , Est Remaining: 204.5
201 281.5 , Est Remaining: 203.1
202 283.0 , Est Remaining: 201.7
203 284.5 , Est Remaining: 200.4
204 285.9 , Est Remaining: 199.0
205 287.3 , Est Remaining: 197.6
206 288.8 , Est Remaining: 196.3
207 290.2 , Est Remaining: 194.9
208 291.7 , Est Remaining: 193.5
209 293.1 , Est Remaining: 192.1
210 294.5 , Est Remaining: 190.7
211 295.9 , Est Remaining: 189.3
212 297.3 , Est Remaining: 187.9
213 298.8 , Est Remaining: 186.6
214 300.2 , Est Remaining: 185.2
215 301.6 , Est Remaining: 183.8
216 303.0 , Est Remaining: 182.4
217 304.4 , Est Remaining: 181.0
218 305.8 , Est Remaining: 179.6
219 307.2 , Est Remaining: 178.2
220 308.6 , Est Remaining: 176.7
221 310.0 , Est Remaining: 175.3
222 311.4 , Est Remaining: 173.9
223 312.8 , Est Remaining: 172.5
224 314.3 , Est Remaining: 171.2
225 315.7 , Est Remaining: 169.8
226 317.1 , Est Remaining: 168.4
227 318.5 , Est Remaining: 167.0
228 319.9 , Est Remaining: 165.6
229 321.3 , Est Remaining: 164.2
230 322.7 , Est Remaining: 162.8
231 324.1 , Est Remaining: 161.3
232 325.5 , Est Remaining: 159.9
233 326.9 , Est Remaining: 158.6
234 328.3 , Est Remaining: 157.2
235 329.7 , Est Remaining: 155.7
236 331.2 , Est Remaining: 154.4
237 332.6 , Est Remaining: 153.0
238 334.0 , Est Remaining: 151.6
239 335.4 , Est Remaining: 150.2
240 336.9 , Est Remaining: 148.8
241 338.3 , Est Remaining: 147.4
EVENT FAILED
241 338.6 , Est Remaining: 147.5
242 340.0 , Est Remaining: 146.1
243 341.5 , Est Remaining: 144.7
244 342.9 , Est Remaining: 143.3
245 344.3 , Est Remaining: 141.9
246 345.7 , Est Remaining: 140.5
247 347.1 , Est Remaining: 139.1
248 348.5 , Est Remaining: 137.7
249 349.9 , Est Remaining: 136.3
250 351.3 , Est Remaining: 134.9
251 352.7 , Est Remaining: 133.5
252 354.2 , Est Remaining: 132.1
253 355.6 , Est Remaining: 130.7
254 357.0 , Est Remaining: 129.3
255 358.4 , Est Remaining: 127.9
256 359.8 , Est Remaining: 126.5
257 361.2 , Est Remaining: 125.1
258 362.6 , Est Remaining: 123.7
259 364.0 , Est Remaining: 122.3
260 365.4 , Est Remaining: 120.9
261 366.8 , Est Remaining: 119.5
262 368.2 , Est Remaining: 118.1
263 369.6 , Est Remaining: 116.7
264 371.0 , Est Remaining: 115.2
265 372.5 , Est Remaining: 113.8
266 373.9 , Est Remaining: 112.5
267 375.3 , Est Remaining: 111.0
268 376.8 , Est Remaining: 109.7
269 378.2 , Est Remaining: 108.3
270 379.6 , Est Remaining: 106.9
271 381.1 , Est Remaining: 105.5
272 382.5 , Est Remaining: 104.1
273 384.0 , Est Remaining: 102.7
274 385.4 , Est Remaining: 101.3
EVENT FAILED
274 385.7 , Est Remaining: 101.4
275 387.1 , Est Remaining: 100.0
276 388.6 , Est Remaining: 98.6
EVENT FAILED
276 388.9 , Est Remaining: 98.6
277 390.3 , Est Remaining: 97.2
278 391.8 , Est Remaining: 95.8
279 393.2 , Est Remaining: 94.4
280 394.6 , Est Remaining: 93.0
281 396.1 , Est Remaining: 91.6
282 397.5 , Est Remaining: 90.2
EVENT FAILED
282 397.8 , Est Remaining: 90.3
283 399.2 , Est Remaining: 88.9
284 400.6 , Est Remaining: 87.5
285 402.1 , Est Remaining: 86.1
286 403.5 , Est Remaining: 84.7
287 405.0 , Est Remaining: 83.2
288 406.4 , Est Remaining: 81.8
EVENT FAILED
288 406.7 , Est Remaining: 81.9
289 408.1 , Est Remaining: 80.5
290 409.6 , Est Remaining: 79.1
EVENT FAILED
290 409.9 , Est Remaining: 79.1
291 411.3 , Est Remaining: 77.7
292 412.8 , Est Remaining: 76.3
293 414.2 , Est Remaining: 74.9
294 415.6 , Est Remaining: 73.5
295 417.1 , Est Remaining: 72.1
296 418.5 , Est Remaining: 70.7
297 419.9 , Est Remaining: 69.3
EVENT FAILED
297 420.2 , Est Remaining: 69.3
298 421.7 , Est Remaining: 67.9
299 423.1 , Est Remaining: 66.5
300 424.6 , Est Remaining: 65.1
301 426.0 , Est Remaining: 63.7
302 427.6 , Est Remaining: 62.3
303 429.0 , Est Remaining: 60.9
304 430.4 , Est Remaining: 59.5
305 431.8 , Est Remaining: 58.1
306 433.3 , Est Remaining: 56.6
307 434.7 , Est Remaining: 55.2
308 436.1 , Est Remaining: 53.8
309 437.5 , Est Remaining: 52.4
310 439.0 , Est Remaining: 51.0
311 440.4 , Est Remaining: 49.6
312 441.8 , Est Remaining: 48.1
313 443.2 , Est Remaining: 46.7
314 444.6 , Est Remaining: 45.3
315 446.1 , Est Remaining: 43.9
316 447.5 , Est Remaining: 42.5
317 448.9 , Est Remaining: 41.1
318 450.3 , Est Remaining: 39.7
319 451.8 , Est Remaining: 38.2
320 453.2 , Est Remaining: 36.8
321 454.6 , Est Remaining: 35.4
322 456.1 , Est Remaining: 34.0
323 457.5 , Est Remaining: 32.6
324 458.9 , Est Remaining: 31.2
325 460.4 , Est Remaining: 29.7
EVENT FAILED
325 460.7 , Est Remaining: 29.8
326 462.1 , Est Remaining: 28.4
327 463.5 , Est Remaining: 26.9
328 465.0 , Est Remaining: 25.5
329 466.4 , Est Remaining: 24.1
330 467.9 , Est Remaining: 22.7
331 469.3 , Est Remaining: 21.3
