Note: NumExpr detected 32 cores but "NUMEXPR_MAX_THREADS" not set, so enforcing safe limit of 8.
Using selector: EpollSelector
/n/home02/jhaefner/miniconda/envs/IC-3.7-2020-06-16/lib/python3.7/site-packages/scipy/optimize/minpack.py:808: OptimizeWarning: Covariance of the parameters could not be estimated
  category=OptimizeWarning)
Total rwfs: 346
0 0.0 , Est Remaining: 999999.9
1 1.3 , Est Remaining: 458.8
2 2.6 , Est Remaining: 452.3
3 3.9 , Est Remaining: 449.3
4 5.2 , Est Remaining: 445.6
5 6.5 , Est Remaining: 441.1
6 7.8 , Est Remaining: 440.5
7 9.1 , Est Remaining: 438.6
8 10.3 , Est Remaining: 436.7
9 11.6 , Est Remaining: 434.4
10 12.9 , Est Remaining: 432.9
11 14.0 , Est Remaining: 427.4
12 15.3 , Est Remaining: 427.1
13 16.6 , Est Remaining: 426.4
14 18.0 , Est Remaining: 425.7
EVENT FAILED
14 18.2 , Est Remaining: 432.6
15 19.5 , Est Remaining: 431.1
16 20.8 , Est Remaining: 430.0
17 22.2 , Est Remaining: 428.8
18 23.5 , Est Remaining: 427.6
19 24.8 , Est Remaining: 426.6
20 26.1 , Est Remaining: 425.6
21 27.4 , Est Remaining: 424.6
22 28.7 , Est Remaining: 423.2
23 30.1 , Est Remaining: 422.1
24 31.3 , Est Remaining: 420.1
25 32.6 , Est Remaining: 419.2
26 34.0 , Est Remaining: 418.1
27 35.3 , Est Remaining: 416.9
28 36.6 , Est Remaining: 415.7
29 37.9 , Est Remaining: 414.6
30 39.3 , Est Remaining: 413.5
EVENT FAILED
30 39.5 , Est Remaining: 416.6
31 40.9 , Est Remaining: 415.2
32 42.2 , Est Remaining: 414.1
33 43.5 , Est Remaining: 412.8
34 44.8 , Est Remaining: 411.4
EVENT FAILED
34 45.1 , Est Remaining: 414.1
35 46.4 , Est Remaining: 412.7
36 47.8 , Est Remaining: 411.3
37 49.1 , Est Remaining: 409.9
38 50.4 , Est Remaining: 408.6
39 51.7 , Est Remaining: 407.1
40 53.0 , Est Remaining: 405.7
41 54.3 , Est Remaining: 404.3
42 55.7 , Est Remaining: 402.9
43 57.0 , Est Remaining: 401.4
44 58.3 , Est Remaining: 400.1
45 59.6 , Est Remaining: 398.9
46 61.0 , Est Remaining: 397.6
47 62.3 , Est Remaining: 396.3
48 63.6 , Est Remaining: 394.9
49 64.9 , Est Remaining: 393.6
50 66.3 , Est Remaining: 392.2
51 67.5 , Est Remaining: 390.6
52 68.9 , Est Remaining: 389.3
53 70.2 , Est Remaining: 388.0
54 71.5 , Est Remaining: 386.6
55 72.8 , Est Remaining: 385.3
56 74.2 , Est Remaining: 384.0
57 75.5 , Est Remaining: 382.7
58 76.8 , Est Remaining: 381.3
59 78.1 , Est Remaining: 380.0
60 79.4 , Est Remaining: 378.7
61 80.8 , Est Remaining: 377.3
62 82.1 , Est Remaining: 376.1
63 83.4 , Est Remaining: 374.7
64 84.8 , Est Remaining: 373.4
EVENT FAILED
64 85.7 , Est Remaining: 377.4
65 87.0 , Est Remaining: 376.0
66 88.3 , Est Remaining: 374.6
67 89.6 , Est Remaining: 373.2
68 90.9 , Est Remaining: 371.8
69 92.3 , Est Remaining: 370.4
70 93.6 , Est Remaining: 369.0
71 94.9 , Est Remaining: 367.6
72 96.2 , Est Remaining: 366.2
73 97.6 , Est Remaining: 364.8
74 98.9 , Est Remaining: 363.5
75 100.2 , Est Remaining: 362.1
76 101.5 , Est Remaining: 360.7
77 102.9 , Est Remaining: 359.3
EVENT FAILED
77 103.2 , Est Remaining: 360.5
78 104.5 , Est Remaining: 359.1
79 105.8 , Est Remaining: 357.7
80 107.1 , Est Remaining: 356.3
81 108.5 , Est Remaining: 354.9
82 109.8 , Est Remaining: 353.5
83 111.1 , Est Remaining: 352.1
84 112.5 , Est Remaining: 350.7
85 113.8 , Est Remaining: 349.4
86 115.1 , Est Remaining: 348.0
87 116.4 , Est Remaining: 346.6
88 117.8 , Est Remaining: 345.3
89 119.1 , Est Remaining: 343.9
90 120.4 , Est Remaining: 342.6
91 121.8 , Est Remaining: 341.3
92 123.1 , Est Remaining: 339.9
93 124.5 , Est Remaining: 338.6
94 125.7 , Est Remaining: 337.0
95 127.0 , Est Remaining: 335.7
96 128.4 , Est Remaining: 334.3
97 129.8 , Est Remaining: 333.2
98 131.1 , Est Remaining: 331.9
99 132.5 , Est Remaining: 330.5
100 133.8 , Est Remaining: 329.2
101 135.2 , Est Remaining: 327.9
102 136.6 , Est Remaining: 326.7
103 137.9 , Est Remaining: 325.3
104 139.2 , Est Remaining: 323.9
105 140.5 , Est Remaining: 322.5
106 141.9 , Est Remaining: 321.2
107 143.2 , Est Remaining: 319.8
108 144.5 , Est Remaining: 318.4
109 145.8 , Est Remaining: 317.0
110 147.1 , Est Remaining: 315.6
111 148.4 , Est Remaining: 314.3
112 149.8 , Est Remaining: 312.9
113 151.1 , Est Remaining: 311.5
114 152.4 , Est Remaining: 310.2
115 153.7 , Est Remaining: 308.8
116 155.0 , Est Remaining: 307.4
117 156.4 , Est Remaining: 306.1
118 157.7 , Est Remaining: 304.7
119 159.0 , Est Remaining: 303.3
120 160.3 , Est Remaining: 302.0
121 161.7 , Est Remaining: 300.6
122 163.0 , Est Remaining: 299.3
123 164.3 , Est Remaining: 297.9
EVENT FAILED
123 164.6 , Est Remaining: 298.5
124 166.0 , Est Remaining: 297.1
125 167.3 , Est Remaining: 295.8
126 168.6 , Est Remaining: 294.4
127 169.9 , Est Remaining: 293.0
128 171.2 , Est Remaining: 291.6
129 172.6 , Est Remaining: 290.3
130 173.9 , Est Remaining: 288.9
131 175.2 , Est Remaining: 287.5
132 176.5 , Est Remaining: 286.1
133 177.8 , Est Remaining: 284.8
134 179.2 , Est Remaining: 283.4
135 180.5 , Est Remaining: 282.1
136 181.8 , Est Remaining: 280.7
137 183.1 , Est Remaining: 279.4
138 184.5 , Est Remaining: 278.1
139 185.8 , Est Remaining: 276.7
140 187.1 , Est Remaining: 275.4
EVENT FAILED
140 187.4 , Est Remaining: 275.8
141 188.8 , Est Remaining: 274.5
142 190.1 , Est Remaining: 273.1
143 191.4 , Est Remaining: 271.8
144 192.8 , Est Remaining: 270.4
145 194.1 , Est Remaining: 269.1
146 195.4 , Est Remaining: 267.7
147 196.8 , Est Remaining: 266.4
148 198.1 , Est Remaining: 265.0
149 199.4 , Est Remaining: 263.6
150 200.7 , Est Remaining: 262.3
151 202.1 , Est Remaining: 260.9
152 203.4 , Est Remaining: 259.6
153 204.7 , Est Remaining: 258.2
154 206.0 , Est Remaining: 256.8
155 207.3 , Est Remaining: 255.5
156 208.7 , Est Remaining: 254.1
157 210.0 , Est Remaining: 252.8
158 211.3 , Est Remaining: 251.4
159 212.6 , Est Remaining: 250.0
160 213.9 , Est Remaining: 248.7
161 215.3 , Est Remaining: 247.4
162 216.6 , Est Remaining: 246.0
163 217.9 , Est Remaining: 244.7
164 219.2 , Est Remaining: 243.3
165 220.6 , Est Remaining: 242.0
166 221.9 , Est Remaining: 240.6
167 223.2 , Est Remaining: 239.3
168 224.5 , Est Remaining: 237.9
169 225.9 , Est Remaining: 236.6
170 227.2 , Est Remaining: 235.2
171 228.5 , Est Remaining: 233.9
172 229.9 , Est Remaining: 232.5
173 231.2 , Est Remaining: 231.2
174 232.5 , Est Remaining: 229.8
175 233.9 , Est Remaining: 228.5
176 235.2 , Est Remaining: 227.2
177 236.5 , Est Remaining: 225.8
178 237.8 , Est Remaining: 224.5
179 239.2 , Est Remaining: 223.1
180 240.5 , Est Remaining: 221.8
181 241.8 , Est Remaining: 220.4
EVENT FAILED
181 242.1 , Est Remaining: 220.7
182 243.4 , Est Remaining: 219.3
183 244.7 , Est Remaining: 218.0
184 246.1 , Est Remaining: 216.6
185 247.4 , Est Remaining: 215.3
186 248.7 , Est Remaining: 213.9
187 250.0 , Est Remaining: 212.6
188 251.3 , Est Remaining: 211.2
189 252.7 , Est Remaining: 209.9
190 254.0 , Est Remaining: 208.5
EVENT FAILED
190 254.3 , Est Remaining: 208.8
191 255.6 , Est Remaining: 207.4
192 256.9 , Est Remaining: 206.1
193 258.3 , Est Remaining: 204.7
194 259.6 , Est Remaining: 203.4
195 260.9 , Est Remaining: 202.0
196 262.3 , Est Remaining: 200.7
197 263.6 , Est Remaining: 199.4
198 264.9 , Est Remaining: 198.0
199 266.2 , Est Remaining: 196.7
200 267.5 , Est Remaining: 195.3
201 268.9 , Est Remaining: 194.0
202 270.3 , Est Remaining: 192.7
203 271.6 , Est Remaining: 191.3
204 272.9 , Est Remaining: 190.0
205 274.2 , Est Remaining: 188.6
206 275.5 , Est Remaining: 187.2
207 276.8 , Est Remaining: 185.9
208 278.1 , Est Remaining: 184.5
209 279.4 , Est Remaining: 183.2
210 280.9 , Est Remaining: 181.9
211 282.2 , Est Remaining: 180.6
212 283.5 , Est Remaining: 179.2
EVENT FAILED
212 283.8 , Est Remaining: 179.4
213 285.1 , Est Remaining: 178.0
214 286.4 , Est Remaining: 176.7
215 287.7 , Est Remaining: 175.3
216 289.1 , Est Remaining: 174.0
217 290.3 , Est Remaining: 172.6
218 291.7 , Est Remaining: 171.3
219 293.0 , Est Remaining: 169.9
220 294.3 , Est Remaining: 168.6
221 295.6 , Est Remaining: 167.2
222 297.0 , Est Remaining: 165.9
223 298.3 , Est Remaining: 164.5
224 299.6 , Est Remaining: 163.2
225 300.9 , Est Remaining: 161.8
226 302.2 , Est Remaining: 160.5
EVENT FAILED
226 302.5 , Est Remaining: 160.6
227 303.9 , Est Remaining: 159.3
228 305.2 , Est Remaining: 157.9
229 306.5 , Est Remaining: 156.6
230 307.8 , Est Remaining: 155.3
231 309.2 , Est Remaining: 153.9
232 310.5 , Est Remaining: 152.6
233 311.8 , Est Remaining: 151.2
234 313.1 , Est Remaining: 149.9
235 314.4 , Est Remaining: 148.5
236 315.7 , Est Remaining: 147.2
237 317.1 , Est Remaining: 145.8
238 318.4 , Est Remaining: 144.5
239 319.7 , Est Remaining: 143.1
240 321.0 , Est Remaining: 141.8
241 322.4 , Est Remaining: 140.4
242 323.7 , Est Remaining: 139.1
243 325.0 , Est Remaining: 137.8
244 326.3 , Est Remaining: 136.4
245 327.6 , Est Remaining: 135.1
246 328.9 , Est Remaining: 133.7
247 330.3 , Est Remaining: 132.4
248 331.6 , Est Remaining: 131.0
249 332.9 , Est Remaining: 129.7
250 334.2 , Est Remaining: 128.3
251 335.5 , Est Remaining: 127.0
252 336.8 , Est Remaining: 125.6
253 338.2 , Est Remaining: 124.3
254 339.5 , Est Remaining: 123.0
255 340.8 , Est Remaining: 121.6
256 342.1 , Est Remaining: 120.3
257 343.5 , Est Remaining: 118.9
258 344.8 , Est Remaining: 117.6
259 346.1 , Est Remaining: 116.3
260 347.4 , Est Remaining: 114.9
261 348.8 , Est Remaining: 113.6
262 350.1 , Est Remaining: 112.2
263 351.4 , Est Remaining: 110.9
264 352.7 , Est Remaining: 109.6
EVENT FAILED
264 353.6 , Est Remaining: 109.8
265 354.9 , Est Remaining: 108.5
266 356.2 , Est Remaining: 107.1
267 357.5 , Est Remaining: 105.8
268 358.9 , Est Remaining: 104.4
269 360.2 , Est Remaining: 103.1
270 361.5 , Est Remaining: 101.8
271 362.8 , Est Remaining: 100.4
272 364.1 , Est Remaining: 99.1
273 365.4 , Est Remaining: 97.7
274 366.8 , Est Remaining: 96.4
275 368.1 , Est Remaining: 95.0
276 369.4 , Est Remaining: 93.7
277 370.7 , Est Remaining: 92.3
278 372.0 , Est Remaining: 91.0
279 373.3 , Est Remaining: 89.7
280 374.6 , Est Remaining: 88.3
281 375.9 , Est Remaining: 87.0
282 377.3 , Est Remaining: 85.6
283 378.6 , Est Remaining: 84.3
284 379.9 , Est Remaining: 82.9
285 381.2 , Est Remaining: 81.6
EVENT FAILED
285 381.5 , Est Remaining: 81.7
286 382.8 , Est Remaining: 80.3
287 384.1 , Est Remaining: 79.0
288 385.4 , Est Remaining: 77.6
289 386.8 , Est Remaining: 76.3
290 388.1 , Est Remaining: 74.9
291 389.4 , Est Remaining: 73.6
292 390.7 , Est Remaining: 72.3
293 392.0 , Est Remaining: 70.9
294 393.3 , Est Remaining: 69.6
295 394.7 , Est Remaining: 68.2
296 396.0 , Est Remaining: 66.9
EVENT FAILED
296 396.3 , Est Remaining: 66.9
297 397.6 , Est Remaining: 65.6
298 398.9 , Est Remaining: 64.3
299 400.2 , Est Remaining: 62.9
300 401.7 , Est Remaining: 61.6
301 403.0 , Est Remaining: 60.2
302 404.3 , Est Remaining: 58.9
303 405.6 , Est Remaining: 57.6
304 406.9 , Est Remaining: 56.2
305 408.2 , Est Remaining: 54.9
306 409.6 , Est Remaining: 53.5
307 410.9 , Est Remaining: 52.2
308 412.2 , Est Remaining: 50.9
309 413.5 , Est Remaining: 49.5
310 414.8 , Est Remaining: 48.2
311 416.1 , Est Remaining: 46.8
312 417.4 , Est Remaining: 45.5
313 418.7 , Est Remaining: 44.1
314 419.9 , Est Remaining: 42.8
315 421.3 , Est Remaining: 41.5
316 422.6 , Est Remaining: 40.1
317 423.9 , Est Remaining: 38.8
318 425.2 , Est Remaining: 37.4
319 426.6 , Est Remaining: 36.1
320 427.9 , Est Remaining: 34.8
321 429.2 , Est Remaining: 33.4
322 430.5 , Est Remaining: 32.1
323 431.8 , Est Remaining: 30.8
324 433.2 , Est Remaining: 29.4
325 434.5 , Est Remaining: 28.1
326 435.8 , Est Remaining: 26.7
327 437.2 , Est Remaining: 25.4
328 438.5 , Est Remaining: 24.1
329 439.8 , Est Remaining: 22.7
330 441.1 , Est Remaining: 21.4
331 442.4 , Est Remaining: 20.0
