Note: NumExpr detected 32 cores but "NUMEXPR_MAX_THREADS" not set, so enforcing safe limit of 8.
Using selector: EpollSelector
/n/home02/jhaefner/miniconda/envs/IC-3.7-2020-06-16/lib/python3.7/site-packages/scipy/optimize/minpack.py:808: OptimizeWarning: Covariance of the parameters could not be estimated
  category=OptimizeWarning)
Total rwfs: 346
0 0.0 , Est Remaining: 999999.9
1 1.5 , Est Remaining: 510.5
2 2.9 , Est Remaining: 504.6
3 4.4 , Est Remaining: 506.4
4 5.9 , Est Remaining: 502.6
5 7.3 , Est Remaining: 499.6
6 8.8 , Est Remaining: 497.8
7 10.2 , Est Remaining: 495.5
8 11.7 , Est Remaining: 493.7
9 13.1 , Est Remaining: 491.1
EVENT FAILED
9 13.4 , Est Remaining: 502.8
10 14.9 , Est Remaining: 500.6
11 16.4 , Est Remaining: 498.0
12 17.8 , Est Remaining: 495.6
13 19.3 , Est Remaining: 493.5
14 20.7 , Est Remaining: 491.1
15 22.2 , Est Remaining: 489.0
16 23.7 , Est Remaining: 487.8
17 25.1 , Est Remaining: 485.6
18 26.5 , Est Remaining: 483.7
19 28.0 , Est Remaining: 482.0
20 29.5 , Est Remaining: 480.3
21 30.9 , Est Remaining: 478.4
22 32.4 , Est Remaining: 476.6
23 33.8 , Est Remaining: 474.7
24 35.3 , Est Remaining: 473.0
25 36.7 , Est Remaining: 471.3
26 38.2 , Est Remaining: 469.6
27 39.6 , Est Remaining: 468.0
28 41.0 , Est Remaining: 466.1
29 42.5 , Est Remaining: 464.4
30 44.0 , Est Remaining: 463.1
31 45.5 , Est Remaining: 461.8
EVENT FAILED
31 45.8 , Est Remaining: 465.1
EVENT FAILED
31 46.1 , Est Remaining: 468.3
32 47.6 , Est Remaining: 466.9
33 49.0 , Est Remaining: 464.9
34 50.5 , Est Remaining: 463.0
35 51.9 , Est Remaining: 461.1
36 53.3 , Est Remaining: 459.4
37 54.8 , Est Remaining: 457.8
38 56.3 , Est Remaining: 456.0
39 57.7 , Est Remaining: 454.1
40 59.1 , Est Remaining: 452.3
41 60.6 , Est Remaining: 450.5
42 62.0 , Est Remaining: 448.9
43 63.4 , Est Remaining: 447.0
44 64.9 , Est Remaining: 445.2
45 66.3 , Est Remaining: 443.4
46 67.7 , Est Remaining: 441.6
47 69.1 , Est Remaining: 439.7
48 70.6 , Est Remaining: 438.0
49 72.0 , Est Remaining: 436.3
50 73.4 , Est Remaining: 434.5
51 74.8 , Est Remaining: 432.8
52 76.3 , Est Remaining: 431.2
53 77.6 , Est Remaining: 429.1
EVENT FAILED
53 78.0 , Est Remaining: 431.0
54 79.4 , Est Remaining: 429.3
55 80.8 , Est Remaining: 427.7
56 82.3 , Est Remaining: 426.0
57 83.7 , Est Remaining: 424.4
58 85.1 , Est Remaining: 422.7
59 86.6 , Est Remaining: 421.0
60 88.0 , Est Remaining: 419.4
EVENT FAILED
60 88.3 , Est Remaining: 420.9
61 89.7 , Est Remaining: 419.3
62 91.2 , Est Remaining: 417.7
63 92.6 , Est Remaining: 416.0
64 94.0 , Est Remaining: 414.3
EVENT FAILED
64 94.3 , Est Remaining: 415.7
65 95.8 , Est Remaining: 414.0
66 97.2 , Est Remaining: 412.3
67 98.6 , Est Remaining: 410.6
68 100.1 , Est Remaining: 409.0
69 101.5 , Est Remaining: 407.4
70 102.9 , Est Remaining: 405.8
71 104.3 , Est Remaining: 404.2
72 105.8 , Est Remaining: 402.5
EVENT FAILED
72 106.1 , Est Remaining: 403.7
73 107.5 , Est Remaining: 402.1
74 109.0 , Est Remaining: 400.5
75 110.4 , Est Remaining: 398.9
76 111.8 , Est Remaining: 397.2
77 113.2 , Est Remaining: 395.6
78 114.7 , Est Remaining: 394.0
79 116.1 , Est Remaining: 392.5
80 117.6 , Est Remaining: 391.0
81 119.1 , Est Remaining: 389.6
82 120.5 , Est Remaining: 388.1
83 122.0 , Est Remaining: 386.6
84 123.5 , Est Remaining: 385.1
85 124.9 , Est Remaining: 383.6
86 126.4 , Est Remaining: 382.2
87 127.9 , Est Remaining: 380.7
88 129.3 , Est Remaining: 379.2
89 130.8 , Est Remaining: 377.7
90 132.3 , Est Remaining: 376.3
91 133.8 , Est Remaining: 374.8
EVENT FAILED
91 134.1 , Est Remaining: 375.8
92 135.6 , Est Remaining: 374.3
93 137.0 , Est Remaining: 372.7
94 138.5 , Est Remaining: 371.3
95 140.0 , Est Remaining: 369.8
96 141.5 , Est Remaining: 368.4
97 142.9 , Est Remaining: 366.9
98 144.4 , Est Remaining: 365.5
99 145.9 , Est Remaining: 364.0
100 147.4 , Est Remaining: 362.5
101 148.8 , Est Remaining: 361.0
102 150.3 , Est Remaining: 359.5
103 151.8 , Est Remaining: 358.2
104 153.3 , Est Remaining: 356.7
105 154.8 , Est Remaining: 355.3
106 156.2 , Est Remaining: 353.8
107 157.7 , Est Remaining: 352.3
108 159.2 , Est Remaining: 350.8
EVENT FAILED
108 159.5 , Est Remaining: 351.4
109 161.0 , Est Remaining: 350.0
110 162.4 , Est Remaining: 348.5
111 163.9 , Est Remaining: 347.0
EVENT FAILED
111 164.2 , Est Remaining: 347.7
112 165.6 , Est Remaining: 346.1
113 167.1 , Est Remaining: 344.5
114 168.5 , Est Remaining: 343.0
115 170.0 , Est Remaining: 341.5
116 171.4 , Est Remaining: 339.9
117 172.9 , Est Remaining: 338.5
118 174.4 , Est Remaining: 336.9
119 175.8 , Est Remaining: 335.4
120 177.3 , Est Remaining: 333.8
121 178.7 , Est Remaining: 332.3
122 180.2 , Est Remaining: 330.8
123 181.6 , Est Remaining: 329.3
124 183.1 , Est Remaining: 327.8
125 184.6 , Est Remaining: 326.3
126 186.0 , Est Remaining: 324.8
EVENT FAILED
126 186.3 , Est Remaining: 325.3
127 187.8 , Est Remaining: 323.8
128 189.2 , Est Remaining: 322.2
129 190.6 , Est Remaining: 320.7
130 192.1 , Est Remaining: 319.2
131 193.5 , Est Remaining: 317.6
132 195.0 , Est Remaining: 316.1
133 196.4 , Est Remaining: 314.6
134 197.9 , Est Remaining: 313.1
135 199.3 , Est Remaining: 311.5
136 200.8 , Est Remaining: 310.0
137 202.2 , Est Remaining: 308.5
138 203.6 , Est Remaining: 307.0
139 205.1 , Est Remaining: 305.4
140 206.5 , Est Remaining: 303.9
141 207.9 , Est Remaining: 302.3
142 209.3 , Est Remaining: 300.8
143 210.8 , Est Remaining: 299.2
144 212.2 , Est Remaining: 297.6
145 213.6 , Est Remaining: 296.1
146 215.0 , Est Remaining: 294.5
147 216.4 , Est Remaining: 292.9
148 217.7 , Est Remaining: 291.3
149 219.1 , Est Remaining: 289.7
150 220.5 , Est Remaining: 288.1
151 221.9 , Est Remaining: 286.6
152 223.3 , Est Remaining: 285.0
153 224.7 , Est Remaining: 283.4
154 226.1 , Est Remaining: 281.8
155 227.4 , Est Remaining: 280.3
156 228.8 , Est Remaining: 278.7
157 230.2 , Est Remaining: 277.1
158 231.6 , Est Remaining: 275.6
159 233.0 , Est Remaining: 274.0
160 234.3 , Est Remaining: 272.4
161 235.7 , Est Remaining: 270.9
162 237.1 , Est Remaining: 269.3
163 238.5 , Est Remaining: 267.8
164 239.9 , Est Remaining: 266.2
165 241.3 , Est Remaining: 264.7
166 242.7 , Est Remaining: 263.2
167 244.1 , Est Remaining: 261.6
168 245.4 , Est Remaining: 260.1
169 246.8 , Est Remaining: 258.5
170 248.2 , Est Remaining: 257.0
171 249.6 , Est Remaining: 255.4
172 251.0 , Est Remaining: 253.9
173 252.3 , Est Remaining: 252.3
174 253.7 , Est Remaining: 250.8
175 255.1 , Est Remaining: 249.3
176 256.5 , Est Remaining: 247.8
177 257.9 , Est Remaining: 246.2
178 259.3 , Est Remaining: 244.7
179 260.7 , Est Remaining: 243.2
180 262.1 , Est Remaining: 241.7
181 263.5 , Est Remaining: 240.2
182 264.8 , Est Remaining: 238.7
183 266.2 , Est Remaining: 237.1
184 267.6 , Est Remaining: 235.6
185 269.0 , Est Remaining: 234.1
186 270.4 , Est Remaining: 232.6
187 271.8 , Est Remaining: 231.1
188 273.2 , Est Remaining: 229.6
189 274.6 , Est Remaining: 228.1
190 275.9 , Est Remaining: 226.6
191 277.3 , Est Remaining: 225.0
192 278.7 , Est Remaining: 223.5
193 280.1 , Est Remaining: 222.0
194 281.5 , Est Remaining: 220.5
195 282.8 , Est Remaining: 219.0
196 284.2 , Est Remaining: 217.5
197 285.6 , Est Remaining: 216.0
198 287.0 , Est Remaining: 214.5
199 288.4 , Est Remaining: 213.0
200 289.7 , Est Remaining: 211.5
201 291.1 , Est Remaining: 210.0
202 292.5 , Est Remaining: 208.5
203 294.0 , Est Remaining: 207.1
204 295.3 , Est Remaining: 205.6
205 296.7 , Est Remaining: 204.1
206 298.1 , Est Remaining: 202.6
207 299.5 , Est Remaining: 201.1
208 301.0 , Est Remaining: 199.7
209 302.4 , Est Remaining: 198.2
210 303.8 , Est Remaining: 196.7
211 305.2 , Est Remaining: 195.3
212 306.6 , Est Remaining: 193.8
213 308.0 , Est Remaining: 192.3
214 309.4 , Est Remaining: 190.9
215 310.9 , Est Remaining: 189.4
216 312.3 , Est Remaining: 188.0
217 313.7 , Est Remaining: 186.5
218 315.1 , Est Remaining: 185.0
219 316.6 , Est Remaining: 183.6
220 318.0 , Est Remaining: 182.1
221 319.4 , Est Remaining: 180.7
222 320.8 , Est Remaining: 179.2
223 322.3 , Est Remaining: 177.8
224 323.7 , Est Remaining: 176.3
225 325.2 , Est Remaining: 174.9
226 326.6 , Est Remaining: 173.4
227 328.0 , Est Remaining: 172.0
228 329.5 , Est Remaining: 170.5
EVENT FAILED
228 329.8 , Est Remaining: 170.7
229 331.3 , Est Remaining: 169.2
230 332.7 , Est Remaining: 167.8
231 334.1 , Est Remaining: 166.3
232 335.6 , Est Remaining: 164.9
233 337.0 , Est Remaining: 163.4
234 338.4 , Est Remaining: 162.0
235 339.9 , Est Remaining: 160.5
236 341.3 , Est Remaining: 159.1
237 342.8 , Est Remaining: 157.6
238 344.2 , Est Remaining: 156.2
239 345.6 , Est Remaining: 154.7
EVENT FAILED
239 345.9 , Est Remaining: 154.9
240 347.4 , Est Remaining: 153.4
241 348.8 , Est Remaining: 152.0
242 350.3 , Est Remaining: 150.5
243 351.8 , Est Remaining: 149.1
244 353.2 , Est Remaining: 147.7
245 354.7 , Est Remaining: 146.2
246 356.1 , Est Remaining: 144.8
247 357.6 , Est Remaining: 143.3
248 359.1 , Est Remaining: 141.9
EVENT FAILED
248 359.4 , Est Remaining: 142.0
249 360.8 , Est Remaining: 140.6
250 362.3 , Est Remaining: 139.1
251 363.7 , Est Remaining: 137.7
252 365.2 , Est Remaining: 136.2
253 366.6 , Est Remaining: 134.8
254 368.1 , Est Remaining: 133.3
255 369.5 , Est Remaining: 131.9
256 371.0 , Est Remaining: 130.4
257 372.5 , Est Remaining: 129.0
258 373.9 , Est Remaining: 127.5
259 375.4 , Est Remaining: 126.1
260 376.9 , Est Remaining: 124.7
EVENT FAILED
260 377.2 , Est Remaining: 124.8
261 378.6 , Est Remaining: 123.3
262 380.1 , Est Remaining: 121.9
263 381.5 , Est Remaining: 120.4
264 383.0 , Est Remaining: 119.0
265 384.4 , Est Remaining: 117.5
266 385.8 , Est Remaining: 116.0
267 387.3 , Est Remaining: 114.6
268 388.7 , Est Remaining: 113.1
269 390.1 , Est Remaining: 111.7
270 391.6 , Est Remaining: 110.2
271 393.0 , Est Remaining: 108.8
272 394.5 , Est Remaining: 107.3
273 395.9 , Est Remaining: 105.9
274 397.3 , Est Remaining: 104.4
275 398.8 , Est Remaining: 103.0
EVENT FAILED
275 399.1 , Est Remaining: 103.0
276 400.5 , Est Remaining: 101.6
277 401.9 , Est Remaining: 100.1
EVENT FAILED
277 402.2 , Est Remaining: 100.2
278 403.7 , Est Remaining: 98.7
279 405.2 , Est Remaining: 97.3
280 406.6 , Est Remaining: 95.8
281 408.1 , Est Remaining: 94.4
282 409.6 , Est Remaining: 92.9
283 411.0 , Est Remaining: 91.5
284 412.4 , Est Remaining: 90.0
285 413.9 , Est Remaining: 88.6
286 415.3 , Est Remaining: 87.1
287 416.8 , Est Remaining: 85.7
288 418.2 , Est Remaining: 84.2
289 419.7 , Est Remaining: 82.8
290 421.1 , Est Remaining: 81.3
291 422.6 , Est Remaining: 79.9
292 424.0 , Est Remaining: 78.4
293 425.5 , Est Remaining: 77.0
294 426.9 , Est Remaining: 75.5
295 428.4 , Est Remaining: 74.1
296 429.8 , Est Remaining: 72.6
297 431.3 , Est Remaining: 71.2
298 432.7 , Est Remaining: 69.7
EVENT FAILED
298 433.1 , Est Remaining: 69.8
299 434.5 , Est Remaining: 68.3
300 435.9 , Est Remaining: 66.8
301 437.4 , Est Remaining: 65.4
302 439.0 , Est Remaining: 64.0
303 440.4 , Est Remaining: 62.5
304 441.9 , Est Remaining: 61.0
305 443.4 , Est Remaining: 59.6
306 444.8 , Est Remaining: 58.1
307 446.2 , Est Remaining: 56.7
308 447.7 , Est Remaining: 55.2
309 449.1 , Est Remaining: 53.8
EVENT FAILED
309 449.4 , Est Remaining: 53.8
310 450.9 , Est Remaining: 52.4
311 452.3 , Est Remaining: 50.9
312 453.7 , Est Remaining: 49.4
313 455.2 , Est Remaining: 48.0
314 456.6 , Est Remaining: 46.5
315 458.1 , Est Remaining: 45.1
316 459.5 , Est Remaining: 43.6
317 461.0 , Est Remaining: 42.2
318 462.4 , Est Remaining: 40.7
319 463.9 , Est Remaining: 39.3
320 465.3 , Est Remaining: 37.8
321 466.8 , Est Remaining: 36.4
322 468.2 , Est Remaining: 34.9
323 469.6 , Est Remaining: 33.4
324 471.1 , Est Remaining: 32.0
325 472.4 , Est Remaining: 30.5
326 473.8 , Est Remaining: 29.1
