Note: NumExpr detected 32 cores but "NUMEXPR_MAX_THREADS" not set, so enforcing safe limit of 8.
Using selector: EpollSelector
/n/home02/jhaefner/miniconda/envs/IC-3.7-2020-06-16/lib/python3.7/site-packages/scipy/optimize/minpack.py:808: OptimizeWarning: Covariance of the parameters could not be estimated
  category=OptimizeWarning)
Total rwfs: 346
0 0.0 , Est Remaining: 999999.9
EVENT FAILED
0 0.4 , Est Remaining: 999999.9
1 1.8 , Est Remaining: 613.5
2 3.2 , Est Remaining: 551.4
3 4.6 , Est Remaining: 530.5
4 6.0 , Est Remaining: 517.1
5 7.4 , Est Remaining: 507.5
6 8.9 , Est Remaining: 501.6
7 10.3 , Est Remaining: 496.9
EVENT FAILED
7 10.6 , Est Remaining: 512.0
EVENT FAILED
7 10.9 , Est Remaining: 529.2
8 12.3 , Est Remaining: 520.6
9 13.7 , Est Remaining: 513.5
10 15.1 , Est Remaining: 507.9
11 16.5 , Est Remaining: 502.9
12 17.9 , Est Remaining: 498.9
13 19.3 , Est Remaining: 495.3
14 20.7 , Est Remaining: 491.5
15 22.1 , Est Remaining: 488.1
16 23.5 , Est Remaining: 485.1
17 24.9 , Est Remaining: 482.5
18 26.3 , Est Remaining: 479.7
19 27.7 , Est Remaining: 477.3
20 29.1 , Est Remaining: 474.9
21 30.5 , Est Remaining: 472.7
22 31.9 , Est Remaining: 470.4
EVENT FAILED
22 32.2 , Est Remaining: 474.8
23 33.6 , Est Remaining: 472.3
24 35.0 , Est Remaining: 469.9
25 36.4 , Est Remaining: 467.7
26 37.8 , Est Remaining: 465.5
27 39.2 , Est Remaining: 463.4
28 40.6 , Est Remaining: 461.0
EVENT FAILED
28 40.9 , Est Remaining: 464.4
29 42.3 , Est Remaining: 462.1
30 43.7 , Est Remaining: 459.8
31 45.0 , Est Remaining: 457.7
EVENT FAILED
31 45.3 , Est Remaining: 460.8
32 46.7 , Est Remaining: 458.1
33 48.1 , Est Remaining: 455.9
34 49.5 , Est Remaining: 453.8
35 50.9 , Est Remaining: 451.9
36 52.2 , Est Remaining: 449.9
37 53.6 , Est Remaining: 447.9
38 55.0 , Est Remaining: 446.0
39 56.4 , Est Remaining: 444.1
40 57.8 , Est Remaining: 442.4
41 59.2 , Est Remaining: 440.7
EVENT FAILED
41 59.5 , Est Remaining: 443.0
42 60.9 , Est Remaining: 441.1
43 62.3 , Est Remaining: 439.2
EVENT FAILED
43 62.6 , Est Remaining: 441.4
44 64.0 , Est Remaining: 439.6
45 65.4 , Est Remaining: 437.7
EVENT FAILED
45 65.7 , Est Remaining: 439.8
46 67.2 , Est Remaining: 438.0
47 68.6 , Est Remaining: 436.2
48 70.0 , Est Remaining: 434.4
49 71.4 , Est Remaining: 432.6
50 72.8 , Est Remaining: 430.7
51 74.2 , Est Remaining: 428.9
52 75.6 , Est Remaining: 427.2
53 77.0 , Est Remaining: 425.4
54 78.3 , Est Remaining: 423.6
55 79.7 , Est Remaining: 421.9
56 81.1 , Est Remaining: 420.2
57 82.6 , Est Remaining: 418.7
58 84.0 , Est Remaining: 417.2
59 85.5 , Est Remaining: 415.7
60 86.9 , Est Remaining: 414.1
61 88.3 , Est Remaining: 412.6
62 89.7 , Est Remaining: 411.0
63 91.2 , Est Remaining: 409.6
64 92.6 , Est Remaining: 408.1
EVENT FAILED
64 92.9 , Est Remaining: 409.4
65 94.3 , Est Remaining: 407.8
66 95.7 , Est Remaining: 406.2
67 97.2 , Est Remaining: 404.6
68 98.6 , Est Remaining: 403.1
69 100.0 , Est Remaining: 401.6
70 101.5 , Est Remaining: 400.0
71 102.9 , Est Remaining: 398.5
72 104.3 , Est Remaining: 397.1
73 105.8 , Est Remaining: 395.6
74 107.2 , Est Remaining: 394.1
75 108.7 , Est Remaining: 392.7
76 110.1 , Est Remaining: 391.2
EVENT FAILED
76 110.4 , Est Remaining: 392.3
77 111.9 , Est Remaining: 390.8
78 113.3 , Est Remaining: 389.3
79 114.7 , Est Remaining: 387.8
EVENT FAILED
79 115.0 , Est Remaining: 388.8
EVENT FAILED
79 115.4 , Est Remaining: 389.9
80 116.8 , Est Remaining: 388.3
81 118.2 , Est Remaining: 386.6
82 119.6 , Est Remaining: 384.9
83 121.0 , Est Remaining: 383.3
84 122.4 , Est Remaining: 381.6
85 123.8 , Est Remaining: 380.0
86 125.1 , Est Remaining: 378.3
EVENT FAILED
86 125.4 , Est Remaining: 379.3
87 126.9 , Est Remaining: 377.7
88 128.3 , Est Remaining: 376.1
89 129.7 , Est Remaining: 374.5
90 131.1 , Est Remaining: 372.9
91 132.5 , Est Remaining: 371.3
92 133.9 , Est Remaining: 369.7
93 135.3 , Est Remaining: 368.1
94 136.7 , Est Remaining: 366.6
95 138.1 , Est Remaining: 365.0
96 139.5 , Est Remaining: 363.4
97 141.0 , Est Remaining: 361.9
98 142.4 , Est Remaining: 360.4
99 143.8 , Est Remaining: 358.8
100 145.2 , Est Remaining: 357.3
101 146.7 , Est Remaining: 355.8
102 148.1 , Est Remaining: 354.3
103 149.6 , Est Remaining: 353.0
104 151.1 , Est Remaining: 351.5
105 152.5 , Est Remaining: 350.0
106 153.9 , Est Remaining: 348.5
107 155.3 , Est Remaining: 347.0
108 156.8 , Est Remaining: 345.5
109 158.2 , Est Remaining: 343.9
110 159.6 , Est Remaining: 342.4
111 161.0 , Est Remaining: 340.8
112 162.4 , Est Remaining: 339.3
113 163.8 , Est Remaining: 337.7
114 165.2 , Est Remaining: 336.2
115 166.6 , Est Remaining: 334.7
116 168.0 , Est Remaining: 333.2
117 169.5 , Est Remaining: 331.7
118 170.9 , Est Remaining: 330.2
119 172.3 , Est Remaining: 328.7
120 173.8 , Est Remaining: 327.3
121 175.2 , Est Remaining: 325.8
122 176.6 , Est Remaining: 324.3
123 178.1 , Est Remaining: 322.9
124 179.5 , Est Remaining: 321.4
125 180.9 , Est Remaining: 319.9
126 182.3 , Est Remaining: 318.4
127 183.7 , Est Remaining: 316.8
128 185.1 , Est Remaining: 315.3
129 186.5 , Est Remaining: 313.8
130 187.9 , Est Remaining: 312.2
131 189.3 , Est Remaining: 310.7
132 190.7 , Est Remaining: 309.2
133 192.2 , Est Remaining: 307.7
134 193.6 , Est Remaining: 306.2
135 195.0 , Est Remaining: 304.7
136 196.4 , Est Remaining: 303.3
137 197.8 , Est Remaining: 301.8
138 199.3 , Est Remaining: 300.3
EVENT FAILED
138 199.6 , Est Remaining: 300.8
139 201.0 , Est Remaining: 299.3
140 202.4 , Est Remaining: 297.8
141 203.8 , Est Remaining: 296.3
EVENT FAILED
141 204.1 , Est Remaining: 296.7
142 205.5 , Est Remaining: 295.2
143 206.9 , Est Remaining: 293.6
144 208.3 , Est Remaining: 292.1
145 209.7 , Est Remaining: 290.6
146 211.1 , Est Remaining: 289.2
147 212.5 , Est Remaining: 287.7
148 214.0 , Est Remaining: 286.2
EVENT FAILED
148 214.3 , Est Remaining: 286.7
149 215.7 , Est Remaining: 285.2
150 217.1 , Est Remaining: 283.7
151 218.5 , Est Remaining: 282.2
152 220.0 , Est Remaining: 280.7
153 221.4 , Est Remaining: 279.3
154 222.8 , Est Remaining: 277.8
155 224.3 , Est Remaining: 276.3
156 225.7 , Est Remaining: 274.9
157 227.1 , Est Remaining: 273.4
158 228.6 , Est Remaining: 272.0
159 230.0 , Est Remaining: 270.5
160 231.5 , Est Remaining: 269.1
161 232.9 , Est Remaining: 267.6
162 234.3 , Est Remaining: 266.1
EVENT FAILED
162 234.6 , Est Remaining: 266.5
163 236.1 , Est Remaining: 265.0
164 237.5 , Est Remaining: 263.6
165 238.9 , Est Remaining: 262.1
166 240.3 , Est Remaining: 260.6
167 241.8 , Est Remaining: 259.1
168 243.2 , Est Remaining: 257.6
169 244.6 , Est Remaining: 256.2
170 246.0 , Est Remaining: 254.6
171 247.4 , Est Remaining: 253.2
172 248.8 , Est Remaining: 251.7
173 250.2 , Est Remaining: 250.2
174 251.6 , Est Remaining: 248.7
EVENT FAILED
174 251.9 , Est Remaining: 249.0
175 253.4 , Est Remaining: 247.6
176 254.8 , Est Remaining: 246.1
177 256.2 , Est Remaining: 244.6
EVENT FAILED
177 256.5 , Est Remaining: 244.9
178 257.9 , Est Remaining: 243.4
179 259.3 , Est Remaining: 241.9
180 260.7 , Est Remaining: 240.4
181 262.1 , Est Remaining: 238.9
182 263.5 , Est Remaining: 237.4
183 264.9 , Est Remaining: 236.0
184 266.3 , Est Remaining: 234.5
185 267.7 , Est Remaining: 233.0
186 269.1 , Est Remaining: 231.5
187 270.5 , Est Remaining: 230.0
188 271.9 , Est Remaining: 228.5
189 273.3 , Est Remaining: 227.1
190 274.7 , Est Remaining: 225.6
191 276.1 , Est Remaining: 224.1
192 277.5 , Est Remaining: 222.6
193 278.9 , Est Remaining: 221.1
194 280.3 , Est Remaining: 219.6
195 281.6 , Est Remaining: 218.1
196 283.0 , Est Remaining: 216.5
197 284.3 , Est Remaining: 215.0
198 285.6 , Est Remaining: 213.5
199 287.0 , Est Remaining: 212.0
200 288.3 , Est Remaining: 210.5
EVENT FAILED
200 288.6 , Est Remaining: 210.7
201 290.0 , Est Remaining: 209.2
202 291.3 , Est Remaining: 207.7
203 292.8 , Est Remaining: 206.2
204 294.1 , Est Remaining: 204.7
205 295.5 , Est Remaining: 203.2
206 296.8 , Est Remaining: 201.7
207 298.1 , Est Remaining: 200.2
208 299.5 , Est Remaining: 198.7
EVENT FAILED
208 299.8 , Est Remaining: 198.9
209 301.2 , Est Remaining: 197.4
210 302.5 , Est Remaining: 195.9
211 303.9 , Est Remaining: 194.4
212 305.3 , Est Remaining: 192.9
213 306.6 , Est Remaining: 191.4
214 307.9 , Est Remaining: 189.9
215 309.3 , Est Remaining: 188.5
216 310.6 , Est Remaining: 187.0
217 312.0 , Est Remaining: 185.5
218 313.3 , Est Remaining: 184.0
219 314.7 , Est Remaining: 182.5
EVENT FAILED
219 315.0 , Est Remaining: 182.7
220 316.3 , Est Remaining: 181.2
221 317.7 , Est Remaining: 179.7
222 319.0 , Est Remaining: 178.2
223 320.4 , Est Remaining: 176.7
224 321.8 , Est Remaining: 175.2
225 323.1 , Est Remaining: 173.8
226 324.5 , Est Remaining: 172.3
227 325.8 , Est Remaining: 170.8
228 327.2 , Est Remaining: 169.3
229 328.5 , Est Remaining: 167.8
230 329.9 , Est Remaining: 166.4
231 331.2 , Est Remaining: 164.9
232 332.6 , Est Remaining: 163.4
233 333.9 , Est Remaining: 162.0
234 335.3 , Est Remaining: 160.5
235 336.6 , Est Remaining: 159.0
236 338.0 , Est Remaining: 157.5
237 339.3 , Est Remaining: 156.1
EVENT FAILED
237 339.6 , Est Remaining: 156.2
238 341.0 , Est Remaining: 154.7
239 342.3 , Est Remaining: 153.3
240 343.7 , Est Remaining: 151.8
241 345.1 , Est Remaining: 150.3
242 346.4 , Est Remaining: 148.9
243 347.7 , Est Remaining: 147.4
244 349.0 , Est Remaining: 145.9
245 350.4 , Est Remaining: 144.4
246 351.7 , Est Remaining: 143.0
247 353.1 , Est Remaining: 141.5
248 354.5 , Est Remaining: 140.1
249 355.8 , Est Remaining: 138.6
250 357.2 , Est Remaining: 137.2
251 358.5 , Est Remaining: 135.7
252 359.9 , Est Remaining: 134.2
253 361.3 , Est Remaining: 132.8
254 362.6 , Est Remaining: 131.3
255 364.0 , Est Remaining: 129.9
256 365.4 , Est Remaining: 128.4
257 366.7 , Est Remaining: 127.0
258 368.1 , Est Remaining: 125.6
259 369.5 , Est Remaining: 124.1
260 370.9 , Est Remaining: 122.7
261 372.2 , Est Remaining: 121.2
262 373.6 , Est Remaining: 119.8
263 375.0 , Est Remaining: 118.4
264 376.4 , Est Remaining: 116.9
265 377.8 , Est Remaining: 115.5
266 379.2 , Est Remaining: 114.0
267 380.6 , Est Remaining: 112.6
268 382.0 , Est Remaining: 111.2
269 383.4 , Est Remaining: 109.8
270 384.9 , Est Remaining: 108.3
271 386.3 , Est Remaining: 106.9
272 387.7 , Est Remaining: 105.5
273 389.1 , Est Remaining: 104.0
274 390.5 , Est Remaining: 102.6
275 391.9 , Est Remaining: 101.2
276 393.3 , Est Remaining: 99.8
277 394.7 , Est Remaining: 98.3
278 396.1 , Est Remaining: 96.9
279 397.6 , Est Remaining: 95.5
280 399.0 , Est Remaining: 94.0
281 400.4 , Est Remaining: 92.6
282 401.8 , Est Remaining: 91.2
283 403.2 , Est Remaining: 89.8
284 404.6 , Est Remaining: 88.3
285 406.1 , Est Remaining: 86.9
286 407.5 , Est Remaining: 85.5
287 408.9 , Est Remaining: 84.1
288 410.4 , Est Remaining: 82.6
289 411.8 , Est Remaining: 81.2
290 413.2 , Est Remaining: 79.8
291 414.6 , Est Remaining: 78.4
292 416.0 , Est Remaining: 76.9
293 417.4 , Est Remaining: 75.5
294 418.8 , Est Remaining: 74.1
295 420.2 , Est Remaining: 72.6
296 421.6 , Est Remaining: 71.2
297 423.0 , Est Remaining: 69.8
298 424.4 , Est Remaining: 68.4
299 425.8 , Est Remaining: 66.9
300 427.2 , Est Remaining: 65.5
301 428.7 , Est Remaining: 64.1
302 430.3 , Est Remaining: 62.7
303 431.7 , Est Remaining: 61.3
304 433.1 , Est Remaining: 59.8
305 434.6 , Est Remaining: 58.4
306 436.0 , Est Remaining: 57.0
307 437.4 , Est Remaining: 55.6
308 438.9 , Est Remaining: 54.1
309 440.3 , Est Remaining: 52.7
EVENT FAILED
309 440.6 , Est Remaining: 52.8
310 442.1 , Est Remaining: 51.3
311 443.5 , Est Remaining: 49.9
312 445.0 , Est Remaining: 48.5
313 446.4 , Est Remaining: 47.1
314 447.9 , Est Remaining: 45.6
315 449.3 , Est Remaining: 44.2
316 450.7 , Est Remaining: 42.8
317 452.1 , Est Remaining: 41.4
318 453.6 , Est Remaining: 39.9
319 455.0 , Est Remaining: 38.5
320 456.4 , Est Remaining: 37.1
EVENT FAILED
