Note: NumExpr detected 32 cores but "NUMEXPR_MAX_THREADS" not set, so enforcing safe limit of 8.
Using selector: EpollSelector
/n/home02/jhaefner/miniconda/envs/IC-3.7-2020-06-16/lib/python3.7/site-packages/scipy/optimize/minpack.py:808: OptimizeWarning: Covariance of the parameters could not be estimated
  category=OptimizeWarning)
Total rwfs: 346
0 0.0 , Est Remaining: 999999.9
1 1.5 , Est Remaining: 507.7
2 2.9 , Est Remaining: 496.5
3 4.3 , Est Remaining: 493.1
4 5.7 , Est Remaining: 487.5
5 7.1 , Est Remaining: 485.5
6 8.5 , Est Remaining: 482.7
7 9.9 , Est Remaining: 479.8
EVENT FAILED
7 10.2 , Est Remaining: 495.1
8 11.6 , Est Remaining: 491.0
9 13.0 , Est Remaining: 486.8
10 14.4 , Est Remaining: 484.1
11 15.8 , Est Remaining: 481.4
12 17.2 , Est Remaining: 479.4
13 18.6 , Est Remaining: 477.0
14 20.0 , Est Remaining: 474.6
15 21.4 , Est Remaining: 472.8
16 22.9 , Est Remaining: 471.3
17 24.3 , Est Remaining: 469.6
18 25.7 , Est Remaining: 468.0
19 27.1 , Est Remaining: 466.4
20 28.6 , Est Remaining: 465.4
21 30.0 , Est Remaining: 464.2
22 31.4 , Est Remaining: 462.7
23 32.8 , Est Remaining: 460.8
24 34.2 , Est Remaining: 459.0
25 35.6 , Est Remaining: 457.4
EVENT FAILED
25 35.9 , Est Remaining: 461.3
26 37.3 , Est Remaining: 459.7
27 38.8 , Est Remaining: 457.9
28 40.2 , Est Remaining: 456.2
29 41.6 , Est Remaining: 454.6
30 43.0 , Est Remaining: 452.8
31 44.4 , Est Remaining: 451.0
32 45.8 , Est Remaining: 449.3
33 47.2 , Est Remaining: 447.6
34 48.6 , Est Remaining: 445.7
35 50.0 , Est Remaining: 444.5
36 51.4 , Est Remaining: 442.7
37 52.8 , Est Remaining: 440.9
38 54.2 , Est Remaining: 439.2
39 55.6 , Est Remaining: 437.8
40 57.0 , Est Remaining: 436.3
41 58.4 , Est Remaining: 434.8
42 59.9 , Est Remaining: 433.2
43 61.3 , Est Remaining: 431.7
44 62.7 , Est Remaining: 430.3
45 64.1 , Est Remaining: 428.9
46 65.5 , Est Remaining: 427.4
47 67.0 , Est Remaining: 426.0
48 68.4 , Est Remaining: 424.6
49 69.8 , Est Remaining: 423.3
50 71.3 , Est Remaining: 422.0
51 72.7 , Est Remaining: 420.7
52 74.2 , Est Remaining: 419.4
53 75.6 , Est Remaining: 418.1
54 77.1 , Est Remaining: 416.8
55 78.5 , Est Remaining: 415.4
56 80.0 , Est Remaining: 414.1
57 81.4 , Est Remaining: 412.8
58 82.9 , Est Remaining: 411.6
59 84.3 , Est Remaining: 410.3
60 85.8 , Est Remaining: 409.0
61 87.3 , Est Remaining: 407.7
EVENT FAILED
61 87.6 , Est Remaining: 409.4
62 88.9 , Est Remaining: 407.4
63 90.4 , Est Remaining: 406.0
64 91.8 , Est Remaining: 404.5
65 93.2 , Est Remaining: 403.1
66 94.7 , Est Remaining: 401.7
67 96.1 , Est Remaining: 400.3
68 97.6 , Est Remaining: 399.0
69 99.0 , Est Remaining: 397.6
70 100.5 , Est Remaining: 396.2
71 101.9 , Est Remaining: 394.8
72 103.4 , Est Remaining: 393.4
73 104.8 , Est Remaining: 392.0
74 106.2 , Est Remaining: 390.5
75 107.7 , Est Remaining: 389.1
76 109.1 , Est Remaining: 387.7
77 110.6 , Est Remaining: 386.3
78 112.0 , Est Remaining: 384.8
79 113.4 , Est Remaining: 383.3
80 114.9 , Est Remaining: 381.9
81 116.3 , Est Remaining: 380.4
82 117.7 , Est Remaining: 378.9
83 119.1 , Est Remaining: 377.4
84 120.5 , Est Remaining: 375.9
85 121.9 , Est Remaining: 374.5
86 123.4 , Est Remaining: 373.0
87 124.8 , Est Remaining: 371.5
88 126.2 , Est Remaining: 370.1
89 127.6 , Est Remaining: 368.5
90 129.0 , Est Remaining: 367.0
91 130.4 , Est Remaining: 365.5
92 131.9 , Est Remaining: 364.1
93 133.3 , Est Remaining: 362.7
94 134.7 , Est Remaining: 361.2
95 136.2 , Est Remaining: 359.8
96 137.6 , Est Remaining: 358.4
EVENT FAILED
96 137.9 , Est Remaining: 359.2
97 139.3 , Est Remaining: 357.7
98 140.8 , Est Remaining: 356.3
99 142.2 , Est Remaining: 354.8
100 143.6 , Est Remaining: 353.3
EVENT FAILED
100 143.9 , Est Remaining: 354.1
101 145.4 , Est Remaining: 352.6
102 146.8 , Est Remaining: 351.1
103 148.3 , Est Remaining: 349.8
EVENT FAILED
103 148.6 , Est Remaining: 350.6
104 150.0 , Est Remaining: 349.0
105 151.4 , Est Remaining: 347.5
106 152.9 , Est Remaining: 346.1
107 154.3 , Est Remaining: 344.6
108 155.7 , Est Remaining: 343.1
109 157.1 , Est Remaining: 341.6
110 158.5 , Est Remaining: 340.1
111 160.0 , Est Remaining: 338.6
112 161.4 , Est Remaining: 337.2
113 162.8 , Est Remaining: 335.6
114 164.2 , Est Remaining: 334.2
115 165.6 , Est Remaining: 332.7
116 167.1 , Est Remaining: 331.2
117 168.5 , Est Remaining: 329.8
118 169.9 , Est Remaining: 328.3
119 171.4 , Est Remaining: 326.9
120 172.8 , Est Remaining: 325.4
121 174.2 , Est Remaining: 324.0
122 175.6 , Est Remaining: 322.5
123 177.1 , Est Remaining: 321.0
124 178.5 , Est Remaining: 319.6
125 180.0 , Est Remaining: 318.2
126 181.4 , Est Remaining: 316.7
127 182.8 , Est Remaining: 315.3
EVENT FAILED
127 183.1 , Est Remaining: 315.8
128 184.6 , Est Remaining: 314.4
129 186.0 , Est Remaining: 312.9
130 187.5 , Est Remaining: 311.5
131 188.9 , Est Remaining: 310.1
132 190.4 , Est Remaining: 308.6
133 191.8 , Est Remaining: 307.2
134 193.1 , Est Remaining: 305.6
135 194.6 , Est Remaining: 304.1
136 196.0 , Est Remaining: 302.7
137 197.5 , Est Remaining: 301.3
138 198.9 , Est Remaining: 299.8
139 200.3 , Est Remaining: 298.3
140 201.8 , Est Remaining: 296.9
141 203.2 , Est Remaining: 295.5
142 204.6 , Est Remaining: 294.0
143 206.1 , Est Remaining: 292.6
144 207.5 , Est Remaining: 291.1
145 209.0 , Est Remaining: 289.7
146 210.4 , Est Remaining: 288.3
147 211.9 , Est Remaining: 286.9
148 213.4 , Est Remaining: 285.4
149 214.8 , Est Remaining: 284.0
150 216.3 , Est Remaining: 282.6
151 217.7 , Est Remaining: 281.1
152 219.2 , Est Remaining: 279.7
153 220.6 , Est Remaining: 278.3
154 222.1 , Est Remaining: 276.9
155 223.6 , Est Remaining: 275.5
156 225.0 , Est Remaining: 274.0
157 226.5 , Est Remaining: 272.6
158 227.9 , Est Remaining: 271.2
159 229.4 , Est Remaining: 269.8
160 230.9 , Est Remaining: 268.4
161 232.3 , Est Remaining: 266.9
162 233.7 , Est Remaining: 265.5
163 235.2 , Est Remaining: 264.0
164 236.6 , Est Remaining: 262.6
165 238.0 , Est Remaining: 261.1
166 239.4 , Est Remaining: 259.6
167 240.8 , Est Remaining: 258.1
168 242.2 , Est Remaining: 256.7
169 243.7 , Est Remaining: 255.2
170 245.1 , Est Remaining: 253.7
171 246.5 , Est Remaining: 252.3
172 247.9 , Est Remaining: 250.8
173 249.4 , Est Remaining: 249.4
174 250.8 , Est Remaining: 247.9
175 252.2 , Est Remaining: 246.5
176 253.7 , Est Remaining: 245.0
177 255.1 , Est Remaining: 243.6
178 256.6 , Est Remaining: 242.2
179 258.1 , Est Remaining: 240.8
180 259.5 , Est Remaining: 239.3
181 261.0 , Est Remaining: 237.9
182 262.4 , Est Remaining: 236.5
183 263.9 , Est Remaining: 235.0
184 265.3 , Est Remaining: 233.6
185 266.8 , Est Remaining: 232.2
186 268.2 , Est Remaining: 230.7
187 269.7 , Est Remaining: 229.3
188 271.1 , Est Remaining: 227.8
189 272.5 , Est Remaining: 226.4
190 274.0 , Est Remaining: 224.9
191 275.4 , Est Remaining: 223.5
192 276.8 , Est Remaining: 222.0
193 278.3 , Est Remaining: 220.6
194 279.7 , Est Remaining: 219.1
195 281.1 , Est Remaining: 217.7
196 282.6 , Est Remaining: 216.2
197 284.0 , Est Remaining: 214.8
198 285.4 , Est Remaining: 213.3
199 286.9 , Est Remaining: 211.9
200 288.3 , Est Remaining: 210.5
EVENT FAILED
200 288.6 , Est Remaining: 210.7
201 290.1 , Est Remaining: 209.2
EVENT FAILED
201 290.4 , Est Remaining: 209.5
202 291.8 , Est Remaining: 208.0
203 293.3 , Est Remaining: 206.6
204 294.8 , Est Remaining: 205.2
EVENT FAILED
204 295.1 , Est Remaining: 205.4
205 296.5 , Est Remaining: 203.9
206 297.9 , Est Remaining: 202.5
207 299.3 , Est Remaining: 201.0
208 300.7 , Est Remaining: 199.5
209 302.2 , Est Remaining: 198.1
210 303.6 , Est Remaining: 196.6
EVENT FAILED
210 303.9 , Est Remaining: 196.8
EVENT FAILED
210 304.2 , Est Remaining: 197.0
211 305.7 , Est Remaining: 195.6
212 307.1 , Est Remaining: 194.1
213 308.5 , Est Remaining: 192.7
214 310.0 , Est Remaining: 191.2
215 311.4 , Est Remaining: 189.7
216 312.8 , Est Remaining: 188.3
217 314.3 , Est Remaining: 186.8
218 315.7 , Est Remaining: 185.4
219 317.2 , Est Remaining: 183.9
220 318.6 , Est Remaining: 182.5
221 320.0 , Est Remaining: 181.0
222 321.5 , Est Remaining: 179.6
223 322.9 , Est Remaining: 178.1
224 324.3 , Est Remaining: 176.6
225 325.7 , Est Remaining: 175.2
226 327.2 , Est Remaining: 173.7
227 328.6 , Est Remaining: 172.3
228 330.0 , Est Remaining: 170.8
229 331.5 , Est Remaining: 169.3
230 332.9 , Est Remaining: 167.9
231 334.3 , Est Remaining: 166.4
232 335.8 , Est Remaining: 165.0
233 337.2 , Est Remaining: 163.5
EVENT FAILED
233 337.5 , Est Remaining: 163.7
234 338.9 , Est Remaining: 162.2
235 340.4 , Est Remaining: 160.8
236 341.8 , Est Remaining: 159.3
237 343.2 , Est Remaining: 157.8
238 344.6 , Est Remaining: 156.4
239 346.0 , Est Remaining: 154.9
240 347.4 , Est Remaining: 153.4
241 348.8 , Est Remaining: 152.0
242 350.2 , Est Remaining: 150.5
243 351.6 , Est Remaining: 149.0
244 352.9 , Est Remaining: 147.5
245 354.3 , Est Remaining: 146.1
246 355.7 , Est Remaining: 144.6
247 357.1 , Est Remaining: 143.1
248 358.5 , Est Remaining: 141.7
EVENT FAILED
248 358.8 , Est Remaining: 141.8
249 360.2 , Est Remaining: 140.3
250 361.6 , Est Remaining: 138.9
251 363.0 , Est Remaining: 137.4
252 364.4 , Est Remaining: 135.9
EVENT FAILED
252 364.7 , Est Remaining: 136.0
253 366.1 , Est Remaining: 134.6
254 367.5 , Est Remaining: 133.1
255 368.8 , Est Remaining: 131.6
256 370.2 , Est Remaining: 130.2
257 371.6 , Est Remaining: 128.7
258 373.0 , Est Remaining: 127.2
259 374.4 , Est Remaining: 125.8
260 375.7 , Est Remaining: 124.3
EVENT FAILED
260 376.1 , Est Remaining: 124.4
261 377.4 , Est Remaining: 122.9
262 378.8 , Est Remaining: 121.4
263 380.2 , Est Remaining: 120.0
264 381.6 , Est Remaining: 118.5
EVENT FAILED
264 382.4 , Est Remaining: 118.8
265 383.8 , Est Remaining: 117.3
266 385.2 , Est Remaining: 115.8
267 386.6 , Est Remaining: 114.4
268 388.0 , Est Remaining: 112.9
269 389.4 , Est Remaining: 111.5
270 390.8 , Est Remaining: 110.0
271 392.2 , Est Remaining: 108.5
272 393.6 , Est Remaining: 107.1
273 394.8 , Est Remaining: 105.6
274 396.2 , Est Remaining: 104.1
275 397.6 , Est Remaining: 102.6
276 399.0 , Est Remaining: 101.2
277 400.3 , Est Remaining: 99.7
278 401.7 , Est Remaining: 98.3
EVENT FAILED
278 402.0 , Est Remaining: 98.3
279 403.4 , Est Remaining: 96.9
280 404.8 , Est Remaining: 95.4
281 406.2 , Est Remaining: 94.0
282 407.6 , Est Remaining: 92.5
283 408.9 , Est Remaining: 91.0
284 410.3 , Est Remaining: 89.6
285 411.7 , Est Remaining: 88.1
286 413.0 , Est Remaining: 86.6
287 414.4 , Est Remaining: 85.2
288 415.7 , Est Remaining: 83.7
289 417.1 , Est Remaining: 82.3
290 418.5 , Est Remaining: 80.8
EVENT FAILED
290 418.8 , Est Remaining: 80.9
291 420.2 , Est Remaining: 79.4
292 421.5 , Est Remaining: 78.0
293 422.9 , Est Remaining: 76.5
294 424.2 , Est Remaining: 75.0
295 425.6 , Est Remaining: 73.6
296 426.9 , Est Remaining: 72.1
297 428.3 , Est Remaining: 70.7
298 429.7 , Est Remaining: 69.2
299 431.0 , Est Remaining: 67.8
300 432.4 , Est Remaining: 66.3
301 433.8 , Est Remaining: 64.8
302 435.3 , Est Remaining: 63.4
303 436.6 , Est Remaining: 62.0
304 438.0 , Est Remaining: 60.5
305 439.4 , Est Remaining: 59.1
306 440.8 , Est Remaining: 57.6
EVENT FAILED
306 441.1 , Est Remaining: 57.7
307 442.5 , Est Remaining: 56.2
308 443.9 , Est Remaining: 54.8
309 445.2 , Est Remaining: 53.3
310 446.6 , Est Remaining: 51.9
311 447.9 , Est Remaining: 50.4
312 449.3 , Est Remaining: 49.0
313 450.7 , Est Remaining: 47.5
314 452.0 , Est Remaining: 46.1
315 453.4 , Est Remaining: 44.6
316 454.7 , Est Remaining: 43.2
317 456.1 , Est Remaining: 41.7
318 457.5 , Est Remaining: 40.3
319 458.8 , Est Remaining: 38.8
320 460.2 , Est Remaining: 37.4
321 461.6 , Est Remaining: 35.9
322 462.9 , Est Remaining: 34.5
323 464.3 , Est Remaining: 33.1
324 465.6 , Est Remaining: 31.6
325 467.0 , Est Remaining: 30.2
