Note: NumExpr detected 32 cores but "NUMEXPR_MAX_THREADS" not set, so enforcing safe limit of 8.
Using selector: EpollSelector
/n/home02/jhaefner/miniconda/envs/IC-3.7-2020-06-16/lib/python3.7/site-packages/scipy/optimize/minpack.py:808: OptimizeWarning: Covariance of the parameters could not be estimated
  category=OptimizeWarning)
Total rwfs: 346
0 0.0 , Est Remaining: 999999.9
1 1.4 , Est Remaining: 475.6
2 2.7 , Est Remaining: 471.5
3 4.1 , Est Remaining: 471.2
EVENT FAILED
3 4.4 , Est Remaining: 506.8
4 5.8 , Est Remaining: 493.5
5 7.1 , Est Remaining: 485.3
6 8.5 , Est Remaining: 479.5
7 9.8 , Est Remaining: 474.5
8 11.1 , Est Remaining: 470.1
9 12.4 , Est Remaining: 465.9
10 13.8 , Est Remaining: 462.4
EVENT FAILED
10 14.1 , Est Remaining: 472.4
11 15.4 , Est Remaining: 467.6
12 16.7 , Est Remaining: 464.9
13 18.0 , Est Remaining: 461.7
EVENT FAILED
13 18.3 , Est Remaining: 469.2
14 19.6 , Est Remaining: 465.8
15 21.0 , Est Remaining: 462.6
16 22.3 , Est Remaining: 459.6
17 23.6 , Est Remaining: 456.6
EVENT FAILED
17 23.9 , Est Remaining: 462.2
18 25.2 , Est Remaining: 459.4
19 26.5 , Est Remaining: 456.9
20 27.9 , Est Remaining: 454.4
21 29.2 , Est Remaining: 451.9
22 30.5 , Est Remaining: 449.5
23 31.9 , Est Remaining: 447.4
24 33.2 , Est Remaining: 445.5
25 34.5 , Est Remaining: 443.5
26 35.9 , Est Remaining: 441.8
27 37.2 , Est Remaining: 439.7
28 38.5 , Est Remaining: 437.8
29 39.9 , Est Remaining: 435.9
30 41.2 , Est Remaining: 434.1
31 42.5 , Est Remaining: 432.2
32 43.9 , Est Remaining: 430.3
33 45.2 , Est Remaining: 428.5
34 46.5 , Est Remaining: 426.7
35 47.8 , Est Remaining: 424.8
36 49.1 , Est Remaining: 423.1
37 50.5 , Est Remaining: 421.4
38 51.8 , Est Remaining: 419.7
39 53.1 , Est Remaining: 418.1
40 54.5 , Est Remaining: 416.6
41 55.8 , Est Remaining: 415.0
42 57.1 , Est Remaining: 413.5
43 58.5 , Est Remaining: 412.0
44 59.8 , Est Remaining: 410.6
45 61.2 , Est Remaining: 409.2
46 62.5 , Est Remaining: 407.6
47 63.8 , Est Remaining: 406.1
48 65.2 , Est Remaining: 404.5
49 66.5 , Est Remaining: 403.0
50 67.8 , Est Remaining: 401.3
51 69.1 , Est Remaining: 399.9
52 70.5 , Est Remaining: 398.4
53 71.8 , Est Remaining: 396.8
54 73.1 , Est Remaining: 395.3
55 74.4 , Est Remaining: 393.8
56 75.8 , Est Remaining: 392.3
57 77.1 , Est Remaining: 390.9
58 78.4 , Est Remaining: 389.4
59 79.7 , Est Remaining: 387.9
60 81.1 , Est Remaining: 386.4
61 82.4 , Est Remaining: 384.9
62 83.7 , Est Remaining: 383.4
63 85.0 , Est Remaining: 382.0
64 86.4 , Est Remaining: 380.6
65 87.7 , Est Remaining: 379.1
66 89.0 , Est Remaining: 377.7
67 90.4 , Est Remaining: 376.3
68 91.7 , Est Remaining: 374.9
69 93.0 , Est Remaining: 373.5
70 94.4 , Est Remaining: 372.0
71 95.7 , Est Remaining: 370.6
72 97.0 , Est Remaining: 369.2
73 98.3 , Est Remaining: 367.8
74 99.7 , Est Remaining: 366.4
75 101.0 , Est Remaining: 365.0
76 102.3 , Est Remaining: 363.6
77 103.7 , Est Remaining: 362.2
78 105.0 , Est Remaining: 360.8
79 106.4 , Est Remaining: 359.5
80 107.7 , Est Remaining: 358.0
81 109.0 , Est Remaining: 356.7
82 110.4 , Est Remaining: 355.3
83 111.7 , Est Remaining: 353.9
84 113.0 , Est Remaining: 352.6
85 114.4 , Est Remaining: 351.2
86 115.7 , Est Remaining: 349.8
87 117.0 , Est Remaining: 348.4
88 118.4 , Est Remaining: 347.0
89 119.7 , Est Remaining: 345.6
90 121.0 , Est Remaining: 344.2
EVENT FAILED
90 121.3 , Est Remaining: 345.0
91 122.6 , Est Remaining: 343.6
92 124.0 , Est Remaining: 342.2
93 125.3 , Est Remaining: 340.8
94 126.6 , Est Remaining: 339.5
95 128.0 , Est Remaining: 338.1
96 129.3 , Est Remaining: 336.7
97 130.6 , Est Remaining: 335.3
98 132.0 , Est Remaining: 333.9
EVENT FAILED
98 132.3 , Est Remaining: 334.7
99 133.6 , Est Remaining: 333.3
100 134.9 , Est Remaining: 331.9
101 136.3 , Est Remaining: 330.5
102 137.6 , Est Remaining: 329.1
103 139.0 , Est Remaining: 327.9
104 140.3 , Est Remaining: 326.5
105 141.6 , Est Remaining: 325.1
106 142.9 , Est Remaining: 323.7
107 144.3 , Est Remaining: 322.3
108 145.6 , Est Remaining: 320.9
109 146.9 , Est Remaining: 319.5
110 148.3 , Est Remaining: 318.1
111 149.6 , Est Remaining: 316.7
112 150.9 , Est Remaining: 315.3
113 152.2 , Est Remaining: 313.9
114 153.5 , Est Remaining: 312.5
115 154.9 , Est Remaining: 311.1
116 156.2 , Est Remaining: 309.7
117 157.5 , Est Remaining: 308.3
118 158.8 , Est Remaining: 306.9
119 160.2 , Est Remaining: 305.5
120 161.5 , Est Remaining: 304.1
121 162.8 , Est Remaining: 302.8
122 164.1 , Est Remaining: 301.4
123 165.5 , Est Remaining: 300.0
124 166.8 , Est Remaining: 298.6
125 168.1 , Est Remaining: 297.3
126 169.5 , Est Remaining: 295.9
127 170.8 , Est Remaining: 294.5
128 172.1 , Est Remaining: 293.1
129 173.4 , Est Remaining: 291.7
130 174.7 , Est Remaining: 290.3
131 176.1 , Est Remaining: 289.0
EVENT FAILED
131 176.4 , Est Remaining: 289.4
132 177.6 , Est Remaining: 288.0
133 179.0 , Est Remaining: 286.6
134 180.3 , Est Remaining: 285.2
135 181.6 , Est Remaining: 283.8
136 182.9 , Est Remaining: 282.5
137 184.2 , Est Remaining: 281.1
138 185.6 , Est Remaining: 279.7
139 186.9 , Est Remaining: 278.3
140 188.2 , Est Remaining: 276.9
141 189.5 , Est Remaining: 275.6
142 190.9 , Est Remaining: 274.2
143 192.2 , Est Remaining: 272.9
144 193.6 , Est Remaining: 271.5
145 194.9 , Est Remaining: 270.2
EVENT FAILED
145 195.2 , Est Remaining: 270.6
146 196.5 , Est Remaining: 269.2
147 197.8 , Est Remaining: 267.8
148 199.2 , Est Remaining: 266.4
149 200.5 , Est Remaining: 265.1
150 201.8 , Est Remaining: 263.7
151 203.1 , Est Remaining: 262.3
152 204.5 , Est Remaining: 261.0
153 205.8 , Est Remaining: 259.6
154 207.1 , Est Remaining: 258.2
155 208.4 , Est Remaining: 256.8
156 209.8 , Est Remaining: 255.5
157 211.1 , Est Remaining: 254.1
158 212.4 , Est Remaining: 252.8
159 213.8 , Est Remaining: 251.4
160 215.1 , Est Remaining: 250.1
161 216.4 , Est Remaining: 248.7
162 217.8 , Est Remaining: 247.4
163 219.1 , Est Remaining: 246.0
164 220.5 , Est Remaining: 244.7
165 221.8 , Est Remaining: 243.3
166 223.2 , Est Remaining: 242.0
167 224.5 , Est Remaining: 240.6
168 225.8 , Est Remaining: 239.3
169 227.2 , Est Remaining: 237.9
170 228.5 , Est Remaining: 236.6
171 229.8 , Est Remaining: 235.2
172 231.2 , Est Remaining: 233.9
173 232.5 , Est Remaining: 232.5
174 233.8 , Est Remaining: 231.1
175 235.1 , Est Remaining: 229.7
176 236.4 , Est Remaining: 228.4
177 237.8 , Est Remaining: 227.0
178 239.1 , Est Remaining: 225.7
179 240.4 , Est Remaining: 224.3
180 241.8 , Est Remaining: 222.9
181 243.1 , Est Remaining: 221.6
EVENT FAILED
181 243.4 , Est Remaining: 221.8
182 244.7 , Est Remaining: 220.5
183 246.0 , Est Remaining: 219.2
184 247.4 , Est Remaining: 217.8
185 248.7 , Est Remaining: 216.4
186 250.0 , Est Remaining: 215.1
187 251.4 , Est Remaining: 213.7
188 252.7 , Est Remaining: 212.4
189 254.1 , Est Remaining: 211.0
190 255.4 , Est Remaining: 209.7
191 256.7 , Est Remaining: 208.3
192 258.1 , Est Remaining: 207.0
193 259.4 , Est Remaining: 205.6
194 260.7 , Est Remaining: 204.3
195 262.0 , Est Remaining: 202.9
196 263.4 , Est Remaining: 201.6
197 264.7 , Est Remaining: 200.2
198 266.0 , Est Remaining: 198.9
199 267.4 , Est Remaining: 197.5
EVENT FAILED
199 267.7 , Est Remaining: 197.7
200 269.0 , Est Remaining: 196.4
201 270.3 , Est Remaining: 195.0
202 271.6 , Est Remaining: 193.6
203 273.1 , Est Remaining: 192.4
204 274.4 , Est Remaining: 191.0
205 275.7 , Est Remaining: 189.6
206 277.1 , Est Remaining: 188.3
207 278.4 , Est Remaining: 186.9
208 279.7 , Est Remaining: 185.6
209 281.0 , Est Remaining: 184.2
210 282.4 , Est Remaining: 182.9
211 283.7 , Est Remaining: 181.5
212 285.0 , Est Remaining: 180.2
213 286.4 , Est Remaining: 178.8
214 287.7 , Est Remaining: 177.5
215 289.0 , Est Remaining: 176.1
216 290.3 , Est Remaining: 174.7
217 291.7 , Est Remaining: 173.4
218 293.0 , Est Remaining: 172.0
219 294.3 , Est Remaining: 170.7
220 295.6 , Est Remaining: 169.3
221 296.9 , Est Remaining: 168.0
222 298.3 , Est Remaining: 166.6
223 299.6 , Est Remaining: 165.3
224 300.9 , Est Remaining: 163.9
225 302.3 , Est Remaining: 162.6
226 303.6 , Est Remaining: 161.2
227 305.0 , Est Remaining: 159.9
228 306.2 , Est Remaining: 158.5
229 307.5 , Est Remaining: 157.1
230 308.8 , Est Remaining: 155.7
231 310.1 , Est Remaining: 154.4
232 311.5 , Est Remaining: 153.0
233 312.8 , Est Remaining: 151.7
234 314.1 , Est Remaining: 150.4
235 315.5 , Est Remaining: 149.0
236 316.8 , Est Remaining: 147.7
237 318.1 , Est Remaining: 146.3
238 319.5 , Est Remaining: 145.0
239 320.8 , Est Remaining: 143.6
240 322.1 , Est Remaining: 142.3
241 323.5 , Est Remaining: 140.9
242 324.8 , Est Remaining: 139.6
243 326.1 , Est Remaining: 138.2
244 327.5 , Est Remaining: 136.9
245 328.8 , Est Remaining: 135.5
246 330.1 , Est Remaining: 134.2
247 331.4 , Est Remaining: 132.8
248 332.7 , Est Remaining: 131.5
249 334.1 , Est Remaining: 130.1
250 335.4 , Est Remaining: 128.8
251 336.7 , Est Remaining: 127.4
252 338.0 , Est Remaining: 126.1
253 339.4 , Est Remaining: 124.7
254 340.7 , Est Remaining: 123.4
255 342.0 , Est Remaining: 122.0
256 343.3 , Est Remaining: 120.7
257 344.7 , Est Remaining: 119.4
258 346.0 , Est Remaining: 118.0
259 347.3 , Est Remaining: 116.7
260 348.7 , Est Remaining: 115.3
261 350.0 , Est Remaining: 114.0
262 351.3 , Est Remaining: 112.6
263 352.6 , Est Remaining: 111.3
264 353.9 , Est Remaining: 109.9
265 355.3 , Est Remaining: 108.6
266 356.6 , Est Remaining: 107.2
267 357.9 , Est Remaining: 105.9
268 359.2 , Est Remaining: 104.6
269 360.6 , Est Remaining: 103.2
270 361.9 , Est Remaining: 101.9
271 363.2 , Est Remaining: 100.5
272 364.5 , Est Remaining: 99.2
273 365.9 , Est Remaining: 97.8
274 367.2 , Est Remaining: 96.5
275 368.6 , Est Remaining: 95.2
276 369.9 , Est Remaining: 93.8
277 371.2 , Est Remaining: 92.5
278 372.5 , Est Remaining: 91.1
EVENT FAILED
278 372.8 , Est Remaining: 91.2
279 374.2 , Est Remaining: 89.9
280 375.5 , Est Remaining: 88.5
281 376.8 , Est Remaining: 87.2
282 378.2 , Est Remaining: 85.8
283 379.5 , Est Remaining: 84.5
284 380.8 , Est Remaining: 83.1
285 382.1 , Est Remaining: 81.8
286 383.5 , Est Remaining: 80.4
287 384.8 , Est Remaining: 79.1
288 386.1 , Est Remaining: 77.8
289 387.4 , Est Remaining: 76.4
EVENT FAILED
289 387.7 , Est Remaining: 76.5
290 389.1 , Est Remaining: 75.1
291 390.4 , Est Remaining: 73.8
292 391.7 , Est Remaining: 72.4
293 393.0 , Est Remaining: 71.1
294 394.4 , Est Remaining: 69.8
295 395.7 , Est Remaining: 68.4
296 397.0 , Est Remaining: 67.1
297 398.4 , Est Remaining: 65.7
298 399.7 , Est Remaining: 64.4
299 401.0 , Est Remaining: 63.0
300 402.4 , Est Remaining: 61.7
301 403.7 , Est Remaining: 60.4
302 405.2 , Est Remaining: 59.0
303 406.5 , Est Remaining: 57.7
304 407.9 , Est Remaining: 56.3
EVENT FAILED
304 408.1 , Est Remaining: 56.4
305 409.5 , Est Remaining: 55.0
306 410.8 , Est Remaining: 53.7
307 412.1 , Est Remaining: 52.4
308 413.5 , Est Remaining: 51.0
309 414.8 , Est Remaining: 49.7
310 416.1 , Est Remaining: 48.3
311 417.5 , Est Remaining: 47.0
312 418.8 , Est Remaining: 45.6
313 420.2 , Est Remaining: 44.3
314 421.5 , Est Remaining: 43.0
315 422.8 , Est Remaining: 41.6
316 424.1 , Est Remaining: 40.3
317 425.4 , Est Remaining: 38.9
318 426.8 , Est Remaining: 37.6
EVENT FAILED
318 427.1 , Est Remaining: 37.6
319 428.4 , Est Remaining: 36.3
320 429.8 , Est Remaining: 34.9
321 431.1 , Est Remaining: 33.6
322 432.4 , Est Remaining: 32.2
323 433.8 , Est Remaining: 30.9
324 435.1 , Est Remaining: 29.5
325 436.4 , Est Remaining: 28.2
326 437.7 , Est Remaining: 26.9
327 439.0 , Est Remaining: 25.5
328 440.3 , Est Remaining: 24.2
329 441.6 , Est Remaining: 22.8
330 442.9 , Est Remaining: 21.5
331 444.2 , Est Remaining: 20.1
