Note: NumExpr detected 32 cores but "NUMEXPR_MAX_THREADS" not set, so enforcing safe limit of 8.
Using selector: EpollSelector
/n/home02/jhaefner/miniconda/envs/IC-3.7-2020-06-16/lib/python3.7/site-packages/scipy/optimize/minpack.py:808: OptimizeWarning: Covariance of the parameters could not be estimated
  category=OptimizeWarning)
Total rwfs: 346
0 0.0 , Est Remaining: 999999.9
1 1.4 , Est Remaining: 486.5
2 2.8 , Est Remaining: 481.4
3 4.2 , Est Remaining: 483.2
4 5.6 , Est Remaining: 477.3
5 7.0 , Est Remaining: 474.9
6 8.3 , Est Remaining: 471.9
7 9.7 , Est Remaining: 469.1
8 11.0 , Est Remaining: 466.6
9 12.4 , Est Remaining: 464.2
10 13.8 , Est Remaining: 462.2
11 15.1 , Est Remaining: 460.6
12 16.5 , Est Remaining: 459.2
13 17.7 , Est Remaining: 454.0
14 19.0 , Est Remaining: 451.6
15 20.4 , Est Remaining: 449.8
16 21.7 , Est Remaining: 448.1
17 23.1 , Est Remaining: 446.5
18 24.4 , Est Remaining: 444.9
19 25.8 , Est Remaining: 443.2
20 27.1 , Est Remaining: 441.6
21 28.4 , Est Remaining: 440.2
22 29.8 , Est Remaining: 439.0
23 31.2 , Est Remaining: 437.6
24 32.5 , Est Remaining: 436.0
25 33.9 , Est Remaining: 434.7
26 35.2 , Est Remaining: 432.9
27 36.5 , Est Remaining: 431.4
28 37.9 , Est Remaining: 429.9
29 39.2 , Est Remaining: 428.2
30 40.5 , Est Remaining: 426.6
31 41.8 , Est Remaining: 425.0
32 43.1 , Est Remaining: 423.3
33 44.5 , Est Remaining: 421.8
34 45.8 , Est Remaining: 420.2
35 47.1 , Est Remaining: 418.7
36 48.4 , Est Remaining: 417.1
37 49.8 , Est Remaining: 415.7
38 51.1 , Est Remaining: 414.4
39 52.5 , Est Remaining: 412.9
40 53.8 , Est Remaining: 411.4
41 55.1 , Est Remaining: 409.9
42 56.4 , Est Remaining: 408.5
43 57.8 , Est Remaining: 407.0
44 59.1 , Est Remaining: 405.6
45 60.4 , Est Remaining: 404.2
46 61.8 , Est Remaining: 403.0
47 63.1 , Est Remaining: 401.7
48 64.5 , Est Remaining: 400.5
49 65.9 , Est Remaining: 399.3
50 67.2 , Est Remaining: 398.0
51 68.6 , Est Remaining: 396.9
EVENT FAILED
51 68.9 , Est Remaining: 398.6
52 70.3 , Est Remaining: 397.2
53 71.6 , Est Remaining: 395.9
54 73.0 , Est Remaining: 394.7
55 74.4 , Est Remaining: 393.5
56 75.8 , Est Remaining: 392.3
57 77.1 , Est Remaining: 391.1
58 78.5 , Est Remaining: 389.9
59 79.9 , Est Remaining: 388.7
60 81.3 , Est Remaining: 387.6
61 82.7 , Est Remaining: 386.4
EVENT FAILED
61 83.0 , Est Remaining: 387.9
62 84.5 , Est Remaining: 386.9
63 85.9 , Est Remaining: 385.9
64 87.3 , Est Remaining: 384.8
65 88.7 , Est Remaining: 383.7
66 90.2 , Est Remaining: 382.6
67 91.6 , Est Remaining: 381.5
68 93.0 , Est Remaining: 380.4
69 94.5 , Est Remaining: 379.3
70 95.9 , Est Remaining: 378.2
71 97.3 , Est Remaining: 377.0
72 98.8 , Est Remaining: 375.9
73 100.2 , Est Remaining: 374.7
74 101.6 , Est Remaining: 373.6
75 103.1 , Est Remaining: 372.4
76 104.5 , Est Remaining: 371.3
77 106.0 , Est Remaining: 370.1
78 107.4 , Est Remaining: 369.0
79 108.8 , Est Remaining: 367.8
80 110.3 , Est Remaining: 366.6
81 111.7 , Est Remaining: 365.5
82 113.0 , Est Remaining: 363.8
83 114.5 , Est Remaining: 362.7
84 115.9 , Est Remaining: 361.5
85 117.3 , Est Remaining: 360.2
86 118.7 , Est Remaining: 359.0
87 120.2 , Est Remaining: 357.8
88 121.6 , Est Remaining: 356.5
89 123.0 , Est Remaining: 355.3
90 124.5 , Est Remaining: 354.1
91 125.9 , Est Remaining: 352.9
92 127.4 , Est Remaining: 351.6
93 128.8 , Est Remaining: 350.4
94 130.2 , Est Remaining: 349.2
95 131.7 , Est Remaining: 347.9
96 133.1 , Est Remaining: 346.7
97 134.6 , Est Remaining: 345.5
98 136.1 , Est Remaining: 344.3
99 137.5 , Est Remaining: 343.1
100 139.0 , Est Remaining: 341.8
101 140.4 , Est Remaining: 340.6
EVENT FAILED
101 140.7 , Est Remaining: 341.3
102 142.2 , Est Remaining: 340.1
103 143.7 , Est Remaining: 339.0
104 145.1 , Est Remaining: 337.7
105 146.6 , Est Remaining: 336.4
106 148.0 , Est Remaining: 335.2
107 149.5 , Est Remaining: 333.9
108 151.0 , Est Remaining: 332.6
109 152.4 , Est Remaining: 331.4
110 153.9 , Est Remaining: 330.1
111 155.3 , Est Remaining: 328.9
112 156.8 , Est Remaining: 327.6
113 158.3 , Est Remaining: 326.4
114 159.7 , Est Remaining: 325.1
115 161.2 , Est Remaining: 323.8
116 162.6 , Est Remaining: 322.5
117 164.1 , Est Remaining: 321.2
118 165.6 , Est Remaining: 319.9
119 167.0 , Est Remaining: 318.7
120 168.5 , Est Remaining: 317.4
121 170.0 , Est Remaining: 316.0
122 171.4 , Est Remaining: 314.8
123 172.9 , Est Remaining: 313.4
124 174.3 , Est Remaining: 312.1
125 175.8 , Est Remaining: 310.8
126 177.3 , Est Remaining: 309.5
127 178.7 , Est Remaining: 308.2
128 180.2 , Est Remaining: 306.8
129 181.6 , Est Remaining: 305.5
130 183.1 , Est Remaining: 304.2
131 184.5 , Est Remaining: 302.8
132 186.0 , Est Remaining: 301.5
133 187.4 , Est Remaining: 300.2
134 188.9 , Est Remaining: 298.9
135 190.4 , Est Remaining: 297.6
136 191.8 , Est Remaining: 296.2
137 193.3 , Est Remaining: 294.9
138 194.7 , Est Remaining: 293.5
139 196.3 , Est Remaining: 292.3
140 197.7 , Est Remaining: 290.9
141 199.2 , Est Remaining: 289.6
142 200.6 , Est Remaining: 288.2
143 202.1 , Est Remaining: 286.9
144 203.6 , Est Remaining: 285.5
145 205.0 , Est Remaining: 284.2
146 206.5 , Est Remaining: 282.9
147 207.9 , Est Remaining: 281.5
148 209.4 , Est Remaining: 280.2
149 210.9 , Est Remaining: 278.8
150 212.4 , Est Remaining: 277.5
151 213.9 , Est Remaining: 276.2
152 215.3 , Est Remaining: 274.9
153 216.8 , Est Remaining: 273.5
154 218.3 , Est Remaining: 272.1
155 219.7 , Est Remaining: 270.8
156 221.2 , Est Remaining: 269.4
157 222.7 , Est Remaining: 268.0
158 224.1 , Est Remaining: 266.7
159 225.6 , Est Remaining: 265.3
160 227.0 , Est Remaining: 263.9
161 228.5 , Est Remaining: 262.5
162 229.9 , Est Remaining: 261.2
163 231.4 , Est Remaining: 259.8
164 232.8 , Est Remaining: 258.4
165 234.3 , Est Remaining: 257.0
166 235.7 , Est Remaining: 255.6
167 237.2 , Est Remaining: 254.2
168 238.6 , Est Remaining: 252.8
169 240.0 , Est Remaining: 251.4
170 241.5 , Est Remaining: 250.0
171 242.9 , Est Remaining: 248.6
172 244.4 , Est Remaining: 247.2
173 245.8 , Est Remaining: 245.8
174 247.2 , Est Remaining: 244.4
175 248.7 , Est Remaining: 243.0
176 250.1 , Est Remaining: 241.6
177 251.6 , Est Remaining: 240.2
178 253.1 , Est Remaining: 238.9
179 254.5 , Est Remaining: 237.4
180 256.0 , Est Remaining: 236.1
181 257.4 , Est Remaining: 234.7
182 258.9 , Est Remaining: 233.3
183 260.4 , Est Remaining: 231.9
184 261.8 , Est Remaining: 230.5
185 263.3 , Est Remaining: 229.1
186 264.8 , Est Remaining: 227.8
187 266.2 , Est Remaining: 226.4
188 267.7 , Est Remaining: 225.0
189 269.2 , Est Remaining: 223.6
190 270.7 , Est Remaining: 222.2
191 272.1 , Est Remaining: 220.8
192 273.6 , Est Remaining: 219.4
193 275.1 , Est Remaining: 218.1
194 276.6 , Est Remaining: 216.7
195 278.0 , Est Remaining: 215.3
196 279.5 , Est Remaining: 213.9
197 281.0 , Est Remaining: 212.5
198 282.4 , Est Remaining: 211.1
199 283.9 , Est Remaining: 209.7
200 285.4 , Est Remaining: 208.3
201 286.8 , Est Remaining: 206.9
202 288.3 , Est Remaining: 205.5
203 289.9 , Est Remaining: 204.2
204 291.4 , Est Remaining: 202.8
205 292.8 , Est Remaining: 201.4
206 294.3 , Est Remaining: 200.0
207 295.8 , Est Remaining: 198.6
208 297.2 , Est Remaining: 197.2
209 298.7 , Est Remaining: 195.8
210 300.1 , Est Remaining: 194.4
211 301.6 , Est Remaining: 193.0
212 303.1 , Est Remaining: 191.6
213 304.5 , Est Remaining: 190.1
214 306.0 , Est Remaining: 188.7
EVENT FAILED
214 306.3 , Est Remaining: 188.9
215 307.7 , Est Remaining: 187.5
216 309.2 , Est Remaining: 186.1
217 310.6 , Est Remaining: 184.7
218 312.1 , Est Remaining: 183.2
219 313.5 , Est Remaining: 181.8
220 315.0 , Est Remaining: 180.4
221 316.4 , Est Remaining: 179.0
222 317.9 , Est Remaining: 177.6
223 319.3 , Est Remaining: 176.1
224 320.8 , Est Remaining: 174.7
225 322.2 , Est Remaining: 173.3
226 323.7 , Est Remaining: 171.9
227 325.1 , Est Remaining: 170.4
228 326.6 , Est Remaining: 169.0
229 328.0 , Est Remaining: 167.6
230 329.5 , Est Remaining: 166.2
231 331.0 , Est Remaining: 164.8
EVENT FAILED
231 331.3 , Est Remaining: 164.9
232 332.7 , Est Remaining: 163.5
233 334.2 , Est Remaining: 162.1
EVENT FAILED
233 334.5 , Est Remaining: 162.2
234 335.9 , Est Remaining: 160.8
235 337.4 , Est Remaining: 159.4
236 338.8 , Est Remaining: 157.9
237 340.3 , Est Remaining: 156.5
238 341.7 , Est Remaining: 155.1
239 343.1 , Est Remaining: 153.6
240 344.6 , Est Remaining: 152.2
EVENT FAILED
240 344.9 , Est Remaining: 152.3
241 346.3 , Est Remaining: 150.9
242 347.8 , Est Remaining: 149.5
243 349.2 , Est Remaining: 148.0
244 350.7 , Est Remaining: 146.6
245 352.1 , Est Remaining: 145.2
246 353.6 , Est Remaining: 143.7
247 355.0 , Est Remaining: 142.3
248 356.5 , Est Remaining: 140.9
249 357.9 , Est Remaining: 139.4
250 359.4 , Est Remaining: 138.0
251 360.8 , Est Remaining: 136.6
252 362.3 , Est Remaining: 135.1
253 363.7 , Est Remaining: 133.7
254 365.2 , Est Remaining: 132.3
255 366.6 , Est Remaining: 130.8
256 368.1 , Est Remaining: 129.4
257 369.5 , Est Remaining: 128.0
EVENT FAILED
257 369.8 , Est Remaining: 128.1
258 371.3 , Est Remaining: 126.6
259 372.7 , Est Remaining: 125.2
260 374.1 , Est Remaining: 123.8
261 375.6 , Est Remaining: 122.3
262 377.0 , Est Remaining: 120.9
263 378.5 , Est Remaining: 119.4
264 379.9 , Est Remaining: 118.0
265 381.3 , Est Remaining: 116.6
266 382.8 , Est Remaining: 115.1
267 384.2 , Est Remaining: 113.7
268 385.7 , Est Remaining: 112.2
269 387.1 , Est Remaining: 110.8
270 388.6 , Est Remaining: 109.4
271 390.0 , Est Remaining: 107.9
EVENT FAILED
271 390.3 , Est Remaining: 108.0
272 391.8 , Est Remaining: 106.6
273 393.2 , Est Remaining: 105.1
274 394.6 , Est Remaining: 103.7
275 396.1 , Est Remaining: 102.3
276 397.5 , Est Remaining: 100.8
277 399.0 , Est Remaining: 99.4
278 400.5 , Est Remaining: 98.0
279 401.9 , Est Remaining: 96.5
280 403.4 , Est Remaining: 95.1
281 404.9 , Est Remaining: 93.6
282 406.3 , Est Remaining: 92.2
283 407.8 , Est Remaining: 90.8
284 409.2 , Est Remaining: 89.3
285 410.7 , Est Remaining: 87.9
286 412.1 , Est Remaining: 86.5
287 413.6 , Est Remaining: 85.0
288 415.0 , Est Remaining: 83.6
289 416.5 , Est Remaining: 82.1
290 417.9 , Est Remaining: 80.7
291 419.4 , Est Remaining: 79.3
292 420.9 , Est Remaining: 77.8
293 422.3 , Est Remaining: 76.4
294 423.8 , Est Remaining: 75.0
295 425.3 , Est Remaining: 73.5
296 426.8 , Est Remaining: 72.1
297 428.2 , Est Remaining: 70.7
298 429.7 , Est Remaining: 69.2
299 431.1 , Est Remaining: 67.8
300 432.6 , Est Remaining: 66.3
301 434.0 , Est Remaining: 64.9
302 435.7 , Est Remaining: 63.5
303 437.1 , Est Remaining: 62.0
304 438.5 , Est Remaining: 60.6
305 440.0 , Est Remaining: 59.1
306 441.4 , Est Remaining: 57.7
EVENT FAILED
306 441.7 , Est Remaining: 57.7
307 443.1 , Est Remaining: 56.3
308 444.6 , Est Remaining: 54.8
309 446.0 , Est Remaining: 53.4
310 447.4 , Est Remaining: 52.0
311 448.8 , Est Remaining: 50.5
312 450.2 , Est Remaining: 49.1
313 451.6 , Est Remaining: 47.6
314 453.0 , Est Remaining: 46.2
315 454.5 , Est Remaining: 44.7
316 455.9 , Est Remaining: 43.3
317 457.3 , Est Remaining: 41.8
318 458.7 , Est Remaining: 40.4
319 460.1 , Est Remaining: 38.9
320 461.5 , Est Remaining: 37.5
321 462.9 , Est Remaining: 36.1
322 464.3 , Est Remaining: 34.6
323 465.7 , Est Remaining: 33.2
324 467.1 , Est Remaining: 31.7
325 468.5 , Est Remaining: 30.3
326 469.9 , Est Remaining: 28.8
327 471.3 , Est Remaining: 27.4
328 472.7 , Est Remaining: 25.9
329 474.1 , Est Remaining: 24.5
330 475.5 , Est Remaining: 23.1
331 476.9 , Est Remaining: 21.6
EVENT FAILED
331 477.2 , Est Remaining: 21.6
332 478.6 , Est Remaining: 20.2
333 480.0 , Est Remaining: 18.7
334 481.4 , Est Remaining: 17.3
