Note: NumExpr detected 32 cores but "NUMEXPR_MAX_THREADS" not set, so enforcing safe limit of 8.
Using selector: EpollSelector
/n/home02/jhaefner/miniconda/envs/IC-3.7-2020-06-16/lib/python3.7/site-packages/scipy/optimize/minpack.py:808: OptimizeWarning: Covariance of the parameters could not be estimated
  category=OptimizeWarning)
Total rwfs: 346
0 0.0 , Est Remaining: 999999.9
1 1.4 , Est Remaining: 492.8
2 2.9 , Est Remaining: 492.5
3 4.3 , Est Remaining: 491.7
4 5.7 , Est Remaining: 485.9
5 7.1 , Est Remaining: 481.9
6 8.5 , Est Remaining: 479.3
7 9.8 , Est Remaining: 476.4
8 11.2 , Est Remaining: 473.9
9 12.6 , Est Remaining: 473.1
10 14.0 , Est Remaining: 471.2
11 15.4 , Est Remaining: 468.7
12 16.8 , Est Remaining: 467.5
13 18.2 , Est Remaining: 465.8
14 19.6 , Est Remaining: 464.4
15 20.9 , Est Remaining: 462.3
16 22.3 , Est Remaining: 460.0
17 23.7 , Est Remaining: 458.4
18 25.1 , Est Remaining: 456.7
19 26.4 , Est Remaining: 455.0
20 27.8 , Est Remaining: 453.5
21 29.2 , Est Remaining: 452.2
22 30.6 , Est Remaining: 450.8
23 32.0 , Est Remaining: 449.5
24 33.4 , Est Remaining: 448.2
25 34.8 , Est Remaining: 447.1
26 36.2 , Est Remaining: 445.7
27 37.6 , Est Remaining: 444.5
28 39.0 , Est Remaining: 443.1
29 40.4 , Est Remaining: 441.9
30 41.8 , Est Remaining: 440.7
31 43.2 , Est Remaining: 439.5
32 44.6 , Est Remaining: 438.0
33 46.0 , Est Remaining: 436.7
34 47.5 , Est Remaining: 435.4
35 48.9 , Est Remaining: 434.2
36 50.3 , Est Remaining: 433.0
37 51.7 , Est Remaining: 431.7
38 53.1 , Est Remaining: 430.5
39 54.5 , Est Remaining: 429.1
40 55.9 , Est Remaining: 427.9
41 57.4 , Est Remaining: 426.7
42 58.8 , Est Remaining: 425.7
43 60.2 , Est Remaining: 424.5
44 61.7 , Est Remaining: 423.4
45 63.1 , Est Remaining: 421.8
46 64.5 , Est Remaining: 420.6
47 65.9 , Est Remaining: 419.4
48 67.4 , Est Remaining: 418.2
49 68.8 , Est Remaining: 416.9
50 70.2 , Est Remaining: 415.6
51 71.6 , Est Remaining: 414.3
52 73.1 , Est Remaining: 413.0
53 74.5 , Est Remaining: 411.7
54 75.9 , Est Remaining: 410.4
55 77.3 , Est Remaining: 409.1
56 78.8 , Est Remaining: 407.8
57 80.2 , Est Remaining: 406.5
58 81.6 , Est Remaining: 405.3
59 83.1 , Est Remaining: 404.0
60 84.5 , Est Remaining: 402.8
61 85.9 , Est Remaining: 401.4
62 87.4 , Est Remaining: 400.2
63 88.8 , Est Remaining: 398.9
64 90.3 , Est Remaining: 397.7
65 91.7 , Est Remaining: 396.4
66 93.1 , Est Remaining: 395.2
67 94.6 , Est Remaining: 393.9
68 96.0 , Est Remaining: 392.6
69 97.5 , Est Remaining: 391.4
70 98.9 , Est Remaining: 390.1
71 100.4 , Est Remaining: 388.8
72 101.8 , Est Remaining: 387.5
73 103.3 , Est Remaining: 386.3
74 104.7 , Est Remaining: 385.0
75 106.2 , Est Remaining: 383.7
76 107.6 , Est Remaining: 382.4
77 109.1 , Est Remaining: 381.0
78 110.5 , Est Remaining: 379.7
79 112.0 , Est Remaining: 378.5
80 113.4 , Est Remaining: 377.2
81 114.9 , Est Remaining: 375.9
82 116.3 , Est Remaining: 374.5
83 117.8 , Est Remaining: 373.2
84 119.2 , Est Remaining: 371.9
85 120.7 , Est Remaining: 370.7
86 122.2 , Est Remaining: 369.4
87 123.7 , Est Remaining: 368.2
88 125.1 , Est Remaining: 366.9
89 126.6 , Est Remaining: 365.5
90 128.0 , Est Remaining: 364.2
91 129.5 , Est Remaining: 362.9
92 130.9 , Est Remaining: 361.5
93 132.4 , Est Remaining: 360.1
94 133.8 , Est Remaining: 358.8
95 135.3 , Est Remaining: 357.4
96 136.7 , Est Remaining: 356.0
EVENT FAILED
96 137.0 , Est Remaining: 356.8
97 138.5 , Est Remaining: 355.4
98 139.9 , Est Remaining: 354.1
99 141.4 , Est Remaining: 352.8
100 142.9 , Est Remaining: 351.4
101 144.4 , Est Remaining: 350.2
102 145.8 , Est Remaining: 348.8
103 147.4 , Est Remaining: 347.7
104 148.9 , Est Remaining: 346.4
105 150.3 , Est Remaining: 345.1
EVENT FAILED
105 150.6 , Est Remaining: 345.8
106 152.1 , Est Remaining: 344.5
EVENT FAILED
106 152.4 , Est Remaining: 345.1
107 153.9 , Est Remaining: 343.8
108 155.4 , Est Remaining: 342.4
109 156.8 , Est Remaining: 341.0
110 158.3 , Est Remaining: 339.6
111 159.8 , Est Remaining: 338.2
112 161.2 , Est Remaining: 336.8
113 162.7 , Est Remaining: 335.6
114 164.2 , Est Remaining: 334.2
115 165.7 , Est Remaining: 332.8
116 167.2 , Est Remaining: 331.5
117 168.7 , Est Remaining: 330.1
118 170.1 , Est Remaining: 328.7
119 171.6 , Est Remaining: 327.3
120 173.1 , Est Remaining: 326.0
121 174.5 , Est Remaining: 324.5
122 176.0 , Est Remaining: 323.2
123 177.5 , Est Remaining: 321.8
124 178.9 , Est Remaining: 320.4
125 180.4 , Est Remaining: 319.0
126 181.9 , Est Remaining: 317.6
127 183.4 , Est Remaining: 316.2
128 184.8 , Est Remaining: 314.8
129 186.3 , Est Remaining: 313.4
130 187.7 , Est Remaining: 311.9
131 189.2 , Est Remaining: 310.5
132 190.7 , Est Remaining: 309.1
133 192.2 , Est Remaining: 307.7
134 193.6 , Est Remaining: 306.3
135 195.1 , Est Remaining: 304.9
136 196.6 , Est Remaining: 303.5
137 198.0 , Est Remaining: 302.0
138 199.4 , Est Remaining: 300.6
139 200.9 , Est Remaining: 299.2
140 202.3 , Est Remaining: 297.7
141 203.8 , Est Remaining: 296.3
142 205.2 , Est Remaining: 294.9
143 206.7 , Est Remaining: 293.4
144 208.2 , Est Remaining: 292.0
145 209.6 , Est Remaining: 290.6
146 211.0 , Est Remaining: 289.1
147 212.5 , Est Remaining: 287.7
148 213.9 , Est Remaining: 286.2
149 215.4 , Est Remaining: 284.8
150 216.9 , Est Remaining: 283.4
151 218.3 , Est Remaining: 281.9
152 219.8 , Est Remaining: 280.5
153 221.2 , Est Remaining: 279.0
154 222.7 , Est Remaining: 277.6
155 224.1 , Est Remaining: 276.2
156 225.6 , Est Remaining: 274.8
157 227.0 , Est Remaining: 273.3
158 228.5 , Est Remaining: 271.9
159 230.0 , Est Remaining: 270.5
160 231.5 , Est Remaining: 269.1
EVENT FAILED
160 231.8 , Est Remaining: 269.4
161 233.2 , Est Remaining: 268.0
162 234.7 , Est Remaining: 266.6
163 236.2 , Est Remaining: 265.1
164 237.6 , Est Remaining: 263.7
165 239.1 , Est Remaining: 262.3
166 240.6 , Est Remaining: 260.8
167 242.0 , Est Remaining: 259.4
168 243.5 , Est Remaining: 258.0
169 245.0 , Est Remaining: 256.6
170 246.4 , Est Remaining: 255.1
EVENT FAILED
170 246.7 , Est Remaining: 255.4
171 248.2 , Est Remaining: 254.0
172 249.7 , Est Remaining: 252.6
173 251.1 , Est Remaining: 251.1
174 252.6 , Est Remaining: 249.7
175 254.1 , Est Remaining: 248.2
176 255.5 , Est Remaining: 246.8
177 257.0 , Est Remaining: 245.4
178 258.5 , Est Remaining: 244.0
179 260.0 , Est Remaining: 242.5
180 261.4 , Est Remaining: 241.1
181 262.9 , Est Remaining: 239.7
182 264.3 , Est Remaining: 238.2
183 265.8 , Est Remaining: 236.8
184 267.3 , Est Remaining: 235.3
185 268.7 , Est Remaining: 233.9
186 270.2 , Est Remaining: 232.5
187 271.7 , Est Remaining: 231.0
188 273.2 , Est Remaining: 229.6
189 274.7 , Est Remaining: 228.1
190 276.1 , Est Remaining: 226.7
191 277.6 , Est Remaining: 225.3
192 279.0 , Est Remaining: 223.8
193 280.5 , Est Remaining: 222.4
194 282.0 , Est Remaining: 220.9
195 283.5 , Est Remaining: 219.5
196 284.9 , Est Remaining: 218.1
197 286.4 , Est Remaining: 216.6
198 287.9 , Est Remaining: 215.2
199 289.3 , Est Remaining: 213.7
200 290.8 , Est Remaining: 212.3
201 292.2 , Est Remaining: 210.8
202 293.7 , Est Remaining: 209.4
EVENT FAILED
202 294.1 , Est Remaining: 209.7
203 295.6 , Est Remaining: 208.2
204 297.1 , Est Remaining: 206.8
EVENT FAILED
204 297.4 , Est Remaining: 207.0
205 298.8 , Est Remaining: 205.5
206 300.3 , Est Remaining: 204.1
207 301.8 , Est Remaining: 202.6
208 303.2 , Est Remaining: 201.2
209 304.7 , Est Remaining: 199.7
210 306.2 , Est Remaining: 198.3
211 307.6 , Est Remaining: 196.8
212 309.1 , Est Remaining: 195.4
213 310.5 , Est Remaining: 193.9
214 312.0 , Est Remaining: 192.5
EVENT FAILED
214 312.3 , Est Remaining: 192.7
215 313.8 , Est Remaining: 191.2
EVENT FAILED
215 314.1 , Est Remaining: 191.4
EVENT FAILED
215 314.4 , Est Remaining: 191.6
216 315.8 , Est Remaining: 190.1
217 317.3 , Est Remaining: 188.6
218 318.8 , Est Remaining: 187.2
219 320.2 , Est Remaining: 185.7
220 321.6 , Est Remaining: 184.2
221 323.1 , Est Remaining: 182.7
222 324.5 , Est Remaining: 181.3
223 326.0 , Est Remaining: 179.8
224 327.4 , Est Remaining: 178.3
225 328.9 , Est Remaining: 176.9
226 330.3 , Est Remaining: 175.4
227 331.8 , Est Remaining: 173.9
228 333.2 , Est Remaining: 172.5
229 334.7 , Est Remaining: 171.0
230 336.1 , Est Remaining: 169.5
231 337.6 , Est Remaining: 168.1
232 339.1 , Est Remaining: 166.6
233 340.5 , Est Remaining: 165.1
234 342.0 , Est Remaining: 163.7
235 343.4 , Est Remaining: 162.2
236 344.9 , Est Remaining: 160.8
237 346.4 , Est Remaining: 159.3
238 347.8 , Est Remaining: 157.8
239 349.3 , Est Remaining: 156.4
240 350.7 , Est Remaining: 154.9
241 352.0 , Est Remaining: 153.4
242 353.5 , Est Remaining: 151.9
243 354.9 , Est Remaining: 150.5
244 356.4 , Est Remaining: 149.0
245 357.8 , Est Remaining: 147.5
246 359.3 , Est Remaining: 146.1
247 360.8 , Est Remaining: 144.6
248 362.2 , Est Remaining: 143.1
249 363.7 , Est Remaining: 141.7
250 365.2 , Est Remaining: 140.2
251 366.6 , Est Remaining: 138.8
252 368.1 , Est Remaining: 137.3
253 369.5 , Est Remaining: 135.8
254 371.0 , Est Remaining: 134.4
255 372.5 , Est Remaining: 132.9
256 373.9 , Est Remaining: 131.5
257 375.4 , Est Remaining: 130.0
258 376.9 , Est Remaining: 128.5
259 378.3 , Est Remaining: 127.1
260 379.8 , Est Remaining: 125.6
261 381.3 , Est Remaining: 124.2
262 382.8 , Est Remaining: 122.7
263 384.2 , Est Remaining: 121.3
264 385.7 , Est Remaining: 119.8
265 387.2 , Est Remaining: 118.3
266 388.6 , Est Remaining: 116.9
267 390.1 , Est Remaining: 115.4
268 391.6 , Est Remaining: 114.0
269 393.1 , Est Remaining: 112.5
270 394.6 , Est Remaining: 111.1
271 396.0 , Est Remaining: 109.6
272 397.5 , Est Remaining: 108.1
273 399.0 , Est Remaining: 106.7
274 400.4 , Est Remaining: 105.2
275 401.9 , Est Remaining: 103.8
EVENT FAILED
275 402.2 , Est Remaining: 103.9
276 403.7 , Est Remaining: 102.4
277 405.2 , Est Remaining: 100.9
278 406.7 , Est Remaining: 99.5
279 408.1 , Est Remaining: 98.0
280 409.6 , Est Remaining: 96.6
281 411.1 , Est Remaining: 95.1
282 412.6 , Est Remaining: 93.6
EVENT FAILED
282 412.9 , Est Remaining: 93.7
283 414.3 , Est Remaining: 92.2
284 415.8 , Est Remaining: 90.8
285 417.2 , Est Remaining: 89.3
286 418.7 , Est Remaining: 87.8
287 420.1 , Est Remaining: 86.4
288 421.6 , Est Remaining: 84.9
289 423.0 , Est Remaining: 83.4
290 424.5 , Est Remaining: 82.0
291 426.0 , Est Remaining: 80.5
292 427.4 , Est Remaining: 79.0
293 428.9 , Est Remaining: 77.6
294 430.4 , Est Remaining: 76.1
EVENT FAILED
294 430.7 , Est Remaining: 76.2
295 432.1 , Est Remaining: 74.7
296 433.6 , Est Remaining: 73.2
297 435.1 , Est Remaining: 71.8
298 436.5 , Est Remaining: 70.3
299 437.9 , Est Remaining: 68.8
300 439.4 , Est Remaining: 67.4
301 440.8 , Est Remaining: 65.9
302 442.4 , Est Remaining: 64.5
303 443.8 , Est Remaining: 63.0
304 445.2 , Est Remaining: 61.5
305 446.6 , Est Remaining: 60.0
306 448.0 , Est Remaining: 58.6
307 449.5 , Est Remaining: 57.1
308 450.9 , Est Remaining: 55.6
309 452.3 , Est Remaining: 54.2
310 453.7 , Est Remaining: 52.7
311 455.1 , Est Remaining: 51.2
312 456.5 , Est Remaining: 49.8
313 458.0 , Est Remaining: 48.3
314 459.4 , Est Remaining: 46.8
315 460.8 , Est Remaining: 45.3
316 462.2 , Est Remaining: 43.9
317 463.6 , Est Remaining: 42.4
318 465.0 , Est Remaining: 40.9
319 466.4 , Est Remaining: 39.5
320 467.9 , Est Remaining: 38.0
321 469.3 , Est Remaining: 36.5
322 470.7 , Est Remaining: 35.1
323 472.1 , Est Remaining: 33.6
324 473.5 , Est Remaining: 32.1
325 474.9 , Est Remaining: 30.7
326 476.3 , Est Remaining: 29.2
327 477.7 , Est Remaining: 27.8
328 479.0 , Est Remaining: 26.3
329 480.4 , Est Remaining: 24.8
EVENT FAILED
329 480.7 , Est Remaining: 24.8
330 482.1 , Est Remaining: 23.4
331 483.6 , Est Remaining: 21.9
