Note: NumExpr detected 32 cores but "NUMEXPR_MAX_THREADS" not set, so enforcing safe limit of 8.
Using selector: EpollSelector
/n/home02/jhaefner/miniconda/envs/IC-3.7-2020-06-16/lib/python3.7/site-packages/scipy/optimize/minpack.py:808: OptimizeWarning: Covariance of the parameters could not be estimated
  category=OptimizeWarning)
Total rwfs: 346
0 0.0 , Est Remaining: 999999.9
1 1.4 , Est Remaining: 484.2
2 2.8 , Est Remaining: 479.0
3 4.2 , Est Remaining: 477.6
4 5.5 , Est Remaining: 473.0
5 6.9 , Est Remaining: 470.1
6 8.3 , Est Remaining: 468.9
7 9.6 , Est Remaining: 467.1
8 11.0 , Est Remaining: 465.2
9 12.4 , Est Remaining: 463.1
10 13.7 , Est Remaining: 461.0
11 15.1 , Est Remaining: 458.4
12 16.4 , Est Remaining: 456.8
13 17.8 , Est Remaining: 455.2
14 19.1 , Est Remaining: 453.5
15 20.5 , Est Remaining: 451.6
16 21.8 , Est Remaining: 450.3
17 23.2 , Est Remaining: 448.6
18 24.5 , Est Remaining: 446.9
19 25.9 , Est Remaining: 445.1
20 27.2 , Est Remaining: 443.5
21 28.5 , Est Remaining: 441.8
22 29.9 , Est Remaining: 440.2
23 31.2 , Est Remaining: 438.8
24 32.6 , Est Remaining: 437.2
25 33.9 , Est Remaining: 435.8
26 35.3 , Est Remaining: 434.2
27 36.6 , Est Remaining: 432.7
28 37.9 , Est Remaining: 431.0
29 39.3 , Est Remaining: 429.4
30 40.6 , Est Remaining: 427.9
31 42.0 , Est Remaining: 426.5
32 43.3 , Est Remaining: 425.1
33 44.7 , Est Remaining: 423.7
34 46.0 , Est Remaining: 422.3
35 47.4 , Est Remaining: 420.9
36 48.7 , Est Remaining: 419.4
37 50.0 , Est Remaining: 418.0
38 51.4 , Est Remaining: 416.6
39 52.8 , Est Remaining: 415.3
40 54.1 , Est Remaining: 414.0
41 55.5 , Est Remaining: 412.9
42 56.9 , Est Remaining: 411.6
43 58.3 , Est Remaining: 410.5
44 59.6 , Est Remaining: 409.3
45 61.0 , Est Remaining: 408.1
46 62.4 , Est Remaining: 407.0
47 63.8 , Est Remaining: 405.8
48 65.2 , Est Remaining: 404.5
49 66.5 , Est Remaining: 403.2
50 67.9 , Est Remaining: 402.1
51 69.3 , Est Remaining: 400.9
52 70.7 , Est Remaining: 399.7
53 72.1 , Est Remaining: 398.5
54 73.5 , Est Remaining: 397.3
55 74.9 , Est Remaining: 396.3
56 76.3 , Est Remaining: 395.3
57 77.8 , Est Remaining: 394.3
58 79.2 , Est Remaining: 393.2
59 80.6 , Est Remaining: 392.3
60 82.1 , Est Remaining: 391.1
61 83.5 , Est Remaining: 390.1
62 84.9 , Est Remaining: 389.1
63 86.4 , Est Remaining: 388.1
64 87.8 , Est Remaining: 387.0
65 89.3 , Est Remaining: 386.0
66 90.7 , Est Remaining: 384.9
67 92.2 , Est Remaining: 383.9
68 93.6 , Est Remaining: 382.8
69 95.1 , Est Remaining: 381.6
70 96.5 , Est Remaining: 380.5
71 98.0 , Est Remaining: 379.5
72 99.4 , Est Remaining: 378.4
73 100.9 , Est Remaining: 377.3
74 102.3 , Est Remaining: 376.2
75 103.8 , Est Remaining: 375.1
76 105.3 , Est Remaining: 374.0
77 106.7 , Est Remaining: 372.8
78 108.2 , Est Remaining: 371.6
79 109.6 , Est Remaining: 370.4
80 111.0 , Est Remaining: 369.2
81 112.5 , Est Remaining: 368.0
82 113.9 , Est Remaining: 366.8
83 115.4 , Est Remaining: 365.6
84 116.8 , Est Remaining: 364.4
85 118.3 , Est Remaining: 363.2
86 119.7 , Est Remaining: 362.0
87 121.2 , Est Remaining: 360.8
88 122.6 , Est Remaining: 359.6
89 124.1 , Est Remaining: 358.3
90 125.5 , Est Remaining: 357.0
91 127.0 , Est Remaining: 355.8
92 128.4 , Est Remaining: 354.5
93 129.9 , Est Remaining: 353.4
94 131.3 , Est Remaining: 352.1
95 132.8 , Est Remaining: 350.8
96 134.3 , Est Remaining: 349.6
97 135.7 , Est Remaining: 348.4
98 137.2 , Est Remaining: 347.2
99 138.7 , Est Remaining: 346.0
100 140.1 , Est Remaining: 344.8
101 141.6 , Est Remaining: 343.5
102 143.1 , Est Remaining: 342.3
EVENT FAILED
102 143.4 , Est Remaining: 343.0
103 144.9 , Est Remaining: 341.9
104 146.4 , Est Remaining: 340.7
105 147.9 , Est Remaining: 339.4
106 149.4 , Est Remaining: 338.2
107 150.8 , Est Remaining: 336.9
108 152.3 , Est Remaining: 335.6
109 153.8 , Est Remaining: 334.3
110 155.3 , Est Remaining: 333.1
111 156.7 , Est Remaining: 331.8
112 158.2 , Est Remaining: 330.5
113 159.7 , Est Remaining: 329.2
114 161.1 , Est Remaining: 327.9
115 162.6 , Est Remaining: 326.7
116 164.1 , Est Remaining: 325.4
117 165.6 , Est Remaining: 324.2
118 167.1 , Est Remaining: 322.9
119 168.6 , Est Remaining: 321.5
120 170.0 , Est Remaining: 320.3
121 171.5 , Est Remaining: 319.0
122 173.0 , Est Remaining: 317.6
123 174.5 , Est Remaining: 316.3
124 175.9 , Est Remaining: 315.0
125 177.4 , Est Remaining: 313.7
126 178.9 , Est Remaining: 312.3
127 180.3 , Est Remaining: 311.0
128 181.8 , Est Remaining: 309.6
129 183.3 , Est Remaining: 308.3
130 184.7 , Est Remaining: 307.0
131 186.2 , Est Remaining: 305.6
132 187.7 , Est Remaining: 304.3
133 189.1 , Est Remaining: 302.9
134 190.6 , Est Remaining: 301.6
135 192.1 , Est Remaining: 300.3
136 193.6 , Est Remaining: 298.9
137 195.1 , Est Remaining: 297.6
138 196.5 , Est Remaining: 296.2
139 198.0 , Est Remaining: 294.9
140 199.5 , Est Remaining: 293.5
141 201.0 , Est Remaining: 292.2
142 202.4 , Est Remaining: 290.8
143 203.9 , Est Remaining: 289.5
144 205.4 , Est Remaining: 288.1
145 206.8 , Est Remaining: 286.7
146 208.3 , Est Remaining: 285.4
147 209.8 , Est Remaining: 284.0
148 211.2 , Est Remaining: 282.6
149 212.7 , Est Remaining: 281.2
150 214.2 , Est Remaining: 279.8
151 215.6 , Est Remaining: 278.4
152 217.1 , Est Remaining: 277.1
153 218.6 , Est Remaining: 275.7
154 220.0 , Est Remaining: 274.3
155 221.5 , Est Remaining: 272.9
156 223.0 , Est Remaining: 271.5
157 224.4 , Est Remaining: 270.2
158 225.9 , Est Remaining: 268.8
159 227.3 , Est Remaining: 267.4
160 228.8 , Est Remaining: 266.0
161 230.3 , Est Remaining: 264.6
162 231.8 , Est Remaining: 263.2
163 233.2 , Est Remaining: 261.8
164 234.7 , Est Remaining: 260.4
165 236.1 , Est Remaining: 259.0
166 237.6 , Est Remaining: 257.7
167 239.1 , Est Remaining: 256.3
168 240.6 , Est Remaining: 254.9
169 242.0 , Est Remaining: 253.5
170 243.5 , Est Remaining: 252.1
171 245.0 , Est Remaining: 250.7
172 246.4 , Est Remaining: 249.3
173 247.9 , Est Remaining: 247.9
174 249.4 , Est Remaining: 246.5
175 250.8 , Est Remaining: 245.1
176 252.3 , Est Remaining: 243.7
177 253.8 , Est Remaining: 242.3
178 255.3 , Est Remaining: 241.0
179 256.8 , Est Remaining: 239.6
180 258.2 , Est Remaining: 238.1
181 259.7 , Est Remaining: 236.8
182 261.2 , Est Remaining: 235.3
183 262.6 , Est Remaining: 233.9
184 264.1 , Est Remaining: 232.5
185 265.5 , Est Remaining: 231.1
186 267.0 , Est Remaining: 229.7
187 268.5 , Est Remaining: 228.3
188 270.0 , Est Remaining: 226.9
EVENT FAILED
188 270.3 , Est Remaining: 227.1
189 271.7 , Est Remaining: 225.7
190 273.2 , Est Remaining: 224.3
191 274.6 , Est Remaining: 222.9
192 276.1 , Est Remaining: 221.4
193 277.6 , Est Remaining: 220.0
194 279.0 , Est Remaining: 218.6
EVENT FAILED
194 279.3 , Est Remaining: 218.8
195 280.8 , Est Remaining: 217.4
196 282.2 , Est Remaining: 216.0
197 283.7 , Est Remaining: 214.6
198 285.1 , Est Remaining: 213.1
199 286.6 , Est Remaining: 211.7
200 288.0 , Est Remaining: 210.3
201 289.5 , Est Remaining: 208.8
202 290.9 , Est Remaining: 207.4
203 292.5 , Est Remaining: 206.1
204 294.0 , Est Remaining: 204.6
205 295.4 , Est Remaining: 203.2
206 296.9 , Est Remaining: 201.8
207 298.4 , Est Remaining: 200.4
208 299.8 , Est Remaining: 198.9
209 301.3 , Est Remaining: 197.5
210 302.8 , Est Remaining: 196.1
211 304.2 , Est Remaining: 194.6
212 305.7 , Est Remaining: 193.2
EVENT FAILED
212 306.0 , Est Remaining: 193.4
213 307.5 , Est Remaining: 192.0
214 308.9 , Est Remaining: 190.6
215 310.4 , Est Remaining: 189.1
216 311.8 , Est Remaining: 187.7
217 313.3 , Est Remaining: 186.2
218 314.8 , Est Remaining: 184.8
219 316.2 , Est Remaining: 183.4
220 317.7 , Est Remaining: 181.9
221 319.1 , Est Remaining: 180.5
222 320.6 , Est Remaining: 179.1
223 322.0 , Est Remaining: 177.6
224 323.5 , Est Remaining: 176.2
225 324.9 , Est Remaining: 174.7
226 326.4 , Est Remaining: 173.3
227 327.8 , Est Remaining: 171.9
228 329.3 , Est Remaining: 170.4
229 330.8 , Est Remaining: 169.0
230 332.2 , Est Remaining: 167.6
231 333.7 , Est Remaining: 166.1
232 335.1 , Est Remaining: 164.7
233 336.6 , Est Remaining: 163.2
234 338.0 , Est Remaining: 161.8
235 339.5 , Est Remaining: 160.4
236 340.9 , Est Remaining: 158.9
237 342.4 , Est Remaining: 157.5
238 343.8 , Est Remaining: 156.0
239 345.3 , Est Remaining: 154.6
240 346.7 , Est Remaining: 153.1
241 348.2 , Est Remaining: 151.7
242 349.7 , Est Remaining: 150.3
243 351.1 , Est Remaining: 148.8
244 352.6 , Est Remaining: 147.4
245 354.1 , Est Remaining: 146.0
246 355.5 , Est Remaining: 144.5
247 357.0 , Est Remaining: 143.1
248 358.5 , Est Remaining: 141.7
249 360.0 , Est Remaining: 140.2
250 361.4 , Est Remaining: 138.8
251 362.9 , Est Remaining: 137.3
252 364.3 , Est Remaining: 135.9
253 365.8 , Est Remaining: 134.4
254 367.2 , Est Remaining: 133.0
255 368.7 , Est Remaining: 131.6
256 370.1 , Est Remaining: 130.1
257 371.6 , Est Remaining: 128.7
258 373.1 , Est Remaining: 127.2
259 374.5 , Est Remaining: 125.8
260 376.0 , Est Remaining: 124.4
EVENT FAILED
260 376.3 , Est Remaining: 124.5
261 377.8 , Est Remaining: 123.0
262 379.2 , Est Remaining: 121.6
263 380.7 , Est Remaining: 120.1
264 382.1 , Est Remaining: 118.7
265 383.6 , Est Remaining: 117.3
266 385.1 , Est Remaining: 115.8
267 386.5 , Est Remaining: 114.4
268 388.0 , Est Remaining: 112.9
269 389.4 , Est Remaining: 111.5
270 390.9 , Est Remaining: 110.0
271 392.4 , Est Remaining: 108.6
272 393.9 , Est Remaining: 107.2
273 395.4 , Est Remaining: 105.7
274 396.9 , Est Remaining: 104.3
275 398.3 , Est Remaining: 102.8
276 399.8 , Est Remaining: 101.4
277 401.2 , Est Remaining: 100.0
278 402.7 , Est Remaining: 98.5
279 404.2 , Est Remaining: 97.1
280 405.7 , Est Remaining: 95.6
281 407.1 , Est Remaining: 94.2
282 408.6 , Est Remaining: 92.7
283 410.0 , Est Remaining: 91.3
284 411.5 , Est Remaining: 89.8
285 413.0 , Est Remaining: 88.4
286 414.5 , Est Remaining: 86.9
287 415.9 , Est Remaining: 85.5
288 417.4 , Est Remaining: 84.1
289 418.8 , Est Remaining: 82.6
290 420.3 , Est Remaining: 81.2
291 421.8 , Est Remaining: 79.7
292 423.2 , Est Remaining: 78.3
293 424.7 , Est Remaining: 76.8
294 426.1 , Est Remaining: 75.4
295 427.6 , Est Remaining: 73.9
296 429.1 , Est Remaining: 72.5
297 430.5 , Est Remaining: 71.0
298 432.0 , Est Remaining: 69.6
299 433.5 , Est Remaining: 68.1
300 435.0 , Est Remaining: 66.7
301 436.4 , Est Remaining: 65.2
302 438.1 , Est Remaining: 63.8
303 439.5 , Est Remaining: 62.4
304 441.0 , Est Remaining: 60.9
305 442.5 , Est Remaining: 59.5
306 444.0 , Est Remaining: 58.0
307 445.4 , Est Remaining: 56.6
308 446.9 , Est Remaining: 55.1
309 448.3 , Est Remaining: 53.7
310 449.8 , Est Remaining: 52.2
311 451.3 , Est Remaining: 50.8
312 452.7 , Est Remaining: 49.3
313 454.2 , Est Remaining: 47.9
314 455.7 , Est Remaining: 46.4
315 457.1 , Est Remaining: 45.0
EVENT FAILED
315 457.4 , Est Remaining: 45.0
316 458.9 , Est Remaining: 43.6
317 460.4 , Est Remaining: 42.1
318 461.8 , Est Remaining: 40.7
319 463.3 , Est Remaining: 39.2
320 464.8 , Est Remaining: 37.8
321 466.2 , Est Remaining: 36.3
322 467.7 , Est Remaining: 34.9
323 469.2 , Est Remaining: 33.4
324 470.6 , Est Remaining: 32.0
325 472.1 , Est Remaining: 30.5
326 473.6 , Est Remaining: 29.1
327 475.0 , Est Remaining: 27.6
328 476.5 , Est Remaining: 26.1
329 477.9 , Est Remaining: 24.7
330 479.3 , Est Remaining: 23.2
331 480.7 , Est Remaining: 21.8
332 482.2 , Est Remaining: 20.3
333 483.6 , Est Remaining: 18.9
334 485.0 , Est Remaining: 17.4
335 486.4 , Est Remaining: 16.0
336 487.8 , Est Remaining: 14.5
337 489.3 , Est Remaining: 13.1
338 490.7 , Est Remaining: 11.6
339 492.1 , Est Remaining: 10.2
