Note: NumExpr detected 32 cores but "NUMEXPR_MAX_THREADS" not set, so enforcing safe limit of 8.
Using selector: EpollSelector
/n/home02/jhaefner/miniconda/envs/IC-3.7-2020-06-16/lib/python3.7/site-packages/scipy/optimize/minpack.py:808: OptimizeWarning: Covariance of the parameters could not be estimated
  category=OptimizeWarning)
Total rwfs: 346
0 0.0 , Est Remaining: 999999.9
1 1.3 , Est Remaining: 460.7
2 2.7 , Est Remaining: 459.0
3 4.0 , Est Remaining: 455.6
4 5.3 , Est Remaining: 450.5
5 6.6 , Est Remaining: 447.7
EVENT FAILED
5 6.9 , Est Remaining: 469.7
6 8.2 , Est Remaining: 465.0
7 9.5 , Est Remaining: 460.1
8 10.8 , Est Remaining: 456.6
9 12.1 , Est Remaining: 453.6
10 13.5 , Est Remaining: 452.1
11 14.7 , Est Remaining: 449.1
12 16.0 , Est Remaining: 446.7
13 17.3 , Est Remaining: 443.9
14 18.6 , Est Remaining: 441.9
15 19.9 , Est Remaining: 439.7
16 21.2 , Est Remaining: 437.6
17 22.5 , Est Remaining: 435.6
18 23.8 , Est Remaining: 433.8
19 25.1 , Est Remaining: 432.0
20 26.4 , Est Remaining: 430.1
21 27.7 , Est Remaining: 428.6
22 29.0 , Est Remaining: 427.3
23 30.3 , Est Remaining: 425.6
24 31.6 , Est Remaining: 423.9
25 32.9 , Est Remaining: 422.1
EVENT FAILED
25 33.2 , Est Remaining: 425.9
26 34.5 , Est Remaining: 424.4
27 35.8 , Est Remaining: 422.6
28 37.1 , Est Remaining: 420.9
EVENT FAILED
28 37.3 , Est Remaining: 424.2
29 38.6 , Est Remaining: 422.4
30 39.9 , Est Remaining: 420.8
31 41.3 , Est Remaining: 419.4
32 42.6 , Est Remaining: 417.7
33 43.9 , Est Remaining: 416.1
34 45.2 , Est Remaining: 414.4
35 46.4 , Est Remaining: 412.7
36 47.7 , Est Remaining: 411.1
37 49.0 , Est Remaining: 409.5
38 50.3 , Est Remaining: 407.9
39 51.7 , Est Remaining: 406.6
40 52.9 , Est Remaining: 405.0
41 54.2 , Est Remaining: 403.4
42 55.5 , Est Remaining: 401.9
43 56.8 , Est Remaining: 400.6
44 58.1 , Est Remaining: 399.0
45 59.4 , Est Remaining: 397.5
46 60.7 , Est Remaining: 395.9
47 62.0 , Est Remaining: 394.4
EVENT FAILED
47 62.3 , Est Remaining: 396.3
48 63.6 , Est Remaining: 394.7
49 64.9 , Est Remaining: 393.2
50 66.2 , Est Remaining: 391.8
51 67.5 , Est Remaining: 390.2
52 68.7 , Est Remaining: 388.6
53 70.0 , Est Remaining: 387.1
54 71.3 , Est Remaining: 385.6
55 72.6 , Est Remaining: 384.2
56 73.9 , Est Remaining: 382.8
57 75.2 , Est Remaining: 381.4
58 76.5 , Est Remaining: 380.1
59 77.9 , Est Remaining: 378.7
60 79.2 , Est Remaining: 377.4
61 80.5 , Est Remaining: 376.0
62 81.8 , Est Remaining: 374.7
63 83.1 , Est Remaining: 373.5
64 84.4 , Est Remaining: 372.1
65 85.8 , Est Remaining: 370.9
66 87.0 , Est Remaining: 369.1
67 88.3 , Est Remaining: 367.8
68 89.7 , Est Remaining: 366.6
69 91.0 , Est Remaining: 365.4
70 92.3 , Est Remaining: 364.1
71 93.7 , Est Remaining: 362.9
72 95.0 , Est Remaining: 361.6
73 96.4 , Est Remaining: 360.3
74 97.7 , Est Remaining: 359.1
75 99.0 , Est Remaining: 357.9
76 100.4 , Est Remaining: 356.7
77 101.8 , Est Remaining: 355.5
78 103.1 , Est Remaining: 354.3
79 104.5 , Est Remaining: 353.1
80 105.8 , Est Remaining: 351.9
81 107.2 , Est Remaining: 350.6
82 108.5 , Est Remaining: 349.4
83 109.9 , Est Remaining: 348.2
84 111.2 , Est Remaining: 347.0
85 112.6 , Est Remaining: 345.7
86 113.9 , Est Remaining: 344.5
87 115.3 , Est Remaining: 343.2
88 116.6 , Est Remaining: 342.0
89 118.0 , Est Remaining: 340.7
90 119.3 , Est Remaining: 339.4
91 120.7 , Est Remaining: 338.1
92 122.0 , Est Remaining: 336.9
93 123.4 , Est Remaining: 335.6
94 124.7 , Est Remaining: 334.3
95 126.1 , Est Remaining: 333.0
96 127.4 , Est Remaining: 331.7
97 128.7 , Est Remaining: 330.5
98 130.1 , Est Remaining: 329.2
99 131.4 , Est Remaining: 327.9
100 132.8 , Est Remaining: 326.6
101 134.1 , Est Remaining: 325.4
102 135.5 , Est Remaining: 324.1
103 136.9 , Est Remaining: 323.0
104 138.3 , Est Remaining: 321.7
105 139.6 , Est Remaining: 320.4
106 141.0 , Est Remaining: 319.2
107 142.3 , Est Remaining: 317.9
108 143.7 , Est Remaining: 316.6
109 145.0 , Est Remaining: 315.4
110 146.4 , Est Remaining: 314.1
111 147.7 , Est Remaining: 312.8
112 149.1 , Est Remaining: 311.5
113 150.5 , Est Remaining: 310.3
114 151.8 , Est Remaining: 309.0
115 153.2 , Est Remaining: 307.7
116 154.5 , Est Remaining: 306.4
117 155.9 , Est Remaining: 305.1
118 157.3 , Est Remaining: 303.8
119 158.6 , Est Remaining: 302.6
120 160.0 , Est Remaining: 301.3
121 161.4 , Est Remaining: 300.1
122 162.7 , Est Remaining: 298.8
123 164.1 , Est Remaining: 297.5
124 165.4 , Est Remaining: 296.2
125 166.8 , Est Remaining: 294.9
126 168.2 , Est Remaining: 293.6
127 169.5 , Est Remaining: 292.3
128 170.9 , Est Remaining: 291.0
129 172.3 , Est Remaining: 289.8
130 173.6 , Est Remaining: 288.4
131 175.0 , Est Remaining: 287.1
132 176.3 , Est Remaining: 285.8
133 177.6 , Est Remaining: 284.5
134 179.0 , Est Remaining: 283.2
135 180.4 , Est Remaining: 281.9
136 181.7 , Est Remaining: 280.6
137 183.1 , Est Remaining: 279.3
138 184.4 , Est Remaining: 278.0
EVENT FAILED
138 184.7 , Est Remaining: 278.4
139 186.1 , Est Remaining: 277.1
140 187.5 , Est Remaining: 275.8
141 188.8 , Est Remaining: 274.5
142 190.1 , Est Remaining: 273.2
143 191.5 , Est Remaining: 271.9
144 192.9 , Est Remaining: 270.5
145 194.2 , Est Remaining: 269.2
EVENT FAILED
145 194.5 , Est Remaining: 269.6
146 195.8 , Est Remaining: 268.2
147 197.2 , Est Remaining: 266.9
148 198.5 , Est Remaining: 265.6
149 199.8 , Est Remaining: 264.2
150 201.2 , Est Remaining: 262.9
151 202.5 , Est Remaining: 261.5
152 203.9 , Est Remaining: 260.2
153 205.2 , Est Remaining: 258.9
154 206.5 , Est Remaining: 257.5
155 207.9 , Est Remaining: 256.2
156 209.2 , Est Remaining: 254.8
157 210.5 , Est Remaining: 253.4
158 211.9 , Est Remaining: 252.1
159 213.2 , Est Remaining: 250.7
160 214.5 , Est Remaining: 249.4
161 215.9 , Est Remaining: 248.0
162 217.2 , Est Remaining: 246.7
163 218.5 , Est Remaining: 245.4
164 219.9 , Est Remaining: 244.0
EVENT FAILED
164 220.2 , Est Remaining: 244.4
165 221.5 , Est Remaining: 243.0
166 222.9 , Est Remaining: 241.7
167 224.2 , Est Remaining: 240.3
168 225.6 , Est Remaining: 239.0
169 226.9 , Est Remaining: 237.7
170 228.3 , Est Remaining: 236.3
171 229.7 , Est Remaining: 235.0
172 231.0 , Est Remaining: 233.7
173 232.4 , Est Remaining: 232.4
174 233.7 , Est Remaining: 231.0
175 235.1 , Est Remaining: 229.7
176 236.5 , Est Remaining: 228.4
177 237.8 , Est Remaining: 227.1
178 239.2 , Est Remaining: 225.7
179 240.5 , Est Remaining: 224.4
180 241.9 , Est Remaining: 223.0
EVENT FAILED
180 242.1 , Est Remaining: 223.3
181 243.5 , Est Remaining: 222.0
182 244.8 , Est Remaining: 220.6
183 246.2 , Est Remaining: 219.3
184 247.6 , Est Remaining: 218.0
185 248.9 , Est Remaining: 216.6
186 250.3 , Est Remaining: 215.3
187 251.6 , Est Remaining: 214.0
188 253.0 , Est Remaining: 212.6
189 254.3 , Est Remaining: 211.3
190 255.7 , Est Remaining: 210.0
191 257.1 , Est Remaining: 208.6
192 258.4 , Est Remaining: 207.3
193 259.8 , Est Remaining: 206.0
194 261.1 , Est Remaining: 204.6
195 262.5 , Est Remaining: 203.3
196 263.9 , Est Remaining: 201.9
197 265.2 , Est Remaining: 200.6
198 266.6 , Est Remaining: 199.3
199 268.0 , Est Remaining: 197.9
200 269.3 , Est Remaining: 196.6
201 270.7 , Est Remaining: 195.3
202 272.1 , Est Remaining: 193.9
203 273.5 , Est Remaining: 192.7
204 274.9 , Est Remaining: 191.3
205 276.2 , Est Remaining: 190.0
206 277.6 , Est Remaining: 188.6
207 278.9 , Est Remaining: 187.3
208 280.3 , Est Remaining: 186.0
209 281.7 , Est Remaining: 184.6
210 283.0 , Est Remaining: 183.3
211 284.4 , Est Remaining: 181.9
212 285.7 , Est Remaining: 180.6
213 287.1 , Est Remaining: 179.3
214 288.5 , Est Remaining: 177.9
215 289.8 , Est Remaining: 176.6
EVENT FAILED
215 290.1 , Est Remaining: 176.8
216 291.5 , Est Remaining: 175.4
217 292.8 , Est Remaining: 174.1
218 294.2 , Est Remaining: 172.7
219 295.6 , Est Remaining: 171.4
220 296.9 , Est Remaining: 170.1
221 298.3 , Est Remaining: 168.7
222 299.6 , Est Remaining: 167.4
223 301.0 , Est Remaining: 166.0
224 302.3 , Est Remaining: 164.7
225 303.7 , Est Remaining: 163.3
226 305.0 , Est Remaining: 162.0
227 306.4 , Est Remaining: 160.6
228 307.7 , Est Remaining: 159.3
229 309.1 , Est Remaining: 157.9
230 310.4 , Est Remaining: 156.6
231 311.8 , Est Remaining: 155.2
232 313.1 , Est Remaining: 153.9
233 314.4 , Est Remaining: 152.5
234 315.8 , Est Remaining: 151.1
235 317.1 , Est Remaining: 149.8
236 318.5 , Est Remaining: 148.4
237 319.8 , Est Remaining: 147.1
238 321.2 , Est Remaining: 145.7
239 322.5 , Est Remaining: 144.4
240 323.9 , Est Remaining: 143.0
241 325.2 , Est Remaining: 141.7
242 326.6 , Est Remaining: 140.3
243 327.9 , Est Remaining: 139.0
244 329.3 , Est Remaining: 137.6
245 330.6 , Est Remaining: 136.3
246 332.0 , Est Remaining: 135.0
247 333.4 , Est Remaining: 133.6
248 334.7 , Est Remaining: 132.3
249 336.1 , Est Remaining: 130.9
250 337.4 , Est Remaining: 129.6
251 338.8 , Est Remaining: 128.2
252 340.1 , Est Remaining: 126.9
253 341.5 , Est Remaining: 125.5
254 342.8 , Est Remaining: 124.2
255 344.2 , Est Remaining: 122.8
256 345.6 , Est Remaining: 121.5
257 346.9 , Est Remaining: 120.1
258 348.3 , Est Remaining: 118.8
259 349.6 , Est Remaining: 117.4
260 351.0 , Est Remaining: 116.1
261 352.4 , Est Remaining: 114.8
262 353.7 , Est Remaining: 113.4
EVENT FAILED
262 354.0 , Est Remaining: 113.5
263 355.4 , Est Remaining: 112.1
264 356.7 , Est Remaining: 110.8
265 358.1 , Est Remaining: 109.4
266 359.4 , Est Remaining: 108.1
267 360.8 , Est Remaining: 106.7
268 362.1 , Est Remaining: 105.4
269 363.5 , Est Remaining: 104.0
270 364.8 , Est Remaining: 102.7
271 366.2 , Est Remaining: 101.3
272 367.5 , Est Remaining: 100.0
273 368.9 , Est Remaining: 98.6
274 370.3 , Est Remaining: 97.3
275 371.6 , Est Remaining: 95.9
276 373.0 , Est Remaining: 94.6
277 374.3 , Est Remaining: 93.2
278 375.7 , Est Remaining: 91.9
279 377.0 , Est Remaining: 90.5
280 378.4 , Est Remaining: 89.2
281 379.7 , Est Remaining: 87.8
282 381.0 , Est Remaining: 86.5
283 382.4 , Est Remaining: 85.1
284 383.8 , Est Remaining: 83.8
285 385.1 , Est Remaining: 82.4
286 386.5 , Est Remaining: 81.1
287 387.8 , Est Remaining: 79.7
288 389.2 , Est Remaining: 78.4
289 390.5 , Est Remaining: 77.0
EVENT FAILED
289 390.8 , Est Remaining: 77.1
290 392.2 , Est Remaining: 75.7
291 393.5 , Est Remaining: 74.4
292 394.9 , Est Remaining: 73.0
293 396.3 , Est Remaining: 71.7
294 397.7 , Est Remaining: 70.3
295 399.0 , Est Remaining: 69.0
296 400.4 , Est Remaining: 67.6
297 401.7 , Est Remaining: 66.3
298 403.1 , Est Remaining: 64.9
299 404.5 , Est Remaining: 63.6
300 405.9 , Est Remaining: 62.2
301 407.2 , Est Remaining: 60.9
302 408.7 , Est Remaining: 59.5
303 410.1 , Est Remaining: 58.2
304 411.5 , Est Remaining: 56.8
305 412.8 , Est Remaining: 55.5
306 414.2 , Est Remaining: 54.1
307 415.6 , Est Remaining: 52.8
308 416.9 , Est Remaining: 51.4
309 418.3 , Est Remaining: 50.1
310 419.7 , Est Remaining: 48.7
311 421.0 , Est Remaining: 47.4
312 422.4 , Est Remaining: 46.0
313 423.7 , Est Remaining: 44.7
314 425.1 , Est Remaining: 43.3
315 426.4 , Est Remaining: 42.0
316 427.7 , Est Remaining: 40.6
317 429.1 , Est Remaining: 39.3
318 430.4 , Est Remaining: 37.9
319 431.8 , Est Remaining: 36.5
320 433.2 , Est Remaining: 35.2
321 434.5 , Est Remaining: 33.8
322 435.8 , Est Remaining: 32.5
323 437.2 , Est Remaining: 31.1
324 438.5 , Est Remaining: 29.8
325 439.9 , Est Remaining: 28.4
326 441.2 , Est Remaining: 27.1
327 442.6 , Est Remaining: 25.7
328 443.9 , Est Remaining: 24.4
329 445.2 , Est Remaining: 23.0
330 446.6 , Est Remaining: 21.7
331 447.8 , Est Remaining: 20.3
332 449.2 , Est Remaining: 18.9
333 450.5 , Est Remaining: 17.6
334 451.8 , Est Remaining: 16.2
