Note: NumExpr detected 32 cores but "NUMEXPR_MAX_THREADS" not set, so enforcing safe limit of 8.
Using selector: EpollSelector
/n/home02/jhaefner/miniconda/envs/IC-3.7-2020-06-16/lib/python3.7/site-packages/scipy/optimize/minpack.py:808: OptimizeWarning: Covariance of the parameters could not be estimated
  category=OptimizeWarning)
Total rwfs: 346
0 0.0 , Est Remaining: 999999.9
1 1.5 , Est Remaining: 516.9
2 3.0 , Est Remaining: 510.0
3 4.5 , Est Remaining: 510.3
4 5.9 , Est Remaining: 505.9
5 7.4 , Est Remaining: 503.4
6 8.9 , Est Remaining: 501.7
7 10.3 , Est Remaining: 498.3
8 11.7 , Est Remaining: 496.0
9 13.2 , Est Remaining: 493.6
10 14.6 , Est Remaining: 491.8
EVENT FAILED
10 15.0 , Est Remaining: 502.6
11 16.4 , Est Remaining: 498.8
12 17.8 , Est Remaining: 495.7
13 19.1 , Est Remaining: 489.7
14 20.6 , Est Remaining: 487.6
15 22.0 , Est Remaining: 485.6
16 23.4 , Est Remaining: 483.6
17 24.9 , Est Remaining: 481.8
18 26.3 , Est Remaining: 479.5
19 27.8 , Est Remaining: 477.9
20 29.2 , Est Remaining: 476.1
21 30.6 , Est Remaining: 474.1
22 32.1 , Est Remaining: 472.4
23 33.5 , Est Remaining: 470.7
24 35.0 , Est Remaining: 468.9
25 36.4 , Est Remaining: 467.3
26 37.8 , Est Remaining: 465.4
27 39.2 , Est Remaining: 463.7
28 40.7 , Est Remaining: 462.1
29 42.1 , Est Remaining: 460.6
30 43.6 , Est Remaining: 459.0
31 45.0 , Est Remaining: 457.5
32 46.5 , Est Remaining: 455.9
33 47.9 , Est Remaining: 454.2
34 49.6 , Est Remaining: 454.9
35 51.0 , Est Remaining: 453.4
36 52.5 , Est Remaining: 451.7
37 53.9 , Est Remaining: 450.1
38 55.3 , Est Remaining: 448.4
39 56.8 , Est Remaining: 446.8
40 58.2 , Est Remaining: 445.1
41 59.6 , Est Remaining: 443.4
42 61.1 , Est Remaining: 441.9
43 62.5 , Est Remaining: 440.4
44 63.9 , Est Remaining: 438.9
45 65.4 , Est Remaining: 437.5
46 66.8 , Est Remaining: 435.9
47 68.3 , Est Remaining: 434.5
48 69.7 , Est Remaining: 433.0
49 71.2 , Est Remaining: 431.4
50 72.6 , Est Remaining: 429.8
51 74.0 , Est Remaining: 428.3
52 75.5 , Est Remaining: 426.7
53 76.9 , Est Remaining: 425.1
54 78.3 , Est Remaining: 423.6
55 79.7 , Est Remaining: 421.9
56 81.2 , Est Remaining: 420.3
57 82.6 , Est Remaining: 418.8
58 84.0 , Est Remaining: 417.2
59 85.4 , Est Remaining: 415.6
60 86.9 , Est Remaining: 414.1
61 88.3 , Est Remaining: 412.5
62 89.7 , Est Remaining: 411.0
63 91.1 , Est Remaining: 409.4
64 92.6 , Est Remaining: 407.8
65 94.0 , Est Remaining: 406.3
66 95.4 , Est Remaining: 404.8
67 96.9 , Est Remaining: 403.3
68 98.3 , Est Remaining: 401.8
69 99.7 , Est Remaining: 400.4
EVENT FAILED
69 100.0 , Est Remaining: 401.6
70 101.5 , Est Remaining: 400.1
71 102.9 , Est Remaining: 398.5
72 104.3 , Est Remaining: 397.0
EVENT FAILED
72 104.6 , Est Remaining: 398.2
73 106.1 , Est Remaining: 396.6
74 107.5 , Est Remaining: 395.0
75 108.9 , Est Remaining: 393.5
76 110.3 , Est Remaining: 392.0
77 111.8 , Est Remaining: 390.4
78 113.2 , Est Remaining: 388.9
79 114.6 , Est Remaining: 387.3
80 116.0 , Est Remaining: 385.7
EVENT FAILED
80 116.3 , Est Remaining: 386.7
81 117.7 , Est Remaining: 385.1
82 119.1 , Est Remaining: 383.5
83 120.5 , Est Remaining: 381.9
84 121.9 , Est Remaining: 380.3
85 123.4 , Est Remaining: 378.8
86 124.7 , Est Remaining: 377.1
87 126.2 , Est Remaining: 375.6
88 127.6 , Est Remaining: 374.0
89 129.0 , Est Remaining: 372.4
90 130.4 , Est Remaining: 370.9
91 131.8 , Est Remaining: 369.5
92 133.3 , Est Remaining: 367.9
93 134.7 , Est Remaining: 366.5
94 136.2 , Est Remaining: 365.0
95 137.6 , Est Remaining: 363.5
96 139.0 , Est Remaining: 362.0
97 140.4 , Est Remaining: 360.5
EVENT FAILED
97 140.7 , Est Remaining: 361.3
98 142.2 , Est Remaining: 359.8
99 143.6 , Est Remaining: 358.3
100 145.0 , Est Remaining: 356.7
101 146.4 , Est Remaining: 355.2
102 148.0 , Est Remaining: 353.9
103 149.4 , Est Remaining: 352.5
104 150.8 , Est Remaining: 351.0
105 152.3 , Est Remaining: 349.5
106 153.7 , Est Remaining: 347.9
107 155.1 , Est Remaining: 346.4
108 156.5 , Est Remaining: 344.9
109 157.9 , Est Remaining: 343.4
110 159.4 , Est Remaining: 341.9
111 160.8 , Est Remaining: 340.4
112 162.1 , Est Remaining: 338.7
113 163.5 , Est Remaining: 337.2
114 164.9 , Est Remaining: 335.7
115 166.3 , Est Remaining: 334.1
116 167.7 , Est Remaining: 332.5
117 169.1 , Est Remaining: 331.0
118 170.5 , Est Remaining: 329.4
119 171.9 , Est Remaining: 327.8
120 173.2 , Est Remaining: 326.3
121 174.6 , Est Remaining: 324.7
122 176.0 , Est Remaining: 323.1
123 177.4 , Est Remaining: 321.6
124 178.7 , Est Remaining: 320.0
125 180.1 , Est Remaining: 318.3
126 181.4 , Est Remaining: 316.7
127 182.7 , Est Remaining: 315.1
128 184.1 , Est Remaining: 313.5
129 185.4 , Est Remaining: 311.9
130 186.7 , Est Remaining: 310.2
131 188.0 , Est Remaining: 308.6
132 189.3 , Est Remaining: 307.0
133 190.7 , Est Remaining: 305.4
134 192.0 , Est Remaining: 303.8
135 193.3 , Est Remaining: 302.2
136 194.7 , Est Remaining: 300.6
137 196.0 , Est Remaining: 299.0
138 197.3 , Est Remaining: 297.4
139 198.6 , Est Remaining: 295.8
140 199.9 , Est Remaining: 294.2
141 201.3 , Est Remaining: 292.6
142 202.6 , Est Remaining: 291.0
143 203.9 , Est Remaining: 289.4
144 205.2 , Est Remaining: 287.8
145 206.5 , Est Remaining: 286.3
146 207.8 , Est Remaining: 284.7
147 209.1 , Est Remaining: 283.0
148 210.4 , Est Remaining: 281.5
149 211.7 , Est Remaining: 279.9
150 213.0 , Est Remaining: 278.4
151 214.4 , Est Remaining: 276.8
152 215.7 , Est Remaining: 275.3
153 217.0 , Est Remaining: 273.7
154 218.3 , Est Remaining: 272.2
155 219.6 , Est Remaining: 270.6
156 220.9 , Est Remaining: 269.1
157 222.2 , Est Remaining: 267.5
158 223.5 , Est Remaining: 266.0
159 224.8 , Est Remaining: 264.4
160 226.2 , Est Remaining: 262.9
161 227.5 , Est Remaining: 261.4
162 228.8 , Est Remaining: 259.9
163 230.1 , Est Remaining: 258.3
164 231.4 , Est Remaining: 256.8
165 232.7 , Est Remaining: 255.3
166 234.0 , Est Remaining: 253.8
167 235.3 , Est Remaining: 252.2
168 236.7 , Est Remaining: 250.7
169 238.0 , Est Remaining: 249.2
EVENT FAILED
169 238.3 , Est Remaining: 249.6
170 239.6 , Est Remaining: 248.1
171 240.9 , Est Remaining: 246.6
172 242.2 , Est Remaining: 245.1
173 243.6 , Est Remaining: 243.6
174 244.9 , Est Remaining: 242.1
175 246.2 , Est Remaining: 240.6
176 247.6 , Est Remaining: 239.1
177 248.9 , Est Remaining: 237.7
178 250.3 , Est Remaining: 236.2
179 251.6 , Est Remaining: 234.8
180 253.1 , Est Remaining: 233.4
181 254.5 , Est Remaining: 232.0
182 255.9 , Est Remaining: 230.6
183 257.3 , Est Remaining: 229.1
184 258.6 , Est Remaining: 227.7
185 260.0 , Est Remaining: 226.3
186 261.4 , Est Remaining: 224.8
187 262.7 , Est Remaining: 223.4
188 264.1 , Est Remaining: 221.9
189 265.4 , Est Remaining: 220.5
190 266.8 , Est Remaining: 219.0
191 268.2 , Est Remaining: 217.6
192 269.5 , Est Remaining: 216.2
193 270.9 , Est Remaining: 214.7
194 272.3 , Est Remaining: 213.4
195 273.7 , Est Remaining: 212.0
196 275.1 , Est Remaining: 210.6
197 276.6 , Est Remaining: 209.2
198 278.0 , Est Remaining: 207.8
199 279.4 , Est Remaining: 206.4
200 280.8 , Est Remaining: 205.0
201 282.3 , Est Remaining: 203.7
EVENT FAILED
201 282.6 , Est Remaining: 203.9
202 284.0 , Est Remaining: 202.5
203 285.4 , Est Remaining: 201.1
204 286.8 , Est Remaining: 199.7
EVENT FAILED
204 287.1 , Est Remaining: 199.9
205 288.5 , Est Remaining: 198.4
206 289.9 , Est Remaining: 197.0
207 291.3 , Est Remaining: 195.6
208 292.7 , Est Remaining: 194.2
209 294.1 , Est Remaining: 192.8
210 295.6 , Est Remaining: 191.4
211 297.0 , Est Remaining: 190.0
212 298.4 , Est Remaining: 188.6
213 299.8 , Est Remaining: 187.2
214 301.2 , Est Remaining: 185.8
215 302.6 , Est Remaining: 184.4
216 304.1 , Est Remaining: 183.0
217 305.5 , Est Remaining: 181.6
218 306.9 , Est Remaining: 180.2
219 308.3 , Est Remaining: 178.8
220 309.8 , Est Remaining: 177.4
EVENT FAILED
220 310.1 , Est Remaining: 177.6
221 311.5 , Est Remaining: 176.2
222 312.9 , Est Remaining: 174.8
223 314.3 , Est Remaining: 173.4
224 315.7 , Est Remaining: 172.0
225 317.2 , Est Remaining: 170.6
226 318.6 , Est Remaining: 169.2
227 320.0 , Est Remaining: 167.8
228 321.4 , Est Remaining: 166.3
229 322.8 , Est Remaining: 164.9
230 324.3 , Est Remaining: 163.5
231 325.7 , Est Remaining: 162.1
232 327.1 , Est Remaining: 160.7
233 328.5 , Est Remaining: 159.3
EVENT FAILED
233 328.8 , Est Remaining: 159.4
234 330.2 , Est Remaining: 158.1
235 331.6 , Est Remaining: 156.6
236 333.0 , Est Remaining: 155.2
237 334.4 , Est Remaining: 153.8
238 335.8 , Est Remaining: 152.4
239 337.2 , Est Remaining: 151.0
240 338.7 , Est Remaining: 149.6
241 340.1 , Est Remaining: 148.2
242 341.5 , Est Remaining: 146.7
243 342.9 , Est Remaining: 145.3
244 344.3 , Est Remaining: 143.9
245 345.7 , Est Remaining: 142.5
246 347.1 , Est Remaining: 141.1
247 348.6 , Est Remaining: 139.7
248 350.0 , Est Remaining: 138.3
249 351.4 , Est Remaining: 136.9
250 352.8 , Est Remaining: 135.5
251 354.2 , Est Remaining: 134.1
252 355.7 , Est Remaining: 132.7
253 357.1 , Est Remaining: 131.3
254 358.5 , Est Remaining: 129.9
255 360.0 , Est Remaining: 128.5
256 361.4 , Est Remaining: 127.1
257 362.8 , Est Remaining: 125.6
258 364.3 , Est Remaining: 124.2
259 365.7 , Est Remaining: 122.8
260 367.1 , Est Remaining: 121.4
261 368.6 , Est Remaining: 120.0
262 370.0 , Est Remaining: 118.6
263 371.5 , Est Remaining: 117.2
264 372.9 , Est Remaining: 115.8
265 374.3 , Est Remaining: 114.4
EVENT FAILED
265 374.6 , Est Remaining: 114.5
266 376.1 , Est Remaining: 113.1
267 377.5 , Est Remaining: 111.7
268 379.0 , Est Remaining: 110.3
269 380.4 , Est Remaining: 108.9
270 381.8 , Est Remaining: 107.5
271 383.3 , Est Remaining: 106.1
272 384.7 , Est Remaining: 104.7
273 386.2 , Est Remaining: 103.3
274 387.6 , Est Remaining: 101.8
275 389.0 , Est Remaining: 100.4
276 390.4 , Est Remaining: 99.0
277 391.9 , Est Remaining: 97.6
EVENT FAILED
277 392.2 , Est Remaining: 97.7
278 393.6 , Est Remaining: 96.3
279 395.0 , Est Remaining: 94.9
280 396.5 , Est Remaining: 93.5
281 397.9 , Est Remaining: 92.1
282 399.4 , Est Remaining: 90.6
283 400.8 , Est Remaining: 89.2
284 402.2 , Est Remaining: 87.8
285 403.6 , Est Remaining: 86.4
286 405.1 , Est Remaining: 85.0
287 406.5 , Est Remaining: 83.6
288 407.9 , Est Remaining: 82.1
EVENT FAILED
288 408.2 , Est Remaining: 82.2
289 409.6 , Est Remaining: 80.8
290 411.1 , Est Remaining: 79.4
291 412.5 , Est Remaining: 78.0
292 413.9 , Est Remaining: 76.5
293 415.3 , Est Remaining: 75.1
294 416.7 , Est Remaining: 73.7
295 418.1 , Est Remaining: 72.3
296 419.5 , Est Remaining: 70.9
EVENT FAILED
296 419.8 , Est Remaining: 70.9
297 421.3 , Est Remaining: 69.5
298 422.7 , Est Remaining: 68.1
EVENT FAILED
298 423.0 , Est Remaining: 68.1
299 424.4 , Est Remaining: 66.7
300 425.9 , Est Remaining: 65.3
301 427.5 , Est Remaining: 63.9
302 428.9 , Est Remaining: 62.5
303 430.3 , Est Remaining: 61.1
304 431.7 , Est Remaining: 59.6
305 433.2 , Est Remaining: 58.2
306 434.6 , Est Remaining: 56.8
307 436.0 , Est Remaining: 55.4
308 437.5 , Est Remaining: 54.0
309 438.9 , Est Remaining: 52.6
310 440.3 , Est Remaining: 51.1
311 441.7 , Est Remaining: 49.7
312 443.1 , Est Remaining: 48.3
313 444.5 , Est Remaining: 46.9
314 445.9 , Est Remaining: 45.4
315 447.3 , Est Remaining: 44.0
EVENT FAILED
315 447.6 , Est Remaining: 44.1
316 449.1 , Est Remaining: 42.6
317 450.5 , Est Remaining: 41.2
EVENT FAILED
317 450.8 , Est Remaining: 41.2
318 452.2 , Est Remaining: 39.8
319 453.6 , Est Remaining: 38.4
320 455.0 , Est Remaining: 37.0
321 456.4 , Est Remaining: 35.5
EVENT FAILED
321 456.7 , Est Remaining: 35.6
322 458.1 , Est Remaining: 34.1
323 459.5 , Est Remaining: 32.7
324 461.0 , Est Remaining: 31.3
325 462.4 , Est Remaining: 29.9
326 463.8 , Est Remaining: 28.5
327 465.2 , Est Remaining: 27.0
