Note: NumExpr detected 32 cores but "NUMEXPR_MAX_THREADS" not set, so enforcing safe limit of 8.
Using selector: EpollSelector
/n/home02/jhaefner/miniconda/envs/IC-3.7-2020-06-16/lib/python3.7/site-packages/scipy/optimize/minpack.py:808: OptimizeWarning: Covariance of the parameters could not be estimated
  category=OptimizeWarning)
Total rwfs: 346
0 0.0 , Est Remaining: 999999.9
1 1.5 , Est Remaining: 507.5
2 2.9 , Est Remaining: 504.2
3 4.4 , Est Remaining: 503.4
4 5.9 , Est Remaining: 500.6
5 7.3 , Est Remaining: 496.4
6 8.7 , Est Remaining: 492.9
7 10.1 , Est Remaining: 489.8
8 11.5 , Est Remaining: 487.3
9 12.9 , Est Remaining: 484.7
10 14.4 , Est Remaining: 483.0
11 15.8 , Est Remaining: 481.7
12 17.2 , Est Remaining: 479.3
13 18.6 , Est Remaining: 477.4
14 20.1 , Est Remaining: 475.7
15 21.5 , Est Remaining: 474.3
16 23.0 , Est Remaining: 473.5
17 24.4 , Est Remaining: 471.7
18 25.8 , Est Remaining: 470.2
19 27.2 , Est Remaining: 468.8
20 28.7 , Est Remaining: 467.2
21 30.1 , Est Remaining: 465.9
22 31.6 , Est Remaining: 464.9
23 33.0 , Est Remaining: 463.3
24 34.4 , Est Remaining: 462.0
EVENT FAILED
24 34.7 , Est Remaining: 466.0
25 36.1 , Est Remaining: 463.9
26 37.5 , Est Remaining: 462.1
27 39.0 , Est Remaining: 460.3
EVENT FAILED
27 39.3 , Est Remaining: 463.8
28 40.7 , Est Remaining: 462.1
29 42.1 , Est Remaining: 460.5
30 43.6 , Est Remaining: 458.7
31 45.0 , Est Remaining: 457.0
32 46.4 , Est Remaining: 455.3
33 47.8 , Est Remaining: 453.7
34 49.3 , Est Remaining: 452.1
35 50.7 , Est Remaining: 450.5
36 52.1 , Est Remaining: 448.8
37 53.5 , Est Remaining: 447.2
38 55.0 , Est Remaining: 445.5
39 56.4 , Est Remaining: 443.9
40 57.8 , Est Remaining: 442.2
41 59.2 , Est Remaining: 440.5
42 60.6 , Est Remaining: 438.8
43 62.0 , Est Remaining: 437.1
44 63.4 , Est Remaining: 435.4
45 64.8 , Est Remaining: 433.7
46 66.2 , Est Remaining: 432.0
47 67.6 , Est Remaining: 430.3
48 69.1 , Est Remaining: 428.7
49 70.5 , Est Remaining: 427.2
50 71.9 , Est Remaining: 425.6
51 73.3 , Est Remaining: 424.1
52 74.8 , Est Remaining: 422.6
53 76.2 , Est Remaining: 421.1
54 77.6 , Est Remaining: 419.5
55 79.0 , Est Remaining: 418.0
56 80.4 , Est Remaining: 416.5
57 81.8 , Est Remaining: 415.0
58 83.3 , Est Remaining: 413.4
59 84.7 , Est Remaining: 412.0
60 86.1 , Est Remaining: 410.5
61 87.5 , Est Remaining: 409.0
62 88.9 , Est Remaining: 407.4
63 90.4 , Est Remaining: 405.9
64 91.8 , Est Remaining: 404.4
65 93.2 , Est Remaining: 403.0
EVENT FAILED
65 93.9 , Est Remaining: 405.8
66 95.3 , Est Remaining: 404.2
67 96.7 , Est Remaining: 402.6
68 98.1 , Est Remaining: 401.0
69 99.5 , Est Remaining: 399.5
70 100.9 , Est Remaining: 397.9
71 102.4 , Est Remaining: 396.5
72 103.8 , Est Remaining: 395.0
73 105.2 , Est Remaining: 393.5
74 106.6 , Est Remaining: 391.9
75 108.0 , Est Remaining: 390.4
76 109.5 , Est Remaining: 388.9
77 110.9 , Est Remaining: 387.4
78 112.3 , Est Remaining: 385.9
79 113.8 , Est Remaining: 384.5
80 115.2 , Est Remaining: 383.0
81 116.6 , Est Remaining: 381.6
EVENT FAILED
81 116.9 , Est Remaining: 382.5
82 118.3 , Est Remaining: 381.0
83 119.7 , Est Remaining: 379.4
EVENT FAILED
83 120.0 , Est Remaining: 380.4
84 121.5 , Est Remaining: 378.8
85 122.9 , Est Remaining: 377.3
86 124.3 , Est Remaining: 375.7
87 125.7 , Est Remaining: 374.2
88 127.1 , Est Remaining: 372.7
89 128.5 , Est Remaining: 371.2
90 130.0 , Est Remaining: 369.7
91 131.4 , Est Remaining: 368.2
92 132.8 , Est Remaining: 366.7
93 134.2 , Est Remaining: 365.2
94 135.7 , Est Remaining: 363.7
95 137.1 , Est Remaining: 362.2
96 138.5 , Est Remaining: 360.7
97 139.9 , Est Remaining: 359.2
98 141.4 , Est Remaining: 357.8
99 142.8 , Est Remaining: 356.3
100 144.2 , Est Remaining: 354.8
101 145.6 , Est Remaining: 353.3
102 147.0 , Est Remaining: 351.8
103 148.5 , Est Remaining: 350.4
104 150.0 , Est Remaining: 348.9
105 151.4 , Est Remaining: 347.5
106 152.8 , Est Remaining: 346.0
107 154.2 , Est Remaining: 344.5
108 155.6 , Est Remaining: 342.9
109 157.0 , Est Remaining: 341.4
110 158.4 , Est Remaining: 339.9
111 159.9 , Est Remaining: 338.4
112 161.3 , Est Remaining: 337.0
113 162.7 , Est Remaining: 335.5
114 164.1 , Est Remaining: 334.0
115 165.6 , Est Remaining: 332.6
116 167.0 , Est Remaining: 331.1
117 168.4 , Est Remaining: 329.6
118 169.8 , Est Remaining: 328.2
119 171.2 , Est Remaining: 326.7
120 172.7 , Est Remaining: 325.2
121 174.1 , Est Remaining: 323.7
122 175.5 , Est Remaining: 322.2
123 176.9 , Est Remaining: 320.8
124 178.4 , Est Remaining: 319.3
125 179.8 , Est Remaining: 317.9
126 181.2 , Est Remaining: 316.4
127 182.7 , Est Remaining: 315.0
128 184.1 , Est Remaining: 313.5
129 185.5 , Est Remaining: 312.1
130 186.9 , Est Remaining: 310.6
131 188.4 , Est Remaining: 309.1
132 189.8 , Est Remaining: 307.7
133 191.2 , Est Remaining: 306.2
134 192.6 , Est Remaining: 304.7
135 194.0 , Est Remaining: 303.2
136 195.4 , Est Remaining: 301.7
137 196.8 , Est Remaining: 300.2
138 198.2 , Est Remaining: 298.7
139 199.6 , Est Remaining: 297.3
140 201.0 , Est Remaining: 295.8
141 202.4 , Est Remaining: 294.3
142 203.8 , Est Remaining: 292.8
143 205.3 , Est Remaining: 291.4
144 206.9 , Est Remaining: 290.3
145 208.4 , Est Remaining: 288.8
146 209.8 , Est Remaining: 287.4
147 211.2 , Est Remaining: 285.9
148 212.6 , Est Remaining: 284.5
149 214.1 , Est Remaining: 283.0
150 215.5 , Est Remaining: 281.6
151 216.9 , Est Remaining: 280.1
152 218.3 , Est Remaining: 278.7
153 219.8 , Est Remaining: 277.2
154 221.2 , Est Remaining: 275.8
EVENT FAILED
154 221.5 , Est Remaining: 276.2
155 222.9 , Est Remaining: 274.7
156 224.3 , Est Remaining: 273.2
157 225.7 , Est Remaining: 271.7
158 227.1 , Est Remaining: 270.2
159 228.5 , Est Remaining: 268.7
160 229.9 , Est Remaining: 267.2
161 231.3 , Est Remaining: 265.7
162 232.7 , Est Remaining: 264.3
163 234.1 , Est Remaining: 262.8
164 235.5 , Est Remaining: 261.4
165 236.9 , Est Remaining: 259.9
166 238.3 , Est Remaining: 258.4
167 239.8 , Est Remaining: 257.0
168 241.2 , Est Remaining: 255.5
169 242.6 , Est Remaining: 254.1
170 244.0 , Est Remaining: 252.6
171 245.4 , Est Remaining: 251.2
172 246.9 , Est Remaining: 249.7
173 248.3 , Est Remaining: 248.3
174 249.7 , Est Remaining: 246.8
175 251.1 , Est Remaining: 245.4
176 252.6 , Est Remaining: 244.0
177 254.0 , Est Remaining: 242.5
178 255.4 , Est Remaining: 241.0
179 256.8 , Est Remaining: 239.6
180 258.2 , Est Remaining: 238.2
181 259.7 , Est Remaining: 236.7
182 261.1 , Est Remaining: 235.3
183 262.5 , Est Remaining: 233.8
184 263.9 , Est Remaining: 232.4
185 265.3 , Est Remaining: 230.9
186 266.8 , Est Remaining: 229.5
187 268.2 , Est Remaining: 228.0
188 269.6 , Est Remaining: 226.6
189 271.0 , Est Remaining: 225.1
190 272.4 , Est Remaining: 223.7
191 273.8 , Est Remaining: 222.2
192 275.2 , Est Remaining: 220.8
193 276.7 , Est Remaining: 219.3
194 278.1 , Est Remaining: 217.9
195 279.5 , Est Remaining: 216.5
196 281.0 , Est Remaining: 215.0
197 282.4 , Est Remaining: 213.6
198 283.8 , Est Remaining: 212.2
199 285.3 , Est Remaining: 210.7
200 286.7 , Est Remaining: 209.3
201 288.1 , Est Remaining: 207.8
202 289.6 , Est Remaining: 206.5
203 291.0 , Est Remaining: 205.0
204 292.5 , Est Remaining: 203.6
205 293.9 , Est Remaining: 202.1
206 295.3 , Est Remaining: 200.7
207 296.7 , Est Remaining: 199.2
208 298.1 , Est Remaining: 197.8
209 299.6 , Est Remaining: 196.4
210 301.0 , Est Remaining: 194.9
211 302.4 , Est Remaining: 193.5
212 303.8 , Est Remaining: 192.0
213 305.2 , Est Remaining: 190.6
214 306.7 , Est Remaining: 189.2
215 308.1 , Est Remaining: 187.7
216 309.5 , Est Remaining: 186.3
217 310.9 , Est Remaining: 184.8
218 312.3 , Est Remaining: 183.4
219 313.8 , Est Remaining: 182.0
220 315.2 , Est Remaining: 180.5
221 316.6 , Est Remaining: 179.1
222 318.0 , Est Remaining: 177.6
223 319.5 , Est Remaining: 176.2
224 320.9 , Est Remaining: 174.8
225 322.3 , Est Remaining: 173.3
226 323.8 , Est Remaining: 171.9
227 325.2 , Est Remaining: 170.5
228 326.6 , Est Remaining: 169.0
229 328.0 , Est Remaining: 167.6
230 329.4 , Est Remaining: 166.1
231 330.8 , Est Remaining: 164.7
232 332.2 , Est Remaining: 163.3
233 333.6 , Est Remaining: 161.8
234 335.1 , Est Remaining: 160.4
235 336.5 , Est Remaining: 158.9
236 337.9 , Est Remaining: 157.5
237 339.3 , Est Remaining: 156.1
238 340.7 , Est Remaining: 154.6
239 342.1 , Est Remaining: 153.2
240 343.5 , Est Remaining: 151.7
241 344.9 , Est Remaining: 150.3
242 346.3 , Est Remaining: 148.8
243 347.7 , Est Remaining: 147.4
244 349.1 , Est Remaining: 145.9
245 350.4 , Est Remaining: 144.5
246 351.8 , Est Remaining: 143.0
247 353.2 , Est Remaining: 141.6
248 354.6 , Est Remaining: 140.1
249 356.0 , Est Remaining: 138.7
250 357.4 , Est Remaining: 137.2
251 358.8 , Est Remaining: 135.8
252 360.2 , Est Remaining: 134.4
253 361.6 , Est Remaining: 132.9
254 363.0 , Est Remaining: 131.5
255 364.5 , Est Remaining: 130.1
256 365.9 , Est Remaining: 128.6
257 367.3 , Est Remaining: 127.2
258 368.7 , Est Remaining: 125.8
259 370.1 , Est Remaining: 124.3
260 371.6 , Est Remaining: 122.9
261 373.0 , Est Remaining: 121.5
262 374.4 , Est Remaining: 120.0
263 375.8 , Est Remaining: 118.6
264 377.2 , Est Remaining: 117.2
265 378.6 , Est Remaining: 115.7
266 380.1 , Est Remaining: 114.3
267 381.5 , Est Remaining: 112.9
268 382.9 , Est Remaining: 111.4
269 384.3 , Est Remaining: 110.0
270 385.7 , Est Remaining: 108.6
271 387.2 , Est Remaining: 107.1
272 388.6 , Est Remaining: 105.7
273 390.0 , Est Remaining: 104.3
274 391.4 , Est Remaining: 102.8
275 392.8 , Est Remaining: 101.4
276 394.2 , Est Remaining: 100.0
277 395.6 , Est Remaining: 98.5
278 397.0 , Est Remaining: 97.1
279 398.4 , Est Remaining: 95.7
280 399.8 , Est Remaining: 94.2
281 401.3 , Est Remaining: 92.8
282 402.7 , Est Remaining: 91.4
283 404.1 , Est Remaining: 90.0
284 405.5 , Est Remaining: 88.5
285 406.9 , Est Remaining: 87.1
286 408.3 , Est Remaining: 85.7
EVENT FAILED
286 408.6 , Est Remaining: 85.7
287 410.0 , Est Remaining: 84.3
288 411.5 , Est Remaining: 82.9
289 412.9 , Est Remaining: 81.4
290 414.3 , Est Remaining: 80.0
291 415.7 , Est Remaining: 78.6
292 417.1 , Est Remaining: 77.1
293 418.5 , Est Remaining: 75.7
294 419.9 , Est Remaining: 74.3
295 421.3 , Est Remaining: 72.8
296 422.7 , Est Remaining: 71.4
297 424.1 , Est Remaining: 70.0
298 425.5 , Est Remaining: 68.5
299 426.9 , Est Remaining: 67.1
300 428.3 , Est Remaining: 65.7
301 429.8 , Est Remaining: 64.3
302 431.3 , Est Remaining: 62.8
303 432.7 , Est Remaining: 61.4
304 434.0 , Est Remaining: 60.0
305 435.5 , Est Remaining: 58.5
306 436.9 , Est Remaining: 57.1
307 438.3 , Est Remaining: 55.7
308 439.7 , Est Remaining: 54.2
309 441.1 , Est Remaining: 52.8
310 442.5 , Est Remaining: 51.4
311 443.9 , Est Remaining: 50.0
312 445.3 , Est Remaining: 48.5
EVENT FAILED
312 445.6 , Est Remaining: 48.6
313 447.0 , Est Remaining: 47.1
314 448.3 , Est Remaining: 45.7
315 449.7 , Est Remaining: 44.3
316 451.1 , Est Remaining: 42.8
317 452.4 , Est Remaining: 41.4
318 453.8 , Est Remaining: 40.0
319 455.2 , Est Remaining: 38.5
320 456.5 , Est Remaining: 37.1
321 457.9 , Est Remaining: 35.7
322 459.3 , Est Remaining: 34.2
323 460.6 , Est Remaining: 32.8
324 461.9 , Est Remaining: 31.4
325 463.3 , Est Remaining: 29.9
326 464.6 , Est Remaining: 28.5
327 466.0 , Est Remaining: 27.1
328 467.3 , Est Remaining: 25.6
329 468.6 , Est Remaining: 24.2
330 470.0 , Est Remaining: 22.8
331 471.3 , Est Remaining: 21.4
332 472.7 , Est Remaining: 19.9
333 474.0 , Est Remaining: 18.5
334 475.3 , Est Remaining: 17.1
335 476.7 , Est Remaining: 15.7
336 478.0 , Est Remaining: 14.2
337 479.3 , Est Remaining: 12.8
