Note: NumExpr detected 32 cores but "NUMEXPR_MAX_THREADS" not set, so enforcing safe limit of 8.
Using selector: EpollSelector
/n/home02/jhaefner/miniconda/envs/IC-3.7-2020-06-16/lib/python3.7/site-packages/scipy/optimize/minpack.py:808: OptimizeWarning: Covariance of the parameters could not be estimated
  category=OptimizeWarning)
Total rwfs: 346
0 0.0 , Est Remaining: 999999.9
1 1.4 , Est Remaining: 493.0
2 2.8 , Est Remaining: 483.8
3 4.2 , Est Remaining: 483.3
4 5.6 , Est Remaining: 480.1
5 7.0 , Est Remaining: 478.3
6 8.4 , Est Remaining: 475.8
7 9.8 , Est Remaining: 473.6
8 11.2 , Est Remaining: 472.5
9 12.6 , Est Remaining: 470.0
10 13.9 , Est Remaining: 468.2
11 15.3 , Est Remaining: 466.5
12 16.7 , Est Remaining: 465.4
13 18.1 , Est Remaining: 463.5
14 19.5 , Est Remaining: 461.8
15 20.9 , Est Remaining: 460.7
16 22.3 , Est Remaining: 459.6
17 23.7 , Est Remaining: 458.2
18 25.1 , Est Remaining: 456.8
19 26.5 , Est Remaining: 455.5
20 27.9 , Est Remaining: 454.3
21 29.3 , Est Remaining: 453.0
22 30.7 , Est Remaining: 451.6
23 32.1 , Est Remaining: 450.5
24 33.5 , Est Remaining: 449.4
25 34.9 , Est Remaining: 447.7
26 36.3 , Est Remaining: 446.2
27 37.6 , Est Remaining: 444.8
28 39.1 , Est Remaining: 443.5
29 40.5 , Est Remaining: 442.2
30 41.9 , Est Remaining: 441.0
31 43.3 , Est Remaining: 439.8
32 44.7 , Est Remaining: 438.5
33 46.1 , Est Remaining: 437.2
34 47.5 , Est Remaining: 435.7
35 48.9 , Est Remaining: 434.4
36 50.3 , Est Remaining: 433.0
37 51.7 , Est Remaining: 431.4
38 53.0 , Est Remaining: 429.9
39 54.4 , Est Remaining: 428.4
40 55.8 , Est Remaining: 427.0
41 57.2 , Est Remaining: 425.5
42 58.6 , Est Remaining: 424.2
EVENT FAILED
42 58.9 , Est Remaining: 426.5
43 60.3 , Est Remaining: 425.1
44 61.7 , Est Remaining: 423.6
45 63.1 , Est Remaining: 422.1
46 64.5 , Est Remaining: 420.7
47 65.9 , Est Remaining: 419.2
48 67.3 , Est Remaining: 417.7
49 68.7 , Est Remaining: 416.3
50 70.1 , Est Remaining: 414.8
51 71.5 , Est Remaining: 413.4
52 72.9 , Est Remaining: 412.0
53 74.3 , Est Remaining: 410.6
54 75.7 , Est Remaining: 409.3
55 77.1 , Est Remaining: 407.9
56 78.5 , Est Remaining: 406.6
EVENT FAILED
56 78.8 , Est Remaining: 408.2
57 80.2 , Est Remaining: 406.8
58 81.6 , Est Remaining: 405.4
59 83.1 , Est Remaining: 404.0
60 84.5 , Est Remaining: 402.7
61 85.9 , Est Remaining: 401.3
62 87.3 , Est Remaining: 399.9
63 88.7 , Est Remaining: 398.6
64 90.2 , Est Remaining: 397.3
65 91.6 , Est Remaining: 395.9
66 93.0 , Est Remaining: 394.6
67 94.4 , Est Remaining: 393.3
68 95.9 , Est Remaining: 391.9
69 97.3 , Est Remaining: 390.6
70 98.7 , Est Remaining: 389.3
71 100.2 , Est Remaining: 388.0
72 101.6 , Est Remaining: 386.7
EVENT FAILED
72 101.9 , Est Remaining: 387.8
73 103.3 , Est Remaining: 386.5
74 104.8 , Est Remaining: 385.2
75 106.2 , Est Remaining: 383.9
76 107.7 , Est Remaining: 382.5
77 109.1 , Est Remaining: 381.2
78 110.5 , Est Remaining: 379.8
79 112.0 , Est Remaining: 378.5
80 113.4 , Est Remaining: 377.1
81 114.8 , Est Remaining: 375.7
82 116.3 , Est Remaining: 374.3
83 117.7 , Est Remaining: 372.9
84 119.1 , Est Remaining: 371.5
85 120.5 , Est Remaining: 370.1
86 122.0 , Est Remaining: 368.7
87 123.4 , Est Remaining: 367.4
EVENT FAILED
87 123.7 , Est Remaining: 368.3
88 125.2 , Est Remaining: 366.9
89 126.6 , Est Remaining: 365.6
90 128.0 , Est Remaining: 364.2
91 129.4 , Est Remaining: 362.7
92 130.9 , Est Remaining: 361.3
93 132.3 , Est Remaining: 359.9
94 133.7 , Est Remaining: 358.5
95 135.1 , Est Remaining: 357.1
96 136.6 , Est Remaining: 355.7
97 138.0 , Est Remaining: 354.3
98 139.4 , Est Remaining: 352.9
99 140.9 , Est Remaining: 351.5
100 142.3 , Est Remaining: 350.1
101 143.8 , Est Remaining: 348.8
102 145.2 , Est Remaining: 347.4
103 146.7 , Est Remaining: 346.2
104 148.2 , Est Remaining: 344.8
EVENT FAILED
104 148.5 , Est Remaining: 345.5
105 149.9 , Est Remaining: 344.1
106 151.4 , Est Remaining: 342.7
EVENT FAILED
106 151.7 , Est Remaining: 343.4
107 153.1 , Est Remaining: 341.9
108 154.5 , Est Remaining: 340.4
109 155.9 , Est Remaining: 338.9
EVENT FAILED
109 156.2 , Est Remaining: 339.6
110 157.6 , Est Remaining: 338.1
111 159.0 , Est Remaining: 336.7
112 160.4 , Est Remaining: 335.2
113 161.9 , Est Remaining: 333.8
114 163.4 , Est Remaining: 332.4
115 164.8 , Est Remaining: 331.1
116 166.3 , Est Remaining: 329.7
117 167.7 , Est Remaining: 328.3
118 169.2 , Est Remaining: 326.9
119 170.7 , Est Remaining: 325.5
120 172.1 , Est Remaining: 324.1
121 173.6 , Est Remaining: 322.8
122 175.1 , Est Remaining: 321.4
123 176.5 , Est Remaining: 320.0
124 178.0 , Est Remaining: 318.6
125 179.4 , Est Remaining: 317.2
126 180.8 , Est Remaining: 315.7
127 182.3 , Est Remaining: 314.4
128 183.7 , Est Remaining: 312.9
129 185.2 , Est Remaining: 311.5
130 186.6 , Est Remaining: 310.1
131 188.0 , Est Remaining: 308.6
132 189.5 , Est Remaining: 307.2
133 190.9 , Est Remaining: 305.7
134 192.3 , Est Remaining: 304.3
135 193.7 , Est Remaining: 302.8
136 195.1 , Est Remaining: 301.3
137 196.6 , Est Remaining: 299.9
138 198.0 , Est Remaining: 298.4
139 199.4 , Est Remaining: 296.9
140 200.8 , Est Remaining: 295.4
141 202.2 , Est Remaining: 294.0
EVENT FAILED
141 202.5 , Est Remaining: 294.4
142 203.9 , Est Remaining: 293.0
143 205.3 , Est Remaining: 291.5
144 206.8 , Est Remaining: 290.0
EVENT FAILED
144 207.1 , Est Remaining: 290.5
145 208.4 , Est Remaining: 288.9
146 209.8 , Est Remaining: 287.4
147 211.2 , Est Remaining: 286.0
148 212.7 , Est Remaining: 284.5
149 214.1 , Est Remaining: 283.0
150 215.5 , Est Remaining: 281.6
151 216.9 , Est Remaining: 280.1
152 218.4 , Est Remaining: 278.7
153 219.8 , Est Remaining: 277.2
154 221.2 , Est Remaining: 275.8
155 222.6 , Est Remaining: 274.3
156 224.0 , Est Remaining: 272.9
157 225.5 , Est Remaining: 271.5
158 226.9 , Est Remaining: 270.0
159 228.4 , Est Remaining: 268.6
160 229.8 , Est Remaining: 267.1
161 231.2 , Est Remaining: 265.7
162 232.7 , Est Remaining: 264.3
163 234.1 , Est Remaining: 262.8
164 235.5 , Est Remaining: 261.4
165 237.0 , Est Remaining: 259.9
166 238.4 , Est Remaining: 258.5
167 239.9 , Est Remaining: 257.1
168 241.3 , Est Remaining: 255.7
169 242.7 , Est Remaining: 254.2
170 244.2 , Est Remaining: 252.8
171 245.6 , Est Remaining: 251.3
172 247.0 , Est Remaining: 249.9
173 248.4 , Est Remaining: 248.4
174 249.8 , Est Remaining: 247.0
175 251.3 , Est Remaining: 245.5
176 252.7 , Est Remaining: 244.1
177 254.1 , Est Remaining: 242.6
178 255.5 , Est Remaining: 241.1
179 256.9 , Est Remaining: 239.7
180 258.3 , Est Remaining: 238.2
EVENT FAILED
180 258.6 , Est Remaining: 238.5
181 260.0 , Est Remaining: 237.1
182 261.5 , Est Remaining: 235.6
183 262.9 , Est Remaining: 234.2
184 264.3 , Est Remaining: 232.7
185 265.7 , Est Remaining: 231.3
186 267.2 , Est Remaining: 229.8
187 268.6 , Est Remaining: 228.3
188 270.0 , Est Remaining: 226.9
189 271.4 , Est Remaining: 225.5
190 272.8 , Est Remaining: 224.0
191 274.3 , Est Remaining: 222.6
192 275.7 , Est Remaining: 221.1
193 277.1 , Est Remaining: 219.7
194 278.6 , Est Remaining: 218.3
195 280.0 , Est Remaining: 216.8
196 281.5 , Est Remaining: 215.4
197 282.9 , Est Remaining: 214.0
198 284.4 , Est Remaining: 212.6
199 285.9 , Est Remaining: 211.2
200 287.3 , Est Remaining: 209.7
201 288.8 , Est Remaining: 208.3
202 290.2 , Est Remaining: 206.9
203 291.8 , Est Remaining: 205.6
204 293.2 , Est Remaining: 204.1
EVENT FAILED
204 293.5 , Est Remaining: 204.3
205 295.0 , Est Remaining: 202.9
EVENT FAILED
205 295.3 , Est Remaining: 203.1
206 296.7 , Est Remaining: 201.6
207 298.1 , Est Remaining: 200.2
208 299.5 , Est Remaining: 198.7
209 301.0 , Est Remaining: 197.3
210 302.4 , Est Remaining: 195.8
211 303.8 , Est Remaining: 194.4
212 305.2 , Est Remaining: 192.9
213 306.7 , Est Remaining: 191.5
214 308.1 , Est Remaining: 190.0
215 309.5 , Est Remaining: 188.6
216 311.0 , Est Remaining: 187.2
217 312.5 , Est Remaining: 185.7
218 313.9 , Est Remaining: 184.3
219 315.3 , Est Remaining: 182.9
220 316.8 , Est Remaining: 181.4
221 318.2 , Est Remaining: 180.0
222 319.6 , Est Remaining: 178.5
223 321.1 , Est Remaining: 177.1
224 322.5 , Est Remaining: 175.7
225 323.9 , Est Remaining: 174.2
226 325.4 , Est Remaining: 172.8
227 326.8 , Est Remaining: 171.3
EVENT FAILED
227 327.1 , Est Remaining: 171.5
228 328.6 , Est Remaining: 170.0
229 330.0 , Est Remaining: 168.6
230 331.5 , Est Remaining: 167.2
231 332.9 , Est Remaining: 165.7
232 334.4 , Est Remaining: 164.3
233 335.8 , Est Remaining: 162.9
234 337.2 , Est Remaining: 161.4
235 338.7 , Est Remaining: 160.0
236 340.1 , Est Remaining: 158.5
237 341.6 , Est Remaining: 157.1
238 343.0 , Est Remaining: 155.7
239 344.5 , Est Remaining: 154.2
240 345.9 , Est Remaining: 152.8
241 347.4 , Est Remaining: 151.3
242 348.8 , Est Remaining: 149.9
243 350.3 , Est Remaining: 148.5
244 351.7 , Est Remaining: 147.0
245 353.2 , Est Remaining: 145.6
246 354.6 , Est Remaining: 144.2
247 356.0 , Est Remaining: 142.7
248 357.5 , Est Remaining: 141.3
249 358.9 , Est Remaining: 139.8
250 360.3 , Est Remaining: 138.4
251 361.7 , Est Remaining: 136.9
252 363.2 , Est Remaining: 135.5
253 364.6 , Est Remaining: 134.0
254 366.1 , Est Remaining: 132.6
255 367.5 , Est Remaining: 131.1
256 368.9 , Est Remaining: 129.7
257 370.3 , Est Remaining: 128.2
258 371.7 , Est Remaining: 126.8
259 373.1 , Est Remaining: 125.3
260 374.6 , Est Remaining: 123.9
261 376.0 , Est Remaining: 122.4
262 377.4 , Est Remaining: 121.0
263 378.8 , Est Remaining: 119.6
264 380.3 , Est Remaining: 118.1
265 381.7 , Est Remaining: 116.7
266 383.1 , Est Remaining: 115.2
267 384.5 , Est Remaining: 113.8
268 385.9 , Est Remaining: 112.3
269 387.3 , Est Remaining: 110.9
270 388.8 , Est Remaining: 109.4
271 390.2 , Est Remaining: 108.0
272 391.6 , Est Remaining: 106.5
273 393.0 , Est Remaining: 105.1
274 394.4 , Est Remaining: 103.6
275 395.9 , Est Remaining: 102.2
276 397.3 , Est Remaining: 100.8
277 398.7 , Est Remaining: 99.3
278 400.1 , Est Remaining: 97.9
279 401.5 , Est Remaining: 96.4
EVENT FAILED
279 401.9 , Est Remaining: 96.5
280 403.3 , Est Remaining: 95.1
281 404.6 , Est Remaining: 93.6
282 406.1 , Est Remaining: 92.2
283 407.5 , Est Remaining: 90.7
284 408.9 , Est Remaining: 89.3
285 410.2 , Est Remaining: 87.8
286 411.7 , Est Remaining: 86.4
287 413.1 , Est Remaining: 84.9
288 414.4 , Est Remaining: 83.5
289 415.8 , Est Remaining: 82.0
290 417.2 , Est Remaining: 80.6
291 418.6 , Est Remaining: 79.1
292 420.0 , Est Remaining: 77.7
293 421.4 , Est Remaining: 76.2
EVENT FAILED
293 421.7 , Est Remaining: 76.3
294 423.0 , Est Remaining: 74.8
295 424.4 , Est Remaining: 73.4
296 425.8 , Est Remaining: 71.9
297 427.1 , Est Remaining: 70.5
298 428.5 , Est Remaining: 69.0
299 429.8 , Est Remaining: 67.6
300 431.2 , Est Remaining: 66.1
301 432.6 , Est Remaining: 64.7
302 434.1 , Est Remaining: 63.2
303 435.5 , Est Remaining: 61.8
304 436.8 , Est Remaining: 60.3
305 438.2 , Est Remaining: 58.9
306 439.5 , Est Remaining: 57.5
307 440.9 , Est Remaining: 56.0
308 442.3 , Est Remaining: 54.6
309 443.6 , Est Remaining: 53.1
310 445.0 , Est Remaining: 51.7
311 446.4 , Est Remaining: 50.2
312 447.7 , Est Remaining: 48.8
313 449.1 , Est Remaining: 47.3
314 450.4 , Est Remaining: 45.9
EVENT FAILED
314 450.7 , Est Remaining: 45.9
315 452.1 , Est Remaining: 44.5
316 453.4 , Est Remaining: 43.0
317 454.8 , Est Remaining: 41.6
318 456.1 , Est Remaining: 40.2
319 457.5 , Est Remaining: 38.7
320 458.9 , Est Remaining: 37.3
321 460.2 , Est Remaining: 35.8
322 461.6 , Est Remaining: 34.4
323 463.0 , Est Remaining: 33.0
324 464.3 , Est Remaining: 31.5
325 465.7 , Est Remaining: 30.1
326 467.1 , Est Remaining: 28.7
327 468.4 , Est Remaining: 27.2
328 469.8 , Est Remaining: 25.8
329 471.1 , Est Remaining: 24.3
