Note: NumExpr detected 32 cores but "NUMEXPR_MAX_THREADS" not set, so enforcing safe limit of 8.
Using selector: EpollSelector
/n/home02/jhaefner/miniconda/envs/IC-3.7-2020-06-16/lib/python3.7/site-packages/scipy/optimize/minpack.py:808: OptimizeWarning: Covariance of the parameters could not be estimated
  category=OptimizeWarning)
Total rwfs: 346
0 0.0 , Est Remaining: 999999.9
1 1.4 , Est Remaining: 489.3
2 2.8 , Est Remaining: 478.0
3 4.2 , Est Remaining: 475.8
4 5.5 , Est Remaining: 470.3
5 6.8 , Est Remaining: 466.9
6 8.2 , Est Remaining: 463.1
7 9.5 , Est Remaining: 459.6
8 10.8 , Est Remaining: 457.7
9 12.2 , Est Remaining: 455.0
10 13.5 , Est Remaining: 453.6
11 14.8 , Est Remaining: 451.6
12 16.2 , Est Remaining: 449.8
13 17.5 , Est Remaining: 448.2
14 18.8 , Est Remaining: 446.8
15 20.2 , Est Remaining: 444.8
16 21.5 , Est Remaining: 443.1
17 22.8 , Est Remaining: 441.3
18 24.1 , Est Remaining: 439.7
19 25.5 , Est Remaining: 438.1
20 26.8 , Est Remaining: 436.5
21 28.1 , Est Remaining: 435.1
22 29.4 , Est Remaining: 433.6
23 30.8 , Est Remaining: 432.2
24 32.1 , Est Remaining: 430.8
25 33.4 , Est Remaining: 429.2
26 34.8 , Est Remaining: 427.9
27 36.1 , Est Remaining: 426.2
28 37.4 , Est Remaining: 425.0
29 38.8 , Est Remaining: 423.6
30 40.1 , Est Remaining: 422.3
31 41.4 , Est Remaining: 420.8
32 42.7 , Est Remaining: 419.4
33 44.1 , Est Remaining: 418.1
34 45.4 , Est Remaining: 416.7
35 46.7 , Est Remaining: 415.3
36 48.1 , Est Remaining: 413.9
37 49.4 , Est Remaining: 412.5
38 50.7 , Est Remaining: 411.1
39 52.0 , Est Remaining: 409.7
40 53.4 , Est Remaining: 408.3
41 54.7 , Est Remaining: 406.9
42 56.0 , Est Remaining: 405.5
43 57.4 , Est Remaining: 404.2
44 58.7 , Est Remaining: 402.8
45 60.0 , Est Remaining: 401.4
46 61.3 , Est Remaining: 400.0
47 62.7 , Est Remaining: 398.6
48 64.0 , Est Remaining: 397.3
49 65.3 , Est Remaining: 395.9
50 66.7 , Est Remaining: 394.7
51 68.0 , Est Remaining: 393.4
52 69.3 , Est Remaining: 392.0
53 70.7 , Est Remaining: 390.6
54 72.0 , Est Remaining: 389.3
55 73.3 , Est Remaining: 388.0
56 74.7 , Est Remaining: 386.6
57 76.0 , Est Remaining: 385.3
58 77.3 , Est Remaining: 384.0
59 78.7 , Est Remaining: 382.7
60 80.0 , Est Remaining: 381.5
61 81.4 , Est Remaining: 380.4
62 82.8 , Est Remaining: 379.2
63 84.2 , Est Remaining: 378.0
EVENT FAILED
63 84.5 , Est Remaining: 379.4
64 85.8 , Est Remaining: 378.2
65 87.2 , Est Remaining: 377.1
66 88.6 , Est Remaining: 376.0
67 90.0 , Est Remaining: 374.8
68 91.4 , Est Remaining: 373.7
69 92.8 , Est Remaining: 372.6
70 94.2 , Est Remaining: 371.5
EVENT FAILED
70 94.5 , Est Remaining: 372.7
71 95.9 , Est Remaining: 371.6
72 97.4 , Est Remaining: 370.6
73 98.8 , Est Remaining: 369.5
74 100.2 , Est Remaining: 368.4
75 101.7 , Est Remaining: 367.3
76 103.1 , Est Remaining: 366.3
77 104.5 , Est Remaining: 365.2
78 106.0 , Est Remaining: 364.1
EVENT FAILED
78 106.3 , Est Remaining: 365.1
79 107.7 , Est Remaining: 364.0
80 109.2 , Est Remaining: 362.9
81 110.6 , Est Remaining: 361.8
82 112.0 , Est Remaining: 360.6
83 113.5 , Est Remaining: 359.6
84 114.9 , Est Remaining: 358.5
85 116.4 , Est Remaining: 357.4
86 117.8 , Est Remaining: 356.2
87 119.3 , Est Remaining: 355.1
88 120.7 , Est Remaining: 353.8
89 122.1 , Est Remaining: 352.6
90 123.5 , Est Remaining: 351.4
91 125.0 , Est Remaining: 350.1
92 126.4 , Est Remaining: 349.0
93 127.9 , Est Remaining: 347.8
94 129.3 , Est Remaining: 346.7
95 130.7 , Est Remaining: 345.4
96 132.2 , Est Remaining: 344.2
97 133.7 , Est Remaining: 343.2
EVENT FAILED
97 134.0 , Est Remaining: 344.0
98 135.4 , Est Remaining: 342.7
99 136.9 , Est Remaining: 341.5
100 138.3 , Est Remaining: 340.2
101 139.7 , Est Remaining: 339.0
102 141.2 , Est Remaining: 337.8
103 142.7 , Est Remaining: 336.7
104 144.2 , Est Remaining: 335.4
105 145.6 , Est Remaining: 334.1
106 147.0 , Est Remaining: 332.9
107 148.5 , Est Remaining: 331.6
108 149.9 , Est Remaining: 330.3
109 151.3 , Est Remaining: 329.0
110 152.8 , Est Remaining: 327.8
111 154.2 , Est Remaining: 326.5
112 155.7 , Est Remaining: 325.2
113 157.1 , Est Remaining: 324.0
114 158.5 , Est Remaining: 322.6
115 160.0 , Est Remaining: 321.3
116 161.4 , Est Remaining: 320.0
117 162.8 , Est Remaining: 318.7
118 164.3 , Est Remaining: 317.4
119 165.7 , Est Remaining: 316.1
120 167.2 , Est Remaining: 314.8
121 168.6 , Est Remaining: 313.5
122 170.0 , Est Remaining: 312.2
123 171.5 , Est Remaining: 310.9
124 172.9 , Est Remaining: 309.6
125 174.4 , Est Remaining: 308.3
126 175.8 , Est Remaining: 307.0
127 177.2 , Est Remaining: 305.6
128 178.7 , Est Remaining: 304.3
129 180.1 , Est Remaining: 303.0
130 181.6 , Est Remaining: 301.7
131 183.0 , Est Remaining: 300.4
132 184.5 , Est Remaining: 299.1
133 185.9 , Est Remaining: 297.7
134 187.4 , Est Remaining: 296.4
135 188.8 , Est Remaining: 295.1
136 190.2 , Est Remaining: 293.8
137 191.7 , Est Remaining: 292.4
138 193.1 , Est Remaining: 291.1
139 194.6 , Est Remaining: 289.8
140 196.0 , Est Remaining: 288.4
141 197.5 , Est Remaining: 287.1
142 198.9 , Est Remaining: 285.8
143 200.4 , Est Remaining: 284.4
144 201.8 , Est Remaining: 283.1
145 203.2 , Est Remaining: 281.7
146 204.7 , Est Remaining: 280.4
147 206.1 , Est Remaining: 279.0
148 207.6 , Est Remaining: 277.7
149 209.0 , Est Remaining: 276.3
150 210.4 , Est Remaining: 275.0
151 211.9 , Est Remaining: 273.6
152 213.3 , Est Remaining: 272.3
153 214.8 , Est Remaining: 270.9
154 216.2 , Est Remaining: 269.6
155 217.7 , Est Remaining: 268.2
EVENT FAILED
155 218.0 , Est Remaining: 268.6
156 219.4 , Est Remaining: 267.2
157 220.8 , Est Remaining: 265.9
158 222.3 , Est Remaining: 264.5
159 223.7 , Est Remaining: 263.2
160 225.2 , Est Remaining: 261.8
161 226.6 , Est Remaining: 260.4
162 228.0 , Est Remaining: 259.0
163 229.5 , Est Remaining: 257.7
164 230.9 , Est Remaining: 256.3
165 232.4 , Est Remaining: 254.9
166 233.8 , Est Remaining: 253.5
167 235.2 , Est Remaining: 252.1
168 236.6 , Est Remaining: 250.7
169 238.1 , Est Remaining: 249.3
170 239.5 , Est Remaining: 248.0
171 240.9 , Est Remaining: 246.6
172 242.4 , Est Remaining: 245.2
173 243.8 , Est Remaining: 243.8
EVENT FAILED
173 244.1 , Est Remaining: 244.1
EVENT FAILED
173 244.4 , Est Remaining: 244.4
174 245.8 , Est Remaining: 243.0
175 247.3 , Est Remaining: 241.6
176 248.7 , Est Remaining: 240.2
177 250.2 , Est Remaining: 238.8
178 251.6 , Est Remaining: 237.4
179 253.0 , Est Remaining: 236.1
180 254.4 , Est Remaining: 234.6
181 255.9 , Est Remaining: 233.3
182 257.3 , Est Remaining: 231.9
183 258.8 , Est Remaining: 230.5
184 260.2 , Est Remaining: 229.1
185 261.6 , Est Remaining: 227.7
186 263.1 , Est Remaining: 226.3
187 264.5 , Est Remaining: 224.9
188 266.0 , Est Remaining: 223.5
189 267.4 , Est Remaining: 222.1
190 268.8 , Est Remaining: 220.7
191 270.3 , Est Remaining: 219.3
192 271.7 , Est Remaining: 218.0
193 273.2 , Est Remaining: 216.6
194 274.6 , Est Remaining: 215.2
195 276.1 , Est Remaining: 213.8
196 277.5 , Est Remaining: 212.4
197 279.0 , Est Remaining: 211.0
198 280.4 , Est Remaining: 209.6
199 281.9 , Est Remaining: 208.2
200 283.3 , Est Remaining: 206.8
201 284.7 , Est Remaining: 205.4
202 286.1 , Est Remaining: 204.0
203 287.7 , Est Remaining: 202.7
204 289.2 , Est Remaining: 201.3
205 290.6 , Est Remaining: 199.9
206 292.0 , Est Remaining: 198.5
207 293.4 , Est Remaining: 197.0
208 294.9 , Est Remaining: 195.6
209 296.3 , Est Remaining: 194.2
EVENT FAILED
209 296.6 , Est Remaining: 194.4
210 298.1 , Est Remaining: 193.0
211 299.5 , Est Remaining: 191.6
212 300.9 , Est Remaining: 190.2
213 302.4 , Est Remaining: 188.8
214 303.8 , Est Remaining: 187.4
215 305.2 , Est Remaining: 186.0
216 306.7 , Est Remaining: 184.6
217 308.1 , Est Remaining: 183.2
218 309.5 , Est Remaining: 181.8
219 311.0 , Est Remaining: 180.3
220 312.4 , Est Remaining: 178.9
221 313.9 , Est Remaining: 177.5
222 315.4 , Est Remaining: 176.1
223 316.8 , Est Remaining: 174.7
224 318.3 , Est Remaining: 173.3
225 319.7 , Est Remaining: 171.9
EVENT FAILED
225 320.0 , Est Remaining: 172.1
226 321.5 , Est Remaining: 170.7
227 322.8 , Est Remaining: 169.2
228 324.2 , Est Remaining: 167.8
229 325.6 , Est Remaining: 166.4
230 327.1 , Est Remaining: 165.0
231 328.5 , Est Remaining: 163.5
232 329.9 , Est Remaining: 162.1
233 331.4 , Est Remaining: 160.7
234 332.8 , Est Remaining: 159.3
235 334.3 , Est Remaining: 157.9
236 335.7 , Est Remaining: 156.5
237 337.2 , Est Remaining: 155.1
238 338.6 , Est Remaining: 153.6
239 340.0 , Est Remaining: 152.2
240 341.4 , Est Remaining: 150.8
241 342.9 , Est Remaining: 149.4
242 344.3 , Est Remaining: 148.0
243 345.8 , Est Remaining: 146.6
244 347.2 , Est Remaining: 145.2
245 348.7 , Est Remaining: 143.7
246 350.1 , Est Remaining: 142.3
247 351.6 , Est Remaining: 140.9
248 353.0 , Est Remaining: 139.5
249 354.5 , Est Remaining: 138.1
EVENT FAILED
249 354.8 , Est Remaining: 138.2
250 356.2 , Est Remaining: 136.8
251 357.7 , Est Remaining: 135.4
252 359.1 , Est Remaining: 134.0
253 360.6 , Est Remaining: 132.5
254 362.0 , Est Remaining: 131.1
255 363.5 , Est Remaining: 129.7
256 365.0 , Est Remaining: 128.3
257 366.5 , Est Remaining: 126.9
258 367.9 , Est Remaining: 125.5
259 369.4 , Est Remaining: 124.1
260 370.8 , Est Remaining: 122.7
261 372.3 , Est Remaining: 121.2
262 373.8 , Est Remaining: 119.8
263 375.3 , Est Remaining: 118.4
264 376.7 , Est Remaining: 117.0
265 378.2 , Est Remaining: 115.6
266 379.7 , Est Remaining: 114.2
267 381.1 , Est Remaining: 112.8
268 382.6 , Est Remaining: 111.3
269 384.0 , Est Remaining: 109.9
270 385.3 , Est Remaining: 108.5
271 386.7 , Est Remaining: 107.0
272 388.1 , Est Remaining: 105.6
273 389.6 , Est Remaining: 104.2
274 391.0 , Est Remaining: 102.7
275 392.4 , Est Remaining: 101.3
276 393.8 , Est Remaining: 99.9
277 395.3 , Est Remaining: 98.5
278 396.7 , Est Remaining: 97.0
279 398.1 , Est Remaining: 95.6
280 399.6 , Est Remaining: 94.2
281 401.0 , Est Remaining: 92.8
282 402.4 , Est Remaining: 91.3
283 403.9 , Est Remaining: 89.9
284 405.3 , Est Remaining: 88.5
285 406.8 , Est Remaining: 87.1
286 408.2 , Est Remaining: 85.6
287 409.6 , Est Remaining: 84.2
288 411.0 , Est Remaining: 82.8
289 412.5 , Est Remaining: 81.3
290 413.9 , Est Remaining: 79.9
291 415.3 , Est Remaining: 78.5
292 416.8 , Est Remaining: 77.1
293 418.2 , Est Remaining: 75.6
294 419.6 , Est Remaining: 74.2
295 421.1 , Est Remaining: 72.8
296 422.5 , Est Remaining: 71.4
297 424.0 , Est Remaining: 69.9
298 425.4 , Est Remaining: 68.5
299 426.9 , Est Remaining: 67.1
300 428.3 , Est Remaining: 65.7
301 429.8 , Est Remaining: 64.3
302 431.4 , Est Remaining: 62.9
303 432.8 , Est Remaining: 61.4
304 434.3 , Est Remaining: 60.0
305 435.7 , Est Remaining: 58.6
306 437.2 , Est Remaining: 57.1
307 438.6 , Est Remaining: 55.7
308 440.1 , Est Remaining: 54.3
309 441.5 , Est Remaining: 52.9
310 442.9 , Est Remaining: 51.4
311 444.4 , Est Remaining: 50.0
312 445.8 , Est Remaining: 48.6
313 447.3 , Est Remaining: 47.2
314 448.7 , Est Remaining: 45.7
315 450.1 , Est Remaining: 44.3
316 451.5 , Est Remaining: 42.9
317 453.0 , Est Remaining: 41.4
318 454.4 , Est Remaining: 40.0
319 455.8 , Est Remaining: 38.6
320 457.2 , Est Remaining: 37.1
321 458.7 , Est Remaining: 35.7
322 460.1 , Est Remaining: 34.3
323 461.5 , Est Remaining: 32.9
324 462.9 , Est Remaining: 31.4
325 464.3 , Est Remaining: 30.0
326 465.7 , Est Remaining: 28.6
327 467.2 , Est Remaining: 27.1
328 468.6 , Est Remaining: 25.7
329 470.0 , Est Remaining: 24.3
330 471.4 , Est Remaining: 22.9
331 472.9 , Est Remaining: 21.4
332 474.3 , Est Remaining: 20.0
333 475.7 , Est Remaining: 18.6
334 477.1 , Est Remaining: 17.1
335 478.5 , Est Remaining: 15.7
