Note: NumExpr detected 32 cores but "NUMEXPR_MAX_THREADS" not set, so enforcing safe limit of 8.
Using selector: EpollSelector
/n/home02/jhaefner/miniconda/envs/IC-3.7-2020-06-16/lib/python3.7/site-packages/scipy/optimize/minpack.py:808: OptimizeWarning: Covariance of the parameters could not be estimated
  category=OptimizeWarning)
Total rwfs: 346
0 0.0 , Est Remaining: 999999.9
1 1.3 , Est Remaining: 459.8
EVENT FAILED
1 1.7 , Est Remaining: 573.7
2 3.0 , Est Remaining: 508.9
3 4.3 , Est Remaining: 489.0
4 5.6 , Est Remaining: 478.8
5 6.9 , Est Remaining: 469.1
6 8.2 , Est Remaining: 462.6
7 9.5 , Est Remaining: 457.8
8 10.8 , Est Remaining: 454.9
9 12.1 , Est Remaining: 452.0
10 13.4 , Est Remaining: 450.3
11 14.7 , Est Remaining: 447.5
12 16.0 , Est Remaining: 445.6
13 17.3 , Est Remaining: 443.5
14 18.6 , Est Remaining: 442.1
15 20.0 , Est Remaining: 440.5
16 21.3 , Est Remaining: 439.7
17 22.6 , Est Remaining: 438.3
18 24.0 , Est Remaining: 437.1
19 25.3 , Est Remaining: 435.7
20 26.7 , Est Remaining: 434.6
21 28.0 , Est Remaining: 433.4
22 29.3 , Est Remaining: 432.1
23 30.7 , Est Remaining: 430.7
24 32.0 , Est Remaining: 429.5
25 33.3 , Est Remaining: 428.0
26 34.7 , Est Remaining: 426.6
27 36.0 , Est Remaining: 425.2
28 37.3 , Est Remaining: 424.1
29 38.7 , Est Remaining: 422.9
30 40.0 , Est Remaining: 421.6
31 41.4 , Est Remaining: 420.3
32 42.7 , Est Remaining: 419.0
33 44.0 , Est Remaining: 417.8
34 45.4 , Est Remaining: 416.5
35 46.7 , Est Remaining: 415.1
36 48.1 , Est Remaining: 413.9
37 49.4 , Est Remaining: 412.6
38 50.7 , Est Remaining: 411.3
39 52.1 , Est Remaining: 410.0
40 53.4 , Est Remaining: 408.7
EVENT FAILED
40 53.7 , Est Remaining: 411.1
41 55.1 , Est Remaining: 409.8
42 56.4 , Est Remaining: 408.4
43 57.8 , Est Remaining: 407.0
44 59.1 , Est Remaining: 405.8
45 60.5 , Est Remaining: 404.5
46 61.8 , Est Remaining: 403.2
EVENT FAILED
46 62.1 , Est Remaining: 405.2
47 63.5 , Est Remaining: 403.9
48 64.8 , Est Remaining: 402.5
49 66.2 , Est Remaining: 401.0
50 67.5 , Est Remaining: 399.6
51 68.9 , Est Remaining: 398.4
52 70.2 , Est Remaining: 397.0
53 71.6 , Est Remaining: 395.6
54 72.9 , Est Remaining: 394.2
55 74.2 , Est Remaining: 392.8
56 75.6 , Est Remaining: 391.5
57 76.9 , Est Remaining: 390.1
58 78.3 , Est Remaining: 388.7
59 79.6 , Est Remaining: 387.2
60 80.9 , Est Remaining: 385.8
61 82.3 , Est Remaining: 384.4
62 83.6 , Est Remaining: 383.0
63 85.0 , Est Remaining: 381.6
64 86.3 , Est Remaining: 380.2
65 87.7 , Est Remaining: 378.9
66 89.0 , Est Remaining: 377.6
67 90.3 , Est Remaining: 376.2
68 91.7 , Est Remaining: 374.8
69 93.0 , Est Remaining: 373.4
70 94.3 , Est Remaining: 372.0
71 95.7 , Est Remaining: 370.6
72 97.0 , Est Remaining: 369.2
73 98.3 , Est Remaining: 367.7
74 99.7 , Est Remaining: 366.3
75 101.0 , Est Remaining: 364.9
76 102.3 , Est Remaining: 363.5
77 103.7 , Est Remaining: 362.2
78 105.0 , Est Remaining: 360.7
79 106.3 , Est Remaining: 359.3
80 107.6 , Est Remaining: 357.9
81 109.0 , Est Remaining: 356.5
82 110.3 , Est Remaining: 355.2
83 111.7 , Est Remaining: 353.8
84 113.0 , Est Remaining: 352.5
85 114.4 , Est Remaining: 351.1
86 115.6 , Est Remaining: 349.5
87 116.9 , Est Remaining: 348.2
88 118.3 , Est Remaining: 346.8
89 119.6 , Est Remaining: 345.5
90 121.0 , Est Remaining: 344.1
91 122.3 , Est Remaining: 342.7
92 123.7 , Est Remaining: 341.4
93 125.0 , Est Remaining: 340.0
EVENT FAILED
93 125.3 , Est Remaining: 340.9
94 126.6 , Est Remaining: 339.5
95 128.0 , Est Remaining: 338.1
96 129.3 , Est Remaining: 336.8
97 130.7 , Est Remaining: 335.4
98 132.0 , Est Remaining: 334.1
99 133.3 , Est Remaining: 332.7
100 134.7 , Est Remaining: 331.3
EVENT FAILED
100 135.0 , Est Remaining: 332.0
101 136.3 , Est Remaining: 330.6
102 137.6 , Est Remaining: 329.2
103 139.0 , Est Remaining: 327.9
104 140.3 , Est Remaining: 326.5
105 141.7 , Est Remaining: 325.2
106 143.0 , Est Remaining: 323.7
107 144.3 , Est Remaining: 322.4
EVENT FAILED
107 144.6 , Est Remaining: 323.0
108 145.9 , Est Remaining: 321.6
109 147.3 , Est Remaining: 320.2
110 148.6 , Est Remaining: 318.8
111 149.9 , Est Remaining: 317.4
112 151.3 , Est Remaining: 316.0
113 152.6 , Est Remaining: 314.6
114 153.9 , Est Remaining: 313.3
115 155.2 , Est Remaining: 311.8
116 156.6 , Est Remaining: 310.5
117 157.9 , Est Remaining: 309.1
118 159.3 , Est Remaining: 307.7
119 160.6 , Est Remaining: 306.4
120 161.9 , Est Remaining: 305.0
121 163.3 , Est Remaining: 303.6
122 164.6 , Est Remaining: 302.2
123 165.9 , Est Remaining: 300.8
124 167.3 , Est Remaining: 299.4
125 168.6 , Est Remaining: 298.1
126 169.9 , Est Remaining: 296.7
127 171.2 , Est Remaining: 295.3
128 172.6 , Est Remaining: 293.9
129 173.9 , Est Remaining: 292.5
130 175.2 , Est Remaining: 291.1
131 176.5 , Est Remaining: 289.7
132 177.8 , Est Remaining: 288.3
133 179.2 , Est Remaining: 287.0
134 180.5 , Est Remaining: 285.6
135 181.8 , Est Remaining: 284.2
136 183.1 , Est Remaining: 282.8
137 184.4 , Est Remaining: 281.4
138 185.7 , Est Remaining: 280.0
139 187.1 , Est Remaining: 278.6
140 188.4 , Est Remaining: 277.2
141 189.7 , Est Remaining: 275.8
142 191.0 , Est Remaining: 274.4
143 192.4 , Est Remaining: 273.1
144 193.7 , Est Remaining: 271.7
145 195.0 , Est Remaining: 270.3
146 196.3 , Est Remaining: 269.0
147 197.7 , Est Remaining: 267.6
148 199.0 , Est Remaining: 266.2
149 200.3 , Est Remaining: 264.9
150 201.6 , Est Remaining: 263.5
151 203.0 , Est Remaining: 262.1
152 204.3 , Est Remaining: 260.7
153 205.6 , Est Remaining: 259.4
154 207.0 , Est Remaining: 258.0
155 208.3 , Est Remaining: 256.7
156 209.6 , Est Remaining: 255.3
157 210.9 , Est Remaining: 253.9
158 212.2 , Est Remaining: 252.5
159 213.6 , Est Remaining: 251.2
160 214.9 , Est Remaining: 249.8
161 216.2 , Est Remaining: 248.4
162 217.5 , Est Remaining: 247.1
163 218.9 , Est Remaining: 245.7
164 220.2 , Est Remaining: 244.3
165 221.5 , Est Remaining: 243.0
166 222.8 , Est Remaining: 241.6
167 224.1 , Est Remaining: 240.2
168 225.4 , Est Remaining: 238.9
169 226.8 , Est Remaining: 237.5
170 228.1 , Est Remaining: 236.1
171 229.4 , Est Remaining: 234.7
EVENT FAILED
171 229.7 , Est Remaining: 235.0
172 231.0 , Est Remaining: 233.7
173 232.3 , Est Remaining: 232.3
174 233.6 , Est Remaining: 231.0
175 235.0 , Est Remaining: 229.6
176 236.3 , Est Remaining: 228.2
177 237.6 , Est Remaining: 226.9
178 238.9 , Est Remaining: 225.5
179 240.3 , Est Remaining: 224.2
180 241.6 , Est Remaining: 222.8
181 242.9 , Est Remaining: 221.4
182 244.2 , Est Remaining: 220.1
183 245.6 , Est Remaining: 218.7
184 246.9 , Est Remaining: 217.3
185 248.2 , Est Remaining: 216.0
186 249.5 , Est Remaining: 214.6
187 250.8 , Est Remaining: 213.2
188 252.1 , Est Remaining: 211.9
189 253.4 , Est Remaining: 210.5
EVENT FAILED
189 253.7 , Est Remaining: 210.8
190 255.0 , Est Remaining: 209.4
191 256.3 , Est Remaining: 208.0
192 257.7 , Est Remaining: 206.7
193 259.0 , Est Remaining: 205.3
194 260.3 , Est Remaining: 204.0
195 261.6 , Est Remaining: 202.6
EVENT FAILED
195 261.9 , Est Remaining: 202.8
196 263.3 , Est Remaining: 201.5
197 264.6 , Est Remaining: 200.1
198 265.9 , Est Remaining: 198.7
199 267.2 , Est Remaining: 197.4
200 268.5 , Est Remaining: 196.0
201 269.8 , Est Remaining: 194.7
202 271.2 , Est Remaining: 193.3
203 272.6 , Est Remaining: 192.0
204 273.9 , Est Remaining: 190.6
205 275.2 , Est Remaining: 189.3
206 276.5 , Est Remaining: 187.9
207 277.8 , Est Remaining: 186.6
208 279.2 , Est Remaining: 185.2
209 280.5 , Est Remaining: 183.9
210 281.8 , Est Remaining: 182.5
211 283.1 , Est Remaining: 181.2
EVENT FAILED
211 283.4 , Est Remaining: 181.3
212 284.8 , Est Remaining: 180.0
213 286.1 , Est Remaining: 178.6
214 287.4 , Est Remaining: 177.3
215 288.7 , Est Remaining: 175.9
216 290.0 , Est Remaining: 174.6
EVENT FAILED
216 290.3 , Est Remaining: 174.7
217 291.7 , Est Remaining: 173.4
218 293.0 , Est Remaining: 172.0
219 294.3 , Est Remaining: 170.7
220 295.7 , Est Remaining: 169.3
221 297.0 , Est Remaining: 168.0
222 298.3 , Est Remaining: 166.6
223 299.7 , Est Remaining: 165.3
224 301.0 , Est Remaining: 163.9
225 302.3 , Est Remaining: 162.6
226 303.6 , Est Remaining: 161.2
227 305.0 , Est Remaining: 159.9
228 306.3 , Est Remaining: 158.5
229 307.6 , Est Remaining: 157.2
230 309.0 , Est Remaining: 155.8
231 310.3 , Est Remaining: 154.5
232 311.6 , Est Remaining: 153.1
EVENT FAILED
232 311.9 , Est Remaining: 153.2
233 313.2 , Est Remaining: 151.9
234 314.5 , Est Remaining: 150.5
235 315.8 , Est Remaining: 149.2
236 317.2 , Est Remaining: 147.8
237 318.5 , Est Remaining: 146.5
238 319.7 , Est Remaining: 145.1
239 321.1 , Est Remaining: 143.7
240 322.4 , Est Remaining: 142.4
241 323.7 , Est Remaining: 141.0
242 325.0 , Est Remaining: 139.7
243 326.3 , Est Remaining: 138.3
244 327.7 , Est Remaining: 137.0
245 329.0 , Est Remaining: 135.6
246 330.3 , Est Remaining: 134.3
247 331.6 , Est Remaining: 132.9
248 332.9 , Est Remaining: 131.5
249 334.2 , Est Remaining: 130.2
250 335.5 , Est Remaining: 128.8
251 336.8 , Est Remaining: 127.5
252 338.1 , Est Remaining: 126.1
253 339.5 , Est Remaining: 124.8
254 340.8 , Est Remaining: 123.4
255 342.1 , Est Remaining: 122.1
256 343.4 , Est Remaining: 120.7
257 344.7 , Est Remaining: 119.4
258 346.0 , Est Remaining: 118.0
259 347.3 , Est Remaining: 116.7
260 348.7 , Est Remaining: 115.3
261 350.0 , Est Remaining: 114.0
262 351.3 , Est Remaining: 112.6
263 352.6 , Est Remaining: 111.3
EVENT FAILED
263 353.5 , Est Remaining: 111.6
264 354.8 , Est Remaining: 110.2
265 356.1 , Est Remaining: 108.9
266 357.5 , Est Remaining: 107.5
267 358.8 , Est Remaining: 106.2
268 360.1 , Est Remaining: 104.8
269 361.7 , Est Remaining: 103.5
270 363.1 , Est Remaining: 102.2
271 364.4 , Est Remaining: 100.8
272 365.7 , Est Remaining: 99.5
273 367.0 , Est Remaining: 98.1
274 368.4 , Est Remaining: 96.8
275 369.7 , Est Remaining: 95.4
276 371.0 , Est Remaining: 94.1
277 372.4 , Est Remaining: 92.8
278 373.7 , Est Remaining: 91.4
279 375.0 , Est Remaining: 90.1
280 376.3 , Est Remaining: 88.7
EVENT FAILED
280 376.6 , Est Remaining: 88.8
281 377.9 , Est Remaining: 87.4
282 379.3 , Est Remaining: 86.1
283 380.6 , Est Remaining: 84.7
EVENT FAILED
283 380.9 , Est Remaining: 84.8
284 382.2 , Est Remaining: 83.4
285 383.6 , Est Remaining: 82.1
286 384.9 , Est Remaining: 80.7
287 386.2 , Est Remaining: 79.4
288 387.6 , Est Remaining: 78.0
289 388.9 , Est Remaining: 76.7
290 390.2 , Est Remaining: 75.3
291 391.5 , Est Remaining: 74.0
292 392.8 , Est Remaining: 72.7
293 394.2 , Est Remaining: 71.3
294 395.5 , Est Remaining: 69.9
295 396.8 , Est Remaining: 68.6
296 398.1 , Est Remaining: 67.2
297 399.4 , Est Remaining: 65.9
298 400.7 , Est Remaining: 64.5
299 402.1 , Est Remaining: 63.2
300 403.4 , Est Remaining: 61.9
301 404.8 , Est Remaining: 60.5
302 406.2 , Est Remaining: 59.2
303 407.5 , Est Remaining: 57.8
304 408.8 , Est Remaining: 56.5
305 410.1 , Est Remaining: 55.1
306 411.5 , Est Remaining: 53.8
307 412.8 , Est Remaining: 52.4
EVENT FAILED
307 413.1 , Est Remaining: 52.5
308 414.4 , Est Remaining: 51.1
309 415.7 , Est Remaining: 49.8
310 417.0 , Est Remaining: 48.4
311 418.4 , Est Remaining: 47.1
312 419.7 , Est Remaining: 45.7
313 421.0 , Est Remaining: 44.4
314 422.3 , Est Remaining: 43.0
315 423.7 , Est Remaining: 41.7
316 425.0 , Est Remaining: 40.3
317 426.3 , Est Remaining: 39.0
318 427.6 , Est Remaining: 37.7
319 429.0 , Est Remaining: 36.3
320 430.3 , Est Remaining: 35.0
321 431.6 , Est Remaining: 33.6
322 432.9 , Est Remaining: 32.3
323 434.2 , Est Remaining: 30.9
324 435.6 , Est Remaining: 29.6
325 436.9 , Est Remaining: 28.2
326 438.2 , Est Remaining: 26.9
327 439.6 , Est Remaining: 25.5
328 440.9 , Est Remaining: 24.2
329 442.2 , Est Remaining: 22.8
