Note: NumExpr detected 32 cores but "NUMEXPR_MAX_THREADS" not set, so enforcing safe limit of 8.
Using selector: EpollSelector
/n/home02/jhaefner/miniconda/envs/IC-3.7-2020-06-16/lib/python3.7/site-packages/scipy/optimize/minpack.py:808: OptimizeWarning: Covariance of the parameters could not be estimated
  category=OptimizeWarning)
Total rwfs: 346
0 0.0 , Est Remaining: 999999.9
1 1.4 , Est Remaining: 498.8
2 2.9 , Est Remaining: 494.0
3 4.3 , Est Remaining: 492.4
4 5.7 , Est Remaining: 488.4
5 7.1 , Est Remaining: 487.5
6 8.6 , Est Remaining: 485.6
7 10.0 , Est Remaining: 482.5
8 11.4 , Est Remaining: 480.8
9 12.8 , Est Remaining: 479.7
10 14.2 , Est Remaining: 478.5
11 15.7 , Est Remaining: 477.5
12 17.1 , Est Remaining: 476.2
13 18.5 , Est Remaining: 473.7
14 19.9 , Est Remaining: 472.2
15 21.3 , Est Remaining: 470.5
16 22.8 , Est Remaining: 469.3
17 24.2 , Est Remaining: 468.0
18 25.6 , Est Remaining: 466.7
19 27.0 , Est Remaining: 465.1
20 28.5 , Est Remaining: 463.9
21 29.9 , Est Remaining: 462.6
22 31.3 , Est Remaining: 461.6
23 32.8 , Est Remaining: 460.2
24 34.0 , Est Remaining: 456.7
25 35.5 , Est Remaining: 455.2
26 36.9 , Est Remaining: 453.9
27 38.3 , Est Remaining: 452.6
28 39.7 , Est Remaining: 451.2
29 41.1 , Est Remaining: 449.8
30 42.6 , Est Remaining: 448.7
31 44.0 , Est Remaining: 447.2
32 45.4 , Est Remaining: 446.0
33 46.9 , Est Remaining: 444.6
34 48.3 , Est Remaining: 443.2
35 49.7 , Est Remaining: 442.0
36 51.2 , Est Remaining: 440.9
37 52.7 , Est Remaining: 439.9
38 54.1 , Est Remaining: 438.8
39 55.6 , Est Remaining: 437.8
40 57.0 , Est Remaining: 436.4
41 58.5 , Est Remaining: 435.1
42 59.9 , Est Remaining: 433.9
43 61.4 , Est Remaining: 432.7
44 62.8 , Est Remaining: 431.4
45 64.3 , Est Remaining: 430.1
46 65.8 , Est Remaining: 428.8
47 67.2 , Est Remaining: 427.5
48 68.6 , Est Remaining: 426.2
49 70.1 , Est Remaining: 424.9
50 71.6 , Est Remaining: 423.8
51 73.0 , Est Remaining: 422.4
52 74.5 , Est Remaining: 421.1
53 75.9 , Est Remaining: 419.7
54 77.4 , Est Remaining: 418.5
55 78.9 , Est Remaining: 417.3
56 80.4 , Est Remaining: 416.3
57 81.9 , Est Remaining: 415.0
58 83.3 , Est Remaining: 413.8
EVENT FAILED
58 83.7 , Est Remaining: 415.5
59 85.1 , Est Remaining: 414.1
60 86.6 , Est Remaining: 412.7
61 88.0 , Est Remaining: 411.3
62 89.5 , Est Remaining: 410.0
63 91.0 , Est Remaining: 408.6
64 92.4 , Est Remaining: 407.1
65 93.8 , Est Remaining: 405.7
66 95.3 , Est Remaining: 404.4
67 96.8 , Est Remaining: 403.0
68 98.2 , Est Remaining: 401.7
69 99.7 , Est Remaining: 400.2
70 101.2 , Est Remaining: 398.9
71 102.6 , Est Remaining: 397.6
72 104.1 , Est Remaining: 396.1
73 105.6 , Est Remaining: 394.8
74 107.0 , Est Remaining: 393.4
75 108.5 , Est Remaining: 392.0
76 109.9 , Est Remaining: 390.5
77 111.4 , Est Remaining: 389.1
EVENT FAILED
77 111.7 , Est Remaining: 390.2
78 113.2 , Est Remaining: 388.8
79 114.6 , Est Remaining: 387.4
80 116.1 , Est Remaining: 386.0
81 117.6 , Est Remaining: 384.6
82 119.0 , Est Remaining: 383.2
83 120.5 , Est Remaining: 381.8
84 122.0 , Est Remaining: 380.5
85 123.4 , Est Remaining: 379.0
86 124.9 , Est Remaining: 377.6
87 126.4 , Est Remaining: 376.2
88 127.8 , Est Remaining: 374.8
89 129.3 , Est Remaining: 373.4
90 130.8 , Est Remaining: 372.0
91 132.3 , Est Remaining: 370.6
92 133.7 , Est Remaining: 369.2
93 135.2 , Est Remaining: 367.8
94 136.7 , Est Remaining: 366.4
95 138.1 , Est Remaining: 365.0
96 139.6 , Est Remaining: 363.6
97 141.1 , Est Remaining: 362.2
98 142.6 , Est Remaining: 360.8
99 144.1 , Est Remaining: 359.4
100 145.5 , Est Remaining: 358.0
101 147.0 , Est Remaining: 356.7
102 148.5 , Est Remaining: 355.3
103 150.1 , Est Remaining: 354.1
104 151.6 , Est Remaining: 352.7
105 153.0 , Est Remaining: 351.3
106 154.5 , Est Remaining: 349.9
107 156.0 , Est Remaining: 348.5
108 157.5 , Est Remaining: 347.1
109 159.0 , Est Remaining: 345.7
110 160.4 , Est Remaining: 344.2
111 161.9 , Est Remaining: 342.8
112 163.4 , Est Remaining: 341.4
113 164.9 , Est Remaining: 339.9
114 166.3 , Est Remaining: 338.5
115 167.8 , Est Remaining: 337.1
116 169.3 , Est Remaining: 335.6
117 170.7 , Est Remaining: 334.2
118 172.2 , Est Remaining: 332.8
119 173.7 , Est Remaining: 331.3
120 175.2 , Est Remaining: 329.9
121 176.7 , Est Remaining: 328.5
122 178.1 , Est Remaining: 327.0
123 179.6 , Est Remaining: 325.6
EVENT FAILED
123 179.9 , Est Remaining: 326.2
124 181.3 , Est Remaining: 324.7
125 182.8 , Est Remaining: 323.2
126 184.2 , Est Remaining: 321.6
127 185.7 , Est Remaining: 320.2
128 187.1 , Est Remaining: 318.6
129 188.5 , Est Remaining: 317.1
130 189.9 , Est Remaining: 315.6
131 191.4 , Est Remaining: 314.1
132 192.8 , Est Remaining: 312.5
133 194.2 , Est Remaining: 311.0
134 195.7 , Est Remaining: 309.6
135 197.1 , Est Remaining: 308.1
136 198.5 , Est Remaining: 306.6
137 200.0 , Est Remaining: 305.0
138 201.4 , Est Remaining: 303.5
139 202.8 , Est Remaining: 302.0
140 204.3 , Est Remaining: 300.5
141 205.7 , Est Remaining: 299.0
142 207.1 , Est Remaining: 297.5
143 208.5 , Est Remaining: 296.0
144 210.0 , Est Remaining: 294.5
145 211.4 , Est Remaining: 293.0
146 212.8 , Est Remaining: 291.5
147 214.2 , Est Remaining: 290.0
148 215.6 , Est Remaining: 288.5
149 217.1 , Est Remaining: 287.0
150 218.5 , Est Remaining: 285.5
151 219.9 , Est Remaining: 284.0
152 221.3 , Est Remaining: 282.4
153 222.7 , Est Remaining: 280.9
154 224.2 , Est Remaining: 279.5
155 225.6 , Est Remaining: 278.0
156 227.0 , Est Remaining: 276.5
157 228.5 , Est Remaining: 275.0
158 229.9 , Est Remaining: 273.5
159 231.3 , Est Remaining: 272.0
160 232.7 , Est Remaining: 270.5
161 234.1 , Est Remaining: 269.0
162 235.5 , Est Remaining: 267.5
163 236.9 , Est Remaining: 266.0
164 238.4 , Est Remaining: 264.5
165 239.8 , Est Remaining: 263.0
166 241.2 , Est Remaining: 261.6
167 242.6 , Est Remaining: 260.1
EVENT FAILED
167 242.9 , Est Remaining: 260.4
168 244.4 , Est Remaining: 258.9
169 245.8 , Est Remaining: 257.4
170 247.2 , Est Remaining: 255.9
171 248.6 , Est Remaining: 254.4
172 250.0 , Est Remaining: 252.9
173 251.4 , Est Remaining: 251.4
174 252.9 , Est Remaining: 249.9
175 254.3 , Est Remaining: 248.5
176 255.7 , Est Remaining: 247.0
177 257.2 , Est Remaining: 245.5
178 258.6 , Est Remaining: 244.1
179 260.0 , Est Remaining: 242.6
180 261.4 , Est Remaining: 241.1
181 262.8 , Est Remaining: 239.6
182 264.2 , Est Remaining: 238.1
183 265.6 , Est Remaining: 236.6
184 267.0 , Est Remaining: 235.1
185 268.4 , Est Remaining: 233.6
186 269.8 , Est Remaining: 232.1
187 271.3 , Est Remaining: 230.7
188 272.7 , Est Remaining: 229.2
189 274.1 , Est Remaining: 227.7
190 275.6 , Est Remaining: 226.2
191 277.0 , Est Remaining: 224.8
192 278.4 , Est Remaining: 223.3
193 279.8 , Est Remaining: 221.8
194 281.3 , Est Remaining: 220.4
195 282.7 , Est Remaining: 218.9
196 284.1 , Est Remaining: 217.4
197 285.6 , Est Remaining: 216.0
198 287.0 , Est Remaining: 214.5
199 288.5 , Est Remaining: 213.1
200 289.9 , Est Remaining: 211.6
201 291.4 , Est Remaining: 210.2
202 292.8 , Est Remaining: 208.7
203 294.4 , Est Remaining: 207.4
204 295.8 , Est Remaining: 205.9
205 297.3 , Est Remaining: 204.5
206 298.7 , Est Remaining: 203.0
207 300.2 , Est Remaining: 201.6
208 301.6 , Est Remaining: 200.1
209 303.1 , Est Remaining: 198.7
210 304.5 , Est Remaining: 197.2
211 306.0 , Est Remaining: 195.8
212 307.4 , Est Remaining: 194.3
213 308.9 , Est Remaining: 192.9
214 310.3 , Est Remaining: 191.4
215 311.8 , Est Remaining: 190.0
216 313.2 , Est Remaining: 188.5
217 314.6 , Est Remaining: 187.0
218 316.1 , Est Remaining: 185.6
219 317.5 , Est Remaining: 184.1
220 319.0 , Est Remaining: 182.7
221 320.5 , Est Remaining: 181.3
222 321.9 , Est Remaining: 179.8
223 323.3 , Est Remaining: 178.3
224 324.8 , Est Remaining: 176.9
225 326.2 , Est Remaining: 175.4
226 327.7 , Est Remaining: 174.0
227 329.1 , Est Remaining: 172.5
228 330.6 , Est Remaining: 171.1
229 332.0 , Est Remaining: 169.6
230 333.5 , Est Remaining: 168.2
231 334.9 , Est Remaining: 166.7
232 336.4 , Est Remaining: 165.3
233 337.8 , Est Remaining: 163.8
234 339.3 , Est Remaining: 162.4
235 340.7 , Est Remaining: 160.9
236 342.2 , Est Remaining: 159.5
237 343.6 , Est Remaining: 158.0
238 345.1 , Est Remaining: 156.6
239 346.6 , Est Remaining: 155.2
240 348.0 , Est Remaining: 153.7
241 349.5 , Est Remaining: 152.3
242 350.9 , Est Remaining: 150.8
243 352.4 , Est Remaining: 149.4
244 353.8 , Est Remaining: 147.9
245 355.3 , Est Remaining: 146.5
246 356.7 , Est Remaining: 145.0
247 358.2 , Est Remaining: 143.6
248 359.6 , Est Remaining: 142.1
249 361.1 , Est Remaining: 140.7
250 362.5 , Est Remaining: 139.2
251 364.0 , Est Remaining: 137.8
252 365.4 , Est Remaining: 136.3
253 366.8 , Est Remaining: 134.8
254 368.3 , Est Remaining: 133.4
255 369.7 , Est Remaining: 131.9
256 371.1 , Est Remaining: 130.5
257 372.6 , Est Remaining: 129.0
258 374.0 , Est Remaining: 127.6
259 375.5 , Est Remaining: 126.1
260 376.9 , Est Remaining: 124.7
261 378.3 , Est Remaining: 123.2
262 379.8 , Est Remaining: 121.8
263 381.2 , Est Remaining: 120.3
264 382.6 , Est Remaining: 118.8
265 384.1 , Est Remaining: 117.4
266 385.5 , Est Remaining: 115.9
267 386.9 , Est Remaining: 114.5
268 388.4 , Est Remaining: 113.0
269 389.8 , Est Remaining: 111.6
270 391.2 , Est Remaining: 110.1
271 392.7 , Est Remaining: 108.7
272 394.1 , Est Remaining: 107.2
273 395.6 , Est Remaining: 105.8
274 397.0 , Est Remaining: 104.3
275 398.5 , Est Remaining: 102.9
276 399.9 , Est Remaining: 101.4
277 401.3 , Est Remaining: 100.0
278 402.8 , Est Remaining: 98.5
279 404.2 , Est Remaining: 97.1
280 405.7 , Est Remaining: 95.6
281 407.1 , Est Remaining: 94.2
282 408.6 , Est Remaining: 92.7
283 410.1 , Est Remaining: 91.3
284 411.5 , Est Remaining: 89.8
285 413.0 , Est Remaining: 88.4
286 414.4 , Est Remaining: 86.9
287 415.9 , Est Remaining: 85.5
288 417.3 , Est Remaining: 84.0
289 418.8 , Est Remaining: 82.6
290 420.3 , Est Remaining: 81.2
291 421.7 , Est Remaining: 79.7
292 423.2 , Est Remaining: 78.3
293 424.6 , Est Remaining: 76.8
294 426.0 , Est Remaining: 75.4
295 427.5 , Est Remaining: 73.9
296 429.0 , Est Remaining: 72.5
297 430.4 , Est Remaining: 71.0
298 431.9 , Est Remaining: 69.6
299 433.3 , Est Remaining: 68.1
300 434.8 , Est Remaining: 66.7
301 436.3 , Est Remaining: 65.2
302 437.9 , Est Remaining: 63.8
303 439.3 , Est Remaining: 62.3
304 440.8 , Est Remaining: 60.9
EVENT FAILED
304 441.1 , Est Remaining: 60.9
305 442.5 , Est Remaining: 59.5
306 444.0 , Est Remaining: 58.0
307 445.4 , Est Remaining: 56.6
308 446.9 , Est Remaining: 55.1
309 448.4 , Est Remaining: 53.7
310 449.8 , Est Remaining: 52.2
311 451.3 , Est Remaining: 50.8
312 452.7 , Est Remaining: 49.3
313 454.2 , Est Remaining: 47.9
314 455.6 , Est Remaining: 46.4
315 457.1 , Est Remaining: 45.0
316 458.5 , Est Remaining: 43.5
317 460.0 , Est Remaining: 42.1
318 461.5 , Est Remaining: 40.6
319 462.9 , Est Remaining: 39.2
320 464.4 , Est Remaining: 37.7
321 465.8 , Est Remaining: 36.3
322 467.3 , Est Remaining: 34.8
EVENT FAILED
322 467.6 , Est Remaining: 34.9
323 469.1 , Est Remaining: 33.4
324 470.5 , Est Remaining: 31.9
325 472.0 , Est Remaining: 30.5
326 473.4 , Est Remaining: 29.0
327 474.8 , Est Remaining: 27.6
328 476.3 , Est Remaining: 26.1
329 477.7 , Est Remaining: 24.7
330 479.2 , Est Remaining: 23.2
331 480.6 , Est Remaining: 21.8
332 482.0 , Est Remaining: 20.3
333 483.4 , Est Remaining: 18.9
334 484.8 , Est Remaining: 17.4
335 486.2 , Est Remaining: 16.0
336 487.7 , Est Remaining: 14.5
337 489.1 , Est Remaining: 13.1
338 490.5 , Est Remaining: 11.6
339 491.9 , Est Remaining: 10.2
