Note: NumExpr detected 32 cores but "NUMEXPR_MAX_THREADS" not set, so enforcing safe limit of 8.
Using selector: EpollSelector
/n/home02/jhaefner/miniconda/envs/IC-3.7-2020-06-16/lib/python3.7/site-packages/scipy/optimize/minpack.py:808: OptimizeWarning: Covariance of the parameters could not be estimated
  category=OptimizeWarning)
Total rwfs: 346
0 0.0 , Est Remaining: 999999.9
1 1.4 , Est Remaining: 475.8
2 2.7 , Est Remaining: 471.3
3 4.1 , Est Remaining: 471.2
4 5.5 , Est Remaining: 467.8
5 6.8 , Est Remaining: 464.3
6 8.1 , Est Remaining: 460.8
7 9.5 , Est Remaining: 458.4
8 10.8 , Est Remaining: 457.1
9 12.1 , Est Remaining: 454.3
10 13.5 , Est Remaining: 452.3
11 14.8 , Est Remaining: 450.9
12 16.1 , Est Remaining: 449.3
13 17.5 , Est Remaining: 447.1
14 18.8 , Est Remaining: 445.1
15 20.1 , Est Remaining: 442.9
16 21.4 , Est Remaining: 441.0
17 22.7 , Est Remaining: 439.3
18 24.0 , Est Remaining: 437.4
19 25.3 , Est Remaining: 435.7
20 26.6 , Est Remaining: 434.1
21 28.0 , Est Remaining: 432.9
22 29.3 , Est Remaining: 431.6
23 30.7 , Est Remaining: 430.5
24 32.0 , Est Remaining: 429.3
25 33.3 , Est Remaining: 427.9
26 34.7 , Est Remaining: 426.7
27 36.0 , Est Remaining: 425.3
28 37.3 , Est Remaining: 423.9
29 38.6 , Est Remaining: 422.1
30 39.9 , Est Remaining: 420.7
31 41.3 , Est Remaining: 419.3
32 42.6 , Est Remaining: 418.1
33 43.9 , Est Remaining: 416.8
34 45.3 , Est Remaining: 415.6
35 46.6 , Est Remaining: 414.3
36 48.0 , Est Remaining: 413.1
37 49.3 , Est Remaining: 411.7
38 50.6 , Est Remaining: 410.4
39 52.0 , Est Remaining: 409.2
40 53.3 , Est Remaining: 407.9
41 54.6 , Est Remaining: 406.5
42 56.0 , Est Remaining: 405.3
43 57.4 , Est Remaining: 404.2
EVENT FAILED
43 57.7 , Est Remaining: 406.3
44 59.0 , Est Remaining: 405.0
45 60.3 , Est Remaining: 403.6
46 61.7 , Est Remaining: 402.3
47 63.0 , Est Remaining: 401.0
48 64.4 , Est Remaining: 399.7
49 65.7 , Est Remaining: 398.4
50 67.1 , Est Remaining: 397.0
51 68.3 , Est Remaining: 395.1
52 69.7 , Est Remaining: 393.8
53 71.0 , Est Remaining: 392.6
54 72.4 , Est Remaining: 391.4
55 73.7 , Est Remaining: 390.1
56 75.1 , Est Remaining: 388.9
57 76.5 , Est Remaining: 387.8
58 77.9 , Est Remaining: 386.7
59 79.3 , Est Remaining: 385.7
60 80.7 , Est Remaining: 384.7
61 82.1 , Est Remaining: 383.6
62 83.5 , Est Remaining: 382.5
63 84.9 , Est Remaining: 381.4
64 86.3 , Est Remaining: 380.4
65 87.7 , Est Remaining: 379.3
EVENT FAILED
65 88.0 , Est Remaining: 380.6
EVENT FAILED
65 88.3 , Est Remaining: 381.9
66 89.7 , Est Remaining: 380.7
67 91.2 , Est Remaining: 379.6
68 92.6 , Est Remaining: 378.5
69 94.0 , Est Remaining: 377.4
70 95.4 , Est Remaining: 376.2
71 96.9 , Est Remaining: 375.1
72 98.3 , Est Remaining: 374.0
73 99.7 , Est Remaining: 373.0
74 101.2 , Est Remaining: 371.9
75 102.6 , Est Remaining: 370.9
76 104.1 , Est Remaining: 369.8
77 105.5 , Est Remaining: 368.7
78 107.0 , Est Remaining: 367.5
79 108.4 , Est Remaining: 366.3
80 109.8 , Est Remaining: 365.1
81 111.2 , Est Remaining: 363.8
82 112.6 , Est Remaining: 362.6
83 114.0 , Est Remaining: 361.4
84 115.5 , Est Remaining: 360.2
85 116.9 , Est Remaining: 359.0
86 118.4 , Est Remaining: 357.8
87 119.8 , Est Remaining: 356.6
88 121.2 , Est Remaining: 355.3
EVENT FAILED
88 121.5 , Est Remaining: 356.2
89 122.9 , Est Remaining: 354.9
90 124.3 , Est Remaining: 353.7
91 125.8 , Est Remaining: 352.4
92 127.2 , Est Remaining: 351.2
93 128.6 , Est Remaining: 349.9
94 130.0 , Est Remaining: 348.6
95 131.5 , Est Remaining: 347.3
96 132.9 , Est Remaining: 346.1
97 134.3 , Est Remaining: 344.8
98 135.8 , Est Remaining: 343.5
99 137.2 , Est Remaining: 342.3
100 138.6 , Est Remaining: 341.0
101 140.0 , Est Remaining: 339.7
102 141.5 , Est Remaining: 338.5
103 143.0 , Est Remaining: 337.3
104 144.4 , Est Remaining: 336.1
105 145.9 , Est Remaining: 334.8
106 147.3 , Est Remaining: 333.5
107 148.7 , Est Remaining: 332.2
108 150.1 , Est Remaining: 330.9
109 151.5 , Est Remaining: 329.5
110 152.9 , Est Remaining: 328.1
111 154.4 , Est Remaining: 326.8
112 155.7 , Est Remaining: 325.4
113 157.1 , Est Remaining: 324.0
114 158.5 , Est Remaining: 322.7
115 159.9 , Est Remaining: 321.3
116 161.4 , Est Remaining: 319.9
EVENT FAILED
116 161.7 , Est Remaining: 320.5
117 163.1 , Est Remaining: 319.2
118 164.5 , Est Remaining: 317.8
119 165.9 , Est Remaining: 316.4
120 167.3 , Est Remaining: 315.0
121 168.7 , Est Remaining: 313.6
122 170.1 , Est Remaining: 312.3
123 171.5 , Est Remaining: 310.9
124 172.9 , Est Remaining: 309.5
125 174.3 , Est Remaining: 308.2
126 175.8 , Est Remaining: 306.9
127 177.2 , Est Remaining: 305.5
128 178.6 , Est Remaining: 304.2
129 180.1 , Est Remaining: 302.9
130 181.5 , Est Remaining: 301.6
131 182.9 , Est Remaining: 300.2
132 184.4 , Est Remaining: 298.9
133 185.8 , Est Remaining: 297.6
134 187.3 , Est Remaining: 296.3
135 188.7 , Est Remaining: 295.0
136 190.2 , Est Remaining: 293.6
137 191.6 , Est Remaining: 292.3
138 193.0 , Est Remaining: 291.0
139 194.5 , Est Remaining: 289.6
140 195.9 , Est Remaining: 288.3
141 197.4 , Est Remaining: 286.9
142 198.8 , Est Remaining: 285.6
143 200.2 , Est Remaining: 284.2
144 201.6 , Est Remaining: 282.8
145 203.0 , Est Remaining: 281.4
146 204.4 , Est Remaining: 280.0
EVENT FAILED
146 204.7 , Est Remaining: 280.5
147 206.2 , Est Remaining: 279.1
148 207.6 , Est Remaining: 277.7
149 209.0 , Est Remaining: 276.4
150 210.5 , Est Remaining: 275.0
151 211.9 , Est Remaining: 273.6
152 213.3 , Est Remaining: 272.2
153 214.7 , Est Remaining: 270.9
154 216.1 , Est Remaining: 269.5
155 217.6 , Est Remaining: 268.1
156 219.0 , Est Remaining: 266.7
EVENT FAILED
156 219.3 , Est Remaining: 267.1
157 220.7 , Est Remaining: 265.7
158 222.2 , Est Remaining: 264.4
159 223.6 , Est Remaining: 263.0
160 225.0 , Est Remaining: 261.6
161 226.5 , Est Remaining: 260.2
162 227.9 , Est Remaining: 258.8
163 229.3 , Est Remaining: 257.4
164 230.7 , Est Remaining: 256.0
165 232.1 , Est Remaining: 254.6
166 233.5 , Est Remaining: 253.2
167 234.9 , Est Remaining: 251.7
168 236.3 , Est Remaining: 250.3
169 237.7 , Est Remaining: 248.9
170 239.1 , Est Remaining: 247.5
171 240.5 , Est Remaining: 246.1
172 242.0 , Est Remaining: 244.8
173 243.4 , Est Remaining: 243.4
174 244.8 , Est Remaining: 242.0
175 246.3 , Est Remaining: 240.6
176 247.7 , Est Remaining: 239.2
177 249.1 , Est Remaining: 237.8
178 250.5 , Est Remaining: 236.5
179 252.0 , Est Remaining: 235.1
180 253.4 , Est Remaining: 233.7
181 254.8 , Est Remaining: 232.3
182 256.2 , Est Remaining: 230.9
183 257.7 , Est Remaining: 229.5
184 259.1 , Est Remaining: 228.2
185 260.6 , Est Remaining: 226.8
186 262.0 , Est Remaining: 225.3
187 263.4 , Est Remaining: 223.9
188 264.8 , Est Remaining: 222.5
189 266.2 , Est Remaining: 221.1
190 267.6 , Est Remaining: 219.7
191 269.0 , Est Remaining: 218.3
192 270.4 , Est Remaining: 216.9
193 271.8 , Est Remaining: 215.5
194 273.2 , Est Remaining: 214.1
195 274.6 , Est Remaining: 212.7
196 276.1 , Est Remaining: 211.3
197 277.5 , Est Remaining: 209.9
198 278.9 , Est Remaining: 208.5
199 280.3 , Est Remaining: 207.1
200 281.8 , Est Remaining: 205.7
201 283.2 , Est Remaining: 204.3
202 284.6 , Est Remaining: 202.9
203 286.1 , Est Remaining: 201.6
204 287.5 , Est Remaining: 200.1
205 288.9 , Est Remaining: 198.7
206 290.4 , Est Remaining: 197.3
207 291.8 , Est Remaining: 195.9
208 293.2 , Est Remaining: 194.5
209 294.6 , Est Remaining: 193.1
210 296.0 , Est Remaining: 191.7
211 297.4 , Est Remaining: 190.3
212 298.8 , Est Remaining: 188.9
EVENT FAILED
212 299.1 , Est Remaining: 189.1
213 300.5 , Est Remaining: 187.7
214 301.9 , Est Remaining: 186.2
215 303.3 , Est Remaining: 184.8
216 304.7 , Est Remaining: 183.4
217 306.2 , Est Remaining: 182.0
218 307.6 , Est Remaining: 180.6
219 309.0 , Est Remaining: 179.2
220 310.4 , Est Remaining: 177.8
221 311.8 , Est Remaining: 176.4
222 313.2 , Est Remaining: 175.0
223 314.7 , Est Remaining: 173.6
224 316.1 , Est Remaining: 172.1
225 317.5 , Est Remaining: 170.7
226 318.9 , Est Remaining: 169.3
227 320.3 , Est Remaining: 167.9
228 321.7 , Est Remaining: 166.5
229 323.2 , Est Remaining: 165.1
230 324.6 , Est Remaining: 163.7
231 326.0 , Est Remaining: 162.3
232 327.4 , Est Remaining: 160.9
233 328.8 , Est Remaining: 159.5
234 330.2 , Est Remaining: 158.1
235 331.7 , Est Remaining: 156.7
236 333.1 , Est Remaining: 155.3
237 334.5 , Est Remaining: 153.9
238 335.9 , Est Remaining: 152.4
239 337.4 , Est Remaining: 151.0
240 338.8 , Est Remaining: 149.6
241 340.2 , Est Remaining: 148.2
242 341.7 , Est Remaining: 146.8
243 343.1 , Est Remaining: 145.4
244 344.5 , Est Remaining: 144.0
245 345.9 , Est Remaining: 142.6
246 347.3 , Est Remaining: 141.2
EVENT FAILED
246 347.6 , Est Remaining: 141.3
247 349.0 , Est Remaining: 139.9
248 350.4 , Est Remaining: 138.5
249 351.8 , Est Remaining: 137.1
250 353.2 , Est Remaining: 135.6
251 354.7 , Est Remaining: 134.2
252 356.1 , Est Remaining: 132.8
253 357.5 , Est Remaining: 131.4
254 358.9 , Est Remaining: 130.0
255 360.3 , Est Remaining: 128.6
256 361.7 , Est Remaining: 127.2
257 363.2 , Est Remaining: 125.8
258 364.6 , Est Remaining: 124.4
259 366.0 , Est Remaining: 122.9
260 367.4 , Est Remaining: 121.5
261 368.8 , Est Remaining: 120.1
262 370.2 , Est Remaining: 118.7
263 371.7 , Est Remaining: 117.3
264 373.1 , Est Remaining: 115.9
265 374.5 , Est Remaining: 114.5
266 375.9 , Est Remaining: 113.1
267 377.3 , Est Remaining: 111.6
268 378.7 , Est Remaining: 110.2
EVENT FAILED
268 379.1 , Est Remaining: 110.3
269 380.5 , Est Remaining: 108.9
270 381.9 , Est Remaining: 107.5
271 383.3 , Est Remaining: 106.1
272 384.7 , Est Remaining: 104.7
EVENT FAILED
272 385.0 , Est Remaining: 104.8
273 386.5 , Est Remaining: 103.3
274 387.9 , Est Remaining: 101.9
EVENT FAILED
274 388.2 , Est Remaining: 102.0
EVENT FAILED
274 388.5 , Est Remaining: 102.1
275 390.0 , Est Remaining: 100.7
276 391.4 , Est Remaining: 99.3
277 392.8 , Est Remaining: 97.8
278 394.2 , Est Remaining: 96.4
279 395.7 , Est Remaining: 95.0
280 397.1 , Est Remaining: 93.6
281 398.6 , Est Remaining: 92.2
282 400.0 , Est Remaining: 90.8
283 401.4 , Est Remaining: 89.4
284 402.8 , Est Remaining: 87.9
285 404.3 , Est Remaining: 86.5
286 405.7 , Est Remaining: 85.1
287 407.1 , Est Remaining: 83.7
288 408.6 , Est Remaining: 82.3
289 410.0 , Est Remaining: 80.9
290 411.5 , Est Remaining: 79.5
291 412.9 , Est Remaining: 78.0
292 414.3 , Est Remaining: 76.6
293 415.8 , Est Remaining: 75.2
294 417.2 , Est Remaining: 73.8
295 418.6 , Est Remaining: 72.4
296 420.1 , Est Remaining: 71.0
297 421.5 , Est Remaining: 69.5
298 422.9 , Est Remaining: 68.1
299 424.4 , Est Remaining: 66.7
300 425.8 , Est Remaining: 65.3
301 427.2 , Est Remaining: 63.9
302 428.8 , Est Remaining: 62.5
303 430.2 , Est Remaining: 61.1
304 431.6 , Est Remaining: 59.6
305 433.1 , Est Remaining: 58.2
306 434.5 , Est Remaining: 56.8
307 435.9 , Est Remaining: 55.4
308 437.3 , Est Remaining: 54.0
309 438.7 , Est Remaining: 52.5
310 440.1 , Est Remaining: 51.1
311 441.6 , Est Remaining: 49.7
312 443.0 , Est Remaining: 48.3
313 444.4 , Est Remaining: 46.9
314 445.8 , Est Remaining: 45.4
315 447.2 , Est Remaining: 44.0
316 448.6 , Est Remaining: 42.6
317 450.0 , Est Remaining: 41.2
318 451.4 , Est Remaining: 39.8
319 452.8 , Est Remaining: 38.3
320 454.3 , Est Remaining: 36.9
321 455.7 , Est Remaining: 35.5
322 457.1 , Est Remaining: 34.1
323 458.5 , Est Remaining: 32.7
324 460.0 , Est Remaining: 31.2
325 461.4 , Est Remaining: 29.8
326 462.8 , Est Remaining: 28.4
327 464.2 , Est Remaining: 27.0
328 465.6 , Est Remaining: 25.6
329 467.1 , Est Remaining: 24.1
330 468.5 , Est Remaining: 22.7
331 469.9 , Est Remaining: 21.3
332 471.3 , Est Remaining: 19.9
