Note: NumExpr detected 32 cores but "NUMEXPR_MAX_THREADS" not set, so enforcing safe limit of 8.
Using selector: EpollSelector
/n/home02/jhaefner/miniconda/envs/IC-3.7-2020-06-16/lib/python3.7/site-packages/scipy/optimize/minpack.py:808: OptimizeWarning: Covariance of the parameters could not be estimated
  category=OptimizeWarning)
Total rwfs: 346
0 0.0 , Est Remaining: 999999.9
1 1.6 , Est Remaining: 545.8
2 3.1 , Est Remaining: 538.0
3 4.7 , Est Remaining: 538.3
4 6.3 , Est Remaining: 535.7
5 7.8 , Est Remaining: 531.6
6 9.3 , Est Remaining: 528.6
7 10.8 , Est Remaining: 524.8
8 12.3 , Est Remaining: 521.5
9 13.9 , Est Remaining: 518.7
10 15.4 , Est Remaining: 515.9
11 16.8 , Est Remaining: 512.6
12 18.3 , Est Remaining: 510.5
13 19.9 , Est Remaining: 508.5
14 21.4 , Est Remaining: 506.7
15 22.9 , Est Remaining: 504.4
16 24.4 , Est Remaining: 502.2
17 25.9 , Est Remaining: 500.4
18 27.3 , Est Remaining: 498.3
19 28.8 , Est Remaining: 496.2
20 30.4 , Est Remaining: 494.8
21 31.9 , Est Remaining: 493.6
22 33.4 , Est Remaining: 491.9
23 34.9 , Est Remaining: 490.0
24 36.4 , Est Remaining: 488.4
25 37.9 , Est Remaining: 486.9
26 39.4 , Est Remaining: 485.2
27 40.9 , Est Remaining: 483.6
28 42.5 , Est Remaining: 482.2
29 44.0 , Est Remaining: 480.7
30 45.5 , Est Remaining: 479.1
31 47.0 , Est Remaining: 477.6
32 48.5 , Est Remaining: 476.1
33 50.0 , Est Remaining: 474.5
34 51.6 , Est Remaining: 473.1
35 53.1 , Est Remaining: 471.5
36 54.6 , Est Remaining: 470.0
37 56.1 , Est Remaining: 468.5
38 57.6 , Est Remaining: 467.0
39 59.1 , Est Remaining: 465.5
40 60.6 , Est Remaining: 464.0
41 62.2 , Est Remaining: 462.5
42 63.7 , Est Remaining: 460.9
43 65.2 , Est Remaining: 459.3
44 66.7 , Est Remaining: 457.7
45 68.2 , Est Remaining: 456.1
46 69.7 , Est Remaining: 454.6
47 71.2 , Est Remaining: 453.0
48 72.7 , Est Remaining: 451.4
49 74.2 , Est Remaining: 449.9
50 75.7 , Est Remaining: 448.3
EVENT FAILED
50 76.1 , Est Remaining: 450.3
51 77.6 , Est Remaining: 448.6
52 79.1 , Est Remaining: 447.0
53 80.6 , Est Remaining: 445.4
54 82.1 , Est Remaining: 443.7
55 83.6 , Est Remaining: 442.2
56 85.1 , Est Remaining: 440.5
57 86.6 , Est Remaining: 438.9
58 88.1 , Est Remaining: 437.4
59 89.6 , Est Remaining: 435.8
60 91.1 , Est Remaining: 434.3
61 92.7 , Est Remaining: 433.0
EVENT FAILED
61 93.0 , Est Remaining: 434.5
62 94.5 , Est Remaining: 432.9
63 96.0 , Est Remaining: 431.2
64 97.5 , Est Remaining: 429.6
65 99.0 , Est Remaining: 427.9
66 100.5 , Est Remaining: 426.2
67 101.9 , Est Remaining: 424.5
68 103.4 , Est Remaining: 422.9
69 104.9 , Est Remaining: 421.3
70 106.5 , Est Remaining: 419.8
71 108.0 , Est Remaining: 418.3
72 109.5 , Est Remaining: 416.6
73 111.0 , Est Remaining: 415.0
74 112.4 , Est Remaining: 413.3
75 113.9 , Est Remaining: 411.6
76 115.4 , Est Remaining: 410.0
77 116.9 , Est Remaining: 408.3
78 118.3 , Est Remaining: 406.5
79 119.8 , Est Remaining: 404.8
80 121.3 , Est Remaining: 403.2
81 122.7 , Est Remaining: 401.5
82 124.2 , Est Remaining: 399.9
83 125.7 , Est Remaining: 398.3
84 127.2 , Est Remaining: 396.6
85 128.6 , Est Remaining: 394.9
86 130.1 , Est Remaining: 393.3
87 131.6 , Est Remaining: 391.7
88 133.1 , Est Remaining: 390.1
89 134.5 , Est Remaining: 388.5
90 136.0 , Est Remaining: 386.9
91 137.5 , Est Remaining: 385.2
92 138.9 , Est Remaining: 383.6
93 140.4 , Est Remaining: 382.0
94 141.9 , Est Remaining: 380.4
95 143.3 , Est Remaining: 378.7
96 144.8 , Est Remaining: 377.1
97 146.3 , Est Remaining: 375.5
98 147.7 , Est Remaining: 373.9
99 149.2 , Est Remaining: 372.3
100 150.7 , Est Remaining: 370.7
101 152.2 , Est Remaining: 369.1
102 153.6 , Est Remaining: 367.5
103 155.2 , Est Remaining: 366.1
104 156.6 , Est Remaining: 364.5
105 158.1 , Est Remaining: 362.9
106 159.6 , Est Remaining: 361.3
107 161.0 , Est Remaining: 359.7
108 162.5 , Est Remaining: 358.1
109 163.9 , Est Remaining: 356.5
110 165.4 , Est Remaining: 354.8
111 166.8 , Est Remaining: 353.2
112 168.3 , Est Remaining: 351.6
113 169.7 , Est Remaining: 350.0
114 171.2 , Est Remaining: 348.4
115 172.7 , Est Remaining: 346.8
116 174.1 , Est Remaining: 345.3
117 175.6 , Est Remaining: 343.7
118 177.0 , Est Remaining: 342.1
119 178.5 , Est Remaining: 340.5
120 179.9 , Est Remaining: 338.9
121 181.4 , Est Remaining: 337.3
122 182.9 , Est Remaining: 335.8
123 184.3 , Est Remaining: 334.2
124 185.8 , Est Remaining: 332.7
125 187.3 , Est Remaining: 331.1
126 188.7 , Est Remaining: 329.5
127 190.2 , Est Remaining: 328.0
128 191.7 , Est Remaining: 326.4
129 193.1 , Est Remaining: 324.9
130 194.6 , Est Remaining: 323.3
131 196.0 , Est Remaining: 321.8
132 197.5 , Est Remaining: 320.2
133 199.0 , Est Remaining: 318.6
134 200.4 , Est Remaining: 317.1
135 201.9 , Est Remaining: 315.5
136 203.3 , Est Remaining: 314.0
137 204.8 , Est Remaining: 312.4
138 206.3 , Est Remaining: 310.9
139 207.7 , Est Remaining: 309.3
140 209.2 , Est Remaining: 307.8
141 210.6 , Est Remaining: 306.2
142 212.1 , Est Remaining: 304.7
143 213.6 , Est Remaining: 303.2
EVENT FAILED
143 213.9 , Est Remaining: 303.7
144 215.4 , Est Remaining: 302.2
145 216.9 , Est Remaining: 300.7
146 218.4 , Est Remaining: 299.2
147 219.9 , Est Remaining: 297.6
148 221.3 , Est Remaining: 296.1
149 222.9 , Est Remaining: 294.7
150 224.4 , Est Remaining: 293.2
151 225.9 , Est Remaining: 291.7
152 227.4 , Est Remaining: 290.2
153 228.9 , Est Remaining: 288.7
154 230.4 , Est Remaining: 287.2
155 231.9 , Est Remaining: 285.7
156 233.4 , Est Remaining: 284.3
157 234.9 , Est Remaining: 282.8
158 236.4 , Est Remaining: 281.3
159 237.9 , Est Remaining: 279.8
160 239.4 , Est Remaining: 278.3
161 240.9 , Est Remaining: 276.8
162 242.4 , Est Remaining: 275.3
163 243.9 , Est Remaining: 273.8
164 245.4 , Est Remaining: 272.3
165 246.7 , Est Remaining: 270.7
166 248.2 , Est Remaining: 269.2
167 249.7 , Est Remaining: 267.7
168 251.2 , Est Remaining: 266.2
EVENT FAILED
168 251.6 , Est Remaining: 266.6
169 253.1 , Est Remaining: 265.1
170 254.6 , Est Remaining: 263.6
171 256.0 , Est Remaining: 262.0
172 257.5 , Est Remaining: 260.5
173 259.0 , Est Remaining: 259.0
174 260.5 , Est Remaining: 257.5
175 262.0 , Est Remaining: 256.0
176 263.5 , Est Remaining: 254.5
177 264.9 , Est Remaining: 253.0
178 266.4 , Est Remaining: 251.5
179 267.9 , Est Remaining: 249.9
180 269.4 , Est Remaining: 248.4
181 270.9 , Est Remaining: 246.9
182 272.4 , Est Remaining: 245.4
183 273.8 , Est Remaining: 243.9
184 275.3 , Est Remaining: 242.4
185 276.8 , Est Remaining: 240.9
186 278.3 , Est Remaining: 239.4
187 279.7 , Est Remaining: 237.8
188 281.2 , Est Remaining: 236.3
189 282.7 , Est Remaining: 234.8
190 284.2 , Est Remaining: 233.3
191 285.6 , Est Remaining: 231.8
192 287.1 , Est Remaining: 230.3
193 288.6 , Est Remaining: 228.8
194 290.1 , Est Remaining: 227.3
195 291.6 , Est Remaining: 225.8
196 293.1 , Est Remaining: 224.3
197 294.7 , Est Remaining: 222.9
198 296.2 , Est Remaining: 221.4
199 297.7 , Est Remaining: 219.9
200 299.2 , Est Remaining: 218.4
201 300.7 , Est Remaining: 216.9
202 302.2 , Est Remaining: 215.4
203 303.8 , Est Remaining: 214.0
204 305.3 , Est Remaining: 212.5
205 306.8 , Est Remaining: 211.0
206 308.3 , Est Remaining: 209.6
207 309.9 , Est Remaining: 208.1
208 311.3 , Est Remaining: 206.6
209 312.8 , Est Remaining: 205.1
210 314.4 , Est Remaining: 203.6
EVENT FAILED
210 314.7 , Est Remaining: 203.8
211 316.2 , Est Remaining: 202.3
212 317.7 , Est Remaining: 200.8
213 319.2 , Est Remaining: 199.3
214 320.8 , Est Remaining: 197.8
215 322.2 , Est Remaining: 196.3
216 323.8 , Est Remaining: 194.9
217 325.3 , Est Remaining: 193.4
218 326.8 , Est Remaining: 191.9
219 328.3 , Est Remaining: 190.4
220 329.8 , Est Remaining: 188.9
221 331.3 , Est Remaining: 187.4
222 332.8 , Est Remaining: 185.9
223 334.3 , Est Remaining: 184.4
224 335.8 , Est Remaining: 182.9
225 337.3 , Est Remaining: 181.4
226 338.8 , Est Remaining: 179.9
227 340.2 , Est Remaining: 178.4
228 341.7 , Est Remaining: 176.9
229 343.2 , Est Remaining: 175.4
230 344.7 , Est Remaining: 173.9
231 346.2 , Est Remaining: 172.4
232 347.8 , Est Remaining: 170.9
EVENT FAILED
232 348.1 , Est Remaining: 171.0
233 349.6 , Est Remaining: 169.6
234 351.1 , Est Remaining: 168.1
235 352.6 , Est Remaining: 166.6
236 354.2 , Est Remaining: 165.1
237 355.7 , Est Remaining: 163.6
238 357.2 , Est Remaining: 162.1
239 358.7 , Est Remaining: 160.6
240 360.2 , Est Remaining: 159.1
241 361.7 , Est Remaining: 157.6
242 363.3 , Est Remaining: 156.1
243 364.8 , Est Remaining: 154.6
244 366.3 , Est Remaining: 153.1
245 367.8 , Est Remaining: 151.6
246 369.3 , Est Remaining: 150.1
247 370.8 , Est Remaining: 148.6
248 372.4 , Est Remaining: 147.1
249 373.9 , Est Remaining: 145.6
250 375.4 , Est Remaining: 144.2
251 376.9 , Est Remaining: 142.6
252 378.4 , Est Remaining: 141.1
253 379.9 , Est Remaining: 139.6
254 381.4 , Est Remaining: 138.1
EVENT FAILED
254 381.7 , Est Remaining: 138.3
255 383.2 , Est Remaining: 136.8
256 384.7 , Est Remaining: 135.2
257 386.2 , Est Remaining: 133.7
258 387.7 , Est Remaining: 132.2
259 389.2 , Est Remaining: 130.7
260 390.7 , Est Remaining: 129.2
261 392.2 , Est Remaining: 127.7
262 393.7 , Est Remaining: 126.2
263 395.2 , Est Remaining: 124.7
264 396.7 , Est Remaining: 123.2
265 398.3 , Est Remaining: 121.7
266 399.8 , Est Remaining: 120.2
267 401.3 , Est Remaining: 118.7
268 402.8 , Est Remaining: 117.2
269 404.3 , Est Remaining: 115.7
270 405.8 , Est Remaining: 114.2
271 407.3 , Est Remaining: 112.7
272 408.8 , Est Remaining: 111.2
273 410.3 , Est Remaining: 109.7
274 411.8 , Est Remaining: 108.2
275 413.3 , Est Remaining: 106.7
276 414.8 , Est Remaining: 105.2
277 416.3 , Est Remaining: 103.7
278 417.8 , Est Remaining: 102.2
279 419.3 , Est Remaining: 100.7
280 420.8 , Est Remaining: 99.2
281 422.3 , Est Remaining: 97.7
282 423.8 , Est Remaining: 96.2
283 425.3 , Est Remaining: 94.7
284 426.8 , Est Remaining: 93.2
285 428.3 , Est Remaining: 91.7
286 429.8 , Est Remaining: 90.2
287 431.4 , Est Remaining: 88.7
288 432.9 , Est Remaining: 87.2
EVENT FAILED
288 433.2 , Est Remaining: 87.2
EVENT FAILED
288 433.6 , Est Remaining: 87.3
289 435.0 , Est Remaining: 85.8
290 436.6 , Est Remaining: 84.3
291 438.1 , Est Remaining: 82.8
292 439.6 , Est Remaining: 81.3
293 441.2 , Est Remaining: 79.8
294 442.7 , Est Remaining: 78.3
295 444.2 , Est Remaining: 76.8
296 445.6 , Est Remaining: 75.3
297 447.1 , Est Remaining: 73.8
298 448.6 , Est Remaining: 72.3
299 450.0 , Est Remaining: 70.7
300 451.5 , Est Remaining: 69.2
301 452.9 , Est Remaining: 67.7
302 454.5 , Est Remaining: 66.2
303 456.0 , Est Remaining: 64.7
304 457.4 , Est Remaining: 63.2
305 458.9 , Est Remaining: 61.7
306 460.3 , Est Remaining: 60.2
307 461.7 , Est Remaining: 58.7
308 463.2 , Est Remaining: 57.1
309 464.6 , Est Remaining: 55.6
310 466.0 , Est Remaining: 54.1
311 467.4 , Est Remaining: 52.6
312 468.8 , Est Remaining: 51.1
313 470.2 , Est Remaining: 49.6
314 471.6 , Est Remaining: 48.1
315 473.0 , Est Remaining: 46.6
316 474.5 , Est Remaining: 45.0
317 475.9 , Est Remaining: 43.5
318 477.3 , Est Remaining: 42.0
319 478.7 , Est Remaining: 40.5
320 480.1 , Est Remaining: 39.0
321 481.5 , Est Remaining: 37.5
322 483.0 , Est Remaining: 36.0
323 484.4 , Est Remaining: 34.5
324 485.8 , Est Remaining: 33.0
325 487.2 , Est Remaining: 31.5
326 488.6 , Est Remaining: 30.0
327 490.0 , Est Remaining: 28.5
328 491.4 , Est Remaining: 27.0
329 492.8 , Est Remaining: 25.5
330 494.2 , Est Remaining: 24.0
331 495.6 , Est Remaining: 22.5
332 497.0 , Est Remaining: 21.0
333 498.4 , Est Remaining: 19.5
334 499.8 , Est Remaining: 18.0
335 501.2 , Est Remaining: 16.5
336 502.6 , Est Remaining: 15.0
