Note: NumExpr detected 32 cores but "NUMEXPR_MAX_THREADS" not set, so enforcing safe limit of 8.
Using selector: EpollSelector
/n/home02/jhaefner/miniconda/envs/IC-3.7-2020-06-16/lib/python3.7/site-packages/scipy/optimize/minpack.py:808: OptimizeWarning: Covariance of the parameters could not be estimated
  category=OptimizeWarning)
Total rwfs: 346
0 0.0 , Est Remaining: 999999.9
1 1.5 , Est Remaining: 501.6
EVENT FAILED
1 1.8 , Est Remaining: 616.7
2 3.2 , Est Remaining: 547.9
3 4.6 , Est Remaining: 527.8
4 6.0 , Est Remaining: 513.4
5 7.4 , Est Remaining: 505.1
6 8.8 , Est Remaining: 498.3
EVENT FAILED
6 9.1 , Est Remaining: 515.8
7 10.5 , Est Remaining: 508.2
8 11.9 , Est Remaining: 502.1
9 13.3 , Est Remaining: 497.6
EVENT FAILED
9 13.6 , Est Remaining: 509.2
10 15.0 , Est Remaining: 504.9
11 16.4 , Est Remaining: 500.6
12 17.8 , Est Remaining: 496.7
13 19.3 , Est Remaining: 494.2
EVENT FAILED
13 19.6 , Est Remaining: 502.7
14 21.1 , Est Remaining: 499.3
15 22.5 , Est Remaining: 496.1
16 23.9 , Est Remaining: 492.8
17 25.3 , Est Remaining: 490.2
18 26.8 , Est Remaining: 487.6
19 28.2 , Est Remaining: 485.2
20 29.6 , Est Remaining: 482.9
21 31.1 , Est Remaining: 480.6
22 32.5 , Est Remaining: 478.2
23 33.9 , Est Remaining: 476.2
24 35.3 , Est Remaining: 473.9
25 36.7 , Est Remaining: 471.6
26 38.1 , Est Remaining: 469.5
27 39.6 , Est Remaining: 467.5
28 41.0 , Est Remaining: 465.6
29 42.4 , Est Remaining: 464.0
30 43.9 , Est Remaining: 462.1
31 45.3 , Est Remaining: 460.4
32 46.7 , Est Remaining: 458.5
33 48.2 , Est Remaining: 456.8
34 49.6 , Est Remaining: 455.0
35 51.0 , Est Remaining: 453.2
36 52.4 , Est Remaining: 451.6
37 53.8 , Est Remaining: 449.7
38 55.3 , Est Remaining: 447.9
39 56.7 , Est Remaining: 446.1
40 58.1 , Est Remaining: 444.4
41 59.5 , Est Remaining: 442.7
42 60.9 , Est Remaining: 441.1
43 62.4 , Est Remaining: 439.4
44 63.8 , Est Remaining: 437.8
45 65.2 , Est Remaining: 436.0
46 66.6 , Est Remaining: 434.4
47 68.0 , Est Remaining: 432.6
48 69.4 , Est Remaining: 430.9
49 70.8 , Est Remaining: 429.4
50 72.2 , Est Remaining: 427.7
51 73.7 , Est Remaining: 426.1
52 75.1 , Est Remaining: 424.5
53 76.5 , Est Remaining: 423.0
54 78.0 , Est Remaining: 421.5
55 79.4 , Est Remaining: 420.1
56 80.8 , Est Remaining: 418.6
57 82.3 , Est Remaining: 417.1
58 83.7 , Est Remaining: 415.6
59 85.1 , Est Remaining: 414.1
60 86.6 , Est Remaining: 412.6
61 88.0 , Est Remaining: 411.1
62 89.4 , Est Remaining: 409.6
63 90.8 , Est Remaining: 408.1
64 92.3 , Est Remaining: 406.6
65 93.7 , Est Remaining: 405.0
66 95.1 , Est Remaining: 403.5
67 96.5 , Est Remaining: 402.0
68 98.0 , Est Remaining: 400.6
69 99.4 , Est Remaining: 399.2
70 100.9 , Est Remaining: 397.8
71 102.3 , Est Remaining: 396.4
72 103.8 , Est Remaining: 395.0
73 105.3 , Est Remaining: 393.6
74 106.7 , Est Remaining: 392.3
75 108.2 , Est Remaining: 390.9
76 109.6 , Est Remaining: 389.5
77 111.1 , Est Remaining: 388.1
78 112.5 , Est Remaining: 386.6
79 114.0 , Est Remaining: 385.3
80 115.5 , Est Remaining: 383.9
81 116.9 , Est Remaining: 382.6
82 118.4 , Est Remaining: 381.2
83 119.8 , Est Remaining: 379.8
84 121.3 , Est Remaining: 378.4
85 122.8 , Est Remaining: 377.0
86 124.2 , Est Remaining: 375.6
87 125.7 , Est Remaining: 374.2
88 127.2 , Est Remaining: 372.8
89 128.6 , Est Remaining: 371.3
90 130.1 , Est Remaining: 370.0
91 131.5 , Est Remaining: 368.5
92 133.0 , Est Remaining: 367.2
93 134.4 , Est Remaining: 365.7
94 135.9 , Est Remaining: 364.3
95 137.3 , Est Remaining: 362.8
96 138.8 , Est Remaining: 361.4
97 140.1 , Est Remaining: 359.7
98 141.5 , Est Remaining: 358.2
99 143.0 , Est Remaining: 356.7
100 144.3 , Est Remaining: 355.1
101 145.8 , Est Remaining: 353.6
102 147.2 , Est Remaining: 352.1
103 148.7 , Est Remaining: 350.7
104 150.1 , Est Remaining: 349.2
EVENT FAILED
104 150.9 , Est Remaining: 351.2
105 152.4 , Est Remaining: 349.7
106 153.8 , Est Remaining: 348.3
107 155.3 , Est Remaining: 346.8
108 156.7 , Est Remaining: 345.3
109 158.1 , Est Remaining: 343.8
EVENT FAILED
109 158.4 , Est Remaining: 344.5
110 159.9 , Est Remaining: 343.0
111 161.3 , Est Remaining: 341.6
112 162.8 , Est Remaining: 340.1
113 164.2 , Est Remaining: 338.6
114 165.6 , Est Remaining: 337.1
115 167.1 , Est Remaining: 335.6
116 168.5 , Est Remaining: 334.1
117 169.9 , Est Remaining: 332.6
118 171.4 , Est Remaining: 331.2
119 172.8 , Est Remaining: 329.7
120 174.3 , Est Remaining: 328.2
121 175.7 , Est Remaining: 326.7
122 177.2 , Est Remaining: 325.3
123 178.6 , Est Remaining: 323.8
124 180.0 , Est Remaining: 322.3
125 181.5 , Est Remaining: 320.8
126 182.9 , Est Remaining: 319.3
EVENT FAILED
126 183.2 , Est Remaining: 319.9
127 184.5 , Est Remaining: 318.2
128 186.0 , Est Remaining: 316.7
129 187.4 , Est Remaining: 315.3
130 188.8 , Est Remaining: 313.8
131 190.2 , Est Remaining: 312.2
132 191.7 , Est Remaining: 310.7
133 193.1 , Est Remaining: 309.3
134 194.5 , Est Remaining: 307.8
135 195.9 , Est Remaining: 306.3
136 197.4 , Est Remaining: 304.7
137 198.8 , Est Remaining: 303.2
138 200.2 , Est Remaining: 301.8
139 201.7 , Est Remaining: 300.3
140 203.1 , Est Remaining: 298.8
141 204.5 , Est Remaining: 297.3
142 205.9 , Est Remaining: 295.8
143 207.3 , Est Remaining: 294.3
144 208.7 , Est Remaining: 292.8
EVENT FAILED
144 209.0 , Est Remaining: 293.2
EVENT FAILED
144 209.3 , Est Remaining: 293.7
145 210.8 , Est Remaining: 292.2
146 212.3 , Est Remaining: 290.8
147 213.7 , Est Remaining: 289.3
148 215.1 , Est Remaining: 287.8
149 216.6 , Est Remaining: 286.3
150 218.0 , Est Remaining: 284.8
EVENT FAILED
150 218.3 , Est Remaining: 285.2
151 219.7 , Est Remaining: 283.7
152 221.1 , Est Remaining: 282.2
153 222.6 , Est Remaining: 280.8
154 224.0 , Est Remaining: 279.3
155 225.4 , Est Remaining: 277.8
156 226.9 , Est Remaining: 276.3
157 228.3 , Est Remaining: 274.9
158 229.8 , Est Remaining: 273.4
159 231.2 , Est Remaining: 271.9
160 232.7 , Est Remaining: 270.5
161 234.1 , Est Remaining: 269.0
162 235.5 , Est Remaining: 267.5
163 237.0 , Est Remaining: 266.0
164 238.4 , Est Remaining: 264.5
165 239.8 , Est Remaining: 263.1
166 241.2 , Est Remaining: 261.6
167 242.7 , Est Remaining: 260.1
168 244.1 , Est Remaining: 258.6
169 245.5 , Est Remaining: 257.1
170 246.9 , Est Remaining: 255.6
171 248.4 , Est Remaining: 254.2
172 249.8 , Est Remaining: 252.7
173 251.3 , Est Remaining: 251.3
174 252.7 , Est Remaining: 249.8
175 254.1 , Est Remaining: 248.3
176 255.6 , Est Remaining: 246.8
177 257.0 , Est Remaining: 245.4
178 258.4 , Est Remaining: 243.9
179 259.8 , Est Remaining: 242.4
180 261.3 , Est Remaining: 240.9
181 262.7 , Est Remaining: 239.5
182 264.2 , Est Remaining: 238.0
183 265.6 , Est Remaining: 236.6
184 267.0 , Est Remaining: 235.1
185 268.5 , Est Remaining: 233.6
186 269.9 , Est Remaining: 232.2
187 271.3 , Est Remaining: 230.7
188 272.8 , Est Remaining: 229.2
189 274.2 , Est Remaining: 227.8
190 275.6 , Est Remaining: 226.3
EVENT FAILED
190 275.9 , Est Remaining: 226.6
191 277.4 , Est Remaining: 225.1
EVENT FAILED
191 277.7 , Est Remaining: 225.3
192 279.1 , Est Remaining: 223.8
193 280.5 , Est Remaining: 222.4
194 281.9 , Est Remaining: 220.9
195 283.3 , Est Remaining: 219.4
196 284.8 , Est Remaining: 218.0
197 286.3 , Est Remaining: 216.5
198 287.7 , Est Remaining: 215.0
199 289.1 , Est Remaining: 213.6
200 290.6 , Est Remaining: 212.1
201 292.0 , Est Remaining: 210.7
202 293.6 , Est Remaining: 209.3
203 295.1 , Est Remaining: 207.9
204 296.6 , Est Remaining: 206.4
205 298.0 , Est Remaining: 205.0
206 299.5 , Est Remaining: 203.5
207 300.9 , Est Remaining: 202.1
208 302.4 , Est Remaining: 200.6
209 303.8 , Est Remaining: 199.1
210 305.2 , Est Remaining: 197.7
211 306.7 , Est Remaining: 196.2
EVENT FAILED
211 307.6 , Est Remaining: 196.8
212 309.0 , Est Remaining: 195.3
213 310.4 , Est Remaining: 193.8
214 311.8 , Est Remaining: 192.3
215 313.3 , Est Remaining: 190.9
216 314.7 , Est Remaining: 189.4
217 316.1 , Est Remaining: 187.9
218 317.6 , Est Remaining: 186.5
219 319.0 , Est Remaining: 185.0
220 320.4 , Est Remaining: 183.5
221 321.9 , Est Remaining: 182.1
222 323.3 , Est Remaining: 180.6
223 324.8 , Est Remaining: 179.1
224 326.2 , Est Remaining: 177.7
225 327.7 , Est Remaining: 176.2
226 329.1 , Est Remaining: 174.8
227 330.6 , Est Remaining: 173.3
228 331.9 , Est Remaining: 171.8
229 333.4 , Est Remaining: 170.3
230 334.8 , Est Remaining: 168.9
231 336.3 , Est Remaining: 167.4
232 337.7 , Est Remaining: 166.0
233 339.2 , Est Remaining: 164.5
234 340.6 , Est Remaining: 163.0
235 342.0 , Est Remaining: 161.6
236 343.5 , Est Remaining: 160.1
237 344.9 , Est Remaining: 158.6
238 346.3 , Est Remaining: 157.2
239 347.8 , Est Remaining: 155.7
240 349.2 , Est Remaining: 154.2
241 350.6 , Est Remaining: 152.8
242 352.1 , Est Remaining: 151.3
243 353.5 , Est Remaining: 149.8
244 354.9 , Est Remaining: 148.4
245 356.3 , Est Remaining: 146.9
246 357.7 , Est Remaining: 145.4
247 359.1 , Est Remaining: 143.9
248 360.5 , Est Remaining: 142.5
249 362.0 , Est Remaining: 141.0
250 363.4 , Est Remaining: 139.5
251 364.8 , Est Remaining: 138.1
252 366.2 , Est Remaining: 136.6
253 367.7 , Est Remaining: 135.1
254 369.1 , Est Remaining: 133.7
255 370.5 , Est Remaining: 132.2
256 372.0 , Est Remaining: 130.8
257 373.4 , Est Remaining: 129.3
258 374.8 , Est Remaining: 127.9
259 376.3 , Est Remaining: 126.4
260 377.7 , Est Remaining: 124.9
261 379.2 , Est Remaining: 123.5
262 380.6 , Est Remaining: 122.0
263 382.0 , Est Remaining: 120.6
264 383.5 , Est Remaining: 119.1
265 384.9 , Est Remaining: 117.6
266 386.3 , Est Remaining: 116.2
267 387.8 , Est Remaining: 114.7
268 389.2 , Est Remaining: 113.3
269 390.6 , Est Remaining: 111.8
270 392.0 , Est Remaining: 110.4
271 393.5 , Est Remaining: 108.9
272 394.9 , Est Remaining: 107.4
273 396.3 , Est Remaining: 106.0
274 397.7 , Est Remaining: 104.5
275 399.1 , Est Remaining: 103.0
276 400.5 , Est Remaining: 101.6
277 401.9 , Est Remaining: 100.1
278 403.3 , Est Remaining: 98.6
279 404.7 , Est Remaining: 97.2
280 406.0 , Est Remaining: 95.7
281 407.4 , Est Remaining: 94.2
282 408.8 , Est Remaining: 92.8
283 410.2 , Est Remaining: 91.3
284 411.6 , Est Remaining: 89.9
285 413.0 , Est Remaining: 88.4
286 414.3 , Est Remaining: 86.9
287 415.7 , Est Remaining: 85.5
288 417.1 , Est Remaining: 84.0
289 418.5 , Est Remaining: 82.5
290 419.9 , Est Remaining: 81.1
291 421.2 , Est Remaining: 79.6
292 422.6 , Est Remaining: 78.2
293 424.0 , Est Remaining: 76.7
294 425.4 , Est Remaining: 75.2
295 426.8 , Est Remaining: 73.8
296 428.2 , Est Remaining: 72.3
297 429.5 , Est Remaining: 70.9
298 430.9 , Est Remaining: 69.4
299 432.3 , Est Remaining: 68.0
300 433.7 , Est Remaining: 66.5
301 435.0 , Est Remaining: 65.0
302 436.5 , Est Remaining: 63.6
303 437.9 , Est Remaining: 62.1
304 439.2 , Est Remaining: 60.7
305 440.6 , Est Remaining: 59.2
306 441.9 , Est Remaining: 57.8
307 443.3 , Est Remaining: 56.3
EVENT FAILED
307 443.6 , Est Remaining: 56.4
308 445.0 , Est Remaining: 54.9
309 446.3 , Est Remaining: 53.4
310 447.7 , Est Remaining: 52.0
311 449.0 , Est Remaining: 50.5
312 450.4 , Est Remaining: 49.1
313 451.8 , Est Remaining: 47.6
314 453.2 , Est Remaining: 46.2
315 454.5 , Est Remaining: 44.7
316 455.9 , Est Remaining: 43.3
317 457.3 , Est Remaining: 41.8
318 458.6 , Est Remaining: 40.4
319 460.0 , Est Remaining: 38.9
320 461.3 , Est Remaining: 37.5
321 462.7 , Est Remaining: 36.0
322 464.0 , Est Remaining: 34.6
323 465.4 , Est Remaining: 33.1
324 466.8 , Est Remaining: 31.7
325 468.1 , Est Remaining: 30.2
326 469.5 , Est Remaining: 28.8
327 470.8 , Est Remaining: 27.4
328 472.2 , Est Remaining: 25.9
329 473.5 , Est Remaining: 24.5
330 474.9 , Est Remaining: 23.0
331 476.2 , Est Remaining: 21.6
