Note: NumExpr detected 32 cores but "NUMEXPR_MAX_THREADS" not set, so enforcing safe limit of 8.
Using selector: EpollSelector
/n/home02/jhaefner/miniconda/envs/IC-3.7-2020-06-16/lib/python3.7/site-packages/scipy/optimize/minpack.py:808: OptimizeWarning: Covariance of the parameters could not be estimated
  category=OptimizeWarning)
Total rwfs: 346
0 0.0 , Est Remaining: 999999.9
1 1.4 , Est Remaining: 466.7
2 2.7 , Est Remaining: 465.3
3 4.1 , Est Remaining: 463.7
4 5.4 , Est Remaining: 460.0
5 6.7 , Est Remaining: 457.8
6 8.1 , Est Remaining: 456.9
7 9.4 , Est Remaining: 454.9
8 10.8 , Est Remaining: 454.3
9 12.1 , Est Remaining: 453.1
10 13.4 , Est Remaining: 451.4
11 14.8 , Est Remaining: 449.6
12 16.1 , Est Remaining: 448.3
13 17.5 , Est Remaining: 447.2
EVENT FAILED
13 17.8 , Est Remaining: 454.9
14 19.1 , Est Remaining: 452.7
15 20.4 , Est Remaining: 450.7
16 21.8 , Est Remaining: 448.7
17 23.1 , Est Remaining: 447.1
18 24.4 , Est Remaining: 445.3
19 25.8 , Est Remaining: 443.3
20 27.1 , Est Remaining: 441.5
21 28.4 , Est Remaining: 439.8
22 29.8 , Est Remaining: 438.4
23 31.1 , Est Remaining: 436.9
24 32.5 , Est Remaining: 435.4
25 33.8 , Est Remaining: 433.9
26 35.1 , Est Remaining: 432.4
27 36.5 , Est Remaining: 430.9
28 37.8 , Est Remaining: 429.3
29 39.1 , Est Remaining: 427.9
30 40.5 , Est Remaining: 426.4
31 41.8 , Est Remaining: 425.1
32 43.2 , Est Remaining: 423.6
33 44.5 , Est Remaining: 422.2
34 45.8 , Est Remaining: 420.7
35 47.2 , Est Remaining: 419.2
36 48.8 , Est Remaining: 420.0
37 50.1 , Est Remaining: 418.6
38 51.5 , Est Remaining: 417.1
39 52.8 , Est Remaining: 415.6
40 54.1 , Est Remaining: 414.2
41 55.5 , Est Remaining: 412.6
42 56.8 , Est Remaining: 411.1
43 58.1 , Est Remaining: 409.6
44 59.5 , Est Remaining: 408.2
45 60.8 , Est Remaining: 406.6
46 62.1 , Est Remaining: 405.0
47 63.4 , Est Remaining: 403.5
48 64.7 , Est Remaining: 402.0
49 66.1 , Est Remaining: 400.5
50 67.4 , Est Remaining: 399.1
51 68.7 , Est Remaining: 397.6
52 70.1 , Est Remaining: 396.1
53 71.5 , Est Remaining: 395.5
54 72.9 , Est Remaining: 394.1
55 74.2 , Est Remaining: 392.6
56 75.5 , Est Remaining: 391.0
57 76.8 , Est Remaining: 389.5
58 78.1 , Est Remaining: 387.9
59 79.4 , Est Remaining: 386.3
60 80.7 , Est Remaining: 384.8
61 82.0 , Est Remaining: 383.3
62 83.4 , Est Remaining: 381.9
63 84.7 , Est Remaining: 380.5
64 86.0 , Est Remaining: 379.0
65 87.3 , Est Remaining: 377.6
66 88.7 , Est Remaining: 376.2
67 90.0 , Est Remaining: 374.7
68 91.3 , Est Remaining: 373.3
69 92.6 , Est Remaining: 371.9
70 94.0 , Est Remaining: 370.6
71 95.3 , Est Remaining: 369.2
72 96.7 , Est Remaining: 367.8
73 98.0 , Est Remaining: 366.4
74 99.3 , Est Remaining: 365.0
EVENT FAILED
74 99.6 , Est Remaining: 366.1
75 100.9 , Est Remaining: 364.7
76 102.3 , Est Remaining: 363.3
77 103.6 , Est Remaining: 361.9
78 104.9 , Est Remaining: 360.5
79 106.2 , Est Remaining: 359.0
80 107.5 , Est Remaining: 357.5
81 108.9 , Est Remaining: 356.1
82 110.2 , Est Remaining: 354.7
83 111.5 , Est Remaining: 353.2
84 112.8 , Est Remaining: 351.9
85 114.0 , Est Remaining: 350.0
86 115.3 , Est Remaining: 348.7
87 116.7 , Est Remaining: 347.3
88 118.0 , Est Remaining: 345.9
89 119.3 , Est Remaining: 344.6
90 120.7 , Est Remaining: 343.2
91 122.0 , Est Remaining: 341.8
92 123.3 , Est Remaining: 340.5
93 124.6 , Est Remaining: 339.1
94 126.0 , Est Remaining: 337.7
95 127.3 , Est Remaining: 336.3
96 128.6 , Est Remaining: 335.0
97 130.0 , Est Remaining: 333.6
98 131.3 , Est Remaining: 332.2
99 132.6 , Est Remaining: 330.9
100 134.0 , Est Remaining: 329.7
101 135.3 , Est Remaining: 328.3
102 136.6 , Est Remaining: 326.9
103 137.9 , Est Remaining: 325.4
104 139.2 , Est Remaining: 324.0
105 140.6 , Est Remaining: 322.6
106 141.9 , Est Remaining: 321.2
107 143.2 , Est Remaining: 319.9
108 144.5 , Est Remaining: 318.5
109 145.8 , Est Remaining: 317.1
110 147.1 , Est Remaining: 315.7
111 148.5 , Est Remaining: 314.3
112 149.8 , Est Remaining: 313.0
113 151.1 , Est Remaining: 311.6
114 152.4 , Est Remaining: 310.2
115 153.8 , Est Remaining: 308.9
116 155.1 , Est Remaining: 307.5
117 156.4 , Est Remaining: 306.2
118 157.8 , Est Remaining: 304.8
119 159.1 , Est Remaining: 303.5
120 160.4 , Est Remaining: 302.1
121 161.7 , Est Remaining: 300.7
122 163.1 , Est Remaining: 299.4
123 164.4 , Est Remaining: 298.0
124 165.7 , Est Remaining: 296.7
125 167.0 , Est Remaining: 295.3
126 168.3 , Est Remaining: 293.9
127 169.7 , Est Remaining: 292.6
128 171.0 , Est Remaining: 291.2
129 172.3 , Est Remaining: 289.8
130 173.6 , Est Remaining: 288.5
131 175.0 , Est Remaining: 287.1
132 176.3 , Est Remaining: 285.8
133 177.6 , Est Remaining: 284.4
134 178.9 , Est Remaining: 283.1
135 180.3 , Est Remaining: 281.7
136 181.6 , Est Remaining: 280.4
137 182.9 , Est Remaining: 279.1
138 184.3 , Est Remaining: 277.8
139 185.6 , Est Remaining: 276.4
140 186.9 , Est Remaining: 275.1
141 188.3 , Est Remaining: 273.7
142 189.6 , Est Remaining: 272.4
143 190.9 , Est Remaining: 271.0
144 192.2 , Est Remaining: 269.7
145 193.6 , Est Remaining: 268.3
146 194.9 , Est Remaining: 267.0
147 196.2 , Est Remaining: 265.6
148 197.5 , Est Remaining: 264.2
149 198.8 , Est Remaining: 262.8
150 200.1 , Est Remaining: 261.5
151 201.4 , Est Remaining: 260.1
152 202.7 , Est Remaining: 258.7
153 204.0 , Est Remaining: 257.4
154 205.3 , Est Remaining: 256.0
155 206.7 , Est Remaining: 254.6
156 208.0 , Est Remaining: 253.3
157 209.3 , Est Remaining: 252.0
158 210.6 , Est Remaining: 250.6
159 212.0 , Est Remaining: 249.3
160 213.3 , Est Remaining: 248.0
161 214.6 , Est Remaining: 246.6
162 216.0 , Est Remaining: 245.3
163 217.3 , Est Remaining: 243.9
164 218.6 , Est Remaining: 242.6
165 219.9 , Est Remaining: 241.2
166 221.2 , Est Remaining: 239.9
167 222.6 , Est Remaining: 238.6
168 223.9 , Est Remaining: 237.2
169 225.2 , Est Remaining: 235.9
170 226.6 , Est Remaining: 234.6
171 227.9 , Est Remaining: 233.2
172 229.2 , Est Remaining: 231.9
173 230.6 , Est Remaining: 230.6
174 231.9 , Est Remaining: 229.2
175 233.2 , Est Remaining: 227.9
176 234.6 , Est Remaining: 226.6
177 235.9 , Est Remaining: 225.2
178 237.2 , Est Remaining: 223.9
179 238.6 , Est Remaining: 222.6
180 239.9 , Est Remaining: 221.2
181 241.2 , Est Remaining: 219.9
182 242.5 , Est Remaining: 218.5
183 243.9 , Est Remaining: 217.2
184 245.2 , Est Remaining: 215.9
185 246.5 , Est Remaining: 214.6
186 247.9 , Est Remaining: 213.2
187 249.2 , Est Remaining: 211.9
EVENT FAILED
187 249.5 , Est Remaining: 212.1
188 250.8 , Est Remaining: 210.8
189 252.2 , Est Remaining: 209.5
190 253.5 , Est Remaining: 208.1
191 254.8 , Est Remaining: 206.8
192 256.2 , Est Remaining: 205.5
193 257.5 , Est Remaining: 204.1
194 258.8 , Est Remaining: 202.8
195 260.1 , Est Remaining: 201.4
196 261.4 , Est Remaining: 200.1
197 262.8 , Est Remaining: 198.8
198 264.1 , Est Remaining: 197.4
199 265.4 , Est Remaining: 196.1
200 266.9 , Est Remaining: 194.8
201 268.2 , Est Remaining: 193.5
202 269.5 , Est Remaining: 192.1
203 270.8 , Est Remaining: 190.8
204 272.2 , Est Remaining: 189.4
205 273.5 , Est Remaining: 188.1
206 274.8 , Est Remaining: 186.8
207 276.1 , Est Remaining: 185.4
208 277.5 , Est Remaining: 184.1
209 278.8 , Est Remaining: 182.8
210 280.1 , Est Remaining: 181.4
211 281.5 , Est Remaining: 180.1
212 282.8 , Est Remaining: 178.8
213 284.1 , Est Remaining: 177.4
214 285.5 , Est Remaining: 176.1
215 286.8 , Est Remaining: 174.8
216 288.2 , Est Remaining: 173.4
217 289.5 , Est Remaining: 172.1
218 290.8 , Est Remaining: 170.8
219 292.2 , Est Remaining: 169.4
220 293.5 , Est Remaining: 168.1
221 294.8 , Est Remaining: 166.8
222 296.2 , Est Remaining: 165.4
223 297.5 , Est Remaining: 164.1
224 298.9 , Est Remaining: 162.8
225 300.2 , Est Remaining: 161.4
226 301.5 , Est Remaining: 160.1
227 302.8 , Est Remaining: 158.8
228 304.2 , Est Remaining: 157.4
229 305.5 , Est Remaining: 156.1
230 306.8 , Est Remaining: 154.8
231 308.2 , Est Remaining: 153.4
232 309.5 , Est Remaining: 152.1
233 310.8 , Est Remaining: 150.7
234 312.1 , Est Remaining: 149.4
235 313.5 , Est Remaining: 148.1
236 314.8 , Est Remaining: 146.7
237 316.2 , Est Remaining: 145.4
238 317.5 , Est Remaining: 144.1
239 318.8 , Est Remaining: 142.7
240 320.2 , Est Remaining: 141.4
241 321.5 , Est Remaining: 140.1
EVENT FAILED
241 321.8 , Est Remaining: 140.2
242 323.2 , Est Remaining: 138.9
243 324.5 , Est Remaining: 137.6
244 325.9 , Est Remaining: 136.2
245 327.2 , Est Remaining: 134.9
246 328.5 , Est Remaining: 133.6
247 329.9 , Est Remaining: 132.2
248 331.2 , Est Remaining: 130.9
249 332.6 , Est Remaining: 129.5
250 333.9 , Est Remaining: 128.2
251 335.3 , Est Remaining: 126.9
252 336.6 , Est Remaining: 125.6
253 337.9 , Est Remaining: 124.2
254 339.3 , Est Remaining: 122.9
255 340.6 , Est Remaining: 121.5
256 341.9 , Est Remaining: 120.2
257 343.3 , Est Remaining: 118.9
258 344.6 , Est Remaining: 117.5
259 346.0 , Est Remaining: 116.2
260 347.3 , Est Remaining: 114.9
261 348.6 , Est Remaining: 113.5
262 350.0 , Est Remaining: 112.2
263 351.3 , Est Remaining: 110.9
264 352.7 , Est Remaining: 109.6
265 354.0 , Est Remaining: 108.2
266 355.4 , Est Remaining: 106.9
267 356.7 , Est Remaining: 105.5
268 358.0 , Est Remaining: 104.2
269 359.4 , Est Remaining: 102.9
270 360.7 , Est Remaining: 101.5
271 362.1 , Est Remaining: 100.2
272 363.4 , Est Remaining: 98.9
273 364.8 , Est Remaining: 97.5
274 366.1 , Est Remaining: 96.2
275 367.4 , Est Remaining: 94.9
276 368.8 , Est Remaining: 93.5
277 370.1 , Est Remaining: 92.2
278 371.4 , Est Remaining: 90.9
279 372.8 , Est Remaining: 89.5
280 374.1 , Est Remaining: 88.2
281 375.4 , Est Remaining: 86.8
282 376.8 , Est Remaining: 85.5
283 378.1 , Est Remaining: 84.2
284 379.5 , Est Remaining: 82.8
285 380.8 , Est Remaining: 81.5
286 382.2 , Est Remaining: 80.2
287 383.5 , Est Remaining: 78.8
288 384.8 , Est Remaining: 77.5
289 386.1 , Est Remaining: 76.2
290 387.5 , Est Remaining: 74.8
291 388.8 , Est Remaining: 73.5
292 390.1 , Est Remaining: 72.1
293 391.4 , Est Remaining: 70.8
294 392.7 , Est Remaining: 69.5
295 394.1 , Est Remaining: 68.1
296 395.4 , Est Remaining: 66.8
297 396.8 , Est Remaining: 65.5
298 398.1 , Est Remaining: 64.1
299 399.5 , Est Remaining: 62.8
300 400.8 , Est Remaining: 61.5
301 402.1 , Est Remaining: 60.1
302 403.5 , Est Remaining: 58.8
303 404.8 , Est Remaining: 57.4
304 406.1 , Est Remaining: 56.1
305 407.4 , Est Remaining: 54.8
306 408.8 , Est Remaining: 53.4
307 410.1 , Est Remaining: 52.1
308 411.4 , Est Remaining: 50.8
309 412.7 , Est Remaining: 49.4
310 414.1 , Est Remaining: 48.1
311 415.4 , Est Remaining: 46.7
312 416.7 , Est Remaining: 45.4
313 418.0 , Est Remaining: 44.1
314 419.3 , Est Remaining: 42.7
315 420.6 , Est Remaining: 41.4
316 422.0 , Est Remaining: 40.1
317 423.2 , Est Remaining: 38.7
318 424.5 , Est Remaining: 37.4
319 425.9 , Est Remaining: 36.0
320 427.2 , Est Remaining: 34.7
321 428.5 , Est Remaining: 33.4
322 429.8 , Est Remaining: 32.0
323 431.1 , Est Remaining: 30.7
324 432.4 , Est Remaining: 29.4
325 433.7 , Est Remaining: 28.0
EVENT FAILED
325 434.0 , Est Remaining: 28.0
326 435.3 , Est Remaining: 26.7
327 436.6 , Est Remaining: 25.4
328 437.9 , Est Remaining: 24.0
EVENT FAILED
328 438.2 , Est Remaining: 24.0
329 439.5 , Est Remaining: 22.7
330 440.7 , Est Remaining: 21.4
331 442.0 , Est Remaining: 20.0
332 443.3 , Est Remaining: 18.7
333 444.6 , Est Remaining: 17.4
334 445.8 , Est Remaining: 16.0
335 447.1 , Est Remaining: 14.7
336 448.4 , Est Remaining: 13.3
337 449.7 , Est Remaining: 12.0
338 450.9 , Est Remaining: 10.7
339 452.2 , Est Remaining: 9.3
