Note: NumExpr detected 32 cores but "NUMEXPR_MAX_THREADS" not set, so enforcing safe limit of 8.
Using selector: EpollSelector
/n/home02/jhaefner/miniconda/envs/IC-3.7-2020-06-16/lib/python3.7/site-packages/scipy/optimize/minpack.py:808: OptimizeWarning: Covariance of the parameters could not be estimated
  category=OptimizeWarning)
Total rwfs: 346
0 0.0 , Est Remaining: 999999.9
1 1.5 , Est Remaining: 501.8
2 2.9 , Est Remaining: 499.8
3 4.4 , Est Remaining: 501.8
EVENT FAILED
3 4.7 , Est Remaining: 540.0
4 6.2 , Est Remaining: 526.1
5 7.6 , Est Remaining: 516.8
6 9.0 , Est Remaining: 509.3
7 10.4 , Est Remaining: 503.8
8 11.8 , Est Remaining: 499.7
9 13.3 , Est Remaining: 496.7
10 14.7 , Est Remaining: 494.6
11 16.2 , Est Remaining: 492.3
12 17.6 , Est Remaining: 489.6
13 19.0 , Est Remaining: 487.1
14 20.5 , Est Remaining: 485.2
EVENT FAILED
14 20.8 , Est Remaining: 492.6
15 22.2 , Est Remaining: 489.7
16 23.6 , Est Remaining: 487.0
17 25.0 , Est Remaining: 484.1
18 26.4 , Est Remaining: 481.7
19 27.9 , Est Remaining: 479.7
20 29.3 , Est Remaining: 477.6
EVENT FAILED
20 29.6 , Est Remaining: 482.7
21 31.0 , Est Remaining: 480.4
22 32.5 , Est Remaining: 478.0
23 33.9 , Est Remaining: 475.5
EVENT FAILED
23 34.2 , Est Remaining: 479.8
24 35.6 , Est Remaining: 477.5
25 37.0 , Est Remaining: 475.3
26 38.4 , Est Remaining: 473.1
27 39.9 , Est Remaining: 470.8
28 41.3 , Est Remaining: 468.8
29 42.7 , Est Remaining: 467.0
30 44.2 , Est Remaining: 465.1
31 45.6 , Est Remaining: 463.3
EVENT FAILED
31 45.9 , Est Remaining: 466.4
32 47.3 , Est Remaining: 464.4
33 48.8 , Est Remaining: 462.5
34 50.2 , Est Remaining: 460.8
35 51.6 , Est Remaining: 458.9
36 53.1 , Est Remaining: 457.2
37 54.5 , Est Remaining: 455.3
38 55.9 , Est Remaining: 453.4
39 57.4 , Est Remaining: 451.6
40 58.8 , Est Remaining: 449.9
41 60.2 , Est Remaining: 448.0
42 61.6 , Est Remaining: 446.0
43 63.1 , Est Remaining: 444.4
44 64.5 , Est Remaining: 442.6
45 65.9 , Est Remaining: 441.1
46 67.4 , Est Remaining: 439.3
47 68.8 , Est Remaining: 437.6
48 70.2 , Est Remaining: 436.0
49 71.7 , Est Remaining: 434.5
50 73.1 , Est Remaining: 432.8
51 74.5 , Est Remaining: 431.2
52 76.0 , Est Remaining: 429.6
53 77.4 , Est Remaining: 428.0
54 78.9 , Est Remaining: 426.4
55 80.3 , Est Remaining: 424.8
56 81.7 , Est Remaining: 423.2
57 83.2 , Est Remaining: 421.7
58 84.6 , Est Remaining: 420.3
59 86.1 , Est Remaining: 418.7
60 87.5 , Est Remaining: 417.2
61 89.0 , Est Remaining: 415.6
62 90.4 , Est Remaining: 414.1
63 91.8 , Est Remaining: 412.5
64 93.3 , Est Remaining: 410.9
65 94.7 , Est Remaining: 409.5
66 96.2 , Est Remaining: 407.9
67 97.6 , Est Remaining: 406.4
68 99.0 , Est Remaining: 404.8
69 100.5 , Est Remaining: 403.3
70 101.9 , Est Remaining: 401.8
71 103.4 , Est Remaining: 400.4
72 104.8 , Est Remaining: 398.8
73 106.2 , Est Remaining: 397.3
74 107.7 , Est Remaining: 395.8
75 109.1 , Est Remaining: 394.2
76 110.5 , Est Remaining: 392.7
77 112.0 , Est Remaining: 391.2
78 113.4 , Est Remaining: 389.7
79 114.8 , Est Remaining: 388.1
80 116.3 , Est Remaining: 386.6
81 117.7 , Est Remaining: 385.1
82 119.1 , Est Remaining: 383.6
83 120.6 , Est Remaining: 382.0
84 122.0 , Est Remaining: 380.5
85 123.4 , Est Remaining: 379.0
86 124.8 , Est Remaining: 377.4
87 126.3 , Est Remaining: 375.9
88 127.7 , Est Remaining: 374.4
89 129.1 , Est Remaining: 372.9
90 130.6 , Est Remaining: 371.4
91 132.0 , Est Remaining: 369.8
92 133.4 , Est Remaining: 368.3
93 134.8 , Est Remaining: 366.8
94 136.3 , Est Remaining: 365.3
95 137.7 , Est Remaining: 363.9
96 139.2 , Est Remaining: 362.4
97 140.6 , Est Remaining: 360.9
98 142.0 , Est Remaining: 359.5
99 143.5 , Est Remaining: 358.0
100 144.9 , Est Remaining: 356.5
101 146.4 , Est Remaining: 355.0
102 147.8 , Est Remaining: 353.6
103 149.3 , Est Remaining: 352.3
104 150.8 , Est Remaining: 350.8
105 152.2 , Est Remaining: 349.4
106 153.7 , Est Remaining: 347.9
107 155.1 , Est Remaining: 346.4
108 156.5 , Est Remaining: 344.9
109 158.0 , Est Remaining: 343.5
110 159.4 , Est Remaining: 342.0
111 160.8 , Est Remaining: 340.5
112 162.3 , Est Remaining: 339.1
113 163.7 , Est Remaining: 337.6
114 165.1 , Est Remaining: 336.1
115 166.6 , Est Remaining: 334.6
116 168.0 , Est Remaining: 333.1
117 169.4 , Est Remaining: 331.6
118 170.9 , Est Remaining: 330.2
119 172.3 , Est Remaining: 328.7
120 173.8 , Est Remaining: 327.3
121 175.2 , Est Remaining: 325.8
122 176.7 , Est Remaining: 324.4
123 178.1 , Est Remaining: 323.0
124 179.6 , Est Remaining: 321.5
125 181.0 , Est Remaining: 320.1
EVENT FAILED
125 182.1 , Est Remaining: 322.0
126 183.6 , Est Remaining: 320.5
127 185.0 , Est Remaining: 319.0
128 186.4 , Est Remaining: 317.5
129 187.8 , Est Remaining: 316.0
130 189.3 , Est Remaining: 314.5
131 190.7 , Est Remaining: 313.0
132 192.1 , Est Remaining: 311.5
133 193.5 , Est Remaining: 310.0
134 195.0 , Est Remaining: 308.5
135 196.4 , Est Remaining: 307.0
136 197.8 , Est Remaining: 305.5
137 199.2 , Est Remaining: 303.9
138 200.7 , Est Remaining: 302.5
139 202.1 , Est Remaining: 301.0
140 203.5 , Est Remaining: 299.5
141 205.0 , Est Remaining: 298.0
142 206.4 , Est Remaining: 296.5
143 207.8 , Est Remaining: 295.0
144 209.3 , Est Remaining: 293.6
145 210.7 , Est Remaining: 292.1
146 212.1 , Est Remaining: 290.6
147 213.6 , Est Remaining: 289.1
148 215.0 , Est Remaining: 287.7
149 216.5 , Est Remaining: 286.2
150 217.9 , Est Remaining: 284.7
151 219.3 , Est Remaining: 283.2
152 220.7 , Est Remaining: 281.7
153 222.2 , Est Remaining: 280.2
154 223.6 , Est Remaining: 278.8
155 225.1 , Est Remaining: 277.3
EVENT FAILED
155 225.4 , Est Remaining: 277.7
156 226.8 , Est Remaining: 276.3
157 228.3 , Est Remaining: 274.8
158 229.7 , Est Remaining: 273.3
159 231.1 , Est Remaining: 271.9
160 232.6 , Est Remaining: 270.4
161 234.0 , Est Remaining: 268.9
162 235.4 , Est Remaining: 267.4
163 236.9 , Est Remaining: 265.9
164 238.3 , Est Remaining: 264.5
165 239.8 , Est Remaining: 263.0
166 241.2 , Est Remaining: 261.6
167 242.6 , Est Remaining: 260.1
168 244.1 , Est Remaining: 258.6
169 245.5 , Est Remaining: 257.1
170 247.0 , Est Remaining: 255.7
171 248.4 , Est Remaining: 254.2
172 249.8 , Est Remaining: 252.7
173 251.3 , Est Remaining: 251.3
EVENT FAILED
173 251.6 , Est Remaining: 251.6
174 253.0 , Est Remaining: 250.1
EVENT FAILED
174 253.3 , Est Remaining: 250.4
175 254.8 , Est Remaining: 248.9
176 256.2 , Est Remaining: 247.5
177 257.7 , Est Remaining: 246.0
EVENT FAILED
177 258.0 , Est Remaining: 246.3
178 259.4 , Est Remaining: 244.9
179 260.9 , Est Remaining: 243.4
180 262.3 , Est Remaining: 241.9
181 263.8 , Est Remaining: 240.5
182 265.2 , Est Remaining: 239.0
183 266.6 , Est Remaining: 237.5
184 268.1 , Est Remaining: 236.0
185 269.5 , Est Remaining: 234.6
186 271.0 , Est Remaining: 233.1
187 272.4 , Est Remaining: 231.6
188 273.9 , Est Remaining: 230.2
189 275.3 , Est Remaining: 228.7
190 276.8 , Est Remaining: 227.3
191 278.2 , Est Remaining: 225.8
192 279.7 , Est Remaining: 224.3
193 281.1 , Est Remaining: 222.9
194 282.6 , Est Remaining: 221.4
195 284.0 , Est Remaining: 219.9
196 285.5 , Est Remaining: 218.5
197 286.9 , Est Remaining: 217.0
198 288.3 , Est Remaining: 215.5
199 289.8 , Est Remaining: 214.0
200 291.2 , Est Remaining: 212.6
EVENT FAILED
200 291.5 , Est Remaining: 212.8
201 292.9 , Est Remaining: 211.3
202 294.5 , Est Remaining: 209.9
203 295.9 , Est Remaining: 208.5
204 297.4 , Est Remaining: 207.0
205 298.8 , Est Remaining: 205.5
206 300.3 , Est Remaining: 204.1
207 301.7 , Est Remaining: 202.6
208 303.2 , Est Remaining: 201.1
209 304.6 , Est Remaining: 199.7
210 306.0 , Est Remaining: 198.2
211 307.5 , Est Remaining: 196.7
212 308.9 , Est Remaining: 195.3
213 310.4 , Est Remaining: 193.8
214 311.7 , Est Remaining: 192.3
215 313.2 , Est Remaining: 190.8
216 314.6 , Est Remaining: 189.3
217 316.0 , Est Remaining: 187.9
218 317.5 , Est Remaining: 186.4
219 318.9 , Est Remaining: 184.9
220 320.3 , Est Remaining: 183.5
221 321.7 , Est Remaining: 182.0
222 323.2 , Est Remaining: 180.5
223 324.6 , Est Remaining: 179.0
224 326.0 , Est Remaining: 177.5
225 327.4 , Est Remaining: 176.1
226 328.8 , Est Remaining: 174.6
227 330.2 , Est Remaining: 173.1
228 331.5 , Est Remaining: 171.6
EVENT FAILED
228 331.8 , Est Remaining: 171.7
229 333.2 , Est Remaining: 170.3
230 334.6 , Est Remaining: 168.8
231 336.0 , Est Remaining: 167.3
232 337.4 , Est Remaining: 165.8
EVENT FAILED
232 337.7 , Est Remaining: 165.9
233 339.1 , Est Remaining: 164.4
234 340.5 , Est Remaining: 163.0
235 341.9 , Est Remaining: 161.5
236 343.2 , Est Remaining: 160.0
EVENT FAILED
236 343.5 , Est Remaining: 160.1
237 344.9 , Est Remaining: 158.6
238 346.4 , Est Remaining: 157.2
239 347.8 , Est Remaining: 155.7
240 349.2 , Est Remaining: 154.2
241 350.6 , Est Remaining: 152.7
242 351.9 , Est Remaining: 151.3
243 353.3 , Est Remaining: 149.8
244 354.7 , Est Remaining: 148.3
245 356.1 , Est Remaining: 146.8
246 357.5 , Est Remaining: 145.3
247 358.8 , Est Remaining: 143.8
248 360.2 , Est Remaining: 142.3
249 361.6 , Est Remaining: 140.9
250 363.0 , Est Remaining: 139.4
251 364.4 , Est Remaining: 137.9
252 365.8 , Est Remaining: 136.4
253 367.1 , Est Remaining: 135.0
254 368.5 , Est Remaining: 133.5
255 369.9 , Est Remaining: 132.0
256 371.3 , Est Remaining: 130.5
257 372.7 , Est Remaining: 129.1
258 374.1 , Est Remaining: 127.6
259 375.5 , Est Remaining: 126.1
260 376.9 , Est Remaining: 124.7
261 378.3 , Est Remaining: 123.2
262 379.7 , Est Remaining: 121.7
263 381.1 , Est Remaining: 120.3
264 382.6 , Est Remaining: 118.8
EVENT FAILED
264 382.9 , Est Remaining: 118.9
265 384.3 , Est Remaining: 117.5
266 385.6 , Est Remaining: 116.0
267 387.0 , Est Remaining: 114.5
268 388.4 , Est Remaining: 113.0
269 389.7 , Est Remaining: 111.6
270 391.2 , Est Remaining: 110.1
271 392.5 , Est Remaining: 108.6
EVENT FAILED
271 392.8 , Est Remaining: 108.7
272 394.2 , Est Remaining: 107.3
273 395.7 , Est Remaining: 105.8
274 397.0 , Est Remaining: 104.3
275 398.4 , Est Remaining: 102.9
276 399.8 , Est Remaining: 101.4
277 401.2 , Est Remaining: 99.9
278 402.6 , Est Remaining: 98.5
279 403.9 , Est Remaining: 97.0
280 405.3 , Est Remaining: 95.5
EVENT FAILED
280 405.6 , Est Remaining: 95.6
281 407.0 , Est Remaining: 94.1
282 408.3 , Est Remaining: 92.7
283 409.7 , Est Remaining: 91.2
284 411.1 , Est Remaining: 89.7
EVENT FAILED
284 411.9 , Est Remaining: 89.9
285 413.3 , Est Remaining: 88.5
286 414.7 , Est Remaining: 87.0
287 416.1 , Est Remaining: 85.5
288 417.5 , Est Remaining: 84.1
289 418.9 , Est Remaining: 82.6
290 420.3 , Est Remaining: 81.2
291 421.7 , Est Remaining: 79.7
292 423.1 , Est Remaining: 78.3
293 424.5 , Est Remaining: 76.8
294 426.0 , Est Remaining: 75.3
295 427.4 , Est Remaining: 73.9
296 428.8 , Est Remaining: 72.4
297 430.2 , Est Remaining: 71.0
298 431.6 , Est Remaining: 69.5
299 433.0 , Est Remaining: 68.1
300 434.4 , Est Remaining: 66.6
301 435.8 , Est Remaining: 65.2
302 437.4 , Est Remaining: 63.7
303 438.8 , Est Remaining: 62.3
304 440.2 , Est Remaining: 60.8
305 441.6 , Est Remaining: 59.4
306 442.9 , Est Remaining: 57.9
307 444.3 , Est Remaining: 56.4
EVENT FAILED
307 444.6 , Est Remaining: 56.5
308 446.0 , Est Remaining: 55.0
309 447.4 , Est Remaining: 53.6
310 448.8 , Est Remaining: 52.1
311 450.2 , Est Remaining: 50.7
312 451.6 , Est Remaining: 49.2
313 453.0 , Est Remaining: 47.8
314 454.3 , Est Remaining: 46.3
315 455.7 , Est Remaining: 44.8
316 457.1 , Est Remaining: 43.4
317 458.5 , Est Remaining: 41.9
318 459.9 , Est Remaining: 40.5
319 461.3 , Est Remaining: 39.0
320 462.7 , Est Remaining: 37.6
321 464.1 , Est Remaining: 36.1
322 465.5 , Est Remaining: 34.7
323 466.9 , Est Remaining: 33.2
324 468.3 , Est Remaining: 31.8
325 469.7 , Est Remaining: 30.4
326 471.1 , Est Remaining: 28.9
