Note: NumExpr detected 32 cores but "NUMEXPR_MAX_THREADS" not set, so enforcing safe limit of 8.
Using selector: EpollSelector
/n/home02/jhaefner/miniconda/envs/IC-3.7-2020-06-16/lib/python3.7/site-packages/scipy/optimize/minpack.py:808: OptimizeWarning: Covariance of the parameters could not be estimated
  category=OptimizeWarning)
Total rwfs: 346
0 0.0 , Est Remaining: 999999.9
1 1.5 , Est Remaining: 529.5
2 3.0 , Est Remaining: 517.8
3 4.5 , Est Remaining: 518.2
4 6.0 , Est Remaining: 515.1
5 7.5 , Est Remaining: 510.9
6 8.9 , Est Remaining: 506.7
7 10.4 , Est Remaining: 503.7
8 11.9 , Est Remaining: 501.3
9 13.4 , Est Remaining: 499.9
10 14.8 , Est Remaining: 498.2
11 16.3 , Est Remaining: 495.7
12 17.7 , Est Remaining: 494.0
13 19.2 , Est Remaining: 491.6
14 20.7 , Est Remaining: 489.9
15 22.1 , Est Remaining: 488.0
16 23.6 , Est Remaining: 486.2
17 25.0 , Est Remaining: 484.4
18 26.5 , Est Remaining: 482.9
19 28.0 , Est Remaining: 481.4
20 29.5 , Est Remaining: 480.2
21 30.9 , Est Remaining: 478.2
22 32.3 , Est Remaining: 476.3
23 33.8 , Est Remaining: 474.6
24 35.2 , Est Remaining: 472.9
25 36.7 , Est Remaining: 471.3
26 38.1 , Est Remaining: 469.5
27 39.6 , Est Remaining: 467.8
28 41.0 , Est Remaining: 465.9
29 42.5 , Est Remaining: 464.1
30 43.9 , Est Remaining: 462.4
31 45.3 , Est Remaining: 460.8
32 46.8 , Est Remaining: 459.2
33 48.3 , Est Remaining: 457.9
34 49.7 , Est Remaining: 456.4
35 51.2 , Est Remaining: 455.0
36 52.7 , Est Remaining: 453.5
37 54.1 , Est Remaining: 452.0
38 55.6 , Est Remaining: 450.5
39 57.0 , Est Remaining: 448.8
40 58.4 , Est Remaining: 447.1
41 59.9 , Est Remaining: 445.4
42 61.3 , Est Remaining: 443.7
43 62.7 , Est Remaining: 442.0
44 64.2 , Est Remaining: 440.3
45 65.6 , Est Remaining: 438.7
46 67.0 , Est Remaining: 437.1
47 68.4 , Est Remaining: 435.4
48 69.9 , Est Remaining: 433.8
49 71.3 , Est Remaining: 432.1
50 72.7 , Est Remaining: 430.5
51 74.2 , Est Remaining: 429.0
52 75.6 , Est Remaining: 427.5
EVENT FAILED
52 75.9 , Est Remaining: 429.2
53 77.3 , Est Remaining: 427.6
54 78.8 , Est Remaining: 425.9
55 80.2 , Est Remaining: 424.3
56 81.7 , Est Remaining: 422.9
57 83.1 , Est Remaining: 421.4
58 84.6 , Est Remaining: 419.9
59 86.0 , Est Remaining: 418.2
60 87.4 , Est Remaining: 416.4
61 88.8 , Est Remaining: 414.7
62 90.1 , Est Remaining: 412.9
63 91.5 , Est Remaining: 411.2
64 92.9 , Est Remaining: 409.4
65 94.3 , Est Remaining: 407.6
66 95.6 , Est Remaining: 405.8
67 97.0 , Est Remaining: 404.1
68 98.4 , Est Remaining: 402.4
69 99.8 , Est Remaining: 400.7
70 101.2 , Est Remaining: 399.0
71 102.6 , Est Remaining: 397.3
72 104.0 , Est Remaining: 395.7
73 105.4 , Est Remaining: 394.0
74 106.8 , Est Remaining: 392.4
75 108.1 , Est Remaining: 390.7
76 109.5 , Est Remaining: 389.0
77 110.9 , Est Remaining: 387.4
78 112.2 , Est Remaining: 385.7
79 113.6 , Est Remaining: 384.1
80 115.0 , Est Remaining: 382.4
81 116.4 , Est Remaining: 380.7
82 117.7 , Est Remaining: 378.9
83 119.1 , Est Remaining: 377.3
84 120.4 , Est Remaining: 375.6
85 121.8 , Est Remaining: 373.9
86 123.1 , Est Remaining: 372.3
87 124.5 , Est Remaining: 370.6
88 125.8 , Est Remaining: 368.9
89 127.2 , Est Remaining: 367.2
90 128.5 , Est Remaining: 365.6
91 129.9 , Est Remaining: 363.9
92 131.2 , Est Remaining: 362.3
93 132.6 , Est Remaining: 360.7
94 133.9 , Est Remaining: 359.1
95 135.3 , Est Remaining: 357.5
96 136.6 , Est Remaining: 355.8
97 138.0 , Est Remaining: 354.2
98 139.3 , Est Remaining: 352.6
99 140.7 , Est Remaining: 351.0
100 142.0 , Est Remaining: 349.4
101 143.4 , Est Remaining: 347.8
102 144.7 , Est Remaining: 346.2
103 146.1 , Est Remaining: 344.8
104 147.5 , Est Remaining: 343.2
105 148.9 , Est Remaining: 341.7
106 150.2 , Est Remaining: 340.1
107 151.6 , Est Remaining: 338.5
108 152.9 , Est Remaining: 337.0
EVENT FAILED
108 153.2 , Est Remaining: 337.6
109 154.5 , Est Remaining: 336.0
110 155.9 , Est Remaining: 334.4
111 157.2 , Est Remaining: 332.8
112 158.6 , Est Remaining: 331.3
113 159.9 , Est Remaining: 329.7
114 161.2 , Est Remaining: 328.1
115 162.5 , Est Remaining: 326.5
116 163.9 , Est Remaining: 324.9
117 165.2 , Est Remaining: 323.3
118 166.5 , Est Remaining: 321.8
119 167.9 , Est Remaining: 320.2
120 169.2 , Est Remaining: 318.6
121 170.5 , Est Remaining: 317.0
122 171.8 , Est Remaining: 315.5
123 173.1 , Est Remaining: 313.9
124 174.5 , Est Remaining: 312.4
125 175.8 , Est Remaining: 310.9
126 177.2 , Est Remaining: 309.4
127 178.6 , Est Remaining: 307.9
128 179.9 , Est Remaining: 306.4
129 181.3 , Est Remaining: 305.0
130 182.7 , Est Remaining: 303.5
131 184.0 , Est Remaining: 302.0
132 185.4 , Est Remaining: 300.5
133 186.7 , Est Remaining: 299.1
134 188.1 , Est Remaining: 297.7
135 189.5 , Est Remaining: 296.2
136 190.9 , Est Remaining: 294.8
137 192.3 , Est Remaining: 293.4
138 193.7 , Est Remaining: 292.0
139 195.1 , Est Remaining: 290.6
140 196.5 , Est Remaining: 289.2
141 197.9 , Est Remaining: 287.7
142 199.3 , Est Remaining: 286.3
143 200.7 , Est Remaining: 284.9
144 202.1 , Est Remaining: 283.5
EVENT FAILED
144 202.4 , Est Remaining: 283.9
145 203.8 , Est Remaining: 282.5
146 205.2 , Est Remaining: 281.1
147 206.5 , Est Remaining: 279.5
148 207.9 , Est Remaining: 278.1
149 209.3 , Est Remaining: 276.7
150 210.7 , Est Remaining: 275.3
151 212.1 , Est Remaining: 273.9
152 213.5 , Est Remaining: 272.5
153 214.9 , Est Remaining: 271.1
154 216.3 , Est Remaining: 269.7
155 217.7 , Est Remaining: 268.3
EVENT FAILED
155 218.0 , Est Remaining: 268.6
EVENT FAILED
155 218.3 , Est Remaining: 269.0
156 219.7 , Est Remaining: 267.6
157 221.2 , Est Remaining: 266.2
158 222.6 , Est Remaining: 264.9
159 224.0 , Est Remaining: 263.5
160 225.4 , Est Remaining: 262.1
161 226.9 , Est Remaining: 260.7
162 228.3 , Est Remaining: 259.3
163 229.7 , Est Remaining: 257.9
164 231.2 , Est Remaining: 256.5
165 232.6 , Est Remaining: 255.1
166 234.0 , Est Remaining: 253.8
167 235.4 , Est Remaining: 252.4
168 236.9 , Est Remaining: 251.0
169 238.3 , Est Remaining: 249.6
170 239.7 , Est Remaining: 248.2
171 241.1 , Est Remaining: 246.8
172 242.5 , Est Remaining: 245.4
173 244.0 , Est Remaining: 244.0
174 245.4 , Est Remaining: 242.6
175 246.8 , Est Remaining: 241.2
176 248.2 , Est Remaining: 239.8
177 249.7 , Est Remaining: 238.4
178 251.1 , Est Remaining: 237.0
179 252.5 , Est Remaining: 235.6
180 254.0 , Est Remaining: 234.2
181 255.4 , Est Remaining: 232.8
182 256.9 , Est Remaining: 231.5
183 258.3 , Est Remaining: 230.1
184 259.7 , Est Remaining: 228.7
185 261.2 , Est Remaining: 227.3
186 262.6 , Est Remaining: 225.9
187 264.0 , Est Remaining: 224.5
188 265.5 , Est Remaining: 223.1
189 266.9 , Est Remaining: 221.7
190 268.2 , Est Remaining: 220.2
191 269.7 , Est Remaining: 218.9
192 271.1 , Est Remaining: 217.5
193 272.6 , Est Remaining: 216.1
194 274.0 , Est Remaining: 214.6
195 275.4 , Est Remaining: 213.3
196 276.9 , Est Remaining: 211.9
197 278.4 , Est Remaining: 210.5
198 279.8 , Est Remaining: 209.2
199 281.3 , Est Remaining: 207.8
200 282.8 , Est Remaining: 206.5
201 284.3 , Est Remaining: 205.1
202 285.8 , Est Remaining: 203.7
203 287.3 , Est Remaining: 202.4
204 288.8 , Est Remaining: 201.0
205 290.3 , Est Remaining: 199.6
206 291.7 , Est Remaining: 198.3
207 293.2 , Est Remaining: 196.9
208 294.6 , Est Remaining: 195.5
209 296.1 , Est Remaining: 194.1
210 297.6 , Est Remaining: 192.7
211 299.0 , Est Remaining: 191.3
212 300.5 , Est Remaining: 189.9
213 301.9 , Est Remaining: 188.5
214 303.4 , Est Remaining: 187.1
215 304.9 , Est Remaining: 185.8
216 306.3 , Est Remaining: 184.4
217 307.8 , Est Remaining: 183.0
218 309.3 , Est Remaining: 181.6
219 310.7 , Est Remaining: 180.2
220 312.2 , Est Remaining: 178.8
221 313.6 , Est Remaining: 177.4
222 315.1 , Est Remaining: 176.0
223 316.5 , Est Remaining: 174.6
224 318.0 , Est Remaining: 173.2
225 319.5 , Est Remaining: 171.8
226 320.9 , Est Remaining: 170.4
227 322.4 , Est Remaining: 169.0
228 323.9 , Est Remaining: 167.6
229 325.3 , Est Remaining: 166.2
230 326.8 , Est Remaining: 164.8
231 328.2 , Est Remaining: 163.4
EVENT FAILED
231 328.5 , Est Remaining: 163.6
232 330.0 , Est Remaining: 162.2
233 331.4 , Est Remaining: 160.7
234 332.9 , Est Remaining: 159.4
235 334.4 , Est Remaining: 158.0
236 335.9 , Est Remaining: 156.6
237 337.3 , Est Remaining: 155.1
238 338.8 , Est Remaining: 153.7
239 340.2 , Est Remaining: 152.3
EVENT FAILED
239 340.5 , Est Remaining: 152.5
240 342.0 , Est Remaining: 151.0
241 343.4 , Est Remaining: 149.6
242 344.8 , Est Remaining: 148.2
243 346.3 , Est Remaining: 146.8
244 347.8 , Est Remaining: 145.4
245 349.2 , Est Remaining: 144.0
246 350.7 , Est Remaining: 142.5
247 352.1 , Est Remaining: 141.1
248 353.6 , Est Remaining: 139.7
249 355.0 , Est Remaining: 138.3
250 356.5 , Est Remaining: 136.9
251 357.9 , Est Remaining: 135.5
252 359.4 , Est Remaining: 134.1
253 360.9 , Est Remaining: 132.6
EVENT FAILED
253 361.2 , Est Remaining: 132.8
254 362.7 , Est Remaining: 131.4
255 364.1 , Est Remaining: 129.9
256 365.6 , Est Remaining: 128.5
257 367.0 , Est Remaining: 127.1
258 368.5 , Est Remaining: 125.7
259 369.9 , Est Remaining: 124.3
260 371.4 , Est Remaining: 122.8
261 372.8 , Est Remaining: 121.4
262 374.3 , Est Remaining: 120.0
263 375.7 , Est Remaining: 118.6
264 377.2 , Est Remaining: 117.1
265 378.6 , Est Remaining: 115.7
266 380.0 , Est Remaining: 114.3
267 381.5 , Est Remaining: 112.9
268 382.9 , Est Remaining: 111.4
269 384.3 , Est Remaining: 110.0
270 385.8 , Est Remaining: 108.6
271 387.2 , Est Remaining: 107.2
272 388.6 , Est Remaining: 105.7
273 390.1 , Est Remaining: 104.3
274 391.5 , Est Remaining: 102.9
275 393.0 , Est Remaining: 101.5
276 394.4 , Est Remaining: 100.0
277 395.9 , Est Remaining: 98.6
278 397.3 , Est Remaining: 97.2
279 398.7 , Est Remaining: 95.8
280 400.2 , Est Remaining: 94.3
281 401.6 , Est Remaining: 92.9
282 403.1 , Est Remaining: 91.5
283 404.5 , Est Remaining: 90.1
284 406.0 , Est Remaining: 88.6
285 407.4 , Est Remaining: 87.2
286 408.9 , Est Remaining: 85.8
287 410.3 , Est Remaining: 84.4
288 411.8 , Est Remaining: 82.9
289 413.3 , Est Remaining: 81.5
290 414.7 , Est Remaining: 80.1
291 416.2 , Est Remaining: 78.7
292 417.7 , Est Remaining: 77.2
293 419.1 , Est Remaining: 75.8
294 420.6 , Est Remaining: 74.4
295 422.0 , Est Remaining: 73.0
296 423.5 , Est Remaining: 71.5
297 425.0 , Est Remaining: 70.1
298 426.4 , Est Remaining: 68.7
299 427.9 , Est Remaining: 67.3
300 429.3 , Est Remaining: 65.8
301 430.8 , Est Remaining: 64.4
302 432.4 , Est Remaining: 63.0
303 433.8 , Est Remaining: 61.6
304 435.3 , Est Remaining: 60.1
EVENT FAILED
304 435.6 , Est Remaining: 60.2
305 437.1 , Est Remaining: 58.8
306 438.5 , Est Remaining: 57.3
307 440.0 , Est Remaining: 55.9
308 441.4 , Est Remaining: 54.5
309 442.9 , Est Remaining: 53.0
310 444.3 , Est Remaining: 51.6
311 445.8 , Est Remaining: 50.2
312 447.2 , Est Remaining: 48.7
313 448.7 , Est Remaining: 47.3
314 450.2 , Est Remaining: 45.9
315 451.6 , Est Remaining: 44.4
316 453.0 , Est Remaining: 43.0
317 454.4 , Est Remaining: 41.6
318 455.9 , Est Remaining: 40.1
319 457.3 , Est Remaining: 38.7
320 458.7 , Est Remaining: 37.3
321 460.1 , Est Remaining: 35.8
322 461.5 , Est Remaining: 34.4
323 462.9 , Est Remaining: 33.0
324 464.3 , Est Remaining: 31.5
325 465.7 , Est Remaining: 30.1
326 467.1 , Est Remaining: 28.7
327 468.5 , Est Remaining: 27.2
328 469.8 , Est Remaining: 25.8
329 471.2 , Est Remaining: 24.3
330 472.6 , Est Remaining: 22.9
331 474.0 , Est Remaining: 21.5
332 475.4 , Est Remaining: 20.0
333 476.7 , Est Remaining: 18.6
334 478.1 , Est Remaining: 17.2
335 479.5 , Est Remaining: 15.7
336 480.9 , Est Remaining: 14.3
