Note: NumExpr detected 32 cores but "NUMEXPR_MAX_THREADS" not set, so enforcing safe limit of 8.
Using selector: EpollSelector
/n/home02/jhaefner/miniconda/envs/IC-3.7-2020-06-16/lib/python3.7/site-packages/scipy/optimize/minpack.py:808: OptimizeWarning: Covariance of the parameters could not be estimated
  category=OptimizeWarning)
Total rwfs: 346
0 0.0 , Est Remaining: 999999.9
1 1.4 , Est Remaining: 478.8
2 2.8 , Est Remaining: 480.6
EVENT FAILED
2 3.1 , Est Remaining: 533.5
3 4.5 , Est Remaining: 513.6
4 5.9 , Est Remaining: 500.9
5 7.2 , Est Remaining: 491.4
6 8.5 , Est Remaining: 483.8
7 9.9 , Est Remaining: 478.0
8 11.2 , Est Remaining: 474.9
9 12.6 , Est Remaining: 471.6
10 13.9 , Est Remaining: 468.4
11 15.3 , Est Remaining: 465.2
12 16.6 , Est Remaining: 462.7
13 18.0 , Est Remaining: 460.1
14 19.3 , Est Remaining: 457.7
EVENT FAILED
14 19.6 , Est Remaining: 464.6
15 20.9 , Est Remaining: 462.3
16 22.3 , Est Remaining: 460.5
17 23.7 , Est Remaining: 458.2
18 25.0 , Est Remaining: 456.0
19 26.4 , Est Remaining: 453.9
20 27.7 , Est Remaining: 451.9
21 29.1 , Est Remaining: 449.9
22 30.4 , Est Remaining: 448.1
23 31.8 , Est Remaining: 446.1
24 33.1 , Est Remaining: 444.2
25 34.5 , Est Remaining: 442.6
26 35.8 , Est Remaining: 440.6
27 37.2 , Est Remaining: 439.0
28 38.5 , Est Remaining: 437.5
29 39.9 , Est Remaining: 435.9
30 41.2 , Est Remaining: 434.2
31 42.6 , Est Remaining: 432.7
32 43.9 , Est Remaining: 431.1
33 45.3 , Est Remaining: 429.5
34 46.6 , Est Remaining: 427.9
EVENT FAILED
34 46.9 , Est Remaining: 430.6
35 48.3 , Est Remaining: 428.8
36 49.6 , Est Remaining: 427.1
37 50.9 , Est Remaining: 425.1
38 52.3 , Est Remaining: 423.6
39 53.6 , Est Remaining: 422.0
40 54.9 , Est Remaining: 420.3
41 56.3 , Est Remaining: 418.8
42 57.6 , Est Remaining: 417.2
43 59.0 , Est Remaining: 415.6
44 60.3 , Est Remaining: 414.1
45 61.7 , Est Remaining: 412.7
46 63.0 , Est Remaining: 411.1
47 64.4 , Est Remaining: 409.6
48 65.7 , Est Remaining: 408.2
49 67.1 , Est Remaining: 406.7
50 68.4 , Est Remaining: 405.1
51 69.8 , Est Remaining: 403.7
52 71.1 , Est Remaining: 402.2
53 72.5 , Est Remaining: 400.7
54 73.8 , Est Remaining: 399.2
55 75.1 , Est Remaining: 397.6
56 76.5 , Est Remaining: 396.1
57 77.8 , Est Remaining: 394.7
58 79.2 , Est Remaining: 393.2
59 80.5 , Est Remaining: 391.8
60 81.9 , Est Remaining: 390.3
61 83.2 , Est Remaining: 388.9
62 84.6 , Est Remaining: 387.5
63 85.9 , Est Remaining: 386.1
64 87.3 , Est Remaining: 384.7
EVENT FAILED
64 87.6 , Est Remaining: 386.0
65 88.9 , Est Remaining: 384.4
66 90.3 , Est Remaining: 383.0
67 91.6 , Est Remaining: 381.5
68 93.0 , Est Remaining: 380.1
69 94.3 , Est Remaining: 378.7
EVENT FAILED
69 94.6 , Est Remaining: 379.8
70 95.9 , Est Remaining: 378.3
71 97.3 , Est Remaining: 376.8
72 98.6 , Est Remaining: 375.3
73 99.9 , Est Remaining: 373.8
74 101.3 , Est Remaining: 372.3
75 102.6 , Est Remaining: 370.7
76 103.9 , Est Remaining: 369.3
77 105.3 , Est Remaining: 367.8
78 106.6 , Est Remaining: 366.3
79 108.0 , Est Remaining: 364.9
80 109.3 , Est Remaining: 363.4
81 110.7 , Est Remaining: 362.0
82 112.0 , Est Remaining: 360.6
83 113.3 , Est Remaining: 359.2
84 114.7 , Est Remaining: 357.7
85 116.0 , Est Remaining: 356.3
86 117.4 , Est Remaining: 354.9
87 118.7 , Est Remaining: 353.4
88 120.1 , Est Remaining: 352.0
89 121.4 , Est Remaining: 350.6
90 122.8 , Est Remaining: 349.2
91 124.1 , Est Remaining: 347.8
92 125.5 , Est Remaining: 346.4
93 126.8 , Est Remaining: 344.9
94 128.1 , Est Remaining: 343.5
95 129.5 , Est Remaining: 342.0
96 130.8 , Est Remaining: 340.6
97 132.1 , Est Remaining: 339.2
98 133.5 , Est Remaining: 337.7
99 134.8 , Est Remaining: 336.3
100 136.1 , Est Remaining: 334.9
101 137.5 , Est Remaining: 333.5
102 138.8 , Est Remaining: 332.0
103 140.2 , Est Remaining: 330.8
EVENT FAILED
103 140.5 , Est Remaining: 331.5
104 141.9 , Est Remaining: 330.2
105 143.2 , Est Remaining: 328.8
106 144.6 , Est Remaining: 327.4
107 145.9 , Est Remaining: 326.0
108 147.3 , Est Remaining: 324.6
109 148.7 , Est Remaining: 323.2
110 150.0 , Est Remaining: 321.8
111 151.4 , Est Remaining: 320.4
112 152.7 , Est Remaining: 319.0
113 154.0 , Est Remaining: 317.6
114 155.4 , Est Remaining: 316.2
115 156.7 , Est Remaining: 314.7
116 158.0 , Est Remaining: 313.3
117 159.4 , Est Remaining: 311.9
118 160.7 , Est Remaining: 310.5
119 162.0 , Est Remaining: 309.1
120 163.4 , Est Remaining: 307.7
121 164.7 , Est Remaining: 306.3
122 166.1 , Est Remaining: 304.9
123 167.4 , Est Remaining: 303.5
124 168.8 , Est Remaining: 302.1
125 170.1 , Est Remaining: 300.7
126 171.4 , Est Remaining: 299.4
127 172.8 , Est Remaining: 298.0
128 174.1 , Est Remaining: 296.6
129 175.5 , Est Remaining: 295.2
130 176.9 , Est Remaining: 293.8
131 178.2 , Est Remaining: 292.5
132 179.6 , Est Remaining: 291.1
133 180.9 , Est Remaining: 289.7
134 182.3 , Est Remaining: 288.4
135 183.6 , Est Remaining: 287.0
136 185.0 , Est Remaining: 285.6
137 186.3 , Est Remaining: 284.2
138 187.6 , Est Remaining: 282.8
139 189.0 , Est Remaining: 281.5
140 190.3 , Est Remaining: 280.1
141 191.7 , Est Remaining: 278.7
142 193.0 , Est Remaining: 277.3
143 194.4 , Est Remaining: 275.9
144 195.7 , Est Remaining: 274.5
145 197.0 , Est Remaining: 273.1
146 198.4 , Est Remaining: 271.7
147 199.7 , Est Remaining: 270.4
148 201.1 , Est Remaining: 269.0
EVENT FAILED
148 201.4 , Est Remaining: 269.4
149 202.7 , Est Remaining: 268.0
150 204.1 , Est Remaining: 266.7
151 205.4 , Est Remaining: 265.3
152 206.8 , Est Remaining: 263.9
153 208.1 , Est Remaining: 262.5
154 209.5 , Est Remaining: 261.2
155 210.8 , Est Remaining: 259.8
156 212.2 , Est Remaining: 258.5
157 213.6 , Est Remaining: 257.1
158 214.9 , Est Remaining: 255.7
159 216.3 , Est Remaining: 254.3
160 217.6 , Est Remaining: 253.0
161 218.9 , Est Remaining: 251.6
162 220.3 , Est Remaining: 250.2
163 221.6 , Est Remaining: 248.8
164 223.0 , Est Remaining: 247.5
165 224.3 , Est Remaining: 246.1
166 225.7 , Est Remaining: 244.7
167 227.0 , Est Remaining: 243.3
168 228.3 , Est Remaining: 241.9
169 229.7 , Est Remaining: 240.5
170 231.0 , Est Remaining: 239.2
171 232.4 , Est Remaining: 237.8
172 233.6 , Est Remaining: 236.3
173 235.0 , Est Remaining: 235.0
174 236.3 , Est Remaining: 233.6
175 237.6 , Est Remaining: 232.2
176 239.0 , Est Remaining: 230.8
177 240.3 , Est Remaining: 229.5
178 241.7 , Est Remaining: 228.1
179 243.0 , Est Remaining: 226.7
180 244.3 , Est Remaining: 225.3
181 245.7 , Est Remaining: 224.0
182 247.0 , Est Remaining: 222.6
EVENT FAILED
182 247.3 , Est Remaining: 222.8
183 248.6 , Est Remaining: 221.5
184 250.0 , Est Remaining: 220.1
185 251.3 , Est Remaining: 218.7
186 252.6 , Est Remaining: 217.3
187 254.0 , Est Remaining: 215.9
188 255.3 , Est Remaining: 214.6
189 256.6 , Est Remaining: 213.2
190 258.0 , Est Remaining: 211.8
191 259.3 , Est Remaining: 210.4
192 260.6 , Est Remaining: 209.0
193 262.0 , Est Remaining: 207.7
194 263.3 , Est Remaining: 206.3
195 264.6 , Est Remaining: 204.9
196 265.9 , Est Remaining: 203.5
197 267.3 , Est Remaining: 202.1
198 268.6 , Est Remaining: 200.8
199 269.9 , Est Remaining: 199.4
200 271.3 , Est Remaining: 198.0
201 272.6 , Est Remaining: 196.7
202 273.9 , Est Remaining: 195.3
203 275.4 , Est Remaining: 194.0
204 276.7 , Est Remaining: 192.6
205 278.1 , Est Remaining: 191.3
206 279.4 , Est Remaining: 189.9
207 280.7 , Est Remaining: 188.5
208 282.1 , Est Remaining: 187.1
209 283.4 , Est Remaining: 185.8
210 284.7 , Est Remaining: 184.4
211 286.1 , Est Remaining: 183.0
212 287.4 , Est Remaining: 181.7
EVENT FAILED
212 287.7 , Est Remaining: 181.9
213 289.1 , Est Remaining: 180.5
214 290.4 , Est Remaining: 179.1
215 291.8 , Est Remaining: 177.8
216 293.1 , Est Remaining: 176.4
217 294.4 , Est Remaining: 175.0
218 295.6 , Est Remaining: 173.6
219 297.0 , Est Remaining: 172.2
220 298.3 , Est Remaining: 170.8
221 299.6 , Est Remaining: 169.5
222 301.0 , Est Remaining: 168.1
223 302.3 , Est Remaining: 166.7
224 303.6 , Est Remaining: 165.4
225 305.0 , Est Remaining: 164.0
226 306.3 , Est Remaining: 162.6
227 307.6 , Est Remaining: 161.3
EVENT FAILED
227 308.0 , Est Remaining: 161.4
EVENT FAILED
227 308.2 , Est Remaining: 161.6
228 309.6 , Est Remaining: 160.2
229 311.0 , Est Remaining: 158.9
EVENT FAILED
229 311.3 , Est Remaining: 159.0
230 312.6 , Est Remaining: 157.7
231 314.0 , Est Remaining: 156.3
232 315.3 , Est Remaining: 154.9
233 316.7 , Est Remaining: 153.6
234 318.0 , Est Remaining: 152.2
EVENT FAILED
234 318.3 , Est Remaining: 152.3
235 319.6 , Est Remaining: 151.0
236 321.0 , Est Remaining: 149.6
237 322.3 , Est Remaining: 148.2
238 323.7 , Est Remaining: 146.9
239 325.0 , Est Remaining: 145.5
240 326.4 , Est Remaining: 144.1
241 327.7 , Est Remaining: 142.8
242 329.0 , Est Remaining: 141.4
243 330.4 , Est Remaining: 140.0
244 331.7 , Est Remaining: 138.7
245 333.1 , Est Remaining: 137.3
246 334.4 , Est Remaining: 135.9
247 335.7 , Est Remaining: 134.6
248 337.1 , Est Remaining: 133.2
EVENT FAILED
248 337.4 , Est Remaining: 133.3
249 338.7 , Est Remaining: 132.0
250 340.1 , Est Remaining: 130.6
251 341.4 , Est Remaining: 129.2
252 342.8 , Est Remaining: 127.9
253 344.1 , Est Remaining: 126.5
254 345.5 , Est Remaining: 125.1
255 346.8 , Est Remaining: 123.8
256 348.1 , Est Remaining: 122.4
257 349.5 , Est Remaining: 121.0
258 350.8 , Est Remaining: 119.7
259 352.2 , Est Remaining: 118.3
260 353.5 , Est Remaining: 116.9
261 354.8 , Est Remaining: 115.6
262 356.2 , Est Remaining: 114.2
263 357.5 , Est Remaining: 112.8
264 358.8 , Est Remaining: 111.5
265 360.2 , Est Remaining: 110.1
266 361.5 , Est Remaining: 108.7
267 362.8 , Est Remaining: 107.4
268 364.2 , Est Remaining: 106.0
269 365.5 , Est Remaining: 104.6
270 366.9 , Est Remaining: 103.3
271 368.2 , Est Remaining: 101.9
272 369.6 , Est Remaining: 100.5
273 370.9 , Est Remaining: 99.2
274 372.2 , Est Remaining: 97.8
275 373.6 , Est Remaining: 96.5
276 374.9 , Est Remaining: 95.1
277 376.3 , Est Remaining: 93.7
278 377.6 , Est Remaining: 92.4
279 379.0 , Est Remaining: 91.0
280 380.3 , Est Remaining: 89.6
281 381.7 , Est Remaining: 88.3
282 383.0 , Est Remaining: 86.9
283 384.3 , Est Remaining: 85.6
284 385.7 , Est Remaining: 84.2
285 387.0 , Est Remaining: 82.8
286 388.3 , Est Remaining: 81.5
287 389.7 , Est Remaining: 80.1
288 391.0 , Est Remaining: 78.7
289 392.3 , Est Remaining: 77.4
290 393.6 , Est Remaining: 76.0
291 395.0 , Est Remaining: 74.7
292 396.3 , Est Remaining: 73.3
293 397.6 , Est Remaining: 71.9
294 399.0 , Est Remaining: 70.6
295 400.3 , Est Remaining: 69.2
296 401.7 , Est Remaining: 67.9
297 403.0 , Est Remaining: 66.5
298 404.4 , Est Remaining: 65.1
299 405.7 , Est Remaining: 63.8
300 407.0 , Est Remaining: 62.4
301 408.4 , Est Remaining: 61.0
302 409.8 , Est Remaining: 59.7
303 411.1 , Est Remaining: 58.3
304 412.5 , Est Remaining: 57.0
305 413.8 , Est Remaining: 55.6
306 415.2 , Est Remaining: 54.3
307 416.5 , Est Remaining: 52.9
EVENT FAILED
307 416.8 , Est Remaining: 52.9
308 418.1 , Est Remaining: 51.6
309 419.4 , Est Remaining: 50.2
310 420.7 , Est Remaining: 48.9
311 422.0 , Est Remaining: 47.5
312 423.4 , Est Remaining: 46.1
313 424.7 , Est Remaining: 44.8
314 426.0 , Est Remaining: 43.4
315 427.3 , Est Remaining: 42.1
316 428.6 , Est Remaining: 40.7
317 429.9 , Est Remaining: 39.3
318 431.3 , Est Remaining: 38.0
319 432.6 , Est Remaining: 36.6
320 433.9 , Est Remaining: 35.3
321 435.2 , Est Remaining: 33.9
322 436.5 , Est Remaining: 32.5
323 437.8 , Est Remaining: 31.2
324 439.1 , Est Remaining: 29.8
325 440.4 , Est Remaining: 28.5
326 441.8 , Est Remaining: 27.1
327 443.1 , Est Remaining: 25.7
328 444.4 , Est Remaining: 24.4
329 445.6 , Est Remaining: 23.0
330 447.0 , Est Remaining: 21.7
