Note: NumExpr detected 32 cores but "NUMEXPR_MAX_THREADS" not set, so enforcing safe limit of 8.
Using selector: EpollSelector
/n/home02/jhaefner/miniconda/envs/IC-3.7-2020-06-16/lib/python3.7/site-packages/scipy/optimize/minpack.py:808: OptimizeWarning: Covariance of the parameters could not be estimated
  category=OptimizeWarning)
Total rwfs: 346
0 0.0 , Est Remaining: 999999.9
1 1.4 , Est Remaining: 499.5
2 2.9 , Est Remaining: 499.2
3 4.4 , Est Remaining: 498.3
4 5.8 , Est Remaining: 494.4
5 7.2 , Est Remaining: 492.4
6 8.6 , Est Remaining: 489.9
7 10.1 , Est Remaining: 487.8
EVENT FAILED
7 10.4 , Est Remaining: 502.8
8 11.8 , Est Remaining: 499.1
9 13.2 , Est Remaining: 495.0
10 14.7 , Est Remaining: 492.5
11 16.1 , Est Remaining: 490.3
12 17.5 , Est Remaining: 488.2
13 18.9 , Est Remaining: 485.1
14 20.3 , Est Remaining: 482.4
15 21.7 , Est Remaining: 479.8
16 23.1 , Est Remaining: 477.2
17 24.5 , Est Remaining: 475.1
18 26.0 , Est Remaining: 473.1
19 27.4 , Est Remaining: 471.3
20 28.8 , Est Remaining: 469.9
21 30.3 , Est Remaining: 468.5
22 31.7 , Est Remaining: 466.8
23 33.1 , Est Remaining: 464.9
24 34.5 , Est Remaining: 463.1
25 35.9 , Est Remaining: 461.4
26 37.6 , Est Remaining: 462.8
27 39.0 , Est Remaining: 460.9
28 40.4 , Est Remaining: 459.1
29 41.8 , Est Remaining: 457.4
30 43.3 , Est Remaining: 455.8
31 44.7 , Est Remaining: 454.2
32 46.1 , Est Remaining: 452.6
33 47.5 , Est Remaining: 451.0
34 49.0 , Est Remaining: 449.5
35 50.4 , Est Remaining: 448.0
36 51.9 , Est Remaining: 446.6
37 53.3 , Est Remaining: 445.1
38 54.7 , Est Remaining: 443.6
39 56.2 , Est Remaining: 442.4
40 57.6 , Est Remaining: 441.0
41 59.1 , Est Remaining: 439.5
42 60.5 , Est Remaining: 438.1
43 62.0 , Est Remaining: 436.7
44 63.4 , Est Remaining: 435.4
45 64.9 , Est Remaining: 434.0
46 66.3 , Est Remaining: 432.6
47 67.8 , Est Remaining: 431.1
48 69.2 , Est Remaining: 429.5
49 70.6 , Est Remaining: 428.1
50 72.1 , Est Remaining: 426.7
51 73.5 , Est Remaining: 425.4
52 75.0 , Est Remaining: 424.0
53 76.4 , Est Remaining: 422.6
54 77.9 , Est Remaining: 421.3
55 79.4 , Est Remaining: 420.0
56 80.8 , Est Remaining: 418.5
EVENT FAILED
56 81.1 , Est Remaining: 420.1
57 82.6 , Est Remaining: 418.6
58 84.0 , Est Remaining: 417.3
59 85.5 , Est Remaining: 415.9
60 87.0 , Est Remaining: 414.5
61 88.4 , Est Remaining: 413.0
62 89.8 , Est Remaining: 411.5
63 91.3 , Est Remaining: 410.1
64 92.7 , Est Remaining: 408.7
65 94.2 , Est Remaining: 407.3
66 95.7 , Est Remaining: 405.8
67 97.1 , Est Remaining: 404.4
68 98.6 , Est Remaining: 402.9
69 100.0 , Est Remaining: 401.5
70 101.4 , Est Remaining: 399.9
71 102.9 , Est Remaining: 398.5
72 104.3 , Est Remaining: 397.0
73 105.8 , Est Remaining: 395.5
74 107.2 , Est Remaining: 394.0
75 108.6 , Est Remaining: 392.5
76 110.0 , Est Remaining: 391.0
77 111.5 , Est Remaining: 389.5
78 112.9 , Est Remaining: 388.0
79 114.3 , Est Remaining: 386.4
80 115.8 , Est Remaining: 384.9
81 117.2 , Est Remaining: 383.5
82 118.7 , Est Remaining: 382.0
83 120.1 , Est Remaining: 380.6
84 121.6 , Est Remaining: 379.2
85 123.0 , Est Remaining: 377.8
86 124.5 , Est Remaining: 376.4
87 126.0 , Est Remaining: 375.1
88 127.4 , Est Remaining: 373.6
89 128.9 , Est Remaining: 372.1
90 130.3 , Est Remaining: 370.6
91 131.7 , Est Remaining: 369.1
92 133.2 , Est Remaining: 367.7
93 134.7 , Est Remaining: 366.3
94 136.1 , Est Remaining: 364.9
95 137.6 , Est Remaining: 363.5
96 139.0 , Est Remaining: 362.1
97 140.5 , Est Remaining: 360.7
98 141.9 , Est Remaining: 359.2
99 143.4 , Est Remaining: 357.8
100 144.8 , Est Remaining: 356.3
101 146.3 , Est Remaining: 354.8
102 147.8 , Est Remaining: 353.6
103 149.2 , Est Remaining: 352.1
104 150.6 , Est Remaining: 350.5
105 152.1 , Est Remaining: 349.1
106 153.5 , Est Remaining: 347.6
107 155.0 , Est Remaining: 346.1
108 156.4 , Est Remaining: 344.7
109 157.8 , Est Remaining: 343.1
110 159.2 , Est Remaining: 341.6
111 160.7 , Est Remaining: 340.2
112 162.1 , Est Remaining: 338.7
113 163.6 , Est Remaining: 337.3
114 165.0 , Est Remaining: 335.8
115 166.5 , Est Remaining: 334.4
116 167.9 , Est Remaining: 332.9
117 169.4 , Est Remaining: 331.5
118 170.8 , Est Remaining: 330.0
119 172.2 , Est Remaining: 328.6
120 173.7 , Est Remaining: 327.1
121 175.1 , Est Remaining: 325.7
122 176.6 , Est Remaining: 324.2
123 178.0 , Est Remaining: 322.7
124 179.4 , Est Remaining: 321.2
125 180.9 , Est Remaining: 319.8
126 182.3 , Est Remaining: 318.4
127 183.8 , Est Remaining: 316.9
128 185.2 , Est Remaining: 315.4
129 186.7 , Est Remaining: 314.0
130 188.1 , Est Remaining: 312.5
131 189.5 , Est Remaining: 311.1
132 191.0 , Est Remaining: 309.6
133 192.4 , Est Remaining: 308.1
EVENT FAILED
133 192.7 , Est Remaining: 308.6
134 194.1 , Est Remaining: 307.1
135 195.6 , Est Remaining: 305.7
136 197.1 , Est Remaining: 304.3
137 198.5 , Est Remaining: 302.8
138 199.9 , Est Remaining: 301.4
139 201.4 , Est Remaining: 299.9
140 202.8 , Est Remaining: 298.4
141 204.2 , Est Remaining: 296.9
142 205.7 , Est Remaining: 295.5
143 207.1 , Est Remaining: 294.0
144 208.6 , Est Remaining: 292.6
145 210.0 , Est Remaining: 291.1
EVENT FAILED
145 210.3 , Est Remaining: 291.5
146 211.8 , Est Remaining: 290.1
147 213.2 , Est Remaining: 288.6
148 214.6 , Est Remaining: 287.2
149 216.1 , Est Remaining: 285.7
150 217.5 , Est Remaining: 284.3
151 219.0 , Est Remaining: 282.8
EVENT FAILED
151 219.3 , Est Remaining: 283.2
EVENT FAILED
151 219.6 , Est Remaining: 283.6
152 221.0 , Est Remaining: 282.1
153 222.5 , Est Remaining: 280.6
154 223.9 , Est Remaining: 279.2
155 225.4 , Est Remaining: 277.7
156 226.8 , Est Remaining: 276.2
157 228.3 , Est Remaining: 274.8
158 229.7 , Est Remaining: 273.3
159 231.1 , Est Remaining: 271.8
160 232.6 , Est Remaining: 270.4
161 234.0 , Est Remaining: 268.9
162 235.5 , Est Remaining: 267.4
163 236.9 , Est Remaining: 266.0
164 238.3 , Est Remaining: 264.5
165 239.8 , Est Remaining: 263.0
166 241.3 , Est Remaining: 261.6
167 242.7 , Est Remaining: 260.2
168 244.2 , Est Remaining: 258.7
169 245.6 , Est Remaining: 257.3
EVENT FAILED
169 245.9 , Est Remaining: 257.6
170 247.4 , Est Remaining: 256.1
171 248.8 , Est Remaining: 254.6
172 250.3 , Est Remaining: 253.2
173 251.7 , Est Remaining: 251.7
EVENT FAILED
173 252.0 , Est Remaining: 252.0
174 253.5 , Est Remaining: 250.6
175 254.9 , Est Remaining: 249.1
176 256.3 , Est Remaining: 247.6
177 257.8 , Est Remaining: 246.1
178 259.2 , Est Remaining: 244.7
179 260.7 , Est Remaining: 243.2
180 262.1 , Est Remaining: 241.7
181 263.5 , Est Remaining: 240.2
182 264.9 , Est Remaining: 238.7
183 266.3 , Est Remaining: 237.2
184 267.7 , Est Remaining: 235.7
185 269.1 , Est Remaining: 234.2
186 270.5 , Est Remaining: 232.7
187 271.9 , Est Remaining: 231.2
188 273.4 , Est Remaining: 229.7
189 274.8 , Est Remaining: 228.2
190 276.2 , Est Remaining: 226.8
191 277.6 , Est Remaining: 225.3
192 279.0 , Est Remaining: 223.8
EVENT FAILED
192 279.3 , Est Remaining: 224.0
193 280.7 , Est Remaining: 222.5
194 282.1 , Est Remaining: 221.0
195 283.5 , Est Remaining: 219.6
196 284.9 , Est Remaining: 218.1
197 286.3 , Est Remaining: 216.6
198 287.8 , Est Remaining: 215.1
199 289.2 , Est Remaining: 213.6
200 290.6 , Est Remaining: 212.1
201 292.0 , Est Remaining: 210.6
202 293.5 , Est Remaining: 209.2
203 294.9 , Est Remaining: 207.7
204 296.3 , Est Remaining: 206.2
205 297.6 , Est Remaining: 204.7
EVENT FAILED
205 297.9 , Est Remaining: 204.9
206 299.3 , Est Remaining: 203.4
207 300.7 , Est Remaining: 201.9
208 302.1 , Est Remaining: 200.4
209 303.5 , Est Remaining: 198.9
210 304.9 , Est Remaining: 197.5
211 306.3 , Est Remaining: 196.0
212 307.7 , Est Remaining: 194.5
EVENT FAILED
212 308.0 , Est Remaining: 194.7
213 309.4 , Est Remaining: 193.2
214 310.7 , Est Remaining: 191.7
215 312.1 , Est Remaining: 190.2
216 313.5 , Est Remaining: 188.7
217 314.9 , Est Remaining: 187.2
218 316.3 , Est Remaining: 185.7
219 317.6 , Est Remaining: 184.2
220 319.0 , Est Remaining: 182.7
221 320.4 , Est Remaining: 181.2
222 321.8 , Est Remaining: 179.7
223 323.2 , Est Remaining: 178.3
224 324.6 , Est Remaining: 176.8
225 326.0 , Est Remaining: 175.3
226 327.4 , Est Remaining: 173.8
227 328.7 , Est Remaining: 172.3
228 330.1 , Est Remaining: 170.9
229 331.5 , Est Remaining: 169.4
230 332.9 , Est Remaining: 167.9
231 334.3 , Est Remaining: 166.4
232 335.7 , Est Remaining: 164.9
233 337.0 , Est Remaining: 163.5
234 338.4 , Est Remaining: 162.0
235 339.8 , Est Remaining: 160.5
236 341.2 , Est Remaining: 159.0
237 342.5 , Est Remaining: 157.5
238 343.9 , Est Remaining: 156.1
EVENT FAILED
238 344.2 , Est Remaining: 156.2
239 345.6 , Est Remaining: 154.7
240 347.0 , Est Remaining: 153.3
241 348.4 , Est Remaining: 151.8
242 349.8 , Est Remaining: 150.3
243 351.2 , Est Remaining: 148.9
244 352.6 , Est Remaining: 147.4
245 354.0 , Est Remaining: 145.9
246 355.4 , Est Remaining: 144.5
EVENT FAILED
246 355.7 , Est Remaining: 144.6
247 357.1 , Est Remaining: 143.1
248 358.5 , Est Remaining: 141.7
249 359.9 , Est Remaining: 140.2
250 361.3 , Est Remaining: 138.7
251 362.7 , Est Remaining: 137.3
252 364.1 , Est Remaining: 135.8
253 365.5 , Est Remaining: 134.4
254 366.9 , Est Remaining: 132.9
255 368.4 , Est Remaining: 131.5
256 369.8 , Est Remaining: 130.0
257 371.2 , Est Remaining: 128.5
258 372.6 , Est Remaining: 127.1
259 374.0 , Est Remaining: 125.6
260 375.4 , Est Remaining: 124.2
261 376.8 , Est Remaining: 122.7
262 378.3 , Est Remaining: 121.3
263 379.7 , Est Remaining: 119.8
264 381.1 , Est Remaining: 118.4
265 382.6 , Est Remaining: 116.9
266 384.0 , Est Remaining: 115.5
267 385.4 , Est Remaining: 114.0
268 386.8 , Est Remaining: 112.6
269 388.2 , Est Remaining: 111.1
270 389.6 , Est Remaining: 109.7
271 391.1 , Est Remaining: 108.2
272 392.5 , Est Remaining: 106.8
273 393.9 , Est Remaining: 105.3
274 395.4 , Est Remaining: 103.9
275 396.8 , Est Remaining: 102.4
276 398.2 , Est Remaining: 101.0
277 399.6 , Est Remaining: 99.5
278 401.1 , Est Remaining: 98.1
279 402.5 , Est Remaining: 96.7
280 403.9 , Est Remaining: 95.2
281 405.4 , Est Remaining: 93.8
282 406.8 , Est Remaining: 92.3
283 408.3 , Est Remaining: 90.9
284 409.7 , Est Remaining: 89.5
285 411.2 , Est Remaining: 88.0
286 412.6 , Est Remaining: 86.6
287 414.1 , Est Remaining: 85.1
288 415.6 , Est Remaining: 83.7
289 417.0 , Est Remaining: 82.2
290 418.5 , Est Remaining: 80.8
291 419.9 , Est Remaining: 79.4
292 421.3 , Est Remaining: 77.9
293 422.8 , Est Remaining: 76.5
294 424.2 , Est Remaining: 75.0
295 425.7 , Est Remaining: 73.6
296 427.1 , Est Remaining: 72.1
297 428.5 , Est Remaining: 70.7
298 430.0 , Est Remaining: 69.3
299 431.4 , Est Remaining: 67.8
300 432.8 , Est Remaining: 66.4
301 434.3 , Est Remaining: 64.9
302 435.8 , Est Remaining: 63.5
303 437.3 , Est Remaining: 62.1
304 438.7 , Est Remaining: 60.6
305 440.2 , Est Remaining: 59.2
306 441.6 , Est Remaining: 57.7
307 443.1 , Est Remaining: 56.3
308 444.5 , Est Remaining: 54.8
309 446.0 , Est Remaining: 53.4
310 447.4 , Est Remaining: 52.0
311 448.9 , Est Remaining: 50.5
312 450.3 , Est Remaining: 49.1
313 451.8 , Est Remaining: 47.6
314 453.3 , Est Remaining: 46.2
315 454.7 , Est Remaining: 44.8
EVENT FAILED
315 455.0 , Est Remaining: 44.8
316 456.5 , Est Remaining: 43.3
317 457.9 , Est Remaining: 41.9
318 459.3 , Est Remaining: 40.4
319 460.7 , Est Remaining: 39.0
320 462.2 , Est Remaining: 37.6
321 463.6 , Est Remaining: 36.1
322 465.0 , Est Remaining: 34.7
323 466.4 , Est Remaining: 33.2
324 467.8 , Est Remaining: 31.8
325 469.2 , Est Remaining: 30.3
326 470.7 , Est Remaining: 28.9
327 472.1 , Est Remaining: 27.4
328 473.5 , Est Remaining: 26.0
329 474.9 , Est Remaining: 24.5
330 476.3 , Est Remaining: 23.1
331 477.7 , Est Remaining: 21.6
