Note: NumExpr detected 32 cores but "NUMEXPR_MAX_THREADS" not set, so enforcing safe limit of 8.
Using selector: EpollSelector
/n/home02/jhaefner/miniconda/envs/IC-3.7-2020-06-16/lib/python3.7/site-packages/scipy/optimize/minpack.py:808: OptimizeWarning: Covariance of the parameters could not be estimated
  category=OptimizeWarning)
Total rwfs: 346
0 0.0 , Est Remaining: 999999.9
1 1.4 , Est Remaining: 465.8
2 2.7 , Est Remaining: 463.9
3 4.0 , Est Remaining: 461.4
4 5.3 , Est Remaining: 456.3
5 6.6 , Est Remaining: 453.4
6 8.0 , Est Remaining: 452.7
7 9.3 , Est Remaining: 450.2
8 10.6 , Est Remaining: 448.6
9 11.9 , Est Remaining: 446.4
10 13.2 , Est Remaining: 442.8
11 14.5 , Est Remaining: 441.4
12 15.8 , Est Remaining: 440.1
13 17.1 , Est Remaining: 438.9
14 18.5 , Est Remaining: 437.8
15 19.8 , Est Remaining: 437.0
16 21.1 , Est Remaining: 435.2
17 22.4 , Est Remaining: 434.3
18 23.8 , Est Remaining: 432.9
19 25.1 , Est Remaining: 431.8
20 26.4 , Est Remaining: 430.8
21 27.8 , Est Remaining: 429.6
22 29.1 , Est Remaining: 428.2
23 30.4 , Est Remaining: 426.9
24 31.7 , Est Remaining: 425.7
25 33.1 , Est Remaining: 424.5
26 34.4 , Est Remaining: 423.1
27 35.7 , Est Remaining: 421.9
28 37.1 , Est Remaining: 420.8
29 38.4 , Est Remaining: 419.7
30 39.7 , Est Remaining: 418.5
31 41.1 , Est Remaining: 417.3
32 42.4 , Est Remaining: 416.3
33 43.8 , Est Remaining: 415.0
34 45.1 , Est Remaining: 413.7
35 46.4 , Est Remaining: 412.5
36 47.8 , Est Remaining: 411.3
37 49.1 , Est Remaining: 410.0
38 50.4 , Est Remaining: 408.7
39 51.8 , Est Remaining: 407.5
40 53.1 , Est Remaining: 406.2
41 54.4 , Est Remaining: 404.9
42 55.8 , Est Remaining: 403.7
43 57.1 , Est Remaining: 402.4
44 58.4 , Est Remaining: 401.1
45 59.8 , Est Remaining: 399.9
46 61.1 , Est Remaining: 398.6
47 62.5 , Est Remaining: 397.3
EVENT FAILED
47 62.7 , Est Remaining: 399.2
48 64.1 , Est Remaining: 397.8
49 65.4 , Est Remaining: 396.5
50 66.7 , Est Remaining: 395.1
51 68.1 , Est Remaining: 393.8
52 69.4 , Est Remaining: 392.5
53 70.8 , Est Remaining: 391.2
54 72.1 , Est Remaining: 389.9
55 73.5 , Est Remaining: 388.6
56 74.8 , Est Remaining: 387.3
57 76.1 , Est Remaining: 386.0
EVENT FAILED
57 76.4 , Est Remaining: 387.5
58 77.8 , Est Remaining: 386.2
59 79.1 , Est Remaining: 385.0
60 80.5 , Est Remaining: 383.6
61 81.8 , Est Remaining: 382.2
EVENT FAILED
61 82.1 , Est Remaining: 383.6
62 83.5 , Est Remaining: 382.3
EVENT FAILED
62 83.7 , Est Remaining: 383.6
63 85.1 , Est Remaining: 382.2
64 86.4 , Est Remaining: 380.8
65 87.8 , Est Remaining: 379.5
66 89.1 , Est Remaining: 378.1
67 90.5 , Est Remaining: 376.7
68 91.8 , Est Remaining: 375.3
69 93.1 , Est Remaining: 373.8
70 94.5 , Est Remaining: 372.4
71 95.8 , Est Remaining: 371.0
72 97.1 , Est Remaining: 369.6
73 98.4 , Est Remaining: 368.1
74 99.8 , Est Remaining: 366.8
75 101.1 , Est Remaining: 365.4
76 102.5 , Est Remaining: 364.0
77 103.8 , Est Remaining: 362.6
78 105.1 , Est Remaining: 361.2
79 106.5 , Est Remaining: 359.9
80 107.8 , Est Remaining: 358.5
81 109.2 , Est Remaining: 357.1
82 110.5 , Est Remaining: 355.8
83 111.8 , Est Remaining: 354.4
84 113.2 , Est Remaining: 353.0
EVENT FAILED
84 113.5 , Est Remaining: 353.9
85 114.8 , Est Remaining: 352.5
86 116.1 , Est Remaining: 351.1
87 117.5 , Est Remaining: 349.7
88 118.8 , Est Remaining: 348.3
89 120.1 , Est Remaining: 346.9
90 121.4 , Est Remaining: 345.5
91 122.8 , Est Remaining: 344.0
EVENT FAILED
91 123.1 , Est Remaining: 344.8
92 124.4 , Est Remaining: 343.4
93 125.7 , Est Remaining: 342.0
94 127.0 , Est Remaining: 340.6
95 128.4 , Est Remaining: 339.2
96 129.7 , Est Remaining: 337.8
97 131.0 , Est Remaining: 336.4
98 132.4 , Est Remaining: 335.0
99 133.7 , Est Remaining: 333.6
100 135.0 , Est Remaining: 332.2
101 136.4 , Est Remaining: 330.8
102 137.7 , Est Remaining: 329.4
103 139.1 , Est Remaining: 328.2
104 140.4 , Est Remaining: 326.8
105 141.8 , Est Remaining: 325.4
106 143.1 , Est Remaining: 324.0
107 144.4 , Est Remaining: 322.6
108 145.7 , Est Remaining: 321.2
109 147.1 , Est Remaining: 319.8
110 148.4 , Est Remaining: 318.4
111 149.7 , Est Remaining: 317.0
112 151.1 , Est Remaining: 315.6
113 152.4 , Est Remaining: 314.2
114 153.7 , Est Remaining: 312.8
115 155.0 , Est Remaining: 311.4
116 156.4 , Est Remaining: 310.0
117 157.7 , Est Remaining: 308.6
118 159.0 , Est Remaining: 307.2
119 160.3 , Est Remaining: 305.8
EVENT FAILED
119 160.6 , Est Remaining: 306.4
120 161.9 , Est Remaining: 305.0
121 163.3 , Est Remaining: 303.6
EVENT FAILED
121 163.6 , Est Remaining: 304.1
122 164.9 , Est Remaining: 302.8
123 166.2 , Est Remaining: 301.4
124 167.5 , Est Remaining: 299.9
125 168.9 , Est Remaining: 298.6
126 170.2 , Est Remaining: 297.2
127 171.5 , Est Remaining: 295.8
128 172.8 , Est Remaining: 294.4
129 174.2 , Est Remaining: 293.0
130 175.5 , Est Remaining: 291.6
131 176.8 , Est Remaining: 290.2
132 178.2 , Est Remaining: 288.8
133 179.5 , Est Remaining: 287.5
134 180.8 , Est Remaining: 286.1
135 182.2 , Est Remaining: 284.7
136 183.5 , Est Remaining: 283.3
137 184.8 , Est Remaining: 281.9
138 186.1 , Est Remaining: 280.6
139 187.5 , Est Remaining: 279.2
140 188.8 , Est Remaining: 277.8
141 190.1 , Est Remaining: 276.4
142 191.4 , Est Remaining: 275.0
143 192.7 , Est Remaining: 273.6
144 194.0 , Est Remaining: 272.2
145 195.3 , Est Remaining: 270.8
146 196.6 , Est Remaining: 269.4
147 197.8 , Est Remaining: 267.8
148 199.1 , Est Remaining: 266.4
149 200.4 , Est Remaining: 265.0
150 201.7 , Est Remaining: 263.5
151 203.0 , Est Remaining: 262.1
152 204.3 , Est Remaining: 260.7
153 205.6 , Est Remaining: 259.3
154 206.9 , Est Remaining: 258.0
155 208.2 , Est Remaining: 256.6
156 209.5 , Est Remaining: 255.2
157 210.9 , Est Remaining: 253.8
158 212.2 , Est Remaining: 252.5
159 213.5 , Est Remaining: 251.1
160 214.8 , Est Remaining: 249.8
161 216.2 , Est Remaining: 248.4
162 217.5 , Est Remaining: 247.0
163 218.8 , Est Remaining: 245.7
164 220.2 , Est Remaining: 244.3
165 221.5 , Est Remaining: 243.0
166 222.8 , Est Remaining: 241.6
167 224.2 , Est Remaining: 240.3
168 225.5 , Est Remaining: 238.9
169 226.8 , Est Remaining: 237.6
170 228.2 , Est Remaining: 236.2
171 229.5 , Est Remaining: 234.9
172 230.8 , Est Remaining: 233.5
173 232.2 , Est Remaining: 232.2
174 233.5 , Est Remaining: 230.8
EVENT FAILED
174 233.8 , Est Remaining: 231.1
175 235.1 , Est Remaining: 229.7
176 236.4 , Est Remaining: 228.4
177 237.7 , Est Remaining: 227.0
178 239.1 , Est Remaining: 225.6
179 240.4 , Est Remaining: 224.3
180 241.7 , Est Remaining: 222.9
181 243.0 , Est Remaining: 221.5
182 244.3 , Est Remaining: 220.2
183 245.6 , Est Remaining: 218.8
184 246.9 , Est Remaining: 217.4
185 248.2 , Est Remaining: 216.0
186 249.6 , Est Remaining: 214.7
187 250.9 , Est Remaining: 213.3
188 252.2 , Est Remaining: 211.9
189 253.5 , Est Remaining: 210.6
190 254.8 , Est Remaining: 209.2
191 256.1 , Est Remaining: 207.8
192 257.4 , Est Remaining: 206.5
193 258.7 , Est Remaining: 205.1
194 260.0 , Est Remaining: 203.7
195 261.3 , Est Remaining: 202.4
196 262.7 , Est Remaining: 201.0
197 264.0 , Est Remaining: 199.7
198 265.3 , Est Remaining: 198.3
199 266.6 , Est Remaining: 197.0
EVENT FAILED
199 266.9 , Est Remaining: 197.2
200 268.2 , Est Remaining: 195.8
201 269.6 , Est Remaining: 194.5
202 270.9 , Est Remaining: 193.1
203 272.3 , Est Remaining: 191.8
204 273.6 , Est Remaining: 190.5
205 275.0 , Est Remaining: 189.1
206 276.3 , Est Remaining: 187.8
EVENT FAILED
206 276.6 , Est Remaining: 188.0
207 277.9 , Est Remaining: 186.6
208 279.2 , Est Remaining: 185.3
209 280.5 , Est Remaining: 183.9
210 281.9 , Est Remaining: 182.6
211 283.2 , Est Remaining: 181.2
212 284.5 , Est Remaining: 179.8
213 285.8 , Est Remaining: 178.5
214 287.2 , Est Remaining: 177.1
215 288.5 , Est Remaining: 175.8
216 289.8 , Est Remaining: 174.4
217 291.2 , Est Remaining: 173.1
218 292.5 , Est Remaining: 171.7
219 293.8 , Est Remaining: 170.4
220 295.1 , Est Remaining: 169.0
221 296.4 , Est Remaining: 167.7
222 297.8 , Est Remaining: 166.3
223 299.1 , Est Remaining: 165.0
224 300.4 , Est Remaining: 163.6
225 301.7 , Est Remaining: 162.3
226 303.1 , Est Remaining: 160.9
227 304.4 , Est Remaining: 159.6
228 305.7 , Est Remaining: 158.2
229 307.0 , Est Remaining: 156.9
230 308.4 , Est Remaining: 155.5
231 309.7 , Est Remaining: 154.2
232 311.1 , Est Remaining: 152.9
233 312.5 , Est Remaining: 151.6
234 313.8 , Est Remaining: 150.2
235 315.2 , Est Remaining: 148.9
236 316.5 , Est Remaining: 147.5
237 317.9 , Est Remaining: 146.2
238 319.2 , Est Remaining: 144.9
239 320.6 , Est Remaining: 143.5
240 321.9 , Est Remaining: 142.2
241 323.2 , Est Remaining: 140.8
242 324.6 , Est Remaining: 139.5
243 325.9 , Est Remaining: 138.1
244 327.3 , Est Remaining: 136.8
245 328.6 , Est Remaining: 135.5
246 330.0 , Est Remaining: 134.1
247 331.3 , Est Remaining: 132.8
248 332.6 , Est Remaining: 131.4
249 334.0 , Est Remaining: 130.1
EVENT FAILED
249 334.3 , Est Remaining: 130.2
250 335.6 , Est Remaining: 128.9
251 337.0 , Est Remaining: 127.5
252 338.3 , Est Remaining: 126.2
253 339.7 , Est Remaining: 124.9
254 341.0 , Est Remaining: 123.5
255 342.3 , Est Remaining: 122.2
256 343.7 , Est Remaining: 120.8
257 345.0 , Est Remaining: 119.5
258 346.4 , Est Remaining: 118.1
259 347.7 , Est Remaining: 116.8
260 349.1 , Est Remaining: 115.5
261 350.4 , Est Remaining: 114.1
262 351.7 , Est Remaining: 112.8
263 353.1 , Est Remaining: 111.4
264 354.4 , Est Remaining: 110.1
265 355.8 , Est Remaining: 108.7
266 357.1 , Est Remaining: 107.4
267 358.5 , Est Remaining: 106.1
268 359.8 , Est Remaining: 104.7
269 361.1 , Est Remaining: 103.4
270 362.5 , Est Remaining: 102.0
271 363.8 , Est Remaining: 100.7
272 365.2 , Est Remaining: 99.3
273 366.5 , Est Remaining: 98.0
EVENT FAILED
273 366.8 , Est Remaining: 98.1
274 368.1 , Est Remaining: 96.7
275 369.5 , Est Remaining: 95.4
276 370.8 , Est Remaining: 94.0
277 372.2 , Est Remaining: 92.7
278 373.5 , Est Remaining: 91.4
279 374.8 , Est Remaining: 90.0
280 376.2 , Est Remaining: 88.7
281 377.5 , Est Remaining: 87.3
EVENT FAILED
281 377.8 , Est Remaining: 87.4
282 379.1 , Est Remaining: 86.0
283 380.5 , Est Remaining: 84.7
284 381.8 , Est Remaining: 83.4
285 383.1 , Est Remaining: 82.0
286 384.5 , Est Remaining: 80.7
287 385.8 , Est Remaining: 79.3
288 387.2 , Est Remaining: 78.0
289 388.5 , Est Remaining: 76.6
290 389.8 , Est Remaining: 75.3
291 391.2 , Est Remaining: 73.9
292 392.4 , Est Remaining: 72.6
293 393.7 , Est Remaining: 71.2
294 395.0 , Est Remaining: 69.9
295 396.4 , Est Remaining: 68.5
296 397.7 , Est Remaining: 67.2
297 399.0 , Est Remaining: 65.8
298 400.3 , Est Remaining: 64.5
299 401.7 , Est Remaining: 63.1
300 403.0 , Est Remaining: 61.8
301 404.3 , Est Remaining: 60.4
302 405.8 , Est Remaining: 59.1
303 407.1 , Est Remaining: 57.8
304 408.4 , Est Remaining: 56.4
305 409.7 , Est Remaining: 55.1
306 411.0 , Est Remaining: 53.7
307 412.3 , Est Remaining: 52.4
308 413.7 , Est Remaining: 51.0
309 415.0 , Est Remaining: 49.7
310 416.3 , Est Remaining: 48.3
311 417.6 , Est Remaining: 47.0
312 419.0 , Est Remaining: 45.7
313 420.3 , Est Remaining: 44.3
314 421.6 , Est Remaining: 43.0
315 423.0 , Est Remaining: 41.6
316 424.3 , Est Remaining: 40.3
317 425.6 , Est Remaining: 38.9
318 426.9 , Est Remaining: 37.6
319 428.2 , Est Remaining: 36.2
320 429.6 , Est Remaining: 34.9
321 430.9 , Est Remaining: 33.6
322 432.2 , Est Remaining: 32.2
323 433.5 , Est Remaining: 30.9
EVENT FAILED
323 433.8 , Est Remaining: 30.9
324 435.1 , Est Remaining: 29.5
325 436.5 , Est Remaining: 28.2
326 437.8 , Est Remaining: 26.9
327 439.1 , Est Remaining: 25.5
EVENT FAILED
327 439.4 , Est Remaining: 25.5
328 440.7 , Est Remaining: 24.2
329 442.1 , Est Remaining: 22.8
