Note: NumExpr detected 32 cores but "NUMEXPR_MAX_THREADS" not set, so enforcing safe limit of 8.
Using selector: EpollSelector
/n/home02/jhaefner/miniconda/envs/IC-3.7-2020-06-16/lib/python3.7/site-packages/scipy/optimize/minpack.py:808: OptimizeWarning: Covariance of the parameters could not be estimated
  category=OptimizeWarning)
Total rwfs: 346
0 0.0 , Est Remaining: 999999.9
1 1.5 , Est Remaining: 522.4
2 3.0 , Est Remaining: 518.4
3 4.6 , Est Remaining: 521.2
4 6.1 , Est Remaining: 518.0
5 7.6 , Est Remaining: 516.8
6 9.1 , Est Remaining: 515.2
7 10.6 , Est Remaining: 512.0
8 12.0 , Est Remaining: 508.3
9 13.5 , Est Remaining: 506.2
10 15.0 , Est Remaining: 504.1
11 16.5 , Est Remaining: 502.4
12 18.0 , Est Remaining: 500.8
13 19.5 , Est Remaining: 499.2
14 20.9 , Est Remaining: 496.7
15 22.4 , Est Remaining: 494.5
16 23.9 , Est Remaining: 492.2
17 25.3 , Est Remaining: 490.2
18 26.8 , Est Remaining: 488.2
19 28.3 , Est Remaining: 486.4
20 29.7 , Est Remaining: 484.8
21 31.2 , Est Remaining: 483.3
22 32.7 , Est Remaining: 481.7
23 34.2 , Est Remaining: 480.2
24 35.7 , Est Remaining: 479.0
25 37.2 , Est Remaining: 477.9
26 38.7 , Est Remaining: 476.2
27 40.2 , Est Remaining: 474.8
28 41.7 , Est Remaining: 473.1
29 43.1 , Est Remaining: 471.6
30 44.6 , Est Remaining: 469.9
31 46.1 , Est Remaining: 468.1
32 47.5 , Est Remaining: 466.6
33 49.0 , Est Remaining: 465.0
34 50.5 , Est Remaining: 463.3
35 52.0 , Est Remaining: 461.8
36 53.4 , Est Remaining: 460.2
37 54.9 , Est Remaining: 458.6
38 56.4 , Est Remaining: 457.3
39 57.9 , Est Remaining: 455.9
40 59.4 , Est Remaining: 454.4
41 60.9 , Est Remaining: 452.9
42 62.4 , Est Remaining: 451.3
43 63.8 , Est Remaining: 449.7
44 65.3 , Est Remaining: 448.1
45 66.8 , Est Remaining: 446.5
46 68.2 , Est Remaining: 445.0
47 69.7 , Est Remaining: 443.6
48 71.2 , Est Remaining: 442.0
49 72.7 , Est Remaining: 440.5
50 74.1 , Est Remaining: 439.0
51 75.6 , Est Remaining: 437.4
52 77.1 , Est Remaining: 435.9
53 78.6 , Est Remaining: 434.4
54 80.0 , Est Remaining: 432.9
55 81.5 , Est Remaining: 431.3
56 83.0 , Est Remaining: 429.8
57 84.5 , Est Remaining: 428.3
58 86.0 , Est Remaining: 426.9
59 87.4 , Est Remaining: 425.4
60 88.9 , Est Remaining: 423.9
61 90.4 , Est Remaining: 422.5
62 91.9 , Est Remaining: 421.1
63 93.4 , Est Remaining: 419.6
64 94.9 , Est Remaining: 418.1
65 96.4 , Est Remaining: 416.6
66 97.9 , Est Remaining: 415.1
67 99.3 , Est Remaining: 413.7
68 100.8 , Est Remaining: 412.2
69 102.3 , Est Remaining: 410.7
70 103.8 , Est Remaining: 409.2
71 105.2 , Est Remaining: 407.6
72 106.7 , Est Remaining: 406.2
73 108.2 , Est Remaining: 404.7
74 109.7 , Est Remaining: 403.1
75 111.2 , Est Remaining: 401.7
EVENT FAILED
75 111.5 , Est Remaining: 403.0
76 113.0 , Est Remaining: 401.5
77 114.5 , Est Remaining: 399.9
78 116.0 , Est Remaining: 398.4
79 117.4 , Est Remaining: 396.9
80 118.9 , Est Remaining: 395.4
81 120.4 , Est Remaining: 393.8
82 121.9 , Est Remaining: 392.4
83 123.3 , Est Remaining: 390.8
84 124.8 , Est Remaining: 389.4
85 126.3 , Est Remaining: 387.9
86 127.8 , Est Remaining: 386.3
87 129.3 , Est Remaining: 384.9
88 130.8 , Est Remaining: 383.4
89 132.3 , Est Remaining: 381.9
90 133.7 , Est Remaining: 380.4
91 135.2 , Est Remaining: 378.8
92 136.6 , Est Remaining: 377.3
EVENT FAILED
92 137.0 , Est Remaining: 378.1
93 138.4 , Est Remaining: 376.6
94 139.9 , Est Remaining: 375.0
95 141.3 , Est Remaining: 373.4
96 142.8 , Est Remaining: 371.9
97 144.3 , Est Remaining: 370.3
98 145.7 , Est Remaining: 368.8
99 147.2 , Est Remaining: 367.3
100 148.7 , Est Remaining: 365.8
101 150.2 , Est Remaining: 364.3
102 151.7 , Est Remaining: 362.8
103 153.2 , Est Remaining: 361.5
104 154.7 , Est Remaining: 360.1
105 156.2 , Est Remaining: 358.6
106 157.7 , Est Remaining: 357.1
107 159.2 , Est Remaining: 355.5
108 160.7 , Est Remaining: 354.1
109 162.2 , Est Remaining: 352.6
110 163.7 , Est Remaining: 351.2
111 165.2 , Est Remaining: 349.7
112 166.7 , Est Remaining: 348.2
113 168.2 , Est Remaining: 346.8
114 169.7 , Est Remaining: 345.3
115 171.2 , Est Remaining: 343.8
116 172.7 , Est Remaining: 342.3
117 174.2 , Est Remaining: 340.9
118 175.6 , Est Remaining: 339.4
119 177.1 , Est Remaining: 337.9
120 178.6 , Est Remaining: 336.4
121 180.1 , Est Remaining: 334.9
122 181.6 , Est Remaining: 333.5
123 183.1 , Est Remaining: 332.0
124 184.6 , Est Remaining: 330.4
125 186.1 , Est Remaining: 329.0
126 187.6 , Est Remaining: 327.5
127 189.1 , Est Remaining: 326.0
128 190.5 , Est Remaining: 324.5
129 192.1 , Est Remaining: 323.1
130 193.6 , Est Remaining: 321.6
131 195.0 , Est Remaining: 320.1
132 196.5 , Est Remaining: 318.6
133 198.0 , Est Remaining: 317.1
134 199.5 , Est Remaining: 315.6
135 201.0 , Est Remaining: 314.1
136 202.4 , Est Remaining: 312.6
137 203.9 , Est Remaining: 311.1
138 205.4 , Est Remaining: 309.6
139 206.9 , Est Remaining: 308.0
140 208.3 , Est Remaining: 306.5
141 209.8 , Est Remaining: 305.0
142 211.3 , Est Remaining: 303.5
143 212.7 , Est Remaining: 302.0
144 214.2 , Est Remaining: 300.5
145 215.7 , Est Remaining: 298.9
146 217.1 , Est Remaining: 297.4
147 218.5 , Est Remaining: 295.8
148 220.0 , Est Remaining: 294.3
149 221.4 , Est Remaining: 292.8
150 222.9 , Est Remaining: 291.3
151 224.4 , Est Remaining: 289.7
152 225.8 , Est Remaining: 288.2
153 227.3 , Est Remaining: 286.7
154 228.7 , Est Remaining: 285.1
155 230.2 , Est Remaining: 283.6
156 231.6 , Est Remaining: 282.1
157 233.1 , Est Remaining: 280.6
158 234.6 , Est Remaining: 279.1
159 236.0 , Est Remaining: 277.6
160 237.5 , Est Remaining: 276.1
161 238.9 , Est Remaining: 274.5
162 240.4 , Est Remaining: 273.0
163 241.8 , Est Remaining: 271.5
164 243.3 , Est Remaining: 270.0
165 244.7 , Est Remaining: 268.5
166 246.2 , Est Remaining: 267.0
EVENT FAILED
166 246.5 , Est Remaining: 267.3
167 248.0 , Est Remaining: 265.8
168 249.3 , Est Remaining: 264.2
169 250.8 , Est Remaining: 262.6
170 252.2 , Est Remaining: 261.1
171 253.6 , Est Remaining: 259.6
172 255.1 , Est Remaining: 258.1
173 256.6 , Est Remaining: 256.6
174 258.0 , Est Remaining: 255.1
175 259.5 , Est Remaining: 253.6
176 261.0 , Est Remaining: 252.1
177 262.4 , Est Remaining: 250.6
178 263.9 , Est Remaining: 249.1
179 265.4 , Est Remaining: 247.6
180 266.8 , Est Remaining: 246.1
181 268.3 , Est Remaining: 244.6
182 269.7 , Est Remaining: 243.1
183 271.2 , Est Remaining: 241.6
184 272.7 , Est Remaining: 240.1
185 274.1 , Est Remaining: 238.6
186 275.6 , Est Remaining: 237.0
187 277.0 , Est Remaining: 235.5
188 278.4 , Est Remaining: 234.0
189 279.9 , Est Remaining: 232.5
190 281.3 , Est Remaining: 231.0
191 282.8 , Est Remaining: 229.5
192 284.2 , Est Remaining: 227.9
193 285.6 , Est Remaining: 226.4
194 287.0 , Est Remaining: 224.9
EVENT FAILED
194 287.3 , Est Remaining: 225.1
195 288.7 , Est Remaining: 223.6
196 290.2 , Est Remaining: 222.1
197 291.6 , Est Remaining: 220.5
198 293.0 , Est Remaining: 219.0
199 294.4 , Est Remaining: 217.5
200 295.8 , Est Remaining: 215.9
201 297.2 , Est Remaining: 214.4
202 298.7 , Est Remaining: 212.9
203 300.2 , Est Remaining: 211.5
204 301.6 , Est Remaining: 209.9
205 303.0 , Est Remaining: 208.4
206 304.4 , Est Remaining: 206.9
207 305.9 , Est Remaining: 205.4
208 307.3 , Est Remaining: 203.9
209 308.7 , Est Remaining: 202.3
EVENT FAILED
209 309.0 , Est Remaining: 202.5
210 310.4 , Est Remaining: 201.0
211 311.9 , Est Remaining: 199.5
212 313.3 , Est Remaining: 198.0
213 314.7 , Est Remaining: 196.5
214 316.2 , Est Remaining: 195.0
215 317.6 , Est Remaining: 193.5
216 319.0 , Est Remaining: 192.0
217 320.4 , Est Remaining: 190.5
218 321.8 , Est Remaining: 189.0
219 323.2 , Est Remaining: 187.5
220 324.7 , Est Remaining: 185.9
221 326.1 , Est Remaining: 184.4
222 327.5 , Est Remaining: 182.9
223 328.9 , Est Remaining: 181.4
224 330.4 , Est Remaining: 179.9
225 331.8 , Est Remaining: 178.4
226 333.2 , Est Remaining: 176.9
227 334.6 , Est Remaining: 175.4
228 336.0 , Est Remaining: 173.9
229 337.4 , Est Remaining: 172.4
230 338.8 , Est Remaining: 170.9
231 340.2 , Est Remaining: 169.4
232 341.6 , Est Remaining: 167.9
233 343.0 , Est Remaining: 166.4
234 344.5 , Est Remaining: 164.9
235 345.9 , Est Remaining: 163.4
236 347.3 , Est Remaining: 161.9
EVENT FAILED
236 347.6 , Est Remaining: 162.0
237 349.0 , Est Remaining: 160.5
238 350.4 , Est Remaining: 159.0
239 351.9 , Est Remaining: 157.5
240 353.3 , Est Remaining: 156.0
241 354.7 , Est Remaining: 154.5
242 356.1 , Est Remaining: 153.0
243 357.6 , Est Remaining: 151.6
244 359.0 , Est Remaining: 150.1
245 360.4 , Est Remaining: 148.6
246 361.8 , Est Remaining: 147.1
247 363.2 , Est Remaining: 145.6
248 364.6 , Est Remaining: 144.1
249 366.1 , Est Remaining: 142.6
250 367.5 , Est Remaining: 141.1
251 368.9 , Est Remaining: 139.6
252 370.3 , Est Remaining: 138.1
253 371.7 , Est Remaining: 136.6
254 373.2 , Est Remaining: 135.2
255 374.6 , Est Remaining: 133.7
256 376.0 , Est Remaining: 132.2
257 377.4 , Est Remaining: 130.7
258 378.8 , Est Remaining: 129.2
259 380.2 , Est Remaining: 127.7
260 381.6 , Est Remaining: 126.2
261 383.0 , Est Remaining: 124.7
262 384.4 , Est Remaining: 123.3
263 385.8 , Est Remaining: 121.8
264 387.2 , Est Remaining: 120.3
265 388.6 , Est Remaining: 118.8
266 390.0 , Est Remaining: 117.3
267 391.5 , Est Remaining: 115.8
268 392.8 , Est Remaining: 114.3
269 394.2 , Est Remaining: 112.8
270 395.6 , Est Remaining: 111.4
271 397.0 , Est Remaining: 109.9
272 398.4 , Est Remaining: 108.4
EVENT FAILED
272 398.7 , Est Remaining: 108.5
273 400.1 , Est Remaining: 107.0
274 401.5 , Est Remaining: 105.5
275 402.8 , Est Remaining: 104.0
276 404.2 , Est Remaining: 102.5
277 405.6 , Est Remaining: 101.0
278 407.0 , Est Remaining: 99.6
279 408.4 , Est Remaining: 98.1
280 409.8 , Est Remaining: 96.6
281 411.2 , Est Remaining: 95.1
282 412.6 , Est Remaining: 93.6
283 414.0 , Est Remaining: 92.2
284 415.4 , Est Remaining: 90.7
285 416.8 , Est Remaining: 89.2
EVENT FAILED
285 417.1 , Est Remaining: 89.3
286 418.5 , Est Remaining: 87.8
287 419.9 , Est Remaining: 86.3
288 421.3 , Est Remaining: 84.8
289 422.7 , Est Remaining: 83.4
290 424.1 , Est Remaining: 81.9
291 425.5 , Est Remaining: 80.4
292 426.8 , Est Remaining: 78.9
293 428.2 , Est Remaining: 77.5
294 429.6 , Est Remaining: 76.0
295 431.0 , Est Remaining: 74.5
296 432.4 , Est Remaining: 73.0
EVENT FAILED
296 432.7 , Est Remaining: 73.1
297 434.1 , Est Remaining: 71.6
298 435.5 , Est Remaining: 70.1
299 436.8 , Est Remaining: 68.7
300 438.2 , Est Remaining: 67.2
301 439.6 , Est Remaining: 65.7
302 441.1 , Est Remaining: 64.3
303 442.4 , Est Remaining: 62.8
304 443.8 , Est Remaining: 61.3
305 445.2 , Est Remaining: 59.8
306 446.5 , Est Remaining: 58.4
307 447.9 , Est Remaining: 56.9
308 449.3 , Est Remaining: 55.4
309 450.6 , Est Remaining: 54.0
310 452.0 , Est Remaining: 52.5
311 453.4 , Est Remaining: 51.0
312 454.8 , Est Remaining: 49.6
EVENT FAILED
312 455.1 , Est Remaining: 49.6
313 456.4 , Est Remaining: 48.1
314 457.8 , Est Remaining: 46.7
315 459.2 , Est Remaining: 45.2
316 460.6 , Est Remaining: 43.7
317 462.0 , Est Remaining: 42.3
318 463.3 , Est Remaining: 40.8
319 464.7 , Est Remaining: 39.3
320 466.1 , Est Remaining: 37.9
321 467.5 , Est Remaining: 36.4
322 468.9 , Est Remaining: 34.9
323 470.2 , Est Remaining: 33.5
324 471.6 , Est Remaining: 32.0
325 473.0 , Est Remaining: 30.6
326 474.4 , Est Remaining: 29.1
327 475.8 , Est Remaining: 27.6
328 477.2 , Est Remaining: 26.2
329 478.6 , Est Remaining: 24.7
330 480.0 , Est Remaining: 23.3
331 481.4 , Est Remaining: 21.8
332 482.8 , Est Remaining: 20.4
333 484.3 , Est Remaining: 18.9
334 485.7 , Est Remaining: 17.4
335 487.1 , Est Remaining: 16.0
