Note: NumExpr detected 32 cores but "NUMEXPR_MAX_THREADS" not set, so enforcing safe limit of 8.
Using selector: EpollSelector
/n/home02/jhaefner/miniconda/envs/IC-3.7-2020-06-16/lib/python3.7/site-packages/scipy/optimize/minpack.py:808: OptimizeWarning: Covariance of the parameters could not be estimated
  category=OptimizeWarning)
Total rwfs: 346
0 0.0 , Est Remaining: 999999.9
1 1.5 , Est Remaining: 522.0
2 3.0 , Est Remaining: 519.9
3 4.6 , Est Remaining: 523.2
4 6.1 , Est Remaining: 518.0
5 7.5 , Est Remaining: 514.2
6 9.0 , Est Remaining: 512.2
7 10.5 , Est Remaining: 510.1
8 12.0 , Est Remaining: 508.4
9 13.5 , Est Remaining: 505.4
10 15.0 , Est Remaining: 503.2
11 16.5 , Est Remaining: 501.0
12 17.9 , Est Remaining: 499.5
13 19.4 , Est Remaining: 497.3
14 20.9 , Est Remaining: 495.1
15 22.4 , Est Remaining: 493.4
16 23.8 , Est Remaining: 491.4
EVENT FAILED
16 24.1 , Est Remaining: 497.7
17 25.6 , Est Remaining: 495.4
18 27.1 , Est Remaining: 493.1
19 28.5 , Est Remaining: 491.3
20 30.0 , Est Remaining: 489.2
21 31.5 , Est Remaining: 487.5
22 32.9 , Est Remaining: 485.2
23 34.4 , Est Remaining: 483.6
24 35.9 , Est Remaining: 481.5
25 37.4 , Est Remaining: 479.7
26 38.8 , Est Remaining: 478.0
27 40.3 , Est Remaining: 476.2
28 41.8 , Est Remaining: 474.7
29 43.3 , Est Remaining: 472.8
30 44.7 , Est Remaining: 470.9
31 46.2 , Est Remaining: 469.2
32 47.6 , Est Remaining: 467.4
33 49.1 , Est Remaining: 465.8
34 50.6 , Est Remaining: 464.0
35 52.0 , Est Remaining: 462.4
36 53.5 , Est Remaining: 460.8
37 55.0 , Est Remaining: 459.1
38 56.4 , Est Remaining: 457.5
39 57.9 , Est Remaining: 456.0
40 59.4 , Est Remaining: 454.4
41 60.9 , Est Remaining: 452.9
42 62.4 , Est Remaining: 451.5
43 63.8 , Est Remaining: 449.9
44 65.3 , Est Remaining: 448.3
45 66.8 , Est Remaining: 446.7
46 68.3 , Est Remaining: 445.3
47 69.8 , Est Remaining: 443.7
48 71.2 , Est Remaining: 442.2
49 72.7 , Est Remaining: 440.6
50 74.2 , Est Remaining: 439.0
51 75.6 , Est Remaining: 437.5
52 77.1 , Est Remaining: 436.1
53 78.6 , Est Remaining: 434.5
54 80.1 , Est Remaining: 433.1
55 81.6 , Est Remaining: 431.6
56 83.0 , Est Remaining: 430.1
57 84.5 , Est Remaining: 428.4
58 85.9 , Est Remaining: 426.7
59 87.4 , Est Remaining: 425.2
60 88.8 , Est Remaining: 423.5
61 90.3 , Est Remaining: 421.8
62 91.7 , Est Remaining: 420.3
63 93.2 , Est Remaining: 418.6
64 94.6 , Est Remaining: 417.0
65 96.1 , Est Remaining: 415.4
66 97.5 , Est Remaining: 413.8
67 99.0 , Est Remaining: 412.2
68 100.5 , Est Remaining: 410.7
69 101.9 , Est Remaining: 409.1
70 103.4 , Est Remaining: 407.6
71 104.9 , Est Remaining: 406.2
72 106.3 , Est Remaining: 404.7
73 107.8 , Est Remaining: 403.1
74 109.2 , Est Remaining: 401.5
75 110.7 , Est Remaining: 400.0
76 112.2 , Est Remaining: 398.5
77 113.6 , Est Remaining: 396.9
78 115.1 , Est Remaining: 395.4
79 116.6 , Est Remaining: 393.9
80 118.0 , Est Remaining: 392.4
81 119.5 , Est Remaining: 390.9
82 120.9 , Est Remaining: 389.4
83 122.4 , Est Remaining: 387.8
84 123.8 , Est Remaining: 386.2
85 125.3 , Est Remaining: 384.6
86 126.7 , Est Remaining: 383.1
EVENT FAILED
86 127.0 , Est Remaining: 384.1
87 128.5 , Est Remaining: 382.6
88 130.0 , Est Remaining: 381.0
89 131.5 , Est Remaining: 379.6
90 132.9 , Est Remaining: 378.1
91 134.4 , Est Remaining: 376.6
92 135.9 , Est Remaining: 375.1
93 137.3 , Est Remaining: 373.6
EVENT FAILED
93 137.6 , Est Remaining: 374.4
94 139.1 , Est Remaining: 372.9
95 140.6 , Est Remaining: 371.4
96 142.0 , Est Remaining: 369.9
97 143.5 , Est Remaining: 368.3
98 145.0 , Est Remaining: 366.9
99 146.3 , Est Remaining: 365.1
100 147.8 , Est Remaining: 363.6
101 149.2 , Est Remaining: 362.0
102 150.7 , Est Remaining: 360.4
103 152.2 , Est Remaining: 359.1
104 153.6 , Est Remaining: 357.5
105 155.1 , Est Remaining: 355.9
106 156.5 , Est Remaining: 354.4
107 158.0 , Est Remaining: 352.9
108 159.4 , Est Remaining: 351.3
109 160.9 , Est Remaining: 349.8
110 162.3 , Est Remaining: 348.3
111 163.8 , Est Remaining: 346.8
112 165.3 , Est Remaining: 345.3
113 166.7 , Est Remaining: 343.8
114 168.2 , Est Remaining: 342.3
115 169.7 , Est Remaining: 340.8
116 171.1 , Est Remaining: 339.3
117 172.6 , Est Remaining: 337.8
EVENT FAILED
117 172.9 , Est Remaining: 338.4
118 174.3 , Est Remaining: 336.9
119 175.8 , Est Remaining: 335.3
EVENT FAILED
119 176.1 , Est Remaining: 335.9
120 177.6 , Est Remaining: 334.4
121 179.0 , Est Remaining: 332.9
122 180.4 , Est Remaining: 331.3
123 181.9 , Est Remaining: 329.8
124 183.4 , Est Remaining: 328.3
125 184.8 , Est Remaining: 326.7
126 186.2 , Est Remaining: 325.1
EVENT FAILED
126 186.5 , Est Remaining: 325.7
127 187.9 , Est Remaining: 324.1
128 189.4 , Est Remaining: 322.5
129 190.8 , Est Remaining: 320.9
130 192.2 , Est Remaining: 319.3
131 193.6 , Est Remaining: 317.8
132 195.0 , Est Remaining: 316.2
133 196.4 , Est Remaining: 314.6
134 197.9 , Est Remaining: 313.0
135 199.3 , Est Remaining: 311.5
136 200.7 , Est Remaining: 309.9
137 202.1 , Est Remaining: 308.3
138 203.5 , Est Remaining: 306.7
139 204.9 , Est Remaining: 305.2
140 206.3 , Est Remaining: 303.6
141 207.7 , Est Remaining: 302.0
142 209.1 , Est Remaining: 300.4
143 210.5 , Est Remaining: 298.8
144 211.9 , Est Remaining: 297.3
145 213.3 , Est Remaining: 295.7
146 214.7 , Est Remaining: 294.1
147 216.1 , Est Remaining: 292.6
148 217.5 , Est Remaining: 291.0
149 218.9 , Est Remaining: 289.5
150 220.3 , Est Remaining: 287.9
151 221.8 , Est Remaining: 286.4
152 223.2 , Est Remaining: 284.8
153 224.6 , Est Remaining: 283.3
154 226.0 , Est Remaining: 281.7
155 227.4 , Est Remaining: 280.2
156 228.8 , Est Remaining: 278.7
157 230.2 , Est Remaining: 277.1
158 231.6 , Est Remaining: 275.5
EVENT FAILED
158 231.9 , Est Remaining: 275.9
159 233.3 , Est Remaining: 274.3
160 234.6 , Est Remaining: 272.8
161 236.0 , Est Remaining: 271.2
EVENT FAILED
161 236.3 , Est Remaining: 271.6
162 237.7 , Est Remaining: 270.0
163 239.1 , Est Remaining: 268.5
164 240.4 , Est Remaining: 266.8
165 241.8 , Est Remaining: 265.3
166 243.2 , Est Remaining: 263.7
167 244.6 , Est Remaining: 262.2
EVENT FAILED
167 244.9 , Est Remaining: 262.5
168 246.3 , Est Remaining: 261.0
169 247.8 , Est Remaining: 259.5
170 249.2 , Est Remaining: 258.0
171 250.6 , Est Remaining: 256.4
172 252.0 , Est Remaining: 254.9
173 253.4 , Est Remaining: 253.4
174 254.8 , Est Remaining: 251.9
175 256.2 , Est Remaining: 250.4
176 257.6 , Est Remaining: 248.9
177 259.1 , Est Remaining: 247.3
178 260.5 , Est Remaining: 245.8
179 261.9 , Est Remaining: 244.3
180 263.3 , Est Remaining: 242.8
181 264.7 , Est Remaining: 241.3
182 266.1 , Est Remaining: 239.8
183 267.5 , Est Remaining: 238.3
184 268.9 , Est Remaining: 236.8
185 270.3 , Est Remaining: 235.3
186 271.7 , Est Remaining: 233.7
187 273.2 , Est Remaining: 232.3
188 274.6 , Est Remaining: 230.8
189 276.0 , Est Remaining: 229.3
190 277.5 , Est Remaining: 227.8
191 278.9 , Est Remaining: 226.3
192 280.3 , Est Remaining: 224.8
193 281.8 , Est Remaining: 223.4
194 283.2 , Est Remaining: 221.9
195 284.7 , Est Remaining: 220.4
196 286.1 , Est Remaining: 219.0
197 287.6 , Est Remaining: 217.5
198 289.0 , Est Remaining: 216.0
199 290.5 , Est Remaining: 214.6
200 291.9 , Est Remaining: 213.1
201 293.4 , Est Remaining: 211.6
202 294.8 , Est Remaining: 210.2
203 296.4 , Est Remaining: 208.8
204 297.8 , Est Remaining: 207.3
205 299.3 , Est Remaining: 205.8
206 300.7 , Est Remaining: 204.4
207 302.2 , Est Remaining: 202.9
208 303.6 , Est Remaining: 201.5
209 305.1 , Est Remaining: 200.0
210 306.6 , Est Remaining: 198.5
211 308.0 , Est Remaining: 197.1
212 309.5 , Est Remaining: 195.6
213 310.9 , Est Remaining: 194.1
214 312.4 , Est Remaining: 192.7
215 313.8 , Est Remaining: 191.2
216 315.3 , Est Remaining: 189.8
217 316.8 , Est Remaining: 188.3
218 318.3 , Est Remaining: 186.9
219 319.7 , Est Remaining: 185.4
220 321.2 , Est Remaining: 183.9
221 322.6 , Est Remaining: 182.5
222 324.1 , Est Remaining: 181.0
223 325.5 , Est Remaining: 179.6
224 327.0 , Est Remaining: 178.1
225 328.5 , Est Remaining: 176.6
226 330.0 , Est Remaining: 175.2
227 331.4 , Est Remaining: 173.7
228 332.9 , Est Remaining: 172.3
229 334.4 , Est Remaining: 170.8
230 335.9 , Est Remaining: 169.4
231 337.3 , Est Remaining: 167.9
232 338.8 , Est Remaining: 166.5
233 340.3 , Est Remaining: 165.0
234 341.7 , Est Remaining: 163.6
235 343.2 , Est Remaining: 162.1
236 344.7 , Est Remaining: 160.7
EVENT FAILED
236 345.3 , Est Remaining: 160.9
237 346.7 , Est Remaining: 159.5
238 348.2 , Est Remaining: 158.0
239 349.6 , Est Remaining: 156.5
EVENT FAILED
239 349.9 , Est Remaining: 156.7
240 351.4 , Est Remaining: 155.2
241 352.9 , Est Remaining: 153.7
EVENT FAILED
241 353.2 , Est Remaining: 153.9
242 354.7 , Est Remaining: 152.4
243 356.1 , Est Remaining: 151.0
244 357.6 , Est Remaining: 149.5
245 359.1 , Est Remaining: 148.0
246 360.6 , Est Remaining: 146.6
247 362.1 , Est Remaining: 145.1
248 363.6 , Est Remaining: 143.7
249 365.0 , Est Remaining: 142.2
250 366.5 , Est Remaining: 140.7
251 368.0 , Est Remaining: 139.3
252 369.5 , Est Remaining: 137.8
253 371.0 , Est Remaining: 136.4
254 372.5 , Est Remaining: 134.9
255 374.0 , Est Remaining: 133.4
256 375.4 , Est Remaining: 132.0
257 376.9 , Est Remaining: 130.5
258 378.4 , Est Remaining: 129.1
259 379.9 , Est Remaining: 127.6
260 381.4 , Est Remaining: 126.2
261 382.9 , Est Remaining: 124.7
262 384.4 , Est Remaining: 123.2
263 385.9 , Est Remaining: 121.8
264 387.3 , Est Remaining: 120.3
265 388.8 , Est Remaining: 118.8
266 390.3 , Est Remaining: 117.4
267 391.8 , Est Remaining: 115.9
EVENT FAILED
267 392.1 , Est Remaining: 116.0
268 393.6 , Est Remaining: 114.5
269 395.0 , Est Remaining: 113.1
270 396.5 , Est Remaining: 111.6
271 398.0 , Est Remaining: 110.2
272 399.5 , Est Remaining: 108.7
273 401.0 , Est Remaining: 107.2
274 402.5 , Est Remaining: 105.8
275 404.0 , Est Remaining: 104.3
276 405.5 , Est Remaining: 102.8
277 407.0 , Est Remaining: 101.4
EVENT FAILED
277 407.3 , Est Remaining: 101.5
278 408.7 , Est Remaining: 100.0
279 410.2 , Est Remaining: 98.5
280 411.7 , Est Remaining: 97.0
281 413.2 , Est Remaining: 95.6
282 414.6 , Est Remaining: 94.1
EVENT FAILED
282 415.0 , Est Remaining: 94.2
283 416.4 , Est Remaining: 92.7
284 417.9 , Est Remaining: 91.2
EVENT FAILED
284 418.2 , Est Remaining: 91.3
285 419.6 , Est Remaining: 89.8
286 421.1 , Est Remaining: 88.3
287 422.5 , Est Remaining: 86.9
288 424.0 , Est Remaining: 85.4
289 425.4 , Est Remaining: 83.9
290 426.9 , Est Remaining: 82.4
291 428.3 , Est Remaining: 81.0
292 429.8 , Est Remaining: 79.5
293 431.2 , Est Remaining: 78.0
294 432.7 , Est Remaining: 76.5
295 434.1 , Est Remaining: 75.1
296 435.6 , Est Remaining: 73.6
297 437.1 , Est Remaining: 72.1
298 438.5 , Est Remaining: 70.6
299 440.0 , Est Remaining: 69.2
300 441.4 , Est Remaining: 67.7
EVENT FAILED
300 441.7 , Est Remaining: 67.7
301 443.2 , Est Remaining: 66.3
302 444.9 , Est Remaining: 64.8
303 446.3 , Est Remaining: 63.3
304 447.8 , Est Remaining: 61.9
305 449.3 , Est Remaining: 60.4
306 450.8 , Est Remaining: 58.9
307 452.2 , Est Remaining: 57.4
308 453.7 , Est Remaining: 56.0
309 455.1 , Est Remaining: 54.5
310 456.6 , Est Remaining: 53.0
311 458.0 , Est Remaining: 51.5
312 459.5 , Est Remaining: 50.1
313 461.0 , Est Remaining: 48.6
314 462.4 , Est Remaining: 47.1
315 463.9 , Est Remaining: 45.7
316 465.4 , Est Remaining: 44.2
317 466.8 , Est Remaining: 42.7
318 468.3 , Est Remaining: 41.2
319 469.7 , Est Remaining: 39.8
320 471.2 , Est Remaining: 38.3
321 472.7 , Est Remaining: 36.8
322 474.1 , Est Remaining: 35.3
323 475.6 , Est Remaining: 33.9
324 477.1 , Est Remaining: 32.4
325 478.5 , Est Remaining: 30.9
326 480.0 , Est Remaining: 29.4
327 481.4 , Est Remaining: 28.0
328 482.8 , Est Remaining: 26.5
