Note: NumExpr detected 32 cores but "NUMEXPR_MAX_THREADS" not set, so enforcing safe limit of 8.
Using selector: EpollSelector
/n/home02/jhaefner/miniconda/envs/IC-3.7-2020-06-16/lib/python3.7/site-packages/scipy/optimize/minpack.py:808: OptimizeWarning: Covariance of the parameters could not be estimated
  category=OptimizeWarning)
Total rwfs: 346
0 0.0 , Est Remaining: 999999.9
1 1.5 , Est Remaining: 500.5
2 2.9 , Est Remaining: 498.9
3 4.4 , Est Remaining: 499.6
4 5.8 , Est Remaining: 496.7
5 7.3 , Est Remaining: 494.5
6 8.7 , Est Remaining: 492.4
7 10.1 , Est Remaining: 489.6
8 11.6 , Est Remaining: 488.3
9 13.0 , Est Remaining: 486.1
10 14.4 , Est Remaining: 484.5
11 15.8 , Est Remaining: 482.7
12 17.3 , Est Remaining: 481.4
13 18.7 , Est Remaining: 479.9
14 20.2 , Est Remaining: 478.2
15 21.6 , Est Remaining: 476.5
16 23.0 , Est Remaining: 474.9
17 24.5 , Est Remaining: 473.7
18 25.9 , Est Remaining: 472.3
19 27.4 , Est Remaining: 470.8
20 28.8 , Est Remaining: 469.3
21 30.2 , Est Remaining: 468.0
22 31.7 , Est Remaining: 467.0
23 33.1 , Est Remaining: 465.5
24 34.6 , Est Remaining: 463.8
25 36.0 , Est Remaining: 462.3
EVENT FAILED
25 36.3 , Est Remaining: 466.2
26 37.7 , Est Remaining: 464.6
27 39.2 , Est Remaining: 462.9
28 40.6 , Est Remaining: 461.4
29 42.1 , Est Remaining: 460.0
EVENT FAILED
29 42.4 , Est Remaining: 463.4
30 43.8 , Est Remaining: 461.7
31 45.3 , Est Remaining: 459.8
32 46.7 , Est Remaining: 458.2
33 48.1 , Est Remaining: 456.4
34 49.5 , Est Remaining: 454.7
35 51.0 , Est Remaining: 453.0
36 52.4 , Est Remaining: 451.4
37 53.9 , Est Remaining: 449.7
EVENT FAILED
37 54.2 , Est Remaining: 452.3
38 55.6 , Est Remaining: 450.5
39 57.0 , Est Remaining: 448.8
40 58.5 , Est Remaining: 447.3
41 59.9 , Est Remaining: 445.7
EVENT FAILED
41 60.2 , Est Remaining: 448.0
42 61.7 , Est Remaining: 446.4
43 63.1 , Est Remaining: 444.8
44 64.5 , Est Remaining: 443.0
45 66.0 , Est Remaining: 441.3
46 67.4 , Est Remaining: 439.5
47 68.8 , Est Remaining: 437.7
48 70.2 , Est Remaining: 436.1
49 71.7 , Est Remaining: 434.4
50 73.1 , Est Remaining: 432.8
51 74.6 , Est Remaining: 431.2
52 76.0 , Est Remaining: 429.5
53 77.4 , Est Remaining: 427.9
54 78.8 , Est Remaining: 426.2
55 80.3 , Est Remaining: 424.7
56 81.7 , Est Remaining: 423.3
57 83.2 , Est Remaining: 421.7
58 84.6 , Est Remaining: 420.2
59 86.1 , Est Remaining: 418.7
60 87.5 , Est Remaining: 417.1
61 88.9 , Est Remaining: 415.5
62 90.4 , Est Remaining: 414.0
63 91.8 , Est Remaining: 412.4
64 93.2 , Est Remaining: 410.8
65 94.7 , Est Remaining: 409.2
66 96.1 , Est Remaining: 407.7
67 97.6 , Est Remaining: 406.2
68 99.0 , Est Remaining: 404.7
69 100.4 , Est Remaining: 403.2
70 101.9 , Est Remaining: 401.6
71 103.3 , Est Remaining: 400.2
72 104.8 , Est Remaining: 398.7
73 106.2 , Est Remaining: 397.2
74 107.6 , Est Remaining: 395.7
75 109.1 , Est Remaining: 394.1
76 110.5 , Est Remaining: 392.7
77 112.0 , Est Remaining: 391.2
78 113.4 , Est Remaining: 389.7
79 114.9 , Est Remaining: 388.3
80 116.3 , Est Remaining: 386.8
81 117.8 , Est Remaining: 385.4
82 119.3 , Est Remaining: 384.0
83 120.7 , Est Remaining: 382.5
84 122.1 , Est Remaining: 381.0
85 123.6 , Est Remaining: 379.5
86 125.0 , Est Remaining: 378.0
87 126.5 , Est Remaining: 376.6
88 127.8 , Est Remaining: 374.7
89 129.3 , Est Remaining: 373.2
EVENT FAILED
89 129.6 , Est Remaining: 374.1
90 131.0 , Est Remaining: 372.7
91 132.5 , Est Remaining: 371.2
92 133.9 , Est Remaining: 369.7
93 135.4 , Est Remaining: 368.2
94 136.8 , Est Remaining: 366.7
95 138.2 , Est Remaining: 365.2
96 139.7 , Est Remaining: 363.7
97 141.1 , Est Remaining: 362.1
98 142.5 , Est Remaining: 360.6
99 143.9 , Est Remaining: 359.0
100 145.3 , Est Remaining: 357.5
101 146.7 , Est Remaining: 355.9
102 148.1 , Est Remaining: 354.3
103 149.6 , Est Remaining: 353.0
104 151.0 , Est Remaining: 351.4
105 152.4 , Est Remaining: 349.8
106 153.8 , Est Remaining: 348.2
107 155.2 , Est Remaining: 346.7
108 156.6 , Est Remaining: 345.1
EVENT FAILED
108 156.9 , Est Remaining: 345.7
109 158.3 , Est Remaining: 344.2
110 159.7 , Est Remaining: 342.6
111 161.1 , Est Remaining: 341.1
112 162.5 , Est Remaining: 339.6
113 163.9 , Est Remaining: 338.0
114 165.3 , Est Remaining: 336.5
115 166.7 , Est Remaining: 334.9
116 168.2 , Est Remaining: 333.5
117 169.6 , Est Remaining: 332.0
118 171.0 , Est Remaining: 330.5
119 172.4 , Est Remaining: 328.9
EVENT FAILED
119 172.7 , Est Remaining: 329.4
120 174.1 , Est Remaining: 327.9
121 175.5 , Est Remaining: 326.3
122 176.9 , Est Remaining: 324.8
123 178.3 , Est Remaining: 323.2
124 179.7 , Est Remaining: 321.7
125 181.1 , Est Remaining: 320.2
126 182.5 , Est Remaining: 318.7
127 183.9 , Est Remaining: 317.1
128 185.3 , Est Remaining: 315.6
129 186.7 , Est Remaining: 314.1
130 188.1 , Est Remaining: 312.6
131 189.5 , Est Remaining: 311.0
132 190.9 , Est Remaining: 309.5
133 192.3 , Est Remaining: 308.0
134 193.7 , Est Remaining: 306.5
135 195.1 , Est Remaining: 304.9
136 196.5 , Est Remaining: 303.4
137 197.9 , Est Remaining: 301.9
138 199.3 , Est Remaining: 300.3
139 200.7 , Est Remaining: 298.8
140 202.0 , Est Remaining: 297.3
141 203.4 , Est Remaining: 295.8
142 204.8 , Est Remaining: 294.3
143 206.2 , Est Remaining: 292.8
144 207.6 , Est Remaining: 291.2
145 209.0 , Est Remaining: 289.7
146 210.4 , Est Remaining: 288.2
147 211.8 , Est Remaining: 286.7
148 213.1 , Est Remaining: 285.1
149 214.5 , Est Remaining: 283.6
150 215.9 , Est Remaining: 282.1
151 217.3 , Est Remaining: 280.6
152 218.6 , Est Remaining: 279.0
153 220.0 , Est Remaining: 277.5
154 221.3 , Est Remaining: 276.0
155 222.7 , Est Remaining: 274.4
156 224.1 , Est Remaining: 272.9
157 225.4 , Est Remaining: 271.4
158 226.8 , Est Remaining: 269.9
159 228.2 , Est Remaining: 268.4
160 229.6 , Est Remaining: 266.9
161 230.9 , Est Remaining: 265.4
162 232.3 , Est Remaining: 263.9
163 233.7 , Est Remaining: 262.4
164 235.1 , Est Remaining: 260.9
165 236.5 , Est Remaining: 259.4
166 237.9 , Est Remaining: 257.9
167 239.3 , Est Remaining: 256.5
168 240.7 , Est Remaining: 255.0
169 242.1 , Est Remaining: 253.5
170 243.5 , Est Remaining: 252.1
171 244.9 , Est Remaining: 250.6
172 246.3 , Est Remaining: 249.1
EVENT FAILED
172 246.6 , Est Remaining: 249.4
173 248.0 , Est Remaining: 248.0
174 249.4 , Est Remaining: 246.5
175 250.7 , Est Remaining: 245.0
EVENT FAILED
175 251.1 , Est Remaining: 245.3
176 252.5 , Est Remaining: 243.9
177 253.9 , Est Remaining: 242.4
178 255.3 , Est Remaining: 241.0
179 256.7 , Est Remaining: 239.5
180 258.1 , Est Remaining: 238.1
181 259.5 , Est Remaining: 236.6
182 261.0 , Est Remaining: 235.1
183 262.4 , Est Remaining: 233.7
184 263.8 , Est Remaining: 232.2
185 265.2 , Est Remaining: 230.8
186 266.6 , Est Remaining: 229.3
187 268.0 , Est Remaining: 227.9
188 269.4 , Est Remaining: 226.4
189 270.8 , Est Remaining: 224.9
190 272.2 , Est Remaining: 223.5
191 273.6 , Est Remaining: 222.0
192 275.1 , Est Remaining: 220.6
193 276.5 , Est Remaining: 219.2
194 277.9 , Est Remaining: 217.7
195 279.3 , Est Remaining: 216.3
196 280.8 , Est Remaining: 214.9
197 282.2 , Est Remaining: 213.5
198 283.7 , Est Remaining: 212.0
199 285.1 , Est Remaining: 210.6
200 286.6 , Est Remaining: 209.2
201 288.0 , Est Remaining: 207.8
202 289.4 , Est Remaining: 206.3
203 291.0 , Est Remaining: 205.0
204 292.4 , Est Remaining: 203.5
205 293.9 , Est Remaining: 202.1
206 295.3 , Est Remaining: 200.7
207 296.7 , Est Remaining: 199.2
208 298.1 , Est Remaining: 197.8
209 299.5 , Est Remaining: 196.4
210 301.0 , Est Remaining: 194.9
211 302.4 , Est Remaining: 193.5
212 303.8 , Est Remaining: 192.0
213 305.3 , Est Remaining: 190.6
214 306.7 , Est Remaining: 189.2
215 308.2 , Est Remaining: 187.8
216 309.6 , Est Remaining: 186.3
217 311.0 , Est Remaining: 184.9
218 312.5 , Est Remaining: 183.5
219 313.9 , Est Remaining: 182.1
220 315.4 , Est Remaining: 180.6
221 316.8 , Est Remaining: 179.2
222 318.2 , Est Remaining: 177.8
223 319.7 , Est Remaining: 176.3
224 321.1 , Est Remaining: 174.9
225 322.5 , Est Remaining: 173.4
226 324.0 , Est Remaining: 172.0
227 325.4 , Est Remaining: 170.6
228 326.8 , Est Remaining: 169.2
229 328.3 , Est Remaining: 167.7
230 329.7 , Est Remaining: 166.3
231 331.2 , Est Remaining: 164.9
232 332.6 , Est Remaining: 163.4
233 334.0 , Est Remaining: 162.0
234 335.5 , Est Remaining: 160.6
235 336.9 , Est Remaining: 159.1
236 338.4 , Est Remaining: 157.7
237 339.8 , Est Remaining: 156.3
238 341.3 , Est Remaining: 154.9
239 342.8 , Est Remaining: 153.5
240 344.2 , Est Remaining: 152.0
EVENT FAILED
240 344.5 , Est Remaining: 152.2
241 346.0 , Est Remaining: 150.7
242 347.4 , Est Remaining: 149.3
243 348.8 , Est Remaining: 147.9
244 350.2 , Est Remaining: 146.4
245 351.7 , Est Remaining: 145.0
246 353.2 , Est Remaining: 143.6
247 354.6 , Est Remaining: 142.1
248 356.1 , Est Remaining: 140.7
249 357.5 , Est Remaining: 139.3
250 359.0 , Est Remaining: 137.8
251 360.4 , Est Remaining: 136.4
252 361.9 , Est Remaining: 135.0
253 363.3 , Est Remaining: 133.5
254 364.8 , Est Remaining: 132.1
255 366.2 , Est Remaining: 130.7
256 367.7 , Est Remaining: 129.3
257 369.1 , Est Remaining: 127.8
258 370.6 , Est Remaining: 126.4
259 371.9 , Est Remaining: 124.9
260 373.4 , Est Remaining: 123.5
261 374.8 , Est Remaining: 122.1
262 376.3 , Est Remaining: 120.6
263 377.7 , Est Remaining: 119.2
264 379.1 , Est Remaining: 117.8
265 380.6 , Est Remaining: 116.3
266 382.0 , Est Remaining: 114.9
267 383.4 , Est Remaining: 113.5
268 384.9 , Est Remaining: 112.0
269 386.3 , Est Remaining: 110.6
270 387.7 , Est Remaining: 109.1
271 389.1 , Est Remaining: 107.7
272 390.6 , Est Remaining: 106.3
EVENT FAILED
272 390.9 , Est Remaining: 106.3
273 392.3 , Est Remaining: 104.9
274 393.7 , Est Remaining: 103.5
275 395.1 , Est Remaining: 102.0
276 396.5 , Est Remaining: 100.6
277 398.0 , Est Remaining: 99.1
278 399.4 , Est Remaining: 97.7
279 400.8 , Est Remaining: 96.2
280 402.2 , Est Remaining: 94.8
281 403.7 , Est Remaining: 93.4
282 405.1 , Est Remaining: 91.9
283 406.6 , Est Remaining: 90.5
EVENT FAILED
283 406.9 , Est Remaining: 90.6
284 408.3 , Est Remaining: 89.1
285 409.8 , Est Remaining: 87.7
286 411.2 , Est Remaining: 86.3
287 412.6 , Est Remaining: 84.8
288 414.1 , Est Remaining: 83.4
289 415.5 , Est Remaining: 82.0
290 417.0 , Est Remaining: 80.5
291 418.4 , Est Remaining: 79.1
292 419.8 , Est Remaining: 77.6
293 421.3 , Est Remaining: 76.2
294 422.7 , Est Remaining: 74.8
295 424.2 , Est Remaining: 73.3
296 425.6 , Est Remaining: 71.9
297 427.1 , Est Remaining: 70.5
298 428.5 , Est Remaining: 69.0
299 429.9 , Est Remaining: 67.6
300 431.3 , Est Remaining: 66.1
301 432.8 , Est Remaining: 64.7
302 434.4 , Est Remaining: 63.3
303 435.8 , Est Remaining: 61.8
304 437.2 , Est Remaining: 60.4
305 438.6 , Est Remaining: 59.0
306 440.1 , Est Remaining: 57.5
307 441.5 , Est Remaining: 56.1
308 442.9 , Est Remaining: 54.6
309 444.4 , Est Remaining: 53.2
310 445.7 , Est Remaining: 51.8
311 447.1 , Est Remaining: 50.3
312 448.5 , Est Remaining: 48.9
313 450.0 , Est Remaining: 47.4
314 451.4 , Est Remaining: 46.0
315 452.9 , Est Remaining: 44.6
316 454.3 , Est Remaining: 43.1
317 455.7 , Est Remaining: 41.7
318 457.2 , Est Remaining: 40.3
319 458.6 , Est Remaining: 38.8
320 460.0 , Est Remaining: 37.4
321 461.4 , Est Remaining: 35.9
EVENT FAILED
321 461.8 , Est Remaining: 36.0
322 463.2 , Est Remaining: 34.5
323 464.6 , Est Remaining: 33.1
324 466.0 , Est Remaining: 31.6
325 467.4 , Est Remaining: 30.2
326 468.8 , Est Remaining: 28.8
327 470.2 , Est Remaining: 27.3
328 471.6 , Est Remaining: 25.9
329 472.9 , Est Remaining: 24.4
330 474.3 , Est Remaining: 23.0
331 475.7 , Est Remaining: 21.6
332 477.0 , Est Remaining: 20.1
