Note: NumExpr detected 32 cores but "NUMEXPR_MAX_THREADS" not set, so enforcing safe limit of 8.
Using selector: EpollSelector
/n/home02/jhaefner/miniconda/envs/IC-3.7-2020-06-16/lib/python3.7/site-packages/scipy/optimize/minpack.py:808: OptimizeWarning: Covariance of the parameters could not be estimated
  category=OptimizeWarning)
Total rwfs: 346
0 0.0 , Est Remaining: 999999.9
1 1.3 , Est Remaining: 464.6
2 2.7 , Est Remaining: 462.6
3 4.0 , Est Remaining: 462.2
4 5.3 , Est Remaining: 455.2
5 6.6 , Est Remaining: 452.8
6 8.0 , Est Remaining: 452.2
7 9.3 , Est Remaining: 450.1
8 10.6 , Est Remaining: 448.2
9 11.9 , Est Remaining: 446.9
10 13.3 , Est Remaining: 445.4
11 14.6 , Est Remaining: 443.3
12 15.9 , Est Remaining: 442.3
13 17.2 , Est Remaining: 441.3
14 18.6 , Est Remaining: 440.0
15 19.9 , Est Remaining: 438.7
16 21.2 , Est Remaining: 437.1
17 22.5 , Est Remaining: 435.6
18 23.8 , Est Remaining: 434.0
19 25.1 , Est Remaining: 432.8
20 26.5 , Est Remaining: 431.3
21 27.8 , Est Remaining: 429.8
22 29.1 , Est Remaining: 428.3
23 30.4 , Est Remaining: 426.7
24 31.7 , Est Remaining: 425.4
25 33.0 , Est Remaining: 424.3
26 34.4 , Est Remaining: 423.1
27 35.7 , Est Remaining: 421.6
28 37.0 , Est Remaining: 420.3
29 38.3 , Est Remaining: 419.0
30 39.7 , Est Remaining: 417.7
31 41.0 , Est Remaining: 416.2
32 42.3 , Est Remaining: 415.0
33 43.6 , Est Remaining: 413.6
34 44.9 , Est Remaining: 412.3
35 46.3 , Est Remaining: 411.0
36 47.6 , Est Remaining: 409.7
37 48.9 , Est Remaining: 408.5
38 50.2 , Est Remaining: 407.2
39 51.6 , Est Remaining: 405.9
40 52.9 , Est Remaining: 404.6
41 54.2 , Est Remaining: 403.2
42 55.5 , Est Remaining: 401.9
43 56.9 , Est Remaining: 400.6
44 58.2 , Est Remaining: 399.4
45 59.5 , Est Remaining: 398.3
46 60.9 , Est Remaining: 397.1
47 62.2 , Est Remaining: 395.7
48 63.5 , Est Remaining: 394.4
49 64.8 , Est Remaining: 393.1
50 66.2 , Est Remaining: 391.6
51 67.5 , Est Remaining: 390.2
52 68.8 , Est Remaining: 388.9
53 70.1 , Est Remaining: 387.6
54 71.4 , Est Remaining: 386.2
55 72.8 , Est Remaining: 384.9
56 74.1 , Est Remaining: 383.6
57 75.4 , Est Remaining: 382.3
58 76.7 , Est Remaining: 381.0
59 78.1 , Est Remaining: 379.7
60 79.4 , Est Remaining: 378.4
61 80.7 , Est Remaining: 377.2
62 82.0 , Est Remaining: 375.8
63 83.4 , Est Remaining: 374.5
64 84.7 , Est Remaining: 373.2
65 86.0 , Est Remaining: 372.0
66 87.4 , Est Remaining: 370.7
67 88.7 , Est Remaining: 369.4
EVENT FAILED
67 89.0 , Est Remaining: 370.6
68 90.3 , Est Remaining: 369.2
69 91.6 , Est Remaining: 367.9
70 93.0 , Est Remaining: 366.6
71 94.3 , Est Remaining: 365.3
72 95.6 , Est Remaining: 363.9
73 97.0 , Est Remaining: 362.6
74 98.3 , Est Remaining: 361.3
75 99.6 , Est Remaining: 360.0
76 101.0 , Est Remaining: 358.8
77 102.3 , Est Remaining: 357.5
78 103.7 , Est Remaining: 356.2
79 105.1 , Est Remaining: 355.1
80 106.4 , Est Remaining: 353.8
81 107.8 , Est Remaining: 352.6
82 109.1 , Est Remaining: 351.3
83 110.5 , Est Remaining: 350.0
84 111.8 , Est Remaining: 348.7
85 113.1 , Est Remaining: 347.4
86 114.5 , Est Remaining: 346.1
87 115.8 , Est Remaining: 344.7
88 117.1 , Est Remaining: 343.4
89 118.5 , Est Remaining: 342.1
90 119.8 , Est Remaining: 340.7
91 121.1 , Est Remaining: 339.3
92 122.4 , Est Remaining: 338.0
93 123.7 , Est Remaining: 336.6
94 125.1 , Est Remaining: 335.3
95 126.4 , Est Remaining: 333.9
96 127.7 , Est Remaining: 332.6
97 129.0 , Est Remaining: 331.2
98 130.3 , Est Remaining: 329.9
99 131.7 , Est Remaining: 328.5
100 133.0 , Est Remaining: 327.2
101 134.3 , Est Remaining: 325.9
102 135.7 , Est Remaining: 324.5
103 137.1 , Est Remaining: 323.4
104 138.4 , Est Remaining: 322.0
105 139.7 , Est Remaining: 320.6
106 141.0 , Est Remaining: 319.3
107 142.4 , Est Remaining: 318.0
108 143.7 , Est Remaining: 316.6
EVENT FAILED
108 144.0 , Est Remaining: 317.3
109 145.3 , Est Remaining: 315.9
110 146.6 , Est Remaining: 314.6
111 148.0 , Est Remaining: 313.2
112 149.3 , Est Remaining: 311.9
113 150.6 , Est Remaining: 310.5
114 151.9 , Est Remaining: 309.1
115 153.2 , Est Remaining: 307.8
116 154.5 , Est Remaining: 306.4
117 155.9 , Est Remaining: 305.1
118 157.2 , Est Remaining: 303.8
119 158.5 , Est Remaining: 302.4
120 159.9 , Est Remaining: 301.1
121 161.2 , Est Remaining: 299.8
122 162.6 , Est Remaining: 298.5
123 163.9 , Est Remaining: 297.2
124 165.3 , Est Remaining: 295.9
125 166.6 , Est Remaining: 294.5
126 167.9 , Est Remaining: 293.2
127 169.3 , Est Remaining: 291.9
128 170.6 , Est Remaining: 290.5
129 171.9 , Est Remaining: 289.2
130 173.2 , Est Remaining: 287.9
131 174.6 , Est Remaining: 286.5
132 175.9 , Est Remaining: 285.2
133 177.2 , Est Remaining: 283.8
134 178.6 , Est Remaining: 282.5
135 179.9 , Est Remaining: 281.1
136 181.2 , Est Remaining: 279.8
137 182.5 , Est Remaining: 278.4
EVENT FAILED
137 182.8 , Est Remaining: 278.9
138 184.1 , Est Remaining: 277.5
139 185.5 , Est Remaining: 276.2
140 186.8 , Est Remaining: 274.8
141 188.1 , Est Remaining: 273.5
142 189.4 , Est Remaining: 272.1
143 190.7 , Est Remaining: 270.8
144 192.1 , Est Remaining: 269.4
145 193.4 , Est Remaining: 268.1
146 194.7 , Est Remaining: 266.8
147 196.1 , Est Remaining: 265.4
148 197.4 , Est Remaining: 264.1
149 198.7 , Est Remaining: 262.7
150 200.0 , Est Remaining: 261.4
151 201.4 , Est Remaining: 260.1
152 202.7 , Est Remaining: 258.7
153 204.1 , Est Remaining: 257.4
154 205.4 , Est Remaining: 256.1
155 206.7 , Est Remaining: 254.7
156 208.1 , Est Remaining: 253.4
157 209.4 , Est Remaining: 252.1
158 210.8 , Est Remaining: 250.8
159 212.1 , Est Remaining: 249.4
160 213.4 , Est Remaining: 248.1
161 214.8 , Est Remaining: 246.8
162 216.1 , Est Remaining: 245.5
163 217.5 , Est Remaining: 244.2
164 218.8 , Est Remaining: 242.8
165 220.2 , Est Remaining: 241.5
166 221.5 , Est Remaining: 240.2
167 222.9 , Est Remaining: 238.9
168 224.2 , Est Remaining: 237.6
169 225.6 , Est Remaining: 236.3
170 226.9 , Est Remaining: 234.9
171 228.3 , Est Remaining: 233.6
172 229.6 , Est Remaining: 232.3
173 231.0 , Est Remaining: 231.0
174 232.3 , Est Remaining: 229.7
175 233.7 , Est Remaining: 228.3
176 235.0 , Est Remaining: 227.0
177 236.4 , Est Remaining: 225.7
178 237.7 , Est Remaining: 224.4
179 239.1 , Est Remaining: 223.0
180 240.4 , Est Remaining: 221.7
181 241.8 , Est Remaining: 220.4
182 243.1 , Est Remaining: 219.1
183 244.5 , Est Remaining: 217.8
184 245.8 , Est Remaining: 216.4
185 247.2 , Est Remaining: 215.1
186 248.5 , Est Remaining: 213.8
187 249.8 , Est Remaining: 212.4
188 251.2 , Est Remaining: 211.1
189 252.5 , Est Remaining: 209.7
190 253.8 , Est Remaining: 208.4
191 255.2 , Est Remaining: 207.1
192 256.5 , Est Remaining: 205.8
193 257.9 , Est Remaining: 204.4
194 259.2 , Est Remaining: 203.1
195 260.5 , Est Remaining: 201.8
196 261.9 , Est Remaining: 200.4
197 263.2 , Est Remaining: 199.1
EVENT FAILED
197 263.5 , Est Remaining: 199.3
EVENT FAILED
197 263.8 , Est Remaining: 199.5
198 265.1 , Est Remaining: 198.2
199 266.4 , Est Remaining: 196.8
200 267.8 , Est Remaining: 195.5
201 269.1 , Est Remaining: 194.1
202 270.4 , Est Remaining: 192.8
203 271.9 , Est Remaining: 191.5
204 273.2 , Est Remaining: 190.2
205 274.5 , Est Remaining: 188.8
206 275.9 , Est Remaining: 187.5
207 277.2 , Est Remaining: 186.1
208 278.5 , Est Remaining: 184.8
209 279.8 , Est Remaining: 183.4
210 281.2 , Est Remaining: 182.1
EVENT FAILED
210 281.5 , Est Remaining: 182.3
211 282.8 , Est Remaining: 180.9
212 284.1 , Est Remaining: 179.6
213 285.5 , Est Remaining: 178.2
214 286.8 , Est Remaining: 176.9
215 288.1 , Est Remaining: 175.5
216 289.4 , Est Remaining: 174.2
217 290.7 , Est Remaining: 172.8
218 292.1 , Est Remaining: 171.5
219 293.4 , Est Remaining: 170.1
220 294.7 , Est Remaining: 168.8
221 296.0 , Est Remaining: 167.4
222 297.3 , Est Remaining: 166.1
223 298.6 , Est Remaining: 164.7
224 300.0 , Est Remaining: 163.4
225 301.3 , Est Remaining: 162.0
226 302.6 , Est Remaining: 160.7
227 303.9 , Est Remaining: 159.3
228 305.3 , Est Remaining: 158.0
229 306.6 , Est Remaining: 156.6
230 307.9 , Est Remaining: 155.3
231 309.3 , Est Remaining: 154.0
232 310.6 , Est Remaining: 152.6
233 311.9 , Est Remaining: 151.3
234 313.3 , Est Remaining: 149.9
235 314.6 , Est Remaining: 148.6
236 315.9 , Est Remaining: 147.3
237 317.3 , Est Remaining: 145.9
238 318.6 , Est Remaining: 144.6
239 319.9 , Est Remaining: 143.2
240 321.3 , Est Remaining: 141.9
241 322.6 , Est Remaining: 140.5
242 323.9 , Est Remaining: 139.2
243 325.2 , Est Remaining: 137.9
244 326.5 , Est Remaining: 136.5
245 327.9 , Est Remaining: 135.2
246 329.2 , Est Remaining: 133.8
247 330.5 , Est Remaining: 132.5
248 331.9 , Est Remaining: 131.1
249 333.2 , Est Remaining: 129.8
250 334.6 , Est Remaining: 128.5
251 335.9 , Est Remaining: 127.1
252 337.2 , Est Remaining: 125.8
253 338.6 , Est Remaining: 124.5
254 339.9 , Est Remaining: 123.1
255 341.2 , Est Remaining: 121.8
EVENT FAILED
255 341.5 , Est Remaining: 121.9
256 342.8 , Est Remaining: 120.5
257 344.2 , Est Remaining: 119.2
258 345.5 , Est Remaining: 117.8
259 346.8 , Est Remaining: 116.5
260 348.1 , Est Remaining: 115.1
261 349.4 , Est Remaining: 113.8
262 350.8 , Est Remaining: 112.5
263 352.1 , Est Remaining: 111.1
264 353.4 , Est Remaining: 109.8
265 354.7 , Est Remaining: 108.4
266 356.1 , Est Remaining: 107.1
267 357.4 , Est Remaining: 105.7
268 358.7 , Est Remaining: 104.4
269 360.1 , Est Remaining: 103.1
270 361.4 , Est Remaining: 101.7
271 362.7 , Est Remaining: 100.4
272 364.0 , Est Remaining: 99.0
273 365.4 , Est Remaining: 97.7
274 366.7 , Est Remaining: 96.4
275 368.0 , Est Remaining: 95.0
276 369.4 , Est Remaining: 93.7
277 370.7 , Est Remaining: 92.3
278 372.1 , Est Remaining: 91.0
279 373.4 , Est Remaining: 89.7
280 374.8 , Est Remaining: 88.3
281 376.1 , Est Remaining: 87.0
282 377.4 , Est Remaining: 85.7
283 378.7 , Est Remaining: 84.3
284 380.1 , Est Remaining: 83.0
285 381.4 , Est Remaining: 81.6
286 382.7 , Est Remaining: 80.3
287 384.1 , Est Remaining: 79.0
288 385.4 , Est Remaining: 77.6
289 386.7 , Est Remaining: 76.3
290 388.0 , Est Remaining: 74.9
291 389.4 , Est Remaining: 73.6
292 390.7 , Est Remaining: 72.3
293 392.0 , Est Remaining: 70.9
294 393.3 , Est Remaining: 69.6
295 394.7 , Est Remaining: 68.2
296 396.0 , Est Remaining: 66.9
297 397.3 , Est Remaining: 65.6
298 398.7 , Est Remaining: 64.2
299 400.0 , Est Remaining: 62.9
300 401.3 , Est Remaining: 61.5
301 402.6 , Est Remaining: 60.2
302 404.1 , Est Remaining: 58.9
303 405.4 , Est Remaining: 57.5
304 406.7 , Est Remaining: 56.2
305 408.0 , Est Remaining: 54.9
306 409.4 , Est Remaining: 53.5
307 410.7 , Est Remaining: 52.2
EVENT FAILED
307 411.0 , Est Remaining: 52.2
308 412.3 , Est Remaining: 50.9
309 413.6 , Est Remaining: 49.5
310 415.0 , Est Remaining: 48.2
311 416.3 , Est Remaining: 46.9
312 417.6 , Est Remaining: 45.5
313 419.0 , Est Remaining: 44.2
314 420.3 , Est Remaining: 42.8
EVENT FAILED
314 420.6 , Est Remaining: 42.9
315 421.9 , Est Remaining: 41.5
316 423.2 , Est Remaining: 40.2
317 424.5 , Est Remaining: 38.8
318 425.9 , Est Remaining: 37.5
319 427.2 , Est Remaining: 36.2
320 428.5 , Est Remaining: 34.8
321 429.8 , Est Remaining: 33.5
322 431.1 , Est Remaining: 32.1
323 432.4 , Est Remaining: 30.8
324 433.7 , Est Remaining: 29.5
325 435.0 , Est Remaining: 28.1
326 436.3 , Est Remaining: 26.8
327 437.6 , Est Remaining: 25.4
328 438.9 , Est Remaining: 24.1
329 440.2 , Est Remaining: 22.7
330 441.5 , Est Remaining: 21.4
331 442.8 , Est Remaining: 20.1
332 444.1 , Est Remaining: 18.7
333 445.4 , Est Remaining: 17.4
334 446.7 , Est Remaining: 16.1
335 448.0 , Est Remaining: 14.7
336 449.3 , Est Remaining: 13.4
