Note: NumExpr detected 32 cores but "NUMEXPR_MAX_THREADS" not set, so enforcing safe limit of 8.
Using selector: EpollSelector
/n/home02/jhaefner/miniconda/envs/IC-3.7-2020-06-16/lib/python3.7/site-packages/scipy/optimize/minpack.py:808: OptimizeWarning: Covariance of the parameters could not be estimated
  category=OptimizeWarning)
Total rwfs: 346
0 0.0 , Est Remaining: 999999.9
1 1.4 , Est Remaining: 479.0
2 2.8 , Est Remaining: 477.2
3 4.2 , Est Remaining: 477.9
4 5.5 , Est Remaining: 473.8
5 6.9 , Est Remaining: 470.2
6 8.3 , Est Remaining: 469.6
7 9.6 , Est Remaining: 467.2
8 11.0 , Est Remaining: 464.4
9 12.3 , Est Remaining: 462.0
10 13.7 , Est Remaining: 459.9
11 15.0 , Est Remaining: 458.2
12 16.4 , Est Remaining: 456.8
EVENT FAILED
12 16.7 , Est Remaining: 465.9
13 18.1 , Est Remaining: 463.2
14 19.4 , Est Remaining: 460.9
15 20.8 , Est Remaining: 458.6
16 22.1 , Est Remaining: 456.3
17 23.5 , Est Remaining: 454.2
18 24.8 , Est Remaining: 452.3
EVENT FAILED
18 25.1 , Est Remaining: 457.9
EVENT FAILED
18 25.4 , Est Remaining: 463.4
19 26.8 , Est Remaining: 460.8
20 28.1 , Est Remaining: 458.4
21 29.5 , Est Remaining: 456.1
22 30.8 , Est Remaining: 454.0
23 32.2 , Est Remaining: 452.0
24 33.6 , Est Remaining: 450.2
25 34.9 , Est Remaining: 448.3
26 36.3 , Est Remaining: 446.3
27 37.6 , Est Remaining: 444.3
28 38.9 , Est Remaining: 442.3
29 40.2 , Est Remaining: 439.7
30 41.6 , Est Remaining: 437.9
31 42.9 , Est Remaining: 436.0
32 44.2 , Est Remaining: 434.1
33 45.6 , Est Remaining: 432.4
34 46.9 , Est Remaining: 430.6
35 48.3 , Est Remaining: 428.9
36 49.6 , Est Remaining: 427.2
37 50.9 , Est Remaining: 425.3
38 52.3 , Est Remaining: 423.5
39 53.6 , Est Remaining: 421.9
40 54.9 , Est Remaining: 420.2
41 56.3 , Est Remaining: 418.6
42 57.6 , Est Remaining: 417.0
43 59.0 , Est Remaining: 415.6
44 60.3 , Est Remaining: 414.2
45 61.7 , Est Remaining: 412.6
46 63.0 , Est Remaining: 411.0
47 64.4 , Est Remaining: 409.5
48 65.7 , Est Remaining: 407.9
49 67.0 , Est Remaining: 406.3
EVENT FAILED
49 67.3 , Est Remaining: 408.2
50 68.7 , Est Remaining: 406.6
51 70.0 , Est Remaining: 405.1
52 71.4 , Est Remaining: 403.5
53 72.7 , Est Remaining: 401.9
54 74.0 , Est Remaining: 400.4
55 75.4 , Est Remaining: 398.9
56 76.7 , Est Remaining: 397.4
57 78.1 , Est Remaining: 395.9
58 79.4 , Est Remaining: 394.4
59 80.8 , Est Remaining: 393.0
60 82.1 , Est Remaining: 391.5
61 83.5 , Est Remaining: 390.0
62 84.8 , Est Remaining: 388.5
63 86.2 , Est Remaining: 387.0
64 87.5 , Est Remaining: 385.6
65 88.8 , Est Remaining: 384.1
66 90.2 , Est Remaining: 382.6
67 91.5 , Est Remaining: 381.1
68 92.9 , Est Remaining: 379.6
69 94.2 , Est Remaining: 378.1
70 95.5 , Est Remaining: 376.7
71 96.9 , Est Remaining: 375.2
72 98.2 , Est Remaining: 373.8
73 99.6 , Est Remaining: 372.4
74 100.9 , Est Remaining: 371.0
EVENT FAILED
74 101.2 , Est Remaining: 372.1
75 102.6 , Est Remaining: 370.7
76 103.9 , Est Remaining: 369.3
77 105.3 , Est Remaining: 367.9
78 106.7 , Est Remaining: 366.4
79 108.0 , Est Remaining: 365.0
80 109.3 , Est Remaining: 363.6
81 110.7 , Est Remaining: 362.1
82 112.0 , Est Remaining: 360.7
83 113.4 , Est Remaining: 359.3
84 114.7 , Est Remaining: 357.9
85 116.1 , Est Remaining: 356.5
EVENT FAILED
85 116.4 , Est Remaining: 357.4
86 117.7 , Est Remaining: 356.0
87 119.1 , Est Remaining: 354.5
88 120.4 , Est Remaining: 353.1
EVENT FAILED
88 120.8 , Est Remaining: 354.2
89 122.2 , Est Remaining: 352.7
90 123.5 , Est Remaining: 351.3
91 124.8 , Est Remaining: 349.8
92 126.2 , Est Remaining: 348.4
93 127.5 , Est Remaining: 347.0
94 128.9 , Est Remaining: 345.5
95 130.2 , Est Remaining: 344.0
96 131.5 , Est Remaining: 342.5
97 132.9 , Est Remaining: 341.1
98 134.2 , Est Remaining: 339.7
99 135.6 , Est Remaining: 338.2
100 136.9 , Est Remaining: 336.8
101 138.2 , Est Remaining: 335.3
102 139.6 , Est Remaining: 333.9
EVENT FAILED
102 139.9 , Est Remaining: 334.6
103 141.3 , Est Remaining: 333.4
104 142.7 , Est Remaining: 331.9
EVENT FAILED
104 143.0 , Est Remaining: 332.6
105 144.3 , Est Remaining: 331.2
106 145.7 , Est Remaining: 329.8
107 147.0 , Est Remaining: 328.4
108 148.4 , Est Remaining: 326.9
109 149.7 , Est Remaining: 325.5
110 151.1 , Est Remaining: 324.1
111 152.4 , Est Remaining: 322.6
112 153.8 , Est Remaining: 321.2
113 155.1 , Est Remaining: 319.8
114 156.4 , Est Remaining: 318.4
EVENT FAILED
114 156.8 , Est Remaining: 319.0
115 158.1 , Est Remaining: 317.5
116 159.4 , Est Remaining: 316.1
117 160.8 , Est Remaining: 314.7
118 162.1 , Est Remaining: 313.3
119 163.5 , Est Remaining: 311.9
120 164.8 , Est Remaining: 310.4
121 166.2 , Est Remaining: 309.0
122 167.5 , Est Remaining: 307.6
123 168.8 , Est Remaining: 306.1
124 170.2 , Est Remaining: 304.7
125 171.5 , Est Remaining: 303.3
126 172.9 , Est Remaining: 301.8
127 174.2 , Est Remaining: 300.4
128 175.6 , Est Remaining: 299.0
129 176.9 , Est Remaining: 297.6
130 178.2 , Est Remaining: 296.2
131 179.6 , Est Remaining: 294.7
132 180.9 , Est Remaining: 293.3
133 182.3 , Est Remaining: 291.9
134 183.6 , Est Remaining: 290.5
135 185.0 , Est Remaining: 289.1
136 186.3 , Est Remaining: 287.7
137 187.7 , Est Remaining: 286.3
138 189.0 , Est Remaining: 284.9
EVENT FAILED
138 189.3 , Est Remaining: 285.4
139 190.7 , Est Remaining: 284.0
140 192.1 , Est Remaining: 282.6
141 193.4 , Est Remaining: 281.2
142 194.8 , Est Remaining: 279.8
143 196.1 , Est Remaining: 278.4
144 197.5 , Est Remaining: 277.0
145 198.8 , Est Remaining: 275.6
146 200.2 , Est Remaining: 274.2
147 201.5 , Est Remaining: 272.8
148 202.9 , Est Remaining: 271.4
149 204.2 , Est Remaining: 270.0
EVENT FAILED
149 204.5 , Est Remaining: 270.4
150 205.9 , Est Remaining: 269.0
151 207.2 , Est Remaining: 267.6
152 208.6 , Est Remaining: 266.2
153 209.9 , Est Remaining: 264.8
154 211.3 , Est Remaining: 263.4
155 212.6 , Est Remaining: 262.0
156 214.0 , Est Remaining: 260.6
157 215.3 , Est Remaining: 259.2
158 216.7 , Est Remaining: 257.8
159 218.0 , Est Remaining: 256.4
160 219.4 , Est Remaining: 255.0
161 220.7 , Est Remaining: 253.6
162 222.1 , Est Remaining: 252.2
163 223.4 , Est Remaining: 250.9
164 224.8 , Est Remaining: 249.5
165 226.1 , Est Remaining: 248.1
166 227.5 , Est Remaining: 246.7
167 228.8 , Est Remaining: 245.2
168 230.1 , Est Remaining: 243.8
169 231.5 , Est Remaining: 242.5
170 232.8 , Est Remaining: 241.1
171 234.2 , Est Remaining: 239.7
172 235.6 , Est Remaining: 238.3
173 236.9 , Est Remaining: 236.9
174 238.3 , Est Remaining: 235.5
175 239.6 , Est Remaining: 234.2
176 241.0 , Est Remaining: 232.8
177 242.3 , Est Remaining: 231.4
178 243.7 , Est Remaining: 230.0
179 245.1 , Est Remaining: 228.6
180 246.4 , Est Remaining: 227.3
181 247.8 , Est Remaining: 225.9
182 249.1 , Est Remaining: 224.5
183 250.5 , Est Remaining: 223.1
184 251.9 , Est Remaining: 221.7
185 253.2 , Est Remaining: 220.4
186 254.6 , Est Remaining: 219.0
187 256.0 , Est Remaining: 217.7
188 257.3 , Est Remaining: 216.3
189 258.7 , Est Remaining: 214.9
190 260.0 , Est Remaining: 213.5
191 261.4 , Est Remaining: 212.1
192 262.8 , Est Remaining: 210.7
193 264.1 , Est Remaining: 209.4
194 265.5 , Est Remaining: 208.0
195 266.8 , Est Remaining: 206.6
196 268.2 , Est Remaining: 205.2
197 269.5 , Est Remaining: 203.9
198 270.9 , Est Remaining: 202.5
199 272.2 , Est Remaining: 201.1
200 273.6 , Est Remaining: 199.7
201 274.9 , Est Remaining: 198.3
202 276.3 , Est Remaining: 196.9
203 277.7 , Est Remaining: 195.6
204 279.1 , Est Remaining: 194.3
205 280.4 , Est Remaining: 192.9
206 281.8 , Est Remaining: 191.5
207 283.1 , Est Remaining: 190.1
208 284.4 , Est Remaining: 188.7
209 285.8 , Est Remaining: 187.3
210 287.1 , Est Remaining: 185.9
211 288.4 , Est Remaining: 184.6
212 289.8 , Est Remaining: 183.2
213 291.1 , Est Remaining: 181.8
214 292.5 , Est Remaining: 180.4
215 293.8 , Est Remaining: 179.0
216 295.2 , Est Remaining: 177.6
217 296.5 , Est Remaining: 176.3
218 297.8 , Est Remaining: 174.9
219 299.1 , Est Remaining: 173.5
220 300.5 , Est Remaining: 172.1
221 301.8 , Est Remaining: 170.7
222 303.1 , Est Remaining: 169.3
223 304.4 , Est Remaining: 167.9
224 305.8 , Est Remaining: 166.5
225 307.1 , Est Remaining: 165.2
226 308.4 , Est Remaining: 163.8
227 309.8 , Est Remaining: 162.4
228 311.1 , Est Remaining: 161.0
229 312.4 , Est Remaining: 159.6
230 313.8 , Est Remaining: 158.3
231 315.1 , Est Remaining: 156.9
232 316.5 , Est Remaining: 155.5
233 317.8 , Est Remaining: 154.1
234 319.2 , Est Remaining: 152.8
235 320.5 , Est Remaining: 151.4
236 321.8 , Est Remaining: 150.0
237 323.2 , Est Remaining: 148.6
238 324.5 , Est Remaining: 147.3
239 325.9 , Est Remaining: 145.9
240 327.2 , Est Remaining: 144.5
241 328.6 , Est Remaining: 143.2
242 329.9 , Est Remaining: 141.8
243 331.3 , Est Remaining: 140.4
244 332.7 , Est Remaining: 139.1
245 334.0 , Est Remaining: 137.7
246 335.4 , Est Remaining: 136.3
247 336.7 , Est Remaining: 134.9
248 338.1 , Est Remaining: 133.6
249 339.4 , Est Remaining: 132.2
250 340.8 , Est Remaining: 130.9
251 342.1 , Est Remaining: 129.5
252 343.5 , Est Remaining: 128.1
253 344.8 , Est Remaining: 126.8
254 346.2 , Est Remaining: 125.4
255 347.5 , Est Remaining: 124.0
256 348.9 , Est Remaining: 122.6
257 350.2 , Est Remaining: 121.3
258 351.6 , Est Remaining: 119.9
259 352.9 , Est Remaining: 118.6
260 354.3 , Est Remaining: 117.2
EVENT FAILED
260 354.6 , Est Remaining: 117.3
261 355.9 , Est Remaining: 115.9
262 357.3 , Est Remaining: 114.6
263 358.6 , Est Remaining: 113.2
264 360.0 , Est Remaining: 111.8
265 361.3 , Est Remaining: 110.4
266 362.7 , Est Remaining: 109.1
267 364.1 , Est Remaining: 107.7
268 365.4 , Est Remaining: 106.4
269 366.8 , Est Remaining: 105.0
270 368.1 , Est Remaining: 103.6
271 369.5 , Est Remaining: 102.2
272 370.8 , Est Remaining: 100.9
273 372.2 , Est Remaining: 99.5
274 373.5 , Est Remaining: 98.2
275 374.9 , Est Remaining: 96.8
276 376.3 , Est Remaining: 95.4
277 377.6 , Est Remaining: 94.1
278 379.0 , Est Remaining: 92.7
279 380.3 , Est Remaining: 91.3
280 381.7 , Est Remaining: 90.0
281 383.0 , Est Remaining: 88.6
282 384.4 , Est Remaining: 87.2
283 385.7 , Est Remaining: 85.9
284 387.1 , Est Remaining: 84.5
285 388.4 , Est Remaining: 83.1
286 389.8 , Est Remaining: 81.8
287 391.1 , Est Remaining: 80.4
EVENT FAILED
287 391.4 , Est Remaining: 80.5
288 392.8 , Est Remaining: 79.1
289 394.1 , Est Remaining: 77.7
290 395.5 , Est Remaining: 76.4
291 396.8 , Est Remaining: 75.0
292 398.1 , Est Remaining: 73.6
293 399.5 , Est Remaining: 72.3
294 400.7 , Est Remaining: 70.9
295 402.0 , Est Remaining: 69.5
296 403.4 , Est Remaining: 68.1
297 404.7 , Est Remaining: 66.8
298 406.0 , Est Remaining: 65.4
299 407.3 , Est Remaining: 64.0
300 408.7 , Est Remaining: 62.7
301 410.0 , Est Remaining: 61.3
302 411.5 , Est Remaining: 59.9
303 412.8 , Est Remaining: 58.6
304 414.1 , Est Remaining: 57.2
305 415.4 , Est Remaining: 55.8
306 416.8 , Est Remaining: 54.5
307 418.1 , Est Remaining: 53.1
308 419.4 , Est Remaining: 51.7
309 420.8 , Est Remaining: 50.4
310 422.1 , Est Remaining: 49.0
311 423.4 , Est Remaining: 47.7
312 424.8 , Est Remaining: 46.3
313 426.1 , Est Remaining: 44.9
314 427.4 , Est Remaining: 43.6
315 428.8 , Est Remaining: 42.2
316 430.1 , Est Remaining: 40.8
317 431.5 , Est Remaining: 39.5
318 432.8 , Est Remaining: 38.1
319 434.2 , Est Remaining: 36.7
320 435.5 , Est Remaining: 35.4
321 436.8 , Est Remaining: 34.0
322 438.2 , Est Remaining: 32.7
323 439.5 , Est Remaining: 31.3
324 440.8 , Est Remaining: 29.9
325 442.2 , Est Remaining: 28.6
326 443.5 , Est Remaining: 27.2
327 444.8 , Est Remaining: 25.8
328 446.1 , Est Remaining: 24.5
329 447.4 , Est Remaining: 23.1
330 448.7 , Est Remaining: 21.8
331 450.0 , Est Remaining: 20.4
