Note: NumExpr detected 32 cores but "NUMEXPR_MAX_THREADS" not set, so enforcing safe limit of 8.
Using selector: EpollSelector
/n/home02/jhaefner/miniconda/envs/IC-3.7-2020-06-16/lib/python3.7/site-packages/scipy/optimize/minpack.py:808: OptimizeWarning: Covariance of the parameters could not be estimated
  category=OptimizeWarning)
Total rwfs: 346
0 0.0 , Est Remaining: 999999.9
1 1.4 , Est Remaining: 474.8
2 2.7 , Est Remaining: 469.2
3 4.1 , Est Remaining: 467.4
4 5.4 , Est Remaining: 462.9
5 6.7 , Est Remaining: 458.4
6 8.1 , Est Remaining: 456.7
7 9.4 , Est Remaining: 454.0
8 10.7 , Est Remaining: 452.6
9 12.0 , Est Remaining: 450.8
10 13.4 , Est Remaining: 449.0
11 14.7 , Est Remaining: 446.4
12 16.0 , Est Remaining: 445.2
13 17.3 , Est Remaining: 444.0
14 18.7 , Est Remaining: 442.5
15 20.0 , Est Remaining: 440.7
16 21.3 , Est Remaining: 439.1
17 22.6 , Est Remaining: 437.6
18 23.9 , Est Remaining: 436.2
19 25.3 , Est Remaining: 434.7
20 26.6 , Est Remaining: 433.2
21 27.9 , Est Remaining: 431.8
22 29.2 , Est Remaining: 430.5
23 30.5 , Est Remaining: 428.9
24 31.9 , Est Remaining: 427.6
25 33.2 , Est Remaining: 426.3
26 34.5 , Est Remaining: 424.9
27 35.8 , Est Remaining: 423.5
28 37.2 , Est Remaining: 422.5
29 38.5 , Est Remaining: 421.0
30 39.8 , Est Remaining: 419.5
31 41.2 , Est Remaining: 418.4
32 42.5 , Est Remaining: 417.0
33 43.8 , Est Remaining: 415.6
34 45.2 , Est Remaining: 414.4
35 46.5 , Est Remaining: 413.1
36 47.8 , Est Remaining: 411.8
37 49.2 , Est Remaining: 410.6
38 50.5 , Est Remaining: 409.2
39 51.8 , Est Remaining: 407.9
40 53.1 , Est Remaining: 406.6
EVENT FAILED
40 53.4 , Est Remaining: 408.8
41 54.8 , Est Remaining: 407.5
42 56.1 , Est Remaining: 406.2
EVENT FAILED
42 56.4 , Est Remaining: 408.4
43 57.8 , Est Remaining: 407.1
44 59.1 , Est Remaining: 405.9
45 60.5 , Est Remaining: 404.7
46 61.9 , Est Remaining: 403.6
47 63.2 , Est Remaining: 402.2
48 64.6 , Est Remaining: 400.9
49 65.9 , Est Remaining: 399.6
50 67.3 , Est Remaining: 398.5
51 68.7 , Est Remaining: 397.1
52 70.0 , Est Remaining: 395.9
53 71.4 , Est Remaining: 394.7
54 72.8 , Est Remaining: 393.5
55 74.2 , Est Remaining: 392.5
56 75.6 , Est Remaining: 391.4
57 77.0 , Est Remaining: 390.3
58 78.4 , Est Remaining: 389.2
59 79.8 , Est Remaining: 388.1
60 81.2 , Est Remaining: 387.0
61 82.6 , Est Remaining: 385.9
62 83.8 , Est Remaining: 384.1
63 85.3 , Est Remaining: 383.0
EVENT FAILED
63 85.6 , Est Remaining: 384.4
64 87.0 , Est Remaining: 383.2
65 88.4 , Est Remaining: 382.2
66 89.9 , Est Remaining: 381.2
67 91.3 , Est Remaining: 380.1
68 92.7 , Est Remaining: 379.1
69 94.1 , Est Remaining: 378.0
EVENT FAILED
69 94.5 , Est Remaining: 379.2
70 95.9 , Est Remaining: 378.1
71 97.3 , Est Remaining: 376.9
72 98.7 , Est Remaining: 375.8
73 100.2 , Est Remaining: 374.5
74 101.6 , Est Remaining: 373.4
75 103.0 , Est Remaining: 372.3
76 104.5 , Est Remaining: 371.2
77 105.9 , Est Remaining: 370.0
78 107.3 , Est Remaining: 368.8
79 108.8 , Est Remaining: 367.6
80 110.2 , Est Remaining: 366.5
81 111.6 , Est Remaining: 365.3
82 113.1 , Est Remaining: 364.1
EVENT FAILED
82 113.4 , Est Remaining: 365.1
83 114.8 , Est Remaining: 363.8
84 116.2 , Est Remaining: 362.6
85 117.7 , Est Remaining: 361.3
86 119.1 , Est Remaining: 360.1
87 120.5 , Est Remaining: 358.8
88 122.0 , Est Remaining: 357.6
89 123.4 , Est Remaining: 356.3
90 124.8 , Est Remaining: 355.0
91 126.2 , Est Remaining: 353.8
92 127.7 , Est Remaining: 352.5
93 129.1 , Est Remaining: 351.3
94 130.6 , Est Remaining: 350.0
95 132.0 , Est Remaining: 348.8
96 133.5 , Est Remaining: 347.5
97 134.9 , Est Remaining: 346.3
98 136.3 , Est Remaining: 345.0
99 137.8 , Est Remaining: 343.8
100 139.2 , Est Remaining: 342.5
101 140.7 , Est Remaining: 341.2
102 142.1 , Est Remaining: 340.0
103 143.7 , Est Remaining: 339.0
EVENT FAILED
103 144.0 , Est Remaining: 339.7
104 145.4 , Est Remaining: 338.4
105 146.9 , Est Remaining: 337.1
106 148.4 , Est Remaining: 335.9
107 149.8 , Est Remaining: 334.6
108 151.3 , Est Remaining: 333.4
109 152.8 , Est Remaining: 332.1
110 154.2 , Est Remaining: 330.9
111 155.7 , Est Remaining: 329.6
112 157.1 , Est Remaining: 328.3
113 158.6 , Est Remaining: 327.0
114 160.1 , Est Remaining: 325.8
115 161.6 , Est Remaining: 324.5
116 163.0 , Est Remaining: 323.3
117 164.5 , Est Remaining: 322.0
118 166.0 , Est Remaining: 320.7
119 167.5 , Est Remaining: 319.5
120 168.9 , Est Remaining: 318.2
121 170.4 , Est Remaining: 316.8
122 171.9 , Est Remaining: 315.6
123 173.3 , Est Remaining: 314.2
124 174.8 , Est Remaining: 312.9
125 176.2 , Est Remaining: 311.6
126 177.7 , Est Remaining: 310.3
127 179.2 , Est Remaining: 309.0
128 180.6 , Est Remaining: 307.7
129 182.1 , Est Remaining: 306.3
130 183.6 , Est Remaining: 305.0
131 185.0 , Est Remaining: 303.7
EVENT FAILED
131 185.3 , Est Remaining: 304.2
132 186.8 , Est Remaining: 302.8
133 188.2 , Est Remaining: 301.5
134 189.7 , Est Remaining: 300.1
135 191.1 , Est Remaining: 298.7
136 192.6 , Est Remaining: 297.4
137 194.1 , Est Remaining: 296.1
138 195.5 , Est Remaining: 294.7
139 197.0 , Est Remaining: 293.4
140 198.5 , Est Remaining: 292.0
141 199.9 , Est Remaining: 290.6
142 201.4 , Est Remaining: 289.3
143 202.8 , Est Remaining: 287.9
144 204.3 , Est Remaining: 286.6
145 205.7 , Est Remaining: 285.2
146 207.2 , Est Remaining: 283.8
147 208.6 , Est Remaining: 282.4
148 210.1 , Est Remaining: 281.1
149 211.6 , Est Remaining: 279.7
150 213.0 , Est Remaining: 278.3
151 214.5 , Est Remaining: 276.9
152 215.9 , Est Remaining: 275.6
153 217.4 , Est Remaining: 274.2
154 218.8 , Est Remaining: 272.8
155 220.3 , Est Remaining: 271.4
156 221.8 , Est Remaining: 270.1
157 223.3 , Est Remaining: 268.8
158 224.7 , Est Remaining: 267.4
159 226.2 , Est Remaining: 266.0
160 227.6 , Est Remaining: 264.6
161 229.1 , Est Remaining: 263.2
162 230.6 , Est Remaining: 261.9
163 232.0 , Est Remaining: 260.5
164 233.5 , Est Remaining: 259.1
165 234.9 , Est Remaining: 257.7
166 236.4 , Est Remaining: 256.3
167 237.8 , Est Remaining: 254.9
168 239.3 , Est Remaining: 253.5
169 240.7 , Est Remaining: 252.1
EVENT FAILED
169 241.0 , Est Remaining: 252.5
170 242.5 , Est Remaining: 251.1
171 243.9 , Est Remaining: 249.7
172 245.4 , Est Remaining: 248.2
173 246.8 , Est Remaining: 246.8
174 248.3 , Est Remaining: 245.4
175 249.7 , Est Remaining: 244.0
176 251.2 , Est Remaining: 242.6
177 252.6 , Est Remaining: 241.2
178 254.1 , Est Remaining: 239.8
179 255.6 , Est Remaining: 238.4
180 257.0 , Est Remaining: 237.0
181 258.5 , Est Remaining: 235.6
182 259.9 , Est Remaining: 234.2
183 261.4 , Est Remaining: 232.8
184 262.8 , Est Remaining: 231.4
185 264.2 , Est Remaining: 230.0
186 265.7 , Est Remaining: 228.5
187 267.1 , Est Remaining: 227.1
EVENT FAILED
187 267.4 , Est Remaining: 227.4
188 268.8 , Est Remaining: 225.9
189 270.3 , Est Remaining: 224.5
190 271.7 , Est Remaining: 223.1
191 273.1 , Est Remaining: 221.7
192 274.6 , Est Remaining: 220.2
193 276.0 , Est Remaining: 218.8
194 277.4 , Est Remaining: 217.4
195 278.9 , Est Remaining: 215.9
196 280.3 , Est Remaining: 214.5
197 281.7 , Est Remaining: 213.1
198 283.2 , Est Remaining: 211.7
199 284.6 , Est Remaining: 210.2
200 286.0 , Est Remaining: 208.8
201 287.5 , Est Remaining: 207.4
EVENT FAILED
201 287.8 , Est Remaining: 207.6
202 289.2 , Est Remaining: 206.2
203 290.8 , Est Remaining: 204.8
204 292.2 , Est Remaining: 203.4
205 293.6 , Est Remaining: 202.0
206 295.1 , Est Remaining: 200.5
207 296.5 , Est Remaining: 199.1
208 298.0 , Est Remaining: 197.7
209 299.4 , Est Remaining: 196.3
210 300.8 , Est Remaining: 194.8
211 302.2 , Est Remaining: 193.4
212 303.7 , Est Remaining: 192.0
213 305.1 , Est Remaining: 190.5
214 306.6 , Est Remaining: 189.1
215 308.0 , Est Remaining: 187.7
216 309.4 , Est Remaining: 186.2
217 310.9 , Est Remaining: 184.8
218 312.3 , Est Remaining: 183.4
219 313.8 , Est Remaining: 182.0
220 315.2 , Est Remaining: 180.5
221 316.7 , Est Remaining: 179.1
222 318.1 , Est Remaining: 177.7
223 319.5 , Est Remaining: 176.2
224 321.0 , Est Remaining: 174.8
225 322.4 , Est Remaining: 173.4
226 323.9 , Est Remaining: 172.0
227 325.3 , Est Remaining: 170.5
228 326.7 , Est Remaining: 169.1
229 328.2 , Est Remaining: 167.7
230 329.6 , Est Remaining: 166.2
231 331.1 , Est Remaining: 164.8
232 332.5 , Est Remaining: 163.4
233 333.9 , Est Remaining: 161.9
234 335.4 , Est Remaining: 160.5
235 336.8 , Est Remaining: 159.1
236 338.3 , Est Remaining: 157.7
237 339.7 , Est Remaining: 156.2
238 341.2 , Est Remaining: 154.8
239 342.6 , Est Remaining: 153.4
240 344.0 , Est Remaining: 152.0
241 345.5 , Est Remaining: 150.5
242 346.9 , Est Remaining: 149.1
243 348.3 , Est Remaining: 147.6
244 349.8 , Est Remaining: 146.2
245 351.2 , Est Remaining: 144.8
246 352.6 , Est Remaining: 143.3
247 354.0 , Est Remaining: 141.9
248 355.5 , Est Remaining: 140.5
249 356.9 , Est Remaining: 139.0
250 358.3 , Est Remaining: 137.6
251 359.8 , Est Remaining: 136.2
252 361.2 , Est Remaining: 134.7
253 362.6 , Est Remaining: 133.3
254 364.0 , Est Remaining: 131.8
EVENT FAILED
254 364.3 , Est Remaining: 132.0
255 365.7 , Est Remaining: 130.5
256 367.2 , Est Remaining: 129.1
EVENT FAILED
256 367.5 , Est Remaining: 129.2
257 368.9 , Est Remaining: 127.7
258 370.3 , Est Remaining: 126.3
259 371.8 , Est Remaining: 124.9
260 373.2 , Est Remaining: 123.4
261 374.6 , Est Remaining: 122.0
262 376.1 , Est Remaining: 120.6
263 377.5 , Est Remaining: 119.1
264 378.9 , Est Remaining: 117.7
265 380.3 , Est Remaining: 116.2
266 381.7 , Est Remaining: 114.8
267 383.2 , Est Remaining: 113.4
268 384.6 , Est Remaining: 111.9
269 386.0 , Est Remaining: 110.5
270 387.5 , Est Remaining: 109.1
271 388.9 , Est Remaining: 107.6
272 390.4 , Est Remaining: 106.2
273 391.8 , Est Remaining: 104.8
274 393.2 , Est Remaining: 103.3
275 394.6 , Est Remaining: 101.9
276 396.1 , Est Remaining: 100.5
277 397.5 , Est Remaining: 99.0
278 399.0 , Est Remaining: 97.6
279 400.4 , Est Remaining: 96.2
280 401.9 , Est Remaining: 94.7
281 403.3 , Est Remaining: 93.3
282 404.7 , Est Remaining: 91.9
283 406.2 , Est Remaining: 90.4
284 407.6 , Est Remaining: 89.0
285 409.0 , Est Remaining: 87.5
286 410.4 , Est Remaining: 86.1
287 411.8 , Est Remaining: 84.7
288 413.2 , Est Remaining: 83.2
289 414.6 , Est Remaining: 81.8
290 416.0 , Est Remaining: 80.3
291 417.4 , Est Remaining: 78.9
292 418.8 , Est Remaining: 77.4
293 420.2 , Est Remaining: 76.0
294 421.6 , Est Remaining: 74.6
295 423.0 , Est Remaining: 73.1
296 424.4 , Est Remaining: 71.7
297 425.8 , Est Remaining: 70.3
298 427.2 , Est Remaining: 68.8
299 428.6 , Est Remaining: 67.4
300 430.0 , Est Remaining: 65.9
301 431.5 , Est Remaining: 64.5
302 433.0 , Est Remaining: 63.1
303 434.4 , Est Remaining: 61.7
304 435.8 , Est Remaining: 60.2
305 437.3 , Est Remaining: 58.8
306 438.7 , Est Remaining: 57.3
307 440.1 , Est Remaining: 55.9
308 441.5 , Est Remaining: 54.5
309 443.0 , Est Remaining: 53.0
310 444.4 , Est Remaining: 51.6
311 445.8 , Est Remaining: 50.2
312 447.3 , Est Remaining: 48.7
313 448.7 , Est Remaining: 47.3
314 450.1 , Est Remaining: 45.9
315 451.5 , Est Remaining: 44.4
316 452.9 , Est Remaining: 43.0
317 454.3 , Est Remaining: 41.6
318 455.8 , Est Remaining: 40.1
319 457.2 , Est Remaining: 38.7
320 458.6 , Est Remaining: 37.3
321 460.0 , Est Remaining: 35.8
322 461.4 , Est Remaining: 34.4
323 462.8 , Est Remaining: 33.0
324 464.2 , Est Remaining: 31.5
325 465.6 , Est Remaining: 30.1
326 467.0 , Est Remaining: 28.7
327 468.5 , Est Remaining: 27.2
328 469.9 , Est Remaining: 25.8
329 471.3 , Est Remaining: 24.4
330 472.7 , Est Remaining: 22.9
331 474.1 , Est Remaining: 21.5
332 475.6 , Est Remaining: 20.1
333 477.0 , Est Remaining: 18.6
